0
-1
-1
-1
222869864
-1
-1
-1
445739728
-1
-1
-1
668609592
-1
-1
-1
891479456
-1
-1
-1
1114349320
-1
-1
-1
1337219184
-1
-1
-1
1560089048
-1
-1
-1
1782958912
-1
-1
-1
2005828776
-1
-1
-1
2228698640
-1
-1
-1
2451568504
-1
-1
-1
2674438368
-1
-1
-1
2897308232
-1
-1
-1
3120178096
-1
-1
-1
3343047960
-1
-1
-1
3565917824
-1
-1
-1
3788787688
-1
-1
-1
4011657552
-1
-1
-1
87725372
-1
-1
-1
310595236
-1
-1
-1
533465100
-1
-1
-1
756334964
-1
-1
-1
979204828
-1
-1
-1
1202074692
-1
-1
-1
1424944556
-1
-1
-1
1647814420
-1
-1
-1
1870684284
-1
-1
-1
2093554148
-1
-1
-1
2316424012
-1
-1
-1
2539293876
-1
-1
-1
2762163740
-1
-1
-1
2985033604
-1
-1
-1
3207903468
-1
-1
-1
3430773332
-1
-1
-1
3653643196
-1
-1
-1
3876513060
-1
-1
-1
4099382924
-1
-1
-1
175450744
-1
-1
-1
398320608
-1
-1
-1
621190472
-1
-1
-1
844060336
-1
-1
-1
1066930200
-1
-1
-1
1289800064
-1
-1
-1
1512669928
-1
-1
-1
1735539792
-1
-1
-1
1958409656
-1
-1
-1
2181279520
-1
-1
-1
2404149384
-1
-1
-1
2627019248
-1
-1
-1
2849889112
-1
-1
-1
3072758976
-1
-1
-1
3295628840
-1
-1
-1
3518498704
-1
-1
-1
3741368568
-1
-1
-1
3964238432
-1
-1
-1
40306252
-1
-1
-1
263176116
-1
-1
-1
486045980
-1
-1
-1
708915844
-1
-1
-1
931785708
-1
-1
-1
1154655572
-1
-1
-1
1377525436
-1
-1
-1
1600395300
-1
-1
-1
1823265164
-1
-1
-1
2046135028
-1
-1
-1
2269004892
-1
-1
-1
2491874756
-1
-1
-1
2714744620
-1
-1
-1
2937614484
-1
-1
-1
3160484348
-1
-1
-1
3383354212
-1
-1
-1
3606224076
-1
-1
-1
3829093940
-1
-1
-1
4051963804
-1
-1
-1
128031624
-1
-1
-1
350901488
-1
-1
-1
573771352
-1
-1
-1
796641216
-1
-1
-1
1019511080
-1
-1
-1
1242380944
-1
-1
-1
1465250808
-1
-1
-1
1688120672
-1
-1
-1
1910990536
-1
-1
-1
2133860400
-1
-1
-1
2356730264
-1
-1
-1
2579600128
-1
-1
-1
2802469992
-1
-1
-1
3025339856
-1
-1
-1
3248209720
-1
-1
-1
3471079584
-1
-1
-1
3693949448
-1
-1
-1
3916819312
-1
-1
-1
4139689176
-1
-1
-1
215756996
-1
-1
-1
438626860
-1
-1
-1
661496724
-1
-1
-1
884366588
-1
-1
-1
1107236452
-1
-1
-1
1330106316
-1
-1
-1
1552976180
-1
-1
-1
1775846044
-1
-1
-1
1998715908
-1
-1
-1
2221585772
-1
-1
-1
2444455636
-1
-1
-1
2667325500
-1
-1
-1
2890195364
-1
-1
-1
3113065228
-1
-1
-1
3335935092
-1
-1
-1
3558804956
-1
-1
-1
3781674820
-1
-1
-1
4004544684
-1
-1
-1
80612504
-1
-1
-1
303482368
-1
-1
-1
526352232
-1
-1
-1
749222096
-1
-1
-1
972091960
-1
-1
-1
1194961824
-1
-1
-1
1417831688
-1
-1
-1
1640701552
-1
-1
-1
1863571416
-1
-1
-1
2086441280
-1
-1
-1
2309311144
-1
-1
-1
2532181008
-1
-1
-1
2755050872
-1
-1
-1
2977920736
-1
-1
-1
3200790600
-1
-1
-1
3423660464
-1
-1
-1
3646530328
-1
-1
-1
3869400192
-1
-1
-1
4092270056
-1
-1
-1
168337876
-1
-1
-1
391207740
-1
-1
-1
614077604
-1
-1
-1
836947468
-1
-1
-1
1059817332
-1
-1
-1
1282687196
-1
-1
-1
1505557060
-1
-1
-1
1728426924
-1
-1
-1
1951296788
-1
-1
-1
2174166652
-1
-1
-1
2397036516
-1
-1
-1
2619906380
-1
-1
-1
2842776244
-1
-1
-1
3065646108
-1
-1
-1
3288515972
-1
-1
-1
3511385836
-1
-1
-1
3734255700
-1
-1
-1
3957125564
-1
-1
-1
33193384
-1
-1
-1
256063248
-1
-1
-1
478933112
-1
-1
-1
701802976
-1
-1
-1
924672840
-1
-1
-1
1147542704
-1
-1
-1
1370412568
-1
-1
-1
1593282432
-1
-1
-1
1816152296
-1
-1
-1
2039022160
-1
-1
-1
2261892024
-1
-1
-1
2484761888
-1
-1
-1
2707631752
-1
-1
-1
2930501616
-1
-1
-1
3153371480
-1
-1
-1
3376241344
-1
-1
-1
3599111208
-1
-1
-1
3821981072
-1
-1
-1
4044850936
-1
-1
-1
120918756
-1
-1
-1
343788620
-1
-1
-1
566658484
-1
-1
-1
789528348
-1
-1
-1
1012398212
-1
-1
-1
1235268076
-1
-1
-1
1458137940
-1
-1
-1
1681007804
-1
-1
-1
1903877668
-1
-1
-1
2126747532
-1
-1
-1
2349617396
-1
-1
-1
2572487260
-1
-1
-1
2795357124
-1
-1
-1
3018226988
-1
-1
-1
3241096852
-1
-1
-1
3463966716
-1
-1
-1
3686836580
-1
-1
-1
3909706444
-1
-1
-1
4132576308
-1
-1
-1
208644128
-1
-1
-1
431513992
-1
-1
-1
654383856
-1
-1
-1
877253720
-1
-1
-1
1100123584
-1
-1
-1
1322993448
-1
-1
-1
1545863312
-1
-1
-1
1768733176
-1
-1
-1
1991603040
-1
-1
-1
2214472904
-1
-1
-1
2437342768
-1
-1
-1
2660212632
-1
-1
-1
2883082496
-1
-1
-1
3105952360
-1
-1
-1
3328822224
-1
-1
-1
3551692088
-1
-1
-1
3774561952
-1
-1
-1
3997431816
-1
-1
-1
73499636
-1
-1
-1
296369500
-1
-1
-1
519239364
-1
-1
-1
742109228
-1
-1
-1
964979092
-1
-1
-1
1187848956
-1
-1
-1
1410718820
-1
-1
-1
1633588684
-1
-1
-1
1856458548
-1
-1
-1
2079328412
-1
-1
-1
2302198276
-1
-1
-1
2525068140
-1
-1
-1
2747938004
-1
-1
-1
2970807868
-1
-1
-1
3193677732
-1
-1
-1
3416547596
-1
-1
-1
3639417460
-1
-1
-1
3862287324
-1
-1
-1
4085157188
-1
-1
-1
161225008
-1
-1
-1
384094872
-1
-1
-1
606964736
-1
-1
-1
829834600
-1
-1
-1
1052704464
-1
-1
-1
1275574328
-1
-1
-1
1498444192
-1
-1
-1
1721314056
-1
-1
-1
1944183920
-1
-1
-1
2167053784
-1
-1
-1
2389923648
-1
-1
-1
2612793512
-1
-1
-1
2835663376
-1
-1
-1
3058533240
-1
-1
-1
3281403104
-1
-1
-1
3504272968
-1
-1
-1
3727142832
-1
-1
-1
3950012696
-1
-1
-1
26080516
-1
-1
-1
248950380
-1
-1
-1
471820244
-1
-1
-1
694690108
-1
-1
-1
917559972
-1
-1
-1
1140429836
-1
-1
-1
1363299700
-1
-1
-1
1586169564
-1
-1
-1
1809039428
-1
-1
-1
2031909292
-1
-1
-1
2254779156
-1
-1
-1
2477649020
-1
-1
-1
2700518884
-1
-1
-1
2923388748
-1
-1
-1
3146258612
-1
-1
-1
3369128476
-1
-1
-1
3591998340
-1
-1
-1
3814868204
-1
-1
-1
4037738068
-1
-1
-1
113805888
-1
-1
-1
336675752
-1
-1
-1
559545616
-1
-1
-1
782415480
-1
-1
-1
1005285344
-1
-1
-1
1228155208
-1
-1
-1
1451025072
-1
-1
-1
1673894936
-1
-1
-1
1896764800
-1
-1
-1
2119634664
-1
-1
-1
2342504528
-1
-1
-1
2565374392
-1
-1
-1
2788244256
-1
-1
-1
3011114120
-1
-1
-1
3233983984
-1
-1
-1
3456853848
-1
-1
-1
3679723712
-1
-1
-1
3902593576
-1
-1
-1
4125463440
-1
-1
-1
201531260
-1
-1
-1
424401124
-1
-1
-1
647270988
-1
-1
-1
870140852
-1
-1
-1
1093010716
-1
-1
-1
1315880580
-1
-1
-1
1538750444
-1
-1
-1
1761620308
-1
-1
-1
1984490172
-1
-1
-1
2207360036
-1
-1
-1
2430229900
-1
-1
-1
2653099764
-1
-1
-1
2875969628
-1
-1
-1
3098839492
-1
-1
-1
3321709356
-1
-1
-1
3544579220
-1
-1
-1
3767449084
-1
-1
-1
3990318948
-1
-1
-1
66386768
-1
-1
-1
289256632
-1
-1
-1
512126496
-1
-1
-1
734996360
-1
-1
-1
957866224
-1
-1
-1
1180736088
-1
-1
-1
1403605952
-1
-1
-1
1626475816
-1
-1
-1
1849345680
-1
-1
-1
2072215544
-1
-1
-1
2295085408
-1
-1
-1
2517955272
-1
-1
-1
2740825136
-1
-1
-1
2963695000
-1
-1
-1
3186564864
-1
-1
-1
3409434728
-1
-1
-1
3632304592
-1
-1
-1
3855174456
-1
-1
-1
4078044320
-1
-1
-1
154112140
-1
-1
-1
376982004
-1
-1
-1
599851868
-1
-1
-1
822721732
-1
-1
-1
1045591596
-1
-1
-1
1268461460
-1
-1
-1
1491331324
-1
-1
-1
1714201188
-1
-1
-1
1937071052
-1
-1
-1
2159940916
-1
-1
-1
2382810780
-1
-1
-1
2605680644
-1
-1
-1
2828550508
-1
-1
-1
3051420372
-1
-1
-1
3274290236
-1
-1
-1
3497160100
-1
-1
-1
3720029964
-1
-1
-1
3942899828
-1
-1
-1
18967648
-1
-1
-1
241837512
-1
-1
-1
464707376
-1
-1
-1
687577240
-1
-1
-1
910447104
-1
-1
-1
1133316968
-1
-1
-1
1356186832
-1
-1
-1
1579056696
-1
-1
-1
1801926560
-1
-1
-1
2024796424
-1
-1
-1
2247666288
-1
-1
-1
2470536152
-1
-1
-1
2693406016
-1
-1
-1
2916275880
-1
-1
-1
3139145744
-1
-1
-1
3362015608
-1
-1
-1
3584885472
-1
-1
-1
3807755336
-1
-1
-1
4030625200
-1
-1
-1
106693020
-1
-1
-1
329562884
-1
-1
-1
552432748
-1
-1
-1
775302612
-1
-1
-1
998172476
-1
-1
-1
1221042340
-1
-1
-1
1443912204
-1
-1
-1
1666782068
-1
-1
-1
1889651932
-1
-1
-1
2112521796
-1
-1
-1
2335391660
-1
-1
-1
2558261524
-1
-1
-1
2781131388
-1
-1
-1
3004001252
-1
-1
-1
3226871116
-1
-1
-1
3449740980
-1
-1
-1
3672610844
-1
-1
-1
3895480708
-1
-1
-1
4118350572
-1
-1
-1
194418392
-1
-1
-1
417288256
-1
-1
-1
640158120
-1
-1
-1
863027984
-1
-1
-1
1085897848
-1
-1
-1
1308767712
-1
-1
-1
1531637576
-1
-1
-1
1754507440
-1
-1
-1
1977377304
-1
-1
-1
2200247168
-1
-1
-1
2423117032
-1
-1
-1
2645986896
-1
-1
-1
2868856760
-1
-1
-1
3091726624
-1
-1
-1
3314596488
-1
-1
-1
3537466352
-1
-1
-1
3760336216
-1
-1
-1
3983206080
-1
-1
-1
59273900
-1
-1
-1
282143764
-1
-1
-1
505013628
-1
-1
-1
727883492
-1
-1
-1
950753356
-1
-1
-1
1173623220
-1
-1
-1
1396493084
-1
-1
-1
1619362948
-1
-1
-1
1842232812
-1
-1
-1
2065102676
-1
-1
-1
2287972540
-1
-1
-1
2510842404
-1
-1
-1
2733712268
-1
-1
-1
2956582132
-1
-1
-1
3179451996
-1
-1
-1
3402321860
-1
-1
-1
3625191724
-1
-1
-1
3848061588
-1
-1
-1
4070931452
-1
-1
-1
146999272
-1
-1
-1
369869136
-1
-1
-1
592739000
-1
-1
-1
815608864
-1
-1
-1
1038478728
-1
-1
-1
1261348592
-1
-1
-1
1484218456
-1
-1
-1
1707088320
-1
-1
-1
1929958184
-1
-1
-1
2152828048
-1
-1
-1
2375697912
-1
-1
-1
2598567776
-1
-1
-1
2821437640
-1
-1
-1
3044307504
-1
-1
-1
3267177368
-1
-1
-1
3490047232
-1
-1
-1
3712917096
-1
-1
-1
3935786960
-1
-1
-1
11854780
-1
-1
-1
234724644
-1
-1
-1
457594508
-1
-1
-1
680464372
-1
-1
-1
903334236
-1
-1
-1
1126204100
-1
-1
-1
1349073964
-1
-1
-1
1571943828
-1
-1
-1
1794813692
-1
-1
-1
2017683556
-1
-1
-1
2240553420
-1
-1
-1
2463423284
-1
-1
-1
2686293148
-1
-1
-1
2909163012
-1
-1
-1
3132032876
-1
-1
-1
3354902740
-1
-1
-1
3577772604
-1
-1
-1
3800642468
-1
-1
-1
4023512332
-1
-1
-1
99580152
-1
-1
-1
322450016
-1
-1
-1
545319880
-1
-1
-1
768189744
-1
-1
-1
991059608
-1
-1
-1
1213929472
-1
-1
-1
1436799336
-1
-1
-1
1659669200
-1
-1
-1
1882539064
-1
-1
-1
2105408928
-1
-1
-1
2328278792
-1
-1
-1
2551148656
-1
-1
-1
2774018520
-1
-1
-1
2996888384
-1
-1
-1
3219758248
-1
-1
-1
3442628112
-1
-1
-1
3665497976
-1
-1
-1
3888367840
-1
-1
-1
4111237704
-1
-1
-1
187305524
-1
-1
-1
410175388
-1
-1
-1
633045252
-1
-1
-1
855915116
-1
-1
-1
1078784980
-1
-1
-1
1301654844
-1
-1
-1
1524524708
-1
-1
-1
1747394572
-1
-1
-1
1970264436
-1
-1
-1
2193134300
-1
-1
-1
2416004164
-1
-1
-1
2638874028
-1
-1
-1
2861743892
-1
-1
-1
3084613756
-1
-1
-1
3307483620
-1
-1
-1
3530353484
-1
-1
-1
3753223348
-1
-1
-1
3976093212
-1
-1
-1
52161032
-1
-1
-1
275030896
-1
-1
-1
497900760
-1
-1
-1
720770624
-1
-1
-1
943640488
-1
-1
-1
1166510352
-1
-1
-1
1389380216
-1
-1
-1
1612250080
-1
-1
-1
1835119944
-1
-1
-1
2057989808
-1
-1
-1
2280859672
-1
-1
-1
2503729536
-1
-1
-1
2726599400
-1
-1
-1
2949469264
-1
-1
-1
3172339128
-1
-1
-1
3395208992
-1
-1
-1
3618078856
-1
-1
-1
3840948720
-1
-1
-1
4063818584
-1
-1
-1
139886404
-1
-1
-1
362756268
-1
-1
-1
585626132
-1
-1
-1
808495996
-1
-1
-1
1031365860
-1
-1
-1
1254235724
-1
-1
-1
1477105588
-1
-1
-1
1699975452
-1
-1
-1
1922845316
-1
-1
-1
2145715180
-1
-1
-1
2368585044
-1
-1
-1
2591454908
-1
-1
-1
2814324772
-1
-1
-1
3037194636
-1
-1
-1
3260064500
-1
-1
-1
3482934364
-1
-1
-1
3705804228
-1
-1
-1
3928674092
-1
-1
-1
4741912
-1
-1
-1
227611776
-1
-1
-1
450481640
-1
-1
-1
673351504
-1
-1
-1
896221368
-1
-1
-1
1119091232
-1
-1
-1
1341961096
-1
-1
-1
1564830960
-1
-1
-1
1787700824
-1
-1
-1
2010570688
-1
-1
-1
2233440552
-1
-1
-1
2456310416
-1
-1
-1
2679180280
-1
-1
-1
2902050144
-1
-1
-1
3124920008
-1
-1
-1
3347789872
-1
-1
-1
3570659736
-1
-1
-1
3793529600
-1
-1
-1
4016399464
-1
-1
-1
92467284
-1
-1
-1
315337148
-1
-1
-1
538207012
-1
-1
-1
761076876
-1
-1
-1
983946740
-1
-1
-1
1206816604
-1
-1
-1
1429686468
-1
-1
-1
1652556332
-1
-1
-1
1875426196
-1
-1
-1
2098296060
-1
-1
-1
2321165924
-1
-1
-1
2544035788
-1
-1
-1
2766905652
-1
-1
-1
2989775516
-1
-1
-1
3212645380
-1
-1
-1
3435515244
-1
-1
-1
3658385108
-1
-1
-1
3881254972
-1
-1
-1
4104124836
-1
-1
-1
180192656
-1
-1
-1
403062520
-1
-1
-1
625932384
-1
-1
-1
848802248
-1
-1
-1
1071672112
-1
-1
-1
1294541976
-1
-1
-1
1517411840
-1
-1
-1
1740281704
-1
-1
-1
1963151568
-1
-1
-1
2186021432
-1
-1
-1
2408891296
-1
-1
-1
2631761160
-1
-1
-1
2854631024
-1
-1
-1
3077500888
-1
-1
-1
3300370752
-1
-1
-1
3523240616
-1
-1
-1
3746110480
-1
-1
-1
3968980344
-1
-1
-1
45048164
-1
-1
-1
267918028
-1
-1
-1
490787892
-1
-1
-1
713657756
-1
-1
-1
936527620
-1
-1
-1
1159397484
-1
-1
-1
1382267348
-1
-1
-1
1605137212
-1
-1
-1
1828007076
-1
-1
-1
2050876940
-1
-1
-1
2273746804
-1
-1
-1
2496616668
-1
-1
-1
2719486532
-1
-1
-1
2942356396
-1
-1
-1
3165226260
-1
-1
-1
3388096124
-1
-1
-1
3610965988
-1
-1
-1
3833835852
-1
-1
-1
4056705716
-1
-1
-1
132773536
-1
-1
-1
355643400
-1
-1
-1
578513264
-1
-1
-1
801383128
-1
-1
-1
1024252992
-1
-1
-1
1247122856
-1
-1
-1
1469992720
-1
-1
-1
1692862584
-1
-1
-1
1915732448
-1
-1
-1
2138602312
-1
-1
-1
2361472176
-1
-1
-1
2584342040
-1
-1
-1
2807211904
-1
-1
-1
3030081768
-1
-1
-1
3252951632
-1
-1
-1
3475821496
-1
-1
-1
3698691360
-1
-1
-1
3921561224
-1
-1
-1
4144431088
-1
-1
-1
220498908
-1
-1
-1
443368772
-1
-1
-1
666238636
-1
-1
-1
889108500
-1
-1
-1
1111978364
-1
-1
-1
1334848228
-1
-1
-1
1557718092
-1
-1
-1
1780587956
-1
-1
-1
2003457820
-1
-1
-1
2226327684
-1
-1
-1
2449197548
-1
-1
-1
2672067412
-1
-1
-1
2894937276
-1
-1
-1
3117807140
-1
-1
-1
3340677004
-1
-1
-1
3563546868
-1
-1
-1
3786416732
-1
-1
-1
4009286596
-1
-1
-1
85354416
-1
-1
-1
308224280
-1
-1
-1
531094144
-1
-1
-1
753964008
-1
-1
-1
976833872
-1
-1
-1
1199703736
-1
-1
-1
1422573600
-1
-1
-1
1645443464
-1
-1
-1
1868313328
-1
-1
-1
2091183192
-1
-1
-1
2314053056
-1
-1
-1
2536922920
-1
-1
-1
2759792784
-1
-1
-1
2982662648
-1
-1
-1
3205532512
-1
-1
-1
3428402376
-1
-1
-1
3651272240
-1
-1
-1
3874142104
-1
-1
-1
4097011968
-1
-1
-1
173079788
-1
-1
-1
395949652
-1
-1
-1
618819516
-1
-1
-1
841689380
-1
-1
-1
1064559244
-1
-1
-1
1287429108
-1
-1
-1
1510298972
-1
-1
-1
1733168836
-1
-1
-1
1956038700
-1
-1
-1
2178908564
-1
-1
-1
2401778428
-1
-1
-1
2624648292
-1
-1
-1
2847518156
-1
-1
-1
3070388020
-1
-1
-1
3293257884
-1
-1
-1
3516127748
-1
-1
-1
3738997612
-1
-1
-1
3961867476
-1
-1
-1
37935296
-1
-1
-1
260805160
-1
-1
-1
483675024
-1
-1
-1
706544888
-1
-1
-1
929414752
-1
-1
-1
1152284616
-1
-1
-1
1375154480
-1
-1
-1
1598024344
-1
-1
-1
1820894208
-1
-1
-1
2043764072
-1
-1
-1
2266633936
-1
-1
-1
2489503800
-1
-1
-1
2712373664
-1
-1
-1
2935243528
-1
-1
-1
3158113392
-1
-1
-1
3380983256
-1
-1
-1
3603853120
-1
-1
-1
3826722984
-1
-1
-1
4049592848
-1
-1
-1
125660668
-1
-1
-1
348530532
-1
-1
-1
571400396
-1
-1
-1
794270260
-1
-1
-1
1017140124
-1
-1
-1
1240009988
-1
-1
-1
1462879852
-1
-1
-1
1685749716
-1
-1
-1
1908619580
-1
-1
-1
2131489444
-1
-1
-1
2354359308
-1
-1
-1
2577229172
-1
-1
-1
2800099036
-1
-1
-1
3022968900
-1
-1
-1
3245838764
-1
-1
-1
3468708628
-1
-1
-1
3691578492
-1
-1
-1
3914448356
-1
-1
-1
4137318220
-1
-1
-1
213386040
-1
-1
-1
436255904
-1
-1
-1
659125768
-1
-1
-1
881995632
-1
-1
-1
1104865496
-1
-1
-1
1327735360
-1
-1
-1
1550605224
-1
-1
-1
1773475088
-1
-1
-1
1996344952
-1
-1
-1
2219214816
-1
-1
-1
2442084680
-1
-1
-1
2664954544
-1
-1
-1
2887824408
-1
-1
-1
3110694272
-1
-1
-1
3333564136
-1
-1
-1
3556434000
-1
-1
-1
3779303864
-1
-1
-1
4002173728
-1
-1
-1
78241548
-1
-1
-1
301111412
-1
-1
-1
523981276
-1
-1
-1
746851140
-1
-1
-1
969721004
-1
-1
-1
1192590868
-1
-1
-1
1415460732
-1
-1
-1
1638330596
-1
-1
-1
1861200460
-1
-1
-1
2084070324
-1
-1
-1
2306940188
-1
-1
-1
2529810052
-1
-1
-1
2752679916
-1
-1
-1
2975549780
-1
-1
-1
3198419644
-1
-1
-1
3421289508
-1
-1
-1
3644159372
-1
-1
-1
3867029236
-1
-1
-1
4089899100
-1
-1
-1
165966920
-1
-1
-1
388836784
-1
-1
-1
611706648
-1
-1
-1
834576512
-1
-1
-1
1057446376
-1
-1
-1
1280316240
-1
-1
-1
1503186104
-1
-1
-1
1726055968
-1
-1
-1
1948925832
-1
-1
-1
2171795696
-1
-1
-1
2394665560
-1
-1
-1
2617535424
-1
-1
-1
2840405288
-1
-1
-1
3063275152
-1
-1
-1
3286145016
-1
-1
-1
3509014880
-1
-1
-1
3731884744
-1
-1
-1
3954754608
-1
-1
-1
30822428
-1
-1
-1
253692292
-1
-1
-1
476562156
-1
-1
-1
699432020
-1
-1
-1
922301884
-1
-1
-1
1145171748
-1
-1
-1
1368041612
-1
-1
-1
1590911476
-1
-1
-1
1813781340
-1
-1
-1
2036651204
-1
-1
-1
2259521068
-1
-1
-1
2482390932
-1
-1
-1
2705260796
-1
-1
-1
2928130660
-1
-1
-1
3151000524
-1
-1
-1
3373870388
-1
-1
-1
3596740252
-1
-1
-1
3819610116
-1
-1
-1
4042479980
-1
-1
-1
118547800
-1
-1
-1
341417664
-1
-1
-1
564287528
-1
-1
-1
787157392
-1
-1
-1
1010027256
-1
-1
-1
1232897120
-1
-1
-1
1455766984
-1
-1
-1
1678636848
-1
-1
-1
1901506712
-1
-1
-1
2124376576
-1
-1
-1
2347246440
-1
-1
-1
2570116304
-1
-1
-1
2792986168
-1
-1
-1
3015856032
-1
-1
-1
3238725896
-1
-1
-1
3461595760
-1
-1
-1
3684465624
-1
-1
-1
3907335488
-1
-1
-1
4130205352
-1
-1
-1
206273172
-1
-1
-1
429143036
-1
-1
-1
652012900
-1
-1
-1
874882764
-1
-1
-1
1097752628
-1
-1
-1
1320622492
-1
-1
-1
1543492356
-1
-1
-1
1766362220
-1
-1
-1
1989232084
-1
-1
-1
2212101948
-1
-1
-1
2434971812
-1
-1
-1
2657841676
-1
-1
-1
2880711540
-1
-1
-1
3103581404
-1
-1
-1
3326451268
-1
-1
-1
3549321132
-1
-1
-1
3772190996
-1
-1
-1
3995060860
-1
-1
-1
71128680
-1
-1
-1
293998544
-1
-1
-1
516868408
-1
-1
-1
739738272
-1
-1
-1
962608136
-1
-1
-1
1185478000
-1
-1
-1
1408347864
-1
-1
-1
1631217728
-1
-1
-1
1854087592
-1
-1
-1
2076957456
-1
-1
-1
2299827320
-1
-1
-1
2522697184
-1
-1
-1
2745567048
-1
-1
-1
2968436912
-1
-1
-1
3191306776
-1
-1
-1
3414176640
-1
-1
-1
3637046504
-1
-1
-1
3859916368
-1
-1
-1
4082786232
-1
-1
-1
158854052
-1
-1
-1
381723916
-1
-1
-1
604593780
-1
-1
-1
827463644
-1
-1
-1
1050333508
-1
-1
-1
1273203372
-1
-1
-1
1496073236
-1
-1
-1
1718943100
-1
-1
-1
1941812964
-1
-1
-1
2164682828
-1
-1
-1
2387552692
-1
-1
-1
2610422556
-1
-1
-1
2833292420
-1
-1
-1
3056162284
-1
-1
-1
3279032148
-1
-1
-1
3501902012
-1
-1
-1
3724771876
-1
-1
-1
3947641740
-1
-1
-1
23709560
-1
-1
-1
246579424
-1
-1
-1
469449288
-1
-1
-1
692319152
-1
-1
-1
915189016
-1
-1
-1
1138058880
-1
-1
-1
1360928744
-1
-1
-1
1583798608
-1
-1
-1
1806668472
-1
-1
-1
2029538336
-1
-1
-1
2252408200
-1
-1
-1
2475278064
-1
-1
-1
2698147928
-1
-1
-1
2921017792
-1
-1
-1
3143887656
-1
-1
-1
3366757520
-1
-1
-1
3589627384
-1
-1
-1
3812497248
-1
-1
-1
4035367112
-1
-1
-1
111434932
-1
-1
-1
334304796
-1
-1
-1
557174660
-1
-1
-1
780044524
-1
-1
-1
1002914388
-1
-1
-1
1225784252
-1
-1
-1
1448654116
-1
-1
-1
1671523980
-1
-1
-1
1894393844
-1
-1
-1
2117263708
-1
-1
-1
2340133572
-1
-1
-1
2563003436
-1
-1
-1
2785873300
-1
-1
-1
3008743164
-1
-1
-1
3231613028
-1
-1
-1
3454482892
-1
-1
-1
3677352756
-1
-1
-1
3900222620
-1
-1
-1
4123092484
-1
-1
-1
199160304
-1
-1
-1
422030168
-1
-1
-1
644900032
-1
-1
-1
867769896
-1
-1
-1
1090639760
-1
-1
-1
1313509624
-1
-1
-1
1536379488
-1
-1
-1
1759249352
-1
-1
-1
1982119216
-1
-1
-1
2204989080
-1
-1
-1
2427858944
-1
-1
-1
2650728808
-1
-1
-1
2873598672
-1
-1
-1
3096468536
-1
-1
-1
3319338400
-1
-1
-1
3542208264
-1
-1
-1
3765078128
-1
-1
-1
3987947992
-1
-1
-1
64015812
-1
-1
-1
286885676
-1
-1
-1
509755540
-1
-1
-1
732625404
-1
-1
-1
955495268
-1
-1
-1
1178365132
-1
-1
-1
1401234996
-1
-1
-1
1624104860
-1
-1
-1
1846974724
-1
-1
-1
2069844588
-1
-1
-1
2292714452
-1
-1
-1
2515584316
-1
-1
-1
2738454180
-1
-1
-1
2961324044
-1
-1
-1
3184193908
-1
-1
-1
3407063772
-1
-1
-1
3629933636
-1
-1
-1
3852803500
-1
-1
-1
4075673364
-1
-1
-1
151741184
-1
-1
-1
374611048
-1
-1
-1
597480912
-1
-1
-1
820350776
-1
-1
-1
1043220640
-1
-1
-1
1266090504
-1
-1
-1
1488960368
-1
-1
-1
1711830232
-1
-1
-1
1934700096
-1
-1
-1
2157569960
-1
-1
-1
2380439824
-1
-1
-1
2603309688
-1
-1
-1
2826179552
-1
-1
-1
3049049416
-1
-1
-1
3271919280
-1
-1
-1
3494789144
-1
-1
-1
3717659008
-1
-1
-1
3940528872
-1
-1
-1
16596692
-1
-1
-1
239466556
-1
-1
-1
462336420
-1
-1
-1
685206284
-1
-1
-1
908076148
-1
-1
-1
1130946012
-1
-1
-1
1353815876
-1
-1
-1
1576685740
-1
-1
-1
1799555604
-1
-1
-1
2022425468
-1
-1
-1
2245295332
-1
-1
-1
2468165196
-1
-1
-1
2691035060
-1
-1
-1
2913904924
-1
-1
-1
3136774788
-1
-1
-1
3359644652
-1
-1
-1
3582514516
-1
-1
-1
3805384380
-1
-1
-1
4028254244
-1
-1
-1
104322064
-1
-1
-1
327191928
-1
-1
-1
550061792
-1
-1
-1
772931656
-1
-1
-1
995801520
-1
-1
-1
1218671384
-1
-1
-1
1441541248
-1
-1
-1
1664411112
-1
-1
-1
1887280976
-1
-1
-1
2110150840
-1
-1
-1
2333020704
-1
-1
-1
2555890568
-1
-1
-1
2778760432
-1
-1
-1
3001630296
-1
-1
-1
3224500160
-1
-1
-1
3447370024
-1
-1
-1
3670239888
-1
-1
-1
3893109752
-1
-1
-1
4115979616
-1
-1
-1
192047436
-1
-1
-1
414917300
-1
-1
-1
637787164
-1
-1
-1
860657028
-1
-1
-1
1083526892
-1
-1
-1
1306396756
-1
-1
-1
1529266620
-1
-1
-1
1752136484
-1
-1
-1
1975006348
-1
-1
-1
2197876212
-1
-1
-1
2420746076
-1
-1
-1
2643615940
-1
-1
-1
2866485804
-1
-1
-1
3089355668
-1
-1
-1
3312225532
-1
-1
-1
3535095396
-1
-1
-1
3757965260
-1
-1
-1
3980835124
-1
-1
-1
56902944
-1
-1
-1
279772808
-1
-1
-1
502642672
-1
-1
-1
725512536
-1
-1
-1
948382400
-1
-1
-1
1171252264
-1
-1
-1
1394122128
-1
-1
-1
1616991992
-1
-1
-1
1839861856
-1
-1
-1
2062731720
-1
-1
-1
2285601584
-1
-1
-1
2508471448
-1
-1
-1
2731341312
-1
-1
-1
2954211176
-1
-1
-1
3177081040
-1
-1
-1
3399950904
-1
-1
-1
3622820768
-1
-1
-1
3845690632
-1
-1
-1
4068560496
-1
-1
-1
144628316
-1
-1
-1
367498180
-1
-1
-1
590368044
-1
-1
-1
813237908
-1
-1
-1
1036107772
-1
-1
-1
1258977636
-1
-1
-1
1481847500
-1
-1
-1
1704717364
-1
-1
-1
1927587228
-1
-1
-1
2150457092
-1
-1
-1
2373326956
-1
-1
-1
2596196820
-1
-1
-1
2819066684
-1
-1
-1
3041936548
-1
-1
-1
3264806412
-1
-1
-1
3487676276
-1
-1
-1
3710546140
-1
-1
-1
3933416004
-1
-1
-1
9483824
-1
-1
-1
232353688
-1
-1
-1
455223552
-1
-1
-1
678093416
-1
-1
-1
900963280
-1
-1
-1
1123833144
-1
-1
-1
1346703008
-1
-1
-1
1569572872
-1
-1
-1
1792442736
-1
-1
-1
2015312600
-1
-1
-1
2238182464
-1
-1
-1
2461052328
-1
-1
-1
2683922192
-1
-1
-1
2906792056
-1
-1
-1
3129661920
-1
-1
-1
3352531784
-1
-1
-1
3575401648
-1
-1
-1
3798271512
-1
-1
-1
4021141376
-1
-1
-1
97209196
-1
-1
-1
320079060
-1
-1
-1
542948924
-1
-1
-1
765818788
-1
-1
-1
988688652
-1
-1
-1
1211558516
-1
-1
-1
1434428380
-1
-1
-1
1657298244
-1
-1
-1
1880168108
-1
-1
-1
2103037972
-1
-1
-1
2325907836
-1
-1
-1
2548777700
-1
-1
-1
2771647564
-1
-1
-1
2994517428
-1
-1
-1
3217387292
-1
-1
-1
3440257156
-1
-1
-1
3663127020
-1
-1
-1
3885996884
-1
-1
-1
4108866748
-1
-1
-1
184934568
-1
-1
-1
407804432
-1
-1
-1
630674296
-1
-1
-1
853544160
-1
-1
-1
1076414024
-1
-1
-1
1299283888
-1
-1
-1
1522153752
-1
-1
-1
1745023616
-1
-1
-1
1967893480
-1
-1
-1
2190763344
-1
-1
-1
2413633208
-1
-1
-1
2636503072
-1
-1
-1
2859372936
-1
-1
-1
3082242800
-1
-1
-1
3305112664
-1
-1
-1
3527982528
-1
-1
-1
3750852392
-1
-1
-1
3973722256
-1
-1
-1
49790076
-1
-1
-1
272659940
-1
-1
-1
495529804
-1
-1
-1
718399668
-1
-1
-1
941269532
-1
-1
-1
1164139396
-1
-1
-1
1387009260
-1
-1
-1
1609879124
-1
-1
-1
1832748988
-1
-1
-1
2055618852
-1
-1
-1
2278488716
-1
-1
-1
2501358580
-1
-1
-1
2724228444
-1
-1
-1
2947098308
-1
-1
-1
3169968172
-1
-1
-1
3392838036
-1
-1
-1
3615707900
-1
-1
-1
3838577764
-1
-1
-1
4061447628
-1
-1
-1
137515448
-1
-1
-1
360385312
-1
-1
-1
583255176
-1
-1
-1
806125040
-1
-1
-1
1028994904
-1
-1
-1
1251864768
-1
-1
-1
1474734632
-1
-1
-1
1697604496
-1
-1
-1
1920474360
-1
-1
-1
2143344224
-1
-1
-1
2366214088
-1
-1
-1
2589083952
-1
-1
-1
2811953816
-1
-1
-1
3034823680
-1
-1
-1
3257693544
-1
-1
-1
3480563408
-1
-1
-1
3703433272
-1
-1
-1
3926303136
-1
-1
-1
2370956
-1
-1
-1
225240820
-1
-1
-1
448110684
-1
-1
-1
670980548
-1
-1
-1
893850412
-1
-1
-1
1116720276
-1
-1
-1
1339590140
-1
-1
-1
1562460004
-1
-1
-1
1785329868
-1
-1
-1
2008199732
-1
-1
-1
2231069596
-1
-1
-1
2453939460
-1
-1
-1
2676809324
-1
-1
-1
2899679188
-1
-1
-1
3122549052
-1
-1
-1
3345418916
-1
-1
-1
3568288780
-1
-1
-1
3791158644
-1
-1
-1
4014028508
-1
-1
-1
90096328
-1
-1
-1
312966192
-1
-1
-1
535836056
-1
-1
-1
758705920
-1
-1
-1
981575784
-1
-1
-1
1204445648
-1
-1
-1
1427315512
-1
-1
-1
1650185376
-1
-1
-1
1873055240
-1
-1
-1
2095925104
-1
-1
-1
2318794968
-1
-1
-1
2541664832
-1
-1
-1
2764534696
-1
-1
-1
2987404560
-1
-1
-1
3210274424
-1
-1
-1
3433144288
-1
-1
-1
3656014152
-1
-1
-1
3878884016
-1
-1
-1
4101753880
-1
-1
-1
177821700
-1
-1
-1
400691564
-1
-1
-1
623561428
-1
-1
-1
846431292
-1
-1
-1
1069301156
-1
-1
-1
1292171020
-1
-1
-1
1515040884
-1
-1
-1
1737910748
-1
-1
-1
1960780612
-1
-1
-1
2183650476
-1
-1
-1
2406520340
-1
-1
-1
2629390204
-1
-1
-1
2852260068
-1
-1
-1
3075129932
-1
-1
-1
3297999796
-1
-1
-1
3520869660
-1
-1
-1
3743739524
-1
-1
-1
3966609388
-1
-1
-1
42677208
-1
-1
-1
265547072
-1
-1
-1
488416936
-1
-1
-1
711286800
-1
-1
-1
934156664
-1
-1
-1
1157026528
-1
-1
-1
1379896392
-1
-1
-1
1602766256
-1
-1
-1
1825636120
-1
-1
-1
2048505984
-1
-1
-1
2271375848
-1
-1
-1
2494245712
-1
-1
-1
2717115576
-1
-1
-1
2939985440
-1
-1
-1
3162855304
-1
-1
-1
3385725168
-1
-1
-1
3608595032
-1
-1
-1
3831464896
-1
-1
-1
4054334760
-1
-1
-1
130402580
-1
-1
-1
353272444
-1
-1
-1
576142308
-1
-1
-1
799012172
-1
-1
-1
1021882036
-1
-1
-1
1244751900
-1
-1
-1
1467621764
-1
-1
-1
1690491628
-1
-1
-1
1913361492
-1
-1
-1
2136231356
-1
-1
-1
2359101220
-1
-1
-1
2581971084
-1
-1
-1
2804840948
-1
-1
-1
3027710812
-1
-1
-1
3250580676
-1
-1
-1
3473450540
-1
-1
-1
3696320404
-1
-1
-1
3919190268
-1
-1
-1
4142060132
-1
-1
-1
218127952
-1
-1
-1
440997816
-1
-1
-1
663867680
-1
-1
-1
886737544
-1
-1
-1
1109607408
-1
-1
-1
1332477272
-1
-1
-1
1555347136
-1
-1
-1
1778217000
-1
-1
-1
2001086864
-1
-1
-1
2223956728
-1
-1
-1
2446826592
-1
-1
-1
2669696456
-1
-1
-1
2892566320
-1
-1
-1
3115436184
-1
-1
-1
3338306048
-1
-1
-1
3561175912
-1
-1
-1
3784045776
-1
-1
-1
4006915640
-1
-1
-1
82983460
-1
-1
-1
305853324
-1
-1
-1
528723188
-1
-1
-1
751593052
-1
-1
-1
974462916
-1
-1
-1
1197332780
-1
-1
-1
1420202644
-1
-1
-1
1643072508
-1
-1
-1
1865942372
-1
-1
-1
2088812236
-1
-1
-1
2311682100
-1
-1
-1
2534551964
-1
-1
-1
2757421828
-1
-1
-1
2980291692
-1
-1
-1
3203161556
-1
-1
-1
3426031420
-1
-1
-1
3648901284
-1
-1
-1
3871771148
-1
-1
-1
4094641012
-1
-1
-1
170708832
-1
-1
-1
393578696
-1
-1
-1
616448560
-1
-1
-1
839318424
-1
-1
-1
1062188288
-1
-1
-1
1285058152
-1
-1
-1
1507928016
-1
-1
-1
1730797880
-1
-1
-1
1953667744
-1
-1
-1
2176537608
-1
-1
-1
2399407472
-1
-1
-1
2622277336
-1
-1
-1
2845147200
-1
-1
-1
3068017064
-1
-1
-1
3290886928
-1
-1
-1
3513756792
-1
-1
-1
3736626656
-1
-1
-1
3959496520
-1
-1
-1
35564340
-1
-1
-1
258434204
-1
-1
-1
481304068
-1
-1
-1
704173932
-1
-1
-1
927043796
-1
-1
-1
1149913660
-1
-1
-1
1372783524
-1
-1
-1
1595653388
-1
-1
-1
1818523252
-1
-1
-1
2041393116
-1
-1
-1
2264262980
-1
-1
-1
2487132844
-1
-1
-1
2710002708
-1
-1
-1
2932872572
-1
-1
-1
3155742436
-1
-1
-1
3378612300
-1
-1
-1
3601482164
-1
-1
-1
3824352028
-1
-1
-1
4047221892
-1
-1
-1
123289712
-1
-1
-1
346159576
-1
-1
-1
569029440
-1
-1
-1
791899304
-1
-1
-1
1014769168
-1
-1
-1
1237639032
-1
-1
-1
1460508896
-1
-1
-1
1683378760
-1
-1
-1
1906248624
-1
-1
-1
2129118488
-1
-1
-1
2351988352
-1
-1
-1
2574858216
-1
-1
-1
2797728080
-1
-1
-1
3020597944
-1
-1
-1
3243467808
-1
-1
-1
3466337672
-1
-1
-1
3689207536
-1
-1
-1
3912077400
-1
-1
-1
4134947264
-1
-1
-1
211015084
-1
-1
-1
433884948
-1
-1
-1
656754812
-1
-1
-1
879624676
-1
-1
-1
1102494540
-1
-1
-1
1325364404
-1
-1
-1
1548234268
-1
-1
-1
1771104132
-1
-1
-1
1993973996
-1
-1
-1
2216843860
-1
-1
-1
2439713724
-1
-1
-1
2662583588
-1
-1
-1
2885453452
-1
-1
-1
3108323316
-1
-1
-1
3331193180
-1
-1
-1
3554063044
-1
-1
-1
3776932908
-1
-1
-1
3999802772
-1
-1
-1
75870592
-1
-1
-1
298740456
-1
-1
-1
521610320
-1
-1
-1
744480184
-1
-1
-1
967350048
-1
-1
-1
1190219912
-1
-1
-1
1413089776
-1
-1
-1
1635959640
-1
-1
-1
1858829504
-1
-1
-1
2081699368
-1
-1
-1
2304569232
-1
-1
-1
2527439096
-1
-1
-1
2750308960
-1
-1
-1
2973178824
-1
-1
-1
3196048688
-1
-1
-1
3418918552
-1
-1
-1
3641788416
-1
-1
-1
3864658280
-1
-1
-1
4087528144
-1
-1
-1
163595964
-1
-1
-1
386465828
-1
-1
-1
609335692
-1
-1
-1
832205556
-1
-1
-1
1055075420
-1
-1
-1
1277945284
-1
-1
-1
1500815148
-1
-1
-1
1723685012
-1
-1
-1
1946554876
-1
-1
-1
2169424740
-1
-1
-1
2392294604
-1
-1
-1
2615164468
-1
-1
-1
2838034332
-1
-1
-1
3060904196
-1
-1
-1
3283774060
-1
-1
-1
3506643924
-1
-1
-1
3729513788
-1
-1
-1
3952383652
-1
-1
-1
28451472
-1
-1
-1
251321336
-1
-1
-1
474191200
-1
-1
-1
697061064
-1
-1
-1
919930928
-1
-1
-1
1142800792
-1
-1
-1
1365670656
-1
-1
-1
1588540520
-1
-1
-1
1811410384
-1
-1
-1
2034280248
-1
-1
-1
2257150112
-1
-1
-1
2480019976
-1
-1
-1
2702889840
-1
-1
-1
2925759704
-1
-1
-1
3148629568
-1
-1
-1
3371499432
-1
-1
-1
3594369296
-1
-1
-1
3817239160
-1
-1
-1
4040109024
-1
-1
-1
116176844
-1
-1
-1
339046708
-1
-1
-1
561916572
-1
-1
-1
784786436
-1
-1
-1
1007656300
-1
-1
-1
1230526164
-1
-1
-1
1453396028
-1
-1
-1
1676265892
-1
-1
-1
1899135756
-1
-1
-1
2122005620
-1
-1
-1
2344875484
-1
-1
-1
2567745348
-1
-1
-1
2790615212
-1
-1
-1
3013485076
-1
-1
-1
3236354940
-1
-1
-1
3459224804
-1
-1
-1
3682094668
-1
-1
-1
3904964532
-1
-1
-1
4127834396
-1
-1
-1
203902216
-1
-1
-1
426772080
-1
-1
-1
649641944
-1
-1
-1
872511808
-1
-1
-1
1095381672
-1
-1
-1
1318251536
-1
-1
-1
1541121400
-1
-1
-1
1763991264
-1
-1
-1
1986861128
-1
-1
-1
2209730992
-1
-1
-1
2432600856
-1
-1
-1
2655470720
-1
-1
-1
2878340584
-1
-1
-1
3101210448
-1
-1
-1
3324080312
-1
-1
-1
3546950176
-1
-1
-1
3769820040
-1
-1
-1
3992689904
-1
-1
-1
68757724
-1
-1
-1
291627588
-1
-1
-1
514497452
-1
-1
-1
737367316
-1
-1
-1
960237180
-1
-1
-1
1183107044
-1
-1
-1
1405976908
-1
-1
-1
1628846772
-1
-1
-1
1851716636
-1
-1
-1
2074586500
-1
-1
-1
2297456364
-1
-1
-1
2520326228
-1
-1
-1
2743196092
-1
-1
-1
2966065956
-1
-1
-1
3188935820
-1
-1
-1
3411805684
-1
-1
-1
3634675548
-1
-1
-1
3857545412
-1
-1
-1
4080415276
-1
-1
-1
156483096
-1
-1
-1
379352960
-1
-1
-1
602222824
-1
-1
-1
825092688
-1
-1
-1
1047962552
-1
-1
-1
1270832416
-1
-1
-1
1493702280
-1
-1
-1
1716572144
-1
-1
-1
1939442008
-1
-1
-1
2162311872
-1
-1
-1
2385181736
-1
-1
-1
2608051600
-1
-1
-1
2830921464
-1
-1
-1
3053791328
-1
-1
-1
3276661192
-1
-1
-1
3499531056
-1
-1
-1
3722400920
-1
-1
-1
3945270784
-1
-1
-1
21338604
-1
-1
-1
244208468
-1
-1
-1
467078332
-1
-1
-1
689948196
-1
-1
-1
912818060
-1
-1
-1
1135687924
-1
-1
-1
1358557788
-1
-1
-1
1581427652
-1
-1
-1
1804297516
-1
-1
-1
2027167380
-1
-1
-1
2250037244
-1
-1
-1
2472907108
-1
-1
-1
2695776972
-1
-1
-1
2918646836
-1
-1
-1
3141516700
-1
-1
-1
3364386564
-1
-1
-1
3587256428
-1
-1
-1
3810126292
-1
-1
-1
4032996156
-1
-1
-1
109063976
-1
-1
-1
331933840
-1
-1
-1
554803704
-1
-1
-1
777673568
-1
-1
-1
1000543432
-1
-1
-1
1223413296
-1
-1
-1
1446283160
-1
-1
-1
1669153024
-1
-1
-1
1892022888
-1
-1
-1
2114892752
-1
-1
-1
2337762616
-1
-1
-1
2560632480
-1
-1
-1
2783502344
-1
-1
-1
3006372208
-1
-1
-1
3229242072
-1
-1
-1
3452111936
-1
-1
-1
3674981800
-1
-1
-1
3897851664
-1
-1
-1
4120721528
-1
-1
-1
196789348
-1
-1
-1
419659212
-1
-1
-1
642529076
-1
-1
-1
865398940
-1
-1
-1
1088268804
-1
-1
-1
1311138668
-1
-1
-1
1534008532
-1
-1
-1
1756878396
-1
-1
-1
1979748260
-1
-1
-1
2202618124
-1
-1
-1
2425487988
-1
-1
-1
2648357852
-1
-1
-1
2871227716
-1
-1
-1
3094097580
-1
-1
-1
3316967444
-1
-1
-1
3539837308
-1
-1
-1
3762707172
-1
-1
-1
3985577036
-1
-1
-1
61644856
-1
-1
-1
284514720
-1
-1
-1
507384584
-1
-1
-1
730254448
-1
-1
-1
953124312
-1
-1
-1
1175994176
-1
-1
-1
1398864040
-1
-1
-1
1621733904
-1
-1
-1
1844603768
-1
-1
-1
2067473632
-1
-1
-1
2290343496
-1
-1
-1
2513213360
-1
-1
-1
2736083224
-1
-1
-1
2958953088
-1
-1
-1
3181822952
-1
-1
-1
3404692816
-1
-1
-1
3627562680
-1
-1
-1
3850432544
-1
-1
-1
4073302408
-1
-1
-1
149370228
-1
-1
-1
372240092
-1
-1
-1
595109956
-1
-1
-1
817979820
-1
-1
-1
1040849684
-1
-1
-1
1263719548
-1
-1
-1
1486589412
-1
-1
-1
1709459276
-1
-1
-1
1932329140
-1
-1
-1
2155199004
-1
-1
-1
2378068868
-1
-1
-1
2600938732
-1
-1
-1
2823808596
-1
-1
-1
3046678460
-1
-1
-1
3269548324
-1
-1
-1
3492418188
-1
-1
-1
3715288052
-1
-1
-1
3938157916
-1
-1
-1
14225736
-1
-1
-1
237095600
-1
-1
-1
459965464
-1
-1
-1
682835328
-1
-1
-1
905705192
-1
-1
-1
1128575056
-1
-1
-1
1351444920
-1
-1
-1
1574314784
-1
-1
-1
1797184648
-1
-1
-1
2020054512
-1
-1
-1
2242924376
-1
-1
-1
2465794240
-1
-1
-1
2688664104
-1
-1
-1
2911533968
-1
-1
-1
3134403832
-1
-1
-1
3357273696
-1
-1
-1
3580143560
-1
-1
-1
3803013424
-1
-1
-1
4025883288
-1
-1
-1
101951108
-1
-1
-1
324820972
-1
-1
-1
547690836
-1
-1
-1
770560700
-1
-1
-1
993430564
-1
-1
-1
1216300428
-1
-1
-1
1439170292
-1
-1
-1
1662040156
-1
-1
-1
1884910020
-1
-1
-1
2107779884
-1
-1
-1
2330649748
-1
-1
-1
2553519612
-1
-1
-1
2776389476
-1
-1
-1
2999259340
-1
-1
-1
3222129204
-1
-1
-1
3444999068
-1
-1
-1
3667868932
-1
-1
-1
3890738796
-1
-1
-1
4113608660
-1
-1
-1
189676480
-1
-1
-1
412546344
-1
-1
-1
635416208
-1
-1
-1
858286072
-1
-1
-1
1081155936
-1
-1
-1
1304025800
-1
-1
-1
1526895664
-1
-1
-1
1749765528
-1
-1
-1
1972635392
-1
-1
-1
2195505256
-1
-1
-1
2418375120
-1
-1
-1
2641244984
-1
-1
-1
2864114848
-1
-1
-1
3086984712
-1
-1
-1
3309854576
-1
-1
-1
3532724440
-1
-1
-1
3755594304
-1
-1
-1
3978464168
-1
-1
-1
54531988
-1
-1
-1
277401852
-1
-1
-1
500271716
-1
-1
-1
723141580
-1
-1
-1
946011444
-1
-1
-1
1168881308
-1
-1
-1
1391751172
-1
-1
-1
1614621036
-1
-1
-1
1837490900
-1
-1
-1
2060360764
-1
-1
-1
2283230628
-1
-1
-1
2506100492
-1
-1
-1
2728970356
-1
-1
-1
2951840220
-1
-1
-1
3174710084
-1
-1
-1
3397579948
-1
-1
-1
3620449812
-1
-1
-1
3843319676
-1
-1
-1
4066189540
-1
-1
-1
142257360
-1
-1
-1
365127224
-1
-1
-1
587997088
-1
-1
-1
810866952
-1
-1
-1
1033736816
-1
-1
-1
1256606680
-1
-1
-1
1479476544
-1
-1
-1
1702346408
-1
-1
-1
1925216272
-1
-1
-1
2148086136
-1
-1
-1
2370956000
-1
-1
-1
2593825864
-1
-1
-1
2816695728
-1
-1
-1
3039565592
-1
-1
-1
3262435456
-1
-1
-1
3485305320
-1
-1
-1
3708175184
-1
-1
-1
3931045048
-1
-1
-1
7112868
-1
-1
-1
229982732
-1
-1
-1
452852596
-1
-1
-1
675722460
-1
-1
-1
898592324
-1
-1
-1
1121462188
-1
-1
-1
1344332052
-1
-1
-1
1567201916
-1
-1
-1
1790071780
-1
-1
-1
2012941644
-1
-1
-1
2235811508
-1
-1
-1
2458681372
-1
-1
-1
2681551236
-1
-1
-1
2904421100
-1
-1
-1
3127290964
-1
-1
-1
3350160828
-1
-1
-1
3573030692
-1
-1
-1
3795900556
-1
-1
-1
4018770420
-1
-1
-1
94838240
-1
-1
-1
317708104
-1
-1
-1
540577968
-1
-1
-1
763447832
-1
-1
-1
986317696
-1
-1
-1
1209187560
-1
-1
-1
1432057424
-1
-1
-1
1654927288
-1
-1
-1
1877797152
-1
-1
-1
2100667016
-1
-1
-1
2323536880
-1
-1
-1
2546406744
-1
-1
-1
2769276608
-1
-1
-1
2992146472
-1
-1
-1
3215016336
-1
-1
-1
3437886200
-1
-1
-1
3660756064
-1
-1
-1
3883625928
-1
-1
-1
4106495792
-1
-1
-1
182563612
-1
-1
-1
405433476
-1
-1
-1
628303340
-1
-1
-1
851173204
-1
-1
-1
1074043068
-1
-1
-1
1296912932
-1
-1
-1
1519782796
-1
-1
-1
1742652660
-1
-1
-1
1965522524
-1
-1
-1
2188392388
-1
-1
-1
2411262252
-1
-1
-1
2634132116
-1
-1
-1
2857001980
-1
-1
-1
3079871844
-1
-1
-1
3302741708
-1
-1
-1
3525611572
-1
-1
-1
3748481436
-1
-1
-1
3971351300
-1
-1
-1
47419120
-1
-1
-1
270288984
-1
-1
-1
493158848
-1
-1
-1
716028712
-1
-1
-1
938898576
-1
-1
-1
1161768440
-1
-1
-1
1384638304
-1
-1
-1
1607508168
-1
-1
-1
1830378032
-1
-1
-1
2053247896
-1
-1
-1
2276117760
-1
-1
-1
2498987624
-1
-1
-1
2721857488
-1
-1
-1
2944727352
-1
-1
-1
3167597216
-1
-1
-1
3390467080
-1
-1
-1
3613336944
-1
-1
-1
3836206808
-1
-1
-1
4059076672
-1
-1
-1
135144492
-1
-1
-1
358014356
-1
-1
-1
580884220
-1
-1
-1
803754084
-1
-1
-1
1026623948
-1
-1
-1
1249493812
-1
-1
-1
1472363676
-1
-1
-1
1695233540
-1
-1
-1
1918103404
-1
-1
-1
2140973268
-1
-1
-1
2363843132
-1
-1
-1
2586712996
-1
-1
-1
2809582860
-1
-1
-1
3032452724
-1
-1
-1
3255322588
-1
-1
-1
3478192452
-1
-1
-1
3701062316
-1
-1
-1
3923932180
-1
-1
-1
