0
59646455895
59646091431
59646058195
59647226424
59647223271
59645340687
59645437782
59646367203
59646988408
59646338228
59647269271
59646901805
59646551192
59646843318
59646706016
59645049073
59644479124
59647122555
59646192626
59646880562
59645807904
59646401403
59646575639
59646882879
59647021535
59646301139
59647893142
59645760487
59646270039
59645102218
59646106950
59646758028
59647216546
59645666973
59647053457
59645661793
59646021403
59646162497
59647501478
59645046314
59646454828
59646461958
59645278264
59647229693
59647927898
59647869265
59646437643
59646407411
59646800771
59645749142
59645737327
59645586053
59647810809
59646349894
59646747260
59646290322
59645915549
59645632053
59645281440
59646395894
59646710896
59646232805
59646935518
59645226598
59646107449
59646254839
59646932049
59647300001
59646842819
59646420341
59646285671
59646257252
59646377626
59647646322
59647136879
59647010968
59645373019
59646823437
59646921360
59645935494
59646398250
59646502166
59647156456
59645843897
59645493284
59645680808
59645330195
59644965731
59647764306
59646025738
59646313474
59646604759
59645376195
59647651137
59647371209
59646642677
59643497480
59647385455
59646815506
59645080142
59647026804
59647468686
59647185634
59647191837
59646589588
59646147338
59645977119
59645984249
59646335166
59646638095
59646068146
59646929781
59645350563
59646030249
59645194922
59645482658
59646360601
59648077692
59646175335
59647640190
59646686039
59645170239
59646051090
59646691240
59645535352
59646699514
59646864261
59647014790
59646396919
59646894292
59643592235
59647751519
59647024659
59643325497
59646442919
59646684714
59646279830
59647077255
59646822259
59646918739
59646071874
59645529785
59646698014
59647141111
59646534925
59644909372
59644339423
59647183349
59645289677
59646740861
59646373395
59647103528
59646314908
59646743178
59646757234
59643950714
59646594145
59646815620
59645630107
59645279494
59646397842
59648097599
59646491674
59646836986
59646913756
59647717879
59646871014
59645741629
59647054487
59645578540
59646229618
59646688136
59645138563
59646525047
59646753925
59645624540
59646792769
59647063258
59644517904
59645926418
59645933548
59645763329
59647432188
59647614760
59646468150
59646117537
59646965217
59645809329
59646213728
59644045469
59645086502
59647282399
59646713453
59646318361
59645761912
59646141984
59645103643
59647234230
59645867484
59646182486
59645704395
59646423680
59644698188
59646480473
59645910524
59643639260
59645233318
59646314409
59645891931
59646772669
59645728842
59647067823
59644612659
59646021173
59646614672
59644844609
59646451583
59646392950
59647124374
59647689573
59645973756
59647054624
59645315487
59646671819
59645152398
59647595371
59646325525
59644914519
59645856667
59645785064
59645198398
59644847785
59647020382
59646277241
59646114267
59646751176
59647407934
59646287096
59647168727
59646498394
59645928445
59646409164
59646663427
59646061178
59646826494
59646441705
59647112506
59646703224
59646709427
59645539736
59646546338
59645494709
59645501839
59645331620
59644954248
59645132435
59646781913
59646320718
59647475956
59646157629
59644641829
59647330651
59646884958
59646498940
59646171104
59646335851
59646486380
59646770270
59646209022
59643063825
59647502689
59646381851
59642797087
59645914509
59647508567
59645751420
59647345478
59647078224
59646390329
59645543464
59646202304
59646340960
59646724819
59645634491
59646818028
59643811013
59646654939
59644761267
59645049003
59647621796
59646575118
59647573968
59646700939
59646697285
59646051013
59646939797
59646287210
59645101697
59647186020
59645228282
59646581135
59645963264
59646308576
59646385346
59647317864
59646591004
59642891842
59646009264
59646251059
59645846175
59647482490
59646388604
59648052401
59646225515
59645096130
59646264359
59646534848
59646101270
59646042637
59643905768
59646749694
59647879640
59646580848
59645939740
59646669873
59646436807
59645280919
59646949778
59643517059
59646042785
59647044247
59646622456
59645789951
59645964187
59647663944
59647560295
59646403331
59646231043
59646494312
59646686928
59647444566
59647394758
59646763520
59645382114
59643110850
59644704908
59647090861
59646419449
59646543270
59646721457
59646629603
59644084249
59645492763
59647312127
59645329674
59647924295
59647256091
59647063592
59647093002
59646604238
59645375674
59647935559
59646143409
59644652847
59647066961
59646279798
59644386109
59645328257
59646969418
59644669988
59646800575
59646325798
59645748831
59646781683
59646225234
59646322329
59647637047
59645476869
59643205605
59645400035
59645880754
59646200358
59646392974
59645765754
59645933620
59646762757
59646174814
59646181017
59646355253
59646017928
59645959295
59646630096
59647581234
59646698993
59644604025
59646253503
59646238164
59646947546
59643852529
59646991497
59643689440
59646356548
59646996803
59646276009
59646546340
59646960164
59648160518
59645680612
59646319989
59646974279
59645853441
59647000691
59646611964
59645494790
59647267893
59646555928
59646888612
59646392839
59646028375
59646678851
59646380012
59647369813
59645106081
59646783338
59645061054
59646724851
59644897965
59644520593
59644698780
59647561483
59647045558
59646172529
59646081520
59647581519
59647119129
59646451303
59646274447
59646971136
59644699872
59646052725
59646336615
59647464430
59647762898
59647176760
59646062594
59642363432
59645480854
59646636092
59645317765
59646995182
59646644569
59646832093
59646481480
59645768649
59646384961
59646214742
59646247383
59646384373
59643377358
59646221284
59647351230
59646052438
59646489981
59646141463
59646709518
59646267284
59646263630
59646972890
59645964689
59646515837
59647875209
59646752365
59644794627
59647135534
59647031885
59645874921
59646868796
59647219713
59647174404
59646872462
59646633752
59646235110
59646914796
59646937154
59647326620
59647245148
59648078511
59646264282
59646193047
59646101193
59646054786
59646935637
59645441551
59647911897
59645278462
59646147193
59646584736
59646564592
59646505959
59644476782
59646641184
59647067645
59645609130
59646610592
59647442463
59646196027
59647223159
59647733536
59646804248
59644501229
59645797388
59646060657
59646253273
59646158383
59645793919
59646329865
59644948459
59642677195
59646650076
59646204383
59646486987
59646109615
59645237344
59647641781
59647042207
59645685307
59646879118
59644934823
59645815674
59647409732
59647751857
59647208614
59646170583
59645760832
59647501904
59645709754
59646626176
59643324119
59646463087
59643161030
59646819905
59647167723
59646899003
59647066128
59646509087
59643207030
59647345648
59645791579
59645888674
59646818095
59647836405
59646789120
59644966380
59647692449
59646027518
59647022644
59645332099
59645499965
59644930016
59645851602
59647180231
59647293269
59645910429
59647377144
59646196441
59647333771
59646638136
59644170370
59646841429
59647338217
59646513891
59643418874
59646557842
59643255785
59645922893
59646117865
59646511353
59646112685
59647308849
59646613389
59646936020
59645497206
59646557353
59645628948
59645729156
59646016892
59646107682
59647832997
59646466772
59647008128
59646303683
59646200034
59647476810
59646036945
59646569817
59647210072
59646349683
59645999070
59646366441
59646082945
59645732332
59647326390
59646452728
59646090251
59645738874
59645735220
59647050871
59646705731
59647382941
59646732761
59646537481
59644266217
59644997902
59646708144
59647583082
59647392799
59644873657
59646645994
59645823911
59646105342
59646202437
59646386386
59646849142
59647102883
59647416068
59646294789
59645944176
59646131700
59645781087
59645526376
59646501483
59644913141
59646764366
59644750052
59645618783
59646056326
59647600857
59646275863
59643948372
59644796052
59646539235
59645531034
59646082182
59646627639
59647275352
59646158774
59647040480
59646598230
59643972819
59646435141
59646786058
59646297563
59646519038
59646577660
59645801455
59646481141
59646310922
59645933550
59645675973
59647644856
59646626227
59645759392
59647449067
59645621131
59646501982
59645007896
59644406413
59644844807
59647315153
59647360746
59646680204
59646396708
59644043127
59646847021
59646444758
59646610515
59647437351
59647106358
59647274262
59647019494
59647273151
59646370593
59644067574
59645980677
59642678620
59646392318
59645724728
59645360264
59644790315
59647359828
59646260710
59647588092
59645770728
59646700149
59647162905
59644803689
59647208126
59644401606
59647045037
59646445463
59644501168
59645382019
59646848734
59647455501
59647091037
59647218517
59646371652
59646313019
59647169148
59646149930
59642890464
59646029432
59642727375
59647139028
59645589455
59645877191
59647204817
59646075432
59642773375
59646911993
59644968796
59646028943
59646384440
59645865854
59645488482
59643670352
59646787774
59646794904
59646588989
59646260221
59648160110
59644496361
59645537394
59647033174
59647380992
59645821273
59646943489
59646592876
59645554535
59647313272
59646466407
59645924318
59645561841
59646244685
59647162308
59646931365
59646361416
59644090152
59645684210
59646077698
59646342823
59644469492
59646179734
59647518715
59645063551
59644345247
59647343449
59645295501
59645583237
59645674027
59645995435
59646925086
59646574473
59647505516
59645766379
59647122711
59645603290
59646136162
59646776417
59645973073
59645914440
59646235956
59645649290
59645298677
59647162497
59646019073
59645656596
59646780305
59644267642
59646320951
59646558583
59646157862
59646099229
59646860056
59645630364
59644564247
59646106767
59646203862
59647377437
59644440002
59646212339
59645990628
59646049250
59645945601
59645952731
59645782512
59645405140
59645583327
59647116446
59647495419
59646385553
59647902041
59645092721
59647738952
59644479486
59646949832
59644316397
59646786743
59646937272
59647167202
59645868298
59643514717
59644362397
59645916348
59646082105
59646252617
59646193984
59646787483
59646961719
59645259374
59646201522
59643539164
59646026997
59646791852
59645863908
59646085383
59647268920
59644261905
59646831418
59645877267
59645499895
59645242318
59646677643
59647590174
59647151831
59647148177
59646080142
59646681629
59645917053
59643972758
59647090180
59645679174
59646927091
59646562627
59645963053
59646058514
59647000662
59646011103
59646652573
59645934269
59646701951
59645889242
59647056474
59645726153
59645348781
59646676407
59645547022
59642244965
59646563977
59646552162
59646493529
59644356660
59646926173
59646893473
59643141942
59646259364
59646266494
59646096275
59645731811
59647525731
59643967951
59646776384
59647232763
59647163471
59647069674
59646415079
59647688251
59647472757
59646784862
59645937997
59645879364
59646735493
59645716275
59646029024
59647554359
59645833006
59643561742
59645155800
59645443536
59646813419
59646969651
59647172349
59646658732
59644535141
59645595288
59646818687
59645432199
59645054827
59643236697
59646354119
59646396676
59646191030
59645826566
59648186044
59646594301
59645103739
59647465594
59647258226
59647052311
59647460343
59647588578
59645120880
59646919882
59646942864
59645490663
59645128186
59647073231
59645825241
59647452930
59645927761
59643656497
59645850927
59646331646
59646651250
59644035837
59646216646
59645675452
59646990170
59643911592
59646575898
59646806145
59646794976
59646643056
59645561780
59647108375
59647149885
59645054917
59646704395
59646689056
59647398438
59644303421
59647400905
59644140332
59645776647
59647808902
59646726901
59647014637
59646728842
59646937803
59646131504
59647136044
59643833987
59645887296
59647451583
59645724207
59645665574
59647411816
59646624653
59644730964
59645673112
59645770207
59646943782
59646537942
59646670653
59645556973
59647162436
59645511946
59646667184
59645348857
59644971485
59645149672
59646886505
59647061764
59646623421
59646619767
59647106532
59646278475
59645871402
59646149187
59647391209
59645150764
59646503617
59646787507
59645434643
59647246553
59647627652
59645482693
59646124163
59646749786
59647086984
59646331620
59646528064
59644825719
59646598822
59646932372
59646219541
59646632697
59647250805
59646698275
59646835265
59643828250
59646397763
59647119908
59646081567
59646940873
59645918478
59647160410
59646718176
59646714522
59647268505
59646247974
59646966729
59647295308
59647516783
59645245519
59647314505
59647115181
59646325813
59645624859
59646577816
59647014751
59646445267
59645500614
59647025949
59645455587
59647119384
59645292498
59644915126
59647436413
59646715174
59646643939
59646130322
59645557698
59646927818
59645892443
59647140360
59645729354
59642708287
59645825709
59646013233
59645662620
59645298156
59647092076
59646929102
59647073299
59646937184
59646729816
59646646919
59647313229
59646975102
59647039102
59644952121
59646876013
59646511549
59647101270
59646609275
59646550642
59648144700
59645399351
59643128087
59646309544
59646316674
59646937879
59646535996
59645688236
59647818990
59645652453
59646533304
59646385032
59645385715
59646266566
59647149028
59647522937
59646579965
59646621475
59645915665
59646444788
59646160646
59647568937
59643775011
59647028285
59643611922
59646399641
59647280492
59646863599
59646486227
59647928916
59643657922
59647318884
59646639576
59645391586
59644821637
59648287297
59647632863
59645417272
59647339712
59646478410
59647473536
59645782991
59645241797
59647471495
59646302494
59646142243
59647453487
59646361321
59647616581
59646138774
59646674720
59647089028
59644621262
59646539543
59647049994
59646964783
59643869766
59646578122
59643706677
59645342992
59645620777
59646962245
59646859509
59646881520
59646504148
59647386912
59647111894
59647008245
59646079840
59646812092
59646467784
59646558574
59646978161
59646917664
59644297309
59646754575
59647473860
59647251642
59646104287
59647020709
59648022171
59646800575
59646449962
59646233529
59645699478
59646779022
59647381255
59646903620
59646541143
59646189766
59646186112
59646672877
59645844820
59647353481
59645715532
59646988373
59644717109
59645448794
59646740763
59648033974
59646812898
59645324549
59646693133
59646794944
59646556234
59646653329
59645897965
59646590974
59645438611
59647032669
59646462720
59647849204
59647121333
59646817150
59646264620
59646412010
59645364033
59647564543
59645200944
59645647912
59646507218
59645484823
59646726755
59647233390
59645246944
59646990127
59646544889
59646533074
59646381800
59647726244
59646609666
59646446692
59647086069
59644423711
59646427800
59646144161
59646748455
59647506643
59644204586
59647322008
59646393603
59647158919
59645533366
59646126865
59648056845
59647638566
59646210284
59647290580
59645124043
59647173373
59645458788
59644857305
59645295699
59646168766
59647209799
59647131096
59646731241
59645387255
59646931786
59646495447
59646639644
59646503529
59646180290
59646818805
59645871231
59646541447
59646821485
59644518466
59647006299
59643129512
59646843210
59646175620
59646116987
59644293227
59647810720
59647108707
59645875889
59646221620
59647151041
59647613797
59645254581
59647150453
59646943085
59646987364
59646779996
59644952060
59645832911
59648005508
59647089282
59646146310
59646825996
59645686956
59646011133
59647092817
59646600822
59643341356
59646972193
59643178267
59645965986
59646641001
59646328083
59646331099
59647027633
59643224267
59647362885
59646583484
59646479835
59644387982
59646316746
59645939374
59644121244
59647238666
59646658057
59647039881
59646494968
59647073845
59647241554
59646524999
59647005048
59647019832
59646272165
59647330672
59645705119
59645171068
59646765126
59645781711
59646375210
59646012733
59646695577
59647366378
59646144467
59647552981
59645793608
59645187122
59646528590
59646425854
59644920384
59645208120
59648325542
59647287421
59644796139
59647709503
59646378437
59646034129
59646124919
59646446327
59646752812
59647025365
59646589723
59645934310
59647320794
59646619754
59646587054
59647588516
59646423965
59645313651
59647036133
59645265823
59647282789
59647613389
59646469965
59646107488
59647169007
59644718534
59646771843
59647009475
59646608754
59645882249
59644064885
59646081256
59645015139
59646557659
59646654754
59645899390
59644890894
59646259478
59646978233
59643676176
59646793598
59645749658
59646630509
59645004956
59644435007
59646029065
59647110156
59646687678
59647565105
59646444267
59648189844
59644930378
59647130888
59644767289
59645640356
59647591785
59647618094
59646319190
59647812161
59644813289
59646367240
59646111234
59646703509
59645651880
59647292589
59645089061
59645710266
59646652414
59643990056
59645994145
59645234147
59645534791
59647072988
59643770931
59646888353
59647282310
59646725264
59646207546
59645693210
59646760090
59647204911
59647207538
59646651089
59646531034
59647132521
59646367945
59644423650
59647541072
59645635986
59646776144
59646818829
59646297586
59646509406
59646498131
59645928182
59646606872
59646385161
59645746635
59646340134
59645437576
59646177045
59645799673
59647317464
59646966851
59642695857
59647014869
59647566017
59647004769
59643859572
59647377065
59647291996
59643592834
59646710256
59646717386
59646547167
59648141225
59646716798
59646713144
59646553709
59646476638
59646491422
59646012558
59648197776
59647547596
59645653907
59646596055
59645253301
59646330256
59647001057
59646167167
59646479916
59647496686
59646434889
59645265198
59646207346
59645894428
59645897444
59646593978
59644679710
59647109624
59646537000
59646046180
59647181093
59645883091
59645505719
59643687589
59646805011
59646224402
59646641922
59646061313
59646561447
59647442298
59646091344
59646643890
59646822077
59646107313
59646897017
59646838384
59644737413
59646678083
59647602059
59645941555
59645579078
59646640597
59646276133
59646865854
59647745525
59645359953
59646838532
59643536475
59646653897
59644486729
59644774465
59646126344
59646300580
59644362484
59647026790
59647290059
59645384337
59647464207
59645221248
59647559267
59644257210
59643906597
59645500655
59647500759
59645267248
59647516973
59647517204
59647425350
59644879996
59646602478
59647679185
59647026598
59647112050
59646898441
59647982087
59646735352
59644284879
59646338188
59647500148
59646175099
59645448594
59643631230
59644560651
59645181856
59646124004
59646221099
59645465735
59646988834
59645006381
59646544578
59643242521
59646359943
59645316003
59646196854
59645832390
59644001352
59647337397
59646676501
59646679128
59647113975
59646010612
59646729367
59646322294
59646600079
59647232487
59645107576
59647139831
59647010765
59645885535
59647697445
59646268732
59645399772
59646970431
59646624526
59645218225
59644648276
59644655406
59644485187
59647049714
59646789054
59646886625
59644800492
59645101136
59647661021
59646476359
59648125694
59646848655
59646858350
59646532459
59647407711
59646326435
59647058120
59647351675
59646217434
59647188586
59646698866
59646873102
59647175759
59647182275
59645202331
59647019186
59645125497
59646067645
59645284327
59645355871
59645494527
59646896159
59645951506
59646684651
59645330327
59646973359
59645743390
59645366018
59646355558
59645846232
59645495619
59646581214
59646008590
59646856270
59646673008
59647208954
59646716959
59643159179
59646276601
59646464125
59646113512
59646271802
59646033037
59647331575
59647524191
59646410614
59646293667
59645578903
59646726153
59647180120
59645220252
59646149673
59645379082
59646848185
59646567402
59647054757
59646404313
59646595403
59647059377
59644831543
59646760436
59646158187
59646450313
59646986888
59644246055
59647363477
59646103345
59646670668
59646767763
59647599634
59648318389
59647599920
59647973829
59647030857
59643728800
59646366557
59646127792
59646972349
59644738838
59647060029
59646988794
59646896940
59646820908
59646264459
59646237298
59646244428
59646074209
59646370031
59647380483
59646206942
59645842478
59645272529
59647436931
59647809342
59646404877
59643102820
59646220242
59646991774
59646057153
59645692689
59645866925
59645296976
59646593135
59646856404
59644950682
59646954130
59644787593
59647125612
59643823555
59643472942
59646990435
59647000130
59644833593
59646585565
59646033091
59646899866
59645793884
59646071669
59646359405
59645730570
59646611421
59646482355
59647944580
59647562786
59646966330
59646556579
59647597612
59646096116
59646881598
59644119866
59644126996
59643956777
59647474270
59647587233
59647702534
59646555179
59644572726
59644002777
59648141395
59646843049
59646684421
59646150370
59647229914
59646948621
59646406532
59646529710
59646823265
59646680320
59646127846
59645216170
59647804373
59646166424
59646798832
59644673921
59646706176
59646577110
59647628254
59647263790
59644827461
59644966117
59646536776
59646190871
59646156241
59644214621
59647041866
59644051532
59646512804
59646913612
59645317822
59647164155
59645326096
59647227366
59646327860
59646292953
59646680544
59646188549
59646098804
59646812639
59645935715
59646624465
59647262519
59646234549
59646803165
59646500220
59646640076
59646832692
59646865333
59647372694
59646897584
59644691842
59646686076
59644850672
59644922216
59647238780
59647248475
59644655478
59646534621
59644896672
59646539704
59645984258
59646376615
59645921903
59645412577
59645061964
59645793649
59645574935
59646422615
59646239353
59645669404
59646283304
59646619658
59647660691
59646792348
59647182133
59645838147
59645599382
59646897920
59647090536
59646734831
59646631182
59646960088
59646292498
59646992339
59645708888
59645716018
59645545799
59646213449
59646852073
59647758617
59647071610
59644744119
59645591799
59647334982
59646326781
59645724532
59647423386
59648050842
59646954521
59647601345
59647393977
59644768566
59646939422
59647263529
59646776333
59646717700
59646665401
59646597202
59643295145
59646137848
59646462025
59646471720
59644305183
59646416483
59646548312
59646371456
59646416878
59645830804
59645803643
59645202160
59645640554
59646828345
59647610621
59647034376
59647192455
59644838874
59647810454
59647240505
59644969241
59646563299
59647108949
59647221912
59646945860
59647058823
59647684078
59644863321
59647034177
59643474367
59646871088
59646314639
59646156011
59645621960
59646597067
59646232603
59646602783
59646360639
59646439694
59646151910
59645599436
59644687760
59646244500
59645638014
59645925750
59645296915
59646177766
59645659012
59647510925
59647444248
59647337618
59647167399
59647108766
59645662461
59646447943
59643686211
59647203704
59643523122
59647040615
59646385202
59646672938
59646635745
59644797686
59643569122
59647707740
59645764543
59646824690
59645716715
59646661601
59646284229
59645972877
59646096055
59647590651
59645706139
59647528566
59644782515
59647365477
59646333141
59644515777
59647501085
59646617020
59647313554
59646157666
59646350282
59644393806
59646710370
59646720065
59644127068
59647040432
59644368262
59647081401
59645455848
59644885899
59646479957
59644884167
59646730500
59644892441
59646895159
59645894205
59645859298
59645140994
59645754894
59646091248
59646378984
59646263938
59646791182
59647720833
59645800894
59646369510
59646562126
59646206421
59646102772
59646431678
59645539953
59646463929
59646710187
59646252421
59646445037
59645685039
59645972775
59646814820
59644221823
59647339245
59645063389
59647116698
59646658438
59646946174
59646894976
59647517467
59646426111
59645359994
59646989914
59646999609
59646353616
59645235749
59646276782
59646086878
59647227036
59646358693
59646748478
59647126428
59646293923
59646379074
59647057764
59646561991
59646019902
59646836042
59645888468
59647294168
59645275233
59644829540
59645112144
59645779794
59647082211
59647962949
59646664045
59644310464
59645158144
59646712095
59644440831
59646034889
59646989731
59647583230
59647757466
59647167690
59647164036
59644334911
59646505767
59646942314
59646342678
59646284045
59646231746
59646104799
59646068657
59645704193
59646388678
59645832229
59647473390
59645982828
59646114657
59645937801
59645716090
59645774712
59645397340
59644768505
59646253446
59645130602
59647722838
59647358374
59646758800
59646481463
59646299446
59646806850
59644535586
59646730016
59646675294
59646684989
59646512205
59646521900
59646144528
59646322715
59646598492
59643040712
59646558205
59645880984
59647289276
59645188305
59647128975
59646400641
59645934006
59645926984
59647062241
59647274061
59645182510
59644254105
59645019421
59647572131
59643987367
59647104789
59646348201
59645225357
59646883067
59646751472
59647561832
59646733744
59646675111
59645835229
59646512022
59645672140
59647607832
59644708102
59644357489
59645951547
59646239283
59645718140
59644364031
59647510499
59647451804
59645330888
59646391035
59646248090
59646227946
59645850574
59646028761
59646418562
59647186244
59645272484
59646733069
59647750612
59646931822
59645899486
59644082122
59645011543
59646029853
59647036455
59645724011
59645916627
59645821737
59645444365
59646286410
59643693413
59646810835
59645766895
59646647746
59646795136
59644452244
59647826278
59646989057
59647130020
59644831584
59646461504
59646471199
59645825206
59644707339
59647526823
59645558468
59647363734
59645830283
59646357527
59647842468
59646719624
59645850664
59646880446
59646033581
59645669117
59645099168
59645106298
59644936079
59646572394
59644301130
59647522648
59645251384
59645539120
59647733550
59646927251
59647518892
59644629734
59646683043
59647470006
59646519954
59646461321
59647509012
59647527370
59646668326
59647364281
59646565954
59647323994
59646771532
59645843127
59645653223
59647410281
59645576389
59646186044
59645735219
59645806763
59645945419
59647516078
59646939111
59645586247
59645781219
59647073188
59648014127
59646667149
59644395885
59645831210
59645946511
59647299364
59647583254
59646230390
59645953053
59645771036
59646278440
59644007176
59646989432
59647534364
59647149575
59647323811
59646483929
59646233171
59645794305
59646070082
59646744559
59646029795
59645042809
59647631012
59644879720
59644821087
59645829974
59646877314
59645398574
59646714225
59646855205
59644654100
59646396115
59644491011
59647043721
59645982880
59646901205
59645819791
59644696947
59644537011
59647447473
59647121560
59646420606
59645865791
59647570292
59646281926
59646296361
59647079422
59644179692
59647915131
59646088245
59645710873
59645189730
59646164837
59646982089
59646926069
59646353445
59646466715
59645719680
59646695320
59645966986
59645500351
59645890152
59646512715
59646840406
59644748855
59647887823
59644585766
59647252874
59643553712
59646671134
59646845370
59646508045
59646449412
59646317817
59645747868
59647157056
59646958929
59645401574
59646728281
59645238485
59647574653
59644274447
59643923834
59647039967
59647112421
59645284485
59647036457
59646303278
59647350758
59646448200
59646561470
59646810297
59646181462
59647062313
59646933247
59645984907
59647420232
59647068855
59646299414
59647240535
59646547008
59646834744
59644570758
59644577888
59644407669
59646327883
59645551171
59647214968
59645388082
59645010710
59644453669
59647383327
59646990482
59646187333
59646827393
59646631831
59647399513
59646468742
59646410109
59647268338
59647131212
59646398033
59645667062
59647831464
59646243122
59647249724
59645124813
59646881871
59646035006
59645657634
59647408813
59645278353
59645417009
59646987668
59646641763
59646607133
59644665513
59645540545
59644502424
59646138739
59643867475
59645302800
59647615047
59645776988
59647299895
59646427624
59647085237
59647131436
59646875587
59647607839
59646125103
59646952179
59647075357
59647093715
59647089373
59646930626
59646951112
59647090968
59646337877
59644547099
59644514399
59646976626
59644351310
59644292677
59645301564
59645373108
59648038434
59647115415
59644397310
59646985513
59645347564
59646990596
59648008375
59646827507
59646372795
59645397555
59645512856
59644008601
59647536510
59646522379
59646690245
59645337381
59647041882
59647590691
59647534287
59647100709
59647770484
59646584971
59646050274
59645799516
59645360650
59645636427
59647775444
59645831149
59644609154
59647207757
59644446065
59644387432
59645438576
59646443659
59647140193
59645984305
59646977104
59644220445
59646042691
59644057356
59647555134
59646175424
59647207172
59646888412
59647405413
59644103356
59648109374
59645219458
59647390314
59647714421
59647227225
59646199871
59645000333
59647539963
59643746037
59647859891
59646329113
59646922612
59644756075
59646867375
59645968411
59646822348
59645919790
59646033060
59646254535
59645653052
59646091446
59647279237
59645456497
59646079060
59647574666
59645915971
59647727533
59646683706
59645420133
59645567523
59646976037
59646983167
59645799473
59647337194
59646686558
59645314213
59646931751
59643925259
59647257526
59646765531
59646180255
59646136121
59646017166
59646871103
59645940332
59645881699
59646739928
59646602802
59645869623
59645138652
59645986332
59646754014
59646376642
59645747807
59646628658
59646499592
59647170393
59646986577
59647212358
59645163099
59646806880
59646113353
59646401089
59644137103
59645012135
59643974014
59645894228
59647249726
59647123830
59647086637
59645248578
59644020014
59646949672
59646556827
59647275582
59646393738
59646198176
59645596693
59646035087
59645976454
59646834683
59647460934
59647290715
59645233407
59648037301
59645809467
59644018689
59645646378
59646448216
59645601351
59645223979
59645966815
59644844698
59645257854
59647170957
59643868900
59647491324
59644819154
59645106890
59647679683
59646530041
59645982869
59644869145
59647181392
59645343333
59646003867
59645993969
59646709753
59645591886
59647242383
59647174184
59645691448
59646572299
59647242074
59646056561
59647184866
59646820402
59646734200
59646657313
59647247034
59644113444
59644080744
59647009155
59643917655
59643859022
59646061570
59646801039
59646423667
59646681760
59643963655
59647929058
59645514281
59647219223
59647574720
59646727760
59646678762
59644860632
59646877003
59643574946
59647779269
59647450501
59646804508
59645686641
59646727674
59647278443
59644471923
59646715624
59646545405
59646151316
59645800703
59647283557
59646828955
59647012883
59645440001
59647434965
59647240014
59647696433
59645726125
59645280432
59645563036
59646750827
59647209345
59645550650
59647046256
59645387561
59645609036
59647162987
59644891723
59645039113
59646447627
59646454757
59645884808
59646808784
59647344545
59644785803
59646380507
59646029894
59646330538
59646734937
59644566678
59645607711
59645488756
59647234662
59646839570
59646283121
59647547400
59646433720
59645534756
59646388693
59645457922
59646225604
59645848232
59645219397
59646704338
59646431733
59644160469
59645754527
59646683948
59646413140
59646750338
59646250051
59644986478
59645133868
59646542382
59647135881
59645365818
59646972792
59646595420
59646773607
59647049384
59643491604
59647575833
59646331876
59647500493
59645702466
59645669766
59646851533
59645506677
59645448044
59646306273
59647230873
59645633402
59644704997
59645470313
59647106628
59646962182
59647287169
59646799093
59647348977
59645789018
59646449654
59646778703
59644729444
59647126003
59647796804
59646962914
59646995555
59644578480
59647230636
59646060945
59646816071
59646690175
59646652982
59644814923
59645475457
59645653644
59647303122
59646841927
59646698982
59646678838
59645163038
59646479653
59646869454
59647020149
59647325628
59646857060
59646596884
59648190942
59646887091
59643585034
59646702456
59646480745
59646539367
59645883773
59645533160
59646272629
59645895257
59646737302
59643435245
59647436344
59647071880
59647661601
59647246028
59646155700
59647928803
59644332222
59647449644
59645282476
59644408814
59646922091
59646276098
59645158231
59646808728
59647322860
59646180084
59646187214
59646016995
59645622906
59645052957
59645749491
59646300545
59646484473
59646062995
59646906555
59647824178
59646575500
59646722890
59644752022
59648474932
59646367384
59645990012
59647214023
59647516127
59647531099
59645080626
59646785568
59647056057
59646622479
59646245107
59644426977
59645356398
59647586956
59647102057
59646887679
59645852097
59647222424
59645802128
59647059335
59644038268
59647014308
59646111750
59646992601
59646311160
59646849902
59647018990
59647386314
59645006346
59646752252
59646806359
59647262778
59647118041
59644846777
59646282102
59645903323
59643632059
59645226117
59646681282
59646403945
59646221928
59646729332
59644458068
59644605458
59646013972
59647677769
59645451153
59647018217
59646684063
59646245197
59645946852
59645596239
59645896883
59645493701
59646956890
59645174056
59645271979
59646323123
59647245646
59645849466
59647122182
59647853867
59645104992
59646847007
59644941903
59647494613
59646433772
59648010722
59646270683
59645998078
59643726814
59645921244
59646250293
59646080074
59645997836
59646286963
59645166125
59646747253
59646696023
59646126074
59647542428
59646539137
59646161765
59646339952
59646615729
59647220202
59645125234
59646774712
59646917607
59646170572
59644373738
59646417878
59644210649
59646341044
59646963607
59646797218
59645199747
59646718808
59645036658
59646672973
59646950758
59647066015
59646374650
59647521900
59645355363
59646015999
59646945420
59646174829
59647409821
59647258547
59647179173
59647064802
59646901221
59646901713
59645627290
59647100111
59646902457
59647246060
59647108758
59643880404
59645219989
59646899092
59646595368
59647563510
59646794450
59648102728
59648395667
59646435799
59647871124
59644524547
59645221081
59646163229
59647663008
59645534585
59647045513
59647160770
59646047090
59646194480
59646002063
59647157301
59645838974
59645461602
59647165778
59647353302
59647002689
59646638225
59647227946
59647082723
59646768592
59646919634
59643898567
59646810153
59647203513
59643975159
59646488436
59646662672
59646694014
59646752636
59646530925
59645746429
59646485898
59645583340
59647859705
59644619302
59645315836
59644159948
59646857904
59645629340
59647381312
59645991437
59646755147
59646589631
59644318367
59645753692
59647441191
59647448321
59646780368
59646878516
59647536129
59646785491
59646714256
59646622402
59646575995
59647456846
59645962760
59644922743
59645799671
59646668402
59646454024
59645418442
59646788769
59644997991
59644965291
59646428480
59644802202
59644743569
59646946117
59646040192
59646944385
59647202279
59644848202
59645022438
59646318597
59646581866
59646011917
59647612307
59646962171
59645848447
59645469668
59643198404
59647372857
59646973271
59647446968
59645469426
59645758553
59644637715
59646986618
59646951988
59645597664
59647035863
59646584562
59646250408
59645811542
59646087319
59646691792
59646121843
59645060046
59647123607
59644896957
59643845328
59645509125
59643682239
59646799661
59646435197
59647420212
59644671337
59646190398
59643728239
59647295967
59647435823
59647658064
59647339304
59648168441
59644554248
59645487589
59647070082
59645646419
59645564181
59645853308
59644732470
59645451225
59646372811
59645692419
59647335451
59646571701
59646374047
59646717650
59646208324
59646419303
59644691579
59646370682
59646483952
59647035100
59643940083
59646905812
59643776994
59645907389
59646529952
59647401336
59646366863
59646285153
59647134598
59646757226
59646018415
59646632360
59647434059
59646250365
59646538101
59646628891
59646511765
59646987981
59647009196
59646824892
59647007464
59646631147
59646587013
59646468058
59646188130
59646391224
59646332591
59647190820
59646675103
59643446749
59648387235
59646437224
59646611460
59647116195
59646595804
59647572080
59647513447
59647461148
59647437469
59644090892
59644787426
59643631538
59647229353
59645100930
59647212230
59645394866
59646226737
59646345120
59646626551
59646626742
59646804929
59647987202
59647589459
59647400564
59647007719
59646314323
59646844630
59646649068
59646047585
59645764988
59645434350
59646376498
59645271261
59646139992
59646577535
59647374039
59646260359
59644469581
59645317261
59646899108
59646052243
59645674871
59646417707
59645511782
59645708746
59643726293
59644319792
59644494028
59646947657
59645557782
59645483507
59647040247
59646332178
59645320037
59647007536
59646564128
59646454759
59646444861
59648239995
59647723507
59646280601
59647959704
59646142340
59647023191
59645529105
59646507453
59645366016
59647836362
59646877236
59647201413
59646917917
59644564336
59644531636
59646965967
59644368547
59644309914
59644980715
59647295741
59647521379
59646768624
59644414547
59644588783
59646501886
59643199829
59645578262
59647178652
59647129654
59645311524
59647777152
59644025838
59648109301
59646953413
59647221358
59645035771
59645324898
59644204060
59644922815
59647166516
59645164009
59646602208
59646251595
59646874896
59646971991
59645679914
59645890893
59645220560
59647342539
59646689952
59646713730
59643411673
59645075470
59643248584
59646366006
59646001542
59646398400
59645838453
59645756743
59643294584
59647433202
59645490005
59646898519
59646905649
59646335700
59646009691
59647795437
59646636427
59646831399
59646480786
59646768522
59647646465
59645017570
59646058603
59645939648
59645659720
59646342482
59647263893
59647998292
59646821216
59645985648
59645315315
59645908814
59646083050
59647025198
59644878099
59647072529
59646882625
59644611361
59646205419
59647134840
59646864032
59647089670
59646700943
59646323571
59645584760
59644866456
59647631789
59645816710
59646104446
59646195236
59645625287
59647446295
59646575541
59647859181
59645525023
59647634547
59645361934
59646120658
59645587191
59645236578
59645898936
59646569737
59646597229
59647353106
59647683706
59646003569
59646177805
59646682540
59644788851
59646842160
59647079792
59646239910
59646620438
59646864404
59645180336
59643197883
59646424427
59646725071
59646778575
59644961211
59645793082
59646511837
59645803768
59646193087
59646371274
59647049193
59645926349
59646104536
59646809073
59647479915
59646645984
59647095193
59645613930
59645331333
59645000695
59646664492
59644837606
59647307952
59647047776
59647557328
59646389507
59644035926
59644883606
59646437557
59646676731
59646334665
59645984052
59647308692
59647196388
59646729753
59643886137
59644060373
59646548206
59645978257
59645049852
59645815168
59645898523
59644783114
59647248742
59646130473
59644859706
59647678814
59647547219
59647574670
59647259620
59647685356
59646601351
59646638106
59646438262
59646073798
59645503849
59646200383
59646443581
59646944384
59646484262
59645159778
59646545447
59646532312
59646382358
59646455478
59644547060
59646614308
59647087724
59646824508
59645869990
59647695028
59646068231
59642766174
59647085186
59647073371
59646695999
59644877869
59645807290
59646825600
59647131186
59646519758
59646302989
59646590725
59646240112
59646418299
59644489160
59647297593
59646562642
59646730458
59645927693
59646173723
59647391698
59647784804
59645457238
59644786905
59646908884
59647713670
59646620953
59644349689
59647479654
59646354215
59644082951
59645677009
59645964745
59646894166
59647490860
59647623571
59647179941
59645056350
59646464864
59647339896
59645902045
59645576036
59645447490
59645096877
59646397744
59646047131
59646334867
59644996613
59647407782
59644833524
59646070276
59645058781
59647696538
59647457773
59647573074
59644879524
59647441091
59647464073
59645475159
59645649395
59647594440
59647567279
59646638874
59646448970
59644177706
59646372136
59646701185
59646530966
59646448728
59646737855
59645617017
59646732607
59644432801
59646576966
59646506283
59646447650
59647022670
59644985796
59646626957
59647671094
59645576126
59645091368
59647200892
59644928279
59644824630
59645153536
59644661541
59646297856
59646136082
59646163574
59647075815
59647169700
59647028918
59646590052
59646865829
59644355196
59646408505
59645838556
59645806255
59645675467
59645616834
59646625721
59648076905
59645990772
59646291416
59647220837
59645449847
59645456977
59645286758
59645370113
59646778627
59646966151
59646615538
59644331296
59645332758
59647407714
59647046260
59647890102
59646661538
59647627741
59647077673
59645938711
59646670396
59644975439
59645671973
59646474607
59646415974
59645955852
59646960584
59646017037
59646003902
59645853948
59647262462
59646515427
59646875037
59646762733
59646296098
59645899948
59647166618
59647198870
59645544602
59646585635
59645381513
59646422546
59644349459
59646647803
59647641117
59644426051
59647245159
59646439687
59646062315
59647203528
59645889889
59646197321
59646769183
59646034232
59645138393
59645070194
59644975304
59644610840
59646510729
59646080232
59647832204
59646111792
59647206039
59645948703
59646021823
59647489918
59646180653
59647640593
59647231260
59645436335
59648215979
59647236383
59646226653
59646651531
59646078907
59646517301
59646413652
59645373635
59646250563
59644919080
59646346918
59645869334
59646157070
59645806457
59645984644
59646879372
59647167108
59647458393
59647454739
59647168128
59645740068
59647264489
59644351114
59645473330
59647397222
59647032758
59646462809
59648322320
59647038869
59647045999
59645920560
59643649296
59646830753
59646453381
59646460511
59645920318
59646209445
59645088607
59646173662
59646140962
59646048556
59645977873
59645919240
59645013835
59644457386
59646098547
59647142684
59646023873
59644562958
59647223371
59644399869
59644296220
59644625126
59644133131
59646920850
59647747926
59644445869
59647007436
59646641290
59644179131
59647746859
59647160785
59647133624
59645342846
59645310146
59645317276
59645147057
59645088424
59646097311
59646015073
59646304200
59645183362
59645193057
59646823703
59646143311
59647387057
59646600830
59646824939
59644552141
59646193302
59646564326
59644804348
59647447779
59647318126
59646483741
59644390975
59647099331
59644227886
59645864201
59646141986
59647767390
59647380718
59646736045
59646017741
59646156397
59645787093
59647083252
59646626896
59645404901
59646988993
59645241812
59645183179
59646234323
59646508102
59645371538
59646516376
59646787182
59645016192
59646523208
59644853103
59647321784
59646971171
59647463320
59646220687
59643897641
59644899103
59645940136
59647062352
59647456447
59647046696
59647194086
59646995618
59646881247
59644609983
59644541784
59644446894
59644082430
59645982319
59645551822
59647334107
59645583382
59644492894
59645420293
59646828807
59646961508
59647255821
59647112183
59646602857
59645466293
59646874807
59646765215
59645698243
59646151980
59646785829
59645988891
59645885242
59646214148
59645722153
59646169121
59647028427
59646006032
59645628660
59647661842
59645456234
59647511336
59646638698
59646976002
59644704738
59646812913
59644541649
59644177185
59646677446
59644944920
59647398549
59646665370
59645934399
59646782079
59646783070
59647172389
59646914812
59647015020
59647162410
59646141163
59646103158
59647752636
59645940069
59647589547
59645645252
59647196836
59645188573
59645807882
59645816908
59644485425
59647328128
59647612053
59647368809
59645495463
59644926517
59647016656
59647352574
59647024738
59645431607
59646993923
59646392440
59646830834
59643917459
59645039675
59647349883
59643650721
59646029154
59648376204
59646605214
59644814436
59646442125
59647109775
59646397098
59646019726
59646197913
59645486663
59645775790
59644654952
59644664647
59647508573
59645614901
59645902637
59646812240
59647325788
59644023731
59645664892
59646035916
59645671452
59645021272
59646789716
59645955331
59643862565
59645526362
59643699476
59646487195
59647162210
59646849292
59646852308
59646207635
59643745476
59647529947
59645258683
59646727321
59644909191
59644876491
59646460583
59644713402
59644654769
59646232082
59647388482
59647219414
59645987966
59644759402
59646938220
59646954823
59646110612
59646793374
59647523507
59646293760
59645692277
59646130671
59644370693
59646896419
59646533942
59647476090
59645328991
59646665676
59647730622
59646965955
59645708331
59647889140
59646947063
59647540562
59645584086
59647624702
59645353438
59645317348
59643964484
59645558542
59646555338
59645665124
59646076179
59647575091
59646074447
59644937883
59645975915
59647842003
59645812826
59646089553
59646038083
59645687470
59645834860
59647020629
59645787032
59645694012
59646000362
59645506481
59645837273
59647133432
59645239743
59647293052
59647530684
59646447592
59644176328
59646284503
59644013239
59643648775
59646875319
59646736477
59647185452
59645412103
59644059239
59646253669
59646254660
59646643979
59646270867
59646619388
59646774346
59644956216
59646550274
59647479695
59647096876
59646610294
59646965476
59645782225
59644660163
59647115384
59645288498
59646161565
59647791485
59647801180
59644706163
59647796657
59644543074
59646888449
59646847705
59647129643
59646498213
59646465513
59645610270
59646302424
59646243791
59644511265
59646999098
59645755356
59645500744
59646266060
59646349415
59645631111
59647699634
59646581365
59646728755
59646584765
59645669503
59647574450
59645506414
59648013024
59647052243
59647653730
59644754918
59645374227
59645552414
59647258937
59646894473
59647395276
59646935154
59645610670
59644492862
59646449391
59646833250
59646906370
59644997952
59646587620
59645958785
59647254146
59646320882
59646035377
59646916228
59643217066
59647392631
59647489726
59647401848
59644380781
59647498203
59647276492
59647335114
59646679520
59647238595
59646220166
59646691004
59646869191
59644230992
59647074918
59646697546
59647012631
59646378585
59646624615
59645765350
59646497035
59645602261
59645237797
59645204561
59646372790
59647071845
59644800581
59645648261
59647159955
59647367969
59646728555
59646415637
59646418653
59647941752
59646545238
59647096292
59644825028
59647025509
59647702302
59646862420
59646026928
59645136714
59645547769
59647046681
59646954827
59646785759
59645447505
59646295185
59645284416
59646003701
59645509673
59647438370
59647418226
59647040854
59645258622
59647199292
59645471952
59646462764
59645308863
59646647844
59646697933
59647089766
59647296967
59646201823
59645354863
59647432683
59646914291
59647106907
59647012017
59646634645
59647183499
59644883693
59643530829
59646957175
59645905546
59646343940
59645436688
59646090978
59644778419
59644427806
59645542260
59647651784
59645379171
59646081884
59645604428
59645253815
59645401205
59646586974
59646614466
59647547807
59645566707
59647479810
59644177753
59646742599
59644014664
59646283245
59646289448
59646296578
59645969803
59646067726
59645081860
59647629395
59646441664
59646302822
59646751797
59645900739
59645907869
59645737650
59645821005
59646881152
59645837212
59646185733
59646340691
59644522561
59646705236
59647046040
59647363532
59646793583
59646531821
59645961872
59644226508
59647121288
59645024004
59647376324
59646925499
59646866866
59644272508
59647411476
59644109419
59645920981
59646304840
59647145735
59646966319
59645169485
59645176615
59645006396
59646350840
59645506967
59647592965
59645321701
59646870526
59645832405
59646873438
59645197456
59647098695
59646761012
59647053668
59646151110
59646847644
59645691756
59647060974
59646340781
59646897885
59647220075
59647860549
59645589285
59647183343
59645426196
59646943885
59645968625
59646588854
59645805536
59644676151
59645844380
59646399595
59645681291
59645119851
59645851536
59646919281
59647010071
59645887227
59645727291
59646367441
59646016828
59646958976
59646529799
59646968193
59647472206
59647193450
59646842837
59645369972
59646797810
59646985334
59645786511
59646257349
59646435536
59645766775
59647618000
59645603686
59646814876
59646909960
59646190960
59647129497
59644802006
59646670882
59645900291
59644770906
59645939135
59647481273
59645776046
59645717413
59646768557
59647410027
59644826453
59646904273
59646911403
59646741184
59646111583
59644955695
59646624554
59646591854
59647357133
59646428765
59646370132
59645464727
59644908278
59646549439
59644250009
59646474765
59645013850
59645861530
59644850761
59645570046
59645076018
59647418149
59647371742
59647530028
59644896761
59646765637
59645038297
59647464149
59644875208
59646214189
59646264278
59645754835
59645761038
59645768168
59644921208
59645539316
59646741451
59646835939
59646578362
59646200990
59645643949
59645818185
59647114344
59647377613
59645471891
59647135688
59645003033
59645657323
59644344764
59643994151
59647557647
59647299097
59645354802
59646265173
59646554300
59645433462
59646315093
59646592878
59646880614
59646847914
59647199604
59646468633
59643744098
59646237985
59643581009
59645849590
59645855793
59646617325
59645692704
59644641075
59644648205
59644477986
59645822430
59646967268
59647238074
59645467084
59646342116
59644523986
59646938317
59647683965
59647670896
59646671579
59646578559
59645349995
59646391028
59647498226
59647044451
59646359928
59646649055
59645528217
59647332139
59645060875
59646654933
59644897786
59646415475
59646433211
59646720947
59647772091
59645348670
59644943786
59645871185
59646712080
59646553960
59644735830
59646390871
59644572741
59645917185
59645198881
59645839031
59646149135
59645847305
59646527661
59646439783
59646814162
59646665040
59646327357
59646620013
59647333848
59646456924
59645258101
59646627319
59645907126
59646464230
59647021429
59646761555
59645155630
59647263805
59644992541
59646510230
59645534970
59647198767
59645371881
59644242496
59645410725
59646952863
59645247636
59645189003
59645417881
59647060913
59647613302
59645727214
59645293636
59645933786
59645583173
59644427285
59646096144
59646943824
59645639465
59646190613
59646436961
59644936317
59647054058
59647313557
59647600676
59645946355
59645377409
59645333120
59647803466
59645170031
59647223340
59647164707
59646843332
59647001618
59644368351
59646237227
59646067008
59646734658
59647106251
59647047618
59647056106
59645265328
59646113008
59647694855
59644392798
59646470618
59646648805
59646307529
59646485716
59644522040
59645115539
59645289775
59647582093
59646353529
59647117239
59646607278
59644474623
59646115784
59643816354
59646659057
59645472164
59646770687
59644826392
59646937692
59646532808
59647460207
59646938087
59647613102
59646324852
59647303200
59646161763
59647506207
59646787903
59645709575
59647178213
59645321180
59645327383
59646202415
59645164294
59645105661
59645776462
59647417611
59647927065
59646438858
59645210294
59645384530
59647496148
59643995576
59646409907
59647525385
59646744652
59646143169
59646581563
59644821585
59647123992
59647661857
59646516041
59645831518
59646120645
59644999807
59646836658
59646159223
59646446959
59646414259
59647157095
59646034978
59646192537
59645804330
59646686640
59644415376
59646009434
59646183670
59645929704
59644207420
59645871217
59644044331
59645388775
59646533613
59647194147
59646634200
59645318895
59644090331
59648228949
59646285752
59647908764
59646237924
59646144904
59646451254
59645957373
59646288165
59646610796
59646972820
59647788960
59645303724
59646233145
59644627220
59646735395
59644464131
59645981820
59647926865
59646670357
59647616963
59644915015
59644510131
59646704561
59646878797
59647213754
59644889471
59647070280
59647225238
59645198804
59644765226
59645405376
59647251709
59645413650
59647416368
59646415414
59645111055
59645662203
59645908551
59646612457
59645738795
59646785147
59645157055
59648019235
59644993966
59646630281
59646320770
59646327900
59646157681
59646916405
59646061162
59646753316
59646472986
59646391514
59646740930
59646206248
59646493984
59646519208
59646973552
59646082003
59645584598
59647637907
59647179647
59645293559
59646120395
59648025342
59645957306
59643993630
59647220174
59647520818
59645205810
59645756958
59646003306
59646679036
59646599515
59646879902
59647167021
59647960166
59644943754
59646725036
59647002821
59648275662
59646004398
59647038512
59646409677
59647518726
59645796442
59645350749
59645633353
59646301003
59647603420
59647940618
59647185254
59644831673
59645679353
59647233304
59644962040
59646556098
59647035522
59646671058
59647551909
59647688899
59644681884
59644856120
59647148438
59647201008
59646781134
59647445989
59646216242
59646947927
59646053153
59646225402
59645655453
59642353396
59648148942
59646504037
59646099153
59647653104
59647397098
59647179447
59645918549
59646869545
59646374925
59646169010
59646354248
59645275920
59647280009
59647002672
59646820655
59645768760
59645056795
59647251225
59645342807
59646983956
59646411332
59646005203
59646496106
59646843924
59646454593
59643561921
59647824886
59647869118
59647491746
59645709514
59647650184
59645922844
59646455215
59645759755
59646082386
59647148825
59645703719
59644775314
59645540630
59645805755
59647032499
59647074053
59646517604
59646263765
59647085537
59648603328
59646252985
59643981721
59646460087
59646356438
59645496049
59645145436
59646541870
59645229311
59644878698
59646472756
59645599094
59646239349
59644885240
59648002662
59647975688
59645852097
59647370364
59646769299
59647207275
59645210385
59646243237
59644628645
59647193491
59644465556
59646734137
59645792360
59645799490
59645629271
59647759368
59645532752
59646551062
59647493210
59646245220
59645675271
59646590625
59645965574
59646270906
59646445142
59647332044
59646288104
59646636625
59646791583
59644765149
59647156128
59647496932
59647023000
59647042377
59643942418
59646412764
59644677400
59645228548
59645474896
59646421718
59645305140
59646351492
59644723400
59647431756
59644560311
59646196626
59645887115
59647596627
59645724026
59645620377
59645627507
59645457288
59645489929
59644822339
59646959321
59645772593
59646060329
59647412208
59647586444
59645648348
59645150943
59647204252
59646670201
59646602002
59646507112
59646142648
59645543074
59647137132
59646580683
59647087163
59646553112
59646672598
59646252724
59646462259
59646165860
59646419517
59646707253
59646256428
59645127043
59641824986
59646569166
59646132183
59645570743
59646302428
59647370173
59647085071
59646734458
59644917094
59645846515
59646467720
59647270354
59647188116
59646751599
59646356405
59646292245
59646799649
59644528385
59647510641
59646601867
59646237403
59646799407
59647005138
59645967696
59646315514
59646054578
59646213919
59647296476
59645564018
59647218293
59645400929
59645342296
59646351183
59645221798
59641919741
59647235434
59646226938
59645175309
59646685636
59645012220
59645277345
59646504089
59645934140
59645941270
59645735355
59645058220
59647306476
59646986735
59648369453
59646387000
59648001786
59644967639
59646817570
59647063918
59644700901
59645977677
59647099893
59645070684
59645710939
59646020938
59646308674
59647447278
59646874654
59646588194
59646240889
59646425105
59645489189
59645714827
59645326100
59646665081
59646570191
59645270064
59646493463
59645106975
59645372100
59647384760
59646616191
59646083949
59646535815
59646651882
59645146861
59646269077
59647886615
59647589590
59645922783
59647586580
59645759694
59646108215
59644795656
59644445043
59647824404
59645165439
59645805694
59646716065
59643414008
59645884354
59646969409
59646936709
59646540590
59646773620
59644776730
59645809582
59644194990
59645350228
59644031901
59646300482
59645358705
59647068217
59645195616
59645091967
59645099097
59644928878
59644961519
59646470180
59645241616
59646641785
59645531919
59644974878
59647389209
59647511691
59647754049
59647348602
59646971230
59646113023
59646752434
59646931318
59645014664
59646608722
59643508763
59645979109
59646024702
59646764331
59646635345
59645933849
59646866367
59647230472
59645347888
59646998101
59645799562
59645938218
59646040756
59647162972
59647004852
59645186722
59646061754
59645023633
59645056274
59644388684
59645824009
59646736540
59646298197
59646659706
59646948833
59645827995
59647652645
59646778249
59646236546
59647464475
59646073457
59645708993
59645109419
59646921329
59646147028
59647312123
59646119457
59646859086
59647025094
59645035608
59646699405
59644872519
59644813886
59645822773
59644693388
59641391331
59646735883
59644918519
59645639895
59645868773
59646720381
59647381980
59645756343
59645405730
59645412860
59645242641
59644529810
59646754461
59646603292
59645922750
59645858590
59645288641
59646216040
59647504950
59647670488
59647564327
59646365752
59646571483
59645534041
59645881859
59645620923
59645780264
59646947727
59645130363
59646059784
59644967274
59644908641
59645959785
59646550541
59647557143
59646505514
59646424407
59644741654
59645965053
59644578565
59644843690
59647331523
59645500485
59647168434
59645337396
59644624565
59647670888
59645740667
59647956539
59646611960
59647568131
59647058170
59646606709
59647966408
59644267246
59647384668
59647585359
59644637029
59645277284
59646906035
59646489620
59646989701
59646440999
59646154539
59645984320
59645991450
59646612655
59645281172
59645977706
59644821818
59646136536
59645772072
59645722264
59646653307
59645941342
59647535400
59646182536
59647817022
59647995209
59647662479
59644713206
59645835422
59647452960
59644446468
59646860799
59647708479
59646701464
59646955268
59646538375
59647566778
59646461541
59646402908
59646966933
59646282410
59642980353
59645450699
59646507541
59647228917
59646106935
59646865151
59647607987
59646702062
59644819478
59644916573
59646831663
59645684308
59645817019
59646634562
59646380596
59644658312
59645533344
59644495223
59644527864
59646036525
59647532170
59646208130
59645769787
59644541223
59646405043
59646054430
59647369286
59646914947
59646537575
59647256330
59646366116
59646497663
59644581009
59646392919
59647903446
59645754616
59645591047
59646330676
59646616159
59645500194
59646170995
59647494231
59645745188
59646488024
59645365907
59645779063
59646708484
59644390109
59647664646
59645340363
59645628099
59648526369
59645227933
59645216118
59645064844
59647702601
59645864542
59646226051
59646074882
59645394340
59645110844
59644760231
59646354289
59646189687
59646460871
59647523158
59647993235
59646487674
59645733630
59646410840
59646778792
59646608573
59646885300
59644601953
59646265750
59644438864
59644380231
59646582779
59646489759
59646796109
59646302228
59644484864
59645414285
59645877041
59646286726
59646948325
59645322688
59644972075
59645159599
59644808986
59644096155
59647671066
59646169637
59647325717
59646083550
59644854986
59647129928
59646850000
59646121468
59647066614
59646864246
59647056949
59646408500
59646505595
59648302374
59645961210
59647406041
59646068379
59645626129
59645455910
59645463040
59646084245
59646116886
59647478160
59646071859
59645501910
59645509040
59645338821
59647684196
59645412932
59647006990
59645654126
59647905665
59646406017
59647329993
59647559985
59645307012
59646715303
59646178305
59646552214
59646493581
59646173054
59646426858
59646009965
59647377112
59647524502
59642804288
59646465250
59646163505
59646055965
59646556046
59645979131
59647492285
59645550665
59646209505
59646348161
59646619902
59646805140
59644388163
59647205157
59646662140
59645288609
59646219652
59645507687
59646699866
59645793699
59647383367
59646862224
59647837331
59646946998
59646831124
59647570593
59644012813
59645876633
59647777631
59647639480
59646315777
59646190975
59647372742
59646027886
59645969253
59646533278
59646258260
59646154611
59645226206
59645991522
59647003307
59646232716
59647524945
59646968496
59646714657
59646310227
59646748621
59646398008
59645250653
59646910979
59647168537
59645946941
59645596328
59645099689
59647955702
59646956979
59647320753
59646049986
59647174191
59645336132
59648233964
59645971388
59645620775
59644582434
59647220191
59646981426
59645661277
59645932461
59647052062
59647842428
59645959264
59647674542
59646243252
59646250382
59646080163
59646799448
59646305420
59645737340
59647060576
59646404982
59646054369
59647995039
59646267699
59646274829
59643956454
59648275466
59647493680
59648141236
59648053744
59644794278
59646150610
59644631189
59647473892
59645804316
59644393310
59645641227
59646797307
59644677189
59644326576
59646872610
59645756032
59645593058
59646232435
59646886725
59645574166
59646647518
59645977185
59647213039
59646174918
59646468374
59645539969
59646305285
59645940821
59645273231
59647410213
59647621087
59646362454
59647735232
59644973500
59644980630
59644810411
59647078992
59647121093
59647092325
59646766316
59648104223
59645877607
59647588024
59647031575
59647098569
59646186893
59645649895
59646023804
59645965171
59646249061
59645687813
59646632959
59646981480
59646069804
59642275878
59647020058
59647907523
59645527555
59647947076
59646998505
59647070049
59645022255
59645367986
59645819751
59647503888
59647044505
59646296819
59645068255
59646133730
59644905166
59647250541
59644979277
59646171456
59647052759
59646179730
59645972362
59647308921
59646418588
59646302714
59646281648
59646117448
59646118559
59646014910
59646343816
59645787367
59645793188
59646844332
59647353854
59642370633
59647643391
59645729850
59645626201
59647136528
59645463112
59648015822
59645704306
59645775850
59646392162
59646186247
59645509112
59646220211
59646771502
59646228485
59646519045
59646640127
59645418531
59646266211
59645915598
59646647283
59646428569
59647182080
59645521576
59646523038
59647136938
59646759566
59645442978
59647325546
59647039086
59645882122
59646453016
59646939087
59646165719
59646862253
59647471908
59646582258
59645720956
59646944355
59645557867
59646569652
59646399433
59646985595
59646534841
59646986707
59645876572
59645597753
59647090228
59646696038
59647852749
59646734882
59647689660
59646571793
59646513160
59647422922
59647838083
59645622200
59645616331
59647707150
59647629967
59643864900
59647519035
59647080169
59644148779
59646991482
59647224512
59645227622
59646260474
59645704025
59645801120
59645045756
59647270512
59645809597
59646657277
59645646508
59645939964
59645871765
59645776875
59645412411
59646921072
59645692508
59647092677
59645834044
59645822875
59645670955
59647841811
59647060025
59646550582
59647422122
59646563915
59645716955
59647382210
59645465556
59647059614
59643959655
59646790901
59646475594
59647215223
59647086237
59646438955
59646267638
59645159403
59645798780
59646453070
59645140511
59646663610
59644681157
59646779384
59646150549
59646034719
59646512646
59645871630
59645507166
59644839576
59646274901
59647187432
59646516095
59647110598
59644539845
59646278887
59644376756
59646645337
59646687438
59647040274
59646524349
59645651320
59645443952
59647270050
59646597920
59646885656
59645753238
59646518554
59645590149
59645486500
59645815406
59645323411
59645264778
59647259022
59645636149
59641842223
59647186775
59645369411
59646958731
59646761588
59647171273
59646533126
59646207235
59645247440
59645863752
59645693533
59644980702
59645863164
59647054184
59645700075
59645990635
59645739533
59645158924
59645737801
59647349707
59645746075
59645742421
59647105771
59645984933
59645994628
59646608528
59646231156
59646643052
59645581255
59646510676
59645353712
59645359533
59646030334
59647001433
59646351253
59646943498
59646053848
59645192546
59646415945
59645029457
59647817176
59647557302
59645951377
59646826409
59645788288
59645075457
59646330717
59646561818
59646167628
59646085390
59646206472
59645253679
59646043383
59645984750
59646213628
59647843548
59646748425
59645087921
59646089383
59646729533
59646940512
59646270179
59646891891
59646605431
59646435212
59645832963
59645800263
59645732064
59645637174
59645272710
59646587428
59646658972
59646173156
59646128867
59645683174
59645965778
59646551940
59647960454
59648446101
59647313522
59645164098
59646656573
59644413614
59645294465
59646888523
59647342260
59646995105
59647179171
59646989267
59646709339
59645188545
59646853800
59647444552
59647142807
59643431245
59647085380
59646646514
59646922291
59646557827
59647117013
59645895018
59647330343
59645270370
59645367465
59644612101
59646135200
59644152747
59646250974
59645622139
59645506309
59645984236
59645343220
59644978756
59646487417
59647147951
59646659022
59647293438
59645389220
59646855935
59646505322
59646835532
59646116927
59646378853
59646320220
59646286197
59646157131
59645031901
59646843811
59646734618
59646357246
59646041939
59645990144
59647067051
59646618479
59646621887
59647318924
59646196080
59646036144
59645107739
59645873055
59644247502
59644841001
59647311788
59647201835
59646078991
59646004716
59645678825
59646853387
59645515736
59647210006
59646688863
59646676943
59646525774
59645845232
59645561736
59645211123
59646805181
59646979417
59646725451
59645217665
59645214011
59646836395
59646184522
59646861732
59646211552
59646084899
59646114642
59644476693
59646716642
59644889756
59644831123
59645501924
59646940651
59645822843
59646753120
59644935756
59645865177
59646327933
59646737618
59646099471
59645773580
59645422967
59645610491
59645259878
59644547047
59647998639
59646620529
59647990246
59645556980
59645305878
59644725269
59647300892
59646572360
59645685218
59647315138
59646882557
59645994551
59645560973
59646201123
59646412102
59645741769
59646519271
59646077021
59645906802
59645304553
59645596679
59646567778
59646534542
59646509843
59645952802
59645959932
59645789713
59647426028
59645154764
59647123647
59646105018
59646392754
59646856909
59646785112
59647268733
59646128163
59643885204
59646629197
59647003106
59646944473
59646466695
59646877750
59646460857
59646180929
59646977312
59646089306
59646916142
59646614397
59646506857
59645836524
59646430023
59647039678
59646001557
59645399308
59645366608
59646801933
59645203519
59644839055
59647656049
59646838619
59645739501
59647520783
59645249519
59646684844
59646800145
59647834259
59647461147
59647402514
59646806687
59646146496
59643979959
59644860810
59646327525
59646046232
59647556037
59645883143
59645850443
59645791810
59645757787
59645628721
59647090946
59646709152
59645896443
59648474789
59645733354
59645674721
59646683608
59646826377
59647688493
59646896688
59646761119
59645507734
59646848900
59645344645
59643719092
59643149143
59647291069
59646673425
59645550581
59646314291
59648301107
59646324977
59645552898
59646892483
59646859783
59646964757
59646422280
59646071667
59645033326
59647167193
59645945198
59645886565
59645852542
59645723476
59646774620
59646410156
59647207079
59646800950
59645683142
59645556489
59646820620
59643948283
59646188232
59647511468
59646855874
59645602489
59648445931
59645439400
59646725721
59644407346
59645474226
59647699004
59646499466
59645571061
59645245170
59646419732
59645082081
59647769951
59646255208
59645380915
59646092119
59647859043
59645128081
59644777468
59647255834
59647152185
59646043950
59646988330
59645832442
59646025058
59646792541
59646428077
59646394841
59647035096
59645680987
59644043038
59646756177
59646903567
59646856228
59645068269
59647135517
59646006132
59647074882
59645424392
59645431522
59645261303
59647181517
59647635254
59646595237
59647217208
59645864344
59646328499
59647090936
59647217743
59647040967
59646637785
59646100787
59646474696
59646416063
59646699953
59646138705
59647083851
59647116492
59646448902
59645560896
59646662232
59647988966
59645978447
59645308114
59644738165
59646511268
59645473147
59644870898
59646270643
59647217465
59646100887
59646747711
59645519147
59646310209
59645356058
59646992373
59644721109
59646156434
59647095826
59646630622
59646423254
59646874104
59645968699
59645618086
59643451549
59646568340
59645694678
59645517822
59646794708
59645354733
59645537305
59645579990
59647465948
59646343831
59646756987
59645400733
59645368033
59646535265
59645204944
59645146311
59646155198
59646226742
59647160083
59646368278
59646272140
59646205189
59647222394
59646404964
59646969937
59642620733
59646138226
59646251189
59646366490
59647098175
59647027492
59646968859
59647530971
59645507005
59646642262
59648156446
59645893870
59645612577
59647122382
59645449488
59645416788
59645358155
59645324132
59645195066
59646657291
59646684783
59645462788
59647690909
59645299699
59645241066
59646292210
59647009666
59647187853
59646359765
59646327464
59645074079
59646138043
59644910990
59647179571
59642715488
59647947306
59647022685
59645971056
59645828111
59645807967
59645891322
59645119243
59647341390
59646737017
59644852505
59645853967
59647330633
59644599671
59648029532
59647182747
59646779565
59645763386
59646459920
59645304032
59645496648
59646773424
59646886694
59645866431
59646506686
59646390856
59643514628
59646227767
59646375157
59647383941
59647036636
59647220852
59646284936
59646273767
59646121847
59645040571
59647365938
59646065811
59647106844
59645902722
59646167847
59647785385
59647169012
59646879696
59644947260
59647033889
59646989755
59646583524
59647724737
59646411098
59646718530
59645610295
59646555441
59645398787
59645591403
59645496513
59645132049
59645961186
59646601441
59646485611
59644209755
59646322522
59646469912
59646422573
59646016733
59646701862
59645572477
59646641227
59644990737
59646145975
59644827648
59646747862
59647201599
59647491166
59647038510
59646102212
59645894844
59646913154
59645440289
59647265927
59646204130
59646678279
59645166268
59645982408
59646266298
59647688317
59648227281
59647288151
59646087041
59646139667
59646228577
59644872323
59645810411
59646006855
59644304510
59646077613
59646820449
59645698332
59646111488
59646729596
59647480344
59646314056
59646974590
59645876554
59646441527
59646989688
59645609816
59645722779
59646662171
59646196967
59646193313
59646440449
59645535044
59644978595
59646619756
59647532287
59645261023
59645084167
59646593972
59644921078
59645103650
59645146335
59647032293
59646802145
59646869204
59644967078
59644934378
59647162499
59644771289
59644712656
59646915204
59647654833
59646659443
59645831355
59645838485
59645668266
59645609633
59646618520
59645744858
59642187078
59645704571
59645714266
59646435642
59645299701
59647516128
59647122039
59646552090
59645073350
59646208607
59647085535
59645325557
59647550208
59646704306
59646718497
59646283855
59646251155
59647682589
59646088066
59646029433
59647623491
59647161499
59647257254
59646329788
59646134066
59646308302
59646576011
59646754198
59645926110
59646855531
59645763021
59645704388
59644864506
59645745357
59645892747
59647037585
59647259685
59645537401
59645394456
59645374312
59645639437
59647234141
59646883528
59647647204
59644418850
59645420312
59646461345
59646342390
59647595877
59647407707
59646345910
59647781235
59646182821
59644870377
59645062993
59644968103
59644603639
59645432776
59646073031
59645957201
59646104591
59645014103
59645941502
59646950286
59647424553
59646787197
59647744330
59645840112
59645987502
59645617565
59646932283
59646219452
59646673189
59646018334
59646510100
59646608023
59646735357
59648503837
59646743631
59646808138
59646556100
59646149869
59647071142
59645977443
59646301678
59647159907
59647497211
59645225947
59645558631
59645062858
59644698394
59647198655
59647657881
59646665258
59643776100
59646455608
59647303288
59647304279
59645583078
59647660898
59647536229
59647497809
59646662372
59645712320
59648251445
59646461278
59647669705
59647430309
59646556647
59645668557
59645664903
59646507278
59645006634
59646832272
59646662444
59646535791
59644732613
59644927585
59646219554
59647873783
59648165033
59645952816
59647333322
59646273735
59647352043
59644438668
59645376756
59646899855
59644917402
59646511460
59646386794
59647126423
59646680730
59646295941
59646966742
59645890801
59645379537
59646719122
59645216448
59646556033
59645176161
59645185856
59647600187
59646136110
59645262448
59647333449
59646023680
59644544940
59645860591
59646557125
59646192661
59645542481
59646870629
59646190087
59645755445
59646047571
59647154179
59646985434
59643683377
59647760189
59646797646
59646728844
59645012157
59645605656
59645779892
59647248530
59646225788
59645397700
59647061497
59645234611
59645175978
59644336096
59645311203
59647532319
59646509175
59645280611
59646210032
59644866046
59646410577
59647428204
59646118435
59646814969
59645659081
59646651880
59644891902
59648163100
59646965384
59647229910
59645850200
59645817500
59647252825
59645654411
59645595778
59646266579
59647289511
59647852696
59646105295
59645700411
59645874647
59646756957
59644485693
59646079751
59646421876
59646186333
59646258787
59644430851
59645311702
59645459092
59646497124
59646826030
59646304787
59646301335
59645489924
59646208679
59646079613
59646449873
59647569330
59646215221
59646521571
59646027690
59646125613
59647176757
59646506424
59647347961
59647289328
59646968801
59644697537
59646361334
59644534448
59644169984
59643600035
59647129471
59646136848
59646851712
59644580448
59646774878
59646775869
59646003790
59646483839
59647140597
59646019759
59646133962
59645183910
59647628106
59647457887
59646396090
59646337457
59646028237
59645181372
59646845169
59645978868
59647628346
59645272399
59646134034
59645227372
59646637487
59644399175
59644686911
59647368914
59647650852
59646053381
59646986722
59645890292
59646823633
59646765000
59645925118
59646231603
59646950358
59646021953
59646787269
59646870624
59646098545
59647873180
59647102574
59647390310
59647105974
59646190712
59647755347
59646027623
59647706726
59646810887
59646122992
59645276127
59644734038
59646073623
59647243433
59647184800
59646845733
59643543676
59646131879
59644493930
59646767135
59647354459
59645378181
59645519161
59647108829
59646457024
59643154967
59647359290
59646019873
59646466200
59644483747
59647913840
59647046129
59647503250
59646247075
59647043896
59646533087
59647668635
59644945882
59647657138
59644782793
59647212213
59647070576
59644752201
59648572864
59647218755
59644828793
59646899794
59645590025
59646286559
59645130671
59646123470
59644967582
59645189057
59646436974
59646701500
59645321790
59646169470
59645013582
59646551779
59643249722
59647454045
59646761101
59647608781
59647443265
59645172001
59645346237
59647546718
59646686329
59646129880
59647065336
59645657923
59646068978
59643902441
59647476036
59645114777
59645968714
59646297620
59645776377
59645988197
59645976922
59647307658
59646272076
59646400665
59645225426
59645818925
59645062337
59645655836
59645597203
59646796255
59646445642
59646819551
59646760918
59646723032
59645876072
59645832924
59646855856
59646865551
59643071625
59647155854
59646702081
59646323302
59644052038
59646224635
59647419751
59646865149
59645955429
59646612187
59645491349
59647840252
59646063469
59645132698
59645900380
59645867680
59645809047
59645775024
59645645958
59646316759
59646975477
59645913680
59644743989
59645750591
59644698962
59646362759
59644535873
59644158501
59646810657
59646817787
59645524971
59646588935
59645361882
59647630463
59643166380
59646824031
59645703193
59646421948
59645540104
59646258859
59646342214
59645570135
59646417815
59646706942
59645586104
59646304859
59646719693
59647226937
59646556604
59647314792
59646282477
59645594582
59644747717
59645754924
59645545213
59647224316
59644838744
59646317323
59643015266
59647092787
59643965520
59644253256
59646826049
59645779371
59646677869
59647138787
59647345735
59647036795
59646872049
59645491463
59647816830
59646516703
59647391735
59646353614
59647158853
59645718665
59646995764
59647282221
59647301154
59646672319
59646271660
59646212965
59646651359
59646861990
59646377232
59648044454
59646214143
59644300383
59646439400
59645947405
59647465094
59646412078
59643110021
59647822704
59644660647
59646365589
59646920804
59644944526
59645641060
59644485172
59646023369
59642721312
59646925635
59646248500
59647080371
59647198754
59646861067
59647480376
59647086324
59646157919
59646610241
59646572622
59645891181
59647167957
59646599011
59646307720
59644586367
59646618622
59646287984
59647951781
59646124895
59645747523
59647431169
59646590559
59646679469
59644697016
59646261303
59644533927
59644755402
59646460344
59646267845
59646297255
59646238622
59644579927
59647139812
59645347662
59647425482
59646327446
59646337141
59647295034
59645476904
59646173671
59646536911
59646830466
59645696225
59646667377
59645985936
59645429487
59646693766
59647983179
59644681122
59645535059
59644604288
59645371970
59645554542
59645597227
59647483185
59647368393
59645967010
59645417970
59645385270
59645559506
59645222181
59645163548
59645834349
59646785487
59646276044
59646282247
59646289377
59645442417
59646060525
59647466517
59646195750
59642637970
59646722199
59646165158
59647754478
59645750593
59647937395
59647364771
59647002982
59645524242
59646178532
59645057694
59645776449
59646658911
59644699043
59646495822
59646786382
59647728530
59645954671
59646533548
59645883104
59646074194
59646538168
59644310334
59646780680
59644265307
59645929104
59644102218
59643724846
59646377002
59647252034
59646149459
59646155280
59646826081
59647014289
59646343639
59647488477
59647710577
59645988293
59645845348
59645825204
59647459526
59647366506
59647334420
59647263737
59646899273
59645871204
59645743250
59646793282
59646122949
59646881137
59645848822
59646049426
59645685733
59645321269
59645910990
59645418995
59646936684
59645883668
59642581611
59647926163
59646555483
59645464995
59646392394
59645345716
59647075169
59646628710
59646596010
59646603140
59646432921
59645720090
59647383175
59646270144
59646332657
59646469226
59646478921
59647406320
59646394825
59646848566
59646378657
59647556032
59645838005
59645779310
59645209361
59646090212
59646752570
59647423371
59647282764
59645676839
59647785014
59645513750
59647028342
59646360389
59647719976
59647116150
59644226992
59645931934
59647155333
59645768845
59645710212
59644051517
59646484929
59647623494
59646248423
59645814845
59646646716
59646912170
59644948494
59647046721
59646008501
59646160674
59646489580
59646138967
59645457526
59647283164
59646165356
59647454769
59644152712
59645898618
59645854329
59647518126
59645691240
59645313868
59647174600
59647115967
59647123097
59644889560
59645827648
59647291191
59645368294
59646962352
59646837686
59646785891
59646793021
59647414226
59646706157
59644914007
59645830429
59646831891
59645667340
59646668802
59645043249
59645636748
59646103256
59646984107
59645713340
59647638448
59646474572
59644995832
59646311483
59647008017
59647454985
59645993373
59644170633
59646640979
59646357483
59647054017
59647297215
59646934738
59644134269
59646013412
59646009758
59646497522
59645463049
59647309112
59645400694
59646880646
59645842389
59645272440
59646723624
59645685503
59645626870
59646297671
59645762095
59646618590
59646960067
59645731503
59646660924
59645316938
59646861469
59646931116
59646569327
59646474437
59646109973
59646981357
59645342794
59647206614
59647416276
59647037250
59646352727
59646212381
59645521016
59647357867
59647299234
59645640539
59646935468
59647678304
59646556187
59645203323
59646325539
59647207849
59644936585
59646530643
59646818379
59646450913
59646100300
59646392426
59646255124
59645909984
59647054822
59647276922
59645741734
59646429670
59645940816
59645950511
59647251378
59646900765
59647188501
59645850247
59646972463
59645309595
59646809374
59644680951
59646957316
59646307136
59647740220
59646754354
59645148429
59646812226
59644985340
59646503029
59647419451
59647191566
59646587740
59647302604
59645031340
59647067321
59647477006
59647384600
59646195055
59645956519
59646349879
59645720013
59645286435
59646954060
59647359917
59645899002
59647273830
59645839430
59645632264
59645961170
59646429760
59645945002
59645723291
59645781913
59645678264
59644775706
59645515175
59645137803
59646841979
59646849109
59646678890
59646646190
59646587557
59646594687
59645926734
59646912723
59646682495
59646692190
59646519406
59646529101
59646470468
59646603212
59647622124
59646051274
59647364250
59645814768
59646303481
59646310611
59646140392
59644514839
59647261779
59645574846
59645727019
59645184930
59646524515
59647200245
59647120724
59646348645
59643994568
59646979876
59645464963
59646792345
59647123137
59645829073
59646525607
59646740945
59646682312
59643605859
59646519223
59646870671
59646857536
59644934639
59647852420
59646478889
59646352236
59646697967
59644744030
59646983979
59647459005
59645396774
59646398236
59645233685
59646235147
59646898617
59645203093
59646269973
59647669647
59645279685
59647302343
59646040917
59645946027
59645581563
59646574362
59645418474
59646176662
59642874605
59645992027
59645923828
59645828938
59645464474
59647364363
59643700614
59647784077
59646628189
59646896134
59646690219
59646875457
59645797129
59647034287
59647137221
59644838785
59646289969
59645922503
59647236440
59645864016
59647505165
59645565669
59646526412
59646748512
59646227269
59646605219
59645772714
59647758550
59646722968
59646040782
59645676318
59646547702
59645513229
59646772959
59646280964
59646603595
59646896534
59645778726
59647211810
59647495700
59646326964
59646283816
59647595262
59647038813
59646784974
59647439202
59647321241
59646774194
59644502930
59646675527
59647163868
59646017258
59645666645
59647063079
59645821469
59645762836
59646994596
59645583590
59646831507
59646262561
59645867469
59645311020
59646952181
59646767651
59646783338
59645416592
59645194881
59645253503
59645149854
59644247296
59644986765
59644609393
59646313569
59646320699
59646150480
59646333052
59646375737
59647133568
59646985796
59647274923
59646154085
59646163780
59645990996
59646000691
59645942058
59646950945
59646868707
59645522864
59646036996
59645286358
59647000936
59646520405
59647007496
59646357316
59644463627
59645405775
59645198609
59646862406
59645996105
59646942927
59645289636
59647706768
59643466158
59647543679
59645081520
59644704148
59646408324
59646230263
59646245235
59646212535
59646153902
59646906413
59645990813
59646479068
59647480530
59646258535
59647324010
59646095446
59646036813
59646169557
59647361736
59647733113
59646930595
59647123211
59645869826
59646663857
59645706737
59647658341
59646828124
59648164809
59646665035
59644751275
59646623858
59646983468
59646687069
59645914990
59643560913
59648047720
59645648252
59642346195
59645463617
59645395418
59645300528
59644936064
59646835953
59643172204
59647255667
59646099779
59646367724
59646273927
59647311959
59647360132
59647537216
59646608811
59644310375
59646310479
59647170904
59647193145
59647049903
59646758612
59645037259
59646842525
59646488905
59645836318
59646575787
59646198415
59647072402
59647247736
59645512372
59645147908
59646309868
59644984819
59645743007
59642440950
59645558372
59646748147
59645395283
59645030819
59647531080
59645798554
59648158210
59646194534
59646462479
59646256564
59645927796
59646792831
59646987803
59647281358
59646147117
59646994797
59645488848
59646802785
59646793703
59647497609
59645132014
59647436974
59645055180
59646977620
59646171564
59645339059
59647997346
59647819285
59646417902
59646897959
59645780151
59646010398
59646236036
59645847309
59646285241
59646312628
59645962015
59646778155
59647062045
59645893309
59646602691
59647137400
59646605158
59646935414
59647005547
59645668070
59646861235
59646802602
59648110799
59646873360
59647051547
59646340297
59646629424
59645508586
59646655836
59647109803
59645149935
59646616069
59645828906
59643935217
59644877365
59646518526
59646333996
59646349683
59645874906
59644761226
59646330791
59644716199
59645871437
59644553110
59644175738
59645879914
59646926264
59645716825
59645899397
59645942082
59647465181
59645482728
59646991389
59645762825
59645730125
59647314217
59645567036
59645508403
59647085716
59648123748
59647455190
59646841600
59646634232
59646194142
59646703694
59645535873
59646540605
59644029972
59646500318
59646136625
59646855910
59646095448
59646455058
59647387576
59647687227
59643032503
59647519310
59646324161
59647516818
59646161072
59645796608
59647526061
59646635847
59646437720
59646472758
59645577483
59646170982
59647053444
59646721036
59646783549
59646518758
59646929813
59646349204
59646845717
59645782069
59646757755
59648006924
59646288897
59646230202
59645630628
59646541104
59646668237
59647833332
59646640666
59646547646
59646190203
59646549813
59646690907
59646811281
59647541533
59648133778
59645214597
59641912540
59645029962
59646219737
59644866873
59644502409
59646935821
59647590111
59646277552
59645666124
59645934069
59645763850
59645399386
59647275670
59646459393
59646443959
59646900338
59645809850
59646737249
59647923018
59646616248
59647463928
59644603604
59646635859
59645513797
59647460459
59646142132
59645764760
59647468936
59646814081
59646580993
59646906036
59646417904
59646768821
59647071750
59647603885
59647351847
59645784218
59646463904
59646486262
59647097425
59645364899
59647839824
59646021694
59646354378
59645858605
59645494141
59646484745
59646554148
59647434999
59647133169
59647297916
59646523137
59647891722
59646360048
59644025890
59647905877
59648106568
59644621525
59646543965
59647427244
59647257025
59647510910
59647385630
59646675748
59646464304
59645346496
59646863576
59645802381
59646820834
59645343027
59645878973
59645528360
59645723332
59647015301
59646533500
59646169036
59646703745
59648168600
59647069482
59647013078
59645234415
59647219650
59646063762
59645713149
59647307207
59648178747
59646925329
59647476477
59645309940
59646222181
59646686548
59646175284
59646182414
59646012195
59643501562
59645971908
