0
1206723154842
1206722716038
1206722345098
1206723831706
1206722168053
1206722638505
1206722064513
1206721947564
1206724435678
1206723339815
1206722353676
1206722715256
1206723100529
1206722579278
1206723032131
1206723434115
1206720234715
1206722699813
1206722257520
1206721811020
1206724068147
1206722924165
1206722481872
1206721741183
1206721167191
1206721972432
1206723093439
1206722442493
1206723378474
1206723192696
1206723023602
1206721872328
1206722134809
1206722536793
1206722560997
1206721802491
1206722792246
1206720913698
1206723326369
1206722026843
1206722487392
1206722037403
1206722988324
1206722365211
1206722196117
1206722598101
1206722622305
1206724043036
1206722420469
1206720975006
1206722892168
1206723615346
1206721663675
1206721199358
1206721894924
1206722121307
1206722429047
1206724158186
1206723650450
1206723370910
1206722979597
1206723445405
1206723160763
1206723676654
1206721724983
1206722564382
1206721956232
1206722486775
1206722242746
1206722718024
1206723393827
1206721437572
1206722467098
1206722726104
1206723419147
1206722969158
1206723727650
1206722473588
1206721500036
1206722548083
1206723175289
1206722779332
1206723013084
1206721667060
1206722528406
1206722014801
1206723641387
1206723030466
1206722591662
1206720540250
1206723707330
1206722875591
1206722521825
1206722071836
1206723627678
1206721728368
1206720602714
1206722229300
1206722277967
1206723316319
1206723282025
1206723914895
1206723251134
1206723329137
1206723582577
1206722133144
1206721694340
1206723344489
1206723236134
1206722357496
1206722339275
1206723788285
1206723388194
1206723976203
1206722318117
1206723254098
1206722567174
1206722287634
1206722755092
1206723450658
1206722353812
1206722926078
1206722871657
1206722220711
1206721575407
1206723201993
1206722801820
1206722363016
1206721913027
1206720354296
1206722611423
1206723081875
1206722415120
1206723313124
1206724090373
1206721390312
1206722078232
1206723643233
1206724029725
1206723921588
1206721974335
1206724152837
1206720678085
1206722304671
1206723026234
1206722254390
1206723246534
1206719456974
1206724069367
1206722184553
1206723761826
1206722415802
1206722440006
1206723094103
1206722787747
1206724730241
1206723132403
1206722315698
1206721313196
1206723378922
1206723823763
1206721920205
1206723720223
1206721357068
1206722349212
1206721375660
1206723172045
1206722956221
1206722959661
1206722888708
1206721542684
1206722411676
1206721890425
1206723870916
1206723213290
1206721418376
1206720415874
1206723466489
1206723143453
1206721022883
1206722822901
1206723628142
1206721603992
1206720478338
1206724110139
1206722153591
1206722062339
1206723157649
1206723790519
1206723126758
1206723204761
1206722973594
1206722315968
1206722569408
1206722686116
1206723111758
1206723799097
1206722214899
1206723663909
1206723169474
1206723851827
1206722752341
1206724278015
1206722442798
1206722163258
1206722630716
1206723326282
1206722229436
1206722801702
1206723754421
1206722096335
1206721451031
1206724047828
1206722813649
1206723035032
1206721740194
1206720229920
1206722487047
1206722957499
1206722290744
1206723188748
1206723965997
1206721265936
1206722786275
1206723413849
1206723905349
1206723220343
1206722971695
1206723035954
1206720553709
1206723018807
1206722576514
1206722130014
1206723133107
1206719332598
1206723098418
1206722060177
1206723637450
1206722291426
1206723077864
1206722969727
1206721971608
1206724605865
1206723008027
1206722191322
1206722074373
1206724239435
1206724131732
1206721795829
1206723727546
1206721232692
1206723384078
1206721725992
1206723303265
1206722789660
1206722835285
1206723937224
1206722180542
1206723831127
1206722765448
1206723746540
1206722628582
1206721294000
1206723211162
1206722945457
1206723378077
1206720898507
1206723733066
1206722850000
1206721724346
1206723525287
1206723985763
1206723003642
1206721937963
1206723886016
1206722760362
1206723006765
1206722889816
1206722849218
1206723631817
1206723231117
1206721785654
1206722048135
1206723674721
1206722474323
1206722010006
1206721952678
1206720827024
1206722627965
1206724589984
1206723510339
1206723046022
1206723404191
1206722278537
1206722109443
1206723736029
1206722535631
1206723685748
1206721646838
1206720888332
1206722689273
1206722910656
1206721577001
1206721112684
1206721808250
1206722339845
1206722390830
1206723946672
1206723011715
1206723122286
1206721708146
1206723289473
1206724247241
1206722469938
1206721638309
1206722788426
1206720749516
1206722400101
1206722452138
1206722013334
1206724004922
1206723031370
1206722974042
1206722294801
1206724440371
1206722531246
1206723198394
1206723821740
1206720810824
1206722461409
1206723401528
1206721572616
1206722071584
1206724864494
1206723459244
1206722356109
1206724273271
1206722548541
1206722504988
1206722134048
1206723061609
1206722665284
1206723718049
1206721633924
1206723533308
1206723986211
1206722948622
1206724525895
1206722504206
1206723229645
1206723466385
1206722821081
1206722561922
1206721606550
1206723623849
1206722725624
1206721599970
1206723857097
1206724253625
1206723173664
1206722723675
1206723761640
1206722635986
1206722882389
1206722765440
1206723521234
1206723507441
1206723106741
1206721661278
1206721923759
1206724388857
1206722349947
1206721885630
1206721828302
1206720702648
1206723946454
1206723809145
1206722276342
1206721826353
1206723279815
1206722154161
1206721985067
1206724083896
1206722411255
1206723561372
1206721522462
1206720763956
1206724232224
1206723165879
1206721452625
1206720988308
1206721448857
1206722215469
1206723463966
1206723947136
1206722887339
1206723868141
1206721583770
1206722955325
1206723625378
1206722345562
1206721513933
1206722353332
1206720625140
1206722275725
1206723736165
1206722268557
1206724162353
1206723381702
1206723834555
1206722515054
1206722566644
1206722406870
1206723836252
1206721294598
1206720686448
1206721525847
1206723414027
1206721448240
1206722802034
1206721456010
1206723033283
1206722554217
1206724252270
1206722424165
1206722380612
1206721355906
1206722937233
1206721587155
1206723593673
1206721509548
1206723416628
1206720397276
1206721974549
1206720628525
1206723093623
1206723105269
1206723070975
1206723703845
1206722437546
1206723525544
1206723354948
1206722229294
1206721483290
1206720458584
1206723700749
1206720689833
1206722599299
1206723417412
1206723177144
1206723078196
1206723928369
1206723338253
1206722196301
1206722290602
1206722544042
1206723239608
1206722642015
1206723232711
1206722660607
1206722221803
1206722947242
1206724046540
1206723684769
1206722151966
1206721701977
1206723257819
1206723108654
1206722180874
1206723786955
1206722440931
1206723444692
1206721887543
1206723889683
1206724107848
1206723669044
1206723909755
1206721763285
1206721324481
1206722049920
1206723339590
1206723168994
1206722043340
1206723003974
1206722466534
1206722830949
1206723501002
1206723062198
1206723079356
1206722228956
1206722883053
1206723334809
1206723931972
1206723663379
1206722104648
1206721987699
1206723153567
1206722892257
1206721709155
1206722271672
1206721146018
1206721170222
1206722747495
1206721401471
1206722745171
1206722748611
1206722677658
1206721331634
1206722908907
1206722437487
1206723659866
1206723002240
1206721207326
1206721231530
1206722256245
1206721462779
1206720811833
1206723646392
1206723539412
1206720272900
1206721850173
1206720504149
1206722916968
1206721851289
1206722832381
1206723579469
1206723414961
1206723352711
1206722762544
1206722104918
1206722358358
1206720334208
1206722711927
1206720565457
1206723482063
1206723293036
1206722958424
1206722953820
1206723939514
1206723213877
1206722071925
1206722166226
1206721935059
1206722880215
1206722517639
1206723108335
1206723543371
1206723104567
1206722822866
1206724120232
1206723903943
1206722823982
1206722753029
1206723239480
1206722984278
1206722056498
1206723662579
1206722316555
1206723938332
1206721763167
1206723931435
1206722894741
1206723924267
1206723009293
1206722760645
1206722824904
1206721925544
1206723166757
1206722957205
1206721918964
1206722879598
1206722342158
1206722887368
1206722208127
1206723103950
1206722954980
1206722866814
1206722758677
1206723660890
1206721997419
1206723490546
1206721980272
1206721863323
1206723029191
1206721828634
1206721584779
1206722059883
1206721021642
1206722052986
1206723190603
1206722284235
1206722620795
1206722624235
1206723726174
1206721969492
1206723899537
1206722861948
1206723535490
1206723093197
1206721082950
1206722114294
1206722131869
1206722345543
1206720687457
1206723522016
1206722638950
1206723339704
1206723744803
1206723579732
1206722792592
1206721726913
1206722708005
1206722801327
1206723002215
1206723032576
1206722638168
1206722954969
1206723133335
1206722694531
1206721811465
1206723612406
1206723357687
1206723339466
1206721741628
1206723318901
1206722847481
1206723531105
1206723697987
1206723543253
1206721810683
1206721904005
1206722648859
1206722135254
1206722739357
1206722561442
1206721435788
1206724449693
1206720914143
1206722699606
1206722987653
1206722480141
1206722471804
1206722981073
1206722365656
1206722633783
1206722800665
1206723516157
1206721497096
1206722770365
1206723384542
1206722258888
1206723643409
1206721664120
1206720538466
1206723042381
1206722832829
1206721802284
1206722825932
1206721582819
1206722762992
1206722083751
1206723868845
1206722320196
1206722987344
1206723280241
1206720599774
1206721873043
1206722487220
1206721361566
1206722887240
1206723911955
1206721704258
1206722145059
1206721935507
1206722337491
1206721928610
1206723341549
1206722159859
1206723328838
1206722807409
1206721422874
1206722499868
1206723305109
1206722737572
1206723887689
1206722968821
1206724071294
1206721989918
1206723843734
1206722221167
1206721395500
1206722023074
1206722514574
1206724091847
1206723366417
1206723455356
1206723322968
1206721910087
1206723550590
1206722676951
1206722877839
1206722908200
1206723310184
1206722084382
1206723173972
1206722838363
1206721687089
1206723516664
1206722579545
1206723215090
1206721617252
1206723194525
1206722723105
1206723598095
1206722740957
1206723198188
1206723068765
1206721779629
1206723033447
1206722010878
1206722412862
1206722437066
1206721311412
1206724325317
1206720789767
1206722954829
1206721682223
1206722355765
1206721237807
1206722864393
1206722241280
1206722814112
1206722676289
1206723391781
1206721372720
1206722744275
1206723260166
1206722134512
1206723296426
1206721539744
1206720414090
1206723240489
1206723715593
1206722057507
1206723137901
1206721458443
1206722241042
1206722805583
1206722355594
1206721916790
1206723272814
1206721083548
1206720475398
1206721314797
1206722362844
1206721237190
1206723199209
1206722119564
1206723123818
1206722343167
1206722796020
1206721978098
1206723465821
1206721144856
1206722726183
1206720256063
1206723382623
1206721298498
1206722375492
1206720186226
1206721763499
1206720417475
1206722857328
1206723946918
1206723213735
1206723467175
1206722226496
1206720317371
1206721898698
1206723044950
1206722928001
1206720247534
1206723159250
1206719358741
1206723971134
1206723206362
1206722055088
1206722867146
1206723790964
1206723127203
1206721960006
1206723049596
1206722316413
1206722569853
1206722430965
1206719420049
1206723172334
1206722010753
1206722736192
1206722378877
1206723473719
1206722068469
1206723073812
1206723046769
1206721157766
1206721969824
1206723575905
1206722229881
1206723233642
1206722194176
1206723014177
1206724378827
1206723457994
1206721557847
1206723135120
1206721113431
1206721838870
1206723128540
1206722689736
1206721171147
1206722792924
1206722255484
1206722619899
1206723389865
1206722851148
1206723172050
1206722892510
1206723359968
1206722908864
1206723591217
1206722751044
1206723013525
1206722130459
1206722116666
1206722681207
1206722231218
1206721792414
1206723233358
1206720959172
1206722536445
1206721190421
1206723437601
1206723486268
1206723074833
1206721995188
1206723572461
1206722226437
1206723678784
1206721853722
1206723341445
1206721020480
1206722045195
1206720131687
1206723565797
1206723547576
1206723862359
1206720061850
1206721639123
1206720293099
1206722758197
1206723738051
1206722621331
1206723342799
1206723203911
1206720192995
1206723019522
1206722868295
1206722803625
1206720123158
1206722500877
1206719234365
1206722866166
1206723081986
1206721930712
1206722742770
1206723666588
1206723002827
1206721860875
1206722967122
1206721724009
1206722445477
1206722306589
1206719295673
1206724011475
1206722023252
1206722611816
1206722254501
1206723512972
1206721944093
1206722900979
1206723028430
1206721033390
1206721845448
1206723451529
1206722105505
1206723195454
1206722069800
1206722889801
1206722683691
1206723713217
1206723760205
1206723114153
1206723896752
1206721714494
1206723011860
1206722746155
1206721046771
1206722668548
1206722131108
1206722970507
1206724005599
1206722892900
1206723452211
1206723196833
1206723909235
1206722784488
1206721786369
1206721687421
1206723516357
1206722006083
1206722818141
1206721617584
1206724066907
1206721848833
1206723107304
1206721841936
1206723419209
1206722073185
1206723657854
1206722720735
1206723330056
1206723732040
1206723686463
1206721973081
1206723554408
1206720790099
1206724266020
1206721108761
1206721920819
1206721014451
1206723639112
1206723423200
1206723562986
1206723813293
1206723533753
1206723368682
1206723615716
1206721823413
1206722496955
1206722590277
1206723335131
1206721075759
1206723254146
1206722743919
1206723368698
1206722483481
1206721600415
1206723085361
1206722741790
1206722541197
1206722813476
1206723625534
1206722636431
1206721762792
1206724397049
1206722989205
1206721599633
1206721692955
1206722437809
1206721924204
1206723195336
1206722350392
1206723426585
1206723456245
1206720703093
1206722504034
1206722776603
1206722269091
1206722969035
1206723374944
1206722154606
1206720865470
1206723499727
1206723305107
1206722887734
1206721522907
1206723173492
1206723635829
1206723223772
1206721453070
1206722390530
1206721441606
1206722621779
1206723792135
1206722614882
1206721371769
1206722846131
1206722477622
1206723165542
1206724311794
1206722346007
1206723069191
1206722664495
1206720625585
1206721563045
1206723353164
1206722676190
1206723700905
1206721493208
1206720544284
1206721724457
1206722982928
1206721717560
1206723130499
1206721948809
1206724009240
1206722596359
1206723414472
1206721448685
1206723094059
1206721848705
1206723676639
1206720665723
1206723333171
1206721778868
1206723834103
1206720890075
1206722937678
1206721812024
1206723438610
1206723688917
1206723155367
1206723244306
1206723111918
1206721699037
1206723379719
1206722465901
1206723342454
1206720951383
1206723968282
1206721873332
1206723499918
1206722986313
1206721476039
1206723305614
1206722368495
1206722416821
1206722599744
1206723501158
1206722512055
1206721638416
1206723404511
1206722987138
1206723635760
1206721568579
1206723145852
1206721799828
1206723070960
1206722226016
1206721541010
1206723331869
1206720578717
1206722702481
1206721471173
1206722144715
1206721702422
1206723250568
1206722030230
1206720741094
1206724044006
1206723180731
1206722763358
1206721398531
1206723049116
1206723639078
1206723085376
1206721328694
1206720643688
1206721317230
1206723371267
1206722664370
1206722926851
1206721247393
1206722029992
1206722353246
1206722831394
1206721705740
1206722221631
1206722944815
1206722257891
1206720501209
1206722151794
1206723228788
1206722764471
1206722616795
1206723686420
1206720419908
1206722584970
1206721767048
1206723254771
1206722815967
1206721170667
1206720045013
1206723058918
1206723290096
1206721324309
1206722678103
1206722206683
1206721081029
1206722646278
1206723208795
1206723002685
1206723256125
1206722786788
1206720106321
1206721687648
1206722833900
1206722716951
1206723030991
1206720273345
1206719147691
1206723760084
1206723255343
1206721844038
1206724093519
1206722848096
1206723790757
1206721748956
1206724207961
1206722105363
1206722006415
1206721889466
1206719208999
1206723821392
1206721936578
1206722741819
1206722167827
1206722521180
1206721857419
1206722862762
1206723511384
1206720946716
1206724691564
1206721950774
1206722893435
1206723108780
1206721416634
1206722803127
1206721109093
1206721914334
1206721346797
1206722924070
1206721578046
1206724043144
1206723604340
1206722056943
1206720960097
1206723800856
1206722818735
1206722281295
1206723218755
1206721975642
1206722961000
1206723389741
1206720519312
1206722199994
1206723246891
1206722539994
1206722802475
1206721919409
1206721905616
1206723145822
1206722707018
1206721581364
1206723022308
1206722955425
1206722133515
1206721853975
1206722321433
1206723275218
1206722863783
1206722492419
1206723562044
1206723598272
1206722921499
1206721642672
1206723130395
1206721022087
1206721046291
1206719920637
1206722934542
1206723336526
1206724121611
1206722553727
1206722082307
1206720956653
1206723529042
1206723799853
1206722878309
1206722911060
1206722662412
1206719981945
1206723167472
1206722709524
1206722592575
1206722940773
1206720148969
1206719023315
1206722655116
1206723229936
1206721719662
1206722972368
1206722723720
1206722994964
1206723881726
1206722902531
1206721980987
1206721882039
1206721765090
1206719084623
1206723800425
1206721812202
1206722617443
1206722043451
1206722396804
1206721733043
1206723318753
1206723591681
1206720822340
1206722075046
1206721826398
1206722097642
1206722984404
1206722299398
1206722678751
1206720984717
1206721789958
1206723549155
1206722903103
1206723564115
1206724008956
1206722540717
1206721932567
1206720835721
1206723474361
1206722694359
1206722156919
1206723576733
1206721851266
1206723143895
1206723661448
1206722539935
1206722075618
1206722602025
1206721476371
1206723305307
1206721795033
1206722755667
1206721700723
1206721643395
1206722020134
1206722980019
1206722831049
1206722601243
1206722634746
1206724218146
1206723150842
1206722246573
1206724710175
1206723475413
1206721762031
1206721704703
1206720579049
1206724295407
1206720897711
1206721929055
1206720803401
1206723428062
1206723212150
1206723499748
1206723602243
1206723536721
1206723882690
1206723320824
1206723212469
1206723236673
1206722786684
1206723467922
1206720864709
1206723043096
1206722716847
1206722992815
1206722948096
1206724035250
1206722874311
1206722530740
1206722330147
1206722602426
1206722847992
1206723606484
1206721551742
1206724185999
1206722778155
1206722339351
1206721889362
1206722570600
1206722587758
1206722984286
1206722046826
1206722095493
1206723245195
1206723712653
1206722615807
1206723134961
1206723640926
1206723443434
1206721950670
1206723631352
1206720654420
1206723288677
1206722175022
1206722156801
1206721311857
1206724195704
1206723424779
1206723012722
1206723561326
1206722392137
1206721230556
1206722793080
1206723958135
1206723349985
1206722743604
1206722723243
1206722266572
1206722954492
1206723019519
1206722134957
1206723211951
1206722453445
1206720414535
1206721351995
1206723142114
1206722677797
1206722702001
1206721576347
1206720333234
1206721895758
1206723060813
1206723847251
1206723273259
1206722612363
1206723970363
1206723985415
1206722122197
1206721237635
1206722314629
1206721637655
1206721580327
1206720454673
1206722796465
1206723702504
1206721804679
1206720679025
1206722726628
1206723103093
1206723375372
1206722949929
1206722375937
1206723181178
1206723196448
1206723088093
1206723636697
1206722613851
1206722294636
1206720740333
1206721667894
1206723164401
1206721899143
1206723649867
1206722990687
1206723388753
1206722798602
1206722205771
1206722478050
1206722938599
1206723482108
1206721427366
1206723901742
1206724008966
1206722929747
1206721716529
1206723445668
1206722463382
1206722859910
1206722267079
1206721329960
1206723120819
1206722341265
1206722491431
1206723010585
1206723516550
1206722365976
1206723039518
1206723506976
1206720530044
1206724623519
1206723616623
1206722032425
1206721187481
1206723132081
1206723680043
1206723230054
1206723911292
1206720432638
1206721106180
1206723160217
1206723128985
1206722690181
1206722619228
1206723005471
1206722142196
1206722620344
1206722170355
1206722010581
1206723087575
1206722046841
1206720290159
1206722234759
1206722782721
1206722332732
1206723006274
1206723780582
1206720208858
1206723956805
1206722231663
1206721792859
1206722604917
1206720959617
1206722536890
1206722065470
1206723079046
1206721113259
1206722190253
1206721995633
1206721578260
1206724018113
1206722672089
1206724422813
1206722108952
1206722575738
1206722602252
1206720132132
1206723275366
1206722825553
1206722251561
1206720062295
1206721639568
1206721168148
1206723982761
1206722489475
1206722170260
1206722637046
1206721543518
1206723120791
1206721774767
1206722921019
1206721795365
1206721678416
1206723648653
1206719234810
1206723138922
1206721962389
1206722831381
1206722310130
1206723777366
1206723884590
1206723505007
1206721592153
1206724002659
1206721739724
1206723390666
1206724467303
1206721205584
1206722023697
1206720898043
1206721703284
1206723265808
1206724399314
1206722241600
1206723922282
1206723393290
1206721845893
1206723595418
1206723492247
1206722607685
1206722070245
1206722523098
1206721764592
1206723105678
1206723786916
1206720308262
1206721988944
1206723035841
1206723004609
1206722565805
1206723377863
1206722668993
1206723745987
1206722495968
1206722045979
1206722893345
1206723048119
1206721922465
1206722351206
1206721625776
1206722658345
1206722208356
1206722889594
1206724225598
1206723387222
1206722710449
1206722107287
1206721668483
1206722480541
1206720835241
1206722412514
1206721687084
1206723099252
1206722269664
1206722448876
1206721871257
1206721453884
1206724173397
1206723193552
1206723149999
1206722700010
1206722451362
1206723310295
1206720007756
1206722857474
1206722735335
1206722510184
1206719937919
1206721515192
1206721043772
1206723858385
1206723372239
1206722761318
1206722322514
1206724163612
1206723438182
1206722482810
1206722252677
1206721670989
1206721554040
1206724528211
1206719110434
1206721960152
1206721838013
1206722707005
1206722185754
1206723965149
1206724152452
1206723380631
1206722843191
1206721863996
1206721425192
1206723266290
1206724152771
1206722088348
1206721899321
1206720773667
1206721578908
1206724051702
1206723601713
1206723162909
1206723797906
1206722329667
1206721721517
1206723268923
1206724214079
1206722483309
1206721945869
1206722398722
1206721640216
1206722932845
1206724042139
1206722328885
1206721864568
1206722390975
1206723091729
1206721502182
1206724260627
1206722544617
1206723621611
1206721432345
1206721809084
1206722538198
1206723221822
1206722390193
1206723233970
1206721501400
1206722913568
1206721563490
1206723144817
1206723546801
1206723685667
1206721493653
1206723391314
1206720604860
1206723283130
1206721718005
1206722170858
1206721562708
1206722974876
1206723237961
1206722324500
1206723608109
1206723199228
1206723109774
1206723069176
1206720666168
1206722575634
1206723256872
1206722232166
1206720890520
1206722733098
1206722781765
1206722385808
1206724292888
1206721273536
1206722850809
1206723769114
1206723247863
1206722636942
1206722198138
1206724480840
1206723313806
1206722861294
1206722128301
1206721678312
1206722359550
1206721334844
1206722961430
1206721835776
1206721884443
1206724251145
1206723501603
1206723866018
1206722923911
1206723429876
1206723072561
1206721739620
1206721300816
1206723583518
1206723518275
1206721963972
1206721945751
1206724388040
1206722994670
1206723927326
1206723477337
1206723038533
1206723753665
1206722205291
1206722582030
1206723057134
1206724089703
1206722532554
1206723842582
1206722763803
1206723618046
1206722808469
1206723845845
1206723000901
1206723761281
1206722266599
1206722926180
1206721377806
1206723564904
1206722490951
1206723696849
1206721307969
1206721684708
1206722413822
1206723636201
1206723062209
1206722945260
1206723759313
1206723256064
1206721439114
1206723626212
1206722103579
1206722863959
1206721369277
1206723768517
1206720480484
1206723147932
1206721593629
1206722046482
1206722699482
1206722972809
1206723621431
1206722738879
1206722164887
1206722970128
1206722985398
1206722926679
1206720541792
1206723326699
1206722083586
1206722107790
1206720766144
1206723034117
1206721688093
1206722566137
1206724274549
1206721149160
1206722726433
1206722496300
1206723693405
1206722727549
1206723080902
1206723362907
1206724291221
1206723797916
1206720629359
1206722429377
1206723234618
1206721210468
1206723588187
1206722885721
1206721760067
1206721668815
1206723377227
1206722367076
1206722799535
1206723305500
1206722863207
1206723042486
1206723295926
1206724223487
1206723393899
1206723405573
1206721821375
1206724046685
1206722870294
1206722428384
1206723019004
1206723700242
1206723629289
1206722478015
1206723060769
1206722932758
1206722479131
1206722408178
1206723718206
1206722639427
1206724284606
1206723219200
1206723080312
1206722641508
1206723636905
1206723149363
1206722801804
1206722260570
1206722121682
1206722795224
1206723572473
1206721580693
1206723745755
1206723084387
1206721581809
1206722937833
1206722820884
1206722133960
1206721854420
1206722321878
1206722182990
1206721744186
1206722739583
1206722229790
1206722704894
1206722461039
1206723023556
1206721897902
1206722684340
1206723265806
1206719921082
1206723497055
1206722614503
1206722040511
1206722845752
1206724682958
1206720957098
1206721402305
1206723334022
1206721959210
1206722990554
1206721332468
1206722909741
1206721563717
1206722441761
1206722593020
1206721787018
1206723437603
1206719023760
1206723636153
1206721751339
1206722956526
1206722857192
1206723785636
1206722660889
1206720504983
1206723831229
1206722456476
1206721882484
1206721765535
1206724488666
1206722610118
1206721544439
1206722617888
1206720923854
1206723054758
1206724188264
1206722738831
1206723238293
1206723293870
1206722780265
1206723384368
1206723281197
1206723615617
1206723428768
1206721559154
1206720985162
1206721790403
1206723575866
1206723515513
1206722963679
1206723010667
1206723633582
1206722354755
1206723342505
1206722556883
1206722906906
1206722373356
1206723094824
1206722955936
1206722517132
1206723886404
1206722540380
1206721414726
1206722136194
1206721997306
1206722678544
1206722618191
1206723356845
1206724085665
1206722736260
1206721457433
1206722945156
1206723684038
1206722009584
1206721476034
1206722197502
1206722058614
1206721619810
1206723763500
1206723112554
1206722580518
1206722982502
1206723614614
1206723213751
1206722804870
1206723796331
1206719796706
1206724169585
1206722524285
1206722060717
1206723376128
1206723974387
1206720832722
1206722285069
1206723560301
1206722155017
1206722111464
1206722538481
1206723227132
1206722271760
1206722585593
1206722468644
1206721696800
1206723574497
1206718899384
1206723849181
1206721626963
1206723204236
1206722732816
1206723661260
1206722536513
1206723477085
1206723842374
1206722332100
1206721214142
1206721641159
1206723941721
1206723455805
1206721688271
1206722493512
1206720799478
1206723599365
1206724063888
1206722951859
1206723113917
1206723945025
1206722655889
1206723057873
1206724003029
1206723289122
1206723114236
1206721434778
1206720860786
1206721666027
1206723771673
1206722558483
1206723236403
1206722886291
1206723509206
1206721291132
1206723690372
1206722230388
1206723175544
1206722248980
1206723620535
1206722327148
1206722772355
1206723762028
1206722416004
1206721290350
1206722681919
1206721352440
1206722874351
1206722493815
1206723474617
1206721576792
1206722611884
1206720393810
1206722793050
1206723559662
1206721959808
1206721351658
1206722763826
1206723026911
1206721875033
1206724542481
1206722988178
1206723252534
1206722858126
1206720455118
1206722854358
1206723182697
1206722021116
1206720679470
1206721132323
1206722758909
1206721936341
1206723251752
1206721062486
1206722639759
1206722160693
1206723758833
1206722030641
1206721987088
1206723421245
1206722355212
1206721193631
1206722592916
1206722868884
1206722579564
1206721123794
1206722750380
1206720235001
1206721861587
1206723904900
1206722931348
1206723743406
1206722853741
1206724062068
1206722861511
1206723214864
1206721089766
1206723446113
1206723307225
1206720296309
1206721922895
1206721971562
1206722783620
1206723789776
1206724106310
1206722827483
1206721802777
1206722391341
1206722034026
1206722846084
1206723878653
1206723164746
1206722989860
1206723070436
1206723942336
1206723653016
1206723634795
1206722434107
1206724011380
1206723781247
1206722715130
1206721166756
1206723565996
1206722047407
1206723051168
1206721494019
1206723496159
1206722202772
1206723275520
1206724048310
1206723553875
1206724236228
1206723045014
1206721228064
1206722749975
1206722761677
1206723006719
1206721452416
1206722929112
1206720269434
1206722668674
1206723394113
1206721835432
1206722488432
1206722941285
1206723419433
1206722811283
1206723767174
1206722871448
1206723128158
1206723011209
1206720330742
1206721878148
1206723058321
1206721896740
1206720555094
1206721007947
1206722351647
1206722355087
1206724388526
1206720938110
1206722515383
1206722043963
1206722522111
1206723391103
1206722869852
1206723151857
1206722230836
1206721069255
1206720418309
1206722744508
1206722455188
1206720999418
1206723377137
1206720110625
1206722081840
1206721457765
1206722806972
1206722156026
1206723264150
1206723160084
1206722737135
1206723090488
1206722516496
1206723321737
1206722318403
1206720171933
1206724199540
1206721847186
1206722659244
1206722217334
1206723981934
1206722820353
1206721678401
1206722266965
1206721909650
1206722721708
1206722379711
1206723184952
1206723492692
1206722820232
1206724073556
1206723008150
1206723510419
1206722430458
1206724224408
1206723656871
1206722590754
1206722049520
1206723709828
1206721923031
1206723544808
1206721369643
1206723934929
1206722501217
1206723530743
1206724328471
1206723429499
1206721922910
1206723176234
1206722110828
1206722563681
1206721533136
1206722882343
1206723694401
1206722493844
1206723124593
1206722812506
1206723269737
1206722473290
1206723763037
1206723270853
1206721603895
1206723596995
1206723642798
1206723509306
1206724010922
1206722849341
1206721191255
1206721666359
1206723292945
1206721985021
1206722451807
1206721890711
1206722227271
1206722230711
1206723884312
1206721575968
1206723487823
1206722836539
1206722397735
1206722699673
1206722745476
1206722646142
1206723091349
1206721952019
1206720293933
1206723620179
1206722245426
1206721671434
1206721554485
1206723961621
1206722399068
1206721333389
1206723281442
1206720712804
1206723152657
1206722639052
1206723243155
1206723027243
1206723082820
1206722569215
1206721417941
1206723218882
1206724071596
1206723226652
1206721348104
1206720774112
1206721579353
1206723141877
1206723304463
1206723149729
1206722799617
1206723422532
1206722255335
1206721741730
1206722345833
1206722167918
1206723515887
1206722399167
1206720520619
1206722306082
1206723248198
1206722329330
1206722786561
1206721925144
1206721972132
1206723342098
1206722407141
1206723145795
1206723810553
1206722376841
1206722991018
1206722746989
1206723222267
1206721270596
1206722847869
1206721501845
1206722439305
1206721408760
1206723552450
1206724286224
1206722369468
1206723988158
1206723008313
1206723102614
1206722593820
1206723771157
1206723146477
1206721479519
1206722093696
1206721849667
1206722324945
1206723886546
1206722724965
1206722074019
1206721541983
1206721943967
1206722576079
1206722327431
1206721766335
1206723737550
1206722733543
1206723759936
1206721485750
1206723363447
1206724120566
1206723749761
1206721774913
1206723987465
1206722521766
1206723450210
1206721827643
1206723967213
1206723502896
1206722121050
1206721547058
1206721430109
1206724181874
1206723244755
1206721836221
1206723157066
1206720588428
1206723159980
1206722514676
1206722916660
1206722902867
1206723317444
1206722444839
1206721293565
1206723550692
1206723947220
1206722903186
1206721223728
1206720649736
1206721454977
1206723560623
1206722347433
1206723025353
1206722675241
1206723298156
1206722906490
1206721617354
1206722019338
1206722043542
1206723391511
1206722274791
1206720396243
1206722561305
1206723123822
1206722204954
1206721519948
1206722470869
1206721847756
1206722663301
1206722282765
1206724138688
1206722906252
1206722400834
1206722866642
1206722582000
1206723097891
1206721146220
1206722723493
1206721377469
1206722789637
1206721663983
1206723640731
1206723493055
1206721847518
1206722924535
1206722883937
1206722643308
1206723231678
1206723392951
1206722046927
1206720921273
1206721969320
1206721725291
1206722200569
1206722434321
1206723082943
1206721949643
1206722945245
1206721819591
1206722451703
1206723210195
1206722144162
1206720982581
1206722609167
1206722657834
1206722368514
1206722495629
1206721149605
1206720023951
1206721650537
1206723693850
1206722720298
1206723073651
1206722642691
1206724300812
1206722750374
1206723003814
1206721554381
1206722882675
1206722765726
1206720085259
1206721711845
1206721760512
1206721661564
1206723578726
1206723397440
1206722733679
1206721591727
1206723620491
1206721822976
1206722176329
1206722827034
1206723403490
1206722778810
1206722292894
1206724250955
1206721985353
1206723436247
1206722223057
1206723800330
1206723328910
1206720764242
1206722681404
1206722933203
1206721836357
1206722840118
1206723694995
1206723157555
1206724095015
1206723064470
1206723721914
1206723342825
1206721395572
1206723574074
1206722742712
1206722538925
1206722550627
1206722795669
1206722781876
1206722718062
1206723583278
1206722457624
1206723183063
1206723207267
1206723009775
1206722515340
1206723197693
1206722600233
1206723852562
1206721736935
1206721723142
1206722800159
1206723797759
1206721667098
1206723141460
1206721898347
1206721922551
1206720796897
1206722848878
1206722819702
1206722380898
1206722309945
1206722958567
1206721832913
1206722311061
1206723776760
1206723202768
1206720839613
1206722019786
1206720858205
1206723491931
1206722533458
1206722244138
1206722371253
1206721025229
1206719899575
1206722364673
1206721922380
1206721483576
1206722949275
1206723065983
1206722949034
1206722625998
1206722879438
1206722305446
1206722758299
1206722107353
1206719960883
1206723988490
1206721636136
1206721537188
1206723454350
1206723273064
1206722609303
1206721467351
1206724467941
1206721698600
1206722051953
1206722168661
1206722973902
1206723281642
1206723175658
1206724126579
1206721860977
1206723832192
1206722234886
1206724013358
1206723906378
1206720639866
1206722557028
1206722808827
1206721711981
1206722801930
1206723570619
1206723033179
1206722290167
1206723319693
1206723597538
1206723218449
1206723503228
1206723449698
1206722618336
1206722352631
1206721997751
1206722671293
1206723631927
1206722576983
1206722519655
1206722896394
1206723058687
1206723279757
1206724190261
1206722390964
1206721392845
1206723475301
1206723122833
1206721612559
1206723799872
1206722638291
1206722580963
1206721455309
1206723081895
1206721773971
1206722805315
1206721679661
1206722724502
1206722695326
1206722256522
1206724478503
1206723292939
1206723721980
1206722186685
1206723731342
1206723210091
1206720715237
1206722880299
1206721740969
1206723367555
1206723416222
1206722317830
1206723419769
1206723140229
1206723750571
1206722247993
1206721798004
1206721359200
1206723724252
1206722941607
1206722428002
1206722860622
1206723654415
1206723053054
1206722765622
1206721206891
1206723007832
1206723860546
1206722923086
1206721420508
1206723957182
1206722242907
1206722930827
1206724011221
1206723330274
1206723114362
1206722826930
1206722044285
1206721530680
1206723157266
1206721956868
1206723033061
1206722188117
1206720309569
1206722110510
1206723037148
1206722992884
1206722575511
1206723059860
1206721761082
1206723806713
1206724413812
1206722432952
1206723168293
1206721129383
1206722779968
1206723856962
1206722772800
1206721059546
1206722209663
1206721290795
1206722228255
1206721873375
1206722867100
1206723578261
1206722452607
1206722395279
1206722772018
1206723742419
1206721952483
1206723560107
1206722270971
1206720232061
1206721882646
1206722959640
1206721875478
1206723190889
1206722513915
1206722456587
1206721330933
1206723942408
1206721969778
1206722680939
1206721555285
1206724020383
1206723578090
1206723020948
1206721055161
1206723168563
1206723782740
1206723538711
1206723947132
1206723826000
1206722031086
1206723681671
1206721616593
1206722544154
1206723071157
1206723045086
1206723295393
1206723015853
1206723844048
1206723123061
1206723082031
1206723354310
1206724281871
1206722948930
1206722303626
1206722854186
1206723132465
1206722928678
1206722592789
1206721082515
1206723339642
1206723736170
1206723143339
1206722206220
1206723782184
1206722118531
1206723367691
1206723719268
1206723205898
1206722989986
1206723712688
1206723104538
1206721406304
1206723871402
1206721832492
1206722908685
1206722063741
1206720185193
1206723653461
1206722912772
1206722868508
1206721308898
1206722935484
1206721636706
1206722885203
1206723566441
1206722308576
1206723043917
1206721005007
1206722655592
1206723046615
1206722648424
1206720935170
1206722085287
1206721166419
1206722578587
1206722946511
1206722742724
1206722762122
1206721636468
1206722876674
1206722437870
1206721987881
1206721828107
1206723181901
1206721835877
1206720107685
1206721758270
1206722835264
1206721751102
1206722223271
1206722871893
1206722454520
1206722734195
1206722049189
1206721845402
1206722790558
1206720777143
1206722354416
1206721008392
1206722896572
1206720930785
1206722284579
1206720938555
1206721395786
1206722044408
1206722514860
1206721906710
1206722862601
1206723513306
1206722419778
1206722946781
1206723076218
1206723316929
1206722671625
1206719879821
1206721457094
1206720111070
1206722576168
1206721450514
1206723699995
1206722499433
1206722729810
1206723008089
1206721617538
1206721711839
1206721965279
1206722615984
1206723192440
1206723243425
1206722081844
1206722899957
1206721774303
1206722560741
1206723449556
1206723473760
1206721678846
1206720553192
1206724269550
1206721602111
1206723208192
1206722715256
1206722865929
1206722946505
1206723883965
1206723529085
1206723147396
1206723535068
1206721184522
1206723649620
1206723210816
1206721663419
1206723314004
1206722576438
1206722425211
1206721887771
1206723372228
1206722922239
1206723208704
1206722996217
1206722798725
1206722304290
1206722986643
1206722822135
1206723084616
1206721525885
1206721512092
1206722752298
1206722313494
1206721863505
1206722544743
1206722561901
1206721711501
1206722168732
1206722817354
1206723414517
1206722169848
1206722098895
1206722747517
1206722330144
1206723671270
1206721924813
1206723205864
1206720628563
1206720652767
1206722230040
1206720884016
1206723581234
1206722231156
1206722160203
1206720814179
1206721271410
1206721920032
1206722390484
1206721272526
1206722738225
1206723198774
1206723091794
1206722773948
1206723426500
1206723128937
1206722547249
1206719755445
1206721332718
1206719986694
1206722451792
1206721326138
1206723583265
1206722375057
1206723981138
1206723488202
1206721493162
1206721587463
1206721840903
1206722301452
1206722194472
1206724166861
1206722964608
1206722775581
1206721649927
1206722436365
1206723325180
1206723233928
1206721554470
1206720428816
1206723205927
1206721477735
1206723083816
1206722590880
1206723359569
1206722822129
1206724234297
1206724454409
1206723386488
1206723419239
1206723170591
1206723827501
1206722147193
1206721539043
1206722378442
1206723334847
1206722300835
1206721763395
1206722308605
1206722685344
1206723406812
1206723267924
1206723276760
1206722179914
1206722208501
1206723704899
1206722439750
1206721401509
1206722362143
1206724010126
1206721249871
1206721690672
1206721481120
1206722437525
1206722594265
1206722241222
1206723700118
1206723290141
1206722045472
1206724207543
1206723081889
1206724075488
1206721311179
1206723860458
1206721542428
1206720504187
1206721535531
1206723112804
1206721766780
1206723609358
1206722106780
1206723048896
1206723143197
1206724385520
1206723776382
1206723273248
1206721148150
1206723513202
1206723074398
1206722967418
1206722649572
1206723737554
1206722842004
1206722554572
1206724110414
1206723961249
1206723062277
1206722712036
1206721209458
1206724323227
1206722740138
1206724541079
1206723800171
1206723119224
1206722903312
1206722615880
1206722177076
1206722070096
1206724192185
1206722840232
1206722822011
1206722851671
1206723319129
1206723683544
1206723109552
1206723490115
1206723931951
1206723081551
1206723458290
1206723726412
1206724202762
1206722221902
1206722957243
1206720918333
1206724330033
1206723645912
1206722561750
1206723124267
1206721998613
1206721954349
1206722463618
1206722254066
1206722656050
1206723367211
1206723450126
1206722184229
1206722560968
1206723290082
1206721741433
1206722818427
1206722059921
1206720021011
1206723580523
1206722315374
1206721664428
1206722308477
1206723511434
1206721125495
1206721566296
1206721356744
1206721758728
1206722469889
1206722762786
1206723575742
1206723641527
1206722809898
1206720844111
1206721921105
1206723571690
1206721186803
1206723564522
1206721418052
1206721820036
1206721411155
1206722988428
1206721642404
1206722860107
1206722981848
1206722924520
1206721982413
1206722787654
1206723996635
1206722744205
1206723243173
1206724070821
1206723957162
1206723352006
1206722643136
1206722921415
1206721505619
1206723132205
1206724092075
1206723836873
1206722937901
1206722805513
1206722084526
1206722545075
1206722615762
1206723243336
1206723508218
1206722994848
1206722778936
1206723613240
1206723733511
1206722454684
1206724019352
1206723897213
1206722697635
1206722727295
1206723194753
1206723304644
1206723060722
1206723365739
1206722680733
1206722559601
1206723124142
1206722674153
1206723355391
1206722097526
1206722832867
1206720793957
1206724160158
1206723521536
1206722437374
1206722999891
1206721874237
1206721829973
1206723346382
1206722735461
1206722296657
1206722551072
1206723325750
1206721662279
1206722226820
1206721776831
1206721617057
1206722694051
1206721935545
1206719896635
1206722730680
1206722624214
1206721540052
1206722620446
1206723387058
1206721723587
1206723633053
1206721838139
1206721399335
1206722579508
1206720566093
1206722143366
1206720797342
1206722685522
1206720719735
1206721796729
1206721602109
1206721184736
1206721833358
1206722278565
1206721695660
1206723307868
1206723686643
1206722208728
1206719738608
1206722865168
1206722466187
1206721858037
1206719668771
1206721246044
1206719900020
1206722365118
1206722627599
1206721476325
1206722288383
1206722518760
1206722797039
1206721381243
1206722527495
1206722410546
1206722758744
1206722641795
1206718841286
1206723453679
1206721568865
1206721537633
1206721800114
1206723383842
1206723262710
1206721467796
1206722574043
1206720579003
1206721391061
1206722997142
1206724157457
1206722654879
1206721630173
1206722435414
1206721861422
1206722936346
1206723324018
1206722556357
1206722435225
1206720640311
1206721452369
1206723231015
1206722365388
1206722214161
1206721676721
1206723288731
1206723585793
1206722997654
1206723393392
1206723190086
1206722496533
1206723222006
1206722611085
1206722172281
1206722426696
1206722275469
1206721537903
1206722102444
1206721652455
1206722333693
1206722654595
1206722375055
1206721957682
1206722391409
1206722858838
1206722934874
1206722496070
1206724119352
1206721599211
1206724392312
1206721713763
1206721274959
1206722762682
1206720441717
1206722018990
1206720672966
1206722920146
1206722968813
1206722936977
1206721477733
1206721060360
1206721708982
1206722179434
1206723159288
1206723031277
1206722987724
1206722880744
1206719614232
1206723215450
1206722341811
1206722542699
1206719544395
1206721121668
1206719775644
1206722240742
1206722503223
1206721351949
1206722164007
1206723770088
1206723412773
1206721282112
1206722403119
1206722286170
1206722090402
1206721983422
1206718716910
1206723666707
1206721444489
1206721413257
1206721675738
1206723596870
1206723022878
1206721343420
1206722449667
1206720454627
1206721266685
1206722872766
1206724655601
1206723529947
1206721505797
1206722311038
1206721737046
1206723658178
1206723208189
1206722769385
1206723317989
1206720515935
1206721327993
1206722167392
1206723215439
1206722089785
1206721552345
1206722972159
1206723717013
1206723195762
1206723648615
1206722830693
1206723379297
1206721997451
1206723493849
1206721108658
1206723750611
1206722151093
1206723228087
1206721038821
1206721783675
1206721270070
1206722934756
1206723257819
1206722840446
1206722267033
1206723079091
1206721169966
1206722751293
1206723153277
1206723780596
1206721100129
1206723734386
1206720211336
1206723513747
1206721324481
1206722901754
1206721555730
1206724020828
1206722844437
1206722812601
1206723214585
1206723169008
1206723565332
1206723036953
1206720272644
1206722906901
1206722863348
1206722756368
1206720496996
1206723513895
1206722921064
1206723045531
1206723455824
1206722010361
1206722506598
1206723123506
1206722737847
1206722234713
1206723046771
1206723461874
1206723730001
1206724310589
1206722410442
1206723987715
1206721966026
1206721859046
1206722567906
1206722616573
1206722023742
1206722296021
1206723108079
1206723472494
1206722898502
1206723703743
1206722679037
1206723267601
1206724255894
1206723761459
1206724592356
1206723603639
1206723866120
1206722983054
1206722969261
1206723533802
1206723083813
1206722645009
1206723193613
1206721811767
1206723308165
1206722043016
1206724290196
1206722982272
1206723449058
1206722370279
1206723932803
1206723079032
1206723733031
1206722607377
1206723254921
1206721873075
1206723056828
1206720984282
1206723274680
1206722097427
1206723674700
1206720914445
1206722491718
1206721145694
1206723610792
1206722668685
1206722551736
1206723364692
1206723118136
1206721045590
1206722835709
1206721710055
1206723656220
1206720975753
1206723353472
1206720086960
1206722754408
1206721200105
1206722777378
1206721431354
1206723491785
1206723227907
1206722713470
1206721771363
1206722576604
1206723658809
1206722533155
1206720148268
1206723941880
1206722875847
1206723316648
1206720372620
1206723389519
1206721294569
1206722921155
1206723331448
1206721885985
1206722726851
1206722594463
1206722958100
1206722110337
1206722922395
1206723032286
1206724140410
1206724036344
1206723161507
1206723966748
1206723392756
1206722567089
1206723194663
1206722492197
1206721899366
1206722171645
1206722983703
1206721973552
1206723081676
1206723745495
1206722469683
1206722348551
1206723588757
1206723637083
1206723255971
1206723465243
1206723742399
1206722858678
1206723829774
1206722034860
1206723952022
1206722788841
1206723759937
1206722327204
1206723439385
1206722925780
1206722085607
1206723573330
1206723324682
1206721451229
1206722691435
1206722825676
1206723121623
1206722483001
1206722996662
1206721961356
1206722932452
1206721867046
1206723150304
1206722409396
1206724032678
1206721512537
1206723816517
1206723785958
1206721188285
1206722544309
1206722427360
1206721740436
1206721460896
1206721928354
1206722711333
1206721585679
1206722099340
1206724863714
1206723205193
1206722067515
1206722630032
1206723096818
1206723651516
1206723328067
1206719527558
1206723103531
1206722255137
1206721646987
1206722452228
1206723263635
1206720563574
1206723273995
1206723291153
1206721265275
1206723094850
1206722269333
1206723149687
1206721170193
1206722316445
1206722199496
1206721427652
1206722430745
1206718630236
1206723242629
1206721357815
1206721326583
1206721589064
1206722375502
1206722267365
1206724119415
1206723903503
1206720367953
1206721488960
1206721372011
1206723920787
1206724099590
1206721419123
1206722224364
1206720530330
1206723330217
1206723998521
1206722345307
1206722224175
1206720429261
1206724174109
1206721478180
1206723128765
1206723222093
1206723044178
1206723077681
1206720591638
1206721396879
1206723023465
1206723959510
1206722285483
1206723662821
1206722801404
1206721961231
1206723448954
1206722329355
1206721326853
1206722567059
1206722701300
1206722997247
1206722443545
1206722872286
1206722146856
1206722180359
1206721742670
1206723790273
1206722285020
1206723908302
1206721388161
1206723692141
1206722342736
1206721063909
1206722551632
1206723791488
1206721616060
1206721336520
1206721803978
1206722757763
1206722725927
1206721974964
1206724401180
1206723080817
1206722950279
1206723221090
1206722820227
1206723452339
1206723203691
1206719403182
1206724404947
1206722130761
1206723007314
1206722362010
1206723139259
1206720439198
1206723911853
1206722651173
1206721140899
1206722393605
1206722144957
1206723025311
1206723555076
1206722192069
1206722075120
1206721303276
1206722306369
1206718505860
1206723455657
1206721233439
1206721202207
1206721464688
1206722251126
1206722142989
1206723792920
1206723779127
1206720243577
1206721364584
1206721247635
1206724223862
1206723516965
1206721294747
1206722099988
1206720405954
1206723205841
1206723683989
1206722558335
1206722985352
1206720304885
1206723110486
1206721353804
1206723004389
1206722895598
1206722919802
1206722953305
1206720467262
1206721272503
1206723378149
1206722619643
1206723046660
1206723538445
1206722023262
1206720897608
1206723539561
1206722204979
1206722176904
1206723116606
1206723059278
1206721933624
1206723241389
1206723755050
1206722022480
1206722055983
1206723369620
1206720958916
1206722480827
1206723686495
1206723569546
1206721183268
1206721125940
1206720000286
1206723302697
1206724026112
1206722696633
1206722219284
1206723700691
1206722633387
1206722542135
1206723956077
1206722957958
1206722859010
1206722742061
1206720061594
1206722695851
1206722789173
1206724086455
1206720285946
1206723302845
1206722365385
1206722982293
1206723244774
1206721799311
1206722295548
1206722803369
1206722526797
1206722023663
1206722269229
1206723027721
1206721961688
1206725177072
1206722199392
1206722475360
1206722186040
1206724269710
1206722356856
1206722405523
1206721468063
1206722084971
1206722537824
1206723133890
1206722995002
1206723668544
1206722467987
1206724030511
1206721371907
1206723052589
1206724099486
1206723392589
1206721529371
1206721578038
1206721721803
1206723372388
1206723559613
1206722433959
1206722982563
1206723808020
1206721640502
1206722706570
1206724079146
1206722771222
1206723716378
1206723345014
1206723721753
1206723692577
1206723253773
1206722495267
1206723043871
1206721874682
1206721898886
1206720773232
1206723415185
1206723426887
1206723271770
1206722992230
1206722934902
1206721809248
1206723315081
1206723630674
1206722694496
1206724076873
1206722907086
1206720834540
1206722356451
1206723258499
1206722613195
1206721058892
1206721001564
1206719875910
1206722543358
1206724017720
1206722572257
1206722094908
1206723452908
1206723025909
1206722417759
1206723257158
1206721797174
1206722734634
1206722617685
1206719937218
1206723730830
1206722664797
1206721715873
1206720161570
1206723178469
1206722585638
1206722637228
1206723120398
1206721674935
1206723240859
1206722567391
1206722128587
1206721899287
1206722359836
1206722903345
1206721837312
1206723825294
1206722950457
1206722350984
1206722061664
1206722721132
1206722983613
1206722281147
1206721688316
1206721739906
1206722413448
1206721762502
1206722870626
1206723931463
1206722343611
1206724388326
1206722122972
1206722928213
1206723044921
1206723317849
1206724157902
1206721453662
1206721597427
1206721823810
1206723588410
1206722872729
1206723832614
1206723683644
1206721516126
1206723433288
1206722550222
1206724003437
1206723099168
1206722266885
1206723680032
1206722614626
1206723397605
1206722420527
1206724094709
1206721750306
1206722721402
1206721655996
1206723316304
1206722874011
1206723981954
1206723201819
1206723348525
1206723574908
1206721652900
1206723934947
1206722570120
1206721369563
1206721958127
1206721717304
1206722500283
1206721815277
1206722488819
1206724017983
1206722994143
1206723439350
1206722418982
1206723201581
1206723440466
1206723369513
1206722877329
1206722901533
1206723571586
1206723132782
1206721672798
1206723323383
1206721060805
1206723062945
1206723328411
1206722899421
1206721591497
1206722058283
1206722938637
1206722542028
1206722512852
1206722342256
1206721216602
1206723094299
1206722443015
1206722004211
1206722674264
1206722235460
1206722252618
1206722164452
1206722056315
1206723185081
1206723233748
1206723377513
1206721277910
1206721160961
1206723645675
1206722065519
1206721615530
1206721444934
1206720319280
1206723119167
1206723807087
1206723015627
1206722898678
1206723990622
1206723803236
1206721267130
1206723666370
1206723949848
1206722833128
1206723061055
1206720380588
1206721185829
1206722748353
1206723913408
1206722959986
1206723451771
1206723029008
1206722425846
1206723077963
1206722118305
1206722090230
1206723122363
1206722005643
1206723417811
1206722588223
1206723649060
1206721935806
1206722657274
1206721531620
1206723512111
1206722749635
1206723743360
1206723427936
1206723228532
1206722131686
1206721528524
1206723990324
1206722828743
1206721245187
1206721833751
1206721108321
1206722520489
1206721690901
1206722751738
1206723893607
1206722869767
1206723594634
1206722614789
1206723077205
1206722846038
1206723377633
1206722752953
1206723404365
1206722278711
1206723305104
1206721931421
1206723493022
1206720936429
1206723700803
1206722676097
1206724150459
1206722182555
1206721933907
1206722814261
1206723344026
1206722340019
1206722217880
1206721092226
1206722969923
1206724370261
1206722507043
1206721381389
1206723253896
1206722128242
1206722040076
1206721931939
1206723573689
1206723109372
1206723253137
1206721153534
1206721036585
1206724012812
1206723764164
1206721442697
1206721320558
1206720194904
1206722994791
1206723472939
1206722891251
1206722774302
1206723866246
1206722899436
1206721142754
1206723541994
1206723635316
1206722708752
1206722936679
1206720256212
1206721061453
1206723167099
1206723084258
1206722645454
1206723327395
1206721812212
1206722512966
1206722918065
1206721993929
1206721965854
1206722997987
1206721881267
1206722430855
1206723228407
1206723524684
1206721811430
1206722961547
1206722753010
1206723387735
1206720984727
1206723618984
1206723638382
1206722512728
1206720914890
1206722492163
1206722020743
1206722704367
1206723191949
1206722716515
1206720983945
1206722396113
1206722331085
1206722627362
1206723029346
1206722647960
1206722531011
1206722490413
1206720087405
1206722721662
1206722814984
1206721653403
1206723230676
1206722154335
1206723772832
1206721807045
1206723160839
1206722689419
1206722272046
1206722551721
1206723391120
1206722058179
1206722816671
1206721750638
1206723544762
1206722215643
1206722264310
1206721974990
1206723754385
1206720756081
1206722333354
1206721257013
1206723300326
1206722326774
1206722922840
1206723375693
1206723606070
1206723839822
1206722493798
1206721160857
1206722841539
1206723888436
1206723231175
1206721318321
1206721366988
1206721510753
1206723702329
1206723348563
1206722898574
1206723745940
1206722555106
1206721429452
1206722991976
1206722478371
1206723510940
1206723060951
1206723742189
1206724077872
1206723830219
1206723042723
1206722333853
1206722521078
1206723285674
1206721687836
1206723184234
1206722539679
1206724166265
1206722900897
1206723301471
1206722723852
1206722306479
1206723104031
1206723328390
1206722483446
1206723865823
1206723180550
1206722932897
1206720860351
1206723047449
1206722402145
1206722388352
1206720790514
1206722367787
1206721896367
1206723587131
1206723438161
1206722592139
1206723044992
1206722814859
1206722206709
1206723046108
1206721586124
1206722523584
1206722406635
1206723850875
1206719963029
1206722747936
1206721504823
1206721529027
1206723106300
1206722455354
1206722426178
1206721987374
1206723036463
1206722565043
1206722147670
1206721917537
1206723266744
1206722148786
1206722692295
1206721626262
1206723968054
1206723098407
1206722139934
1206721850614
1206723630009
1206720631705
1206722208978
1206721978845
1206721528856
1206721090052
1206722798464
1206723251317
1206723786399
1206723715446
1206722369422
1206721911922
1206722717163
1206724123060
1206723070732
1206724268713
1206721242612
1206721151360
1206723970191
1206721849621
1206722661679
1206723621564
1206722430730
1206721305076
1206724086565
1206722353995
1206722889077
1206722888118
1206722055835
1206723953496
1206723161688
1206722640437
1206722209477
1206724292408
1206723091851
1206722570600
1206723023453
1206722415303
1206723537565
1206724090556
1206723177095
1206722639655
1206721228350
1206723986795
1206723204014
1206722359070
1206721158513
1206723056174
1206722264366
1206721743115
1206721604227
1206722277769
1206723238403
1206722639736
1206722126131
1206722566932
1206723462755
1206723313785
1206723791933
1206723117482
1206720331028
1206724166401
1206722921732
1206721461748
1206723406348
1206724104195
1206722187439
1206723814025
1206722688371
1206721380447
1206722411791
1206723403252
1206722330978
1206722301802
1206721862998
1206723708479
1206723237059
1206724390834
1206721793161
1206723337818
1206722024410
1206722749849
1206722970919
1206723206873
1206722082126
1206723022698
1206721924306
1206723773841
1206721303721
1206723434625
1206721854469
1206721404480
1206720965676
1206722811157
1206722339737
1206723662023
1206722143434
1206723995484
1206722659530
1206722715107
1206724292380
1206722946356
1206724144337
1206723864797
1206721026984
1206723563658
1206720406399
1206722537303
1206723985812
1206722936750
1206722720838
1206723797855
1206724009177
1206722764701
1206722763742
1206721931459
1206722911313
1206721794593
1206722516061
1206722377173
1206723438010
1206722967475
1206722446224
1206722666336
1206723301061
1206723413189
1206723532310
1206722039428
1206722778082
1206721103974
1206723862419
1206723779274
1206722379276
1206721034137
1206722936181
1206720897271
1206721618739
1206721479851
1206722473576
1206723184737
1206723516011
1206722001755
1206722403739
1206723348895
1206722634988
1206723166583
1206723217568
1206720206652
1206723838453
1206723094054
1206721481954
1206722797365
1206723979819
1206722063063
1206722465047
1206723704392
1206721576254
1206722287415
1206723278876
1206722840072
1206723184566
1206722006830
1206723584103
1206722858673
1206724270841
1206722295993
1206723620465
1206723042846
1206721637562
1206722846543
1206723082497
1206721957750
1206722898322
1206722807070
1206723969648
1206721179345
1206724029063
1206723814161
1206723331726
1206721109508
1206722686781
1206722215361
1206723639859
1206722019058
1206723711545
1206722535154
1206723775360
1206722905302
1206723330944
1206723424266
1206722974277
1206722725629
1206723388660
1206720282023
1206723131741
1206723936982
1206722434404
1206722596462
1206722884060
1206722986555
1206722707015
1206724014780
1206722814223
1206722596781
1206721670217
1206723082385
1206723259937
1206723254218
1206723183265
1206722750497
1206722541960
1206723176685
1206720773677
1206723172917
1206721915052
1206722893106
1206721986738
1206723103080
1206721809693
1206722254900
1206722980899
1206722811805
1206720772895
1206722185063
1206722795700
1206722349200
1206722368598
1206723445615
1206722599847
1206722279363
1206719876355
1206722275595
1206722603934
1206721442353
1206723019626
1206722548206
1206723513484
1206721357578
1206722672989
1206722478369
1206722060996
1206722340671
1206723180070
1206721451878
1206722397034
1206724562903
1206721776449
1206720614868
1206722241454
1206723342447
1206722734297
1206720545031
1206722122304
1206721650884
1206722121336
1206721513186
1206722352585
1206723164643
1206721837757
1206723628772
1206722282748
1206723403755
1206722062109
1206723863262
1206723787738
1206719717546
1206721344132
1206722445125
1206722413893
1206723225951
1206722336286
1206723587169
1206721224014
1206722801287
1206721455263
1206722267321
1206723299890
1206722849901
1206723531139
1206722506433
1206723619169
1206723007365
1206723056032
1206722310028
1206721285322
1206722759684
1206721516571
1206722328629
1206723955215
1206722689847
1206722472405
1206722552981
1206723965149
1206723135561
1206723117340
1206723141544
1206724066346
1206723372793
1206722721847
1206720649301
1206723048541
1206722182914
1206723151729
1206721862362
1206722978704
1206721685317
1206723137664
1206723530855
1206723007612
1206722833942
1206723267669
1206722671324
1206722232520
1206722244222
1206723321239
1206722475471
1206724315490
1206719751979
1206722151219
1206722479558
1206721317977
1206722895250
1206722423830
1206722901978
1206721776324
1206724502253
1206722353993
1206721936620
1206722382152
1206723055694
1206722812340
1206722540866
1206724636208
1206721652073
1206720490492
1206722765218
1206721837632
1206723418959
1206720420655
1206721997928
1206721526508
1206721996960
1206720879002
1206722228209
1206723040267
1206721713381
1206723504396
1206722158372
1206723279379
1206721937733
1206723738886
1206722859682
1206719593170
1206722058268
1206720940310
1206722289517
1206721638571
1206724271931
1206723899138
1206721099638
1206722676911
1206721330887
1206722142945
1206721800948
1206723773337
1206723682085
1206722382057
1206722950638
1206722429387
1206722931656
1206722840404
1206721160946
1206723078108
1206721392195
1206722204253
1206723910610
1206723879506
1206722966045
1206722428605
1206721017300
1206724451410
1206722992964
1206724024308
1206723706953
1206723599973
1206722053316
1206721532065
1206721984918
1206723611504
1206723027353
1206722428686
1206721915081
1206722659935
1206723013288
1206723689238
1206722883236
1206723716706
1206720119978
1206723864826
1206722046226
1206723672812
1206723721479
1206723432159
1206721976389
1206721601201
1206721087596
1206722714182
1206722200741
1206722861753
1206722753398
1206722777602
1206721651948
1206723305549
1206723026009
1206723493467
1206722257776
1206723813618
1206721148904
1206722775490
1206722824157
1206722995823
1206721373256
1206722999842
1206721713256
1206722655372
1206721092671
1206722886621
1206722319084
1206721880280
1206720754626
1206723110973
1206722128687
1206722573894
1206721932384
1206723574134
1206722448480
1206722504057
1206724081330
1206722735306
1206723444166
1206722941032
1206720815934
1206723172281
1206720195349
1206724147555
1206723774762
1206722725700
1206722509788
1206724406470
1206723798127
1206721676572
1206723806357
1206723557709
1206723105802
1206722826262
1206722305011
1206723781707
1206722716028
1206723096591
1206723414289
1206722688027
1206723341027
1206723332888
1206723809238
1206721828378
1206722567032
1206720892924
1206724327034
1206723888230
1206722168226
1206722730743
1206723475597
1206721928940
1206721407689
1206721860542
1206722262526
1206722973687
1206723634699
1206721790705
1206723367978
1206722896558
1206723298542
1206723544945
1206723192394
1206719995602
1206723627403
1206721921850
1206721270904
1206722586315
1206723307783
1206721852013
1206724229732
1206720963220
1206721365204
1206722076365
1206722737377
1206722629022
1206723652670
1206722154780
1206723181173
1206722647623
1206723369091
1206722705330
1206723170998
1206721024528
1206721426512
1206722699781
1206722871447
1206721248880
1206723566166
1206722596020
1206722530996
1206720968295
1206722762245
1206723603111
1206722755348
1206721257458
1206722986597
1206722004311
1206723456658
1206721808008
1206723326606
1206722324104
1206722738681
1206724398721
1206722931113
1206723620673
1206722816656
1206722775626
1206723047905
1206720070973
1206722849812
1206723157552
1206722601324
1206722385412
1206722673010
1206722775505
1206722736825
1206723681981
1206723503689
1206722385731
1206722812748
1206723906333
1206722911120
1206723043168
1206722972215
1206724084396
1206722166077
1206723406283
1206723208512
1206722961867
1206721704002
1206723559925
1206721775688
1206723567695
1206723701936
1206722043850
1206722606367
1206723872922
1206722144730
1206723256911
1206722743306
1206722138150
1206722157548
1206724517463
1206721268755
1206722508961
1206723307658
1206722064545
1206723420569
1206722814188
1206722616696
1206722337156
1206722804614
1206721146528
1206722461939
1206722975600
1206721330063
1206722407080
1206722366482
1206721240828
1206722185984
1206724527776
1206721565399
1206720403818
1206722030404
1206723067780
1206722523247
1206721916866
1206723022558
1206721439834
1206721910286
1206721302136
1206722141535
1206723189582
1206721626707
1206723722049
1206722471644
1206723192705
1206721851059
1206722303912
1206723081161
1206719506496
1206721133082
1206722234075
1206721082801
1206723332282
1206722125236
1206723143625
1206721012964
1206722590237
1206721244213
1206722365220
1206722248271
1206722824727
1206724194693
1206722295383
1206721144109
1206721406590
1206723033176
1206722869186
1206721074272
1206722548634
1206720185479
1206722868045
1206722354440
1206723905202
1206722261355
1206723584650
1206723953941
1206721467898
1206722918792
1206722930494
1206723955209
1206722041701
1206720246787
1206722163949
1206722837491
1206721971864
1206723205615
1206721651312
1206722578873
1206723447865
1206722926614
1206723319805
1206722796562
1206722103009
1206723056619
1206722618930
1206722021470
1206722033172
1206724248075
1206721144379
1206722384585
1206721514527
1206721940169
1206722627508
1206722689812
1206722492320
1206721997885
1206722680238
1206722240939
1206723796781
1206722851224
1206721205687
1206722282704
1206723719248
1206723276955
1206722624005
1206724403400
1206721441023
1206720279442
1206722913168
1206722302247
1206721863443
1206721792490
1206723463718
1206721315458
1206721785910
1206721343617
1206722017159
1206723269865
1206721502331
1206723597673
1206722821926
1206723068329
1206721726683
1206722179536
1206722956785
1206719382120
1206721847218
1206721404925
1206720958425
1206723215552
1206723127386
1206723019249
1206720888588
1206722465861
1206721119837
1206722240844
1206721589898
1206722700351
1206723471035
1206722171007
1206721019733
1206721282214
1206723253429
1206722629354
1206720949896
1206723327615
1206720061103
1206723576088
1206722230064
1206723880649
1206723569508
1206723156023
1206723829565
1206721343522
1206723793860
1206723018775
1206723495903
1206722924465
1206720122411
1206722039573
1206721773868
1206722821915
1206723081239
1206723053164
1206722454497
1206723323489
1206722802238
1206723797840
1206722672186
1206722985773
1206722932243
1206723617525
1206721835176
1206723357087
1206723510429
1206723221109
1206722059528
1206721390151
1206720876546
1206722503132
1206723572576
1206722650703
1206721873509
1206722566552
1206722116563
1206723094499
1206724347823
1206723282417
1206723735270
1206723602568
1206720937854
1206722564440
1206722613107
1206722514159
1206721162206
1206722788792
1206722177871
1206721739067
1206724064620
1206722675571
1206723171808
1206721669230
1206721219241
1206722775083
1206723145489
1206722362844
1206722837948
1206723363084
1206723075652
1206722652007
1206723062300
1206721616837
1206723233116
1206722729982
1206721280549
1206720841745
1206723691463
1206723068350
1206723871262
1206723917065
1206723928969
1206722535599
1206722248167
1206721465522
1206723595307
1206723346659
1206722366814
1206721902497
1206722598063
1206723570657
1206722504978
1206723310219
1206723203239
1206723912099
1206723862370
1206723367935
1206723358699
1206723452828
1206723031647
1206722589530
1206722575737
1206723189914
1206723688882
1206722519693
1206722800089
1206722058056
1206722775146
1206721649492
1206723701473
1206723672297
1206723233493
1206723162540
1206723603341
1206722685508
1206723163656
1206723540395
1206722861397
1206721692208
1206723465041
1206721710800
1206722881156
1206722349645
1206723096733
1206721935152
1206721877824
1206720752170
1206723217268
1206722774975
1206722336171
1206722971168
1206723441620
1206722999327
1206722442185
1206724019458
1206722673434
1206723610894
1206722959948
1206720813478
1206723424953
1206721452323
1206722389783
1206721037830
1206723502928
1206723060635
1206722319946
1206723940244
1206722551195
1206723265285
1206722544298
1206723004847
1206722775547
1206723896554
1206723245608
1206722713572
1206722275423
1206722553702
1206722527631
1206722937924
1206721492461
1206723409623
1206722605606
1206722564576
1206721716813
1206723567087
1206722638762
1206722946502
1206724854829
1206724167905
1206722411223
1206722999232
1206722525775
1206723470931
1206723292639
1206722242438
1206721778121
1206722473687
1206722700070
1206723007810
1206723748989
1206723080681
1206721955027
1206723195233
1206723243559
1206723234323
1206724313341
1206723348875
1206722465154
1206724231249
1206723065538
1206723654102
1206722395317
1206723972590
1206721933680
1206723045861
1206722532256
1206722367748
1206723547921
1206722183359
1206721057705
1206722297911
1206723393046
1206722529160
1206723416019
1206722603138
1206721567832
1206722834387
1206722593564
1206722756780
1206722225269
1206723170425
1206721119013
1206723834890
1206722155432
1206721470426
1206722650599
1206722211795
1206723767433
1206721775653
1206722874951
1206722317809
1206723895082
1206721705816
1206723961226
1206721937065
1206723326648
1206723084629
1206721327947
1206722273103
1206722934543
1206723510999
1206722936259
1206722497455
1206722738166
1206722092862
1206722870111
1206720878331
1206722880471
1206721997405
1206720871751
1206723121232
1206723040712
1206722151047
1206722429326
1206723033421
1206721907767
1206722154170
1206722037221
1206722613677
1206722941779
1206722491790
1206720933059
1206721195540
1206721981978
1206723543689
1206723891887
1206721100083
1206719974429
1206722656995
1206722143390
1206723527263
1206722725970
1206723674834
1206723937315
1206721256848
1206722883434
1206722932101
1206722833153
1206721830651
1206720035737
1206723905268
1206721084656
1206722735241
1206722994565
1206722866667
1206722367823
1206723366510
1206723473676
1206722629941
1206724412100
1206721891959
1206723533534
1206722407880
1206722243372
1206724081454
1206721935831
1206720933329
1206722173535
1206723007946
1206721540338
1206724799727
1206722478762
1206722121447
1206721786835
1206722469188
1206723396749
1206722567161
1206723514778
1206720994637
1206723710514
1206723722216
1206721346050
1206723511112
1206724073629
1206723643057
1206721651277
1206724280625
1206722732354
1206721652393
1206721581440
1206724007656
1206721812689
1206724209412
1206722960253
1206722680713
1206723058815
1206722810167
1206723386623
1206723319157
1206723063779
1206722613790
1206721968486
1206722745735
1206720753955
1206723383303
1206721873029
1206720747375
1206723004502
1206722916336
1206722808199
1206723380465
1206722909045
1206721783391
1206722029794
1206721912845
1206722489301
1206723613795
1206722318957
1206720808683
1206721071164
1206721857602
1206723093969
1206722655165
1206720975707
1206719850053
1206723365038
1206722019014
1206724051027
1206723799106
1206723550458
1206723614717
1206721132472
1206723729269
1206722807725
1206722708777
1206722591828
1206719911361
1206722688472
1206720960280
1206722610865
1206722870189
1206722842114
1206722243447
1206723724488
1206723307115
1206723586790
1206722901784
1206722653136
1206723595797
1206721629738
1206722374592
1206721860987
1206721811455
1206721783380
1206722304755
1206721791150
1206721415962
1206722897003
1206723361526
1206722759305
1206721662459
1206723651761
1206723272373
1206722983657
1206723928813
1206723789925
1206723524220
1206720732416
1206721477270
1206720963665
1206723428763
1206722303109
1206722534041
1206724156249
1206723030595
1206721528017
1206722470133
1206722564434
1206723792028
1206723468579
1206723427981
1206722564033
1206722934439
1206723692931
1206722626898
1206724038601
1206723053086
1206722588769
1206722531441
1206721405787
1206723206728
1206723258927
1206722133273
1206720630695
1206723982954
1206722857300
1206724044971
1206724381680
1206723529170
1206722324549
1206722037117
1206723876186
1206724063411
1206723489419
1206722155764
1206721691447
1206722387013
1206722740366
1206722969593
1206722530789
1206724522377
1206723701049
1206723651320
1206723156885
1206723147649
1206723048701
1206723547669
1206722378480
1206721328279
1206722978864
1206723166089
1206722592097
1206722589039
1206723414496
1206722564096
1206722873564
1206723669949
1206723685307
1206723022443
1206722951490
1206723600112
1206723182739
1206723128457
1206722151379
1206722650347
1206721481158
1206721505362
1206723001760
1206721736611
1206722138595
1206723083751
1206722932671
1206721666774
1206722124005
1206722772627
1206723174611
1206722125121
1206723468399
1206723527385
1206723691119
1206722231135
1206723808408
1206722462384
1206723399844
1206720608040
1206722185313
1206720839289
1206721241273
1206722178733
1206722409665
1206723997711
1206723124072
1206722403085
1206722345757
1206721403650
1206723054235
1206723344203
1206722793797
1206723097495
1206723685504
1206723568555
1206722502522
1206722064373
1206722342652
1206722464393
1206722407065
1206721281411
1206723623203
1206724310875
1206722226750
1206721505763
1206721966312
1206722732924
1206723920595
1206724662659
1206723202675
1206722200173
1206722101225
1206723715743
1206724242746
1206723440589
1206722031388
1206721567071
1206722027620
1206722615990
1206722725881
1206723537939
1206722869631
1206723899157
1206723975484
1206723032509
1206723023273
1206722924325
1206723764378
1206722254104
1206721203903
1206722854488
1206723516697
1206722543267
1206723439090
1206723290120
1206722042146
1206723071672
1206722156698
1206723947557
1206721972309
1206721873361
1206723078162
1206722104610
1206723004081
1206722027003
1206723235330
1206721356782
1206722388126
1206723132980
1206722619375
1206722014219
1206722959375
1206722808295
1206721144824
1206724104560
1206721259376
1206723050235
1206722000745
1206720976039
1206721564603
1206721207288
1206722106759
1206723684032
1206722338008
1206723624459
1206722600619
1206723115598
1206722873579
1206721116897
1206722062053
1206723609459
1206723159470
1206722999696
1206722286405
1206722739258
1206721279274
1206722929859
1206720667281
1206722669421
1206721786355
1206723363628
1206722892208
1206722727137
1206721939997
1206722218276
1206722822371
1206721948732
1206722149620
1206722179981
1206724186499
1206722102374
1206722280740
1206721841936
1206720958870
1206721770928
1206723686449
1206723019694
1206720889033
1206722466306
1206721994886
1206722806944
1206723316213
1206724488518
1206723463784
1206721051410
1206722628683
1206721282659
1206723413563
1206722622103
1206722505154
1206723597098
1206720061548
1206720873606
1206722789127
1206723601185
1206722807719
1206723161072
1206723913572
1206723262626
1206722418891
1206724361376
1206722566462
1206721917770
1206723542596
1206722032322
1206722850435
1206721724781
1206721696706
1206722773700
1206721980234
1206721329288
1206724588677
1206723255536
1206721910397
1206722263750
1206723016250
1206722494999
1206722356111
1206723349836
1206724124144
1206721020448
1206723870166
1206721135000
1206723596800
1206723059360
1206720851663
1206721440227
1206721082912
1206722341383
1206723774010
1206722358214
1206723500083
1206722476243
1206723731332
1206722749203
1206722683681
1206722452514
1206723397670
1206723035094
1206723010841
1206723528394
1206722883090
1206723340321
1206723164483
1206720542905
1206723172253
1206721661979
1206723239252
1206722513822
1206722602761
1206723096402
1206722834010
1206722697995
1206721824356
1206722025244
1206722055605
1206723976737
1206722113519
1206723278100
1206721985768
1206720834494
1206721646552
1206723562073
1206722444115
1206720764657
1206722341930
1206721870510
1206722682568
1206724198977
1206723588056
1206723149252
1206720927034
1206722504307
1206721158283
1206723079415
1206722497727
1206722380778
1206723472722
1206719937172
1206720749230
1206722664751
1206723476809
1206723012492
1206723473041
1206724077144
1206722576182
1206723449240
1206722690734
1206722251930
1206722800534
1206721418688
1206722163542
1206721649937
1206721600405
1206721572330
1206722649324
1206722454704
1206721204912
1206722685953
1206723131160
1206722548255
1206724160463
1206723440711
1206723001907
1206720591203
1206723225460
1206723244858
1206722710632
1206720521366
1206721266220
1206720752615
1206722934984
1206723480194
1206722322991
1206723945199
1206723371355
1206722613226
1206722233838
1206722635822
1206723263141
1206723611339
1206723216931
1206719693881
1206722328138
1206722421460
1206722390228
1206722652709
1206723936450
1206723078897
1206722320391
1206723426638
1206721431598
1206723047877
1206722544743
1206722997596
1206722389446
1206722482768
1206722883111
1206722714017
1206723318120
1206722707120
1206722014551
1206722938369
1206721492906
1206721989143
1206723161420
1206722181575
1206721717258
1206722529316
1206722944419
1206722319739
1206724463429
1206722100274
1206723677547
1206723349128
1206723963305
1206722837651
1206723024876
1206722242883
1206721117229
1206722390498
1206722955039
1206722381047
1206723186288
1206722161582
1206723227650
1206722662514
1206723244004
1206723711433
1206723566107
1206723348665
1206723750649
1206722451806
1206723065983
1206721940329
1206722127554
1206722676158
1206721294312
1206722790710
1206721525561
1206723772741
1206722507373
1206723095937
1206722330328
1206721912955
1206722561577
1206723032029
1206722089922
1206723883872
1206723316335
1206722539373
1206720466827
1206723108780
1206723120482
1206723395294
1206720396990
1206721974263
1206720628239
1206723093337
1206723355818
1206722198615
1206724034119
1206722913022
1206722488850
1206722134707
1206721192600
1206723138765
1206723486963
1206722836017
1206719569505
1206723586220
1206722297084
1206722265852
1206722528333
1206722930317
1206722954521
1206722196015
1206723302262
1206721307222
1206724099825
1206722015700
1206722873220
1206721755262
1206722358392
1206722758735
1206722589641
1206722991625
1206722582744
1206721890175
1206722813993
1206721368530
1206723285692
1206722260986
1206722057199
1206721592882
1206722404940
1206722514831
1206723392875
1206724730898
1206721975898
1206723553171
1206723323038
1206723838929
1206722677208
1206723875189
1206722118507
1206720992853
1206723819252
1206721456097
1206722636270
1206723228040
1206722037206
1206721831096
1206722860622
1206723119628
1206722495553
1206723983276
1206721662311
1206722867112
1206721893560
1206722246913
1206721815953
1206723898884
1206722698327
1206722177076
1206722921930
1206722408325
1206723852322
1206723697032
1206723869605
1206720933774
1206720834826
1206723269115
1206723889548
1206721965546
1206720764989
1206724570903
1206720996238
1206721349591
1206723858020
1206723001562
1206723413409
1206722805259
1206723468246
1206722477461
1206723567051
1206722833868
1206723087308
1206722948420
1206719937504
1206723653862
1206722528208
1206721068224
1206723077809
1206723991174
1206722585924
1206723420501
1206722960698
1206722681158
1206722516087
1206723009728
1206722570924
1206723751097
1206721737682
1206722614235
1206721968931
1206723975449
1206721891324
1206722756540
1206721630886
1206720747820
1206722577395
1206723450154
1206721688602
1206723898593
1206722772939
1206721783836
1206720910197
1206724036757
1206722136610
1206723817292
1206720840360
1206722417633
1206721071609
1206723268499
1206721749910
1206722647914
1206723386048
1206719850498
1206723968628
1206722552832
1206723750813
1206723471273
1206722950022
1206723487627
1206720012875
1206724625268
1206723592288
1206722709222
1206721706720
1206723404331
1206724217287
1206722371177
1206723745632
1206721537935
1206722562650
1206721769184
1206722122537
1206724065031
1206723044486
1206722573951
1206722052700
1206722805200
1206722283949
1206723727946
1206723138786
1206721811900
1206720809398
1206720710450
1206723536977
1206723385750
1206722848310
1206720640613
1206724068654
1206720871862
1206721225215
1206723733644
1206722147164
1206723289033
1206723782674
1206723343870
1206723598285
1206723367118
1206722241464
1206722962932
1206722824044
1206719813128
1206723444929
1206723031040
1206723129271
1206722953433
1206724030427
1206722461548
1206723418434
1206722836322
1206722302772
1206722391711
1206722885352
1206722446548
1206723712909
1206721613306
1206722489859
1206721844555
1206724091735
1206721902469
1206723479742
1206722133718
1206720623444
1206722453019
1206723351023
1206721564226
1206723774217
1206722648563
1206721659460
1206720785821
1206723807373
1206724338968
1206722938202
1206720715984
1206722293257
1206720947233
1206723412331
1206721625534
1206722523538
1206723261672
1206719726122
1206723651765
1206722453701
1206723624759
1206723457759
1206723261991
1206723363251
1206719888499
1206723238190
1206723919428
1206722040880
1206722467897
1206722490536
1206722593031
1206722313491
1206723621256
1206721626216
1206722438274
1206722651948
1206723910419
1206723299498
1206722860694
1206723482627
1206723949413
1206723020990
1206722790857
1206720380153
1206723014410
1206721687524
1206722499582
1206721593214
1206723385221
1206721416169
1206722723934
1206724143748
1206722117870
1206723683794
1206723121928
1206722402176
1206721963372
1206723169040
1206723052091
1206722206323
1206723283340
1206719482831
1206722117088
1206722210410
1206722179178
1206722441659
1206723320553
1206722867847
1206722403530
1206723438622
1206721220548
1206722341555
1206722224606
1206722786546
1206722178396
1206722271718
1206722672061
1206721382925
1206724598309
1206721847930
1206723197902
1206722040362
1206721281856
1206721778093
1206723355366
1206721970525
1206721506208
1206721959061
1206722733369
1206721444233
1206724078490
1206721889224
1206723451748
1206721668585
1206723682997
1206724092653
1206722813826
1206720950608
1206723181950
1206721143040
1206722793625
1206723909436
1206723193645
1206721950532
1206723424894
1206721061739
1206722688325
1206723500383
1206722924770
1206723137615
1206724215264
1206721204348
1206722854933
1206723195331
1206721916504
1206722465108
1206722366160
1206721123047
1206722189115
1206723561691
1206722296323
1206723782931
1206722527572
1206723455133
1206723175122
1206722736318
1206722027448
1206723672822
1206722979269
1206722328323
1206720255777
1206722897730
1206722909432
1206723859909
1206721468838
1206722955446
1206721291793
1206724017373
1206723503768
1206721993494
1206723559418
1206722874145
1206722277800
1206721838996
1206723044664
1206722927715
1206722081947
1206723158964
1206719358455
1206724145569
1206722086034
1206722054802
1206722317283
1206722947258
1206722508454
1206722058465
1206722739703
1206721096172
1206722217179
1206721988628
1206722662170
1206722219877
1206722147342
1206722547685
1206721258549
1206724473933
1206722371694
1206722119773
1206721915986
1206721157480
1206723281244
1206722049936
1206721611132
1206721161143
1206721834685
1206722608993
1206721319857
1206724669548
1206721764848
1206723342121
1206721544209
1206723348849
1206722466158
1206722739086
1206721907457
1206721222451
1206721018664
1206721245047
1206724129689
1206723281926
1206721826156
1206723870871
1206720937363
1206722908578
1206722284503
1206722800394
1206723333422
1206721688122
1206721079972
1206722035863
1206723070955
1206721841764
1206723195558
1206722724138
1206720998671
1206722915833
1206723641272
1206723485982
1206723394730
1206721749430
1206720623776
1206724057886
1206723619082
1206721903072
1206723548446
1206720790800
1206721659792
1206721138541
1206723646970
1206723217980
1206723464499
1206723365551
1206722831070
1206722266411
1206724065179
1206722622818
1206722876258
1206720852108
1206719726454
1206723442812
1206722992823
1206723279288
1206723327955
1206723038635
1206722374874
1206723209451
1206722749648
1206722320658
1206722937566
1206722468229
1206722359874
1206722384078
1206721934089
1206722615327
1206722632485
1206723099943
1206721864252
1206722545490
1206722095501
1206722381966
1206722430633
1206722574398
1206721477552
1206722606318
1206721995397
1206722798750
1206720699147
1206722493097
1206721925560
1206721486756
1206721036767
1206721718005
1206721735163
1206723057449
1206721538860
1206722436864
1206723397498
1206722860058
1206723224473
1206722341782
1206723539763
1206723371085
1206721098075
1206722778757
1206719801825
1206724280635
1206723381238
1206722498172
1206722381223
1206723547091
1206723285781
1206722160127
1206723647850
1206721539542
1206721563746
1206722432738
1206721911487
1206723853981
1206723909558
1206723071182
1206722599762
1206722934316
1206722947503
1206723516896
1206723395764
1206721600850
1206721625054
1206720499400
1206723684927
1206723494706
1206723626355
1206724249270
1206720666424
1206721535416
1206721014165
1206722994656
1206723457072
1206723225905
1206723241175
1206723132820
1206723746235
1206723156068
1206722498442
1206722751882
1206720727732
1206719602078
1206723233879
1206723694594
1206723318445
1206723203579
1206722914259
1206722250498
1206723836208
1206722097334
1206722559750
1206722328583
1206722343853
1206722235498
1206723266842
1206721761256
1206722787649
1206722508109
1206722975567
1206722311806
1206723420558
1206722797272
1206723633004
1206722306257
1206722450022
1206721353176
1206723151683
1206722878161
1206722674374
1206720574771
1206722368721
1206723661350
1206723402817
1206720863934
1206722593073
1206721610787
1206723496219
1206721414484
1206722312488
1206723273122
1206722735682
1206724155496
1206722537589
1206723495357
1206723246709
1206723118698
1206722654381
1206719677449
1206724156259
1206722764028
1206722373796
1206722256847
1206722279486
1206722222158
1206722598897
1206723558782
1206721415166
1206722446510
1206722419224
1206723945517
1206723729605
1206722649644
1206723271577
1206724054176
1206722809940
1206723255472
1206723729924
1206723244008
1206721476474
1206722507818
1206721382164
1206723174171
1206721913400
1206723501979
1206724124894
1206723479398
1206722444092
1206722910878
1206722870280
1206721752322
1206723101529
1206723194851
1206721995273
1206723621859
1206723031692
1206722346686
1206723297607
1206722674494
1206723105213
1206722651913
1206722908910
1206723194069
1206723227572
1206722582076
1206722130505
1206722013556
1206721972958
1206722918114
1206722204207
1206722297529
1206721171875
1206723142466
1206721636880
1206722674256
1206721829312
1206724713159
1206723194570
1206721754591
1206722672896
1206722873665
1206721748011
1206722796058
1206721233183
1206723027307
1206722753785
1206723240698
1206721457535
1206723236930
1206723536974
1206722652412
1206720739558
1206722970900
1206720931990
1206723371843
1206722858238
1206723195252
1206723219456
1206721976343
1206720850689
1206722413213
1206723370981
1206722713720
1206723602230
1206723673765
1206720993298
1206723577112
1206722639652
1206721755090
1206723280764
1206722155110
1206720911997
1206722474521
1206721960916
1206723587502
1206722322134
1206723191126
1206723244083
1206723722362
1206722525268
1206721816398
1206722893392
1206722768219
1206723131096
1206723605548
1206723119632
1206723131306
1206722383442
1206721257788
1206722185349
1206721789024
1206722416598
1206723528692
1206723355022
1206723348368
1206722663095
1206723666856
1206721627946
1206723192614
1206723070475
1206721870897
1206722246657
1206723416966
1206722222310
1206722233984
1206723569450
1206722980837
1206722527537
1206722297404
1206721847415
1206722528653
1206722457700
1206722006129
1206721889180
1206723333420
1206722883431
1206722230481
1206722173153
1206721047499
1206724262883
1206722519644
1206721908723
1206721469919
1206724613153
1206723070194
1206721630215
1206721400082
1206720950093
1206721623635
1206723675616
1206721108807
1206723207636
1206723136683
1206723522926
1206721333159
1206723112554
1206723757227
1206722528036
1206723689950
1206721011401
1206720572597
1206723738980
1206722733862
1206723070876
1206723197991
1206721851967
1206720726313
1206723199107
1206722749118
1206722310314
1206723122372
1206721477072
1206720868922
1206722582925
1206722859905
1206721630714
1206723585037
1206722513088
1206720787621
1206723569110
1206721836540
1206722371622
1206723183680
1206721538380
1206723119707
1206720649587
1206723408032
1206721692022
1206722769016
1206720579750
1206722157023
1206721685603
1206723250852
1206723006930
1206722687715
1206722659640
1206722060973
1206720710895
1206722292222
1206723404316
1206723321525
1206720641058
1206722538719
1206719752265
1206723656377
1206723068238
1206723116905
1206722827585
1206722122281
1206721608676
1206722353530
1206722109608
1206723382833
1206722257179
1206722824489
1206719813573
1206721723039
1206722404277
1206723129716
1206722888893
1206723867243
1206722461993
1206722759055
1206722170916
1206722219583
1206722363348
1206723949571
1206722395268
1206721784347
1206721345543
1206723407701
1206722282047
1206723844571
1206721275706
1206720825717
1206721506955
1206722232394
1206723522064
1206723083260
1206721564671
1206723186448
1206722649008
1206723013423
1206723713617
1206723410800
1206723565574
1206720887025
1206720448221
1206723614604
1206723175800
1206723144568
1206723407049
1206723535445
1206722142075
1206723074731
1206722624742
1206722185938
1206722997996
1206721352696
1206722332550
1206722204539
1206723237108
1206722787119
1206723468357
1206722388712
1206723834570
1206723444734
1206723749824
1206722247246
1206723059304
1206721414004
1206722438719
1206720525211
1206723283656
1206723941100
1206723027639
1206720455374
1206722032647
1206721561227
1206722783606
1206723307949
1206723014855
1206722839969
1206722937248
1206720586519
1206723000265
1206722770132
1206723197149
1206720516682
1206723544890
1206719627889
1206723259690
1206723107395
1206721956121
1206722703209
1206724482604
1206721484300
1206721886284
1206722831440
1206722117533
1206721942647
1206722700113
1206719689197
1206722605803
1206722416776
1206723005340
1206722279910
1206723692078
1206722337617
1206723294503
1206723421954
1206721058799
1206722003955
1206723786378
1206722702216
1206722667111
1206722228307
1206723283325
1206722157671
1206723450300
1206724153729
1206723103010
1206722382023
1206722108018
1206723285169
1206723847686
1206721440295
1206723062072
1206722524632
1206722977485
1206722326539
1206723286424
1206723394659
1206722907648
1206722443331
1206723370892
1206723492250
1206722080945
1206724839390
1206723194090
1206722017699
1206722011108
1206722387847
1206723116961
1206723500828
1206722235460
1206722208174
1206722080163
1206723492331
1206722614286
1206723419527
1206722687157
1206723716683
1206722366605
1206723947932
1206721183623
1206724194593
1206722296768
1206722314343
1206721407975
1206724032636
1206723816724
1206722903263
1206724396782
1206722233042
1206723264386
1206722659230
1206722216937
1206722890479
1206721789835
1206723367108
1206721469283
1206723378749
1206722135636
1206723698160
1206722463444
1206721852299
1206722440863
1206723135314
1206722934721
1206721831745
1206722776901
1206723040037
1206722156316
1206721761908
1206722707064
1206721993157
1206721818271
1206723663752
1206722931416
1206722481427
1206722463206
1206723888104
1206722155534
1206723567702
1206721543541
1206723170127
1206722662615
1206720934423
1206721879579
1206723603397
1206721258994
1206722542735
1206722103931
1206722824992
1206723025880
1206723325924
1206724029353
1206722978634
1206721603881
1206722784054
1206721835130
1206722647188
1206721757523
1206723008406
1206721765293
1206722222524
1206722202163
1206723387232
1206723270283
1206723579664
1206723462715
1206721927670
1206723504943
1206721956569
1206724143667
1206723069714
1206720706559
1206721886732
1206720937808
1206721749866
1206723376452
1206722111084
1206723326171
1206723216937
1206723834827
1206722489910
1206722538577
1206722562781
1206723442722
1206722242229
1206724070163
1206721059247
1206723726695
1206722172392
1206722572966
1206721283599
1206723551572
1206722205548
1206723317642
1206724556987
1206722428849
1206723140010
1206723505442
1206722092561
1206723773243
1206721665459
1206723242732
1206721344907
1206724315371
1206721146814
1206724473060
1206723895441
1206721727923
1206722316487
1206722762019
1206722810345
1206722714509
1206723659665
1206722915661
1206722031940
1206723798035
1206721208122
1206723559941
1206721962103
1206723539376
1206723067956
1206723464484
1206722338830
1206721258869
1206723387749
1206722945839
1206721419165
1206721864697
1206722538239
1206722294885
1206723578224
1206723479021
1206721134618
1206722925633
1206723345920
1206722700616
1206722901504
1206723626943
1206723597767
1206722989779
1206721479505
1206720361547
1206721710754
1206722522812
1206723057894
1206722986941
1206721640917
1206722098148
1206722746770
1206723394555
1206722099264
1206723220271
1206723103322
1206721803294
1206722371875
1206722839333
1206722700445
1206722261641
1206720582183
1206722159456
1206720813432
1206721625490
1206722160572
1206723648295
1206723201795
1206722712723
1206720438537
1206723452442
1206722414201
1206722322949
1206723128190
1206722808553
1206721474553
1206721919760
1206723400801
1206722476665
1206722448590
1206721849923
1206720499845
1206722081172
1206723193266
1206723110475
1206722304473
1206723812026
1206719541215
1206721981068
1206721467463
1206723094049
1206723755986
1206721911231
1206721397626
1206721022438
1206722503479
1206722973931
1206722365781
1206722282990
1206719602523
1206723127573
1206722330102
1206723135343
1206723435955
1206722914704
1206722250943
1206721083746
1206720570141
1206722196727
1206723297720
1206722344298
1206723286959
1206723188881
1206721134493
1206722076609
1206721502617
1206722307858
1206721740321
1206723317594
1206722170509
1206723528122
1206723359028
1206722872210
1206721353621
1206723876268
1206723424361
1206722137917
1206723502567
1206722369166
1206722865403
1206722362269
1206720237171
1206722593518
1206722964750
1206722933518
1206723195999
1206723135646
1206721931025
1206724378462
1206723253715
1206721974888
1206723095895
1206722978946
1206722527039
1206721993489
1206722714957
1206722576069
1206722137265
1206724228676
1206723630009
1206723889015
1206723315023
1206722036196
1206723523919
1206723085115
1206722588347
1206720314161
1206723328066
1206723730050
1206722198573
1206723003814
1206722896834
1206721350177
1206722802524
1206723276425
1206723291783
1206722628919
1206723055936
1206720375469
1206722789215
1206723103048
1206722986099
1206722966182
1206723687650
1206719416839
1206722863832
1206721343087
1206721745071
1206722690227
1206723117244
1206721273250
1206722850523
1206722379103
1206722781087
1206721731597
1206722158614
1206719478147
1206723550865
1206722205726
1206723010967
1206722068860
1206722790328
1206722126567
1206723645165
1206720445765
1206720847749
1206721792905
1206722219922
1206722491166
1206723135215
1206722017257
1206721952233
1206721378241
1206722183482
1206723942679
1206722653543
1206722703971
1206723403746
1206723234652
1206723310980
1206721229245
1206722747843
1206723459004
1206722013541
1206723930703
1206722244790
1206723537419
1206722237893
1206722933459
1206722469142
1206723199374
1206721869895
1206724269135
1206722809151
1206721806649
1206722094247
1206723129339
1206722413658
1206723103218
1206724751449
1206722994767
1206721869113
1206723260682
1206722332357
1206722640097
1206722476107
1206723505633
1206722155555
1206723190647
1206720972573
1206723371813
1206723512123
1206722538571
1206721196925
1206723636778
1206723123173
1206722453796
1206724560249
1206723566941
1206721648622
1206722678148
1206723605993
1206723554033
1206721578785
1206723156058
1206721258233
1206721711086
1206723110371
1206723386339
1206722841806
1206721641249
1206723267835
1206722739456
1206722225851
1206721620695
1206722565851
1206724000008
1206720751300
1206724344506
1206722790203
1206722656711
1206721607221
1206723963568
1206722981282
1206720813764
1206722440350
1206722489017
1206721944484
1206723356652
1206722443795
1206723462184
1206723326169
1206720723373
1206721668529
1206723392347
1206721047944
1206723447184
1206721892881
1206722550325
1206723362383
1206723719795
1206723818303
1206722529167
1206721392831
1206722970104
1206721624080
1206723186604
1206721546473
1206722564862
1206722428847
1206722011474
1206722431761
1206721786457
1206723413043
1206723012870
1206724661833
1206721716620
1206720565346
1206721745519
1206723292925
1206722626170
1206720495509
1206721969871
1206720726758
1206722289282
1206723454337
1206724240775
1206723115121
1206723005887
1206723623777
1206720889135
1206722515721
1206722351731
1206723585482
1206722031179
1206719668024
1206720848197
1206722395603
1206723387747
1206722414195
1206721072549
1206723520048
1206722869102
1206723400781
1206723343453
1206722217799
1206721524246
1206723589972
1206721894394
1206722456911
1206721454409
1206722688160
1206721133857
1206721586710
1206720935764
1206723261963
1206723724570
1206721516873
1206723782277
1206722622726
1206722101475
1206722503459
1206723448615
1206723730620
1206720626924
1206723677539
1206720997072
1206723323271
1206722110053
1206723839192
1206722856906
1206720689388
1206722660603
1206721723484
1206723176699
1206722734789
1206722884955
1206723337808
1206723201793
1206722759500
1206723204707
1206723267971
1206720923568
1206723322808
1206723134870
1206722425949
1206723238007
1206723525605
1206724073567
1206722778729
1206721268455
1206720826162
1206721499704
1206723329279
1206724227283
1206722440486
1206722304471
1206721887098
1206722307385
1206721662081
1206724258878
1206723009221
1206722892272
1206721592244
1206720440970
1206722628283
1206723168549
1206722050591
1206720371133
1206721948406
1206720602382
1206722997325
1206723329961
1206724116399
1206722990745
1206722501673
1206724239511
1206720764759
1206723229857
1206722111899
1206722917140
1206722810160
1206719543648
1206721708710
1206722271227
1206723848500
1206722502476
1206722969262
1206723828195
1206722182658
1206723276405
1206723219077
1206722093423
1206722407010
1206724450485
1206721770018
1206721256413
1206722882999
1206722563784
1206723030570
1206721937042
1206720811388
1206722292429
1206722762881
1206722154731
1206722071940
1206724042177
1206722916523
1206722379083
1206722839632
1206723224905
1206722703654
1206723156507
1206720872696
1206720359091
1206721985677
1206723086670
1206721935396
1206723551675
1206722977831
1206721599108
1206721865559
1206721291567
1206722096808
1206723217815
1206723100866
1206722635124
1206723317072
1206723147978
1206721996704
1206722259185
1206723665218
1206722685373
1206721926867
1206722916622
1206721038074
1206722654353
1206722151219
1206720701786
1206722382468
1206723112700
1206722489587
1206722320493
1206722924596
1206722746681
1206724167412
1206722544845
1206721099382
1206722884845
1206722767896
1206721788051
1206721323734
1206722019300
1206722550895
1206721926215
1206724069905
1206724172400
1206723333336
1206722955604
1206723564585
1206723620069
1206722874065
1206721849359
1206725091524
1206721996974
1206722611151
1206721987523
1206722792764
1206722685784
1206723242420
1206722591474
1206722850480
1206723543523
1206723093534
1206722844886
1206723703819
1206722058282
1206722672459
1206723612578
1206722903708
1206722282634
1206725075544
1206722652782
1206721132037
