0
-1
4664657421
-1
9329314842
-1
1980505763
-1
6645163184
-1
11309820605
-1
3961011526
-1
8625668947
-1
1276859868
-1
5941517289
-1
10606174710
-1
3257365631
-1
7922023052
-1
573213973
-1
5237871394
-1
9902528815
-1
2553719736
-1
7218377157
-1
11883034578
-1
4534225499
-1
9198882920
-1
1850073841
-1
6514731262
-1
11179388683
-1
3830579604
-1
8495237025
-1
1146427946
-1
5811085367
-1
10475742788
-1
3126933709
-1
7791591130
-1
442782051
-1
5107439472
-1
9772096893
-1
2423287814
-1
7087945235
-1
11752602656
-1
4403793577
-1
9068450998
-1
1719641919
-1
6384299340
-1
11048956761
-1
3700147682
-1
8364805103
-1
1015996024
-1
5680653445
-1
10345310866
-1
2996501787
-1
7661159208
-1
312350129
-1
4977007550
-1
9641664971
-1
2292855892
-1
6957513313
-1
11622170734
-1
4273361655
-1
8938019076
-1
1589209997
-1
6253867418
-1
10918524839
-1
3569715760
-1
8234373181
-1
885564102
-1
5550221523
-1
10214878944
-1
2866069865
-1
7530727286
-1
181918207
-1
4846575628
-1
9511233049
-1
2162423970
-1
6827081391
-1
11491738812
-1
4142929733
-1
8807587154
-1
1458778075
-1
6123435496
-1
10788092917
-1
3439283838
-1
8103941259
-1
755132180
-1
5419789601
-1
10084447022
-1
2735637943
-1
7400295364
-1
51486285
-1
4716143706
-1
9380801127
-1
2031992048
-1
6696649469
-1
11361306890
-1
4012497811
-1
8677155232
-1
1328346153
-1
5993003574
-1
10657660995
-1
3308851916
-1
7973509337
-1
624700258
-1
5289357679
-1
9954015100
-1
2605206021
-1
7269863442
-1
11934520863
-1
4585711784
-1
9250369205
-1
1901560126
-1
6566217547
-1
11230874968
-1
3882065889
-1
8546723310
-1
1197914231
-1
5862571652
-1
10527229073
-1
3178419994
-1
7843077415
-1
494268336
-1
5158925757
-1
9823583178
-1
2474774099
-1
7139431520
-1
11804088941
-1
4455279862
-1
9119937283
-1
1771128204
-1
6435785625
-1
11100443046
-1
3751633967
-1
8416291388
-1
1067482309
-1
5732139730
-1
10396797151
-1
3047988072
-1
7712645493
-1
363836414
-1
5028493835
-1
9693151256
-1
2344342177
-1
7008999598
-1
11673657019
-1
4324847940
-1
8989505361
-1
1640696282
-1
6305353703
-1
10970011124
-1
3621202045
-1
8285859466
-1
937050387
-1
5601707808
-1
10266365229
-1
2917556150
-1
7582213571
-1
233404492
-1
4898061913
-1
9562719334
-1
2213910255
-1
6878567676
-1
11543225097
-1
4194416018
-1
8859073439
-1
1510264360
-1
6174921781
-1
10839579202
-1
3490770123
-1
8155427544
-1
806618465
-1
5471275886
-1
10135933307
-1
2787124228
-1
7451781649
-1
102972570
-1
4767629991
-1
9432287412
-1
2083478333
-1
6748135754
-1
11412793175
-1
4063984096
-1
8728641517
-1
1379832438
-1
6044489859
-1
10709147280
-1
3360338201
-1
8024995622
-1
676186543
-1
5340843964
-1
10005501385
-1
2656692306
-1
7321349727
-1
11986007148
-1
4637198069
-1
9301855490
-1
1953046411
-1
6617703832
-1
11282361253
-1
3933552174
-1
8598209595
-1
1249400516
-1
5914057937
-1
10578715358
-1
3229906279
-1
7894563700
-1
545754621
-1
5210412042
-1
9875069463
-1
2526260384
-1
7190917805
-1
11855575226
-1
4506766147
-1
9171423568
-1
1822614489
-1
6487271910
-1
11151929331
-1
3803120252
-1
8467777673
-1
1118968594
-1
5783626015
-1
10448283436
-1
3099474357
-1
7764131778
-1
415322699
-1
5079980120
-1
9744637541
-1
2395828462
-1
7060485883
-1
11725143304
-1
4376334225
-1
9040991646
-1
1692182567
-1
6356839988
-1
11021497409
-1
3672688330
-1
8337345751
-1
988536672
-1
5653194093
-1
10317851514
-1
2969042435
-1
7633699856
-1
284890777
-1
4949548198
-1
9614205619
-1
2265396540
-1
6930053961
-1
11594711382
-1
4245902303
-1
8910559724
-1
1561750645
-1
6226408066
-1
10891065487
-1
3542256408
-1
8206913829
-1
858104750
-1
5522762171
-1
10187419592
-1
2838610513
-1
7503267934
-1
154458855
-1
4819116276
-1
9483773697
-1
2134964618
-1
6799622039
-1
11464279460
-1
4115470381
-1
8780127802
-1
1431318723
-1
6095976144
-1
10760633565
-1
3411824486
-1
8076481907
-1
727672828
-1
5392330249
-1
10056987670
-1
2708178591
-1
7372836012
-1
24026933
-1
4688684354
-1
9353341775
-1
2004532696
-1
6669190117
-1
11333847538
-1
3985038459
-1
8649695880
-1
1300886801
-1
5965544222
-1
10630201643
-1
3281392564
-1
7946049985
-1
597240906
-1
5261898327
-1
9926555748
-1
2577746669
-1
7242404090
-1
11907061511
-1
4558252432
-1
9222909853
-1
1874100774
-1
6538758195
-1
11203415616
-1
3854606537
-1
8519263958
-1
1170454879
-1
5835112300
-1
10499769721
-1
3150960642
-1
7815618063
-1
466808984
-1
5131466405
-1
9796123826
-1
2447314747
-1
7111972168
-1
11776629589
-1
4427820510
-1
9092477931
-1
1743668852
-1
6408326273
-1
11072983694
-1
3724174615
-1
8388832036
-1
1040022957
-1
5704680378
-1
10369337799
-1
3020528720
-1
7685186141
-1
336377062
-1
5001034483
-1
9665691904
-1
2316882825
-1
6981540246
-1
11646197667
-1
4297388588
-1
8962046009
-1
1613236930
-1
6277894351
-1
10942551772
-1
3593742693
-1
8258400114
-1
909591035
-1
5574248456
-1
10238905877
-1
2890096798
-1
7554754219
-1
205945140
-1
4870602561
-1
9535259982
-1
2186450903
-1
6851108324
-1
11515765745
-1
4166956666
-1
8831614087
-1
1482805008
-1
6147462429
-1
10812119850
-1
3463310771
-1
8127968192
-1
779159113
-1
5443816534
-1
10108473955
-1
2759664876
-1
7424322297
-1
75513218
-1
4740170639
-1
9404828060
-1
2056018981
-1
6720676402
-1
11385333823
-1
4036524744
-1
8701182165
-1
1352373086
-1
6017030507
-1
10681687928
-1
3332878849
-1
7997536270
-1
648727191
-1
5313384612
-1
9978042033
-1
2629232954
-1
7293890375
-1
11958547796
-1
4609738717
-1
9274396138
-1
1925587059
-1
6590244480
-1
11254901901
-1
3906092822
-1
8570750243
-1
1221941164
-1
5886598585
-1
10551256006
-1
3202446927
-1
7867104348
-1
518295269
-1
5182952690
-1
9847610111
-1
2498801032
-1
7163458453
-1
11828115874
-1
4479306795
-1
9143964216
-1
1795155137
-1
6459812558
-1
11124469979
-1
3775660900
-1
8440318321
-1
1091509242
-1
5756166663
-1
10420824084
-1
3072015005
-1
7736672426
-1
387863347
-1
5052520768
-1
9717178189
-1
2368369110
-1
7033026531
-1
11697683952
-1
4348874873
-1
9013532294
-1
1664723215
-1
6329380636
-1
10994038057
-1
3645228978
-1
8309886399
-1
961077320
-1
5625734741
-1
10290392162
-1
2941583083
-1
7606240504
-1
257431425
-1
4922088846
-1
9586746267
-1
2237937188
-1
6902594609
-1
11567252030
-1
4218442951
-1
8883100372
-1
1534291293
-1
6198948714
-1
10863606135
-1
3514797056
-1
8179454477
-1
830645398
-1
5495302819
-1
10159960240
-1
2811151161
-1
7475808582
-1
126999503
-1
4791656924
-1
9456314345
-1
2107505266
-1
6772162687
-1
11436820108
-1
4088011029
-1
8752668450
-1
1403859371
-1
6068516792
-1
10733174213
-1
3384365134
-1
8049022555
-1
700213476
-1
5364870897
-1
10029528318
-1
2680719239
-1
7345376660
-1
12010034081
-1
4661225002
-1
9325882423
-1
1977073344
-1
6641730765
-1
11306388186
-1
3957579107
-1
8622236528
-1
1273427449
-1
5938084870
-1
10602742291
-1
3253933212
-1
7918590633
-1
569781554
-1
5234438975
-1
9899096396
-1
2550287317
-1
7214944738
-1
11879602159
-1
4530793080
-1
9195450501
-1
1846641422
-1
6511298843
-1
11175956264
-1
3827147185
-1
8491804606
-1
1142995527
-1
5807652948
-1
10472310369
-1
3123501290
-1
7788158711
-1
439349632
-1
5104007053
-1
9768664474
-1
2419855395
-1
7084512816
-1
11749170237
-1
4400361158
-1
9065018579
-1
1716209500
-1
6380866921
-1
11045524342
-1
3696715263
-1
8361372684
-1
1012563605
-1
5677221026
-1
10341878447
-1
2993069368
-1
7657726789
-1
308917710
-1
4973575131
-1
9638232552
-1
2289423473
-1
6954080894
-1
11618738315
-1
4269929236
-1
8934586657
-1
1585777578
-1
6250434999
-1
10915092420
-1
3566283341
-1
8230940762
-1
882131683
-1
5546789104
-1
10211446525
-1
2862637446
-1
7527294867
-1
178485788
-1
4843143209
-1
9507800630
-1
2158991551
-1
6823648972
-1
11488306393
-1
4139497314
-1
8804154735
-1
1455345656
-1
6120003077
-1
10784660498
-1
3435851419
-1
8100508840
-1
751699761
-1
5416357182
-1
10081014603
-1
2732205524
-1
7396862945
-1
48053866
-1
4712711287
-1
9377368708
-1
2028559629
-1
6693217050
-1
11357874471
-1
4009065392
-1
8673722813
-1
1324913734
-1
5989571155
-1
10654228576
-1
3305419497
-1
7970076918
-1
621267839
-1
5285925260
-1
9950582681
-1
2601773602
-1
7266431023
-1
11931088444
-1
4582279365
-1
9246936786
-1
1898127707
-1
6562785128
-1
11227442549
-1
3878633470
-1
8543290891
-1
1194481812
-1
5859139233
-1
10523796654
-1
3174987575
-1
7839644996
-1
490835917
-1
5155493338
-1
9820150759
-1
2471341680
-1
7135999101
-1
11800656522
-1
4451847443
-1
9116504864
-1
1767695785
-1
6432353206
-1
11097010627
-1
3748201548
-1
8412858969
-1
1064049890
-1
5728707311
-1
10393364732
-1
3044555653
-1
7709213074
-1
360403995
-1
5025061416
-1
9689718837
-1
2340909758
-1
7005567179
-1
11670224600
-1
4321415521
-1
8986072942
-1
1637263863
-1
6301921284
-1
10966578705
-1
3617769626
-1
8282427047
-1
933617968
-1
5598275389
-1
10262932810
-1
2914123731
-1
7578781152
-1
229972073
-1
4894629494
-1
9559286915
-1
2210477836
-1
6875135257
-1
11539792678
-1
4190983599
-1
8855641020
-1
1506831941
-1
6171489362
-1
10836146783
-1
3487337704
-1
8151995125
-1
803186046
-1
5467843467
-1
10132500888
-1
2783691809
-1
7448349230
-1
99540151
-1
4764197572
-1
9428854993
-1
2080045914
-1
6744703335
-1
11409360756
-1
4060551677
-1
8725209098
-1
1376400019
-1
6041057440
-1
10705714861
-1
3356905782
-1
8021563203
-1
672754124
-1
5337411545
-1
10002068966
-1
2653259887
-1
7317917308
-1
11982574729
-1
4633765650
-1
9298423071
-1
1949613992
-1
6614271413
-1
11278928834
-1
3930119755
-1
8594777176
-1
1245968097
-1
5910625518
-1
10575282939
-1
3226473860
-1
7891131281
-1
542322202
-1
5206979623
-1
9871637044
-1
2522827965
-1
7187485386
-1
11852142807
-1
4503333728
-1
9167991149
-1
1819182070
-1
6483839491
-1
11148496912
-1
3799687833
-1
8464345254
-1
1115536175
-1
5780193596
-1
10444851017
-1
3096041938
-1
7760699359
-1
411890280
-1
5076547701
-1
9741205122
-1
2392396043
-1
7057053464
-1
11721710885
-1
4372901806
-1
9037559227
-1
1688750148
-1
6353407569
-1
11018064990
-1
3669255911
-1
8333913332
-1
985104253
-1
5649761674
-1
10314419095
-1
2965610016
-1
7630267437
-1
281458358
-1
4946115779
-1
9610773200
-1
2261964121
-1
6926621542
-1
11591278963
-1
4242469884
-1
8907127305
-1
1558318226
-1
6222975647
-1
10887633068
-1
3538823989
-1
8203481410
-1
854672331
-1
5519329752
-1
10183987173
-1
2835178094
-1
7499835515
-1
151026436
-1
4815683857
-1
9480341278
-1
2131532199
-1
6796189620
-1
11460847041
-1
4112037962
-1
8776695383
-1
1427886304
-1
6092543725
-1
10757201146
-1
3408392067
-1
8073049488
-1
724240409
-1
5388897830
-1
10053555251
-1
2704746172
-1
7369403593
-1
20594514
-1
4685251935
-1
9349909356
-1
2001100277
-1
6665757698
-1
11330415119
-1
3981606040
-1
8646263461
-1
1297454382
-1
5962111803
-1
10626769224
-1
3277960145
-1
7942617566
-1
593808487
-1
5258465908
-1
9923123329
-1
2574314250
-1
7238971671
-1
11903629092
-1
4554820013
-1
9219477434
-1
1870668355
-1
6535325776
-1
11199983197
-1
3851174118
-1
8515831539
-1
1167022460
-1
5831679881
-1
10496337302
-1
3147528223
-1
7812185644
-1
463376565
-1
5128033986
-1
9792691407
-1
2443882328
-1
7108539749
-1
11773197170
-1
4424388091
-1
9089045512
-1
1740236433
-1
6404893854
-1
11069551275
-1
3720742196
-1
8385399617
-1
1036590538
-1
5701247959
-1
10365905380
-1
3017096301
-1
7681753722
-1
332944643
-1
4997602064
-1
9662259485
-1
2313450406
-1
6978107827
-1
11642765248
-1
4293956169
-1
8958613590
-1
1609804511
-1
6274461932
-1
10939119353
-1
3590310274
-1
8254967695
-1
906158616
-1
5570816037
-1
10235473458
-1
2886664379
-1
7551321800
-1
202512721
-1
4867170142
-1
9531827563
-1
2183018484
-1
6847675905
-1
11512333326
-1
4163524247
-1
8828181668
-1
1479372589
-1
6144030010
-1
10808687431
-1
3459878352
-1
8124535773
-1
775726694
-1
5440384115
-1
10105041536
-1
2756232457
-1
7420889878
-1
72080799
-1
4736738220
-1
9401395641
-1
2052586562
-1
6717243983
-1
11381901404
-1
4033092325
-1
8697749746
-1
1348940667
-1
6013598088
-1
10678255509
-1
3329446430
-1
7994103851
-1
645294772
-1
5309952193
-1
9974609614
-1
2625800535
-1
7290457956
-1
11955115377
-1
4606306298
-1
9270963719
-1
1922154640
-1
6586812061
-1
11251469482
-1
3902660403
-1
8567317824
-1
1218508745
-1
5883166166
-1
10547823587
-1
3199014508
-1
7863671929
-1
514862850
-1
5179520271
-1
9844177692
-1
2495368613
-1
7160026034
-1
11824683455
-1
4475874376
-1
9140531797
-1
1791722718
-1
6456380139
-1
11121037560
-1
3772228481
-1
8436885902
-1
1088076823
-1
5752734244
-1
10417391665
-1
3068582586
-1
7733240007
-1
384430928
-1
5049088349
-1
9713745770
-1
2364936691
-1
7029594112
-1
11694251533
-1
4345442454
-1
9010099875
-1
1661290796
-1
6325948217
-1
10990605638
-1
3641796559
-1
8306453980
-1
957644901
-1
5622302322
-1
10286959743
-1
2938150664
-1
7602808085
-1
253999006
-1
4918656427
-1
9583313848
-1
2234504769
-1
6899162190
-1
11563819611
-1
4215010532
-1
8879667953
-1
1530858874
-1
6195516295
-1
10860173716
-1
3511364637
-1
8176022058
-1
827212979
-1
5491870400
-1
10156527821
-1
2807718742
-1
7472376163
-1
123567084
-1
4788224505
-1
9452881926
-1
2104072847
-1
6768730268
-1
11433387689
-1
4084578610
-1
8749236031
-1
1400426952
-1
6065084373
-1
10729741794
-1
3380932715
-1
8045590136
-1
696781057
-1
5361438478
-1
10026095899
-1
2677286820
-1
7341944241
-1
12006601662
-1
4657792583
-1
9322450004
-1
1973640925
-1
6638298346
-1
11302955767
-1
3954146688
-1
8618804109
-1
1269995030
-1
5934652451
-1
10599309872
-1
3250500793
-1
7915158214
-1
566349135
-1
5231006556
-1
9895663977
-1
2546854898
-1
7211512319
-1
11876169740
-1
4527360661
-1
9192018082
-1
1843209003
-1
6507866424
-1
11172523845
-1
3823714766
-1
8488372187
-1
1139563108
-1
5804220529
-1
10468877950
-1
3120068871
-1
7784726292
-1
435917213
-1
5100574634
-1
9765232055
-1
2416422976
-1
7081080397
-1
11745737818
-1
4396928739
-1
9061586160
-1
1712777081
-1
6377434502
-1
11042091923
-1
3693282844
-1
8357940265
-1
1009131186
-1
5673788607
-1
10338446028
-1
2989636949
-1
7654294370
-1
305485291
-1
4970142712
-1
9634800133
-1
2285991054
-1
6950648475
-1
11615305896
-1
4266496817
-1
8931154238
-1
1582345159
-1
6247002580
-1
10911660001
-1
3562850922
-1
8227508343
-1
878699264
-1
5543356685
-1
10208014106
-1
2859205027
-1
7523862448
-1
175053369
-1
4839710790
-1
9504368211
-1
2155559132
-1
6820216553
-1
11484873974
-1
4136064895
-1
8800722316
-1
1451913237
-1
6116570658
-1
10781228079
-1
3432419000
-1
8097076421
-1
748267342
-1
5412924763
-1
10077582184
-1
2728773105
-1
7393430526
-1
44621447
-1
4709278868
-1
9373936289
-1
2025127210
-1
6689784631
-1
11354442052
-1
4005632973
-1
8670290394
-1
1321481315
-1
5986138736
-1
10650796157
-1
3301987078
-1
7966644499
-1
617835420
-1
5282492841
-1
9947150262
-1
2598341183
-1
7262998604
-1
11927656025
-1
4578846946
-1
9243504367
-1
1894695288
-1
6559352709
-1
11224010130
-1
3875201051
-1
8539858472
-1
1191049393
-1
5855706814
-1
10520364235
-1
3171555156
-1
7836212577
-1
487403498
-1
5152060919
-1
9816718340
-1
2467909261
-1
7132566682
-1
11797224103
-1
4448415024
-1
9113072445
-1
1764263366
-1
6428920787
-1
11093578208
-1
3744769129
-1
8409426550
-1
1060617471
-1
5725274892
-1
10389932313
-1
3041123234
-1
7705780655
-1
356971576
-1
5021628997
-1
9686286418
-1
2337477339
-1
7002134760
-1
11666792181
-1
4317983102
-1
8982640523
-1
1633831444
-1
6298488865
-1
10963146286
-1
3614337207
-1
8278994628
-1
930185549
-1
5594842970
-1
10259500391
-1
2910691312
-1
7575348733
-1
226539654
-1
4891197075
-1
9555854496
-1
2207045417
-1
6871702838
-1
11536360259
-1
4187551180
-1
8852208601
-1
1503399522
-1
6168056943
-1
10832714364
-1
3483905285
-1
8148562706
-1
799753627
-1
5464411048
-1
10129068469
-1
2780259390
-1
7444916811
-1
96107732
-1
4760765153
-1
9425422574
-1
2076613495
-1
6741270916
-1
11405928337
-1
4057119258
-1
8721776679
-1
1372967600
-1
6037625021
-1
10702282442
-1
3353473363
-1
8018130784
-1
669321705
-1
5333979126
-1
9998636547
-1
2649827468
-1
7314484889
-1
11979142310
-1
4630333231
-1
9294990652
-1
1946181573
-1
6610838994
-1
11275496415
-1
3926687336
-1
8591344757
-1
1242535678
-1
5907193099
-1
10571850520
-1
3223041441
-1
7887698862
-1
538889783
-1
5203547204
-1
9868204625
-1
2519395546
-1
7184052967
-1
11848710388
-1
4499901309
-1
9164558730
-1
1815749651
-1
6480407072
-1
11145064493
-1
3796255414
-1
8460912835
-1
1112103756
-1
5776761177
-1
10441418598
-1
3092609519
-1
7757266940
-1
408457861
-1
5073115282
-1
9737772703
-1
2388963624
-1
7053621045
-1
11718278466
-1
4369469387
-1
9034126808
-1
1685317729
-1
6349975150
-1
11014632571
-1
3665823492
-1
8330480913
-1
981671834
-1
5646329255
-1
10310986676
-1
2962177597
-1
7626835018
-1
278025939
-1
4942683360
-1
9607340781
-1
2258531702
-1
6923189123
-1
11587846544
-1
4239037465
-1
8903694886
-1
1554885807
-1
6219543228
-1
10884200649
-1
3535391570
-1
8200048991
-1
851239912
-1
5515897333
-1
10180554754
-1
2831745675
-1
7496403096
-1
147594017
-1
4812251438
-1
9476908859
-1
2128099780
-1
6792757201
-1
11457414622
-1
4108605543
-1
8773262964
-1
1424453885
-1
6089111306
-1
10753768727
-1
3404959648
-1
8069617069
-1
720807990
-1
5385465411
-1
10050122832
-1
2701313753
-1
7365971174
-1
17162095
-1
4681819516
-1
9346476937
-1
1997667858
-1
6662325279
-1
11326982700
-1
3978173621
-1
8642831042
-1
1294021963
-1
5958679384
-1
10623336805
-1
3274527726
-1
7939185147
-1
590376068
-1
5255033489
-1
9919690910
-1
2570881831
-1
7235539252
-1
11900196673
-1
4551387594
-1
9216045015
-1
1867235936
-1
6531893357
-1
11196550778
-1
3847741699
-1
8512399120
-1
1163590041
-1
5828247462
-1
10492904883
-1
3144095804
-1
7808753225
-1
459944146
-1
5124601567
-1
9789258988
-1
2440449909
-1
7105107330
-1
11769764751
-1
4420955672
-1
9085613093
-1
1736804014
-1
6401461435
-1
11066118856
-1
3717309777
-1
8381967198
-1
1033158119
-1
5697815540
-1
10362472961
-1
3013663882
-1
7678321303
-1
329512224
-1
4994169645
-1
9658827066
-1
2310017987
-1
6974675408
-1
11639332829
-1
4290523750
-1
8955181171
-1
1606372092
-1
6271029513
-1
10935686934
-1
3586877855
-1
8251535276
-1
902726197
-1
5567383618
-1
10232041039
-1
2883231960
-1
7547889381
-1
199080302
-1
4863737723
-1
9528395144
-1
2179586065
-1
6844243486
-1
11508900907
-1
4160091828
-1
8824749249
-1
1475940170
-1
6140597591
-1
10805255012
-1
3456445933
-1
8121103354
-1
772294275
-1
5436951696
-1
10101609117
-1
2752800038
-1
7417457459
-1
68648380
-1
4733305801
-1
9397963222
-1
2049154143
-1
6713811564
-1
11378468985
-1
4029659906
-1
8694317327
-1
1345508248
-1
6010165669
-1
10674823090
-1
3326014011
-1
7990671432
-1
641862353
-1
5306519774
-1
9971177195
-1
2622368116
-1
7287025537
-1
11951682958
-1
4602873879
-1
9267531300
-1
1918722221
-1
6583379642
-1
11248037063
-1
3899227984
-1
8563885405
-1
1215076326
-1
5879733747
-1
10544391168
-1
3195582089
-1
7860239510
-1
511430431
-1
5176087852
-1
9840745273
-1
2491936194
-1
7156593615
-1
11821251036
-1
4472441957
-1
9137099378
-1
1788290299
-1
6452947720
-1
11117605141
-1
3768796062
-1
8433453483
-1
1084644404
-1
5749301825
-1
10413959246
-1
3065150167
-1
7729807588
-1
380998509
-1
5045655930
-1
9710313351
-1
2361504272
-1
7026161693
-1
11690819114
-1
4342010035
-1
9006667456
-1
1657858377
-1
6322515798
-1
10987173219
-1
3638364140
-1
8303021561
-1
954212482
-1
5618869903
-1
10283527324
-1
2934718245
-1
7599375666
-1
250566587
-1
4915224008
-1
9579881429
-1
2231072350
-1
6895729771
-1
11560387192
-1
4211578113
-1
8876235534
-1
1527426455
-1
6192083876
-1
10856741297
-1
3507932218
-1
8172589639
-1
823780560
-1
5488437981
-1
10153095402
-1
2804286323
-1
7468943744
-1
120134665
-1
4784792086
-1
9449449507
-1
2100640428
-1
6765297849
-1
11429955270
-1
4081146191
-1
8745803612
-1
1396994533
-1
6061651954
-1
10726309375
-1
3377500296
-1
8042157717
-1
693348638
-1
5358006059
-1
10022663480
-1
2673854401
-1
7338511822
-1
12003169243
-1
4654360164
-1
9319017585
-1
1970208506
-1
6634865927
-1
11299523348
-1
3950714269
-1
8615371690
-1
1266562611
-1
5931220032
-1
10595877453
-1
3247068374
-1
7911725795
-1
562916716
-1
5227574137
-1
9892231558
-1
2543422479
-1
7208079900
-1
11872737321
-1
4523928242
-1
9188585663
-1
1839776584
-1
6504434005
-1
11169091426
-1
3820282347
-1
8484939768
-1
1136130689
-1
5800788110
-1
10465445531
-1
3116636452
-1
7781293873
-1
432484794
-1
5097142215
-1
9761799636
-1
2412990557
-1
7077647978
-1
11742305399
-1
4393496320
-1
9058153741
-1
1709344662
-1
6374002083
-1
11038659504
-1
3689850425
-1
8354507846
-1
1005698767
-1
5670356188
-1
10335013609
-1
2986204530
-1
7650861951
-1
302052872
-1
4966710293
-1
9631367714
-1
2282558635
-1
6947216056
-1
11611873477
-1
4263064398
-1
8927721819
-1
1578912740
-1
6243570161
-1
10908227582
-1
3559418503
-1
8224075924
-1
875266845
-1
5539924266
-1
10204581687
-1
2855772608
-1
7520430029
-1
171620950
-1
4836278371
-1
9500935792
-1
2152126713
-1
6816784134
-1
11481441555
-1
4132632476
-1
8797289897
-1
1448480818
-1
6113138239
-1
10777795660
-1
3428986581
-1
8093644002
-1
744834923
-1
5409492344
-1
10074149765
-1
2725340686
-1
7389998107
-1
41189028
-1
4705846449
-1
9370503870
-1
2021694791
-1
6686352212
-1
11351009633
-1
4002200554
-1
8666857975
-1
1318048896
-1
5982706317
-1
10647363738
-1
3298554659
-1
7963212080
-1
614403001
-1
5279060422
-1
9943717843
-1
2594908764
-1
7259566185
-1
11924223606
-1
4575414527
-1
9240071948
-1
1891262869
-1
6555920290
-1
11220577711
-1
3871768632
-1
8536426053
-1
1187616974
-1
5852274395
-1
10516931816
-1
3168122737
-1
7832780158
-1
483971079
-1
5148628500
-1
9813285921
-1
2464476842
-1
7129134263
-1
11793791684
-1
4444982605
-1
9109640026
-1
1760830947
-1
6425488368
-1
11090145789
-1
3741336710
-1
8405994131
-1
1057185052
-1
5721842473
-1
10386499894
-1
3037690815
-1
7702348236
-1
353539157
-1
5018196578
-1
9682853999
-1
2334044920
-1
6998702341
-1
11663359762
-1
4314550683
-1
8979208104
-1
1630399025
-1
6295056446
-1
10959713867
-1
3610904788
-1
8275562209
-1
926753130
-1
5591410551
-1
10256067972
-1
2907258893
-1
7571916314
-1
223107235
-1
4887764656
-1
9552422077
-1
2203612998
-1
6868270419
-1
11532927840
-1
4184118761
-1
8848776182
-1
1499967103
-1
6164624524
-1
10829281945
-1
3480472866
-1
8145130287
-1
796321208
-1
5460978629
-1
10125636050
-1
2776826971
-1
7441484392
-1
92675313
-1
4757332734
-1
9421990155
-1
2073181076
-1
6737838497
-1
11402495918
-1
4053686839
-1
8718344260
-1
1369535181
-1
6034192602
-1
10698850023
-1
3350040944
-1
8014698365
-1
665889286
-1
5330546707
-1
9995204128
-1
2646395049
-1
7311052470
-1
11975709891
-1
4626900812
-1
9291558233
-1
1942749154
-1
6607406575
-1
11272063996
-1
3923254917
-1
8587912338
-1
1239103259
-1
5903760680
-1
10568418101
-1
3219609022
-1
7884266443
-1
535457364
-1
5200114785
-1
9864772206
-1
2515963127
-1
7180620548
-1
11845277969
-1
4496468890
-1
9161126311
-1
1812317232
-1
6476974653
-1
11141632074
-1
3792822995
-1
8457480416
-1
1108671337
-1
5773328758
-1
10437986179
-1
3089177100
-1
7753834521
-1
405025442
-1
5069682863
-1
9734340284
-1
2385531205
-1
7050188626
-1
11714846047
-1
4366036968
-1
9030694389
-1
1681885310
-1
6346542731
-1
11011200152
-1
3662391073
-1
8327048494
-1
978239415
-1
5642896836
-1
10307554257
-1
2958745178
-1
7623402599
-1
274593520
-1
4939250941
-1
9603908362
-1
2255099283
-1
6919756704
-1
11584414125
-1
4235605046
-1
8900262467
-1
1551453388
-1
6216110809
-1
10880768230
-1
3531959151
-1
8196616572
-1
847807493
-1
5512464914
-1
10177122335
-1
2828313256
-1
7492970677
-1
144161598
-1
4808819019
-1
9473476440
-1
2124667361
-1
6789324782
-1
11453982203
-1
4105173124
-1
8769830545
-1
1421021466
-1
6085678887
-1
10750336308
-1
3401527229
-1
8066184650
-1
717375571
-1
5382032992
-1
10046690413
-1
2697881334
-1
7362538755
-1
13729676
-1
4678387097
-1
9343044518
-1
1994235439
-1
6658892860
-1
11323550281
-1
3974741202
-1
8639398623
-1
1290589544
-1
5955246965
-1
10619904386
-1
3271095307
-1
7935752728
-1
586943649
-1
5251601070
-1
9916258491
-1
2567449412
-1
7232106833
-1
11896764254
-1
4547955175
-1
9212612596
-1
1863803517
-1
6528460938
-1
11193118359
-1
3844309280
-1
8508966701
-1
1160157622
-1
5824815043
-1
10489472464
-1
3140663385
-1
7805320806
-1
456511727
-1
5121169148
-1
9785826569
-1
2437017490
-1
7101674911
-1
11766332332
-1
4417523253
-1
9082180674
-1
1733371595
-1
6398029016
-1
11062686437
-1
3713877358
-1
8378534779
-1
1029725700
-1
5694383121
-1
10359040542
-1
3010231463
-1
7674888884
-1
326079805
-1
4990737226
-1
9655394647
-1
2306585568
-1
6971242989
-1
11635900410
-1
4287091331
-1
8951748752
-1
1602939673
-1
6267597094
-1
10932254515
-1
3583445436
-1
8248102857
-1
899293778
-1
5563951199
-1
10228608620
-1
2879799541
-1
7544456962
-1
195647883
-1
4860305304
-1
9524962725
-1
2176153646
-1
6840811067
-1
11505468488
-1
4156659409
-1
8821316830
-1
1472507751
-1
6137165172
-1
10801822593
-1
3453013514
-1
8117670935
-1
768861856
-1
5433519277
-1
10098176698
-1
2749367619
-1
7414025040
-1
65215961
-1
4729873382
-1
9394530803
-1
2045721724
-1
6710379145
-1
11375036566
-1
4026227487
-1
8690884908
-1
1342075829
-1
6006733250
-1
10671390671
-1
3322581592
-1
7987239013
-1
638429934
-1
5303087355
-1
9967744776
-1
2618935697
-1
7283593118
-1
11948250539
-1
4599441460
-1
9264098881
-1
1915289802
-1
6579947223
-1
11244604644
-1
3895795565
-1
8560452986
-1
1211643907
-1
5876301328
-1
10540958749
-1
3192149670
-1
7856807091
-1
507998012
-1
5172655433
-1
9837312854
-1
2488503775
-1
7153161196
-1
11817818617
-1
4469009538
-1
9133666959
-1
1784857880
-1
6449515301
-1
11114172722
-1
3765363643
-1
8430021064
-1
1081211985
-1
5745869406
-1
10410526827
-1
3061717748
-1
7726375169
-1
377566090
-1
5042223511
-1
9706880932
-1
2358071853
-1
7022729274
-1
11687386695
-1
4338577616
-1
9003235037
-1
1654425958
-1
6319083379
-1
10983740800
-1
3634931721
-1
8299589142
-1
950780063
-1
5615437484
-1
10280094905
-1
2931285826
-1
7595943247
-1
247134168
-1
4911791589
-1
9576449010
-1
2227639931
-1
6892297352
-1
11556954773
-1
4208145694
-1
8872803115
-1
1523994036
-1
6188651457
-1
10853308878
-1
3504499799
-1
8169157220
-1
820348141
-1
5485005562
-1
10149662983
-1
2800853904
-1
7465511325
-1
116702246
-1
4781359667
-1
9446017088
-1
2097208009
-1
6761865430
-1
11426522851
-1
4077713772
-1
8742371193
-1
1393562114
-1
6058219535
-1
10722876956
-1
3374067877
-1
8038725298
-1
689916219
-1
5354573640
-1
10019231061
-1
2670421982
-1
7335079403
-1
11999736824
-1
4650927745
-1
9315585166
-1
1966776087
-1
6631433508
-1
11296090929
-1
3947281850
-1
8611939271
-1
1263130192
-1
5927787613
-1
10592445034
-1
3243635955
-1
7908293376
-1
559484297
-1
5224141718
-1
9888799139
-1
2539990060
-1
7204647481
-1
11869304902
-1
4520495823
-1
9185153244
-1
1836344165
-1
6501001586
-1
11165659007
-1
3816849928
-1
8481507349
-1
1132698270
-1
5797355691
-1
10462013112
-1
3113204033
-1
7777861454
-1
429052375
-1
5093709796
-1
9758367217
-1
2409558138
-1
7074215559
-1
11738872980
-1
4390063901
-1
9054721322
-1
1705912243
-1
6370569664
-1
11035227085
-1
3686418006
-1
8351075427
-1
1002266348
-1
5666923769
-1
10331581190
-1
2982772111
-1
7647429532
-1
298620453
-1
4963277874
-1
9627935295
-1
2279126216
-1
6943783637
-1
11608441058
-1
4259631979
-1
8924289400
-1
1575480321
-1
6240137742
-1
10904795163
-1
3555986084
-1
8220643505
-1
871834426
-1
5536491847
-1
10201149268
-1
2852340189
-1
7516997610
-1
168188531
-1
4832845952
-1
9497503373
-1
2148694294
-1
6813351715
-1
11478009136
-1
4129200057
-1
8793857478
-1
1445048399
-1
6109705820
-1
10774363241
-1
3425554162
-1
8090211583
-1
741402504
-1
5406059925
-1
10070717346
-1
2721908267
-1
7386565688
-1
37756609
-1
4702414030
-1
9367071451
-1
2018262372
-1
6682919793
-1
11347577214
-1
3998768135
-1
8663425556
-1
1314616477
-1
5979273898
-1
10643931319
-1
3295122240
-1
7959779661
-1
610970582
-1
5275628003
-1
9940285424
-1
2591476345
-1
7256133766
-1
11920791187
-1
4571982108
-1
9236639529
-1
1887830450
-1
6552487871
-1
11217145292
-1
3868336213
-1
8532993634
-1
1184184555
-1
5848841976
-1
10513499397
-1
3164690318
-1
7829347739
-1
480538660
-1
5145196081
-1
9809853502
-1
2461044423
-1
7125701844
-1
11790359265
-1
4441550186
-1
9106207607
-1
1757398528
-1
6422055949
-1
11086713370
-1
3737904291
-1
8402561712
-1
1053752633
-1
5718410054
-1
10383067475
-1
3034258396
-1
7698915817
-1
350106738
-1
5014764159
-1
9679421580
-1
2330612501
-1
6995269922
-1
11659927343
-1
4311118264
-1
8975775685
-1
1626966606
-1
6291624027
-1
10956281448
-1
3607472369
-1
8272129790
-1
923320711
-1
5587978132
-1
10252635553
-1
2903826474
-1
7568483895
-1
219674816
-1
4884332237
-1
9548989658
-1
2200180579
-1
6864838000
-1
11529495421
-1
4180686342
-1
8845343763
-1
1496534684
-1
6161192105
-1
10825849526
-1
3477040447
-1
8141697868
-1
792888789
-1
5457546210
-1
10122203631
-1
2773394552
-1
7438051973
-1
89242894
-1
4753900315
-1
9418557736
-1
2069748657
-1
6734406078
-1
11399063499
-1
4050254420
-1
8714911841
-1
1366102762
-1
6030760183
-1
10695417604
-1
3346608525
-1
8011265946
-1
662456867
-1
5327114288
-1
9991771709
-1
2642962630
-1
7307620051
-1
11972277472
-1
4623468393
-1
9288125814
-1
1939316735
-1
6603974156
-1
11268631577
-1
3919822498
-1
8584479919
-1
1235670840
-1
5900328261
-1
10564985682
-1
3216176603
-1
7880834024
-1
532024945
-1
5196682366
-1
9861339787
-1
2512530708
-1
7177188129
-1
11841845550
-1
4493036471
-1
9157693892
-1
1808884813
-1
6473542234
-1
11138199655
-1
3789390576
-1
8454047997
-1
1105238918
-1
5769896339
-1
10434553760
-1
3085744681
-1
7750402102
-1
401593023
-1
5066250444
-1
9730907865
-1
2382098786
-1
7046756207
-1
11711413628
-1
4362604549
-1
9027261970
-1
1678452891
-1
6343110312
-1
11007767733
-1
3658958654
-1
8323616075
-1
974806996
-1
5639464417
-1
10304121838
-1
2955312759
-1
7619970180
-1
271161101
-1
4935818522
-1
9600475943
-1
2251666864
-1
6916324285
-1
11580981706
-1
4232172627
-1
8896830048
-1
1548020969
-1
6212678390
-1
10877335811
-1
3528526732
-1
8193184153
-1
844375074
-1
5509032495
-1
10173689916
-1
2824880837
-1
7489538258
-1
140729179
-1
4805386600
-1
9470044021
-1
2121234942
-1
6785892363
-1
11450549784
-1
4101740705
-1
8766398126
-1
1417589047
-1
6082246468
-1
10746903889
-1
3398094810
-1
8062752231
-1
713943152
-1
5378600573
-1
10043257994
-1
2694448915
-1
7359106336
-1
10297257
-1
4674954678
-1
9339612099
-1
1990803020
-1
6655460441
-1
11320117862
-1
3971308783
-1
8635966204
-1
1287157125
-1
5951814546
-1
10616471967
-1
3267662888
-1
7932320309
-1
583511230
-1
5248168651
-1
9912826072
-1
2564016993
-1
7228674414
-1
11893331835
-1
4544522756
-1
9209180177
-1
1860371098
-1
6525028519
-1
11189685940
-1
3840876861
-1
8505534282
-1
1156725203
-1
5821382624
-1
10486040045
-1
3137230966
-1
7801888387
-1
453079308
-1
5117736729
-1
9782394150
-1
2433585071
-1
7098242492
-1
11762899913
-1
4414090834
-1
9078748255
-1
1729939176
-1
6394596597
-1
11059254018
-1
3710444939
-1
8375102360
-1
1026293281
-1
5690950702
-1
10355608123
-1
3006799044
-1
7671456465
-1
322647386
-1
4987304807
-1
9651962228
-1
2303153149
-1
6967810570
-1
11632467991
-1
4283658912
-1
8948316333
-1
1599507254
-1
6264164675
-1
10928822096
-1
3580013017
-1
8244670438
-1
895861359
-1
5560518780
-1
10225176201
-1
2876367122
-1
7541024543
-1
192215464
-1
4856872885
-1
9521530306
-1
2172721227
-1
6837378648
-1
11502036069
-1
4153226990
-1
8817884411
-1
1469075332
-1
6133732753
-1
10798390174
-1
3449581095
-1
8114238516
-1
765429437
-1
5430086858
-1
10094744279
-1
2745935200
-1
7410592621
-1
61783542
-1
4726440963
-1
9391098384
-1
2042289305
-1
6706946726
-1
11371604147
-1
4022795068
-1
8687452489
-1
1338643410
-1
6003300831
-1
10667958252
-1
3319149173
-1
7983806594
-1
634997515
-1
5299654936
-1
9964312357
-1
2615503278
-1
7280160699
-1
11944818120
-1
4596009041
-1
9260666462
-1
1911857383
-1
6576514804
-1
11241172225
-1
3892363146
-1
8557020567
-1
1208211488
-1
5872868909
-1
10537526330
-1
3188717251
-1
7853374672
-1
504565593
-1
5169223014
-1
9833880435
-1
2485071356
-1
7149728777
-1
11814386198
-1
4465577119
-1
9130234540
-1
1781425461
-1
6446082882
-1
11110740303
-1
3761931224
-1
8426588645
-1
1077779566
-1
5742436987
-1
10407094408
-1
3058285329
-1
7722942750
-1
374133671
-1
5038791092
-1
9703448513
-1
2354639434
-1
7019296855
-1
11683954276
-1
4335145197
-1
8999802618
-1
1650993539
-1
6315650960
-1
10980308381
-1
3631499302
-1
8296156723
-1
947347644
-1
5612005065
-1
10276662486
-1
2927853407
-1
7592510828
-1
243701749
-1
4908359170
-1
9573016591
-1
2224207512
-1
6888864933
-1
11553522354
-1
4204713275
-1
8869370696
-1
1520561617
-1
6185219038
-1
10849876459
-1
3501067380
-1
8165724801
-1
816915722
-1
5481573143
-1
10146230564
-1
2797421485
-1
7462078906
-1
113269827
-1
4777927248
-1
9442584669
-1
2093775590
-1
6758433011
-1
11423090432
-1
4074281353
-1
8738938774
-1
1390129695
-1
6054787116
-1
10719444537
-1
3370635458
-1
8035292879
-1
686483800
-1
5351141221
-1
10015798642
-1
2666989563
-1
7331646984
-1
11996304405
-1
4647495326
-1
9312152747
-1
1963343668
-1
6628001089
-1
11292658510
-1
3943849431
-1
8608506852
-1
1259697773
-1
5924355194
-1
10589012615
-1
3240203536
-1
7904860957
-1
556051878
-1
5220709299
-1
9885366720
-1
2536557641
-1
7201215062
-1
11865872483
-1
4517063404
-1
9181720825
-1
1832911746
-1
6497569167
-1
11162226588
-1
3813417509
-1
8478074930
-1
1129265851
-1
5793923272
-1
10458580693
-1
3109771614
-1
7774429035
-1
425619956
-1
5090277377
-1
9754934798
-1
2406125719
-1
7070783140
-1
11735440561
-1
4386631482
-1
9051288903
-1
1702479824
-1
6367137245
-1
11031794666
-1
3682985587
-1
8347643008
-1
998833929
-1
5663491350
-1
10328148771
-1
2979339692
-1
7643997113
-1
295188034
-1
4959845455
-1
9624502876
-1
2275693797
-1
6940351218
-1
11605008639
-1
4256199560
-1
8920856981
-1
1572047902
-1
6236705323
-1
10901362744
-1
3552553665
-1
8217211086
-1
868402007
-1
5533059428
-1
10197716849
-1
2848907770
-1
7513565191
-1
164756112
-1
4829413533
-1
9494070954
-1
2145261875
-1
6809919296
-1
11474576717
-1
4125767638
-1
8790425059
-1
1441615980
-1
6106273401
-1
10770930822
-1
3422121743
-1
8086779164
-1
737970085
-1
5402627506
-1
10067284927
-1
2718475848
-1
7383133269
-1
34324190
-1
4698981611
-1
9363639032
-1
2014829953
-1
6679487374
-1
11344144795
-1
3995335716
-1
8659993137
-1
1311184058
-1
5975841479
-1
10640498900
-1
3291689821
-1
7956347242
-1
607538163
-1
5272195584
-1
9936853005
-1
2588043926
-1
7252701347
-1
11917358768
-1
4568549689
-1
9233207110
-1
1884398031
-1
6549055452
-1
11213712873
-1
3864903794
-1
8529561215
-1
1180752136
-1
5845409557
-1
10510066978
-1
3161257899
-1
7825915320
-1
477106241
-1
5141763662
-1
9806421083
-1
2457612004
-1
7122269425
-1
11786926846
-1
4438117767
-1
9102775188
-1
1753966109
-1
6418623530
-1
11083280951
-1
3734471872
-1
8399129293
-1
1050320214
-1
5714977635
-1
10379635056
-1
3030825977
-1
7695483398
-1
346674319
-1
5011331740
-1
9675989161
-1
2327180082
-1
6991837503
-1
11656494924
-1
4307685845
-1
8972343266
-1
1623534187
-1
6288191608
-1
10952849029
-1
3604039950
-1
8268697371
-1
919888292
-1
5584545713
-1
10249203134
-1
2900394055
-1
7565051476
-1
216242397
-1
4880899818
-1
9545557239
-1
2196748160
-1
6861405581
-1
11526063002
-1
4177253923
-1
8841911344
-1
1493102265
-1
6157759686
-1
10822417107
-1
3473608028
-1
8138265449
-1
789456370
-1
5454113791
-1
10118771212
-1
2769962133
-1
7434619554
-1
85810475
-1
4750467896
-1
9415125317
-1
2066316238
-1
6730973659
-1
11395631080
-1
4046822001
-1
8711479422
-1
1362670343
-1
6027327764
-1
10691985185
-1
3343176106
-1
8007833527
-1
659024448
-1
5323681869
-1
9988339290
-1
2639530211
-1
7304187632
-1
11968845053
-1
4620035974
-1
9284693395
-1
1935884316
-1
6600541737
-1
11265199158
-1
3916390079
-1
8581047500
-1
1232238421
-1
5896895842
-1
10561553263
-1
3212744184
-1
7877401605
-1
528592526
-1
5193249947
-1
9857907368
-1
2509098289
-1
7173755710
-1
11838413131
-1
4489604052
-1
9154261473
-1
1805452394
-1
6470109815
-1
11134767236
-1
3785958157
-1
8450615578
-1
1101806499
-1
5766463920
-1
10431121341
-1
3082312262
-1
7746969683
-1
398160604
-1
5062818025
-1
9727475446
-1
2378666367
-1
7043323788
-1
11707981209
-1
4359172130
-1
9023829551
-1
1675020472
-1
6339677893
-1
11004335314
-1
3655526235
-1
8320183656
-1
971374577
-1
5636031998
-1
10300689419
-1
2951880340
-1
7616537761
-1
267728682
-1
4932386103
-1
9597043524
-1
2248234445
-1
6912891866
-1
11577549287
-1
4228740208
-1
8893397629
-1
1544588550
-1
6209245971
-1
10873903392
-1
3525094313
-1
8189751734
-1
840942655
-1
5505600076
-1
10170257497
-1
2821448418
-1
7486105839
-1
137296760
-1
4801954181
-1
9466611602
-1
2117802523
-1
6782459944
-1
11447117365
-1
4098308286
-1
8762965707
-1
1414156628
-1
6078814049
-1
10743471470
-1
3394662391
-1
8059319812
-1
710510733
-1
5375168154
-1
10039825575
-1
2691016496
-1
7355673917
-1
6864838
-1
4671522259
-1
9336179680
-1
1987370601
-1
6652028022
-1
11316685443
-1
3967876364
-1
8632533785
-1
1283724706
-1
5948382127
-1
10613039548
-1
3264230469
-1
7928887890
-1
580078811
-1
5244736232
-1
9909393653
-1
2560584574
-1
7225241995
-1
11889899416
-1
4541090337
-1
9205747758
-1
1856938679
-1
6521596100
-1
11186253521
-1
3837444442
-1
8502101863
-1
1153292784
-1
5817950205
-1
10482607626
-1
3133798547
-1
7798455968
-1
449646889
-1
5114304310
-1
9778961731
-1
2430152652
-1
7094810073
-1
11759467494
-1
4410658415
-1
9075315836
-1
1726506757
-1
6391164178
-1
11055821599
-1
3707012520
-1
8371669941
-1
1022860862
-1
5687518283
-1
10352175704
-1
3003366625
-1
7668024046
-1
319214967
-1
4983872388
-1
9648529809
-1
2299720730
-1
6964378151
-1
11629035572
-1
4280226493
-1
8944883914
-1
1596074835
-1
6260732256
-1
10925389677
-1
3576580598
-1
8241238019
-1
892428940
-1
5557086361
-1
10221743782
-1
2872934703
-1
7537592124
-1
188783045
-1
4853440466
-1
9518097887
-1
2169288808
-1
6833946229
-1
11498603650
-1
4149794571
-1
8814451992
-1
1465642913
-1
6130300334
-1
10794957755
-1
3446148676
-1
8110806097
-1
761997018
-1
5426654439
-1
10091311860
-1
2742502781
-1
7407160202
-1
58351123
-1
4723008544
-1
9387665965
-1
2038856886
-1
6703514307
-1
11368171728
-1
4019362649
-1
8684020070
-1
1335210991
-1
5999868412
-1
10664525833
-1
3315716754
-1
7980374175
-1
631565096
-1
5296222517
-1
9960879938
-1
2612070859
-1
7276728280
-1
11941385701
-1
4592576622
-1
9257234043
-1
1908424964
-1
6573082385
-1
11237739806
-1
3888930727
-1
8553588148
-1
1204779069
-1
5869436490
-1
10534093911
-1
3185284832
-1
7849942253
-1
501133174
-1
5165790595
-1
9830448016
-1
2481638937
-1
7146296358
-1
11810953779
-1
4462144700
-1
9126802121
-1
1777993042
-1
6442650463
-1
11107307884
-1
3758498805
-1
8423156226
-1
1074347147
-1
5739004568
-1
10403661989
-1
3054852910
-1
7719510331
-1
370701252
-1
5035358673
-1
9700016094
-1
2351207015
-1
7015864436
-1
11680521857
-1
4331712778
-1
8996370199
-1
1647561120
-1
6312218541
-1
10976875962
-1
3628066883
-1
8292724304
-1
943915225
-1
5608572646
-1
10273230067
-1
2924420988
-1
7589078409
-1
240269330
-1
4904926751
-1
9569584172
-1
2220775093
-1
6885432514
-1
11550089935
-1
4201280856
-1
8865938277
-1
1517129198
-1
6181786619
-1
10846444040
-1
3497634961
-1
8162292382
-1
813483303
-1
5478140724
-1
10142798145
-1
2793989066
-1
7458646487
-1
109837408
-1
4774494829
-1
9439152250
-1
2090343171
-1
6755000592
-1
11419658013
-1
4070848934
-1
8735506355
-1
1386697276
-1
6051354697
-1
10716012118
-1
3367203039
-1
8031860460
-1
683051381
-1
5347708802
-1
10012366223
-1
2663557144
-1
7328214565
-1
11992871986
-1
4644062907
-1
9308720328
-1
1959911249
-1
6624568670
-1
11289226091
-1
3940417012
-1
8605074433
-1
1256265354
-1
5920922775
-1
10585580196
-1
3236771117
-1
7901428538
-1
552619459
-1
5217276880
-1
9881934301
-1
2533125222
-1
7197782643
-1
11862440064
-1
4513630985
-1
9178288406
-1
1829479327
-1
6494136748
-1
11158794169
-1
3809985090
-1
8474642511
-1
1125833432
-1
5790490853
-1
10455148274
-1
3106339195
-1
7770996616
-1
422187537
-1
5086844958
-1
9751502379
-1
2402693300
-1
7067350721
-1
11732008142
-1
4383199063
-1
9047856484
-1
1699047405
-1
6363704826
-1
11028362247
-1
3679553168
-1
8344210589
-1
995401510
-1
5660058931
-1
10324716352
-1
2975907273
-1
7640564694
-1
291755615
-1
4956413036
-1
9621070457
-1
2272261378
-1
6936918799
-1
11601576220
-1
4252767141
-1
8917424562
-1
1568615483
-1
6233272904
-1
10897930325
-1
3549121246
-1
8213778667
-1
864969588
-1
5529627009
-1
10194284430
-1
2845475351
-1
7510132772
-1
161323693
-1
4825981114
-1
9490638535
-1
2141829456
-1
6806486877
-1
11471144298
-1
4122335219
-1
8786992640
-1
1438183561
-1
6102840982
-1
10767498403
-1
3418689324
-1
8083346745
-1
734537666
-1
5399195087
-1
10063852508
-1
2715043429
-1
7379700850
-1
30891771
-1
4695549192
-1
9360206613
-1
2011397534
-1
6676054955
-1
11340712376
-1
3991903297
-1
8656560718
-1
1307751639
-1
5972409060
-1
10637066481
-1
3288257402
-1
7952914823
-1
604105744
-1
5268763165
-1
9933420586
-1
2584611507
-1
7249268928
-1
11913926349
-1
4565117270
-1
9229774691
-1
1880965612
-1
6545623033
-1
11210280454
-1
3861471375
-1
8526128796
-1
1177319717
-1
5841977138
-1
10506634559
-1
3157825480
-1
7822482901
-1
473673822
-1
5138331243
-1
9802988664
-1
2454179585
-1
7118837006
-1
11783494427
-1
4434685348
-1
9099342769
-1
1750533690
-1
6415191111
-1
11079848532
-1
3731039453
-1
8395696874
-1
1046887795
-1
5711545216
-1
10376202637
-1
3027393558
-1
7692050979
-1
343241900
-1
5007899321
-1
9672556742
-1
2323747663
-1
6988405084
-1
11653062505
-1
4304253426
-1
8968910847
-1
1620101768
-1
6284759189
-1
10949416610
-1
3600607531
-1
8265264952
-1
916455873
-1
5581113294
-1
10245770715
-1
2896961636
-1
7561619057
-1
212809978
-1
4877467399
-1
9542124820
-1
2193315741
-1
6857973162
-1
11522630583
-1
4173821504
-1
8838478925
-1
1489669846
-1
6154327267
-1
10818984688
-1
3470175609
-1
8134833030
-1
786023951
-1
5450681372
-1
10115338793
-1
2766529714
-1
7431187135
-1
82378056
-1
4747035477
-1
9411692898
-1
2062883819
-1
6727541240
-1
11392198661
-1
4043389582
-1
8708047003
-1
1359237924
-1
6023895345
-1
10688552766
-1
3339743687
-1
8004401108
-1
655592029
-1
5320249450
-1
9984906871
-1
2636097792
-1
7300755213
-1
11965412634
-1
4616603555
-1
9281260976
-1
1932451897
-1
6597109318
-1
11261766739
-1
3912957660
-1
8577615081
-1
1228806002
-1
5893463423
-1
10558120844
-1
3209311765
-1
7873969186
-1
525160107
-1
5189817528
-1
9854474949
-1
2505665870
-1
7170323291
-1
11834980712
-1
4486171633
-1
9150829054
-1
1802019975
-1
6466677396
-1
11131334817
-1
3782525738
-1
8447183159
-1
1098374080
-1
5763031501
-1
10427688922
-1
3078879843
-1
7743537264
-1
394728185
-1
5059385606
-1
9724043027
-1
2375233948
-1
7039891369
-1
11704548790
-1
4355739711
-1
9020397132
-1
1671588053
-1
6336245474
-1
11000902895
-1
3652093816
-1
8316751237
-1
967942158
-1
5632599579
-1
10297257000
-1
2948447921
-1
7613105342
-1
264296263
-1
4928953684
-1
9593611105
-1
2244802026
-1
6909459447
-1
11574116868
-1
4225307789
-1
8889965210
-1
1541156131
-1
6205813552
-1
10870470973
-1
3521661894
-1
8186319315
-1
837510236
-1
5502167657
-1
10166825078
-1
2818015999
-1
7482673420
-1
133864341
-1
4798521762
-1
9463179183
-1
2114370104
-1
6779027525
-1
11443684946
-1
4094875867
-1
8759533288
-1
1410724209
-1
6075381630
-1
10740039051
-1
3391229972
-1
8055887393
-1
707078314
-1
5371735735
-1
10036393156
-1
2687584077
-1
7352241498
-1
3432419
-1
4668089840
-1
9332747261
-1
1983938182
-1
6648595603
-1
11313253024
-1
3964443945
-1
8629101366
-1
1280292287
-1
5944949708
-1
10609607129
-1
3260798050
-1
7925455471
-1
576646392
-1
5241303813
-1
9905961234
-1
2557152155
-1
7221809576
-1
11886466997
-1
4537657918
-1
9202315339
-1
1853506260
-1
6518163681
-1
11182821102
-1
3834012023
-1
8498669444
-1
1149860365
-1
5814517786
-1
10479175207
-1
3130366128
-1
7795023549
-1
446214470
-1
5110871891
-1
9775529312
-1
2426720233
-1
7091377654
-1
11756035075
-1
4407225996
-1
9071883417
-1
1723074338
-1
6387731759
-1
11052389180
-1
3703580101
-1
8368237522
-1
1019428443
-1
5684085864
-1
10348743285
-1
2999934206
-1
7664591627
-1
315782548
-1
4980439969
-1
9645097390
-1
2296288311
-1
6960945732
-1
11625603153
-1
4276794074
-1
8941451495
-1
1592642416
-1
6257299837
-1
10921957258
-1
3573148179
-1
8237805600
-1
888996521
-1
5553653942
-1
10218311363
-1
2869502284
-1
7534159705
-1
185350626
-1
4850008047
-1
9514665468
-1
2165856389
-1
6830513810
-1
11495171231
-1
4146362152
-1
8811019573
-1
1462210494
-1
6126867915
-1
10791525336
-1
3442716257
-1
8107373678
-1
758564599
-1
5423222020
-1
10087879441
-1
2739070362
-1
7403727783
-1
54918704
-1
4719576125
-1
9384233546
-1
2035424467
-1
6700081888
-1
11364739309
-1
4015930230
-1
8680587651
-1
1331778572
-1
5996435993
-1
10661093414
-1
3312284335
-1
7976941756
-1
628132677
-1
5292790098
-1
9957447519
-1
2608638440
-1
7273295861
-1
11937953282
-1
4589144203
-1
9253801624
-1
1904992545
-1
6569649966
-1
11234307387
-1
3885498308
-1
8550155729
-1
1201346650
-1
5866004071
-1
10530661492
-1
3181852413
-1
7846509834
-1
497700755
-1
5162358176
-1
9827015597
-1
2478206518
-1
7142863939
-1
11807521360
-1
4458712281
-1
9123369702
-1
1774560623
-1
6439218044
-1
11103875465
-1
3755066386
-1
8419723807
-1
1070914728
-1
5735572149
-1
10400229570
-1
3051420491
-1
7716077912
-1
367268833
-1
5031926254
-1
9696583675
-1
2347774596
-1
7012432017
-1
11677089438
-1
4328280359
-1
8992937780
-1
1644128701
-1
6308786122
-1
10973443543
-1
3624634464
-1
8289291885
-1
940482806
-1
5605140227
-1
10269797648
-1
2920988569
-1
7585645990
-1
236836911
-1
4901494332
-1
9566151753
-1
2217342674
-1
6882000095
-1
11546657516
-1
4197848437
-1
8862505858
-1
1513696779
-1
6178354200
-1
10843011621
-1
3494202542
-1
8158859963
-1
810050884
-1
5474708305
-1
10139365726
-1
2790556647
-1
7455214068
-1
106404989
-1
4771062410
-1
9435719831
-1
2086910752
-1
6751568173
-1
11416225594
-1
4067416515
-1
8732073936
-1
1383264857
-1
6047922278
-1
10712579699
-1
3363770620
-1
8028428041
-1
679618962
-1
5344276383
-1
10008933804
-1
2660124725
-1
7324782146
-1
11989439567
-1
4640630488
-1
9305287909
-1
1956478830
-1
6621136251
-1
11285793672
-1
3936984593
-1
8601642014
-1
1252832935
-1
5917490356
-1
10582147777
-1
3233338698
-1
7897996119
-1
549187040
-1
5213844461
-1
9878501882
-1
2529692803
-1
7194350224
-1
11859007645
-1
4510198566
-1
9174855987
-1
1826046908
-1
6490704329
-1
11155361750
-1
3806552671
-1
8471210092
-1
1122401013
-1
5787058434
-1
10451715855
-1
3102906776
-1
7767564197
-1
418755118
-1
5083412539
-1
9748069960
-1
2399260881
-1
7063918302
-1
11728575723
-1
4379766644
-1
9044424065
-1
1695614986
-1
6360272407
-1
11024929828
-1
3676120749
-1
8340778170
-1
991969091
-1
5656626512
-1
10321283933
-1
2972474854
-1
7637132275
-1
288323196
-1
4952980617
-1
9617638038
-1
2268828959
-1
6933486380
-1
11598143801
-1
4249334722
-1
8913992143
-1
1565183064
-1
6229840485
-1
10894497906
-1
3545688827
-1
8210346248
-1
861537169
-1
5526194590
-1
10190852011
-1
2842042932
-1
7506700353
-1
157891274
-1
4822548695
-1
9487206116
-1
2138397037
-1
6803054458
-1
11467711879
-1
4118902800
-1
8783560221
-1
1434751142
-1
6099408563
-1
10764065984
-1
3415256905
-1
8079914326
-1
731105247
-1
5395762668
-1
10060420089
-1
2711611010
-1
7376268431
-1
27459352
-1
4692116773
-1
9356774194
-1
2007965115
-1
6672622536
-1
11337279957
-1
3988470878
-1
8653128299
-1
1304319220
-1
5968976641
-1
10633634062
-1
3284824983
-1
7949482404
-1
600673325
-1
5265330746
-1
9929988167
-1
2581179088
-1
7245836509
-1
11910493930
-1
4561684851
-1
9226342272
-1
1877533193
-1
6542190614
-1
11206848035
-1
3858038956
-1
8522696377
-1
1173887298
-1
5838544719
-1
10503202140
-1
3154393061
-1
7819050482
-1
470241403
-1
5134898824
-1
9799556245
-1
2450747166
-1
7115404587
-1
11780062008
-1
4431252929
-1
9095910350
-1
1747101271
-1
6411758692
-1
11076416113
-1
3727607034
-1
8392264455
-1
1043455376
-1
5708112797
-1
10372770218
-1
3023961139
-1
7688618560
-1
339809481
-1
5004466902
-1
9669124323
-1
2320315244
-1
6984972665
-1
11649630086
-1
4300821007
-1
8965478428
-1
1616669349
-1
6281326770
-1
10945984191
-1
3597175112
-1
8261832533
-1
913023454
-1
5577680875
-1
10242338296
-1
2893529217
-1
7558186638
-1
209377559
-1
4874034980
-1
9538692401
-1
2189883322
-1
6854540743
-1
11519198164
-1
4170389085
-1
8835046506
-1
1486237427
-1
6150894848
-1
10815552269
-1
3466743190
-1
8131400611
-1
782591532
-1
5447248953
-1
10111906374
-1
2763097295
-1
7427754716
-1
78945637
-1
4743603058
-1
9408260479
-1
2059451400
-1
6724108821
-1
11388766242
-1
4039957163
-1
8704614584
-1
1355805505
-1
6020462926
-1
10685120347
-1
3336311268
-1
8000968689
-1
652159610
-1
5316817031
-1
9981474452
-1
2632665373
-1
7297322794
-1
11961980215
-1
4613171136
-1
9277828557
-1
1929019478
-1
6593676899
-1
11258334320
-1
3909525241
-1
8574182662
-1
1225373583
-1
5890031004
-1
10554688425
-1
3205879346
-1
7870536767
-1
521727688
-1
5186385109
-1
9851042530
-1
2502233451
-1
7166890872
-1
11831548293
-1
4482739214
-1
9147396635
-1
1798587556
-1
6463244977
-1
11127902398
-1
3779093319
-1
8443750740
-1
1094941661
-1
5759599082
-1
10424256503
-1
3075447424
-1
7740104845
-1
391295766
-1
5055953187
-1
9720610608
-1
2371801529
-1
7036458950
-1
11701116371
-1
4352307292
-1
9016964713
-1
1668155634
-1
6332813055
-1
10997470476
-1
3648661397
-1
8313318818
-1
964509739
-1
5629167160
-1
10293824581
-1
2945015502
-1
7609672923
-1
260863844
-1
4925521265
-1
9590178686
-1
2241369607
-1
6906027028
-1
11570684449
-1
4221875370
-1
8886532791
-1
1537723712
-1
6202381133
-1
10867038554
-1
3518229475
-1
8182886896
-1
834077817
-1
5498735238
-1
10163392659
-1
2814583580
-1
7479241001
-1
130431922
-1
4795089343
-1
9459746764
-1
2110937685
-1
6775595106
-1
11440252527
-1
4091443448
-1
8756100869
-1
1407291790
-1
6071949211
-1
10736606632
-1
3387797553
-1
8052454974
-1
703645895
-1
5368303316
-1
10032960737
-1
2684151658
-1
7348809079
-1
