0
6702254
7565820
6037239
7799984
7295558
6812951
8546480
6485804
5950350
6979626
7964041
7322435
6543654
7572930
6755330
7915739
5696523
8246264
7348634
7584609
6289827
7394570
7832787
7133314
7372082
5047896
7250348
5390705
7593157
8095784
7843652
5984009
7237383
6906260
7748084
8466996
8088059
7499564
7954785
7535557
7069524
7734366
7201916
8128861
7839317
4764275
7795220
5273386
8285157
5810129
8099000
8411442
8155646
8482535
7548841
8288624
7890344
6280248
6876290
5219247
6927376
6873552
7469594
8818126
7681270
5450470
6811908
5273319
8296154
6815885
7441325
5335002
6661408
7409189
6162597
7191873
6505406
7534682
6755901
7233369
7098710
7541510
7984737
7379245
7464506
6106660
8617243
7487532
7985433
7449979
8316628
7314456
7518578
6208176
7237452
7698489
7580261
6801480
7830756
7586157
8173565
7394784
5809430
7200873
7183162
8006824
7204850
7702559
7776466
5883464
7360035
7590973
7580838
6476768
6956108
7985384
6047294
7070072
7401948
8193362
7761088
8298908
7481647
8398939
6046939
8741748
7456020
6145618
6640243
4336038
7517703
6738922
7233547
4929342
7587953
7332226
5746872
7759601
7744722
4108984
8098904
7736737
6618021
7567350
7297477
8330041
6272429
8160654
7890781
3834788
6865733
7509683
7101528
4880642
7459037
7481955
7524790
8445796
7102224
8075259
7929634
6435904
7695528
4289760
4959543
7029208
8634438
8739627
8327888
4520983
7555262
4343832
6399756
6582664
7521962
4405515
7813376
7071558
6284288
5748834
7166483
7664862
8258753
6342138
6417849
7007176
4223753
6648698
7011153
7569588
5530270
7242002
4108285
7451692
6931798
7329958
7729950
6880180
7525102
7923262
7736778
7473484
6985870
6656670
6704744
8066788
7047553
7249974
7298048
8674523
5392003
7795078
4794480
7432720
8010459
5623140
8445837
7428328
7781425
8368833
4161195
7804296
7836090
7508604
8178899
7347325
4045727
7688828
6078732
6674774
7840657
6725860
6672036
3406551
7498537
7920110
7265340
3999855
8091841
8513414
7045635
7676915
7552609
3179497
6162130
8804981
5688534
6835511
5401079
7567307
7031853
7145820
5994383
7783221
7177729
7571810
7724027
7362932
4304252
8332428
7701825
8173321
7852516
5391304
7778099
6467697
7496973
7910366
4030056
7061001
7704951
7810140
8047760
7654305
6999357
6338801
8641064
8315074
8270527
7574950
3568462
7195283
6735962
7035718
8424477
6754592
7329266
7097401
8272972
7200432
7463556
6921087
6508908
7717230
4600783
7514391
8540232
5328746
5230200
6973378
7957793
7316187
5559883
7005977
8383396
7314907
7130710
5727183
7893411
8502795
8678041
4303553
6727766
7127066
4462516
7149005
8240264
7272854
8713054
4693653
8833568
7181138
6851938
6900012
6915235
7242821
7445242
7493316
7508539
6897873
7285207
7728118
8016969
8205727
6688181
7834412
7623596
7976693
7787888
5803881
8092752
6146690
7943073
8687664
6116148
4240995
7621820
6274000
6709452
7899318
6000680
6867304
7463346
8375920
6593984
6216333
6805660
5267071
8380420
6809637
7435077
8747245
3374765
7402941
8452117
7125435
8031596
5596347
7132026
7227121
7341088
6189651
7550832
7372997
7559388
6740975
7880515
7966301
7010202
5492561
8368589
6505113
7512330
7241339
8450955
6265796
8105634
6389645
8422661
6859100
8335487
6982949
6605298
7014285
6534069
8206190
7198602
7696311
7770218
7079157
7791906
7397328
7230986
5787134
6949860
6951203
7292669
7469257
7395700
7544507
7756525
6704176
7989004
7700480
8203912
7399167
7000887
6139370
7168646
4329790
7511455
6732674
7761950
4923094
8104759
7325978
5740624
4383862
7335413
4102736
6515755
4445545
8319816
7155264
7291229
5038849
7287782
7748568
7675262
7784561
8373888
7047206
7095280
4874394
6124364
5217203
7518542
8206922
7095976
5810507
7923386
8212237
7612318
6883449
7567746
8253809
7973977
8528265
6896022
8247139
7452278
4337584
4919973
6311416
7340692
5928281
5513277
6813102
8094586
6195948
7225224
7406406
8298513
6789252
6411601
7000928
7713273
6586048
7004905
5816636
8306577
7179352
7598209
4563074
6925550
8002755
7544123
6358994
7518854
8191251
8137427
7746100
6979622
6650422
6698496
8075783
4857415
7205470
7291800
8618432
5385755
7169519
5728564
8415053
7364915
8574248
6321868
7422080
7448870
8530755
4154947
8015384
7209553
5670964
6975013
7407383
4039479
8424484
7274425
8442366
7775444
6719612
5982402
3400303
6747959
7487937
7664525
3993607
8007334
8081241
7039387
3454375
7546361
3173249
7632691
3516058
6923919
7363914
5394831
4109362
7478967
6768406
5988135
8300027
7811045
6117719
5783355
7530681
4298004
6711023
4640813
8791008
3218828
6845649
5234117
7483050
3812132
7438953
6865995
8112467
8537140
7136924
7459299
6319632
6993109
6332553
8052603
7617307
7970404
4998794
3562214
7189035
3905023
7029470
8439920
7782339
4498327
7622774
8266724
7647546
6783786
6914839
6144517
4887149
6993322
5583842
3156270
5322498
6391216
7420492
3749574
5468374
6984520
7697539
7827918
7254960
5278024
5720935
7887163
7658543
5607707
6314239
6721518
7120818
4456268
7142757
4799077
7266606
6435428
6677850
5392381
7174890
5272291
6893764
6983229
7236573
7438994
4741477
8608658
6477896
6812368
7679017
6963059
4501847
6845957
8315174
7556363
5095151
7765360
8149014
8086504
7404821
7920545
7400380
6109900
4234747
4082210
7709031
6703204
7078985
5994432
6548727
7932040
6943227
6587736
8089892
6799412
6391341
7816572
7234655
7428829
6984645
3368517
7457176
3711326
7119187
6755696
4439289
4304630
7712491
6963674
5032593
4670426
7509287
8882895
6734727
5263730
5390145
7003954
7890845
8331354
3414096
4443372
7235091
7678318
4007400
7634221
6383397
8090539
6852852
7708391
6976701
7554866
7008037
6527821
7350846
7592923
7690063
8359846
7072909
8281176
7578477
5129567
7702326
6305127
5893596
7818042
7463009
6898431
7538259
7898252
6919972
7053616
7188590
7602676
3351538
6994639
5365229
7615760
3944842
5111223
7277451
5596366
7184796
5704527
7206683
5916203
4377614
6053742
7799987
6509507
4970918
7739811
7149016
7562660
6235978
7265254
7742320
6242569
6829282
7858558
7040958
6835873
7422586
7431841
5893436
6991058
7144645
8025145
4603104
7584362
6779544
7906046
5196408
7561498
7327113
5533808
5500188
7666416
7920417
7446030
6093492
7615570
6305168
6680949
4277478
7677253
6806854
7274253
6189700
7218976
7400158
7514694
5976105
8131536
6860926
6586609
6579800
8746028
6922609
7179913
6873189
7652444
6592063
7314455
6633872
6111430
6352746
7168509
6695555
5825757
6394242
6973374
6644174
7298038
6987546
4851167
7199222
8532940
7580850
5444471
4638640
7430359
8066218
7811987
7889067
6398325
7415832
7442622
7903659
6991629
7750134
7203305
8405345
6968765
7788191
7311574
4761223
7268177
8417608
7904878
5807077
7022837
7201997
6741711
7808557
7084520
7795301
6783207
8401861
6562821
3448127
7376511
6521438
7156125
4041431
6917671
5447418
7749429
5270267
6335767
8088075
6449658
5331950
6929071
6111471
5777107
6493099
7862819
6704775
7689329
7935079
7344284
3673617
6431246
7460522
7916891
4266921
7024550
8053826
7449991
7130676
7617854
7473485
7927193
7186326
8270565
6951786
7144943
7779630
6974812
6280062
7398532
7525596
7522381
6873366
5695456
5046618
8115685
7641298
6288760
7318036
7912481
7529712
6882064
7872521
3150022
7695370
6044242
7414244
3743326
7709962
6978272
7838047
7715670
8024730
6775068
5714687
7117877
6870907
7068457
4332986
5856925
8604567
6829140
4926290
6034462
8200690
6890823
8489099
6589510
4105932
6839442
8663083
6614969
6820647
7432746
7877726
7776118
7413951
5320115
7672769
7031053
8007255
7165808
6593593
7611100
7637890
7759112
7186897
8204404
7398573
4748513
7394132
6103652
7930875
4075962
7702783
6696956
8524179
5988184
8296087
7397265
6936979
6581488
7279788
7990569
8271286
6888048
6758089
7444152
7732054
7632953
7351393
8037456
7112939
8142215
4433041
5501759
6531035
7435343
4578917
5527218
7124339
8290720
5172221
6688367
8096343
6997706
7100863
4718250
6447758
7034669
7275985
5311554
6253300
7627973
6377149
8249094
6846604
7702143
6970453
4382834
8009655
7381594
7782717
4976138
5620088
7974898
8390452
7602690
7504606
4155780
7717649
6298879
7737887
6920000
7949276
6892183
7626301
7513304
7750150
7485487
5941420
8374348
3345290
7228335
5358981
7609512
3938594
5104975
7271203
7042583
7178548
5698279
7200435
5909955
7795517
6291583
7793739
5644190
6982599
7520419
7142768
7315084
6229730
6101566
7086091
6236321
6823034
4301200
7034710
5861936
7416338
8307534
5887188
6455240
6229997
8311790
7001388
7578114
6773296
7899798
7594692
6788861
7192469
5527560
5493940
7212123
8595436
7439782
4943781
7609322
6298920
5581632
4271230
6703466
6800606
5643315
6183452
7212728
7393910
7460504
5438799
8125288
6854678
7209295
6573552
8244976
6916361
7869555
6030515
7646196
6585815
7308207
5518271
6105182
6346498
6726303
6689307
4774185
5803461
7319607
7191594
5367489
6981298
6619131
7080168
8520626
7574602
7212435
7673472
7471253
7092431
6673203
7882819
6392077
6853114
6734886
6976963
6985381
7446418
5607378
7570267
6962517
7781943
7305326
7311217
7555821
7717012
7898630
4351048
7016589
6143638
6735463
6437656
7078272
6736942
6776959
7030960
6556573
6956455
7370263
6515190
7149877
8287798
7822457
7108494
6610645
5264019
6329519
6569262
6672328
5893547
6922823
6105223
7265632
6486851
7835383
6698527
7858936
7715687
7338036
7510352
6424998
7454274
7910643
7797083
7018302
6375098
7443743
5489509
7086480
6026252
8470558
7180078
8264317
6945538
8611312
7773382
6968564
7538842
8274226
8121689
7561868
6999610
5689208
6718484
8136133
7061293
6282512
7311788
8729437
7523464
6875816
6898734
7928010
5838583
6378720
7407996
7255459
7703714
6972024
6312540
8341565
7404563
6768820
6905844
7111629
7646047
6862044
4326738
6781083
8434294
6822892
4920042
6028214
8495977
6884575
4380810
5998729
4099684
7386862
4442493
6227488
6814399
7523561
5035797
7521382
7407703
6799872
7666521
7287699
6868471
7159560
6587345
6121312
6930154
7172231
7180649
7641686
7523458
7636087
8409485
7977211
7889254
7506485
7696535
7912280
8482558
7712100
8289839
7391017
6930731
6632924
7273540
7335277
4440575
7226228
6751841
8344312
7725806
7626705
4325107
8417093
7787489
8181753
6805913
5495511
6524787
8523789
5813584
6088815
7118091
6826213
7460900
6682119
5096765
7419517
7094615
7910955
6441510
8505727
7687919
7649542
6647370
7992351
7311233
6570366
7240674
8584057
7904537
5382703
7724242
5725512
8322521
7361863
8170082
6318816
8204625
4430658
8057479
8316957
7776353
5023962
5667912
6913752
7404331
7256561
7677781
7507056
8673437
7654518
7785711
5932557
8123278
7222087
7731853
6525861
7450727
5098727
7793536
6507808
8674036
5692031
7915943
7101112
8267493
5998591
8509247
7694416
6976351
6591895
7319160
5608126
6223482
7252758
7079843
6230073
5839263
4294952
7673147
4637761
7410090
7953682
6842597
5231065
8381752
8305542
6995140
8024416
6767048
8367225
7588444
6782613
6316580
7125422
5487692
7375917
7853385
7718726
3511088
7603074
7185983
5575384
6674300
6697218
3395620
7487606
8069995
7290522
7586285
7433748
6828192
7857468
6848430
7270003
7421496
8238728
7441734
7863307
6860693
4520375
6820031
7828564
5512023
5800874
6964185
6720055
6078339
7062864
6381746
7313359
6671643
7656168
6975050
8098512
7073920
6037658
7568354
7746131
7667224
6630962
7086183
3784585
7127992
6980177
6765634
7260259
6970715
6840499
7349153
7853563
7564019
8207969
7952242
6725031
7304969
8364738
7791710
5655202
7898273
7010341
7189501
7353150
7796061
6892445
7782805
6770711
7705979
6550325
7849786
7364015
6667020
7143629
8335276
7957319
7980237
4678639
5293995
6323271
6563014
6666080
4909776
6916575
7156318
7259384
6480603
7829135
7889684
7852688
7709439
7019772
6414720
6418750
7448026
7904395
7691574
6904304
6368850
6829887
8284878
7605358
6020004
7037865
7279181
8094944
6939290
7631169
7320677
6962316
7532594
8224473
7366862
7551814
6993362
5682960
6712236
7590499
6087506
6276264
7305540
8723189
6680810
6869568
6892486
3590888
7274114
7530337
7485790
4220305
7629016
7592020
6306292
7725813
7465271
8185324
6899596
8618396
6957098
7055961
7492900
7668146
8428046
6816644
7967341
7159453
7504604
6698748
4374562
6577014
7345876
7202721
4967866
6221240
7752166
7885356
6232926
7262202
8345470
9102762
6826230
6275312
6862223
6782146
7419534
6336995
7455527
7165983
7980985
7635438
4600052
7629839
5136795
7797745
5193356
7500237
5730099
7898892
7549716
8093541
8554956
7384769
7232232
7610155
7087713
6364481
4434327
7671838
6745593
7370525
7719558
8141131
4318859
7619373
5973053
8175505
6799665
5489263
6518539
7503905
6861348
6082567
7111843
6540937
7374608
6675871
5090517
7735187
7820448
7904707
8764482
6609988
7945048
7643294
6641122
7986103
7099572
6564118
7025155
8190100
7936203
7157422
7618459
7474449
7392818
7750726
8163834
7515945
7539104
7765877
8008338
7562130
7747082
6692558
6917639
6907504
7620014
6282774
7312050
7500808
6802171
6746630
7520028
6465504
6690585
6808313
6814434
7681058
7444479
7401617
6575117
6501560
8276721
8515251
8380592
7094864
8261245
6914619
6423897
7688168
7863414
7507923
3435650
5601878
7945780
7699872
4028954
7490058
7951095
7541144
7487320
8083362
8544399
7947434
6836349
6428194
4207308
7191136
7429653
7021498
4800612
7079550
8022957
7614802
6532263
7753126
7361251
6964082
7847137
7880648
3504840
8598505
7179735
8179404
7522544
8111871
3389372
7934720
8115848
8524784
7451436
7427500
7805423
7288618
7524297
7525640
7867106
7881922
7565793
7173673
8336399
4514127
6896254
7796930
7748523
7358365
7489558
6713807
7699173
7056616
6867855
7307111
6736205
7569876
7353047
7536719
7930455
6031410
8197638
8130023
8523759
6624714
7035076
3778337
7121744
7218018
6759386
5311973
4949806
8131471
7352690
6030957
5543110
7028001
7945994
6360640
7752083
7734372
4722752
7756060
7757398
6765549
7636615
7911245
7789813
8088138
6478042
7507318
7699731
6997439
7071346
7715296
5494410
6885853
7003581
7009702
2506163
4672391
5408947
6770385
3099467
7191453
8710519
7399802
7290132
7784757
7109887
7199352
7883436
8434881
4957600
3630918
7722904
8135730
7282902
4224222
7685326
8714602
8093291
6823639
7835185
8178778
6444706
7031617
7272933
7652738
7615742
7624921
7314429
8246042
8209046
8218225
7360614
2895128
6521949
7873606
7159350
3488432
6081258
8397688
7788767
7599638
6674562
7318512
7549450
3584640
7267866
7524089
8372853
4214057
7622768
7888952
5813188
7719565
8216072
8062374
6893348
4268129
6950850
4774963
6960329
4329812
7956633
8004707
7553633
4659495
6105589
3789182
6475671
7749579
7339628
4382486
4020319
8342883
8385482
7537080
4613623
7255954
7667486
7598763
6819982
6269064
3793265
8192067
7413286
5345690
6817843
6014847
7440432
8127428
7679132
6608151
5130547
7830961
8252534
8555952
5723851
4918020
7733204
8315593
8548708
7831883
4479460
6494554
8828585
6358233
7597540
6701042
8695627
7364277
8125848
6269865
8882657
7596845
6952569
2701431
6793417
8190149
6965653
3294735
7386721
8448879
7595070
6534689
7980025
7305155
6842201
7728939
6067641
7898459
7435505
8074043
5612831
7695255
7638764
8038064
5942514
7388608
5592462
8183852
7208451
7666035
6185766
7468201
7386570
7811010
6340951
7509697
7532856
8404314
6934255
7341534
7440642
4119672
6911391
8149186
4883701
6276526
7297866
8723451
6795923
6740382
6965463
7231166
6030842
7333686
6808186
7824470
6624146
8407317
6568869
5781410
6911678
7004112
8622970
7088616
7504982
7597416
8284392
7681920
4525080
6431980
3429402
6729916
4854763
6300857
4022706
7323220
7944847
6614448
7824064
8222312
8142235
7207752
7732348
6421946
4201060
7184888
7794031
7015250
4794364
3988533
7449083
7416111
6023200
7238960
6210115
6957834
8231742
7300643
6803419
8164600
7573805
7893947
7354743
8105623
8167109
6667358
8510861
8735040
6625975
7260662
7799175
6551890
6879564
7519392
6510507
7145194
5027893
8588821
5912714
5188677
7628053
7147837
6506018
7967356
5924977
8091205
7099322
8133014
5685660
6858992
5799551
8194697
6278964
7037469
7689608
6025162
8158275
7630773
8282912
6618466
8314248
4712421
7056323
6810415
8777314
5305725
7649627
7403719
6940855
8512823
7663469
8347981
7534159
6536219
4997630
6301679
8599582
7129523
5590934
6759301
7630367
7477830
8344454
7488287
6471794
6074625
7502413
6991191
7065098
6667929
8095717
6879605
7658402
6073048
2499915
7045263
4437523
6764137
3093219
7106946
7199380
7393554
4322055
7700250
7742254
7793526
7877188
6310912
8997401
3624670
6925184
7954460
7888892
4217974
7426870
7207996
6809716
7457928
7828937
6968679
6438458
8012976
6463590
7561983
7199816
7989299
7056894
8239794
7793120
8582603
7212079
2888880
6515701
7867358
6972762
3482184
7109005
8460662
7782519
7593390
4098406
8473806
7543202
5471183
6862626
7766934
7836591
6064487
7455930
8050375
5806940
7651466
7721123
6705775
7340462
4261881
7357644
6107982
5861012
7823321
7950385
6701286
5922695
6120245
7149521
3782934
6469423
5880928
8047156
4376238
7062727
6474232
8102510
5605074
6220430
6309895
6694353
4487371
4068143
6903199
8606575
8185819
4661447
4371903
7715310
6082841
7598987
7136123
8165399
8000080
7842424
7729427
6731487
6397123
7788566
7526223
7324791
8293065
8290252
6854499
7459417
7881073
8096818
8223882
6269893
7299169
5886758
8817186
6863197
8482055
8486918
5381425
7198722
2695183
6783842
8183901
6959405
3288487
7302214
8546854
7588822
4517323
7895518
7937522
6556788
8175646
6061393
6334565
7429257
8652248
6654697
8246787
6890025
3770038
6608899
7004984
5586214
4363342
7163947
7417205
6179518
7815082
7688134
7395084
6334703
7503449
7661683
7988388
6928007
7407347
7434394
4113424
6905143
4456233
4877453
8341411
7365860
5049537
6789675
4293674
6959215
7224918
4931525
7862319
6801938
7818222
4993208
7426136
6562621
6871981
6905430
6997864
6019584
7340673
7498734
7591168
7594869
5829234
7544416
5380408
8014148
6117963
6315513
4695978
7672028
7316972
6076196
6479804
7069237
5153354
6669500
6541487
7662541
5823501
7374936
7178640
5220102
7009002
7968240
7067054
5813406
7363578
4567171
5382173
5053057
6951586
7666242
7294395
5646361
8332850
4957271
7887699
7716538
8707941
7951590
6661110
8488333
4633420
6619727
7254414
7896001
6545642
6873316
8247989
6504259
6951799
5542319
8258466
5906466
8051506
7785865
7980039
6499770
6979110
5918729
8084957
5960538
5236501
5679412
7845640
6022221
6918895
6181699
6752056
6615525
6885595
7501552
7624525
7208829
8105503
8411975
7085293
3965306
6804167
5978997
7146976
4558610
5724991
6934607
7740280
6436373
6318295
7527911
6529971
7739587
6295431
7962831
7123275
7602615
6888735
7624119
7471582
5133743
6349503
7504957
6068377
5727047
6411186
7654726
6661681
7517220
6873357
6507204
6997206
7277903
5188476
4431275
6757889
5916439
7100698
7193132
5662433
4315807
6147576
5621050
6255737
7974537
7722504
6214354
6849041
6918936
7784187
4891246
7503061
7420622
7201748
6787188
7243557
5348622
6962431
6736755
7305240
6457342
7464718
6800151
7898544
6444646
7778454
7393455
8266212
7205831
7666868
6509453
6725198
6966514
7782277
7102757
6439525
6051398
7762825
7696061
7911806
6644702
7239147
6856378
8699189
4828688
7832451
7449682
8091269
6740910
6588373
7714875
6699527
7147067
7181677
7351396
6101734
5854764
9093899
7944700
6695038
7424399
5183591
7143273
6155806
7486082
5776895
6420845
6217489
7815765
6376967
3432598
5598826
7940365
6904069
4025902
7176589
8107944
7497373
6080254
7769893
6999435
6357719
7342244
8363197
5884035
6949535
6977338
6803343
6513563
7542839
6725239
8384483
7106867
6687875
7318543
7862784
8284004
7819387
7666850
7045014
8074290
7574047
6263645
7292921
6606454
7635730
6856949
7334417
7199758
7584349
7058720
7473171
5934582
8177653
6953157
7468881
7295966
8285273
5857701
4511075
6831666
5816318
6451005
7355313
6893349
6328317
7044309
8210690
7486653
7495832
6883777
8559905
6602651
6982456
5579966
7875475
7157699
7575760
6173270
7808834
7032024
4715617
6766574
7731645
7655435
5308921
4946754
7401099
7717118
7442908
5540058
3482446
7109267
7504591
7424576
4075750
4719700
8097895
6952967
6762497
4925277
7856071
7546271
7433274
6837499
7419888
7880925
6936178
6783641
6991616
7207361
7334425
7376945
7584920
7588621
7927729
5405895
8300243
8201142
7619667
6309265
6408135
5150767
7681350
6069948
5428232
6412757
8011033
6663252
3627866
7006061
7908369
7892088
4221170
5213854
8176368
8345822
7461124
5807158
5871325
7757212
7226464
7315947
6115527
7144803
7172606
7909251
6699046
7738107
7765910
7541582
7302135
6518897
6654862
7714631
4627172
5005095
7248166
8307935
6539394
7267386
7226677
4765465
7132698
7830998
7819981
5358769
6002719
7779617
7995362
5810136
6972862
5912481
7315671
5954290
7511612
5673164
6052969
6015973
7026934
5130127
6646273
6609277
6879347
5723431
7239577
6654959
7681921
8164399
7079045
7043827
6797919
8621560
7140728
7637131
5718743
6179780
7656351
9082564
6312047
6773084
4934044
8838170
6289183
7366388
5527348
7596367
6882487
7939176
7465334
3677714
4706990
7498709
6062129
4271018
4914968
8092013
6655433
7510972
6998242
7552781
7818484
7271655
7028245
7614464
7779545
5910191
6978909
7186884
5656185
6056067
7572213
5614802
6249489
7968289
7716256
6208106
6842793
7805999
6195400
7294316
7317234
7876618
7195500
6780940
7237309
7854299
6956183
6552614
7298992
6451094
5859984
6793903
7892296
6438398
7006450
6725986
7937978
7205399
7660620
6132039
8003429
7584201
7340071
7743679
6580604
6045150
7462799
8067973
7736850
6638454
8056103
6850130
8330154
4822440
7254676
7408263
8609815
6734662
6582125
7708627
7228114
5990009
7175429
7345148
6095486
7687957
8404265
7938452
6688790
7418151
6107749
7137025
6149558
7479834
5868432
8049585
6211241
7809517
5325395
3426350
6804545
7283885
5918699
4019654
6850227
7707147
7491125
7678384
7443531
6993187
8577335
7335996
5327100
5914011
6375048
6971090
6797095
6507315
6968352
7564394
7879400
7100619
6681627
6906708
6888997
8277756
8107031
7660602
7038766
4902258
7567799
6257397
7286673
6600206
6661943
6850701
7328169
6640020
7255247
7052472
7466923
6771346
7809732
7114155
7582332
5024841
8203453
5851453
6251335
6825418
5810070
6444757
7611138
6887101
6403374
7038061
8204442
7480405
7489584
6877529
7295673
7277962
6976208
7470833
7869227
7151451
7180205
6926308
8607729
7675638
4709369
7050908
6807363
7649187
5302673
7496748
7400667
7855888
7436660
8090052
7779469
7103019
8029964
4994578
6240418
7269694
8254109
5587882
6756249
7862998
8847413
7992340
5798418
7449944
8189727
7874677
6391722
6777393
7806669
8046412
7523234
7370697
7785999
7569170
7780934
7944962
8249855
8499613
7613419
6303017
7332293
8643966
7675102
6063700
6579424
6406509
6307860
6657004
3621618
6999813
7949045
5054343
4214922
7365609
8170120
8339574
7454876
4938875
7351082
7762388
7838909
5522368
6109279
7138555
7166358
7481364
6702583
7731859
7759662
7535334
7295887
5710533
7101976
7084265
8113541
7105953
7731393
5625070
6986508
7261138
8470754
7481941
7184134
6857211
7886487
7901508
7777438
7450515
8094465
5803888
6966614
7995890
7309423
5948042
5220109
7740047
6046721
5857960
7020686
7947333
6640025
5919643
7082369
7489056
7233329
7831865
7675673
8611386
7072797
8425169
8625447
7760757
7666101
8064495
6306843
6173532
7121576
8111140
5021062
6766836
7246176
7002631
7406239
7360140
6079789
7595935
7467922
8588976
4981868
8634101
6337007
8715630
5575172
7945415
6930311
9093499
7807771
8228991
7523615
7456365
7812236
5993686
7021997
8049669
7773297
4399052
6972661
8001937
5649937
8269527
7565965
7981267
6243241
8467153
7710008
4124856
6836545
7799751
7537696
7527561
7749105
4009388
8498244
6060790
7231061
6334690
8047516
7367996
7824365
8144313
8640820
6886973
7202662
6605847
8772075
6948656
5134143
7199151
5907808
7541960
7812030
4695583
7333823
8135264
6574356
6038902
7456551
8404595
7730602
6632206
8049855
8667075
6651426
7225510
7248428
7362808
7244730
7181776
4398353
7741760
7221866
7379402
7052479
7456087
7815170
7972706
7475741
8289733
3319917
6946738
6994812
8796310
6143310
7540042
7588116
6831270
6736614
8293936
8142601
6932956
6114911
7277637
7493315
7078832
7472913
7870941
6588868
7280788
8620437
7602928
7182172
7637393
4335795
7978896
6368800
6964842
7617709
7015928
6962104
7558146
8404773
7729903
7555408
6275057
6882749
7663190
7335703
8342920
7476053
3469565
7561551
8305342
6936821
8325580
5691147
8485281
6998504
6649328
6284451
7046224
7467797
7861878
8244937
7639528
7909747
8441335
7991893
5131303
8165582
6819170
7010076
6438509
7604890
6701274
8129850
7031813
7514808
7294578
7064148
4602936
4204656
6628869
6969960
8552108
4834073
7865018
7173957
6920060
7492128
7325786
7082241
7044660
6801115
7387469
7143924
7490500
7394419
7871887
6798976
7186310
8254186
8015298
8103024
6492430
6234170
7263446
8247861
6638716
6827474
7856750
5404800
6846694
5792170
6017251
8183479
7439998
6385474
6610555
4771515
5901783
8068011
7364449
8277023
6495087
8736534
7770062
8432443
3515185
7142006
7190080
8219356
6343867
7735310
7783384
7026538
8126193
8489204
7390252
7128224
8196942
6978249
7451935
6772450
7668181
7984293
6784136
7867404
8797827
7428901
7377440
6406216
5516120
8248949
7970744
6888205
8006737
6290748
7564656
7154705
7529086
6884052
6506401
7095728
7078017
8107293
7099705
7725145
7671321
6980260
7693009
8658080
7132089
7609677
6850963
6852306
7193772
6844596
7444267
4178782
7663065
7663749
8572445
8129713
7075189
7300270
7879402
6040473
5851712
7014438
7531407
6633777
7763934
6896542
6679713
7227081
7415939
7360398
7273017
7707159
7304353
7161198
7321099
8856778
8350207
8519284
7188885
7115328
8104892
5014814
6077202
7239928
6613945
6354667
7339192
7833232
7589687
6947971
4049418
8925180
7990548
8313640
4642722
6687698
7696585
7458714
7875080
6833984
7508193
8052018
7481112
7041962
4821076
6212519
9078812
7625481
4392804
6805823
4735613
6097051
7445332
7559717
5328917
6690355
5931530
8133982
8812455
7319772
8193821
7531448
8414624
6414432
8757433
6499414
6826653
8878469
8065204
6298964
7419957
7902386
8381522
7647203
6108614
8264045
6599599
6979404
6942408
7742346
7192903
7572708
7535712
7070622
6871300
8097196
7083473
8384654
6486016
7515292
6102881
7724354
7079320
8067163
8395827
6645178
6876116
8285463
6999965
7238482
7175528
5332437
6888379
7215618
7804945
5925741
6649062
7389040
6772911
7639535
8036168
3313669
6940490
6988564
4912800
7331373
7533794
7581868
6825022
7379317
8249117
7773817
7380070
7959202
7091810
8121086
7712148
7611207
5684458
6582620
7902427
7499621
7596680
7175924
3119931
4329547
7782433
7384153
3713235
6461079
6767098
8013570
7903900
6582167
7360402
7950044
6894212
7882618
7479049
4244686
8394881
8475922
3463317
4837990
3806126
6930573
9138325
5684899
4399430
7523877
7058474
6278203
7622556
8117181
8373404
8178066
7928197
5484945
8966708
7985645
6292319
3508896
7135717
5369477
6885623
4102200
7729021
7156063
5179127
7508560
7884206
7057900
4596688
7283177
6622621
6195819
7834112
8816813
5941813
7167709
6426956
8015386
6535117
7075993
5173394
4881897
7128421
7137676
8227592
7388171
7865639
7730980
6713471
5989434
8011515
3446338
6486182
7659872
7710560
4039642
5758442
8050117
7987607
6724026
6840446
7301483
6011003
7195233
3983313
7894787
6604307
4765267
5895535
6449830
7833143
6330778
6488839
6968179
7763814
4819339
3508937
7135758
7183832
4881022
7526641
7358279
7777136
7020290
8119945
7102436
7384004
7613594
8190694
5531592
6652496
8243011
8783998
8289044
6777888
7020557
8483034
7422653
7371192
3315199
6775749
4372278
7579421
3908503
6656347
6284500
7558408
7148457
7609494
6877804
7455969
7089480
6681409
7312724
7494026
7718897
7274713
6974012
7747244
7733798
7125841
7045764
6206230
6846058
7719145
8279803
5920557
4172534
7799355
4515343
6954719
8061363
7756180
5108647
7548023
4226606
7853427
4733440
5012326
4288289
5497469
7085899
5605630
7771858
7409691
7998459
6198934
7844934
7298105
6889950
6164041
7882991
7463763
6137081
7182637
7491997
7525446
6730385
7992394
7331838
6607697
7323689
7332944
5794539
7583439
7045748
7926248
6908739
7261836
7892744
7807149
6681450
7855140
7228216
7363190
5401291
7567519
7821520
7474864
5994595
8064990
6206271
8407799
4178581
7359396
6799575
8970125
6090803
6636968
7703956
6526046
6684107
7163447
7914411
7119350
7313524
7544791
7525200
5076290
6774292
7553547
6493166
7215558
6835975
7239743
7579272
7069612
7165658
5726860
6295345
5571308
7758962
5790256
6888649
6526482
7736098
6383560
7481953
7119786
7624512
6538745
7967321
7345047
7790170
6299428
7509044
7343725
7804762
6892732
7651237
7399119
8445157
6869868
7689294
6150705
9159945
7163257
8318711
6882131
7424183
6923940
8468480
6642814
8017487
6766663
9000717
6684310
7263442
6934242
5739887
4906552
6915447
7527546
7743291
6476187
7508751
8242869
5207594
4483557
7989178
7281167
5800898
7705900
7604959
5678210
6394202
8299204
7493373
7590432
7169676
8057311
7659031
5051291
7377905
7687265
5409507
6925653
8007322
4935823
6002811
7518957
7374588
8085369
8072194
8171668
6852889
7538952
8568228
7813408
6181165
7532282
7207739
7423484
6774469
5596559
6625835
5213424
7670132
5622018
7219139
5806728
8171818
6783167
6624258
6110508
7979397
4986370
8548239
6703812
8165150
6879375
7944764
7297116
7925833
5883454
7502312
8246190
8392491
6476758
7978914
5758028
6189571
7031243
8060519
5935565
7759206
7360926
8009138
6490613
7069745
7954230
8564186
7014800
6721750
6474780
7778829
7608104
7315054
5221218
6734013
7763289
3440090
7300527
6494696
7704312
4033394
6692526
7088000
8333729
6218842
7285830
7060587
6004755
7188985
3977065
7653891
6598059
7077399
5889287
7420208
7826895
6324530
6482591
6961931
7927785
4813091
4396000
7129510
7345255
5101820
7534056
7352031
7938559
6671455
7700731
7096188
5402862
6269389
8184446
4480020
5996166
7912937
7940740
5073324
6057738
7166473
8476786
5038581
7364944
6393720
7397610
4366030
7573173
4923113
5604775
6278252
8202590
5131091
6198079
6871556
4283937
8188063
8875082
6948333
4877241
8418563
8763496
7923021
7503793
7727550
4056883
7618752
6199982
7766721
6821103
6278465
4868985
7585132
7414407
6871769
5462289
8178436
7749932
6305776
7129438
4220358
7847179
4563167
5006078
7172306
6943686
5156471
5599382
6078722
7107998
7787045
6192686
6672026
5545293
6883702
6241986
7226511
7216187
6130833
7954474
7556194
8050819
4445848
8072669
7954441
5763039
7317441
8208637
5788291
6356343
6131100
8040218
6902491
6929281
6724404
7800901
7495795
6689964
7093572
6206132
5395043
7283268
7332651
7468616
5988347
8154575
6200023
5833870
4172333
6604569
6793327
6427174
6084555
7197873
7605152
6519798
5339902
7157199
7891883
7113102
7307276
7538543
8485187
7706406
6768044
7547299
6486918
6866723
5247188
8086049
7573024
7063364
7159410
4675288
6289097
7656668
7752714
5268592
6882401
6520234
7729850
5771312
7475705
7113538
7592878
6364616
6993534
5118381
5933383
6293180
7502796
6635989
6878066
6795467
7365824
7229293
7471370
6863620
7683046
6987469
8159623
7157009
7699061
6875883
4252151
6917692
7760744
6636566
6338759
6473733
8009412
6093529
6932063
7067037
6857558
7271366
6909199
7618361
7530320
6469939
7502503
7553346
5201346
5747511
6963271
7274919
5794650
6273990
7024954
7267031
6387954
6697252
7618258
7860335
7616790
7891671
7411455
6326101
7873094
6530207
8246087
6919405
6276201
7485817
7025531
6234818
6869505
7828589
7711149
6694424
6846641
8421893
8304453
7807160
7439945
7526034
7815516
7400956
6900713
5590311
6619587
7994260
6962396
6183615
7212891
6921013
7555700
6776919
6799837
5261248
8149004
6279823
7393141
5854552
8158902
6873127
7938516
6158332
7919585
5877206
8043434
6220015
8273714
6470510
7972666
6682186
8315475
5442456
7886571
5929317
7752958
7354678
7202141
6484365
7898834
7947982
7795445
6128591
6715502
7351361
7772581
7601856
7308806
6700975
6727765
7188802
6769574
6610893
6488448
7690488
6831257
7073334
6990735
4046366
7424561
7666638
7517837
4639670
7182737
7463434
7977443
7789216
7071151
7613203
7413960
7475697
6318282
6534027
6955683
7098200
6911586
4389752
7767947
4732561
7504890
7527808
7301643
5325865
5734801
7694483
7089940
5396614
6328105
8424892
7399855
5989918
6411380
7220222
7441351
6583222
7160225
7813526
6295912
7672488
7753529
7391362
7852399
6105562
8202348
7984666
7212336
6471469
7681085
7445434
6430086
7064773
7625345
6868248
6889692
7658077
8824458
7461552
7916773
4331761
7721302
8010784
7596224
4925065
7801305
6814855
8189528
7157664
7578884
7408159
5329385
7750968
8172188
6995105
5922689
7123190
7632956
7588409
6892832
4999830
7694639
6937438
6353600
4909748
6072474
7101750
6415283
6186438
6665778
8014310
6877454
7415274
7220263
8081839
6124585
7948226
7549946
7397409
6717889
8066421
8143250
7990713
7311193
7854785
8028871
8164836
8540029
8443244
6458027
6923033
6761820
8413346
7489547
6683716
4033656
7026525
5388795
7277020
4241634
7619829
5982099
8505856
4834938
7985625
6575403
6598321
7984484
8535929
7804239
7191625
7670965
6513550
6729295
7150951
6918096
7106854
7322599
8351875
7511400
7700158
6761796
7132665
7772493
6860475
7355100
5050895
8232560
7057116
7689754
7595123
6282849
7650420
8049442
5777760
6192767
7355493
8384769
5765064
7469457
6423904
7586630
6358368
6987286
3685688
4959596
7125369
6666737
7161362
6871818
7051830
7260041
7754666
7063516
8109072
7817081
8451881
7656820
7105902
7692813
7741046
8250124
6911444
6720974
7035293
7972183
5316675
7835174
6671814
9150675
5909979
8045771
7265118
8154651
7786415
6327726
6463691
7866881
7547098
5195098
7056995
6957023
8159619
5105016
6267742
7297018
6610551
6381706
6691004
8143631
7203855
7610542
8044815
6315823
6319853
7866846
8334495
7592677
6913157
6269953
7371527
7419601
7506461
6863257
8072873
8330024
6688176
6840393
6653295
7221780
7800912
7433697
8490386
7193959
4228924
6894465
5584063
6613339
4822228
5988609
6177367
7206643
8062182
6581913
6770671
6793589
6098012
7175217
7431440
7386893
4121408
7530119
7493123
7953839
6152084
7194372
5870958
7119955
6213767
8267466
6464262
7713259
6807071
7645024
6770822
6115936
7400375
7746710
7860677
7195893
6478117
7841882
8453981
7789197
6122343
6411194
6377574
6134029
7595608
8155556
6970878
6727333
6176415
6763326
5154864
7320637
6238098
7356630
7067086
7882088
6596360
7949934
7258784
4394905
7189664
8647149
7457186
7971195
7782968
7450819
7750575
7362853
7469449
5940868
7511258
6988816
7091952
7726639
7572941
6703143
7271628
7620661
8042234
7700904
6522994
6658959
7688235
7381031
5390366
7252263
7405008
7393607
5983670
6627063
6442040
7275711
6576974
7153977
7636290
7496786
7666240
7594907
6511091
7846151
8206671
8188211
7398955
5878310
6465221
7566795
6684463
7630092
7058525
7619097
6862000
6883444
7651829
7660593
7417048
7440207
4608927
7909441
7398824
7589976
8557677
8705264
6808607
7521117
6147653
7213153
7401911
6831005
6777181
7421131
6988857
6293280
7322556
6715537
7582161
6886584
7915860
7688391
6931190
6347352
4903500
6066226
7095502
6409035
6815722
6659530
7781120
7002339
7409026
6412186
6311204
7595643
7829172
7005490
7391161
7852198
8087854
7731415
7984465
7940477
7848537
6572842
6329297
7520188
7092239
5406455
6922601
6755572
6980653
5999759
7104502
6433366
7734547
7262354
6865185
6791628
6989034
7855658
8499608
7384932
8411168
7204687
8248496
7978236
8529681
7797991
3725718
7664717
6136136
7706526
4319022
6911848
7921907
7768209
8120380
7466896
4983318
8237502
7126417
7715744
6854227
6974801
5044647
8226312
7447531
7600276
7588875
8655721
7931684
6637308
5098719
6186519
7349245
7831558
5160402
8098741
7790175
8006086
6525817
8692045
3679440
8390119
6073578
6660489
6471728
7634454
8347957
7253793
5932060
7057268
8157174
7810833
7993741
7275568
7099654
7055129
6689474
8243876
8228779
6714726
7282778
7057535
7989241
6379145
7408421
5634830
7026273
6972449
7616399
8020007
7527959
6321478
6910805
7860633
7540850
6914782
7325144
7126458
8571553
5098768
6261494
7290770
6604303
7010990
6854798
7976388
7197607
6266337
6607454
8258980
7790911
6205557
5012820
7586429
8615705
7694479
7365279
7413353
8079881
5572272
7920327
6940149
7989799
8085845
5601723
6443421
8440632
8679149
6195027
7299770
2796231
6888217
9014442
7060453
3389535
5982361
9342975
7689870
7500741
6575665
7219615
8363446
7562424
7168969
7425192
8571424
4115160
7523871
7790055
8417518
6145836
8117175
7963477
7113707
4169232
5178586
7844127
7707011
4230915
7265194
7905810
6109688
6292596
7858498
7795544
7783993
6885900
7835634
6832576
7666247
8243986
8428938
6371326
5355670
8294009
3933685
6964630
6721085
6170167
4979539
7557934
7314389
7445038
6718946
8693546
8174156
6590112
8337890
7252536
4388657
7183416
8153637
7470836
7202636
7776720
4619880
7744327
4442729
7786136
4949563
6395657
4504412
7847819
7498643
7629696
8366380
7265380
8196993
9202988
3871127
6516746
7106073
7218536
7888831
7110050
7668485
4083333
8011294
7703354
7496173
6435792
6304915
7206258
8143893
6019267
6010662
7799562
8737197
8223346
5513934
8200423
8523515
7392707
5872062
7714064
7560547
7516052
7893975
7951430
8218658
6855752
8487279
8281113
7527225
7410800
7433959
5216704
7886913
7055026
7641937
8685302
8480217
8597408
7488031
6177629
7206905
7446648
6824757
6770933
3505448
7132269
7757692
7364237
4098752
7725573
8350996
8308420
8213764
7651506
3278394
6905215
8248643
5787431
6934408
7252484
9126797
8114717
4426183
6903638
8101078
5154146
6487864
7822924
8501555
7224323
5385283
6515551
7725167
7867152
8439254
7108855
6566594
6323049
8607416
4128953
7159898
6916353
7909037
6974405
7753202
7098254
6437698
7140063
8413971
6858937
6785380
6982786
7294180
6834859
7378684
7795050
5956010
7397904
7971988
8810244
7939595
3719470
7019984
6607805
7700278
4312774
7613288
7915659
6904516
5258196
7460648
8489924
7497820
4066395
7104874
7741290
6968553
8084099
5826080
7992308
7594028
8677403
6419384
7745857
6631060
4561413
7247902
8339161
7084308
5926265
4792550
7863873
8184015
6519569
7980111
8457177
6957426
6067330
8678417
6677961
7550730
8145175
6841958
7271265
7051020
6800575
7435262
5317961
7269320
6202782
8794172
7918121
8237628
5202493
8786561
6215045
8381273
7389390
6372897
5975728
8141956
6099577
6966201
6569032
4729992
6692881
6315230
5974151
8680923
8115015
6908534
7533974
8390920
3473662
7100483
7294657
7908457
7637466
7447752
7230923
8309985
8094880
7655730
7348729
6826287
8854590
7883366
7410412
7419591
7109099
6710819
7359031
7767898
7702403
5566024
7914079
6364693
7983551
7933540
8367327
6957997
8434384
8535167
8583241
7113182
2789983
8483786
6865196
7054205
3383287
7178054
7458500
7385194
4612123
7990318
8032322
7593172
8087797
7568154
8237937
7733926
7916854
6803073
7485068
6485512
7965063
7498064
7099784
7277678
4162984
7258747
7236295
7382596
7997952
7632528
7489884
7975900
6021348
7050624
7789296
9354913
6614652
7946762
6826328
7665636
7262830
8008445
7279576
6121533
8649936
7883458
4388474
6714837
5526568
4973291
7957119
5316100
4273006
8648406
8687298
5909404
7037226
7242258
7246288
8985422
7630530
6050692
6298226
6646175
6994919
6643996
7551175
4436481
6212763
6410313
7439589
7766828
8124985
6170996
8666037
6294845
7324121
6764300
8379352
3864879
6510498
7099825
8972656
6684945
7103802
7729242
8677683
7278249
7697106
4661971
6429544
6372909
7643020
6457891
5047843
6004414
8236324
7543997
7809700
6749319
8829628
7605680
6067091
7304367
6906087
7554299
7749485
7897671
7499391
8513950
8342789
7589237
8128808
7520977
7404552
8629652
8477115
7880665
7048778
6809587
7073910
7060464
6555581
5556025
7373322
7653768
7102850
6818509
8525277
3499200
6846856
8283065
7763422
4092504
7719325
8112122
7327239
3553272
7180093
3272146
6898967
3614955
7241776
4653410
7492271
4208259
7577864
7337794
7827796
7915251
5147898
6216616
4597081
8508555
5293774
6809920
6509303
7718919
7860904
6944546
7102607
7581947
6316801
5433107
6964892
5121205
6910105
5721836
6968157
5714509
7092006
4468274
5283276
7716204
6852689
5097691
6976538
6145360
6309652
7630741
7788802
7881236
7391656
8224045
7834484
7746443
6882683
7013736
7769469
4986046
7475987
7607040
7270115
6881988
6490113
5443422
8223262
6831555
4060147
7796436
7665004
8068596
6880213
5819832
7986060
7757440
5137604
6413136
7842683
6624812
4555165
7241654
4897974
7584463
6534325
7952490
5491278
8177767
6014181
7973863
7800948
6951178
6607485
4840374
6671713
6576793
5626094
6835710
7265017
7699667
6219398
7241867
6725785
8612227
6196534
8247911
6787468
7503718
6789838
8425402
6208797
6750849
6250606
7807928
5969480
7344153
6093329
8259557
6471767
4723744
6686633
5066553
6898309
8612573
7498897
5659857
7527726
4777816
3467414
7094235
3810223
4839499
7631218
6015059
4403527
7875640
7623607
6608363
7342481
6820039
7685290
4792349
7404164
5489042
7102851
6704571
7914187
7662256
7139814
7297875
7777215
6358445
7733118
6701254
8158559
6951749
7679557
7294558
8167315
7106934
6626718
7449743
6858948
7047957
7683380
7171806
6340628
5952501
4605875
7984070
5911118
5992493
7140250
7561906
6504422
7139109
6858495
8070487
4313036
7793129
6489476
7491816
4906340
7271430
7082780
7252499
5210120
7376348
7991704
7845803
5803424
7305580
5084694
7044376
6152639
7387185
5677998
7940514
6820080
7980489
7256582
6848427
6122518
7841468
6341466
8037755
8192695
7139855
6934770
7529215
7950871
7733159
7089955
7495915
8681050
5821362
7030978
6878441
7894935
6414666
7624282
6044444
8066626
6639927
8253699
6637748
7544927
8587802
7714467
6404065
6946117
8850990
7776150
6164748
7539421
6288597
7317873
6758052
3722666
6881901
8230433
6959823
4315970
6678697
8465662
7021506
7027397
7272001
8146050
5596055
5034767
6732769
6210327
6189359
5041595
6794452
6803631
6493139
7803452
6743071
7396935
6977943
5095667
7298119
6899839
7679747
5157350
7642935
7493143
8527756
7910884
7582989
6497222
7514729
8347018
7874825
7090526
7874417
7302202
7763239
7067662
7054216
3383549
7758949
7367074
7647520
3976853
7052077
7121734
8221342
6741073
7335518
7183417
8392597
7334377
7928822
6661718
3547024
7173845
6684744
6892719
4140328
7235528
7278048
7486023
5405388
6434664
8053522
7322092
5998692
7027968
6210368
7239644
6591996
7582453
6803672
7788226
6886657
8175757
3772514
7399335
7575699
7809472
4365818
5009768
5114957
8077471
8124906
7362227
5708261
8026090
7285223
7127567
6937097
6016630
7878527
7073709
6440369
6609934
7624493
7667013
7874988
7203238
5145515
8772336
7740195
7587658
7413663
7763221
7628609
8180962
7971418
8337235
4666568
6483865
7513141
7360604
5259872
7077169
7936944
8446710
8062348
6873965
5813584
7216774
7222665
7412715
6406888
7810078
7815969
6928037
6713448
6646911
7713757
6989720
8018996
6688407
7717683
6938339
7967615
7281711
6919544
7531643
4917240
7875015
5352618
5619846
6829462
7557454
8106152
6213150
6692490
6719537
8537737
6190286
7285794
7312841
7497470
6783590
7840279
6157690
3578817
6244358
7801680
5963232
4172121
6087081
8394984
5420195
7035876
6680385
7378685
6013499
8778118
6929348
6856986
7543049
4771568
6880012
5114377
7303732
5957170
7473316
5707681
5600656
6629932
7617359
6602115
6193960
7223236
7679042
7195419
6787264
7777721
7096603
7199760
6016215
7656008
7133566
4997058
7770967
6352197
5761087
6695006
8382081
6945501
7505449
7288310
7842849
7930872
7480491
7881614
6852700
8146540
7677132
8489349
7446004
5946253
6346135
7881498
5904870
6539557
7975509
8474802
6385080
7132861
7904358
7309366
6978384
6040317
6483228
7440709
7071008
7265182
7076532
7246251
5203872
7370100
8305368
7839555
5797176
7299332
6008852
7038128
6390480
7380937
6602156
7950688
7531460
7974241
6900586
6842179
6200463
7184988
6335218
6986183
7912951
7133607
6928522
7579487
8406431
7726911
7083707
7489667
5228203
5815114
7024730
6872193
7998695
6408418
6887758
7465497
7387893
7001722
7311020
7605422
6790100
8230558
7708219
6352958
6939869
8486862
6802363
6158500
7533173
6282349
6563046
6751804
3716418
6875653
7156350
6953575
4309722
6672449
8343873
7015258
7021149
7265753
8180128
7007647
6152438
5617168
6204079
6445395
6825200
6788204
6797383
6486891
7248462
7381508
7390687
6971695
5089419
7179065
8051456
7673499
7311332
7772369
7081308
8355216
6772100
7576741
6490974
6952011
6833783
7700717
7084278
7545315
7427087
7756991
7061414
7047968
7404223
7922649
5314909
6511222
5851652
7984332
7115486
8215094
5199441
7901206
7177169
8386349
7328129
7190924
6655470
8073119
7167597
6678496
7224661
8386695
7460450
7271800
6709542
5399140
6428416
7846065
6771225
5992444
7021720
6204120
7233396
6585748
7576205
6797424
7957833
8304168
8089465
7753351
7393087
7611380
7711968
8346655
7181451
8204684
7902571
8240677
7355979
6571976
8420588
6088486
7740012
5423471
6010382
6681790
7067461
8013623
6603686
8306206
7660765
7583161
7196990
7343634
7800690
6985368
6738398
7407415
7632496
7578672
8174714
6997631
8026907
6869492
6477617
6758314
7354356
7462796
7070921
7351618
7482016
6482460
6867717
7896993
7210526
7216417
5228943
7641150
7803830
7809721
6921789
7629476
6640663
7707509
6983472
7992561
4150507
7711435
7576776
8054244
7275463
6913296
7942572
8246724
7868767
7506600
6898769
7276576
7551206
6967368
4922165
6686242
7147279
7029051
7435738
7279546
7740583
7622355
8029042
8467983
6151442
8215659
6238110
6047640
7836540
8352515
6831414
6640944
8237401
5394709
6209711
7372437
7434174
7715246
6923100
6850738
7880014
7375588
6873764
7444042
7767411
8901854
7467068
6904810
5594408
6623684
7611111
6966493
6187712
7216988
8204415
7428664
6781016
5195662
8179490
7193512
8257943
6235793
7948619
7786816
7806648
6746267
8541923
7376719
6064039
7339571
8716046
5433526
6767244
8102304
5808911
8421418
5664663
8695608
7721133
8303522
8208891
5940005
8314437
7875250
9540776
6533309
7969261
8468554
6552529
7126613
8562565
8626102
7145833
7884608
4299456
7434461
7064760
7280505
6624758
7357190
5197624
7873809
6235390
7677284
3221020
7313006
6895915
8270588
6097488
7601735
7489219
8344758
6690792
7334742
7824744
6835931
7902777
7178740
6328970
4345775
7906703
7772044
6922274
7573239
8052579
6941494
7515578
7538496
5221955
5510806
8123313
6865945
7518812
5718784
6881510
7459249
7224319
7631006
7474814
8688085
6783852
3609985
7236806
6346710
7377156
7627689
6796115
3494517
6837924
8220993
6556798
8033369
6899607
6550431
7059085
6947327
7368900
7762981
7267063
6878936
7014901
8418091
7892996
7001399
7608205
5610920
8083275
7063082
6818952
6602377
5009372
6480643
7242214
7195681
7755065
4504039
5837757
7172817
8045208
7667251
4735176
7766121
7075060
8251937
6011129
7226889
8382343
6945763
6604433
7288572
6939396
7539067
7952460
7757865
8525826
6729704
6823928
7745169
8498790
6504974
5845404
8338473
7109238
6539819
6728577
7894958
5305903
6747797
7321881
7184676
6649222
7341101
6790183
6672248
7242526
7415899
8927089
7238748
4777536
5392892
6422168
7300431
6764977
3416288
7015472
7091183
7358281
6579500
7322032
7684487
7951585
8027296
8390307
7747103
7557058
7605132
6782498
7947941
7175203
8198436
6928784
8317543
6667030
7659204
7136762
6082238
6307319
5417223
5706074
6675542
6900623
8090489
6191851
7465759
7055808
8048871
6785155
4946115
8101662
6979120
7575162
8522405
7626248
7572424
8168466
6991383
3689785
6492078
7510780
6752066
7348108
7094875
6745699
7254353
4079885
7564168
7564852
7781455
4903288
6301467
7626535
7718969
7667508
6894771
6915541
7944817
7258350
7178273
6797645
6074413
4144259
7444773
7390949
7174120
7269215
7851063
7984253
7329305
7862519
8444367
9069572
7270328
8271522
6961120
4915917
7899745
7141031
7554424
7483840
7434654
7734335
7784277
8077144
7950049
6924972
7019196
7654980
6041392
7997789
7838349
8100820
6634696
6735087
7409296
7709052
6693704
6943065
8068174
7706007
6844490
7536369
7266747
6867516
7437794
7718270
8577058
7460820
6898562
5588160
6617436
7495699
6960245
6181464
7210740
6639834
5593003
6774768
5189414
6400517
6186307
4339486
8909554
7942371
7752326
4932790
6740019
7986653
7370471
8165148
7124052
7357432
5427278
7771180
7525272
7573346
7588569
7916155
8310660
7655712
8214044
8285757
6387119
7661027
7251076
5712487
6980423
8254331
8296930
6546281
7609840
8483889
6901068
6820024
8349201
7186651
6789482
6687346
7706048
6947334
6589032
7290143
6674014
7540638
4505252
3214772
7760120
6889667
5098556
7232476
7821803
6283214
8338510
7825780
8234716
7161368
8387264
7798769
6992913
6269681
4339527
7640041
7586217
8230167
6883605
8046331
6935246
7396283
4306205
7290033
7528550
7989587
4899509
7178447
8121854
7914673
8384473
6939130
8778968
7062979
8681837
7979545
3603737
7230558
7278632
5202868
7621441
7823862
3488269
6831676
8214745
7979047
6930355
7424980
6186040
7577483
7523659
7624537
7966003
8331377
6872688
7462015
8411843
7886748
6995151
3409999
8975006
8072501
6822839
4003303
6751147
5003124
7416143
5345933
6835102
7650470
4497791
5939237
6595785
5057196
6756767
8228920
8137639
5118879
8245689
6935287
7024752
8855712
8307372
4783000
7813945
8457895
8563084
7720540
7768614
8166624
8111423
5890537
7850980
8409312
7769310
8448470
7856295
7446344
5659545
9041774
7888710
6154638
6741549
7951165
7798628
7096336
7334853
8544469
5593307
5353727
7928157
8058806
2605060
4771288
7457777
6869282
3198364
6825185
3410040
7498699
7084935
7418489
7427744
7259382
7678239
8155707
5056497
7003539
7356636
7550810
7598884
6776250
7941693
8144114
7457990
6922536
7934082
6660782
4484895
7130514
7371830
6301071
5530749
4273381
8057448
6894375
8307943
6185603
6401898
7049560
6620846
6778907
4939867
8095414
6624430
8007743
8791320
7620000
5171090
8295537
4993939
3683537
7026944
7504532
5055622
6527775
7620248
8216290
5821660
4073637
8213552
4416446
7437657
7067956
6295219
5009750
7712721
4127709
6888523
8963606
7878379
4189392
6204486
3888079
6068165
7848476
6410974
4481383
4119216
7746037
7004278
6791053
4712520
7784094
7766383
8922188
5314147
8265274
3892162
7518983
7893497
5934959
7723859
8112287
7539329
9064966
7778029
5777573
7943801
5767914
8351431
6370877
8009252
7348696
7832101
7129319
8150272
5302394
4578357
7702804
6349906
5895698
4056658
7699759
8369542
6489002
4649962
6368762
8473451
7712022
7051466
2800328
3829604
6621323
7064550
3393632
7020453
7214627
7693967
6633586
7613757
6675395
6941098
6394269
8656437
6737078
7534402
8995740
7746078
7330382
7737661
8136961
5472411
7487505
5691359
7351184
6856050
4680163
6284663
7567098
7861833
7909907
6439848
7649464
6988908
8503211
6380871
7654779
7244828
5175181
6974175
7386069
4982598
8446556
7603592
7979373
6894820
5848600
7060592
8073714
6129739
7159015
7126043
5250890
6723043
8806085
6667766
7885033
6585413
7164545
7753872
8019575
7178717
6816550
7815555
7907989
6377290
6530877
8444972
6335907
4384660
6399754
6992302
5112623
7799112
6606242
7585606
7182800
5343760
7199546
7916605
7390035
4299957
7283785
7677288
7983339
4893261
4087430
7714251
7515008
6568924
6932882
8307555
7056731
7162228
7399540
5972841
7224310
7440055
5196620
6566145
7817614
7543964
6766255
7324587
8271927
5497662
6735346
7898072
6650787
6090966
7618289
8491376
7244091
6684270
7455767
6011611
7880500
7459744
7246734
6604915
4024872
6816591
8409062
5699575
8072268
5784557
5225891
5898448
8049404
6377861
7136366
6589537
5050948
6932346
5393757
8758946
4147455
7525650
5987061
7497807
6909312
7891446
8275321
6915903
7502616
7996364
7679932
7072576
8057101
8105175
6635116
7664392
6400576
8698479
5276438
7850047
6993880
7729264
7576727
8047435
6148390
8577641
6173522
7792380
7090088
7759871
6766826
8288904
6978502
7354283
7321311
2598812
6225633
8049274
6863034
3192116
6818937
8235119
7492451
6664460
7412241
7259943
7253134
7257764
6572558
7476866
6997291
6531175
7165862
7987789
7187570
6784764
8137866
6908613
7368889
7378068
7067576
7501917
7317508
7697313
6294823
5524501
4267133
5867310
6888127
7892017
6179355
5430474
6764192
6614598
6772659
7071659
5661611
7207902
8001495
8157765
7546129
4197303
7824124
4987691
8708945
6961523
7519855
8465502
7667824
7463209
8113159
4770088
7875331
8056513
7552356
5363392
7061708
7456541
6206879
7236155
4121461
8049282
4464270
7674232
7169349
5213181
3881831
6568320
5979825
6936347
4475135
7161624
6573129
8191987
6784805
6143089
7127614
6793250
7941007
4167040
7720918
8017618
4346951
4760344
5928711
7814207
8106039
6568533
8191632
8072187
5771325
7161837
7280765
6830384
6364629
7887463
7625120
7423688
8408242
7648146
5296146
7462374
7233754
6343658
5889450
4050410
7398066
5734973
6482754
4643714
7982243
6328277
5480322
4104482
2794080
3823356
6615075
4166165
3387384
7014205
7208379
4759469
6627338
7607509
6669147
6934850
6388021
6767826
6730830
7528154
5006320
7361130
7324134
6988922
8214818
6707796
7103881
5685111
9098493
7262844
7516102
6278415
8184785
7855585
7493981
6433600
6894637
6982660
8032731
6374623
7487941
5648901
6779169
6967927
7266927
4976350
7372473
7597344
8647448
6888572
4392571
7054344
7433893
5030422
8151659
5537256
8027197
5092105
6239862
6661518
7041323
6579165
6833166
7747624
7339553
7172469
6810302
7693766
7431423
6371042
5479305
8306287
6329659
6964346
6072609
8421696
5106375
6175093
5449184
7168134
5252251
6598355
6042488
7761438
7495797
7952166
7277537
7671040
7774197
5391584
7165951
7128003
7462475
8050812
6926634
6628827
7050483
7729692
7393292
5966593
7862747
5056168
7986596
6559897
9002103
8815256
6760007
8177656
8265679
5491414
7353311
7994898
6644539
6084718
7720282
7315022
7237843
6678022
7449519
6005363
8150403
7906858
8078936
6598667
4018624
6810343
4361433
6059435
6375124
5778309
4954737
6121118
6524886
6371613
7130118
6583289
6984492
6926098
7723422
6040252
4141207
7519402
7103244
7612678
6903064
7565084
7245873
6909655
5823888
7252464
7673684
6535270
6417192
7845768
6628868
7089905
6394328
8000953
7222172
7683209
6987632
6974437
7570479
7462195
6448400
7567741
6167274
6543703
6510083
7753623
6760578
8282656
6972254
8346927
7315063
7376800
5287373
6435130
6856786
7492209
6812689
7028434
5761330
7927558
7405993
7621738
6354634
7856790
6566310
8542889
6703849
6524927
7159614
7981541
7300958
6778516
7643767
6902365
7342454
5447519
4336434
6835652
7404137
7573591
4929738
7292465
7753502
7635274
7641165
7885769
8052914
5424226
7765765
6608350
6824095
7065411
7388268
7201654
6790795
7106907
8417220
7794958
7817876
7591711
5709435
6955275
7966626
8293515
7702408
7456961
8150209
6839807
6687270
6513275
7110990
7433111
7280574
7450293
6200631
6585980
9182838
7572716
6793935
7667984
7531333
8166020
6254703
7283979
5973577
7002853
6280162
7345662
6566881
7044349
6778557
7294281
7121366
7637653
7275486
4336475
7714670
7298512
7868790
7098332
8080466
7441141
8462094
6019156
7048432
8034445
8477245
6612460
7641736
6824136
7822636
7205764
7618872
7417440
7961681
7641898
5289898
7765747
7227506
8976205
5199816
6362542
7391818
6705351
6476506
6955846
7975995
7298655
7212928
4098234
7572068
6414653
6630398
4691538
6819199
7007957
7223702
5956598
6985874
7601261
6662899
6549902
7579178
6761578
7256203
6748095
5000072
7354882
5342881
6982674
8658802
4323724
5936185
5678863
5054144
4917028
7690937
6272167
5115827
7601412
7487733
6865471
6888389
7754332
4860699
7473206
7481693
7816015
6772921
7832894
7260679
7208164
7366225
7845565
7302175
5696725
8196792
7051864
7895479
5024174
8562588
7645168
8369869
6936396
7518785
7979822
7035075
6572917
5225495
6408978
7628379
7166221
8055754
7687518
6228829
6364794
7767984
8300039
6771458
6958098
6858126
5249664
7415437
6168845
5527129
6511654
7540930
6592107
6120433
7104958
7489549
7945918
7543116
7470754
7767949
8539222
7493780
7991681
7456227
8322876
7320704
8657362
6214424
7243700
7918665
6589279
6797943
7837004
8676741
6398846
7401032
6617794
6753759
7813528
8877959
5103992
7347063
8406832
5889712
6078470
7714034
7587086
6483016
6671774
8351115
5999115
7076320
7408196
8094259
6592419
8801854
7895421
8341149
6053187
8219415
5772061
6151866
6114870
8165557
6365365
6745170
6708174
6978244
6671925
7338474
7301478
7647813
7750970
7096996
8054477
6896816
7926092
7239625
6903407
5817640
6278677
7667436
5311095
6410944
6871981
7515931
7083657
6388080
5055967
7668474
7676961
6981384
6968189
7564231
7455947
6442152
7561493
4296008
7599951
6503835
8190910
6754330
8193255
7097139
7651678
8135594
6406004
5841971
7713361
8150745
7485961
7077806
6290536
5755082
7172731
7521764
7943337
6348386
6424097
6560062
8445624
6941690
6966726
7153366
8319747
7294710
7610705
6528166
6938046
6751673
7736198
6886428
6651511
7397889
7567343
7479732
8124654
7747254
6710992
7634917
8419465
8040643
7304296
7759517
6230936
7801326
7625419
7382020
7933593
6784547
7100659
7561696
9115948
8089889
7693963
7810544
6949027
7960378
8287267
7353573
7450713
7695076
6084980
6681022
6507027
6732108
6678284
7274326
7444045
6194383
7223659
6616640
7566468
6787687
7816963
8934697
7558857
6248455
6168378
5967329
6996605
6310138
7339414
6560633
7038101
6903442
7741395
7789469
7183977
7269238
7730275
8911799
7292264
7862542
7092084
8121360
7434893
7323310
6012908
6473945
7503221
7384993
6606212
7067249
7711199
7036147
7199516
7612624
7005605
6987894
7635650
7163457
7759499
7221258
6890137
5193568
6356294
7385570
6699103
6760840
6949598
8071188
7292407
