0
-1
-1
-1
-1
-1
-1
-1
2786509437787712
-1
-1
-1
-1
-1
-1
-1
2642495127902049
-1
-1
-1
-1
-1
-1
-1
2498480818016386
-1
-1
-1
-1
-1
-1
-1
2354466508130723
-1
-1
-1
-1
-1
-1
-1
2210452198245060
-1
-1
-1
-1
-1
-1
-1
2066437888359397
-1
-1
-1
-1
-1
-1
-1
1922423578473734
-1
-1
-1
-1
-1
-1
-1
1778409268588071
-1
-1
-1
-1
-1
-1
-1
1634394958702408
-1
-1
-1
-1
-1
-1
-1
1490380648816745
-1
-1
-1
-1
-1
-1
-1
1346366338931082
-1
-1
-1
-1
-1
-1
-1
1202352029045419
-1
-1
-1
-1
-1
-1
-1
1058337719159756
-1
-1
-1
-1
-1
-1
-1
914323409274093
-1
-1
-1
-1
-1
-1
-1
770309099388430
-1
-1
-1
-1
-1
-1
-1
626294789502767
-1
-1
-1
-1
-1
-1
-1
482280479617104
-1
-1
-1
-1
-1
-1
-1
338266169731441
-1
-1
-1
-1
-1
-1
-1
194251859845778
-1
-1
-1
-1
-1
-1
-1
50237549960115
-1
-1
-1
-1
-1
-1
-1
2836746987747827
-1
-1
-1
-1
-1
-1
-1
2692732677862164
-1
-1
-1
-1
-1
-1
-1
2548718367976501
-1
-1
-1
-1
-1
-1
-1
2404704058090838
-1
-1
-1
-1
-1
-1
-1
2260689748205175
-1
-1
-1
-1
-1
-1
-1
2116675438319512
-1
-1
-1
-1
-1
-1
-1
1972661128433849
-1
-1
-1
-1
-1
-1
-1
1828646818548186
-1
-1
-1
-1
-1
-1
-1
1684632508662523
-1
-1
-1
-1
-1
-1
-1
1540618198776860
-1
-1
-1
-1
-1
-1
-1
1396603888891197
-1
-1
-1
-1
-1
-1
-1
1252589579005534
-1
-1
-1
-1
-1
-1
-1
1108575269119871
-1
-1
-1
-1
-1
-1
-1
964560959234208
-1
-1
-1
-1
-1
-1
-1
820546649348545
-1
-1
-1
-1
-1
-1
-1
676532339462882
-1
-1
-1
-1
-1
-1
-1
532518029577219
-1
-1
-1
-1
-1
-1
-1
388503719691556
-1
-1
-1
-1
-1
-1
-1
244489409805893
-1
-1
-1
-1
-1
-1
-1
100475099920230
-1
-1
-1
-1
-1
-1
-1
2886984537707942
-1
-1
-1
-1
-1
-1
-1
2742970227822279
-1
-1
-1
-1
-1
-1
-1
2598955917936616
-1
-1
-1
-1
-1
-1
-1
2454941608050953
-1
-1
-1
-1
-1
-1
-1
2310927298165290
-1
-1
-1
-1
-1
-1
-1
2166912988279627
-1
-1
-1
-1
-1
-1
-1
2022898678393964
-1
-1
-1
-1
-1
-1
-1
1878884368508301
-1
-1
-1
-1
-1
-1
-1
1734870058622638
-1
-1
-1
-1
-1
-1
-1
1590855748736975
-1
-1
-1
-1
-1
-1
-1
1446841438851312
-1
-1
-1
-1
-1
-1
-1
1302827128965649
-1
-1
-1
-1
-1
-1
-1
1158812819079986
-1
-1
-1
-1
-1
-1
-1
1014798509194323
-1
-1
-1
-1
-1
-1
-1
870784199308660
-1
-1
-1
-1
-1
-1
-1
726769889422997
-1
-1
-1
-1
-1
-1
-1
582755579537334
-1
-1
-1
-1
-1
-1
-1
438741269651671
-1
-1
-1
-1
-1
-1
-1
294726959766008
-1
-1
-1
-1
-1
-1
-1
150712649880345
-1
-1
-1
-1
-1
-1
-1
6698339994682
-1
-1
-1
-1
-1
-1
-1
2793207777782394
-1
-1
-1
-1
-1
-1
-1
2649193467896731
-1
-1
-1
-1
-1
-1
-1
2505179158011068
-1
-1
-1
-1
-1
-1
-1
2361164848125405
-1
-1
-1
-1
-1
-1
-1
2217150538239742
-1
-1
-1
-1
-1
-1
-1
2073136228354079
-1
-1
-1
-1
-1
-1
-1
1929121918468416
-1
-1
-1
-1
-1
-1
-1
1785107608582753
-1
-1
-1
-1
-1
-1
-1
1641093298697090
-1
-1
-1
-1
-1
-1
-1
1497078988811427
-1
-1
-1
-1
-1
-1
-1
1353064678925764
-1
-1
-1
-1
-1
-1
-1
1209050369040101
-1
-1
-1
-1
-1
-1
-1
1065036059154438
-1
-1
-1
-1
-1
-1
-1
921021749268775
-1
-1
-1
-1
-1
-1
-1
777007439383112
-1
-1
-1
-1
-1
-1
-1
632993129497449
-1
-1
-1
-1
-1
-1
-1
488978819611786
-1
-1
-1
-1
-1
-1
-1
344964509726123
-1
-1
-1
-1
-1
-1
-1
200950199840460
-1
-1
-1
-1
-1
-1
-1
56935889954797
-1
-1
-1
-1
-1
-1
-1
2843445327742509
-1
-1
-1
-1
-1
-1
-1
2699431017856846
-1
-1
-1
-1
-1
-1
-1
2555416707971183
-1
-1
-1
-1
-1
-1
-1
2411402398085520
-1
-1
-1
-1
-1
-1
-1
2267388088199857
-1
-1
-1
-1
-1
-1
-1
2123373778314194
-1
-1
-1
-1
-1
-1
-1
1979359468428531
-1
-1
-1
-1
-1
-1
-1
1835345158542868
-1
-1
-1
-1
-1
-1
-1
1691330848657205
-1
-1
-1
-1
-1
-1
-1
1547316538771542
-1
-1
-1
-1
-1
-1
-1
1403302228885879
-1
-1
-1
-1
-1
-1
-1
1259287919000216
-1
-1
-1
-1
-1
-1
-1
1115273609114553
-1
-1
-1
-1
-1
-1
-1
971259299228890
-1
-1
-1
-1
-1
-1
-1
827244989343227
-1
-1
-1
-1
-1
-1
-1
683230679457564
-1
-1
-1
-1
-1
-1
-1
539216369571901
-1
-1
-1
-1
-1
-1
-1
395202059686238
-1
-1
-1
-1
-1
-1
-1
251187749800575
-1
-1
-1
-1
-1
-1
-1
107173439914912
-1
-1
-1
-1
-1
-1
-1
2893682877702624
-1
-1
-1
-1
-1
-1
-1
2749668567816961
-1
-1
-1
-1
-1
-1
-1
2605654257931298
-1
-1
-1
-1
-1
-1
-1
2461639948045635
-1
-1
-1
-1
-1
-1
-1
2317625638159972
-1
-1
-1
-1
-1
-1
-1
2173611328274309
-1
-1
-1
-1
-1
-1
-1
2029597018388646
-1
-1
-1
-1
-1
-1
-1
1885582708502983
-1
-1
-1
-1
-1
-1
-1
1741568398617320
-1
-1
-1
-1
-1
-1
-1
1597554088731657
-1
-1
-1
-1
-1
-1
-1
1453539778845994
-1
-1
-1
-1
-1
-1
-1
1309525468960331
-1
-1
-1
-1
-1
-1
-1
1165511159074668
-1
-1
-1
-1
-1
-1
-1
1021496849189005
-1
-1
-1
-1
-1
-1
-1
877482539303342
-1
-1
-1
-1
-1
-1
-1
733468229417679
-1
-1
-1
-1
-1
-1
-1
589453919532016
-1
-1
-1
-1
-1
-1
-1
445439609646353
-1
-1
-1
-1
-1
-1
-1
301425299760690
-1
-1
-1
-1
-1
-1
-1
157410989875027
-1
-1
-1
-1
-1
-1
-1
13396679989364
-1
-1
-1
-1
-1
-1
-1
2799906117777076
-1
-1
-1
-1
-1
-1
-1
2655891807891413
-1
-1
-1
-1
-1
-1
-1
2511877498005750
-1
-1
-1
-1
-1
-1
-1
2367863188120087
-1
-1
-1
-1
-1
-1
-1
2223848878234424
-1
-1
-1
-1
-1
-1
-1
2079834568348761
-1
-1
-1
-1
-1
-1
-1
1935820258463098
-1
-1
-1
-1
-1
-1
-1
1791805948577435
-1
-1
-1
-1
-1
-1
-1
1647791638691772
-1
-1
-1
-1
-1
-1
-1
1503777328806109
-1
-1
-1
-1
-1
-1
-1
1359763018920446
-1
-1
-1
-1
-1
-1
-1
1215748709034783
-1
-1
-1
-1
-1
-1
-1
1071734399149120
-1
-1
-1
-1
-1
-1
-1
927720089263457
-1
-1
-1
-1
-1
-1
-1
783705779377794
-1
-1
-1
-1
-1
-1
-1
639691469492131
-1
-1
-1
-1
-1
-1
-1
495677159606468
-1
-1
-1
-1
-1
-1
-1
351662849720805
-1
-1
-1
-1
-1
-1
-1
207648539835142
-1
-1
-1
-1
-1
-1
-1
63634229949479
-1
-1
-1
-1
-1
-1
-1
2850143667737191
-1
-1
-1
-1
-1
-1
-1
2706129357851528
-1
-1
-1
-1
-1
-1
-1
2562115047965865
-1
-1
-1
-1
-1
-1
-1
2418100738080202
-1
-1
-1
-1
-1
-1
-1
2274086428194539
-1
-1
-1
-1
-1
-1
-1
2130072118308876
-1
-1
-1
-1
-1
-1
-1
1986057808423213
-1
-1
-1
-1
-1
-1
-1
1842043498537550
-1
-1
-1
-1
-1
-1
-1
1698029188651887
-1
-1
-1
-1
-1
-1
-1
1554014878766224
-1
-1
-1
-1
-1
-1
-1
1410000568880561
-1
-1
-1
-1
-1
-1
-1
1265986258994898
-1
-1
-1
-1
-1
-1
-1
1121971949109235
-1
-1
-1
-1
-1
-1
-1
977957639223572
-1
-1
-1
-1
-1
-1
-1
833943329337909
-1
-1
-1
-1
-1
-1
-1
689929019452246
-1
-1
-1
-1
-1
-1
-1
545914709566583
-1
-1
-1
-1
-1
-1
-1
401900399680920
-1
-1
-1
-1
-1
-1
-1
257886089795257
-1
-1
-1
-1
-1
-1
-1
113871779909594
-1
-1
-1
-1
-1
-1
-1
2900381217697306
-1
-1
-1
-1
-1
-1
-1
2756366907811643
-1
-1
-1
-1
-1
-1
-1
2612352597925980
-1
-1
-1
-1
-1
-1
-1
2468338288040317
-1
-1
-1
-1
-1
-1
-1
2324323978154654
-1
-1
-1
-1
-1
-1
-1
2180309668268991
-1
-1
-1
-1
-1
-1
-1
2036295358383328
-1
-1
-1
-1
-1
-1
-1
1892281048497665
-1
-1
-1
-1
-1
-1
-1
1748266738612002
-1
-1
-1
-1
-1
-1
-1
1604252428726339
-1
-1
-1
-1
-1
-1
-1
1460238118840676
-1
-1
-1
-1
-1
-1
-1
1316223808955013
-1
-1
-1
-1
-1
-1
-1
1172209499069350
-1
-1
-1
-1
-1
-1
-1
1028195189183687
-1
-1
-1
-1
-1
-1
-1
884180879298024
-1
-1
-1
-1
-1
-1
-1
740166569412361
-1
-1
-1
-1
-1
-1
-1
596152259526698
-1
-1
-1
-1
-1
-1
-1
452137949641035
-1
-1
-1
-1
-1
-1
-1
308123639755372
-1
-1
-1
-1
-1
-1
-1
164109329869709
-1
-1
-1
-1
-1
-1
-1
20095019984046
-1
-1
-1
-1
-1
-1
-1
2806604457771758
-1
-1
-1
-1
-1
-1
-1
2662590147886095
-1
-1
-1
-1
-1
-1
-1
2518575838000432
-1
-1
-1
-1
-1
-1
-1
2374561528114769
-1
-1
-1
-1
-1
-1
-1
2230547218229106
-1
-1
-1
-1
-1
-1
-1
2086532908343443
-1
-1
-1
-1
-1
-1
-1
1942518598457780
-1
-1
-1
-1
-1
-1
-1
1798504288572117
-1
-1
-1
-1
-1
-1
-1
1654489978686454
-1
-1
-1
-1
-1
-1
-1
1510475668800791
-1
-1
-1
-1
-1
-1
-1
1366461358915128
-1
-1
-1
-1
-1
-1
-1
1222447049029465
-1
-1
-1
-1
-1
-1
-1
1078432739143802
-1
-1
-1
-1
-1
-1
-1
934418429258139
-1
-1
-1
-1
-1
-1
-1
790404119372476
-1
-1
-1
-1
-1
-1
-1
646389809486813
-1
-1
-1
-1
-1
-1
-1
502375499601150
-1
-1
-1
-1
-1
-1
-1
358361189715487
-1
-1
-1
-1
-1
-1
-1
214346879829824
-1
-1
-1
-1
-1
-1
-1
70332569944161
-1
-1
-1
-1
-1
-1
-1
2856842007731873
-1
-1
-1
-1
-1
-1
-1
2712827697846210
-1
-1
-1
-1
-1
-1
-1
2568813387960547
-1
-1
-1
-1
-1
-1
-1
2424799078074884
-1
-1
-1
-1
-1
-1
-1
2280784768189221
-1
-1
-1
-1
-1
-1
-1
2136770458303558
-1
-1
-1
-1
-1
-1
-1
1992756148417895
-1
-1
-1
-1
-1
-1
-1
1848741838532232
-1
-1
-1
-1
-1
-1
-1
1704727528646569
-1
-1
-1
-1
-1
-1
-1
1560713218760906
-1
-1
-1
-1
-1
-1
-1
1416698908875243
-1
-1
-1
-1
-1
-1
-1
1272684598989580
-1
-1
-1
-1
-1
-1
-1
1128670289103917
-1
-1
-1
-1
-1
-1
-1
984655979218254
-1
-1
-1
-1
-1
-1
-1
840641669332591
-1
-1
-1
-1
-1
-1
-1
696627359446928
-1
-1
-1
-1
-1
-1
-1
552613049561265
-1
-1
-1
-1
-1
-1
-1
408598739675602
-1
-1
-1
-1
-1
-1
-1
264584429789939
-1
-1
-1
-1
-1
-1
-1
120570119904276
-1
-1
-1
-1
-1
-1
-1
2907079557691988
-1
-1
-1
-1
-1
-1
-1
2763065247806325
-1
-1
-1
-1
-1
-1
-1
2619050937920662
-1
-1
-1
-1
-1
-1
-1
2475036628034999
-1
-1
-1
-1
-1
-1
-1
2331022318149336
-1
-1
-1
-1
-1
-1
-1
2187008008263673
-1
-1
-1
-1
-1
-1
-1
2042993698378010
-1
-1
-1
-1
-1
-1
-1
1898979388492347
-1
-1
-1
-1
-1
-1
-1
1754965078606684
-1
-1
-1
-1
-1
-1
-1
1610950768721021
-1
-1
-1
-1
-1
-1
-1
1466936458835358
-1
-1
-1
-1
-1
-1
-1
1322922148949695
-1
-1
-1
-1
-1
-1
-1
1178907839064032
-1
-1
-1
-1
-1
-1
-1
1034893529178369
-1
-1
-1
-1
-1
-1
-1
890879219292706
-1
-1
-1
-1
-1
-1
-1
746864909407043
-1
-1
-1
-1
-1
-1
-1
602850599521380
-1
-1
-1
-1
-1
-1
-1
458836289635717
-1
-1
-1
-1
-1
-1
-1
314821979750054
-1
-1
-1
-1
-1
-1
-1
170807669864391
-1
-1
-1
-1
-1
-1
-1
26793359978728
-1
-1
-1
-1
-1
-1
-1
2813302797766440
-1
-1
-1
-1
-1
-1
-1
2669288487880777
-1
-1
-1
-1
-1
-1
-1
2525274177995114
-1
-1
-1
-1
-1
-1
-1
2381259868109451
-1
-1
-1
-1
-1
-1
-1
2237245558223788
-1
-1
-1
-1
-1
-1
-1
2093231248338125
-1
-1
-1
-1
-1
-1
-1
1949216938452462
-1
-1
-1
-1
-1
-1
-1
1805202628566799
-1
-1
-1
-1
-1
-1
-1
1661188318681136
-1
-1
-1
-1
-1
-1
-1
1517174008795473
-1
-1
-1
-1
-1
-1
-1
1373159698909810
-1
-1
-1
-1
-1
-1
-1
1229145389024147
-1
-1
-1
-1
-1
-1
-1
1085131079138484
-1
-1
-1
-1
-1
-1
-1
941116769252821
-1
-1
-1
-1
-1
-1
-1
797102459367158
-1
-1
-1
-1
-1
-1
-1
653088149481495
-1
-1
-1
-1
-1
-1
-1
509073839595832
-1
-1
-1
-1
-1
-1
-1
365059529710169
-1
-1
-1
-1
-1
-1
-1
221045219824506
-1
-1
-1
-1
-1
-1
-1
77030909938843
-1
-1
-1
-1
-1
-1
-1
2863540347726555
-1
-1
-1
-1
-1
-1
-1
2719526037840892
-1
-1
-1
-1
-1
-1
-1
2575511727955229
-1
-1
-1
-1
-1
-1
-1
2431497418069566
-1
-1
-1
-1
-1
-1
-1
2287483108183903
-1
-1
-1
-1
-1
-1
-1
2143468798298240
-1
-1
-1
-1
-1
-1
-1
1999454488412577
-1
-1
-1
-1
-1
-1
-1
1855440178526914
-1
-1
-1
-1
-1
-1
-1
1711425868641251
-1
-1
-1
-1
-1
-1
-1
1567411558755588
-1
-1
-1
-1
-1
-1
-1
1423397248869925
-1
-1
-1
-1
-1
-1
-1
1279382938984262
-1
-1
-1
-1
-1
-1
-1
1135368629098599
-1
-1
-1
-1
-1
-1
-1
991354319212936
-1
-1
-1
-1
-1
-1
-1
847340009327273
-1
-1
-1
-1
-1
-1
-1
703325699441610
-1
-1
-1
-1
-1
-1
-1
559311389555947
-1
-1
-1
-1
-1
-1
-1
415297079670284
-1
-1
-1
-1
-1
-1
-1
271282769784621
-1
-1
-1
-1
-1
-1
-1
127268459898958
-1
-1
-1
-1
-1
-1
-1
2913777897686670
-1
-1
-1
-1
-1
-1
-1
2769763587801007
-1
-1
-1
-1
-1
-1
-1
2625749277915344
-1
-1
-1
-1
-1
-1
-1
2481734968029681
-1
-1
-1
-1
-1
-1
-1
2337720658144018
-1
-1
-1
-1
-1
-1
-1
2193706348258355
-1
-1
-1
-1
-1
-1
-1
2049692038372692
-1
-1
-1
-1
-1
-1
-1
1905677728487029
-1
-1
-1
-1
-1
-1
-1
1761663418601366
-1
-1
-1
-1
-1
-1
-1
1617649108715703
-1
-1
-1
-1
-1
-1
-1
1473634798830040
-1
-1
-1
-1
-1
-1
-1
1329620488944377
-1
-1
-1
-1
-1
-1
-1
1185606179058714
-1
-1
-1
-1
-1
-1
-1
1041591869173051
-1
-1
-1
-1
-1
-1
-1
897577559287388
-1
-1
-1
-1
-1
-1
-1
753563249401725
-1
-1
-1
-1
-1
-1
-1
609548939516062
-1
-1
-1
-1
-1
-1
-1
465534629630399
-1
-1
-1
-1
-1
-1
-1
321520319744736
-1
-1
-1
-1
-1
-1
-1
177506009859073
-1
-1
-1
-1
-1
-1
-1
33491699973410
-1
-1
-1
-1
-1
-1
-1
2820001137761122
-1
-1
-1
-1
-1
-1
-1
2675986827875459
-1
-1
-1
-1
-1
-1
-1
2531972517989796
-1
-1
-1
-1
-1
-1
-1
2387958208104133
-1
-1
-1
-1
-1
-1
-1
2243943898218470
-1
-1
-1
-1
-1
-1
-1
2099929588332807
-1
-1
-1
-1
-1
-1
-1
1955915278447144
-1
-1
-1
-1
-1
-1
-1
1811900968561481
-1
-1
-1
-1
-1
-1
-1
1667886658675818
-1
-1
-1
-1
-1
-1
-1
1523872348790155
-1
-1
-1
-1
-1
-1
-1
1379858038904492
-1
-1
-1
-1
-1
-1
-1
1235843729018829
-1
-1
-1
-1
-1
-1
-1
1091829419133166
-1
-1
-1
-1
-1
-1
-1
947815109247503
-1
-1
-1
-1
-1
-1
-1
803800799361840
-1
-1
-1
-1
-1
-1
-1
659786489476177
-1
-1
-1
-1
-1
-1
-1
515772179590514
-1
-1
-1
-1
-1
-1
-1
371757869704851
-1
-1
-1
-1
-1
-1
-1
227743559819188
-1
-1
-1
-1
-1
-1
-1
83729249933525
-1
-1
-1
-1
-1
-1
-1
2870238687721237
-1
-1
-1
-1
-1
-1
-1
2726224377835574
-1
-1
-1
-1
-1
-1
-1
2582210067949911
-1
-1
-1
-1
-1
-1
-1
2438195758064248
-1
-1
-1
-1
-1
-1
-1
2294181448178585
-1
-1
-1
-1
-1
-1
-1
2150167138292922
-1
-1
-1
-1
-1
-1
-1
2006152828407259
-1
-1
-1
-1
-1
-1
-1
1862138518521596
-1
-1
-1
-1
-1
-1
-1
1718124208635933
-1
-1
-1
-1
-1
-1
-1
1574109898750270
-1
-1
-1
-1
-1
-1
-1
1430095588864607
-1
-1
-1
-1
-1
-1
-1
1286081278978944
-1
-1
-1
-1
-1
-1
-1
1142066969093281
-1
-1
-1
-1
-1
-1
-1
998052659207618
-1
-1
-1
-1
-1
-1
-1
854038349321955
-1
-1
-1
-1
-1
-1
-1
710024039436292
-1
-1
-1
-1
-1
-1
-1
566009729550629
-1
-1
-1
-1
-1
-1
-1
421995419664966
-1
-1
-1
-1
-1
-1
-1
277981109779303
-1
-1
-1
-1
-1
-1
-1
133966799893640
-1
-1
-1
-1
-1
-1
-1
2920476237681352
-1
-1
-1
-1
-1
-1
-1
2776461927795689
-1
-1
-1
-1
-1
-1
-1
2632447617910026
-1
-1
-1
-1
-1
-1
-1
2488433308024363
-1
-1
-1
-1
-1
-1
-1
2344418998138700
-1
-1
-1
-1
-1
-1
-1
2200404688253037
-1
-1
-1
-1
-1
-1
-1
2056390378367374
-1
-1
-1
-1
-1
-1
-1
1912376068481711
-1
-1
-1
-1
-1
-1
-1
1768361758596048
-1
-1
-1
-1
-1
-1
-1
1624347448710385
-1
-1
-1
-1
-1
-1
-1
1480333138824722
-1
-1
-1
-1
-1
-1
-1
1336318828939059
-1
-1
-1
-1
-1
-1
-1
1192304519053396
-1
-1
-1
-1
-1
-1
-1
1048290209167733
-1
-1
-1
-1
-1
-1
-1
904275899282070
-1
-1
-1
-1
-1
-1
-1
760261589396407
-1
-1
-1
-1
-1
-1
-1
616247279510744
-1
-1
-1
-1
-1
-1
-1
472232969625081
-1
-1
-1
-1
-1
-1
-1
328218659739418
-1
-1
-1
-1
-1
-1
-1
184204349853755
-1
-1
-1
-1
-1
-1
-1
40190039968092
-1
-1
-1
-1
-1
-1
-1
2826699477755804
-1
-1
-1
-1
-1
-1
-1
2682685167870141
-1
-1
-1
-1
-1
-1
-1
2538670857984478
-1
-1
-1
-1
-1
-1
-1
2394656548098815
-1
-1
-1
-1
-1
-1
-1
2250642238213152
-1
-1
-1
-1
-1
-1
-1
2106627928327489
-1
-1
-1
-1
-1
-1
-1
1962613618441826
-1
-1
-1
-1
-1
-1
-1
1818599308556163
-1
-1
-1
-1
-1
-1
-1
1674584998670500
-1
-1
-1
-1
-1
-1
-1
1530570688784837
-1
-1
-1
-1
-1
-1
-1
1386556378899174
-1
-1
-1
-1
-1
-1
-1
1242542069013511
-1
-1
-1
-1
-1
-1
-1
1098527759127848
-1
-1
-1
-1
-1
-1
-1
954513449242185
-1
-1
-1
-1
-1
-1
-1
810499139356522
-1
-1
-1
-1
-1
-1
-1
666484829470859
-1
-1
-1
-1
-1
-1
-1
522470519585196
-1
-1
-1
-1
-1
-1
-1
378456209699533
-1
-1
-1
-1
-1
-1
-1
234441899813870
-1
-1
-1
-1
-1
-1
-1
90427589928207
-1
-1
-1
-1
-1
-1
-1
2876937027715919
-1
-1
-1
-1
-1
-1
-1
2732922717830256
-1
-1
-1
-1
-1
-1
-1
2588908407944593
-1
-1
-1
-1
-1
-1
-1
2444894098058930
-1
-1
-1
-1
-1
-1
-1
2300879788173267
-1
-1
-1
-1
-1
-1
-1
2156865478287604
-1
-1
-1
-1
-1
-1
-1
2012851168401941
-1
-1
-1
-1
-1
-1
-1
1868836858516278
-1
-1
-1
-1
-1
-1
-1
1724822548630615
-1
-1
-1
-1
-1
-1
-1
1580808238744952
-1
-1
-1
-1
-1
-1
-1
1436793928859289
-1
-1
-1
-1
-1
-1
-1
1292779618973626
-1
-1
-1
-1
-1
-1
-1
1148765309087963
-1
-1
-1
-1
-1
-1
-1
1004750999202300
-1
-1
-1
-1
-1
-1
-1
860736689316637
-1
-1
-1
-1
-1
-1
-1
716722379430974
-1
-1
-1
-1
-1
-1
-1
572708069545311
-1
-1
-1
-1
-1
-1
-1
428693759659648
-1
-1
-1
-1
-1
-1
-1
284679449773985
-1
-1
-1
-1
-1
-1
-1
140665139888322
-1
-1
-1
-1
-1
-1
-1
2927174577676034
-1
-1
-1
-1
-1
-1
-1
2783160267790371
-1
-1
-1
-1
-1
-1
-1
2639145957904708
-1
-1
-1
-1
-1
-1
-1
2495131648019045
-1
-1
-1
-1
-1
-1
-1
2351117338133382
-1
-1
-1
-1
-1
-1
-1
2207103028247719
-1
-1
-1
-1
-1
-1
-1
2063088718362056
-1
-1
-1
-1
-1
-1
-1
1919074408476393
-1
-1
-1
-1
-1
-1
-1
1775060098590730
-1
-1
-1
-1
-1
-1
-1
1631045788705067
-1
-1
-1
-1
-1
-1
-1
1487031478819404
-1
-1
-1
-1
-1
-1
-1
1343017168933741
-1
-1
-1
-1
-1
-1
-1
1199002859048078
-1
-1
-1
-1
-1
-1
-1
1054988549162415
-1
-1
-1
-1
-1
-1
-1
910974239276752
-1
-1
-1
-1
-1
-1
-1
766959929391089
-1
-1
-1
-1
-1
-1
-1
622945619505426
-1
-1
-1
-1
-1
-1
-1
478931309619763
-1
-1
-1
-1
-1
-1
-1
334916999734100
-1
-1
-1
-1
-1
-1
-1
190902689848437
-1
-1
-1
-1
-1
-1
-1
46888379962774
-1
-1
-1
-1
-1
-1
-1
2833397817750486
-1
-1
-1
-1
-1
-1
-1
2689383507864823
-1
-1
-1
-1
-1
-1
-1
2545369197979160
-1
-1
-1
-1
-1
-1
-1
2401354888093497
-1
-1
-1
-1
-1
-1
-1
2257340578207834
-1
-1
-1
-1
-1
-1
-1
2113326268322171
-1
-1
-1
-1
-1
-1
-1
1969311958436508
-1
-1
-1
-1
-1
-1
-1
1825297648550845
-1
-1
-1
-1
-1
-1
-1
1681283338665182
-1
-1
-1
-1
-1
-1
-1
1537269028779519
-1
-1
-1
-1
-1
-1
-1
1393254718893856
-1
-1
-1
-1
-1
-1
-1
1249240409008193
-1
-1
-1
-1
-1
-1
-1
1105226099122530
-1
-1
-1
-1
-1
-1
-1
961211789236867
-1
-1
-1
-1
-1
-1
-1
817197479351204
-1
-1
-1
-1
-1
-1
-1
673183169465541
-1
-1
-1
-1
-1
-1
-1
529168859579878
-1
-1
-1
-1
-1
-1
-1
385154549694215
-1
-1
-1
-1
-1
-1
-1
241140239808552
-1
-1
-1
-1
-1
-1
-1
97125929922889
-1
-1
-1
-1
-1
-1
-1
2883635367710601
-1
-1
-1
-1
-1
-1
-1
2739621057824938
-1
-1
-1
-1
-1
-1
-1
2595606747939275
-1
-1
-1
-1
-1
-1
-1
2451592438053612
-1
-1
-1
-1
-1
-1
-1
2307578128167949
-1
-1
-1
-1
-1
-1
-1
2163563818282286
-1
-1
-1
-1
-1
-1
-1
2019549508396623
-1
-1
-1
-1
-1
-1
-1
1875535198510960
-1
-1
-1
-1
-1
-1
-1
1731520888625297
-1
-1
-1
-1
-1
-1
-1
1587506578739634
-1
-1
-1
-1
-1
-1
-1
1443492268853971
-1
-1
-1
-1
-1
-1
-1
1299477958968308
-1
-1
-1
-1
-1
-1
-1
1155463649082645
-1
-1
-1
-1
-1
-1
-1
1011449339196982
-1
-1
-1
-1
-1
-1
-1
867435029311319
-1
-1
-1
-1
-1
-1
-1
723420719425656
-1
-1
-1
-1
-1
-1
-1
579406409539993
-1
-1
-1
-1
-1
-1
-1
435392099654330
-1
-1
-1
-1
-1
-1
-1
291377789768667
-1
-1
-1
-1
-1
-1
-1
147363479883004
-1
-1
-1
-1
-1
-1
-1
3349169997341
-1
-1
-1
-1
-1
-1
-1
2789858607785053
-1
-1
-1
-1
-1
-1
-1
2645844297899390
-1
-1
-1
-1
-1
-1
-1
2501829988013727
-1
-1
-1
-1
-1
-1
-1
2357815678128064
-1
-1
-1
-1
-1
-1
-1
2213801368242401
-1
-1
-1
-1
-1
-1
-1
2069787058356738
-1
-1
-1
-1
-1
-1
-1
1925772748471075
-1
-1
-1
-1
-1
-1
-1
1781758438585412
-1
-1
-1
-1
-1
-1
-1
1637744128699749
-1
-1
-1
-1
-1
-1
-1
1493729818814086
-1
-1
-1
-1
-1
-1
-1
1349715508928423
-1
-1
-1
-1
-1
-1
-1
1205701199042760
-1
-1
-1
-1
-1
-1
-1
1061686889157097
-1
-1
-1
-1
-1
-1
-1
917672579271434
-1
-1
-1
-1
-1
-1
-1
773658269385771
-1
-1
-1
-1
-1
-1
-1
629643959500108
-1
-1
-1
-1
-1
-1
-1
485629649614445
-1
-1
-1
-1
-1
-1
-1
341615339728782
-1
-1
-1
-1
-1
-1
-1
197601029843119
-1
-1
-1
-1
-1
-1
-1
53586719957456
-1
-1
-1
-1
-1
-1
-1
2840096157745168
-1
-1
-1
-1
-1
-1
-1
2696081847859505
-1
-1
-1
-1
-1
-1
-1
2552067537973842
-1
-1
-1
-1
-1
-1
-1
2408053228088179
-1
-1
-1
-1
-1
-1
-1
2264038918202516
-1
-1
-1
-1
-1
-1
-1
2120024608316853
-1
-1
-1
-1
-1
-1
-1
1976010298431190
-1
-1
-1
-1
-1
-1
-1
1831995988545527
-1
-1
-1
-1
-1
-1
-1
1687981678659864
-1
-1
-1
-1
-1
-1
-1
1543967368774201
-1
-1
-1
-1
-1
-1
-1
1399953058888538
-1
-1
-1
-1
-1
-1
-1
1255938749002875
-1
-1
-1
-1
-1
-1
-1
1111924439117212
-1
-1
-1
-1
-1
-1
-1
967910129231549
-1
-1
-1
-1
-1
-1
-1
823895819345886
-1
-1
-1
-1
-1
-1
-1
679881509460223
-1
-1
-1
-1
-1
-1
-1
535867199574560
-1
-1
-1
-1
-1
-1
-1
391852889688897
-1
-1
-1
-1
-1
-1
-1
247838579803234
-1
-1
-1
-1
-1
-1
-1
103824269917571
-1
-1
-1
-1
-1
-1
-1
2890333707705283
-1
-1
-1
-1
-1
-1
-1
2746319397819620
-1
-1
-1
-1
-1
-1
-1
2602305087933957
-1
-1
-1
-1
-1
-1
-1
2458290778048294
-1
-1
-1
-1
-1
-1
-1
2314276468162631
-1
-1
-1
-1
-1
-1
-1
2170262158276968
-1
-1
-1
-1
-1
-1
-1
2026247848391305
-1
-1
-1
-1
-1
-1
-1
1882233538505642
-1
-1
-1
-1
-1
-1
-1
1738219228619979
-1
-1
-1
-1
-1
-1
-1
1594204918734316
-1
-1
-1
-1
-1
-1
-1
1450190608848653
-1
-1
-1
-1
-1
-1
-1
1306176298962990
-1
-1
-1
-1
-1
-1
-1
1162161989077327
-1
-1
-1
-1
-1
-1
-1
1018147679191664
-1
-1
-1
-1
-1
-1
-1
874133369306001
-1
-1
-1
-1
-1
-1
-1
730119059420338
-1
-1
-1
-1
-1
-1
-1
586104749534675
-1
-1
-1
-1
-1
-1
-1
442090439649012
-1
-1
-1
-1
-1
-1
-1
298076129763349
-1
-1
-1
-1
-1
-1
-1
154061819877686
-1
-1
-1
-1
-1
-1
-1
10047509992023
-1
-1
-1
-1
-1
-1
-1
2796556947779735
-1
-1
-1
-1
-1
-1
-1
2652542637894072
-1
-1
-1
-1
-1
-1
-1
2508528328008409
-1
-1
-1
-1
-1
-1
-1
2364514018122746
-1
-1
-1
-1
-1
-1
-1
2220499708237083
-1
-1
-1
-1
-1
-1
-1
2076485398351420
-1
-1
-1
-1
-1
-1
-1
1932471088465757
-1
-1
-1
-1
-1
-1
-1
1788456778580094
-1
-1
-1
-1
-1
-1
-1
1644442468694431
-1
-1
-1
-1
-1
-1
-1
1500428158808768
-1
-1
-1
-1
-1
-1
-1
1356413848923105
-1
-1
-1
-1
-1
-1
-1
1212399539037442
-1
-1
-1
-1
-1
-1
-1
1068385229151779
-1
-1
-1
-1
-1
-1
-1
924370919266116
-1
-1
-1
-1
-1
-1
-1
780356609380453
-1
-1
-1
-1
-1
-1
-1
636342299494790
-1
-1
-1
-1
-1
-1
-1
492327989609127
-1
-1
-1
-1
-1
-1
-1
348313679723464
-1
-1
-1
-1
-1
-1
-1
204299369837801
-1
-1
-1
-1
-1
-1
-1
60285059952138
-1
-1
-1
-1
-1
-1
-1
2846794497739850
-1
-1
-1
-1
-1
-1
-1
2702780187854187
-1
-1
-1
-1
-1
-1
-1
2558765877968524
-1
-1
-1
-1
-1
-1
-1
2414751568082861
-1
-1
-1
-1
-1
-1
-1
2270737258197198
-1
-1
-1
-1
-1
-1
-1
2126722948311535
-1
-1
-1
-1
-1
-1
-1
1982708638425872
-1
-1
-1
-1
-1
-1
-1
1838694328540209
-1
-1
-1
-1
-1
-1
-1
1694680018654546
-1
-1
-1
-1
-1
-1
-1
1550665708768883
-1
-1
-1
-1
-1
-1
-1
1406651398883220
-1
-1
-1
-1
-1
-1
-1
1262637088997557
-1
-1
-1
-1
-1
-1
-1
1118622779111894
-1
-1
-1
-1
-1
-1
-1
974608469226231
-1
-1
-1
-1
-1
-1
-1
830594159340568
-1
-1
-1
-1
-1
-1
-1
686579849454905
-1
-1
-1
-1
-1
-1
-1
542565539569242
-1
-1
-1
-1
-1
-1
-1
398551229683579
-1
-1
-1
-1
-1
-1
-1
254536919797916
-1
-1
-1
-1
-1
-1
-1
110522609912253
-1
-1
-1
-1
-1
-1
-1
2897032047699965
-1
-1
-1
-1
-1
-1
-1
2753017737814302
-1
-1
-1
-1
-1
-1
-1
2609003427928639
-1
-1
-1
-1
-1
-1
-1
2464989118042976
-1
-1
-1
-1
-1
-1
-1
2320974808157313
-1
-1
-1
-1
-1
-1
-1
2176960498271650
-1
-1
-1
-1
-1
-1
-1
2032946188385987
-1
-1
-1
-1
-1
-1
-1
1888931878500324
-1
-1
-1
-1
-1
-1
-1
1744917568614661
-1
-1
-1
-1
-1
-1
-1
1600903258728998
-1
-1
-1
-1
-1
-1
-1
1456888948843335
-1
-1
-1
-1
-1
-1
-1
1312874638957672
-1
-1
-1
-1
-1
-1
-1
1168860329072009
-1
-1
-1
-1
-1
-1
-1
1024846019186346
-1
-1
-1
-1
-1
-1
-1
880831709300683
-1
-1
-1
-1
-1
-1
-1
736817399415020
-1
-1
-1
-1
-1
-1
-1
592803089529357
-1
-1
-1
-1
-1
-1
-1
448788779643694
-1
-1
-1
-1
-1
-1
-1
304774469758031
-1
-1
-1
-1
-1
-1
-1
160760159872368
-1
-1
-1
-1
-1
-1
-1
16745849986705
-1
-1
-1
-1
-1
-1
-1
2803255287774417
-1
-1
-1
-1
-1
-1
-1
2659240977888754
-1
-1
-1
-1
-1
-1
-1
2515226668003091
-1
-1
-1
-1
-1
-1
-1
2371212358117428
-1
-1
-1
-1
-1
-1
-1
2227198048231765
-1
-1
-1
-1
-1
-1
-1
2083183738346102
-1
-1
-1
-1
-1
-1
-1
1939169428460439
-1
-1
-1
-1
-1
-1
-1
1795155118574776
-1
-1
-1
-1
-1
-1
-1
1651140808689113
-1
-1
-1
-1
-1
-1
-1
1507126498803450
-1
-1
-1
-1
-1
-1
-1
1363112188917787
-1
-1
-1
-1
-1
-1
-1
1219097879032124
-1
-1
-1
-1
-1
-1
-1
1075083569146461
-1
-1
-1
-1
-1
-1
-1
931069259260798
-1
-1
-1
-1
-1
-1
-1
787054949375135
-1
-1
-1
-1
-1
-1
-1
643040639489472
-1
-1
-1
-1
-1
-1
-1
499026329603809
-1
-1
-1
-1
-1
-1
-1
355012019718146
-1
-1
-1
-1
-1
-1
-1
210997709832483
-1
-1
-1
-1
-1
-1
-1
66983399946820
-1
-1
-1
-1
-1
-1
-1
2853492837734532
-1
-1
-1
-1
-1
-1
-1
2709478527848869
-1
-1
-1
-1
-1
-1
-1
2565464217963206
-1
-1
-1
-1
-1
-1
-1
2421449908077543
-1
-1
-1
-1
-1
-1
-1
2277435598191880
-1
-1
-1
-1
-1
-1
-1
2133421288306217
-1
-1
-1
-1
-1
-1
-1
1989406978420554
-1
-1
-1
-1
-1
-1
-1
1845392668534891
-1
-1
-1
-1
-1
-1
-1
1701378358649228
-1
-1
-1
-1
-1
-1
-1
1557364048763565
-1
-1
-1
-1
-1
-1
-1
1413349738877902
-1
-1
-1
-1
-1
-1
-1
1269335428992239
-1
-1
-1
-1
-1
-1
-1
1125321119106576
-1
-1
-1
-1
-1
-1
-1
981306809220913
-1
-1
-1
-1
-1
-1
-1
837292499335250
-1
-1
-1
-1
-1
-1
-1
693278189449587
-1
-1
-1
-1
-1
-1
-1
549263879563924
-1
-1
-1
-1
-1
-1
-1
405249569678261
-1
-1
-1
-1
-1
-1
-1
261235259792598
-1
-1
-1
-1
-1
-1
-1
117220949906935
-1
-1
-1
-1
-1
-1
-1
2903730387694647
-1
-1
-1
-1
-1
-1
-1
2759716077808984
-1
-1
-1
-1
-1
-1
-1
2615701767923321
-1
-1
-1
-1
-1
-1
-1
2471687458037658
-1
-1
-1
-1
-1
-1
-1
2327673148151995
-1
-1
-1
-1
-1
-1
-1
2183658838266332
-1
-1
-1
-1
-1
-1
-1
2039644528380669
-1
-1
-1
-1
-1
-1
-1
1895630218495006
-1
-1
-1
-1
-1
-1
-1
1751615908609343
-1
-1
-1
-1
-1
-1
-1
1607601598723680
-1
-1
-1
-1
-1
-1
-1
1463587288838017
-1
-1
-1
-1
-1
-1
-1
1319572978952354
-1
-1
-1
-1
-1
-1
-1
1175558669066691
-1
-1
-1
-1
-1
-1
-1
1031544359181028
-1
-1
-1
-1
-1
-1
-1
887530049295365
-1
-1
-1
-1
-1
-1
-1
743515739409702
-1
-1
-1
-1
-1
-1
-1
599501429524039
-1
-1
-1
-1
-1
-1
-1
455487119638376
-1
-1
-1
-1
-1
-1
-1
311472809752713
-1
-1
-1
-1
-1
-1
-1
167458499867050
-1
-1
-1
-1
-1
-1
-1
23444189981387
-1
-1
-1
-1
-1
-1
-1
2809953627769099
-1
-1
-1
-1
-1
-1
-1
2665939317883436
-1
-1
-1
-1
-1
-1
-1
2521925007997773
-1
-1
-1
-1
-1
-1
-1
2377910698112110
-1
-1
-1
-1
-1
-1
-1
2233896388226447
-1
-1
-1
-1
-1
-1
-1
2089882078340784
-1
-1
-1
-1
-1
-1
-1
1945867768455121
-1
-1
-1
-1
-1
-1
-1
1801853458569458
-1
-1
-1
-1
-1
-1
-1
1657839148683795
-1
-1
-1
-1
-1
-1
-1
1513824838798132
-1
-1
-1
-1
-1
-1
-1
1369810528912469
-1
-1
-1
-1
-1
-1
-1
1225796219026806
-1
-1
-1
-1
-1
-1
-1
1081781909141143
-1
-1
-1
-1
-1
-1
-1
937767599255480
-1
-1
-1
-1
-1
-1
-1
793753289369817
-1
-1
-1
-1
-1
-1
-1
649738979484154
-1
-1
-1
-1
-1
-1
-1
505724669598491
-1
-1
-1
-1
-1
-1
-1
361710359712828
-1
-1
-1
-1
-1
-1
-1
217696049827165
-1
-1
-1
-1
-1
-1
-1
73681739941502
-1
-1
-1
-1
-1
-1
-1
2860191177729214
-1
-1
-1
-1
-1
-1
-1
2716176867843551
-1
-1
-1
-1
-1
-1
-1
2572162557957888
-1
-1
-1
-1
-1
-1
-1
2428148248072225
-1
-1
-1
-1
-1
-1
-1
2284133938186562
-1
-1
-1
-1
-1
-1
-1
2140119628300899
-1
-1
-1
-1
-1
-1
-1
1996105318415236
-1
-1
-1
-1
-1
-1
-1
1852091008529573
-1
-1
-1
-1
-1
-1
-1
1708076698643910
-1
-1
-1
-1
-1
-1
-1
1564062388758247
-1
-1
-1
-1
-1
-1
-1
1420048078872584
-1
-1
-1
-1
-1
-1
-1
1276033768986921
-1
-1
-1
-1
-1
-1
-1
1132019459101258
-1
-1
-1
-1
-1
-1
-1
988005149215595
-1
-1
-1
-1
-1
-1
-1
843990839329932
-1
-1
-1
-1
-1
-1
-1
699976529444269
-1
-1
-1
-1
-1
-1
-1
555962219558606
-1
-1
-1
-1
-1
-1
-1
411947909672943
-1
-1
-1
-1
-1
-1
-1
267933599787280
-1
-1
-1
-1
-1
-1
-1
123919289901617
-1
-1
-1
-1
-1
-1
-1
2910428727689329
-1
-1
-1
-1
-1
-1
-1
2766414417803666
-1
-1
-1
-1
-1
-1
-1
2622400107918003
-1
-1
-1
-1
-1
-1
-1
2478385798032340
-1
-1
-1
-1
-1
-1
-1
2334371488146677
-1
-1
-1
-1
-1
-1
-1
2190357178261014
-1
-1
-1
-1
-1
-1
-1
2046342868375351
-1
-1
-1
-1
-1
-1
-1
1902328558489688
-1
-1
-1
-1
-1
-1
-1
1758314248604025
-1
-1
-1
-1
-1
-1
-1
1614299938718362
-1
-1
-1
-1
-1
-1
-1
1470285628832699
-1
-1
-1
-1
-1
-1
-1
1326271318947036
-1
-1
-1
-1
-1
-1
-1
1182257009061373
-1
-1
-1
-1
-1
-1
-1
1038242699175710
-1
-1
-1
-1
-1
-1
-1
894228389290047
-1
-1
-1
-1
-1
-1
-1
750214079404384
-1
-1
-1
-1
-1
-1
-1
606199769518721
-1
-1
-1
-1
-1
-1
-1
462185459633058
-1
-1
-1
-1
-1
-1
-1
318171149747395
-1
-1
-1
-1
-1
-1
-1
174156839861732
-1
-1
-1
-1
-1
-1
-1
30142529976069
-1
-1
-1
-1
-1
-1
-1
2816651967763781
-1
-1
-1
-1
-1
-1
-1
2672637657878118
-1
-1
-1
-1
-1
-1
-1
2528623347992455
-1
-1
-1
-1
-1
-1
-1
2384609038106792
-1
-1
-1
-1
-1
-1
-1
2240594728221129
-1
-1
-1
-1
-1
-1
-1
2096580418335466
-1
-1
-1
-1
-1
-1
-1
1952566108449803
-1
-1
-1
-1
-1
-1
-1
1808551798564140
-1
-1
-1
-1
-1
-1
-1
1664537488678477
-1
-1
-1
-1
-1
-1
-1
1520523178792814
-1
-1
-1
-1
-1
-1
-1
1376508868907151
-1
-1
-1
-1
-1
-1
-1
1232494559021488
-1
-1
-1
-1
-1
-1
-1
1088480249135825
-1
-1
-1
-1
-1
-1
-1
944465939250162
-1
-1
-1
-1
-1
-1
-1
800451629364499
-1
-1
-1
-1
-1
-1
-1
656437319478836
-1
-1
-1
-1
-1
-1
-1
512423009593173
-1
-1
-1
-1
-1
-1
-1
368408699707510
-1
-1
-1
-1
-1
-1
-1
224394389821847
-1
-1
-1
-1
-1
-1
-1
80380079936184
-1
-1
-1
-1
-1
-1
-1
2866889517723896
-1
-1
-1
-1
-1
-1
-1
2722875207838233
-1
-1
-1
-1
-1
-1
-1
2578860897952570
-1
-1
-1
-1
-1
-1
-1
2434846588066907
-1
-1
-1
-1
-1
-1
-1
2290832278181244
-1
-1
-1
-1
-1
-1
-1
2146817968295581
-1
-1
-1
-1
-1
-1
-1
2002803658409918
-1
-1
-1
-1
-1
-1
-1
1858789348524255
-1
-1
-1
-1
-1
-1
-1
1714775038638592
-1
-1
-1
-1
-1
-1
-1
1570760728752929
-1
-1
-1
-1
-1
-1
-1
1426746418867266
-1
-1
-1
-1
-1
-1
-1
1282732108981603
-1
-1
-1
-1
-1
-1
-1
1138717799095940
-1
-1
-1
-1
-1
-1
-1
994703489210277
-1
-1
-1
-1
-1
-1
-1
850689179324614
-1
-1
-1
-1
-1
-1
-1
706674869438951
-1
-1
-1
-1
-1
-1
-1
562660559553288
-1
-1
-1
-1
-1
-1
-1
418646249667625
-1
-1
-1
-1
-1
-1
-1
274631939781962
-1
-1
-1
-1
-1
-1
-1
130617629896299
-1
-1
-1
-1
-1
-1
-1
2917127067684011
-1
-1
-1
-1
-1
-1
-1
2773112757798348
-1
-1
-1
-1
-1
-1
-1
2629098447912685
-1
-1
-1
-1
-1
-1
-1
2485084138027022
-1
-1
-1
-1
-1
-1
-1
2341069828141359
-1
-1
-1
-1
-1
-1
-1
2197055518255696
-1
-1
-1
-1
-1
-1
-1
2053041208370033
-1
-1
-1
-1
-1
-1
-1
1909026898484370
-1
-1
-1
-1
-1
-1
-1
1765012588598707
-1
-1
-1
-1
-1
-1
-1
1620998278713044
-1
-1
-1
-1
-1
-1
-1
1476983968827381
-1
-1
-1
-1
-1
-1
-1
1332969658941718
-1
-1
-1
-1
-1
-1
-1
1188955349056055
-1
-1
-1
-1
-1
-1
-1
1044941039170392
-1
-1
-1
-1
-1
-1
-1
900926729284729
-1
-1
-1
-1
-1
-1
-1
756912419399066
-1
-1
-1
-1
-1
-1
-1
612898109513403
-1
-1
-1
-1
-1
-1
-1
468883799627740
-1
-1
-1
-1
-1
-1
-1
324869489742077
-1
-1
-1
-1
-1
-1
-1
180855179856414
-1
-1
-1
-1
-1
-1
-1
36840869970751
-1
-1
-1
-1
-1
-1
-1
2823350307758463
-1
-1
-1
-1
-1
-1
-1
2679335997872800
-1
-1
-1
-1
-1
-1
-1
2535321687987137
-1
-1
-1
-1
-1
-1
-1
2391307378101474
-1
-1
-1
-1
-1
-1
-1
2247293068215811
-1
-1
-1
-1
-1
-1
-1
2103278758330148
-1
-1
-1
-1
-1
-1
-1
1959264448444485
-1
-1
-1
-1
-1
-1
-1
1815250138558822
-1
-1
-1
-1
-1
-1
-1
1671235828673159
-1
-1
-1
-1
-1
-1
-1
1527221518787496
-1
-1
-1
-1
-1
-1
-1
1383207208901833
-1
-1
-1
-1
-1
-1
-1
1239192899016170
-1
-1
-1
-1
-1
-1
-1
1095178589130507
-1
-1
-1
-1
-1
-1
-1
951164279244844
-1
-1
-1
-1
-1
-1
-1
807149969359181
-1
-1
-1
-1
-1
-1
-1
663135659473518
-1
-1
-1
-1
-1
-1
-1
519121349587855
-1
-1
-1
-1
-1
-1
-1
375107039702192
-1
-1
-1
-1
-1
-1
-1
231092729816529
-1
-1
-1
-1
-1
-1
-1
87078419930866
-1
-1
-1
-1
-1
-1
-1
2873587857718578
-1
-1
-1
-1
-1
-1
-1
2729573547832915
-1
-1
-1
-1
-1
-1
-1
2585559237947252
-1
-1
-1
-1
-1
-1
-1
2441544928061589
-1
-1
-1
-1
-1
-1
-1
2297530618175926
-1
-1
-1
-1
-1
-1
-1
2153516308290263
-1
-1
-1
-1
-1
-1
-1
2009501998404600
-1
-1
-1
-1
-1
-1
-1
1865487688518937
-1
-1
-1
-1
-1
-1
-1
1721473378633274
-1
-1
-1
-1
-1
-1
-1
1577459068747611
-1
-1
-1
-1
-1
-1
-1
1433444758861948
-1
-1
-1
-1
-1
-1
-1
1289430448976285
-1
-1
-1
-1
-1
-1
-1
1145416139090622
-1
-1
-1
-1
-1
-1
-1
1001401829204959
-1
-1
-1
-1
-1
-1
-1
857387519319296
-1
-1
-1
-1
-1
-1
-1
713373209433633
-1
-1
-1
-1
-1
-1
-1
569358899547970
-1
-1
-1
-1
-1
-1
-1
425344589662307
-1
-1
-1
-1
-1
-1
-1
281330279776644
-1
-1
-1
-1
-1
-1
-1
137315969890981
-1
-1
-1
-1
-1
-1
-1
2923825407678693
-1
-1
-1
-1
-1
-1
-1
2779811097793030
-1
-1
-1
-1
-1
-1
-1
2635796787907367
-1
-1
-1
-1
-1
-1
-1
2491782478021704
-1
-1
-1
-1
-1
-1
-1
2347768168136041
-1
-1
-1
-1
-1
-1
-1
2203753858250378
-1
-1
-1
-1
-1
-1
-1
2059739548364715
-1
-1
-1
-1
-1
-1
-1
1915725238479052
-1
-1
-1
-1
-1
-1
-1
1771710928593389
-1
-1
-1
-1
-1
-1
-1
1627696618707726
-1
-1
-1
-1
-1
-1
-1
1483682308822063
-1
-1
-1
-1
-1
-1
-1
1339667998936400
-1
-1
-1
-1
-1
-1
-1
1195653689050737
-1
-1
-1
-1
-1
-1
-1
1051639379165074
-1
-1
-1
-1
-1
-1
-1
907625069279411
-1
-1
-1
-1
-1
-1
-1
763610759393748
-1
-1
-1
-1
-1
-1
-1
619596449508085
-1
-1
-1
-1
-1
-1
-1
475582139622422
-1
-1
-1
-1
-1
-1
-1
331567829736759
-1
-1
-1
-1
-1
-1
-1
187553519851096
-1
-1
-1
-1
-1
-1
-1
43539209965433
-1
-1
-1
-1
-1
-1
-1
2830048647753145
-1
-1
-1
-1
-1
-1
-1
2686034337867482
-1
-1
-1
-1
-1
-1
-1
2542020027981819
-1
-1
-1
-1
-1
-1
-1
2398005718096156
-1
-1
-1
-1
-1
-1
-1
2253991408210493
-1
-1
-1
-1
-1
-1
-1
2109977098324830
-1
-1
-1
-1
-1
-1
-1
1965962788439167
-1
-1
-1
-1
-1
-1
-1
1821948478553504
-1
-1
-1
-1
-1
-1
-1
1677934168667841
-1
-1
-1
-1
-1
-1
-1
1533919858782178
-1
-1
-1
-1
-1
-1
-1
1389905548896515
-1
-1
-1
-1
-1
-1
-1
1245891239010852
-1
-1
-1
-1
-1
-1
-1
1101876929125189
-1
-1
-1
-1
-1
-1
-1
957862619239526
-1
-1
-1
-1
-1
-1
-1
813848309353863
-1
-1
-1
-1
-1
-1
-1
669833999468200
-1
-1
-1
-1
-1
-1
-1
525819689582537
-1
-1
-1
-1
-1
-1
-1
381805379696874
-1
-1
-1
-1
-1
-1
-1
237791069811211
-1
-1
-1
-1
-1
-1
-1
93776759925548
-1
-1
-1
-1
-1
-1
-1
2880286197713260
-1
-1
-1
-1
-1
-1
-1
2736271887827597
-1
-1
-1
-1
-1
-1
-1
2592257577941934
-1
-1
-1
-1
-1
-1
-1
2448243268056271
-1
-1
-1
-1
-1
-1
-1
2304228958170608
-1
-1
-1
-1
-1
-1
-1
2160214648284945
-1
-1
-1
-1
-1
-1
-1
2016200338399282
-1
-1
-1
-1
-1
-1
-1
1872186028513619
-1
-1
-1
-1
-1
-1
-1
1728171718627956
-1
-1
-1
-1
-1
-1
-1
1584157408742293
-1
-1
-1
-1
-1
-1
-1
1440143098856630
-1
-1
-1
-1
-1
-1
-1
1296128788970967
-1
-1
-1
-1
-1
-1
-1
1152114479085304
-1
-1
-1
-1
-1
-1
-1
1008100169199641
-1
-1
-1
-1
-1
-1
-1
864085859313978
-1
-1
-1
-1
-1
-1
-1
720071549428315
-1
-1
-1
-1
-1
-1
-1
576057239542652
-1
-1
-1
-1
-1
-1
-1
432042929656989
-1
-1
-1
-1
-1
-1
-1
288028619771326
-1
-1
-1
-1
-1
-1
-1
144014309885663
-1
-1
-1
-1
-1
-1
-1
