0
-1
3276845250812931
-1
6553690501625862
-1
9830535752438793
-1
1557573976217224
-1
4834419227030155
-1
8111264477843086
-1
11388109728656017
-1
3115147952434448
-1
6391993203247379
-1
9668838454060310
-1
1395876677838741
-1
4672721928651672
-1
7949567179464603
-1
11226412430277534
-1
2953450654055965
-1
6230295904868896
-1
9507141155681827
-1
1234179379460258
-1
4511024630273189
-1
7787869881086120
-1
11064715131899051
-1
2791753355677482
-1
6068598606490413
-1
9345443857303344
-1
1072482081081775
-1
4349327331894706
-1
7626172582707637
-1
10903017833520568
-1
2630056057298999
-1
5906901308111930
-1
9183746558924861
-1
910784782703292
-1
4187630033516223
-1
7464475284329154
-1
10741320535142085
-1
2468358758920516
-1
5745204009733447
-1
9022049260546378
-1
749087484324809
-1
4025932735137740
-1
7302777985950671
-1
10579623236763602
-1
2306661460542033
-1
5583506711354964
-1
8860351962167895
-1
587390185946326
-1
3864235436759257
-1
7141080687572188
-1
10417925938385119
-1
2144964162163550
-1
5421809412976481
-1
8698654663789412
-1
425692887567843
-1
3702538138380774
-1
6979383389193705
-1
10256228640006636
-1
1983266863785067
-1
5260112114597998
-1
8536957365410929
-1
263995589189360
-1
3540840840002291
-1
6817686090815222
-1
10094531341628153
-1
1821569565406584
-1
5098414816219515
-1
8375260067032446
-1
102298290810877
-1
3379143541623808
-1
6655988792436739
-1
9932834043249670
-1
1659872267028101
-1
4936717517841032
-1
8213562768653963
-1
11490408019466894
-1
3217446243245325
-1
6494291494058256
-1
9771136744871187
-1
1498174968649618
-1
4775020219462549
-1
8051865470275480
-1
11328710721088411
-1
3055748944866842
-1
6332594195679773
-1
9609439446492704
-1
1336477670271135
-1
4613322921084066
-1
7890168171896997
-1
11167013422709928
-1
2894051646488359
-1
6170896897301290
-1
9447742148114221
-1
1174780371892652
-1
4451625622705583
-1
7728470873518514
-1
11005316124331445
-1
2732354348109876
-1
6009199598922807
-1
9286044849735738
-1
1013083073514169
-1
4289928324327100
-1
7566773575140031
-1
10843618825952962
-1
2570657049731393
-1
5847502300544324
-1
9124347551357255
-1
851385775135686
-1
4128231025948617
-1
7405076276761548
-1
10681921527574479
-1
2408959751352910
-1
5685805002165841
-1
8962650252978772
-1
689688476757203
-1
3966533727570134
-1
7243378978383065
-1
10520224229195996
-1
2247262452974427
-1
5524107703787358
-1
8800952954600289
-1
527991178378720
-1
3804836429191651
-1
7081681680004582
-1
10358526930817513
-1
2085565154595944
-1
5362410405408875
-1
8639255656221806
-1
366293880000237
-1
3643139130813168
-1
6919984381626099
-1
10196829632439030
-1
1923867856217461
-1
5200713107030392
-1
8477558357843323
-1
204596581621754
-1
3481441832434685
-1
6758287083247616
-1
10035132334060547
-1
1762170557838978
-1
5039015808651909
-1
8315861059464840
-1
42899283243271
-1
3319744534056202
-1
6596589784869133
-1
9873435035682064
-1
1600473259460495
-1
4877318510273426
-1
8154163761086357
-1
11431009011899288
-1
3158047235677719
-1
6434892486490650
-1
9711737737303581
-1
1438775961082012
-1
4715621211894943
-1
7992466462707874
-1
11269311713520805
-1
2996349937299236
-1
6273195188112167
-1
9550040438925098
-1
1277078662703529
-1
4553923913516460
-1
7830769164329391
-1
11107614415142322
-1
2834652638920753
-1
6111497889733684
-1
9388343140546615
-1
1115381364325046
-1
4392226615137977
-1
7669071865950908
-1
10945917116763839
-1
2672955340542270
-1
5949800591355201
-1
9226645842168132
-1
953684065946563
-1
4230529316759494
-1
7507374567572425
-1
10784219818385356
-1
2511258042163787
-1
5788103292976718
-1
9064948543789649
-1
791986767568080
-1
4068832018381011
-1
7345677269193942
-1
10622522520006873
-1
2349560743785304
-1
5626405994598235
-1
8903251245411166
-1
630289469189597
-1
3907134720002528
-1
7183979970815459
-1
10460825221628390
-1
2187863445406821
-1
5464708696219752
-1
8741553947032683
-1
468592170811114
-1
3745437421624045
-1
7022282672436976
-1
10299127923249907
-1
2026166147028338
-1
5303011397841269
-1
8579856648654200
-1
306894872432631
-1
3583740123245562
-1
6860585374058493
-1
10137430624871424
-1
1864468848649855
-1
5141314099462786
-1
8418159350275717
-1
145197574054148
-1
3422042824867079
-1
6698888075680010
-1
9975733326492941
-1
1702771550271372
-1
4979616801084303
-1
8256462051897234
-1
11533307302710165
-1
3260345526488596
-1
6537190777301527
-1
9814036028114458
-1
1541074251892889
-1
4817919502705820
-1
8094764753518751
-1
11371610004331682
-1
3098648228110113
-1
6375493478923044
-1
9652338729735975
-1
1379376953514406
-1
4656222204327337
-1
7933067455140268
-1
11209912705953199
-1
2936950929731630
-1
6213796180544561
-1
9490641431357492
-1
1217679655135923
-1
4494524905948854
-1
7771370156761785
-1
11048215407574716
-1
2775253631353147
-1
6052098882166078
-1
9328944132979009
-1
1055982356757440
-1
4332827607570371
-1
7609672858383302
-1
10886518109196233
-1
2613556332974664
-1
5890401583787595
-1
9167246834600526
-1
894285058378957
-1
4171130309191888
-1
7447975560004819
-1
10724820810817750
-1
2451859034596181
-1
5728704285409112
-1
9005549536222043
-1
732587760000474
-1
4009433010813405
-1
7286278261626336
-1
10563123512439267
-1
2290161736217698
-1
5567006987030629
-1
8843852237843560
-1
570890461621991
-1
3847735712434922
-1
7124580963247853
-1
10401426214060784
-1
2128464437839215
-1
5405309688652146
-1
8682154939465077
-1
409193163243508
-1
3686038414056439
-1
6962883664869370
-1
10239728915682301
-1
1966767139460732
-1
5243612390273663
-1
8520457641086594
-1
247495864865025
-1
3524341115677956
-1
6801186366490887
-1
10078031617303818
-1
1805069841082249
-1
5081915091895180
-1
8358760342708111
-1
85798566486542
-1
3362643817299473
-1
6639489068112404
-1
9916334318925335
-1
1643372542703766
-1
4920217793516697
-1
8197063044329628
-1
11473908295142559
-1
3200946518920990
-1
6477791769733921
-1
9754637020546852
-1
1481675244325283
-1
4758520495138214
-1
8035365745951145
-1
11312210996764076
-1
3039249220542507
-1
6316094471355438
-1
9592939722168369
-1
1319977945946800
-1
4596823196759731
-1
7873668447572662
-1
11150513698385593
-1
2877551922164024
-1
6154397172976955
-1
9431242423789886
-1
1158280647568317
-1
4435125898381248
-1
7711971149194179
-1
10988816400007110
-1
2715854623785541
-1
5992699874598472
-1
9269545125411403
-1
996583349189834
-1
4273428600002765
-1
7550273850815696
-1
10827119101628627
-1
2554157325407058
-1
5831002576219989
-1
9107847827032920
-1
834886050811351
-1
4111731301624282
-1
7388576552437213
-1
10665421803250144
-1
2392460027028575
-1
5669305277841506
-1
8946150528654437
-1
673188752432868
-1
3950034003245799
-1
7226879254058730
-1
10503724504871661
-1
2230762728650092
-1
5507607979463023
-1
8784453230275954
-1
511491454054385
-1
3788336704867316
-1
7065181955680247
-1
10342027206493178
-1
2069065430271609
-1
5345910681084540
-1
8622755931897471
-1
349794155675902
-1
3626639406488833
-1
6903484657301764
-1
10180329908114695
-1
1907368131893126
-1
5184213382706057
-1
8461058633518988
-1
188096857297419
-1
3464942108110350
-1
6741787358923281
-1
10018632609736212
-1
1745670833514643
-1
5022516084327574
-1
8299361335140505
-1
26399558918936
-1
3303244809731867
-1
6580090060544798
-1
9856935311357729
-1
1583973535136160
-1
4860818785949091
-1
8137664036762022
-1
11414509287574953
-1
3141547511353384
-1
6418392762166315
-1
9695238012979246
-1
1422276236757677
-1
4699121487570608
-1
7975966738383539
-1
11252811989196470
-1
2979850212974901
-1
6256695463787832
-1
9533540714600763
-1
1260578938379194
-1
4537424189192125
-1
7814269440005056
-1
11091114690817987
-1
2818152914596418
-1
6094998165409349
-1
9371843416222280
-1
1098881640000711
-1
4375726890813642
-1
7652572141626573
-1
10929417392439504
-1
2656455616217935
-1
5933300867030866
-1
9210146117843797
-1
937184341622228
-1
4214029592435159
-1
7490874843248090
-1
10767720094061021
-1
2494758317839452
-1
5771603568652383
-1
9048448819465314
-1
775487043243745
-1
4052332294056676
-1
7329177544869607
-1
10606022795682538
-1
2333061019460969
-1
5609906270273900
-1
8886751521086831
-1
613789744865262
-1
3890634995678193
-1
7167480246491124
-1
10444325497304055
-1
2171363721082486
-1
5448208971895417
-1
8725054222708348
-1
452092446486779
-1
3728937697299710
-1
7005782948112641
-1
10282628198925572
-1
2009666422704003
-1
5286511673516934
-1
8563356924329865
-1
290395148108296
-1
3567240398921227
-1
6844085649734158
-1
10120930900547089
-1
1847969124325520
-1
5124814375138451
-1
8401659625951382
-1
128697849729813
-1
3405543100542744
-1
6682388351355675
-1
9959233602168606
-1
1686271825947037
-1
4963117076759968
-1
8239962327572899
-1
11516807578385830
-1
3243845802164261
-1
6520691052977192
-1
9797536303790123
-1
1524574527568554
-1
4801419778381485
-1
8078265029194416
-1
11355110280007347
-1
3082148503785778
-1
6358993754598709
-1
9635839005411640
-1
1362877229190071
-1
4639722480003002
-1
7916567730815933
-1
11193412981628864
-1
2920451205407295
-1
6197296456220226
-1
9474141707033157
-1
1201179930811588
-1
4478025181624519
-1
7754870432437450
-1
11031715683250381
-1
2758753907028812
-1
6035599157841743
-1
9312444408654674
-1
1039482632433105
-1
4316327883246036
-1
7593173134058967
-1
10870018384871898
-1
2597056608650329
-1
5873901859463260
-1
9150747110276191
-1
877785334054622
-1
4154630584867553
-1
7431475835680484
-1
10708321086493415
-1
2435359310271846
-1
5712204561084777
-1
8989049811897708
-1
716088035676139
-1
3992933286489070
-1
7269778537302001
-1
10546623788114932
-1
2273662011893363
-1
5550507262706294
-1
8827352513519225
-1
554390737297656
-1
3831235988110587
-1
7108081238923518
-1
10384926489736449
-1
2111964713514880
-1
5388809964327811
-1
8665655215140742
-1
392693438919173
-1
3669538689732104
-1
6946383940545035
-1
10223229191357966
-1
1950267415136397
-1
5227112665949328
-1
8503957916762259
-1
230996140540690
-1
3507841391353621
-1
6784686642166552
-1
10061531892979483
-1
1788570116757914
-1
5065415367570845
-1
8342260618383776
-1
69298842162207
-1
3346144092975138
-1
6622989343788069
-1
9899834594601000
-1
1626872818379431
-1
4903718069192362
-1
8180563320005293
-1
11457408570818224
-1
3184446794596655
-1
6461292045409586
-1
9738137296222517
-1
1465175520000948
-1
4742020770813879
-1
8018866021626810
-1
11295711272439741
-1
3022749496218172
-1
6299594747031103
-1
9576439997844034
-1
1303478221622465
-1
4580323472435396
-1
7857168723248327
-1
11134013974061258
-1
2861052197839689
-1
6137897448652620
-1
9414742699465551
-1
1141780923243982
-1
4418626174056913
-1
7695471424869844
-1
10972316675682775
-1
2699354899461206
-1
5976200150274137
-1
9253045401087068
-1
980083624865499
-1
4256928875678430
-1
7533774126491361
-1
10810619377304292
-1
2537657601082723
-1
5814502851895654
-1
9091348102708585
-1
818386326487016
-1
4095231577299947
-1
7372076828112878
-1
10648922078925809
-1
2375960302704240
-1
5652805553517171
-1
8929650804330102
-1
656689028108533
-1
3933534278921464
-1
7210379529734395
-1
10487224780547326
-1
2214263004325757
-1
5491108255138688
-1
8767953505951619
-1
494991729730050
-1
3771836980542981
-1
7048682231355912
-1
10325527482168843
-1
2052565705947274
-1
5329410956760205
-1
8606256207573136
-1
333294431351567
-1
3610139682164498
-1
6886984932977429
-1
10163830183790360
-1
1890868407568791
-1
5167713658381722
-1
8444558909194653
-1
171597132973084
-1
3448442383786015
-1
6725287634598946
-1
10002132885411877
-1
1729171109190308
-1
5006016360003239
-1
8282861610816170
-1
9899834594601
-1
3286745085407532
-1
6563590336220463
-1
9840435587033394
-1
1567473810811825
-1
4844319061624756
-1
8121164312437687
-1
11398009563250618
-1
3125047787029049
-1
6401893037841980
-1
9678738288654911
-1
1405776512433342
-1
4682621763246273
-1
7959467014059204
-1
11236312264872135
-1
2963350488650566
-1
6240195739463497
-1
9517040990276428
-1
1244079214054859
-1
4520924464867790
-1
7797769715680721
-1
11074614966493652
-1
2801653190272083
-1
6078498441085014
-1
9355343691897945
-1
1082381915676376
-1
4359227166489307
-1
7636072417302238
-1
10912917668115169
-1
2639955891893600
-1
5916801142706531
-1
9193646393519462
-1
920684617297893
-1
4197529868110824
-1
7474375118923755
-1
10751220369736686
-1
2478258593515117
-1
5755103844328048
-1
9031949095140979
-1
758987318919410
-1
4035832569732341
-1
7312677820545272
-1
10589523071358203
-1
2316561295136634
-1
5593406545949565
-1
8870251796762496
-1
597290020540927
-1
3874135271353858
-1
7150980522166789
-1
10427825772979720
-1
2154863996758151
-1
5431709247571082
-1
8708554498384013
-1
435592722162444
-1
3712437972975375
-1
6989283223788306
-1
10266128474601237
-1
1993166698379668
-1
5270011949192599
-1
8546857200005530
-1
273895423783961
-1
3550740674596892
-1
6827585925409823
-1
10104431176222754
-1
1831469400001185
-1
5108314650814116
-1
8385159901627047
-1
112198125405478
-1
3389043376218409
-1
6665888627031340
-1
9942733877844271
-1
1669772101622702
-1
4946617352435633
-1
8223462603248564
-1
11500307854061495
-1
3227346077839926
-1
6504191328652857
-1
9781036579465788
-1
1508074803244219
-1
4784920054057150
-1
8061765304870081
-1
11338610555683012
-1
3065648779461443
-1
6342494030274374
-1
9619339281087305
-1
1346377504865736
-1
4623222755678667
-1
7900068006491598
-1
11176913257304529
-1
2903951481082960
-1
6180796731895891
-1
9457641982708822
-1
1184680206487253
-1
4461525457300184
-1
7738370708113115
-1
11015215958926046
-1
2742254182704477
-1
6019099433517408
-1
9295944684330339
-1
1022982908108770
-1
4299828158921701
-1
7576673409734632
-1
10853518660547563
-1
2580556884325994
-1
5857402135138925
-1
9134247385951856
-1
861285609730287
-1
4138130860543218
-1
7414976111356149
-1
10691821362169080
-1
2418859585947511
-1
5695704836760442
-1
8972550087573373
-1
699588311351804
-1
3976433562164735
-1
7253278812977666
-1
10530124063790597
-1
2257162287569028
-1
5534007538381959
-1
8810852789194890
-1
537891012973321
-1
3814736263786252
-1
7091581514599183
-1
10368426765412114
-1
2095464989190545
-1
5372310240003476
-1
8649155490816407
-1
376193714594838
-1
3653038965407769
-1
6929884216220700
-1
10206729467033631
-1
1933767690812062
-1
5210612941624993
-1
8487458192437924
-1
214496416216355
-1
3491341667029286
-1
6768186917842217
-1
10045032168655148
-1
1772070392433579
-1
5048915643246510
-1
8325760894059441
-1
52799117837872
-1
3329644368650803
-1
6606489619463734
-1
9883334870276665
-1
1610373094055096
-1
4887218344868027
-1
8164063595680958
-1
11440908846493889
-1
3167947070272320
-1
6444792321085251
-1
9721637571898182
-1
1448675795676613
-1
4725521046489544
-1
8002366297302475
-1
11279211548115406
-1
3006249771893837
-1
6283095022706768
-1
9559940273519699
-1
1286978497298130
-1
4563823748111061
-1
7840668998923992
-1
11117514249736923
-1
2844552473515354
-1
6121397724328285
-1
9398242975141216
-1
1125281198919647
-1
4402126449732578
-1
7678971700545509
-1
10955816951358440
-1
2682855175136871
-1
5959700425949802
-1
9236545676762733
-1
963583900541164
-1
4240429151354095
-1
7517274402167026
-1
10794119652979957
-1
2521157876758388
-1
5798003127571319
-1
9074848378384250
-1
801886602162681
-1
4078731852975612
-1
7355577103788543
-1
10632422354601474
-1
2359460578379905
-1
5636305829192836
-1
8913151080005767
-1
640189303784198
-1
3917034554597129
-1
7193879805410060
-1
10470725056222991
-1
2197763280001422
-1
5474608530814353
-1
8751453781627284
-1
478492005405715
-1
3755337256218646
-1
7032182507031577
-1
10309027757844508
-1
2036065981622939
-1
5312911232435870
-1
8589756483248801
-1
316794707027232
-1
3593639957840163
-1
6870485208653094
-1
10147330459466025
-1
1874368683244456
-1
5151213934057387
-1
8428059184870318
-1
155097408648749
-1
3431942659461680
-1
6708787910274611
-1
9985633161087542
-1
1712671384865973
-1
4989516635678904
-1
8266361886491835
-1
11543207137304766
-1
3270245361083197
-1
6547090611896128
-1
9823935862709059
-1
1550974086487490
-1
4827819337300421
-1
8104664588113352
-1
11381509838926283
-1
3108548062704714
-1
6385393313517645
-1
9662238564330576
-1
1389276788109007
-1
4666122038921938
-1
7942967289734869
-1
11219812540547800
-1
2946850764326231
-1
6223696015139162
-1
9500541265952093
-1
1227579489730524
-1
4504424740543455
-1
7781269991356386
-1
11058115242169317
-1
2785153465947748
-1
6061998716760679
-1
9338843967573610
-1
1065882191352041
-1
4342727442164972
-1
7619572692977903
-1
10896417943790834
-1
2623456167569265
-1
5900301418382196
-1
9177146669195127
-1
904184892973558
-1
4181030143786489
-1
7457875394599420
-1
10734720645412351
-1
2461758869190782
-1
5738604120003713
-1
9015449370816644
-1
742487594595075
-1
4019332845408006
-1
7296178096220937
-1
10573023347033868
-1
2300061570812299
-1
5576906821625230
-1
8853752072438161
-1
580790296216592
-1
3857635547029523
-1
7134480797842454
-1
10411326048655385
-1
2138364272433816
-1
5415209523246747
-1
8692054774059678
-1
419092997838109
-1
3695938248651040
-1
6972783499463971
-1
10249628750276902
-1
1976666974055333
-1
5253512224868264
-1
8530357475681195
-1
257395699459626
-1
3534240950272557
-1
6811086201085488
-1
10087931451898419
-1
1814969675676850
-1
5091814926489781
-1
8368660177302712
-1
95698401081143
-1
3372543651894074
-1
6649388902707005
-1
9926234153519936
-1
1653272377298367
-1
4930117628111298
-1
8206962878924229
-1
11483808129737160
-1
3210846353515591
-1
6487691604328522
-1
9764536855141453
-1
1491575078919884
-1
4768420329732815
-1
8045265580545746
-1
11322110831358677
-1
3049149055137108
-1
6325994305950039
-1
9602839556762970
-1
1329877780541401
-1
4606723031354332
-1
7883568282167263
-1
11160413532980194
-1
2887451756758625
-1
6164297007571556
-1
9441142258384487
-1
1168180482162918
-1
4445025732975849
-1
7721870983788780
-1
10998716234601711
-1
2725754458380142
-1
6002599709193073
-1
9279444960006004
-1
1006483183784435
-1
4283328434597366
-1
7560173685410297
-1
10837018936223228
-1
2564057160001659
-1
5840902410814590
-1
9117747661627521
-1
844785885405952
-1
4121631136218883
-1
7398476387031814
-1
10675321637844745
-1
2402359861623176
-1
5679205112436107
-1
8956050363249038
-1
683088587027469
-1
3959933837840400
-1
7236779088653331
-1
10513624339466262
-1
2240662563244693
-1
5517507814057624
-1
8794353064870555
-1
521391288648986
-1
3798236539461917
-1
7075081790274848
-1
10351927041087779
-1
2078965264866210
-1
5355810515679141
-1
8632655766492072
-1
359693990270503
-1
3636539241083434
-1
6913384491896365
-1
10190229742709296
-1
1917267966487727
-1
5194113217300658
-1
8470958468113589
-1
197996691892020
-1
3474841942704951
-1
6751687193517882
-1
10028532444330813
-1
1755570668109244
-1
5032415918922175
-1
8309261169735106
-1
36299393513537
-1
3313144644326468
-1
6589989895139399
-1
9866835145952330
-1
1593873369730761
-1
4870718620543692
-1
8147563871356623
-1
11424409122169554
-1
3151447345947985
-1
6428292596760916
-1
9705137847573847
-1
1432176071352278
-1
4709021322165209
-1
7985866572978140
-1
11262711823791071
-1
2989750047569502
-1
6266595298382433
-1
9543440549195364
-1
1270478772973795
-1
4547324023786726
-1
7824169274599657
-1
11101014525412588
-1
2828052749191019
-1
6104898000003950
-1
9381743250816881
-1
1108781474595312
-1
4385626725408243
-1
7662471976221174
-1
10939317227034105
-1
2666355450812536
-1
5943200701625467
-1
9220045952438398
-1
947084176216829
-1
4223929427029760
-1
7500774677842691
-1
10777619928655622
-1
2504658152434053
-1
5781503403246984
-1
9058348654059915
-1
785386877838346
-1
4062232128651277
-1
7339077379464208
-1
10615922630277139
-1
2342960854055570
-1
5619806104868501
-1
8896651355681432
-1
623689579459863
-1
3900534830272794
-1
7177380081085725
-1
10454225331898656
-1
2181263555677087
-1
5458108806490018
-1
8734954057302949
-1
461992281081380
-1
3738837531894311
-1
7015682782707242
-1
10292528033520173
-1
2019566257298604
-1
5296411508111535
-1
8573256758924466
-1
300294982702897
-1
3577140233515828
-1
6853985484328759
-1
10130830735141690
-1
1857868958920121
-1
5134714209733052
-1
8411559460545983
-1
138597684324414
-1
3415442935137345
-1
6692288185950276
-1
9969133436763207
-1
1696171660541638
-1
4973016911354569
-1
8249862162167500
-1
11526707412980431
-1
3253745636758862
-1
6530590887571793
-1
9807436138384724
-1
1534474362163155
-1
4811319612976086
-1
8088164863789017
-1
11365010114601948
-1
3092048338380379
-1
6368893589193310
-1
9645738840006241
-1
1372777063784672
-1
4649622314597603
-1
7926467565410534
-1
11203312816223465
-1
2930351040001896
-1
6207196290814827
-1
9484041541627758
-1
1211079765406189
-1
4487925016219120
-1
7764770267032051
-1
11041615517844982
-1
2768653741623413
-1
6045498992436344
-1
9322344243249275
-1
1049382467027706
-1
4326227717840637
-1
7603072968653568
-1
10879918219466499
-1
2606956443244930
-1
5883801694057861
-1
9160646944870792
-1
887685168649223
-1
4164530419462154
-1
7441375670275085
-1
10718220921088016
-1
2445259144866447
-1
5722104395679378
-1
8998949646492309
-1
725987870270740
-1
4002833121083671
-1
7279678371896602
-1
10556523622709533
-1
2283561846487964
-1
5560407097300895
-1
8837252348113826
-1
564290571892257
-1
3841135822705188
-1
7117981073518119
-1
10394826324331050
-1
2121864548109481
-1
5398709798922412
-1
8675555049735343
-1
402593273513774
-1
3679438524326705
-1
6956283775139636
-1
10233129025952567
-1
1960167249730998
-1
5237012500543929
-1
8513857751356860
-1
240895975135291
-1
3517741225948222
-1
6794586476761153
-1
10071431727574084
-1
1798469951352515
-1
5075315202165446
-1
8352160452978377
-1
79198676756808
-1
3356043927569739
-1
6632889178382670
-1
9909734429195601
-1
1636772652974032
-1
4913617903786963
-1
8190463154599894
-1
11467308405412825
-1
3194346629191256
-1
6471191880004187
-1
9748037130817118
-1
1475075354595549
-1
4751920605408480
-1
8028765856221411
-1
11305611107034342
-1
3032649330812773
-1
6309494581625704
-1
9586339832438635
-1
1313378056217066
-1
4590223307029997
-1
7867068557842928
-1
11143913808655859
-1
2870952032434290
-1
6147797283247221
-1
9424642534060152
-1
1151680757838583
-1
4428526008651514
-1
7705371259464445
-1
10982216510277376
-1
2709254734055807
-1
5986099984868738
-1
9262945235681669
-1
989983459460100
-1
4266828710273031
-1
7543673961085962
-1
10820519211898893
-1
2547557435677324
-1
5824402686490255
-1
9101247937303186
-1
828286161081617
-1
4105131411894548
-1
7381976662707479
-1
10658821913520410
-1
2385860137298841
-1
5662705388111772
-1
8939550638924703
-1
666588862703134
-1
3943434113516065
-1
7220279364328996
-1
10497124615141927
-1
2224162838920358
-1
5501008089733289
-1
8777853340546220
-1
504891564324651
-1
3781736815137582
-1
7058582065950513
-1
10335427316763444
-1
2062465540541875
-1
5339310791354806
-1
8616156042167737
-1
343194265946168
-1
3620039516759099
-1
6896884767572030
-1
10173730018384961
-1
1900768242163392
-1
5177613492976323
-1
8454458743789254
-1
181496967567685
-1
3458342218380616
-1
6735187469193547
-1
10012032720006478
-1
1739070943784909
-1
5015916194597840
-1
8292761445410771
-1
19799669189202
-1
3296644920002133
-1
6573490170815064
-1
9850335421627995
-1
1577373645406426
-1
4854218896219357
-1
8131064147032288
-1
11407909397845219
-1
3134947621623650
-1
6411792872436581
-1
9688638123249512
-1
1415676347027943
-1
4692521597840874
-1
7969366848653805
-1
11246212099466736
-1
2973250323245167
-1
6250095574058098
-1
9526940824871029
-1
1253979048649460
-1
4530824299462391
-1
7807669550275322
-1
11084514801088253
-1
2811553024866684
-1
6088398275679615
-1
9365243526492546
-1
1092281750270977
-1
4369127001083908
-1
7645972251896839
-1
10922817502709770
-1
2649855726488201
-1
5926700977301132
-1
9203546228114063
-1
930584451892494
-1
4207429702705425
-1
7484274953518356
-1
10761120204331287
-1
2488158428109718
-1
5765003678922649
-1
9041848929735580
-1
768887153514011
-1
4045732404326942
-1
7322577655139873
-1
10599422905952804
-1
2326461129731235
-1
5603306380544166
-1
8880151631357097
-1
607189855135528
-1
3884035105948459
-1
7160880356761390
-1
10437725607574321
-1
2164763831352752
-1
5441609082165683
-1
8718454332978614
-1
445492556757045
-1
3722337807569976
-1
6999183058382907
-1
10276028309195838
-1
2003066532974269
-1
5279911783787200
-1
8556757034600131
-1
283795258378562
-1
3560640509191493
-1
6837485760004424
-1
10114331010817355
-1
1841369234595786
-1
5118214485408717
-1
8395059736221648
-1
122097960000079
-1
3398943210813010
-1
6675788461625941
-1
9952633712438872
-1
1679671936217303
-1
4956517187030234
-1
8233362437843165
-1
11510207688656096
-1
3237245912434527
-1
6514091163247458
-1
9790936414060389
-1
1517974637838820
-1
4794819888651751
-1
8071665139464682
-1
11348510390277613
-1
3075548614056044
-1
6352393864868975
-1
9629239115681906
-1
1356277339460337
-1
4633122590273268
-1
7909967841086199
-1
11186813091899130
-1
2913851315677561
-1
6190696566490492
-1
9467541817303423
-1
1194580041081854
-1
4471425291894785
-1
7748270542707716
-1
11025115793520647
-1
2752154017299078
-1
6028999268112009
-1
9305844518924940
-1
1032882742703371
-1
4309727993516302
-1
7586573244329233
-1
10863418495142164
-1
2590456718920595
-1
5867301969733526
-1
9144147220546457
-1
871185444324888
-1
4148030695137819
-1
7424875945950750
-1
10701721196763681
-1
2428759420542112
-1
5705604671355043
-1
8982449922167974
-1
709488145946405
-1
3986333396759336
-1
7263178647572267
-1
10540023898385198
-1
2267062122163629
-1
5543907372976560
-1
8820752623789491
-1
547790847567922
-1
3824636098380853
-1
7101481349193784
-1
10378326600006715
-1
2105364823785146
-1
5382210074598077
-1
8659055325411008
-1
386093549189439
-1
3662938800002370
-1
6939784050815301
-1
10216629301628232
-1
1943667525406663
-1
5220512776219594
-1
8497358027032525
-1
224396250810956
-1
3501241501623887
-1
6778086752436818
-1
10054932003249749
-1
1781970227028180
-1
5058815477841111
-1
8335660728654042
-1
62698952432473
-1
3339544203245404
-1
6616389454058335
-1
9893234704871266
-1
1620272928649697
-1
4897118179462628
-1
8173963430275559
-1
11450808681088490
-1
3177846904866921
-1
6454692155679852
-1
9731537406492783
-1
1458575630271214
-1
4735420881084145
-1
8012266131897076
-1
11289111382710007
-1
3016149606488438
-1
6292994857301369
-1
9569840108114300
-1
1296878331892731
-1
4573723582705662
-1
7850568833518593
-1
11127414084331524
-1
2854452308109955
-1
6131297558922886
-1
9408142809735817
-1
1135181033514248
-1
4412026284327179
-1
7688871535140110
-1
10965716785953041
-1
2692755009731472
-1
5969600260544403
-1
9246445511357334
-1
973483735135765
-1
4250328985948696
-1
7527174236761627
-1
10804019487574558
-1
2531057711352989
-1
5807902962165920
-1
9084748212978851
-1
811786436757282
-1
4088631687570213
-1
7365476938383144
-1
10642322189196075
-1
2369360412974506
-1
5646205663787437
-1
8923050914600368
-1
650089138378799
-1
3926934389191730
-1
7203779640004661
-1
10480624890817592
-1
2207663114596023
-1
5484508365408954
-1
8761353616221885
-1
488391840000316
-1
3765237090813247
-1
7042082341626178
-1
10318927592439109
-1
2045965816217540
-1
5322811067030471
-1
8599656317843402
-1
326694541621833
-1
3603539792434764
-1
6880385043247695
-1
10157230294060626
-1
1884268517839057
-1
5161113768651988
-1
8437959019464919
-1
164997243243350
-1
3441842494056281
-1
6718687744869212
-1
9995532995682143
-1
1722571219460574
-1
4999416470273505
-1
8276261721086436
-1
3299944864867
-1
3280145195677798
-1
6556990446490729
-1
9833835697303660
-1
1560873921082091
-1
4837719171895022
-1
8114564422707953
-1
11391409673520884
-1
3118447897299315
-1
6395293148112246
-1
9672138398925177
-1
1399176622703608
-1
4676021873516539
-1
7952867124329470
-1
11229712375142401
-1
2956750598920832
-1
6233595849733763
-1
9510441100546694
-1
1237479324325125
-1
4514324575138056
-1
7791169825950987
-1
11068015076763918
-1
2795053300542349
-1
6071898551355280
-1
9348743802168211
-1
1075782025946642
-1
4352627276759573
-1
7629472527572504
-1
10906317778385435
-1
2633356002163866
-1
5910201252976797
-1
9187046503789728
-1
914084727568159
-1
4190929978381090
-1
7467775229194021
-1
10744620480006952
-1
2471658703785383
-1
5748503954598314
-1
9025349205411245
-1
752387429189676
-1
4029232680002607
-1
7306077930815538
-1
10582923181628469
-1
2309961405406900
-1
5586806656219831
-1
8863651907032762
-1
590690130811193
-1
3867535381624124
-1
7144380632437055
-1
10421225883249986
-1
2148264107028417
-1
5425109357841348
-1
8701954608654279
-1
428992832432710
-1
3705838083245641
-1
6982683334058572
-1
10259528584871503
-1
1986566808649934
-1
5263412059462865
-1
8540257310275796
-1
267295534054227
-1
3544140784867158
-1
6820986035680089
-1
10097831286493020
-1
1824869510271451
-1
5101714761084382
-1
8378560011897313
-1
105598235675744
-1
3382443486488675
-1
6659288737301606
-1
9936133988114537
-1
1663172211892968
-1
4940017462705899
-1
8216862713518830
-1
11493707964331761
-1
3220746188110192
-1
6497591438923123
-1
9774436689736054
-1
1501474913514485
-1
4778320164327416
-1
8055165415140347
-1
11332010665953278
-1
3059048889731709
-1
6335894140544640
-1
9612739391357571
-1
1339777615136002
-1
4616622865948933
-1
7893468116761864
-1
11170313367574795
-1
2897351591353226
-1
6174196842166157
-1
9451042092979088
-1
1178080316757519
-1
4454925567570450
-1
7731770818383381
-1
11008616069196312
-1
2735654292974743
-1
6012499543787674
-1
9289344794600605
-1
1016383018379036
-1
4293228269191967
-1
7570073520004898
-1
10846918770817829
-1
2573956994596260
-1
5850802245409191
-1
9127647496222122
-1
854685720000553
-1
4131530970813484
-1
7408376221626415
-1
10685221472439346
-1
2412259696217777
-1
5689104947030708
-1
8965950197843639
-1
692988421622070
-1
3969833672435001
-1
7246678923247932
-1
10523524174060863
-1
2250562397839294
-1
5527407648652225
-1
8804252899465156
-1
531291123243587
-1
3808136374056518
-1
7084981624869449
-1
10361826875682380
-1
2088865099460811
-1
5365710350273742
-1
8642555601086673
-1
369593824865104
-1
3646439075678035
-1
6923284326490966
-1
10200129577303897
-1
1927167801082328
-1
5204013051895259
-1
8480858302708190
-1
207896526486621
-1
3484741777299552
-1
6761587028112483
-1
10038432278925414
-1
1765470502703845
-1
5042315753516776
-1
8319161004329707
-1
46199228108138
-1
3323044478921069
-1
6599889729734000
-1
9876734980546931
-1
1603773204325362
-1
4880618455138293
-1
8157463705951224
-1
11434308956764155
-1
3161347180542586
-1
6438192431355517
-1
9715037682168448
-1
1442075905946879
-1
4718921156759810
-1
7995766407572741
-1
11272611658385672
-1
2999649882164103
-1
6276495132977034
-1
9553340383789965
-1
1280378607568396
-1
4557223858381327
-1
7834069109194258
-1
11110914360007189
-1
2837952583785620
-1
6114797834598551
-1
9391643085411482
-1
1118681309189913
-1
4395526560002844
-1
7672371810815775
-1
10949217061628706
-1
2676255285407137
-1
5953100536220068
-1
9229945787032999
-1
956984010811430
-1
4233829261624361
-1
7510674512437292
-1
10787519763250223
-1
2514557987028654
-1
5791403237841585
-1
9068248488654516
-1
795286712432947
-1
4072131963245878
-1
7348977214058809
-1
10625822464871740
-1
2352860688650171
-1
5629705939463102
-1
8906551190276033
-1
633589414054464
-1
3910434664867395
-1
7187279915680326
-1
10464125166493257
-1
2191163390271688
-1
5468008641084619
-1
8744853891897550
-1
471892115675981
-1
3748737366488912
-1
7025582617301843
-1
10302427868114774
-1
2029466091893205
-1
5306311342706136
-1
8583156593519067
-1
310194817297498
-1
3587040068110429
-1
6863885318923360
-1
10140730569736291
-1
1867768793514722
-1
5144614044327653
-1
8421459295140584
-1
148497518919015
-1
3425342769731946
-1
6702188020544877
-1
9979033271357808
-1
1706071495136239
-1
4982916745949170
-1
8259761996762101
-1
11536607247575032
-1
3263645471353463
-1
6540490722166394
-1
9817335972979325
-1
1544374196757756
-1
4821219447570687
-1
8098064698383618
-1
11374909949196549
-1
3101948172974980
-1
6378793423787911
-1
9655638674600842
-1
1382676898379273
-1
4659522149192204
-1
7936367400005135
-1
11213212650818066
-1
2940250874596497
-1
6217096125409428
-1
9493941376222359
-1
1220979600000790
-1
4497824850813721
-1
7774670101626652
-1
11051515352439583
-1
2778553576218014
-1
6055398827030945
-1
9332244077843876
-1
1059282301622307
-1
4336127552435238
-1
7612972803248169
-1
10889818054061100
-1
2616856277839531
-1
5893701528652462
-1
9170546779465393
-1
897585003243824
-1
4174430254056755
-1
7451275504869686
-1
10728120755682617
-1
2455158979461048
-1
5732004230273979
-1
9008849481086910
-1
735887704865341
-1
4012732955678272
-1
7289578206491203
-1
10566423457304134
-1
2293461681082565
-1
5570306931895496
-1
8847152182708427
-1
574190406486858
-1
3851035657299789
-1
7127880908112720
-1
10404726158925651
-1
2131764382704082
-1
5408609633517013
-1
8685454884329944
-1
412493108108375
-1
3689338358921306
-1
6966183609734237
-1
10243028860547168
-1
1970067084325599
-1
5246912335138530
-1
8523757585951461
-1
250795809729892
-1
3527641060542823
-1
6804486311355754
-1
10081331562168685
-1
1808369785947116
-1
5085215036760047
-1
8362060287572978
-1
89098511351409
-1
3365943762164340
-1
6642789012977271
-1
9919634263790202
-1
1646672487568633
-1
4923517738381564
-1
8200362989194495
-1
11477208240007426
-1
3204246463785857
-1
6481091714598788
-1
9757936965411719
-1
1484975189190150
-1
4761820440003081
-1
8038665690816012
-1
11315510941628943
-1
3042549165407374
-1
6319394416220305
-1
9596239667033236
-1
1323277890811667
-1
4600123141624598
-1
7876968392437529
-1
11153813643250460
-1
2880851867028891
-1
6157697117841822
-1
9434542368654753
-1
1161580592433184
-1
4438425843246115
-1
7715271094059046
-1
10992116344871977
-1
2719154568650408
-1
5995999819463339
-1
9272845070276270
-1
999883294054701
-1
4276728544867632
-1
7553573795680563
-1
10830419046493494
-1
2557457270271925
-1
5834302521084856
-1
9111147771897787
-1
838185995676218
-1
4115031246489149
-1
7391876497302080
-1
10668721748115011
-1
2395759971893442
-1
5672605222706373
-1
8949450473519304
-1
676488697297735
-1
3953333948110666
-1
7230179198923597
-1
10507024449736528
-1
2234062673514959
-1
5510907924327890
-1
8787753175140821
-1
514791398919252
-1
3791636649732183
-1
7068481900545114
-1
10345327151358045
-1
2072365375136476
-1
5349210625949407
-1
8626055876762338
-1
353094100540769
-1
3629939351353700
-1
6906784602166631
-1
10183629852979562
-1
1910668076757993
-1
5187513327570924
-1
8464358578383855
-1
191396802162286
-1
3468242052975217
-1
6745087303788148
-1
10021932554601079
-1
1748970778379510
-1
5025816029192441
-1
8302661280005372
-1
29699503783803
-1
3306544754596734
-1
6583390005409665
-1
9860235256222596
-1
1587273480001027
-1
4864118730813958
-1
8140963981626889
-1
11417809232439820
-1
3144847456218251
-1
6421692707031182
-1
9698537957844113
-1
1425576181622544
-1
4702421432435475
-1
7979266683248406
-1
11256111934061337
-1
2983150157839768
-1
6259995408652699
-1
9536840659465630
-1
1263878883244061
-1
4540724134056992
-1
7817569384869923
-1
11094414635682854
-1
2821452859461285
-1
6098298110274216
-1
9375143361087147
-1
1102181584865578
-1
4379026835678509
-1
7655872086491440
-1
10932717337304371
-1
2659755561082802
-1
5936600811895733
-1
9213446062708664
-1
940484286487095
-1
4217329537300026
-1
7494174788112957
-1
10771020038925888
-1
2498058262704319
-1
5774903513517250
-1
9051748764330181
-1
778786988108612
-1
4055632238921543
-1
7332477489734474
-1
10609322740547405
-1
2336360964325836
-1
5613206215138767
-1
8890051465951698
-1
617089689730129
-1
3893934940543060
-1
7170780191355991
-1
10447625442168922
-1
2174663665947353
-1
5451508916760284
-1
8728354167573215
-1
455392391351646
-1
3732237642164577
-1
7009082892977508
-1
10285928143790439
-1
2012966367568870
-1
5289811618381801
-1
8566656869194732
-1
293695092973163
-1
3570540343786094
-1
6847385594599025
-1
10124230845411956
-1
1851269069190387
-1
5128114320003318
-1
8404959570816249
-1
131997794594680
-1
3408843045407611
-1
6685688296220542
-1
9962533547033473
-1
1689571770811904
-1
4966417021624835
-1
8243262272437766
-1
11520107523250697
-1
3247145747029128
-1
6523990997842059
-1
9800836248654990
-1
1527874472433421
-1
4804719723246352
-1
8081564974059283
-1
11358410224872214
-1
3085448448650645
-1
6362293699463576
-1
9639138950276507
-1
1366177174054938
-1
4643022424867869
-1
7919867675680800
-1
11196712926493731
-1
2923751150272162
-1
6200596401085093
-1
9477441651898024
-1
1204479875676455
-1
4481325126489386
-1
7758170377302317
-1
11035015628115248
-1
2762053851893679
-1
6038899102706610
-1
9315744353519541
-1
1042782577297972
-1
4319627828110903
-1
7596473078923834
-1
10873318329736765
-1
2600356553515196
-1
5877201804328127
-1
9154047055141058
-1
881085278919489
-1
4157930529732420
-1
7434775780545351
-1
10711621031358282
-1
2438659255136713
-1
5715504505949644
-1
8992349756762575
-1
719387980541006
-1
3996233231353937
-1
7273078482166868
-1
10549923732979799
-1
2276961956758230
-1
5553807207571161
-1
8830652458384092
-1
557690682162523
-1
3834535932975454
-1
7111381183788385
-1
10388226434601316
-1
2115264658379747
-1
5392109909192678
-1
8668955160005609
-1
395993383784040
-1
3672838634596971
-1
6949683885409902
-1
10226529136222833
-1
1953567360001264
-1
5230412610814195
-1
8507257861627126
-1
234296085405557
-1
3511141336218488
-1
6787986587031419
-1
10064831837844350
-1
1791870061622781
-1
5068715312435712
-1
8345560563248643
-1
72598787027074
-1
3349444037840005
-1
6626289288652936
-1
9903134539465867
-1
1630172763244298
-1
4907018014057229
-1
8183863264870160
-1
11460708515683091
-1
3187746739461522
-1
6464591990274453
-1
9741437241087384
-1
1468475464865815
-1
4745320715678746
-1
8022165966491677
-1
11299011217304608
-1
3026049441083039
-1
6302894691895970
-1
9579739942708901
-1
1306778166487332
-1
4583623417300263
-1
7860468668113194
-1
11137313918926125
-1
2864352142704556
-1
6141197393517487
-1
9418042644330418
-1
1145080868108849
-1
4421926118921780
-1
7698771369734711
-1
10975616620547642
-1
2702654844326073
-1
5979500095139004
-1
9256345345951935
-1
983383569730366
-1
4260228820543297
-1
7537074071356228
-1
10813919322169159
-1
2540957545947590
-1
5817802796760521
-1
9094648047573452
-1
821686271351883
-1
4098531522164814
-1
7375376772977745
-1
10652222023790676
-1
2379260247569107
-1
5656105498382038
-1
8932950749194969
-1
659988972973400
-1
3936834223786331
-1
7213679474599262
-1
10490524725412193
-1
2217562949190624
-1
5494408200003555
-1
8771253450816486
-1
498291674594917
-1
3775136925407848
-1
7051982176220779
-1
10328827427033710
-1
2055865650812141
-1
5332710901625072
-1
8609556152438003
-1
336594376216434
-1
3613439627029365
-1
6890284877842296
-1
10167130128655227
-1
1894168352433658
-1
5171013603246589
-1
8447858854059520
-1
174897077837951
-1
3451742328650882
-1
6728587579463813
-1
10005432830276744
-1
1732471054055175
-1
5009316304868106
-1
8286161555681037
-1
13199779459468
-1
3290045030272399
-1
6566890281085330
-1
9843735531898261
-1
1570773755676692
-1
4847619006489623
-1
8124464257302554
-1
11401309508115485
-1
3128347731893916
-1
6405192982706847
-1
9682038233519778
-1
1409076457298209
-1
4685921708111140
-1
7962766958924071
-1
11239612209737002
-1
2966650433515433
-1
6243495684328364
-1
9520340935141295
-1
1247379158919726
-1
4524224409732657
-1
7801069660545588
-1
11077914911358519
-1
2804953135136950
-1
6081798385949881
-1
9358643636762812
-1
1085681860541243
-1
4362527111354174
-1
7639372362167105
-1
10916217612980036
-1
2643255836758467
-1
5920101087571398
-1
9196946338384329
-1
923984562162760
-1
4200829812975691
-1
7477675063788622
-1
10754520314601553
-1
2481558538379984
-1
5758403789192915
-1
9035249040005846
-1
762287263784277
-1
4039132514597208
-1
7315977765410139
-1
10592823016223070
-1
2319861240001501
-1
5596706490814432
-1
8873551741627363
-1
600589965405794
-1
3877435216218725
-1
7154280467031656
-1
10431125717844587
-1
2158163941623018
-1
5435009192435949
-1
8711854443248880
-1
438892667027311
-1
3715737917840242
-1
6992583168653173
-1
10269428419466104
-1
1996466643244535
-1
5273311894057466
-1
8550157144870397
-1
277195368648828
-1
3554040619461759
-1
6830885870274690
-1
10107731121087621
-1
1834769344866052
-1
5111614595678983
-1
8388459846491914
-1
115498070270345
-1
3392343321083276
-1
6669188571896207
-1
9946033822709138
-1
1673072046487569
-1
4949917297300500
-1
8226762548113431
-1
11503607798926362
-1
3230646022704793
-1
6507491273517724
-1
9784336524330655
-1
1511374748109086
-1
4788219998922017
-1
8065065249734948
-1
11341910500547879
-1
3068948724326310
-1
6345793975139241
-1
9622639225952172
-1
1349677449730603
-1
4626522700543534
-1
7903367951356465
-1
11180213202169396
-1
2907251425947827
-1
6184096676760758
-1
9460941927573689
-1
1187980151352120
-1
4464825402165051
-1
7741670652977982
-1
11018515903790913
-1
2745554127569344
-1
6022399378382275
-1
9299244629195206
-1
1026282852973637
-1
4303128103786568
-1
7579973354599499
-1
10856818605412430
-1
2583856829190861
-1
5860702080003792
-1
9137547330816723
-1
864585554595154
-1
4141430805408085
-1
7418276056221016
-1
10695121307033947
-1
2422159530812378
-1
5699004781625309
-1
8975850032438240
-1
702888256216671
-1
3979733507029602
-1
7256578757842533
-1
10533424008655464
-1
2260462232433895
-1
5537307483246826
-1
8814152734059757
-1
541190957838188
-1
3818036208651119
-1
7094881459464050
-1
10371726710276981
-1
2098764934055412
-1
5375610184868343
-1
8652455435681274
-1
379493659459705
-1
3656338910272636
-1
6933184161085567
-1
10210029411898498
-1
1937067635676929
-1
5213912886489860
-1
8490758137302791
-1
217796361081222
-1
3494641611894153
-1
6771486862707084
-1
10048332113520015
-1
1775370337298446
-1
5052215588111377
-1
8329060838924308
-1
56099062702739
-1
3332944313515670
-1
6609789564328601
-1
9886634815141532
-1
1613673038919963
-1
4890518289732894
-1
8167363540545825
-1
11444208791358756
-1
3171247015137187
-1
6448092265950118
-1
9724937516763049
-1
1451975740541480
-1
4728820991354411
-1
8005666242167342
-1
11282511492980273
-1
3009549716758704
-1
6286394967571635
-1
9563240218384566
-1
1290278442162997
-1
4567123692975928
-1
7843968943788859
-1
11120814194601790
-1
2847852418380221
-1
6124697669193152
-1
9401542920006083
-1
1128581143784514
-1
4405426394597445
-1
7682271645410376
-1
10959116896223307
-1
2686155120001738
-1
5963000370814669
-1
9239845621627600
-1
966883845406031
-1
4243729096218962
-1
7520574347031893
-1
10797419597844824
-1
2524457821623255
-1
5801303072436186
-1
9078148323249117
-1
805186547027548
-1
4082031797840479
-1
7358877048653410
-1
10635722299466341
-1
2362760523244772
-1
5639605774057703
-1
8916451024870634
-1
643489248649065
-1
3920334499461996
-1
7197179750274927
-1
10474025001087858
-1
2201063224866289
-1
5477908475679220
-1
8754753726492151
-1
481791950270582
-1
3758637201083513
-1
7035482451896444
-1
10312327702709375
-1
2039365926487806
-1
5316211177300737
-1
8593056428113668
-1
320094651892099
-1
3596939902705030
-1
6873785153517961
-1
10150630404330892
-1
1877668628109323
-1
5154513878922254
-1
8431359129735185
-1
158397353513616
-1
3435242604326547
-1
6712087855139478
-1
9988933105952409
-1
1715971329730840
-1
4992816580543771
-1
8269661831356702
-1
11546507082169633
-1
3273545305948064
-1
6550390556760995
-1
9827235807573926
-1
1554274031352357
-1
4831119282165288
-1
8107964532978219
-1
11384809783791150
-1
3111848007569581
-1
6388693258382512
-1
9665538509195443
-1
1392576732973874
-1
4669421983786805
-1
7946267234599736
-1
11223112485412667
-1
2950150709191098
-1
6226995960004029
-1
9503841210816960
-1
1230879434595391
-1
4507724685408322
-1
7784569936221253
-1
11061415187034184
-1
2788453410812615
-1
6065298661625546
-1
9342143912438477
-1
1069182136216908
-1
4346027387029839
-1
7622872637842770
-1
10899717888655701
-1
2626756112434132
-1
5903601363247063
-1
9180446614059994
-1
907484837838425
-1
4184330088651356
-1
7461175339464287
-1
10738020590277218
-1
2465058814055649
-1
5741904064868580
-1
9018749315681511
-1
745787539459942
-1
4022632790272873
-1
7299478041085804
-1
10576323291898735
-1
2303361515677166
-1
5580206766490097
-1
8857052017303028
-1
584090241081459
-1
3860935491894390
-1
7137780742707321
-1
10414625993520252
-1
2141664217298683
-1
5418509468111614
-1
8695354718924545
-1
422392942702976
-1
3699238193515907
-1
6976083444328838
-1
10252928695141769
-1
1979966918920200
-1
5256812169733131
-1
8533657420546062
-1
260695644324493
-1
3537540895137424
-1
6814386145950355
-1
10091231396763286
-1
1818269620541717
-1
5095114871354648
-1
8371960122167579
-1
98998345946010
-1
3375843596758941
-1
6652688847571872
-1
9929534098384803
-1
1656572322163234
-1
4933417572976165
-1
8210262823789096
-1
11487108074602027
-1
3214146298380458
-1
6490991549193389
-1
9767836800006320
-1
1494875023784751
-1
4771720274597682
-1
8048565525410613
-1
11325410776223544
-1
3052449000001975
-1
6329294250814906
-1
9606139501627837
-1
1333177725406268
-1
4610022976219199
-1
7886868227032130
-1
11163713477845061
-1
2890751701623492
-1
6167596952436423
-1
9444442203249354
-1
1171480427027785
-1
4448325677840716
-1
7725170928653647
-1
11002016179466578
-1
2729054403245009
-1
6005899654057940
-1
9282744904870871
-1
1009783128649302
-1
4286628379462233
-1
7563473630275164
-1
10840318881088095
-1
2567357104866526
-1
5844202355679457
-1
9121047606492388
-1
848085830270819
-1
4124931081083750
-1
7401776331896681
-1
10678621582709612
-1
2405659806488043
-1
5682505057300974
-1
8959350308113905
-1
686388531892336
-1
3963233782705267
-1
7240079033518198
-1
10516924284331129
-1
2243962508109560
-1
5520807758922491
-1
8797653009735422
-1
524691233513853
-1
3801536484326784
-1
7078381735139715
-1
10355226985952646
-1
2082265209731077
-1
5359110460544008
-1
8635955711356939
-1
362993935135370
-1
3639839185948301
-1
6916684436761232
-1
10193529687574163
-1
1920567911352594
-1
5197413162165525
-1
8474258412978456
-1
201296636756887
-1
3478141887569818
-1
6754987138382749
-1
10031832389195680
-1
1758870612974111
-1
5035715863787042
-1
8312561114599973
-1
39599338378404
-1
3316444589191335
-1
6593289840004266
-1
9870135090817197
-1
1597173314595628
-1
4874018565408559
-1
8150863816221490
-1
11427709067034421
-1
3154747290812852
-1
6431592541625783
-1
9708437792438714
-1
1435476016217145
-1
4712321267030076
-1
7989166517843007
-1
11266011768655938
-1
2993049992434369
-1
6269895243247300
-1
9546740494060231
-1
1273778717838662
-1
4550623968651593
-1
7827469219464524
-1
11104314470277455
-1
2831352694055886
-1
6108197944868817
-1
9385043195681748
-1
1112081419460179
-1
4388926670273110
-1
7665771921086041
-1
10942617171898972
-1
2669655395677403
-1
5946500646490334
-1
9223345897303265
-1
950384121081696
-1
4227229371894627
-1
7504074622707558
-1
10780919873520489
-1
2507958097298920
-1
5784803348111851
-1
9061648598924782
-1
788686822703213
-1
4065532073516144
-1
7342377324329075
-1
10619222575142006
-1
2346260798920437
-1
5623106049733368
-1
8899951300546299
-1
626989524324730
-1
3903834775137661
-1
7180680025950592
-1
10457525276763523
-1
2184563500541954
-1
5461408751354885
-1
8738254002167816
-1
465292225946247
-1
3742137476759178
-1
7018982727572109
-1
10295827978385040
-1
2022866202163471
-1
5299711452976402
-1
8576556703789333
-1
303594927567764
-1
3580440178380695
-1
6857285429193626
-1
10134130680006557
-1
1861168903784988
-1
5138014154597919
-1
8414859405410850
-1
141897629189281
-1
3418742880002212
-1
6695588130815143
-1
9972433381628074
-1
1699471605406505
-1
4976316856219436
-1
8253162107032367
-1
11530007357845298
-1
3257045581623729
-1
6533890832436660
-1
9810736083249591
-1
1537774307028022
-1
4814619557840953
-1
8091464808653884
-1
11368310059466815
-1
3095348283245246
-1
6372193534058177
-1
9649038784871108
-1
1376077008649539
-1
4652922259462470
-1
7929767510275401
-1
11206612761088332
-1
2933650984866763
-1
6210496235679694
-1
9487341486492625
-1
1214379710271056
-1
4491224961083987
-1
7768070211896918
-1
11044915462709849
-1
2771953686488280
-1
6048798937301211
-1
9325644188114142
-1
1052682411892573
-1
4329527662705504
-1
7606372913518435
-1
10883218164331366
-1
2610256388109797
-1
5887101638922728
-1
9163946889735659
-1
890985113514090
-1
4167830364327021
-1
7444675615139952
-1
10721520865952883
-1
2448559089731314
-1
5725404340544245
-1
9002249591357176
-1
729287815135607
-1
4006133065948538
-1
7282978316761469
-1
10559823567574400
-1
2286861791352831
-1
5563707042165762
-1
8840552292978693
-1
567590516757124
-1
3844435767570055
-1
7121281018382986
-1
10398126269195917
-1
2125164492974348
-1
5402009743787279
-1
8678854994600210
-1
405893218378641
-1
3682738469191572
-1
6959583720004503
-1
10236428970817434
-1
1963467194595865
-1
5240312445408796
-1
8517157696221727
-1
244195920000158
-1
3521041170813089
-1
6797886421626020
-1
10074731672438951
-1
1801769896217382
-1
5078615147030313
-1
8355460397843244
-1
82498621621675
-1
3359343872434606
-1
6636189123247537
-1
9913034374060468
-1
1640072597838899
-1
4916917848651830
-1
8193763099464761
-1
11470608350277692
-1
3197646574056123
-1
6474491824869054
-1
9751337075681985
-1
1478375299460416
-1
4755220550273347
-1
8032065801086278
-1
11308911051899209
-1
3035949275677640
-1
6312794526490571
-1
9589639777303502
-1
1316678001081933
-1
4593523251894864
-1
7870368502707795
-1
11147213753520726
-1
2874251977299157
-1
6151097228112088
-1
9427942478925019
-1
1154980702703450
-1
4431825953516381
-1
7708671204329312
-1
10985516455142243
-1
2712554678920674
-1
5989399929733605
-1
9266245180546536
-1
993283404324967
-1
4270128655137898
-1
7546973905950829
-1
10823819156763760
-1
2550857380542191
-1
5827702631355122
-1
9104547882168053
-1
831586105946484
-1
4108431356759415
-1
7385276607572346
-1
10662121858385277
-1
2389160082163708
-1
5666005332976639
-1
8942850583789570
-1
669888807568001
-1
3946734058380932
-1
7223579309193863
-1
10500424560006794
-1
2227462783785225
-1
5504308034598156
-1
8781153285411087
-1
508191509189518
-1
3785036760002449
-1
7061882010815380
-1
10338727261628311
-1
2065765485406742
-1
5342610736219673
-1
8619455987032604
-1
346494210811035
-1
3623339461623966
-1
6900184712436897
-1
10177029963249828
-1
1904068187028259
-1
5180913437841190
-1
8457758688654121
-1
184796912432552
-1
3461642163245483
-1
6738487414058414
-1
10015332664871345
-1
1742370888649776
-1
5019216139462707
-1
8296061390275638
-1
23099614054069
-1
3299944864867000
-1
6576790115679931
-1
9853635366492862
-1
1580673590271293
-1
4857518841084224
-1
8134364091897155
-1
11411209342710086
-1
3138247566488517
-1
6415092817301448
-1
9691938068114379
-1
1418976291892810
-1
4695821542705741
-1
7972666793518672
-1
11249512044331603
-1
2976550268110034
-1
6253395518922965
-1
9530240769735896
-1
1257278993514327
-1
4534124244327258
-1
7810969495140189
-1
11087814745953120
-1
2814852969731551
-1
6091698220544482
-1
9368543471357413
-1
1095581695135844
-1
4372426945948775
-1
7649272196761706
-1
10926117447574637
-1
2653155671353068
-1
5930000922165999
-1
9206846172978930
-1
933884396757361
-1
4210729647570292
-1
7487574898383223
-1
10764420149196154
-1
2491458372974585
-1
5768303623787516
-1
9045148874600447
-1
772187098378878
-1
4049032349191809
-1
7325877600004740
-1
10602722850817671
-1
2329761074596102
-1
5606606325409033
-1
8883451576221964
-1
610489800000395
-1
3887335050813326
-1
7164180301626257
-1
10441025552439188
-1
2168063776217619
-1
5444909027030550
-1
8721754277843481
-1
448792501621912
-1
3725637752434843
-1
7002483003247774
-1
10279328254060705
-1
2006366477839136
-1
5283211728652067
-1
8560056979464998
-1
287095203243429
-1
3563940454056360
-1
6840785704869291
-1
10117630955682222
-1
1844669179460653
-1
5121514430273584
-1
8398359681086515
-1
125397904864946
-1
3402243155677877
-1
6679088406490808
-1
9955933657303739
-1
1682971881082170
-1
4959817131895101
-1
8236662382708032
-1
11513507633520963
-1
3240545857299394
-1
6517391108112325
-1
9794236358925256
-1
1521274582703687
-1
4798119833516618
-1
8074965084329549
-1
11351810335142480
-1
3078848558920911
-1
6355693809733842
-1
9632539060546773
-1
1359577284325204
-1
4636422535138135
-1
7913267785951066
-1
11190113036763997
-1
2917151260542428
-1
6193996511355359
-1
9470841762168290
-1
1197879985946721
-1
4474725236759652
-1
7751570487572583
-1
11028415738385514
-1
2755453962163945
-1
6032299212976876
-1
9309144463789807
-1
1036182687568238
-1
4313027938381169
-1
7589873189194100
-1
10866718440007031
-1
2593756663785462
-1
5870601914598393
-1
9147447165411324
-1
874485389189755
-1
4151330640002686
-1
7428175890815617
-1
10705021141628548
-1
2432059365406979
-1
5708904616219910
-1
8985749867032841
-1
712788090811272
-1
3989633341624203
-1
7266478592437134
-1
10543323843250065
-1
2270362067028496
-1
5547207317841427
-1
8824052568654358
-1
551090792432789
-1
3827936043245720
-1
7104781294058651
-1
10381626544871582
-1
2108664768650013
-1
5385510019462944
-1
8662355270275875
-1
389393494054306
-1
3666238744867237
-1
6943083995680168
-1
10219929246493099
-1
1946967470271530
-1
5223812721084461
-1
8500657971897392
-1
227696195675823
-1
3504541446488754
-1
6781386697301685
-1
10058231948114616
-1
1785270171893047
-1
5062115422705978
-1
8338960673518909
-1
65998897297340
-1
3342844148110271
-1
6619689398923202
-1
9896534649736133
-1
1623572873514564
-1
4900418124327495
-1
8177263375140426
-1
11454108625953357
-1
3181146849731788
-1
6457992100544719
-1
9734837351357650
-1
1461875575136081
-1
4738720825949012
-1
8015566076761943
-1
11292411327574874
-1
3019449551353305
-1
6296294802166236
-1
9573140052979167
-1
1300178276757598
-1
4577023527570529
-1
7853868778383460
-1
11130714029196391
-1
2857752252974822
-1
6134597503787753
-1
9411442754600684
-1
1138480978379115
-1
4415326229192046
-1
7692171480004977
-1
10969016730817908
-1
2696054954596339
-1
5972900205409270
-1
9249745456222201
-1
976783680000632
-1
4253628930813563
-1
7530474181626494
-1
10807319432439425
-1
2534357656217856
-1
5811202907030787
-1
9088048157843718
-1
815086381622149
-1
4091931632435080
-1
7368776883248011
-1
10645622134060942
-1
2372660357839373
-1
5649505608652304
-1
8926350859465235
-1
653389083243666
-1
3930234334056597
-1
7207079584869528
-1
10483924835682459
-1
2210963059460890
-1
5487808310273821
-1
8764653561086752
-1
491691784865183
-1
3768537035678114
-1
7045382286491045
-1
10322227537303976
-1
2049265761082407
-1
5326111011895338
-1
8602956262708269
-1
329994486486700
-1
3606839737299631
-1
6883684988112562
-1
10160530238925493
-1
1887568462703924
-1
5164413713516855
-1
8441258964329786
-1
168297188108217
-1
3445142438921148
-1
6721987689734079
-1
9998832940547010
-1
1725871164325441
-1
5002716415138372
-1
8279561665951303
-1
6599889729734
-1
3283445140542665
-1
6560290391355596
-1
9837135642168527
-1
1564173865946958
-1
4841019116759889
-1
8117864367572820
-1
11394709618385751
-1
3121747842164182
-1
6398593092977113
-1
9675438343790044
-1
1402476567568475
-1
4679321818381406
-1
7956167069194337
-1
11233012320007268
-1
2960050543785699
-1
6236895794598630
-1
9513741045411561
-1
1240779269189992
-1
4517624520002923
-1
7794469770815854
-1
11071315021628785
-1
2798353245407216
-1
6075198496220147
-1
9352043747033078
-1
1079081970811509
-1
4355927221624440
-1
7632772472437371
-1
10909617723250302
-1
2636655947028733
-1
5913501197841664
-1
9190346448654595
-1
917384672433026
-1
4194229923245957
-1
7471075174058888
-1
10747920424871819
-1
2474958648650250
-1
5751803899463181
-1
9028649150276112
-1
755687374054543
-1
4032532624867474
-1
7309377875680405
-1
10586223126493336
-1
2313261350271767
-1
5590106601084698
-1
8866951851897629
-1
593990075676060
-1
3870835326488991
-1
7147680577301922
-1
10424525828114853
-1
2151564051893284
-1
5428409302706215
-1
8705254553519146
-1
432292777297577
-1
3709138028110508
-1
6985983278923439
-1
10262828529736370
-1
1989866753514801
-1
5266712004327732
-1
8543557255140663
-1
270595478919094
-1
3547440729732025
-1
6824285980544956
-1
10101131231357887
-1
1828169455136318
-1
5105014705949249
-1
8381859956762180
-1
108898180540611
-1
3385743431353542
-1
6662588682166473
-1
9939433932979404
-1
1666472156757835
-1
4943317407570766
-1
8220162658383697
-1
11497007909196628
-1
3224046132975059
-1
6500891383787990
-1
9777736634600921
-1
1504774858379352
-1
4781620109192283
-1
8058465360005214
-1
11335310610818145
-1
3062348834596576
-1
6339194085409507
-1
9616039336222438
-1
1343077560000869
-1
4619922810813800
-1
7896768061626731
-1
11173613312439662
-1
2900651536218093
-1
6177496787031024
-1
9454342037843955
-1
1181380261622386
-1
4458225512435317
-1
7735070763248248
-1
11011916014061179
-1
2738954237839610
-1
6015799488652541
-1
9292644739465472
-1
1019682963243903
-1
4296528214056834
-1
7573373464869765
-1
10850218715682696
-1
2577256939461127
-1
5854102190274058
-1
9130947441086989
-1
857985664865420
-1
4134830915678351
-1
7411676166491282
-1
10688521417304213
-1
2415559641082644
-1
5692404891895575
-1
8969250142708506
-1
696288366486937
-1
3973133617299868
-1
7249978868112799
-1
10526824118925730
-1
2253862342704161
-1
5530707593517092
-1
8807552844330023
-1
534591068108454
-1
3811436318921385
-1
7088281569734316
-1
10365126820547247
-1
2092165044325678
-1
5369010295138609
-1
8645855545951540
-1
372893769729971
-1
3649739020542902
-1
6926584271355833
-1
10203429522168764
-1
1930467745947195
-1
5207312996760126
-1
8484158247573057
-1
211196471351488
-1
3488041722164419
-1
6764886972977350
-1
10041732223790281
-1
1768770447568712
-1
5045615698381643
-1
8322460949194574
-1
49499172973005
-1
3326344423785936
-1
6603189674598867
-1
9880034925411798
-1
1607073149190229
-1
4883918400003160
-1
8160763650816091
-1
11437608901629022
-1
3164647125407453
-1
6441492376220384
-1
9718337627033315
-1
1445375850811746
-1
4722221101624677
-1
7999066352437608
-1
11275911603250539
-1
3002949827028970
-1
6279795077841901
-1
9556640328654832
-1
1283678552433263
-1
4560523803246194
-1
7837369054059125
-1
11114214304872056
-1
2841252528650487
-1
6118097779463418
-1
9394943030276349
-1
1121981254054780
-1
4398826504867711
-1
7675671755680642
-1
10952517006493573
-1
2679555230272004
-1
5956400481084935
-1
9233245731897866
-1
960283955676297
-1
4237129206489228
-1
7513974457302159
-1
10790819708115090
-1
2517857931893521
-1
5794703182706452
-1
9071548433519383
-1
798586657297814
-1
4075431908110745
-1
7352277158923676
-1
10629122409736607
-1
2356160633515038
-1
5633005884327969
-1
8909851135140900
-1
636889358919331
-1
3913734609732262
-1
7190579860545193
-1
10467425111358124
-1
2194463335136555
-1
5471308585949486
-1
8748153836762417
-1
475192060540848
-1
3752037311353779
-1
7028882562166710
-1
10305727812979641
-1
2032766036758072
-1
5309611287571003
-1
8586456538383934
-1
313494762162365
-1
3590340012975296
-1
6867185263788227
-1
10144030514601158
-1
1871068738379589
-1
5147913989192520
-1
8424759240005451
-1
151797463783882
-1
3428642714596813
-1
6705487965409744
-1
9982333216222675
-1
1709371440001106
-1
4986216690814037
-1
8263061941626968
-1
11539907192439899
-1
3266945416218330
-1
6543790667031261
-1
9820635917844192
-1
1547674141622623
-1
4824519392435554
-1
8101364643248485
-1
11378209894061416
-1
3105248117839847
-1
6382093368652778
-1
9658938619465709
-1
1385976843244140
-1
4662822094057071
-1
7939667344870002
-1
11216512595682933
-1
2943550819461364
-1
6220396070274295
-1
9497241321087226
-1
1224279544865657
-1
4501124795678588
-1
7777970046491519
-1
11054815297304450
-1
2781853521082881
-1
6058698771895812
-1
9335544022708743
-1
1062582246487174
-1
4339427497300105
-1
7616272748113036
-1
10893117998925967
-1
2620156222704398
-1
5897001473517329
-1
9173846724330260
-1
900884948108691
-1
4177730198921622
-1
7454575449734553
-1
10731420700547484
-1
2458458924325915
-1
5735304175138846
-1
9012149425951777
-1
739187649730208
-1
4016032900543139
-1
7292878151356070
-1
10569723402169001
-1
2296761625947432
-1
5573606876760363
-1
8850452127573294
-1
577490351351725
-1
3854335602164656
-1
7131180852977587
-1
10408026103790518
-1
2135064327568949
-1
5411909578381880
-1
8688754829194811
-1
415793052973242
-1
3692638303786173
-1
6969483554599104
-1
10246328805412035
-1
1973367029190466
-1
5250212280003397
-1
8527057530816328
-1
254095754594759
-1
3530941005407690
-1
6807786256220621
-1
10084631507033552
-1
1811669730811983
-1
5088514981624914
-1
8365360232437845
-1
92398456216276
-1
3369243707029207
-1
6646088957842138
-1
9922934208655069
-1
1649972432433500
-1
4926817683246431
-1
8203662934059362
-1
11480508184872293
-1
3207546408650724
-1
6484391659463655
-1
9761236910276586
-1
1488275134055017
-1
4765120384867948
-1
8041965635680879
-1
11318810886493810
-1
3045849110272241
-1
6322694361085172
-1
9599539611898103
-1
1326577835676534
-1
4603423086489465
-1
7880268337302396
-1
11157113588115327
-1
2884151811893758
-1
6160997062706689
-1
9437842313519620
-1
1164880537298051
-1
4441725788110982
-1
7718571038923913
-1
10995416289736844
-1
2722454513515275
-1
5999299764328206
-1
9276145015141137
-1
1003183238919568
-1
4280028489732499
-1
7556873740545430
-1
10833718991358361
-1
2560757215136792
-1
5837602465949723
-1
9114447716762654
-1
841485940541085
-1
4118331191354016
-1
7395176442166947
-1
10672021692979878
-1
2399059916758309
-1
5675905167571240
-1
8952750418384171
-1
679788642162602
-1
3956633892975533
-1
7233479143788464
-1
10510324394601395
-1
2237362618379826
-1
5514207869192757
-1
8791053120005688
-1
518091343784119
-1
3794936594597050
-1
7071781845409981
-1
10348627096222912
-1
2075665320001343
-1
5352510570814274
-1
8629355821627205
-1
356394045405636
-1
3633239296218567
-1
6910084547031498
-1
10186929797844429
-1
1913968021622860
-1
5190813272435791
-1
8467658523248722
-1
194696747027153
-1
3471541997840084
-1
6748387248653015
-1
10025232499465946
-1
1752270723244377
-1
5029115974057308
-1
8305961224870239
-1
32999448648670
-1
3309844699461601
-1
6586689950274532
-1
9863535201087463
-1
1590573424865894
-1
4867418675678825
-1
8144263926491756
-1
11421109177304687
-1
3148147401083118
-1
6424992651896049
-1
9701837902708980
-1
1428876126487411
-1
4705721377300342
-1
7982566628113273
-1
11259411878926204
-1
2986450102704635
-1
6263295353517566
-1
9540140604330497
-1
1267178828108928
-1
4544024078921859
-1
7820869329734790
-1
11097714580547721
-1
2824752804326152
-1
6101598055139083
-1
9378443305952014
-1
1105481529730445
-1
4382326780543376
-1
7659172031356307
-1
10936017282169238
-1
2663055505947669
-1
5939900756760600
-1
9216746007573531
-1
943784231351962
-1
4220629482164893
-1
7497474732977824
-1
10774319983790755
-1
2501358207569186
-1
5778203458382117
-1
9055048709195048
-1
782086932973479
-1
4058932183786410
-1
7335777434599341
-1
10612622685412272
-1
2339660909190703
-1
5616506160003634
-1
8893351410816565
-1
620389634594996
-1
3897234885407927
-1
7174080136220858
-1
10450925387033789
-1
2177963610812220
-1
5454808861625151
-1
8731654112438082
-1
458692336216513
-1
3735537587029444
-1
7012382837842375
-1
10289228088655306
-1
2016266312433737
-1
5293111563246668
-1
8569956814059599
-1
296995037838030
-1
3573840288650961
-1
6850685539463892
-1
10127530790276823
-1
1854569014055254
-1
5131414264868185
-1
8408259515681116
-1
135297739459547
-1
3412142990272478
-1
6688988241085409
-1
9965833491898340
-1
1692871715676771
-1
4969716966489702
-1
8246562217302633
-1
11523407468115564
-1
3250445691893995
-1
6527290942706926
-1
9804136193519857
-1
1531174417298288
-1
4808019668111219
-1
8084864918924150
-1
11361710169737081
-1
3088748393515512
-1
6365593644328443
-1
9642438895141374
-1
1369477118919805
-1
4646322369732736
-1
7923167620545667
-1
11200012871358598
-1
2927051095137029
-1
6203896345949960
-1
9480741596762891
-1
1207779820541322
-1
4484625071354253
-1
7761470322167184
-1
11038315572980115
-1
2765353796758546
-1
6042199047571477
-1
9319044298384408
-1
1046082522162839
-1
4322927772975770
-1
7599773023788701
-1
10876618274601632
-1
2603656498380063
-1
5880501749192994
-1
9157347000005925
-1
884385223784356
-1
4161230474597287
-1
7438075725410218
-1
10714920976223149
-1
2441959200001580
-1
5718804450814511
-1
8995649701627442
-1
722687925405873
-1
3999533176218804
-1
7276378427031735
-1
10553223677844666
-1
2280261901623097
-1
5557107152436028
-1
8833952403248959
-1
560990627027390
-1
3837835877840321
-1
7114681128653252
-1
10391526379466183
-1
2118564603244614
-1
5395409854057545
-1
8672255104870476
-1
399293328648907
-1
3676138579461838
-1
6952983830274769
-1
10229829081087700
-1
1956867304866131
-1
5233712555679062
-1
8510557806491993
-1
237596030270424
-1
3514441281083355
-1
6791286531896286
-1
10068131782709217
-1
1795170006487648
-1
5072015257300579
-1
8348860508113510
-1
75898731891941
-1
3352743982704872
-1
6629589233517803
-1
9906434484330734
-1
1633472708109165
-1
4910317958922096
-1
8187163209735027
-1
11464008460547958
-1
3191046684326389
-1
6467891935139320
-1
9744737185952251
-1
1471775409730682
-1
4748620660543613
-1
8025465911356544
-1
11302311162169475
-1
3029349385947906
-1
6306194636760837
-1
9583039887573768
-1
1310078111352199
-1
4586923362165130
-1
7863768612978061
-1
11140613863790992
-1
2867652087569423
-1
6144497338382354
-1
9421342589195285
-1
1148380812973716
-1
4425226063786647
-1
7702071314599578
-1
10978916565412509
-1
2705954789190940
-1
5982800040003871
-1
9259645290816802
-1
986683514595233
-1
4263528765408164
-1
7540374016221095
-1
10817219267034026
-1
2544257490812457
-1
5821102741625388
-1
9097947992438319
-1
824986216216750
-1
4101831467029681
-1
7378676717842612
-1
10655521968655543
-1
2382560192433974
-1
5659405443246905
-1
8936250694059836
-1
663288917838267
-1
3940134168651198
-1
7216979419464129
-1
10493824670277060
-1
2220862894055491
-1
5497708144868422
-1
8774553395681353
-1
501591619459784
-1
3778436870272715
-1
7055282121085646
-1
10332127371898577
-1
2059165595677008
-1
5336010846489939
-1
8612856097302870
-1
339894321081301
-1
3616739571894232
-1
6893584822707163
-1
10170430073520094
-1
1897468297298525
-1
5174313548111456
-1
8451158798924387
-1
178197022702818
-1
3455042273515749
-1
6731887524328680
-1
10008732775141611
-1
1735770998920042
-1
5012616249732973
-1
8289461500545904
-1
16499724324335
-1
3293344975137266
-1
6570190225950197
-1
9847035476763128
-1
1574073700541559
-1
4850918951354490
-1
8127764202167421
-1
11404609452980352
-1
3131647676758783
-1
6408492927571714
-1
9685338178384645
-1
1412376402163076
-1
4689221652976007
-1
7966066903788938
-1
11242912154601869
-1
2969950378380300
-1
6246795629193231
-1
9523640880006162
-1
1250679103784593
-1
4527524354597524
-1
7804369605410455
-1
11081214856223386
-1
2808253080001817
-1
6085098330814748
-1
9361943581627679
-1
1088981805406110
-1
4365827056219041
-1
7642672307031972
-1
10919517557844903
-1
2646555781623334
-1
5923401032436265
-1
9200246283249196
-1
927284507027627
-1
4204129757840558
-1
7480975008653489
-1
10757820259466420
-1
2484858483244851
-1
5761703734057782
-1
9038548984870713
-1
765587208649144
-1
4042432459462075
-1
7319277710275006
-1
10596122961087937
-1
2323161184866368
-1
5600006435679299
-1
8876851686492230
-1
603889910270661
-1
3880735161083592
-1
7157580411896523
-1
10434425662709454
-1
2161463886487885
-1
5438309137300816
-1
8715154388113747
-1
442192611892178
-1
3719037862705109
-1
6995883113518040
-1
10272728364330971
-1
1999766588109402
-1
5276611838922333
-1
8553457089735264
-1
280495313513695
-1
3557340564326626
-1
6834185815139557
-1
10111031065952488
-1
1838069289730919
-1
5114914540543850
-1
8391759791356781
-1
118798015135212
-1
3395643265948143
-1
6672488516761074
-1
9949333767574005
-1
1676371991352436
-1
4953217242165367
-1
8230062492978298
-1
11506907743791229
-1
3233945967569660
-1
6510791218382591
-1
9787636469195522
-1
1514674692973953
-1
4791519943786884
-1
8068365194599815
-1
11345210445412746
-1
3072248669191177
-1
6349093920004108
-1
9625939170817039
-1
1352977394595470
-1
4629822645408401
-1
7906667896221332
-1
11183513147034263
-1
2910551370812694
-1
6187396621625625
-1
9464241872438556
-1
1191280096216987
-1
4468125347029918
-1
7744970597842849
-1
11021815848655780
-1
2748854072434211
-1
6025699323247142
-1
9302544574060073
-1
1029582797838504
-1
4306428048651435
-1
7583273299464366
-1
10860118550277297
-1
2587156774055728
-1
5864002024868659
-1
9140847275681590
-1
867885499460021
-1
4144730750272952
-1
7421576001085883
-1
10698421251898814
-1
2425459475677245
-1
5702304726490176
-1
8979149977303107
-1
706188201081538
-1
3983033451894469
-1
7259878702707400
-1
10536723953520331
-1
2263762177298762
-1
5540607428111693
-1
8817452678924624
-1
544490902703055
-1
3821336153515986
-1
7098181404328917
-1
10375026655141848
-1
2102064878920279
-1
5378910129733210
-1
8655755380546141
-1
382793604324572
-1
3659638855137503
-1
6936484105950434
-1
10213329356763365
-1
1940367580541796
-1
5217212831354727
-1
8494058082167658
-1
221096305946089
-1
3497941556759020
-1
6774786807571951
-1
10051632058384882
-1
1778670282163313
-1
5055515532976244
-1
8332360783789175
-1
59399007567606
-1
3336244258380537
-1
6613089509193468
-1
9889934760006399
-1
1616972983784830
-1
4893818234597761
-1
8170663485410692
-1
11447508736223623
-1
3174546960002054
-1
6451392210814985
-1
9728237461627916
-1
1455275685406347
-1
4732120936219278
-1
8008966187032209
-1
11285811437845140
-1
3012849661623571
-1
6289694912436502
-1
9566540163249433
-1
1293578387027864
-1
4570423637840795
-1
7847268888653726
-1
11124114139466657
-1
2851152363245088
-1
6127997614058019
-1
9404842864870950
-1
1131881088649381
-1
4408726339462312
-1
7685571590275243
-1
10962416841088174
-1
2689455064866605
-1
5966300315679536
-1
9243145566492467
-1
970183790270898
-1
4247029041083829
-1
7523874291896760
-1
10800719542709691
-1
2527757766488122
-1
5804603017301053
-1
9081448268113984
-1
808486491892415
-1
4085331742705346
-1
7362176993518277
-1
10639022244331208
-1
2366060468109639
-1
5642905718922570
-1
8919750969735501
-1
646789193513932
-1
3923634444326863
-1
7200479695139794
-1
10477324945952725
-1
2204363169731156
-1
5481208420544087
-1
8758053671357018
-1
485091895135449
-1
3761937145948380
-1
7038782396761311
-1
10315627647574242
-1
2042665871352673
-1
5319511122165604
-1
8596356372978535
-1
323394596756966
-1
3600239847569897
-1
6877085098382828
-1
10153930349195759
-1
1880968572974190
-1
5157813823787121
-1
8434659074600052
-1
161697298378483
-1
3438542549191414
-1
6715387800004345
-1
9992233050817276
-1
1719271274595707
-1
4996116525408638
-1
8272961776221569
-1
