0
2694634677
5389269354
712883031
3407517708
6102152385
1425766062
4120400739
6815035416
2138649093
4833283770
156897447
2851532124
5546166801
869780478
3564415155
6259049832
1582663509
4277298186
6971932863
2295546540
4990181217
313794894
3008429571
5703064248
1026677925
3721312602
6415947279
1739560956
4434195633
7128830310
2452443987
5147078664
470692341
3165327018
5859961695
1183575372
3878210049
6572844726
1896458403
4591093080
7285727757
2609341434
5303976111
627589788
3322224465
6016859142
1340472819
4035107496
6729742173
2053355850
4747990527
71604204
2766238881
5460873558
784487235
3479121912
6173756589
1497370266
4192004943
6886639620
2210253297
4904887974
228501651
2923136328
5617771005
941384682
3636019359
6330654036
1654267713
4348902390
7043537067
2367150744
5061785421
385399098
3080033775
5774668452
1098282129
3792916806
6487551483
1811165160
4505799837
7200434514
2524048191
5218682868
542296545
3236931222
5931565899
1255179576
3949814253
6644448930
1968062607
4662697284
7357331961
2680945638
5375580315
699193992
3393828669
6088463346
1412077023
4106711700
6801346377
2124960054
4819594731
143208408
2837843085
5532477762
856091439
3550726116
6245360793
1568974470
4263609147
6958243824
2281857501
4976492178
300105855
2994740532
5689375209
1012988886
3707623563
6402258240
1725871917
4420506594
7115141271
2438754948
5133389625
457003302
3151637979
5846272656
1169886333
3864521010
6559155687
1882769364
4577404041
7272038718
2595652395
5290287072
613900749
3308535426
6003170103
1326783780
4021418457
6716053134
2039666811
4734301488
57915165
2752549842
5447184519
770798196
3465432873
6160067550
1483681227
4178315904
6872950581
2196564258
4891198935
214812612
2909447289
5604081966
927695643
3622330320
6316964997
1640578674
4335213351
7029848028
2353461705
5048096382
371710059
3066344736
5760979413
1084593090
3779227767
6473862444
1797476121
4492110798
7186745475
2510359152
5204993829
528607506
3223242183
5917876860
1241490537
3936125214
6630759891
1954373568
4649008245
7343642922
2667256599
5361891276
685504953
3380139630
6074774307
1398387984
4093022661
6787657338
2111271015
4805905692
129519369
2824154046
5518788723
842402400
3537037077
6231671754
1555285431
4249920108
6944554785
2268168462
4962803139
286416816
2981051493
5675686170
999299847
3693934524
6388569201
1712182878
4406817555
7101452232
2425065909
5119700586
443314263
3137948940
5832583617
1156197294
3850831971
6545466648
1869080325
4563715002
7258349679
2581963356
5276598033
600211710
3294846387
5989481064
1313094741
4007729418
6702364095
2025977772
4720612449
44226126
2738860803
5433495480
757109157
3451743834
6146378511
1469992188
4164626865
6859261542
2182875219
4877509896
201123573
2895758250
5590392927
914006604
3608641281
6303275958
1626889635
4321524312
7016158989
2339772666
5034407343
358021020
3052655697
5747290374
1070904051
3765538728
6460173405
1783787082
4478421759
7173056436
2496670113
5191304790
514918467
3209553144
5904187821
1227801498
3922436175
6617070852
1940684529
4635319206
7329953883
2653567560
5348202237
671815914
3366450591
6061085268
1384698945
4079333622
6773968299
2097581976
4792216653
115830330
2810465007
5505099684
828713361
3523348038
6217982715
1541596392
4236231069
6930865746
2254479423
4949114100
272727777
2967362454
5661997131
985610808
3680245485
6374880162
1698493839
4393128516
7087763193
2411376870
5106011547
429625224
3124259901
5818894578
1142508255
3837142932
6531777609
1855391286
4550025963
7244660640
2568274317
5262908994
586522671
3281157348
5975792025
1299405702
3994040379
6688675056
2012288733
4706923410
30537087
2725171764
5419806441
743420118
3438054795
6132689472
1456303149
4150937826
6845572503
2169186180
4863820857
187434534
2882069211
5576703888
900317565
3594952242
6289586919
1613200596
4307835273
7002469950
2326083627
5020718304
344331981
3038966658
5733601335
1057215012
3751849689
6446484366
1770098043
4464732720
7159367397
2482981074
5177615751
501229428
3195864105
5890498782
1214112459
3908747136
6603381813
1926995490
4621630167
7316264844
2639878521
5334513198
658126875
3352761552
6047396229
1371009906
4065644583
6760279260
2083892937
4778527614
102141291
2796775968
5491410645
815024322
3509658999
6204293676
1527907353
4222542030
6917176707
2240790384
4935425061
259038738
2953673415
5648308092
971921769
3666556446
6361191123
1684804800
4379439477
7074074154
2397687831
5092322508
415936185
3110570862
5805205539
1128819216
3823453893
6518088570
1841702247
4536336924
7230971601
2554585278
5249219955
572833632
3267468309
5962102986
1285716663
3980351340
6674986017
1998599694
4693234371
16848048
2711482725
5406117402
729731079
3424365756
6119000433
1442614110
4137248787
6831883464
2155497141
4850131818
173745495
2868380172
5563014849
886628526
3581263203
6275897880
1599511557
4294146234
6988780911
2312394588
5007029265
330642942
3025277619
5719912296
1043525973
3738160650
6432795327
1756409004
4451043681
7145678358
2469292035
5163926712
487540389
3182175066
5876809743
1200423420
3895058097
6589692774
1913306451
4607941128
7302575805
2626189482
5320824159
644437836
3339072513
6033707190
1357320867
4051955544
6746590221
2070203898
4764838575
88452252
2783086929
5477721606
801335283
3495969960
6190604637
1514218314
4208852991
6903487668
2227101345
4921736022
245349699
2939984376
5634619053
958232730
3652867407
6347502084
1671115761
4365750438
7060385115
2383998792
5078633469
402247146
3096881823
5791516500
1115130177
3809764854
6504399531
1828013208
4522647885
7217282562
2540896239
5235530916
559144593
3253779270
5948413947
1272027624
3966662301
6661296978
1984910655
4679545332
3159009
2697793686
5392428363
716042040
3410676717
6105311394
1428925071
4123559748
6818194425
2141808102
4836442779
160056456
2854691133
5549325810
872939487
3567574164
6262208841
1585822518
4280457195
6975091872
2298705549
4993340226
316953903
3011588580
5706223257
1029836934
3724471611
6419106288
1742719965
4437354642
7131989319
2455602996
5150237673
473851350
3168486027
5863120704
1186734381
3881369058
6576003735
1899617412
4594252089
7288886766
2612500443
5307135120
630748797
3325383474
6020018151
1343631828
4038266505
6732901182
2056514859
4751149536
74763213
2769397890
5464032567
787646244
3482280921
6176915598
1500529275
4195163952
6889798629
2213412306
4908046983
231660660
2926295337
5620930014
944543691
3639178368
6333813045
1657426722
4352061399
7046696076
2370309753
5064944430
388558107
3083192784
5777827461
1101441138
3796075815
6490710492
1814324169
4508958846
7203593523
2527207200
5221841877
545455554
3240090231
5934724908
1258338585
3952973262
6647607939
1971221616
4665856293
7360490970
2684104647
5378739324
702353001
3396987678
6091622355
1415236032
4109870709
6804505386
2128119063
4822753740
146367417
2841002094
5535636771
859250448
3553885125
6248519802
1572133479
4266768156
6961402833
2285016510
4979651187
303264864
2997899541
5692534218
1016147895
3710782572
6405417249
1729030926
4423665603
7118300280
2441913957
5136548634
460162311
3154796988
5849431665
1173045342
3867680019
6562314696
1885928373
4580563050
7275197727
2598811404
5293446081
617059758
3311694435
6006329112
1329942789
4024577466
6719212143
2042825820
4737460497
61074174
2755708851
5450343528
773957205
3468591882
6163226559
1486840236
4181474913
6876109590
2199723267
4894357944
217971621
2912606298
5607240975
930854652
3625489329
6320124006
1643737683
4338372360
7033007037
2356620714
5051255391
374869068
3069503745
5764138422
1087752099
3782386776
6477021453
1800635130
4495269807
7189904484
2513518161
5208152838
531766515
3226401192
5921035869
1244649546
3939284223
6633918900
1957532577
4652167254
7346801931
2670415608
5365050285
688663962
3383298639
6077933316
1401546993
4096181670
6790816347
2114430024
4809064701
132678378
2827313055
5521947732
845561409
3540196086
6234830763
1558444440
4253079117
6947713794
2271327471
4965962148
289575825
2984210502
5678845179
1002458856
3697093533
6391728210
1715341887
4409976564
7104611241
2428224918
5122859595
446473272
3141107949
5835742626
1159356303
3853990980
6548625657
1872239334
4566874011
7261508688
2585122365
5279757042
603370719
3298005396
5992640073
1316253750
4010888427
6705523104
2029136781
4723771458
47385135
2742019812
5436654489
760268166
3454902843
6149537520
1473151197
4167785874
6862420551
2186034228
4880668905
204282582
2898917259
5593551936
917165613
3611800290
6306434967
1630048644
4324683321
7019317998
2342931675
5037566352
361180029
3055814706
5750449383
1074063060
3768697737
6463332414
1786946091
4481580768
7176215445
2499829122
5194463799
518077476
3212712153
5907346830
1230960507
3925595184
6620229861
1943843538
4638478215
7333112892
2656726569
5351361246
674974923
3369609600
6064244277
1387857954
4082492631
6777127308
2100740985
4795375662
118989339
2813624016
5508258693
831872370
3526507047
6221141724
1544755401
4239390078
6934024755
2257638432
4952273109
275886786
2970521463
5665156140
988769817
3683404494
6378039171
1701652848
4396287525
7090922202
2414535879
5109170556
432784233
3127418910
5822053587
1145667264
3840301941
6534936618
1858550295
4553184972
7247819649
2571433326
5266068003
589681680
3284316357
5978951034
1302564711
3997199388
6691834065
2015447742
4710082419
33696096
2728330773
5422965450
746579127
3441213804
6135848481
1459462158
4154096835
6848731512
2172345189
4866979866
190593543
2885228220
5579862897
903476574
3598111251
6292745928
1616359605
4310994282
7005628959
2329242636
5023877313
347490990
3042125667
5736760344
1060374021
3755008698
6449643375
1773257052
4467891729
7162526406
2486140083
5180774760
504388437
3199023114
5893657791
1217271468
3911906145
6606540822
1930154499
4624789176
7319423853
2643037530
5337672207
661285884
3355920561
6050555238
1374168915
4068803592
6763438269
2087051946
4781686623
105300300
2799934977
5494569654
818183331
3512818008
6207452685
1531066362
4225701039
6920335716
2243949393
4938584070
262197747
2956832424
5651467101
975080778
3669715455
6364350132
1687963809
4382598486
7077233163
2400846840
5095481517
419095194
3113729871
5808364548
1131978225
3826612902
6521247579
1844861256
4539495933
7234130610
2557744287
5252378964
575992641
3270627318
5965261995
1288875672
3983510349
6678145026
2001758703
4696393380
20007057
2714641734
5409276411
732890088
3427524765
6122159442
1445773119
4140407796
6835042473
2158656150
4853290827
176904504
2871539181
5566173858
889787535
3584422212
6279056889
1602670566
4297305243
6991939920
2315553597
5010188274
333801951
3028436628
5723071305
1046684982
3741319659
6435954336
1759568013
4454202690
7148837367
2472451044
5167085721
490699398
3185334075
5879968752
1203582429
3898217106
6592851783
1916465460
4611100137
7305734814
2629348491
5323983168
647596845
3342231522
6036866199
1360479876
4055114553
6749749230
2073362907
4767997584
91611261
2786245938
5480880615
804494292
3499128969
6193763646
1517377323
4212012000
6906646677
2230260354
4924895031
248508708
2943143385
5637778062
961391739
3656026416
6350661093
1674274770
4368909447
7063544124
2387157801
5081792478
405406155
3100040832
5794675509
1118289186
3812923863
6507558540
1831172217
4525806894
7220441571
2544055248
5238689925
562303602
3256938279
5951572956
1275186633
3969821310
6664455987
1988069664
4682704341
6318018
2700952695
5395587372
719201049
3413835726
6108470403
1432084080
4126718757
6821353434
2144967111
4839601788
163215465
2857850142
5552484819
876098496
3570733173
6265367850
1588981527
4283616204
6978250881
2301864558
4996499235
320112912
3014747589
5709382266
1032995943
3727630620
6422265297
1745878974
4440513651
7135148328
2458762005
5153396682
477010359
3171645036
5866279713
1189893390
3884528067
6579162744
1902776421
4597411098
7292045775
2615659452
5310294129
633907806
3328542483
6023177160
1346790837
4041425514
6736060191
2059673868
4754308545
77922222
2772556899
5467191576
790805253
3485439930
6180074607
1503688284
4198322961
6892957638
2216571315
4911205992
234819669
2929454346
5624089023
947702700
3642337377
6336972054
1660585731
4355220408
7049855085
2373468762
5068103439
391717116
3086351793
5780986470
1104600147
3799234824
6493869501
1817483178
4512117855
7206752532
2530366209
5225000886
548614563
3243249240
5937883917
1261497594
3956132271
6650766948
1974380625
4669015302
7363649979
2687263656
5381898333
705512010
3400146687
6094781364
1418395041
4113029718
6807664395
2131278072
4825912749
149526426
2844161103
5538795780
862409457
3557044134
6251678811
1575292488
4269927165
6964561842
2288175519
4982810196
306423873
3001058550
5695693227
1019306904
3713941581
6408576258
1732189935
4426824612
7121459289
2445072966
5139707643
463321320
3157955997
5852590674
1176204351
3870839028
6565473705
1889087382
4583722059
7278356736
2601970413
5296605090
620218767
3314853444
6009488121
1333101798
4027736475
6722371152
2045984829
4740619506
64233183
2758867860
5453502537
777116214
3471750891
6166385568
1489999245
4184633922
6879268599
2202882276
4897516953
221130630
2915765307
5610399984
934013661
3628648338
6323283015
1646896692
4341531369
7036166046
2359779723
5054414400
378028077
3072662754
5767297431
1090911108
3785545785
6480180462
1803794139
4498428816
7193063493
2516677170
5211311847
534925524
3229560201
5924194878
1247808555
3942443232
6637077909
1960691586
4655326263
7349960940
2673574617
5368209294
691822971
3386457648
6081092325
1404706002
4099340679
6793975356
2117589033
4812223710
135837387
2830472064
5525106741
848720418
3543355095
6237989772
1561603449
4256238126
6950872803
2274486480
4969121157
292734834
2987369511
5682004188
1005617865
3700252542
6394887219
1718500896
4413135573
7107770250
2431383927
5126018604
449632281
3144266958
5838901635
1162515312
3857149989
6551784666
1875398343
4570033020
7264667697
2588281374
5282916051
606529728
3301164405
5995799082
1319412759
4014047436
6708682113
2032295790
4726930467
50544144
2745178821
5439813498
763427175
3458061852
6152696529
1476310206
4170944883
6865579560
2189193237
4883827914
207441591
2902076268
5596710945
920324622
3614959299
6309593976
1633207653
4327842330
7022477007
2346090684
5040725361
364339038
3058973715
5753608392
1077222069
3771856746
6466491423
1790105100
4484739777
7179374454
2502988131
5197622808
521236485
3215871162
5910505839
1234119516
3928754193
6623388870
1947002547
4641637224
7336271901
2659885578
5354520255
678133932
3372768609
6067403286
1391016963
4085651640
6780286317
2103899994
4798534671
122148348
2816783025
5511417702
835031379
3529666056
6224300733
1547914410
4242549087
6937183764
2260797441
4955432118
279045795
2973680472
5668315149
991928826
3686563503
6381198180
1704811857
4399446534
7094081211
2417694888
5112329565
435943242
3130577919
5825212596
1148826273
3843460950
6538095627
1861709304
4556343981
7250978658
2574592335
5269227012
592840689
3287475366
5982110043
1305723720
4000358397
6694993074
2018606751
4713241428
36855105
2731489782
5426124459
749738136
3444372813
6139007490
1462621167
4157255844
6851890521
2175504198
4870138875
193752552
2888387229
5583021906
906635583
3601270260
6295904937
1619518614
4314153291
7008787968
2332401645
5027036322
350649999
3045284676
5739919353
1063533030
3758167707
6452802384
1776416061
4471050738
7165685415
2489299092
5183933769
507547446
3202182123
5896816800
1220430477
3915065154
6609699831
1933313508
4627948185
7322582862
2646196539
5340831216
664444893
3359079570
6053714247
1377327924
4071962601
6766597278
2090210955
4784845632
108459309
2803093986
5497728663
821342340
3515977017
6210611694
1534225371
4228860048
6923494725
2247108402
4941743079
265356756
2959991433
5654626110
978239787
3672874464
6367509141
1691122818
4385757495
7080392172
2404005849
5098640526
422254203
3116888880
5811523557
1135137234
3829771911
6524406588
1848020265
4542654942
7237289619
2560903296
5255537973
579151650
3273786327
5968421004
1292034681
3986669358
6681304035
2004917712
4699552389
23166066
2717800743
5412435420
736049097
3430683774
6125318451
1448932128
4143566805
6838201482
2161815159
4856449836
180063513
2874698190
5569332867
892946544
3587581221
6282215898
1605829575
4300464252
6995098929
2318712606
5013347283
336960960
3031595637
5726230314
1049843991
3744478668
6439113345
1762727022
4457361699
7151996376
2475610053
5170244730
493858407
3188493084
5883127761
1206741438
3901376115
6596010792
1919624469
4614259146
7308893823
2632507500
5327142177
650755854
3345390531
6040025208
1363638885
4058273562
6752908239
2076521916
4771156593
94770270
2789404947
5484039624
807653301
3502287978
6196922655
1520536332
4215171009
6909805686
2233419363
4928054040
251667717
2946302394
5640937071
964550748
3659185425
6353820102
1677433779
4372068456
7066703133
2390316810
5084951487
408565164
3103199841
5797834518
1121448195
3816082872
6510717549
1834331226
4528965903
7223600580
2547214257
5241848934
565462611
3260097288
5954731965
1278345642
3972980319
6667614996
1991228673
4685863350
9477027
2704111704
5398746381
722360058
3416994735
6111629412
1435243089
4129877766
6824512443
2148126120
4842760797
166374474
2861009151
5555643828
879257505
3573892182
6268526859
1592140536
4286775213
6981409890
2305023567
4999658244
323271921
3017906598
5712541275
1036154952
3730789629
6425424306
1749037983
4443672660
7138307337
2461921014
5156555691
480169368
3174804045
5869438722
1193052399
3887687076
6582321753
1905935430
4600570107
7295204784
2618818461
5313453138
637066815
3331701492
6026336169
1349949846
4044584523
6739219200
2062832877
4757467554
81081231
2775715908
5470350585
793964262
3488598939
6183233616
1506847293
4201481970
6896116647
2219730324
4914365001
237978678
2932613355
5627248032
950861709
3645496386
6340131063
1663744740
4358379417
7053014094
2376627771
5071262448
394876125
3089510802
5784145479
1107759156
3802393833
6497028510
1820642187
4515276864
7209911541
2533525218
5228159895
551773572
3246408249
5941042926
1264656603
3959291280
6653925957
1977539634
4672174311
7366808988
2690422665
5385057342
708671019
3403305696
6097940373
1421554050
4116188727
6810823404
2134437081
4829071758
152685435
2847320112
5541954789
865568466
3560203143
6254837820
1578451497
4273086174
6967720851
2291334528
4985969205
309582882
3004217559
5698852236
1022465913
3717100590
6411735267
1735348944
4429983621
7124618298
2448231975
5142866652
466480329
3161115006
5855749683
1179363360
3873998037
6568632714
1892246391
4586881068
7281515745
2605129422
5299764099
623377776
3318012453
6012647130
1336260807
4030895484
6725530161
2049143838
4743778515
67392192
2762026869
5456661546
780275223
3474909900
6169544577
1493158254
4187792931
6882427608
2206041285
4900675962
224289639
2918924316
5613558993
937172670
3631807347
6326442024
1650055701
4344690378
7039325055
2362938732
5057573409
381187086
3075821763
5770456440
1094070117
3788704794
6483339471
1806953148
4501587825
7196222502
2519836179
5214470856
538084533
3232719210
5927353887
1250967564
3945602241
6640236918
1963850595
4658485272
7353119949
2676733626
5371368303
694981980
3389616657
6084251334
1407865011
4102499688
6797134365
2120748042
4815382719
138996396
2833631073
5528265750
851879427
3546514104
6241148781
1564762458
4259397135
6954031812
2277645489
4972280166
295893843
2990528520
5685163197
1008776874
3703411551
6398046228
1721659905
4416294582
7110929259
2434542936
5129177613
452791290
3147425967
5842060644
1165674321
3860308998
6554943675
1878557352
4573192029
7267826706
2591440383
5286075060
609688737
3304323414
5998958091
1322571768
4017206445
6711841122
2035454799
4730089476
53703153
2748337830
5442972507
766586184
3461220861
6155855538
1479469215
4174103892
6868738569
2192352246
4886986923
210600600
2905235277
5599869954
923483631
3618118308
6312752985
1636366662
4331001339
7025636016
2349249693
5043884370
367498047
3062132724
5756767401
1080381078
3775015755
6469650432
1793264109
4487898786
7182533463
2506147140
5200781817
524395494
3219030171
5913664848
1237278525
3931913202
6626547879
1950161556
4644796233
7339430910
2663044587
5357679264
681292941
3375927618
6070562295
1394175972
4088810649
6783445326
2107059003
4801693680
125307357
2819942034
5514576711
838190388
3532825065
6227459742
1551073419
4245708096
6940342773
2263956450
4958591127
282204804
2976839481
5671474158
995087835
3689722512
6384357189
1707970866
4402605543
7097240220
2420853897
5115488574
439102251
3133736928
5828371605
1151985282
3846619959
6541254636
1864868313
4559502990
7254137667
2577751344
5272386021
595999698
3290634375
5985269052
1308882729
4003517406
6698152083
2021765760
4716400437
40014114
2734648791
5429283468
752897145
3447531822
6142166499
1465780176
4160414853
6855049530
2178663207
4873297884
196911561
2891546238
5586180915
909794592
3604429269
6299063946
1622677623
4317312300
7011946977
2335560654
5030195331
353809008
3048443685
5743078362
1066692039
3761326716
6455961393
1779575070
4474209747
7168844424
2492458101
5187092778
510706455
3205341132
5899975809
1223589486
3918224163
6612858840
1936472517
4631107194
7325741871
2649355548
5343990225
667603902
3362238579
6056873256
1380486933
4075121610
6769756287
2093369964
4788004641
111618318
2806252995
5500887672
824501349
3519136026
6213770703
1537384380
4232019057
6926653734
2250267411
4944902088
268515765
2963150442
5657785119
981398796
3676033473
6370668150
1694281827
4388916504
7083551181
2407164858
5101799535
425413212
3120047889
5814682566
1138296243
3832930920
6527565597
1851179274
4545813951
7240448628
2564062305
5258696982
582310659
3276945336
5971580013
1295193690
3989828367
6684463044
2008076721
4702711398
26325075
2720959752
5415594429
739208106
3433842783
6128477460
1452091137
4146725814
6841360491
2164974168
4859608845
183222522
2877857199
5572491876
896105553
3590740230
6285374907
1608988584
4303623261
6998257938
2321871615
5016506292
340119969
3034754646
5729389323
1053003000
3747637677
6442272354
1765886031
4460520708
7155155385
2478769062
5173403739
497017416
3191652093
5886286770
1209900447
3904535124
6599169801
1922783478
4617418155
7312052832
2635666509
5330301186
653914863
3348549540
6043184217
1366797894
4061432571
6756067248
2079680925
4774315602
97929279
2792563956
5487198633
810812310
3505446987
6200081664
1523695341
4218330018
6912964695
2236578372
4931213049
254826726
2949461403
5644096080
967709757
3662344434
6356979111
1680592788
4375227465
7069862142
2393475819
5088110496
411724173
3106358850
5800993527
1124607204
3819241881
6513876558
1837490235
4532124912
7226759589
2550373266
5245007943
568621620
3263256297
5957890974
1281504651
3976139328
6670774005
1994387682
4689022359
12636036
2707270713
5401905390
725519067
3420153744
6114788421
1438402098
4133036775
6827671452
2151285129
4845919806
169533483
2864168160
5558802837
882416514
3577051191
6271685868
1595299545
4289934222
6984568899
2308182576
5002817253
326430930
3021065607
5715700284
1039313961
3733948638
6428583315
1752196992
4446831669
7141466346
2465080023
5159714700
483328377
3177963054
5872597731
1196211408
3890846085
6585480762
1909094439
4603729116
7298363793
2621977470
5316612147
640225824
3334860501
6029495178
1353108855
4047743532
6742378209
2065991886
4760626563
84240240
2778874917
5473509594
797123271
3491757948
6186392625
1510006302
4204640979
6899275656
2222889333
4917524010
241137687
2935772364
5630407041
954020718
3648655395
6343290072
1666903749
4361538426
7056173103
2379786780
5074421457
398035134
3092669811
5787304488
1110918165
3805552842
6500187519
1823801196
4518435873
7213070550
2536684227
5231318904
554932581
3249567258
5944201935
1267815612
3962450289
6657084966
1980698643
4675333320
7369967997
2693581674
5388216351
711830028
3406464705
6101099382
1424713059
4119347736
6813982413
2137596090
4832230767
155844444
2850479121
5545113798
868727475
3563362152
6257996829
1581610506
4276245183
6970879860
2294493537
4989128214
312741891
3007376568
5702011245
1025624922
3720259599
6414894276
1738507953
4433142630
7127777307
2451390984
5146025661
469639338
3164274015
5858908692
1182522369
3877157046
6571791723
1895405400
4590040077
7284674754
2608288431
5302923108
626536785
3321171462
6015806139
1339419816
4034054493
6728689170
2052302847
4746937524
70551201
2765185878
5459820555
783434232
3478068909
6172703586
1496317263
4190951940
6885586617
2209200294
4903834971
227448648
2922083325
5616718002
940331679
3634966356
6329601033
1653214710
4347849387
7042484064
2366097741
5060732418
384346095
3078980772
5773615449
1097229126
3791863803
6486498480
1810112157
4504746834
7199381511
2522995188
5217629865
541243542
3235878219
5930512896
1254126573
3948761250
6643395927
1967009604
4661644281
7356278958
2679892635
5374527312
698140989
3392775666
6087410343
1411024020
4105658697
6800293374
2123907051
4818541728
142155405
2836790082
5531424759
855038436
3549673113
6244307790
1567921467
4262556144
6957190821
2280804498
4975439175
299052852
2993687529
5688322206
1011935883
3706570560
6401205237
1724818914
4419453591
7114088268
2437701945
5132336622
455950299
3150584976
5845219653
1168833330
3863468007
6558102684
1881716361
4576351038
7270985715
2594599392
5289234069
612847746
3307482423
6002117100
1325730777
4020365454
6715000131
2038613808
4733248485
56862162
2751496839
5446131516
769745193
3464379870
6159014547
1482628224
4177262901
6871897578
2195511255
4890145932
213759609
2908394286
5603028963
926642640
3621277317
6315911994
1639525671
4334160348
7028795025
2352408702
5047043379
370657056
3065291733
5759926410
1083540087
3778174764
6472809441
1796423118
4491057795
7185692472
2509306149
5203940826
527554503
3222189180
5916823857
1240437534
3935072211
6629706888
1953320565
4647955242
7342589919
2666203596
5360838273
684451950
3379086627
6073721304
1397334981
4091969658
6786604335
2110218012
4804852689
128466366
2823101043
5517735720
841349397
3535984074
6230618751
1554232428
4248867105
6943501782
2267115459
4961750136
285363813
2979998490
5674633167
998246844
3692881521
6387516198
1711129875
4405764552
7100399229
2424012906
5118647583
442261260
3136895937
5831530614
1155144291
3849778968
6544413645
1868027322
4562661999
7257296676
2580910353
5275545030
599158707
3293793384
5988428061
1312041738
4006676415
6701311092
2024924769
4719559446
43173123
2737807800
5432442477
756056154
3450690831
6145325508
1468939185
4163573862
6858208539
2181822216
4876456893
200070570
2894705247
5589339924
912953601
3607588278
6302222955
1625836632
4320471309
7015105986
2338719663
5033354340
356968017
3051602694
5746237371
1069851048
3764485725
6459120402
1782734079
4477368756
7172003433
2495617110
5190251787
513865464
3208500141
5903134818
1226748495
3921383172
6616017849
1939631526
4634266203
7328900880
2652514557
5347149234
670762911
3365397588
6060032265
1383645942
4078280619
6772915296
2096528973
4791163650
114777327
2809412004
5504046681
827660358
3522295035
6216929712
1540543389
4235178066
6929812743
2253426420
4948061097
271674774
2966309451
5660944128
984557805
3679192482
6373827159
1697440836
4392075513
7086710190
2410323867
5104958544
428572221
3123206898
5817841575
1141455252
3836089929
6530724606
1854338283
4548972960
7243607637
2567221314
5261855991
585469668
3280104345
5974739022
1298352699
3992987376
6687622053
2011235730
4705870407
29484084
2724118761
5418753438
742367115
3437001792
6131636469
1455250146
4149884823
6844519500
2168133177
4862767854
186381531
2881016208
5575650885
899264562
3593899239
6288533916
1612147593
4306782270
7001416947
2325030624
5019665301
343278978
3037913655
5732548332
1056162009
3750796686
6445431363
1769045040
4463679717
7158314394
2481928071
5176562748
500176425
3194811102
5889445779
1213059456
3907694133
6602328810
1925942487
4620577164
7315211841
2638825518
5333460195
657073872
3351708549
6046343226
1369956903
4064591580
6759226257
2082839934
4777474611
101088288
2795722965
5490357642
813971319
3508605996
6203240673
1526854350
4221489027
6916123704
2239737381
4934372058
257985735
2952620412
5647255089
970868766
3665503443
6360138120
1683751797
4378386474
7073021151
2396634828
5091269505
414883182
3109517859
5804152536
1127766213
3822400890
6517035567
1840649244
4535283921
7229918598
2553532275
5248166952
571780629
3266415306
5961049983
1284663660
3979298337
6673933014
1997546691
4692181368
15795045
2710429722
5405064399
728678076
3423312753
6117947430
1441561107
4136195784
6830830461
2154444138
4849078815
172692492
2867327169
5561961846
885575523
3580210200
6274844877
1598458554
4293093231
6987727908
2311341585
5005976262
329589939
3024224616
5718859293
1042472970
3737107647
6431742324
1755356001
4449990678
7144625355
2468239032
5162873709
486487386
3181122063
5875756740
1199370417
3894005094
6588639771
1912253448
4606888125
7301522802
2625136479
5319771156
643384833
3338019510
6032654187
1356267864
4050902541
6745537218
2069150895
4763785572
87399249
2782033926
5476668603
800282280
3494916957
6189551634
1513165311
4207799988
6902434665
2226048342
4920683019
244296696
2938931373
5633566050
957179727
3651814404
6346449081
1670062758
4364697435
7059332112
2382945789
5077580466
401194143
3095828820
5790463497
1114077174
3808711851
6503346528
1826960205
4521594882
7216229559
2539843236
5234477913
558091590
3252726267
5947360944
1270974621
3965609298
6660243975
1983857652
4678492329
2106006
2696740683
5391375360
714989037
3409623714
6104258391
1427872068
4122506745
6817141422
2140755099
4835389776
159003453
2853638130
5548272807
871886484
3566521161
6261155838
1584769515
4279404192
6974038869
2297652546
4992287223
315900900
3010535577
5705170254
1028783931
3723418608
6418053285
1741666962
4436301639
7130936316
2454549993
5149184670
472798347
3167433024
5862067701
1185681378
3880316055
6574950732
1898564409
4593199086
7287833763
2611447440
5306082117
629695794
3324330471
6018965148
1342578825
4037213502
6731848179
2055461856
4750096533
73710210
2768344887
5462979564
786593241
3481227918
6175862595
1499476272
4194110949
6888745626
2212359303
4906993980
230607657
2925242334
5619877011
943490688
3638125365
6332760042
1656373719
4351008396
7045643073
2369256750
5063891427
387505104
3082139781
5776774458
1100388135
3795022812
6489657489
1813271166
4507905843
7202540520
2526154197
5220788874
544402551
3239037228
5933671905
1257285582
3951920259
6646554936
1970168613
4664803290
7359437967
2683051644
5377686321
701299998
3395934675
6090569352
1414183029
4108817706
6803452383
2127066060
4821700737
145314414
2839949091
5534583768
858197445
3552832122
6247466799
1571080476
4265715153
6960349830
2283963507
4978598184
302211861
2996846538
5691481215
1015094892
3709729569
6404364246
1727977923
4422612600
7117247277
2440860954
5135495631
459109308
3153743985
5848378662
1171992339
3866627016
6561261693
1884875370
4579510047
7274144724
2597758401
5292393078
616006755
3310641432
6005276109
1328889786
4023524463
6718159140
2041772817
4736407494
60021171
2754655848
5449290525
772904202
3467538879
6162173556
1485787233
4180421910
6875056587
2198670264
4893304941
216918618
2911553295
5606187972
929801649
3624436326
6319071003
1642684680
4337319357
7031954034
2355567711
5050202388
373816065
3068450742
5763085419
1086699096
3781333773
6475968450
1799582127
4494216804
7188851481
2512465158
5207099835
530713512
3225348189
5919982866
1243596543
3938231220
6632865897
1956479574
4651114251
7345748928
2669362605
5363997282
687610959
3382245636
6076880313
1400493990
4095128667
6789763344
2113377021
4808011698
131625375
2826260052
5520894729
844508406
3539143083
6233777760
1557391437
4252026114
6946660791
2270274468
4964909145
288522822
2983157499
5677792176
1001405853
3696040530
6390675207
1714288884
4408923561
7103558238
2427171915
5121806592
445420269
3140054946
5834689623
1158303300
3852937977
6547572654
1871186331
4565821008
7260455685
2584069362
5278704039
602317716
3296952393
5991587070
1315200747
4009835424
6704470101
2028083778
4722718455
46332132
2740966809
5435601486
759215163
3453849840
6148484517
1472098194
4166732871
6861367548
2184981225
4879615902
203229579
2897864256
5592498933
916112610
3610747287
6305381964
1628995641
4323630318
7018264995
2341878672
5036513349
360127026
3054761703
5749396380
1073010057
3767644734
6462279411
1785893088
4480527765
7175162442
2498776119
5193410796
517024473
3211659150
5906293827
1229907504
3924542181
6619176858
1942790535
4637425212
7332059889
2655673566
5350308243
673921920
3368556597
6063191274
1386804951
4081439628
6776074305
2099687982
4794322659
117936336
2812571013
5507205690
830819367
3525454044
6220088721
1543702398
4238337075
6932971752
2256585429
4951220106
274833783
2969468460
5664103137
987716814
3682351491
6376986168
1700599845
4395234522
7089869199
2413482876
5108117553
431731230
3126365907
5821000584
1144614261
3839248938
6533883615
1857497292
4552131969
7246766646
2570380323
5265015000
588628677
3283263354
5977898031
1301511708
3996146385
6690781062
2014394739
4709029416
32643093
2727277770
5421912447
745526124
3440160801
6134795478
1458409155
4153043832
6847678509
2171292186
4865926863
189540540
2884175217
5578809894
902423571
3597058248
6291692925
1615306602
4309941279
7004575956
2328189633
5022824310
346437987
3041072664
5735707341
1059321018
3753955695
6448590372
1772204049
4466838726
7161473403
2485087080
5179721757
503335434
3197970111
5892604788
1216218465
3910853142
6605487819
1929101496
4623736173
7318370850
2641984527
5336619204
660232881
3354867558
6049502235
1373115912
4067750589
6762385266
2085998943
4780633620
104247297
2798881974
5493516651
817130328
3511765005
6206399682
1530013359
4224648036
6919282713
2242896390
4937531067
261144744
2955779421
5650414098
974027775
3668662452
6363297129
1686910806
4381545483
7076180160
2399793837
5094428514
418042191
3112676868
5807311545
1130925222
3825559899
6520194576
1843808253
4538442930
7233077607
2556691284
5251325961
574939638
3269574315
5964208992
1287822669
3982457346
6677092023
2000705700
4695340377
18954054
2713588731
5408223408
731837085
3426471762
6121106439
1444720116
4139354793
6833989470
2157603147
4852237824
175851501
2870486178
5565120855
888734532
3583369209
6278003886
1601617563
4296252240
6990886917
2314500594
5009135271
332748948
3027383625
5722018302
1045631979
3740266656
6434901333
1758515010
4453149687
7147784364
2471398041
5166032718
489646395
3184281072
5878915749
1202529426
3897164103
6591798780
1915412457
4610047134
7304681811
2628295488
5322930165
646543842
3341178519
6035813196
1359426873
4054061550
6748696227
2072309904
4766944581
90558258
2785192935
5479827612
803441289
3498075966
6192710643
1516324320
4210958997
6905593674
2229207351
4923842028
247455705
2942090382
5636725059
960338736
3654973413
6349608090
1673221767
4367856444
7062491121
2386104798
5080739475
404353152
3098987829
5793622506
1117236183
3811870860
6506505537
1830119214
4524753891
7219388568
2543002245
5237636922
561250599
3255885276
5950519953
1274133630
3968768307
6663402984
1987016661
4681651338
5265015
2699899692
5394534369
718148046
3412782723
6107417400
1431031077
4125665754
6820300431
2143914108
4838548785
162162462
2856797139
5551431816
875045493
3569680170
6264314847
1587928524
4282563201
6977197878
2300811555
4995446232
319059909
3013694586
5708329263
1031942940
3726577617
6421212294
1744825971
4439460648
7134095325
2457709002
5152343679
475957356
3170592033
5865226710
1188840387
3883475064
6578109741
1901723418
4596358095
7290992772
2614606449
5309241126
632854803
3327489480
6022124157
1345737834
4040372511
6735007188
2058620865
4753255542
76869219
2771503896
5466138573
789752250
3484386927
6179021604
1502635281
4197269958
6891904635
2215518312
4910152989
233766666
2928401343
5623036020
946649697
3641284374
6335919051
1659532728
4354167405
7048802082
2372415759
5067050436
390664113
3085298790
5779933467
1103547144
3798181821
6492816498
1816430175
4511064852
7205699529
2529313206
5223947883
547561560
3242196237
5936830914
1260444591
3955079268
6649713945
1973327622
4667962299
7362596976
2686210653
5380845330
704459007
3399093684
6093728361
1417342038
4111976715
6806611392
2130225069
4824859746
148473423
2843108100
5537742777
861356454
3555991131
6250625808
1574239485
4268874162
6963508839
2287122516
4981757193
305370870
3000005547
5694640224
1018253901
3712888578
6407523255
1731136932
4425771609
7120406286
2444019963
5138654640
462268317
3156902994
5851537671
1175151348
3869786025
6564420702
1888034379
4582669056
7277303733
2600917410
5295552087
619165764
3313800441
6008435118
1332048795
4026683472
6721318149
2044931826
4739566503
63180180
2757814857
5452449534
776063211
3470697888
6165332565
1488946242
4183580919
6878215596
2201829273
4896463950
220077627
2914712304
5609346981
932960658
3627595335
6322230012
1645843689
4340478366
7035113043
2358726720
5053361397
376975074
3071609751
5766244428
1089858105
3784492782
6479127459
1802741136
4497375813
7192010490
2515624167
5210258844
533872521
3228507198
5923141875
1246755552
3941390229
6636024906
1959638583
4654273260
7348907937
2672521614
5367156291
690769968
3385404645
6080039322
1403652999
4098287676
6792922353
2116536030
4811170707
134784384
2829419061
5524053738
847667415
3542302092
6236936769
1560550446
4255185123
6949819800
2273433477
4968068154
291681831
2986316508
5680951185
1004564862
3699199539
6393834216
1717447893
4412082570
7106717247
2430330924
5124965601
448579278
3143213955
5837848632
1161462309
3856096986
6550731663
1874345340
4568980017
7263614694
2587228371
5281863048
605476725
3300111402
5994746079
1318359756
4012994433
6707629110
2031242787
4725877464
49491141
2744125818
5438760495
762374172
3457008849
6151643526
1475257203
4169891880
6864526557
2188140234
4882774911
206388588
2901023265
5595657942
919271619
3613906296
6308540973
1632154650
4326789327
7021424004
2345037681
5039672358
363286035
3057920712
5752555389
1076169066
3770803743
6465438420
1789052097
4483686774
7178321451
2501935128
5196569805
520183482
3214818159
5909452836
1233066513
3927701190
6622335867
1945949544
4640584221
7335218898
2658832575
5353467252
677080929
3371715606
6066350283
1389963960
4084598637
6779233314
2102846991
4797481668
121095345
2815730022
5510364699
833978376
3528613053
6223247730
1546861407
4241496084
6936130761
2259744438
4954379115
277992792
2972627469
5667262146
990875823
3685510500
6380145177
1703758854
4398393531
7093028208
2416641885
5111276562
434890239
3129524916
5824159593
1147773270
3842407947
6537042624
1860656301
4555290978
7249925655
2573539332
5268174009
591787686
3286422363
5981057040
1304670717
3999305394
6693940071
2017553748
4712188425
35802102
2730436779
5425071456
748685133
3443319810
6137954487
1461568164
4156202841
6850837518
2174451195
4869085872
192699549
2887334226
5581968903
905582580
3600217257
6294851934
1618465611
4313100288
7007734965
2331348642
5025983319
349596996
3044231673
5738866350
1062480027
3757114704
6451749381
1775363058
4469997735
7164632412
2488246089
5182880766
506494443
3201129120
5895763797
1219377474
3914012151
6608646828
1932260505
4626895182
7321529859
2645143536
5339778213
663391890
3358026567
6052661244
1376274921
4070909598
6765544275
2089157952
4783792629
107406306
2802040983
5496675660
820289337
3514924014
6209558691
1533172368
4227807045
6922441722
2246055399
4940690076
264303753
2958938430
5653573107
977186784
3671821461
6366456138
1690069815
4384704492
7079339169
2402952846
5097587523
421201200
3115835877
5810470554
1134084231
3828718908
6523353585
1846967262
4541601939
7236236616
2559850293
5254484970
578098647
3272733324
5967368001
1290981678
3985616355
6680251032
2003864709
4698499386
22113063
2716747740
5411382417
734996094
3429630771
6124265448
1447879125
4142513802
6837148479
2160762156
4855396833
179010510
2873645187
5568279864
891893541
3586528218
6281162895
1604776572
4299411249
6994045926
2317659603
5012294280
335907957
3030542634
5725177311
1048790988
3743425665
6438060342
1761674019
4456308696
7150943373
2474557050
5169191727
492805404
3187440081
5882074758
1205688435
3900323112
6594957789
1918571466
4613206143
7307840820
2631454497
5326089174
649702851
3344337528
6038972205
1362585882
4057220559
6751855236
2075468913
4770103590
93717267
2788351944
5482986621
806600298
3501234975
6195869652
1519483329
4214118006
6908752683
2232366360
4927001037
250614714
2945249391
5639884068
963497745
3658132422
6352767099
1676380776
4371015453
7065650130
2389263807
5083898484
407512161
3102146838
5796781515
1120395192
3815029869
6509664546
1833278223
4527912900
7222547577
2546161254
5240795931
564409608
3259044285
5953678962
1277292639
3971927316
6666561993
1990175670
4684810347
8424024
2703058701
5397693378
721307055
3415941732
6110576409
1434190086
4128824763
6823459440
2147073117
4841707794
165321471
2859956148
5554590825
878204502
3572839179
6267473856
1591087533
4285722210
6980356887
2303970564
4998605241
322218918
3016853595
5711488272
1035101949
3729736626
6424371303
1747984980
4442619657
7137254334
2460868011
5155502688
479116365
3173751042
5868385719
1191999396
3886634073
6581268750
1904882427
4599517104
7294151781
2617765458
5312400135
636013812
3330648489
6025283166
1348896843
4043531520
6738166197
2061779874
4756414551
80028228
2774662905
5469297582
792911259
3487545936
6182180613
1505794290
4200428967
6895063644
2218677321
4913311998
236925675
2931560352
5626195029
949808706
3644443383
6339078060
1662691737
4357326414
7051961091
2375574768
5070209445
393823122
3088457799
5783092476
1106706153
3801340830
6495975507
1819589184
4514223861
7208858538
2532472215
5227106892
550720569
3245355246
5939989923
1263603600
3958238277
6652872954
1976486631
4671121308
7365755985
2689369662
5384004339
707618016
3402252693
6096887370
1420501047
4115135724
6809770401
2133384078
4828018755
151632432
2846267109
5540901786
864515463
3559150140
6253784817
1577398494
4272033171
6966667848
2290281525
4984916202
308529879
3003164556
5697799233
1021412910
3716047587
6410682264
1734295941
4428930618
7123565295
2447178972
5141813649
465427326
3160062003
5854696680
1178310357
3872945034
6567579711
1891193388
4585828065
7280462742
2604076419
5298711096
622324773
3316959450
6011594127
1335207804
4029842481
6724477158
2048090835
4742725512
66339189
2760973866
5455608543
779222220
3473856897
6168491574
1492105251
4186739928
6881374605
2204988282
4899622959
223236636
2917871313
5612505990
936119667
3630754344
6325389021
1649002698
4343637375
7038272052
2361885729
5056520406
380134083
3074768760
5769403437
1093017114
3787651791
6482286468
1805900145
4500534822
7195169499
2518783176
5213417853
537031530
3231666207
5926300884
1249914561
3944549238
6639183915
1962797592
4657432269
7352066946
2675680623
5370315300
693928977
3388563654
6083198331
1406812008
4101446685
6796081362
2119695039
4814329716
137943393
2832578070
5527212747
850826424
3545461101
6240095778
1563709455
4258344132
6952978809
2276592486
4971227163
294840840
2989475517
5684110194
1007723871
3702358548
6396993225
1720606902
4415241579
7109876256
2433489933
5128124610
451738287
3146372964
5841007641
1164621318
3859255995
6553890672
1877504349
4572139026
7266773703
2590387380
5285022057
608635734
3303270411
5997905088
1321518765
4016153442
6710788119
2034401796
4729036473
52650150
2747284827
5441919504
765533181
3460167858
6154802535
1478416212
4173050889
6867685566
2191299243
4885933920
209547597
2904182274
5598816951
922430628
3617065305
6311699982
1635313659
4329948336
7024583013
2348196690
5042831367
366445044
3061079721
5755714398
1079328075
3773962752
6468597429
1792211106
4486845783
7181480460
2505094137
5199728814
523342491
3217977168
5912611845
1236225522
3930860199
6625494876
1949108553
4643743230
7338377907
2661991584
5356626261
680239938
3374874615
6069509292
1393122969
4087757646
6782392323
2106006000
4800640677
124254354
2818889031
5513523708
837137385
3531772062
6226406739
1550020416
4244655093
6939289770
2262903447
4957538124
281151801
2975786478
5670421155
994034832
3688669509
6383304186
1706917863
4401552540
7096187217
2419800894
5114435571
438049248
3132683925
5827318602
1150932279
3845566956
6540201633
1863815310
4558449987
7253084664
2576698341
5271333018
594946695
3289581372
5984216049
1307829726
4002464403
6697099080
2020712757
4715347434
38961111
2733595788
5428230465
751844142
3446478819
6141113496
1464727173
4159361850
6853996527
2177610204
4872244881
195858558
2890493235
5585127912
908741589
3603376266
6298010943
1621624620
4316259297
7010893974
2334507651
5029142328
352756005
3047390682
5742025359
1065639036
3760273713
6454908390
1778522067
4473156744
7167791421
2491405098
5186039775
509653452
3204288129
5898922806
1222536483
3917171160
6611805837
1935419514
4630054191
7324688868
2648302545
5342937222
666550899
3361185576
6055820253
1379433930
4074068607
6768703284
2092316961
4786951638
110565315
2805199992
5499834669
823448346
3518083023
6212717700
1536331377
4230966054
6925600731
2249214408
4943849085
267462762
2962097439
5656732116
980345793
3674980470
6369615147
1693228824
4387863501
7082498178
2406111855
5100746532
424360209
3118994886
5813629563
1137243240
3831877917
6526512594
1850126271
4544760948
7239395625
2563009302
5257643979
581257656
3275892333
5970527010
1294140687
3988775364
6683410041
2007023718
4701658395
25272072
2719906749
5414541426
738155103
3432789780
6127424457
1451038134
4145672811
6840307488
2163921165
4858555842
182169519
2876804196
5571438873
895052550
3589687227
6284321904
1607935581
4302570258
6997204935
2320818612
5015453289
339066966
3033701643
5728336320
1051949997
3746584674
6441219351
1764833028
4459467705
7154102382
2477716059
5172350736
495964413
3190599090
5885233767
1208847444
3903482121
6598116798
1921730475
4616365152
7310999829
2634613506
5329248183
652861860
3347496537
6042131214
1365744891
4060379568
6755014245
2078627922
4773262599
96876276
2791510953
5486145630
809759307
3504393984
6199028661
1522642338
4217277015
6911911692
2235525369
4930160046
253773723
2948408400
5643043077
966656754
3661291431
6355926108
1679539785
4374174462
7068809139
2392422816
5087057493
410671170
3105305847
5799940524
1123554201
3818188878
6512823555
1836437232
4531071909
7225706586
2549320263
5243954940
567568617
3262203294
5956837971
1280451648
3975086325
6669721002
1993334679
4687969356
11583033
2706217710
5400852387
724466064
3419100741
6113735418
1437349095
4131983772
6826618449
2150232126
4844866803
168480480
2863115157
5557749834
881363511
3575998188
6270632865
1594246542
4288881219
6983515896
2307129573
5001764250
325377927
3020012604
5714647281
1038260958
3732895635
6427530312
1751143989
4445778666
7140413343
2464027020
5158661697
482275374
3176910051
5871544728
1195158405
3889793082
6584427759
1908041436
4602676113
7297310790
2620924467
5315559144
639172821
3333807498
6028442175
1352055852
4046690529
6741325206
2064938883
4759573560
83187237
2777821914
5472456591
796070268
3490704945
6185339622
1508953299
4203587976
6898222653
2221836330
4916471007
240084684
2934719361
5629354038
952967715
3647602392
6342237069
1665850746
4360485423
7055120100
2378733777
5073368454
396982131
3091616808
5786251485
1109865162
3804499839
6499134516
1822748193
4517382870
7212017547
2535631224
5230265901
553879578
3248514255
5943148932
1266762609
3961397286
6656031963
1979645640
4674280317
7368914994
2692528671
5387163348
710777025
3405411702
6100046379
1423660056
4118294733
6812929410
2136543087
4831177764
154791441
2849426118
5544060795
867674472
3562309149
6256943826
1580557503
4275192180
6969826857
2293440534
4988075211
311688888
3006323565
5700958242
1024571919
3719206596
6413841273
1737454950
4432089627
7126724304
2450337981
5144972658
468586335
3163221012
5857855689
1181469366
3876104043
6570738720
1894352397
4588987074
7283621751
2607235428
5301870105
625483782
3320118459
6014753136
1338366813
4033001490
6727636167
2051249844
4745884521
69498198
2764132875
5458767552
782381229
3477015906
6171650583
1495264260
4189898937
6884533614
2208147291
4902781968
226395645
2921030322
5615664999
939278676
3633913353
6328548030
1652161707
4346796384
7041431061
2365044738
5059679415
383293092
3077927769
5772562446
1096176123
3790810800
6485445477
1809059154
4503693831
7198328508
2521942185
5216576862
540190539
3234825216
5929459893
1253073570
3947708247
6642342924
1965956601
4660591278
7355225955
2678839632
5373474309
697087986
3391722663
6086357340
1409971017
4104605694
6799240371
2122854048
4817488725
141102402
2835737079
5530371756
853985433
3548620110
6243254787
1566868464
4261503141
6956137818
2279751495
4974386172
297999849
2992634526
5687269203
1010882880
3705517557
6400152234
1723765911
4418400588
7113035265
2436648942
5131283619
454897296
3149531973
5844166650
1167780327
3862415004
6557049681
1880663358
4575298035
7269932712
2593546389
5288181066
611794743
3306429420
6001064097
1324677774
4019312451
6713947128
2037560805
4732195482
55809159
2750443836
5445078513
768692190
3463326867
6157961544
1481575221
4176209898
6870844575
2194458252
4889092929
212706606
2907341283
5601975960
925589637
3620224314
6314858991
1638472668
4333107345
7027742022
2351355699
5045990376
369604053
3064238730
5758873407
1082487084
3777121761
6471756438
1795370115
4490004792
7184639469
2508253146
5202887823
526501500
3221136177
5915770854
1239384531
3934019208
6628653885
1952267562
4646902239
7341536916
2665150593
5359785270
683398947
3378033624
6072668301
1396281978
4090916655
6785551332
2109165009
4803799686
127413363
2822048040
5516682717
840296394
3534931071
6229565748
1553179425
4247814102
6942448779
2266062456
4960697133
284310810
2978945487
5673580164
997193841
3691828518
6386463195
1710076872
4404711549
7099346226
2422959903
5117594580
441208257
3135842934
5830477611
1154091288
3848725965
6543360642
1866974319
4561608996
7256243673
2579857350
5274492027
598105704
3292740381
5987375058
1310988735
4005623412
6700258089
2023871766
4718506443
42120120
2736754797
5431389474
755003151
3449637828
6144272505
1467886182
4162520859
6857155536
2180769213
4875403890
199017567
2893652244
5588286921
911900598
3606535275
6301169952
1624783629
4319418306
7014052983
2337666660
5032301337
355915014
3050549691
5745184368
1068798045
3763432722
6458067399
1781681076
4476315753
7170950430
2494564107
5189198784
512812461
3207447138
5902081815
1225695492
3920330169
6614964846
1938578523
4633213200
7327847877
2651461554
5346096231
669709908
3364344585
6058979262
1382592939
4077227616
6771862293
2095475970
4790110647
113724324
2808359001
5502993678
826607355
3521242032
6215876709
1539490386
4234125063
6928759740
2252373417
4947008094
270621771
2965256448
5659891125
983504802
3678139479
6372774156
1696387833
4391022510
7085657187
2409270864
5103905541
427519218
3122153895
5816788572
1140402249
3835036926
6529671603
1853285280
4547919957
7242554634
2566168311
5260802988
584416665
3279051342
5973686019
1297299696
3991934373
6686569050
2010182727
4704817404
28431081
2723065758
5417700435
741314112
3435948789
6130583466
1454197143
4148831820
6843466497
2167080174
4861714851
185328528
2879963205
5574597882
898211559
3592846236
6287480913
1611094590
4305729267
7000363944
2323977621
5018612298
342225975
3036860652
5731495329
1055109006
3749743683
6444378360
1767992037
4462626714
7157261391
2480875068
5175509745
499123422
3193758099
5888392776
1212006453
3906641130
6601275807
1924889484
4619524161
7314158838
2637772515
5332407192
656020869
3350655546
6045290223
1368903900
4063538577
6758173254
2081786931
4776421608
100035285
2794669962
5489304639
812918316
3507552993
6202187670
1525801347
4220436024
6915070701
2238684378
4933319055
256932732
2951567409
5646202086
969815763
3664450440
6359085117
1682698794
4377333471
7071968148
2395581825
5090216502
413830179
3108464856
5803099533
1126713210
3821347887
6515982564
1839596241
4534230918
7228865595
2552479272
5247113949
570727626
3265362303
5959996980
1283610657
3978245334
6672880011
1996493688
4691128365
14742042
2709376719
5404011396
727625073
3422259750
6116894427
1440508104
4135142781
6829777458
2153391135
4848025812
171639489
2866274166
5560908843
884522520
3579157197
6273791874
1597405551
4292040228
6986674905
2310288582
5004923259
328536936
3023171613
5717806290
1041419967
3736054644
6430689321
1754302998
4448937675
7143572352
2467186029
5161820706
485434383
3180069060
5874703737
1198317414
3892952091
6587586768
1911200445
4605835122
7300469799
2624083476
5318718153
642331830
3336966507
6031601184
1355214861
4049849538
6744484215
2068097892
4762732569
86346246
2780980923
5475615600
799229277
3493863954
6188498631
1512112308
4206746985
6901381662
2224995339
4919630016
243243693
2937878370
5632513047
956126724
3650761401
6345396078
1669009755
4363644432
7058279109
2381892786
5076527463
400141140
3094775817
5789410494
1113024171
3807658848
6502293525
1825907202
4520541879
7215176556
2538790233
5233424910
557038587
3251673264
5946307941
1269921618
3964556295
6659190972
1982804649
4677439326
1053003
2695687680
5390322357
713936034
3408570711
6103205388
1426819065
4121453742
6816088419
2139702096
4834336773
157950450
2852585127
5547219804
870833481
3565468158
6260102835
1583716512
4278351189
6972985866
2296599543
4991234220
314847897
3009482574
5704117251
1027730928
3722365605
6417000282
1740613959
4435248636
7129883313
2453496990
5148131667
471745344
3166380021
5861014698
1184628375
3879263052
6573897729
1897511406
4592146083
7286780760
2610394437
5305029114
628642791
3323277468
6017912145
1341525822
4036160499
6730795176
2054408853
4749043530
72657207
2767291884
5461926561
785540238
3480174915
6174809592
1498423269
4193057946
6887692623
2211306300
4905940977
229554654
2924189331
5618824008
942437685
3637072362
6331707039
1655320716
4349955393
7044590070
2368203747
5062838424
386452101
3081086778
5775721455
1099335132
3793969809
6488604486
1812218163
4506852840
7201487517
2525101194
5219735871
543349548
3237984225
5932618902
1256232579
3950867256
6645501933
1969115610
4663750287
7358384964
2681998641
5376633318
700246995
3394881672
6089516349
1413130026
4107764703
6802399380
2126013057
4820647734
144261411
2838896088
5533530765
857144442
3551779119
6246413796
1570027473
4264662150
6959296827
2282910504
4977545181
301158858
2995793535
5690428212
1014041889
3708676566
6403311243
1726924920
4421559597
7116194274
2439807951
5134442628
458056305
3152690982
5847325659
1170939336
3865574013
6560208690
1883822367
4578457044
7273091721
2596705398
5291340075
614953752
3309588429
6004223106
1327836783
4022471460
6717106137
2040719814
4735354491
58968168
2753602845
5448237522
771851199
3466485876
6161120553
1484734230
4179368907
6874003584
2197617261
4892251938
215865615
2910500292
5605134969
928748646
3623383323
6318018000
1641631677
4336266354
7030901031
2354514708
5049149385
372763062
3067397739
5762032416
1085646093
3780280770
6474915447
1798529124
4493163801
7187798478
2511412155
5206046832
529660509
3224295186
5918929863
1242543540
3937178217
6631812894
1955426571
4650061248
7344695925
2668309602
5362944279
686557956
3381192633
6075827310
1399440987
4094075664
6788710341
2112324018
4806958695
130572372
2825207049
5519841726
843455403
3538090080
6232724757
1556338434
4250973111
6945607788
2269221465
4963856142
287469819
2982104496
5676739173
1000352850
3694987527
6389622204
1713235881
4407870558
7102505235
2426118912
5120753589
444367266
3139001943
5833636620
1157250297
3851884974
6546519651
1870133328
4564768005
7259402682
2583016359
5277651036
601264713
3295899390
5990534067
1314147744
4008782421
6703417098
2027030775
4721665452
45279129
2739913806
5434548483
758162160
3452796837
6147431514
1471045191
4165679868
6860314545
2183928222
4878562899
202176576
2896811253
5591445930
915059607
3609694284
6304328961
1627942638
4322577315
7017211992
2340825669
5035460346
359074023
3053708700
5748343377
1071957054
3766591731
6461226408
1784840085
4479474762
7174109439
2497723116
5192357793
515971470
3210606147
5905240824
1228854501
3923489178
6618123855
1941737532
4636372209
7331006886
2654620563
5349255240
672868917
3367503594
6062138271
1385751948
4080386625
6775021302
2098634979
4793269656
116883333
2811518010
5506152687
829766364
3524401041
6219035718
1542649395
4237284072
6931918749
2255532426
4950167103
273780780
2968415457
5663050134
986663811
3681298488
6375933165
1699546842
4394181519
7088816196
2412429873
5107064550
430678227
3125312904
5819947581
1143561258
3838195935
6532830612
1856444289
4551078966
7245713643
2569327320
5263961997
587575674
3282210351
5976845028
1300458705
3995093382
6689728059
2013341736
4707976413
31590090
2726224767
5420859444
744473121
3439107798
6133742475
1457356152
4151990829
6846625506
2170239183
4864873860
188487537
2883122214
5577756891
901370568
3596005245
6290639922
1614253599
4308888276
7003522953
2327136630
5021771307
345384984
3040019661
5734654338
1058268015
3752902692
6447537369
1771151046
4465785723
7160420400
2484034077
5178668754
502282431
3196917108
5891551785
1215165462
3909800139
6604434816
1928048493
4622683170
7317317847
2640931524
5335566201
659179878
3353814555
6048449232
1372062909
4066697586
6761332263
2084945940
4779580617
103194294
2797828971
5492463648
816077325
3510712002
6205346679
1528960356
4223595033
6918229710
2241843387
4936478064
260091741
2954726418
5649361095
972974772
3667609449
6362244126
1685857803
4380492480
7075127157
2398740834
5093375511
416989188
3111623865
5806258542
1129872219
3824506896
6519141573
1842755250
4537389927
7232024604
2555638281
5250272958
573886635
3268521312
5963155989
1286769666
3981404343
6676039020
1999652697
4694287374
17901051
2712535728
5407170405
730784082
3425418759
6120053436
1443667113
4138301790
6832936467
2156550144
4851184821
174798498
2869433175
5564067852
887681529
3582316206
6276950883
1600564560
4295199237
6989833914
2313447591
5008082268
331695945
3026330622
5720965299
1044578976
3739213653
6433848330
1757462007
4452096684
7146731361
2470345038
5164979715
488593392
3183228069
5877862746
1201476423
3896111100
6590745777
1914359454
4608994131
7303628808
2627242485
5321877162
645490839
3340125516
6034760193
1358373870
4053008547
6747643224
2071256901
4765891578
89505255
2784139932
5478774609
802388286
3497022963
6191657640
1515271317
4209905994
6904540671
2228154348
4922789025
246402702
2941037379
5635672056
959285733
3653920410
6348555087
1672168764
4366803441
7061438118
2385051795
5079686472
403300149
3097934826
5792569503
1116183180
3810817857
6505452534
1829066211
4523700888
7218335565
2541949242
5236583919
560197596
3254832273
5949466950
1273080627
3967715304
6662349981
1985963658
4680598335
4212012
2698846689
5393481366
717095043
3411729720
6106364397
1429978074
4124612751
6819247428
2142861105
4837495782
161109459
2855744136
5550378813
873992490
3568627167
6263261844
1586875521
4281510198
6976144875
2299758552
4994393229
318006906
3012641583
5707276260
1030889937
3725524614
6420159291
1743772968
4438407645
7133042322
2456655999
5151290676
474904353
3169539030
5864173707
1187787384
3882422061
6577056738
1900670415
4595305092
7289939769
2613553446
5308188123
631801800
3326436477
6021071154
1344684831
4039319508
6733954185
2057567862
4752202539
75816216
2770450893
5465085570
788699247
3483333924
6177968601
1501582278
4196216955
6890851632
2214465309
4909099986
232713663
2927348340
5621983017
945596694
3640231371
6334866048
1658479725
4353114402
7047749079
2371362756
5065997433
389611110
3084245787
5778880464
1102494141
3797128818
6491763495
1815377172
4510011849
7204646526
2528260203
5222894880
546508557
3241143234
5935777911
1259391588
3954026265
6648660942
1972274619
4666909296
7361543973
2685157650
5379792327
703406004
3398040681
6092675358
1416289035
4110923712
6805558389
2129172066
4823806743
147420420
2842055097
5536689774
860303451
3554938128
6249572805
1573186482
4267821159
6962455836
2286069513
4980704190
304317867
2998952544
5693587221
1017200898
3711835575
6406470252
1730083929
4424718606
7119353283
2442966960
5137601637
461215314
3155849991
5850484668
1174098345
3868733022
6563367699
1886981376
4581616053
7276250730
2599864407
5294499084
618112761
3312747438
6007382115
1330995792
4025630469
6720265146
2043878823
4738513500
62127177
2756761854
5451396531
775010208
3469644885
6164279562
1487893239
4182527916
6877162593
2200776270
4895410947
219024624
2913659301
5608293978
931907655
3626542332
6321177009
1644790686
4339425363
7034060040
2357673717
5052308394
375922071
3070556748
5765191425
1088805102
3783439779
6478074456
1801688133
4496322810
7190957487
2514571164
5209205841
532819518
3227454195
5922088872
1245702549
3940337226
6634971903
1958585580
4653220257
7347854934
2671468611
5366103288
689716965
3384351642
6078986319
1402599996
4097234673
6791869350
2115483027
4810117704
133731381
2828366058
5523000735
846614412
3541249089
6235883766
1559497443
4254132120
6948766797
2272380474
4967015151
290628828
2985263505
5679898182
1003511859
3698146536
6392781213
1716394890
4411029567
7105664244
2429277921
5123912598
447526275
3142160952
5836795629
1160409306
3855043983
6549678660
1873292337
4567927014
7262561691
2586175368
5280810045
604423722
3299058399
5993693076
1317306753
4011941430
6706576107
2030189784
4724824461
48438138
2743072815
5437707492
761321169
3455955846
6150590523
1474204200
4168838877
6863473554
2187087231
4881721908
205335585
2899970262
5594604939
918218616
3612853293
6307487970
1631101647
4325736324
7020371001
2343984678
5038619355
362233032
3056867709
5751502386
1075116063
3769750740
6464385417
1787999094
4482633771
7177268448
2500882125
5195516802
519130479
3213765156
5908399833
1232013510
3926648187
6621282864
1944896541
4639531218
7334165895
2657779572
5352414249
676027926
3370662603
6065297280
1388910957
4083545634
6778180311
2101793988
4796428665
120042342
2814677019
5509311696
832925373
3527560050
6222194727
1545808404
4240443081
6935077758
2258691435
4953326112
276939789
2971574466
5666209143
989822820
3684457497
6379092174
1702705851
4397340528
7091975205
2415588882
5110223559
433837236
3128471913
5823106590
1146720267
3841354944
6535989621
1859603298
4554237975
7248872652
2572486329
5267121006
590734683
3285369360
5980004037
1303617714
3998252391
6692887068
2016500745
4711135422
34749099
2729383776
5424018453
747632130
3442266807
6136901484
1460515161
4155149838
6849784515
2173398192
4868032869
191646546
2886281223
5580915900
904529577
3599164254
6293798931
1617412608
4312047285
7006681962
2330295639
5024930316
348543993
3043178670
5737813347
1061427024
3756061701
6450696378
1774310055
4468944732
7163579409
2487193086
5181827763
505441440
3200076117
5894710794
1218324471
3912959148
6607593825
1931207502
4625842179
7320476856
2644090533
5338725210
662338887
3356973564
6051608241
1375221918
4069856595
6764491272
2088104949
4782739626
106353303
2800987980
5495622657
819236334
3513871011
6208505688
1532119365
4226754042
6921388719
2245002396
4939637073
263250750
2957885427
5652520104
976133781
3670768458
6365403135
1689016812
4383651489
7078286166
2401899843
5096534520
420148197
3114782874
5809417551
1133031228
3827665905
6522300582
1845914259
4540548936
7235183613
2558797290
5253431967
577045644
3271680321
5966314998
1289928675
3984563352
6679198029
2002811706
4697446383
21060060
2715694737
5410329414
733943091
3428577768
6123212445
1446826122
4141460799
6836095476
2159709153
4854343830
177957507
2872592184
5567226861
890840538
3585475215
6280109892
1603723569
4298358246
6992992923
2316606600
5011241277
334854954
3029489631
5724124308
1047737985
3742372662
6437007339
1760621016
4455255693
7149890370
2473504047
5168138724
491752401
3186387078
5881021755
1204635432
3899270109
6593904786
1917518463
4612153140
7306787817
2630401494
5325036171
648649848
3343284525
6037919202
1361532879
4056167556
6750802233
2074415910
4769050587
92664264
2787298941
5481933618
805547295
3500181972
6194816649
1518430326
4213065003
6907699680
2231313357
4925948034
249561711
2944196388
5638831065
962444742
3657079419
6351714096
1675327773
4369962450
7064597127
2388210804
5082845481
406459158
3101093835
5795728512
1119342189
3813976866
6508611543
1832225220
4526859897
7221494574
2545108251
5239742928
563356605
3257991282
5952625959
1276239636
3970874313
6665508990
1989122667
4683757344
7371021
2702005698
5396640375
720254052
3414888729
6109523406
1433137083
4127771760
6822406437
2146020114
4840654791
164268468
2858903145
5553537822
877151499
3571786176
6266420853
1590034530
4284669207
6979303884
2302917561
4997552238
321165915
3015800592
5710435269
1034048946
3728683623
6423318300
1746931977
4441566654
7136201331
2459815008
5154449685
478063362
3172698039
5867332716
1190946393
3885581070
6580215747
1903829424
4598464101
7293098778
2616712455
5311347132
634960809
3329595486
6024230163
1347843840
4042478517
6737113194
2060726871
4755361548
78975225
2773609902
5468244579
791858256
3486492933
6181127610
1504741287
4199375964
6894010641
2217624318
4912258995
235872672
2930507349
5625142026
948755703
3643390380
6338025057
1661638734
4356273411
7050908088
2374521765
5069156442
392770119
3087404796
5782039473
1105653150
3800287827
6494922504
1818536181
4513170858
7207805535
2531419212
5226053889
549667566
3244302243
5938936920
1262550597
3957185274
6651819951
1975433628
4670068305
7364702982
2688316659
5382951336
706565013
3401199690
6095834367
1419448044
4114082721
6808717398
2132331075
4826965752
150579429
2845214106
5539848783
863462460
3558097137
6252731814
1576345491
4270980168
6965614845
2289228522
4983863199
307476876
3002111553
5696746230
1020359907
3714994584
6409629261
1733242938
4427877615
7122512292
2446125969
5140760646
464374323
3159009000
5853643677
1177257354
3871892031
6566526708
1890140385
4584775062
7279409739
2603023416
5297658093
621271770
3315906447
6010541124
1334154801
4028789478
6723424155
2047037832
4741672509
65286186
2759920863
5454555540
778169217
3472803894
6167438571
1491052248
4185686925
6880321602
2203935279
4898569956
222183633
2916818310
5611452987
935066664
3629701341
6324336018
1647949695
4342584372
7037219049
2360832726
5055467403
379081080
3073715757
5768350434
1091964111
3786598788
6481233465
1804847142
4499481819
7194116496
2517730173
5212364850
535978527
3230613204
5925247881
1248861558
3943496235
6638130912
1961744589
4656379266
7351013943
2674627620
5369262297
692875974
3387510651
6082145328
1405759005
4100393682
6795028359
2118642036
4813276713
136890390
2831525067
5526159744
849773421
3544408098
6239042775
1562656452
4257291129
6951925806
2275539483
4970174160
293787837
2988422514
5683057191
1006670868
3701305545
6395940222
1719553899
4414188576
7108823253
2432436930
5127071607
450685284
3145319961
5839954638
1163568315
3858202992
6552837669
1876451346
4571086023
7265720700
2589334377
5283969054
607582731
3302217408
5996852085
1320465762
4015100439
6709735116
2033348793
4727983470
51597147
2746231824
5440866501
764480178
3459114855
6153749532
1477363209
4171997886
6866632563
2190246240
4884880917
208494594
2903129271
5597763948
921377625
3616012302
6310646979
1634260656
4328895333
7023530010
2347143687
5041778364
365392041
3060026718
5754661395
1078275072
3772909749
6467544426
1791158103
4485792780
7180427457
2504041134
5198675811
522289488
3216924165
5911558842
1235172519
3929807196
6624441873
1948055550
4642690227
7337324904
2660938581
5355573258
679186935
3373821612
6068456289
1392069966
4086704643
6781339320
2104952997
4799587674
123201351
2817836028
5512470705
836084382
3530719059
6225353736
1548967413
4243602090
6938236767
2261850444
4956485121
280098798
2974733475
5669368152
992981829
3687616506
6382251183
1705864860
4400499537
7095134214
2418747891
5113382568
436996245
3131630922
5826265599
1149879276
3844513953
6539148630
1862762307
4557396984
7252031661
2575645338
5270280015
593893692
3288528369
5983163046
1306776723
4001411400
6696046077
2019659754
4714294431
37908108
2732542785
5427177462
750791139
3445425816
6140060493
1463674170
4158308847
6852943524
2176557201
4871191878
194805555
2889440232
5584074909
907688586
3602323263
6296957940
1620571617
4315206294
7009840971
2333454648
5028089325
351703002
3046337679
5740972356
1064586033
3759220710
6453855387
1777469064
4472103741
7166738418
2490352095
5184986772
508600449
3203235126
5897869803
1221483480
3916118157
6610752834
1934366511
4629001188
7323635865
2647249542
5341884219
665497896
3360132573
6054767250
1378380927
4073015604
6767650281
2091263958
4785898635
109512312
2804146989
5498781666
822395343
3517030020
6211664697
1535278374
4229913051
6924547728
2248161405
4942796082
266409759
2961044436
5655679113
979292790
3673927467
6368562144
1692175821
4386810498
7081445175
2405058852
5099693529
423307206
3117941883
5812576560
1136190237
3830824914
6525459591
1849073268
4543707945
7238342622
2561956299
5256590976
580204653
3274839330
5969474007
1293087684
3987722361
6682357038
2005970715
4700605392
24219069
2718853746
5413488423
737102100
3431736777
6126371454
1449985131
4144619808
6839254485
2162868162
4857502839
181116516
2875751193
5570385870
893999547
3588634224
6283268901
1606882578
4301517255
6996151932
2319765609
5014400286
338013963
3032648640
5727283317
1050896994
3745531671
6440166348
1763780025
4458414702
7153049379
2476663056
5171297733
494911410
3189546087
5884180764
1207794441
3902429118
6597063795
1920677472
4615312149
7309946826
2633560503
5328195180
651808857
3346443534
6041078211
1364691888
4059326565
6753961242
2077574919
4772209596
95823273
2790457950
5485092627
808706304
3503340981
6197975658
1521589335
4216224012
6910858689
2234472366
4929107043
252720720
2947355397
5641990074
965603751
3660238428
6354873105
1678486782
4373121459
7067756136
2391369813
5086004490
409618167
3104252844
5798887521
1122501198
3817135875
6511770552
1835384229
4530018906
7224653583
2548267260
5242901937
566515614
3261150291
5955784968
1279398645
3974033322
6668667999
1992281676
4686916353
10530030
2705164707
5399799384
723413061
3418047738
6112682415
1436296092
4130930769
6825565446
2149179123
4843813800
167427477
2862062154
5556696831
880310508
3574945185
6269579862
1593193539
4287828216
6982462893
2306076570
5000711247
324324924
3018959601
5713594278
1037207955
3731842632
6426477309
1750090986
4444725663
7139360340
2462974017
5157608694
481222371
3175857048
5870491725
1194105402
3888740079
6583374756
1906988433
4601623110
7296257787
2619871464
5314506141
638119818
3332754495
6027389172
1351002849
4045637526
6740272203
2063885880
4758520557
82134234
2776768911
5471403588
795017265
3489651942
6184286619
1507900296
4202534973
6897169650
2220783327
4915418004
239031681
2933666358
5628301035
951914712
3646549389
6341184066
1664797743
4359432420
7054067097
2377680774
5072315451
395929128
3090563805
5785198482
1108812159
3803446836
6498081513
1821695190
4516329867
7210964544
2534578221
5229212898
552826575
3247461252
5942095929
1265709606
3960344283
6654978960
1978592637
4673227314
7367861991
2691475668
5386110345
709724022
3404358699
6098993376
1422607053
4117241730
6811876407
2135490084
4830124761
153738438
2848373115
5543007792
866621469
3561256146
6255890823
1579504500
4274139177
6968773854
2292387531
4987022208
310635885
3005270562
5699905239
1023518916
3718153593
6412788270
1736401947
4431036624
7125671301
2449284978
5143919655
467533332
3162168009
5856802686
1180416363
3875051040
6569685717
1893299394
4587934071
7282568748
2606182425
5300817102
624430779
3319065456
6013700133
1337313810
4031948487
6726583164
2050196841
4744831518
68445195
2763079872
5457714549
781328226
3475962903
6170597580
1494211257
4188845934
6883480611
2207094288
4901728965
225342642
2919977319
5614611996
938225673
3632860350
6327495027
1651108704
4345743381
7040378058
2363991735
5058626412
382240089
3076874766
5771509443
1095123120
3789757797
6484392474
1808006151
4502640828
7197275505
2520889182
5215523859
539137536
3233772213
5928406890
1252020567
3946655244
6641289921
1964903598
4659538275
7354172952
2677786629
5372421306
696034983
3390669660
6085304337
1408918014
4103552691
6798187368
2121801045
4816435722
140049399
2834684076
5529318753
852932430
3547567107
6242201784
1565815461
4260450138
6955084815
2278698492
4973333169
296946846
2991581523
5686216200
1009829877
3704464554
6399099231
1722712908
4417347585
7111982262
2435595939
5130230616
453844293
3148478970
5843113647
1166727324
3861362001
6555996678
1879610355
4574245032
7268879709
2592493386
5287128063
610741740
3305376417
6000011094
1323624771
4018259448
6712894125
2036507802
4731142479
54756156
2749390833
5444025510
767639187
3462273864
6156908541
1480522218
4175156895
6869791572
2193405249
4888039926
211653603
2906288280
5600922957
924536634
3619171311
6313805988
1637419665
4332054342
7026689019
2350302696
5044937373
368551050
3063185727
5757820404
1081434081
3776068758
6470703435
1794317112
4488951789
7183586466
2507200143
5201834820
525448497
3220083174
5914717851
1238331528
3932966205
6627600882
1951214559
4645849236
7340483913
2664097590
5358732267
682345944
3376980621
6071615298
1395228975
4089863652
6784498329
2108112006
4802746683
126360360
2820995037
5515629714
839243391
3533878068
6228512745
1552126422
4246761099
6941395776
2265009453
4959644130
283257807
2977892484
5672527161
996140838
3690775515
6385410192
1709023869
4403658546
7098293223
2421906900
5116541577
440155254
3134789931
5829424608
1153038285
3847672962
6542307639
1865921316
4560555993
7255190670
2578804347
5273439024
597052701
3291687378
5986322055
1309935732
4004570409
6699205086
2022818763
4717453440
41067117
2735701794
5430336471
753950148
3448584825
6143219502
1466833179
4161467856
6856102533
2179716210
4874350887
197964564
2892599241
5587233918
910847595
3605482272
6300116949
1623730626
4318365303
7012999980
2336613657
5031248334
354862011
3049496688
5744131365
1067745042
3762379719
6457014396
1780628073
4475262750
7169897427
2493511104
5188145781
511759458
3206394135
5901028812
1224642489
3919277166
6613911843
1937525520
4632160197
7326794874
2650408551
5345043228
668656905
3363291582
6057926259
1381539936
4076174613
6770809290
2094422967
4789057644
112671321
2807305998
5501940675
825554352
3520189029
6214823706
1538437383
4233072060
6927706737
2251320414
4945955091
269568768
2964203445
5658838122
982451799
3677086476
6371721153
1695334830
4389969507
7084604184
2408217861
5102852538
426466215
3121100892
5815735569
1139349246
3833983923
6528618600
1852232277
4546866954
7241501631
2565115308
5259749985
583363662
3277998339
5972633016
1296246693
3990881370
6685516047
2009129724
4703764401
27378078
2722012755
5416647432
740261109
3434895786
6129530463
1453144140
4147778817
6842413494
2166027171
4860661848
184275525
2878910202
5573544879
897158556
3591793233
6286427910
1610041587
4304676264
6999310941
2322924618
5017559295
341172972
3035807649
5730442326
1054056003
3748690680
6443325357
1766939034
4461573711
7156208388
2479822065
5174456742
498070419
3192705096
5887339773
1210953450
3905588127
6600222804
1923836481
4618471158
7313105835
2636719512
5331354189
654967866
3349602543
6044237220
1367850897
4062485574
6757120251
2080733928
4775368605
98982282
2793616959
5488251636
811865313
3506499990
6201134667
1524748344
4219383021
6914017698
2237631375
4932266052
255879729
2950514406
5645149083
968762760
3663397437
6358032114
1681645791
4376280468
7070915145
2394528822
5089163499
412777176
3107411853
5802046530
1125660207
3820294884
6514929561
1838543238
4533177915
7227812592
2551426269
5246060946
569674623
3264309300
5958943977
1282557654
3977192331
6671827008
1995440685
4690075362
13689039
2708323716
5402958393
726572070
3421206747
6115841424
1439455101
4134089778
6828724455
2152338132
4846972809
170586486
2865221163
5559855840
883469517
3578104194
6272738871
1596352548
4290987225
6985621902
2309235579
5003870256
327483933
3022118610
5716753287
1040366964
3735001641
6429636318
1753249995
4447884672
7142519349
2466133026
5160767703
484381380
3179016057
5873650734
1197264411
3891899088
6586533765
1910147442
4604782119
7299416796
2623030473
5317665150
641278827
3335913504
6030548181
1354161858
4048796535
6743431212
2067044889
4761679566
85293243
2779927920
5474562597
798176274
3492810951
6187445628
1511059305
4205693982
6900328659
2223942336
4918577013
242190690
2936825367
5631460044
955073721
3649708398
6344343075
1667956752
4362591429
7057226106
2380839783
5075474460
399088137
3093722814
5788357491
1111971168
3806605845
6501240522
1824854199
4519488876
7214123553
2537737230
5232371907
555985584
3250620261
5945254938
1268868615
3963503292
6658137969
1981751646
4676386323
