0
-1
-1
156570084
-1
-1
313140168
-1
-1
469710252
-1
-1
626280336
-1
-1
782850420
-1
-1
120411522
-1
-1
276981606
-1
-1
433551690
-1
-1
590121774
-1
-1
746691858
-1
-1
84252960
-1
-1
240823044
-1
-1
397393128
-1
-1
553963212
-1
-1
710533296
-1
-1
48094398
-1
-1
204664482
-1
-1
361234566
-1
-1
517804650
-1
-1
674374734
-1
-1
11935836
-1
-1
168505920
-1
-1
325076004
-1
-1
481646088
-1
-1
638216172
-1
-1
794786256
-1
-1
132347358
-1
-1
288917442
-1
-1
445487526
-1
-1
602057610
-1
-1
758627694
-1
-1
96188796
-1
-1
252758880
-1
-1
409328964
-1
-1
565899048
-1
-1
722469132
-1
-1
60030234
-1
-1
216600318
-1
-1
373170402
-1
-1
529740486
-1
-1
686310570
-1
-1
23871672
-1
-1
180441756
-1
-1
337011840
-1
-1
493581924
-1
-1
650152008
-1
-1
806722092
-1
-1
144283194
-1
-1
300853278
-1
-1
457423362
-1
-1
613993446
-1
-1
770563530
-1
-1
108124632
-1
-1
264694716
-1
-1
421264800
-1
-1
577834884
-1
-1
734404968
-1
-1
71966070
-1
-1
228536154
-1
-1
385106238
-1
-1
541676322
-1
-1
698246406
-1
-1
35807508
-1
-1
192377592
-1
-1
348947676
-1
-1
505517760
-1
-1
662087844
-1
-1
818657928
-1
-1
156219030
-1
-1
312789114
-1
-1
469359198
-1
-1
625929282
-1
-1
782499366
-1
-1
120060468
-1
-1
276630552
-1
-1
433200636
-1
-1
589770720
-1
-1
746340804
-1
-1
83901906
-1
-1
240471990
-1
-1
397042074
-1
-1
553612158
-1
-1
710182242
-1
-1
47743344
-1
-1
204313428
-1
-1
360883512
-1
-1
517453596
-1
-1
674023680
-1
-1
11584782
-1
-1
168154866
-1
-1
324724950
-1
-1
481295034
-1
-1
637865118
-1
-1
794435202
-1
-1
131996304
-1
-1
288566388
-1
-1
445136472
-1
-1
601706556
-1
-1
758276640
-1
-1
95837742
-1
-1
252407826
-1
-1
408977910
-1
-1
565547994
-1
-1
722118078
-1
-1
59679180
-1
-1
216249264
-1
-1
372819348
-1
-1
529389432
-1
-1
685959516
-1
-1
23520618
-1
-1
180090702
-1
-1
336660786
-1
-1
493230870
-1
-1
649800954
-1
-1
806371038
-1
-1
143932140
-1
-1
300502224
-1
-1
457072308
-1
-1
613642392
-1
-1
770212476
-1
-1
107773578
-1
-1
264343662
-1
-1
420913746
-1
-1
577483830
-1
-1
734053914
-1
-1
71615016
-1
-1
228185100
-1
-1
384755184
-1
-1
541325268
-1
-1
697895352
-1
-1
35456454
-1
-1
192026538
-1
-1
348596622
-1
-1
505166706
-1
-1
661736790
-1
-1
818306874
-1
-1
155867976
-1
-1
312438060
-1
-1
469008144
-1
-1
625578228
-1
-1
782148312
-1
-1
119709414
-1
-1
276279498
-1
-1
432849582
-1
-1
589419666
-1
-1
745989750
-1
-1
83550852
-1
-1
240120936
-1
-1
396691020
-1
-1
553261104
-1
-1
709831188
-1
-1
47392290
-1
-1
203962374
-1
-1
360532458
-1
-1
517102542
-1
-1
673672626
-1
-1
11233728
-1
-1
167803812
-1
-1
324373896
-1
-1
480943980
-1
-1
637514064
-1
-1
794084148
-1
-1
131645250
-1
-1
288215334
-1
-1
444785418
-1
-1
601355502
-1
-1
757925586
-1
-1
95486688
-1
-1
252056772
-1
-1
408626856
-1
-1
565196940
-1
-1
721767024
-1
-1
59328126
-1
-1
215898210
-1
-1
372468294
-1
-1
529038378
-1
-1
685608462
-1
-1
23169564
-1
-1
179739648
-1
-1
336309732
-1
-1
492879816
-1
-1
649449900
-1
-1
806019984
-1
-1
143581086
-1
-1
300151170
-1
-1
456721254
-1
-1
613291338
-1
-1
769861422
-1
-1
107422524
-1
-1
263992608
-1
-1
420562692
-1
-1
577132776
-1
-1
733702860
-1
-1
71263962
-1
-1
227834046
-1
-1
384404130
-1
-1
540974214
-1
-1
697544298
-1
-1
35105400
-1
-1
191675484
-1
-1
348245568
-1
-1
504815652
-1
-1
661385736
-1
-1
817955820
-1
-1
155516922
-1
-1
312087006
-1
-1
468657090
-1
-1
625227174
-1
-1
781797258
-1
-1
119358360
-1
-1
275928444
-1
-1
432498528
-1
-1
589068612
-1
-1
745638696
-1
-1
83199798
-1
-1
239769882
-1
-1
396339966
-1
-1
552910050
-1
-1
709480134
-1
-1
47041236
-1
-1
203611320
-1
-1
360181404
-1
-1
516751488
-1
-1
673321572
-1
-1
10882674
-1
-1
167452758
-1
-1
324022842
-1
-1
480592926
-1
-1
637163010
-1
-1
793733094
-1
-1
131294196
-1
-1
287864280
-1
-1
444434364
-1
-1
601004448
-1
-1
757574532
-1
-1
95135634
-1
-1
251705718
-1
-1
408275802
-1
-1
564845886
-1
-1
721415970
-1
-1
58977072
-1
-1
215547156
-1
-1
372117240
-1
-1
528687324
-1
-1
685257408
-1
-1
22818510
-1
-1
179388594
-1
-1
335958678
-1
-1
492528762
-1
-1
649098846
-1
-1
805668930
-1
-1
143230032
-1
-1
299800116
-1
-1
456370200
-1
-1
612940284
-1
-1
769510368
-1
-1
107071470
-1
-1
263641554
-1
-1
420211638
-1
-1
576781722
-1
-1
733351806
-1
-1
70912908
-1
-1
227482992
-1
-1
384053076
-1
-1
540623160
-1
-1
697193244
-1
-1
34754346
-1
-1
191324430
-1
-1
347894514
-1
-1
504464598
-1
-1
661034682
-1
-1
817604766
-1
-1
155165868
-1
-1
311735952
-1
-1
468306036
-1
-1
624876120
-1
-1
781446204
-1
-1
119007306
-1
-1
275577390
-1
-1
432147474
-1
-1
588717558
-1
-1
745287642
-1
-1
82848744
-1
-1
239418828
-1
-1
395988912
-1
-1
552558996
-1
-1
709129080
-1
-1
46690182
-1
-1
203260266
-1
-1
359830350
-1
-1
516400434
-1
-1
672970518
-1
-1
10531620
-1
-1
167101704
-1
-1
323671788
-1
-1
480241872
-1
-1
636811956
-1
-1
793382040
-1
-1
130943142
-1
-1
287513226
-1
-1
444083310
-1
-1
600653394
-1
-1
757223478
-1
-1
94784580
-1
-1
251354664
-1
-1
407924748
-1
-1
564494832
-1
-1
721064916
-1
-1
58626018
-1
-1
215196102
-1
-1
371766186
-1
-1
528336270
-1
-1
684906354
-1
-1
22467456
-1
-1
179037540
-1
-1
335607624
-1
-1
492177708
-1
-1
648747792
-1
-1
805317876
-1
-1
142878978
-1
-1
299449062
-1
-1
456019146
-1
-1
612589230
-1
-1
769159314
-1
-1
106720416
-1
-1
263290500
-1
-1
419860584
-1
-1
576430668
-1
-1
733000752
-1
-1
70561854
-1
-1
227131938
-1
-1
383702022
-1
-1
540272106
-1
-1
696842190
-1
-1
34403292
-1
-1
190973376
-1
-1
347543460
-1
-1
504113544
-1
-1
660683628
-1
-1
817253712
-1
-1
154814814
-1
-1
311384898
-1
-1
467954982
-1
-1
624525066
-1
-1
781095150
-1
-1
118656252
-1
-1
275226336
-1
-1
431796420
-1
-1
588366504
-1
-1
744936588
-1
-1
82497690
-1
-1
239067774
-1
-1
395637858
-1
-1
552207942
-1
-1
708778026
-1
-1
46339128
-1
-1
202909212
-1
-1
359479296
-1
-1
516049380
-1
-1
672619464
-1
-1
10180566
-1
-1
166750650
-1
-1
323320734
-1
-1
479890818
-1
-1
636460902
-1
-1
793030986
-1
-1
130592088
-1
-1
287162172
-1
-1
443732256
-1
-1
600302340
-1
-1
756872424
-1
-1
94433526
-1
-1
251003610
-1
-1
407573694
-1
-1
564143778
-1
-1
720713862
-1
-1
58274964
-1
-1
214845048
-1
-1
371415132
-1
-1
527985216
-1
-1
684555300
-1
-1
22116402
-1
-1
178686486
-1
-1
335256570
-1
-1
491826654
-1
-1
648396738
-1
-1
804966822
-1
-1
142527924
-1
-1
299098008
-1
-1
455668092
-1
-1
612238176
-1
-1
768808260
-1
-1
106369362
-1
-1
262939446
-1
-1
419509530
-1
-1
576079614
-1
-1
732649698
-1
-1
70210800
-1
-1
226780884
-1
-1
383350968
-1
-1
539921052
-1
-1
696491136
-1
-1
34052238
-1
-1
190622322
-1
-1
347192406
-1
-1
503762490
-1
-1
660332574
-1
-1
816902658
-1
-1
154463760
-1
-1
311033844
-1
-1
467603928
-1
-1
624174012
-1
-1
780744096
-1
-1
118305198
-1
-1
274875282
-1
-1
431445366
-1
-1
588015450
-1
-1
744585534
-1
-1
82146636
-1
-1
238716720
-1
-1
395286804
-1
-1
551856888
-1
-1
708426972
-1
-1
45988074
-1
-1
202558158
-1
-1
359128242
-1
-1
515698326
-1
-1
672268410
-1
-1
9829512
-1
-1
166399596
-1
-1
322969680
-1
-1
479539764
-1
-1
636109848
-1
-1
792679932
-1
-1
130241034
-1
-1
286811118
-1
-1
443381202
-1
-1
599951286
-1
-1
756521370
-1
-1
94082472
-1
-1
250652556
-1
-1
407222640
-1
-1
563792724
-1
-1
720362808
-1
-1
57923910
-1
-1
214493994
-1
-1
371064078
-1
-1
527634162
-1
-1
684204246
-1
-1
21765348
-1
-1
178335432
-1
-1
334905516
-1
-1
491475600
-1
-1
648045684
-1
-1
804615768
-1
-1
142176870
-1
-1
298746954
-1
-1
455317038
-1
-1
611887122
-1
-1
768457206
-1
-1
106018308
-1
-1
262588392
-1
-1
419158476
-1
-1
575728560
-1
-1
732298644
-1
-1
69859746
-1
-1
226429830
-1
-1
382999914
-1
-1
539569998
-1
-1
696140082
-1
-1
33701184
-1
-1
190271268
-1
-1
346841352
-1
-1
503411436
-1
-1
659981520
-1
-1
816551604
-1
-1
154112706
-1
-1
310682790
-1
-1
467252874
-1
-1
623822958
-1
-1
780393042
-1
-1
117954144
-1
-1
274524228
-1
-1
431094312
-1
-1
587664396
-1
-1
744234480
-1
-1
81795582
-1
-1
238365666
-1
-1
394935750
-1
-1
551505834
-1
-1
708075918
-1
-1
45637020
-1
-1
202207104
-1
-1
358777188
-1
-1
515347272
-1
-1
671917356
-1
-1
9478458
-1
-1
166048542
-1
-1
322618626
-1
-1
479188710
-1
-1
635758794
-1
-1
792328878
-1
-1
129889980
-1
-1
286460064
-1
-1
443030148
-1
-1
599600232
-1
-1
756170316
-1
-1
93731418
-1
-1
250301502
-1
-1
406871586
-1
-1
563441670
-1
-1
720011754
-1
-1
57572856
-1
-1
214142940
-1
-1
370713024
-1
-1
527283108
-1
-1
683853192
-1
-1
21414294
-1
-1
177984378
-1
-1
334554462
-1
-1
491124546
-1
-1
647694630
-1
-1
804264714
-1
-1
141825816
-1
-1
298395900
-1
-1
454965984
-1
-1
611536068
-1
-1
768106152
-1
-1
105667254
-1
-1
262237338
-1
-1
418807422
-1
-1
575377506
-1
-1
731947590
-1
-1
69508692
-1
-1
226078776
-1
-1
382648860
-1
-1
539218944
-1
-1
695789028
-1
-1
33350130
-1
-1
189920214
-1
-1
346490298
-1
-1
503060382
-1
-1
659630466
-1
-1
816200550
-1
-1
153761652
-1
-1
310331736
-1
-1
466901820
-1
-1
623471904
-1
-1
780041988
-1
-1
117603090
-1
-1
274173174
-1
-1
430743258
-1
-1
587313342
-1
-1
743883426
-1
-1
81444528
-1
-1
238014612
-1
-1
394584696
-1
-1
551154780
-1
-1
707724864
-1
-1
45285966
-1
-1
201856050
-1
-1
358426134
-1
-1
514996218
-1
-1
671566302
-1
-1
9127404
-1
-1
165697488
-1
-1
322267572
-1
-1
478837656
-1
-1
635407740
-1
-1
791977824
-1
-1
129538926
-1
-1
286109010
-1
-1
442679094
-1
-1
599249178
-1
-1
755819262
-1
-1
93380364
-1
-1
249950448
-1
-1
406520532
-1
-1
563090616
-1
-1
719660700
-1
-1
57221802
-1
-1
213791886
-1
-1
370361970
-1
-1
526932054
-1
-1
683502138
-1
-1
21063240
-1
-1
177633324
-1
-1
334203408
-1
-1
490773492
-1
-1
647343576
-1
-1
803913660
-1
-1
141474762
-1
-1
298044846
-1
-1
454614930
-1
-1
611185014
-1
-1
767755098
-1
-1
105316200
-1
-1
261886284
-1
-1
418456368
-1
-1
575026452
-1
-1
731596536
-1
-1
69157638
-1
-1
225727722
-1
-1
382297806
-1
-1
538867890
-1
-1
695437974
-1
-1
32999076
-1
-1
189569160
-1
-1
346139244
-1
-1
502709328
-1
-1
659279412
-1
-1
815849496
-1
-1
153410598
-1
-1
309980682
-1
-1
466550766
-1
-1
623120850
-1
-1
779690934
-1
-1
117252036
-1
-1
273822120
-1
-1
430392204
-1
-1
586962288
-1
-1
743532372
-1
-1
81093474
-1
-1
237663558
-1
-1
394233642
-1
-1
550803726
-1
-1
707373810
-1
-1
44934912
-1
-1
201504996
-1
-1
358075080
-1
-1
514645164
-1
-1
671215248
-1
-1
8776350
-1
-1
165346434
-1
-1
321916518
-1
-1
478486602
-1
-1
635056686
-1
-1
791626770
-1
-1
129187872
-1
-1
285757956
-1
-1
442328040
-1
-1
598898124
-1
-1
755468208
-1
-1
93029310
-1
-1
249599394
-1
-1
406169478
-1
-1
562739562
-1
-1
719309646
-1
-1
56870748
-1
-1
213440832
-1
-1
370010916
-1
-1
526581000
-1
-1
683151084
-1
-1
20712186
-1
-1
177282270
-1
-1
333852354
-1
-1
490422438
-1
-1
646992522
-1
-1
803562606
-1
-1
141123708
-1
-1
297693792
-1
-1
454263876
-1
-1
610833960
-1
-1
767404044
-1
-1
104965146
-1
-1
261535230
-1
-1
418105314
-1
-1
574675398
-1
-1
731245482
-1
-1
68806584
-1
-1
225376668
-1
-1
381946752
-1
-1
538516836
-1
-1
695086920
-1
-1
32648022
-1
-1
189218106
-1
-1
345788190
-1
-1
502358274
-1
-1
658928358
-1
-1
815498442
-1
-1
153059544
-1
-1
309629628
-1
-1
466199712
-1
-1
622769796
-1
-1
779339880
-1
-1
116900982
-1
-1
273471066
-1
-1
430041150
-1
-1
586611234
-1
-1
743181318
-1
-1
80742420
-1
-1
237312504
-1
-1
393882588
-1
-1
550452672
-1
-1
707022756
-1
-1
44583858
-1
-1
201153942
-1
-1
357724026
-1
-1
514294110
-1
-1
670864194
-1
-1
8425296
-1
-1
164995380
-1
-1
321565464
-1
-1
478135548
-1
-1
634705632
-1
-1
791275716
-1
-1
128836818
-1
-1
285406902
-1
-1
441976986
-1
-1
598547070
-1
-1
755117154
-1
-1
92678256
-1
-1
249248340
-1
-1
405818424
-1
-1
562388508
-1
-1
718958592
-1
-1
56519694
-1
-1
213089778
-1
-1
369659862
-1
-1
526229946
-1
-1
682800030
-1
-1
20361132
-1
-1
176931216
-1
-1
333501300
-1
-1
490071384
-1
-1
646641468
-1
-1
803211552
-1
-1
140772654
-1
-1
297342738
-1
-1
453912822
-1
-1
610482906
-1
-1
767052990
-1
-1
104614092
-1
-1
261184176
-1
-1
417754260
-1
-1
574324344
-1
-1
730894428
-1
-1
68455530
-1
-1
225025614
-1
-1
381595698
-1
-1
538165782
-1
-1
694735866
-1
-1
32296968
-1
-1
188867052
-1
-1
345437136
-1
-1
502007220
-1
-1
658577304
-1
-1
815147388
-1
-1
152708490
-1
-1
309278574
-1
-1
465848658
-1
-1
622418742
-1
-1
778988826
-1
-1
116549928
-1
-1
273120012
-1
-1
429690096
-1
-1
586260180
-1
-1
742830264
-1
-1
80391366
-1
-1
236961450
-1
-1
393531534
-1
-1
550101618
-1
-1
706671702
-1
-1
44232804
-1
-1
200802888
-1
-1
357372972
-1
-1
513943056
-1
-1
670513140
-1
-1
8074242
-1
-1
164644326
-1
-1
321214410
-1
-1
477784494
-1
-1
634354578
-1
-1
790924662
-1
-1
128485764
-1
-1
285055848
-1
-1
441625932
-1
-1
598196016
-1
-1
754766100
-1
-1
92327202
-1
-1
248897286
-1
-1
405467370
-1
-1
562037454
-1
-1
718607538
-1
-1
56168640
-1
-1
212738724
-1
-1
369308808
-1
-1
525878892
-1
-1
682448976
-1
-1
20010078
-1
-1
176580162
-1
-1
333150246
-1
-1
489720330
-1
-1
646290414
-1
-1
802860498
-1
-1
140421600
-1
-1
296991684
-1
-1
453561768
-1
-1
610131852
-1
-1
766701936
-1
-1
104263038
-1
-1
260833122
-1
-1
417403206
-1
-1
573973290
-1
-1
730543374
-1
-1
68104476
-1
-1
224674560
-1
-1
381244644
-1
-1
537814728
-1
-1
694384812
-1
-1
31945914
-1
-1
188515998
-1
-1
345086082
-1
-1
501656166
-1
-1
658226250
-1
-1
814796334
-1
-1
152357436
-1
-1
308927520
-1
-1
465497604
-1
-1
622067688
-1
-1
778637772
-1
-1
116198874
-1
-1
272768958
-1
-1
429339042
-1
-1
585909126
-1
-1
742479210
-1
-1
80040312
-1
-1
236610396
-1
-1
393180480
-1
-1
549750564
-1
-1
706320648
-1
-1
43881750
-1
-1
200451834
-1
-1
357021918
-1
-1
513592002
-1
-1
670162086
-1
-1
7723188
-1
-1
164293272
-1
-1
320863356
-1
-1
477433440
-1
-1
634003524
-1
-1
790573608
-1
-1
128134710
-1
-1
284704794
-1
-1
441274878
-1
-1
597844962
-1
-1
754415046
-1
-1
91976148
-1
-1
248546232
-1
-1
405116316
-1
-1
561686400
-1
-1
718256484
-1
-1
55817586
-1
-1
212387670
-1
-1
368957754
-1
-1
525527838
-1
-1
682097922
-1
-1
19659024
-1
-1
176229108
-1
-1
332799192
-1
-1
489369276
-1
-1
645939360
-1
-1
802509444
-1
-1
140070546
-1
-1
296640630
-1
-1
453210714
-1
-1
609780798
-1
-1
766350882
-1
-1
103911984
-1
-1
260482068
-1
-1
417052152
-1
-1
573622236
-1
-1
730192320
-1
-1
67753422
-1
-1
224323506
-1
-1
380893590
-1
-1
537463674
-1
-1
694033758
-1
-1
31594860
-1
-1
188164944
-1
-1
344735028
-1
-1
501305112
-1
-1
657875196
-1
-1
814445280
-1
-1
152006382
-1
-1
308576466
-1
-1
465146550
-1
-1
621716634
-1
-1
778286718
-1
-1
115847820
-1
-1
272417904
-1
-1
428987988
-1
-1
585558072
-1
-1
742128156
-1
-1
79689258
-1
-1
236259342
-1
-1
392829426
-1
-1
549399510
-1
-1
705969594
-1
-1
43530696
-1
-1
200100780
-1
-1
356670864
-1
-1
513240948
-1
-1
669811032
-1
-1
7372134
-1
-1
163942218
-1
-1
320512302
-1
-1
477082386
-1
-1
633652470
-1
-1
790222554
-1
-1
127783656
-1
-1
284353740
-1
-1
440923824
-1
-1
597493908
-1
-1
754063992
-1
-1
91625094
-1
-1
248195178
-1
-1
404765262
-1
-1
561335346
-1
-1
717905430
-1
-1
55466532
-1
-1
212036616
-1
-1
368606700
-1
-1
525176784
-1
-1
681746868
-1
-1
19307970
-1
-1
175878054
-1
-1
332448138
-1
-1
489018222
-1
-1
645588306
-1
-1
802158390
-1
-1
139719492
-1
-1
296289576
-1
-1
452859660
-1
-1
609429744
-1
-1
765999828
-1
-1
103560930
-1
-1
260131014
-1
-1
416701098
-1
-1
573271182
-1
-1
729841266
-1
-1
67402368
-1
-1
223972452
-1
-1
380542536
-1
-1
537112620
-1
-1
693682704
-1
-1
31243806
-1
-1
187813890
-1
-1
344383974
-1
-1
500954058
-1
-1
657524142
-1
-1
814094226
-1
-1
151655328
-1
-1
308225412
-1
-1
464795496
-1
-1
621365580
-1
-1
777935664
-1
-1
115496766
-1
-1
272066850
-1
-1
428636934
-1
-1
585207018
-1
-1
741777102
-1
-1
79338204
-1
-1
235908288
-1
-1
392478372
-1
-1
549048456
-1
-1
705618540
-1
-1
43179642
-1
-1
199749726
-1
-1
356319810
-1
-1
512889894
-1
-1
669459978
-1
-1
7021080
-1
-1
163591164
-1
-1
320161248
-1
-1
476731332
-1
-1
633301416
-1
-1
789871500
-1
-1
127432602
-1
-1
284002686
-1
-1
440572770
-1
-1
597142854
-1
-1
753712938
-1
-1
91274040
-1
-1
247844124
-1
-1
404414208
-1
-1
560984292
-1
-1
717554376
-1
-1
55115478
-1
-1
211685562
-1
-1
368255646
-1
-1
524825730
-1
-1
681395814
-1
-1
18956916
-1
-1
175527000
-1
-1
332097084
-1
-1
488667168
-1
-1
645237252
-1
-1
801807336
-1
-1
139368438
-1
-1
295938522
-1
-1
452508606
-1
-1
609078690
-1
-1
765648774
-1
-1
103209876
-1
-1
259779960
-1
-1
416350044
-1
-1
572920128
-1
-1
729490212
-1
-1
67051314
-1
-1
223621398
-1
-1
380191482
-1
-1
536761566
-1
-1
693331650
-1
-1
30892752
-1
-1
187462836
-1
-1
344032920
-1
-1
500603004
-1
-1
657173088
-1
-1
813743172
-1
-1
151304274
-1
-1
307874358
-1
-1
464444442
-1
-1
621014526
-1
-1
777584610
-1
-1
115145712
-1
-1
271715796
-1
-1
428285880
-1
-1
584855964
-1
-1
741426048
-1
-1
78987150
-1
-1
235557234
-1
-1
392127318
-1
-1
548697402
-1
-1
705267486
-1
-1
42828588
-1
-1
199398672
-1
-1
355968756
-1
-1
512538840
-1
-1
669108924
-1
-1
6670026
-1
-1
163240110
-1
-1
319810194
-1
-1
476380278
-1
-1
632950362
-1
-1
789520446
-1
-1
127081548
-1
-1
283651632
-1
-1
440221716
-1
-1
596791800
-1
-1
753361884
-1
-1
90922986
-1
-1
247493070
-1
-1
404063154
-1
-1
560633238
-1
-1
717203322
-1
-1
54764424
-1
-1
211334508
-1
-1
367904592
-1
-1
524474676
-1
-1
681044760
-1
-1
18605862
-1
-1
175175946
-1
-1
331746030
-1
-1
488316114
-1
-1
644886198
-1
-1
801456282
-1
-1
139017384
-1
-1
295587468
-1
-1
452157552
-1
-1
608727636
-1
-1
765297720
-1
-1
102858822
-1
-1
259428906
-1
-1
415998990
-1
-1
572569074
-1
-1
729139158
-1
-1
66700260
-1
-1
223270344
-1
-1
379840428
-1
-1
536410512
-1
-1
692980596
-1
-1
30541698
-1
-1
187111782
-1
-1
343681866
-1
-1
500251950
-1
-1
656822034
-1
-1
813392118
-1
-1
150953220
-1
-1
307523304
-1
-1
464093388
-1
-1
620663472
-1
-1
777233556
-1
-1
114794658
-1
-1
271364742
-1
-1
427934826
-1
-1
584504910
-1
-1
741074994
-1
-1
78636096
-1
-1
235206180
-1
-1
391776264
-1
-1
548346348
-1
-1
704916432
-1
-1
42477534
-1
-1
199047618
-1
-1
355617702
-1
-1
512187786
-1
-1
668757870
-1
-1
6318972
-1
-1
162889056
-1
-1
319459140
-1
-1
476029224
-1
-1
632599308
-1
-1
789169392
-1
-1
126730494
-1
-1
283300578
-1
-1
439870662
-1
-1
596440746
-1
-1
753010830
-1
-1
90571932
-1
-1
247142016
-1
-1
403712100
-1
-1
560282184
-1
-1
716852268
-1
-1
54413370
-1
-1
210983454
-1
-1
367553538
-1
-1
524123622
-1
-1
680693706
-1
-1
18254808
-1
-1
174824892
-1
-1
331394976
-1
-1
487965060
-1
-1
644535144
-1
-1
801105228
-1
-1
138666330
-1
-1
295236414
-1
-1
451806498
-1
-1
608376582
-1
-1
764946666
-1
-1
102507768
-1
-1
259077852
-1
-1
415647936
-1
-1
572218020
-1
-1
728788104
-1
-1
66349206
-1
-1
222919290
-1
-1
379489374
-1
-1
536059458
-1
-1
692629542
-1
-1
30190644
-1
-1
186760728
-1
-1
343330812
-1
-1
499900896
-1
-1
656470980
-1
-1
813041064
-1
-1
150602166
-1
-1
307172250
-1
-1
463742334
-1
-1
620312418
-1
-1
776882502
-1
-1
114443604
-1
-1
271013688
-1
-1
427583772
-1
-1
584153856
-1
-1
740723940
-1
-1
78285042
-1
-1
234855126
-1
-1
391425210
-1
-1
547995294
-1
-1
704565378
-1
-1
42126480
-1
-1
198696564
-1
-1
355266648
-1
-1
511836732
-1
-1
668406816
-1
-1
5967918
-1
-1
162538002
-1
-1
319108086
-1
-1
475678170
-1
-1
632248254
-1
-1
788818338
-1
-1
126379440
-1
-1
282949524
-1
-1
439519608
-1
-1
596089692
-1
-1
752659776
-1
-1
90220878
-1
-1
246790962
-1
-1
403361046
-1
-1
559931130
-1
-1
716501214
-1
-1
54062316
-1
-1
210632400
-1
-1
367202484
-1
-1
523772568
-1
-1
680342652
-1
-1
17903754
-1
-1
174473838
-1
-1
331043922
-1
-1
487614006
-1
-1
644184090
-1
-1
800754174
-1
-1
138315276
-1
-1
294885360
-1
-1
451455444
-1
-1
608025528
-1
-1
764595612
-1
-1
102156714
-1
-1
258726798
-1
-1
415296882
-1
-1
571866966
-1
-1
728437050
-1
-1
65998152
-1
-1
222568236
-1
-1
379138320
-1
-1
535708404
-1
-1
692278488
-1
-1
29839590
-1
-1
186409674
-1
-1
342979758
-1
-1
499549842
-1
-1
656119926
-1
-1
812690010
-1
-1
150251112
-1
-1
306821196
-1
-1
463391280
-1
-1
619961364
-1
-1
776531448
-1
-1
114092550
-1
-1
270662634
-1
-1
427232718
-1
-1
583802802
-1
-1
740372886
-1
-1
77933988
-1
-1
234504072
-1
-1
391074156
-1
-1
547644240
-1
-1
704214324
-1
-1
41775426
-1
-1
198345510
-1
-1
354915594
-1
-1
511485678
-1
-1
668055762
-1
-1
5616864
-1
-1
162186948
-1
-1
318757032
-1
-1
475327116
-1
-1
631897200
-1
-1
788467284
-1
-1
126028386
-1
-1
282598470
-1
-1
439168554
-1
-1
595738638
-1
-1
752308722
-1
-1
89869824
-1
-1
246439908
-1
-1
403009992
-1
-1
559580076
-1
-1
716150160
-1
-1
53711262
-1
-1
210281346
-1
-1
366851430
-1
-1
523421514
-1
-1
679991598
-1
-1
17552700
-1
-1
174122784
-1
-1
330692868
-1
-1
487262952
-1
-1
643833036
-1
-1
800403120
-1
-1
137964222
-1
-1
294534306
-1
-1
451104390
-1
-1
607674474
-1
-1
764244558
-1
-1
101805660
-1
-1
258375744
-1
-1
414945828
-1
-1
571515912
-1
-1
728085996
-1
-1
65647098
-1
-1
222217182
-1
-1
378787266
-1
-1
535357350
-1
-1
691927434
-1
-1
29488536
-1
-1
186058620
-1
-1
342628704
-1
-1
499198788
-1
-1
655768872
-1
-1
812338956
-1
-1
149900058
-1
-1
306470142
-1
-1
463040226
-1
-1
619610310
-1
-1
776180394
-1
-1
113741496
-1
-1
270311580
-1
-1
426881664
-1
-1
583451748
-1
-1
740021832
-1
-1
77582934
-1
-1
234153018
-1
-1
390723102
-1
-1
547293186
-1
-1
703863270
-1
-1
41424372
-1
-1
197994456
-1
-1
354564540
-1
-1
511134624
-1
-1
667704708
-1
-1
5265810
-1
-1
161835894
-1
-1
318405978
-1
-1
474976062
-1
-1
631546146
-1
-1
788116230
-1
-1
125677332
-1
-1
282247416
-1
-1
438817500
-1
-1
595387584
-1
-1
751957668
-1
-1
89518770
-1
-1
246088854
-1
-1
402658938
-1
-1
559229022
-1
-1
715799106
-1
-1
53360208
-1
-1
209930292
-1
-1
366500376
-1
-1
523070460
-1
-1
679640544
-1
-1
17201646
-1
-1
173771730
-1
-1
330341814
-1
-1
486911898
-1
-1
643481982
-1
-1
800052066
-1
-1
137613168
-1
-1
294183252
-1
-1
450753336
-1
-1
607323420
-1
-1
763893504
-1
-1
101454606
-1
-1
258024690
-1
-1
414594774
-1
-1
571164858
-1
-1
727734942
-1
-1
65296044
-1
-1
221866128
-1
-1
378436212
-1
-1
535006296
-1
-1
691576380
-1
-1
29137482
-1
-1
185707566
-1
-1
342277650
-1
-1
498847734
-1
-1
655417818
-1
-1
811987902
-1
-1
149549004
-1
-1
306119088
-1
-1
462689172
-1
-1
619259256
-1
-1
775829340
-1
-1
113390442
-1
-1
269960526
-1
-1
426530610
-1
-1
583100694
-1
-1
739670778
-1
-1
77231880
-1
-1
233801964
-1
-1
390372048
-1
-1
546942132
-1
-1
703512216
-1
-1
41073318
-1
-1
197643402
-1
-1
354213486
-1
-1
510783570
-1
-1
667353654
-1
-1
4914756
-1
-1
161484840
-1
-1
318054924
-1
-1
474625008
-1
-1
631195092
-1
-1
787765176
-1
-1
125326278
-1
-1
281896362
-1
-1
438466446
-1
-1
595036530
-1
-1
751606614
-1
-1
89167716
-1
-1
245737800
-1
-1
402307884
-1
-1
558877968
-1
-1
715448052
-1
-1
53009154
-1
-1
209579238
-1
-1
366149322
-1
-1
522719406
-1
-1
679289490
-1
-1
16850592
-1
-1
173420676
-1
-1
329990760
-1
-1
486560844
-1
-1
643130928
-1
-1
799701012
-1
-1
137262114
-1
-1
293832198
-1
-1
450402282
-1
-1
606972366
-1
-1
763542450
-1
-1
101103552
-1
-1
257673636
-1
-1
414243720
-1
-1
570813804
-1
-1
727383888
-1
-1
64944990
-1
-1
221515074
-1
-1
378085158
-1
-1
534655242
-1
-1
691225326
-1
-1
28786428
-1
-1
185356512
-1
-1
341926596
-1
-1
498496680
-1
-1
655066764
-1
-1
811636848
-1
-1
149197950
-1
-1
305768034
-1
-1
462338118
-1
-1
618908202
-1
-1
775478286
-1
-1
113039388
-1
-1
269609472
-1
-1
426179556
-1
-1
582749640
-1
-1
739319724
-1
-1
76880826
-1
-1
233450910
-1
-1
390020994
-1
-1
546591078
-1
-1
703161162
-1
-1
40722264
-1
-1
197292348
-1
-1
353862432
-1
-1
510432516
-1
-1
667002600
-1
-1
4563702
-1
-1
161133786
-1
-1
317703870
-1
-1
474273954
-1
-1
630844038
-1
-1
787414122
-1
-1
124975224
-1
-1
281545308
-1
-1
438115392
-1
-1
594685476
-1
-1
751255560
-1
-1
88816662
-1
-1
245386746
-1
-1
401956830
-1
-1
558526914
-1
-1
715096998
-1
-1
52658100
-1
-1
209228184
-1
-1
365798268
-1
-1
522368352
-1
-1
678938436
-1
-1
16499538
-1
-1
173069622
-1
-1
329639706
-1
-1
486209790
-1
-1
642779874
-1
-1
799349958
-1
-1
136911060
-1
-1
293481144
-1
-1
450051228
-1
-1
606621312
-1
-1
763191396
-1
-1
100752498
-1
-1
257322582
-1
-1
413892666
-1
-1
570462750
-1
-1
727032834
-1
-1
64593936
-1
-1
221164020
-1
-1
377734104
-1
-1
534304188
-1
-1
690874272
-1
-1
28435374
-1
-1
185005458
-1
-1
341575542
-1
-1
498145626
-1
-1
654715710
-1
-1
811285794
-1
-1
148846896
-1
-1
305416980
-1
-1
461987064
-1
-1
618557148
-1
-1
775127232
-1
-1
112688334
-1
-1
269258418
-1
-1
425828502
-1
-1
582398586
-1
-1
738968670
-1
-1
76529772
-1
-1
233099856
-1
-1
389669940
-1
-1
546240024
-1
-1
702810108
-1
-1
40371210
-1
-1
196941294
-1
-1
353511378
-1
-1
510081462
-1
-1
666651546
-1
-1
4212648
-1
-1
160782732
-1
-1
317352816
-1
-1
473922900
-1
-1
630492984
-1
-1
787063068
-1
-1
124624170
-1
-1
281194254
-1
-1
437764338
-1
-1
594334422
-1
-1
750904506
-1
-1
88465608
-1
-1
245035692
-1
-1
401605776
-1
-1
558175860
-1
-1
714745944
-1
-1
52307046
-1
-1
208877130
-1
-1
365447214
-1
-1
522017298
-1
-1
678587382
-1
-1
16148484
-1
-1
172718568
-1
-1
329288652
-1
-1
485858736
-1
-1
642428820
-1
-1
798998904
-1
-1
136560006
-1
-1
293130090
-1
-1
449700174
-1
-1
606270258
-1
-1
762840342
-1
-1
100401444
-1
-1
256971528
-1
-1
413541612
-1
-1
570111696
-1
-1
726681780
-1
-1
64242882
-1
-1
220812966
-1
-1
377383050
-1
-1
533953134
-1
-1
690523218
-1
-1
28084320
-1
-1
184654404
-1
-1
341224488
-1
-1
497794572
-1
-1
654364656
-1
-1
810934740
-1
-1
148495842
-1
-1
305065926
-1
-1
461636010
-1
-1
618206094
-1
-1
774776178
-1
-1
112337280
-1
-1
268907364
-1
-1
425477448
-1
-1
582047532
-1
-1
738617616
-1
-1
76178718
-1
-1
232748802
-1
-1
389318886
-1
-1
545888970
-1
-1
702459054
-1
-1
40020156
-1
-1
196590240
-1
-1
353160324
-1
-1
509730408
-1
-1
666300492
-1
-1
3861594
-1
-1
160431678
-1
-1
317001762
-1
-1
473571846
-1
-1
630141930
-1
-1
786712014
-1
-1
124273116
-1
-1
280843200
-1
-1
437413284
-1
-1
593983368
-1
-1
750553452
-1
-1
88114554
-1
-1
244684638
-1
-1
401254722
-1
-1
557824806
-1
-1
714394890
-1
-1
51955992
-1
-1
208526076
-1
-1
365096160
-1
-1
521666244
-1
-1
678236328
-1
-1
15797430
-1
-1
172367514
-1
-1
328937598
-1
-1
485507682
-1
-1
642077766
-1
-1
798647850
-1
-1
136208952
-1
-1
292779036
-1
-1
449349120
-1
-1
605919204
-1
-1
762489288
-1
-1
100050390
-1
-1
256620474
-1
-1
413190558
-1
-1
569760642
-1
-1
726330726
-1
-1
63891828
-1
-1
220461912
-1
-1
377031996
-1
-1
533602080
-1
-1
690172164
-1
-1
27733266
-1
-1
184303350
-1
-1
340873434
-1
-1
497443518
-1
-1
654013602
-1
-1
810583686
-1
-1
148144788
-1
-1
304714872
-1
-1
461284956
-1
-1
617855040
-1
-1
774425124
-1
-1
111986226
-1
-1
268556310
-1
-1
425126394
-1
-1
581696478
-1
-1
738266562
-1
-1
75827664
-1
-1
232397748
-1
-1
388967832
-1
-1
545537916
-1
-1
702108000
-1
-1
39669102
-1
-1
196239186
-1
-1
352809270
-1
-1
509379354
-1
-1
665949438
-1
-1
3510540
-1
-1
160080624
-1
-1
316650708
-1
-1
473220792
-1
-1
629790876
-1
-1
786360960
-1
-1
123922062
-1
-1
280492146
-1
-1
437062230
-1
-1
593632314
-1
-1
750202398
-1
-1
87763500
-1
-1
244333584
-1
-1
400903668
-1
-1
557473752
-1
-1
714043836
-1
-1
51604938
-1
-1
208175022
-1
-1
364745106
-1
-1
521315190
-1
-1
677885274
-1
-1
15446376
-1
-1
172016460
-1
-1
328586544
-1
-1
485156628
-1
-1
641726712
-1
-1
798296796
-1
-1
135857898
-1
-1
292427982
-1
-1
448998066
-1
-1
605568150
-1
-1
762138234
-1
-1
99699336
-1
-1
256269420
-1
-1
412839504
-1
-1
569409588
-1
-1
725979672
-1
-1
63540774
-1
-1
220110858
-1
-1
376680942
-1
-1
533251026
-1
-1
689821110
-1
-1
27382212
-1
-1
183952296
-1
-1
340522380
-1
-1
497092464
-1
-1
653662548
-1
-1
810232632
-1
-1
147793734
-1
-1
304363818
-1
-1
460933902
-1
-1
617503986
-1
-1
774074070
-1
-1
111635172
-1
-1
268205256
-1
-1
424775340
-1
-1
581345424
-1
-1
737915508
-1
-1
75476610
-1
-1
232046694
-1
-1
388616778
-1
-1
545186862
-1
-1
701756946
-1
-1
39318048
-1
-1
195888132
-1
-1
352458216
-1
-1
509028300
-1
-1
665598384
-1
-1
3159486
-1
-1
159729570
-1
-1
316299654
-1
-1
472869738
-1
-1
629439822
-1
-1
786009906
-1
-1
123571008
-1
-1
280141092
-1
-1
436711176
-1
-1
593281260
-1
-1
749851344
-1
-1
87412446
-1
-1
243982530
-1
-1
400552614
-1
-1
557122698
-1
-1
713692782
-1
-1
51253884
-1
-1
207823968
-1
-1
364394052
-1
-1
520964136
-1
-1
677534220
-1
-1
15095322
-1
-1
171665406
-1
-1
328235490
-1
-1
484805574
-1
-1
641375658
-1
-1
797945742
-1
-1
135506844
-1
-1
292076928
-1
-1
448647012
-1
-1
605217096
-1
-1
761787180
-1
-1
99348282
-1
-1
255918366
-1
-1
412488450
-1
-1
569058534
-1
-1
725628618
-1
-1
63189720
-1
-1
219759804
-1
-1
376329888
-1
-1
532899972
-1
-1
689470056
-1
-1
27031158
-1
-1
183601242
-1
-1
340171326
-1
-1
496741410
-1
-1
653311494
-1
-1
809881578
-1
-1
147442680
-1
-1
304012764
-1
-1
460582848
-1
-1
617152932
-1
-1
773723016
-1
-1
111284118
-1
-1
267854202
-1
-1
424424286
-1
-1
580994370
-1
-1
737564454
-1
-1
75125556
-1
-1
231695640
-1
-1
388265724
-1
-1
544835808
-1
-1
701405892
-1
-1
38966994
-1
-1
195537078
-1
-1
352107162
-1
-1
508677246
-1
-1
665247330
-1
-1
2808432
-1
-1
159378516
-1
-1
315948600
-1
-1
472518684
-1
-1
629088768
-1
-1
785658852
-1
-1
123219954
-1
-1
279790038
-1
-1
436360122
-1
-1
592930206
-1
-1
749500290
-1
-1
87061392
-1
-1
243631476
-1
-1
400201560
-1
-1
556771644
-1
-1
713341728
-1
-1
50902830
-1
-1
207472914
-1
-1
364042998
-1
-1
520613082
-1
-1
677183166
-1
-1
14744268
-1
-1
171314352
-1
-1
327884436
-1
-1
484454520
-1
-1
641024604
-1
-1
797594688
-1
-1
135155790
-1
-1
291725874
-1
-1
448295958
-1
-1
604866042
-1
-1
761436126
-1
-1
98997228
-1
-1
255567312
-1
-1
412137396
-1
-1
568707480
-1
-1
725277564
-1
-1
62838666
-1
-1
219408750
-1
-1
375978834
-1
-1
532548918
-1
-1
689119002
-1
-1
26680104
-1
-1
183250188
-1
-1
339820272
-1
-1
496390356
-1
-1
652960440
-1
-1
809530524
-1
-1
147091626
-1
-1
303661710
-1
-1
460231794
-1
-1
616801878
-1
-1
773371962
-1
-1
110933064
-1
-1
267503148
-1
-1
424073232
-1
-1
580643316
-1
-1
737213400
-1
-1
74774502
-1
-1
231344586
-1
-1
387914670
-1
-1
544484754
-1
-1
701054838
-1
-1
38615940
-1
-1
195186024
-1
-1
351756108
-1
-1
508326192
-1
-1
664896276
-1
-1
2457378
-1
-1
159027462
-1
-1
315597546
-1
-1
472167630
-1
-1
628737714
-1
-1
785307798
-1
-1
122868900
-1
-1
279438984
-1
-1
436009068
-1
-1
592579152
-1
-1
749149236
-1
-1
86710338
-1
-1
243280422
-1
-1
399850506
-1
-1
556420590
-1
-1
712990674
-1
-1
50551776
-1
-1
207121860
-1
-1
363691944
-1
-1
520262028
-1
-1
676832112
-1
-1
14393214
-1
-1
170963298
-1
-1
327533382
-1
-1
484103466
-1
-1
640673550
-1
-1
797243634
-1
-1
134804736
-1
-1
291374820
-1
-1
447944904
-1
-1
604514988
-1
-1
761085072
-1
-1
98646174
-1
-1
255216258
-1
-1
411786342
-1
-1
568356426
-1
-1
724926510
-1
-1
62487612
-1
-1
219057696
-1
-1
375627780
-1
-1
532197864
-1
-1
688767948
-1
-1
26329050
-1
-1
182899134
-1
-1
339469218
-1
-1
496039302
-1
-1
652609386
-1
-1
809179470
-1
-1
146740572
-1
-1
303310656
-1
-1
459880740
-1
-1
616450824
-1
-1
773020908
-1
-1
110582010
-1
-1
267152094
-1
-1
423722178
-1
-1
580292262
-1
-1
736862346
-1
-1
74423448
-1
-1
230993532
-1
-1
387563616
-1
-1
544133700
-1
-1
700703784
-1
-1
38264886
-1
-1
194834970
-1
-1
351405054
-1
-1
507975138
-1
-1
664545222
-1
-1
2106324
-1
-1
158676408
-1
-1
315246492
-1
-1
471816576
-1
-1
628386660
-1
-1
784956744
-1
-1
122517846
-1
-1
279087930
-1
-1
435658014
-1
-1
592228098
-1
-1
748798182
-1
-1
86359284
-1
-1
242929368
-1
-1
399499452
-1
-1
556069536
-1
-1
712639620
-1
-1
50200722
-1
-1
206770806
-1
-1
363340890
-1
-1
519910974
-1
-1
676481058
-1
-1
14042160
-1
-1
170612244
-1
-1
327182328
-1
-1
483752412
-1
-1
640322496
-1
-1
796892580
-1
-1
134453682
-1
-1
291023766
-1
-1
447593850
-1
-1
604163934
-1
-1
760734018
-1
-1
98295120
-1
-1
254865204
-1
-1
411435288
-1
-1
568005372
-1
-1
724575456
-1
-1
62136558
-1
-1
218706642
-1
-1
375276726
-1
-1
531846810
-1
-1
688416894
-1
-1
25977996
-1
-1
182548080
-1
-1
339118164
-1
-1
495688248
-1
-1
652258332
-1
-1
808828416
-1
-1
146389518
-1
-1
302959602
-1
-1
459529686
-1
-1
616099770
-1
-1
772669854
-1
-1
110230956
-1
-1
266801040
-1
-1
423371124
-1
-1
579941208
-1
-1
736511292
-1
-1
74072394
-1
-1
230642478
-1
-1
387212562
-1
-1
543782646
-1
-1
700352730
-1
-1
37913832
-1
-1
194483916
-1
-1
351054000
-1
-1
507624084
-1
-1
664194168
-1
-1
1755270
-1
-1
158325354
-1
-1
314895438
-1
-1
471465522
-1
-1
628035606
-1
-1
784605690
-1
-1
122166792
-1
-1
278736876
-1
-1
435306960
-1
-1
591877044
-1
-1
748447128
-1
-1
86008230
-1
-1
242578314
-1
-1
399148398
-1
-1
555718482
-1
-1
712288566
-1
-1
49849668
-1
-1
206419752
-1
-1
362989836
-1
-1
519559920
-1
-1
676130004
-1
-1
13691106
-1
-1
170261190
-1
-1
326831274
-1
-1
483401358
-1
-1
639971442
-1
-1
796541526
-1
-1
134102628
-1
-1
290672712
-1
-1
447242796
-1
-1
603812880
-1
-1
760382964
-1
-1
97944066
-1
-1
254514150
-1
-1
411084234
-1
-1
567654318
-1
-1
724224402
-1
-1
61785504
-1
-1
218355588
-1
-1
374925672
-1
-1
531495756
-1
-1
688065840
-1
-1
25626942
-1
-1
182197026
-1
-1
338767110
-1
-1
495337194
-1
-1
651907278
-1
-1
808477362
-1
-1
146038464
-1
-1
302608548
-1
-1
459178632
-1
-1
615748716
-1
-1
772318800
-1
-1
109879902
-1
-1
266449986
-1
-1
423020070
-1
-1
579590154
-1
-1
736160238
-1
-1
73721340
-1
-1
230291424
-1
-1
386861508
-1
-1
543431592
-1
-1
700001676
-1
-1
37562778
-1
-1
194132862
-1
-1
350702946
-1
-1
507273030
-1
-1
663843114
-1
-1
1404216
-1
-1
157974300
-1
-1
314544384
-1
-1
471114468
-1
-1
627684552
-1
-1
784254636
-1
-1
121815738
-1
-1
278385822
-1
-1
434955906
-1
-1
591525990
-1
-1
748096074
-1
-1
85657176
-1
-1
242227260
-1
-1
398797344
-1
-1
555367428
-1
-1
711937512
-1
-1
49498614
-1
-1
206068698
-1
-1
362638782
-1
-1
519208866
-1
-1
675778950
-1
-1
13340052
-1
-1
169910136
-1
-1
326480220
-1
-1
483050304
-1
-1
639620388
-1
-1
796190472
-1
-1
133751574
-1
-1
290321658
-1
-1
446891742
-1
-1
603461826
-1
-1
760031910
-1
-1
97593012
-1
-1
254163096
-1
-1
410733180
-1
-1
567303264
-1
-1
723873348
-1
-1
61434450
-1
-1
218004534
-1
-1
374574618
-1
-1
531144702
-1
-1
687714786
-1
-1
25275888
-1
-1
181845972
-1
-1
338416056
-1
-1
494986140
-1
-1
651556224
-1
-1
808126308
-1
-1
145687410
-1
-1
302257494
-1
-1
458827578
-1
-1
615397662
-1
-1
771967746
-1
-1
109528848
-1
-1
266098932
-1
-1
422669016
-1
-1
579239100
-1
-1
735809184
-1
-1
73370286
-1
-1
229940370
-1
-1
386510454
-1
-1
543080538
-1
-1
699650622
-1
-1
37211724
-1
-1
193781808
-1
-1
350351892
-1
-1
506921976
-1
-1
663492060
-1
-1
1053162
-1
-1
157623246
-1
-1
314193330
-1
-1
470763414
-1
-1
627333498
-1
-1
783903582
-1
-1
121464684
-1
-1
278034768
-1
-1
434604852
-1
-1
591174936
-1
-1
747745020
-1
-1
85306122
-1
-1
241876206
-1
-1
398446290
-1
-1
555016374
-1
-1
711586458
-1
-1
49147560
-1
-1
205717644
-1
-1
362287728
-1
-1
518857812
-1
-1
675427896
-1
-1
12988998
-1
-1
169559082
-1
-1
326129166
-1
-1
482699250
-1
-1
639269334
-1
-1
795839418
-1
-1
133400520
-1
-1
289970604
-1
-1
446540688
-1
-1
603110772
-1
-1
759680856
-1
-1
97241958
-1
-1
253812042
-1
-1
410382126
-1
-1
566952210
-1
-1
723522294
-1
-1
61083396
-1
-1
217653480
-1
-1
374223564
-1
-1
530793648
-1
-1
687363732
-1
-1
24924834
-1
-1
181494918
-1
-1
338065002
-1
-1
494635086
-1
-1
651205170
-1
-1
807775254
-1
-1
145336356
-1
-1
301906440
-1
-1
458476524
-1
-1
615046608
-1
-1
771616692
-1
-1
109177794
-1
-1
265747878
-1
-1
422317962
-1
-1
578888046
-1
-1
735458130
-1
-1
73019232
-1
-1
229589316
-1
-1
386159400
-1
-1
542729484
-1
-1
699299568
-1
-1
36860670
-1
-1
193430754
-1
-1
350000838
-1
-1
506570922
-1
-1
663141006
-1
-1
702108
-1
-1
157272192
-1
-1
313842276
-1
-1
470412360
-1
-1
626982444
-1
-1
783552528
-1
-1
121113630
-1
-1
277683714
-1
-1
434253798
-1
-1
590823882
-1
-1
747393966
-1
-1
84955068
-1
-1
241525152
-1
-1
398095236
-1
-1
554665320
-1
-1
711235404
-1
-1
48796506
-1
-1
205366590
-1
-1
361936674
-1
-1
518506758
-1
-1
675076842
-1
-1
12637944
-1
-1
169208028
-1
-1
325778112
-1
-1
482348196
-1
-1
638918280
-1
-1
795488364
-1
-1
133049466
-1
-1
289619550
-1
-1
446189634
-1
-1
602759718
-1
-1
759329802
-1
-1
96890904
-1
-1
253460988
-1
-1
410031072
-1
-1
566601156
-1
-1
723171240
-1
-1
60732342
-1
-1
217302426
-1
-1
373872510
-1
-1
530442594
-1
-1
687012678
-1
-1
24573780
-1
-1
181143864
-1
-1
337713948
-1
-1
494284032
-1
-1
650854116
-1
-1
807424200
-1
-1
144985302
-1
-1
301555386
-1
-1
458125470
-1
-1
614695554
-1
-1
771265638
-1
-1
108826740
-1
-1
265396824
-1
-1
421966908
-1
-1
578536992
-1
-1
735107076
-1
-1
72668178
-1
-1
229238262
-1
-1
385808346
-1
-1
542378430
-1
-1
698948514
-1
-1
36509616
-1
-1
193079700
-1
-1
349649784
-1
-1
506219868
-1
-1
662789952
-1
-1
351054
-1
-1
156921138
-1
-1
313491222
-1
-1
470061306
-1
-1
626631390
-1
-1
783201474
-1
-1
120762576
-1
-1
277332660
-1
-1
433902744
-1
-1
590472828
-1
-1
747042912
-1
-1
84604014
-1
-1
241174098
-1
-1
397744182
-1
-1
554314266
-1
-1
710884350
-1
-1
48445452
-1
-1
205015536
-1
-1
361585620
-1
-1
518155704
-1
-1
674725788
-1
-1
12286890
-1
-1
168856974
-1
-1
325427058
-1
-1
481997142
-1
-1
638567226
-1
-1
795137310
-1
-1
132698412
-1
-1
289268496
-1
-1
445838580
-1
-1
602408664
-1
-1
758978748
-1
-1
96539850
-1
-1
253109934
-1
-1
409680018
-1
-1
566250102
-1
-1
722820186
-1
-1
60381288
-1
-1
216951372
-1
-1
373521456
-1
-1
530091540
-1
-1
686661624
-1
-1
24222726
-1
-1
180792810
-1
-1
337362894
-1
-1
493932978
-1
-1
650503062
-1
-1
807073146
-1
-1
144634248
-1
-1
301204332
-1
-1
457774416
-1
-1
614344500
-1
-1
770914584
-1
-1
108475686
-1
-1
265045770
-1
-1
421615854
-1
-1
578185938
-1
-1
734756022
-1
-1
72317124
-1
-1
228887208
-1
-1
385457292
-1
-1
542027376
-1
-1
698597460
-1
-1
36158562
-1
-1
192728646
-1
-1
349298730
-1
-1
505868814
-1
-1
662438898
-1
-1
