0
847297230
1694594460
2541891690
3389188920
532405380
1379702610
2226999840
3074297070
217513530
1064810760
1912107990
2759405220
3606702450
749918910
1597216140
2444513370
3291810600
435027060
1282324290
2129621520
2976918750
120135210
967432440
1814729670
2662026900
3509324130
652540590
1499837820
2347135050
3194432280
337648740
1184945970
2032243200
2879540430
22756890
870054120
1717351350
2564648580
3411945810
555162270
1402459500
2249756730
3097053960
240270420
1087567650
1934864880
2782162110
3629459340
772675800
1619973030
2467270260
3314567490
457783950
1305081180
2152378410
2999675640
142892100
990189330
1837486560
2684783790
3532081020
675297480
1522594710
2369891940
3217189170
360405630
1207702860
2055000090
2902297320
45513780
892811010
1740108240
2587405470
3434702700
577919160
1425216390
2272513620
3119810850
263027310
1110324540
1957621770
2804919000
3652216230
795432690
1642729920
2490027150
3337324380
480540840
1327838070
2175135300
3022432530
165648990
1012946220
1860243450
2707540680
3554837910
698054370
1545351600
2392648830
3239946060
383162520
1230459750
2077756980
2925054210
68270670
915567900
1762865130
2610162360
3457459590
600676050
1447973280
2295270510
3142567740
285784200
1133081430
1980378660
2827675890
3674973120
818189580
1665486810
2512784040
3360081270
503297730
1350594960
2197892190
3045189420
188405880
1035703110
1883000340
2730297570
3577594800
720811260
1568108490
2415405720
3262702950
405919410
1253216640
2100513870
2947811100
91027560
938324790
1785622020
2632919250
3480216480
623432940
1470730170
2318027400
3165324630
308541090
1155838320
2003135550
2850432780
3697730010
840946470
1688243700
2535540930
3382838160
526054620
1373351850
2220649080
3067946310
211162770
1058460000
1905757230
2753054460
3600351690
743568150
1590865380
2438162610
3285459840
428676300
1275973530
2123270760
2970567990
113784450
961081680
1808378910
2655676140
3502973370
646189830
1493487060
2340784290
3188081520
331297980
1178595210
2025892440
2873189670
16406130
863703360
1711000590
2558297820
3405595050
548811510
1396108740
2243405970
3090703200
233919660
1081216890
1928514120
2775811350
3623108580
766325040
1613622270
2460919500
3308216730
451433190
1298730420
2146027650
2993324880
136541340
983838570
1831135800
2678433030
3525730260
668946720
1516243950
2363541180
3210838410
354054870
1201352100
2048649330
2895946560
39163020
886460250
1733757480
2581054710
3428351940
571568400
1418865630
2266162860
3113460090
256676550
1103973780
1951271010
2798568240
3645865470
789081930
1636379160
2483676390
3330973620
474190080
1321487310
2168784540
3016081770
159298230
1006595460
1853892690
2701189920
3548487150
691703610
1539000840
2386298070
3233595300
376811760
1224108990
2071406220
2918703450
61919910
909217140
1756514370
2603811600
3451108830
594325290
1441622520
2288919750
3136216980
279433440
1126730670
1974027900
2821325130
3668622360
811838820
1659136050
2506433280
3353730510
496946970
1344244200
2191541430
3038838660
182055120
1029352350
1876649580
2723946810
3571244040
714460500
1561757730
2409054960
3256352190
399568650
1246865880
2094163110
2941460340
84676800
931974030
1779271260
2626568490
3473865720
617082180
1464379410
2311676640
3158973870
302190330
1149487560
1996784790
2844082020
3691379250
834595710
1681892940
2529190170
3376487400
519703860
1367001090
2214298320
3061595550
204812010
1052109240
1899406470
2746703700
3594000930
737217390
1584514620
2431811850
3279109080
422325540
1269622770
2116920000
2964217230
107433690
954730920
1802028150
2649325380
3496622610
639839070
1487136300
2334433530
3181730760
324947220
1172244450
2019541680
2866838910
10055370
857352600
1704649830
2551947060
3399244290
542460750
1389757980
2237055210
3084352440
227568900
1074866130
1922163360
2769460590
3616757820
759974280
1607271510
2454568740
3301865970
445082430
1292379660
2139676890
2986974120
130190580
977487810
1824785040
2672082270
3519379500
662595960
1509893190
2357190420
3204487650
347704110
1195001340
2042298570
2889595800
32812260
880109490
1727406720
2574703950
3422001180
565217640
1412514870
2259812100
3107109330
250325790
1097623020
1944920250
2792217480
3639514710
782731170
1630028400
2477325630
3324622860
467839320
1315136550
2162433780
3009731010
152947470
1000244700
1847541930
2694839160
3542136390
685352850
1532650080
2379947310
3227244540
370461000
1217758230
2065055460
2912352690
55569150
902866380
1750163610
2597460840
3444758070
587974530
1435271760
2282568990
3129866220
273082680
1120379910
1967677140
2814974370
3662271600
805488060
1652785290
2500082520
3347379750
490596210
1337893440
2185190670
3032487900
175704360
1023001590
1870298820
2717596050
3564893280
708109740
1555406970
2402704200
3250001430
393217890
1240515120
2087812350
2935109580
78326040
925623270
1772920500
2620217730
3467514960
610731420
1458028650
2305325880
3152623110
295839570
1143136800
1990434030
2837731260
3685028490
828244950
1675542180
2522839410
3370136640
513353100
1360650330
2207947560
3055244790
198461250
1045758480
1893055710
2740352940
3587650170
730866630
1578163860
2425461090
3272758320
415974780
1263272010
2110569240
2957866470
101082930
948380160
1795677390
2642974620
3490271850
633488310
1480785540
2328082770
3175380000
318596460
1165893690
2013190920
2860488150
3704610
851001840
1698299070
2545596300
3392893530
536109990
1383407220
2230704450
3078001680
221218140
1068515370
1915812600
2763109830
3610407060
753623520
1600920750
2448217980
3295515210
438731670
1286028900
2133326130
2980623360
123839820
971137050
1818434280
2665731510
3513028740
656245200
1503542430
2350839660
3198136890
341353350
1188650580
2035947810
2883245040
26461500
873758730
1721055960
2568353190
3415650420
558866880
1406164110
2253461340
3100758570
243975030
1091272260
1938569490
2785866720
3633163950
776380410
1623677640
2470974870
3318272100
461488560
1308785790
2156083020
3003380250
146596710
993893940
1841191170
2688488400
3535785630
679002090
1526299320
2373596550
3220893780
364110240
1211407470
2058704700
2906001930
49218390
896515620
1743812850
2591110080
3438407310
581623770
1428921000
2276218230
3123515460
266731920
1114029150
1961326380
2808623610
3655920840
799137300
1646434530
2493731760
3341028990
484245450
1331542680
2178839910
3026137140
169353600
1016650830
1863948060
2711245290
3558542520
701758980
1549056210
2396353440
3243650670
386867130
1234164360
2081461590
2928758820
71975280
919272510
1766569740
2613866970
3461164200
604380660
1451677890
2298975120
3146272350
289488810
1136786040
1984083270
2831380500
3678677730
821894190
1669191420
2516488650
3363785880
507002340
1354299570
2201596800
3048894030
192110490
1039407720
1886704950
2734002180
3581299410
724515870
1571813100
2419110330
3266407560
409624020
1256921250
2104218480
2951515710
94732170
942029400
1789326630
2636623860
3483921090
627137550
1474434780
2321732010
3169029240
312245700
1159542930
2006840160
2854137390
3701434620
844651080
1691948310
2539245540
3386542770
529759230
1377056460
2224353690
3071650920
214867380
1062164610
1909461840
2756759070
3604056300
747272760
1594569990
2441867220
3289164450
432380910
1279678140
2126975370
2974272600
117489060
964786290
1812083520
2659380750
3506677980
649894440
1497191670
2344488900
3191786130
335002590
1182299820
2029597050
2876894280
20110740
867407970
1714705200
2562002430
3409299660
552516120
1399813350
2247110580
3094407810
237624270
1084921500
1932218730
2779515960
3626813190
770029650
1617326880
2464624110
3311921340
455137800
1302435030
2149732260
2997029490
140245950
987543180
1834840410
2682137640
3529434870
672651330
1519948560
2367245790
3214543020
357759480
1205056710
2052353940
2899651170
42867630
890164860
1737462090
2584759320
3432056550
575273010
1422570240
2269867470
3117164700
260381160
1107678390
1954975620
2802272850
3649570080
792786540
1640083770
2487381000
3334678230
477894690
1325191920
2172489150
3019786380
163002840
1010300070
1857597300
2704894530
3552191760
695408220
1542705450
2390002680
3237299910
380516370
1227813600
2075110830
2922408060
65624520
912921750
1760218980
2607516210
3454813440
598029900
1445327130
2292624360
3139921590
283138050
1130435280
1977732510
2825029740
3672326970
815543430
1662840660
2510137890
3357435120
500651580
1347948810
2195246040
3042543270
185759730
1033056960
1880354190
2727651420
3574948650
718165110
1565462340
2412759570
3260056800
403273260
1250570490
2097867720
2945164950
88381410
935678640
1782975870
2630273100
3477570330
620786790
1468084020
2315381250
3162678480
305894940
1153192170
2000489400
2847786630
3695083860
838300320
1685597550
2532894780
3380192010
523408470
1370705700
2218002930
3065300160
208516620
1055813850
1903111080
2750408310
3597705540
740922000
1588219230
2435516460
3282813690
426030150
1273327380
2120624610
2967921840
111138300
958435530
1805732760
2653029990
3500327220
643543680
1490840910
2338138140
3185435370
328651830
1175949060
2023246290
2870543520
13759980
861057210
1708354440
2555651670
3402948900
546165360
1393462590
2240759820
3088057050
231273510
1078570740
1925867970
2773165200
3620462430
763678890
1610976120
2458273350
3305570580
448787040
1296084270
2143381500
2990678730
133895190
981192420
1828489650
2675786880
3523084110
666300570
1513597800
2360895030
3208192260
351408720
1198705950
2046003180
2893300410
36516870
883814100
1731111330
2578408560
3425705790
568922250
1416219480
2263516710
3110813940
254030400
1101327630
1948624860
2795922090
3643219320
786435780
1633733010
2481030240
3328327470
471543930
1318841160
2166138390
3013435620
156652080
1003949310
1851246540
2698543770
3545841000
689057460
1536354690
2383651920
3230949150
374165610
1221462840
2068760070
2916057300
59273760
906570990
1753868220
2601165450
3448462680
591679140
1438976370
2286273600
3133570830
276787290
1124084520
1971381750
2818678980
3665976210
809192670
1656489900
2503787130
3351084360
494300820
1341598050
2188895280
3036192510
179408970
1026706200
1874003430
2721300660
3568597890
711814350
1559111580
2406408810
3253706040
396922500
1244219730
2091516960
2938814190
82030650
929327880
1776625110
2623922340
3471219570
614436030
1461733260
2309030490
3156327720
299544180
1146841410
1994138640
2841435870
3688733100
831949560
1679246790
2526544020
3373841250
517057710
1364354940
2211652170
3058949400
202165860
1049463090
1896760320
2744057550
3591354780
734571240
1581868470
2429165700
3276462930
419679390
1266976620
2114273850
2961571080
104787540
952084770
1799382000
2646679230
3493976460
637192920
1484490150
2331787380
3179084610
322301070
1169598300
2016895530
2864192760
7409220
854706450
1702003680
2549300910
3396598140
539814600
1387111830
2234409060
3081706290
224922750
1072219980
1919517210
2766814440
3614111670
757328130
1604625360
2451922590
3299219820
442436280
1289733510
2137030740
2984327970
127544430
974841660
1822138890
2669436120
3516733350
659949810
1507247040
2354544270
3201841500
345057960
1192355190
2039652420
2886949650
30166110
877463340
1724760570
2572057800
3419355030
562571490
1409868720
2257165950
3104463180
247679640
1094976870
1942274100
2789571330
3636868560
780085020
1627382250
2474679480
3321976710
465193170
1312490400
2159787630
3007084860
150301320
997598550
1844895780
2692193010
3539490240
682706700
1530003930
2377301160
3224598390
367814850
1215112080
2062409310
2909706540
52923000
900220230
1747517460
2594814690
3442111920
585328380
1432625610
2279922840
3127220070
270436530
1117733760
1965030990
2812328220
3659625450
802841910
1650139140
2497436370
3344733600
487950060
1335247290
2182544520
3029841750
173058210
1020355440
1867652670
2714949900
3562247130
705463590
1552760820
2400058050
3247355280
390571740
1237868970
2085166200
2932463430
75679890
922977120
1770274350
2617571580
3464868810
608085270
1455382500
2302679730
3149976960
293193420
1140490650
1987787880
2835085110
3682382340
825598800
1672896030
2520193260
3367490490
510706950
1358004180
2205301410
3052598640
195815100
1043112330
1890409560
2737706790
3585004020
728220480
1575517710
2422814940
3270112170
413328630
1260625860
2107923090
2955220320
98436780
945734010
1793031240
2640328470
3487625700
630842160
1478139390
2325436620
3172733850
315950310
1163247540
2010544770
2857842000
1058460
848355690
1695652920
2542950150
3390247380
533463840
1380761070
2228058300
3075355530
218571990
1065869220
1913166450
2760463680
3607760910
750977370
1598274600
2445571830
3292869060
436085520
1283382750
2130679980
2977977210
121193670
968490900
1815788130
2663085360
3510382590
653599050
1500896280
2348193510
3195490740
338707200
1186004430
2033301660
2880598890
23815350
871112580
1718409810
2565707040
3413004270
556220730
1403517960
2250815190
3098112420
241328880
1088626110
1935923340
2783220570
3630517800
773734260
1621031490
2468328720
3315625950
458842410
1306139640
2153436870
3000734100
143950560
991247790
1838545020
2685842250
3533139480
676355940
1523653170
2370950400
3218247630
361464090
1208761320
2056058550
2903355780
46572240
893869470
1741166700
2588463930
3435761160
578977620
1426274850
2273572080
3120869310
264085770
1111383000
1958680230
2805977460
3653274690
796491150
1643788380
2491085610
3338382840
481599300
1328896530
2176193760
3023490990
166707450
1014004680
1861301910
2708599140
3555896370
699112830
1546410060
2393707290
3241004520
384220980
1231518210
2078815440
2926112670
69329130
916626360
1763923590
2611220820
3458518050
601734510
1449031740
2296328970
3143626200
286842660
1134139890
1981437120
2828734350
3676031580
819248040
1666545270
2513842500
3361139730
504356190
1351653420
2198950650
3046247880
189464340
1036761570
1884058800
2731356030
3578653260
721869720
1569166950
2416464180
3263761410
406977870
1254275100
2101572330
2948869560
92086020
939383250
1786680480
2633977710
3481274940
624491400
1471788630
2319085860
3166383090
309599550
1156896780
2004194010
2851491240
3698788470
842004930
1689302160
2536599390
3383896620
527113080
1374410310
2221707540
3069004770
212221230
1059518460
1906815690
2754112920
3601410150
744626610
1591923840
2439221070
3286518300
429734760
1277031990
2124329220
2971626450
114842910
962140140
1809437370
2656734600
3504031830
647248290
1494545520
2341842750
3189139980
332356440
1179653670
2026950900
2874248130
17464590
864761820
1712059050
2559356280
3406653510
549869970
1397167200
2244464430
3091761660
234978120
1082275350
1929572580
2776869810
3624167040
767383500
1614680730
2461977960
3309275190
452491650
1299788880
2147086110
2994383340
137599800
984897030
1832194260
2679491490
3526788720
670005180
1517302410
2364599640
3211896870
355113330
1202410560
2049707790
2897005020
40221480
887518710
1734815940
2582113170
3429410400
572626860
1419924090
2267221320
3114518550
257735010
1105032240
1952329470
2799626700
3646923930
790140390
1637437620
2484734850
3332032080
475248540
1322545770
2169843000
3017140230
160356690
1007653920
1854951150
2702248380
3549545610
692762070
1540059300
2387356530
3234653760
377870220
1225167450
2072464680
2919761910
62978370
910275600
1757572830
2604870060
3452167290
595383750
1442680980
2289978210
3137275440
280491900
1127789130
1975086360
2822383590
3669680820
812897280
1660194510
2507491740
3354788970
498005430
1345302660
2192599890
3039897120
183113580
1030410810
1877708040
2725005270
3572302500
715518960
1562816190
2410113420
3257410650
400627110
1247924340
2095221570
2942518800
85735260
933032490
1780329720
2627626950
3474924180
618140640
1465437870
2312735100
3160032330
303248790
1150546020
1997843250
2845140480
3692437710
835654170
1682951400
2530248630
3377545860
520762320
1368059550
2215356780
3062654010
205870470
1053167700
1900464930
2747762160
3595059390
738275850
1585573080
2432870310
3280167540
423384000
1270681230
2117978460
2965275690
108492150
955789380
1803086610
2650383840
3497681070
640897530
1488194760
2335491990
3182789220
326005680
1173302910
2020600140
2867897370
11113830
858411060
1705708290
2553005520
3400302750
543519210
1390816440
2238113670
3085410900
228627360
1075924590
1923221820
2770519050
3617816280
761032740
1608329970
2455627200
3302924430
446140890
1293438120
2140735350
2988032580
131249040
978546270
1825843500
2673140730
3520437960
663654420
1510951650
2358248880
3205546110
348762570
1196059800
2043357030
2890654260
33870720
881167950
1728465180
2575762410
3423059640
566276100
1413573330
2260870560
3108167790
251384250
1098681480
1945978710
2793275940
3640573170
783789630
1631086860
2478384090
3325681320
468897780
1316195010
2163492240
3010789470
154005930
1001303160
1848600390
2695897620
3543194850
686411310
1533708540
2381005770
3228303000
371519460
1218816690
2066113920
2913411150
56627610
903924840
1751222070
2598519300
3445816530
589032990
1436330220
2283627450
3130924680
274141140
1121438370
1968735600
2816032830
3663330060
806546520
1653843750
2501140980
3348438210
491654670
1338951900
2186249130
3033546360
176762820
1024060050
1871357280
2718654510
3565951740
709168200
1556465430
2403762660
3251059890
394276350
1241573580
2088870810
2936168040
79384500
926681730
1773978960
2621276190
3468573420
611789880
1459087110
2306384340
3153681570
296898030
1144195260
1991492490
2838789720
3686086950
829303410
1676600640
2523897870
3371195100
514411560
1361708790
2209006020
3056303250
199519710
1046816940
1894114170
2741411400
3588708630
731925090
1579222320
2426519550
3273816780
417033240
1264330470
2111627700
2958924930
102141390
949438620
1796735850
2644033080
3491330310
634546770
1481844000
2329141230
3176438460
319654920
1166952150
2014249380
2861546610
4763070
852060300
1699357530
2546654760
3393951990
537168450
1384465680
2231762910
3079060140
222276600
1069573830
1916871060
2764168290
3611465520
754681980
1601979210
2449276440
3296573670
439790130
1287087360
2134384590
2981681820
124898280
972195510
1819492740
2666789970
3514087200
657303660
1504600890
2351898120
3199195350
342411810
1189709040
2037006270
2884303500
27519960
874817190
1722114420
2569411650
3416708880
559925340
1407222570
2254519800
3101817030
245033490
1092330720
1939627950
2786925180
3634222410
777438870
1624736100
2472033330
3319330560
462547020
1309844250
2157141480
3004438710
147655170
994952400
1842249630
2689546860
3536844090
680060550
1527357780
2374655010
3221952240
365168700
1212465930
2059763160
2907060390
50276850
897574080
1744871310
2592168540
3439465770
582682230
1429979460
2277276690
3124573920
267790380
1115087610
1962384840
2809682070
3656979300
800195760
1647492990
2494790220
3342087450
485303910
1332601140
2179898370
3027195600
170412060
1017709290
1865006520
2712303750
3559600980
702817440
1550114670
2397411900
3244709130
387925590
1235222820
2082520050
2929817280
73033740
920330970
1767628200
2614925430
3462222660
605439120
1452736350
2300033580
3147330810
290547270
1137844500
1985141730
2832438960
3679736190
822952650
1670249880
2517547110
3364844340
508060800
1355358030
2202655260
3049952490
193168950
1040466180
1887763410
2735060640
3582357870
725574330
1572871560
2420168790
3267466020
410682480
1257979710
2105276940
2952574170
95790630
943087860
1790385090
2637682320
3484979550
628196010
1475493240
2322790470
3170087700
313304160
1160601390
2007898620
2855195850
3702493080
845709540
1693006770
2540304000
3387601230
530817690
1378114920
2225412150
3072709380
215925840
1063223070
1910520300
2757817530
3605114760
748331220
1595628450
2442925680
3290222910
433439370
1280736600
2128033830
2975331060
118547520
965844750
1813141980
2660439210
3507736440
650952900
1498250130
2345547360
3192844590
336061050
1183358280
2030655510
2877952740
21169200
868466430
1715763660
2563060890
3410358120
553574580
1400871810
2248169040
3095466270
238682730
1085979960
1933277190
2780574420
3627871650
771088110
1618385340
2465682570
3312979800
456196260
1303493490
2150790720
2998087950
141304410
988601640
1835898870
2683196100
3530493330
673709790
1521007020
2368304250
3215601480
358817940
1206115170
2053412400
2900709630
43926090
891223320
1738520550
2585817780
3433115010
576331470
1423628700
2270925930
3118223160
261439620
1108736850
1956034080
2803331310
3650628540
793845000
1641142230
2488439460
3335736690
478953150
1326250380
2173547610
3020844840
164061300
1011358530
1858655760
2705952990
3553250220
696466680
1543763910
2391061140
3238358370
381574830
1228872060
2076169290
2923466520
66682980
913980210
1761277440
2608574670
3455871900
599088360
1446385590
2293682820
3140980050
284196510
1131493740
1978790970
2826088200
3673385430
816601890
1663899120
2511196350
3358493580
501710040
1349007270
2196304500
3043601730
186818190
1034115420
1881412650
2728709880
3576007110
719223570
1566520800
2413818030
3261115260
404331720
1251628950
2098926180
2946223410
89439870
936737100
1784034330
2631331560
3478628790
621845250
1469142480
2316439710
3163736940
306953400
1154250630
2001547860
2848845090
3696142320
839358780
1686656010
2533953240
3381250470
524466930
1371764160
2219061390
3066358620
209575080
1056872310
1904169540
2751466770
3598764000
741980460
1589277690
2436574920
3283872150
427088610
1274385840
2121683070
2968980300
112196760
959493990
1806791220
2654088450
3501385680
644602140
1491899370
2339196600
3186493830
329710290
1177007520
2024304750
2871601980
14818440
862115670
1709412900
2556710130
3404007360
547223820
1394521050
2241818280
3089115510
232331970
1079629200
1926926430
2774223660
3621520890
764737350
1612034580
2459331810
3306629040
449845500
1297142730
2144439960
2991737190
134953650
982250880
1829548110
2676845340
3524142570
667359030
1514656260
2361953490
3209250720
352467180
1199764410
2047061640
2894358870
37575330
884872560
1732169790
2579467020
3426764250
569980710
1417277940
2264575170
3111872400
255088860
1102386090
1949683320
2796980550
3644277780
787494240
1634791470
2482088700
3329385930
472602390
1319899620
2167196850
3014494080
157710540
1005007770
1852305000
2699602230
3546899460
690115920
1537413150
2384710380
3232007610
375224070
1222521300
2069818530
2917115760
60332220
907629450
1754926680
2602223910
3449521140
592737600
1440034830
2287332060
3134629290
277845750
1125142980
1972440210
2819737440
3667034670
810251130
1657548360
2504845590
3352142820
495359280
1342656510
2189953740
3037250970
180467430
1027764660
1875061890
2722359120
3569656350
712872810
1560170040
2407467270
3254764500
397980960
1245278190
2092575420
2939872650
83089110
930386340
1777683570
2624980800
3472278030
615494490
1462791720
2310088950
3157386180
300602640
1147899870
1995197100
2842494330
3689791560
833008020
1680305250
2527602480
3374899710
518116170
1365413400
2212710630
3060007860
203224320
1050521550
1897818780
2745116010
3592413240
735629700
1582926930
2430224160
3277521390
420737850
1268035080
2115332310
2962629540
105846000
953143230
1800440460
2647737690
3495034920
638251380
1485548610
2332845840
3180143070
323359530
1170656760
2017953990
2865251220
8467680
855764910
1703062140
2550359370
3397656600
540873060
1388170290
2235467520
3082764750
225981210
1073278440
1920575670
2767872900
3615170130
758386590
1605683820
2452981050
3300278280
443494740
1290791970
2138089200
2985386430
128602890
975900120
1823197350
2670494580
3517791810
661008270
1508305500
2355602730
3202899960
346116420
1193413650
2040710880
2888008110
31224570
878521800
1725819030
2573116260
3420413490
563629950
1410927180
2258224410
3105521640
248738100
1096035330
1943332560
2790629790
3637927020
781143480
1628440710
2475737940
3323035170
466251630
1313548860
2160846090
3008143320
151359780
998657010
1845954240
2693251470
3540548700
683765160
1531062390
2378359620
3225656850
368873310
1216170540
2063467770
2910765000
53981460
901278690
1748575920
2595873150
3443170380
586386840
1433684070
2280981300
3128278530
271494990
1118792220
1966089450
2813386680
3660683910
803900370
1651197600
2498494830
3345792060
489008520
1336305750
2183602980
3030900210
174116670
1021413900
1868711130
2716008360
3563305590
706522050
1553819280
2401116510
3248413740
391630200
1238927430
2086224660
2933521890
76738350
924035580
1771332810
2618630040
3465927270
609143730
1456440960
2303738190
3151035420
294251880
1141549110
1988846340
2836143570
3683440800
826657260
1673954490
2521251720
3368548950
511765410
1359062640
2206359870
3053657100
196873560
1044170790
1891468020
2738765250
3586062480
729278940
1576576170
2423873400
3271170630
414387090
1261684320
2108981550
2956278780
99495240
946792470
1794089700
2641386930
3488684160
631900620
1479197850
2326495080
3173792310
317008770
1164306000
2011603230
2858900460
2116920
849414150
1696711380
2544008610
3391305840
534522300
1381819530
2229116760
3076413990
219630450
1066927680
1914224910
2761522140
3608819370
752035830
1599333060
2446630290
3293927520
437143980
1284441210
2131738440
2979035670
122252130
969549360
1816846590
2664143820
3511441050
654657510
1501954740
2349251970
3196549200
339765660
1187062890
2034360120
2881657350
24873810
872171040
1719468270
2566765500
3414062730
557279190
1404576420
2251873650
3099170880
242387340
1089684570
1936981800
2784279030
3631576260
774792720
1622089950
2469387180
3316684410
459900870
1307198100
2154495330
3001792560
145009020
992306250
1839603480
2686900710
3534197940
677414400
1524711630
2372008860
3219306090
362522550
1209819780
2057117010
2904414240
47630700
894927930
1742225160
2589522390
3436819620
580036080
1427333310
2274630540
3121927770
265144230
1112441460
1959738690
2807035920
3654333150
797549610
1644846840
2492144070
3339441300
482657760
1329954990
2177252220
3024549450
167765910
1015063140
1862360370
2709657600
3556954830
700171290
1547468520
2394765750
3242062980
385279440
1232576670
2079873900
2927171130
70387590
917684820
1764982050
2612279280
3459576510
602792970
1450090200
2297387430
3144684660
287901120
1135198350
1982495580
2829792810
3677090040
820306500
1667603730
2514900960
3362198190
505414650
1352711880
2200009110
3047306340
190522800
1037820030
1885117260
2732414490
3579711720
722928180
1570225410
2417522640
3264819870
408036330
1255333560
2102630790
2949928020
93144480
940441710
1787738940
2635036170
3482333400
625549860
1472847090
2320144320
3167441550
310658010
1157955240
2005252470
2852549700
3699846930
843063390
1690360620
2537657850
3384955080
528171540
1375468770
2222766000
3070063230
213279690
1060576920
1907874150
2755171380
3602468610
745685070
1592982300
2440279530
3287576760
430793220
1278090450
2125387680
2972684910
115901370
963198600
1810495830
2657793060
3505090290
648306750
1495603980
2342901210
3190198440
333414900
1180712130
2028009360
2875306590
18523050
865820280
1713117510
2560414740
3407711970
550928430
1398225660
2245522890
3092820120
236036580
1083333810
1930631040
2777928270
3625225500
768441960
1615739190
2463036420
3310333650
453550110
1300847340
2148144570
2995441800
138658260
985955490
1833252720
2680549950
3527847180
671063640
1518360870
2365658100
3212955330
356171790
1203469020
2050766250
2898063480
41279940
888577170
1735874400
2583171630
3430468860
573685320
1420982550
2268279780
3115577010
258793470
1106090700
1953387930
2800685160
3647982390
791198850
1638496080
2485793310
3333090540
476307000
1323604230
2170901460
3018198690
161415150
1008712380
1856009610
2703306840
3550604070
693820530
1541117760
2388414990
3235712220
378928680
1226225910
2073523140
2920820370
64036830
911334060
1758631290
2605928520
3453225750
596442210
1443739440
2291036670
3138333900
281550360
1128847590
1976144820
2823442050
3670739280
813955740
1661252970
2508550200
3355847430
499063890
1346361120
2193658350
3040955580
184172040
1031469270
1878766500
2726063730
3573360960
716577420
1563874650
2411171880
3258469110
401685570
1248982800
2096280030
2943577260
86793720
934090950
1781388180
2628685410
3475982640
619199100
1466496330
2313793560
3161090790
304307250
1151604480
1998901710
2846198940
3693496170
836712630
1684009860
2531307090
3378604320
521820780
1369118010
2216415240
3063712470
206928930
1054226160
1901523390
2748820620
3596117850
739334310
1586631540
2433928770
3281226000
424442460
1271739690
2119036920
2966334150
109550610
956847840
1804145070
2651442300
3498739530
641955990
1489253220
2336550450
3183847680
327064140
1174361370
2021658600
2868955830
12172290
859469520
1706766750
2554063980
3401361210
544577670
1391874900
2239172130
3086469360
229685820
1076983050
1924280280
2771577510
3618874740
762091200
1609388430
2456685660
3303982890
447199350
1294496580
2141793810
2989091040
132307500
979604730
1826901960
2674199190
3521496420
664712880
1512010110
2359307340
3206604570
349821030
1197118260
2044415490
2891712720
34929180
882226410
1729523640
2576820870
3424118100
567334560
1414631790
2261929020
3109226250
252442710
1099739940
1947037170
2794334400
3641631630
784848090
1632145320
2479442550
3326739780
469956240
1317253470
2164550700
3011847930
155064390
1002361620
1849658850
2696956080
3544253310
687469770
1534767000
2382064230
3229361460
372577920
1219875150
2067172380
2914469610
57686070
904983300
1752280530
2599577760
3446874990
590091450
1437388680
2284685910
3131983140
275199600
1122496830
1969794060
2817091290
3664388520
807604980
1654902210
2502199440
3349496670
492713130
1340010360
2187307590
3034604820
177821280
1025118510
1872415740
2719712970
3567010200
710226660
1557523890
2404821120
3252118350
395334810
1242632040
2089929270
2937226500
80442960
927740190
1775037420
2622334650
3469631880
612848340
1460145570
2307442800
3154740030
297956490
1145253720
1992550950
2839848180
3687145410
830361870
1677659100
2524956330
3372253560
515470020
1362767250
2210064480
3057361710
200578170
1047875400
1895172630
2742469860
3589767090
732983550
1580280780
2427578010
3274875240
418091700
1265388930
2112686160
2959983390
103199850
950497080
1797794310
2645091540
3492388770
635605230
1482902460
2330199690
3177496920
320713380
1168010610
2015307840
2862605070
5821530
853118760
1700415990
2547713220
3395010450
538226910
1385524140
2232821370
3080118600
223335060
1070632290
1917929520
2765226750
3612523980
755740440
1603037670
2450334900
3297632130
440848590
1288145820
2135443050
2982740280
125956740
973253970
1820551200
2667848430
3515145660
658362120
1505659350
2352956580
3200253810
343470270
1190767500
2038064730
2885361960
28578420
875875650
1723172880
2570470110
3417767340
560983800
1408281030
2255578260
3102875490
246091950
1093389180
1940686410
2787983640
3635280870
778497330
1625794560
2473091790
3320389020
463605480
1310902710
2158199940
3005497170
148713630
996010860
1843308090
2690605320
3537902550
681119010
1528416240
2375713470
3223010700
366227160
1213524390
2060821620
2908118850
51335310
898632540
1745929770
2593227000
3440524230
583740690
1431037920
2278335150
3125632380
268848840
1116146070
1963443300
2810740530
3658037760
801254220
1648551450
2495848680
3343145910
486362370
1333659600
2180956830
3028254060
171470520
1018767750
1866064980
2713362210
3560659440
703875900
1551173130
2398470360
3245767590
388984050
1236281280
2083578510
2930875740
74092200
921389430
1768686660
2615983890
3463281120
606497580
1453794810
2301092040
3148389270
291605730
1138902960
1986200190
2833497420
3680794650
824011110
1671308340
2518605570
3365902800
509119260
1356416490
2203713720
3051010950
194227410
1041524640
1888821870
2736119100
3583416330
726632790
1573930020
2421227250
3268524480
411740940
1259038170
2106335400
2953632630
96849090
944146320
1791443550
2638740780
3486038010
629254470
1476551700
2323848930
3171146160
314362620
1161659850
2008957080
2856254310
3703551540
846768000
1694065230
2541362460
3388659690
531876150
1379173380
2226470610
3073767840
216984300
1064281530
1911578760
2758875990
3606173220
749389680
1596686910
2443984140
3291281370
434497830
1281795060
2129092290
2976389520
119605980
966903210
1814200440
2661497670
3508794900
652011360
1499308590
2346605820
3193903050
337119510
1184416740
2031713970
2879011200
22227660
869524890
1716822120
2564119350
3411416580
554633040
1401930270
2249227500
3096524730
239741190
1087038420
1934335650
2781632880
3628930110
772146570
1619443800
2466741030
3314038260
457254720
1304551950
2151849180
2999146410
142362870
989660100
1836957330
2684254560
3531551790
674768250
1522065480
2369362710
3216659940
359876400
1207173630
2054470860
2901768090
44984550
892281780
1739579010
2586876240
3434173470
577389930
1424687160
2271984390
3119281620
262498080
1109795310
1957092540
2804389770
3651687000
794903460
1642200690
2489497920
3336795150
480011610
1327308840
2174606070
3021903300
165119760
1012416990
1859714220
2707011450
3554308680
697525140
1544822370
2392119600
3239416830
382633290
1229930520
2077227750
2924524980
67741440
915038670
1762335900
2609633130
3456930360
600146820
1447444050
2294741280
3142038510
285254970
1132552200
1979849430
2827146660
3674443890
817660350
1664957580
2512254810
3359552040
502768500
1350065730
2197362960
3044660190
187876650
1035173880
1882471110
2729768340
3577065570
720282030
1567579260
2414876490
3262173720
405390180
1252687410
2099984640
2947281870
90498330
937795560
1785092790
2632390020
3479687250
622903710
1470200940
2317498170
3164795400
308011860
1155309090
2002606320
2849903550
3697200780
840417240
1687714470
2535011700
3382308930
525525390
1372822620
2220119850
3067417080
210633540
1057930770
1905228000
2752525230
3599822460
743038920
1590336150
2437633380
3284930610
428147070
1275444300
2122741530
2970038760
113255220
960552450
1807849680
2655146910
3502444140
645660600
1492957830
2340255060
3187552290
330768750
1178065980
2025363210
2872660440
15876900
863174130
1710471360
2557768590
3405065820
548282280
1395579510
2242876740
3090173970
233390430
1080687660
1927984890
2775282120
3622579350
765795810
1613093040
2460390270
3307687500
450903960
1298201190
2145498420
2992795650
136012110
983309340
1830606570
2677903800
3525201030
668417490
1515714720
2363011950
3210309180
353525640
1200822870
2048120100
2895417330
38633790
885931020
1733228250
2580525480
3427822710
571039170
1418336400
2265633630
3112930860
256147320
1103444550
1950741780
2798039010
3645336240
788552700
1635849930
2483147160
3330444390
473660850
1320958080
2168255310
3015552540
158769000
1006066230
1853363460
2700660690
3547957920
691174380
1538471610
2385768840
3233066070
376282530
1223579760
2070876990
2918174220
61390680
908687910
1755985140
2603282370
3450579600
593796060
1441093290
2288390520
3135687750
278904210
1126201440
1973498670
2820795900
3668093130
811309590
1658606820
2505904050
3353201280
496417740
1343714970
2191012200
3038309430
181525890
1028823120
1876120350
2723417580
3570714810
713931270
1561228500
2408525730
3255822960
399039420
1246336650
2093633880
2940931110
84147570
931444800
1778742030
2626039260
3473336490
616552950
1463850180
2311147410
3158444640
301661100
1148958330
1996255560
2843552790
3690850020
834066480
1681363710
2528660940
3375958170
519174630
1366471860
2213769090
3061066320
204282780
1051580010
1898877240
2746174470
3593471700
736688160
1583985390
2431282620
3278579850
421796310
1269093540
2116390770
2963688000
106904460
954201690
1801498920
2648796150
3496093380
639309840
1486607070
2333904300
3181201530
324417990
1171715220
2019012450
2866309680
9526140
856823370
1704120600
2551417830
3398715060
541931520
1389228750
2236525980
3083823210
227039670
1074336900
1921634130
2768931360
3616228590
759445050
1606742280
2454039510
3301336740
444553200
1291850430
2139147660
2986444890
129661350
976958580
1824255810
2671553040
3518850270
662066730
1509363960
2356661190
3203958420
347174880
1194472110
2041769340
2889066570
32283030
879580260
1726877490
2574174720
3421471950
564688410
1411985640
2259282870
3106580100
249796560
1097093790
1944391020
2791688250
3638985480
782201940
1629499170
2476796400
3324093630
467310090
1314607320
2161904550
3009201780
152418240
999715470
1847012700
2694309930
3541607160
684823620
1532120850
2379418080
3226715310
369931770
1217229000
2064526230
2911823460
55039920
902337150
1749634380
2596931610
3444228840
587445300
1434742530
2282039760
3129336990
272553450
1119850680
1967147910
2814445140
3661742370
804958830
1652256060
2499553290
3346850520
490066980
1337364210
2184661440
3031958670
175175130
1022472360
1869769590
2717066820
3564364050
707580510
1554877740
2402174970
3249472200
392688660
1239985890
2087283120
2934580350
77796810
925094040
1772391270
2619688500
3466985730
610202190
1457499420
2304796650
3152093880
295310340
1142607570
1989904800
2837202030
3684499260
827715720
1675012950
2522310180
3369607410
512823870
1360121100
2207418330
3054715560
197932020
1045229250
1892526480
2739823710
3587120940
730337400
1577634630
2424931860
3272229090
415445550
1262742780
2110040010
2957337240
100553700
947850930
1795148160
2642445390
3489742620
632959080
1480256310
2327553540
3174850770
318067230
1165364460
2012661690
2859958920
3175380
850472610
1697769840
2545067070
3392364300
535580760
1382877990
2230175220
3077472450
220688910
1067986140
1915283370
2762580600
3609877830
753094290
1600391520
2447688750
3294985980
438202440
1285499670
2132796900
2980094130
123310590
970607820
1817905050
2665202280
3512499510
655715970
1503013200
2350310430
3197607660
340824120
1188121350
2035418580
2882715810
25932270
873229500
1720526730
2567823960
3415121190
558337650
1405634880
2252932110
3100229340
243445800
1090743030
1938040260
2785337490
3632634720
775851180
1623148410
2470445640
3317742870
460959330
1308256560
2155553790
3002851020
146067480
993364710
1840661940
2687959170
3535256400
678472860
1525770090
2373067320
3220364550
363581010
1210878240
2058175470
2905472700
48689160
895986390
1743283620
2590580850
3437878080
581094540
1428391770
2275689000
3122986230
266202690
1113499920
1960797150
2808094380
3655391610
798608070
1645905300
2493202530
3340499760
483716220
1331013450
2178310680
3025607910
168824370
1016121600
1863418830
2710716060
3558013290
701229750
1548526980
2395824210
3243121440
386337900
1233635130
2080932360
2928229590
71446050
918743280
1766040510
2613337740
3460634970
603851430
1451148660
2298445890
3145743120
288959580
1136256810
1983554040
2830851270
3678148500
821364960
1668662190
2515959420
3363256650
506473110
1353770340
2201067570
3048364800
191581260
1038878490
1886175720
2733472950
3580770180
723986640
1571283870
2418581100
3265878330
409094790
1256392020
2103689250
2950986480
94202940
941500170
1788797400
2636094630
3483391860
626608320
1473905550
2321202780
3168500010
311716470
1159013700
2006310930
2853608160
3700905390
844121850
1691419080
2538716310
3386013540
529230000
1376527230
2223824460
3071121690
214338150
1061635380
1908932610
2756229840
3603527070
746743530
1594040760
2441337990
3288635220
431851680
1279148910
2126446140
2973743370
116959830
964257060
1811554290
2658851520
3506148750
649365210
1496662440
2343959670
3191256900
334473360
1181770590
2029067820
2876365050
19581510
866878740
1714175970
2561473200
3408770430
551986890
1399284120
2246581350
3093878580
237095040
1084392270
1931689500
2778986730
3626283960
769500420
1616797650
2464094880
3311392110
454608570
1301905800
2149203030
2996500260
139716720
987013950
1834311180
2681608410
3528905640
672122100
1519419330
2366716560
3214013790
357230250
1204527480
2051824710
2899121940
42338400
889635630
1736932860
2584230090
3431527320
574743780
1422041010
2269338240
3116635470
259851930
1107149160
1954446390
2801743620
3649040850
792257310
1639554540
2486851770
3334149000
477365460
1324662690
2171959920
3019257150
162473610
1009770840
1857068070
2704365300
3551662530
694878990
1542176220
2389473450
3236770680
379987140
1227284370
2074581600
2921878830
65095290
912392520
1759689750
2606986980
3454284210
597500670
1444797900
2292095130
3139392360
282608820
1129906050
1977203280
2824500510
3671797740
815014200
1662311430
2509608660
3356905890
500122350
1347419580
2194716810
3042014040
185230500
1032527730
1879824960
2727122190
3574419420
717635880
1564933110
2412230340
3259527570
402744030
1250041260
2097338490
2944635720
87852180
935149410
1782446640
2629743870
3477041100
620257560
1467554790
2314852020
3162149250
305365710
1152662940
1999960170
2847257400
3694554630
837771090
1685068320
2532365550
3379662780
522879240
1370176470
2217473700
3064770930
207987390
1055284620
1902581850
2749879080
3597176310
740392770
1587690000
2434987230
3282284460
425500920
1272798150
2120095380
2967392610
110609070
957906300
1805203530
2652500760
3499797990
643014450
1490311680
2337608910
3184906140
328122600
1175419830
2022717060
2870014290
13230750
860527980
1707825210
2555122440
3402419670
545636130
1392933360
2240230590
3087527820
230744280
1078041510
1925338740
2772635970
3619933200
763149660
1610446890
2457744120
3305041350
448257810
1295555040
2142852270
2990149500
133365960
980663190
1827960420
2675257650
3522554880
665771340
1513068570
2360365800
3207663030
350879490
1198176720
2045473950
2892771180
35987640
883284870
1730582100
2577879330
3425176560
568393020
1415690250
2262987480
3110284710
253501170
1100798400
1948095630
2795392860
3642690090
785906550
1633203780
2480501010
3327798240
471014700
1318311930
2165609160
3012906390
156122850
1003420080
1850717310
2698014540
3545311770
688528230
1535825460
2383122690
3230419920
373636380
1220933610
2068230840
2915528070
58744530
906041760
1753338990
2600636220
3447933450
591149910
1438447140
2285744370
3133041600
276258060
1123555290
1970852520
2818149750
3665446980
808663440
1655960670
2503257900
3350555130
493771590
1341068820
2188366050
3035663280
178879740
1026176970
1873474200
2720771430
3568068660
711285120
1558582350
2405879580
3253176810
396393270
1243690500
2090987730
2938284960
81501420
928798650
1776095880
2623393110
3470690340
613906800
1461204030
2308501260
3155798490
299014950
1146312180
1993609410
2840906640
3688203870
831420330
1678717560
2526014790
3373312020
516528480
1363825710
2211122940
3058420170
201636630
1048933860
1896231090
2743528320
3590825550
734042010
1581339240
2428636470
3275933700
419150160
1266447390
2113744620
2961041850
104258310
951555540
1798852770
2646150000
3493447230
636663690
1483960920
2331258150
3178555380
321771840
1169069070
2016366300
2863663530
6879990
854177220
1701474450
2548771680
3396068910
539285370
1386582600
2233879830
3081177060
224393520
1071690750
1918987980
2766285210
3613582440
756798900
1604096130
2451393360
3298690590
441907050
1289204280
2136501510
2983798740
127015200
974312430
1821609660
2668906890
3516204120
659420580
1506717810
2354015040
3201312270
344528730
1191825960
2039123190
2886420420
29636880
876934110
1724231340
2571528570
3418825800
562042260
1409339490
2256636720
3103933950
247150410
1094447640
1941744870
2789042100
3636339330
779555790
1626853020
2474150250
3321447480
464663940
1311961170
2159258400
3006555630
149772090
997069320
1844366550
2691663780
3538961010
682177470
1529474700
2376771930
3224069160
367285620
1214582850
2061880080
2909177310
52393770
899691000
1746988230
2594285460
3441582690
584799150
1432096380
2279393610
3126690840
269907300
1117204530
1964501760
2811798990
3659096220
802312680
1649609910
2496907140
3344204370
487420830
1334718060
2182015290
3029312520
172528980
1019826210
1867123440
2714420670
3561717900
704934360
1552231590
2399528820
3246826050
390042510
1237339740
2084636970
2931934200
75150660
922447890
1769745120
2617042350
3464339580
607556040
1454853270
2302150500
3149447730
292664190
1139961420
1987258650
2834555880
3681853110
825069570
1672366800
2519664030
3366961260
510177720
1357474950
2204772180
3052069410
195285870
1042583100
1889880330
2737177560
3584474790
727691250
1574988480
2422285710
3269582940
412799400
1260096630
2107393860
2954691090
97907550
945204780
1792502010
2639799240
3487096470
630312930
1477610160
2324907390
3172204620
315421080
1162718310
2010015540
2857312770
529230
847826460
1695123690
2542420920
3389718150
532934610
1380231840
2227529070
3074826300
218042760
1065339990
1912637220
2759934450
3607231680
750448140
1597745370
2445042600
3292339830
435556290
1282853520
2130150750
2977447980
120664440
967961670
1815258900
2662556130
3509853360
653069820
1500367050
2347664280
3194961510
338177970
1185475200
2032772430
2880069660
23286120
870583350
1717880580
2565177810
3412475040
555691500
1402988730
2250285960
3097583190
240799650
1088096880
1935394110
2782691340
3629988570
773205030
1620502260
2467799490
3315096720
458313180
1305610410
2152907640
3000204870
143421330
990718560
1838015790
2685313020
3532610250
675826710
1523123940
2370421170
3217718400
360934860
1208232090
2055529320
2902826550
46043010
893340240
1740637470
2587934700
3435231930
578448390
1425745620
2273042850
3120340080
263556540
1110853770
1958151000
2805448230
3652745460
795961920
1643259150
2490556380
3337853610
481070070
1328367300
2175664530
3022961760
166178220
1013475450
1860772680
2708069910
3555367140
698583600
1545880830
2393178060
3240475290
383691750
1230988980
2078286210
2925583440
68799900
916097130
1763394360
2610691590
3457988820
601205280
1448502510
2295799740
3143096970
286313430
1133610660
1980907890
2828205120
3675502350
818718810
1666016040
2513313270
3360610500
503826960
1351124190
2198421420
3045718650
188935110
1036232340
1883529570
2730826800
3578124030
721340490
1568637720
2415934950
3263232180
406448640
1253745870
2101043100
2948340330
91556790
938854020
1786151250
2633448480
3480745710
623962170
1471259400
2318556630
3165853860
309070320
1156367550
2003664780
2850962010
3698259240
841475700
1688772930
2536070160
3383367390
526583850
1373881080
2221178310
3068475540
211692000
1058989230
1906286460
2753583690
3600880920
744097380
1591394610
2438691840
3285989070
429205530
1276502760
2123799990
2971097220
114313680
961610910
1808908140
2656205370
3503502600
646719060
1494016290
2341313520
3188610750
331827210
1179124440
2026421670
2873718900
16935360
864232590
1711529820
2558827050
3406124280
549340740
1396637970
2243935200
3091232430
234448890
1081746120
1929043350
2776340580
3623637810
766854270
1614151500
2461448730
3308745960
451962420
1299259650
2146556880
2993854110
137070570
984367800
1831665030
2678962260
3526259490
669475950
1516773180
2364070410
3211367640
354584100
1201881330
2049178560
2896475790
39692250
886989480
1734286710
2581583940
3428881170
572097630
1419394860
2266692090
3113989320
257205780
1104503010
1951800240
2799097470
3646394700
789611160
1636908390
2484205620
3331502850
474719310
1322016540
2169313770
3016611000
159827460
1007124690
1854421920
2701719150
3549016380
692232840
1539530070
2386827300
3234124530
377340990
1224638220
2071935450
2919232680
62449140
909746370
1757043600
2604340830
3451638060
594854520
1442151750
2289448980
3136746210
279962670
1127259900
1974557130
2821854360
3669151590
812368050
1659665280
2506962510
3354259740
497476200
1344773430
2192070660
3039367890
182584350
1029881580
1877178810
2724476040
3571773270
714989730
1562286960
2409584190
3256881420
400097880
1247395110
2094692340
2941989570
85206030
932503260
1779800490
2627097720
3474394950
617611410
1464908640
2312205870
3159503100
302719560
1150016790
1997314020
2844611250
3691908480
835124940
1682422170
2529719400
3377016630
520233090
1367530320
2214827550
3062124780
205341240
1052638470
1899935700
2747232930
3594530160
737746620
1585043850
2432341080
3279638310
422854770
1270152000
2117449230
2964746460
107962920
955260150
1802557380
2649854610
3497151840
640368300
1487665530
2334962760
3182259990
325476450
1172773680
2020070910
2867368140
10584600
857881830
1705179060
2552476290
3399773520
542989980
1390287210
2237584440
3084881670
228098130
1075395360
1922692590
2769989820
3617287050
760503510
1607800740
2455097970
3302395200
445611660
1292908890
2140206120
2987503350
130719810
978017040
1825314270
2672611500
3519908730
663125190
1510422420
2357719650
3205016880
348233340
1195530570
2042827800
2890125030
33341490
880638720
1727935950
2575233180
3422530410
565746870
1413044100
2260341330
3107638560
250855020
1098152250
1945449480
2792746710
3640043940
783260400
1630557630
2477854860
3325152090
468368550
1315665780
2162963010
3010260240
153476700
1000773930
1848071160
2695368390
3542665620
685882080
1533179310
2380476540
3227773770
370990230
1218287460
2065584690
2912881920
56098380
903395610
1750692840
2597990070
3445287300
588503760
1435800990
2283098220
3130395450
273611910
1120909140
1968206370
2815503600
3662800830
806017290
1653314520
2500611750
3347908980
491125440
1338422670
2185719900
3033017130
176233590
1023530820
1870828050
2718125280
3565422510
708638970
1555936200
2403233430
3250530660
393747120
1241044350
2088341580
2935638810
78855270
926152500
1773449730
2620746960
3468044190
611260650
1458557880
2305855110
3153152340
296368800
1143666030
1990963260
2838260490
3685557720
828774180
1676071410
2523368640
3370665870
513882330
1361179560
2208476790
3055774020
198990480
1046287710
1893584940
2740882170
3588179400
731395860
1578693090
2425990320
3273287550
416504010
1263801240
2111098470
2958395700
101612160
948909390
1796206620
2643503850
3490801080
634017540
1481314770
2328612000
3175909230
319125690
1166422920
2013720150
2861017380
4233840
851531070
1698828300
2546125530
3393422760
536639220
1383936450
2231233680
3078530910
221747370
1069044600
1916341830
2763639060
3610936290
754152750
1601449980
2448747210
3296044440
439260900
1286558130
2133855360
2981152590
124369050
971666280
1818963510
2666260740
3513557970
656774430
1504071660
2351368890
3198666120
341882580
1189179810
2036477040
2883774270
26990730
874287960
1721585190
2568882420
3416179650
559396110
1406693340
2253990570
3101287800
244504260
1091801490
1939098720
2786395950
3633693180
776909640
1624206870
2471504100
3318801330
462017790
1309315020
2156612250
3003909480
147125940
994423170
1841720400
2689017630
3536314860
679531320
1526828550
2374125780
3221423010
364639470
1211936700
2059233930
2906531160
49747620
897044850
1744342080
2591639310
3438936540
582153000
1429450230
2276747460
3124044690
267261150
1114558380
1961855610
2809152840
3656450070
799666530
1646963760
2494260990
3341558220
484774680
1332071910
2179369140
3026666370
169882830
1017180060
1864477290
2711774520
3559071750
702288210
1549585440
2396882670
3244179900
387396360
1234693590
2081990820
2929288050
72504510
919801740
1767098970
2614396200
3461693430
604909890
1452207120
2299504350
3146801580
290018040
1137315270
1984612500
2831909730
3679206960
822423420
1669720650
2517017880
3364315110
507531570
1354828800
2202126030
3049423260
192639720
1039936950
1887234180
2734531410
3581828640
725045100
1572342330
2419639560
3266936790
410153250
1257450480
2104747710
2952044940
95261400
942558630
1789855860
2637153090
3484450320
627666780
1474964010
2322261240
3169558470
312774930
1160072160
2007369390
2854666620
3701963850
845180310
1692477540
2539774770
3387072000
530288460
1377585690
2224882920
3072180150
215396610
1062693840
1909991070
2757288300
3604585530
747801990
1595099220
2442396450
3289693680
432910140
1280207370
2127504600
2974801830
118018290
965315520
1812612750
2659909980
3507207210
650423670
1497720900
2345018130
3192315360
335531820
1182829050
2030126280
2877423510
20639970
867937200
1715234430
2562531660
3409828890
553045350
1400342580
2247639810
3094937040
238153500
1085450730
1932747960
2780045190
3627342420
770558880
1617856110
2465153340
3312450570
455667030
1302964260
2150261490
2997558720
140775180
988072410
1835369640
2682666870
3529964100
673180560
1520477790
2367775020
3215072250
358288710
1205585940
2052883170
2900180400
43396860
890694090
1737991320
2585288550
3432585780
575802240
1423099470
2270396700
3117693930
260910390
1108207620
1955504850
2802802080
3650099310
793315770
1640613000
2487910230
3335207460
478423920
1325721150
2173018380
3020315610
163532070
1010829300
1858126530
2705423760
3552720990
695937450
1543234680
2390531910
3237829140
381045600
1228342830
2075640060
2922937290
66153750
913450980
1760748210
2608045440
3455342670
598559130
1445856360
2293153590
3140450820
283667280
1130964510
1978261740
2825558970
3672856200
816072660
1663369890
2510667120
3357964350
501180810
1348478040
2195775270
3043072500
186288960
1033586190
1880883420
2728180650
3575477880
718694340
1565991570
2413288800
3260586030
403802490
1251099720
2098396950
2945694180
88910640
936207870
1783505100
2630802330
3478099560
621316020
1468613250
2315910480
3163207710
306424170
1153721400
2001018630
2848315860
3695613090
838829550
1686126780
2533424010
3380721240
523937700
1371234930
2218532160
3065829390
209045850
1056343080
1903640310
2750937540
3598234770
741451230
1588748460
2436045690
3283342920
426559380
1273856610
2121153840
2968451070
111667530
958964760
1806261990
2653559220
3500856450
644072910
1491370140
2338667370
3185964600
329181060
1176478290
2023775520
2871072750
14289210
861586440
1708883670
2556180900
3403478130
546694590
1393991820
2241289050
3088586280
231802740
1079099970
1926397200
2773694430
3620991660
764208120
1611505350
2458802580
3306099810
449316270
1296613500
2143910730
2991207960
134424420
981721650
1829018880
2676316110
3523613340
666829800
1514127030
2361424260
3208721490
351937950
1199235180
2046532410
2893829640
37046100
884343330
1731640560
2578937790
3426235020
569451480
1416748710
2264045940
3111343170
254559630
1101856860
1949154090
2796451320
3643748550
786965010
1634262240
2481559470
3328856700
472073160
1319370390
2166667620
3013964850
157181310
1004478540
1851775770
2699073000
3546370230
689586690
1536883920
2384181150
3231478380
374694840
1221992070
2069289300
2916586530
59802990
907100220
1754397450
2601694680
3448991910
592208370
1439505600
2286802830
3134100060
277316520
1124613750
1971910980
2819208210
3666505440
809721900
1657019130
2504316360
3351613590
494830050
1342127280
2189424510
3036721740
179938200
1027235430
1874532660
2721829890
3569127120
712343580
1559640810
2406938040
3254235270
397451730
1244748960
2092046190
2939343420
82559880
929857110
1777154340
2624451570
3471748800
614965260
1462262490
2309559720
3156856950
300073410
1147370640
1994667870
2841965100
3689262330
832478790
1679776020
2527073250
3374370480
517586940
1364884170
2212181400
3059478630
202695090
1049992320
1897289550
2744586780
3591884010
735100470
1582397700
2429694930
3276992160
420208620
1267505850
2114803080
2962100310
105316770
952614000
1799911230
2647208460
3494505690
637722150
1485019380
2332316610
3179613840
322830300
1170127530
2017424760
2864721990
7938450
855235680
1702532910
2549830140
3397127370
540343830
1387641060
2234938290
3082235520
225451980
1072749210
1920046440
2767343670
3614640900
757857360
1605154590
2452451820
3299749050
442965510
1290262740
2137559970
2984857200
128073660
975370890
1822668120
2669965350
3517262580
660479040
1507776270
2355073500
3202370730
345587190
1192884420
2040181650
2887478880
30695340
877992570
1725289800
2572587030
3419884260
563100720
1410397950
2257695180
3104992410
248208870
1095506100
1942803330
2790100560
3637397790
780614250
1627911480
2475208710
3322505940
465722400
1313019630
2160316860
3007614090
150830550
998127780
1845425010
2692722240
3540019470
683235930
1530533160
2377830390
3225127620
368344080
1215641310
2062938540
2910235770
53452230
900749460
1748046690
2595343920
3442641150
585857610
1433154840
2280452070
3127749300
270965760
1118262990
1965560220
2812857450
3660154680
803371140
1650668370
2497965600
3345262830
488479290
1335776520
2183073750
3030370980
173587440
1020884670
1868181900
2715479130
3562776360
705992820
1553290050
2400587280
3247884510
391100970
1238398200
2085695430
2932992660
76209120
923506350
1770803580
2618100810
3465398040
608614500
1455911730
2303208960
3150506190
293722650
1141019880
1988317110
2835614340
3682911570
826128030
1673425260
2520722490
3368019720
511236180
1358533410
2205830640
3053127870
196344330
1043641560
1890938790
2738236020
3585533250
728749710
1576046940
2423344170
3270641400
413857860
1261155090
2108452320
2955749550
98966010
946263240
1793560470
2640857700
3488154930
631371390
1478668620
2325965850
3173263080
316479540
1163776770
2011074000
2858371230
1587690
848884920
1696182150
2543479380
3390776610
533993070
1381290300
2228587530
3075884760
219101220
1066398450
1913695680
2760992910
3608290140
751506600
1598803830
2446101060
3293398290
436614750
1283911980
2131209210
2978506440
121722900
969020130
1816317360
2663614590
3510911820
654128280
1501425510
2348722740
3196019970
339236430
1186533660
2033830890
2881128120
24344580
871641810
1718939040
2566236270
3413533500
556749960
1404047190
2251344420
3098641650
241858110
1089155340
1936452570
2783749800
3631047030
774263490
1621560720
2468857950
3316155180
459371640
1306668870
2153966100
3001263330
144479790
991777020
1839074250
2686371480
3533668710
676885170
1524182400
2371479630
3218776860
361993320
1209290550
2056587780
2903885010
47101470
894398700
1741695930
2588993160
3436290390
579506850
1426804080
2274101310
3121398540
264615000
1111912230
1959209460
2806506690
3653803920
797020380
1644317610
2491614840
3338912070
482128530
1329425760
2176722990
3024020220
167236680
1014533910
1861831140
2709128370
3556425600
699642060
1546939290
2394236520
3241533750
384750210
1232047440
2079344670
2926641900
69858360
917155590
1764452820
2611750050
3459047280
602263740
1449560970
2296858200
3144155430
287371890
1134669120
1981966350
2829263580
3676560810
819777270
1667074500
2514371730
3361668960
504885420
1352182650
2199479880
3046777110
189993570
1037290800
1884588030
2731885260
3579182490
722398950
1569696180
2416993410
3264290640
407507100
1254804330
2102101560
2949398790
92615250
939912480
1787209710
2634506940
3481804170
625020630
1472317860
2319615090
3166912320
310128780
1157426010
2004723240
2852020470
3699317700
842534160
1689831390
2537128620
3384425850
527642310
1374939540
2222236770
3069534000
212750460
1060047690
1907344920
2754642150
3601939380
745155840
1592453070
2439750300
3287047530
430263990
1277561220
2124858450
2972155680
115372140
962669370
1809966600
2657263830
3504561060
647777520
1495074750
2342371980
3189669210
332885670
1180182900
2027480130
2874777360
17993820
865291050
1712588280
2559885510
3407182740
550399200
1397696430
2244993660
3092290890
235507350
1082804580
1930101810
2777399040
3624696270
767912730
1615209960
2462507190
3309804420
453020880
1300318110
2147615340
2994912570
138129030
985426260
1832723490
2680020720
3527317950
670534410
1517831640
2365128870
3212426100
355642560
1202939790
2050237020
2897534250
40750710
888047940
1735345170
2582642400
3429939630
573156090
1420453320
2267750550
3115047780
258264240
1105561470
1952858700
2800155930
3647453160
790669620
1637966850
2485264080
3332561310
475777770
1323075000
2170372230
3017669460
160885920
1008183150
1855480380
2702777610
3550074840
693291300
1540588530
2387885760
3235182990
378399450
1225696680
2072993910
2920291140
63507600
910804830
1758102060
2605399290
3452696520
595912980
1443210210
2290507440
3137804670
281021130
1128318360
1975615590
2822912820
3670210050
813426510
1660723740
2508020970
3355318200
498534660
1345831890
2193129120
3040426350
183642810
1030940040
1878237270
2725534500
3572831730
716048190
1563345420
2410642650
3257939880
401156340
1248453570
2095750800
2943048030
86264490
933561720
1780858950
2628156180
3475453410
618669870
1465967100
2313264330
3160561560
303778020
1151075250
1998372480
2845669710
3692966940
836183400
1683480630
2530777860
3378075090
521291550
1368588780
2215886010
3063183240
206399700
1053696930
1900994160
2748291390
3595588620
738805080
1586102310
2433399540
3280696770
423913230
1271210460
2118507690
2965804920
109021380
956318610
1803615840
2650913070
3498210300
641426760
1488723990
2336021220
3183318450
326534910
1173832140
2021129370
2868426600
11643060
858940290
1706237520
2553534750
3400831980
544048440
1391345670
2238642900
3085940130
229156590
1076453820
1923751050
2771048280
3618345510
761561970
1608859200
2456156430
3303453660
446670120
1293967350
2141264580
2988561810
131778270
979075500
1826372730
2673669960
3520967190
664183650
1511480880
2358778110
3206075340
349291800
1196589030
2043886260
2891183490
34399950
881697180
1728994410
2576291640
3423588870
566805330
1414102560
2261399790
3108697020
251913480
1099210710
1946507940
2793805170
3641102400
784318860
1631616090
2478913320
3326210550
469427010
1316724240
2164021470
3011318700
154535160
1001832390
1849129620
2696426850
3543724080
686940540
1534237770
2381535000
3228832230
372048690
1219345920
2066643150
2913940380
57156840
904454070
1751751300
2599048530
3446345760
589562220
1436859450
2284156680
3131453910
274670370
1121967600
1969264830
2816562060
3663859290
807075750
1654372980
2501670210
3348967440
492183900
1339481130
2186778360
3034075590
177292050
1024589280
1871886510
2719183740
3566480970
709697430
1556994660
2404291890
3251589120
394805580
1242102810
2089400040
2936697270
79913730
927210960
1774508190
2621805420
3469102650
612319110
1459616340
2306913570
3154210800
297427260
1144724490
1992021720
2839318950
3686616180
829832640
1677129870
2524427100
3371724330
514940790
1362238020
2209535250
3056832480
200048940
1047346170
1894643400
2741940630
3589237860
732454320
1579751550
2427048780
3274346010
417562470
1264859700
2112156930
2959454160
102670620
949967850
1797265080
2644562310
3491859540
635076000
1482373230
2329670460
3176967690
320184150
1167481380
2014778610
2862075840
5292300
852589530
1699886760
2547183990
3394481220
537697680
1384994910
2232292140
3079589370
222805830
1070103060
1917400290
2764697520
3611994750
755211210
1602508440
2449805670
3297102900
440319360
1287616590
2134913820
2982211050
125427510
972724740
1820021970
2667319200
3514616430
657832890
1505130120
2352427350
3199724580
342941040
1190238270
2037535500
2884832730
28049190
875346420
1722643650
2569940880
3417238110
560454570
1407751800
2255049030
3102346260
245562720
1092859950
1940157180
2787454410
3634751640
777968100
1625265330
2472562560
3319859790
463076250
1310373480
2157670710
3004967940
148184400
995481630
1842778860
2690076090
3537373320
680589780
1527887010
2375184240
3222481470
365697930
1212995160
2060292390
2907589620
50806080
898103310
1745400540
2592697770
3439995000
583211460
1430508690
2277805920
3125103150
268319610
1115616840
1962914070
2810211300
3657508530
800724990
1648022220
2495319450
3342616680
485833140
1333130370
2180427600
3027724830
170941290
1018238520
1865535750
2712832980
3560130210
703346670
1550643900
2397941130
3245238360
388454820
1235752050
2083049280
2930346510
73562970
920860200
1768157430
2615454660
3462751890
605968350
1453265580
2300562810
3147860040
291076500
1138373730
1985670960
2832968190
3680265420
823481880
1670779110
2518076340
3365373570
508590030
1355887260
2203184490
3050481720
193698180
1040995410
1888292640
2735589870
3582887100
726103560
1573400790
2420698020
3267995250
411211710
1258508940
2105806170
2953103400
96319860
943617090
1790914320
2638211550
3485508780
628725240
1476022470
2323319700
3170616930
313833390
1161130620
2008427850
2855725080
3703022310
846238770
1693536000
2540833230
3388130460
531346920
1378644150
2225941380
3073238610
216455070
1063752300
1911049530
2758346760
3605643990
748860450
1596157680
2443454910
3290752140
433968600
1281265830
2128563060
2975860290
119076750
966373980
1813671210
2660968440
3508265670
651482130
1498779360
2346076590
3193373820
336590280
1183887510
2031184740
2878481970
21698430
868995660
1716292890
2563590120
3410887350
554103810
1401401040
2248698270
3095995500
239211960
1086509190
1933806420
2781103650
3628400880
771617340
1618914570
2466211800
3313509030
456725490
1304022720
2151319950
2998617180
141833640
989130870
1836428100
2683725330
3531022560
674239020
1521536250
2368833480
3216130710
359347170
1206644400
2053941630
2901238860
44455320
891752550
1739049780
2586347010
3433644240
576860700
1424157930
2271455160
3118752390
261968850
1109266080
1956563310
2803860540
3651157770
794374230
1641671460
2488968690
3336265920
479482380
1326779610
2174076840
3021374070
164590530
1011887760
1859184990
2706482220
3553779450
696995910
1544293140
2391590370
3238887600
382104060
1229401290
2076698520
2923995750
67212210
914509440
1761806670
2609103900
3456401130
599617590
1446914820
2294212050
3141509280
284725740
1132022970
1979320200
2826617430
3673914660
817131120
1664428350
2511725580
3359022810
502239270
1349536500
2196833730
3044130960
187347420
1034644650
1881941880
2729239110
3576536340
719752800
1567050030
2414347260
3261644490
404860950
1252158180
2099455410
2946752640
89969100
937266330
1784563560
2631860790
3479158020
622374480
1469671710
2316968940
3164266170
307482630
1154779860
2002077090
2849374320
3696671550
839888010
1687185240
2534482470
3381779700
524996160
1372293390
2219590620
3066887850
210104310
1057401540
1904698770
2751996000
3599293230
742509690
1589806920
2437104150
3284401380
427617840
1274915070
2122212300
2969509530
112725990
960023220
1807320450
2654617680
3501914910
645131370
1492428600
2339725830
3187023060
330239520
1177536750
2024833980
2872131210
15347670
862644900
1709942130
2557239360
3404536590
547753050
1395050280
2242347510
3089644740
232861200
1080158430
1927455660
2774752890
3622050120
765266580
1612563810
2459861040
3307158270
450374730
1297671960
2144969190
2992266420
135482880
982780110
1830077340
2677374570
3524671800
667888260
1515185490
2362482720
3209779950
352996410
1200293640
2047590870
2894888100
38104560
885401790
1732699020
2579996250
3427293480
570509940
1417807170
2265104400
3112401630
255618090
1102915320
1950212550
2797509780
3644807010
788023470
1635320700
2482617930
3329915160
473131620
1320428850
2167726080
3015023310
158239770
1005537000
1852834230
2700131460
3547428690
690645150
1537942380
2385239610
3232536840
375753300
1223050530
2070347760
2917644990
60861450
908158680
1755455910
2602753140
3450050370
593266830
1440564060
2287861290
3135158520
278374980
1125672210
1972969440
2820266670
3667563900
810780360
1658077590
2505374820
3352672050
495888510
1343185740
2190482970
3037780200
180996660
1028293890
1875591120
2722888350
3570185580
713402040
1560699270
2407996500
3255293730
398510190
1245807420
2093104650
2940401880
83618340
930915570
1778212800
2625510030
3472807260
616023720
1463320950
2310618180
3157915410
301131870
1148429100
1995726330
2843023560
3690320790
833537250
1680834480
2528131710
3375428940
518645400
1365942630
2213239860
3060537090
203753550
1051050780
1898348010
2745645240
3592942470
736158930
1583456160
2430753390
3278050620
421267080
1268564310
2115861540
2963158770
106375230
953672460
1800969690
2648266920
3495564150
638780610
1486077840
2333375070
3180672300
323888760
1171185990
2018483220
2865780450
8996910
856294140
1703591370
2550888600
3398185830
541402290
1388699520
2235996750
3083293980
226510440
1073807670
1921104900
2768402130
3615699360
758915820
1606213050
2453510280
3300807510
444023970
1291321200
2138618430
2985915660
129132120
976429350
1823726580
2671023810
3518321040
661537500
1508834730
2356131960
3203429190
346645650
1193942880
2041240110
2888537340
31753800
879051030
1726348260
2573645490
3420942720
564159180
1411456410
2258753640
3106050870
249267330
1096564560
1943861790
2791159020
3638456250
781672710
1628969940
2476267170
3323564400
466780860
1314078090
2161375320
3008672550
151889010
999186240
1846483470
2693780700
3541077930
684294390
1531591620
2378888850
3226186080
369402540
1216699770
2063997000
2911294230
54510690
901807920
1749105150
2596402380
3443699610
586916070
1434213300
2281510530
3128807760
272024220
1119321450
1966618680
2813915910
3661213140
804429600
1651726830
2499024060
3346321290
489537750
1336834980
2184132210
3031429440
174645900
1021943130
1869240360
2716537590
3563834820
707051280
1554348510
2401645740
3248942970
392159430
1239456660
2086753890
2934051120
77267580
924564810
1771862040
2619159270
3466456500
609672960
1456970190
2304267420
3151564650
294781110
1142078340
1989375570
2836672800
3683970030
827186490
1674483720
2521780950
3369078180
512294640
1359591870
2206889100
3054186330
197402790
1044700020
1891997250
2739294480
3586591710
729808170
1577105400
2424402630
3271699860
414916320
1262213550
2109510780
2956808010
100024470
947321700
1794618930
2641916160
3489213390
632429850
1479727080
2327024310
3174321540
317538000
1164835230
2012132460
2859429690
2646150
849943380
1697240610
2544537840
3391835070
535051530
1382348760
2229645990
3076943220
220159680
1067456910
1914754140
2762051370
3609348600
752565060
1599862290
2447159520
3294456750
437673210
1284970440
2132267670
2979564900
122781360
970078590
1817375820
2664673050
3511970280
655186740
1502483970
2349781200
3197078430
340294890
1187592120
2034889350
2882186580
25403040
872700270
1719997500
2567294730
3414591960
557808420
1405105650
2252402880
3099700110
242916570
1090213800
1937511030
2784808260
3632105490
775321950
1622619180
2469916410
3317213640
460430100
1307727330
2155024560
3002321790
145538250
992835480
1840132710
2687429940
3534727170
677943630
1525240860
2372538090
3219835320
363051780
1210349010
2057646240
2904943470
48159930
895457160
1742754390
2590051620
3437348850
580565310
1427862540
2275159770
3122457000
265673460
1112970690
1960267920
2807565150
3654862380
798078840
1645376070
2492673300
3339970530
483186990
1330484220
2177781450
3025078680
168295140
1015592370
1862889600
2710186830
3557484060
700700520
1547997750
2395294980
3242592210
385808670
1233105900
2080403130
2927700360
70916820
918214050
1765511280
2612808510
3460105740
603322200
1450619430
2297916660
3145213890
288430350
1135727580
1983024810
2830322040
3677619270
820835730
1668132960
2515430190
3362727420
505943880
1353241110
2200538340
3047835570
191052030
1038349260
1885646490
2732943720
3580240950
723457410
1570754640
2418051870
3265349100
408565560
1255862790
2103160020
2950457250
93673710
940970940
1788268170
2635565400
3482862630
626079090
1473376320
2320673550
3167970780
311187240
1158484470
2005781700
2853078930
3700376160
843592620
1690889850
2538187080
3385484310
528700770
1375998000
2223295230
3070592460
213808920
1061106150
1908403380
2755700610
3602997840
746214300
1593511530
2440808760
3288105990
431322450
1278619680
2125916910
2973214140
116430600
963727830
1811025060
2658322290
3505619520
648835980
1496133210
2343430440
3190727670
333944130
1181241360
2028538590
2875835820
19052280
866349510
1713646740
2560943970
3408241200
551457660
1398754890
2246052120
3093349350
236565810
1083863040
1931160270
2778457500
3625754730
768971190
1616268420
2463565650
3310862880
454079340
1301376570
2148673800
2995971030
139187490
986484720
1833781950
2681079180
3528376410
671592870
1518890100
2366187330
3213484560
356701020
1203998250
2051295480
2898592710
41809170
889106400
1736403630
2583700860
3430998090
574214550
1421511780
2268809010
3116106240
259322700
1106619930
1953917160
2801214390
3648511620
791728080
1639025310
2486322540
3333619770
476836230
1324133460
2171430690
3018727920
161944380
1009241610
1856538840
2703836070
3551133300
694349760
1541646990
2388944220
3236241450
379457910
1226755140
2074052370
2921349600
64566060
911863290
1759160520
2606457750
3453754980
596971440
1444268670
2291565900
3138863130
282079590
1129376820
1976674050
2823971280
3671268510
814484970
1661782200
2509079430
3356376660
499593120
1346890350
2194187580
3041484810
184701270
1031998500
1879295730
2726592960
3573890190
717106650
1564403880
2411701110
3258998340
402214800
1249512030
2096809260
2944106490
87322950
934620180
1781917410
2629214640
3476511870
619728330
1467025560
2314322790
3161620020
304836480
1152133710
1999430940
2846728170
3694025400
837241860
1684539090
2531836320
3379133550
522350010
1369647240
2216944470
3064241700
207458160
1054755390
1902052620
2749349850
3596647080
739863540
1587160770
2434458000
3281755230
424971690
1272268920
2119566150
2966863380
110079840
957377070
1804674300
2651971530
3499268760
642485220
1489782450
2337079680
3184376910
327593370
1174890600
2022187830
2869485060
12701520
859998750
1707295980
2554593210
3401890440
545106900
1392404130
2239701360
3086998590
230215050
1077512280
1924809510
2772106740
3619403970
762620430
1609917660
2457214890
3304512120
447728580
1295025810
2142323040
2989620270
132836730
980133960
1827431190
2674728420
3522025650
665242110
1512539340
2359836570
3207133800
350350260
1197647490
2044944720
2892241950
35458410
882755640
1730052870
2577350100
3424647330
567863790
1415161020
2262458250
3109755480
252971940
1100269170
1947566400
2794863630
3642160860
785377320
1632674550
2479971780
3327269010
470485470
1317782700
2165079930
3012377160
155593620
1002890850
1850188080
2697485310
3544782540
687999000
1535296230
2382593460
3229890690
373107150
1220404380
2067701610
2914998840
58215300
905512530
1752809760
2600106990
3447404220
590620680
1437917910
2285215140
3132512370
275728830
1123026060
1970323290
2817620520
3664917750
808134210
1655431440
2502728670
3350025900
493242360
1340539590
2187836820
3035134050
178350510
1025647740
1872944970
2720242200
3567539430
710755890
1558053120
2405350350
3252647580
395864040
1243161270
2090458500
2937755730
80972190
928269420
1775566650
2622863880
3470161110
613377570
1460674800
2307972030
3155269260
298485720
1145782950
1993080180
2840377410
3687674640
830891100
1678188330
2525485560
3372782790
515999250
1363296480
2210593710
3057890940
201107400
1048404630
1895701860
2742999090
3590296320
733512780
1580810010
2428107240
3275404470
418620930
1265918160
2113215390
2960512620
103729080
951026310
1798323540
2645620770
3492918000
636134460
1483431690
2330728920
3178026150
321242610
1168539840
2015837070
2863134300
6350760
853647990
1700945220
2548242450
3395539680
538756140
1386053370
2233350600
3080647830
223864290
1071161520
1918458750
2765755980
3613053210
756269670
1603566900
2450864130
3298161360
441377820
1288675050
2135972280
2983269510
126485970
973783200
1821080430
2668377660
3515674890
658891350
1506188580
2353485810
3200783040
343999500
1191296730
2038593960
2885891190
29107650
876404880
1723702110
2570999340
3418296570
561513030
1408810260
2256107490
3103404720
246621180
1093918410
1941215640
2788512870
3635810100
779026560
1626323790
2473621020
3320918250
464134710
1311431940
2158729170
3006026400
149242860
996540090
1843837320
2691134550
3538431780
681648240
1528945470
2376242700
3223539930
366756390
1214053620
2061350850
2908648080
51864540
899161770
1746459000
2593756230
3441053460
584269920
1431567150
2278864380
3126161610
269378070
1116675300
1963972530
2811269760
3658566990
801783450
1649080680
2496377910
3343675140
486891600
1334188830
2181486060
3028783290
171999750
1019296980
1866594210
2713891440
3561188670
704405130
1551702360
2398999590
3246296820
389513280
1236810510
2084107740
2931404970
74621430
921918660
1769215890
2616513120
3463810350
607026810
1454324040
2301621270
3148918500
292134960
1139432190
1986729420
2834026650
3681323880
824540340
1671837570
2519134800
3366432030
509648490
1356945720
2204242950
3051540180
194756640
1042053870
1889351100
2736648330
3583945560
727162020
1574459250
2421756480
3269053710
412270170
1259567400
2106864630
2954161860
97378320
944675550
1791972780
2639270010
3486567240
629783700
1477080930
2324378160
3171675390
314891850
1162189080
2009486310
2856783540
