0
1046441323
1161122125
1116679658
1109083144
1092086893
1047644426
1160372708
1152776194
1168419867
1091337476
1133105936
1136086353
1153979297
1074647635
1176798986
1156678914
1037110527
1149838809
1127162483
1156621890
1080803577
1146268267
1127105459
1143445398
1077233035
1082006680
1146145015
1155789186
1058590674
1187275605
1128829009
1121232495
1165877455
1059793777
1128771985
1121175471
1184129689
1059736753
1145255287
1166821041
1065949719
1105382323
1112251601
1187413602
1049259878
1118238086
1157897171
1146401366
1049202854
1230921338
1119441189
1111844675
1174798893
1050405957
1163134239
1155537725
1089325362
1094099007
1158237342
1151967183
1156740828
1090528465
1130344405
1133324822
1209467906
1071886104
1174037455
1140432674
1034348996
1147077278
1124400952
1175240558
1078042046
1130387437
1124343928
1140683867
1061352205
1079245149
1131590540
1123994026
1156270516
1062555308
1131533516
1123937002
1186891220
1062498284
1188972030
1144529563
1068711250
1188094323
1115013132
1164059510
1168833155
1102620792
1142436732
1152582025
1046498347
1115476555
1133995664
