0
5370740704
5359926765
5458347150
5376359228
5340456537
5350380361
5491898172
5476851715
5435079440
5450872848
5418644865
5376438516
5438981699
5403079008
5409098461
5366892112
5321598440
5393532604
5415713989
5431507397
5312052036
5447939860
5406167585
5421960993
5389733010
5451453514
5464976341
5391676826
5380186606
5441907110
5292686585
5458964152
5480679093
5486054874
5283140181
5404858511
5450394926
5408188577
5383632668
5395312107
5444752893
5439598701
5353348501
5472993081
5447464050
5421370262
5451767238
5463446677
5364267217
5375946656
5421483071
5415970972
5354720813
5366400252
5485424685
5406424568
5324436646
5466892739
5428361098
5392458407
5424929133
5436608572
5418814694
5373521022
5337618331
5387059117
5431733880
5363974618
5328071927
5377512713
5422187476
5437980884
5405752901
5478005200
5396017278
5407696717
5396206497
5344609167
5308706476
5474984043
5489843722
5335062763
5299160072
5458639749
5460111159
5424208468
5399652559
5388838620
5460772784
5405271083
5369368392
5379292216
5463483941
5446072188
5460931867
5416189799
5380287108
5405350371
5437502962
