0
99000000000
198000000000
297000000000
396000000000
495000000000
594000000000
693000000000
792000000000
891000000000
990000000000
1089000000000
1188000000000
1287000000000
1386000000000
1485000000000
1584000000000
1683000000000
1782000000000
1881000000000
1980000000000
2079000000000
2178000000000
2277000000000
2376000000000
2475000000000
2574000000000
2673000000000
2772000000000
2871000000000
2970000000000
3069000000000
3168000000000
3267000000000
3366000000000
3465000000000
3564000000000
3663000000000
3762000000000
3861000000000
3960000000000
4059000000000
4158000000000
4257000000000
4356000000000
4455000000000
4554000000000
4653000000000
4752000000000
4851000000000
4950000000000
4851000000000
4752000000000
4653000000000
4554000000000
4455000000000
4356000000000
4257000000000
4158000000000
4059000000000
3960000000000
3861000000000
3762000000000
3663000000000
3564000000000
3465000000000
3366000000000
3267000000000
3168000000000
3069000000000
2970000000000
2871000000000
2772000000000
2673000000000
2574000000000
2475000000000
2376000000000
2277000000000
2178000000000
2079000000000
1980000000000
1881000000000
1782000000000
1683000000000
1584000000000
1485000000000
1386000000000
1287000000000
1188000000000
1089000000000
990000000000
891000000000
792000000000
693000000000
594000000000
495000000000
396000000000
297000000000
198000000000
99000000000
