0
934911814
905794749
986688866
982086322
928790558
938718733
993234049
977196168
952180183
959121047
963272830
957968441
966208565
886756314
941271630
948212494
909752123
964267439
971208303
968470039
1022985355
942073250
996588566
975015222
965069059
932694491
939635355
961119887
955690300
911960156
918901020
923052803
934955965
941896829
946048612
955976787
939449988
946390852
969438237
962445797
969386661
992434046
914475664
968990980
952953099
927937114
893741329
948256645
950932923
916737138
971252454
971953745
1008270035
921231161
949058265
949952545
944226970
972054074
972948354
929218210
936159074
976548097
909718287
959154883
930037818
932714096
887717087
894657951
988865887
910712896
917653760
957527650
931733718
986249034
943034023
945195168
910999383
965514699
968190977
933995192
946014776
940710387
973173307
869498260
924013576
930954440
892494069
947009385
953950249
963878424
968030207
924815196
926976341
981491657
947295872
949972150
904975141
911916005
1006123941
