0
17375796952
17490005889
17361654526
17487590727
17308368561
17422577498
17416284559
17530493496
17454224675
17412530969
17410193168
17398388543
17455286797
17345102578
17459311515
17453018576
17397957820
17458354217
17442708538
17446927185
17389422573
17434013709
17407987899
17517027254
17247725683
17361934620
17355641681
17469850618
17521671970
17426156590
17450702950
17444721916
17394643919
17284459700
17398668637
17392375698
17502060389
17397711339
17468768706
17487436967
17328779695
17330282948
17379909130
17438198946
17487825128
17400383017
17434445356
17508299015
17475697931
17365513712
17367016965
17416643147
17393600701
17419872207
17437117034
17527788205
17471651970
17411336960
17460963142
17429902286
17538941641
17269640070
17395576271
17377556068
17468091502
17339740139
17448070977
17447656137
17400663111
17416558306
17306374087
17432310288
17409765839
17388278781
17376474156
17490683093
17411009092
17350694082
17453292323
17401823517
17436439830
17420794151
17422297404
17471923586
17481717123
17447743109
17387428099
17513364300
17340020233
17415515088
17447936231
17459031421
17492063104
17428788563
17511886663
17482877529
17458600698
17376754250
17452249105
