0
199935353
111315352
137864010
146116584
117022045
92589977
165300985
203905329
194718740
208387967
209612022
185179954
133276581
199534682
244591933
133510280
123245893
175533046
211218343
63323645
217751266
174638997
201187655
193769850
180345690
155913622
164166196
186194412
212534653
256522474
272935667
211690554
196600226
48705528
134723196
151326193
186569538
194822112
155977572
126647290
214006513
133180213
160872610
244495565
243669335
213438978
181982109
225770190
137150189
127963600
171951421
142856882
215567890
112029173
198046841
207674146
66755140
235446859
178070492
189970935
212871724
183777185
159345117
149080730
189625907
237053180
89158482
97411056
149698209
191287245
219604687
206180527
181748459
159682439
242288186
181885741
130078785
150829154
195886405
222435063
74540365
147251373
185855717
176669128
220656949
181812409
152482127
145064322
159015050
186707447
115460668
201478336
218081333
207816946
251605027
222732712
147894698
