0
151202918
191100452
192531191
191490832
231388366
148958269
162582592
127145719
167043253
208671236
150255750
194861908
173773146
138525393
215326595
181851976
207748670
126198551
184951257
101101061
140998595
146984994
186882528
168533813
196330931
160894058
77043862
116941396
184004089
227920569
144476614
172273732
204178322
172295269
204189581
159946890
247497569
134849400
174746934
180733333
215569255
173324874
118431956
204844339
110792201
150689735
178144923
206652558
149267675
94374757
124170185
164067719
170054118
154087724
193985258
172541189
232931210
100112986
140010520
197609042
152180295
243492975
195342856
214023428
195364393
208988716
173551843
128123096
157918524
192380464
203802457
187836063
184931517
141501080
122439332
133861325
152541897
192439431
147507185
187404719
117443881
167213831
214939937
207639588
177156848
123449986
163347520
129789499
169687033
175673432
215570966
175249419
156187671
206692420
105732300
145629834
221492464
209179774
151192220
169872792
215449588
164838080
157537731
197435265
252678524
145508456
213904190
183613090
140780881
170576309
147120394
216460242
190282955
203523835
197142688
199195369
146519110
123063195
152858623
192756157
198742556
173085489
175138170
179256795
197937367
128801424
168698958
236514838
232248898
234581593
211818638
206566239
158660107
168845456
220504389
175184969
220854730
214473583
170039781
163850005
208886509
170189518
151127770
216073451
145084708
184982242
190968641
230866175
146132319
172380446
192408446
108558250
148455784
227987736
258944961
168920471
197937750
215971779
216278916
235703969
191461278
234887762
178833047
218730581
191914580
208884709
198254093
162415603
237542707
142306589
182204123
209659311
249556845
174196894
125889145
176155901
233926265
222039834
185602112
225499646
195449570
221544294
131627374
171524908
158782852
196163942
262952337
212684449
226215604
211464600
203826608
200357607
159637484
209904240
188627250
255788173
219350451
216445905
176300408
