0
5164546539680
10329093079360
15493639619040
1971917769696
7136464309376
12301010849056
17465557388736
3943835539392
9108382079072
14272928618752
751206769408
5915753309088
11080299848768
16244846388448
2723124539104
7887671078784
13052217618464
18216764158144
4695042308800
9859588848480
15024135388160
1502413538816
6666960078496
11831506618176
16996053157856
3474331308512
8638877848192
13803424387872
281702538528
5446249078208
10610795617888
15775342157568
2253620308224
7418166847904
12582713387584
17747259927264
4225538077920
9390084617600
14554631157280
1032909307936
6197455847616
11362002387296
16526548926976
3004827077632
8169373617312
13333920156992
18498466696672
4976744847328
10141291387008
15305837926688
1784116077344
6948662617024
12113209156704
17277755696384
3756033847040
8920580386720
14085126926400
563405077056
5727951616736
10892498156416
16057044696096
2535322846752
7699869386432
12864415926112
18028962465792
4507240616448
9671787156128
14836333695808
1314611846464
6479158386144
11643704925824
16808251465504
3286529616160
8451076155840
13615622695520
93900846176
5258447385856
10422993925536
15587540465216
2065818615872
7230365155552
12394911695232
17559458234912
4037736385568
9202282925248
14366829464928
845107615584
6009654155264
11174200694944
16338747234624
2817025385280
7981571924960
13146118464640
18310665004320
4788943154976
9953489694656
15118036234336
1596314384992
6760860924672
11925407464352
17089954004032
3568232154688
8732778694368
13897325234048
375603384704
5540149924384
10704696464064
15869243003744
2347521154400
7512067694080
12676614233760
17841160773440
4319438924096
9483985463776
14648532003456
1126810154112
6291356693792
11455903233472
16620449773152
3098727923808
8263274463488
13427821003168
18592367542848
5070645693504
10235192233184
15399738772864
1878016923520
7042563463200
12207110002880
17371656542560
3849934693216
9014481232896
14179027772576
657305923232
5821852462912
10986399002592
16150945542272
2629223692928
7793770232608
12958316772288
18122863311968
4601141462624
9765688002304
14930234541984
1408512692640
6573059232320
11737605772000
16902152311680
3380430462336
8544977002016
13709523541696
187801692352
5352348232032
10516894771712
15681441311392
2159719462048
7324266001728
12488812541408
17653359081088
4131637231744
9296183771424
14460730311104
939008461760
6103555001440
11268101541120
16432648080800
2910926231456
8075472771136
13240019310816
18404565850496
4882844001152
10047390540832
15211937080512
1690215231168
6854761770848
12019308310528
17183854850208
3662133000864
8826679540544
13991226080224
469504230880
5634050770560
10798597310240
15963143849920
2441422000576
7605968540256
12770515079936
17935061619616
4413339770272
9577886309952
14742432849632
1220711000288
6385257539968
11549804079648
16714350619328
3192628769984
8357175309664
13521721849344
