0
2483392474
2475445432
2494396119
2468967268
2443705813
2502494249
2470335170
2446837456
2484756415
2487403645
2509138843
2476411423
2506414555
2474845808
2498448470
2466289391
2485381254
2437595879
2486276964
2493531592
2472365644
2451619174
2456773278
2462622819
2477251321
2475171514
2486347245
2438561870
2463596430
2455265998
2455630345
2481895355
2474959452
2484839965
2498963830
2482301466
2434516091
2461379905
2482033039
2485914378
2472881004
2499378586
2480794186
2492868577
2505091777
2448612798
2478730031
2494369672
2492386112
2486880369
2486731699
2497907430
2450122055
2451674784
2489785117
2467190530
2435031451
2495008269
2482834590
2455019024
2493861651
2441107704
2472940090
2485368565
2498747328
2475650243
2502514057
2492354371
2473343849
2467521911
2460172983
2474801485
2497604395
2503946297
2498440554
2475199612
2451043526
2403258151
2463234969
2477863471
2494377011
2446591636
2494487322
2449536246
2466579209
2476165603
2452667889
2488826774
2496153176
2492103725
2467183901
2484137640
2480676241
2482645189
2472119824
2493648834
2443426312
2490848397
2477005501
2451576650
2510028463
2462603711
2414818336
2483081754
2489423656
2497854745
2444392303
2489342134
2461096431
2507352062
2481057852
2496297492
2495418387
2507713361
2480182079
2440346524
2467210338
2492236426
2491744811
2445232201
2498308511
2510592399
2469614999
2480506651
2463136835
2474040305
2483638294
2488792398
2457568834
2483202286
2481573212
2455952488
2470580990
2495615550
2503090229
2440861884
2474396717
2479550821
2460849457
2508271542
2451906709
2466535211
2491198998
2504577761
2456792386
2509868696
2469341081
2479174282
2473352344
2457765997
2480631918
2449799912
2509776730
2469129019
2479009532
2471316929
2409088584
2456510669
2483693904
2514650414
2452422069
2467050571
2500225208
2472409642
2487038144
2490567740
2442782365
2472899598
2497934158
2473014334
2489968073
2480901266
2489060460
2484912529
2445844351
2471832289
2461360097
2482835934
2457407083
2490569717
2482877114
2420648769
2435277271
2475479113
2506429454
2482950526
2469819810
2494854370
2486523938
2486888285
2502127925
2454342550
2506619108
2486012512
2484574519
2483916517
2440058989
2445213093
2451062634
