0
199000000000
398000000000
597000000000
796000000000
995000000000
1194000000000
1393000000000
1592000000000
1791000000000
1990000000000
2189000000000
2388000000000
2587000000000
2786000000000
2985000000000
3184000000000
3383000000000
3582000000000
3781000000000
3980000000000
4179000000000
4378000000000
4577000000000
4776000000000
4975000000000
5174000000000
5373000000000
5572000000000
5771000000000
5970000000000
6169000000000
6368000000000
6567000000000
6766000000000
6965000000000
7164000000000
7363000000000
7562000000000
7761000000000
7960000000000
8159000000000
8358000000000
8557000000000
8756000000000
8955000000000
9154000000000
9353000000000
9552000000000
9751000000000
9950000000000
10149000000000
10348000000000
10547000000000
10746000000000
10945000000000
11144000000000
11343000000000
11542000000000
11741000000000
11940000000000
12139000000000
12338000000000
12537000000000
12736000000000
12935000000000
13134000000000
13333000000000
13532000000000
13731000000000
13930000000000
14129000000000
14328000000000
14527000000000
14726000000000
14925000000000
15124000000000
15323000000000
15522000000000
15721000000000
15920000000000
16119000000000
16318000000000
16517000000000
16716000000000
16915000000000
17114000000000
17313000000000
17512000000000
17711000000000
17910000000000
18109000000000
18308000000000
18507000000000
18706000000000
18905000000000
19104000000000
19303000000000
19502000000000
19701000000000
19900000000000
19701000000000
19502000000000
19303000000000
19104000000000
18905000000000
18706000000000
18507000000000
18308000000000
18109000000000
17910000000000
17711000000000
17512000000000
17313000000000
17114000000000
16915000000000
16716000000000
16517000000000
16318000000000
16119000000000
15920000000000
15721000000000
15522000000000
15323000000000
15124000000000
14925000000000
14726000000000
14527000000000
14328000000000
14129000000000
13930000000000
13731000000000
13532000000000
13333000000000
13134000000000
12935000000000
12736000000000
12537000000000
12338000000000
12139000000000
11940000000000
11741000000000
11542000000000
11343000000000
11144000000000
10945000000000
10746000000000
10547000000000
10348000000000
10149000000000
9950000000000
9751000000000
9552000000000
9353000000000
9154000000000
8955000000000
8756000000000
8557000000000
8358000000000
8159000000000
7960000000000
7761000000000
7562000000000
7363000000000
7164000000000
6965000000000
6766000000000
6567000000000
6368000000000
6169000000000
5970000000000
5771000000000
5572000000000
5373000000000
5174000000000
4975000000000
4776000000000
4577000000000
4378000000000
4179000000000
3980000000000
3781000000000
3582000000000
3383000000000
3184000000000
2985000000000
2786000000000
2587000000000
2388000000000
2189000000000
1990000000000
1791000000000
1592000000000
1393000000000
1194000000000
995000000000
796000000000
597000000000
398000000000
199000000000
