0
112057099
92657044
92909245
135820253
118057761
131664854
62770964
108837476
92425903
113573957
101778774
78699195
101162280
73411915
102462349
121892211
98812632
112419725
141470159
89592347
80216053
143710624
113355501
59454066
132817887
133070088
83217220
114457164
91109205
102931807
122225030
126397020
60970924
124465495
141931464
111816606
113572758
132865981
144073250
120993671
121245872
142393926
129492836
114187170
91107591
112255645
122686335
99606756
139174303
123378063
124828121
101748542
102000743
123148797
110247707
94942041
71862462
93010516
142756552
80361627
119929174
128284199
105582992
89538692
89790893
121941848
91002578
82732191
52617333
73765387
123511423
100431844
100684045
116452721
93373142
70293563
70545764
113456772
144133653
63487062
40407483
104014093
104266294
133316728
110237149
130676260
74128013
51048434
51300635
94211643
124888524
142186257
21162354
133219453
113819398
114071599
90992020
139220115
152827208
83933318
60853739
113588257
124712550
122941128
99861549
122324634
94574269
123624703
71746891
119974986
133582079
110502500
41608610
101378407
120645345
134517855
80616420
129144510
137812470
104379574
112019358
100729857
124094161
91257371
120307805
82133278
101400216
122548270
132978960
109899381
118567341
111907734
92774229
93294810
119328647
81769453
101062676
105234666
89190366
110338420
120769110
90654252
111802306
138576824
122910896
102579534
100083518
121231572
116104395
93024816
69945237
91093291
101523981
78444402
118011949
126366974
103665767
103917968
87873668
112164932
103894545
73779687
50700108
71848162
121594198
59199273
98766820
107121845
91455917
91708118
68628539
143126011
84649416
61569837
38490258
102096868
102349069
102601270
129665473
95290367
72210788
72462989
49383410
130916161
122971299
42324708
19245129
131302228
111902173
112154374
132593485
137302890
52965659
82016093
128082605
111671032
122795325
121023903
