0
47282338
43835273
49995437
36365336
38880644
43772530
43665316
43998322
49504792
32748314
35320232
42077093
35546024
47014867
34521425
40681589
36097865
29566796
34458682
41215543
45613163
40190944
43213281
42041064
35236315
39823196
46885062
40353993
36061836
42629436
43016488
25144834
31901695
53415799
30877096
37037260
45161128
25922467
30814353
37571214
31040145
39371161
33315588
38396735
31591986
25060917
45713803
36709664
32417507
38985107
46234319
21500505
28257366
35317317
33195140
39301481
41516799
22278138
46643834
36399955
27395816
35726832
29671259
38439931
43982337
21416588
43119953
33065335
50133967
32202951
28998970
46376363
27086107
18081968
40240876
23019742
40534801
34668489
12102740
39606263
23751487
48117183
28689261
34795602
47188645
17772259
42137955
36271643
42188723
31220953
25354641
33934052
30292415
14437639
38803335
19375413
25481754
46561422
8458411
32824107
52293684
48547730
21907105
43001010
49263605
43226802
49983663
38346603
41206725
43473638
37247574
30289723
32556636
42979836
46678453
44556276
37872105
42917093
42809879
43142885
48649355
31892877
43154572
40556899
20975875
39582473
46339334
37364605
45314735
44041851
33603245
40360106
44757726
39335507
42599652
33840724
34380878
38967759
45364868
39498556
28050757
41259072
42172574
36912570
33519328
35938144
42695005
36163936
44305691
40397522
29958916
36051020
30184708
41653551
35122482
32858726
30736549
24205480
41720539
35854227
40441108
38129670
31083674
33268241
29874999
34461880
41523746
32519607
23544878
36753193
43563722
32406691
26540379
43917772
31478153
37584494
39989073
20561151
38076210
32209898
51230979
34009845
27439345
45658592
23092843
48371691
44079534
28875278
39679364
33162532
39919393
28762362
22896050
47261746
27833824
33940165
36344744
16916822
39057843
47388859
41333286
30365516
51154416
33078615
19448514
40237414
46805014
49665136
39489122
35888012
38748134
41015047
51438247
54702392
30098045
46330516
44219862
35026462
35413514
37491166
40351288
46457629
26574164
29434286
40695981
47933670
45823016
42882980
37016668
34906014
41954442
26099666
47793918
31037440
42299135
42839289
20120438
31382133
47956967
36509168
49717483
43186414
25592166
41977739
39713983
50488659
44622347
32985287
48855933
38112322
22068285
38643119
27195320
43580893
41317137
16278318
32663891
30400135
41174811
48899519
43692062
39542085
37982517
35195583
42920291
46844330
40978018
32003289
45211604
50502673
21086287
34998790
39585671
39936564
44523445
28668669
29019562
33606443
37530482
52921099
22689441
35897756
45181355
11772439
52340154
43200001
37333689
41423152
41620943
48377804
37220773
31354461
53495482
33396216
42398576
44803155
25375233
46344379
33886153
38874531
38823927
38676904
41537026
27906925
30422233
44181634
44544050
37778823
44346423
44068718
37030531
36091752
43140180
38556456
52046010
32223178
27639454
43871925
41761271
35230202
39101372
35032575
37892697
49154392
26777904
40537305
40899721
45475079
43364425
34171025
34558077
32447423
25916354
45602192
28381058
28578849
39840544
17464056
44967579
31585873
40855326
34050577
31110541
48172394
23133575
34876098
37255392
47550039
23959096
30526696
47101530
35653731
22272025
43975390
24736729
41122302
38858546
13819727
38185423
27941544
48000496
41096313
21212848
51378702
35523926
12958177
40461700
46568041
41675556
29544698
43457201
48044082
18627696
42993392
37127080
34581954
42064854
26210078
37100436
31147852
37254193
49647236
20230850
42524973
38730234
9313848
33679544
27813232
56171458
32751006
16896230
50119042
21834004
50856987
44325918
10917002
44329075
38103011
