0
852384902
879402956
876770207
846997558
883371597
842639459
867542068
843883593
866628214
862154724
879542089
858595062
881339683
876734333
844517516
874439262
860010979
869971835
861546393
869007889
868114064
887641676
881310251
863249329
874254291
832394753
855139374
871065395
867491793
876743321
891723078
844679291
835346084
852733449
875478070
854531043
855109942
869369850
880626326
881687253
846557348
873575402
842199249
890732445
887186764
836811905
861714514
852305368
860800660
828330734
881478372
844077306
875512129
877675176
838689962
875064001
854183425
876928046
893141086
858320618
857426793
885031131
890879864
854699164
868426737
872915238
849311820
865237841
861664239
876158606
857650495
885001699
868048651
852263151
869650516
848703489
864679555
846831778
874798772
862325241
868435725
883913857
836371695
859116316
849783109
867170474
846223447
878631581
869222435
822503180
873379657
838249752
860994373
885083839
882424849
880725740
877115485
871100492
876151539
852493064
820023138
874343860
895855313
848871610
882603797
876089612
883968650
874635443
868620450
870331052
851822941
887543229
862221097
896998115
846391568
884391597
887987927
841004224
881315659
856497687
879242308
849342899
877345398
853288762
843955555
861342920
840395893
863140514
863719413
866491176
862692386
884939468
855166819
882184873
850808720
849914895
896891512
883512765
870323985
860914839
814195584
836940205
888615119
852433668
868646708
874022284
878141096
860536753
862792896
868590911
882140700
888571747
866036264
870524765
840564014
863308635
862414810
875661054
875488105
873847312
873414754
843515345
866259966
853913501
861792539
863279203
877539111
857312960
873289026
866198039
856864832
870934712
901856535
876049791
844981166
844087341
866831962
891734571
836499995
890897520
863717997
831112651
880034376
846606114
862819154
873824116
896568737
849849482
886632721
862763357
882165294
883867185
828632609
864697211
844126072
857481081
856587256
869833500
852229157
884152679
883258854
873833104
860432412
859538587
855964985
855180488
855001039
854107214
879169243
867180509
875711161
865107158
893880712
857952370
857058545
853484943
861004408
877716228
830672441
881548918
857890443
880635064
871301857
875790358
867742195
885284746
867680403
844021928
883426975
828192399
879680424
875026486
822805055
874479969
838298518
861043139
877256179
882631755
841541886
869146224
877431300
870390358
890750171
892693845
892560858
849352934
849173485
848279660
871024281
869116792
876592051
878692343
867910316
852124816
851230991
847657389
867011473
870415950
870994849
870861647
896511233
874807510
842337584
869962804
850391742
884659262
861852849
852696812
877599421
822364845
845109466
844215641
872327468
871433643
882191545
855215585
868706014
859372807
835714332
858458953
880976754
871372828
866718890
871657345
875333469
870584071
852735543
883657366
865196727
878686405
860838628
888805622
862082762
869961800
883933558
868148058
865482221
863789959
880067919
862716685
887778714
878210148
836510030
879745562
844564188
867308809
865668016
863002179
862108354
872457065
839281912
838388087
866499914
834029988
888350710
884399829
858018743
853545253
870932618
852631399
872730212
836801870
835908045
865829791
869505915
864756517
846907989
860398418
876260442
890520350
850151357
854639858
865644820
864134246
846529903
891352248
862276475
857962405
875349770
856889131
881951160
849481234
866868599
865227806
861654204
861481255
859840462
857174625
856280800
866629511
879604320
879471118
878577293
828202434
850947055
875849664
852191189
875012613
870462320
887849685
864149469
830974316
830080491
852825112
884062954
868318575
884531615
849711147
877315485
867982278
844323803
848812304
859817266
882561887
840702349
880266816
856448921
875799389
867373947
883853547
886861604
843653680
861041045
859400252
855826650
838222307
877677446
879164110
859826254
873197867
881882998
850506845
841173638
858561003
845119501
870022110
853173659
897240112
868667122
