0
-1
-1
-1
13889006387738
-1
-1
-1
8216031947676
-1
-1
-1
2543057507614
-1
-1
-1
16432063895352
-1
-1
-1
10759089455290
-1
-1
-1
5086115015228
-1
-1
-1
18975121402966
-1
-1
-1
13302146962904
-1
-1
-1
7629172522842
-1
-1
-1
1956198082780
-1
-1
-1
15845204470518
-1
-1
-1
10172230030456
-1
-1
-1
4499255590394
-1
-1
-1
18388261978132
-1
-1
-1
12715287538070
-1
-1
-1
7042313098008
-1
-1
-1
1369338657946
-1
-1
-1
15258345045684
-1
-1
-1
9585370605622
-1
-1
-1
3912396165560
-1
-1
-1
17801402553298
-1
-1
-1
12128428113236
-1
-1
-1
6455453673174
-1
-1
-1
782479233112
-1
-1
-1
14671485620850
-1
-1
-1
8998511180788
-1
-1
-1
3325536740726
-1
-1
-1
17214543128464
-1
-1
-1
11541568688402
-1
-1
-1
5868594248340
-1
-1
-1
195619808278
-1
-1
-1
14084626196016
-1
-1
-1
8411651755954
-1
-1
-1
2738677315892
-1
-1
-1
16627683703630
-1
-1
-1
10954709263568
-1
-1
-1
5281734823506
-1
-1
-1
19170741211244
-1
-1
-1
13497766771182
-1
-1
-1
7824792331120
-1
-1
-1
2151817891058
-1
-1
-1
16040824278796
-1
-1
-1
10367849838734
-1
-1
-1
4694875398672
-1
-1
-1
18583881786410
-1
-1
-1
12910907346348
-1
-1
-1
7237932906286
-1
-1
-1
1564958466224
-1
-1
-1
15453964853962
-1
-1
-1
9780990413900
-1
-1
-1
4108015973838
-1
-1
-1
17997022361576
-1
-1
-1
12324047921514
-1
-1
-1
6651073481452
-1
-1
-1
978099041390
-1
-1
-1
14867105429128
-1
-1
-1
9194130989066
-1
-1
-1
3521156549004
-1
-1
-1
17410162936742
-1
-1
-1
11737188496680
-1
-1
-1
6064214056618
-1
-1
-1
391239616556
-1
-1
-1
14280246004294
-1
-1
-1
8607271564232
-1
-1
-1
2934297124170
-1
-1
-1
16823303511908
-1
-1
-1
11150329071846
-1
-1
-1
5477354631784
-1
-1
-1
19366361019522
-1
-1
-1
13693386579460
-1
-1
-1
8020412139398
-1
-1
-1
2347437699336
-1
-1
-1
16236444087074
-1
-1
-1
10563469647012
-1
-1
-1
4890495206950
-1
-1
-1
18779501594688
-1
-1
-1
13106527154626
-1
-1
-1
7433552714564
-1
-1
-1
1760578274502
-1
-1
-1
15649584662240
-1
-1
-1
9976610222178
-1
-1
-1
4303635782116
-1
-1
-1
18192642169854
-1
-1
-1
12519667729792
-1
-1
-1
6846693289730
-1
-1
-1
1173718849668
-1
-1
-1
15062725237406
-1
-1
-1
9389750797344
-1
-1
-1
3716776357282
-1
-1
-1
17605782745020
-1
-1
-1
11932808304958
-1
-1
-1
6259833864896
-1
-1
-1
586859424834
-1
-1
-1
14475865812572
-1
-1
-1
8802891372510
-1
-1
-1
3129916932448
-1
-1
-1
17018923320186
-1
-1
-1
11345948880124
-1
-1
-1
5672974440062
-1
-1
-1
