0
399000000000
798000000000
1197000000000
1596000000000
1995000000000
2394000000000
2793000000000
3192000000000
3591000000000
3990000000000
4389000000000
4788000000000
5187000000000
5586000000000
5985000000000
6384000000000
6783000000000
7182000000000
7581000000000
7980000000000
8379000000000
8778000000000
9177000000000
9576000000000
9975000000000
10374000000000
10773000000000
11172000000000
11571000000000
11970000000000
12369000000000
12768000000000
13167000000000
13566000000000
13965000000000
14364000000000
14763000000000
15162000000000
15561000000000
15960000000000
16359000000000
16758000000000
17157000000000
17556000000000
17955000000000
18354000000000
18753000000000
19152000000000
19551000000000
19950000000000
20349000000000
20748000000000
21147000000000
21546000000000
21945000000000
22344000000000
22743000000000
23142000000000
23541000000000
23940000000000
24339000000000
24738000000000
25137000000000
25536000000000
25935000000000
26334000000000
26733000000000
27132000000000
27531000000000
27930000000000
28329000000000
28728000000000
29127000000000
29526000000000
29925000000000
30324000000000
30723000000000
31122000000000
31521000000000
31920000000000
32319000000000
32718000000000
33117000000000
33516000000000
33915000000000
34314000000000
34713000000000
35112000000000
35511000000000
35910000000000
36309000000000
36708000000000
37107000000000
37506000000000
37905000000000
38304000000000
38703000000000
39102000000000
39501000000000
39900000000000
40299000000000
40698000000000
41097000000000
41496000000000
41895000000000
42294000000000
42693000000000
43092000000000
43491000000000
43890000000000
44289000000000
44688000000000
45087000000000
45486000000000
45885000000000
46284000000000
46683000000000
47082000000000
47481000000000
47880000000000
48279000000000
48678000000000
49077000000000
49476000000000
49875000000000
50274000000000
50673000000000
51072000000000
51471000000000
51870000000000
52269000000000
52668000000000
53067000000000
53466000000000
53865000000000
54264000000000
54663000000000
55062000000000
55461000000000
55860000000000
56259000000000
56658000000000
57057000000000
57456000000000
57855000000000
58254000000000
58653000000000
59052000000000
59451000000000
59850000000000
60249000000000
60648000000000
61047000000000
61446000000000
61845000000000
62244000000000
62643000000000
63042000000000
63441000000000
63840000000000
64239000000000
64638000000000
65037000000000
65436000000000
65835000000000
66234000000000
66633000000000
67032000000000
67431000000000
67830000000000
68229000000000
68628000000000
69027000000000
69426000000000
69825000000000
70224000000000
70623000000000
71022000000000
71421000000000
71820000000000
72219000000000
72618000000000
73017000000000
73416000000000
73815000000000
74214000000000
74613000000000
75012000000000
75411000000000
75810000000000
76209000000000
76608000000000
77007000000000
77406000000000
77805000000000
78204000000000
78603000000000
79002000000000
79401000000000
79800000000000
79401000000000
79002000000000
78603000000000
78204000000000
77805000000000
77406000000000
77007000000000
76608000000000
76209000000000
75810000000000
75411000000000
75012000000000
74613000000000
74214000000000
73815000000000
73416000000000
73017000000000
72618000000000
72219000000000
71820000000000
71421000000000
71022000000000
70623000000000
70224000000000
69825000000000
69426000000000
69027000000000
68628000000000
68229000000000
67830000000000
67431000000000
67032000000000
66633000000000
66234000000000
65835000000000
65436000000000
65037000000000
64638000000000
64239000000000
63840000000000
63441000000000
63042000000000
62643000000000
62244000000000
61845000000000
61446000000000
61047000000000
60648000000000
60249000000000
59850000000000
59451000000000
59052000000000
58653000000000
58254000000000
57855000000000
57456000000000
57057000000000
56658000000000
56259000000000
55860000000000
55461000000000
55062000000000
54663000000000
54264000000000
53865000000000
53466000000000
53067000000000
52668000000000
52269000000000
51870000000000
51471000000000
51072000000000
50673000000000
50274000000000
49875000000000
49476000000000
49077000000000
48678000000000
48279000000000
47880000000000
47481000000000
47082000000000
46683000000000
46284000000000
45885000000000
45486000000000
45087000000000
44688000000000
44289000000000
43890000000000
43491000000000
43092000000000
42693000000000
42294000000000
41895000000000
41496000000000
41097000000000
40698000000000
40299000000000
39900000000000
39501000000000
39102000000000
38703000000000
38304000000000
37905000000000
37506000000000
37107000000000
36708000000000
36309000000000
35910000000000
35511000000000
35112000000000
34713000000000
34314000000000
33915000000000
33516000000000
33117000000000
32718000000000
32319000000000
31920000000000
31521000000000
31122000000000
30723000000000
30324000000000
29925000000000
29526000000000
29127000000000
28728000000000
28329000000000
27930000000000
27531000000000
27132000000000
26733000000000
26334000000000
25935000000000
25536000000000
25137000000000
24738000000000
24339000000000
23940000000000
23541000000000
23142000000000
22743000000000
22344000000000
21945000000000
21546000000000
21147000000000
20748000000000
20349000000000
19950000000000
19551000000000
19152000000000
18753000000000
18354000000000
17955000000000
17556000000000
17157000000000
16758000000000
16359000000000
15960000000000
15561000000000
15162000000000
14763000000000
14364000000000
13965000000000
13566000000000
13167000000000
12768000000000
12369000000000
11970000000000
11571000000000
11172000000000
10773000000000
10374000000000
9975000000000
9576000000000
9177000000000
8778000000000
8379000000000
7980000000000
7581000000000
7182000000000
6783000000000
6384000000000
5985000000000
5586000000000
5187000000000
4788000000000
4389000000000
3990000000000
3591000000000
3192000000000
2793000000000
2394000000000
1995000000000
1596000000000
1197000000000
798000000000
399000000000
