0
73550150
81314988
67306445
92715051
70597419
64401081
56045808
74249041
39326501
68732339
83455248
94552313
32271792
87777403
78930066
74692696
89317110
78653002
69956076
64583552
74525879
71598293
65704011
86161949
46182060
64543584
65503874
65537194
80500368
47629892
68278063
99782930
37148817
67933164
52520424
81926262
85195087
63778695
68721718
89369889
94085607
72657668
79901684
43206600
72773182
69420609
84870521
84792216
67486633
54951855
59375983
59521658
82533101
98122108
68463651
31177839
75478392
71100658
50342740
75670461
74930749
66575476
84778709
47326642
70504340
74297634
66681776
42801460
63449631
56400523
85222364
82614532
86653143
80347108
96402330
68145778
79598434
72715581
85280316
56711728
75073252
44371762
76066862
71366732
88539865
78807731
58478696
47678485
68326656
54693226
69478557
85878609
74048360
44584082
73989920
77603844
45704541
90431352
53736268
74384439
79950277
83355505
83910583
75213657
65481523
58494350
61567124
59581489
91419530
51439641
41707507
62355678
71672619
60872408
77715927
67887149
89742539
42406398
57856310
78504481
84827302
77211444
78331603
73979299
65093443
85085472
63498224
94653284
48464181
82853358
74678190
71688273
74761047
72775412
60209436
82389528
43490129
75549601
81896400
95770016
36435420
69008364
76358239
78856324
59638932
72612619
84470452
69158844
52584223
75761921
69274358
56234209
74038513
68707212
69667502
90479945
94838310
88850057
85604689
92575333
69024018
27679015
56684052
88743524
61969309
82617480
72885346
70790986
83724823
80638946
67005516
47370228
52936066
73584237
59950807
88955844
92749138
58016831
84508967
63519031
86696729
74027892
88652306
58993849
77963842
71676267
73861075
40872938
71893779
70739104
63751931
54019797
60258029
64872390
64827832
46965088
67613259
60564151
36484013
70168600
73144730
55839147
74671085
63113891
78749338
70885615
97144182
75810514
79236880
70351024
90986143
68755805
61896930
87200673
85087702
90576828
38208683
58856854
73451952
95632044
78021755
48747710
80481265
75773878
49677936
67632030
57899896
78548067
84113905
64896513
77870200
73632830
66016972
83947088
74048699
63745117
84557560
79296094
82910018
79682304
82205935
84390743
51402606
72050777
88326693
74281599
32936596
70787697
75402058
66873298
82495231
78142927
71093819
47013681
67661852
54028422
52627809
85200753
46846864
65208388
81415283
76939040
83810655
89766548
68776612
90276132
79285473
72426598
86300214
84899601
96728945
79118656
69386522
77151360
63142817
73322472
59277378
65515610
73437986
48796303
78161698
64568711
89077735
41741594
60040787
88399868
84162498
76546640
88122804
31842643
64428639
83995681
81068095
83783773
96840503
82188554
74013386
47991446
71169144
97235022
76336740
43466264
64114435
92793555
77402966
61990226
84417707
77762634
81031459
78191520
64558090
63157477
83805648
57376532
52676402
45036566
68609554
94340323
89204669
79306280
59143500
50788227
68991460
55358030
84363067
99982237
89648324
27014211
77308358
73672485
46369345
91096156
76045278
75049243
59325971
79974142
66340712
95746550
52271262
70570455
59286003
60246293
89251330
52104445
42372311
63020482
72337423
63982150
82185383
68551953
92718222
71011463
58521114
40208134
87937044
86866408
84376237
74644103
92237839
68400398
64163028
78948359
79534635
83518162
54053884
75087758
69826292
55174343
79023708
63206070
55566234
70220811
92825307
93380385
37100224
69673168
61317895
79521128
57403496
86535869
87446135
88406425
37543879
58192050
102492603
56899013
77356951
69372016
85578911
82660547
90503810
74340853
94464208
87801405
80806330
69815671
90463842
72968026
62634113
