0
-1
744475407208
-1
1488950814416
-1
2233426221624
-1
2977901628832
-1
3722377036040
-1
4466852443248
-1
5211327850456
-1
5955803257664
-1
6700278664872
-1
7444754072080
-1
8189229479288
-1
8933704886496
-1
9678180293704
-1
10422655700912
-1
11167131108120
-1
11911606515328
-1
12656081922536
-1
13400557329744
-1
14145032736952
-1
14889508144160
-1
15633983551368
-1
16378458958576
-1
17122934365784
-1
17867409772992
-1
18611885180200
-1
19356360587408
-1
20100835994616
-1
20845311401824
-1
21589786809032
-1
22334262216240
-1
23078737623448
-1
23823213030656
-1
24567688437864
-1
25312163845072
-1
26056639252280
-1
26801114659488
-1
27545590066696
-1
28290065473904
-1
29034540881112
-1
29779016288320
-1
30523491695528
-1
31267967102736
-1
32012442509944
-1
32756917917152
-1
33501393324360
-1
34245868731568
-1
34990344138776
-1
35734819545984
-1
36479294953192
-1
186118851802
-1
930594259010
-1
1675069666218
-1
2419545073426
-1
3164020480634
-1
3908495887842
-1
4652971295050
-1
5397446702258
-1
6141922109466
-1
6886397516674
-1
7630872923882
-1
8375348331090
-1
9119823738298
-1
9864299145506
-1
10608774552714
-1
11353249959922
-1
12097725367130
-1
12842200774338
-1
13586676181546
-1
14331151588754
-1
15075626995962
-1
15820102403170
-1
16564577810378
-1
17309053217586
-1
18053528624794
-1
18798004032002
-1
19542479439210
-1
20286954846418
-1
21031430253626
-1
21775905660834
-1
22520381068042
-1
23264856475250
-1
24009331882458
-1
24753807289666
-1
25498282696874
-1
26242758104082
-1
26987233511290
-1
27731708918498
-1
28476184325706
-1
29220659732914
-1
29965135140122
-1
30709610547330
-1
31454085954538
-1
32198561361746
-1
32943036768954
-1
33687512176162
-1
34431987583370
-1
35176462990578
-1
35920938397786
-1
36665413804994
-1
372237703604
-1
1116713110812
-1
1861188518020
-1
2605663925228
-1
3350139332436
-1
4094614739644
-1
4839090146852
-1
5583565554060
-1
6328040961268
-1
7072516368476
-1
7816991775684
-1
8561467182892
-1
9305942590100
-1
10050417997308
-1
10794893404516
-1
11539368811724
-1
12283844218932
-1
13028319626140
-1
13772795033348
-1
14517270440556
-1
15261745847764
-1
16006221254972
-1
16750696662180
-1
17495172069388
-1
18239647476596
-1
18984122883804
-1
19728598291012
-1
20473073698220
-1
21217549105428
-1
21962024512636
-1
22706499919844
-1
23450975327052
-1
24195450734260
-1
24939926141468
-1
25684401548676
-1
26428876955884
-1
27173352363092
-1
27917827770300
-1
28662303177508
-1
29406778584716
-1
30151253991924
-1
30895729399132
-1
31640204806340
-1
32384680213548
-1
33129155620756
-1
33873631027964
-1
34618106435172
-1
35362581842380
-1
36107057249588
-1
36851532656796
-1
558356555406
-1
1302831962614
-1
2047307369822
-1
2791782777030
-1
3536258184238
-1
4280733591446
-1
5025208998654
-1
5769684405862
-1
6514159813070
-1
7258635220278
-1
8003110627486
-1
8747586034694
-1
9492061441902
-1
10236536849110
-1
10981012256318
-1
11725487663526
-1
12469963070734
-1
13214438477942
-1
13958913885150
-1
14703389292358
-1
15447864699566
-1
16192340106774
-1
16936815513982
-1
17681290921190
-1
18425766328398
-1
19170241735606
-1
19914717142814
-1
20659192550022
-1
21403667957230
-1
22148143364438
-1
22892618771646
-1
23637094178854
-1
24381569586062
-1
25126044993270
-1
25870520400478
-1
26614995807686
-1
27359471214894
-1
28103946622102
-1
28848422029310
-1
29592897436518
-1
30337372843726
-1
31081848250934
-1
31826323658142
-1
32570799065350
-1
33315274472558
-1
34059749879766
-1
34804225286974
-1
35548700694182
-1
36293176101390
-1
