0
5444675
4875884
9187257
4871604
4302813
6699364
4298533
8609906
4294253
3725462
6122013
3721182
8032555
3716902
3148111
7376702
3143831
7455204
3139551
2570760
6799351
2566480
8011155
2562200
6873573
7438084
1989129
7433804
3816889
6296222
6860733
1411778
6856453
3239538
5718871
6283382
834427
6279102
4494227
5141520
5706031
257076
5701751
3916876
9361551
5128680
4559889
5124400
4555609
8866982
4551329
3982538
6379089
3978258
8289631
3973978
3405187
5801738
3400907
7712280
3396627
2827836
7056427
2823556
8268231
2819276
7130649
6479076
2246205
7690880
2241925
6553298
7117809
1668854
7113529
3496614
5975947
6540458
1091503
6536178
2919263
5398596
5963107
514152
5958827
4173952
9618627
5385756
4816965
5381476
3596601
9041276
4808405
4239614
4804125
4235334
8546707
4231054
3662263
6058814
3657983
7969356
3653703
3084912
5481463
3080632
8525307
3076352
7387725
6736152
2503281
7947956
2499001
6810374
6158801
1925930
7370605
1921650
6233023
6797534
1348579
6793254
3176339
5655672
6220183
771228
6215903
2598988
8043663
5642832
5074041
5638552
3853677
9298352
5065481
4496690
5061201
3276326
8721001
4488130
3919339
4483850
3915059
8226432
3910779
3341988
5738539
3337708
8782383
3333428
7644801
5161188
2760357
8205032
2756077
7067450
6415877
2183006
7627681
2178726
6490099
5838526
1605655
7050330
1601375
5912748
6477259
1028304
6472979
2856064
8300739
5899908
5331117
5895628
2278713
7723388
5322557
4753766
5318277
3533402
8978077
4745206
4176415
4740926
4172135
8400726
4167855
3599064
4163575
3594784
9039459
3590504
7901877
5418264
3017433
8462108
3013153
7324526
4840913
2440082
7884757
2435802
6747175
6095602
1862731
7307406
1858451
6169824
5518251
1285380
6730055
1281100
6725775
6156984
5588193
6152704
2535789
7980464
5579633
5010842
5575353
1958438
7403113
5002282
4433491
4998002
4429211
8657802
4424931
3856140
4420651
3851860
8080451
3847580
8158953
3843300
3274509
8719184
3270229
7581602
5097989
2697158
8141833
2692878
7004251
4520638
2119807
7564482
2115527
6426900
5775327
1542456
6987131
1538176
6982851
5197976
5845269
6409780
960825
6405500
5836709
5267918
5832429
2215514
7660189
5259358
4690567
5255078
1638163
7082838
4682007
4113216
4677727
4108936
8337527
4104656
8416029
4100376
3531585
7760176
3527305
7838678
3523025
2954234
8398909
2949954
7261327
4777714
2376883
7821558
2372603
6683976
4200363
1799532
7244207
1795252
7239927
5455052
6102345
6666856
1217901
6662576
4877701
5524994
6089505
640550
6085225
5516434
4947643
5512154
1895239
7339914
4939083
4370292
4934803
4366012
6762563
4361732
8673105
4357452
3788661
8017252
3784381
8095754
3780101
3211310
7439901
3207030
7518403
3202750
2633959
8078634
2629679
6941052
4457439
2056608
7501283
2052328
7497003
3880088
6359421
6923932
1474977
6919652
5134777
5782070
6346581
897626
6342301
4557426
5204719
5769230
320275
5764950
5196159
4627368
5191879
4623088
7019639
4618808
8930181
4614528
4045737
6442288
4041457
8352830
4037177
3468386
7696977
3464106
7775479
3459826
2891035
7119626
2886755
7198128
2882475
2313684
7758359
2309404
7754079
4137164
6616497
7181008
1732053
7176728
3559813
6039146
6603657
1154702
6599377
4814502
5461795
6026306
577351
6022026
4237151
4884444
5448955
