0
-1
134824601
-1
110020075
-1
85215549
-1
60411023
-1
35606497
-1
10801971
-1
145626572
-1
120822046
-1
96017520
-1
71212994
-1
46408468
-1
21603942
-1
156428543
-1
131624017
-1
106819491
-1
82014965
-1
57210439
-1
32405913
-1
7601387
-1
142425988
-1
117621462
-1
92816936
-1
68012410
-1
43207884
-1
18403358
-1
153227959
-1
128423433
-1
103618907
-1
78814381
-1
54009855
-1
29205329
-1
4400803
-1
139225404
-1
114420878
-1
89616352
-1
64811826
-1
40007300
-1
15202774
-1
150027375
-1
125222849
-1
100418323
-1
75613797
-1
50809271
-1
26004745
-1
1200219
-1
136024820
-1
111220294
-1
86415768
-1
61611242
-1
36806716
-1
12002190
-1
146826791
-1
122022265
-1
97217739
-1
72413213
-1
47608687
-1
22804161
-1
157628762
-1
132824236
-1
108019710
-1
83215184
-1
58410658
-1
33606132
-1
8801606
-1
143626207
-1
118821681
-1
94017155
-1
69212629
-1
44408103
-1
19603577
-1
154428178
-1
129623652
-1
104819126
-1
80014600
-1
55210074
-1
30405548
-1
5601022
-1
140425623
-1
115621097
-1
90816571
-1
66012045
-1
41207519
-1
16402993
-1
151227594
-1
126423068
-1
101618542
-1
76814016
-1
52009490
-1
27204964
-1
2400438
-1
137225039
-1
112420513
-1
87615987
-1
62811461
-1
38006935
-1
13202409
-1
148027010
-1
123222484
-1
98417958
-1
73613432
-1
48808906
-1
24004380
-1
158828981
-1
134024455
-1
109219929
-1
84415403
-1
59610877
-1
34806351
-1
10001825
-1
144826426
-1
120021900
-1
95217374
-1
70412848
-1
45608322
-1
20803796
-1
155628397
-1
130823871
-1
106019345
-1
81214819
-1
56410293
-1
31605767
-1
6801241
-1
141625842
-1
116821316
-1
92016790
-1
67212264
-1
42407738
-1
17603212
-1
152427813
-1
127623287
-1
102818761
-1
78014235
-1
53209709
-1
28405183
-1
3600657
-1
138425258
-1
113620732
-1
88816206
-1
64011680
-1
39207154
-1
14402628
-1
149227229
-1
124422703
-1
99618177
-1
74813651
-1
50009125
-1
25204599
-1
400073
-1
135224674
-1
110420148
-1
85615622
-1
60811096
-1
36006570
-1
11202044
-1
146026645
-1
121222119
-1
96417593
-1
71613067
-1
46808541
-1
22004015
-1
156828616
-1
132024090
-1
107219564
-1
82415038
-1
57610512
-1
32805986
-1
8001460
-1
142826061
-1
118021535
-1
93217009
-1
68412483
-1
43607957
-1
18803431
-1
153628032
-1
128823506
-1
104018980
-1
79214454
-1
54409928
-1
29605402
-1
4800876
-1
139625477
-1
114820951
-1
90016425
-1
65211899
-1
40407373
-1
15602847
-1
150427448
-1
125622922
-1
100818396
-1
76013870
-1
51209344
-1
26404818
-1
1600292
-1
136424893
-1
111620367
-1
86815841
-1
62011315
-1
37206789
-1
12402263
-1
147226864
-1
122422338
-1
97617812
-1
72813286
-1
48008760
-1
23204234
-1
158028835
-1
133224309
-1
108419783
-1
83615257
-1
58810731
-1
34006205
-1
9201679
-1
144026280
-1
119221754
-1
94417228
-1
69612702
-1
44808176
-1
20003650
-1
154828251
-1
130023725
-1
105219199
-1
80414673
-1
55610147
-1
30805621
-1
6001095
-1
140825696
-1
116021170
-1
91216644
-1
66412118
-1
41607592
-1
16803066
-1
151627667
-1
126823141
-1
102018615
-1
77214089
-1
52409563
-1
27605037
-1
2800511
-1
137625112
-1
112820586
-1
88016060
-1
63211534
-1
38407008
-1
13602482
-1
148427083
-1
123622557
-1
98818031
-1
74013505
-1
49208979
-1
24404453
-1
159229054
-1
134424528
-1
109620002
-1
84815476
-1
60010950
-1
35206424
-1
10401898
-1
145226499
-1
120421973
-1
95617447
-1
70812921
-1
46008395
-1
21203869
-1
156028470
-1
131223944
-1
106419418
-1
81614892
-1
56810366
-1
32005840
-1
7201314
-1
142025915
-1
117221389
-1
92416863
-1
67612337
-1
42807811
-1
18003285
-1
152827886
-1
128023360
-1
103218834
-1
78414308
-1
53609782
-1
28805256
-1
4000730
-1
138825331
-1
114020805
-1
89216279
-1
64411753
-1
39607227
-1
14802701
-1
149627302
-1
124822776
-1
100018250
-1
75213724
-1
50409198
-1
25604672
-1
800146
-1
135624747
-1
110820221
-1
86015695
-1
61211169
-1
36406643
-1
11602117
-1
146426718
-1
121622192
-1
96817666
-1
72013140
-1
47208614
-1
22404088
-1
157228689
-1
132424163
-1
107619637
-1
82815111
-1
58010585
-1
33206059
-1
8401533
-1
143226134
-1
118421608
-1
93617082
-1
68812556
-1
44008030
-1
19203504
-1
154028105
-1
129223579
-1
104419053
-1
79614527
-1
54810001
-1
30005475
-1
5200949
-1
140025550
-1
115221024
-1
90416498
-1
65611972
-1
40807446
-1
16002920
-1
150827521
-1
126022995
-1
101218469
-1
76413943
-1
51609417
-1
26804891
-1
2000365
-1
136824966
-1
112020440
-1
87215914
-1
62411388
-1
37606862
-1
12802336
-1
147626937
-1
122822411
-1
98017885
-1
73213359
-1
48408833
-1
23604307
-1
158428908
-1
133624382
-1
108819856
-1
84015330
-1
59210804
-1
34406278
-1
9601752
-1
144426353
-1
119621827
-1
94817301
-1
70012775
-1
45208249
-1
20403723
-1
155228324
-1
130423798
-1
105619272
-1
80814746
-1
56010220
-1
31205694
-1
6401168
-1
141225769
-1
116421243
-1
91616717
-1
66812191
-1
42007665
-1
17203139
-1
152027740
-1
127223214
-1
102418688
-1
77614162
-1
52809636
-1
28005110
-1
3200584
-1
138025185
-1
113220659
-1
88416133
-1
63611607
-1
38807081
-1
14002555
-1
148827156
-1
124022630
-1
99218104
-1
74413578
-1
49609052
-1
24804526
-1
