0
162801811120260
4039747174200
166841558294460
8079494348400
170881305468660
12119241522600
174921052642860
16158988696800
178960799817060
20198735871000
183000546991260
24238483045200
187040294165460
28278230219400
191080041339660
32317977393600
195119788513860
36357724567800
199159535688060
40397471742000
203199282862260
44437218916200
207239030036460
48476966090400
211278777210660
52516713264600
215318524384860
56556460438800
219358271559060
60596207613000
223398018733260
64635954787200
227437765907460
68675701961400
231477513081660
72715449135600
235517260255860
76755196309800
239557007430060
80794943484000
243596754604260
84834690658200
247636501778460
88874437832400
251676248952660
92914185006600
255715996126860
96953932180800
259755743301060
100993679355000
263795490475260
105033426529200
267835237649460
109073173703400
271874984823660
113112920877600
275914731997860
117152668051800
279954479172060
121192415226000
283994226346260
125232162400200
288033973520460
129271909574400
292073720694660
133311656748600
296113467868860
137351403922800
300153215043060
141391151097000
304192962217260
145430898271200
308232709391460
149470645445400
312272456565660
153510392619600
316312203739860
157550139793800
320351950914060
161589886968000
2827823021940
165629634142200
6867570196140
169669381316400
10907317370340
173709128490600
14947064544540
177748875664800
18986811718740
181788622839000
23026558892940
185828370013200
27066306067140
189868117187400
31106053241340
193907864361600
35145800415540
197947611535800
39185547589740
201987358710000
43225294763940
206027105884200
47265041938140
210066853058400
51304789112340
214106600232600
55344536286540
218146347406800
59384283460740
222186094581000
63424030634940
226225841755200
67463777809140
230265588929400
71503524983340
234305336103600
75543272157540
238345083277800
79583019331740
242384830452000
83622766505940
246424577626200
87662513680140
250464324800400
91702260854340
254504071974600
95742008028540
258543819148800
99781755202740
262583566323000
103821502376940
266623313497200
107861249551140
270663060671400
111900996725340
274702807845600
115940743899540
278742555019800
119980491073740
282782302194000
124020238247940
286822049368200
128059985422140
290861796542400
132099732596340
294901543716600
136139479770540
298941290890800
140179226944740
302981038065000
144218974118940
307020785239200
148258721293140
311060532413400
152298468467340
315100279587600
156338215641540
319140026761800
160377962815740
1615898869680
164417709989940
5655646043880
168457457164140
9695393218080
172497204338340
13735140392280
176536951512540
17774887566480
180576698686740
21814634740680
184616445860940
25854381914880
188656193035140
29894129089080
192695940209340
33933876263280
196735687383540
37973623437480
200775434557740
42013370611680
204815181731940
46053117785880
208854928906140
50092864960080
212894676080340
54132612134280
216934423254540
58172359308480
220974170428740
62212106482680
225013917602940
66251853656880
229053664777140
70291600831080
233093411951340
74331348005280
237133159125540
78371095179480
241172906299740
82410842353680
245212653473940
86450589527880
249252400648140
90490336702080
253292147822340
94530083876280
257331894996540
98569831050480
261371642170740
102609578224680
265411389344940
106649325398880
269451136519140
110689072573080
273490883693340
114728819747280
277530630867540
118768566921480
281570378041740
122808314095680
285610125215940
126848061269880
289649872390140
130887808444080
293689619564340
134927555618280
297729366738540
138967302792480
301769113912740
143007049966680
305808861086940
147046797140880
309848608261140
151086544315080
313888355435340
155126291489280
317928102609540
159166038663480
403974717420
163205785837680
4443721891620
167245533011880
8483469065820
171285280186080
12523216240020
175325027360280
16562963414220
179364774534480
20602710588420
183404521708680
24642457762620
187444268882880
28682204936820
191484016057080
32721952111020
195523763231280
36761699285220
199563510405480
40801446459420
203603257579680
44841193633620
207643004753880
48880940807820
211682751928080
52920687982020
215722499102280
56960435156220
219762246276480
61000182330420
223801993450680
65039929504620
227841740624880
69079676678820
231881487799080
73119423853020
235921234973280
77159171027220
239960982147480
81198918201420
244000729321680
85238665375620
248040476495880
89278412549820
252080223670080
93318159724020
256119970844280
97357906898220
260159718018480
101397654072420
264199465192680
105437401246620
268239212366880
109477148420820
272278959541080
113516895595020
276318706715280
117556642769220
280358453889480
121596389943420
284398201063680
125636137117620
288437948237880
129675884291820
292477695412080
133715631466020
296517442586280
137755378640220
300557189760480
141795125814420
304596936934680
145834872988620
308636684108880
149874620162820
312676431283080
153914367337020
316716178457280
157954114511220
320755925631480
161993861685420
3231797739360
166033608859620
7271544913560
170073356033820
11311292087760
174113103208020
15351039261960
178152850382220
19390786436160
182192597556420
23430533610360
186232344730620
27470280784560
190272091904820
31510027958760
194311839079020
35549775132960
198351586253220
39589522307160
202391333427420
43629269481360
206431080601620
47669016655560
210470827775820
51708763829760
214510574950020
55748511003960
218550322124220
59788258178160
222590069298420
63828005352360
226629816472620
67867752526560
230669563646820
71907499700760
234709310821020
75947246874960
238749057995220
79986994049160
242788805169420
84026741223360
246828552343620
88066488397560
250868299517820
92106235571760
254908046692020
96145982745960
258947793866220
100185729920160
262987541040420
104225477094360
267027288214620
108265224268560
271067035388820
112304971442760
275106782563020
116344718616960
279146529737220
120384465791160
283186276911420
124424212965360
287226024085620
128463960139560
291265771259820
132503707313760
295305518434020
136543454487960
299345265608220
140583201662160
303385012782420
144622948836360
307424759956620
148662696010560
311464507130820
152702443184760
315504254305020
156742190358960
319544001479220
160781937533160
2019873587100
164821684707360
6059620761300
168861431881560
10099367935500
172901179055760
14139115109700
176940926229960
18178862283900
180980673404160
22218609458100
185020420578360
26258356632300
189060167752560
30298103806500
193099914926760
34337850980700
197139662100960
38377598154900
201179409275160
42417345329100
205219156449360
46457092503300
209258903623560
50496839677500
213298650797760
54536586851700
217338397971960
58576334025900
221378145146160
62616081200100
225417892320360
66655828374300
229457639494560
70695575548500
233497386668760
74735322722700
237537133842960
78775069896900
241576881017160
82814817071100
245616628191360
86854564245300
249656375365560
90894311419500
253696122539760
94934058593700
257735869713960
98973805767900
261775616888160
103013552942100
265815364062360
107053300116300
269855111236560
111093047290500
273894858410760
115132794464700
277934605584960
119172541638900
281974352759160
123212288813100
286014099933360
127252035987300
290053847107560
131291783161500
294093594281760
135331530335700
298133341455960
139371277509900
302173088630160
143411024684100
306212835804360
147450771858300
310252582978560
151490519032500
314292330152760
155530266206700
318332077326960
159570013380900
807949434840
163609760555100
4847696609040
167649507729300
8887443783240
171689254903500
12927190957440
175729002077700
16966938131640
179768749251900
21006685305840
183808496426100
25046432480040
187848243600300
29086179654240
191887990774500
33125926828440
195927737948700
37165674002640
199967485122900
41205421176840
204007232297100
45245168351040
208046979471300
49284915525240
212086726645500
53324662699440
216126473819700
57364409873640
220166220993900
61404157047840
224205968168100
65443904222040
228245715342300
69483651396240
232285462516500
73523398570440
236325209690700
77563145744640
240364956864900
81602892918840
244404704039100
85642640093040
248444451213300
89682387267240
252484198387500
93722134441440
256523945561700
97761881615640
260563692735900
101801628789840
264603439910100
105841375964040
268643187084300
109881123138240
272682934258500
113920870312440
276722681432700
117960617486640
280762428606900
122000364660840
284802175781100
126040111835040
288841922955300
130079859009240
292881670129500
134119606183440
296921417303700
138159353357640
300961164477900
142199100531840
305000911652100
146238847706040
309040658826300
150278594880240
313080406000500
154318342054440
317120153174700
158358089228640
321159900348900
162397836402840
3635772456780
166437583577040
7675519630980
170477330751240
11715266805180
174517077925440
15755013979380
178556825099640
19794761153580
182596572273840
23834508327780
186636319448040
27874255501980
190676066622240
31914002676180
194715813796440
35953749850380
198755560970640
39993497024580
202795308144840
44033244198780
206835055319040
48072991372980
210874802493240
52112738547180
214914549667440
56152485721380
218954296841640
60192232895580
222994044015840
64231980069780
227033791190040
68271727243980
231073538364240
72311474418180
235113285538440
76351221592380
239153032712640
80390968766580
243192779886840
84430715940780
247232527061040
88470463114980
251272274235240
92510210289180
255312021409440
96549957463380
259351768583640
100589704637580
263391515757840
104629451811780
267431262932040
108669198985980
271471010106240
112708946160180
275510757280440
116748693334380
279550504454640
120788440508580
283590251628840
124828187682780
287629998803040
128867934856980
291669745977240
132907682031180
295709493151440
136947429205380
299749240325640
140987176379580
303788987499840
145026923553780
307828734674040
149066670727980
311868481848240
153106417902180
315908229022440
157146165076380
319947976196640
161185912250580
2423848304520
165225659424780
6463595478720
169265406598980
10503342652920
173305153773180
14543089827120
177344900947380
18582837001320
181384648121580
22622584175520
185424395295780
26662331349720
189464142469980
30702078523920
193503889644180
34741825698120
197543636818380
38781572872320
201583383992580
42821320046520
205623131166780
46861067220720
209662878340980
50900814394920
213702625515180
54940561569120
217742372689380
58980308743320
221782119863580
63020055917520
225821867037780
67059803091720
229861614211980
71099550265920
233901361386180
75139297440120
237941108560380
79179044614320
241980855734580
83218791788520
246020602908780
87258538962720
250060350082980
91298286136920
254100097257180
95338033311120
258139844431380
99377780485320
262179591605580
103417527659520
266219338779780
107457274833720
270259085953980
111497022007920
274298833128180
115536769182120
278338580302380
119576516356320
282378327476580
123616263530520
286418074650780
127656010704720
290457821824980
131695757878920
294497568999180
135735505053120
298537316173380
139775252227320
302577063347580
143814999401520
306616810521780
147854746575720
310656557695980
151894493749920
314696304870180
155934240924120
318736052044380
159973988098320
1211924152260
164013735272520
5251671326460
168053482446720
9291418500660
172093229620920
13331165674860
176132976795120
17370912849060
180172723969320
21410660023260
184212471143520
25450407197460
188252218317720
29490154371660
192291965491920
33529901545860
196331712666120
37569648720060
200371459840320
41609395894260
204411207014520
45649143068460
208450954188720
49688890242660
212490701362920
53728637416860
216530448537120
57768384591060
220570195711320
61808131765260
224609942885520
65847878939460
228649690059720
69887626113660
232689437233920
73927373287860
236729184408120
77967120462060
240768931582320
82006867636260
244808678756520
86046614810460
248848425930720
90086361984660
252888173104920
94126109158860
256927920279120
98165856333060
260967667453320
102205603507260
265007414627520
106245350681460
269047161801720
110285097855660
273086908975920
114324845029860
277126656150120
118364592204060
281166403324320
122404339378260
285206150498520
126444086552460
289245897672720
130483833726660
293285644846920
134523580900860
297325392021120
138563328075060
301365139195320
142603075249260
305404886369520
146642822423460
309444633543720
150682569597660
313484380717920
154722316771860
317524127892120
158762063946060
