0
719897484
715122288
711210400
711173914
712431899
723360135
716633735
713480982
699791174
725508696
726314122
721133386
717998754
712498612
710432445
708799653
718352281
729958024
710342704
723812102
720659349
706969541
730322783
715671409
715624493
713195900
719676979
717610812
702861207
697279270
718334963
711554594
733526857
728294816
720642031
702370217
719281403
722802860
720374267
725159803
714756797
710039574
704457637
715563255
712420724
718227190
714310035
717609993
709548584
726459770
690940869
711929734
722749056
721935164
713164787
714172392
720928852
719599091
718715643
721488402
719944608
714362671
688566608
698119236
719108101
722724685
727600266
720249176
721350759
728107219
708491899
719311221
725388239
716889078
721541038
695744975
706850593
698101918
728598151
734693394
723129736
730141202
708024270
696460612
721664678
731037658
724067445
704452125
705459730
714028960
705280285
706149532
697994145
718983010
705650009
704968740
703638979
711240479
721890264
702516011
711630492
712638097
723947917
714011642
713327899
705172512
721663426
712828376
712147107
692531787
718418846
723700562
709694378
710739367
715763310
712620779
721190009
726534903
713310581
705155194
728489098
723388439
699710154
723232933
697436870
708365106
717917734
722941677
719799146
709871671
727424853
696945880
712333561
728290397
719959268
720893625
709653318
704615237
715543473
718293755
717900416
707497410
717050038
723071564
704124247
719123190
715980659
707050648
710350606
716831685
707740450
699585063
717122461
715489669
714675777
717792643
714520271
713839002
724488787
719941204
714229015
717528973
715391414
714918817
706763430
723620685
719080855
720340879
724971010
711464741
721017369
716924947
712051834
703999156
723899542
722569781
714358902
710319493
710410528
726259222
727434007
715870349
718643108
699027788
711552330
719230201
711177523
717235368
711462589
721537269
717403882
717588895
698890145
705646605
716465927
722542945
706206155
718730697
703981092
720892278
695256624
718640956
732737636
716367672
719204369
706068512
712824972
723644294
729721312
727394155
701606831
711159459
716441175
702434991
713540609
724359931
723546039
726382736
721532122
706051194
728053942
728137358
716846607
708785198
715973546
690177483
711166348
720718976
728200532
720822528
718515865
720165466
689686493
726437205
720855268
712699881
713634238
712918016
697355850
718344715
711034368
710465287
702309900
724740611
727343833
696864860
718547835
723275553
719878248
720812605
720096383
700481063
697338532
718212735
717643654
709488267
720593885
707260884
706579615
720901292
728585398
723501139
704126886
715055122
707659430
704516899
712118399
712142606
719203022
720811786
704205354
713757982
710477093
704895156
696739769
711305253
722233489
722911894
717463457
714187426
719320973
726381389
720547345
711383721
691768401
713740664
712073523
703918136
709975981
720056355
718299882
724641824
721365793
715955466
698556755
709206540
723390829
698946768
720919031
711264193
713632891
717154348
727234722
725478249
709108285
722108398
696182494
705735122
716384907
727490525
728748510
708617295
718442560
720811258
716107785
713704035
717100544
716286652
729286765
703360861
719407612
705717804
734668892
709587220
715795662
715398191
714716922
716359075
714726283
720941145
719411865
716269334
713075616
723725401
712896171
713595881
705610031
716259816
719122530
721895289
711930368
718686828
703205900
725208648
717481224
720253983
715478787
711288448
717826479
712788398
723438183
726300897
717977234
715224424
725865195
710384267
707257480
718076802
712855111
710788944
718466815
720383870
730314523
696867499
732671466
725155601
722848938
704859012
704883219
714435847
713552399
720033478
717967311
703217706
697635769
694493238
704045866
722574297
728651315
728371849
712037379
712061586
722880908
714418529
725237851
715113296
710396073
704814136
701671605
709273105
723596545
729743285
717966492
716851466
721776341
691297368
721596896
722466143
714310756
721942413
714528891
711386360
716451472
727557090
712076162
703920775
724029833
688923107
698475735
711912288
726696741
721489123
720605675
721707258
718564727
708848398
713110172
719254529
711099142
727055978
696101474
718073737
698458417
733875108
729627192
721471805
708138804
707457535
716026765
720288539
713753481
716326381
724863100
705816229
725019768
705636784
706506031
698350644
714291736
715317171
714635902
711355013
715798301
720931848
702872510
732041467
712994596
723814021
712552897
711871628
705529011
721470103
721667230
716566571
713424040
722976668
724057061
710050877
710817415
725001704
712977278
716277236
713124483
699434675
705511693
728845597
723744938
720602407
722666198
697793369
708443154
717995782
729901030
717429630
710228170
720302850
706613042
712690060
715314910
720315767
726267509
710009817
704971736
715621521
722851577
717978464
707853909
717406537
723428063
715344399
702013718
716337158
727494134
710707105
717188184
716518076
704954418
717478960
715206756
715032276
717870691
713953536
722522766
709192085
720297703
704816775
711573235
722392557
723696443
712132785
724657327
719437354
720697378
718359144
721131903
719588109
714006172
712408333
711995142
718751602
722368186
714715401
712399819
721803312
726615721
722367805
719233173
725031740
714461038
721184539
719586700
706494094
709066994
728241652
721893768
717760381
728981679
699246644
696104113
716822426
732210107
723710946
704095626
718880079
713672461
695613123
727350979
723925631
716724171
705293510
704612241
703282480
710883980
721812216
727750654
711273993
726058446
716797674
702791490
719461609
728940619
723902538
712471877
711790608
692175288
718062347
728990583
717203106
720443497
715406811
690533982
712506245
726639976
728557031
721179027
720497758
720521965
699353655
722876434
714721047
713056380
723875702
722585178
697712349
719684612
730196039
696589381
702666399
727676125
727700332
708085012
718904334
711665517
720234747
717937256
726473975
709258689
697695031
736481984
703767748
709844766
715902611
706694149
715263379
726082701
707383951
699228564
704483385
715133170
716437056
704873398
712474898
712499105
719559521
723080978
713872516
718177446
715034915
713672782
702109124
711661752
722311537
733417155
717819956
711108242
719677472
726737888
711973786
703642657
723543043
722213282
720851149
709287491
710054029
724238318
718656381
715513850
718286609
698671289
711195831
709563039
710821024
721926642
711106090
711620692
717141361
717232396
730425235
716666244
709464784
722186446
705849656
718374198
703624593
720535779
725504123
712317980
718799059
721990401
720357609
714060534
723753109
716643151
729364813
727046395
701250332
710802960
727714146
709943719
713184110
715754690
715073421
716715574
721175623
721297644
722308253
716625833
725714692
708428699
715617047
713952380
710809849
716616315
719479029
722251788
718159366
723414187
689329994
725565147
723804200
728500927
713277739
711644947
721130747
717988216
710677869
726657396
718333733
717652464
730592554
696508361
707613979
718433301
729361537
720456106
718823314
700124564
722127312
697223998
733573509
725512100
720237386
705215511
705239718
714792346
725611668
723423091
717602091
730126633
706413395
694849737
704402365
722930796
730361140
720455287
703848855
712418085
710120594
704538657
696383270
718813981
722426812
713591762
702028104
709629604
730109163
729821688
727633654
711027222
691411902
713384165
711717024
703561637
714667255
719699856
729733762
711742859
716807971
731806914
698200256
704277274
723034330
698590269
720424174
712268787
713276392
721845622
725975030
730476367
718921226
721622058
695825995
705378623
711455641
727134026
727593860
708260796
719447154
720454759
715751286
721828304
708495303
707814034
728800425
703004362
714109980
705361305
725219599
733428945
715439163
721211274
715283657
703719999
714369784
715673670
714992401
711711512
712719117
721288347
712539672
729919092
705253532
716181768
712909396
712228127
710898366
718330329
729149651
720267256
