0
163342487279130
31709828230260
195052315509390
63419656460520
226762143739650
95129484690780
258471971969910
126839312921040
290181800200170
158549141151300
26916482102430
190258969381560
58626310332690
221968797611820
90336138562950
253678625842080
122045966793210
285388454072340
153755795023470
22123135974600
185465623253730
53832964204860
217175451483990
85542792435120
248885279714250
117252620665380
280595107944510
148962448895640
17329789846770
180672277125900
49039618077030
212382105356160
80749446307290
244091933586420
112459274537550
275801761816680
144169102767810
12536443718940
175878930998070
44246271949200
207588759228330
75956100179460
239298587458590
107665928409720
271008415688850
139375756639980
7743097591110
171085584870240
39452925821370
202795413100500
71162754051630
234505241330760
102872582281890
266215069561020
134582410512150
2949751463280
166292238742410
34659579693540
198002066972670
66369407923800
229711895202930
98079236154060
261421723433190
129789064384320
293131551663450
161498892614580
29866233565710
193208720844840
61576061795970
224918549075100
93285890026230
256628377305360
124995718256490
288338205535620
156705546486750
25072887437880
188415374717010
56782715668140
220125202947270
88492543898400
251835031177530
120202372128660
283544859407790
151912200358920
20279541310050
183622028589180
51989369540310
215331856819440
83699197770570
247041685049700
115409026000830
278751513279960
147118854231090
15486195182220
178828682461350
47196023412480
210538510691610
78905851642740
242248338921870
110615679873000
273958167152130
142325508103260
10692849054390
174035336333520
42402677284650
205745164563780
74112505514910
237454992794040
105822333745170
269164821024300
137532161975430
5899502926560
169241990205690
37609331156820
200951818435950
69319159387080
232661646666210
101028987617340
264371474896470
132738815847600
1106156798730
164448644077860
32815985028990
196158472308120
64525813259250
227868300538380
96235641489510
259578128768640
127945469719770
291287956998900
159655297950030
28022638901160
191365126180290
59732467131420
223074954410550
91442295361680
254784782640810
123152123591940
286494610871070
154861951822200
23229292773330
186571780052460
54939121003590
218281608282720
86648949233850
249991436512980
118358777464110
281701264743240
150068605694370
18435946645500
181778433924630
50145774875760
213488262154890
81855603106020
245198090385150
113565431336280
276907918615410
145275259566540
13642600517670
176985087796800
45352428747930
208694916027060
77062256978190
240404744257320
108772085208450
272114572487580
140481913438710
8849254389840
172191741668970
40559082620100
203901569899230
72268910850360
235611398129490
103978739080620
267321226359750
135688567310880
4055908262010
167398395541140
35765736492270
199108223771400
67475564722530
230818052001660
99185392952790
262527880231920
130895221183050
294237708462180
162605049413310
30972390364440
194314877643570
62682218594700
226024705873830
94392046824960
257734534104090
126101875055220
289444362334350
157811703285480
26179044236610
189521531515740
57888872466870
221231359746000
89598700697130
252941187976260
121308528927390
284651016206520
153018357157650
21385698108780
184728185387910
53095526339040
216438013618170
84805354569300
248147841848430
116515182799560
279857670078690
148225011029820
16592351980950
179934839260080
48302180211210
211644667490340
80012008441470
243354495720600
111721836671730
275064323950860
143431664901990
11799005853120
175141493132250
43508834083380
206851321362510
75218662313640
238561149592770
106928490543900
270270977823030
138638318774160
7005659725290
170348147004420
38715487955550
202057975234680
70425316185810
233767803464940
102135144416070
265477631695200
133844972646330
2212313597460
165554800876590
33922141827720
197264629106850
65631970057980
228974457337110
97341798288240
260684285567370
129051626518500
292394113797630
160761454748760
29128795699890
192471282979020
60838623930150
224181111209280
92548452160410
255890939439540
124258280390670
287600767669800
155968108620930
24335449572060
187677936851190
56045277802320
219387765081450
87755106032580
251097593311710
119464934262840
282807421541970
151174762493100
19542103444230
182884590723360
51251931674490
214594418953620
82961759904750
246304247183880
114671588135010
278014075414140
146381416365270
14748757316400
178091244595530
46458585546660
209801072825790
78168413776920
241510901056050
109878242007180
273220729286310
141588070237440
9955411188570
173297898467700
41665239418830
205007726697960
73375067649090
236717554928220
105084895879350
268427383158480
136794724109610
5162065060740
168504552339870
36871893291000
200214380570130
68581721521260
231924208800390
100291549751520
263634037030650
132001377981780
368718932910
163711206212040
32078547163170
195421034442300
63788375393430
227130862672560
95498203623690
258840690902820
127208031853950
290550519133080
158917860084210
27285201035340
190627688314470
58995029265600
222337516544730
90704857495860
254047344774990
122414685726120
285757173005250
154124513956380
22491854907510
185834342186640
54201683137770
217544170416900
85911511368030
249253998647160
117621339598290
280963826877420
149331167828550
17698508779680
181040996058810
49408337009940
212750824289070
81118165240200
244460652519330
112827993470460
276170480749590
144537821700720
12905162651850
176247649930980
44614990882110
207957478161240
76324819112370
239667306391500
108034647342630
271377134621760
139744475572890
8111816524020
171454303803150
39821644754280
203164132033410
71531472984540
234873960263670
103241301214800
266583788493930
134951129445060
3318470396190
166660957675320
35028298626450
198370785905580
66738126856710
230080614135840
98447955086970
261790442366100
130157783317230
293500270596360
161867611547490
30234952498620
193577439777750
61944780728880
225287268008010
93654608959140
256997096238270
125364437189400
288706924468530
157074265419660
25441606370790
188784093649920
57151434601050
220493921880180
88861262831310
252203750110440
120571091061570
283913578340700
152280919291830
20648260242960
183990747522090
52358088473220
215700575752350
84067916703480
247410403982610
115777744933740
279120232212870
147487573164000
15854914115130
179197401394260
47564742345390
210907229624520
79274570575650
242617057854780
110984398805910
274326886085040
142694227036170
11061567987300
174404055266430
42771396217560
206113883496690
74481224447820
237823711726950
106191052678080
269533539957210
137900880908340
6268221859470
169610709138600
37978050089730
201320537368860
69687878319990
233030365599120
101397706550250
264740193829380
133107534780510
1474875731640
164817363010770
33184703961900
196527191241030
64894532192160
228237019471290
96604360422420
259946847701550
128314188652680
291656675931810
160024016882940
28391357834070
191733845113200
60101186064330
223443673343460
91811014294590
255153501573720
123520842524850
286863329803980
155230670755110
23598011706240
186940498985370
55307839936500
218650327215630
87017668166760
250360155445890
118727496397020
282069983676150
150437324627280
18804665578410
182147152857540
50514493808670
213856981087800
82224322038930
245566809318060
113934150269190
277276637548320
145643978499450
14011319450580
177353806729710
45721147680840
209063634959970
77430975911100
240773463190230
109140804141360
272483291420490
140850632371620
9217973322750
172560460601880
40927801553010
204270288832140
72637629783270
235980117062400
104347458013530
267689945292660
136057286243790
4424627194920
167767114474050
36134455425180
199476942704310
67844283655440
231186770934570
99554111885700
262896599164830
131263940115960
294606427395090
162973768346220
31341109297350
194683596576480
63050937527610
226393424806740
94760765757870
258103253037000
126470593988130
289813081267260
158180422218390
26547763169520
189890250448650
58257591399780
221600078678910
89967419630040
253309906909170
121677247860300
285019735139430
153387076090560
21754417041690
185096904320820
53464245271950
216806732551080
85174073502210
248516560781340
116883901732470
280226389011600
148593729962730
16961070913860
180303558192990
48670899144120
212013386423250
80380727374380
243723214653510
112090555604640
275433042883770
143800383834900
12167724786030
175510212065160
43877553016290
207220040295420
75587381246550
238929868525680
107297209476810
270639696755940
139007037707070
7374378658200
170716865937330
39084206888460
202426694167590
70794035118720
234136522397850
102503863348980
265846350628110
134213691579240
2581032530370
165923519809500
34290860760630
197633348039760
66000688990890
229343176270020
97710517221150
261053004500280
129420345451410
292762832730540
161130173681670
29497514632800
192840001911930
61207342863060
224549830142190
92917171093320
256259658372450
124626999323580
287969486602710
156336827553840
24704168504970
188046655784100
56413996735230
219756484014360
88123824965490
251466312244620
119833653195750
283176140474880
151543481426010
19910822377140
183253309656270
51620650607400
214963137886530
83330478837660
246672966116790
115040307067920
278382794347050
146750135298180
15117476249310
178459963528440
46827304479570
210169791758700
78537132709830
241879619988960
110246960940090
273589448219220
141956789170350
10324130121480
173666617400610
42033958351740
205376445630870
73743786582000
237086273861130
105453614812260
268796102091390
137163443042520
5530783993650
168873271272780
37240612223910
200583099503040
68950440454170
232292927733300
100660268684430
264002755963560
132370096914690
737437865820
164079925144950
32447266096080
195789753375210
64157094326340
227499581605470
95866922556600
259209409835730
127576750786860
290919238065990
159286579017120
27653919968250
190996407247380
59363748198510
222706235477640
91073576428770
254416063707900
122783404659030
286125891938160
154493232889290
22860573840420
186203061119550
54570402070680
217912889349810
86280230300940
249622717580070
117990058531200
281332545810330
149699886761460
18067227712590
181409714991720
49777055942850
213119543221980
81486884173110
244829371452240
113196712403370
276539199682500
144906540633630
13273881584760
176616368863890
44983709815020
208326197094150
76693538045280
240036025324410
108403366275540
271745853554670
140113194505800
8480535456930
171823022736060
40190363687190
203532850966320
71900191917450
235242679196580
103610020147710
266952507426840
135319848377970
3687189329100
167029676608230
35397017559360
198739504838490
67106845789620
230449333068750
98816674019880
262159161299010
130526502250140
293868989529270
162236330480400
30603671431530
193946158710660
62313499661790
225655986940920
94023327892050
257365815171180
125733156122310
289075643401440
157442984352570
25810325303700
189152812582830
57520153533960
220862640813090
89229981764220
252572469043350
120939809994480
284282297273610
152649638224740
21016979175870
184359466455000
52726807406130
216069294685260
84436635636390
247779122915520
116146463866650
279488951145780
147856292096910
16223633048040
179566120327170
47933461278300
211275948557430
79643289508560
242985776787690
111353117738820
274695605017950
143062945969080
11430286920210
174772774199340
43140115150470
206482602429600
74849943380730
238192430659860
106559771610990
269902258890120
138269599841250
6636940792380
169979428071510
38346769022640
201689256301770
70056597252900
233399084532030
101766425483160
265108912762290
133476253713420
1843594664550
165186081943680
33553422894810
196895910173940
65263251125070
228605738404200
96973079355330
260315566634460
128682907585590
292025394864720
160392735815850
28760076766980
192102564046110
60469904997240
223812392276370
92179733227500
255522220506630
123889561457760
287232048736890
155599389688020
23966730639150
187309217918280
55676558869410
219019046148540
87386387099670
250728874378800
119096215329930
282438702609060
150806043560190
19173384511320
182515871790450
50883212741580
214225700020710
82593040971840
245935528250970
114302869202100
277645356481230
146012697432360
14380038383490
177722525662620
46089866613750
209432353892880
77799694844010
241142182123140
109509523074270
272852010353400
141219351304530
9586692255660
172929179534790
41296520485920
204639007765050
73006348716180
236348835995310
104716176946440
268058664225570
136426005176700
4793346127830
168135833406960
36503174358090
199845661637220
68213002588350
231555489867480
99922830818610
263265318097740
131632659048870
