0
-1
355914
-1
711828
-1
1067742
-1
1423656
-1
1779570
-1
2135484
-1
2491398
-1
2847312
-1
3203226
-1
3559140
-1
3915054
-1
4270968
-1
4626882
-1
4982796
-1
5338710
-1
5694624
-1
6050538
-1
6406452
-1
6762366
-1
7118280
-1
7474194
-1
7830108
-1
8186022
-1
8541936
-1
8897850
-1
9253764
-1
9609678
-1
9965592
-1
10321506
-1
10677420
-1
11033334
-1
11389248
-1
11745162
-1
12101076
-1
12456990
-1
12812904
-1
13168818
-1
13524732
-1
13880646
-1
14236560
-1
14592474
-1
14948388
-1
15304302
-1
15660216
-1
276822
-1
632736
-1
988650
-1
1344564
-1
1700478
-1
2056392
-1
2412306
-1
2768220
-1
3124134
-1
3480048
-1
3835962
-1
4191876
-1
4547790
-1
4903704
-1
5259618
-1
5615532
-1
5971446
-1
6327360
-1
6683274
-1
7039188
-1
7395102
-1
7751016
-1
8106930
-1
8462844
-1
8818758
-1
9174672
-1
9530586
-1
9886500
-1
10242414
-1
10598328
-1
10954242
-1
11310156
-1
11666070
-1
12021984
-1
12377898
-1
12733812
-1
13089726
-1
13445640
-1
13801554
-1
14157468
-1
14513382
-1
14869296
-1
15225210
-1
15581124
-1
197730
-1
553644
-1
909558
-1
1265472
-1
1621386
-1
1977300
-1
2333214
-1
2689128
-1
3045042
-1
3400956
-1
3756870
-1
4112784
-1
4468698
-1
4824612
-1
5180526
-1
5536440
-1
5892354
-1
6248268
-1
6604182
-1
6960096
-1
7316010
-1
7671924
-1
8027838
-1
8383752
-1
8739666
-1
9095580
-1
9451494
-1
9807408
-1
10163322
-1
10519236
-1
10875150
-1
11231064
-1
11586978
-1
11942892
-1
12298806
-1
12654720
-1
13010634
-1
13366548
-1
13722462
-1
14078376
-1
14434290
-1
14790204
-1
15146118
-1
15502032
-1
118638
-1
474552
-1
830466
-1
1186380
-1
1542294
-1
1898208
-1
2254122
-1
2610036
-1
2965950
-1
3321864
-1
3677778
-1
4033692
-1
4389606
-1
4745520
-1
5101434
-1
5457348
-1
5813262
-1
6169176
-1
6525090
-1
6881004
-1
7236918
-1
7592832
-1
7948746
-1
8304660
-1
8660574
-1
9016488
-1
9372402
-1
9728316
-1
10084230
-1
10440144
-1
10796058
-1
11151972
-1
11507886
-1
11863800
-1
12219714
-1
12575628
-1
12931542
-1
13287456
-1
13643370
-1
13999284
-1
14355198
-1
14711112
-1
15067026
-1
15422940
-1
39546
-1
395460
-1
751374
-1
1107288
-1
1463202
-1
1819116
-1
2175030
-1
2530944
-1
2886858
-1
3242772
-1
3598686
-1
3954600
-1
4310514
-1
4666428
-1
5022342
-1
5378256
-1
5734170
-1
6090084
-1
6445998
-1
6801912
-1
7157826
-1
7513740
-1
7869654
-1
8225568
-1
8581482
-1
8937396
-1
9293310
-1
9649224
-1
10005138
-1
10361052
-1
10716966
-1
11072880
-1
11428794
-1
11784708
-1
12140622
-1
12496536
-1
12852450
-1
13208364
-1
13564278
-1
13920192
-1
14276106
-1
14632020
-1
14987934
-1
15343848
-1
15699762
-1
316368
-1
672282
-1
1028196
-1
1384110
-1
1740024
-1
2095938
-1
2451852
-1
2807766
-1
3163680
-1
3519594
-1
3875508
-1
4231422
-1
4587336
-1
4943250
-1
5299164
-1
5655078
-1
6010992
-1
6366906
-1
6722820
-1
7078734
-1
7434648
-1
7790562
-1
8146476
-1
8502390
-1
8858304
-1
9214218
-1
9570132
-1
9926046
-1
10281960
-1
10637874
-1
10993788
-1
11349702
-1
11705616
-1
12061530
-1
12417444
-1
12773358
-1
13129272
-1
13485186
-1
13841100
-1
14197014
-1
14552928
-1
14908842
-1
15264756
-1
15620670
-1
237276
-1
593190
-1
949104
-1
1305018
-1
1660932
-1
2016846
-1
2372760
-1
2728674
-1
3084588
-1
3440502
-1
3796416
-1
4152330
-1
4508244
-1
4864158
-1
5220072
-1
5575986
-1
5931900
-1
6287814
-1
6643728
-1
6999642
-1
7355556
-1
7711470
-1
8067384
-1
8423298
-1
8779212
-1
9135126
-1
9491040
-1
9846954
-1
10202868
-1
10558782
-1
10914696
-1
11270610
-1
11626524
-1
11982438
-1
12338352
-1
12694266
-1
13050180
-1
13406094
-1
13762008
-1
14117922
-1
14473836
-1
14829750
-1
15185664
-1
15541578
-1
158184
-1
514098
-1
870012
-1
1225926
-1
1581840
-1
1937754
-1
2293668
-1
2649582
-1
3005496
-1
3361410
-1
3717324
-1
4073238
-1
4429152
-1
4785066
-1
5140980
-1
5496894
-1
5852808
-1
6208722
-1
6564636
-1
6920550
-1
7276464
-1
7632378
-1
7988292
-1
8344206
-1
8700120
-1
9056034
-1
9411948
-1
9767862
-1
10123776
-1
10479690
-1
10835604
-1
11191518
-1
11547432
-1
11903346
-1
12259260
-1
12615174
-1
12971088
-1
13327002
-1
13682916
-1
14038830
-1
14394744
-1
14750658
-1
15106572
-1
15462486
-1
79092
-1
435006
-1
790920
-1
1146834
-1
1502748
-1
1858662
-1
2214576
-1
2570490
-1
2926404
-1
3282318
-1
3638232
-1
3994146
-1
4350060
-1
4705974
-1
5061888
-1
5417802
-1
5773716
-1
6129630
-1
6485544
-1
6841458
-1
7197372
-1
7553286
-1
7909200
-1
8265114
-1
8621028
-1
8976942
-1
9332856
-1
9688770
-1
10044684
-1
10400598
-1
10756512
-1
11112426
-1
11468340
-1
11824254
-1
12180168
-1
12536082
-1
12891996
-1
13247910
-1
13603824
-1
13959738
-1
14315652
-1
14671566
-1
15027480
-1
15383394
-1
