0
799000000000
1598000000000
2397000000000
3196000000000
3995000000000
4794000000000
5593000000000
6392000000000
7191000000000
7990000000000
8789000000000
9588000000000
10387000000000
11186000000000
11985000000000
12784000000000
13583000000000
14382000000000
15181000000000
15980000000000
16779000000000
17578000000000
18377000000000
19176000000000
19975000000000
20774000000000
21573000000000
22372000000000
23171000000000
23970000000000
24769000000000
25568000000000
26367000000000
27166000000000
27965000000000
28764000000000
29563000000000
30362000000000
31161000000000
31960000000000
32759000000000
33558000000000
34357000000000
35156000000000
35955000000000
36754000000000
37553000000000
38352000000000
39151000000000
39950000000000
40749000000000
41548000000000
42347000000000
43146000000000
43945000000000
44744000000000
45543000000000
46342000000000
47141000000000
47940000000000
48739000000000
49538000000000
50337000000000
51136000000000
51935000000000
52734000000000
53533000000000
54332000000000
55131000000000
55930000000000
56729000000000
57528000000000
58327000000000
59126000000000
59925000000000
60724000000000
61523000000000
62322000000000
63121000000000
63920000000000
64719000000000
65518000000000
66317000000000
67116000000000
67915000000000
68714000000000
69513000000000
70312000000000
71111000000000
71910000000000
72709000000000
73508000000000
74307000000000
75106000000000
75905000000000
76704000000000
77503000000000
78302000000000
79101000000000
79900000000000
80699000000000
81498000000000
82297000000000
83096000000000
83895000000000
84694000000000
85493000000000
86292000000000
87091000000000
87890000000000
88689000000000
89488000000000
90287000000000
91086000000000
91885000000000
92684000000000
93483000000000
94282000000000
95081000000000
95880000000000
96679000000000
97478000000000
98277000000000
99076000000000
99875000000000
100674000000000
101473000000000
102272000000000
103071000000000
103870000000000
104669000000000
105468000000000
106267000000000
107066000000000
107865000000000
108664000000000
109463000000000
110262000000000
111061000000000
111860000000000
112659000000000
113458000000000
114257000000000
115056000000000
115855000000000
116654000000000
117453000000000
118252000000000
119051000000000
119850000000000
120649000000000
121448000000000
122247000000000
123046000000000
123845000000000
124644000000000
125443000000000
126242000000000
127041000000000
127840000000000
128639000000000
129438000000000
130237000000000
131036000000000
131835000000000
132634000000000
133433000000000
134232000000000
135031000000000
135830000000000
136629000000000
137428000000000
138227000000000
139026000000000
139825000000000
140624000000000
141423000000000
142222000000000
143021000000000
143820000000000
144619000000000
145418000000000
146217000000000
147016000000000
147815000000000
148614000000000
149413000000000
150212000000000
151011000000000
151810000000000
152609000000000
153408000000000
154207000000000
155006000000000
155805000000000
156604000000000
157403000000000
158202000000000
159001000000000
159800000000000
160599000000000
161398000000000
162197000000000
162996000000000
163795000000000
164594000000000
165393000000000
166192000000000
166991000000000
167790000000000
168589000000000
169388000000000
170187000000000
170986000000000
171785000000000
172584000000000
173383000000000
174182000000000
174981000000000
175780000000000
176579000000000
177378000000000
178177000000000
178976000000000
179775000000000
180574000000000
181373000000000
182172000000000
182971000000000
183770000000000
184569000000000
185368000000000
186167000000000
186966000000000
187765000000000
188564000000000
189363000000000
190162000000000
190961000000000
191760000000000
192559000000000
193358000000000
194157000000000
194956000000000
195755000000000
196554000000000
197353000000000
198152000000000
198951000000000
199750000000000
200549000000000
201348000000000
202147000000000
202946000000000
203745000000000
204544000000000
205343000000000
206142000000000
206941000000000
207740000000000
208539000000000
209338000000000
210137000000000
210936000000000
211735000000000
212534000000000
213333000000000
214132000000000
214931000000000
215730000000000
216529000000000
217328000000000
218127000000000
218926000000000
219725000000000
220524000000000
221323000000000
222122000000000
222921000000000
223720000000000
224519000000000
225318000000000
226117000000000
226916000000000
227715000000000
228514000000000
229313000000000
230112000000000
230911000000000
231710000000000
232509000000000
233308000000000
234107000000000
234906000000000
235705000000000
236504000000000
237303000000000
238102000000000
238901000000000
239700000000000
240499000000000
241298000000000
242097000000000
242896000000000
243695000000000
244494000000000
245293000000000
246092000000000
246891000000000
247690000000000
248489000000000
249288000000000
250087000000000
250886000000000
251685000000000
252484000000000
253283000000000
254082000000000
254881000000000
255680000000000
256479000000000
257278000000000
258077000000000
258876000000000
259675000000000
260474000000000
261273000000000
262072000000000
262871000000000
263670000000000
264469000000000
265268000000000
266067000000000
266866000000000
267665000000000
268464000000000
269263000000000
270062000000000
270861000000000
271660000000000
272459000000000
273258000000000
274057000000000
274856000000000
275655000000000
276454000000000
277253000000000
278052000000000
278851000000000
279650000000000
280449000000000
281248000000000
282047000000000
282846000000000
283645000000000
284444000000000
285243000000000
286042000000000
286841000000000
287640000000000
288439000000000
289238000000000
290037000000000
290836000000000
291635000000000
292434000000000
293233000000000
294032000000000
294831000000000
295630000000000
296429000000000
297228000000000
298027000000000
298826000000000
299625000000000
300424000000000
301223000000000
302022000000000
302821000000000
303620000000000
304419000000000
305218000000000
306017000000000
306816000000000
307615000000000
308414000000000
309213000000000
310012000000000
310811000000000
311610000000000
312409000000000
313208000000000
314007000000000
314806000000000
315605000000000
316404000000000
317203000000000
318002000000000
318801000000000
319600000000000
318801000000000
318002000000000
317203000000000
316404000000000
315605000000000
314806000000000
314007000000000
313208000000000
312409000000000
311610000000000
310811000000000
310012000000000
309213000000000
308414000000000
307615000000000
306816000000000
306017000000000
305218000000000
304419000000000
303620000000000
302821000000000
302022000000000
301223000000000
300424000000000
299625000000000
298826000000000
298027000000000
297228000000000
296429000000000
295630000000000
294831000000000
294032000000000
293233000000000
292434000000000
291635000000000
290836000000000
290037000000000
289238000000000
288439000000000
287640000000000
286841000000000
286042000000000
285243000000000
284444000000000
283645000000000
282846000000000
282047000000000
281248000000000
280449000000000
279650000000000
278851000000000
278052000000000
277253000000000
276454000000000
275655000000000
274856000000000
274057000000000
273258000000000
272459000000000
271660000000000
270861000000000
270062000000000
269263000000000
268464000000000
267665000000000
266866000000000
266067000000000
265268000000000
264469000000000
263670000000000
262871000000000
262072000000000
261273000000000
260474000000000
259675000000000
258876000000000
258077000000000
257278000000000
256479000000000
255680000000000
254881000000000
254082000000000
253283000000000
252484000000000
251685000000000
250886000000000
250087000000000
249288000000000
248489000000000
247690000000000
246891000000000
246092000000000
245293000000000
244494000000000
243695000000000
242896000000000
242097000000000
241298000000000
240499000000000
239700000000000
238901000000000
238102000000000
237303000000000
236504000000000
235705000000000
234906000000000
234107000000000
233308000000000
232509000000000
231710000000000
230911000000000
230112000000000
229313000000000
228514000000000
227715000000000
226916000000000
226117000000000
225318000000000
224519000000000
223720000000000
222921000000000
222122000000000
221323000000000
220524000000000
219725000000000
218926000000000
218127000000000
217328000000000
216529000000000
215730000000000
214931000000000
214132000000000
213333000000000
212534000000000
211735000000000
210936000000000
210137000000000
209338000000000
208539000000000
207740000000000
206941000000000
206142000000000
205343000000000
204544000000000
203745000000000
202946000000000
202147000000000
201348000000000
200549000000000
199750000000000
198951000000000
198152000000000
197353000000000
196554000000000
195755000000000
194956000000000
194157000000000
193358000000000
192559000000000
191760000000000
190961000000000
190162000000000
189363000000000
188564000000000
187765000000000
186966000000000
186167000000000
185368000000000
184569000000000
183770000000000
182971000000000
182172000000000
181373000000000
180574000000000
179775000000000
178976000000000
178177000000000
177378000000000
176579000000000
175780000000000
174981000000000
174182000000000
173383000000000
172584000000000
171785000000000
170986000000000
170187000000000
169388000000000
168589000000000
167790000000000
166991000000000
166192000000000
165393000000000
164594000000000
163795000000000
162996000000000
162197000000000
161398000000000
160599000000000
159800000000000
159001000000000
158202000000000
157403000000000
156604000000000
155805000000000
155006000000000
154207000000000
153408000000000
152609000000000
151810000000000
151011000000000
150212000000000
149413000000000
148614000000000
147815000000000
147016000000000
146217000000000
145418000000000
144619000000000
143820000000000
143021000000000
142222000000000
141423000000000
140624000000000
139825000000000
139026000000000
138227000000000
137428000000000
136629000000000
135830000000000
135031000000000
134232000000000
133433000000000
132634000000000
131835000000000
131036000000000
130237000000000
129438000000000
128639000000000
127840000000000
127041000000000
126242000000000
125443000000000
124644000000000
123845000000000
123046000000000
122247000000000
121448000000000
120649000000000
119850000000000
119051000000000
118252000000000
117453000000000
116654000000000
115855000000000
115056000000000
114257000000000
113458000000000
112659000000000
111860000000000
111061000000000
110262000000000
109463000000000
108664000000000
107865000000000
107066000000000
106267000000000
105468000000000
104669000000000
103870000000000
103071000000000
102272000000000
101473000000000
100674000000000
99875000000000
99076000000000
98277000000000
97478000000000
96679000000000
95880000000000
95081000000000
94282000000000
93483000000000
92684000000000
91885000000000
91086000000000
90287000000000
89488000000000
88689000000000
87890000000000
87091000000000
86292000000000
85493000000000
84694000000000
83895000000000
83096000000000
82297000000000
81498000000000
80699000000000
79900000000000
79101000000000
78302000000000
77503000000000
76704000000000
75905000000000
75106000000000
74307000000000
73508000000000
72709000000000
71910000000000
71111000000000
70312000000000
69513000000000
68714000000000
67915000000000
67116000000000
66317000000000
65518000000000
64719000000000
63920000000000
63121000000000
62322000000000
61523000000000
60724000000000
59925000000000
59126000000000
58327000000000
57528000000000
56729000000000
55930000000000
55131000000000
54332000000000
53533000000000
52734000000000
51935000000000
51136000000000
50337000000000
49538000000000
48739000000000
47940000000000
47141000000000
46342000000000
45543000000000
44744000000000
43945000000000
43146000000000
42347000000000
41548000000000
40749000000000
39950000000000
39151000000000
38352000000000
37553000000000
36754000000000
35955000000000
35156000000000
34357000000000
33558000000000
32759000000000
31960000000000
31161000000000
30362000000000
29563000000000
28764000000000
27965000000000
27166000000000
26367000000000
25568000000000
24769000000000
23970000000000
23171000000000
22372000000000
21573000000000
20774000000000
19975000000000
19176000000000
18377000000000
17578000000000
16779000000000
15980000000000
15181000000000
14382000000000
13583000000000
12784000000000
11985000000000
11186000000000
10387000000000
9588000000000
8789000000000
7990000000000
7191000000000
6392000000000
5593000000000
4794000000000
3995000000000
3196000000000
2397000000000
1598000000000
799000000000
