0
-1
229846780
-1
159008756
-1
88170732
-1
17332708
-1
247179488
-1
176341464
-1
105503440
-1
34665416
-1
264512196
-1
193674172
-1
122836148
-1
51998124
-1
281844904
-1
211006880
-1
140168856
-1
69330832
-1
299177612
-1
228339588
-1
157501564
-1
86663540
-1
15825516
-1
245672296
-1
174834272
-1
103996248
-1
33158224
-1
263005004
-1
192166980
-1
121328956
-1
50490932
-1
280337712
-1
209499688
-1
138661664
-1
67823640
-1
297670420
-1
226832396
-1
155994372
-1
85156348
-1
14318324
-1
244165104
-1
173327080
-1
102489056
-1
31651032
-1
261497812
-1
190659788
-1
119821764
-1
48983740
-1
278830520
-1
207992496
-1
137154472
-1
66316448
-1
296163228
-1
225325204
-1
154487180
-1
83649156
-1
12811132
-1
242657912
-1
171819888
-1
100981864
-1
30143840
-1
259990620
-1
189152596
-1
118314572
-1
47476548
-1
277323328
-1
206485304
-1
135647280
-1
64809256
-1
294656036
-1
223818012
-1
152979988
-1
82141964
-1
11303940
-1
241150720
-1
170312696
-1
99474672
-1
28636648
-1
258483428
-1
187645404
-1
116807380
-1
45969356
-1
275816136
-1
204978112
-1
134140088
-1
63302064
-1
293148844
-1
222310820
-1
151472796
-1
80634772
-1
9796748
-1
239643528
-1
168805504
-1
97967480
-1
27129456
-1
256976236
-1
186138212
-1
115300188
-1
44462164
-1
274308944
-1
203470920
-1
132632896
-1
61794872
-1
291641652
-1
220803628
-1
149965604
-1
79127580
-1
8289556
-1
238136336
-1
167298312
-1
96460288
-1
25622264
-1
255469044
-1
184631020
-1
113792996
-1
42954972
-1
272801752
-1
201963728
-1
131125704
-1
60287680
-1
290134460
-1
219296436
-1
148458412
-1
77620388
-1
6782364
-1
236629144
-1
165791120
-1
94953096
-1
24115072
-1
253961852
-1
183123828
-1
112285804
-1
41447780
-1
271294560
-1
200456536
-1
129618512
-1
58780488
-1
288627268
-1
217789244
-1
146951220
-1
76113196
-1
5275172
-1
235121952
-1
164283928
-1
93445904
-1
22607880
-1
252454660
-1
181616636
-1
110778612
-1
39940588
-1
269787368
-1
198949344
-1
128111320
-1
57273296
-1
287120076
-1
216282052
-1
145444028
-1
74606004
-1
3767980
-1
233614760
-1
162776736
-1
91938712
-1
21100688
-1
250947468
-1
180109444
-1
109271420
-1
38433396
-1
268280176
-1
197442152
-1
126604128
-1
55766104
-1
285612884
-1
214774860
-1
143936836
-1
73098812
-1
2260788
-1
232107568
-1
161269544
-1
90431520
-1
19593496
-1
249440276
-1
178602252
-1
107764228
-1
36926204
-1
266772984
-1
195934960
-1
125096936
-1
54258912
-1
284105692
-1
213267668
-1
142429644
-1
71591620
-1
753596
-1
230600376
-1
159762352
-1
88924328
-1
18086304
-1
247933084
-1
177095060
-1
106257036
-1
35419012
-1
265265792
-1
194427768
-1
123589744
-1
52751720
-1
282598500
-1
211760476
-1
140922452
-1
70084428
-1
299931208
-1
229093184
-1
158255160
-1
87417136
-1
16579112
-1
246425892
-1
175587868
-1
104749844
-1
33911820
-1
263758600
-1
192920576
-1
122082552
-1
51244528
-1
281091308
-1
210253284
-1
139415260
-1
68577236
-1
298424016
-1
227585992
-1
156747968
-1
85909944
-1
15071920
-1
244918700
-1
174080676
-1
103242652
-1
32404628
-1
262251408
-1
191413384
-1
120575360
-1
49737336
-1
279584116
-1
208746092
-1
137908068
-1
67070044
-1
296916824
-1
226078800
-1
155240776
-1
84402752
-1
13564728
-1
243411508
-1
172573484
-1
101735460
-1
30897436
-1
260744216
-1
189906192
-1
119068168
-1
48230144
-1
278076924
-1
207238900
-1
136400876
-1
65562852
-1
295409632
-1
224571608
-1
153733584
-1
82895560
-1
12057536
-1
241904316
-1
171066292
-1
100228268
-1
29390244
-1
259237024
-1
188399000
-1
117560976
-1
46722952
-1
276569732
-1
205731708
-1
134893684
-1
64055660
-1
293902440
-1
223064416
-1
152226392
-1
81388368
-1
10550344
-1
240397124
-1
169559100
-1
98721076
-1
27883052
-1
257729832
-1
186891808
-1
116053784
-1
45215760
-1
275062540
-1
204224516
-1
133386492
-1
62548468
-1
292395248
-1
221557224
-1
150719200
-1
79881176
-1
9043152
-1
238889932
-1
168051908
-1
97213884
-1
26375860
-1
256222640
-1
185384616
-1
114546592
-1
43708568
-1
273555348
-1
202717324
-1
131879300
-1
61041276
-1
290888056
-1
220050032
-1
149212008
-1
78373984
-1
7535960
-1
237382740
-1
166544716
-1
95706692
-1
24868668
-1
254715448
-1
183877424
-1
113039400
-1
42201376
-1
272048156
-1
201210132
-1
130372108
-1
59534084
-1
289380864
-1
218542840
-1
147704816
-1
76866792
-1
6028768
-1
235875548
-1
165037524
-1
94199500
-1
23361476
-1
253208256
-1
182370232
-1
111532208
-1
40694184
-1
270540964
-1
199702940
-1
128864916
-1
58026892
-1
287873672
-1
217035648
-1
146197624
-1
75359600
-1
4521576
-1
234368356
-1
163530332
-1
92692308
-1
21854284
-1
251701064
-1
180863040
-1
110025016
-1
39186992
-1
269033772
-1
198195748
-1
127357724
-1
56519700
-1
286366480
-1
215528456
-1
144690432
-1
73852408
-1
3014384
-1
232861164
-1
162023140
-1
91185116
-1
20347092
-1
250193872
-1
179355848
-1
108517824
-1
37679800
-1
267526580
-1
196688556
-1
125850532
-1
55012508
-1
284859288
-1
214021264
-1
143183240
-1
72345216
-1
1507192
-1
231353972
-1
160515948
-1
89677924
-1
18839900
-1
248686680
-1
177848656
-1
107010632
-1
36172608
-1
266019388
-1
195181364
-1
124343340
-1
53505316
-1
283352096
-1
212514072
-1
141676048
-1
70838024
-1
