0
42704362319
42696813260
42704401106
42686551119
42702984843
42701406216
42689999040
42699483759
42702678574
42681781635
42694921936
42683514760
42698527978
42698874272
42703090559
42706234183
42697277144
42704289725
42688923825
42695024310
42694073551
42687486071
42683411243
42689219196
42690933992
42698961487
42705619735
42706847967
42702981580
42706892093
42694628261
42693459103
42699777987
42701542349
42689115679
42709499048
42691177981
42701490663
42691877918
42706053244
42705119418
42684363761
42689330031
42699163539
42693888085
42698320171
42708632853
42686373928
42696882417
42697455280
42694411621
42700330338
42704027270
42690068197
42695034467
42699465447
42696421788
42703000837
42708876842
42685298713
42698439014
42687031838
42688577280
42701717581
42702945813
42709240330
42677367407
42705169883
42695346573
42698541388
42697079698
42691003149
42679377574
42692736274
42694281716
42700642366
42708650249
42705954930
42683071843
42688252806
42701051009
42696976181
42702784134
42697942630
42685082010
42705448332
42694695059
42705007741
42695232158
42697973626
42702754907
42690786509
42692847109
42702680617
42697076435
42703647066
42706326796
42706851447
42700399495
42700972358
42697928699
42696898411
42707544348
42696490945
42698551545
42691444419
42696001220
42673742295
42706278025
42694870849
42690488638
42693454586
42692094358
42698194843
42706462891
42708008333
42680884485
42697148855
42695570228
42679446731
42700596776
42700575285
42682894652
42699159022
42697580395
42697119628
42710259929
42698852753
42686588921
42691441156
42701274664
42700691517
42695048451
42701459708
42688599088
42693451323
42696505180
42685098004
42698238305
42701490704
42706271985
42694303587
42711507568
42706395953
42693973236
42707113537
42709843874
42692376108
42702209616
42690802440
42695983403
42700415489
42706515974
42700008023
42707215911
42694961497
42696506939
42677259373
42704668024
42691945116
42680537940
42696971664
42698517106
42701200990
42694494350
42709101244
42687307233
42700665933
42699087306
42682963809
42708702955
42697649552
42679462725
42692603026
42701097473
42700125775
42699175016
42702369831
42681472892
42694613193
42704791742
42704208595
42692705400
42705903285
42685167161
42696968401
42700022258
42688615082
42694715567
42703300825
42687177328
42700317629
42712909064
42709913031
42697490314
42698812107
42712176057
42695893186
42695565711
42688859071
42699171753
42700822274
42703734334
42702800508
42687961880
42690869238
42700024017
42691569175
42707674171
42695462194
42684055018
42694563507
42702034184
42699968993
42698011428
42708504944
42690824311
42696573674
42697146537
42694102878
42699296462
42701166630
42682979803
42689080288
42697665546
42698893778
42702692094
42708568099
42684989970
42698130271
42699675713
42693027663
42696222478
42709420363
42688465840
42677058664
42703369982
42695037830
42698232645
42706817903
42690694406
42703834707
42685933896
42698732099
42700333623
42684336768
42694170276
42682763100
42687944063
42692376149
42702688831
42704339352
42707251412
42700435997
42688467599
42694386316
42706038059
42690041204
42702424009
42705492126
42690477766
42698080585
42708174868
42701286141
42704434176
42706140433
42694172035
42700090752
42700663615
42697619956
42671423385
42703959115
42689402551
42692086435
42691135676
42695692477
42673433552
42705969282
42710438498
42704898060
42702987876
42696544741
42677127821
42709663551
42691982918
42680575742
42696840112
42695261485
42679137988
42703680045
42710682487
42707027059
42689450974
42702249177
42696810885
42687853846
42697687354
42686280178
42691132413
42694186270
42700382774
42699498834
42705088823
42703953075
42691984677
42696196437
42702515321
42693558282
42705829652
42708244025
42690057198
42699890706
42694619779
42693664493
42706804794
42704197064
42692067365
42701900873
42696629946
42706813386
42674940463
42706207231
42689626206
42690854438
42694652754
42696198196
42676950630
42709486360
42691636373
42684988323
42702334382
42712517822
42680644899
42707757312
42695330642
42686998490
42700357190
42698778563
42682655066
42707197123
42690561158
42679153982
42692294283
42701463711
42699817032
42702163648
42705563546
42692702926
42694649491
42697703348
42703511301
42692396657
42696265594
42684858418
42697998719
42699713515
42705521468
42697452786
42701271889
42711761103
42693574276
42693246801
42698136857
42697181571
42698503364
42696699103
42695584443
42695256968
42688550328
42700657441
42681363211
42703442524
42693143284
42687653137
42700666033
42699715274
42702399158
42712907647
42695153451
42688505401
42694254764
42703191144
42687067647
42696977552
42698847720
42690515568
42686761378
42702970622
42701323943
42698987719
42694078236
42682671060
42688771545
42697356803
42698585035
42702669367
42709080624
42686146930
42692465814
42704126096
42692718920
42695913735
42699782672
42688157097
42694475981
42703061239
42697790312
42700969864
42682017858
42691851366
42697032329
42685625153
42698423356
42701618171
42684028025
42693861533
42711017724
42698774046
42692067406
42704174519
42684880289
42706959602
42689109615
42688158856
42698725264
42705855958
42689732461
42702115266
42705183383
42697698831
42697771842
42706708222
42690584725
42700494630
42694814051
42687083641
42689767525
42704780743
42682521818
42671114642
42703650372
42689093808
42691777692
42700873881
42702102113
42700326316
42716058837
42689664008
42695471961
42700652924
42688226254
42676819078
42701361135
42691674175
42697482128
42706578317
42701307390
42694491975
42685534936
42695368444
42700220679
42689142231
42696479987
42703827974
42687545103
42697378611
42702230846
42695582796
42693877527
42700196411
42691239372
42709298529
42692626693
42691675934
42702184423
42702752759
42693249539
42686142413
42701155631
42689748455
42699581963
42694311036
42704494476
42706917378
42698331129
42690600719
42693284603
42694830045
42686038896
42674631720
42706860067
42689317463
42690545695
42696840212
42705196435
42703273873
42706448451
42696086756
42684679580
42700534481
42691743332
42680336156
42704878213
42688242248
42696250131
42693554812
42699144801
42697498122
42691957684
42690252415
42690384016
42695564979
42699997065
42701484923
42704226391
42693946684
42688675757
42699099874
42697394605
42703202558
42697662120
42695956851
42690685924
42701110041
42697355851
42706269837
42697144043
42689659491
42691204933
42693265533
42692938058
42697828114
42705161343
42679044301
42696390360
42696741403
42699648761
42698347123
42700348698
42681054468
42696909369
42692834541
42691862843
42700357290
42708384785
42684748737
42706828050
42699603834
42688196658
42696219626
42702882401
42686758904
42696668809
42691759326
42697567279
42686452635
42702661879
42701015200
42695474762
42693769493
42693901094
42698753329
42701807186
42703311383
42702373245
42697463762
42685838187
42692157071
42703817353
42701259189
42701179198
42699473929
42694203002
42694713419
42700361998
42697498502
42693116291
42681709115
42691542623
42696723586
42696455136
42704250862
42708678421
42682561379
42699907438
42686790705
42698475354
42696406354
42698820727
42684571546
42700426447
42688800872
42695379921
42701480406
42710065664
42688265815
42710345128
42692495141
42697390088
42699736704
42706399479
42680202908
42700185887
42687725657
42686774898
42689458782
42704472000
42682213075
42705883688
42712178205
42703094524
42702270407
42698334014
42685907344
42700017573
42693430093
42689355265
42695163218
42700344181
42687917511
42705073702
42701052392
42708925602
42698230497
42700867717
42701015580
42683165593
42685226193
42695059701
42699911936
42697122003
42696171244
42704013750
42706756828
42711063440
42690307783
42695274053
42699923432
42688870029
42690930629
42683823503
42692317950
42701802669
42701875680
42702444016
42708092595
42685833670
42696012219
42700978489
42694382294
42710114815
42683719986
42689527939
42691242735
42690291976
42692975860
42694521302
42685730153
42691538106
42704129541
42693767846
42700086730
42701851092
42689424422
42703534651
42696947171
42695778013
42698680296
42700225738
42691434589
42706842054
42689638774
42687933505
42694196828
42693246069
42708596555
42686682671
42691648941
42701482449
42702596646
42700639081
42699688322
42701176180
42695343210
42693637941
42688367014
42698791131
42706346180
42692387107
42697353377
42687340581
42688886023
42702026324
42697047108
42705961094
42702842433
42689350748
42690896190
42704036491
42697329851
42708861537
42679686317
42678735558
42694590459
42696432660
42699398608
42698038380
42704138865
42695055184
42696600626
42697284924
42691554100
42698251373
42685390753
42684439994
42706519307
42699295091
42695540901
42698282369
42703063650
42702112891
42693155852
42691450583
42697258536
42696763147
42706635539
42700992473
42695166019
42704999527
42699395345
42703986805
42701498443
42704693258
42698860288
42697155019
42691884092
42699217321
42706569835
42695179592
42690797381
42693763329
42692403101
42694404676
42700053255
42697189759
42692807548
42708995704
42694413268
42704921757
42700846929
42700884028
42683203395
42682252636
42697889138
42686481962
42698166611
42699161496
42698511984
42710894789
42700117704
42706478354
42695071178
42701171663
42688907831
42687957072
42703593574
42685406747
42697367361
42701799447
42706580728
42679894165
42708313853
42687416914
42700557215
42703809614
42710152617
42699464502
42711847307
42691111183
42696292146
42707503883
42698025271
42685598601
42705981970
42693121350
42698306840
42702734399
42704976767
42698696670
42680846683
42697280407
42698825849
42697921754
42694803093
42700706837
42682856850
42702132579
