0
52293408
46947083
57873980
36923415
55158392
33412314
46893853
43618244
53045464
50278035
54779732
35008998
58489220
47818040
52666804
35930335
38968920
45705112
43768560
49322122
50694142
54350480
48884102
53782325
43389900
46824960
46771174
63750391
52351746
63354186
49636158
57063818
42270872
31599692
47523230
48778253
22750572
29486764
37442356
33103774
49027312
43309704
35329428
37563977
38246326
30606612
61178069
54033172
49831535
54216377
55043858
41734498
50369235
61719492
33883778
58839695
40323198
31488141
53132240
41694071
45806989
48408992
39944538
45681410
50150468
58065071
46896145
52600744
37388068
65021444
38825510
43423781
56933135
45501144
44782953
42621347
49266445
52827277
44847001
48892654
48580596
48518992
34800964
39699187
54735318
63710386
57652216
49950304
43486839
48803096
38131916
56634350
41373911
54758064
52147287
43974580
39635998
47277021
46464722
41861652
44096201
50832393
28827164
62007023
41636206
51433630
48343083
61576082
39523278
51952241
43140288
43195269
53346218
62380052
49095139
58410227
43944258
31058673
30246374
52629797
44869993
60183866
36901337
45876405
25417858
43920292
50656484
45357734
23304930
57004291
53172855
51312702
37903818
55798669
37807037
65072731
43019360
61753637
33075302
51577736
45884344
61267542
52591221
57489444
34579384
42886729
44785314
54061359
41658488
54087451
45275498
58934690
31577614
57242996
34494512
52996946
26801012
56535835
32381584
59651909
35998594
48168430
36372873
41271096
27553068
46055502
52096014
49672512
43215428
52511289
29057150
58634358
15359266
53183855
39942247
36778598
43559257
51402217
48771580
43433561
50169753
31950082
38686274
57188708
50368264
58626150
54793071
58838724
41095187
50185623
39806122
44339261
31049150
49551584
37693194
55132156
28936222
52416568
32553232
59123445
42759162
50303640
39377157
53920650
34149916
57630138
45924819
51807722
24876839
38109838
44846030
41026736
48463040
33333236
56046752
50688694
52923243
42530818
45965878
43774171
50510363
51492664
51923321
48777076
45343325
62412752
30740610
46664148
43230397
21891490
28627682
52132094
57053337
50091481
42070805
55303804
43445414
59053327
29747530
61601976
57742032
52747334
56476531
44511337
29124977
47627411
54363603
45183903
57980613
37581374
30629059
52273158
40834989
48722788
41514156
39085456
46726479
46609860
42595448
48047302
41523684
51045948
40258183
53491182
42564699
50228621
44642062
46217432
53765421
54995264
46018495
61823988
48033572
57884314
39265103
44186430
30508131
47103328
52656890
48759475
25305336
51875549
35511266
37272834
55775268
50105942
47496728
47319113
60115823
50936123
46417939
45605640
49070466
50857998
56748666
36279754
61235671
40777124
36438542
47600586
46644472
38664196
55299122
41581094
42336187
53263084
50266633
48236057
44802306
58378626
30199591
48434568
44095986
53258703
54301916
43657966
45017323
48055908
54792100
49141757
41094216
49096923
61114743
52313773
50453620
37044736
55911948
49853778
60940306
42160278
60894555
32216220
50718654
45025262
61996272
51732139
55291699
31837560
38573752
42043490
24875868
38135732
53228369
44416416
58075608
30718532
39693600
33635430
49899530
36675975
63303365
31522502
50821486
55482055
47309348
42970766
40412014
26693986
45196420
51236932
56881209
48868411
57495980
33599374
54768398
46408416
51306639
39083165
48957652
44040309
60134248
47912498
51341247
52429907
54588132
52981363
59058431
47626440
54362632
49959821
57979642
40236105
53469104
43153003
56386002
30190068
35088291
49807966
54273074
28077140
51557486
46988167
58264363
50460899
49444558
36763015
53061568
31408092
56364009
46099876
50948640
53020182
37250756
37914152
40167654
48120082
43205724
55187670
62690692
48610266
62269458
34912382
50392018
59026755
65134442
51064239
57769156
44484243
40145661
39333362
47728317
39707641
52940640
41082250
54338930
42569826
50827712
55378868
54444722
32391918
47474618
18694034
56518623
46990806
54158664
46894025
66472781
28265895
46768329
53504521
60664724
43989036
36722292
41620515
48356707
26351478
59531337
39160520
53520391
45867397
51309699
37047592
43295239
40664602
51982265
45692960
52632100
35888000
55934541
41468572
50519172
27770688
57255418
37484684
60964906
50293726
55142490
22942172
41444606
29649049
56136390
20829244
47900393
24446254
51016467
34652184
45787465
35331351
56071516
40543674
46460031
59256741
49102050
45558857
61482395
34075378
49998916
54006842
25226258
31962450
63415174
56958090
53426249
52310919
53617677
46780182
59769288
33082298
50521260
24325326
56082102
43943224
57519544
42654159
45692744
34766261
52399621
53442834
43579816
33963827
47196826
40739742
57402756
40235134
42420224
58393221
52626154
46192577
34302912
55052866
48994696
59633108
52035241
45899467
29474396
36210588
44166180
61137190
55751136
52317385
30978478
37714670
41184408
24016786
39940324
42174873
47075898
35217508
61767682
38834518
52091081
49040448
40607602
46345394
53598325
54931938
54878152
63450591
54270891
49752707
48940408
22401153
50377850
60083434
39614522
50601144
30857550
55813467
45549334
50447557
41998964
48098570
41298485
45670955
55990269
51251527
47846147
53729050
52122281
33534359
46767358
49154525
58079724
57120560
39493608
48352091
53273418
39595119
61239218
34229209
48097735
53413992
55648541
50698404
40379504
54000845
42035651
48585476
45151725
51887917
30549010
54053422
48360030
53608122
55066907
59965130
45366742
53007765
49864112
42346642
44134174
56563137
47751184
47806165
34053300
37782497
36970198
55472632
40010743
53889294
34857270
39286579
49480889
43542809
41512233
43746782
30028754
36789417
41710744
49968630
44627642
50181204
36934142
46615536
48264295
58654505
42417933
53299582
47375077
65613699
51247266
54676015
50495240
59805642
43129954
62100340
40761433
47497625
25492396
58672255
38301438
33962856
45008315
44168786
33524836
48617473
39105408
49240441
31411908
54892254
45762963
55075459
40609490
52779326
26911606
56396336
49939252
66602266
41182280
54283408
22083090
40585524
46666071
43502422
19970162
56734906
52892292
50157385
48170153
53459826
34472269
61737963
39684592
60428235
54399007
48242968
45642035
61052010
50125527
51063085
45706083
49751736
44417018
49378074
35660046
54162480
55594400
57779490
57477159
57027464
36429179
49662178
23466244
59376174
43084142
58531546
31600663
44833662
33907179
51540539
50701010
40057060
49456926
46337744
39880660
56543674
39376052
52292712
49202165
54644467
45333495
33443830
43999370
55317033
49027728
53387972
49954221
28615314
35351506
53853940
56241107
58410618
47484135
62027628
37760419
63425918
36471354
41004493
32983817
46216816
34358426
51235161
27781022
54351235
37986952
49122233
59102250
61712570
54072856
49794799
54147788
54319560
48237980
56884054
21542071
53333684
35438466
43745811
45644396
29998468
47206344
60215006
46134580
52382227
32436696
40439403
45420535
55738770
50392445
57394917
47277992
59606160
36857676
45908276
37231955
55734389
56777602
48797326
59049068
50531594
38736037
53370371
29916232
56829766
16218348
54042937
54833457
49412566
44418339
41176569
49630662
44292643
51028835
41849135
54645845
47500948
51227346
54324410
57767385
34313246
41049438
44519176
27351554
43275092
