0
-1
81983880
-1
53551760
-1
25119640
-1
107103520
-1
78671400
-1
50239280
-1
21807160
-1
103791040
-1
75358920
-1
46926800
-1
18494680
-1
100478560
-1
72046440
-1
43614320
-1
15182200
-1
97166080
-1
68733960
-1
40301840
-1
11869720
-1
93853600
-1
65421480
-1
36989360
-1
8557240
-1
90541120
-1
62109000
-1
33676880
-1
5244760
-1
87228640
-1
58796520
-1
30364400
-1
1932280
-1
83916160
-1
55484040
-1
27051920
-1
109035800
-1
80603680
-1
52171560
-1
23739440
-1
105723320
-1
77291200
-1
48859080
-1
20426960
-1
102410840
-1
73978720
-1
45546600
-1
17114480
-1
99098360
-1
70666240
-1
42234120
-1
13802000
-1
95785880
-1
67353760
-1
38921640
-1
10489520
-1
92473400
-1
64041280
-1
35609160
-1
7177040
-1
89160920
-1
60728800
-1
32296680
-1
3864560
-1
85848440
-1
57416320
-1
28984200
-1
552080
-1
82535960
-1
54103840
-1
25671720
-1
107655600
-1
79223480
-1
50791360
-1
22359240
-1
104343120
-1
75911000
-1
47478880
-1
19046760
-1
101030640
-1
72598520
-1
44166400
-1
15734280
-1
97718160
-1
69286040
-1
40853920
-1
12421800
-1
94405680
-1
65973560
-1
37541440
-1
9109320
-1
91093200
-1
62661080
-1
34228960
-1
5796840
-1
87780720
-1
59348600
-1
30916480
-1
2484360
-1
84468240
-1
56036120
-1
27604000
-1
109587880
-1
81155760
-1
52723640
-1
24291520
-1
106275400
-1
77843280
-1
49411160
-1
20979040
-1
102962920
-1
74530800
-1
46098680
-1
17666560
-1
99650440
-1
71218320
-1
42786200
-1
14354080
-1
96337960
-1
67905840
-1
39473720
-1
11041600
-1
93025480
-1
64593360
-1
36161240
-1
7729120
-1
89713000
-1
61280880
-1
32848760
-1
4416640
-1
86400520
-1
57968400
-1
29536280
-1
1104160
-1
83088040
-1
54655920
-1
26223800
-1
108207680
-1
79775560
-1
51343440
-1
22911320
-1
104895200
-1
76463080
-1
48030960
-1
19598840
-1
101582720
-1
73150600
-1
44718480
-1
16286360
-1
98270240
-1
69838120
-1
41406000
-1
12973880
-1
94957760
-1
66525640
-1
38093520
-1
9661400
-1
91645280
-1
63213160
-1
34781040
-1
6348920
-1
88332800
-1
59900680
-1
31468560
-1
3036440
-1
85020320
-1
56588200
-1
28156080
-1
110139960
-1
81707840
-1
53275720
-1
24843600
-1
106827480
-1
78395360
-1
49963240
-1
21531120
-1
103515000
-1
75082880
-1
46650760
-1
18218640
-1
100202520
-1
71770400
-1
43338280
-1
14906160
-1
96890040
-1
68457920
-1
40025800
-1
11593680
-1
93577560
-1
65145440
-1
36713320
-1
8281200
-1
90265080
-1
61832960
-1
33400840
-1
4968720
-1
86952600
-1
58520480
-1
30088360
-1
1656240
-1
83640120
-1
55208000
-1
26775880
-1
108759760
-1
80327640
-1
51895520
-1
23463400
-1
105447280
-1
77015160
-1
48583040
-1
20150920
-1
102134800
-1
73702680
-1
45270560
-1
16838440
-1
98822320
-1
70390200
-1
41958080
-1
13525960
-1
95509840
-1
67077720
-1
38645600
-1
10213480
-1
92197360
-1
63765240
-1
35333120
-1
6901000
-1
88884880
-1
60452760
-1
32020640
-1
3588520
-1
85572400
-1
57140280
-1
28708160
-1
276040
-1
82259920
-1
53827800
-1
25395680
-1
107379560
-1
78947440
-1
50515320
-1
22083200
-1
104067080
-1
75634960
-1
47202840
-1
18770720
-1
100754600
-1
72322480
-1
43890360
-1
15458240
-1
97442120
-1
69010000
-1
40577880
-1
12145760
-1
94129640
-1
65697520
-1
37265400
-1
8833280
-1
90817160
-1
62385040
-1
33952920
-1
5520800
-1
87504680
-1
59072560
-1
30640440
-1
2208320
-1
84192200
-1
55760080
-1
27327960
-1
109311840
-1
80879720
-1
52447600
-1
24015480
-1
105999360
-1
77567240
-1
49135120
-1
20703000
-1
102686880
-1
74254760
-1
45822640
-1
17390520
-1
99374400
-1
70942280
-1
42510160
-1
14078040
-1
96061920
-1
67629800
-1
39197680
-1
10765560
-1
92749440
-1
64317320
-1
35885200
-1
7453080
-1
89436960
-1
61004840
-1
32572720
-1
4140600
-1
86124480
-1
57692360
-1
29260240
-1
828120
-1
82812000
-1
54379880
-1
25947760
-1
107931640
-1
79499520
-1
51067400
-1
22635280
-1
104619160
-1
76187040
-1
47754920
-1
19322800
-1
101306680
-1
72874560
-1
44442440
-1
16010320
-1
97994200
-1
69562080
-1
41129960
-1
12697840
-1
94681720
-1
66249600
-1
37817480
-1
9385360
-1
91369240
-1
62937120
-1
34505000
-1
6072880
-1
88056760
-1
59624640
-1
31192520
-1
2760400
-1
84744280
-1
56312160
-1
27880040
-1
109863920
-1
81431800
-1
52999680
-1
24567560
-1
106551440
-1
78119320
-1
49687200
-1
21255080
-1
103238960
-1
74806840
-1
46374720
-1
17942600
-1
99926480
-1
71494360
-1
43062240
-1
14630120
-1
96614000
-1
68181880
-1
39749760
-1
11317640
-1
93301520
-1
64869400
-1
36437280
-1
8005160
-1
89989040
-1
61556920
-1
33124800
-1
4692680
-1
86676560
-1
58244440
-1
29812320
-1
1380200
-1
83364080
-1
54931960
-1
26499840
-1
108483720
-1
80051600
-1
51619480
-1
23187360
-1
105171240
-1
76739120
-1
48307000
-1
19874880
-1
101858760
-1
73426640
-1
44994520
-1
16562400
-1
98546280
-1
70114160
-1
41682040
-1
13249920
-1
95233800
-1
66801680
-1
38369560
-1
9937440
-1
91921320
-1
63489200
-1
35057080
-1
6624960
-1
88608840
-1
60176720
-1
31744600
-1
3312480
-1
85296360
-1
56864240
-1
28432120
-1
