0
17677433
18502733
15890039
13277345
19505937
16893243
19667071
17054377
14441683
11828989
9216295
6603601
17450722
21668340
22155021
19880946
22234457
19621763
17009069
14396375
11865379
18432590
15819896
13207202
10594508
13805423
11192729
8580035
19316699
26225364
23612670
20999976
18468980
15856286
22423497
19810803
17198109
14585415
17796330
15183636
20975141
18362447
15749753
13137059
10524365
7911671
15188284
12575590
9962896
21189016
23624225
21011531
18398837
15786143
13173449
17160070
17127966
14515272
11902578
19179191
16566497
23660615
21047921
18435227
24920740
22308046
19777050
17164356
23731567
21118873
18506179
15893485
19104400
16491706
17317006
14704312
12091618
18320210
15707516
13094822
15868650
13255956
10643262
8030568
5417874
2805180
20482613
21307913
18695219
16082525
18436036
15823342
13210648
19859557
17246863
14634169
12021475
9408781
20255902
23356360
20743666
18130972
25039637
22426943
19814249
17201555
14670559
21237770
18625076
16012382
13399688
16610603
13997909
11385215
17176720
14564026
11951332
9338638
6725944
4113250
21790683
22615983
20003289
17390595
19825804
17213110
14600416
11987722
9375028
15942239
13329545
10716851
17993464
15380770
12768076
19862194
17249500
14636806
21122319
18509625
15978629
19965250
19933146
17320452
14707758
17918673
15305979
12693285
23281208
21240407
23148709
20536015
17923321
15310627
12697933
10085239
17955063
18698665
21909580
19296886
20122186
17509492
14896798
17250309
14637615
12024921
18673830
16061136
13448442
10835748
8223054
5610360
22512087
19899393
17286699
18887705
21241216
18628522
16015828
22664737
20052043
17439349
14826655
12213961
23061082
21216381
18603687
15990993
13378299
10765605
8152911
5540217
2927523
20604956
21430256
18817562
16204868
18640077
16027383
13414689
10801995
8189301
14756512
12143818
9531124
6918430
24595863
25082544
22469850
20195775
22549286
19936592
17323898
14792902
12180208
18747419
16134725
13522031
16732946
14120252
11507558
22244222
20054680
17441986
19350288
16737594
14124900
11512206
8899512
16769336
17512938
20723853
18111159
15498465
21289970
18677276
16064582
13451888
10839194
8226500
15503113
12890419
20760243
21503845
23939054
21326360
18713666
16100972
13488278
20055489
17442795
14830101
21479010
18866316
16253622
13640928
11028234
8415540
20030654
17417960
14805266
12192572
9579878
6967184
4354490
1741796
19419229
16806535
17631835
15019141
21247733
18635039
16022345
18796173
16183479
13570785
10958091
8345397
5732703
16579824
23896817
21284123
19010048
21363559
18750865
16138171
13607175
10994481
17561692
14948998
12336304
9723610
12934525
10321831
21058495
23000955
25354466
22741772
20129078
17598082
14985388
21552599
18939905
16327211
19538126
16925432
14312738
20104243
17491549
14878855
12266161
9653467
7040773
14317386
11704692
19574516
20318118
22753327
20140633
17527939
14915245
12302551
18869762
16257068
13644374
11031680
18308293
15695599
22789717
20177023
17564329
24049842
21437148
18906152
16293458
22860669
20247975
17635281
20846196
18233502
15620808
16446108
13833414
11220720
17449312
14836618
17610446
14997752
12385058
9772364
7159670
4546976
15394097
19611715
20437015
17824321
20177832
17565138
14952444
12339750
18988659
16375965
13763271
11150577
8537883
19385004
22485462
19872768
17260074
24168739
21556045
18943351
16412355
13799661
20366872
17754178
15141484
12528790
15739705
13127011
18918516
16305822
13693128
11080434
8467740
5855046
17790568
20919785
21745085
19132391
21567600
18954906
16342212
13729518
11116824
17684035
15071341
12458647
9845953
17122566
14509872
21603990
18991296
16378602
22864115
20251421
17720425
15107731
21674942
19062248
16449554
13836860
17047775
14435081
25023004
22410310
20369509
22277811
19665117
17052423
14439729
11827035
9214341
20440461
23651376
21038682
18425988
19251288
16638594
14025900
16379411
13766717
11154023
17802932
15190238
12577544
9964850
7352156
18199277
21641189
19028495
16415801
22983012
20370318
17757624
15144930
21793839
19181145
16568451
13955757
11343063
22190184
20345483
17732789
15120095
12507401
9894707
7282013
4669319
2056625
19734058
20559358
17946664
15333970
17769179
15156485
12543791
9931097
7318403
13885614
11272920
8660226
19507347
23724965
24211646
21937571
24291082
21678388
19065694
16453000
13922004
20489215
17876521
15263827
12651133
15862048
13249354
10636660
21373324
19183782
21092084
18479390
15866696
13254002
10641308
8028614
15898438
16642040
19852955
17240261
23031766
20419072
17806378
15193684
12580990
9968296
17244909
14632215
12019521
23245641
25680850
23068156
20455462
17842768
15230074
16831080
19184591
16571897
13959203
20608112
17995418
15382724
12770030
10157336
21004457
19159756
16547062
13934368
11321674
8708980
6096286
3483592
870898
18548331
19373631
16760937
14148243
20376835
17764141
15151447
17925275
15312581
12699887
10087193
7474499
4861805
22539238
23025919
20413225
18139150
20492661
17879967
15267273
12736277
10123583
16690794
14078100
11465406
14676321
12063627
9450933
20187597
27096262
24483568
21870874
19258180
16727184
23294395
20681701
18069007
15456313
18667228
16054534
13441840
19233345
16620651
14007957
11395263
8782569
6169875
13446488
10833794
18703618
19447220
21882429
19269735
16657041
14044347
11431653
17998864
15386170
12773476
20050089
17437395
14824701
21918819
19306125
16693431
23178944
20566250
18035254
19636260
21989771
19377077
16764383
19975298
17362604
14749910
15575210
12962516
19191108
16578414
13965720
16739548
14126854
11514160
8901466
6288772
3676078
14523199
22178811
19566117
16953423
19306934
16694240
14081546
20730455
18117761
15505067
12892373
10279679
7666985
24227258
21614564
19001870
20944330
23297841
20685147
18072453
15541457
12928763
19495974
16883280
14270586
17481501
14868807
12256113
18047618
15434924
12822230
10209536
7596842
4984148
22661581
23486881
20874187
18261493
20696702
18084008
15471314
12858620
10245926
16813137
14200443
11587749
8975055
16251668
13638974
20733092
18120398
15507704
21993217
19380523
16849527
14236833
20804044
18191350
15578656
18789571
16176877
13564183
24152106
21539412
19498611
21406913
18794219
16181525
13568831
10956137
18825961
19569563
22780478
20167784
17555090
18380390
15767696
18121207
15508513
12895819
10283125
16932034
14319340
11706646
9093952
6481258
17328379
20770291
18157597
15544903
22112114
19499420
16886726
23535635
20922941
18310247
15697553
13084859
10472165
22087279
19474585
16861891
14249197
11636503
9023809
6411115
3798421
15733943
18863160
19688460
17075766
19510975
16898281
14285587
11672893
9060199
15627410
13014716
10402022
7789328
18636449
25953442
23340748
21066673
23420184
20807490
18194796
15663800
13051106
19618317
17005623
14392929
11780235
14991150
12378456
23115120
20925578
18312884
20221186
17608492
14995798
12383104
9770410
7157716
18383836
21594751
18982057
16369363
22160868
19548174
16935480
14322786
11710092
9097398
16374011
13761317
21631141
22374743
24809952
22197258
19584564
16971870
14359176
20926387
18313693
15700999
13088305
19737214
17124520
14511826
11899132
9286438
20133559
18288858
15676164
13063470
10450776
7838082
5225388
2612694
