0
16678216
20432062
16173833
10293524
16613173
9958948
21251961
15556313
17741612
17115637
9341428
17892880
19880638
18594055
14604217
15480156
13155773
16975993
18245157
15583143
9831901
13652121
15639879
17627637
15094690
18914910
16654014
8879805
12700025
16214377
13330142
5659366
15018533
18838753
18592931
15952890
11694661
783617
14365804
21215679
16957450
11077141
15000794
10742565
12730323
16339930
18525229
17899254
10125045
18676497
20664255
19377672
15387834
15143789
13939390
17759610
19028774
16366760
10615518
14435738
16423496
18411254
15878307
11318732
17437631
9663422
11651180
15471400
14113759
6442983
15802150
19622370
19376548
16736507
12478278
1567234
15149421
20992608
17741067
11860758
15784411
11526182
13513940
17123547
19308846
18682871
10908662
12896420
21447872
20161289
16171451
11887588
14723007
18543227
19812391
16978098
11399135
10252107
17207113
19194871
16661924
12102349
12730616
10447039
12434797
16255017
14897376
7226600
16585767
17269152
13794012
17520124
13261895
2350851
15933038
16667234
18524684
12644375
16568028
9172964
12993184
17907164
20092463
17546954
11692279
13680037
22231489
20944906
16955068
12671205
15506624
19326844
20596008
17761715
12182752
11035724
16878911
19978488
17445541
12885966
10418204
11230656
13218414
17038634
15680993
8010217
8782723
18052769
14577629
18303741
14045512
3134468
16716655
17450851
19308301
13427992
17351645
9956581
13776801
18690781
20876080
18330571
12475896
14463654
21903287
21728523
17738685
13454822
7703580
11523800
20267806
18545332
12966369
11819341
17662528
20762105
18229158
13669583
11201821
12014273
14002031
17822251
16464610
8793834
9566340
18836386
15361246
19087358
14829129
3918085
17500272
18234468
19188663
14211609
18135262
10740198
14560418
16548176
21659697
16228270
13259513
15247271
22686904
14912695
18522302
14238439
8487197
12307417
21051423
19328949
13749986
12602958
17326161
13689076
18109520
14453200
11985438
12797890
14785648
18605868
17248227
9577451
10349957
19620003
16144863
13833552
15612746
4701702
18283889
19018085
19972280
14995226
18918879
11523815
15344035
5737364
21331495
17011887
14043130
16030888
22166148
15696312
19305919
15022056
9270814
13091034
15078792
20112566
14533603
13386575
14069960
14472693
18893137
15236817
12769055
13581507
15569265
19389485
18031844
10361068
11133574
14912988
16928480
14617169
12372033
5485319
17955687
11396730
20755897
15778843
19011899
12307432
16127652
6520981
20103168
17795504
14826747
16814505
20738158
16479929
18467687
15805673
10054431
13874651
15862409
20896183
15317220
14170192
14853577
15256310
19676754
16020434
13552672
14365124
15241063
19061283
18031399
11144685
11917191
12600576
17712097
15400786
13155650
6268936
18739304
10965095
21539514
16562460
19795516
13091049
16911269
7304598
20886785
18579121
15610364
16486303
14161920
17263546
19251304
16589290
10838048
14658268
16646026
18633784
16100837
14953809
15637194
9885952
13706172
16804051
14336289
15148741
16024680
15989471
18815016
11928302
12700808
1789764
18467980
16184403
13939267
7052553
18402937
11748712
22323131
17346077
19531376
13874666
11131192
8088215
21670402
19362738
16393981
12419975
14945537
14910328
18730548
17372907
11621665
15441885
17429643
19417401
16884454
15737426
16420811
10669569
14489789
17587668
15119906
7449130
15688313
16773088
19598633
12711919
13484425
2573381
16155568
16968020
14722884
7836170
15146736
12532329
14520087
18129694
20314993
14658283
11914809
8871832
22454019
20146355
17177598
13203592
15729154
15693945
19514165
18156524
12405282
16225502
18213260
17053160
17668071
13108496
17204428
11453186
13440944
17261164
15903523
8232747
16471930
17556705
20382250
13495536
14268042
3356998
16939185
17751637
15506501
8619787
15930353
13315946
15303704
18913311
21098610
15441900
12698426
9655449
23237636
20929972
16561587
13677352
16512771
16477562
20297782
18767862
13188899
12041871
18996877
17836777
18451688
13892113
14520380
10406390
14224561
18044781
16687140
9016364
17255547
18340322
15583776
14279153
15051659
4140615
17722802
17423435
16290118
9403404
16713970
10962728
14782948
19696928
21882227
16225517
13482043
9327247
13147467
21713589
17345204
14460969
17296388
17261179
21081399
11474728
13972516
12825488
18668675
16344292
19235305
14675730
12207968
11190007
15008178
18828398
17470757
9799981
10572487
8248104
12068324
15062770
15835276
4924232
18506419
18207052
17073735
10187021
17497587
11746345
3972136
20480545
22665844
17009134
14265660
10110864
13931084
17134094
18128821
15244586
9493344
13313564
21865016
12258345
14756133
13609105
19452292
17127909
20018922
15459347
12991585
11973624
15791795
19612015
18254374
10583598
11356104
9031721
12851941
15846387
16618893
5707849
9631502
18990669
17857352
10970638
18281204
12529962
4755753
18337940
23449461
17792751
15049277
10894481
14714701
16702459
18912438
16028203
10276961
14097181
22648633
13041962
15539750
14392722
19115925
15478840
19899284
16242964
13775202
12757241
16575412
20395632
19037991
11367215
12139721
9815338
13635558
15623316
17402510
6491466
10415119
19774286
18640969
11754255
19064821
13313579
5539370
7527128
23121259
18576368
15832894
11678098
15498318
17486076
19696055
16811820
11060578
14880798
16868556
13825579
13180333
15176339
15859724
16262457
20682901
17026581
14558819
13540858
14224243
21179249
19821608
12150832
12923338
10598955
14419175
16406933
14161797
7275083
11198736
13186494
19424586
12537872
19848438
14097196
6322987
8310745
20639370
19359985
16616511
12461715
13145100
16965320
18839699
17595437
11844195
15664415
17652173
14609196
13963950
15959956
5048912
17046074
21466518
17810198
15342436
14324475
15007860
20851047
19821163
12934449
13706955
11382572
15202792
17190550
14945414
8058700
11982353
12754859
20208203
13321489
20632055
14880813
7106604
9094362
21422987
20143602
17400128
13245332
13928717
17748937
19623316
18379054
10708278
16448032
18435790
15392813
14747567
16743573
5832529
11675716
15495936
18593815
16126053
15108092
15791477
17779235
20604780
13718066
14490572
3579528
15986409
16143754
15729031
8842317
12765970
13538476
20991820
14105106
21321140
15664430
7890221
9877979
22206604
20927219
16367644
14028949
14712334
16700092
20406933
19019777
11491895
17231649
19219407
15064611
15531184
17527190
6616146
12459333
16279553
19377432
16909670
9238894
16575094
18562852
17661212
14501683
15274189
4363145
16770026
16927371
16512648
9625934
13549587
14322093
16309851
13985468
17805688
16448047
8673838
10661596
22619073
21710836
17151261
14812566
15495951
17483709
9709500
19803394
12275512
16144047
20003024
15848228
16314801
14898260
7399763
13242950
15230708
17207443
17693287
10022511
14221876
18042096
18444829
15285300
16057806
5146762
17553643
17710988
17296265
10409551
14333204
15064904
17093468
14769085
18589305
16344169
9457455
11445213
15368866
16128300
17934878
15467116
16279568
18267326
10493117
20557626
13059129
13831635
20786641
16631845
17098418
15681877
8183380
12196154
16014325
17991060
18476904
10806128
15005493
18825713
17373540
16068917
16841423
5930379
18337260
18494605
18079882
11193168
15116821
12752492
16572712
15552702
19372922
17127786
10241072
11117011
14937231
16911917
18718495
16250733
17063185
19050943
11276734
13264492
13842746
14615252
20458439
17415462
17882035
16465494
8966997
12979771
16797942
18774677
19260521
11589745
12362251
10037868
13858088
16852534
17625040
6713996
19120877
19278222
18863499
11976785
15900438
13536109
5761900
16336319
20156539
17911403
11024689
11900628
15720848
17695534
19502112
17034350
11283108
15103328
12060351
14048109
14626363
15398869
16392111
18199079
18665652
17249111
9750614
13763388
17581559
19558294
20044138
12373362
13145868
10821485
10786276
17636151
18408657
7497613
11421266
19660449
19647116
12760402
16684055
14319726
6545517
17119936
20940156
18695020
11808306
11564261
16504465
18479151
20285729
17817967
12066725
15886945
12843968
14831726
15409980
16182486
17175728
17268604
19449269
17420945
10534231
14547005
16445642
20341911
20827755
13156979
13929485
11605102
11569893
17413080
19192274
8281230
12204883
19733637
20430733
13544019
17467672
15103343
7329134
9316892
21723773
19478637
12591923
12347878
17288082
19262768
21069346
18601584
12850342
16670562
13627585
15615343
14970097
16966103
17649488
18052221
20232886
18204562
11317848
15330622
16014007
21125528
21611372
13940596
14713102
12388719
12353510
18196697
15951561
9064847
12988500
14976258
21214350
14327636
18251289
15886960
8112751
10100509
21395571
20262254
13375540
13131495
14934864
18755084
20629463
19385201
13633959
17454179
13299383
16398960
15753714
17749720
6838676
18835838
21016503
18988179
12101465
16114239
5203195
16496208
20316428
14724213
15496719
13172336
13137127
18980314
16735178
9848464
13772117
14544623
12220240
15111253
19034906
15649349
8896368
10884126
22179188
21045871
14159157
13915112
4124052
7944272
21413080
20168818
12498042
18237796
14083000
17182577
16537331
18533337
7622293
13465480
17285700
19771796
12885082
16897856
5986812
17279825
21100045
15507830
16280336
5369292
13920744
17933518
17518795
10632081
14555734
15328240
13003857
15894870
19818523
16432966
9679985
11667743
22102072
21829488
14942774
14698729
4907669
8727889
22196697
20809541
13281659
19021413
14866617
16854375
17320948
19316954
8405910
14249097
18069317
20555413
13668699
11028658
6770429
18063442
19450976
16291447
17063953
6152909
14704361
18717135
18302412
11415698
15339351
16111857
13787474
15775232
19595452
17216583
10463602
12451360
22885689
22613105
15726391
15482346
5691286
9511506
11499264
21593158
14065276
17933811
15650234
17637992
18104565
16688024
9189527
15032714
17020472
18997207
14452316
11812275
7554046
18847059
20234593
17075064
17847570
6936526
14376159
18196379
19086029
12199315
15432371
16854668
14571091
16558849
16523640
18000200
11247219
13234977
17158630
17918064
16510008
16265963
6474903
10295123
12282881
22347390
14848893
15621399
13297016
17117236
18888182
17471641
9973144
13985918
17804089
19780824
15235933
12595892
8337663
9021048
19163304
17858681
18631187
7720143
15159776
18979996
19869646
12982932
16215988
14542256
15354708
17342466
17307257
18783817
12030836
12906775
16726995
18701681
17293625
17049580
7258520
11078740
13066498
15054256
15632510
16405016
14080633
17900853
19671799
18255258
10756761
14680414
18587706
20564441
16019550
13379509
9121280
9804665
15647852
18642298
19414804
8503760
15943393
19763613
20653263
13766549
16999605
15325873
7551664
18126083
18090874
19567434
12814453
13690392
17510612
19485298
18077242
17833197
8042137
11862357
13850115
15837873
16416127
17188633
14864250
18684470
20455416
19038875
11540378
15464031
19371323
21348058
16803167
14163126
9904897
10588282
12576040
19425915
20198421
9287377
13211030
20547230
10940559
14550166
17783222
16109490
8335281
18909700
18874491
18229245
13598070
13354025
18294229
20268915
17957604
18616814
8825754
12645974
14633732
16621490
17199744
17972250
15647867
19058368
9861416
13681636
12323995
16247648
18235406
22131675
17586784
14946743
10688514
11371899
13359657
19202844
20982038
10070994
13994647
18194012
11724176
15333783
18566839
16893107
9118898
11106656
19658108
19012862
14381687
10097824
19037040
21052532
18741221
16496085
9609371
13429591
15417349
17405107
16759861
18755867
10940852
19841985
10645033
14465253
13107612
17031265
17803771
22915292
12004248
15730360
11472131
12155516
14143274
19986461
17741325
10854611
14778264
16766022
12507793
16117400
19350456
15757190
9902515
11890273
20441725
19796479
15165304
10881441
16724628
20544848
19524838
17279702
10392988
14213208
15089147
18188724
17543478
11512675
8628440
20625602
11428650
15248870
13891229
17814882
6992959
18285972
12787865
16513977
12255748
12939133
14926891
20770078
18524942
11638228
15561881
16334387
13291410
16901017
20134073
16540807
10686132
12673890
20113523
20580096
15948921
11665058
5913816
9734036
20308455
17172041
11176605
14996825
15872764
18972341
18327095
12296292
9412057
15255244
12212267
16032487
14674846
18598499
7776576
19069589
13571482
17297594
13039365
7159056
15710508
19723282
19308559
12421845
16345498
17118004
14075027
14758412
20917690
17324424
11469749
13457507
20897140
21363713
16732538
12448675
6697433
10517653
21092072
17955658
11960222
15780442
15536397
18644139
19110712
13079909
10195674
16038861
12995884
16816104
15458463
12818422
8560193
19853206
14355099
18081211
13822982
7942673
16494125
20417778
20092176
13205462
17129115
17901621
14858644
15542029
21385216
18108041
12253366
14241124
21680757
22147330
17516155
13232292
7481050
11301270
13289028
18739275
12743839
16564059
15609585
19427756
19894329
13863526
10979291
16822478
13779501
17599721
16242080
13602039
9343810
20636823
15138716
18864828
14606599
8726290
16165923
19986143
20875793
13989079
17222135
18644432
14530442
16325646
18313404
17026821
13036983
15024741
18948394
19707828
16677923
14015909
8264667
12084887
14072645
19522892
13527456
17347676
15086780
18907000
20677946
14647143
11762908
15775682
13451299
17271519
17025697
14385656
10127427
10810812
15922333
19648445
15390216
9509907
16949540
9175331
20468344
14772696
18005752
16332020
15314059
17109263
19097021
17810438
13820600
14696539
12372156
16192376
17461540
14799526
9048284
12868504
14856262
16844020
14311073
18131293
15870397
8096188
11916408
15430760
12546525
16470178
14234916
18055136
17809314
15169273
10911044
