0
1535802535
893822518
251842501
1787645036
1145665019
503685002
2039487537
1397507520
755527503
113547486
1649350021
1007370004
365389987
1901192522
1259212505
617232488
2153035023
1511055006
869074989
227094972
1762897507
1120917490
478937473
2014740008
1372759991
730779974
88799957
1624602492
982622475
340642458
1876444993
1234464976
592484959
2128287494
1486307477
844327460
202347443
1738149978
1096169961
454189944
1989992479
1348012462
706032445
64052428
1599854963
957874946
315894929
1851697464
1209717447
567737430
2103539965
1461559948
819579931
177599914
1713402449
1071422432
429442415
1965244950
1323264933
681284916
39304899
1575107434
933127417
291147400
1826949935
1184969918
542989901
2078792436
1436812419
794832402
152852385
1688654920
1046674903
404694886
1940497421
1298517404
656537387
14557370
1550359905
908379888
266399871
1802202406
1160222389
518242372
2054044907
1412064890
770084873
128104856
1663907391
1021927374
379947357
1915749892
1273769875
631789858
2167592393
1525612376
883632359
241652342
1777454877
1135474860
493494843
2029297378
1387317361
745337344
103357327
1639159862
997179845
355199828
1891002363
1249022346
607042329
2142844864
1500864847
858884830
216904813
1752707348
1110727331
468747314
2004549849
1362569832
720589815
78609798
1614412333
972432316
330452299
1866254834
1224274817
582294800
2118097335
1476117318
834137301
192157284
1727959819
1085979802
443999785
1979802320
1337822303
695842286
53862269
1589664804
947684787
305704770
1841507305
1199527288
557547271
2093349806
1451369789
809389772
167409755
1703212290
1061232273
419252256
1955054791
1313074774
671094757
29114740
1564917275
922937258
280957241
1816759776
1174779759
532799742
2068602277
1426622260
784642243
142662226
1678464761
1036484744
394504727
1930307262
1288327245
646347228
4367211
1540169746
898189729
256209712
1792012247
1150032230
508052213
2043854748
1401874731
759894714
117914697
1653717232
1011737215
369757198
1905559733
1263579716
621599699
2157402234
1515422217
873442200
231462183
1767264718
1125284701
483304684
2019107219
1377127202
735147185
93167168
1628969703
986989686
345009669
1880812204
1238832187
596852170
2132654705
1490674688
848694671
206714654
1742517189
1100537172
458557155
1994359690
1352379673
710399656
68419639
1604222174
962242157
320262140
1856064675
1214084658
572104641
2107907176
1465927159
823947142
181967125
1717769660
1075789643
433809626
1969612161
1327632144
685652127
43672110
1579474645
937494628
295514611
1831317146
1189337129
547357112
2083159647
1441179630
799199613
157219596
1693022131
1051042114
409062097
1944864632
1302884615
660904598
18924581
1554727116
912747099
270767082
1806569617
1164589600
522609583
2058412118
1416432101
774452084
132472067
1668274602
1026294585
384314568
1920117103
1278137086
636157069
2171959604
1529979587
887999570
246019553
1781822088
1139842071
497862054
2033664589
1391684572
749704555
107724538
1643527073
1001547056
359567039
1895369574
1253389557
611409540
2147212075
1505232058
863252041
221272024
1757074559
1115094542
473114525
2008917060
1366937043
724957026
82977009
1618779544
976799527
334819510
1870622045
1228642028
586662011
2122464546
1480484529
838504512
196524495
1732327030
1090347013
448366996
1984169531
1342189514
700209497
58229480
1594032015
952051998
310071981
1845874516
1203894499
561914482
2097717017
1455737000
813756983
171776966
1707579501
1065599484
423619467
1959422002
1317441985
675461968
33481951
1569284486
927304469
285324452
1821126987
1179146970
537166953
2072969488
1430989471
789009454
147029437
1682831972
1040851955
398871938
1934674473
1292694456
650714439
8734422
1544536957
902556940
260576923
1796379458
1154399441
512419424
2048221959
1406241942
764261925
122281908
1658084443
1016104426
374124409
1909926944
1267946927
625966910
2161769445
1519789428
877809411
235829394
1771631929
1129651912
487671895
2023474430
1381494413
739514396
97534379
1633336914
991356897
349376880
1885179415
1243199398
601219381
2137021916
1495041899
853061882
211081865
1746884400
1104904383
462924366
1998726901
1356746884
714766867
72786850
1608589385
966609368
324629351
1860431886
1218451869
576471852
2112274387
1470294370
828314353
186334336
1722136871
1080156854
438176837
1973979372
1331999355
690019338
48039321
1583841856
941861839
299881822
1835684357
1193704340
551724323
2087526858
1445546841
803566824
161586807
1697389342
1055409325
413429308
1949231843
1307251826
665271809
23291792
1559094327
917114310
275134293
1810936828
1168956811
526976794
2062779329
1420799312
778819295
136839278
1672641813
1030661796
388681779
1924484314
1282504297
640524280
2176326815
1534346798
892366781
250386764
1786189299
1144209282
502229265
2038031800
1396051783
754071766
112091749
1647894284
1005914267
363934250
1899736785
1257756768
615776751
2151579286
1509599269
867619252
225639235
1761441770
1119461753
477481736
2013284271
1371304254
729324237
87344220
1623146755
981166738
339186721
1874989256
1233009239
591029222
2126831757
1484851740
842871723
200891706
1736694241
1094714224
452734207
1988536742
1346556725
704576708
62596691
1598399226
956419209
314439192
1850241727
1208261710
566281693
2102084228
1460104211
818124194
176144177
1711946712
1069966695
427986678
1963789213
1321809196
679829179
37849162
1573651697
931671680
289691663
1825494198
1183514181
541534164
2077336699
1435356682
793376665
151396648
1687199183
1045219166
403239149
1939041684
1297061667
655081650
13101633
1548904168
906924151
264944134
1800746669
1158766652
516786635
2052589170
1410609153
768629136
126649119
1662451654
1020471637
378491620
1914294155
1272314138
630334121
2166136656
1524156639
882176622
240196605
1775999140
1134019123
492039106
2027841641
1385861624
743881607
101901590
1637704125
995724108
353744091
1889546626
1247566609
605586592
2141389127
1499409110
857429093
215449076
1751251611
1109271594
467291577
2003094112
1361114095
719134078
77154061
1612956596
970976579
328996562
1864799097
1222819080
580839063
2116641598
1474661581
832681564
190701547
1726504082
1084524065
442544048
1978346583
1336366566
694386549
52406532
1588209067
946229050
304249033
1840051568
1198071551
556091534
2091894069
1449914052
807934035
165954018
1701756553
1059776536
417796519
1953599054
1311619037
669639020
27659003
1563461538
921481521
279501504
1815304039
1173324022
531344005
2067146540
1425166523
783186506
141206489
1677009024
1035029007
393048990
1928851525
1286871508
644891491
2911474
1538714009
896733992
254753975
1790556510
1148576493
506596476
2042399011
1400418994
758438977
116458960
1652261495
1010281478
368301461
1904103996
1262123979
620143962
2155946497
1513966480
871986463
230006446
1765808981
1123828964
481848947
2017651482
1375671465
733691448
91711431
1627513966
985533949
343553932
1879356467
1237376450
595396433
2131198968
1489218951
847238934
205258917
1741061452
1099081435
457101418
1992903953
1350923936
708943919
66963902
1602766437
960786420
318806403
1854608938
1212628921
570648904
2106451439
1464471422
822491405
180511388
1716313923
1074333906
432353889
1968156424
1326176407
684196390
42216373
1578018908
936038891
294058874
1829861409
1187881392
545901375
2081703910
1439723893
797743876
155763859
1691566394
1049586377
407606360
1943408895
1301428878
659448861
17468844
1553271379
911291362
269311345
1805113880
1163133863
521153846
2056956381
1414976364
772996347
131016330
1666818865
1024838848
382858831
1918661366
1276681349
634701332
2170503867
1528523850
886543833
244563816
1780366351
1138386334
496406317
2032208852
1390228835
748248818
106268801
1642071336
1000091319
358111302
1893913837
1251933820
609953803
2145756338
1503776321
861796304
219816287
1755618822
1113638805
471658788
2007461323
1365481306
723501289
81521272
1617323807
975343790
333363773
1869166308
1227186291
585206274
2121008809
1479028792
837048775
195068758
1730871293
1088891276
446911259
1982713794
1340733777
698753760
56773743
1592576278
950596261
308616244
1844418779
1202438762
560458745
2096261280
1454281263
812301246
170321229
1706123764
1064143747
422163730
1957966265
1315986248
674006231
32026214
1567828749
925848732
283868715
1819671250
1177691233
535711216
2071513751
1429533734
787553717
145573700
1681376235
1039396218
397416201
1933218736
1291238719
649258702
7278685
1543081220
901101203
259121186
1794923721
1152943704
510963687
2046766222
1404786205
762806188
120826171
1656628706
1014648689
372668672
1908471207
1266491190
624511173
2160313708
1518333691
876353674
234373657
1770176192
1128196175
486216158
2022018693
1380038676
738058659
96078642
1631881177
989901160
347921143
1883723678
1241743661
599763644
2135566179
1493586162
851606145
209626128
1745428663
1103448646
461468629
1997271164
1355291147
713311130
71331113
1607133648
965153631
323173614
1858976149
1216996132
575016115
2110818650
1468838633
826858616
184878599
1720681134
1078701117
436721100
1972523635
1330543618
688563601
46583584
1582386119
940406102
298426085
1834228620
1192248603
550268586
2086071121
1444091104
802111087
160131070
1695933605
1053953588
411973571
1947776106
1305796089
663816072
21836055
1557638590
915658573
273678556
1809481091
1167501074
525521057
2061323592
1419343575
777363558
135383541
1671186076
1029206059
387226042
1923028577
1281048560
639068543
2174871078
1532891061
890911044
248931027
1784733562
1142753545
500773528
2036576063
1394596046
752616029
110636012
1646438547
1004458530
362478513
1898281048
1256301031
614321014
2150123549
1508143532
866163515
224183498
1759986033
1118006016
476025999
2011828534
1369848517
727868500
85888483
1621691018
979711001
337730984
1873533519
1231553502
589573485
2125376020
1483396003
841415986
199435969
1735238504
1093258487
451278470
1987081005
1345100988
703120971
61140954
1596943489
954963472
312983455
1848785990
1206805973
564825956
2100628491
1458648474
816668457
174688440
1710490975
1068510958
426530941
1962333476
1320353459
678373442
36393425
1572195960
930215943
288235926
1824038461
1182058444
540078427
2075880962
1433900945
791920928
149940911
1685743446
1043763429
401783412
1937585947
1295605930
653625913
11645896
1547448431
905468414
263488397
1799290932
1157310915
515330898
2051133433
1409153416
767173399
125193382
1660995917
1019015900
377035883
1912838418
1270858401
628878384
2164680919
1522700902
880720885
238740868
1774543403
1132563386
490583369
2026385904
1384405887
742425870
100445853
1636248388
994268371
352288354
1888090889
1246110872
604130855
2139933390
1497953373
855973356
213993339
1749795874
1107815857
465835840
2001638375
1359658358
717678341
75698324
1611500859
969520842
327540825
1863343360
1221363343
579383326
2115185861
1473205844
831225827
189245810
1725048345
1083068328
441088311
1976890846
1334910829
692930812
50950795
1586753330
944773313
302793296
1838595831
1196615814
554635797
2090438332
1448458315
806478298
164498281
1700300816
1058320799
416340782
1952143317
1310163300
668183283
26203266
1562005801
920025784
278045767
1813848302
1171868285
529888268
2065690803
1423710786
781730769
139750752
1675553287
1033573270
391593253
1927395788
1285415771
643435754
1455737
1537258272
895278255
253298238
1789100773
1147120756
505140739
2040943274
1398963257
756983240
115003223
1650805758
1008825741
366845724
1902648259
1260668242
618688225
2154490760
1512510743
870530726
228550709
1764353244
1122373227
480393210
2016195745
1374215728
732235711
90255694
1626058229
984078212
342098195
1877900730
1235920713
593940696
2129743231
1487763214
845783197
203803180
1739605715
1097625698
455645681
1991448216
1349468199
707488182
65508165
1601310700
959330683
317350666
1853153201
1211173184
569193167
2104995702
1463015685
821035668
179055651
1714858186
1072878169
430898152
1966700687
1324720670
682740653
40760636
1576563171
934583154
292603137
1828405672
1186425655
544445638
2080248173
1438268156
796288139
154308122
1690110657
1048130640
406150623
1941953158
1299973141
657993124
16013107
1551815642
909835625
267855608
1803658143
1161678126
519698109
2055500644
1413520627
771540610
129560593
1665363128
1023383111
381403094
1917205629
1275225612
633245595
2169048130
1527068113
885088096
243108079
1778910614
1136930597
494950580
2030753115
1388773098
746793081
104813064
1640615599
998635582
356655565
1892458100
1250478083
608498066
2144300601
1502320584
860340567
218360550
1754163085
1112183068
470203051
2006005586
1364025569
722045552
80065535
1615868070
973888053
331908036
1867710571
1225730554
583750537
2119553072
1477573055
835593038
193613021
1729415556
1087435539
445455522
1981258057
1339278040
697298023
55318006
1591120541
949140524
307160507
1842963042
1200983025
559003008
2094805543
1452825526
810845509
168865492
1704668027
1062688010
420707993
1956510528
1314530511
672550494
30570477
1566373012
924392995
282412978
1818215513
1176235496
534255479
2070058014
1428077997
786097980
144117963
1679920498
1037940481
395960464
1931762999
1289782982
647802965
5822948
1541625483
899645466
257665449
1793467984
1151487967
509507950
2045310485
1403330468
761350451
119370434
1655172969
1013192952
371212935
1907015470
1265035453
623055436
2158857971
1516877954
874897937
232917920
1768720455
1126740438
484760421
2020562956
1378582939
736602922
94622905
1630425440
988445423
346465406
1882267941
1240287924
598307907
2134110442
1492130425
850150408
208170391
1743972926
1101992909
460012892
1995815427
1353835410
711855393
69875376
1605677911
963697894
321717877
1857520412
1215540395
573560378
2109362913
1467382896
825402879
183422862
1719225397
1077245380
435265363
1971067898
1329087881
687107864
45127847
1580930382
938950365
296970348
1832772883
1190792866
548812849
2084615384
1442635367
800655350
158675333
1694477868
1052497851
410517834
1946320369
1304340352
662360335
20380318
1556182853
914202836
272222819
1808025354
1166045337
524065320
2059867855
1417887838
775907821
133927804
1669730339
1027750322
385770305
1921572840
1279592823
637612806
2173415341
1531435324
889455307
247475290
1783277825
1141297808
499317791
2035120326
1393140309
751160292
109180275
1644982810
1003002793
361022776
1896825311
1254845294
612865277
2148667812
1506687795
864707778
222727761
1758530296
1116550279
474570262
2010372797
1368392780
726412763
84432746
1620235281
978255264
336275247
1872077782
1230097765
588117748
2123920283
1481940266
839960249
197980232
1733782767
1091802750
449822733
1985625268
1343645251
701665234
59685217
1595487752
953507735
311527718
1847330253
1205350236
563370219
2099172754
1457192737
815212720
173232703
1709035238
1067055221
425075204
1960877739
1318897722
676917705
34937688
1570740223
928760206
286780189
1822582724
1180602707
538622690
2074425225
1432445208
790465191
148485174
1684287709
1042307692
400327675
1936130210
1294150193
652170176
10190159
1545992694
904012677
262032660
1797835195
1155855178
513875161
2049677696
1407697679
765717662
123737645
1659540180
1017560163
375580146
1911382681
1269402664
627422647
2163225182
1521245165
879265148
237285131
1773087666
1131107649
489127632
2024930167
1382950150
740970133
98990116
1634792651
992812634
350832617
1886635152
1244655135
602675118
2138477653
1496497636
854517619
212537602
1748340137
1106360120
464380103
2000182638
1358202621
716222604
74242587
1610045122
968065105
326085088
1861887623
1219907606
577927589
2113730124
1471750107
829770090
187790073
1723592608
1081612591
439632574
1975435109
1333455092
691475075
49495058
1585297593
943317576
301337559
1837140094
1195160077
553180060
2088982595
1447002578
805022561
163042544
1698845079
1056865062
414885045
1950687580
1308707563
666727546
24747529
1560550064
918570047
276590030
1812392565
1170412548
528432531
2064235066
1422255049
780275032
138295015
1674097550
1032117533
390137516
1925940051
1283960034
641980017
