0
369116495
738232990
1107349485
357137055
726253550
1095370045
345157615
714274110
1083390605
333178175
702294670
1071411165
321198735
690315230
1059431725
309219295
678335790
1047452285
297239855
666356350
1035472845
285260415
654376910
1023493405
273280975
642397470
1011513965
261301535
630418030
999534525
249322095
618438590
987555085
237342655
606459150
975575645
225363215
594479710
963596205
213383775
582500270
951616765
201404335
570520830
939637325
189424895
558541390
927657885
177445455
546561950
915678445
165466015
534582510
903699005
153486575
522603070
891719565
141507135
510623630
879740125
129527695
498644190
867760685
117548255
486664750
855781245
105568815
474685310
843801805
93589375
462705870
831822365
81609935
450726430
819842925
69630495
438746990
807863485
57651055
426767550
795884045
45671615
414788110
783904605
33692175
402808670
771925165
21712735
390829230
759945725
9733295
378849790
747966285
1117082780
366870350
735986845
1105103340
354890910
724007405
1093123900
342911470
712027965
1081144460
330932030
700048525
1069165020
318952590
688069085
1057185580
306973150
676089645
1045206140
294993710
664110205
1033226700
283014270
652130765
1021247260
271034830
640151325
1009267820
259055390
628171885
997288380
247075950
616192445
985308940
235096510
604213005
973329500
223117070
592233565
961350060
211137630
580254125
949370620
199158190
568274685
937391180
187178750
556295245
925411740
175199310
544315805
913432300
163219870
532336365
901452860
151240430
520356925
889473420
139260990
508377485
877493980
127281550
496398045
865514540
115302110
484418605
853535100
103322670
472439165
841555660
91343230
460459725
829576220
79363790
448480285
817596780
67384350
436500845
805617340
55404910
424521405
793637900
43425470
412541965
781658460
31446030
400562525
769679020
19466590
388583085
757699580
7487150
376603645
745720140
1114836635
364624205
733740700
1102857195
352644765
721761260
1090877755
340665325
709781820
1078898315
328685885
697802380
1066918875
316706445
685822940
1054939435
304727005
673843500
1042959995
292747565
661864060
1030980555
280768125
649884620
1019001115
268788685
637905180
1007021675
256809245
625925740
995042235
244829805
613946300
983062795
232850365
601966860
971083355
220870925
589987420
959103915
208891485
578007980
947124475
196912045
566028540
935145035
184932605
554049100
923165595
172953165
542069660
911186155
160973725
530090220
899206715
148994285
518110780
887227275
137014845
506131340
875247835
125035405
494151900
863268395
113055965
482172460
851288955
101076525
470193020
839309515
89097085
458213580
827330075
77117645
446234140
815350635
65138205
434254700
803371195
53158765
422275260
791391755
41179325
410295820
779412315
29199885
398316380
767432875
17220445
386336940
755453435
5241005
374357500
743473995
1112590490
362378060
731494555
1100611050
350398620
719515115
1088631610
338419180
707535675
1076652170
326439740
695556235
1064672730
314460300
683576795
1052693290
302480860
671597355
1040713850
290501420
659617915
1028734410
278521980
647638475
1016754970
266542540
635659035
1004775530
254563100
623679595
992796090
242583660
611700155
980816650
230604220
599720715
968837210
218624780
587741275
956857770
206645340
575761835
944878330
194665900
563782395
932898890
182686460
551802955
920919450
170707020
539823515
908940010
158727580
527844075
896960570
146748140
515864635
884981130
134768700
503885195
873001690
122789260
491905755
861022250
110809820
479926315
849042810
98830380
467946875
837063370
86850940
455967435
825083930
74871500
443987995
813104490
62892060
432008555
801125050
50912620
420029115
789145610
38933180
408049675
777166170
26953740
396070235
765186730
14974300
384090795
753207290
2994860
372111355
741227850
1110344345
360131915
729248410
1098364905
348152475
717268970
1086385465
336173035
705289530
1074406025
324193595
693310090
1062426585
312214155
681330650
1050447145
300234715
669351210
1038467705
288255275
657371770
1026488265
276275835
645392330
1014508825
264296395
633412890
1002529385
252316955
621433450
990549945
240337515
609454010
978570505
228358075
597474570
966591065
216378635
585495130
954611625
204399195
573515690
942632185
192419755
561536250
930652745
180440315
549556810
918673305
168460875
537577370
906693865
156481435
525597930
894714425
144501995
513618490
882734985
132522555
501639050
870755545
120543115
489659610
858776105
108563675
477680170
846796665
96584235
465700730
834817225
84604795
453721290
822837785
72625355
441741850
810858345
60645915
429762410
798878905
48666475
417782970
786899465
36687035
405803530
774920025
24707595
393824090
762940585
12728155
381844650
750961145
748715
369865210
738981705
1108098200
357885770
727002265
1096118760
345906330
715022825
1084139320
333926890
703043385
1072159880
321947450
691063945
1060180440
309968010
679084505
1048201000
297988570
667105065
1036221560
286009130
655125625
1024242120
274029690
643146185
1012262680
262050250
631166745
1000283240
250070810
619187305
988303800
238091370
607207865
976324360
226111930
595228425
964344920
214132490
583248985
952365480
202153050
571269545
940386040
190173610
559290105
928406600
178194170
547310665
916427160
166214730
535331225
904447720
154235290
523351785
892468280
142255850
511372345
880488840
130276410
499392905
868509400
118296970
487413465
856529960
106317530
475434025
844550520
94338090
463454585
832571080
82358650
451475145
820591640
70379210
439495705
808612200
58399770
427516265
796632760
46420330
415536825
784653320
34440890
403557385
772673880
22461450
391577945
760694440
10482010
379598505
748715000
1117831495
367619065
736735560
1105852055
355639625
724756120
1093872615
343660185
712776680
1081893175
331680745
700797240
1069913735
319701305
688817800
1057934295
307721865
676838360
1045954855
295742425
664858920
1033975415
283762985
652879480
1021995975
271783545
640900040
1010016535
259804105
628920600
998037095
247824665
616941160
986057655
235845225
604961720
974078215
223865785
592982280
962098775
211886345
581002840
950119335
199906905
569023400
938139895
187927465
557043960
926160455
175948025
545064520
914181015
163968585
533085080
902201575
151989145
521105640
890222135
140009705
509126200
878242695
128030265
497146760
866263255
116050825
485167320
854283815
104071385
473187880
842304375
92091945
461208440
830324935
80112505
449229000
818345495
68133065
437249560
806366055
56153625
425270120
794386615
44174185
413290680
782407175
32194745
401311240
770427735
20215305
389331800
758448295
8235865
377352360
746468855
1115585350
365372920
734489415
1103605910
353393480
722509975
1091626470
341414040
710530535
1079647030
329434600
698551095
1067667590
317455160
686571655
1055688150
305475720
674592215
1043708710
293496280
662612775
1031729270
281516840
650633335
1019749830
269537400
638653895
1007770390
257557960
626674455
995790950
245578520
614695015
983811510
233599080
602715575
971832070
221619640
590736135
959852630
209640200
578756695
947873190
197660760
566777255
935893750
185681320
554797815
923914310
173701880
542818375
911934870
161722440
530838935
899955430
149743000
518859495
887975990
137763560
506880055
875996550
125784120
494900615
864017110
113804680
482921175
852037670
101825240
470941735
840058230
89845800
458962295
828078790
77866360
446982855
816099350
65886920
435003415
804119910
53907480
423023975
792140470
41928040
411044535
780161030
29948600
399065095
768181590
17969160
387085655
756202150
5989720
375106215
744222710
1113339205
363126775
732243270
1101359765
351147335
720263830
1089380325
339167895
708284390
1077400885
327188455
696304950
1065421445
315209015
684325510
1053442005
303229575
672346070
1041462565
291250135
660366630
1029483125
279270695
648387190
1017503685
267291255
636407750
1005524245
255311815
624428310
993544805
243332375
612448870
981565365
231352935
600469430
969585925
219373495
588489990
957606485
207394055
576510550
945627045
195414615
564531110
933647605
183435175
552551670
921668165
171455735
540572230
909688725
159476295
528592790
897709285
147496855
516613350
885729845
135517415
504633910
873750405
123537975
492654470
861770965
111558535
480675030
849791525
99579095
468695590
837812085
87599655
456716150
825832645
75620215
444736710
813853205
63640775
432757270
801873765
51661335
420777830
789894325
39681895
408798390
777914885
27702455
396818950
765935445
15723015
384839510
753956005
3743575
372860070
741976565
1111093060
360880630
729997125
1099113620
348901190
718017685
1087134180
336921750
706038245
1075154740
324942310
694058805
1063175300
312962870
682079365
1051195860
300983430
670099925
1039216420
289003990
658120485
1027236980
277024550
646141045
1015257540
265045110
634161605
1003278100
253065670
622182165
991298660
241086230
610202725
979319220
229106790
598223285
967339780
217127350
586243845
955360340
205147910
574264405
943380900
193168470
562284965
931401460
181189030
550305525
919422020
169209590
538326085
907442580
157230150
526346645
895463140
145250710
514367205
883483700
133271270
502387765
871504260
121291830
490408325
859524820
109312390
478428885
847545380
97332950
466449445
835565940
85353510
454470005
823586500
73374070
442490565
811607060
61394630
430511125
799627620
49415190
418531685
787648180
37435750
406552245
775668740
25456310
394572805
763689300
13476870
382593365
751709860
1497430
370613925
739730420
1108846915
358634485
727750980
1096867475
346655045
715771540
1084888035
334675605
703792100
1072908595
322696165
691812660
1060929155
310716725
679833220
1048949715
298737285
667853780
1036970275
286757845
655874340
1024990835
274778405
643894900
1013011395
262798965
631915460
1001031955
250819525
619936020
989052515
238840085
607956580
977073075
226860645
595977140
965093635
214881205
583997700
953114195
202901765
572018260
941134755
190922325
560038820
929155315
178942885
548059380
917175875
166963445
536079940
905196435
154984005
524100500
893216995
143004565
512121060
881237555
131025125
500141620
869258115
119045685
488162180
857278675
107066245
476182740
845299235
95086805
464203300
833319795
83107365
452223860
821340355
71127925
440244420
809360915
59148485
428264980
797381475
47169045
416285540
785402035
35189605
404306100
773422595
23210165
392326660
761443155
11230725
380347220
749463715
1118580210
368367780
737484275
1106600770
356388340
725504835
1094621330
344408900
713525395
1082641890
332429460
701545955
1070662450
320450020
689566515
1058683010
308470580
677587075
1046703570
296491140
665607635
1034724130
284511700
653628195
1022744690
272532260
641648755
1010765250
260552820
629669315
998785810
248573380
617689875
986806370
236593940
605710435
974826930
224614500
593730995
962847490
212635060
581751555
950868050
200655620
569772115
938888610
188676180
557792675
926909170
176696740
545813235
914929730
164717300
533833795
902950290
152737860
521854355
890970850
140758420
509874915
878991410
128778980
497895475
867011970
116799540
485916035
855032530
104820100
473936595
843053090
92840660
461957155
831073650
80861220
449977715
819094210
68881780
437998275
807114770
56902340
426018835
795135330
44922900
414039395
783155890
32943460
402059955
771176450
20964020
390080515
759197010
8984580
378101075
747217570
1116334065
366121635
735238130
1104354625
354142195
723258690
1092375185
342162755
711279250
1080395745
330183315
699299810
1068416305
318203875
687320370
1056436865
306224435
675340930
1044457425
294244995
663361490
1032477985
282265555
651382050
1020498545
270286115
639402610
1008519105
258306675
627423170
996539665
246327235
615443730
984560225
234347795
603464290
972580785
222368355
591484850
960601345
210388915
579505410
948621905
198409475
567525970
936642465
186430035
555546530
924663025
174450595
543567090
912683585
162471155
531587650
900704145
150491715
519608210
888724705
138512275
507628770
876745265
126532835
495649330
864765825
114553395
483669890
852786385
102573955
471690450
840806945
90594515
459711010
828827505
78615075
447731570
816848065
66635635
435752130
804868625
54656195
423772690
792889185
42676755
411793250
780909745
30697315
399813810
768930305
18717875
387834370
756950865
6738435
375854930
744971425
1114087920
363875490
732991985
1102108480
351896050
721012545
1090129040
339916610
709033105
1078149600
327937170
697053665
1066170160
315957730
685074225
1054190720
303978290
673094785
1042211280
291998850
661115345
1030231840
280019410
649135905
1018252400
268039970
637156465
1006272960
256060530
625177025
994293520
244081090
613197585
982314080
232101650
601218145
970334640
220122210
589238705
958355200
208142770
577259265
946375760
196163330
565279825
934396320
184183890
553300385
922416880
172204450
541320945
910437440
160225010
529341505
898458000
148245570
517362065
886478560
136266130
505382625
874499120
124286690
493403185
862519680
112307250
481423745
850540240
100327810
469444305
838560800
88348370
457464865
826581360
76368930
445485425
814601920
64389490
433505985
802622480
52410050
421526545
790643040
40430610
409547105
778663600
28451170
397567665
766684160
16471730
385588225
754704720
4492290
373608785
742725280
1111841775
361629345
730745840
1099862335
349649905
718766400
1087882895
337670465
706786960
1075903455
325691025
694807520
1063924015
313711585
682828080
1051944575
301732145
670848640
1039965135
289752705
658869200
1027985695
277773265
646889760
1016006255
265793825
634910320
1004026815
253814385
622930880
992047375
241834945
610951440
980067935
229855505
598972000
968088495
217876065
586992560
956109055
205896625
575013120
944129615
193917185
563033680
932150175
181937745
551054240
920170735
169958305
539074800
908191295
157978865
527095360
896211855
145999425
515115920
884232415
134019985
503136480
872252975
122040545
491157040
860273535
110061105
479177600
848294095
98081665
467198160
836314655
86102225
455218720
824335215
74122785
443239280
812355775
62143345
431259840
800376335
50163905
419280400
788396895
38184465
407300960
776417455
26205025
395321520
764438015
14225585
383342080
752458575
2246145
371362640
740479135
1109595630
359383200
728499695
1097616190
347403760
716520255
1085636750
335424320
704540815
1073657310
323444880
692561375
1061677870
311465440
680581935
1049698430
299486000
668602495
1037718990
287506560
656623055
1025739550
275527120
644643615
1013760110
263547680
632664175
1001780670
251568240
620684735
989801230
239588800
608705295
977821790
227609360
596725855
965842350
215629920
584746415
953862910
203650480
572766975
941883470
191671040
560787535
929904030
179691600
548808095
917924590
167712160
536828655
905945150
155732720
524849215
893965710
143753280
512869775
881986270
131773840
500890335
870006830
119794400
488910895
858027390
107814960
476931455
846047950
95835520
464952015
834068510
83856080
452972575
822089070
71876640
440993135
810109630
59897200
429013695
798130190
47917760
417034255
786150750
35938320
405054815
774171310
23958880
393075375
762191870
11979440
381095935
750212430
