0
-1
279742667
-1
182812084
-1
85881501
-1
365624168
-1
268693585
-1
171763002
-1
74832419
-1
354575086
-1
257644503
-1
160713920
-1
63783337
-1
343526004
-1
246595421
-1
149664838
-1
52734255
-1
332476922
-1
235546339
-1
138615756
-1
41685173
-1
321427840
-1
224497257
-1
127566674
-1
30636091
-1
310378758
-1
213448175
-1
116517592
-1
19587009
-1
299329676
-1
202399093
-1
105468510
-1
8537927
-1
288280594
-1
191350011
-1
94419428
-1
374162095
-1
277231512
-1
180300929
-1
83370346
-1
363113013
-1
266182430
-1
169251847
-1
72321264
-1
352063931
-1
255133348
-1
158202765
-1
61272182
-1
341014849
-1
244084266
-1
147153683
-1
50223100
-1
329965767
-1
233035184
-1
136104601
-1
39174018
-1
318916685
-1
221986102
-1
125055519
-1
28124936
-1
307867603
-1
210937020
-1
114006437
-1
17075854
-1
296818521
-1
199887938
-1
102957355
-1
6026772
-1
285769439
-1
188838856
-1
91908273
-1
371650940
-1
274720357
-1
177789774
-1
80859191
-1
360601858
-1
263671275
-1
166740692
-1
69810109
-1
349552776
-1
252622193
-1
155691610
-1
58761027
-1
338503694
-1
241573111
-1
144642528
-1
47711945
-1
327454612
-1
230524029
-1
133593446
-1
36662863
-1
316405530
-1
219474947
-1
122544364
-1
25613781
-1
305356448
-1
208425865
-1
111495282
-1
14564699
-1
294307366
-1
197376783
-1
100446200
-1
3515617
-1
283258284
-1
186327701
-1
89397118
-1
369139785
-1
272209202
-1
175278619
-1
78348036
-1
358090703
-1
261160120
-1
164229537
-1
67298954
-1
347041621
-1
250111038
-1
153180455
-1
56249872
-1
335992539
-1
239061956
-1
142131373
-1
45200790
-1
324943457
-1
228012874
-1
131082291
-1
34151708
-1
313894375
-1
216963792
-1
120033209
-1
23102626
-1
302845293
-1
205914710
-1
108984127
-1
12053544
-1
291796211
-1
194865628
-1
97935045
-1
1004462
-1
280747129
-1
183816546
-1
86885963
-1
366628630
-1
269698047
-1
172767464
-1
75836881
-1
355579548
-1
258648965
-1
161718382
-1
64787799
-1
344530466
-1
247599883
-1
150669300
-1
53738717
-1
333481384
-1
236550801
-1
139620218
-1
42689635
-1
322432302
-1
225501719
-1
128571136
-1
31640553
-1
311383220
-1
214452637
-1
117522054
-1
20591471
-1
300334138
-1
203403555
-1
106472972
-1
9542389
-1
289285056
-1
192354473
-1
95423890
-1
375166557
-1
278235974
-1
181305391
-1
84374808
-1
364117475
-1
267186892
-1
170256309
-1
73325726
-1
353068393
-1
256137810
-1
159207227
-1
62276644
-1
342019311
-1
245088728
-1
148158145
-1
51227562
-1
330970229
-1
234039646
-1
137109063
-1
40178480
-1
319921147
-1
222990564
-1
126059981
-1
29129398
-1
308872065
-1
211941482
-1
115010899
-1
18080316
-1
297822983
-1
200892400
-1
103961817
-1
7031234
-1
286773901
-1
189843318
-1
92912735
-1
372655402
-1
275724819
-1
178794236
-1
81863653
-1
361606320
-1
264675737
-1
167745154
-1
70814571
-1
350557238
-1
253626655
-1
156696072
-1
59765489
-1
339508156
-1
242577573
-1
145646990
-1
48716407
-1
328459074
-1
231528491
-1
134597908
-1
37667325
-1
317409992
-1
220479409
-1
123548826
-1
26618243
-1
306360910
-1
209430327
-1
112499744
-1
15569161
-1
295311828
-1
198381245
-1
101450662
-1
4520079
-1
284262746
-1
187332163
-1
90401580
-1
370144247
-1
273213664
-1
176283081
-1
79352498
-1
359095165
-1
262164582
-1
165233999
-1
68303416
-1
348046083
-1
251115500
-1
154184917
-1
57254334
-1
336997001
-1
240066418
-1
143135835
-1
46205252
-1
325947919
-1
229017336
-1
132086753
-1
35156170
-1
314898837
-1
217968254
-1
121037671
-1
24107088
-1
303849755
-1
206919172
-1
109988589
-1
13058006
-1
292800673
-1
195870090
-1
98939507
-1
2008924
-1
281751591
-1
184821008
-1
87890425
-1
367633092
-1
270702509
-1
173771926
-1
76841343
-1
356584010
-1
259653427
-1
162722844
-1
65792261
-1
345534928
-1
248604345
-1
151673762
-1
54743179
-1
334485846
-1
237555263
-1
140624680
-1
43694097
-1
323436764
-1
226506181
-1
129575598
-1
32645015
-1
312387682
-1
215457099
-1
118526516
-1
21595933
-1
301338600
-1
204408017
-1
107477434
-1
10546851
-1
290289518
-1
193358935
-1
96428352
-1
376171019
-1
279240436
-1
182309853
-1
85379270
-1
365121937
-1
268191354
-1
171260771
-1
74330188
-1
354072855
-1
257142272
-1
160211689
-1
63281106
-1
343023773
-1
246093190
-1
149162607
-1
52232024
-1
331974691
-1
235044108
-1
138113525
-1
41182942
-1
320925609
-1
223995026
-1
127064443
-1
30133860
-1
309876527
-1
212945944
-1
116015361
-1
19084778
-1
298827445
-1
201896862
-1
104966279
-1
8035696
-1
287778363
-1
190847780
-1
93917197
-1
373659864
-1
276729281
-1
179798698
-1
82868115
-1
362610782
-1
265680199
-1
168749616
-1
71819033
-1
351561700
-1
254631117
-1
157700534
-1
60769951
-1
340512618
-1
243582035
-1
146651452
-1
49720869
-1
329463536
-1
232532953
-1
135602370
-1
38671787
-1
318414454
-1
221483871
-1
124553288
-1
27622705
-1
307365372
-1
210434789
-1
113504206
-1
16573623
-1
296316290
-1
199385707
-1
102455124
-1
5524541
-1
285267208
-1
188336625
-1
91406042
-1
371148709
-1
274218126
-1
177287543
-1
80356960
-1
360099627
-1
263169044
-1
166238461
-1
69307878
-1
349050545
-1
252119962
-1
155189379
-1
58258796
-1
338001463
-1
241070880
-1
144140297
-1
47209714
-1
326952381
-1
230021798
-1
133091215
-1
36160632
-1
315903299
-1
218972716
-1
122042133
-1
25111550
-1
304854217
-1
207923634
-1
110993051
-1
14062468
-1
293805135
-1
196874552
-1
99943969
-1
3013386
-1
282756053
-1
185825470
-1
88894887
-1
368637554
-1
271706971
-1
174776388
-1
77845805
-1
357588472
-1
260657889
-1
163727306
-1
66796723
-1
346539390
-1
249608807
-1
152678224
-1
55747641
-1
335490308
-1
238559725
-1
141629142
-1
44698559
-1
324441226
-1
227510643
-1
130580060
-1
33649477
-1
313392144
-1
216461561
-1
119530978
-1
22600395
-1
302343062
-1
205412479
-1
108481896
-1
11551313
-1
291293980
-1
194363397
-1
97432814
-1
502231
-1
280244898
-1
183314315
-1
86383732
-1
366126399
-1
269195816
-1
172265233
-1
75334650
-1
355077317
-1
258146734
-1
161216151
-1
64285568
-1
344028235
-1
247097652
-1
150167069
-1
53236486
-1
332979153
-1
236048570
-1
139117987
-1
42187404
-1
321930071
-1
224999488
-1
128068905
-1
31138322
-1
310880989
-1
213950406
-1
117019823
-1
20089240
-1
299831907
-1
202901324
-1
105970741
-1
9040158
-1
288782825
-1
191852242
-1
94921659
-1
374664326
-1
277733743
-1
180803160
-1
83872577
-1
363615244
-1
266684661
-1
169754078
-1
72823495
-1
352566162
-1
255635579
-1
158704996
-1
61774413
-1
341517080
-1
244586497
-1
147655914
-1
50725331
-1
330467998
-1
233537415
-1
136606832
-1
39676249
-1
319418916
-1
222488333
-1
125557750
-1
28627167
-1
308369834
-1
211439251
-1
114508668
-1
17578085
-1
297320752
-1
200390169
-1
103459586
-1
6529003
-1
286271670
-1
189341087
-1
92410504
-1
372153171
-1
275222588
-1
178292005
-1
81361422
-1
361104089
-1
264173506
-1
167242923
-1
70312340
-1
350055007
-1
253124424
-1
156193841
-1
59263258
-1
339005925
-1
242075342
-1
145144759
-1
48214176
-1
327956843
-1
231026260
-1
134095677
-1
37165094
-1
316907761
-1
219977178
-1
123046595
-1
26116012
-1
305858679
-1
208928096
-1
111997513
-1
15066930
-1
294809597
-1
197879014
-1
100948431
-1
4017848
-1
283760515
-1
186829932
-1
89899349
-1
369642016
-1
272711433
-1
175780850
-1
78850267
-1
358592934
-1
261662351
-1
164731768
-1
67801185
-1
347543852
-1
250613269
-1
153682686
-1
56752103
-1
336494770
-1
239564187
-1
142633604
-1
45703021
-1
325445688
-1
228515105
-1
131584522
-1
34653939
-1
314396606
-1
217466023
-1
120535440
-1
23604857
-1
303347524
-1
206416941
-1
109486358
-1
12555775
-1
292298442
-1
195367859
-1
98437276
-1
1506693
-1
281249360
-1
184318777
-1
87388194
-1
367130861
-1
270200278
-1
173269695
-1
76339112
-1
356081779
-1
259151196
-1
162220613
-1
65290030
-1
345032697
-1
248102114
-1
151171531
-1
54240948
-1
333983615
-1
237053032
-1
140122449
-1
43191866
-1
322934533
-1
226003950
-1
129073367
-1
32142784
-1
311885451
-1
214954868
-1
118024285
-1
21093702
-1
300836369
-1
203905786
-1
106975203
-1
10044620
-1
289787287
-1
192856704
-1
95926121
-1
375668788
-1
278738205
-1
181807622
-1
84877039
-1
364619706
-1
267689123
-1
170758540
-1
73827957
-1
353570624
-1
256640041
-1
159709458
-1
62778875
-1
342521542
-1
245590959
-1
148660376
-1
51729793
-1
331472460
-1
234541877
-1
137611294
-1
40680711
-1
320423378
-1
223492795
-1
126562212
-1
29631629
-1
309374296
-1
212443713
-1
115513130
-1
18582547
-1
298325214
-1
201394631
-1
104464048
-1
7533465
-1
287276132
-1
190345549
-1
93414966
-1
373157633
-1
276227050
-1
179296467
-1
82365884
-1
362108551
-1
265177968
-1
168247385
-1
71316802
-1
351059469
-1
254128886
-1
157198303
-1
60267720
-1
340010387
-1
243079804
-1
146149221
-1
49218638
-1
328961305
-1
232030722
-1
135100139
-1
38169556
-1
317912223
-1
220981640
-1
124051057
-1
27120474
-1
306863141
-1
209932558
-1
113001975
-1
16071392
-1
295814059
-1
198883476
-1
101952893
-1
5022310
-1
284764977
-1
187834394
-1
90903811
-1
370646478
-1
273715895
-1
176785312
-1
79854729
-1
359597396
-1
262666813
-1
165736230
-1
68805647
-1
348548314
-1
251617731
-1
154687148
-1
57756565
-1
337499232
-1
240568649
-1
143638066
-1
46707483
-1
326450150
-1
229519567
-1
132588984
-1
35658401
-1
315401068
-1
218470485
-1
121539902
-1
24609319
-1
304351986
-1
207421403
-1
110490820
-1
13560237
-1
293302904
-1
196372321
-1
99441738
-1
2511155
-1
282253822
-1
185323239
-1
88392656
-1
368135323
-1
271204740
-1
174274157
-1
77343574
-1
357086241
-1
260155658
-1
163225075
-1
66294492
-1
346037159
-1
249106576
-1
152175993
-1
55245410
-1
334988077
-1
238057494
-1
141126911
-1
44196328
-1
323938995
-1
227008412
-1
130077829
-1
33147246
-1
312889913
-1
215959330
-1
119028747
-1
22098164
-1
301840831
-1
204910248
-1
107979665
-1
11049082
-1
290791749
-1
193861166
-1
96930583
-1
