0
1003607414
1003597559
1014739909
1013606060
1014564656
1008404528
1010461010
1009356133
997231728
1000988282
1016402625
1008867544
1005263881
1010338515
1003387716
1014844792
1006279023
1008451931
1008442076
1009539505
1004392439
1001828488
1012524351
1012514496
1017156586
1002076245
1010105543
1011307026
1004652276
1003875166
1006148665
990278493
1014320231
1011123540
1011873263
1008953318
1009623885
1004135003
997135913
1006797186
1006936344
1001411512
1010606267
1011334760
1002539256
1015170448
1008719683
1013793764
1007190626
1004214633
1016395766
1002659935
999056272
1011890716
1008287053
1001980430
1006147183
1004920028
1004581879
1009656513
1004845771
1004835916
1010653792
1009846064
1011388058
1008857503
1011699367
1010594490
998470085
1008173533
1016735233
1003444960
1013434736
1012675741
1004626073
1011909271
1009131952
991270641
1003901833
1010441538
1002927687
1010730848
1012158468
1005127151
1015759092
1003314602
1011343900
1012488216
1009924265
1005113523
1014282229
1014199864
1010172022
1012951232
1012372282
1010191675
998577449
1014607573
998374270
1008035543
1006253532
1002649869
1005996596
1003638455
1005574027
1011813456
1005837919
1005828064
1006925493
1005452990
1009387174
1010635033
1012223492
1011586638
999462233
1003218787
1012310410
1007819729
1007494386
1011573010
1005618221
1011227269
1008509528
1012487257
1005339470
1010095860
1006622944
1001103667
1013015553
1006521284
1015360045
1019335138
1005900781
1006743623
1006882781
1006105671
992369840
992508998
1001600621
1012925029
1013400257
1011183823
1003476625
1006365508
999366418
1009027691
1011365801
1003642017
1011629140
1014975867
1005012935
1017400953
1007232052
1014189589
1013412479
1006445138
999815806
1004890440
1001286777
1012980771
1000830948
1012429657
1007011375
1004091430
1006812384
1012565158
1007076276
1007066421
1008163850
1012076569
1010424366
1008556133
1012685837
1008933067
1000700590
1010404038
1013548767
1005675465
1010684203
1002082187
1006856578
1012465626
1010337220
1015674805
1006132338
995963437
1005158192
1002342024
1014388973
1016993854
1017870332
1013435247
1013470862
1007981980
1009199444
1007344028
993608197
1017543282
1002838978
1004751077
1012283022
1012422180
1000807954
1010350690
1000604775
1010266048
1005205717
1004880374
1008227101
1005868960
1006251292
1008674883
1007685027
1002725458
1009155998
1006213439
1002609776
1013108712
1014453997
1006461196
1013528856
1009476887
1008249732
1005329787
1010533616
1013803515
1009269062
1013457774
1010311017
1010786245
1001134708
1009794490
1010365489
1003334172
1011315740
1008751789
1011578298
1016699223
1006924207
1003320544
1013104634
1013094779
994600345
1007231537
1003831126
997201794
1000548521
1014442884
1005707130
1006365381
1015959729
1014228115
1001477418
1010801368
1010437801
1017206372
1007243440
1015438094
1009462557
1005989434
1013521379
1013089432
1002046311
1011137934
1011277092
1015211276
1003061453
1007191959
1009241880
1006321935
1011525764
995655592
1008923384
1003963815
1010394355
1014550248
1000452706
1010113979
1006633133
1004728305
1012313443
1010856850
1014309216
1010705553
1012914708
1004312692
1012299815
1014696131
1011549374
1014896101
1008808332
998193942
1004433371
1004572529
1012554097
1015824998
1012816655
1007920619
1009958978
1010212485
995923344
1007343901
995838702
1008469894
1005069483
1006981582
1011416321
1006806329
1003847184
1007603738
1010419729
1014869933
1002715775
1008644298
1010003172
1008342639
1008481797
1010905388
1009915532
998520696
1011007895
1004701123
1004840281
996634112
1014288390
1008691701
1007079177
1010226730
1004632209
1007560292
1010480767
996893949
1013291963
1017738996
1012541522
1013016750
1003365213
1004114936
1003751369
1012401929
1013546245
1008026968
1013808803
1005482914
1005411891
1005551049
1010242286
1015325284
1013806082
1009462042
1010475420
999432299
1002779026
1011191535
1008959453
1003226808
1010399926
1009158976
1003707923
1013031873
997161701
1008582258
1012868276
1014798932
1008080781
1008219939
1007499967
1004019121
1005085541
1013368439
1008294720
1010060416
1006456753
1009422464
995686633
1009580996
1004917414
997886097
1010517289
1006194320
1009543143
1005939480
1002683211
997872469
1008863638
1006958810
1016997718
1011465087
1005870566
1011728979
1004729889
1012598766
1014530320
1009005488
1013779879
1012727986
1005192905
1005353293
1004989726
1014650999
1010328168
1002604384
1012612052
1006721271
1006650248
1016015160
998153849
1009574406
1013540949
1010700399
1011713777
1003878225
1013646826
1009036834
1006077689
1004465165
1011638283
1010034213
1004946280
1010874803
1006064061
1010050350
1015124984
999280230
1009319138
1000751201
1012220049
1005257478
1014325974
998864617
1009533077
1011194791
1009309682
1012457235
1006862714
1012721127
998985296
999124454
1008216077
1014552530
1008546598
1002472544
1014116342
1006345441
1005981874
1011818439
1014702937
1010257473
1006171425
1007713419
1005968246
1006042251
1012472791
1010243845
1013590572
1013060594
999770321
1011716965
1007902233
1013422040
1007446404
1003842741
1011250323
993072621
1006766899
999253048
999392206
1008483829
1014779306
1015413705
1010311286
1010359833
1009730472
1006249626
1007316046
1013749433
1010525225
1012290921
1008687258
1008697643
997917138
1010548330
1007147919
1013245236
1012747794
1002578893
1011773648
1002321957
999963816
1000102974
1004794211
1012433148
1010974638
1007961913
1008101071
1005712535
1000223653
1015047058
1009454434
1011235993
1009784955
1003710901
1007423410
1007583798
1007220231
1003363918
1007420201
1004834889
1007409782
1008951776
1008880753
1013571990
1008424924
1009340914
1002846645
1011685406
1001008678
1002226142
1010239459
1013904883
1015757826
1006695670
1012488680
1007866098
1008005256
1000491405
1008294566
1009722186
1011634285
1001510735
1007750164
1007691162
1013904127
1007487983
1011301228
1012088925
1011763582
1003557413
1011902493
1009936000
1009926145
1008247118
1001215801
1013846993
1009306132
997156309
1007163977
1003560314
1001202173
1015243696
1010288514
1012345053
1008092874
1009200270
1008401930
1006950892
1008198751
1008272756
1012799693
1008017916
1015821077
1016196848
1002000826
1012281079
1011205413
1004602275
1009676909
1006073246
1010050975
995303126
1007934318
1001483553
1008877899
1010579271
1004085002
1007431729
1007068162
1003464499
1013248589
1011343761
1017904993
1008360626
1008728684
1009104455
1003098523
1010928148
1010918293
1012778835
1002609934
1016304212
1011840715
1004809398
1015142484
1004552462
1002194321
1009944661
1007024716
1004795770
1008142497
1010192418
1002538800
1007943040
1002454158
1015085350
1009071394
998394666
1005802248
1005941406
1011611513
1007583671
1017035185
1005594423
1009331231
1015259754
1007111606
997460069
1009371955
1006690850
1010655429
1005136152
1005077150
1011316579
1003239183
1003249568
1003239713
1011557791
1013248214
1014206810
1008046682
1010096603
1014227109
996873882
1010116256
1011952691
1007509110
1015743120
1009980669
1010730392
1014486946
1005921177
1013531733
1009598983
1009045420
1005787918
1004336880
1012017492
1012156650
1010477623
1005403904
1015514595
1011536637
999386814
1003517320
1005790819
1003432678
1008123915
1012663459
1011515417
1010323379
1011430775
1003777157
996778067
1006439340
1012588618
1001053666
1010248421
1007040605
1010634577
1016038817
1008822028
1006693622
1006114672
1013072209
1012295099
1002302089
998698426
1010164823
1007929207
1011108404
1012809776
1006315507
1009662234
1005555846
1004487925
1004478070
1010295946
1014900448
1010591131
1010959189
1011334960
1005329028
998112239
1007815687
1014963989
1004840439
1013076890
1014071220
1011968749
1004969659
1008774106
1014567116
1009219840
1013001812
1002569841
994846057
1011800622
1004769305
1010820784
1013077528
1012048379
1011301899
1000625171
1004755677
1016405969
1013842018
1009814176
1011592798
1012753774
1011561736
1011613097
1009342111
998016424
1007677697
1005895686
1002292023
1007366657
1003280609
1011872934
1012511390
1005480073
1005470218
1006567647
1015478719
1013533456
1010277187
1011865646
1016457614
999104387
1011735579
1011952564
1009739615
1009088000
1006794203
1012960897
1011348373
1008151682
1012129411
1009193637
1011275925
1012777026
1006567385
1003825328
1006163438
1010198360
1007634409
1014315247
1006385777
1017221676
1005747825
992011994
1014087278
1001242775
1017865779
999688077
996084414
1005868504
1006007662
999008572
1008669845
1013286736
1003284171
1011271294
1009271110
1012865082
1017807860
1006874206
1008924127
1008345177
1015302714
1012851454
1004532594
1000928931
1010020554
1000473102
1013173216
1006653529
1006315380
1008937413
1006579272
1006569417
1006708575
1007806004
999955829
1010066520
1013432868
1012327991
1000203586
1000342744
1009434367
1013190921
1016400411
1010326357
1006359574
1013636227
1007200164
1009979374
1014035657
1010431994
995605591
1004800346
997076562
1005063685
1015040380
1011436717
1009462101
1000666597
1007624134
1006847024
1006986182
993250351
1008664694
1002481132
1006415316
1011925176
1012595743
1007106861
1000107771
1000246929
1009338552
1004383370
1004522528
1013614151
1005511114
1014103439
1008317037
1009515399
1002367612
1008798152
1010163014
1009915933
1012750866
1014096151
1011258911
1013171010
1009119041
1003771765
1007553737
1010175770
989397982
1007807774
1008568879
1009953171
1010428399
1011304877
1014671225
1013566348
1001441943
1006055833
1008393943
1012428865
1016406594
1015647599
1007597931
1016670998
1008438521
994242499
1006873691
1003473280
996843948
1001918582
998314919
1008099009
1015493355
1010559204
1004039517
1001119572
1010443522
1008085381
1019735673
1015097755
1019228261
1009104711
1015061660
1010818856
1009713979
1015081959
1001346128
1019394291
1009225390
1002703607
1008968454
1003745562
1008545885
1011167918
1008809777
1008799922
1003605969
1004750285
1002186334
1011154290
1013989223
1014558496
1002434091
1010463389
1010499004
1005010122
1010347707
1012556862
990636339
1014199127
1011481386
1011191528
1009311164
1009981731
997836096
1004075525
1015077186
1007294190
1015467152
1013667222
1008872639
1002897102
1009854639
1009077529
1009855169
995480856
1004572479
1004711637
1008645821
1011058475
1006448483
1003489338
1002338276
1006505029
1005277874
1002357929
1008286452
1015844656
1007984793
1012536633
1010203910
1011745904
998162850
1012057213
1004343277
1012146438
1012018445
1015952629
1003802806
1013727365
1011349546
1004983919
1009784242
1010122921
991628487
1004259679
1010799384
1005988642
1012658904
1011527991
1003757090
1003393523
1003672448
1011701746
1007669122
1014815328
1013656061
1005054045
1009828436
1012466236
1013309078
1012730128
1009104196
998935295
999074453
1005313882
1010833689
1013176616
1002868962
1006354442
1006270022
1003350077
1012171302
1004467858
1011093526
1012510430
1005810836
1007722935
1017574645
1007142121
1003661275
1004727695
1003576633
1007936874
1008177575
1007852232
1011198959
1005976067
1009223150
1011646741
1010656885
1005697316
1005836474
1006980790
1001461513
1013384795
1014812415
1015717891
1009844797
1006258627
1012729509
1007240627
1011371133
1004372043
992866844
1005498036
1008647642
1013422033
1011541669
1003834471
1004995447
1004631880
1014287598
1011723647
1002246538
1014158424
1009896065
1005370781
1015657314
1015523183
1012085674
1013183103
1006802984
1000173652
1003520379
1009404433
1008678988
1005719843
1004107319
1008735534
1004449276
1004588434
1010516957
1005706215
1010215298
1014767138
1012434415
1008961292
1000393355
1013024547
1004899632
1010440784
1012778894
1009175231
1006033311
1010163817
1002440033
1007214424
1012363281
998627450
1011895242
1006490184
1013366213
1008188752
1002699870
1013758496
1005987595
1005624028
1011460593
1013828708
1009899627
1011225809
1015886566
1005610400
1015034890
1011827074
1005108923
1014960633
1012780026
1001165800
1010708536
1007544387
1013064194
1007088558
1003484895
1008584947
992714775
1006609138
998895202
1006698363
1008125983
1010342315
1006571285
1002967622
1014388179
1009372626
1005891780
1006958200
1013391587
1010167379
1005687633
1010306290
1012975030
1009626908
1011453655
1013877246
1012887390
1001492554
1002221047
1010723335
1003692018
999605970
1007356310
1007018161
1012075302
1007282053
1003678390
1013462480
1013452625
999865807
1014689212
1007728541
1010878147
1000906367
1014600645
1006064976
1006723227
1006862385
1012698950
1007062355
1004477043
1008454772
1012126570
1007601286
1013214144
1008067078
1006347280
1002488799
1013447278
1002404157
1005750884
1011634938
1013547037
1006198666
1006337824
1010412639
1006679781
1016003731
996013438
1007936720
1009364340
1011580672
1014908094
1000810552
1010471825
1006990979
1005086151
1012671289
1011266578
1011405736
1003199567
1011544647
1004670538
1012657661
1007889272
1000857955
1013489147
1009166178
996798463
1010419257
1004930375
1000844327
1014885850
1009930668
1008278465
1007735028
1008842424
996281190
1007701747
1007840905
1012048369
1011977346
1007339428
1015565021
1011848172
1007303333
1007961584
1010777575
1009961588
1005576242
1005715400
1009693129
994945280
1007576472
1001125707
1010273378
1010221425
1003727156
1008801790
1005198127
996991958
1014646236
1009049547
1007437023
1008002780
1004990055
1007918138
1002740677
997251795
1013022208
1015987919
1002252088
1015926620
1003723059
1004451552
1008229336
1012759775
1001836475
1009586815
1009248666
1004437924
1009512558
1005908895
1010600132
1015683130
1002096312
1011187935
1008713548
998036820
1003136872
1015768064
1009317299
1008953732
1013120485
1009516822
1004894240
1014555513
997519547
1008940104
1009014109
1013286726
1010297583
1004778306
1004719304
1010932269
1014688823
1011972960
1012015932
1010418262
1006814599
1009780310
996044479
1009738757
1005275260
998243943
1010875135
1011594845
1007151264
1012594243
1003041057
998230315
1009221484
1007316656
1018317202
1009241137
1006228412
1005430072
1003979034
1011659646
1014888166
1010119777
1005046058
1015719652
1005550751
999028968
1005293815
1016104296
1003074832
1007766069
1012305613
1007079117
1009965533
1011072929
998511695
1009932252
1014099005
1012230772
1009951905
1012607706
1006682759
1010276731
1010555656
1010192089
1006335776
1005756826
1006132597
1011937253
1007992117
1010408196
1009806977
999638076
1012312772
1005818503
1005957661
1012170626
1005198000
999222463
1009752170
1013237650
1009667528
1010233285
1007220560
1010977114
1004971182
999482300
1012113492
1014606143
1004482593
1002830390
1013713374
1011610903
1004611813
1014273086
1015060783
1008861994
1006529271
1006668429
994488211
1006400097
1012830637
1010462938
1012719682
1012277990
1000128167
1000267325
1006532172
1017931988
1015762953
1010276356
1011234952
1011064732
1007124745
1011255251
999750052
1011170609
1011244614
1015517231
1012771262
1007008811
1013570043
1011515088
1015252937
1014177271
1007574133
1008791597
1009045104
1009055489
998274984
1010906176
1007505765
1011849757
1013105640
1007056860
1009381769
1002679803
1006436357
1000460820
1005152057
1015618742
1011332484
1008835791
1008458917
1006070381
1006209539
1003467482
1018033877
1009840514
1007276563
1004068747
1007781256
1013066959
1005850170
1003721764
1012916519
1009996574
1007767628
999330231
995726568
1005510658
1013313819
1011701295
1014401393
1012043252
1001366524
1002583988
1008913264
1012507236
1018144045
1020007043
1008566281
1007987331
1008363102
1010083464
1010222622
1012638701
1009662708
1001868581
1008108010
1008049008
1014808400
1010483785
1006221426
1006211571
1010368103
1010029954
999597983
1010293846
1010283991
1013581571
999845740
1010656221
1009076521
1010480968
1007521823
1003918160
1013702250
1013841408
1006842318
1012702899
1012570841
1010074148
1008759776
1007308738
996718716
1004705839
1014682534
1008375762
1009104255
1000308751
1002358672
1006489178
1008762677
1004960121
1008306848
1012506861
1010561598
1013295237
1016966602
1006749015
999749925
1014542321
1008980706
1004025524
1007426008
1003822345
1013606435
1011701607
1017483442
1009157553
1009086530
1009815023
1009805168
1011285994
1011276139
1013136681
1010901065
1014080262
1015781634
1003413919
1012634092
1004910308
989040136
1007449928
1007382562
1014893921
1008500343
1011066296
1002896646
1008300886
1001084097
1005697987
1010314878
1007693760
1016048748
1006299252
1011969359
1007941517
1008080675
1005952269
1010082775
1012330856
1009998133
997817915
997957073
1007048696
1013792642
1010201358
1003681671
1003343522
