0
12525555813
12518839374
12525569368
12531104244
12519767000
12528681558
12524529678
12522284156
12526296240
12526604470
12525171992
12524489213
12529139641
12517267118
12521368266
12527683046
12527301251
12529408143
12519772003
12529449754
12515425704
12523233962
12530905684
12520808085
12524641750
12524243139
12523920275
12523080555
12511291460
12527214572
12526192745
12525725971
12521572313
12529859988
12512216317
12524460438
12527439662
12524403589
12525986965
12519660928
12518622804
12522588649
12524720989
12523378587
12523488832
12528620628
12507718426
12518847894
12520709585
12518664053
12529961195
12523821775
12523355001
12516656365
12530546482
12529807238
12518924604
12522165698
12527861628
12523665114
12524311216
12527341162
12519521908
12519632153
12524763949
12524589971
12527476401
12516852906
12527113810
12518606018
12520839354
12520372580
12531845467
12533401145
12518565553
12526797751
12528015176
12520092080
12528471730
12524018504
12523484483
12518826104
12527205754
12516072674
12521607550
12528865820
12519184864
12518718090
12524458860
12529668343
12525170327
12522446248
12527104276
12523224717
12527894214
12526709404
12525706783
12520445470
12520604834
12530592774
12519953060
12520063305
12513737268
12529777592
12521529691
12528339246
12534533375
12526689414
12532267010
12501794766
12527077047
12531864373
12524504309
12524037535
12520902866
12532577123
12517031800
12524840058
12530022959
12523588419
12521827723
12521937968
12527069764
12525764915
12531669907
12530213909
12525888715
12528344455
12526562812
12529000905
12522072493
12521835495
12517329832
12521055075
12520588301
12527445120
12527477485
12522760352
12523325692
12524984683
12514168420
12522548070
12527108997
12527630099
12516176300
12531890866
12527227462
12521823271
12524961097
12518262461
12522582787
12524468687
12523744683
12525386048
12527448787
12525271210
12517301057
12522432853
12524258115
12524005234
12514521810
12522773077
12530819039
12526476048
12525885267
12522907996
12528993204
12523697934
12533231752
12531881040
12520171649
12526343350
12512949554
12521153387
12527851180
12527145873
12524462162
12520432200
12526653463
12511108140
12518916398
12526588120
12522312233
12521845459
12529197251
12532427521
12519841255
12526688180
12531996413
12529728899
12529262125
12528315500
12526247742
12518925365
12527823090
12511406172
12523080429
12529632049
12515343364
12525331852
12519792358
12526288991
12519061023
12519171268
12524303064
12522173213
12521706439
12516392021
12526549542
12529790636
12519504211
12519037437
12512338801
12533405027
12525489674
12530895148
12523433819
12523544064
12519347550
12525352102
12523023598
12526230956
12528464292
12525676598
12520272407
12532366807
12525199862
12531746227
12530968070
12527717018
12523835184
12529881555
12530585905
12514247989
12522627639
12523697612
12515774516
12524154166
12521222213
12526343028
12514508540
12522888190
12513276383
12522810201
12527628700
12516388573
12515921799
12526720335
12531989254
12525060842
12525171087
12527853790
12524043424
12523576650
12522391840
12530465834
12517649179
12524379173
12522560960
12517156769
12527491363
12509419704
12524055666
12525065845
12531408770
12520719546
12528416220
12527949446
12517191486
12524280756
12527546809
12524691020
12526068258
12516585302
12528259559
12523493589
12531019813
12525705395
12524971488
12517510159
12517620404
12522752200
12521652175
12529460433
12524954770
12523916646
12524026891
12529158687
12528660924
12519276202
12529711618
12513012268
12521793358
12524251981
12523957895
12524681194
12521398454
12521472734
12521950207
12509850856
12518230506
12524218446
12527459540
12523561363
12528958956
12524431171
12525087890
12532896148
12524925995
12527076587
12523821914
12529994058
12522146748
12530048246
12529581472
12525701947
12525235173
12519940551
12528320201
12511725519
12518455513
12529891585
12525385922
12521567703
12520574492
12518132006
12519380370
12530816442
12531381782
12522492560
12522025786
12518733078
12518357096
12525054889
12522828309
12520144598
12524792024
12522335899
12514882479
12526011947
12529234796
12517994669
12517527895
12525052575
12528940296
12523820418
12525357147
12519031110
12526088657
12526465834
12526933778
12526985603
12517236338
12530384743
12507088608
12518762865
12525314485
12529798151
12524163247
12515474794
12532627522
12522325642
12521005644
12526662375
12519963739
12528415487
12525729606
12524455332
12531058757
12519164230
12526972488
12527735521
12530368323
12525380189
12529771650
12527881466
12527129337
12528635573
12526348917
12525882143
12518664365
12525215985
12522880307
12524064747
12532219542
12519462262
12527841912
12529253925
12523399454
12521038893
12527768887
12526287290
12522133478
12527227358
12520901321
12527445380
12528693744
12516904649
12523546737
12527119981
12530565052
12508958819
12520394891
12523311136
12512071009
12511604235
12527380532
12531600154
12524195853
12531179109
12523536226
12524781707
12526841269
12529102021
12531680604
12513331615
12524461083
12518243396
12512839205
12535508508
12524816424
12519738102
12522269554
12528999548
12516401982
12524210240
12527778887
12523900534
12519963192
12524788168
12520373456
12525135097
12521332473
12527216827
12529277113
12524444663
12523340353
12531541584
12524219207
12526452543
12525985769
12525426514
12528484516
12512740705
12521120355
12524104581
12525705269
12526295882
12514958638
12529097672
12524439293
12517475794
12521685863
12527220739
12520363630
12520274956
12524331279
12517632643
12523843495
12530395115
12528059437
12524663249
12521196321
12524641392
12520113607
12522722848
12529981118
12523225797
12522759023
12521456872
12525676494
12518272193
12526080451
12530241669
12521384383
12520917609
12528725867
12525756944
12507407955
12525670843
12532849600
12521068358
12529448008
12526516055
12513814442
12519802382
12528182032
12518570225
12522152579
12528734834
12521682415
12514039532
12520737325
12525619607
12525152833
12530068601
12529044947
12529337266
12528870492
12527685682
12527448684
12522943021
12526668264
12526201490
12519502854
12522560856
12514713546
12522615044
12522148270
12519781609
12522668039
12523099732
12530215707
12521686966
12522595573
12527727369
12527436460
12531362100
12523875650
12530455429
12528787431
12517919835
12526299485
12524533832
12529677004
12521412042
12528046042
12526946017
12516799188
12524057458
12528386266
12526050759
12521672593
12525454086
12523563902
12524784783
12524318009
12523552626
12523085852
12514346801
12520898421
12518562743
12519747183
12528126833
12515144698
12523524348
12523284740
12524969230
12516721329
12523530884
12529725013
12521881052
12527458648
12516583757
12523127816
12526966238
12519695947
12519229173
12530818991
12527768761
12524355539
12523352906
12525234393
12525344638
12517019361
12523749355
12534967263
12520956553
12526861545
12525405547
12520464143
12524674212
12524784457
12527363040
12522669200
12527319628
12524026920
12519548253
12530348731
12527672412
12525438440
12517951990
12527629741
12520176321
12528957411
12529085671
12523288511
12522821737
12528562507
12528636787
12529114260
12517014909
12525394559
12531282203
12520127099
12519660325
12528039975
12522530180
12522640425
12527772221
12522583576
12524166952
12508423141
12516802791
12520768636
12521387705
12527988568
12526299486
12527641486
12520121729
12530211795
12518889572
12528423390
12529750020
12515957392
12521534988
12527738545
12525296059
12528019282
12530784276
12519653800
12527941475
12521845101
12525897131
12525521149
12523958207
12524068452
12527308651
12522769958
12529499952
12515032893
12521879818
12530259468
12525158722
12524691948
12530756590
12521439380
12516745540
12523014728
12526195163
12518272067
12529401535
12522198491
12521664470
12517006091
12530291218
12514252661
12525688733
12527045807
12517364851
12516898077
12522638847
12527848330
12529489695
12525751037
12525284263
12527127792
12530185794
12524889391
12523886770
12518625457
12522735532
12529865170
12518133047
12518243292
12519577929
12525031944
12527563396
12515464045
12535189658
12524869401
12531421021
12517736515
12525257034
12530044360
12525667298
12528473834
12526626315
12532510669
12529435103
12524424126
12522095622
12528332987
12530808588
12525270766
12530848362
12525553740
12530791827
12518034547
12518144792
12523276588
12521971739
12527180892
12520252480
12527372121
12529733135
12519235062
12518768288
12521055849
12525657472
12521880478
12523970285
12530668078
12512348407
12525757787
12518967176
12527346826
12520495668
12531625136
12525407449
12520003258
12523141084
12512383124
12520762774
12522648674
12521924670
12521259896
12526501427
12523451197
12526678225
12526211451
12522438102
12522185221
12512701797
12524376054
12530649699
12529287835
12529256014
12521087983
12519108284
12527938831
12526618833
12533063378
12518351636
12527494470
12519904758
12519333374
12526031167
12523016948
12522550174
12518612187
12527719560
12529002411
12523352697
12524768107
12527056801
12527527683
12527285263
12531495332
12524277554
12524868167
12529189335
12527908886
12527442112
12516048079
12524427729
12528393574
12526003077
12526980808
12527458166
12529923076
12515132189
12523511839
12526514510
12529894951
12531266341
12523213677
12523323922
12521295133
12527846753
12514572008
12526008080
12527278738
12517684198
12517217424
12523537912
12520978495
12526966435
12530479216
12515336236
12523623911
12517527537
12521696498
12521203585
12519640643
12519750888
12523856585
12518452394
12530546794
12524370478
12530639666
12528578582
12525897005
12522015171
12528824726
12530957066
12512427976
12525576381
12521877599
12513954503
12525083971
12524989789
12524523015
12512688527
12530057852
12528851019
12517429037
12525808687
12521133141
12526264937
12527925561
12531511708
12518353894
12525083888
12529717770
12522927159
12525868230
12520571827
12530595818
12527963042
12523088983
12531221511
12524842095
12525976819
12513856003
12522235653
12523245832
12523971291
12531482062
12531578449
12527203404
12515371473
12528062474
12525726796
12524623044
12524156270
12522308751
12528372212
12527070061
12525420941
12523885382
12525769730
12526491024
12522905724
12526530798
12523864741
12529460794
12513716983
12513827228
12518959024
12526681547
12526840911
12522103169
12530482819
12525415571
12519973345
12524183414
12526592114
12534971764
12521251234
12519652721
12526350514
12508030843
12530766022
12520008062
12524947642
12521741350
12527138943
12528884834
12523267877
12531076135
12529362294
12529824496
12522001901
12528174045
12520326735
12526742411
12527761459
12527510673
12528281228
12518120538
12526733222
12522039382
12528168394
12528071572
12523565909
12526312271
12507932343
12516311993
12522299933
12523533024
12529561769
12525654789
12531331005
12515587194
12523966844
12527932689
12518699384
12518232610
12522972011
12530578105
12524684847
12519035133
12527414783
12522739237
12527871033
12523121445
12528139619
12519959990
12523537134
12524871771
12524982016
12526817853
12520757887
12529009154
12528897929
12529463269
12523030357
12523140602
12528272398
12527494241
12526591567
12522196946
12526407726
12531991949
12519185631
12524842362
12524400038
12528603433
12523909593
12526668277
12522961174
12517344217
12525152475
12523438634
12528548310
12524170144
12527375826
12526765198
12526077332
12526815560
12521587013
12524062130
12516844352
12523395972
12527174320
12522244734
12526992005
12517642249
12531051629
12519087131
12521579441
12525789510
12526028435
12531291624
12520313465
12525407345
12517245717
12525053975
12527942516
12522628098
12526553738
12526063152
12525740288
12524900568
12513111473
12521491123
12516815577
12521947373
12528196765
12529780141
12514036330
12528348507
12526381825
12528514165
12533601757
12521480941
12529860591
12523645478
12524349828
12525198600
12525308845
12530440641
12509538439
12517918089
12523906029
12520484066
12528863716
12528646539
12525266989
12518476378
12526856028
12529044531
12520744617
12529124267
12519512460
12525396814
12526131229
12522624650
12521341921
12521452166
12526583962
12530771911
12529296414
12519547177
12527926827
12510920692
12522659367
12522192593
12523885256
12530615250
12528797037
12527277659
12522619280
12515655781
12519865850
12531301922
12532247571
12518454943
12522511266
12528252036
12522023482
12528575102
12528637479
12520630078
12525515689
12522821379
12526990340
12524266261
12528161105
12525044730
12529609617
12523746236
12523856481
12525191118
12522424847
12528421656
12526128951
12530152723
12515557281
12523936931
12517721818
12523850830
12534980298
12519248345
12530377813
12503614779
12511994429
12517982369
12526324322
12525857548
12522722879
12531102529
12518851813
12526660071
12531669024
12525408432
12523647736
12523757981
12528889777
12527584928
12531162072
12525865669
12529448285
12531104602
12524848251
12524381477
12526669038
12523655508
12519149845
12526176628
12522500289
12517961596
12524691590
12524580365
12525145705
12520234066
12520775560
12524368083
12525616447
12529450112
12517996313
12528728637
12528261863
12516099822
12524593173
12520082474
12528462124
12519592029
12531028101
12528051291
12521118556
12522237445
12519121070
12524230746
12519852580
12523634073
12527397011
12522964770
12522497996
12525267187
12527705280
12512526788
12519078408
12525517947
12517927170
12531644356
12513324685
12528163363
12514769567
12523149217
12527035192
12521710871
12526974060
12520061039
12528473476
12512928153
12520736411
12527295743
12524132246
12523665472
12528998978
12530856953
12521661268
12531922172
12523414380
12523524625
12525180942
12533071355
12533365414
12520745378
12525983465
12513226185
12521605835
12531452062
12517163377
12525543027
12521612371
12527118375
12520881036
12520991281
12526123077
12523993226
12523526452
12523636697
12528369555
12529978689
12524328975
12520949425
12514158814
12522538464
12527309687
12526816774
12525253832
12515194896
12529928964
12527172115
12518307086
12517840312
12530284305
12529817531
12527581002
12531550819
12527019875
12533544120
12506603128
12530233196
12527490788
12519567692
12530697160
12524479473
12524447652
12518301716
12528391782
12525974179
12523042226
12527930007
12514137379
12524672742
12515096396
12523476046
12526199269
12518208586
12517741812
12526121462
12524933293
12524194049
12526643857
12522138194
12522248439
12525396663
12527538576
12532285847
12519469192
12520059805
12524380973
12518976782
12527356432
12511239717
12519619367
12520984662
12521194715
12522539559
12530236233
12529769459
12523070823
12526100769
12526599707
12526511033
12530194410
12518405315
12526784965
12516486771
12527241215
12527351460
12526791501
12519330172
12519440417
12524572213
12523472188
12529461874
12526774783
12525829712
12530125227
12524508270
12532316528
12521096215
12527620460
12514832281
12523211931
12526071994
12513644032
12526501207
12523218467
12530560831
12515916502
12523724760
12520050519
12526038459
12526653821
12524806302
12530690656
12526251184
12522808870
12520275609
12526746008
12528896600
12523450753
12531259011
12523733727
12530589708
12516214534
12516324779
12521456575
12520151726
12526703346
12513545532
12520275526
12527913122
12520949623
12523387716
12519235836
12527091820
12521200383
12529335809
12533545878
12524312573
12523845799
12517147163
12520177109
12526874902
12524648322
12531290410
12528352426
12524155912
12510563111
12525082142
12531039318
12519814682
12519347908
12524681414
12530760309
12525640431
12533608403
12520851123
12527908670
12528285847
12528753791
12528805616
12519056351
12527436001
12508908621
12517288271
12527134498
12524798820
12525983260
12517294807
12525674457
12518084745
12527618563
12528574363
12521196935
12520730161
12529051823
12526275345
12529783333
12521532684
12529363893
12532895523
12525932024
12525465250
12529675319
12522457541
12528731186
12527369322
12527030806
12527794131
12514228066
12528864028
12524700320
12527192630
12525527908
12522702311
12529661925
12513312176
12529089118
12522858906
12528074938
12528107303
12521393664
12521503909
12522721334
12531100984
12524885871
12518724662
12525366750
12522428766
12527531287
12510778832
12519158482
12525146422
12513891022
12513424248
12521803898
12527791838
12519876485
12527684743
12517820630
12517930875
12523062671
12523221012
12528876502
12515151628
12526281096
12520063409
12514659218
12523038868
12527004713
12529137053
12524089567
12530819561
12518221995
12526030253
12533793950
12524111709
12521783205
12526608181
12522193469
12526955110
12515609024
12531532136
12528818467
12530043535
12525160366
12533454650
12516533881
12523263875
12527805782
12521107146
12526376065
12522457219
12522940368
12526906213
12521268970
12528115895
12516778651
12525158301
12512035990
12523165458
12527675457
12522151278
12522183643
12529600386
12526243267
12519452656
12526242461
12527900547
12522803031
12522336257
12520488738
12528203413
12521933620
12523600928
12523134154
12523949717
12524579036
12523276885
12531656535
12520092206
12527900464
12511896970
12512007215
12517139011
12524861534
12528971609
12509227968
12529741494
12523595558
12525814006
12531268021
12524772101
12527802047
12519431221
12529263694
12520390238
12523972592
12530554847
12518188049
12515859545
12522557338
12527439620
12526972846
12526763812
12530864960
12527542281
12530690505
12530800750
12529268697
12524763034
12524922398
12528113478
12521322867
12524380869
12516533559
12524435057
12523968283
12526388749
12524488052
12524919745
12525471139
12506112330
12527291926
12531893549
12521713011
12528355099
12525695663
12532275442
12513767181
12525203253
12528119498
12516879371
12516412597
12524734259
12529843935
12525465769
12517215120
12525969446
12528577959
12528111185
12521301432
12531836795
12518139977
12524413622
12523051758
12523162003
12524905865
12518937874
12524546464
12520382756
12527643256
12521210344
12521320589
12525344361
12525674228
12524771554
12518541342
12524587713
12530171936
12526140835
12525569451
12518403770
12526783420
12528148715
12521515960
12521049186
12529137814
12529588774
12521618621
12525172919
