0
1499000000000
2998000000000
4497000000000
5996000000000
7495000000000
8994000000000
10493000000000
11992000000000
13491000000000
14990000000000
16489000000000
17988000000000
19487000000000
20986000000000
22485000000000
23984000000000
25483000000000
26982000000000
28481000000000
29980000000000
31479000000000
32978000000000
34477000000000
35976000000000
37475000000000
38974000000000
40473000000000
41972000000000
43471000000000
44970000000000
46469000000000
47968000000000
49467000000000
50966000000000
52465000000000
53964000000000
55463000000000
56962000000000
58461000000000
59960000000000
61459000000000
62958000000000
64457000000000
65956000000000
67455000000000
68954000000000
70453000000000
71952000000000
73451000000000
74950000000000
76449000000000
77948000000000
79447000000000
80946000000000
82445000000000
83944000000000
85443000000000
86942000000000
88441000000000
89940000000000
91439000000000
92938000000000
94437000000000
95936000000000
97435000000000
98934000000000
100433000000000
101932000000000
103431000000000
104930000000000
106429000000000
107928000000000
109427000000000
110926000000000
112425000000000
113924000000000
115423000000000
116922000000000
118421000000000
119920000000000
121419000000000
122918000000000
124417000000000
125916000000000
127415000000000
128914000000000
130413000000000
131912000000000
133411000000000
134910000000000
136409000000000
137908000000000
139407000000000
140906000000000
142405000000000
143904000000000
145403000000000
146902000000000
148401000000000
149900000000000
151399000000000
152898000000000
154397000000000
155896000000000
157395000000000
158894000000000
160393000000000
161892000000000
163391000000000
164890000000000
166389000000000
167888000000000
169387000000000
170886000000000
172385000000000
173884000000000
175383000000000
176882000000000
178381000000000
179880000000000
181379000000000
182878000000000
184377000000000
185876000000000
187375000000000
188874000000000
190373000000000
191872000000000
193371000000000
194870000000000
196369000000000
197868000000000
199367000000000
200866000000000
202365000000000
203864000000000
205363000000000
206862000000000
208361000000000
209860000000000
211359000000000
212858000000000
214357000000000
215856000000000
217355000000000
218854000000000
220353000000000
221852000000000
223351000000000
224850000000000
226349000000000
227848000000000
229347000000000
230846000000000
232345000000000
233844000000000
235343000000000
236842000000000
238341000000000
239840000000000
241339000000000
242838000000000
244337000000000
245836000000000
247335000000000
248834000000000
250333000000000
251832000000000
253331000000000
254830000000000
256329000000000
257828000000000
259327000000000
260826000000000
262325000000000
263824000000000
265323000000000
266822000000000
268321000000000
269820000000000
271319000000000
272818000000000
274317000000000
275816000000000
277315000000000
278814000000000
280313000000000
281812000000000
283311000000000
284810000000000
286309000000000
287808000000000
289307000000000
290806000000000
292305000000000
293804000000000
295303000000000
296802000000000
298301000000000
299800000000000
301299000000000
302798000000000
304297000000000
305796000000000
307295000000000
308794000000000
310293000000000
311792000000000
313291000000000
314790000000000
316289000000000
317788000000000
319287000000000
320786000000000
322285000000000
323784000000000
325283000000000
326782000000000
328281000000000
329780000000000
331279000000000
332778000000000
334277000000000
335776000000000
337275000000000
338774000000000
340273000000000
341772000000000
343271000000000
344770000000000
346269000000000
347768000000000
349267000000000
350766000000000
352265000000000
353764000000000
355263000000000
356762000000000
358261000000000
359760000000000
361259000000000
362758000000000
364257000000000
365756000000000
367255000000000
368754000000000
370253000000000
371752000000000
373251000000000
374750000000000
376249000000000
377748000000000
379247000000000
380746000000000
382245000000000
383744000000000
385243000000000
386742000000000
388241000000000
389740000000000
391239000000000
392738000000000
394237000000000
395736000000000
397235000000000
398734000000000
400233000000000
401732000000000
403231000000000
404730000000000
406229000000000
407728000000000
409227000000000
410726000000000
412225000000000
413724000000000
415223000000000
416722000000000
418221000000000
419720000000000
421219000000000
422718000000000
424217000000000
425716000000000
427215000000000
428714000000000
430213000000000
431712000000000
433211000000000
434710000000000
436209000000000
437708000000000
439207000000000
440706000000000
442205000000000
443704000000000
445203000000000
446702000000000
448201000000000
449700000000000
451199000000000
452698000000000
454197000000000
455696000000000
457195000000000
458694000000000
460193000000000
461692000000000
463191000000000
464690000000000
466189000000000
467688000000000
469187000000000
470686000000000
472185000000000
473684000000000
475183000000000
476682000000000
478181000000000
479680000000000
481179000000000
482678000000000
484177000000000
485676000000000
487175000000000
488674000000000
490173000000000
491672000000000
493171000000000
494670000000000
496169000000000
497668000000000
499167000000000
500666000000000
502165000000000
503664000000000
505163000000000
506662000000000
508161000000000
509660000000000
511159000000000
512658000000000
514157000000000
515656000000000
517155000000000
518654000000000
520153000000000
521652000000000
523151000000000
524650000000000
526149000000000
527648000000000
529147000000000
530646000000000
532145000000000
533644000000000
535143000000000
536642000000000
538141000000000
539640000000000
541139000000000
542638000000000
544137000000000
545636000000000
547135000000000
548634000000000
550133000000000
551632000000000
553131000000000
554630000000000
556129000000000
557628000000000
559127000000000
560626000000000
562125000000000
563624000000000
565123000000000
566622000000000
568121000000000
569620000000000
571119000000000
572618000000000
574117000000000
575616000000000
577115000000000
578614000000000
580113000000000
581612000000000
583111000000000
584610000000000
586109000000000
587608000000000
589107000000000
590606000000000
592105000000000
593604000000000
595103000000000
596602000000000
598101000000000
599600000000000
601099000000000
602598000000000
604097000000000
605596000000000
607095000000000
608594000000000
610093000000000
611592000000000
613091000000000
614590000000000
616089000000000
617588000000000
619087000000000
620586000000000
622085000000000
623584000000000
625083000000000
626582000000000
628081000000000
629580000000000
631079000000000
632578000000000
634077000000000
635576000000000
637075000000000
638574000000000
640073000000000
641572000000000
643071000000000
644570000000000
646069000000000
647568000000000
649067000000000
650566000000000
652065000000000
653564000000000
655063000000000
656562000000000
658061000000000
659560000000000
661059000000000
662558000000000
664057000000000
665556000000000
667055000000000
668554000000000
670053000000000
671552000000000
673051000000000
674550000000000
676049000000000
677548000000000
679047000000000
680546000000000
682045000000000
683544000000000
685043000000000
686542000000000
688041000000000
689540000000000
691039000000000
692538000000000
694037000000000
695536000000000
697035000000000
698534000000000
700033000000000
701532000000000
703031000000000
704530000000000
706029000000000
707528000000000
709027000000000
710526000000000
712025000000000
713524000000000
715023000000000
716522000000000
718021000000000
719520000000000
721019000000000
722518000000000
724017000000000
725516000000000
727015000000000
728514000000000
730013000000000
731512000000000
733011000000000
734510000000000
736009000000000
737508000000000
739007000000000
740506000000000
742005000000000
743504000000000
745003000000000
746502000000000
748001000000000
749500000000000
750999000000000
752498000000000
753997000000000
755496000000000
756995000000000
758494000000000
759993000000000
761492000000000
762991000000000
764490000000000
765989000000000
767488000000000
768987000000000
770486000000000
771985000000000
773484000000000
774983000000000
776482000000000
777981000000000
779480000000000
780979000000000
782478000000000
783977000000000
785476000000000
786975000000000
788474000000000
789973000000000
791472000000000
792971000000000
794470000000000
795969000000000
797468000000000
798967000000000
800466000000000
801965000000000
803464000000000
804963000000000
806462000000000
807961000000000
809460000000000
810959000000000
812458000000000
813957000000000
815456000000000
816955000000000
818454000000000
819953000000000
821452000000000
822951000000000
824450000000000
825949000000000
827448000000000
828947000000000
830446000000000
831945000000000
833444000000000
834943000000000
836442000000000
837941000000000
839440000000000
840939000000000
842438000000000
843937000000000
845436000000000
846935000000000
848434000000000
849933000000000
851432000000000
852931000000000
854430000000000
855929000000000
857428000000000
858927000000000
860426000000000
861925000000000
863424000000000
864923000000000
866422000000000
867921000000000
869420000000000
870919000000000
872418000000000
873917000000000
875416000000000
876915000000000
878414000000000
879913000000000
881412000000000
882911000000000
884410000000000
885909000000000
887408000000000
888907000000000
890406000000000
891905000000000
893404000000000
894903000000000
896402000000000
897901000000000
899400000000000
900899000000000
902398000000000
903897000000000
905396000000000
906895000000000
908394000000000
909893000000000
911392000000000
912891000000000
914390000000000
915889000000000
917388000000000
918887000000000
920386000000000
921885000000000
923384000000000
924883000000000
926382000000000
927881000000000
929380000000000
930879000000000
932378000000000
933877000000000
935376000000000
936875000000000
938374000000000
939873000000000
941372000000000
942871000000000
944370000000000
945869000000000
947368000000000
948867000000000
950366000000000
951865000000000
953364000000000
954863000000000
956362000000000
957861000000000
959360000000000
960859000000000
962358000000000
963857000000000
965356000000000
966855000000000
968354000000000
969853000000000
971352000000000
972851000000000
974350000000000
975849000000000
977348000000000
978847000000000
980346000000000
981845000000000
983344000000000
984843000000000
986342000000000
987841000000000
989340000000000
990839000000000
992338000000000
993837000000000
995336000000000
996835000000000
998334000000000
999833000000000
1001332000000000
1002831000000000
1004330000000000
1005829000000000
1007328000000000
1008827000000000
1010326000000000
1011825000000000
1013324000000000
1014823000000000
1016322000000000
1017821000000000
1019320000000000
1020819000000000
1022318000000000
1023817000000000
1025316000000000
1026815000000000
1028314000000000
1029813000000000
1031312000000000
1032811000000000
1034310000000000
1035809000000000
1037308000000000
1038807000000000
1040306000000000
1041805000000000
1043304000000000
1044803000000000
1046302000000000
1047801000000000
1049300000000000
1050799000000000
1052298000000000
1053797000000000
1055296000000000
1056795000000000
1058294000000000
1059793000000000
1061292000000000
1062791000000000
1064290000000000
1065789000000000
1067288000000000
1068787000000000
1070286000000000
1071785000000000
1073284000000000
1074783000000000
1076282000000000
1077781000000000
1079280000000000
1080779000000000
1082278000000000
1083777000000000
1085276000000000
1086775000000000
1088274000000000
1089773000000000
1091272000000000
1092771000000000
1094270000000000
1095769000000000
1097268000000000
1098767000000000
1100266000000000
1101765000000000
1103264000000000
1104763000000000
1106262000000000
1107761000000000
1109260000000000
1110759000000000
1112258000000000
1113757000000000
1115256000000000
1116755000000000
1118254000000000
1119753000000000
1121252000000000
1122751000000000
1124250000000000
1122751000000000
1121252000000000
1119753000000000
1118254000000000
1116755000000000
1115256000000000
1113757000000000
1112258000000000
1110759000000000
1109260000000000
1107761000000000
1106262000000000
1104763000000000
1103264000000000
1101765000000000
1100266000000000
1098767000000000
1097268000000000
1095769000000000
1094270000000000
1092771000000000
1091272000000000
1089773000000000
1088274000000000
1086775000000000
1085276000000000
1083777000000000
1082278000000000
1080779000000000
1079280000000000
1077781000000000
1076282000000000
1074783000000000
1073284000000000
1071785000000000
1070286000000000
1068787000000000
1067288000000000
1065789000000000
1064290000000000
1062791000000000
1061292000000000
1059793000000000
1058294000000000
1056795000000000
1055296000000000
1053797000000000
1052298000000000
1050799000000000
1049300000000000
1047801000000000
1046302000000000
1044803000000000
1043304000000000
1041805000000000
1040306000000000
1038807000000000
1037308000000000
1035809000000000
1034310000000000
1032811000000000
1031312000000000
1029813000000000
1028314000000000
1026815000000000
1025316000000000
1023817000000000
1022318000000000
1020819000000000
1019320000000000
1017821000000000
1016322000000000
1014823000000000
1013324000000000
1011825000000000
1010326000000000
1008827000000000
1007328000000000
1005829000000000
1004330000000000
1002831000000000
1001332000000000
999833000000000
998334000000000
996835000000000
995336000000000
993837000000000
992338000000000
990839000000000
989340000000000
987841000000000
986342000000000
984843000000000
983344000000000
981845000000000
980346000000000
978847000000000
977348000000000
975849000000000
974350000000000
972851000000000
971352000000000
969853000000000
968354000000000
966855000000000
965356000000000
963857000000000
962358000000000
960859000000000
959360000000000
957861000000000
956362000000000
954863000000000
953364000000000
951865000000000
950366000000000
948867000000000
947368000000000
945869000000000
944370000000000
942871000000000
941372000000000
939873000000000
938374000000000
936875000000000
935376000000000
933877000000000
932378000000000
930879000000000
929380000000000
927881000000000
926382000000000
924883000000000
923384000000000
921885000000000
920386000000000
918887000000000
917388000000000
915889000000000
914390000000000
912891000000000
911392000000000
909893000000000
908394000000000
906895000000000
905396000000000
903897000000000
902398000000000
900899000000000
899400000000000
897901000000000
896402000000000
894903000000000
893404000000000
891905000000000
890406000000000
888907000000000
887408000000000
885909000000000
884410000000000
882911000000000
881412000000000
879913000000000
878414000000000
876915000000000
875416000000000
873917000000000
872418000000000
870919000000000
869420000000000
867921000000000
866422000000000
864923000000000
863424000000000
861925000000000
860426000000000
858927000000000
857428000000000
855929000000000
854430000000000
852931000000000
851432000000000
849933000000000
848434000000000
846935000000000
845436000000000
843937000000000
842438000000000
840939000000000
839440000000000
837941000000000
836442000000000
834943000000000
833444000000000
831945000000000
830446000000000
828947000000000
827448000000000
825949000000000
824450000000000
822951000000000
821452000000000
819953000000000
818454000000000
816955000000000
815456000000000
813957000000000
812458000000000
810959000000000
809460000000000
807961000000000
806462000000000
804963000000000
803464000000000
801965000000000
800466000000000
798967000000000
797468000000000
795969000000000
794470000000000
792971000000000
791472000000000
789973000000000
788474000000000
786975000000000
785476000000000
783977000000000
782478000000000
780979000000000
779480000000000
777981000000000
776482000000000
774983000000000
773484000000000
771985000000000
770486000000000
768987000000000
767488000000000
765989000000000
764490000000000
762991000000000
761492000000000
759993000000000
758494000000000
756995000000000
755496000000000
753997000000000
752498000000000
750999000000000
749500000000000
748001000000000
746502000000000
745003000000000
743504000000000
742005000000000
740506000000000
739007000000000
737508000000000
736009000000000
734510000000000
733011000000000
731512000000000
730013000000000
728514000000000
727015000000000
725516000000000
724017000000000
722518000000000
721019000000000
719520000000000
718021000000000
716522000000000
715023000000000
713524000000000
712025000000000
710526000000000
709027000000000
707528000000000
706029000000000
704530000000000
703031000000000
701532000000000
700033000000000
698534000000000
697035000000000
695536000000000
694037000000000
692538000000000
691039000000000
689540000000000
688041000000000
686542000000000
685043000000000
683544000000000
682045000000000
680546000000000
679047000000000
677548000000000
676049000000000
674550000000000
673051000000000
671552000000000
670053000000000
668554000000000
667055000000000
665556000000000
664057000000000
662558000000000
661059000000000
659560000000000
658061000000000
656562000000000
655063000000000
653564000000000
652065000000000
650566000000000
649067000000000
647568000000000
646069000000000
644570000000000
643071000000000
641572000000000
640073000000000
638574000000000
637075000000000
635576000000000
634077000000000
632578000000000
631079000000000
629580000000000
628081000000000
626582000000000
625083000000000
623584000000000
622085000000000
620586000000000
619087000000000
617588000000000
616089000000000
614590000000000
613091000000000
611592000000000
610093000000000
608594000000000
607095000000000
605596000000000
604097000000000
602598000000000
601099000000000
599600000000000
598101000000000
596602000000000
595103000000000
593604000000000
592105000000000
590606000000000
589107000000000
587608000000000
586109000000000
584610000000000
583111000000000
581612000000000
580113000000000
578614000000000
577115000000000
575616000000000
574117000000000
572618000000000
571119000000000
569620000000000
568121000000000
566622000000000
565123000000000
563624000000000
562125000000000
560626000000000
559127000000000
557628000000000
556129000000000
554630000000000
553131000000000
551632000000000
550133000000000
548634000000000
547135000000000
545636000000000
544137000000000
542638000000000
541139000000000
539640000000000
538141000000000
536642000000000
535143000000000
533644000000000
532145000000000
530646000000000
529147000000000
527648000000000
526149000000000
524650000000000
523151000000000
521652000000000
520153000000000
518654000000000
517155000000000
515656000000000
514157000000000
512658000000000
511159000000000
509660000000000
508161000000000
506662000000000
505163000000000
503664000000000
502165000000000
500666000000000
499167000000000
497668000000000
496169000000000
494670000000000
493171000000000
491672000000000
490173000000000
488674000000000
487175000000000
485676000000000
484177000000000
482678000000000
481179000000000
479680000000000
478181000000000
476682000000000
475183000000000
473684000000000
472185000000000
470686000000000
469187000000000
467688000000000
466189000000000
464690000000000
463191000000000
461692000000000
460193000000000
458694000000000
457195000000000
455696000000000
454197000000000
452698000000000
451199000000000
449700000000000
448201000000000
446702000000000
445203000000000
443704000000000
442205000000000
440706000000000
439207000000000
437708000000000
436209000000000
434710000000000
433211000000000
431712000000000
430213000000000
428714000000000
427215000000000
425716000000000
424217000000000
422718000000000
421219000000000
419720000000000
418221000000000
416722000000000
415223000000000
413724000000000
412225000000000
410726000000000
409227000000000
407728000000000
406229000000000
404730000000000
403231000000000
401732000000000
400233000000000
398734000000000
397235000000000
395736000000000
394237000000000
392738000000000
391239000000000
389740000000000
388241000000000
386742000000000
385243000000000
383744000000000
382245000000000
380746000000000
379247000000000
377748000000000
376249000000000
374750000000000
373251000000000
371752000000000
370253000000000
368754000000000
367255000000000
365756000000000
364257000000000
362758000000000
361259000000000
359760000000000
358261000000000
356762000000000
355263000000000
353764000000000
352265000000000
350766000000000
349267000000000
347768000000000
346269000000000
344770000000000
343271000000000
341772000000000
340273000000000
338774000000000
337275000000000
335776000000000
334277000000000
332778000000000
331279000000000
329780000000000
328281000000000
326782000000000
325283000000000
323784000000000
322285000000000
320786000000000
319287000000000
317788000000000
316289000000000
314790000000000
313291000000000
311792000000000
310293000000000
308794000000000
307295000000000
305796000000000
304297000000000
302798000000000
301299000000000
299800000000000
298301000000000
296802000000000
295303000000000
293804000000000
292305000000000
290806000000000
289307000000000
287808000000000
286309000000000
284810000000000
283311000000000
281812000000000
280313000000000
278814000000000
277315000000000
275816000000000
274317000000000
272818000000000
271319000000000
269820000000000
268321000000000
266822000000000
265323000000000
263824000000000
262325000000000
260826000000000
259327000000000
257828000000000
256329000000000
254830000000000
253331000000000
251832000000000
250333000000000
248834000000000
247335000000000
245836000000000
244337000000000
242838000000000
241339000000000
239840000000000
238341000000000
236842000000000
235343000000000
233844000000000
232345000000000
230846000000000
229347000000000
227848000000000
226349000000000
224850000000000
223351000000000
221852000000000
220353000000000
218854000000000
217355000000000
215856000000000
214357000000000
212858000000000
211359000000000
209860000000000
208361000000000
206862000000000
205363000000000
203864000000000
202365000000000
200866000000000
199367000000000
197868000000000
196369000000000
194870000000000
193371000000000
191872000000000
190373000000000
188874000000000
187375000000000
185876000000000
184377000000000
182878000000000
181379000000000
179880000000000
178381000000000
176882000000000
175383000000000
173884000000000
172385000000000
170886000000000
169387000000000
167888000000000
166389000000000
164890000000000
163391000000000
161892000000000
160393000000000
158894000000000
157395000000000
155896000000000
154397000000000
152898000000000
151399000000000
149900000000000
148401000000000
146902000000000
145403000000000
143904000000000
142405000000000
140906000000000
139407000000000
137908000000000
136409000000000
134910000000000
133411000000000
131912000000000
130413000000000
128914000000000
127415000000000
125916000000000
124417000000000
122918000000000
121419000000000
119920000000000
118421000000000
116922000000000
115423000000000
113924000000000
112425000000000
110926000000000
109427000000000
107928000000000
106429000000000
104930000000000
103431000000000
101932000000000
100433000000000
98934000000000
97435000000000
95936000000000
94437000000000
92938000000000
91439000000000
89940000000000
88441000000000
86942000000000
85443000000000
83944000000000
82445000000000
80946000000000
79447000000000
77948000000000
76449000000000
74950000000000
73451000000000
71952000000000
70453000000000
68954000000000
67455000000000
65956000000000
64457000000000
62958000000000
61459000000000
59960000000000
58461000000000
56962000000000
55463000000000
53964000000000
52465000000000
50966000000000
49467000000000
47968000000000
46469000000000
44970000000000
43471000000000
41972000000000
40473000000000
38974000000000
37475000000000
35976000000000
34477000000000
32978000000000
31479000000000
29980000000000
28481000000000
26982000000000
25483000000000
23984000000000
22485000000000
20986000000000
19487000000000
17988000000000
16489000000000
14990000000000
13491000000000
11992000000000
10493000000000
8994000000000
7495000000000
5996000000000
4497000000000
2998000000000
1499000000000
