0
15504124
17889980
17026570
22665779
21802369
20938959
20075549
18715967
17852557
16989147
18700866
22003102
17377474
19544968
18681558
17818148
20426453
17402293
20119404
17324712
16461302
18860035
21475257
12995218
22530079
18169052
20762018
19898608
16600558
15737148
19024045
17967504
17297225
19174216
18310806
17447396
16583986
21952869
14360994
13497584
19374949
18511539
17648129
19119795
15189995
14326585
16934890
20632985
16627841
18906165
18042755
17179345
17983694
17120284
21720055
20856645
18973812
16407045
20120479
12245585
15532482
14669072
13805662
19760605
15850925
14987515
20344139
19480729
19796858
10006021
18070038
15019976
14156566
20111509
19361121
18497711
13443327
20607744
18952884
19284352
18420942
18216718
16885684
13628721
19583664
23357143
17985205
14618839
16628916
15765506
14902096
14038686
17132452
16269042
19370846
11495952
17644026
15989166
20430803
19567393
15253000
14389590
10665003
16619946
18327881
15006148
14142738
17131520
16656199
15792789
14929379
21269015
13861745
19542195
18678785
21676453
19002170
17467085
16603675
12273943
11410533
10547123
13640889
12777479
15879283
15015873
14152463
13289053
17626254
16762844
20314605
10898027
23811683
22385055
23226332
18501844
14503367
13639957
19772692
12301226
11437816
19262168
16914042
16050632
15187222
20681164
19817754
14647197
13112112
12920377
7918970
7055560
21183553
20262614
15538126
11524310
10660900
9797490
15945564
13271281
18732341
17868931
20320120
20704365
24369891
18886698
18023288
10148394
16296468
15433058
19083245
18219835
20671024
12559069
11695659
20050778
24148759
17495443
16632033
15768623
14905213
22792708
17691990
21390834
15907641
15044231
14180821
13317411
12454001
11590591
15256117
20553144
23646910
22705922
20878328
20979102
14531725
13668315
12804905
11941495
23683401
14728272
18427116
17563706
24571630
21330006
20657196
21733049
13140470
12277060
11413650
19301145
22588042
17914610
20861222
11552668
10689258
9825848
8962438
8099028
11764554
17061581
22938946
22075536
18350949
17487539
20666921
10176752
9313342
8449932
20191838
23478735
14935553
14072143
21188222
20684281
22933768
20154415
22537809
8785497
7922087
22821066
21957656
20983416
21539126
23324602
19414922
18551512
23908136
23044726
24911234
23020262
22156852
18583973
17720563
21011281
17175358
16311948
5821779
4958369
20462493
22848349
21984939
10580580
19749254
22425613
19442205
22009758
21549202
21947516
20192913
19329503
18466093
17602683
18047563
19833039
22934843
22071433
21208023
20344613
21419671
20957227
18816997
17953587
14229000
20183943
20695279
19831869
18968459
1466806
16970930
19356786
18493376
24132585
16257691
22405765
21542355
20182773
19319363
18455953
19700048
15837940
14974530
14111120
20148364
19284954
19443280
18579870
17716460
16853050
17928108
19384069
16602254
14462024
20458390
18803530
17203716
16340306
15476896
14613486
13479367
19434310
18764031
20641022
19777612
18914202
18050792
18607153
15827800
14964390
16676109
19978345
19114935
20586601
16656801
15793391
18401696
22099791
18094647
20372971
14436545
16835278
19450500
18587090
20505322
19641912
20440618
17873851
21587285
13712391
16999288
16135878
15272468
21227411
16286049
15422639
14559229
20947535
21263664
11472827
19536844
16486782
15623372
21562976
20699566
19964517
14910133
18608228
17744818
16881408
16017998
15154588
18352490
15095527
20486748
18831888
17968478
16085645
18095722
17232312
13507725
12644315
11780905
17735848
20837652
12962758
19110832
17455972
17772101
16908691
16045281
15841057
12131809
18086752
19794687
16472954
15609544
18582987
17719577
17259595
16396185
22735821
15328551
21009001
17879944
23143259
20468976
18933891
18070481
13740749
12877339
12013929
15107695
14244285
17346089
16482679
15619269
14755859
19093060
17542636
19756764
12364833
18029944
17166534
16303124
19968650
12117981
15106763
21239498
13768032
12904622
20728974
18380848
17517438
16654028
19651696
18788286
16114003
14578918
14387183
9385776
8522366
22650359
21729420
16989593
12991116
12127706
11264296
17412370
14738087
18289848
19335737
21786926
22171171
22030090
20338165
19474755
11615200
17747935
16884525
9413059
19686641
22137830
14025875
13162465
21517584
25409626
18962249
11759030
10895620
16372019
21398337
19158796
22857640
17374447
16511037
8636143
7772733
13920807
13057397
16707584
15844174
18295363
18679608
22345134
22445908
15998531
15135121
14271711
13408301
22559739
16195078
19893922
19030512
9670902
22796812
22124002
23199855
14607276
13743866
12880456
20767951
24054848
19366077
18502667
13019474
12156064
11292654
10429244
9565834
13231360
18528387
24405752
23542342
19817755
18954345
22133727
11643558
10780148
9916738
21658644
23826138
16402359
15538949
22655028
21683463
23368892
21161160
24004615
10252303
9388893
17276388
20563285
19699875
18836465
24179778
8664501
7801091
6937681
6074271
20786945
23964251
23100841
20050779
19187369
15462782
18642164
17778754
7288585
6425175
21929299
21453978
20590568
12047386
19163465
18659524
20909011
23476564
23016008
23398983
5897330
20796309
19932899
19069489
19514369
21299845
24401649
16526755
22674829
21019969
22886477
22424033
20132095
19268685
15695806
21650749
22162085
14287191
19173541
2933612
18437736
20823592
19960182
22127676
17724497
20400856
20848411
19985001
20786169
19922759
21166854
17304746
16441336
15577926
21615170
20751760
20910086
20046676
19183266
18319856
19394914
20550212
18069060
15928830
21925196
20270336
18670522
17807112
16943702
16080292
14946173
17332029
16468619
22107828
21244418
20381008
19517598
20073959
17294606
16431196
18142915
17951180
20566402
19702992
18123607
17260197
19868502
16555113
15691703
14828293
15903351
18302084
20160453
19297043
18433633
17570223
21907424
14315549
13452139
12588729
18466094
17602684
16739274
22694217
17752855
16889445
16026035
16582396
15718986
12939633
21003650
17953588
17090178
23029782
22166372
13768634
16376939
20075034
19211624
18348214
17484804
16621394
19715160
16562333
21953554
20298694
19435284
17552451
19562528
18699118
14974531
14111121
13247711
19202654
22304458
13397882
12534472
18922778
19238907
18375497
17512087
16840239
13598615
19538219
18674809
17939760
17076350
16583471
15720061
14856651
13993241
13129831
16795357
19325401
18461991
17598581
15943721
15080311
19537287
15207555
14344145
10619558
9756148
15711091
18812895
17949485
17086075
16222665
15747344
14883934
14020524
13816300
12952890
18633340
17769930
21435456
13584787
16558230
15694820
15234838
14371428
22195780
19847654
18984244
18120834
21118502
20255092
17580809
16045724
15853989
10852582
9989172
22339610
12219528
18456399
14457922
13594512
12731102
18879176
16204893
19216723
16868597
16005187
15141777
14278367
21804971
20941561
13082006
19214741
18351331
10879865
21153447
20217169
15492681
14629271
17626939
16763529
15900119
13225836
12362426
17838825
6497609
20625602
24324446
18841253
14101426
10102949
9239539
15387613
14524203
18174390
17310980
19762169
20146414
23811940
23912714
17449998
16586588
15723178
14859768
13996358
17661884
21360728
20497318
11137708
19492827
23384869
24625783
16074082
15210672
14347262
19644289
18510170
20832883
19969473
14486280
13622870
5747976
11896050
11032640
14682827
13819417
16270606
16654851
21284561
20421151
21687604
13110364
12246954
11383544
20534982
25292944
17869165
17005755
24121834
23150269
24835698
22627966
22209278
11719109
10855699
18743194
22030091
21166681
16477910
23397037
10131307
9267897
8404487
7541077
22253751
16503630
24058782
21517585
20654175
16929588
20108970
19245560
8755391
7891981
22775621
21912211
20937971
13514192
20630271
20126330
22375817
23862691
22999281
21116448
7364136
22263115
18538528
17675118
16811708
22155021
23277987
5776334
4912924
4049514
19553638
21939494
21076084
20735491
17162612
23117555
22314190
15753997
20640347
4400418
19904542
22290398
18565811
17702401
17138708
21867662
22315217
21451807
22237636
21374226
20510816
18771552
17908142
17044732
20138498
19275088
22376892
21513482
20650072
19786662
20861720
22017018
19535866
17243928
22360320
21496910
20137328
19273918
17148784
17547098
16412979
18798835
17935425
20102919
19239509
18376099
18823654
17960244
18761412
17898002
19609721
19417986
14416579
13553169
19590413
18727003
21319969
18021919
17158509
16295099
17370157
18525455
17855176
20763849
19900439
19037029
18199158
15782355
14918945
14055535
19932900
19069490
18206080
24161023
19219661
18356251
17492841
18049202
17185792
14406439
22470456
19405055
18541645
17678235
23633178
15235440
17843745
18668353
13666946
12803536
18951610
18088200
21181966
17272286
16408876
15545466
20902090
19019257
11427382
10563972
16441337
15577927
14714517
20669460
19919072
14864688
14001278
20389584
13694229
19842303
18978893
18307045
15065421
21005025
20141615
19406566
18543156
18050277
17186867
16323457
15460047
14596637
17690403
16826993
19928797
19065387
17410527
16547117
21004093
16674361
15810951
12086364
11222954
17177897
20279701
19416291
18552881
17689471
17214150
16350740
15487330
15283106
13952072
20100146
16650052
20423531
15051593
18025036
13695304
12831894
11968484
11105074
21314460
17300644
16437234
15573824
14710414
13847004
17512530
17320795
12319388
11455978
7731391
13686334
19923205
15924728
15061318
14197908
13722587
12859177
11995767
18335403
10928133
16608583
15745173
23271777
18688563
14533473
13670063
19818137
12346671
22604914
21683975
16959487
16096077
19093745
18230335
17366925
14692642
13829232
19305631
7964415
22092408
19451443
20308059
15568232
11569755
10706345
16854419
15991009
19641196
16328556
13980430
13117020
12253610
20608729
18916804
18053394
17189984
16326574
15463164
19128690
22827534
17329002
12604514
15602182
14738772
13875362
13011952
10337669
15814068
21111095
19976976
22299689
21436279
15953086
15089676
7214782
13362856
12499446
16149633
15286223
17737412
18121657
22751367
21887957
23154410
14561831
13698421
12835011
11971601
19859096
19335971
18472561
25191256
24327846
21360112
22601026
23676084
13185915
12322505
17619532
23496897
22633487
17944716
22088282
11598113
10734703
9871293
9007883
20749789
11794660
15493504
14630094
22120981
18396394
21575776
20712366
10222197
9358787
24242427
23379017
22404777
14980998
22097077
21593136
22810941
21947531
20184521
22583254
8830942
23729921
20005334
19141924
18278514
21372280
20508870
7243140
6379730
5516320
21020444
23406300
22034025
21170615
18629418
24569022
23705612
17220803
22107153
5867224
20750864
19887454
19024044
18049804
18605514
23334468
23492794
22629384
21765974
20902564
21977622
20238358
19374948
15650361
14786951
20741894
21253230
20389820
2888167
2024757
17528881
19914737
19051327
18710734
17983693
22963716
21604134
20740724
18615590
19013904
17879785
20265641
19402231
15677644
15113951
19842905
20290460
19427050
20212879
19349469
18486059
19942020
15883385
15019975
21057219
20193809
22786775
19488725
18625315
17761905
18836963
19992261
19321982
21198973
20335563
19472153
18608743
17249161
16385751
15522341
21399706
20536296
15910668
18078162
17214752
16351342
18959647
15935487
18652598
15873245
18256639
17393229
20008451
19145041
21063273
16702246
19295212
18431802
15133752
14270342
17557239
16500698
15830419
18739092
17875682
17012272
22368896
20486063
12894188
12030778
17908143
17044733
16181323
22136266
21385878
16331494
15468084
21841051
15161035
21309109
20445699
19773851
16516888
15653478
21608421
20873372
17507006
16643596
18653673
10778779
16926853
16063443
19157209
18293799
14384119
13520709
18877333
18013923
22455560
18141167
17277757
13553170
12689760
18644703
17894315
17030905
11976521
19156277
18680956
17817546
16954136
16749912
15418878
21566952
18116858
21890337
16518399
19491842
15162110
14298700
13435290
12571880
15665646
14802236
17904040
17040630
16177220
14522360
18979336
18787601
13786194
12922784
9198197
15153140
21390011
17391534
16528124
15664714
15189393
14325983
13462573
19802209
12394939
18075389
17211979
22705921
17535364
16000279
15136869
10807137
9943727
9080317
23150781
18426293
14412477
13549067
12685657
11822247
16159448
15296038
20757098
9431221
22344877
20918249
21774865
17035038
13036561
12173151
18321225
10834420
9971010
17795362
15447236
14583826
13720416
22075535
20383610
19520200
11645306
17793380
16929970
20580157
19716747
18795808
14071320
17068988
16205578
15342168
14478758
11804475
17280874
22577901
21443782
23766495
22903085
17419892
16556482
8681588
14829662
13966252
17616439
16753029
19204218
11092263
10228853
22375240
22681953
16028637
15165227
14301817
13438407
21325902
20802777
19939367
14440835
13577425
12714015
11850605
10987195
10123785
13789311
19086338
24963703
21239116
19411522
19512296
13064919
12201509
11338099
10474689
22216595
13261466
16960310
16096900
23212979
19863200
23042582
20266243
11673664
10810254
9946844
17834339
23871583
16447804
23563883
22303089
21439679
20576269
21651327
21459592
10297748
25045019
21472140
20608730
19745320
20063525
19200115
8709946
7846536
6983126
22487250
24873106
13468747
12605337
20096224
22330372
21466962
18687609
23573959
7334030
22217670
21354260
20490850
19516610
20072320
21857796
24959600
24096190
22441330
21577920
23444428
21705164
20841754
17117167
16253757
22208700
18484113
21856626
4354973
3491563
18995687
21381543
20518133
19145858
18282448
24430522
23070940
22207530
20082396
20480710
18726107
17862697
16999287
16135877
16580757
21309711
21468037
20604627
19741217
18877807
19952865
19490421
17350191
16486781
12762194
18717137
19228473
18365063
17501653
