0
182552552
25593596
208146148
51187192
233739744
76780788
259333340
102374384
284926936
127967980
310520532
153561576
336114128
179155172
22196216
204748768
47789812
230342364
73383408
255935960
98977004
281529556
124570600
307123152
150164196
332716748
175757792
18798836
201351388
44392432
226944984
69986028
252538580
95579624
278132176
121173220
303725772
146766816
329319368
172360412
15401456
197954008
40995052
223547604
66588648
249141200
92182244
274734796
117775840
300328392
143369436
325921988
168963032
12004076
194556628
37597672
220150224
63191268
245743820
88784864
271337416
114378460
296931012
139972056
322524608
165565652
8606696
191159248
34200292
216752844
59793888
242346440
85387484
267940036
110981080
293533632
136574676
319127228
162168272
5209316
187761868
30802912
213355464
56396508
238949060
81990104
264542656
107583700
290136252
133177296
315729848
158770892
1811936
184364488
27405532
209958084
52999128
235551680
78592724
261145276
104186320
286738872
129779916
312332468
155373512
337926064
180967108
24008152
206560704
49601748
232154300
75195344
257747896
100788940
283341492
126382536
308935088
151976132
334528684
177569728
20610772
203163324
46204368
228756920
71797964
254350516
97391560
279944112
122985156
305537708
148578752
331131304
174172348
17213392
199765944
42806988
225359540
68400584
250953136
93994180
276546732
119587776
302140328
145181372
327733924
170774968
13816012
196368564
39409608
221962160
65003204
247555756
90596800
273149352
116190396
298742948
141783992
324336544
167377588
10418632
192971184
36012228
218564780
61605824
244158376
87199420
269751972
112793016
295345568
138386612
320939164
163980208
7021252
189573804
32614848
215167400
58208444
240760996
83802040
266354592
109395636
291948188
134989232
317541784
160582828
3623872
186176424
29217468
211770020
54811064
237363616
80404660
262957212
105998256
288550808
131591852
314144404
157185448
226492
182779044
25820088
208372640
51413684
233966236
77007280
259559832
102600876
285153428
128194472
310747024
153788068
336340620
179381664
22422708
204975260
48016304
230568856
73609900
256162452
99203496
281756048
124797092
307349644
150390688
332943240
175984284
19025328
201577880
44618924
227171476
70212520
252765072
95806116
278358668
121399712
303952264
146993308
329545860
172586904
15627948
198180500
41221544
223774096
66815140
249367692
92408736
274961288
118002332
300554884
143595928
326148480
169189524
12230568
194783120
37824164
220376716
63417760
245970312
89011356
271563908
114604952
297157504
140198548
322751100
165792144
8833188
191385740
34426784
216979336
60020380
242572932
85613976
268166528
111207572
293760124
136801168
319353720
162394764
5435808
187988360
31029404
213581956
56623000
239175552
82216596
264769148
107810192
290362744
133403788
315956340
158997384
2038428
184590980
27632024
210184576
53225620
235778172
78819216
261371768
104412812
286965364
130006408
312558960
155600004
338152556
181193600
24234644
206787196
49828240
232380792
75421836
257974388
101015432
283567984
126609028
309161580
152202624
334755176
177796220
20837264
203389816
46430860
228983412
72024456
254577008
97618052
280170604
123211648
305764200
148805244
331357796
174398840
17439884
199992436
43033480
225586032
68627076
251179628
94220672
276773224
119814268
302366820
145407864
327960416
171001460
14042504
196595056
39636100
222188652
65229696
247782248
90823292
273375844
116416888
298969440
142010484
324563036
167604080
10645124
193197676
36238720
218791272
61832316
244384868
87425912
269978464
113019508
295572060
138613104
321165656
164206700
7247744
189800296
32841340
215393892
58434936
240987488
84028532
266581084
109622128
292174680
135215724
317768276
160809320
3850364
186402916
29443960
211996512
55037556
237590108
80631152
263183704
106224748
288777300
131818344
314370896
157411940
452984
183005536
26046580
208599132
51640176
234192728
77233772
259786324
102827368
285379920
128420964
310973516
154014560
336567112
179608156
22649200
205201752
48242796
230795348
73836392
256388944
99429988
281982540
125023584
307576136
150617180
333169732
176210776
19251820
201804372
44845416
227397968
70439012
252991564
96032608
278585160
121626204
304178756
147219800
329772352
172813396
15854440
198406992
41448036
224000588
67041632
249594184
92635228
275187780
118228824
300781376
143822420
326374972
169416016
12457060
195009612
38050656
220603208
63644252
246196804
89237848
271790400
114831444
297383996
140425040
322977592
166018636
9059680
191612232
34653276
217205828
60246872
242799424
85840468
268393020
111434064
293986616
137027660
319580212
162621256
5662300
188214852
31255896
213808448
56849492
239402044
82443088
264995640
108036684
290589236
133630280
316182832
159223876
2264920
184817472
27858516
210411068
53452112
236004664
79045708
261598260
104639304
287191856
130232900
312785452
155826496
338379048
181420092
24461136
207013688
50054732
232607284
75648328
258200880
101241924
283794476
126835520
309388072
152429116
334981668
178022712
21063756
203616308
46657352
229209904
72250948
254803500
97844544
280397096
123438140
305990692
149031736
331584288
174625332
17666376
200218928
43259972
225812524
68853568
251406120
94447164
276999716
120040760
302593312
145634356
328186908
171227952
14268996
196821548
39862592
222415144
65456188
248008740
91049784
273602336
116643380
299195932
142236976
324789528
167830572
10871616
193424168
36465212
219017764
62058808
244611360
87652404
270204956
113246000
295798552
138839596
321392148
164433192
7474236
190026788
33067832
215620384
58661428
241213980
84255024
266807576
109848620
292401172
135442216
317994768
161035812
4076856
186629408
29670452
212223004
55264048
237816600
80857644
263410196
106451240
289003792
132044836
314597388
157638432
679476
183232028
26273072
208825624
51866668
234419220
77460264
260012816
103053860
285606412
128647456
311200008
154241052
336793604
179834648
22875692
205428244
48469288
231021840
74062884
256615436
99656480
282209032
125250076
307802628
150843672
333396224
176437268
19478312
202030864
45071908
227624460
70665504
253218056
96259100
278811652
121852696
304405248
147446292
329998844
173039888
16080932
198633484
41674528
224227080
67268124
249820676
92861720
275414272
118455316
301007868
144048912
326601464
169642508
12683552
195236104
38277148
220829700
63870744
246423296
89464340
272016892
115057936
297610488
140651532
323204084
166245128
9286172
191838724
34879768
217432320
60473364
243025916
86066960
268619512
111660556
294213108
137254152
319806704
162847748
5888792
188441344
31482388
214034940
57075984
239628536
82669580
265222132
108263176
290815728
133856772
316409324
159450368
2491412
185043964
28085008
210637560
53678604
236231156
79272200
261824752
104865796
287418348
130459392
313011944
156052988
338605540
181646584
24687628
207240180
50281224
232833776
75874820
258427372
101468416
284020968
127062012
309614564
152655608
335208160
178249204
21290248
203842800
46883844
229436396
72477440
255029992
98071036
280623588
123664632
306217184
149258228
331810780
174851824
17892868
200445420
43486464
226039016
69080060
251632612
94673656
277226208
120267252
302819804
145860848
328413400
171454444
14495488
197048040
40089084
222641636
65682680
248235232
91276276
273828828
116869872
299422424
142463468
325016020
168057064
11098108
193650660
36691704
219244256
62285300
244837852
87878896
270431448
113472492
296025044
139066088
321618640
164659684
7700728
190253280
33294324
215846876
58887920
241440472
84481516
267034068
110075112
292627664
135668708
318221260
161262304
4303348
186855900
29896944
212449496
55490540
238043092
81084136
263636688
106677732
289230284
132271328
314823880
157864924
905968
183458520
26499564
209052116
52093160
234645712
77686756
260239308
103280352
285832904
128873948
311426500
154467544
337020096
180061140
23102184
205654736
48695780
231248332
74289376
256841928
99882972
282435524
125476568
308029120
151070164
333622716
176663760
19704804
202257356
45298400
227850952
70891996
253444548
96485592
279038144
122079188
304631740
147672784
330225336
173266380
16307424
198859976
41901020
224453572
67494616
250047168
93088212
275640764
118681808
301234360
144275404
326827956
169869000
12910044
195462596
38503640
221056192
64097236
246649788
89690832
272243384
115284428
297836980
140878024
323430576
166471620
9512664
192065216
35106260
217658812
60699856
243252408
86293452
268846004
111887048
294439600
137480644
320033196
163074240
6115284
188667836
31708880
214261432
57302476
239855028
82896072
265448624
108489668
291042220
134083264
316635816
159676860
2717904
185270456
28311500
210864052
53905096
236457648
79498692
262051244
105092288
287644840
130685884
313238436
156279480
338832032
181873076
24914120
207466672
50507716
233060268
76101312
258653864
101694908
284247460
127288504
309841056
152882100
335434652
178475696
21516740
204069292
47110336
229662888
72703932
255256484
98297528
280850080
123891124
306443676
149484720
332037272
175078316
18119360
200671912
43712956
226265508
69306552
251859104
94900148
277452700
120493744
303046296
146087340
328639892
171680936
14721980
197274532
40315576
222868128
65909172
248461724
91502768
274055320
117096364
299648916
142689960
325242512
168283556
11324600
193877152
36918196
219470748
62511792
245064344
88105388
270657940
113698984
296251536
139292580
321845132
164886176
7927220
190479772
33520816
216073368
59114412
241666964
84708008
267260560
110301604
292854156
135895200
318447752
161488796
4529840
187082392
30123436
212675988
55717032
238269584
81310628
263863180
106904224
289456776
132497820
315050372
158091416
1132460
183685012
26726056
209278608
52319652
234872204
77913248
260465800
103506844
286059396
129100440
311652992
154694036
337246588
180287632
23328676
205881228
48922272
231474824
74515868
257068420
100109464
282662016
125703060
308255612
151296656
333849208
176890252
19931296
202483848
45524892
228077444
71118488
253671040
96712084
279264636
122305680
304858232
147899276
330451828
173492872
16533916
199086468
42127512
224680064
67721108
250273660
93314704
275867256
118908300
301460852
144501896
327054448
170095492
13136536
195689088
38730132
221282684
64323728
246876280
89917324
272469876
115510920
298063472
141104516
323657068
166698112
9739156
192291708
35332752
217885304
60926348
243478900
86519944
269072496
112113540
294666092
137707136
320259688
163300732
6341776
188894328
31935372
214487924
57528968
240081520
83122564
265675116
108716160
291268712
134309756
316862308
159903352
2944396
185496948
28537992
211090544
54131588
236684140
79725184
262277736
105318780
287871332
130912376
313464928
156505972
339058524
182099568
25140612
207693164
50734208
233286760
76327804
258880356
101921400
284473952
127514996
310067548
153108592
335661144
178702188
21743232
204295784
47336828
229889380
72930424
255482976
98524020
281076572
124117616
306670168
149711212
332263764
175304808
18345852
200898404
43939448
226492000
69533044
252085596
95126640
277679192
120720236
303272788
146313832
328866384
171907428
14948472
197501024
40542068
223094620
66135664
248688216
91729260
274281812
117322856
299875408
142916452
325469004
168510048
11551092
194103644
37144688
219697240
62738284
245290836
88331880
270884432
113925476
296478028
139519072
322071624
165112668
8153712
190706264
33747308
216299860
59340904
241893456
84934500
267487052
110528096
293080648
136121692
318674244
161715288
4756332
187308884
30349928
212902480
55943524
238496076
81537120
264089672
107130716
289683268
132724312
315276864
158317908
1358952
183911504
26952548
209505100
52546144
235098696
78139740
260692292
103733336
286285888
129326932
311879484
154920528
337473080
180514124
23555168
206107720
49148764
231701316
74742360
257294912
100335956
282888508
125929552
308482104
151523148
334075700
177116744
20157788
202710340
45751384
228303936
71344980
253897532
96938576
279491128
122532172
305084724
148125768
330678320
173719364
16760408
199312960
42354004
224906556
67947600
250500152
93541196
276093748
119134792
301687344
144728388
327280940
170321984
13363028
195915580
38956624
221509176
64550220
247102772
90143816
272696368
115737412
298289964
141331008
323883560
166924604
9965648
192518200
35559244
218111796
61152840
243705392
86746436
269298988
112340032
294892584
137933628
320486180
163527224
6568268
189120820
32161864
214714416
57755460
240308012
83349056
265901608
108942652
291495204
134536248
317088800
160129844
3170888
185723440
28764484
211317036
54358080
236910632
79951676
262504228
105545272
288097824
131138868
313691420
156732464
339285016
182326060
25367104
207919656
50960700
233513252
76554296
259106848
102147892
284700444
127741488
310294040
153335084
335887636
178928680
21969724
204522276
47563320
230115872
73156916
255709468
98750512
281303064
124344108
306896660
149937704
332490256
175531300
18572344
201124896
44165940
226718492
69759536
252312088
95353132
277905684
120946728
303499280
146540324
329092876
172133920
15174964
197727516
40768560
223321112
66362156
248914708
91955752
274508304
117549348
300101900
143142944
325695496
168736540
11777584
194330136
37371180
219923732
62964776
245517328
88558372
271110924
114151968
296704520
139745564
322298116
165339160
8380204
190932756
33973800
216526352
59567396
242119948
85160992
267713544
110754588
293307140
136348184
318900736
161941780
4982824
187535376
30576420
213128972
56170016
238722568
81763612
264316164
107357208
289909760
132950804
315503356
158544400
1585444
184137996
27179040
209731592
52772636
235325188
78366232
260918784
103959828
286512380
129553424
312105976
155147020
337699572
180740616
23781660
206334212
49375256
231927808
74968852
257521404
100562448
283115000
126156044
308708596
151749640
334302192
177343236
20384280
202936832
45977876
228530428
71571472
254124024
97165068
279717620
122758664
305311216
148352260
330904812
173945856
16986900
199539452
42580496
225133048
68174092
250726644
93767688
276320240
119361284
301913836
144954880
327507432
170548476
13589520
196142072
39183116
221735668
64776712
247329264
90370308
272922860
115963904
298516456
141557500
324110052
167151096
10192140
192744692
35785736
218338288
61379332
243931884
86972928
269525480
112566524
295119076
138160120
320712672
163753716
6794760
189347312
32388356
214940908
57981952
240534504
83575548
266128100
109169144
291721696
134762740
317315292
160356336
3397380
185949932
28990976
211543528
54584572
237137124
80178168
262730720
105771764
288324316
131365360
313917912
156958956
