0
-1
-1
19319772
-1
-1
38639544
-1
-1
57959316
-1
-1
77279088
-1
-1
96598860
-1
-1
115918632
-1
-1
135238404
-1
-1
154558176
-1
-1
173877948
-1
-1
193197720
-1
-1
212517492
-1
-1
231837264
-1
-1
251157036
-1
-1
270476808
-1
-1
289796580
-1
-1
5832384
-1
-1
25152156
-1
-1
44471928
-1
-1
63791700
-1
-1
83111472
-1
-1
102431244
-1
-1
121751016
-1
-1
141070788
-1
-1
160390560
-1
-1
179710332
-1
-1
199030104
-1
-1
218349876
-1
-1
237669648
-1
-1
256989420
-1
-1
276309192
-1
-1
295628964
-1
-1
11664768
-1
-1
30984540
-1
-1
50304312
-1
-1
69624084
-1
-1
88943856
-1
-1
108263628
-1
-1
127583400
-1
-1
146903172
-1
-1
166222944
-1
-1
185542716
-1
-1
204862488
-1
-1
224182260
-1
-1
243502032
-1
-1
262821804
-1
-1
282141576
-1
-1
301461348
-1
-1
17497152
-1
-1
36816924
-1
-1
56136696
-1
-1
75456468
-1
-1
94776240
-1
-1
114096012
-1
-1
133415784
-1
-1
152735556
-1
-1
172055328
-1
-1
191375100
-1
-1
210694872
-1
-1
230014644
-1
-1
249334416
-1
-1
268654188
-1
-1
287973960
-1
-1
4009764
-1
-1
23329536
-1
-1
42649308
-1
-1
61969080
-1
-1
81288852
-1
-1
100608624
-1
-1
119928396
-1
-1
139248168
-1
-1
158567940
-1
-1
177887712
-1
-1
197207484
-1
-1
216527256
-1
-1
235847028
-1
-1
255166800
-1
-1
274486572
-1
-1
293806344
-1
-1
9842148
-1
-1
29161920
-1
-1
48481692
-1
-1
67801464
-1
-1
87121236
-1
-1
106441008
-1
-1
125760780
-1
-1
145080552
-1
-1
164400324
-1
-1
183720096
-1
-1
203039868
-1
-1
222359640
-1
-1
241679412
-1
-1
260999184
-1
-1
280318956
-1
-1
299638728
-1
-1
15674532
-1
-1
34994304
-1
-1
54314076
-1
-1
73633848
-1
-1
92953620
-1
-1
112273392
-1
-1
131593164
-1
-1
150912936
-1
-1
170232708
-1
-1
189552480
-1
-1
208872252
-1
-1
228192024
-1
-1
247511796
-1
-1
266831568
-1
-1
286151340
-1
-1
2187144
-1
-1
21506916
-1
-1
40826688
-1
-1
60146460
-1
-1
79466232
-1
-1
98786004
-1
-1
118105776
-1
-1
137425548
-1
-1
156745320
-1
-1
176065092
-1
-1
195384864
-1
-1
214704636
-1
-1
234024408
-1
-1
253344180
-1
-1
272663952
-1
-1
291983724
-1
-1
8019528
-1
-1
27339300
-1
-1
46659072
-1
-1
65978844
-1
-1
85298616
-1
-1
104618388
-1
-1
123938160
-1
-1
143257932
-1
-1
162577704
-1
-1
181897476
-1
-1
201217248
-1
-1
220537020
-1
-1
239856792
-1
-1
259176564
-1
-1
278496336
-1
-1
297816108
-1
-1
13851912
-1
-1
33171684
-1
-1
52491456
-1
-1
71811228
-1
-1
91131000
-1
-1
110450772
-1
-1
129770544
-1
-1
149090316
-1
-1
168410088
-1
-1
187729860
-1
-1
207049632
-1
-1
226369404
-1
-1
245689176
-1
-1
265008948
-1
-1
284328720
-1
-1
364524
-1
-1
19684296
-1
-1
39004068
-1
-1
58323840
-1
-1
77643612
-1
-1
96963384
-1
-1
116283156
-1
-1
135602928
-1
-1
154922700
-1
-1
174242472
-1
-1
193562244
-1
-1
212882016
-1
-1
232201788
-1
-1
251521560
-1
-1
270841332
-1
-1
290161104
-1
-1
6196908
-1
-1
25516680
-1
-1
44836452
-1
-1
64156224
-1
-1
83475996
-1
-1
102795768
-1
-1
122115540
-1
-1
141435312
-1
-1
160755084
-1
-1
180074856
-1
-1
199394628
-1
-1
218714400
-1
-1
238034172
-1
-1
257353944
-1
-1
276673716
-1
-1
295993488
-1
-1
12029292
-1
-1
31349064
-1
-1
50668836
-1
-1
69988608
-1
-1
89308380
-1
-1
108628152
-1
-1
127947924
-1
-1
147267696
-1
-1
166587468
-1
-1
185907240
-1
-1
205227012
-1
-1
224546784
-1
-1
243866556
-1
-1
263186328
-1
-1
282506100
-1
-1
301825872
-1
-1
17861676
-1
-1
37181448
-1
-1
56501220
-1
-1
75820992
-1
-1
95140764
-1
-1
114460536
-1
-1
133780308
-1
-1
153100080
-1
-1
172419852
-1
-1
191739624
-1
-1
211059396
-1
-1
230379168
-1
-1
249698940
-1
-1
269018712
-1
-1
288338484
-1
-1
4374288
-1
-1
23694060
-1
-1
43013832
-1
-1
62333604
-1
-1
81653376
-1
-1
100973148
-1
-1
120292920
-1
-1
139612692
-1
-1
158932464
-1
-1
178252236
-1
-1
197572008
-1
-1
216891780
-1
-1
236211552
-1
-1
255531324
-1
-1
274851096
-1
-1
294170868
-1
-1
10206672
-1
-1
29526444
-1
-1
48846216
-1
-1
68165988
-1
-1
87485760
-1
-1
106805532
-1
-1
126125304
-1
-1
145445076
-1
-1
164764848
-1
-1
184084620
-1
-1
203404392
-1
-1
222724164
-1
-1
242043936
-1
-1
261363708
-1
-1
280683480
-1
-1
300003252
-1
-1
16039056
-1
-1
35358828
-1
-1
54678600
-1
-1
73998372
-1
-1
93318144
-1
-1
112637916
-1
-1
131957688
-1
-1
151277460
-1
-1
170597232
-1
-1
189917004
-1
-1
209236776
-1
-1
228556548
-1
-1
247876320
-1
-1
267196092
-1
-1
286515864
-1
-1
2551668
-1
-1
21871440
-1
-1
41191212
-1
-1
60510984
-1
-1
79830756
-1
-1
99150528
-1
-1
118470300
-1
-1
137790072
-1
-1
157109844
-1
-1
176429616
-1
-1
195749388
-1
-1
215069160
-1
-1
234388932
-1
-1
253708704
-1
-1
273028476
-1
-1
292348248
-1
-1
8384052
-1
-1
27703824
-1
-1
47023596
-1
-1
66343368
-1
-1
85663140
-1
-1
104982912
-1
-1
124302684
-1
-1
143622456
-1
-1
162942228
-1
-1
182262000
-1
-1
201581772
-1
-1
220901544
-1
-1
240221316
-1
-1
259541088
-1
-1
278860860
-1
-1
298180632
-1
-1
14216436
-1
-1
33536208
-1
-1
52855980
-1
-1
72175752
-1
-1
91495524
-1
-1
110815296
-1
-1
130135068
-1
-1
149454840
-1
-1
168774612
-1
-1
188094384
-1
-1
207414156
-1
-1
226733928
-1
-1
246053700
-1
-1
265373472
-1
-1
284693244
-1
-1
729048
-1
-1
20048820
-1
-1
39368592
-1
-1
58688364
-1
-1
78008136
-1
-1
97327908
-1
-1
116647680
-1
-1
135967452
-1
-1
155287224
-1
-1
174606996
-1
-1
193926768
-1
-1
213246540
-1
-1
232566312
-1
-1
251886084
-1
-1
271205856
-1
-1
290525628
-1
-1
6561432
-1
-1
25881204
-1
-1
45200976
-1
-1
64520748
-1
-1
83840520
-1
-1
103160292
-1
-1
122480064
-1
-1
141799836
-1
-1
161119608
-1
-1
180439380
-1
-1
199759152
-1
-1
219078924
-1
-1
238398696
-1
-1
257718468
-1
-1
277038240
-1
-1
296358012
-1
-1
12393816
-1
-1
31713588
-1
-1
51033360
-1
-1
70353132
-1
-1
89672904
-1
-1
108992676
-1
-1
128312448
-1
-1
147632220
-1
-1
166951992
-1
-1
186271764
-1
-1
205591536
-1
-1
224911308
-1
-1
244231080
-1
-1
263550852
-1
-1
282870624
-1
-1
302190396
-1
-1
18226200
-1
-1
37545972
-1
-1
56865744
-1
-1
76185516
-1
-1
95505288
-1
-1
114825060
-1
-1
134144832
-1
-1
153464604
-1
-1
172784376
-1
-1
192104148
-1
-1
211423920
-1
-1
230743692
-1
-1
250063464
-1
-1
269383236
-1
-1
288703008
-1
-1
4738812
-1
-1
24058584
-1
-1
43378356
-1
-1
62698128
-1
-1
82017900
-1
-1
101337672
-1
-1
120657444
-1
-1
139977216
-1
-1
159296988
-1
-1
178616760
-1
-1
197936532
-1
-1
217256304
-1
-1
236576076
-1
-1
255895848
-1
-1
275215620
-1
-1
294535392
-1
-1
10571196
-1
-1
29890968
-1
-1
49210740
-1
-1
68530512
-1
-1
87850284
-1
-1
107170056
-1
-1
126489828
-1
-1
145809600
-1
-1
165129372
-1
-1
184449144
-1
-1
203768916
-1
-1
223088688
-1
-1
242408460
-1
-1
261728232
-1
-1
281048004
-1
-1
300367776
-1
-1
16403580
-1
-1
35723352
-1
-1
55043124
-1
-1
74362896
-1
-1
93682668
-1
-1
113002440
-1
-1
132322212
-1
-1
151641984
-1
-1
170961756
-1
-1
190281528
-1
-1
209601300
-1
-1
228921072
-1
-1
248240844
-1
-1
267560616
-1
-1
286880388
-1
-1
2916192
-1
-1
22235964
-1
-1
41555736
-1
-1
60875508
-1
-1
80195280
-1
-1
99515052
-1
-1
118834824
-1
-1
138154596
-1
-1
157474368
-1
-1
176794140
-1
-1
196113912
-1
-1
215433684
-1
-1
234753456
-1
-1
254073228
-1
-1
273393000
-1
-1
292712772
-1
-1
8748576
-1
-1
28068348
-1
-1
47388120
-1
-1
66707892
-1
-1
86027664
-1
-1
105347436
-1
-1
124667208
-1
-1
143986980
-1
-1
163306752
-1
-1
182626524
-1
-1
201946296
-1
-1
221266068
-1
-1
240585840
-1
-1
259905612
-1
-1
279225384
-1
-1
298545156
-1
-1
14580960
-1
-1
33900732
-1
-1
53220504
-1
-1
72540276
-1
-1
91860048
-1
-1
111179820
-1
-1
130499592
-1
-1
149819364
-1
-1
169139136
-1
-1
188458908
-1
-1
207778680
-1
-1
227098452
-1
-1
246418224
-1
-1
265737996
-1
-1
285057768
-1
-1
1093572
-1
-1
20413344
-1
-1
39733116
-1
-1
59052888
-1
-1
78372660
-1
-1
97692432
-1
-1
117012204
-1
-1
136331976
-1
-1
155651748
-1
-1
174971520
-1
-1
194291292
-1
-1
213611064
-1
-1
232930836
-1
-1
252250608
-1
-1
271570380
-1
-1
290890152
-1
-1
6925956
-1
-1
26245728
-1
-1
45565500
-1
-1
64885272
-1
-1
84205044
-1
-1
103524816
-1
-1
122844588
-1
-1
142164360
-1
-1
161484132
-1
-1
180803904
-1
-1
200123676
-1
-1
219443448
-1
-1
238763220
-1
-1
258082992
-1
-1
277402764
-1
-1
296722536
-1
-1
12758340
-1
-1
32078112
-1
-1
51397884
-1
-1
70717656
-1
-1
90037428
-1
-1
109357200
-1
-1
128676972
-1
-1
147996744
-1
-1
167316516
-1
-1
186636288
-1
-1
205956060
-1
-1
225275832
-1
-1
244595604
-1
-1
263915376
-1
-1
283235148
-1
-1
302554920
-1
-1
18590724
-1
-1
37910496
-1
-1
57230268
-1
-1
76550040
-1
-1
95869812
-1
-1
115189584
-1
-1
134509356
-1
-1
153829128
-1
-1
173148900
-1
-1
192468672
-1
-1
211788444
-1
-1
231108216
-1
-1
250427988
-1
-1
269747760
-1
-1
289067532
-1
-1
5103336
-1
-1
24423108
-1
-1
43742880
-1
-1
63062652
-1
-1
82382424
-1
-1
101702196
-1
-1
121021968
-1
-1
140341740
-1
-1
159661512
-1
-1
178981284
-1
-1
198301056
-1
-1
217620828
-1
-1
236940600
-1
-1
256260372
-1
-1
275580144
-1
-1
294899916
-1
-1
10935720
-1
-1
30255492
-1
-1
49575264
-1
-1
68895036
-1
-1
88214808
-1
-1
107534580
-1
-1
126854352
-1
-1
146174124
-1
-1
165493896
-1
-1
184813668
-1
-1
204133440
-1
-1
223453212
-1
-1
242772984
-1
-1
262092756
-1
-1
281412528
-1
-1
300732300
-1
-1
16768104
-1
-1
36087876
-1
-1
55407648
-1
-1
74727420
-1
-1
94047192
-1
-1
113366964
-1
-1
132686736
-1
-1
152006508
-1
-1
171326280
-1
-1
190646052
-1
-1
209965824
-1
-1
229285596
-1
-1
248605368
-1
-1
267925140
-1
-1
287244912
-1
-1
3280716
-1
-1
22600488
-1
-1
41920260
-1
-1
61240032
-1
-1
80559804
-1
-1
99879576
-1
-1
119199348
-1
-1
138519120
-1
-1
157838892
-1
-1
177158664
-1
-1
196478436
-1
-1
215798208
-1
-1
235117980
-1
-1
254437752
-1
-1
273757524
-1
-1
293077296
-1
-1
9113100
-1
-1
28432872
-1
-1
47752644
-1
-1
67072416
-1
-1
86392188
-1
-1
105711960
-1
-1
125031732
-1
-1
144351504
-1
-1
163671276
-1
-1
182991048
-1
-1
202310820
-1
-1
221630592
-1
-1
240950364
-1
-1
260270136
-1
-1
279589908
-1
-1
298909680
-1
-1
14945484
-1
-1
34265256
-1
-1
53585028
-1
-1
72904800
-1
-1
92224572
-1
-1
111544344
-1
-1
130864116
-1
-1
150183888
-1
-1
169503660
-1
-1
188823432
-1
-1
208143204
-1
-1
227462976
-1
-1
246782748
-1
-1
266102520
-1
-1
285422292
-1
-1
1458096
-1
-1
20777868
-1
-1
40097640
-1
-1
59417412
-1
-1
78737184
-1
-1
98056956
-1
-1
117376728
-1
-1
136696500
-1
-1
156016272
-1
-1
175336044
-1
-1
194655816
-1
-1
213975588
-1
-1
233295360
-1
-1
252615132
-1
-1
271934904
-1
-1
291254676
-1
-1
7290480
-1
-1
26610252
-1
-1
45930024
-1
-1
65249796
-1
-1
84569568
-1
-1
103889340
-1
-1
123209112
-1
-1
142528884
-1
-1
161848656
-1
-1
181168428
-1
-1
200488200
-1
-1
219807972
-1
-1
239127744
-1
-1
258447516
-1
-1
277767288
-1
-1
297087060
-1
-1
13122864
-1
-1
32442636
-1
-1
51762408
-1
-1
71082180
-1
-1
90401952
-1
-1
109721724
-1
-1
129041496
-1
-1
148361268
-1
-1
167681040
-1
-1
187000812
-1
-1
206320584
-1
-1
225640356
-1
-1
244960128
-1
-1
264279900
-1
-1
283599672
-1
-1
302919444
-1
-1
18955248
-1
-1
38275020
-1
-1
57594792
-1
-1
76914564
-1
-1
96234336
-1
-1
115554108
-1
-1
134873880
-1
-1
154193652
-1
-1
173513424
-1
-1
192833196
-1
-1
212152968
-1
-1
231472740
-1
-1
250792512
-1
-1
270112284
-1
-1
289432056
-1
-1
5467860
-1
-1
24787632
-1
-1
44107404
-1
-1
63427176
-1
-1
82746948
-1
-1
102066720
-1
-1
121386492
-1
-1
140706264
-1
-1
160026036
-1
-1
179345808
-1
-1
198665580
-1
-1
217985352
-1
-1
237305124
-1
-1
256624896
-1
-1
275944668
-1
-1
295264440
-1
-1
11300244
-1
-1
30620016
-1
-1
49939788
-1
-1
69259560
-1
-1
88579332
-1
-1
107899104
-1
-1
127218876
-1
-1
146538648
-1
-1
165858420
-1
-1
185178192
-1
-1
204497964
-1
-1
223817736
-1
-1
243137508
-1
-1
262457280
-1
-1
281777052
-1
-1
301096824
-1
-1
17132628
-1
-1
36452400
-1
-1
55772172
-1
-1
75091944
-1
-1
94411716
-1
-1
113731488
-1
-1
133051260
-1
-1
152371032
-1
-1
171690804
-1
-1
191010576
-1
-1
210330348
-1
-1
229650120
-1
-1
248969892
-1
-1
268289664
-1
-1
287609436
-1
-1
3645240
-1
-1
22965012
-1
-1
42284784
-1
-1
61604556
-1
-1
80924328
-1
-1
100244100
-1
-1
119563872
-1
-1
138883644
-1
-1
158203416
-1
-1
177523188
-1
-1
196842960
-1
-1
216162732
-1
-1
235482504
-1
-1
254802276
-1
-1
274122048
-1
-1
293441820
-1
-1
9477624
-1
-1
28797396
-1
-1
48117168
-1
-1
67436940
-1
-1
86756712
-1
-1
106076484
-1
-1
125396256
-1
-1
144716028
-1
-1
164035800
-1
-1
183355572
-1
-1
202675344
-1
-1
221995116
-1
-1
241314888
-1
-1
260634660
-1
-1
279954432
-1
-1
299274204
-1
-1
15310008
-1
-1
34629780
-1
-1
53949552
-1
-1
73269324
-1
-1
92589096
-1
-1
111908868
-1
-1
131228640
-1
-1
150548412
-1
-1
169868184
-1
-1
189187956
-1
-1
208507728
-1
-1
227827500
-1
-1
247147272
-1
-1
266467044
-1
-1
285786816
-1
-1
1822620
-1
-1
21142392
-1
-1
40462164
-1
-1
59781936
-1
-1
79101708
-1
-1
98421480
-1
-1
117741252
-1
-1
137061024
-1
-1
156380796
-1
-1
175700568
-1
-1
195020340
-1
-1
214340112
-1
-1
233659884
-1
-1
252979656
-1
-1
272299428
-1
-1
291619200
-1
-1
7655004
-1
-1
26974776
-1
-1
46294548
-1
-1
65614320
-1
-1
84934092
-1
-1
104253864
-1
-1
123573636
-1
-1
142893408
-1
-1
162213180
-1
-1
181532952
-1
-1
200852724
-1
-1
220172496
-1
-1
239492268
-1
-1
258812040
-1
-1
278131812
-1
-1
297451584
-1
-1
13487388
-1
-1
32807160
-1
-1
52126932
-1
-1
71446704
-1
-1
90766476
-1
-1
110086248
-1
-1
129406020
-1
-1
148725792
-1
-1
168045564
-1
-1
187365336
-1
-1
206685108
-1
-1
226004880
-1
-1
245324652
-1
-1
264644424
-1
-1
283964196
-1
-1
