0
9159065
10859949
10335972
7344000
9044884
8520907
9901255
7912098
6718366
9625656
9285924
8911100
8278928
7483383
7096035
8289418
5668318
10089965
8547695
3853253
8274900
6791683
6335429
7995838
6802106
8144642
7633189
10540479
6329577
7208775
8909659
8385682
8010858
7378686
6570617
10203592
9150699
4768076
8388527
7706506
6960810
8910661
7716929
5145745
8548012
8373617
8139675
8481946
8384040
7860613
6666881
8009417
7485440
10392730
6194352
5682899
9303350
8250457
7875633
9825484
6435392
6060568
9462835
8998998
8253302
9396769
9009421
8775436
7581704
8154103
6960371
5766639
8586879
6597722
8248815
7725388
6531656
8232540
7350215
6975391
10229592
5535150
9168125
8473580
8017326
7353060
8484003
9068926
7875194
6681462
9277621
7512545
8874196
8640211
7446479
7059131
6825146
5631414
8538704
5010081
3816349
9388403
6396431
10206895
9398826
6827642
8790017
7596285
10192444
8427368
9789019
9156847
8348778
7973954
7341782
6546237
9453527
5924904
4731172
7638462
7311254
6923906
8117289
5496189
5398283
8434619
3681124
9342191
8445042
10071670
9263601
8888777
8256605
7448536
10368350
6839727
5645995
8553285
8213553
7838729
7206557
6411012
6023664
7217047
4595947
10155477
7475324
2780882
8738532
5719312
5263058
6923467
5729735
7754550
6560818
9936445
9128376
8741028
8121380
7313311
6938487
6306315
5498246
9244745
8078328
3695705
9653355
6634135
5888439
7838290
6644558
4073374
7475641
7301246
8603307
7409575
7981974
6788242
5594510
7606801
6413069
9875476
8993151
4610528
9538115
7178086
6803262
8753113
5363021
4988197
8390464
7926627
9518130
8324398
7937050
7703065
6509333
7081732
5888000
4694268
8468082
5525351
8975234
6653017
5459285
7160169
6277844
5903020
9157221
4462779
10420429
7401209
10940105
8605364
7411632
9219119
6802823
5609091
8205250
6440174
7801825
7567840
6374108
5986760
5752775
4559043
8691205
3937710
2743978
8316032
5324060
9532711
8326455
10133942
7717646
6523914
9120073
7354997
10792356
8470139
7276407
8989815
6667598
5473866
9606028
4852533
3658801
7790963
6238883
5851535
7044918
4423818
10084885
7362248
2608753
8269820
7372671
9073555
8191230
9904638
7582421
6376165
10122664
5767356
4573624
8334914
7141182
8842066
7959741
5338641
10118636
6144676
3523576
9083106
6402953
1708511
7666161
4646941
10246243
5851096
4657364
8431178
5488447
8938330
8056005
9756889
10636087
6240940
9987439
8821022
4425875
8172374
7005957
2623334
10033400
5561764
9471657
8218335
5572187
8168346
6403270
6228875
7530936
6337204
8038088
5715871
4522139
8295953
5340698
8803105
7920780
3538157
8465744
6105715
10097038
9044145
4290650
9083169
9054568
6854256
9898175
7252027
8952911
8083110
5436962
8033121
6268045
3621897
7395711
4452980
7902863
5580646
4386914
6087798
5205473
9997992
8143903
3390408
11082333
6328838
9867734
10734408
6351785
8146748
8919343
4536720
7132879
7116802
8817686
8306233
5301737
7002621
7881819
3486672
7618834
6066754
1671607
7243661
4251689
10182091
9015607
9061571
9846690
7910772
8047702
8031625
9719985
9221056
6216560
7917444
8784118
4401495
8533657
6981577
2586430
6718592
5166512
8432150
8104942
3351447
9667445
6289877
1536382
9304796
6300300
8001184
8880382
8832267
9711465
9682465
9050293
7896400
9584760
7633415
6081335
7769695
8648893
4266270
9046265
7204700
2451205
8010735
5389635
636140
8328065
3574570
9532220
7980140
9681024
9157047
6165075
7865959
7354506
10261796
9922064
9547240
8915068
8106999
7732175
7100003
6304458
9924909
9183835
4489393
8911040
7427823
6682127
7095975
7438246
5156504
8269329
9920422
6965717
7844915
9545799
9021822
6029850
7730734
7206757
10114047
7393373
5404216
9024667
7971774
7596950
9546801
8353069
5781885
9184152
8720315
8775815
9118086
8730738
6960750
7303021
7875420
6681688
5487956
6830492
6319039
9768922
5015427
5894625
9692632
7071532
6696708
10009962
5256467
8889442
10020385
9645561
7074377
8217844
8790243
7596511
6402779
8998938
7233862
8595513
8361528
7167796
7069890
6546463
5352731
10865732
6171290
9804265
9109720
8364024
7989200
9120143
6838401
8511334
7317602
9913761
8148685
9510336
8878164
8082619
7695271
7461286
6267554
9174844
5646221
4452489
7359779
7032571
6934665
8595074
5217506
9426157
8232425
10828584
9063508
10412635
9792987
8984918
8610094
7977922
7169853
10089667
6561044
5367312
8274602
7947394
7560046
8753429
6132329
5744981
6938364
4317264
9978331
7255694
2502199
8459849
7266117
8892745
8084676
10680835
7475867
6282135
9189425
8849693
8474869
7842697
7034628
6659804
6027632
5232087
10791550
8111464
3417022
9374672
6355452
5609756
7559607
6365875
4084133
7196958
9518356
8324624
7130892
8757520
7949451
7574627
6942455
6134386
9880885
8714468
4331845
10276971
6899403
6524579
8474430
7280698
4709514
8111781
7647944
9239447
8045715
7658367
7424382
6230650
6803049
5609317
4415585
8189399
5246668
8696551
7814226
7426878
8620261
5999161
5624337
8937591
4184096
10141746
8948014
8573190
8339205
7145473
7717872
6524140
5330408
7926567
6161491
7523142
7289157
6095425
7796309
5474092
4280360
9793361
5098919
10745162
8037349
7291653
9241504
8047772
9855259
7438963
6245231
8841390
7076314
8437965
8203980
7010248
6622900
6388915
5195183
9327345
4573850
3380118
7512280
5960200
10168851
7522703
4145135
8353786
7160054
9756213
7991137
11428496
9106279
7912547
9625955
7291214
6097482
9843981
5488673
4294941
8427103
6875023
6487675
7681058
5059958
4672610
5865993
3244893
8905960
6183323
1429828
7387478
6193746
8218561
7012305
9608464
6403496
5209764
8971054
7777322
9478206
7155989
5962257
9708756
6780816
4159716
9719246
7039093
2344651
8302301
5283081
4537385
6487236
5293504
9067318
6124587
9574470
7252253
6058521
7759405
6877080
10339487
9457162
5062015
8808514
7642097
3259474
10580527
5827032
9818355
8854475
6208327
8804486
7039410
6575573
8167076
6973344
8674228
6352011
5158279
8932093
4536946
3343214
7117028
4174297
7624180
6741855
10733178
9680285
4926790
9719309
7865220
3111725
10534315
7875643
9589051
8719250
6073102
8157507
6904185
4258037
6854196
5089120
8539003
6216786
5023054
6723938
4401721
3207989
8780043
4026548
9672791
6964978
10503874
9903408
6987925
8782888
9555483
5172860
7769019
7740418
9441302
8942373
5937877
7638761
8517959
4122812
8254974
6702894
2307747
6439909
4887829
10818231
7826259
3072764
10482830
7836682
8683842
8667765
10356125
9857196
6852700
8553584
9420258
5037635
8771610
7605193
3222570
7354732
5802652
9068290
8741082
3987587
8767582
6926017
2172522
9864447
5110952
357457
9516522
5121375
10347605
7701457
8536093
8532540
10220900
8269555
6717475
8405835
9285033
4902410
8636385
7469968
3087345
8646875
6025775
1272280
8905152
4210710
8632357
7149140
6692886
8353295
6801215
8502099
7990646
4986150
6687034
7566232
9267116
8743139
8368315
7736143
6928074
10561049
9508156
5125533
8745984
8063963
7318267
7732115
8074386
5503202
8905469
8731074
7601857
8481055
8741497
8218070
6665990
8366874
7842897
4850925
6551809
6040356
9660807
8607914
8233090
10182941
6792849
6418025
9820292
9356455
8610759
9754226
9366878
7596890
7939161
8511560
5781825
6124096
7466632
6955179
8606272
5651567
6530765
8589997
7707672
4715700
10587049
5892607
9525582
8831037
8374783
7710517
8841460
9426383
8232651
7038919
9635078
7870002
9231653
8997668
7803936
7416588
7182603
5988871
8896161
5367538
4173806
9745860
6753888
8625340
9756283
7185099
9147474
7953742
10549901
8784825
10146476
9514304
8706235
8331411
7699239
6903694
9810984
6282361
5088629
7995919
7668711
7281363
8474746
5853646
5755740
8792076
4038581
9699648
8802499
10429127
9621058
9246234
8614062
7805993
10713283
7197184
6003452
8910742
8571010
8196186
7564014
6768469
6381121
7574504
4953404
10512934
7832781
3138339
9095989
6076769
5620515
7280924
6087192
8112007
6918275
9825565
9485833
9098485
8478837
7670768
7295944
6663772
5855703
9602202
8435785
4053162
9612625
6991592
6245896
8195747
7002015
4430831
7833098
7658703
8960764
7767032
8339431
7145699
5951967
7578595
6770526
10232933
9350608
4967985
9895572
7535543
7160719
9110570
5720478
5345654
8747921
8284084
9477400
8681855
8294507
8060522
6866790
7439189
6245457
5051725
7959015
5882808
9332691
7010474
5816742
7517626
6635301
6260477
9514678
4820236
10777886
7758666
9209330
8962821
7769089
8354012
7160280
5966548
8562707
6797631
8159282
7925297
6731565
6344217
6110232
4916500
7823790
4295167
3101435
8673489
5681517
9877644
8683912
6112728
8075103
6881371
9477530
7712454
9074105
8827596
7633864
7259040
7025055
5831323
9206950
5209990
4016258
8148420
6596340
6208992
7402375
4781275
8989926
7719705
2966210
8627277
7730128
9431012
8548687
10262095
7927354
6733622
10480121
6124813
4931081
8692371
7498639
7123815
8317198
5696098
5308750
6502133
3881033
9440563
6760410
2065968
8023618
5004398
8854701
6208553
5014821
7039636
5845904
9295787
8413462
10114346
7792129
6598397
10344896
5977064
4783332
8529831
7363414
2980791
8938441
5919221
5173525
7123376
5929644
3358460
6760727
6586332
7888393
6694661
8395545
6073328
4879596
8653410
5698155
9160562
8278237
3895614
8823201
6463172
10454495
9401602
4648107
9440626
7675550
7211713
8803216
7609484
9310368
6988151
5794419
8168266
5173086
3979354
7753168
4810437
8260320
5938103
4744371
6445255
5562930
10355449
8501360
3747865
11170455
6686295
10225191
9355390
6696718
8504205
7540325
4894177
7490336
5725260
9175143
6852926
5659194
7360078
5037861
3844129
7976291
3222796
2029064
7601118
4609146
10539548
7624065
9419028
10191623
5809000
8405159
8376558
10077442
9578513
6561493
8274901
9141575
4758952
8891114
7339034
2943887
7076049
5523969
8789607
8462399
3708904
10024902
6647334
1893839
9303905
6657757
8358641
7488840
9189724
10056398
5673775
9407750
8241333
3858710
7990872
6426268
8127152
9006350
4623727
9403722
7562157
2808662
8368192
5747092
993597
8685522
3932027
9889677
8337597
3942450
9168680
6522532
8223416
7353615
9041975
9921173
5538550
9272525
8106108
3723485
7457460
6291043
1908420
9541292
4846850
8756743
7785280
7039584
7453432
7437355
5513961
8626786
5622290
7323174
8202372
3807225
9379279
6387307
8088191
7564214
10471504
7750830
5761673
9382124
8329231
7954407
8368255
8710526
6139342
9541609
9077772
8237997
9117195
9088195
7318207
7302130
8232877
7039145
5487065
7187949
6676496
3672000
5372884
6252082
10050089
7428989
7054165
10367419
5613924
9246899
10377842
10003018
7431834
8575301
9147700
6417965
6760236
8102772
7591319
8952970
6287707
7166905
7427347
6903920
5351840
11223189
6528747
3536775
9467177
8721481
8346657
9477600
7195858
8868791
7675059
10271218
8506142
9867793
9235621
8440076
8052728
7818743
6625011
9432727
6003678
4809946
7717236
7390028
7292122
8952531
5574963
9783614
8589882
11186041
9420965
10770092
9866352
9342375
8967551
8335379
7527310
10447124
6918501
5724769
8632059
8304851
7917503
9110886
6489786
6102438
7295821
4674721
10335788
7613151
2859656
8817306
7623574
9250202
8442133
11038292
7833324
6639592
9546882
9207150
8832326
8200154
7392085
7017261
6385089
5589544
9209995
8468921
3774479
9732129
6712909
5967213
7917064
6723332
4441590
7554415
9205508
8682081
7488349
9114977
8306908
7932084
7299912
6491843
9399133
6678459
4689302
10248765
7256860
6882036
8831887
7638155
5066971
8469238
8005401
9596904
8403172
8015824
7781839
6588107
7160506
5966774
4773042
8546856
5604125
9054008
8171683
7784335
8977718
6356618
5981794
9295048
4541553
10113540
9305471
8930647
8298475
7502930
8075329
6881597
5687865
8284024
6518948
7880599
7646614
6452882
8153766
5831549
4637817
10150818
5456376
11102619
8394806
7649110
9598961
8405229
8990152
7796420
6602688
9198847
7433771
8795422
8163250
7367705
6980357
6746372
5552640
8459930
4931307
3737575
6644865
6317657
9073892
7880160
4502592
8711243
7517511
10113670
8348594
9710245
9463736
8270004
7895180
7648671
6454939
9843090
5846130
4652398
8028025
7232480
6845132
8038515
5417415
5030067
6223450
3602350
9263417
6540780
1787285
7744935
6551203
8563494
7369762
9965921
6760953
5567221
9328511
8134779
7759955
7513446
6319714
5944890
7138273
4517173
10076703
7396550
2702108
8659758
5640538
4894842
6844693
5650961
7675776
6482044
8803442
7609710
6415978
8116862
7234537
10696944
6613204
5419472
9165971
7999554
3616931
9574581
6184489
5809665
7759516
6565784
3994600
7396867
6933030
8524533
7330801
9031685
6709468
5515736
9289550
4894403
3700671
7474485
4531754
7981637
7099312
11090635
10037742
5284247
10076766
8222677
3469182
9439356
8233100
9946508
7624291
6430559
8514964
5809226
4615494
7211653
5446577
8896460
6574243
5380511
7081395
4759178
3565446
9137500
4384005
10030248
7322435
10861331
9991530
7332858
9140345
8176465
5530317
8126476
6361400
9798759
7489066
6295334
7996218
5674001
4480269
8612431
3858936
2665204
6797366
5245286
11175688
8183716
3430221
9387871
6445140
9041299
9012698
10713582
10214653
7197633
8911041
9777715
5382568
9129067
7962650
3580027
7712189
6160109
9425747
9098539
4345044
9125039
7283474
2529979
9940045
5468409
714914
8124980
5478832
9252646
6309915
8893550
8877473
4494850
8627012
7062408
8763292
9642490
5247343
8993842
7827425
3444802
9004332
6383232
1629737
9262609
4568167
8989814
7506597
4578590
8710752
7158672
8859556
7989755
5343607
7044491
6174690
9624573
8742248
4359625
8093600
6927183
2544560
9865613
5112118
9103441
8421420
7675724
8089572
8073495
5860659
9262926
6258430
7959314
8838512
4443365
8575527
7023447
2628300
8200354
5208382
6909266
6397813
10018264
8965371
8590547
9004395
7150306
6775482
10177749
9713912
8874137
9753335
9724335
7442593
7938270
8869017
6139282
6123205
7824089
7312636
4308140
6009024
6888222
2493075
8065129
5073157
8957877
6250064
9883039
9188494
8732240
8067974
9198917
9783840
7054105
7396376
8738912
8227459
9589110
6923847
7803045
7774045
7540060
5987980
9253618
5724995
4172915
10103317
7111345
2357850
10113740
7542556
8822652
8311199
10907358
9142282
10503933
9871761
9063692
8688868
8056696
7261151
10068867
6639818
5446086
8353376
8026168
7638820
8832203
6211103
6113197
9149533
4396038
10057105
9159956
10502492
9978515
9603691
8687427
8163450
11070740
7554641
6360909
9268199
8928467
8553643
7921471
7125926
6738578
7931961
5310861
10870391
8190238
3495796
9453446
6434226
5977972
7638381
6444649
8469464
7275732
10183022
9843290
9455942
8552202
8028225
7653401
7021229
6213160
9846135
8793242
4410619
8031070
7349049
6603353
8553204
7359472
4788288
8190555
8016160
9318221
8124489
8026583
7503156
6309424
7936052
7127983
10035273
7314599
5325442
10253029
7893000
7518176
9468027
6077935
5703111
9105378
8641541
7895845
9039312
8651964
8417979
7224247
7796646
6602914
5409182
8316472
6240265
7891358
7367931
6174199
7875083
6992758
6617934
9872135
5177693
10749680
8116123
9566787
8934615
8126546
8711469
7517737
6324005
8920164
7155088
8516739
8282754
7089022
6701674
6467689
5273957
8181247
4652624
3458892
9030946
6038974
10235101
9041369
6470185
8432560
7238828
9834987
8069911
9431562
8799390
7991321
7616497
6984325
6188780
9096070
5567447
4373715
7281005
6953797
6566449
7759832
5138732
9347383
8077162
3323667
8984734
8087585
9788469
8906144
8531320
8284811
7091079
10479230
6482270
5288538
8664165
7856096
7481272
6849100
6053555
5666207
6859590
4238490
9798020
7117867
2423425
8381075
5361855
7759742
6566010
5372278
7397093
6203361
9653244
8770919
8396095
8149586
6955854
6581030
6334521
5140789
8887288
7720871
3338248
9295898
6276678
5530982
7480833
6287101
3715917
7118184
6943789
8245850
7052118
7624517
6430785
5237053
7249344
6055612
9518019
8635694
4253071
9180658
6820629
6445805
8395656
5005564
4630740
8033007
7569170
9160673
7966941
9667825
7345608
6151876
8525723
5530543
4336811
8110625
5167894
8617777
6295560
5101828
6802712
5920387
10712906
8858817
4105322
10075496
7043752
10582648
8260431
7054175
8861662
6445366
5251634
7847793
6082717
9532600
7210383
6016651
7717535
5395318
4201586
8333748
3580253
2386521
7958575
4966603
10627670
7968998
9776485
8812605
6166457
8762616
6997540
10434899
8125206
6918950
8632358
6310141
5116409
9248571
4495076
3301344
7433506
5881426
9147064
6687461
4066361
10024011
7004791
2251296
8208946
7015214
8716098
7833773
9547181
10413855
6018708
9765207
8598790
4216167
8348329
6783725
8484609
9363807
4981184
9761179
7919614
3166119
8725649
6104549
1351054
8761120
4289484
9888786
6946055
4299907
8073721
5130990
8580873
7698548
9399432
10278630
5883483
9629982
8463565
4068418
7814917
6648500
2265877
9898749
5204307
9114200
8142737
5214730
7810889
7794812
5871418
8625895
5979747
7680631
6810830
4164682
7938496
4995765
8445648
7563323
3180700
8108287
5748258
9739581
8686688
3933193
8725712
8709635
6496799
9899066
6894570
8595454
9474652
5079505
7675664
7659587
3264440
7396602
5844522
7545406
7033953
4029457
5730341
6609539
9640535
7786446
7411622
10724876
5971381
9510277
10389475
10360475
7789291
8574410
9505157
6775422
6759345
8460229
7948776
4944280
6645164
7524362
3129215
7261377
5709297
1314150
6886204
3894232
9824634
8658150
8704114
9835057
7553315
7690245
8032516
9375052
8863599
10225250
7559987
8439185
8410185
8176200
6624120
9790184
6361135
4809055
8074693
7747485
2993990
9309988
5932420
1178925
8947339
11543498
7643727
8522925
10223809
9699832
9325008
8692836
7884767
10705007
7275958
6082226
8989516
8662308
8274960
9468343
6847243
6459895
7653278
5032178
9453825
7970608
3217113
9174763
7981031
9323567
8799590
11395749
7508502
6997049
9904339
9564607
9189783
8557611
7749542
7374718
6742546
5947001
9567452
8826378
4131936
10089586
7070366
6324670
8274521
7080789
4799047
7911872
9562965
9039538
7845806
9188342
8664365
8289541
7373277
6849300
9756590
7035916
5046759
8667210
7614317
7239493
9189344
7995612
5424428
8826695
8362858
9954361
8760629
8373281
8139296
6945564
7517963
6324231
5130499
7950739
5961582
9411465
8529140
8141792
9335175
6714075
6339251
9652505
4899010
8531985
9662928
9288104
6716920
7860387
8432786
7239054
6045322
8641481
6876405
8238056
8004071
6810339
6712433
6189006
4995274
10508275
5813833
11385820
8752263
8006567
9570755
8762686
9347609
8153877
6960145
9556304
7791228
9152879
8520707
7725162
7337814
7103829
5910097
8817387
5288764
4095032
7002322
6675114
6577208
8237617
4860049
9068700
7874968
10471127
8706051
10055178
9435530
8627461
8252637
7620465
6812396
9732210
6203587
5009855
7917145
7589937
7202589
8395972
5774872
5387524
6580907
3959807
9620874
6898237
2144742
8102392
6908660
8920951
7727219
10323378
7118410
5924678
9300305
8492236
8117412
7485240
6677171
6302347
5670175
4874630
10434160
7754007
3059565
9017215
5997995
5252299
7202150
6008418
8033233
6839501
9160899
7967167
6773435
8474319
7591994
7217170
6970661
5776929
9523428
8357011
3974388
9919514
6541946
6167122
8116973
6923241
4352057
7754324
7290487
8881990
7688258
7300910
7066925
5873193
6445592
5251860
4058128
7831942
4889211
8339094
7456769
7081945
8262804
5641704
5266880
8580134
3826639
9784289
8590557
10303965
7981748
6788016
8872421
6166683
4972951
7569110
5804034
7165685
6931700
5737968
7438852
5116635
3922903
9494957
4741462
10387705
7679892
11218788
8896571
7690315
9497802
7081506
5887774
8483933
6718857
10156216
7846523
6652791
8353675
6031458
4837726
8969888
4216393
3022661
7154823
5602743
11263810
7165246
3787678
9448745
6802597
9398756
7633680
11071039
8761346
7555090
9268498
6946281
5740025
9486524
5131216
3937484
8069646
6517566
9783204
7323601
4702501
9482496
5508536
2887436
8845086
5825866
1072371
7030021
5836289
9610103
6654848
9251007
9234930
4852307
8984469
7419865
9120749
9999947
5604800
9351299
8184882
3802259
9361789
6740689
1987194
9397260
4925624
9347271
7582195
4936047
8709861
5767130
9217013
6894796
5701064
7401948
6519623
9982030
9099705
4704558
8451057
7284640
2902017
10223070
5469575
9460898
8778877
5850870
8447029
8430952
6218116
9262035
6615887
8316771
7446970
4800822
8574636
5631905
2985757
6759571
3816840
7266723
6384398
10375721
9322828
4569333
9361852
7507763
2754268
10535206
7530710
9231594
10098268
5715645
7800050
8295727
3900580
6496739
6480662
8181546
7670093
4665597
6366481
7245679
2850532
8422586
5430614
9315334
6607521
10146417
9545951
9089697
8425431
9210550
10141297
7411562
7395485
9083845
8584916
5580420
7281304
8160502
3765355
7897517
6345437
1950290
6082452
4530372
10460774
7468802
2715307
10471197
7479225
8326385
8668656
10011192
9499739
10861390
8196127
9075325
9046325
8414153
7260260
8948620
6997275
5445195
8710833
8383625
3630130
8410125
6568560
1815065
9506990
4753495
