0
14955355
29910710
23667676
28966961
34869503
24723765
29550372
17204936
32160291
32837589
31255208
26952387
26973346
30146464
23309142
31155342
34809309
39427418
35830514
32717350
36817134
31540506
33218422
30871540
19383403
21514061
29265586
30864400
34140659
31072123
29662033
24985216
26926485
17466387
32421742
22208126
24338784
27300292
27234797
18737487
32288565
34671323
27809939
36806862
20291110
22794890
24925548
33901864
36077493
30059520
29364422
33454718
28306008
26667263
20877874
31266837
36062867
24101176
27187936
27122441
30500585
26309105
36333964
32173065
27496248
36008427
29664678
22753498
30089702
28005895
25923105
38725335
27506015
33278647
34997788
30320971
27363182
28172686
32181804
30599423
34253390
31528288
30834337
22653357
31778460
15713464
30042294
26570556
34801045
33083918
25481874
30568953
32475047
30596213
25447503
24429297
27710496
24083335
29395279
21569270
31913451
27697084
27631589
40067608
33475459
34397653
30795379
36475092
18081702
26948987
32039911
35725040
31595278
31529783
31464288
25830915
25743325
30800675
30601552
31178953
28505756
22208501
32669723
25727543
31845624
30089506
23671159
12854959
27810314
35248269
32230470
33439569
35610236
27449976
15104540
30059895
33233013
29154812
41537161
32440636
29817824
32657220
29054946
35482594
37327022
35731809
28767207
32240747
31370022
31304527
30567583
36915179
23932610
34179631
15057679
26681214
33766515
31591930
31083994
24826089
15365991
28121291
29245968
26757333
27577529
27054711
37535193
31592446
32570927
31972979
29400481
18190714
31492580
27344097
31801468
26110943
31327062
38739154
31354322
26205612
26140117
18777478
30208990
32003393
28271152
25087540
25022045
28400189
32524066
32137302
35259041
30520733
39205716
31692715
32832378
30592564
27912263
23822709
38778064
31252526
31178251
35632229
28205147
28139652
26072290
35657101
22966610
37921965
35466702
35935553
29743559
29678064
13613068
27941898
34347984
32700649
31682443
33813101
28468557
33467139
28822416
30953074
32502787
34884735
30783633
28198802
33415329
29419465
33164374
26578801
27465506
33033214
32297257
28694983
34374696
32121299
25143485
29939515
34193671
38373187
25196765
32294393
32898462
33186242
38019348
34965175
29653071
36406319
20108105
22238763
23627147
29745228
28238546
21570763
30720416
25709918
24488344
18191089
33146444
32503620
31323961
32085171
25404936
31132617
34500270
35396025
28055836
30967099
37770750
29029261
33382198
26544876
31871740
28229659
30140351
22310825
33934360
35045840
34776240
21832214
31350673
12957283
24580818
28816423
33520934
30005599
38699254
29758863
28220950
27145572
24656937
25477133
33741095
27574518
30536026
30470531
20603124
27300085
29326532
31045673
25243701
30371534
24010547
28161282
34082649
32252990
32340686
17547807
27891840
28108594
29902997
27295258
27316217
37660250
27336910
30423670
30358175
34800223
31075855
31444724
30651068
30731982
28492168
25443164
38718778
29401963
29608457
29158839
36080266
29510994
33806751
36617746
33556705
17809258
22996872
32923451
33835157
27643163
27577668
34070071
25889091
35014194
18949198
24276062
20633981
26368161
30912519
28717608
31890726
30402391
35645286
28683237
27665031
31397282
21220745
35101557
24805004
33737242
30932818
30867323
36513312
36534271
35803949
32515936
27839119
34790146
35906387
23096369
27110011
37420732
29491909
39457363
28288632
26713696
34305923
23080728
23015233
27039527
26974032
29934734
36199630
34425722
33031690
32966195
16090693
31046048
33488565
29223565
29984775
28815467
30685710
38406408
33295629
25955440
28866703
37227780
21806285
33053558
28550083
28484588
35181549
28039955
20210429
22341087
32945444
34605756
34540261
29250277
36578039
25812242
31309311
18293413
29916948
34860937
27169974
33688240
28061823
27856270
33543951
31961570
31896075
30813263
30159909
18502728
32188495
27226136
32563488
31836146
31894522
33718419
27126270
35037202
33837194
33771699
15447411
25791444
26008198
29375851
34660869
22931417
35559854
31506886
28323274
28257779
32696310
35759800
29344328
28550672
19443849
19378354
33719534
35660803
32544937
29125805
27058443
30250018
34488260
34413985
27471805
32355314
15708862
25415421
32605486
31734761
31529208
27397582
32774035
32979293
32913798
16848802
22175666
18533585
33488940
28812123
34184898
29184955
34595160
34053738
34150527
29473710
29408215
19120349
31434536
24665465
31636846
35092265
26129638
29780177
32866937
32480173
31930717
30863604
32351824
33805991
26570351
32585481
23051292
30268379
24277544
26188236
24613300
32819702
24386575
22556916
26415161
32910058
25474497
34099234
33096619
31474280
36068613
31832802
28945652
34795996
33163615
27884379
38250507
28569886
35320905
31195233
31160875
26766307
35293101
19705889
29594233
26449687
26384192
29762336
36503423
21641442
24759636
33376085
32640128
31388893
31409852
33933575
29274410
29208915
16193017
27816552
33638474
25069578
33241333
33529113
25755874
27886532
21589277
29795679
28712867
28059513
21915108
21849613
36184294
23838858
35068802
32562266
24831215
18533960
33489315
31736798
29943064
34789497
23691048
25914566
33281989
31127574
20831021
34711981
32103361
16681866
31637221
26887747
33659404
30057130
26450276
17343453
17277958
31619138
33560407
30497147
28678898
32350287
25092666
33934214
32881853
25371409
39445516
33240638
23315025
30505090
37202051
26232606
27834713
27917389
30878897
30813402
36438101
29703761
25522551
30084294
26711727
36661361
29603895
28504153
31953342
34049269
27752014
29079575
30296696
30900765
30245868
29536450
36790102
35830894
27679781
30766541
30701046
37398007
32147002
30251428
33441382
14319430
14253935
20950896
31906481
27473124
24001386
24022345
27960185
31084620
30788409
22347386
26316462
26250967
38329456
38805065
32115796
37268183
29732406
27649616
26231962
31063219
19292069
31331432
32459299
29089693
32051201
29060479
34147558
29470741
28894588
29026108
24349291
24283796
27661940
31785817
19541046
22659240
31275689
31210194
25576821
33056917
32322724
27174014
27108519
35191094
29047976
28842423
35235472
17926873
32882228
29168254
29102759
19488881
27695283
34415587
34757558
28592822
32880675
33395643
21738462
36693817
30461870
30944194
16433564
30578669
29671577
28084167
30214825
37072928
23445467
28510123
27404266
29243932
32611585
33703422
14581470
26727257
26661762
20364507
27956734
34677038
39305235
23213984
30132917
31460011
34883132
30032894
29967399
35816967
28231233
18636284
30259819
28718294
37279625
32472854
28404694
36363398
33149305
32775697
34970495
31156134
35496606
36857041
29391825
33453709
34270435
25411400
35005533
35071185
30394368
32335637
32420689
25651618
30228850
28196300
29784217
28157570
39021735
33787595
33730498
31849757
21572576
21507081
36462436
30334700
27937037
31254532
12219034
12153539
27108894
29806085
25372728
29997663
27225868
27513278
29423970
28688013
20246990
27622309
34413217
37505972
36145792
19808588
32319075
36332353
25549220
30595204
29576998
17191673
29231036
30429686
31120113
31602437
31536942
32047162
27370345
26794192
28924850
22627595
37204250
25172277
29685421
29619926
21122616
34361665
24877176
30195068
30956521
30891026
25180019
34645586
36286993
30981382
26742027
28872685
15826477
30781832
28305312
28204685
37354338
22835766
31122266
24825011
33031413
30614728
25817368
25150842
25085347
31817151
32657456
30698613
29288523
27571181
26552975
31152477
26207013
21834616
23965274
26926782
29150300
35209880
34363308
24066755
27436429
32597788
18264111
33219466
34546560
35450345
33292864
29686010
32012641
28550114
27932498
27867003
34563964
26130837
16535888
28159423
26814426
30546677
33584204
33512023
35960454
31799555
31877623
36236874
29055738
31070447
35761604
29639149
31353313
24181729
32939495
28758285
34624278
29947461
30235241
32839629
29413049
28128454
39516195
29879951
23385704
22279847
31687199
31563788
32772184
19472180
19406685
21537343
15240088
30195443
29552619
34479014
25073993
25008498
17555164
17489669
29021769
33122322
30708858
27237120
27258079
24841394
23593875
32802366
25583120
36830144
17708192
26575477
36502056
31825239
31221768
31156273
30885350
30046632
28329290
30427165
27854667
36151644
29946766
25269949
27211218
31343399
20527199
29965432
23071881
27585025
27519530
19022220
33977575
22776780
28094672
37091595
34567760
23079623
25210281
34186597
30409748
30344253
30088912
32283710
28681436
26951996
21162607
31551570
32712101
31867237
22724615
21817371
26659333
26593838
31828556
31564822
14684169
29639524
32498329
31218420
25470785
24452579
28440207
24106617
31889105
26383823
27204019
26681201
27647915
32262912
32479666
30884156
34538123
17817204
31119070
32128688
32063193
15998197
30953552
31553065
25919692
25832102
25766607
38240698
32828882
33203133
29390847
24714030
27995229
36544314
32150556
30748579
36402750
31640428
35224508
31997088
33421656
35474680
25490309
33738514
22081333
32425366
30804741
35258719
27831637
30638850
29532993
29143723
26028058
37415799
27779555
21285308
28790489
22493234
31393304
34788844
26510022
24021387
23955892
13139692
28095047
36278432
33195326
31172771
32129277
15454768
15389273
30344628
27927943
28608462
32790864
30461602
27091996
32659704
31923747
23482724
38171769
31581357
30563151
35446045
30217189
31415839
30397633
28784954
32523095
26228894
35985850
25754271
29911003
30325027
25176317
25110822
29243003
28406024
27865036
32160584
25863329
32986820
28408011
31715997
32323207
32257712
37597399
31711661
30911466
27628830
32086201
35509322
28228429
29190838
34217116
30148956
29070517
19062211
34017566
27856149
29766841
21937315
19716975
27965180
35197971
32723931
31705725
12583773
27539128
33490421
27193166
34457165
34973512
26339811
30806915
29788709
24283427
25103623
33187656
27201008
30162516
32386034
23251343
32915941
35546953
30672163
30028292
29962797
13897801
28853156
25220047
34461452
31967176
34097834
34967498
29741848
31102737
28686052
28588015
31901367
34726977
30050160
28648183
32743455
30743698
38931615
31465137
25167882
33374284
23389913
31638118
25493713
25428218
33281204
30399202
35032701
28079118
30669112
33183195
23315788
35315403
32549941
29937804
27269653
20392838
22523496
25515581
24409626
21920991
21855496
20260471
24838572
24773077
18475822
33431177
30028881
38035431
23551523
28244232
25827547
35746253
32866528
34468635
33363732
30559308
30493813
35251177
26829609
35430439
32142426
33345649
34416636
29315443
28297237
35060973
27951275
32363968
34494626
27915122
29101156
34967149
22707218
37662573
26666017
28505683
29561224
37143913
23762933
32658180
26307615
30820759
30755264
33115055
35843212
29611265
31330406
25528434
30656267
35433086
28446015
33830033
32029706
17898035
17832540
28176573
22803524
30187730
27579991
19836919
21967577
32571934
33097575
25053105
35084956
26456938
25438732
30935801
17919903
29199635
25727897
31228221
28706519
27688313
30861431
27342351
31588060
27458051
30439753
30956100
21150947
23281605
38236960
32604713
27927896
27862401
34354804
26752760
23119651
19233931
34189286
35322003
35874069
27641452
29002341
26585656
23104010
36438867
27062809
27949764
31682015
21505478
32773717
33054972
34021975
19070339
31273888
35232822
30073552
32171427
28726043
30079389
37830411
34038188
25978722
33087661
31981804
21215392
28638860
28573365
27837408
31304795
27024072
24434028
32605783
32822537
34629038
30379645
18160075
30804669
31398088
16375426
31330781
28220982
35548744
26792589
29100200
30970443
28887653
33567233
31984852
23561633
31809838
22091018
33338291
30735747
32652265
31924923
31859428
33807196
27215047
26196841
31949784
25850879
33124519
34227276
25814726
29464628
37849040
32773838
22954699
29651660
28412051
28346556
32702150
32723109
31100770
32180808
33362822
19467131
33808311
33742816
27510869
29214582
29235541
30038089
34003152
27378129
31515642
34919591
15797639
15732144
26076177
20703128
26442510
33576268
30804473
24386126
33002575
32266618
22952709
32981043
34154536
28900900
28835405
15819507
27099239
34618442
29127825
29562487
29496992
29431497
30534751
29487664
33137566
28339357
35115547
21541598
25700154
32890219
32019494
26206200
35534059
28750882
33264026
32674258
17133535
30357156
34285080
33773673
25541056
32908479
32508731
24354106
34338471
31729851
31823749
32451290
19405082
33285894
32630997
31921579
16969943
26414371
35575200
27973156
35362526
26625647
28468538
30599196
33560704
26855084
30987265
35316383
31687174
24562277
26472969
25737012
29785618
33460259
22333632
30505387
31235700
25759230
34383967
34566420
31015034
29297692
29972691
29230385
34128018
33448348
30814779
32326357
28854619
26787257
31466837
29884456
21461237
29709442
19990622
21938390
30393031
34125282
33104025
35234683
35930851
32509348
13945920
28901275
31760080
30207845
34812779
23714330
34931918
36630152
28913769
20854303
35809658
25942952
33813846
39969468
31741417
30145907
30080412
33458556
17366735
25858452
31642420
35142393
34707548
34816186
25181443
25115948
18818693
30086932
33131224
38378302
28652598
23975781
32487960
24342114
31412307
26039258
22285730
30902179
16966599
25203311
25611328
36333309
26800504
26735009
29692672
28674466
32518046
28328504
32435369
28963631
28794744
31942253
27387268
34097165
38539213
34823794
24527241
23599758
30789823
34044096
24105804
28119446
26650486
31163630
14342712
21039673
29988494
30434522
24090163
24111122
24913670
30408335
22253710
32238075
33988353
26339744
26353747
38462478
31185498
21318091
29821183
36009451
29824902
35445842
31086501
25395976
26964875
32189031
31815423
32074483
18262774
29559518
29494023
29586778
24438068
24372573
24307078
27685222
31809099
31073142
30782624
31298971
27669762
31366035
32466024
32400529
27197296
37438172
30603054
30537559
31347952
18015650
30225961
37702759
29191536
29410707
27784060
37626075
34316196
35220586
26797367
21199066
30012682
38628618
32680063
27563527
30967476
11845524
26800879
30450781
28107449
30238107
23940852
35953588
34529756
29050460
32223578
33709262
36769235
26190433
26750539
20453284
28045511
27980016
31358160
24863913
28877555
33165408
34971909
32607152
30056176
30746603
31228927
16718297
31673652
28807071
28938104
35635065
27201938
23730200
29230524
27688999
23938862
31456998
33988155
14866203
29821558
29415107
34359212
35604595
36220294
27722984
30483145
30417650
29654454
30334973
30317627
30252132
32798221
29807499
32667231
33876372
29199555
33307868
27261717
21595858
24777332
30423477
31443641
31343309
31364268
12242316
27197671
29506856
31637514
29583129
35311495
22813274
34490071
28776790
28571237
37074329
27589840
32611042
34965585
33603690
19217695
34173050
36348679
39781346
33345446
32609489
23295580
27558988
31208890
30917349
31625719
16162378
27459122
27393627
30090818
34135985
34467371
36274821
27798011
29708703
21211393
28682228
35487078
25569366
29265639
30979803
20093321
35048676
36375770
34250768
29927226
29861731
15915254
30870609
29141169
29952087
32613171
22924543
35525679
33320453
33120190
24696971
19098670
21229328
25174124
30579667
32746233
31193998
34322303
24700483
35745082
17181654
31175759
21840456
33853192
35508315
26950064
30123182
32003832
32149503
24090037
34247717
18352888
26894393
32628573
36128546
33381641
30848258
31578571
26102101
32125713
27955780
33300448
34455084
30983346
29573256
26903203
26837708
33322666
25101542
22119349
24250007
27211515
35723694
32501656
33811586
34931159
27721162
36801196
20202333
33504199
28847062
37505278
30036238
29341140
27554058
31910200
28217231
28151736
31243555
35942573
32338591
31493727
27099159
39500796
26285823
19495462
21626120
15328865
30284220
29641396
29575901
30066420
25097275
29923882
17578446
27482733
33211099
31628718
27325897
27346856
26470841
23682652
25489444
30510646
35608311
37280424
32600042
22564580
26382129
24553825
31245050
31179555
25546182
25458592
34322235
30480176
32386270
22598565
25358726
25293231
24530035
32035589
29306502
35426948
27673802
27608307
19110997
34066352
33386682
28183449
27165243
35067909
17992925
25299058
34275374
35636263
30433030
30177689
33838788
28770213
27040773
21251384
30512775
28482474
35779502
31220057
25704261
34331224
26682615
23647877
34084287
28479271
35224987
29093602
31224260
30799261
34203210
15081258
30036613
33686515
32668309
33473841
27176586
27736692
37598438
32286194
28966169
34626900
36218345
24793997
32217465
32151970
16086974
31042329
31641842
28012633
32113289
25855384
14968902
29924257
33291910
31503153
24802807
24737312
31770482
31799587
32173838
26668556
27488752
26965934
30401260
32547645
31949697
27140238
34024912
18101937
30967793
32392361
35404882
32046399
27854919
37089225
30793652
26116835
26051340
29429484
29609555
28879266
22582011
24998763
36894542
36829047
20256013
24044669
13228469
28183824
34735879
32281821
33218608
34615627
27823486
15478050
30433405
32710099
29528322
31588108
28116370
26049008
29817726
32012524
28410250
35130554
39562195
34331599
29654782
24281733
22453429
30941093
29851711
31982369
32546377
31293636
28379780
29368338
34074530
32479505
25199599
22429639
28175520
30629361
33326552
29724278
31715910
33010102
27376729
32944437
32208480
36650528
31800438
25120203
27717607
32174978
32155411
35900320
30682366
36891546
33162960
33097465
19150988
34106343
32376903
33187821
29119661
23603865
37265484
27932711
21547481
34860757
33986450
24465062
37701121
32161912
35981967
35500184
38526649
27936217
33786561
31551761
34411493
25076190
37088926
29581729
30185798
23340120
35239566
38579512
34302299
28140882
30051574
13986578
28941933
30791782
25912237
32055953
31990458
12868506
27823861
31191514
33432157
32876297
28611297
29670086
30138937
30073442
24568160
25388356
39117064
27485741
30447249
20579842
25039842
31924516
32494809
25516995
30291965
33304486
29946003
29137889
39317799
33271972
17524525
32479880
33081573
27509159
29639817
20481615
22612273
32474019
32492374
24432908
21944273
31093926
25592143
24861854
18564599
31605993
32515231
32811635
37444480
28333009
30609703
35663396
29487712
38046229
34864452
28919652
30582590
32284235
26918386
32834674
32231203
27554386
33368931
35632926
25800314
26825278
32920021
32452745
20545204
26279384
27267942
34021190
26921980
22730500
25834299
26689299
28528965
27765769
36030986
26742579
32681462
30909536
30844041
30778546
35931989
29700042
28105846
25617211
30745044
30055015
28534792
28581970
32626500
32052988
17921317
28265350
28199855
30276507
26463689
22991951
28492275
26950750
25832315
29845957
30006135
34437776
32942913
31024578
31542413
24896696
25816674
34459994
29775473
31686165
30950208
33272347
30128016
31611342
27481333
37139003
21239724
23370382
28461306
32201903
28016673
27951178
20121652
22252310
28691386
19322708
33486966
35410780
34202129
25723465
29091118
18204636
30775901
26510901
34181659
28038541
27832988
21594255
33455174
31872793
33592783
30724486
18479446
33434801
36391035
36066497
28841072
28862031
33695137
34203527
27037493
31142132
33748417
15424129
30379484
28662142
27926185
29287074
27519457
25030822
24457310
31154271
28234497
32676545
34204761
23491747
28527390
16464203
19355072
31558621
25667363
35572026
29188977
29123482
33956588
33669139
33634781
29213838
34807532
22179795
30183839
32582204
32516709
22532338
30780543
27308805
33532530
32890516
32300748
22766559
29983646
18444808
26185752
25167546
32534969
24821584
32604072
35585459
34061750
28435333
25665373
31411254
24642183
32269585
31548069
33386104
38940796
28130248
27599646
33614776
30840322
32144161
30061371
34083618
26481574
33716835
30245097
15820921
26164954
26099459
32796420
24363293
37342077
26391879
34972603
32355395
38687274
33069820
33007842
31385503
28924182
29599181
22796300
33754508
35397646
27795602
29585769
29520274
30623528
31093327
29510946
35269819
35204324
28277566
21564880
26360910
32108271
35943216
21618160
34962870
24670859
33287308
17222312
31386570
33764047
33862450
29185633
29120138
16104240
31059595
34427248
37910303
33505831
25732592
19493859
31354778
29772397
32010356
28624090
16993225
21826331
34290639
23815576
35977279
35160250
24807933
34179501
26943861
36251087
31648021
32373623
24651054
26561746
25825789
29957970
25419061
22930426
22356914
30528669
25848007
34472744
25237818
33570627
26426994
34329660
17254676
32210031
23566967
33471630
36894751
28943396
36645396
31568743
31534385
29785484
39118414
20079399
33151861
30481808
30416313
20431942
28680147
32502588
27828612
30790120
13969202
20666163
31783362
30061012
23716653
23737612
27675452
29515118
30503676
34025987
30157714
25966234
40921589
31830194
30234684
30169189
29447673
32851248
41345075
26029852
30677764
35865378
34730830
25935014
25204725
18907470
14230653
29186008
33154506
31817704
24064558
23999063
38059152
31061338
31435589
35207323
29699423
17055376
32010731
27261257
32092514
33081691
26823786
36773420
30229544
26143185
34950739
17642140
29052408
28467486
28818026
29037197
27410550
34058781
28871306
26177170
23688535
24260514
28108640
26606116
19517764
32899380
22570463
31186912
31121417
25488044
32968140
30457804
27085237
27019742
24936952
28877663
32326852
37653716
34011635
29453085
26377029
20079774
27672001
29909960
38823946
35108527
29848184
34197007
21715180
36670535
29682666
31904200
33814892
24474762
29648295
28433561
30273227
29610060
24461350
24395855
33615218
31897876
31161919
31083488
35032308
34966813
26638480
30820113
31470231
35912279
36558179
34786452
30109635
31436729
19665579
34620934
28903097
29463203
32424711
29433989
18547507
28609890
36870515
32449572
28381412
21222348
33419573
30049967
35752443
25768072
30990758
11868806
26824161
31650768
31791682
38271337
34937985
33355604
29225595
28403280
32246860
28057318
33255738
38821193
32127771
28134288
28068793
34789097
34600929
28966332
32971936
21483799
36439154
31365982
23834618
27848260
16807074
12130257
27085612
29026881
29717308
35044172
23818977
35442512
27777776
29335193
20837883
27599027
14954980
29910335
38007266
30606293
24895286
36309071
36002260
30571922
29553716
33285967
15541744
30406404
26693689
31031336
31513660
22551033
26201572
26770910
28901568
35919798
27284999
26008244
24800614
29596644
32372723
31741731
24853894
32190098
30106291
30867744
36212858
29606411
35379043
22836556
32421367
32355872
37055805
34282200
32699819
28181403
17979378
32934733
31098984
36935812
33008131
35246090
31727908
34522163
25062065
27582270
31728374
31714496
31649001
27547899
26529693
30179595
26183731
34159267
23343067
27886788
29797480
29061523
35393402
33438076
36498049
25592648
35250318
20182098
31805633
28473552
35981627
29662728
29950508
17565183
32520538
26802701
36707364
32701948
33279349
16447111
26509494
34770119
36028810
34817599
19121952
