0
341351064
210962128
80573192
421924256
291535320
161146384
30757448
372108512
241719576
111330640
452681704
322292768
191903832
61514896
402865960
272477024
142088088
11699152
353050216
222661280
92272344
433623408
303234472
172845536
42456600
383807664
253418728
123029792
464380856
333991920
203602984
73214048
414565112
284176176
153787240
23398304
364749368
234360432
103971496
445322560
314933624
184544688
54155752
395506816
265117880
134728944
4340008
345691072
215302136
84913200
426264264
295875328
165486392
35097456
376448520
246059584
115670648
457021712
326632776
196243840
65854904
407205968
276817032
146428096
16039160
357390224
227001288
96612352
437963416
307574480
177185544
46796608
388147672
257758736
127369800
468720864
338331928
207942992
77554056
418905120
288516184
158127248
27738312
369089376
238700440
108311504
449662568
319273632
188884696
58495760
399846824
269457888
139068952
8680016
350031080
219642144
89253208
430604272
300215336
169826400
39437464
380788528
250399592
120010656
461361720
330972784
200583848
70194912
411545976
281157040
150768104
20379168
361730232
231341296
100952360
442303424
311914488
181525552
51136616
392487680
262098744
131709808
1320872
342671936
212283000
81894064
423245128
292856192
162467256
32078320
373429384
243040448
112651512
454002576
323613640
193224704
62835768
404186832
273797896
143408960
13020024
354371088
223982152
93593216
434944280
304555344
174166408
43777472
385128536
254739600
124350664
465701728
335312792
204923856
74534920
415885984
285497048
155108112
24719176
366070240
235681304
105292368
446643432
316254496
185865560
55476624
396827688
266438752
136049816
5660880
347011944
216623008
86234072
427585136
297196200
166807264
36418328
377769392
247380456
116991520
458342584
327953648
197564712
67175776
408526840
278137904
147748968
17360032
358711096
228322160
97933224
439284288
308895352
178506416
48117480
389468544
259079608
128690672
470041736
339652800
209263864
78874928
420225992
289837056
159448120
29059184
370410248
240021312
109632376
450983440
320594504
190205568
59816632
401167696
270778760
140389824
10000888
351351952
220963016
90574080
431925144
301536208
171147272
40758336
382109400
251720464
121331528
462682592
332293656
201904720
71515784
412866848
282477912
152088976
21700040
363051104
232662168
102273232
443624296
313235360
182846424
52457488
393808552
263419616
133030680
2641744
343992808
213603872
83214936
424566000
294177064
163788128
33399192
374750256
244361320
113972384
455323448
324934512
194545576
64156640
405507704
275118768
144729832
14340896
355691960
225303024
94914088
436265152
305876216
175487280
45098344
386449408
256060472
125671536
467022600
336633664
206244728
75855792
417206856
286817920
156428984
26040048
367391112
237002176
106613240
447964304
317575368
187186432
56797496
398148560
267759624
137370688
6981752
348332816
217943880
87554944
428906008
298517072
168128136
37739200
379090264
248701328
118312392
459663456
329274520
198885584
68496648
409847712
279458776
149069840
18680904
360031968
229643032
99254096
440605160
310216224
179827288
49438352
390789416
260400480
130011544
471362608
340973672
210584736
80195800
421546864
291157928
160768992
30380056
371731120
241342184
110953248
452304312
321915376
191526440
61137504
402488568
272099632
141710696
11321760
352672824
222283888
91894952
433246016
302857080
172468144
42079208
383430272
253041336
122652400
464003464
333614528
203225592
72836656
414187720
283798784
153409848
23020912
364371976
233983040
103594104
444945168
314556232
184167296
53778360
395129424
264740488
134351552
3962616
345313680
214924744
84535808
425886872
295497936
165109000
34720064
376071128
245682192
115293256
456644320
326255384
195866448
65477512
406828576
276439640
146050704
15661768
357012832
226623896
96234960
437586024
307197088
176808152
46419216
387770280
257381344
126992408
468343472
337954536
207565600
77176664
418527728
288138792
157749856
27360920
368711984
238323048
107934112
449285176
318896240
188507304
58118368
399469432
269080496
138691560
8302624
349653688
219264752
88875816
430226880
299837944
169449008
39060072
380411136
250022200
119633264
460984328
330595392
200206456
69817520
411168584
280779648
150390712
20001776
361352840
230963904
100574968
441926032
311537096
181148160
50759224
392110288
261721352
131332416
943480
342294544
211905608
81516672
422867736
292478800
162089864
31700928
373051992
242663056
112274120
453625184
323236248
192847312
62458376
403809440
273420504
143031568
12642632
353993696
223604760
93215824
434566888
304177952
173789016
43400080
384751144
254362208
123973272
465324336
334935400
204546464
74157528
415508592
285119656
154730720
24341784
365692848
235303912
104914976
446266040
315877104
185488168
55099232
396450296
266061360
135672424
5283488
346634552
216245616
85856680
427207744
296818808
166429872
36040936
377392000
247003064
116614128
457965192
327576256
197187320
66798384
408149448
277760512
147371576
16982640
358333704
227944768
97555832
438906896
308517960
178129024
47740088
389091152
258702216
128313280
469664344
339275408
208886472
78497536
419848600
289459664
159070728
28681792
370032856
239643920
109254984
450606048
320217112
189828176
59439240
400790304
270401368
140012432
9623496
350974560
220585624
90196688
431547752
301158816
170769880
40380944
381732008
251343072
120954136
462305200
331916264
201527328
71138392
412489456
282100520
151711584
21322648
362673712
232284776
101895840
443246904
312857968
182469032
52080096
393431160
263042224
132653288
2264352
343615416
213226480
82837544
424188608
293799672
163410736
33021800
374372864
243983928
113594992
454946056
324557120
194168184
63779248
405130312
274741376
144352440
13963504
355314568
224925632
94536696
435887760
305498824
175109888
44720952
386072016
255683080
125294144
466645208
336256272
205867336
75478400
416829464
286440528
156051592
25662656
367013720
236624784
106235848
447586912
317197976
186809040
56420104
397771168
267382232
136993296
6604360
347955424
217566488
87177552
428528616
298139680
167750744
37361808
378712872
248323936
117935000
459286064
328897128
198508192
68119256
409470320
279081384
148692448
18303512
359654576
229265640
98876704
440227768
309838832
179449896
49060960
390412024
260023088
129634152
470985216
340596280
210207344
79818408
421169472
290780536
160391600
30002664
371353728
240964792
110575856
451926920
321537984
191149048
60760112
402111176
271722240
141333304
10944368
352295432
221906496
91517560
432868624
302479688
172090752
41701816
383052880
252663944
122275008
463626072
333237136
202848200
72459264
413810328
283421392
153032456
22643520
363994584
233605648
103216712
444567776
314178840
183789904
53400968
394752032
264363096
133974160
3585224
344936288
214547352
84158416
425509480
295120544
164731608
34342672
375693736
245304800
114915864
456266928
325877992
195489056
65100120
406451184
276062248
145673312
15284376
356635440
226246504
95857568
437208632
306819696
176430760
46041824
387392888
257003952
126615016
467966080
337577144
207188208
76799272
418150336
287761400
157372464
26983528
368334592
237945656
107556720
448907784
318518848
188129912
57740976
399092040
268703104
138314168
7925232
349276296
218887360
88498424
429849488
299460552
169071616
38682680
380033744
249644808
119255872
460606936
330218000
199829064
69440128
410791192
280402256
150013320
19624384
360975448
230586512
100197576
441548640
311159704
180770768
50381832
391732896
261343960
130955024
566088
341917152
211528216
81139280
422490344
292101408
161712472
31323536
372674600
242285664
111896728
453247792
322858856
192469920
62080984
403432048
273043112
142654176
12265240
353616304
223227368
92838432
434189496
303800560
173411624
43022688
384373752
253984816
123595880
464946944
334558008
204169072
73780136
415131200
284742264
154353328
23964392
365315456
234926520
104537584
445888648
315499712
185110776
54721840
396072904
265683968
135295032
4906096
346257160
215868224
85479288
426830352
296441416
166052480
35663544
377014608
246625672
116236736
457587800
327198864
196809928
66420992
407772056
277383120
146994184
16605248
357956312
227567376
97178440
438529504
308140568
177751632
47362696
388713760
258324824
127935888
469286952
338898016
208509080
78120144
419471208
289082272
158693336
28304400
369655464
239266528
108877592
450228656
319839720
189450784
59061848
400412912
270023976
139635040
9246104
350597168
220208232
89819296
431170360
300781424
170392488
40003552
381354616
250965680
120576744
461927808
331538872
201149936
70761000
412112064
281723128
151334192
20945256
362296320
231907384
101518448
442869512
312480576
182091640
51702704
393053768
262664832
132275896
1886960
343238024
212849088
82460152
423811216
293422280
163033344
32644408
373995472
243606536
113217600
454568664
324179728
193790792
63401856
404752920
274363984
143975048
13586112
354937176
224548240
94159304
435510368
305121432
174732496
44343560
385694624
255305688
124916752
466267816
335878880
205489944
75101008
416452072
286063136
155674200
25285264
366636328
236247392
105858456
447209520
316820584
186431648
56042712
397393776
267004840
136615904
6226968
347578032
217189096
86800160
428151224
297762288
167373352
36984416
378335480
247946544
117557608
458908672
328519736
198130800
67741864
409092928
278703992
148315056
17926120
359277184
228888248
98499312
439850376
309461440
179072504
48683568
390034632
259645696
129256760
470607824
340218888
209829952
79441016
420792080
290403144
160014208
29625272
370976336
240587400
110198464
451549528
321160592
190771656
60382720
401733784
271344848
140955912
10566976
351918040
221529104
91140168
432491232
302102296
171713360
41324424
382675488
252286552
121897616
463248680
332859744
202470808
72081872
413432936
283044000
152655064
22266128
363617192
233228256
102839320
444190384
313801448
183412512
53023576
394374640
263985704
133596768
3207832
344558896
214169960
83781024
425132088
294743152
164354216
33965280
375316344
244927408
114538472
455889536
325500600
195111664
64722728
406073792
275684856
145295920
14906984
356258048
225869112
95480176
436831240
306442304
176053368
45664432
387015496
256626560
126237624
467588688
337199752
206810816
76421880
417772944
287384008
156995072
26606136
367957200
237568264
107179328
448530392
318141456
187752520
57363584
398714648
268325712
137936776
7547840
348898904
218509968
88121032
429472096
299083160
168694224
38305288
379656352
249267416
118878480
460229544
329840608
199451672
69062736
410413800
280024864
149635928
19246992
360598056
230209120
99820184
441171248
310782312
180393376
50004440
391355504
260966568
130577632
188696
341539760
211150824
80761888
422112952
291724016
161335080
30946144
372297208
241908272
111519336
452870400
322481464
192092528
61703592
403054656
272665720
142276784
11887848
353238912
222849976
92461040
433812104
303423168
173034232
42645296
383996360
253607424
123218488
464569552
334180616
203791680
73402744
414753808
284364872
153975936
23587000
364938064
234549128
104160192
445511256
315122320
184733384
54344448
395695512
265306576
134917640
4528704
345879768
215490832
85101896
426452960
296064024
165675088
35286152
376637216
246248280
115859344
457210408
326821472
196432536
66043600
407394664
277005728
146616792
16227856
357578920
227189984
96801048
438152112
307763176
177374240
46985304
388336368
257947432
127558496
468909560
338520624
208131688
77742752
419093816
288704880
158315944
27927008
369278072
238889136
108500200
449851264
319462328
189073392
58684456
400035520
269646584
139257648
8868712
350219776
219830840
89441904
430792968
300404032
170015096
39626160
380977224
250588288
120199352
461550416
331161480
200772544
70383608
411734672
281345736
150956800
20567864
361918928
231529992
101141056
442492120
312103184
181714248
51325312
392676376
262287440
131898504
1509568
342860632
212471696
82082760
423433824
293044888
162655952
32267016
373618080
243229144
112840208
454191272
323802336
193413400
63024464
404375528
273986592
143597656
13208720
354559784
224170848
93781912
435132976
304744040
174355104
43966168
385317232
254928296
124539360
465890424
335501488
205112552
74723616
416074680
285685744
155296808
24907872
366258936
235870000
105481064
446832128
316443192
186054256
55665320
397016384
266627448
136238512
5849576
347200640
216811704
86422768
427773832
297384896
166995960
36607024
377958088
247569152
117180216
458531280
328142344
197753408
67364472
408715536
278326600
147937664
17548728
358899792
228510856
98121920
439472984
309084048
178695112
48306176
389657240
259268304
128879368
470230432
339841496
209452560
79063624
420414688
290025752
159636816
29247880
370598944
240210008
109821072
451172136
320783200
190394264
60005328
401356392
270967456
140578520
10189584
351540648
221151712
90762776
432113840
301724904
171335968
40947032
382298096
251909160
121520224
462871288
332482352
202093416
71704480
413055544
282666608
152277672
21888736
363239800
232850864
102461928
443812992
313424056
183035120
52646184
393997248
263608312
133219376
2830440
344181504
213792568
83403632
424754696
294365760
163976824
33587888
374938952
244550016
114161080
455512144
325123208
194734272
64345336
405696400
275307464
144918528
14529592
355880656
225491720
95102784
436453848
306064912
175675976
45287040
386638104
256249168
125860232
467211296
336822360
206433424
76044488
417395552
287006616
156617680
26228744
367579808
237190872
106801936
448153000
317764064
187375128
56986192
398337256
267948320
137559384
7170448
348521512
218132576
87743640
429094704
298705768
168316832
37927896
379278960
248890024
118501088
459852152
329463216
199074280
68685344
410036408
279647472
149258536
18869600
360220664
229831728
99442792
440793856
310404920
180015984
49627048
390978112
260589176
130200240
471551304
341162368
210773432
80384496
421735560
291346624
160957688
30568752
371919816
241530880
111141944
452493008
322104072
191715136
61326200
402677264
272288328
141899392
11510456
352861520
222472584
92083648
433434712
303045776
172656840
42267904
383618968
253230032
122841096
464192160
333803224
203414288
73025352
414376416
283987480
153598544
23209608
364560672
234171736
103782800
445133864
314744928
184355992
53967056
395318120
264929184
134540248
4151312
345502376
215113440
84724504
426075568
295686632
165297696
34908760
376259824
245870888
115481952
456833016
326444080
196055144
65666208
407017272
276628336
146239400
15850464
357201528
226812592
96423656
437774720
307385784
176996848
46607912
387958976
257570040
127181104
468532168
338143232
207754296
77365360
418716424
288327488
157938552
27549616
368900680
238511744
108122808
449473872
319084936
188696000
58307064
399658128
269269192
138880256
8491320
349842384
219453448
89064512
430415576
300026640
169637704
39248768
380599832
250210896
119821960
461173024
330784088
200395152
70006216
411357280
280968344
150579408
20190472
361541536
231152600
100763664
442114728
311725792
181336856
50947920
392298984
261910048
131521112
1132176
342483240
212094304
81705368
423056432
292667496
162278560
31889624
373240688
242851752
112462816
453813880
323424944
193036008
62647072
403998136
273609200
143220264
12831328
354182392
223793456
93404520
434755584
304366648
173977712
43588776
384939840
254550904
124161968
465513032
335124096
204735160
74346224
415697288
285308352
154919416
24530480
365881544
235492608
105103672
446454736
316065800
185676864
55287928
396638992
266250056
135861120
5472184
346823248
216434312
86045376
427396440
297007504
166618568
36229632
377580696
247191760
116802824
458153888
327764952
197376016
66987080
408338144
277949208
147560272
17171336
358522400
228133464
97744528
439095592
308706656
178317720
47928784
389279848
258890912
128501976
469853040
339464104
209075168
78686232
420037296
289648360
159259424
28870488
370221552
239832616
109443680
450794744
320405808
190016872
59627936
400979000
270590064
140201128
9812192
351163256
220774320
90385384
431736448
301347512
170958576
40569640
381920704
251531768
121142832
462493896
332104960
201716024
71327088
412678152
282289216
151900280
21511344
362862408
232473472
102084536
443435600
313046664
182657728
52268792
393619856
263230920
132841984
2453048
343804112
213415176
83026240
424377304
293988368
163599432
33210496
374561560
244172624
113783688
455134752
324745816
194356880
63967944
405319008
274930072
144541136
14152200
355503264
225114328
94725392
436076456
305687520
175298584
44909648
386260712
255871776
125482840
466833904
336444968
206056032
75667096
417018160
286629224
156240288
25851352
367202416
236813480
106424544
447775608
317386672
186997736
56608800
397959864
267570928
137181992
6793056
348144120
217755184
87366248
428717312
298328376
167939440
37550504
378901568
248512632
118123696
459474760
329085824
198696888
68307952
409659016
279270080
148881144
18492208
359843272
229454336
99065400
440416464
310027528
179638592
49249656
390600720
260211784
129822848
471173912
340784976
210396040
80007104
421358168
290969232
160580296
30191360
371542424
241153488
110764552
452115616
321726680
191337744
60948808
402299872
271910936
141522000
11133064
352484128
222095192
91706256
433057320
302668384
172279448
41890512
383241576
252852640
122463704
463814768
333425832
203036896
72647960
413999024
283610088
153221152
22832216
364183280
233794344
103405408
444756472
314367536
183978600
53589664
394940728
264551792
134162856
3773920
345124984
214736048
84347112
425698176
295309240
164920304
34531368
375882432
245493496
115104560
456455624
326066688
195677752
65288816
406639880
276250944
145862008
15473072
356824136
226435200
96046264
437397328
307008392
176619456
46230520
387581584
257192648
126803712
468154776
337765840
207376904
76987968
418339032
287950096
157561160
27172224
368523288
238134352
107745416
449096480
318707544
188318608
57929672
399280736
268891800
138502864
8113928
349464992
219076056
88687120
430038184
299649248
169260312
38871376
380222440
249833504
119444568
460795632
330406696
200017760
69628824
410979888
280590952
150202016
19813080
361164144
230775208
100386272
441737336
311348400
180959464
50570528
391921592
261532656
131143720
754784
342105848
211716912
81327976
422679040
292290104
161901168
31512232
372863296
242474360
112085424
453436488
323047552
192658616
62269680
403620744
273231808
142842872
12453936
353805000
223416064
93027128
434378192
303989256
173600320
43211384
384562448
254173512
123784576
465135640
334746704
204357768
73968832
415319896
284930960
154542024
24153088
365504152
235115216
104726280
446077344
315688408
185299472
54910536
396261600
265872664
135483728
5094792
346445856
216056920
85667984
427019048
296630112
166241176
35852240
377203304
246814368
116425432
457776496
327387560
196998624
66609688
407960752
277571816
147182880
16793944
358145008
227756072
97367136
438718200
308329264
177940328
47551392
388902456
258513520
128124584
469475648
339086712
208697776
78308840
419659904
289270968
158882032
28493096
369844160
239455224
109066288
450417352
320028416
189639480
59250544
400601608
270212672
139823736
9434800
350785864
220396928
90007992
431359056
300970120
170581184
40192248
381543312
251154376
120765440
462116504
331727568
201338632
70949696
412300760
281911824
151522888
21133952
362485016
232096080
101707144
443058208
312669272
182280336
51891400
393242464
262853528
132464592
2075656
343426720
213037784
82648848
423999912
293610976
163222040
32833104
374184168
243795232
113406296
454757360
324368424
193979488
63590552
404941616
274552680
144163744
13774808
355125872
224736936
94348000
435699064
305310128
174921192
44532256
385883320
255494384
125105448
466456512
336067576
205678640
75289704
416640768
286251832
155862896
25473960
366825024
236436088
106047152
447398216
317009280
186620344
56231408
397582472
267193536
136804600
6415664
347766728
217377792
86988856
428339920
297950984
167562048
37173112
378524176
248135240
117746304
459097368
328708432
198319496
67930560
409281624
278892688
148503752
18114816
359465880
229076944
98688008
440039072
309650136
179261200
48872264
390223328
259834392
129445456
470796520
340407584
210018648
79629712
420980776
290591840
160202904
29813968
371165032
240776096
110387160
451738224
321349288
190960352
60571416
401922480
271533544
141144608
10755672
352106736
221717800
91328864
432679928
302290992
171902056
41513120
382864184
252475248
122086312
463437376
333048440
202659504
72270568
413621632
283232696
152843760
22454824
363805888
233416952
103028016
444379080
313990144
183601208
53212272
394563336
264174400
133785464
3396528
344747592
214358656
83969720
425320784
294931848
164542912
34153976
375505040
245116104
114727168
456078232
325689296
195300360
64911424
406262488
275873552
145484616
15095680
356446744
226057808
95668872
437019936
306631000
176242064
45853128
387204192
256815256
126426320
467777384
337388448
206999512
76610576
417961640
287572704
157183768
26794832
368145896
237756960
107368024
448719088
318330152
187941216
57552280
398903344
268514408
138125472
7736536
349087600
218698664
88309728
429660792
299271856
168882920
38493984
379845048
249456112
119067176
460418240
330029304
199640368
69251432
410602496
280213560
149824624
19435688
360786752
230397816
100008880
441359944
310971008
180582072
50193136
391544200
261155264
130766328
377392
341728456
211339520
80950584
422301648
291912712
161523776
31134840
372485904
242096968
111708032
453059096
322670160
192281224
61892288
403243352
272854416
142465480
12076544
353427608
223038672
92649736
434000800
303611864
173222928
42833992
384185056
253796120
123407184
464758248
334369312
203980376
73591440
414942504
284553568
154164632
23775696
365126760
234737824
104348888
445699952
315311016
184922080
54533144
395884208
265495272
135106336
4717400
346068464
215679528
85290592
426641656
296252720
165863784
35474848
376825912
246436976
116048040
457399104
327010168
196621232
66232296
407583360
277194424
146805488
16416552
357767616
227378680
96989744
438340808
307951872
177562936
47174000
388525064
258136128
127747192
469098256
338709320
208320384
77931448
419282512
288893576
158504640
28115704
369466768
239077832
108688896
450039960
319651024
189262088
58873152
400224216
269835280
139446344
9057408
350408472
220019536
89630600
430981664
300592728
170203792
39814856
381165920
250776984
120388048
461739112
331350176
200961240
70572304
411923368
281534432
151145496
20756560
362107624
231718688
101329752
442680816
312291880
181902944
51514008
392865072
262476136
132087200
1698264
343049328
212660392
82271456
423622520
293233584
162844648
32455712
373806776
243417840
113028904
454379968
323991032
193602096
63213160
404564224
274175288
143786352
13397416
354748480
224359544
93970608
435321672
304932736
174543800
44154864
385505928
255116992
124728056
466079120
335690184
205301248
74912312
416263376
285874440
155485504
25096568
366447632
236058696
105669760
447020824
316631888
186242952
55854016
397205080
266816144
136427208
6038272
347389336
217000400
86611464
427962528
297573592
167184656
36795720
378146784
247757848
117368912
458719976
328331040
197942104
67553168
408904232
278515296
148126360
17737424
359088488
228699552
98310616
439661680
309272744
178883808
48494872
389845936
259457000
129068064
470419128
340030192
209641256
79252320
420603384
290214448
159825512
29436576
370787640
240398704
110009768
451360832
320971896
190582960
60194024
401545088
271156152
140767216
10378280
351729344
221340408
90951472
432302536
301913600
171524664
41135728
382486792
252097856
121708920
463059984
332671048
202282112
71893176
413244240
282855304
152466368
22077432
363428496
233039560
102650624
444001688
313612752
183223816
52834880
394185944
263797008
133408072
3019136
344370200
213981264
83592328
424943392
294554456
164165520
33776584
375127648
244738712
114349776
455700840
325311904
194922968
64534032
405885096
275496160
145107224
14718288
356069352
225680416
95291480
436642544
306253608
175864672
45475736
386826800
256437864
126048928
467399992
337011056
206622120
76233184
417584248
287195312
156806376
26417440
367768504
237379568
106990632
448341696
317952760
187563824
57174888
398525952
268137016
137748080
7359144
348710208
218321272
87932336
429283400
298894464
168505528
38116592
379467656
249078720
118689784
460040848
329651912
199262976
68874040
410225104
279836168
149447232
19058296
360409360
230020424
99631488
440982552
310593616
180204680
49815744
391166808
260777872
130388936
