0
6897539
6524917
5923350
4619147
8057765
5517811
4584044
5112783
8037183
7719838
4707244
5690867
6540996
7226616
6050049
6088178
8085638
6751845
6053075
6581814
6346306
7453130
6176275
7159898
7136096
4966578
4630782
7557209
4561039
5960528
7416207
7391527
6763066
5485757
6985988
6605640
8566487
6435609
2370744
8592541
6030070
5883067
6989891
4820373
5477528
6954788
5915576
6040396
4009806
7025582
3839775
5339552
7499101
6299827
5698260
8123126
4528985
8423819
7384607
4887693
5478837
1413972
7742350
6808583
7337322
6033119
5824959
6879377
5998016
5419420
9375411
6356724
6121216
2883003
6344138
7327761
7277419
4741488
4405692
8165817
7467047
6888451
7191117
6855321
7590247
4352034
7813169
5704808
6044754
4868187
5874723
7374500
8670571
5657977
7733208
4595283
4259487
5821065
5690486
7771810
3784716
5284947
7343754
7297039
7728121
6234345
6891500
8086829
5728518
4613108
5423778
8135878
5253747
6753524
8812785
7713799
7112232
6571418
3638511
7691301
6165879
6301665
6892809
2827944
6063460
7644470
7604828
7447091
7238931
7670013
5107542
6833392
5095467
7567594
4555000
4296975
6294435
8061230
6850011
5479718
5819664
4643097
5626720
7498265
6564498
8269293
7092726
5766006
6687698
7118780
5465396
6282159
7288695
6112128
4003767
7071949
7579229
6009255
5673459
4496892
7104458
8587811
5198688
6698919
5421610
7581159
5472798
7648317
8305472
4983395
7142490
6027080
6837750
6925744
6589948
5863050
7488612
7152816
6958253
3945659
5052483
7997464
7457982
7496111
4870377
4241916
5990260
4464838
9018800
7320006
8427284
4362419
1349825
6374511
6509439
7273175
5968972
5710947
6867636
3394426
6462608
6893690
7233636
5831450
7040692
7843542
3778677
7399874
7354139
7179978
5243351
4863457
6879368
7696131
8233794
7526100
5417739
8485921
5247708
5980607
7087431
5910864
7106193
6332488
6612660
8112891
6783176
6848641
6886770
4756269
6733163
3720569
4704192
7379895
7232892
8287310
4645287
6827353
5765170
7265401
7390221
5359631
6466455
5189600
6689377
6149421
6284349
5655888
6114318
5878810
7234201
3169336
6237518
5776391
2763797
4163286
5618965
7618452
7382944
7124919
8181320
4808398
6769245
4638367
5667420
7245422
4232828
6230288
5192649
3023131
6091313
5755517
6657323
6277429
8238276
6107398
6031488
3542310
5701859
6623551
6661680
7394579
6218012
7224548
8126354
7746460
5046444
8485062
5945108
5011341
5540080
6170241
7471393
5082135
6118164
6968293
7653913
7429552
6059259
8241325
7179142
7078343
5962933
2944246
7702368
6551166
7587195
7563393
5393875
5058079
7528290
4988336
8570402
4583308
7651490
4413277
4177769
5577258
7032937
8954653
6862906
2798041
2462245
6222370
8183217
6052339
7081392
5882308
5646800
6342873
6606621
4437103
6829543
7169489
3931276
6976545
8848090
6862052
7445460
4956282
7115831
8037523
5314990
5906134
1841269
8638520
7461953
5353592
6460416
7093027
5916460
6425313
5846717
7584213
6784021
6496107
3310300
6771435
8642506
5770352
5168785
4832989
6333220
7831939
7376905
4358218
7282618
7939773
4779331
8377821
6807847
6472051
5295484
6302020
7801797
5997280
7590495
5827249
5591741
4686784
5814663
6117783
7349938
4212013
3876217
2699650
7724336
7466311
6661642
6636962
7060772
7756845
4744251
5851075
8243515
5681044
5345248
8390517
8141096
5128502
6112125
4065808
5691370
6593176
5161011
7320106
3255241
7150075
6814279
6767564
7874388
6597533
7330432
5534839
7260689
5522764
6630042
7393324
4724272
6721732
8198466
7184324
6106094
6041943
5070394
6054017
8729720
5772190
7365405
5995112
6193303
7114995
7075353
5892693
6709456
7510974
6539425
4431064
7499246
7241221
6436552
6100756
7228635
7531755
4519161
4950243
5290189
4113622
5513111
6968790
8075614
6563762
7905583
7569787
6158223
7265047
4935921
6419274
6290347
5582653
7580113
6542474
4372956
5479780
7105342
8007148
6574983
5297674
4669213
6417557
4892135
7051684
7973376
7927641
4789716
5816853
6801808
6466012
8044014
6396269
6138244
7294933
3821723
6889905
7320987
7455915
6431960
7285884
7814623
4205974
4340902
7409084
7445640
8476561
5290754
7306665
4294071
7750806
7900991
5845036
8860812
6743700
5809933
6338672
6338161
8945727
5933133
6364215
5763102
5527594
6722923
7314067
3249202
7160460
4147866
3812070
7572195
8679019
6349893
5072584
7232133
6192467
5856671
7956446
4718233
6893752
8293695
5281101
6576718
6240922
6083185
7139586
6306107
7661498
3596633
6664815
6187264
3191094
8215780
6046262
6703417
5486105
4115812
7266285
5235695
7196542
5065664
6094717
7672719
4660125
8121260
5619946
5754874
6518610
5584843
6113582
6704726
2639861
5708043
6458785
3969607
6129156
7050848
7088977
7223905
6645309
7053874
7582613
7347105
4108892
7177074
6941566
6036609
5967377
4663174
8558008
5509432
5226042
4049475
8081210
7763865
5577923
7986787
6930697
7270643
6094076
3371543
8129665
7030869
6695073
7990690
5821172
5485376
7046954
5415633
7041195
5010605
6510836
4840574
4605066
6004555
7300626
8117389
6900077
5529784
2889542
6649667
5888492
6479636
2414771
8743149
6074097
7473586
7033918
4864400
7455919
6998815
6420219
7403842
4053833
7122015
3883802
5383579
7543128
8464820
5742287
5406491
2268566
7808528
7889250
5780889
5522864
7520324
5352833
6852610
6705607
6077146
5868986
6300068
3737597
5463447
6862936
6197649
5596082
5260286
4924490
8259236
7508048
4785515
6285746
5229656
7640172
6932478
7235144
6899348
5722781
6729317
5613907
6424577
7924808
6254546
6019038
6698687
6241960
8113031
7777235
4639310
4303514
7166678
7302464
7815837
3828743
7064259
7488069
8184142
5171548
6278372
8670812
6108341
5772545
6591499
5467805
5555799
5297774
4493105
8545895
9653173
5588308
2575714
3682538
6627519
7241576
7194861
6936836
8093525
6107487
7688497
7687986
7491118
7057339
2992474
5151569
5004566
8072748
7611621
4599027
6469240
5497691
5161895
8922020
6199487
7699718
6422409
6620600
6473597
7206496
8313320
6068058
8143289
7027879
6630926
7926543
7590747
6863849
6528053
7655932
7959052
4946458
5377540
5717486
4540919
8496910
7396087
5242715
6835930
5465637
6449260
6585520
7692344
5363218
2350624
7186517
6009950
6881777
6917365
6711746
5907077
6934668
7463407
7002280
3989686
5096510
6844854
5319432
4779476
8350808
8354938
6034287
6244150
7229105
6893309
8471311
4406446
6565541
6418538
4249020
6248507
6012999
7412488
6859257
6575867
5399300
7257377
4297475
5875477
7872937
7887569
8620468
7443901
4721368
8881519
5287378
6272333
9288109
7170997
6237230
2172365
6765458
8391020
6360430
6791512
6190399
5954891
6756409
7285148
3676499
7587757
6879609
4239367
7999492
7238317
6777190
3764596
4748219
5598348
6283968
8331337
5145530
7321049
5809197
7605582
7004015
5403658
6510482
5233627
6217250
6193448
4023930
7092112
6630985
3618391
7278228
8307281
7130714
5820418
4543109
6702658
5662992
7662479
7426971
6992738
7649893
5087422
6813272
6047243
5711447
6945907
6012140
6274315
7132023
3067158
6135340
7118963
6579481
7686305
8282303
7060058
7180478
3586337
8079142
6963732
7721996
4536189
471324
7368863
6996241
6394674
5090471
7559109
5989135
5055368
5584107
8508507
8191162
5178568
1940355
7012320
7697940
6521373
3798840
7975869
7223169
6524399
7053138
6817630
5912673
6647599
5842930
7607420
5437902
5102106
3925539
5032363
6431852
7887531
7862851
7234390
5957081
5970140
7076964
6315789
6906933
2842068
4342299
6501394
6354391
6785473
5291697
5948852
7426112
6386900
6511720
4481130
7496906
4311099
5810876
7970425
6771151
6169584
5833788
2695863
8235825
7855931
5359017
5950161
1885296
5780130
7279907
7331983
6504443
6296283
6727365
6469340
5890744
9324962
6828048
6592540
3354327
5351787
7799085
7748743
5212812
4877016
3700449
7938371
7359775
7662441
7326645
8061571
4823358
5745050
6176132
6516078
5339511
6346047
7845824
6669257
6129301
8204532
5066607
4730811
6292389
6161810
7645163
4256040
5756271
7155760
7768363
5598845
6705669
7362824
6535638
6199842
5084432
5895102
7643446
5647300
7224848
7386735
8185123
6015605
7042742
4109835
7054816
6637203
6553463
7364133
3299268
6534784
3522190
8076152
7918415
7657849
8141337
5578866
5431863
5566791
8038918
5026324
4768299
6765759
5589192
5519960
5951042
6290988
5114421
6098044
6948173
7035822
8740617
6495355
6237330
7159022
7590104
5936720
6753483
7291146
6583452
4475091
7543273
5373755
5037959
6144783
4968216
7575782
9059135
5670012
7170243
5892934
6876557
5944122
8119641
5790515
5454719
7613814
6437247
7309074
7397068
7061272
6334374
7361965
7624140
7413153
4416983
5523807
6923750
7929306
5206773
5341701
4713240
6461584
4936162
6335651
7320606
5294870
4833743
1821149
6845835
6980763
7744499
6440296
6182271
7338960
3865750
6933932
7365014
5195496
6302774
3290180
8314866
4250001
7706960
5148665
4812869
5714675
5334781
7350692
8167455
7262498
7193266
5889063
8957245
5719032
6451931
5275364
6281900
7183706
6803812
4103796
8584215
7254500
7319965
7358094
5227593
7188063
4191893
5175516
7047061
6711265
6486904
5116611
7298677
6236494
7736725
7861545
5830955
6759720
5660924
6644547
6620745
6755673
6127212
6585642
4045688
7705525
3640660
6708842
6247715
3235121
4634610
6090289
8089776
7854268
7596243
8054673
5279722
7240569
5109691
6138744
7716746
4704152
6103641
5663973
3494455
6562637
6226841
5050274
6748753
8709600
6578722
6502812
4013634
6173183
7094875
7133004
4963486
898621
7695872
7423538
6821971
5517768
8047753
6416432
5482665
6011404
6641565
7942717
5553459
6589488
7439617
8125237
6948670
6530583
6839796
7650466
6951696
6434257
3415570
8173692
6997125
8058519
8034717
5865199
5529403
7999614
5459660
6859149
5054632
7903288
4884601
4649093
6048582
4872015
6743086
7334230
3269365
2933569
6693694
6781688
6523663
5718994
6353632
6118124
6814197
6939017
4908427
7300867
4738396
4402600
7447869
7198448
6596881
6261085
5427606
7587155
8283228
4218363
6377458
2312593
8640971
5871631
5824916
6931740
6723580
6387784
6614706
6318041
8055537
7255345
6967431
3781624
5779084
8226382
6241676
5640109
5304313
6804544
8303263
7787072
4829542
7753942
8411097
5250655
6172347
6603429
6943375
5766808
6773344
8273121
6468604
6556598
6298573
5493904
5158108
6285987
6589107
7821262
4683337
4347541
3170974
8195660
7937635
7132966
7108286
7532096
6627139
5215575
6322399
3993273
6152368
5816572
4640005
8612420
5599826
6583449
4537132
6162694
7064500
5632335
7791430
3726565
6962081
7285603
7238888
8345712
7068857
7801756
6006163
7631725
5994088
7101366
5453621
5195596
7193056
8669790
5947257
6378339
6513267
5541718
6525341
8396886
6243514
3398254
6466436
6664627
7586319
7546677
6364017
7180780
7982298
7010749
4902388
7970570
7712545
5465256
6572080
5395513
8003079
4990485
5421567
5761513
4584946
5984435
6371419
2306554
7035086
5882016
8041111
6629547
7736371
5407245
6890598
6761671
6053977
7453466
7013798
4844280
5951104
7576666
6400099
7046307
5768998
5140537
6888881
5363459
7523008
8218627
5722167
5261040
2248446
7273132
6937336
8171796
6867593
3173164
7766257
4293047
7361229
7792311
7191198
6730071
7757208
8285947
4677298
4812226
7880408
5240166
6141972
5762078
1697213
4765395
5749018
6599147
6316360
9332136
6146329
6281257
6809996
6809485
8004814
6404457
3166244
6234426
5998918
7194247
6221840
3720526
7631784
4619190
4283394
8043519
7138562
6821217
5543908
7703457
6663791
6327995
5151428
5189557
7187017
6088221
5752425
7048042
6712246
6554509
7012939
6777431
8132822
4067957
5568188
6658588
3662418
5061907
6517586
7174741
5957429
4587136
7737609
5707019
7667866
5536988
1472123
8127619
5131449
7128909
6091270
3921752
6989934
6056167
6584906
7176050
3111185
6179367
2941154
4440931
6600480
7522172
7560301
7695229
7116633
7525198
8053937
7818429
4580216
7648398
6843729
5909962
6438701
5134498
4926338
5980756
5697366
4520799
8552534
8235189
6049247
8458111
7402021
7741967
6565400
3842867
5343098
7449787
7166397
5989830
6292496
5956700
7518278
5886957
7512519
5481929
6982160
5311898
5076390
6475879
7771950
7170383
7371401
3696662
3360866
7120991
6359816
6873189
2886095
6780929
6545421
7241494
7505242
5335724
7728164
7470139
4829897
7875166
4525157
7289949
4355126
5854903
8014452
8749542
6213611
5877815
2739890
6792680
8360574
6252213
5994188
7991648
5164839
7323934
6745338
6548470
6340310
6771392
4208921
5934771
7130100
6668973
3656379
5731610
5395814
7162609
7979372
5256839
6757070
5700980
5677952
6599644
7706468
7370672
6194105
7200641
6085231
6895901
8396132
6648099
6490362
5585405
6713284
7016404
6680608
5110634
4774838
3598271
7554262
8287161
4300067
5893282
4522989
8639042
5642872
6749696
8149639
6579665
6243869
6567590
5939129
6027123
5769098
4964429
6589991
7491797
6059632
3047038
4153862
7098843
7712900
7666185
7408160
7496154
5091639
6433460
8159310
6421385
7528663
3463798
5622893
5475890
8544072
6374554
5070351
6469840
5969015
5633219
9393344
6670811
8171042
4932829
7091924
6944921
7677820
6501253
6455518
8409595
4344730
5329685
8397867
8062071
7335173
6999377
6453482
8413952
5417782
5848864
6188810
5012243
6411732
6342500
5714039
7307254
5936961
6920584
7056844
8163668
5834542
2821948
7188968
6481274
7353101
7388689
5271577
6378401
4866549
7934731
7473604
4461010
5567834
4290979
5790756
5250800
8822132
6149464
5688337
6715474
6335580
7364633
8942635
4877770
7036865
6889862
4720344
6719831
6484323
6276163
7330581
7047191
5870624
5104595
4768799
6346801
8320764
8358893
6189375
2124510
5192692
6176315
5758702
6743657
7339655
6117410
6237830
2643689
7236782
8862344
6779348
7262836
6661723
6426215
7227733
7756472
4147823
7586441
5046487
4112720
4641459
7709641
7248514
4235920
5219543
6069672
6755292
8802661
5616854
7792373
6280521
6179722
6110490
5874982
6981806
5704951
6688574
6664772
4495254
4159458
7085885
4089715
7749552
6944883
7579521
6291742
5014433
6514664
6134316
8095163
5964285
1899420
8121217
5558746
7284596
6518567
6182771
5006204
6483464
6745639
7603347
3538482
6554258
7097520
4868228
7027777
7949469
7531382
7651802
4057661
7952495
7435056
4416369
5007513
942648
7840187
6935230
6865998
5561795
8030433
6408053
5526692
4948096
8904087
5885400
5649892
2411679
5872814
8169264
6992697
4270164
3934368
7694493
6995723
7524462
6719793
6383997
7118923
3880710
7939816
5909226
5573430
4396863
5403399
6903176
8199247
7597680
7705714
6428405
3788163
7548288
6787113
7378257
3313392
4813623
6872430
6825715
7256797
5763021
6420176
7819665
6858224
6983044
4952454
7968230
4782423
6282200
8441749
7242475
6640908
6305112
3167187
7219977
5694555
5830341
6421485
2356620
6251454
7751231
7604228
6975767
6767607
7198689
4636218
6362068
7557397
7096270
6494703
3825651
5823111
7589906
8220067
5684136
5348340
4171773
5155396
7831099
8133765
7797969
6621402
5294682
6216374
6647456
6987402
5810835
6817371
5640804
3532443
6600625
7107905
5537931
5202135
6763713
6633134
8116487
4727364
6227595
7627084
8239687
6070169
7176993
7834148
7006962
6671166
5555756
6366426
6454420
6118624
5391726
7858059
6681492
6486929
3474335
4581159
7526140
7108527
7024787
7835457
3770592
5518936
3993514
8547476
7364816
7955960
3891095
6050190
5903187
6038115
8493818
5497648
5239623
6396312
5462545
5991284
6422366
6762312
5585745
6569368
7372218
3307353
8035885
6882815
6708654
7630346
7529547
6408044
7224807
7762470
7054776
4946415
8014597
5845079
5509283
6616107
5439540
8047106
6769797
6141336
7641567
6364258
7347881
6415446
8590965
6261839
3249245
8085138
6908571
7780398
7815986
7532596
6356029
5293846
6794077
7884477
4888307
5995131
7395074
6218053
5678097
5813025
5184564
6932908
5407486
6762877
7210837
5766194
5305067
2292473
7317159
5147641
7147128
6911620
6653595
7757878
4337074
6297921
7836338
5196096
6774098
3761504
7222639
4721325
8178284
5619989
5284193
6185999
5806105
7822016
6544707
5560164
3070986
5230535
9289641
6190356
6923255
5746688
6753224
7655030
7275136
4575120
8013738
7725824
5137988
5068756
5698917
7659387
4663217
5646840
6496969
7182589
6958228
5587935
7770001
6707818
8208049
6537787
6302279
7231044
6132248
7115871
7092069
4922551
4586755
7056966
4517012
8176849
4111984
7180166
6719039
3706445
5105934
6561613
8561100
8325592
6055786
8525997
5751046
7711893
5581015
6610068
7844528
5175476
6574965
6135297
3965779
6981555
6698165
5521598
6505221
9180924
6390728
6974136
4484958
6644507
7566199
4843666
5434810
1369945
8167196
6990629
4882268
5989092
6621703
6887756
5953989
6482728
7112889
6312697
6024783
2838976
7910941
8596561
5299028
4697461
4361665
8121790
7360615
6905581
3886894
6811294
7468449
6741551
8506041
6336523
6000727
4824160
5830696
7330473
5525956
8290748
5355925
5120417
6519906
5343339
7214410
6878614
3740689
3404893
7165018
7253012
6994987
6190318
6165638
6589448
7285521
4272927
5379751
7772191
5209720
4873924
7919193
7669772
4657178
6732409
3594484
7647274
8754552
4689687
6848782
2783917
6678751
6342955
6296240
7403064
7194904
6859108
7086030
6789365
8526861
6158718
7438755
4252948
6250408
7727142
6713000
5634770
5570619
4599070
8555061
8258396
5300866
8225266
5523788
5721979
6643671
6604029
7414699
6238132
7244668
8063622
6939928
7027922
6769897
5965228
5629432
6757311
7060431
4047837
4478919
4818865
3642298
8614578
6497466
7604290
7579610
7434259
7098463
5686899
6793723
4464597
6545921
6287896
5111329
8572464
6071150
7054773
5008456
6634018
7535824
6103659
8262754
4197889
5946233
4420811
6580360
7502052
7540181
6715822
5345529
6330484
5994688
7572690
5924945
5666920
7415264
6487813
6418581
6849663
6984591
5960636
6996665
7846794
6714838
3869578
6937760
7135951
8057643
8018001
6835341
3822747
8189767
7482073
5373712
8389488
6272376
5338609
7043404
5866837
8474403
5461809
5892891
5291778
5056270
6251599
6842743
2777878
6689136
6353340
3340746
7100871
8207695
5878569
7361922
7232995
5721143
7720630
7485122
4246909
6422428
7822371
6871423
6105394
5769598
5611861
7360205
5834783
7190174
8219227
6193491
5732364
2719770
7744456
7408660
6232093
5014781
3644488
8237581
4764371
7832553
8263635
6094117
7201395
4188801
8757271
5148622
5283550
6047286
5113519
6613296
6233402
2168537
5236719
6220342
7070471
6787684
9256322
6617653
6752581
6173985
7180521
8082327
6875781
3637568
6705750
6470242
7665571
5496053
4191850
8086684
5090514
4754718
7945682
7609886
7292541
5106599
7515463
7135115
6799319
5622752
5660881
7658341
6559545
6223749
7519366
7183570
5014052
7484263
4944309
8604146
4539281
6039512
7129912
4133742
5533231
6988910
7646065
6428753
5058460
8208933
6178343
8139190
6008312
1943447
8598943
5602773
7002262
6562594
4393076
6984595
6527491
5948895
7647374
3582509
6650691
3412478
4912255
7071804
7993496
5270963
5862107
1797242
7337204
8322159
7720592
5051540
7049000
4881509
6381286
6910025
5605822
5397662
5828744
6168690
4992123
9023858
7847291
6520571
4788962
7873345
7787912
7036724
4314191
5814422
6798045
7637721
6461154
6763820
6428024
7989602
6358281
7757770
5953253
7453484
5783222
5547714
6947203
5770636
7641707
7305911
4167986
3832190
6695354
6831140
7344513
3357419
7252253
7016745
7712818
4700224
5807048
8199488
5637017
5301221
8346490
4996481
7495502
4826450
6326227
8324141
9181849
5116984
6349139
3211214
7264004
6770252
6723537
6465512
7622201
5636163
7217173
7216662
7019794
6811634
7242716
4680245
6406095
7601424
7140297
4127703
6202934
5867138
4690571
8450696
5728163
7228394
6172304
6149276
6517095
6735172
7841996
5596734
7671965
6556555
7367225
7455219
7119423
6392525
6056729
7184608
7487728
4475134
5581958
5246162
4069595
8025586
8758485
4771391
6364606
4994313
5977936
6114196
7221020
4891894
7050989
6715193
5538626
6410453
6498447
6240422
5435753
6463344
6992083
6530956
3518362
4625186
6373530
8184224
8137509
7879484
7967478
5562963
6904784
8530346
6421985
7999987
3935122
6094217
5947214
9015396
6845878
5541675
6941164
6440339
6104543
7504032
6786053
4296875
5404153
7563248
7416245
8149144
6972577
4250044
8410195
4816054
5801009
8816785
8533395
6363877
6873184
6294134
8885276
5889106
6320188
6660134
5483567
6285085
6813824
3205175
7778578
6408285
7391908
7528168
6766993
6305866
3293272
4276895
6148440
7824425
7860013
5742901
6849725
5337873
7298720
7944928
4932334
6039158
4762303
5745926
5722124
9117248
6620788
6159661
3147067
6806904
7835957
9070417
5349094
4071785
6231334
5191668
7191155
6955647
6747487
7178569
7518515
6341948
5575919
5240123
6818125
6138787
5802991
6660699
2595834
5664016
6647639
6108157
7214981
7810979
6588734
6709154
3115013
7708106
7272022
7250672
4064865
