0
2643514060901073
2340623684774646
2037733308648219
1734842932521792
1431952556395365
1129062180268938
826171804142511
523281428016084
220391051889657
2863905112790730
2561014736664303
2258124360537876
1955233984411449
1652343608285022
1349453232158595
1046562856032168
743672479905741
440782103779314
137891727652887
2781405788553960
2478515412427533
2175625036301106
1872734660174679
1569844284048252
1266953907921825
964063531795398
661173155668971
358282779542544
55392403416117
2698906464317190
2396016088190763
2093125712064336
1790235335937909
1487344959811482
1184454583685055
881564207558628
578673831432201
275783455305774
2919297516206847
2616407140080420
2313516763953993
2010626387827566
1707736011701139
1404845635574712
1101955259448285
799064883321858
496174507195431
193284131069004
2836798191970077
2533907815843650
2231017439717223
1928127063590796
1625236687464369
1322346311337942
1019455935211515
716565559085088
413675182958661
110784806832234
2754298867733307
2451408491606880
2148518115480453
1845627739354026
1542737363227599
1239846987101172
936956610974745
634066234848318
331175858721891
28285482595464
2671799543496537
2368909167370110
2066018791243683
1763128415117256
1460238038990829
1157347662864402
854457286737975
551566910611548
248676534485121
2892190595386194
2589300219259767
2286409843133340
1983519467006913
1680629090880486
1377738714754059
1074848338627632
771957962501205
469067586374778
166177210248351
2809691271149424
2506800895022997
2203910518896570
1901020142770143
1598129766643716
1295239390517289
992349014390862
689458638264435
386568262138008
83677886011581
2727191946912654
2424301570786227
2121411194659800
1818520818533373
1515630442406946
1212740066280519
909849690154092
606959314027665
304068937901238
1178561774811
2644692622675884
2341802246549457
2038911870423030
1736021494296603
1433131118170176
1130240742043749
827350365917322
524459989790895
221569613664468
2865083674565541
2562193298439114
2259302922312687
1956412546186260
1653522170059833
1350631793933406
1047741417806979
744851041680552
441960665554125
139070289427698
2782584350328771
2479693974202344
2176803598075917
1873913221949490
1571022845823063
1268132469696636
965242093570209
662351717443782
359461341317355
56570965190928
2700085026092001
2397194649965574
2094304273839147
1791413897712720
1488523521586293
1185633145459866
882742769333439
579852393207012
276962017080585
2920476077981658
2617585701855231
2314695325728804
2011804949602377
1708914573475950
1406024197349523
1103133821223096
800243445096669
497353068970242
194462692843815
2837976753744888
2535086377618461
2232196001492034
1929305625365607
1626415249239180
1323524873112753
1020634496986326
717744120859899
414853744733472
111963368607045
2755477429508118
2452587053381691
2149696677255264
1846806301128837
1543915925002410
1241025548875983
938135172749556
635244796623129
332354420496702
29464044370275
2672978105271348
2370087729144921
2067197353018494
1764306976892067
1461416600765640
1158526224639213
855635848512786
552745472386359
249855096259932
2893369157161005
2590478781034578
2287588404908151
1984698028781724
1681807652655297
1378917276528870
1076026900402443
773136524276016
470246148149589
167355772023162
2810869832924235
2507979456797808
2205089080671381
1902198704544954
1599308328418527
1296417952292100
993527576165673
690637200039246
387746823912819
84856447786392
2728370508687465
2425480132561038
2122589756434611
1819699380308184
1516809004181757
1213918628055330
911028251928903
608137875802476
305247499676049
2357123549622
2645871184450695
2342980808324268
2040090432197841
1737200056071414
1434309679944987
1131419303818560
828528927692133
525638551565706
222748175439279
2866262236340352
2563371860213925
2260481484087498
1957591107961071
1654700731834644
1351810355708217
1048919979581790
746029603455363
443139227328936
140248851202509
2783762912103582
2480872535977155
2177982159850728
1875091783724301
1572201407597874
1269311031471447
966420655345020
663530279218593
360639903092166
57749526965739
2701263587866812
2398373211740385
2095482835613958
1792592459487531
1489702083361104
1186811707234677
883921331108250
581030954981823
278140578855396
2921654639756469
2618764263630042
2315873887503615
2012983511377188
1710093135250761
1407202759124334
1104312382997907
801422006871480
498531630745053
195641254618626
2839155315519699
2536264939393272
2233374563266845
1930484187140418
1627593811013991
1324703434887564
1021813058761137
718922682634710
416032306508283
113141930381856
2756655991282929
2453765615156502
2150875239030075
1847984862903648
1545094486777221
1242204110650794
939313734524367
636423358397940
333532982271513
30642606145086
2674156667046159
2371266290919732
2068375914793305
1765485538666878
1462595162540451
1159704786414024
856814410287597
553924034161170
251033658034743
2894547718935816
2591657342809389
2288766966682962
1985876590556535
1682986214430108
1380095838303681
1077205462177254
774315086050827
471424709924400
168534333797973
2812048394699046
2509158018572619
2206267642446192
1903377266319765
1600486890193338
1297596514066911
994706137940484
691815761814057
388925385687630
86035009561203
2729549070462276
2426658694335849
2123768318209422
1820877942082995
1517987565956568
1215097189830141
912206813703714
609316437577287
306426061450860
3535685324433
2647049746225506
2344159370099079
2041268993972652
1738378617846225
1435488241719798
1132597865593371
829707489466944
526817113340517
223926737214090
2867440798115163
2564550421988736
2261660045862309
1958769669735882
1655879293609455
1352988917483028
1050098541356601
747208165230174
444317789103747
141427412977320
2784941473878393
2482051097751966
2179160721625539
1876270345499112
1573379969372685
1270489593246258
967599217119831
664708840993404
361818464866977
58928088740550
2702442149641623
2399551773515196
2096661397388769
1793771021262342
1490880645135915
1187990269009488
885099892883061
582209516756634
279319140630207
2922833201531280
2619942825404853
2317052449278426
2014162073151999
1711271697025572
1408381320899145
1105490944772718
802600568646291
499710192519864
196819816393437
2840333877294510
2537443501168083
2234553125041656
1931662748915229
1628772372788802
1325881996662375
1022991620535948
720101244409521
417210868283094
114320492156667
2757834553057740
2454944176931313
2152053800804886
1849163424678459
1546273048552032
1243382672425605
940492296299178
637601920172751
334711544046324
31821167919897
2675335228820970
2372444852694543
2069554476568116
1766664100441689
1463773724315262
1160883348188835
857992972062408
555102595935981
252212219809554
2895726280710627
2592835904584200
2289945528457773
1987055152331346
1684164776204919
1381274400078492
1078384023952065
775493647825638
472603271699211
169712895572784
2813226956473857
2510336580347430
2207446204221003
1904555828094576
1601665451968149
1298775075841722
995884699715295
692994323588868
390103947462441
87213571336014
2730727632237087
2427837256110660
2124946879984233
1822056503857806
1519166127731379
1216275751604952
913385375478525
610494999352098
307604623225671
4714247099244
2648228308000317
2345337931873890
2042447555747463
1739557179621036
1436666803494609
1133776427368182
830886051241755
527995675115328
225105298988901
2868619359889974
2565728983763547
2262838607637120
1959948231510693
1657057855384266
1354167479257839
1051277103131412
748386727004985
445496350878558
142605974752131
2786120035653204
2483229659526777
2180339283400350
1877448907273923
1574558531147496
1271668155021069
968777778894642
665887402768215
362997026641788
60106650515361
2703620711416434
2400730335290007
2097839959163580
1794949583037153
1492059206910726
1189168830784299
886278454657872
583388078531445
280497702405018
2924011763306091
2621121387179664
2318231011053237
2015340634926810
1712450258800383
1409559882673956
1106669506547529
803779130421102
500888754294675
197998378168248
2841512439069321
2538622062942894
2235731686816467
1932841310690040
1629950934563613
1327060558437186
1024170182310759
721279806184332
418389430057905
115499053931478
2759013114832551
2456122738706124
2153232362579697
1850341986453270
1547451610326843
1244561234200416
941670858073989
638780481947562
335890105821135
32999729694708
2676513790595781
2373623414469354
2070733038342927
1767842662216500
1464952286090073
1162061909963646
859171533837219
556281157710792
253390781584365
2896904842485438
2594014466359011
2291124090232584
1988233714106157
1685343337979730
1382452961853303
1079562585726876
776672209600449
473781833474022
170891457347595
2814405518248668
2511515142122241
2208624765995814
1905734389869387
1602844013742960
1299953637616533
997063261490106
694172885363679
391282509237252
88392133110825
2731906194011898
2429015817885471
2126125441759044
1823235065632617
1520344689506190
1217454313379763
914563937253336
611673561126909
308783185000482
5892808874055
2649406869775128
2346516493648701
2043626117522274
1740735741395847
1437845365269420
1134954989142993
832064613016566
529174236890139
226283860763712
2869797921664785
2566907545538358
2264017169411931
1961126793285504
1658236417159077
1355346041032650
1052455664906223
749565288779796
446674912653369
143784536526942
2787298597428015
2484408221301588
2181517845175161
1878627469048734
1575737092922307
1272846716795880
969956340669453
667065964543026
364175588416599
61285212290172
2704799273191245
2401908897064818
2099018520938391
1796128144811964
1493237768685537
1190347392559110
887457016432683
584566640306256
281676264179829
2925190325080902
2622299948954475
2319409572828048
2016519196701621
1713628820575194
1410738444448767
1107848068322340
804957692195913
502067316069486
199176939943059
2842691000844132
2539800624717705
2236910248591278
1934019872464851
1631129496338424
1328239120211997
1025348744085570
722458367959143
419567991832716
116677615706289
2760191676607362
2457301300480935
2154410924354508
1851520548228081
1548630172101654
1245739795975227
942849419848800
639959043722373
337068667595946
34178291469519
2677692352370592
2374801976244165
2071911600117738
1769021223991311
1466130847864884
1163240471738457
860350095612030
557459719485603
254569343359176
2898083404260249
2595193028133822
2292302652007395
1989412275880968
1686521899754541
1383631523628114
1080741147501687
777850771375260
474960395248833
172070019122406
2815584080023479
2512693703897052
2209803327770625
1906912951644198
1604022575517771
1301132199391344
998241823264917
695351447138490
392461071012063
89570694885636
2733084755786709
2430194379660282
2127304003533855
1824413627407428
1521523251281001
1218632875154574
915742499028147
612852122901720
309961746775293
7071370648866
2650585431549939
2347695055423512
2044804679297085
1741914303170658
1439023927044231
1136133550917804
833243174791377
530352798664950
227462422538523
2870976483439596
2568086107313169
2265195731186742
1962305355060315
1659414978933888
1356524602807461
1053634226681034
750743850554607
447853474428180
144963098301753
2788477159202826
2485586783076399
2182696406949972
1879806030823545
1576915654697118
1274025278570691
971134902444264
668244526317837
365354150191410
62463774064983
2705977834966056
2403087458839629
2100197082713202
1797306706586775
1494416330460348
1191525954333921
888635578207494
585745202081067
282854825954640
2926368886855713
2623478510729286
2320588134602859
2017697758476432
1714807382350005
1411917006223578
1109026630097151
806136253970724
503245877844297
200355501717870
2843869562618943
2540979186492516
2238088810366089
1935198434239662
1632308058113235
1329417681986808
1026527305860381
723636929733954
420746553607527
117856177481100
2761370238382173
2458479862255746
2155589486129319
1852699110002892
1549808733876465
1246918357750038
944027981623611
641137605497184
338247229370757
35356853244330
2678870914145403
2375980538018976
2073090161892549
1770199785766122
1467309409639695
1164419033513268
861528657386841
558638281260414
255747905133987
2899261966035060
2596371589908633
2293481213782206
1990590837655779
1687700461529352
1384810085402925
1081919709276498
779029333150071
476138957023644
173248580897217
2816762641798290
2513872265671863
2210981889545436
1908091513419009
1605201137292582
1302310761166155
999420385039728
696530008913301
393639632786874
90749256660447
2734263317561520
2431372941435093
2128482565308666
1825592189182239
1522701813055812
1219811436929385
916921060802958
614030684676531
311140308550104
8249932423677
2651763993324750
2348873617198323
2045983241071896
1743092864945469
1440202488819042
1137312112692615
834421736566188
531531360439761
228640984313334
2872155045214407
2569264669087980
2266374292961553
1963483916835126
1660593540708699
1357703164582272
1054812788455845
751922412329418
449032036202991
146141660076564
2789655720977637
2486765344851210
2183874968724783
1880984592598356
1578094216471929
1275203840345502
972313464219075
669423088092648
366532711966221
63642335839794
2707156396740867
2404266020614440
2101375644488013
1798485268361586
1495594892235159
1192704516108732
889814139982305
586923763855878
284033387729451
2927547448630524
2624657072504097
2321766696377670
2018876320251243
1715985944124816
1413095567998389
1110205191871962
807314815745535
504424439619108
201534063492681
2845048124393754
2542157748267327
2239267372140900
1936376996014473
1633486619888046
1330596243761619
1027705867635192
724815491508765
421925115382338
119034739255911
2762548800156984
2459658424030557
2156768047904130
1853877671777703
1550987295651276
1248096919524849
945206543398422
642316167271995
339425791145568
36535415019141
2680049475920214
2377159099793787
2074268723667360
1771378347540933
1468487971414506
1165597595288079
862707219161652
559816843035225
256926466908798
2900440527809871
2597550151683444
2294659775557017
1991769399430590
1688879023304163
1385988647177736
1083098271051309
780207894924882
477317518798455
174427142672028
2817941203573101
2515050827446674
2212160451320247
1909270075193820
1606379699067393
1303489322940966
1000598946814539
697708570688112
394818194561685
91927818435258
2735441879336331
2432551503209904
2129661127083477
1826770750957050
1523880374830623
1220989998704196
918099622577769
615209246451342
312318870324915
9428494198488
2652942555099561
2350052178973134
2047161802846707
1744271426720280
1441381050593853
1138490674467426
835600298340999
532709922214572
229819546088145
2873333606989218
2570443230862791
2267552854736364
1964662478609937
1661772102483510
1358881726357083
1055991350230656
753100974104229
450210597977802
147320221851375
2790834282752448
2487943906626021
2185053530499594
1882163154373167
1579272778246740
1276382402120313
973492025993886
670601649867459
367711273741032
64820897614605
2708334958515678
2405444582389251
2102554206262824
1799663830136397
1496773454009970
1193883077883543
890992701757116
588102325630689
285211949504262
2928726010405335
2625835634278908
2322945258152481
2020054882026054
1717164505899627
1414274129773200
1111383753646773
808493377520346
505603001393919
202712625267492
2846226686168565
2543336310042138
2240445933915711
1937555557789284
1634665181662857
1331774805536430
1028884429410003
725994053283576
423103677157149
120213301030722
2763727361931795
2460836985805368
2157946609678941
1855056233552514
1552165857426087
1249275481299660
946385105173233
643494729046806
340604352920379
37713976793952
2681228037695025
2378337661568598
2075447285442171
1772556909315744
1469666533189317
1166776157062890
863885780936463
560995404810036
258105028683609
2901619089584682
2598728713458255
2295838337331828
1992947961205401
1690057585078974
1387167208952547
1084276832826120
781386456699693
478496080573266
175605704446839
2819119765347912
2516229389221485
2213339013095058
1910448636968631
1607558260842204
1304667884715777
1001777508589350
698887132462923
395996756336496
93106380210069
2736620441111142
2433730064984715
2130839688858288
1827949312731861
1525058936605434
1222168560479007
919278184352580
616387808226153
313497432099726
10607055973299
2654121116874372
2351230740747945
2048340364621518
1745449988495091
1442559612368664
1139669236242237
836778860115810
533888483989383
230998107862956
2874512168764029
2571621792637602
2268731416511175
1965841040384748
1662950664258321
1360060288131894
1057169912005467
754279535879040
451389159752613
148498783626186
2792012844527259
2489122468400832
2186232092274405
1883341716147978
1580451340021551
1277560963895124
974670587768697
671780211642270
368889835515843
65999459389416
2709513520290489
2406623144164062
2103732768037635
1800842391911208
1497952015784781
1195061639658354
892171263531927
589280887405500
286390511279073
2929904572180146
2627014196053719
2324123819927292
2021233443800865
1718343067674438
1415452691548011
1112562315421584
809671939295157
506781563168730
203891187042303
2847405247943376
2544514871816949
2241624495690522
1938734119564095
1635843743437668
1332953367311241
1030062991184814
727172615058387
424282238931960
121391862805533
2764905923706606
2462015547580179
2159125171453752
1856234795327325
1553344419200898
1250454043074471
947563666948044
644673290821617
341782914695190
38892538568763
2682406599469836
2379516223343409
2076625847216982
1773735471090555
1470845094964128
1167954718837701
865064342711274
562173966584847
259283590458420
2902797651359493
2599907275233066
2297016899106639
1994126522980212
1691236146853785
1388345770727358
1085455394600931
782565018474504
479674642348077
176784266221650
2820298327122723
2517407950996296
2214517574869869
1911627198743442
1608736822617015
1305846446490588
1002956070364161
700065694237734
397175318111307
94284941984880
2737799002885953
2434908626759526
2132018250633099
1829127874506672
1526237498380245
1223347122253818
920456746127391
617566370000964
314675993874537
11785617748110
2655299678649183
2352409302522756
2049518926396329
1746628550269902
1443738174143475
1140847798017048
837957421890621
535067045764194
232176669637767
2875690730538840
2572800354412413
2269909978285986
1967019602159559
1664129226033132
1361238849906705
1058348473780278
755458097653851
452567721527424
149677345400997
2793191406302070
2490301030175643
2187410654049216
1884520277922789
1581629901796362
1278739525669935
975849149543508
672958773417081
370068397290654
67178021164227
2710692082065300
2407801705938873
2104911329812446
1802020953686019
1499130577559592
1196240201433165
893349825306738
590459449180311
287569073053884
2931083133954957
2628192757828530
2325302381702103
2022412005575676
1719521629449249
1416631253322822
1113740877196395
810850501069968
507960124943541
205069748817114
2848583809718187
2545693433591760
2242803057465333
1939912681338906
1637022305212479
1334131929086052
1031241552959625
728351176833198
425460800706771
122570424580344
2766084485481417
2463194109354990
2160303733228563
1857413357102136
1554522980975709
1251632604849282
948742228722855
645851852596428
342961476470001
40071100343574
2683585161244647
2380694785118220
2077804408991793
1774914032865366
1472023656738939
1169133280612512
866242904486085
563352528359658
260462152233231
2903976213134304
2601085837007877
2298195460881450
1995305084755023
1692414708628596
1389524332502169
1086633956375742
783743580249315
480853204122888
177962827996461
2821476888897534
2518586512771107
2215696136644680
1912805760518253
1609915384391826
1307025008265399
1004134632138972
701244256012545
398353879886118
95463503759691
2738977564660764
2436087188534337
2133196812407910
1830306436281483
1527416060155056
1224525684028629
921635307902202
618744931775775
315854555649348
12964179522921
2656478240423994
2353587864297567
2050697488171140
1747807112044713
1444916735918286
1142026359791859
839135983665432
536245607539005
233355231412578
2876869292313651
2573978916187224
2271088540060797
1968198163934370
1665307787807943
1362417411681516
1059527035555089
756636659428662
453746283302235
150855907175808
2794369968076881
2491479591950454
2188589215824027
1885698839697600
1582808463571173
1279918087444746
977027711318319
674137335191892
371246959065465
68356582939038
2711870643840111
2408980267713684
2106089891587257
1803199515460830
1500309139334403
1197418763207976
894528387081549
591638010955122
288747634828695
2932261695729768
2629371319603341
2326480943476914
2023590567350487
1720700191224060
1417809815097633
1114919438971206
812029062844779
509138686718352
206248310591925
2849762371492998
2546871995366571
2243981619240144
1941091243113717
1638200866987290
1335310490860863
1032420114734436
729529738608009
426639362481582
123748986355155
2767263047256228
2464372671129801
2161482295003374
1858591918876947
1555701542750520
1252811166624093
949920790497666
647030414371239
344140038244812
41249662118385
2684763723019458
2381873346893031
2078982970766604
1776092594640177
1473202218513750
1170311842387323
867421466260896
564531090134469
261640714008042
2905154774909115
2602264398782688
2299374022656261
1996483646529834
1693593270403407
1390702894276980
1087812518150553
784922142024126
482031765897699
179141389771272
2822655450672345
2519765074545918
2216874698419491
1913984322293064
1611093946166637
1308203570040210
1005313193913783
702422817787356
399532441660929
96642065534502
2740156126435575
2437265750309148
2134375374182721
1831484998056294
1528594621929867
1225704245803440
922813869677013
619923493550586
317033117424159
14142741297732
2657656802198805
2354766426072378
2051876049945951
1748985673819524
1446095297693097
1143204921566670
840314545440243
537424169313816
234533793187389
2878047854088462
2575157477962035
2272267101835608
1969376725709181
1666486349582754
1363595973456327
1060705597329900
757815221203473
454924845077046
152034468950619
2795548529851692
2492658153725265
2189767777598838
1886877401472411
1583987025345984
1281096649219557
978206273093130
675315896966703
372425520840276
69535144713849
2713049205614922
2410158829488495
2107268453362068
1804378077235641
1501487701109214
1198597324982787
895706948856360
592816572729933
289926196603506
2933440257504579
2630549881378152
2327659505251725
2024769129125298
1721878752998871
1418988376872444
1116098000746017
813207624619590
510317248493163
207426872366736
2850940933267809
2548050557141382
2245160181014955
1942269804888528
1639379428762101
1336489052635674
1033598676509247
730708300382820
427817924256393
124927548129966
2768441609031039
2465551232904612
2162660856778185
1859770480651758
1556880104525331
1253989728398904
951099352272477
648208976146050
345318600019623
42428223893196
2685942284794269
2383051908667842
2080161532541415
1777271156414988
1474380780288561
1171490404162134
868600028035707
565709651909280
262819275782853
2906333336683926
2603442960557499
2300552584431072
1997662208304645
1694771832178218
1391881456051791
1088991079925364
786100703798937
483210327672510
180319951546083
2823834012447156
2520943636320729
2218053260194302
1915162884067875
1612272507941448
1309382131815021
1006491755688594
703601379562167
400711003435740
97820627309313
2741334688210386
2438444312083959
2135553935957532
1832663559831105
1529773183704678
1226882807578251
923992431451824
621102055325397
318211679198970
15321303072543
2658835363973616
2355944987847189
2053054611720762
1750164235594335
1447273859467908
1144383483341481
841493107215054
538602731088627
235712354962200
2879226415863273
2576336039736846
2273445663610419
1970555287483992
1667664911357565
1364774535231138
1061884159104711
758993782978284
456103406851857
153213030725430
2796727091626503
2493836715500076
2190946339373649
1888055963247222
1585165587120795
1282275210994368
979384834867941
676494458741514
373604082615087
70713706488660
2714227767389733
2411337391263306
2108447015136879
1805556639010452
1502666262884025
1199775886757598
896885510631171
593995134504744
291104758378317
2934618819279390
2631728443152963
2328838067026536
2025947690900109
1723057314773682
1420166938647255
1117276562520828
814386186394401
511495810267974
208605434141547
2852119495042620
2549229118916193
2246338742789766
1943448366663339
1640557990536912
1337667614410485
1034777238284058
731886862157631
428996486031204
126106109904777
2769620170805850
2466729794679423
2163839418552996
1860949042426569
1558058666300142
1255168290173715
952277914047288
649387537920861
346497161794434
43606785668007
2687120846569080
2384230470442653
2081340094316226
1778449718189799
1475559342063372
1172668965936945
869778589810518
566888213684091
263997837557664
2907511898458737
2604621522332310
2301731146205883
1998840770079456
1695950393953029
1393060017826602
1090169641700175
787279265573748
484388889447321
181498513320894
2825012574221967
2522122198095540
2219231821969113
1916341445842686
1613451069716259
1310560693589832
1007670317463405
704779941336978
401889565210551
98999189084124
2742513249985197
2439622873858770
2136732497732343
1833842121605916
1530951745479489
1228061369353062
925170993226635
622280617100208
319390240973781
16499864847354
2660013925748427
2357123549622000
2054233173495573
1751342797369146
1448452421242719
1145562045116292
842671668989865
539781292863438
236890916737011
2880404977638084
2577514601511657
2274624225385230
1971733849258803
1668843473132376
1365953097005949
1063062720879522
760172344753095
457281968626668
154391592500241
2797905653401314
2495015277274887
2192124901148460
1889234525022033
1586344148895606
1283453772769179
980563396642752
677673020516325
374782644389898
71892268263471
2715406329164544
2412515953038117
2109625576911690
1806735200785263
1503844824658836
1200954448532409
898064072405982
595173696279555
292283320153128
2935797381054201
2632907004927774
2330016628801347
2027126252674920
1724235876548493
1421345500422066
1118455124295639
815564748169212
512674372042785
209783995916358
2853298056817431
2550407680691004
2247517304564577
1944626928438150
1641736552311723
1338846176185296
1035955800058869
733065423932442
430175047806015
127284671679588
2770798732580661
2467908356454234
2165017980327807
1862127604201380
1559237228074953
1256346851948526
953456475822099
650566099695672
347675723569245
44785347442818
2688299408343891
2385409032217464
2082518656091037
1779628279964610
1476737903838183
1173847527711756
870957151585329
568066775458902
265176399332475
2908690460233548
2605800084107121
2302909707980694
2000019331854267
1697128955727840
1394238579601413
1091348203474986
788457827348559
485567451222132
182677075095705
2826191135996778
2523300759870351
2220410383743924
1917520007617497
1614629631491070
1311739255364643
1008848879238216
705958503111789
403068126985362
100177750858935
2743691811760008
2440801435633581
2137911059507154
1835020683380727
1532130307254300
1229239931127873
926349555001446
623459178875019
320568802748592
17678426622165
2661192487523238
2358302111396811
2055411735270384
1752521359143957
1449630983017530
1146740606891103
843850230764676
540959854638249
238069478511822
2881583539412895
2578693163286468
2275802787160041
1972912411033614
1670022034907187
1367131658780760
1064241282654333
761350906527906
458460530401479
155570154275052
2799084215176125
2496193839049698
2193303462923271
1890413086796844
1587522710670417
1284632334543990
981741958417563
678851582291136
375961206164709
73070830038282
2716584890939355
2413694514812928
2110804138686501
1807913762560074
1505023386433647
1202133010307220
899242634180793
596352258054366
293461881927939
2936975942829012
2634085566702585
2331195190576158
2028304814449731
1725414438323304
1422524062196877
1119633686070450
816743309944023
513852933817596
210962557691169
2854476618592242
2551586242465815
2248695866339388
1945805490212961
1642915114086534
1340024737960107
1037134361833680
734243985707253
431353609580826
128463233454399
2771977294355472
2469086918229045
2166196542102618
1863306165976191
1560415789849764
1257525413723337
954635037596910
651744661470483
348854285344056
45963909217629
2689477970118702
2386587593992275
2083697217865848
1780806841739421
1477916465612994
1175026089486567
872135713360140
569245337233713
266354961107286
2909869022008359
2606978645881932
2304088269755505
2001197893629078
1698307517502651
1395417141376224
1092526765249797
789636389123370
486746012996943
183855636870516
2827369697771589
2524479321645162
2221588945518735
1918698569392308
1615808193265881
1312917817139454
1010027441013027
707137064886600
404246688760173
101356312633746
2744870373534819
2441979997408392
2139089621281965
1836199245155538
1533308869029111
1230418492902684
927528116776257
624637740649830
321747364523403
18856988396976
2662371049298049
2359480673171622
2056590297045195
1753699920918768
1450809544792341
1147919168665914
845028792539487
542138416413060
239248040286633
2882762101187706
2579871725061279
2276981348934852
1974090972808425
1671200596681998
1368310220555571
1065419844429144
762529468302717
459639092176290
156748716049863
2800262776950936
2497372400824509
2194482024698082
1891591648571655
1588701272445228
1285810896318801
982920520192374
680030144065947
377139767939520
74249391813093
2717763452714166
2414873076587739
2111982700461312
1809092324334885
1506201948208458
1203311572082031
900421195955604
597530819829177
294640443702750
2938154504603823
2635264128477396
2332373752350969
2029483376224542
1726593000098115
1423702623971688
1120812247845261
817921871718834
515031495592407
212141119465980
2855655180367053
2552764804240626
2249874428114199
1946984051987772
1644093675861345
1341203299734918
1038312923608491
735422547482064
432532171355637
129641795229210
2773155856130283
2470265480003856
2167375103877429
1864484727751002
1561594351624575
1258703975498148
955813599371721
652923223245294
350032847118867
47142470992440
2690656531893513
2387766155767086
2084875779640659
1781985403514232
1479095027387805
1176204651261378
873314275134951
570423899008524
267533522882097
2911047583783170
2608157207656743
2305266831530316
2002376455403889
1699486079277462
1396595703151035
1093705327024608
790814950898181
487924574771754
185034198645327
2828548259546400
2525657883419973
2222767507293546
1919877131167119
1616986755040692
1314096378914265
1011206002787838
708315626661411
405425250534984
102534874408557
2746048935309630
2443158559183203
2140268183056776
1837377806930349
1534487430803922
1231597054677495
928706678551068
625816302424641
322925926298214
20035550171787
2663549611072860
2360659234946433
2057768858820006
1754878482693579
1451988106567152
1149097730440725
846207354314298
543316978187871
240426602061444
2883940662962517
2581050286836090
2278159910709663
1975269534583236
1672379158456809
1369488782330382
1066598406203955
763708030077528
460817653951101
157927277824674
2801441338725747
2498550962599320
2195660586472893
1892770210346466
1589879834220039
1286989458093612
984099081967185
681208705840758
378318329714331
75427953587904
2718942014488977
2416051638362550
2113161262236123
1810270886109696
1507380509983269
1204490133856842
901599757730415
598709381603988
295819005477561
2939333066378634
2636442690252207
2333552314125780
2030661937999353
1727771561872926
1424881185746499
1121990809620072
819100433493645
516210057367218
213319681240791
2856833742141864
2553943366015437
2251052989889010
1948162613762583
1645272237636156
1342381861509729
1039491485383302
736601109256875
433710733130448
130820357004021
2774334417905094
2471444041778667
2168553665652240
1865663289525813
1562772913399386
1259882537272959
956992161146532
654101785020105
351211408893678
48321032767251
2691835093668324
2388944717541897
2086054341415470
1783163965289043
1480273589162616
1177383213036189
874492836909762
571602460783335
268712084656908
2912226145557981
2609335769431554
2306445393305127
2003555017178700
1700664641052273
1397774264925846
1094883888799419
791993512672992
489103136546565
186212760420138
2829726821321211
2526836445194784
2223946069068357
1921055692941930
1618165316815503
1315274940689076
1012384564562649
709494188436222
406603812309795
103713436183368
2747227497084441
2444337120958014
2141446744831587
1838556368705160
1535665992578733
1232775616452306
929885240325879
626994864199452
324104488073025
21214111946598
2664728172847671
2361837796721244
2058947420594817
1756057044468390
1453166668341963
1150276292215536
847385916089109
544495539962682
241605163836255
2885119224737328
2582228848610901
2279338472484474
1976448096358047
1673557720231620
1370667344105193
1067776967978766
764886591852339
461996215725912
159105839599485
2802619900500558
2499729524374131
2196839148247704
1893948772121277
1591058395994850
1288168019868423
985277643741996
682387267615569
379496891489142
76606515362715
2720120576263788
2417230200137361
2114339824010934
1811449447884507
1508559071758080
1205668695631653
902778319505226
599887943378799
296997567252372
2940511628153445
2637621252027018
2334730875900591
2031840499774164
1728950123647737
1426059747521310
1123169371394883
820278995268456
517388619142029
214498243015602
2858012303916675
2555121927790248
2252231551663821
1949341175537394
1646450799410967
1343560423284540
1040670047158113
737779671031686
434889294905259
131998918778832
2775512979679905
2472622603553478
2169732227427051
1866841851300624
1563951475174197
1261061099047770
958170722921343
655280346794916
352389970668489
49499594542062
2693013655443135
2390123279316708
2087232903190281
1784342527063854
1481452150937427
1178561774811000
875671398684573
572781022558146
269890646431719
2913404707332792
2610514331206365
2307623955079938
2004733578953511
1701843202827084
1398952826700657
1096062450574230
793172074447803
490281698321376
187391322194949
2830905383096022
2528015006969595
2225124630843168
1922234254716741
1619343878590314
1316453502463887
1013563126337460
710672750211033
407782374084606
104891997958179
2748406058859252
2445515682732825
2142625306606398
1839734930479971
1536844554353544
1233954178227117
931063802100690
628173425974263
325283049847836
22392673721409
2665906734622482
2363016358496055
2060125982369628
1757235606243201
1454345230116774
1151454853990347
848564477863920
545674101737493
242783725611066
2886297786512139
2583407410385712
2280517034259285
1977626658132858
1674736282006431
1371845905880004
1068955529753577
766065153627150
463174777500723
160284401374296
2803798462275369
2500908086148942
2198017710022515
1895127333896088
1592236957769661
1289346581643234
986456205516807
683565829390380
380675453263953
77785077137526
2721299138038599
2418408761912172
2115518385785745
1812628009659318
1509737633532891
1206847257406464
903956881280037
601066505153610
298176129027183
2941690189928256
2638799813801829
2335909437675402
2033019061548975
1730128685422548
1427238309296121
1124347933169694
821457557043267
518567180916840
215676804790413
2859190865691486
2556300489565059
2253410113438632
1950519737312205
1647629361185778
1344738985059351
1041848608932924
738958232806497
436067856680070
133177480553643
2776691541454716
2473801165328289
2170910789201862
1868020413075435
1565130036949008
1262239660822581
959349284696154
656458908569727
353568532443300
50678156316873
2694192217217946
2391301841091519
2088411464965092
1785521088838665
1482630712712238
1179740336585811
876849960459384
573959584332957
271069208206530
2914583269107603
2611692892981176
2308802516854749
2005912140728322
1703021764601895
1400131388475468
1097241012349041
794350636222614
491460260096187
188569883969760
2832083944870833
2529193568744406
2226303192617979
1923412816491552
1620522440365125
1317632064238698
1014741688112271
711851311985844
408960935859417
106070559732990
2749584620634063
2446694244507636
2143803868381209
1840913492254782
1538023116128355
1235132740001928
932242363875501
629351987749074
326461611622647
23571235496220
2667085296397293
2364194920270866
2061304544144439
1758414168018012
1455523791891585
1152633415765158
849743039638731
546852663512304
243962287385877
2887476348286950
2584585972160523
2281695596034096
1978805219907669
1675914843781242
1373024467654815
1070134091528388
767243715401961
464353339275534
161462963149107
2804977024050180
2502086647923753
2199196271797326
1896305895670899
1593415519544472
1290525143418045
987634767291618
684744391165191
381854015038764
78963638912337
2722477699813410
2419587323686983
2116696947560556
1813806571434129
1510916195307702
1208025819181275
905135443054848
602245066928421
299354690801994
2942868751703067
2639978375576640
2337087999450213
2034197623323786
1731307247197359
1428416871070932
1125526494944505
822636118818078
519745742691651
216855366565224
2860369427466297
2557479051339870
2254588675213443
1951698299087016
1648807922960589
1345917546834162
1043027170707735
740136794581308
437246418454881
134356042328454
2777870103229527
2474979727103100
2172089350976673
1869198974850246
1566308598723819
1263418222597392
960527846470965
657637470344538
354747094218111
51856718091684
2695370778992757
2392480402866330
2089590026739903
1786699650613476
1483809274487049
1180918898360622
878028522234195
575138146107768
272247769981341
2915761830882414
2612871454755987
2309981078629560
2007090702503133
1704200326376706
1401309950250279
1098419574123852
795529197997425
492638821870998
189748445744571
2833262506645644
2530372130519217
2227481754392790
1924591378266363
1621701002139936
1318810626013509
1015920249887082
713029873760655
410139497634228
107249121507801
2750763182408874
2447872806282447
2144982430156020
1842092054029593
1539201677903166
1236311301776739
933420925650312
630530549523885
327640173397458
24749797271031
2668263858172104
2365373482045677
2062483105919250
1759592729792823
1456702353666396
1153811977539969
850921601413542
548031225287115
245140849160688
2888654910061761
2585764533935334
2282874157808907
1979983781682480
1677093405556053
1374203029429626
1071312653303199
768422277176772
465531901050345
162641524923918
2806155585824991
2503265209698564
2200374833572137
1897484457445710
1594594081319283
1291703705192856
988813329066429
685922952940002
383032576813575
80142200687148
2723656261588221
2420765885461794
2117875509335367
1814985133208940
1512094757082513
1209204380956086
906314004829659
603423628703232
300533252576805
2944047313477878
2641156937351451
2338266561225024
2035376185098597
1732485808972170
1429595432845743
1126705056719316
823814680592889
520924304466462
218033928340035
2861547989241108
2558657613114681
2255767236988254
1952876860861827
1649986484735400
1347096108608973
1044205732482546
741315356356119
438424980229692
135534604103265
2779048665004338
2476158288877911
2173267912751484
1870377536625057
1567487160498630
1264596784372203
961706408245776
658816032119349
355925655992922
53035279866495
2696549340767568
2393658964641141
2090768588514714
1787878212388287
1484987836261860
1182097460135433
879207084009006
576316707882579
273426331756152
2916940392657225
2614050016530798
2311159640404371
2008269264277944
1705378888151517
1402488512025090
1099598135898663
796707759772236
493817383645809
190927007519382
2834441068420455
2531550692294028
2228660316167601
1925769940041174
1622879563914747
1319989187788320
1017098811661893
714208435535466
411318059409039
108427683282612
2751941744183685
2449051368057258
2146160991930831
1843270615804404
1540380239677977
1237489863551550
934599487425123
631709111298696
328818735172269
25928359045842
2669442419946915
2366552043820488
2063661667694061
1760771291567634
1457880915441207
1154990539314780
852100163188353
549209787061926
246319410935499
2889833471836572
2586943095710145
2284052719583718
1981162343457291
1678271967330864
1375381591204437
1072491215078010
769600838951583
466710462825156
163820086698729
2807334147599802
2504443771473375
2201553395346948
1898663019220521
1595772643094094
1292882266967667
989991890841240
687101514714813
384211138588386
81320762461959
2724834823363032
2421944447236605
2119054071110178
1816163694983751
1513273318857324
1210382942730897
907492566604470
604602190478043
301711814351616
2945225875252689
2642335499126262
2339445122999835
2036554746873408
1733664370746981
1430773994620554
1127883618494127
824993242367700
522102866241273
219212490114846
2862726551015919
2559836174889492
2256945798763065
1954055422636638
1651165046510211
1348274670383784
1045384294257357
742493918130930
439603542004503
136713165878076
2780227226779149
2477336850652722
2174446474526295
1871556098399868
1568665722273441
1265775346147014
962884970020587
659994593894160
357104217767733
54213841641306
2697727902542379
2394837526415952
2091947150289525
1789056774163098
1486166398036671
1183276021910244
880385645783817
577495269657390
274604893530963
2918118954432036
2615228578305609
2312338202179182
2009447826052755
1706557449926328
1403667073799901
1100776697673474
797886321547047
494995945420620
192105569294193
2835619630195266
2532729254068839
2229838877942412
1926948501815985
1624058125689558
1321167749563131
1018277373436704
715386997310277
412496621183850
109606245057423
2753120305958496
2450229929832069
2147339553705642
1844449177579215
1541558801452788
1238668425326361
935778049199934
632887673073507
329997296947080
27106920820653
2670620981721726
2367730605595299
2064840229468872
1761949853342445
1459059477216018
1156169101089591
853278724963164
550388348836737
247497972710310
2891012033611383
2588121657484956
2285231281358529
1982340905232102
1679450529105675
1376560152979248
1073669776852821
770779400726394
467889024599967
164998648473540
2808512709374613
2505622333248186
2202731957121759
1899841580995332
1596951204868905
1294060828742478
991170452616051
688280076489624
385389700363197
82499324236770
2726013385137843
2423123009011416
2120232632884989
1817342256758562
1514451880632135
1211561504505708
908671128379281
605780752252854
302890376126427
