0
22329216375
22331661705
22332400044
22336161149
22334770108
22330089316
22332692143
22331539315
22333115572
22335358272
22333405105
22329509820
22328330146
22333504939
22332305015
22335957330
22329614217
22330970488
22333573315
22335188988
22327760884
22334627955
22330793941
22332639276
22335178168
22331398100
22333186187
22334431157
22333040116
22328506495
22336929137
22334216625
22328642056
22332403161
22332143711
22333520448
22335531926
22332252426
22336040377
22334649336
22334962236
22332571371
22332986176
22331595135
22329964980
22334951726
22336208587
22330100541
22334349293
22332605322
22334978933
22335636775
22330807445
22335927193
22334536152
22331275947
22330846152
22334444661
22332718024
22333641347
22328066778
22330950549
22335098379
22333960292
22329350849
22329097216
22335417324
22332916173
22333949782
22334364587
22332734432
22334522519
22331603378
22336472453
22327172118
22334629634
22333983733
22329978388
22333576897
22329844208
22332165605
22332139793
22333615604
22334725171
22332484550
22334096435
22328053290
22330686673
22335581228
22332308003
22334153338
22331690506
22334323889
22332932848
22333520575
22329837173
22333598278
22333656130
22334372830
22332981789
22328976444
22336014846
22332795401
22331163661
22333766488
22332613660
22334189917
22334909245
22333518204
22327051346
22335254002
22333696924
22330822742
22333456125
22330688562
22332044833
22332142787
22332730514
22328835229
22335421749
22331868286
22333713621
22333361016
22334366266
22336574390
22332898724
22335155409
22329580840
22333023959
22333611686
22329716401
22333477506
22329685237
22334594793
22335252635
22329820798
22335878649
22333779896
22335625231
22333645716
22334060521
22331786422
22333257207
22334571754
22330566409
22335090959
22333364322
22333679667
22328713076
22336711120
22331881790
22332022015
22332609742
22332350292
22328387678
22336134673
22335659231
22326787978
22334245494
22332024894
22332777952
22333192757
22330425194
22330171561
22334665236
22333274195
22335024127
22331455632
22332811903
22334488689
22332677723
22331014026
22328246463
22334742733
22334655906
22331052733
22334651242
22332924605
22336261808
22330569403
22331157130
22333579146
22333558895
22329557430
22329127635
22331761018
22333122754
22333382348
22332272251
22333805777
22335518951
22331809959
22333486745
22327378699
22334836215
22334164828
22333358347
22333416199
22330050789
22331758647
22332346374
22336470988
22328124310
22332691131
22334367917
22328259871
22330893254
22328125691
22332514584
22334359919
22331897087
22334530470
22333139429
22334517007
22332189186
22333804859
22333862711
22335779771
22333162884
22333750611
22332414255
22333001982
22335262618
22333973069
22336174394
22327122366
22334098304
22330306035
22327257927
22333315778
22330759582
22334631783
22336326980
22330895143
22336069936
22332349368
22332008883
22328003538
22332528088
22332860767
22334958638
22333567597
22331640754
22336165304
22333094979
22331221193
22329787421
22332671192
22333606378
22333096360
22329304091
22329891818
22329462023
22334636816
22330629886
22327862323
22334342986
22332102365
22333852297
22334267102
22328892761
22335424236
22330185263
22330772990
22335297540
22332529977
22333886248
22332093035
22332150887
22332088371
22332228596
22329397573
22328006532
22328594259
22335776846
22334652325
22326994559
22331363197
22332231475
22332974207
22331100421
22330631775
22334284090
22333609372
22333480776
22330923874
22331662213
22334107543
22334516044
22332244369
22333634487
22328453044
22335144840
22334862487
22334432692
22328771989
22335078271
22331805046
22330775984
22335176768
22329198655
22333765476
22333863430
22329334216
22331967599
22333282146
22333588929
22332478832
22335081659
22335160868
22333105599
22333693326
22331242425
22336268378
22334371409
22333564928
22333622780
22334824956
22331405880
22329134205
22327743164
22328330891
22333986771
22328196711
22333183457
22331380380
22328332272
22333507065
22330837053
22335706128
22332287052
22333863309
22331808040
22332395767
22333083228
22329077883
22333602433
22333369465
22334011877
22332620836
22330108321
22335469199
22328132261
22326741220
22327328947
22333745537
22330512616
22334913400
22330378436
22330966163
22334476098
22334994838
22331704231
22333018778
22329013433
22327622392
22328210119
22332734669
22329967106
22336498581
22330979057
22331847335
22336371885
22330840047
22326834702
22332290046
22332877773
22333812959
22333302941
22329510672
22329080877
22329668604
22334843397
22334765424
22328068904
22331721219
22332308946
22334048552
22332174766
22329099342
22331544672
22330391844
22333977734
22331998219
22332736558
22333479290
22332299616
22332357468
22329844953
22333609499
22329604154
22328213113
22332613897
22329846334
22334858906
22332879391
22331569778
22332959896
22330719275
22331307002
22333909829
22334324634
22332597997
22330542728
22331130455
22333553177
22333705507
22334722625
22332450950
22333841068
22332316770
22328843009
22326571334
22332026678
22328978570
22331423900
22332011627
22330208550
22328817509
22329405236
22335061116
22333353166
22333729526
22329724181
22333322690
22331931649
22331911398
22334779722
22333361397
22333312180
22332882385
22331449006
22333709642
22334234338
22334621418
22325569390
22331024734
22331612461
22329340786
22327949745
22329206606
22327815565
22328403292
22332055607
22331586961
22335328105
22330455907
22326450562
22331879060
22332493633
22334069890
22332014621
22330087778
22328696737
22329284464
22333809014
22333949239
22331118216
22329727175
22330314902
22332760232
22328338842
22326947801
22333083840
22333005867
22333593594
22332821064
22330585017
22334300363
22334682679
22335201419
22332644517
22332480219
22329220014
22327828973
22333965012
22335355130
22330173687
22332619017
22331185638
22335052079
22336211187
22331046628
22327041283
22332496627
22333431813
22330919298
22334683844
22330678499
22329287458
22333688242
22331792239
22335590516
22334199475
22331761763
22334034241
22331793620
22332381347
22332963068
22331751253
22333596588
22331617073
22332204800
22334179591
22333685871
22330854848
22329463807
22330051534
22335707414
22329917354
22327645679
22333101023
22330052915
22332498245
22330790295
22334931307
22335589149
22330759819
22333528683
22333943488
22332216851
22330798526
22330749309
22333005994
22335732520
22333912088
22331671467
22334386525
22329852904
22328461863
22329049590
22326777915
22332233259
22326643735
22331630481
22332686806
22330415131
22329024090
22333424874
22334739421
22330734076
22329343035
22329930762
22333529271
22331530252
22327524907
22332699700
22333567978
22335144235
22332560690
22328555345
22333916223
22334440919
22335533602
22325775971
22331231315
22330801520
22331389247
22333097105
22329413187
22328022146
22333441862
22332262188
22334667939
22331643985
22330662488
22326657143
22332085641
22333688744
22333718862
22333554564
22330294359
22328903318
22334078111
22334591803
22335249801
22331324797
22329933756
22335143754
22332966813
22332120973
22328115628
22333290421
22333212448
22332439918
22333027645
22335472975
22334277876
22332551239
22332263371
22332851098
22332686800
22332836108
22332976333
22334171593
22335561711
22334037413
22332825598
22328291977
22335159048
22333432411
22333144543
22331964869
22331929193
22330538152
22331125879
22336781759
22334864613
22334434818
22330642549
22331998820
22333652292
22331380617
22331968344
22335320691
22331834164
22334603028
22333169649
22333291196
22333878923
22331823654
22327290033
22334157104
22334321634
22331061429
22329670388
22330927249
22329536208
22330123935
22327852260
22333307604
22336258289
22332176550
22328171205
22333599703
22330378673
22330966400
22333735264
22331808421
22330417380
22331005107
22334603616
22333212575
22336529294
22330521777
22331878048
22334480875
22330059485
22328668444
22333878442
22331701501
22333546836
22326850316
22332305660
22333881917
22335338717
22334171450
22335716902
22334200862
22330940657
22329549616
22333148125
22332718330
22331736833
22327731488
22332906281
22334763089
22336971213
22332767271
22328761926
22333893736
22332580883
22333971001
22334029297
22332399142
22331008101
22335256853
22333303686
22335886493
22333169506
22331715005
22334286793
22333514263
22331850566
22333759764
22333471896
22333625584
22333337716
22333925443
22333761145
22336500495
22334050678
22330258409
22334798384
22337055069
22335829526
22329366322
22335350335
22333959294
22334218888
22332301742
22329470719
22328079678
22332480462
22334323285
22335453534
22333937494
22331716894
22332469952
22333047353
22332454962
22333042689
22333182914
22330351891
22328960850
22331594233
22336504630
22328498558
22335060898
22328364378
22333351124
22335196459
22332135774
22330744733
22334505838
22334563690
22335280390
22334641399
22330849130
22335249914
22333250895
22329245550
22334674048
22331453018
22332040745
22333355292
22329349947
22327958906
22336161562
22337737819
22327496614
22334363685
22331315571
22332952393
22333050347
22331133830
22329742789
22334236464
22332775846
22334621181
22333364628
22332383131
22328377786
22333806284
22330585254
22335322560
22333931519
22332015002
22330623961
22334222470
22334442918
22335502353
22331881186
22330728358
22336864397
22334687456
22331466426
22329836271
22334085023
22332693982
22335045346
22335103642
22337024484
22335998519
22332762358
22334378031
22335923483
22334407443
22332789350
22332929575
22333517302
22332924911
22334834109
22334546241
22329086579
22327695538
22335153054
22336974579
22333685512
22332199737
22331332754
22334177582
22335430416
22336370485
22326907848
22332363192
22333719463
22331760414
22333101260
22330545064
22329154023
22333554807
22335397630
22336527879
22335011839
22331794365
22327789020
22333244364
22335877747
22335116236
22334257259
22330464990
22330035195
22332668578
22334046156
22329572903
22336135243
22333391860
22334425469
22329089573
22329677300
22328286259
22332687043
22334344325
22335660115
22334144075
22331923475
22332666207
22330792421
22326787076
22332242420
22329970745
22330558472
22329167431
22330424292
22329033251
22331878517
22331936369
22328570959
22333914214
22331673593
22335424567
22333096746
22334712419
22334770271
22331497046
22333342381
22334658171
22332759689
22333457476
22329452131
22334880629
22331659599
22335435659
22328968801
22329556528
22328165487
22334301526
22334223553
22335539343
22330934425
22331522152
22334647969
22333256928
22332540771
22334571641
22333435648
22333768327
22335447341
22333571209
22335480407
22331757745
22331815597
22332128753
22335529141
22334138100
22332264314
22326523708
22331979052
22333555309
22335763433
22332087767
22330160924
22328769883
22335250546
22333009925
22333703877
22331191362
22329800321
22335251927
22332833378
22334678713
22327982193
22332968939
22334793808
22332834759
22334175605
22332995931
22333136156
22330305133
22330681493
22333314876
22328705433
22329293160
22327902119
22332270757
22333660875
22334248602
22332007981
22331539335
22335049270
22335636997
22326526702
22327114429
22332569773
22333900558
22331966995
22330163918
22330751645
22329360604
22333761388
22335075935
22331070590
22329679549
22327407874
22327995601
22331866766
22327861421
22333036214
22331045090
22331632817
22330241776
22332875159
22334189706
22332952862
22333010714
22333598441
22334988559
22329296154
22334600886
22332149985
22336670010
22334550906
22332571391
22334416726
22334263829
22332872788
22326405930
22326993657
22332449001
22330177326
22335063201
22330043146
22330630873
22329239832
22332085098
22331744613
22336164645
22332008770
22331880174
22332715600
22333303327
22335768909
22337551517
22331703627
22333548962
22334919437
22332966270
22335809489
22332832090
22329039821
22329416181
22336071422
22329175382
22333338659
22327598053
22333053397
22334430134
22335383658
22331141006
22328628491
22333926338
22329920993
22333481057
22333895862
22332265707
22330874666
22335653922
22331886617
22335753058
22331964326
22331747607
22327742262
22335523833
22331717131
22326142562
22326730289
22331379478
22331755838
22334389221
22329779778
22330367505
22328976464
22332628779
22333216506
22330810216
22331397943
22330006902
22332452232
22333039959
22327601047
22328188774
22333644118
22334386850
22332513064
22328507719
22335546121
22331691388
22330511714
22330888074
22332144935
22328912014
22328482219
22329069946
22332477338
22333017876
22331626835
22332214562
22334817389
22331596359
22332841329
22326733283
22332038015
22333641118
22334107139
22334150567
22330370499
22334748628
22331700958
22337156302
22327478894
22331277171
22329886130
22327614455
22332919187
22327480275
22328068002
22333242795
22331251671
22334977571
22334261414
22333871591
22331543770
22333159443
22332818958
22334365811
22336275009
22332954519
22333536240
22332356566
22334617202
22335858743
22332777972
22326476950
22334899592
22333508551
22326612511
22333808410
22330114166
22330490526
22335269782
22330249727
22335368918
22332754508
22331363467
22327358122
22334554021
22331332991
22329702836
22332922181
22330995338
22334555402
22334970207
22330575777
22334856799
22332025776
22332960962
22336000645
22330426076
22329246402
22328816607
22333991400
22332791476
22327216907
22327804634
22331456949
22333563390
22335590239
22328247345
22328835072
22331280402
22330127574
22333687638
22331884561
22332472288
22331081247
22332885255
22332093198
22334444562
22333345229
22329128517
22327948843
22333587409
22329582064
22326349143
22332765733
22331586059
22331962419
22330455005
22329986359
22334673505
22334226401
22332669323
22330278458
22331016797
22332804884
22333870628
22332658813
22333915674
22327807628
22333112360
22334715463
22334593431
22328126573
22328714300
22331159630
22331897969
22335016443
22328553239
22332351516
22330960475
22328688800
22333465256
22335838867
22333224457
22331667379
22334436243
22334515452
22331802940
22333047910
22331656869
22335269605
22336640080
22334686913
22334357148
22334179540
22330760464
22332336721
22335691547
22327685475
22335059302
22327551295
22332538041
22334383376
22327686856
22332861649
22330191637
22335060712
22331641636
22333217893
22333849104
22331750351
22332437812
22328432467
22333607260
22332407336
22333684969
22333468250
22329462905
22334823783
22333437774
22327863205
22326683531
22333100121
22332741597
22335395706
22331500421
22330320747
22330697107
22334349422
22334937149
22333942586
22332215949
22331570048
22327564703
22334760602
22329321690
22329909417
22332354747
22331201919
22334761983
22335176788
22330782358
22334289365
22332232357
22333167543
22336051314
22330632657
22330202862
22329023188
22334197981
22332998057
22327423488
22330307259
22331663530
22333317002
22331529350
22328453926
22333758658
22331486983
22333332318
22331352803
22332091142
22333879229
22333421601
22333091836
22329199537
22334651143
22335443144
22329335098
22333096203
22329200918
22329788645
22332233975
22332972314
22335772173
22335324879
22330661586
22333264413
22333679218
22331952581
22332875904
22330485039
22332741724
22335510588
22334077209
22332877285
22334122255
22332731214
22328197593
22336620235
22335229194
22328333154
22335371556
22331366211
22333211546
22335223024
22328759820
22337089561
22334475151
22333084110
22329078765
22332677274
22331286233
22331265982
22334642824
22332715981
22333330992
22334923449
22332296420
22337165495
22337436854
22334681605
22337563791
22333558446
22330967045
22330537250
22334786002
22332832835
22328937550
22327757876
22333177592
22333815942
22335385060
22329041947
22330398218
22333001045
22331848217
22333424474
22334055685
22333290294
22332644393
22328639048
22333813841
22332613917
22335065872
22329923119
22329669486
22336707888
22333488443
22328069786
22331830891
22331888743
22332948178
22332175648
22331707002
22327744388
22334077066
22334389966
22331999101
22334149167
22331381604
22332737875
22332712063
22335636317
22329528271
22334833003
22332561328
22334406663
22334958238
22336153498
22332880273
22334495946
22334166181
22330273882
22336257895
22334012616
22330409443
22333209302
22330378279
22334945100
22333388022
22330513840
22336236095
22333523583
22331735931
22333377512
22334753563
22332479464
22333950249
22331559384
22331259451
22338274539
22334057364
22336859412
22329406118
22336456411
22329271938
22332715057
22333302784
22329407499
22335994019
22331912280
22334285891
22327481020
22330114403
22335569747
22333470994
22333885799
22330153110
22333751619
22332360578
22332948305
22334262852
22330257507
22334405337
22335000920
22330995575
22328404174
22334708675
22332223131
22335348948
22334632791
22332041390
22333617647
22335144024
22333907180
22326479076
22333936592
22333290691
22329285346
22332883855
22330116292
22331472563
22334075390
22332922562
22334498819
22335130030
22332503001
22327360248
22332788746
22334888186
22333706731
22333765027
22330997464
22330743831
22332451689
22333039416
22329144131
22332027902
22332963088
22334022523
22333249993
22329248528
22328818733
22333207626
22335052961
22333073446
22335223512
22333496875
22335210049
22333786408
22329994139
22336371786
22336472813
22330129700
22334443653
22333107297
22333695024
22331449745
22332037472
22332095324
22327815408
22332382229
22334059015
22327950969
22333673224
22331452624
22332205682
22334462367
22331588185
22332330917
22332918644
22332701925
22328696580
22336443575
22333553809
22335470869
22335164819
22332333796
22333086854
22334932189
22334953716
22330480463
22338137385
22334219197
22333789402
22329997133
22330584860
22333006876
22332986625
22331322928
22328555365
22331188748
22334964808
22333091022
22331699981
22327694636
22336117278
22330878305
22331466032
22333888048
22331331852
22335899741
22332786077
22332069920
22329478519
22332921638
22332581153
22336423293
22330762590
22332118861
22333795647
22327687601
22330320984
22327553421
22333667249
22331793463
22330359691
22333958200
22332567159
22337304465
22329876361
22330464088
22338428531
22335207501
22331202156
22328434593
22331841985
22332429712
22334781076
22334839372
22329465031
22334825909
22332498088
22334113761
22326685657
22333102247
22333471786
22332665305
22332723157
22330322873
22333975188
22334281971
22333171874
22327431268
22335853910
22333798641
22327566829
22331935467
22331068484
22333913312
22335733259
22331204045
22334611437
22332098922
22334769369
22331496144
22332234483
22333169669
22328889753
22333456574
22335133360
22329025314
22334200107
22331530095
22333280027
22332980094
22336382661
22333405262
22329612993
22330200720
22329770925
22334945718
22334062507
22334704919
22333313878
22335574514
22331656326
22328825303
22327434262
22328021989
22333677869
22334080055
22332874555
22331071478
22331659205
22332401937
22330528151
22332397273
22331978150
22329706475
22328315434
22328903161
22332774326
22328768981
22333943774
22331672099
22332540377
22333649944
22331409323
22335160297
22333860422
22328199719
22334506001
22331232776
22330203714
22334604498
22331836935
22333193206
22334869992
22328761946
22331395329
22332709876
22328704531
22327313490
22327901217
22336323859
22331084886
22335485670
22330670155
22331538433
22334172332
22332992658
22332276501
22333591048
22332916330
22332787734
22335390561
22330969171
22330539376
22334002228
22331551327
22334456522
22327760002
22331412317
22332000044
22333739650
22331714782
22333291039
22331235770
22330082942
22334246219
22328505613
22335415667
22333170388
22328641174
22332048566
22329536051
22334987657
22335779658
22329671612
22332116942
22332704669
22334550004
22332570489
22333308828
22333678367
22332871886
22332929738
22330417223
22334015732
22328441163
22327050122
22327637849
22334054439
22333396605
22335926311
22330687338
22331275065
22334785000
22335725069
22326262432
22331717776
22332305503
22331114998
22331702725
22329899648
22328508607
22329096334
22334752214
22334811665
22333420624
22329415279
22327143604
22332598948
22331602496
22334470820
22333052495
22329819574
22329389779
22329977506
22333400740
22333925436
22334301796
22332746444
22333894960
22332503919
22329031884
22327640843
22332041627
22329274064
22334286636
22332307121
22331278059
22335678843
22330147005
22326141660
22331597004
22332184731
22329913056
22328522015
22329778876
22328387835
22328975562
22334150355
22331878680
22333268798
22331028177
22331615904
22332451330
22334067003
22328406300
22330851630
22331439357
22333284692
22334443800
22332043516
22334488846
22335076573
22332625672
22329151911
22332916457
22328911112
22327520071
22333656110
22332789127
22334165864
22332310115
22330876736
22334872633
22333662068
22334049148
22333216787
22333631592
22332240551
22330610396
22335597142
22336854003
22330745957
22333191287
22331483337
22335624349
22336282191
22331452861
22325878292
22331333636
22331921363
22331491568
22331442351
22329515508
22328124467
22328712194
22332364509
22333376969
22330545946
22329154905
22329742632
22332187962
22334033297
22327336777
22332323523
22333379848
22332189343
22332248794
22334117916
22334258141
22331427118
22330036077
22330623804
22331907949
22328647744
22327256703
22333392742
22334261020
22333603186
22331362565
22330893919
22334609265
22331332089
22334475085
22326469013
22331924357
22333376848
22331321579
22333578264
22330106229
22328715188
22333115972
22334430519
22330425174
22329034133
22329621860
22327350185
22331221350
22327216005
22332390798
22333259076
22330987401
22329596360
22333997144
22333607321
22334132017
22334508377
22332953025
22334101541
22332102522
22332690249
22332788203
22336177165
22329480645
22331925975
22332513702
22334359037
22335518145
22330353586
22326348241
22331803585
22333379842
22330226256
22333669375
22329985457
22328594416
22333769209
22331099197
22335240209
22335898051
22331068721
22333837585
22332657911
22335123493
22334291132
22331058211
22332903546
22334592529
22334650381
22335164073
22334695427
22330161806
22328770765
22329358492
22336013733
22332527206
22326952637
22332407981
22332995708
22334571965
22332516696
22327983075
22334850146
22333123509
22332835641
22333250446
22331620291
22330229250
22330816977
22333262307
22335107642
22335669543
22332869592
22328864247
22335196925
22331071715
22331659442
22326084873
22331540217
22331110422
22331698149
22332982294
22329722089
22328331048
22331214819
22332571090
22334224562
22330752527
22329361486
22334571484
22332394543
22334239878
22327543358
22332998702
22334451193
22331867648
22327862303
22334900705
22334893904
22331633699
22330242658
22331499519
22330108478
22330696205
22328424530
22333599323
22334989441
22332748820
22331569146
22334171973
22330950943
22331538670
22332572273
22331392599
22332995702
22334588159
22335175886
22333784845
22335029815
22333862548
22337251510
22334637100
22330631755
22329240714
22334450712
22332273771
22331427931
22327422586
22332597379
22334454187
22335173515
22334743720
22330951451
22333584834
22333961194
22332173542
22333720395
22335629593
22332143066
22334911930
22332994784
22337344992
22335686019
22332132556
22327598935
22334466006
22334630536
22333450862
22333162994
22331236151
22329845110
22330432837
22333875956
22334723502
22333741776
22329949507
22331305778
22333908605
22330687575
22329057420
22334044166
22334197854
22333909986
22334324791
22334912518
22333521477
22335649019
22330830679
22335144632
22333628592
22330368387
22328977346
22332738451
22332146060
22332733787
22327159218
22330042989
22328651948
22333052732
22336195728
22328189656
22334509764
22332008613
22333042222
22333457027
22331826872
22330435831
22334929506
22333468888
22335314223
22336759575
22333076173
22329070828
22332941993
22328936648
22334279903
22335968249
22332708044
22331317003
22334915512
22333188875
22335852660
22333478408
22331421400
22335822184
22333823165
22332159468
22334190338
22332025288
22332613015
22333646618
22332466944
22334070047
22338525010
22332074229
22328068884
22335107286
22331887841
22335013658
22333622617
22331706100
22330315059
22335525057
22332610644
22329779621
22328388580
22331021963
22334632187
22334378554
22331157524
22332025796
22332778854
22334624189
22335763817
22334794740
22336703938
22336416070
22332453456
22331903135
22338477242
22335616235
22334247849
22328673280
22334657293
22333266252
22334525207
22334237339
22328777677
22327386636
22334844152
22334950301
22331158032
22333791415
22331023852
22332380123
22334982950
22331761920
22332349647
22333664194
22329658849
22328267808
22332792358
22333380085
22327805516
22334672587
22331624473
22334750290
22333359249
22331442732
22327480118
22332935462
22333870648
22334930083
22333673530
22330156088
22329726293
22334115186
22330894156
22329264001
22334607256
22332366635
22334116567
22334531372
22336621348
22335688506
22332190088
22331037260
22335351213
22333835173
22333748346
22330145173
22332945032
22332352641
22335354248
22329661843
22330249570
22328858529
22333259313
22334916595
22333113242
22331627467
22332215194
22333238477
22331364691
22333233813
22335264683
22335136087
22334461369
22331188144
22335528943
22336171355
22332450787
22332508639
22329143229
22334486484
22332962186
22335126757
22327216750
22332672094
22335305477
22332069316
22333684989
22330853966
22329462925
22332096308
22335706532
22333998582
22332231869
22334141067
22333853199
22335698534
22336186649
22335425138
22335171505
22333957596
22331506695
22332094422
22334355058
22333829198
22335266834
22326214806
22331670150
22329398475
22329986202
22328595161
22329852022
22328460981
22334941644
22332701023
22332232377
22334865760
22331101323
22327095978
22332524476
22334127579
22336335703
22332660037
22330733194
22329342153
22332187419
22334454430
22328879861
22331763632
22330372591
22335733469
22328396531
22328984258
22327593217
22333729256
22333651283
22334967073
22334747875
22331230433
22334740368
22335189531
22331968501
22334852272
22329277703
22329865430
22328474389
22332843027
22334233145
22331185475
22331243327
22331831054
22334956871
22333565830
22327098972
22327686699
22333142043
22334077229
22335756243
22330736188
22331323915
22329932874
22334333658
22332437655
22334187587
22332701812
22332573216
22334312822
22332439036
22336827929
22333608484
22332396669
22334242004
22332262489
22334237280
22333954927
22332563886
22329732863
22330109223
22332742606
22329868424
22334754299
22328291095
22333746439
22335123176
22333143661
22331435711
22333304833
22333445058
22330614035
22334174099
22333623778
22332862267
22335635471
22331394725
22332579659
22333969777
22332657368
22332316883
22335031941
22330498320
22329107279
22326835604
22327423331
22332878675
22327289151
22332275897
22330472820
22331060547
22329669506
22332302889
22333617436
22329612091
22329988451
22333586960
22334943231
22332175668
22328170323
22331577715
22335201924
22335079892
22331713276
22329200761
22334498608
22333261764
22325833660
22326421387
22331876731
22329605056
22334909788
22329470876
22330058603
22328667562
22332319877
22332907604
22335592375
22332289401
22326714832
22327302559
22332731057
22333061315
22335926617
22330352048
22330939775
22329548734
22332394000
22335237219
22331382486
22331970213
22330579172
22333024502
22328603112
22328173317
22328761044
22333935837
22333857864
22333085334
22334954456
22334564633
22333140992
22329348723
22332908787
22335058853
22329484284
22333647561
22334229282
22333049608
22334439726
22331392056
22331449908
22327169992
22335804464
22333413599
22327305553
22332610285
22330807208
22331183568
22333816951
22330942769
22335719225
22332273228
22332056509
22328051164
22337064268
22332026033
22335378380
22334519403
22331688380
22332797947
22333815065
22333936612
22335549841
22332469070
22327935449
22334802520
22331119118
22329939444
22330315804
22331572665
22330181624
22327909949
22328497676
22333953020
22332445606
22331054565
22327049220
22334245119
22331024089
22330820616
22334380680
22330686436
22331062796
22333908062
22333578297
22332786240
22333326778
22331935737
22332523464
22330117174
22330704901
22329313860
22327042185
22332346917
22326908005
22327495732
22331148047
22330679401
22335984133
22333533232
22336572915
22330971500
22329818672
22330195032
22333793541
22333363746
22327789177
22328376904
22331784296
22334135660
22335286473
22328819615
22329407342
22331852672
22333468345
22326040241
22332456831
22333044558
22331653517
22333457525
22329677457
22336531909
22333917499
22332360421
22326785852
22334159679
22332495982
22326921413
22332349911
22330423068
22333267896
22335957923
22330558629
22334284529
22331453506
22333241593
22330850728
22331589067
22332524253
22328244337
22333231083
22334487944
22328379898
22333156354
22330884679
22335165701
22332334678
22335737245
22334206550
22332815509
22329555304
22329125509
22334300302
22333100378
22334378011
22334037526
22336752584
22333872292
22332239649
22328556247
22327376573
22333696681
22329009794
22332229139
22332193463
22331013789
22331390149
22329882735
22334751810
22331332734
22332908991
22332263090
22328257745
22332128910
22328123565
22333298358
22332098434
22331894961
22333004528
22330763907
22334143193
22334982407
22327554303
22328142030
22330587360
22331325699
22333597809
22331191519
22331779246
22330388205
22328116530
22333421262
22335266597
22332652187
22328435475
22327255801
22334451700
22331230670
22335325345
22332045845
22330893017
22331269377
22334114643
22333784878
22333980463
22333533359
22331976281
22334745145
22330323755
22329893960
22330481687
22331965771
22333811106
22327114586
22335749058
22331354628
22334488442
22331069366
22332645623
22334853747
22331178081
22333434766
22327860197
22334770251
22333570327
22327995758
22333170551
22328890635
22334342241
22335134242
22329026196
22334158006
22332059253
22333904588
22331925073
22332663412
22337549287
22333993871
22333664106
22329771807
22333370316
22331643679
22331959024
22326992433
22333409023
22334024034
22335280895
22333889854
22330629649
22334189713
22335374647
22335667380
22334251488
22331660087
22333448174
22331057309
22333313994
22329630592
22328450918
22334771026
22334166249
22332775208
22328769863
22331091260
22332744732
22330957080
22335717804
22332407079
22333022090
22333337435
22329332090
22334506883
22333306959
22333656380
22330616161
22333249544
22331858503
22331838252
22328762828
22332523933
