0
738764236
1477528472
186318293
925082529
1663846765
372636586
1111400822
1850165058
558954879
1297719115
6508936
745273172
1484037408
192827229
931591465
1670355701
379145522
1117909758
1856673994
565463815
1304228051
13017872
751782108
1490546344
199336165
938100401
1676864637
385654458
1124418694
1863182930
571972751
1310736987
19526808
758291044
1497055280
205845101
944609337
1683373573
392163394
1130927630
1869691866
578481687
1317245923
26035744
764799980
1503564216
212354037
951118273
1689882509
398672330
1137436566
1876200802
584990623
1323754859
32544680
771308916
1510073152
218862973
957627209
1696391445
405181266
1143945502
1882709738
591499559
1330263795
39053616
777817852
1516582088
225371909
964136145
1702900381
411690202
1150454438
1889218674
598008495
1336772731
45562552
784326788
1523091024
231880845
970645081
1709409317
418199138
1156963374
1895727610
604517431
1343281667
52071488
790835724
1529599960
238389781
977154017
1715918253
424708074
1163472310
1902236546
611026367
1349790603
58580424
797344660
1536108896
244898717
983662953
1722427189
431217010
1169981246
1908745482
617535303
1356299539
65089360
803853596
1542617832
251407653
990171889
1728936125
437725946
1176490182
1915254418
624044239
1362808475
71598296
810362532
1549126768
257916589
996680825
1735445061
444234882
1182999118
1921763354
630553175
1369317411
78107232
816871468
1555635704
264425525
1003189761
1741953997
450743818
1189508054
1928272290
637062111
1375826347
84616168
823380404
1562144640
270934461
1009698697
1748462933
457252754
1196016990
1934781226
643571047
1382335283
91125104
829889340
1568653576
277443397
1016207633
1754971869
463761690
1202525926
1941290162
650079983
1388844219
97634040
836398276
1575162512
283952333
1022716569
1761480805
470270626
1209034862
1947799098
656588919
1395353155
104142976
842907212
1581671448
290461269
1029225505
1767989741
476779562
1215543798
1954308034
663097855
1401862091
110651912
849416148
1588180384
296970205
1035734441
1774498677
483288498
1222052734
1960816970
669606791
1408371027
117160848
855925084
1594689320
303479141
1042243377
1781007613
489797434
1228561670
1967325906
676115727
1414879963
123669784
862434020
1601198256
309988077
1048752313
1787516549
496306370
1235070606
1973834842
682624663
1421388899
130178720
868942956
1607707192
316497013
1055261249
1794025485
502815306
1241579542
1980343778
689133599
1427897835
136687656
875451892
1614216128
323005949
1061770185
1800534421
509324242
1248088478
1986852714
695642535
1434406771
143196592
881960828
1620725064
329514885
1068279121
1807043357
515833178
1254597414
1993361650
702151471
1440915707
149705528
888469764
1627234000
336023821
1074788057
1813552293
522342114
1261106350
1999870586
708660407
1447424643
156214464
894978700
1633742936
342532757
1081296993
1820061229
528851050
1267615286
2006379522
715169343
1453933579
162723400
901487636
1640251872
349041693
1087805929
1826570165
535359986
1274124222
2012888458
721678279
1460442515
169232336
907996572
1646760808
355550629
1094314865
1833079101
541868922
1280633158
2019397394
728187215
1466951451
175741272
914505508
1653269744
362059565
1100823801
1839588037
548377858
1287142094
2025906330
734696151
1473460387
182250208
921014444
1659778680
368568501
1107332737
1846096973
554886794
1293651030
2440851
741205087
1479969323
188759144
927523380
1666287616
375077437
1113841673
1852605909
561395730
1300159966
8949787
747714023
1486478259
195268080
934032316
1672796552
381586373
1120350609
1859114845
567904666
1306668902
15458723
754222959
1492987195
201777016
940541252
1679305488
388095309
1126859545
1865623781
574413602
1313177838
21967659
760731895
1499496131
208285952
947050188
1685814424
394604245
1133368481
1872132717
580922538
1319686774
28476595
767240831
1506005067
214794888
953559124
1692323360
401113181
1139877417
1878641653
587431474
1326195710
34985531
773749767
1512514003
221303824
960068060
1698832296
407622117
1146386353
1885150589
593940410
1332704646
41494467
780258703
1519022939
227812760
966576996
1705341232
414131053
1152895289
1891659525
600449346
1339213582
48003403
786767639
1525531875
234321696
973085932
1711850168
420639989
1159404225
1898168461
606958282
1345722518
54512339
793276575
1532040811
240830632
979594868
1718359104
427148925
1165913161
1904677397
613467218
1352231454
61021275
799785511
1538549747
247339568
986103804
1724868040
433657861
1172422097
1911186333
619976154
1358740390
67530211
806294447
1545058683
253848504
992612740
1731376976
440166797
1178931033
1917695269
626485090
1365249326
74039147
812803383
1551567619
260357440
999121676
1737885912
446675733
1185439969
1924204205
632994026
1371758262
80548083
819312319
1558076555
266866376
1005630612
1744394848
453184669
1191948905
1930713141
639502962
1378267198
87057019
825821255
1564585491
273375312
1012139548
1750903784
459693605
1198457841
1937222077
646011898
1384776134
93565955
832330191
1571094427
279884248
1018648484
1757412720
466202541
1204966777
1943731013
652520834
1391285070
100074891
838839127
1577603363
286393184
1025157420
1763921656
472711477
1211475713
1950239949
659029770
1397794006
106583827
845348063
1584112299
292902120
1031666356
1770430592
479220413
1217984649
1956748885
665538706
1404302942
113092763
851856999
1590621235
299411056
1038175292
1776939528
485729349
1224493585
1963257821
672047642
1410811878
119601699
858365935
1597130171
305919992
1044684228
1783448464
492238285
1231002521
1969766757
678556578
1417320814
126110635
864874871
1603639107
312428928
1051193164
1789957400
498747221
1237511457
1976275693
685065514
1423829750
132619571
871383807
1610148043
318937864
1057702100
1796466336
505256157
1244020393
1982784629
691574450
1430338686
139128507
877892743
1616656979
325446800
1064211036
1802975272
511765093
1250529329
1989293565
698083386
1436847622
145637443
884401679
1623165915
331955736
1070719972
1809484208
518274029
1257038265
1995802501
704592322
1443356558
152146379
890910615
1629674851
338464672
1077228908
1815993144
524782965
1263547201
2002311437
711101258
1449865494
158655315
897419551
1636183787
344973608
1083737844
1822502080
531291901
1270056137
2008820373
717610194
1456374430
165164251
903928487
1642692723
351482544
1090246780
1829011016
537800837
1276565073
2015329309
724119130
1462883366
171673187
910437423
1649201659
357991480
1096755716
1835519952
544309773
1283074009
2021838245
730628066
1469392302
178182123
916946359
1655710595
364500416
1103264652
1842028888
550818709
1289582945
2028347181
737137002
1475901238
184691059
923455295
1662219531
371009352
1109773588
1848537824
557327645
1296091881
4881702
743645938
1482410174
191199995
929964231
1668728467
377518288
1116282524
1855046760
563836581
1302600817
11390638
750154874
1488919110
197708931
936473167
1675237403
384027224
1122791460
1861555696
570345517
1309109753
17899574
756663810
1495428046
204217867
942982103
1681746339
390536160
1129300396
1868064632
576854453
1315618689
24408510
763172746
1501936982
210726803
949491039
1688255275
397045096
1135809332
1874573568
583363389
1322127625
30917446
769681682
1508445918
217235739
955999975
1694764211
403554032
1142318268
1881082504
589872325
1328636561
37426382
776190618
1514954854
223744675
962508911
1701273147
410062968
1148827204
1887591440
596381261
1335145497
43935318
782699554
1521463790
230253611
969017847
1707782083
416571904
1155336140
1894100376
602890197
1341654433
50444254
789208490
1527972726
236762547
975526783
1714291019
423080840
1161845076
1900609312
609399133
1348163369
56953190
795717426
1534481662
243271483
982035719
1720799955
429589776
1168354012
1907118248
615908069
1354672305
63462126
802226362
1540990598
249780419
988544655
1727308891
436098712
1174862948
1913627184
622417005
1361181241
69971062
808735298
1547499534
256289355
995053591
1733817827
442607648
1181371884
1920136120
628925941
1367690177
76479998
815244234
1554008470
262798291
1001562527
1740326763
449116584
1187880820
1926645056
635434877
1374199113
82988934
821753170
1560517406
269307227
1008071463
1746835699
455625520
1194389756
1933153992
641943813
1380708049
89497870
828262106
1567026342
275816163
1014580399
1753344635
462134456
1200898692
1939662928
648452749
1387216985
96006806
834771042
1573535278
282325099
1021089335
1759853571
468643392
1207407628
1946171864
654961685
1393725921
102515742
841279978
1580044214
288834035
1027598271
1766362507
475152328
1213916564
1952680800
661470621
1400234857
109024678
847788914
1586553150
295342971
1034107207
1772871443
481661264
1220425500
1959189736
667979557
1406743793
115533614
854297850
1593062086
301851907
1040616143
1779380379
488170200
1226934436
1965698672
674488493
1413252729
122042550
860806786
1599571022
308360843
1047125079
1785889315
494679136
1233443372
1972207608
680997429
1419761665
128551486
867315722
1606079958
314869779
1053634015
1792398251
501188072
1239952308
1978716544
687506365
1426270601
135060422
873824658
1612588894
321378715
1060142951
1798907187
507697008
1246461244
1985225480
694015301
1432779537
141569358
880333594
1619097830
327887651
1066651887
1805416123
514205944
1252970180
1991734416
700524237
1439288473
148078294
886842530
1625606766
334396587
1073160823
1811925059
520714880
1259479116
1998243352
707033173
1445797409
154587230
893351466
1632115702
340905523
1079669759
1818433995
527223816
1265988052
2004752288
713542109
1452306345
161096166
899860402
1638624638
347414459
1086178695
1824942931
533732752
1272496988
2011261224
720051045
1458815281
167605102
906369338
1645133574
353923395
1092687631
1831451867
540241688
1279005924
2017770160
726559981
1465324217
174114038
912878274
1651642510
360432331
1099196567
1837960803
546750624
1285514860
2024279096
733068917
1471833153
180622974
919387210
1658151446
366941267
1105705503
1844469739
553259560
1292023796
813617
739577853
1478342089
187131910
925896146
1664660382
373450203
1112214439
1850978675
559768496
1298532732
7322553
746086789
1484851025
193640846
932405082
1671169318
379959139
1118723375
1857487611
566277432
1305041668
13831489
752595725
1491359961
200149782
938914018
1677678254
386468075
1125232311
1863996547
572786368
1311550604
20340425
759104661
1497868897
206658718
945422954
1684187190
392977011
1131741247
1870505483
579295304
1318059540
26849361
765613597
1504377833
213167654
951931890
1690696126
399485947
1138250183
1877014419
585804240
1324568476
33358297
772122533
1510886769
219676590
958440826
1697205062
405994883
1144759119
1883523355
592313176
1331077412
39867233
778631469
1517395705
226185526
964949762
1703713998
412503819
1151268055
1890032291
598822112
1337586348
46376169
785140405
1523904641
232694462
971458698
1710222934
419012755
1157776991
1896541227
605331048
1344095284
52885105
791649341
1530413577
239203398
977967634
1716731870
425521691
1164285927
1903050163
611839984
1350604220
59394041
798158277
1536922513
245712334
984476570
1723240806
432030627
1170794863
1909559099
618348920
1357113156
65902977
804667213
1543431449
252221270
990985506
1729749742
438539563
1177303799
1916068035
624857856
1363622092
72411913
811176149
1549940385
258730206
997494442
1736258678
445048499
1183812735
1922576971
631366792
1370131028
78920849
817685085
1556449321
265239142
1004003378
1742767614
451557435
1190321671
1929085907
637875728
1376639964
85429785
824194021
1562958257
271748078
1010512314
1749276550
458066371
1196830607
1935594843
644384664
1383148900
91938721
830702957
1569467193
278257014
1017021250
1755785486
464575307
1203339543
1942103779
650893600
1389657836
98447657
837211893
1575976129
284765950
1023530186
1762294422
471084243
1209848479
1948612715
657402536
1396166772
104956593
843720829
1582485065
291274886
1030039122
1768803358
477593179
1216357415
1955121651
663911472
1402675708
111465529
850229765
1588994001
297783822
1036548058
1775312294
484102115
1222866351
1961630587
670420408
1409184644
117974465
856738701
1595502937
304292758
1043056994
1781821230
490611051
1229375287
1968139523
676929344
1415693580
124483401
863247637
1602011873
310801694
1049565930
1788330166
497119987
1235884223
1974648459
683438280
1422202516
130992337
869756573
1608520809
317310630
1056074866
1794839102
503628923
1242393159
1981157395
689947216
1428711452
137501273
876265509
1615029745
323819566
1062583802
1801348038
510137859
1248902095
1987666331
696456152
1435220388
144010209
882774445
1621538681
330328502
1069092738
1807856974
516646795
1255411031
1994175267
702965088
1441729324
150519145
889283381
1628047617
336837438
1075601674
1814365910
523155731
1261919967
2000684203
709474024
1448238260
157028081
895792317
1634556553
343346374
1082110610
1820874846
529664667
1268428903
2007193139
715982960
1454747196
163537017
902301253
1641065489
349855310
1088619546
1827383782
536173603
1274937839
2013702075
722491896
1461256132
170045953
908810189
1647574425
356364246
1095128482
1833892718
542682539
1281446775
2020211011
729000832
1467765068
176554889
915319125
1654083361
362873182
1101637418
1840401654
549191475
1287955711
2026719947
735509768
1474274004
183063825
921828061
1660592297
369382118
1108146354
1846910590
555700411
1294464647
3254468
742018704
1480782940
189572761
928336997
1667101233
375891054
1114655290
1853419526
562209347
1300973583
9763404
748527640
1487291876
196081697
934845933
1673610169
382399990
1121164226
1859928462
568718283
1307482519
16272340
755036576
1493800812
202590633
941354869
1680119105
388908926
1127673162
1866437398
575227219
1313991455
22781276
761545512
1500309748
209099569
947863805
1686628041
395417862
1134182098
1872946334
581736155
1320500391
29290212
768054448
1506818684
215608505
954372741
1693136977
401926798
1140691034
1879455270
588245091
1327009327
35799148
774563384
1513327620
222117441
960881677
1699645913
408435734
1147199970
1885964206
594754027
1333518263
42308084
781072320
1519836556
228626377
967390613
1706154849
414944670
1153708906
1892473142
601262963
1340027199
48817020
787581256
1526345492
235135313
973899549
1712663785
421453606
1160217842
1898982078
607771899
1346536135
55325956
794090192
1532854428
241644249
980408485
1719172721
427962542
1166726778
1905491014
614280835
1353045071
61834892
800599128
1539363364
248153185
986917421
1725681657
434471478
1173235714
1911999950
620789771
1359554007
68343828
807108064
1545872300
254662121
993426357
1732190593
440980414
1179744650
1918508886
627298707
1366062943
74852764
813617000
1552381236
261171057
999935293
1738699529
447489350
1186253586
1925017822
633807643
1372571879
81361700
820125936
1558890172
267679993
1006444229
1745208465
453998286
1192762522
1931526758
640316579
1379080815
87870636
826634872
1565399108
274188929
1012953165
1751717401
460507222
1199271458
1938035694
646825515
1385589751
94379572
833143808
1571908044
280697865
1019462101
1758226337
467016158
1205780394
1944544630
653334451
1392098687
100888508
839652744
1578416980
287206801
1025971037
1764735273
473525094
1212289330
1951053566
659843387
1398607623
107397444
846161680
1584925916
293715737
1032479973
1771244209
480034030
1218798266
1957562502
666352323
1405116559
113906380
852670616
1591434852
300224673
1038988909
1777753145
486542966
1225307202
1964071438
672861259
1411625495
120415316
859179552
1597943788
306733609
1045497845
1784262081
493051902
1231816138
1970580374
679370195
1418134431
126924252
865688488
1604452724
313242545
1052006781
1790771017
499560838
1238325074
1977089310
685879131
1424643367
133433188
872197424
1610961660
319751481
1058515717
1797279953
506069774
1244834010
1983598246
692388067
1431152303
139942124
878706360
1617470596
326260417
1065024653
1803788889
512578710
1251342946
1990107182
698897003
1437661239
146451060
885215296
1623979532
332769353
1071533589
1810297825
519087646
1257851882
1996616118
705405939
1444170175
152959996
891724232
1630488468
339278289
1078042525
1816806761
525596582
1264360818
2003125054
711914875
1450679111
159468932
898233168
1636997404
345787225
1084551461
1823315697
532105518
1270869754
2009633990
718423811
1457188047
165977868
904742104
1643506340
352296161
1091060397
1829824633
538614454
1277378690
2016142926
724932747
1463696983
172486804
911251040
1650015276
358805097
1097569333
1836333569
545123390
1283887626
2022651862
731441683
1470205919
178995740
917759976
1656524212
365314033
1104078269
1842842505
551632326
1290396562
2029160798
737950619
1476714855
185504676
924268912
1663033148
371822969
1110587205
1849351441
558141262
1296905498
5695319
744459555
1483223791
192013612
930777848
1669542084
378331905
1117096141
1855860377
564650198
1303414434
12204255
750968491
1489732727
198522548
937286784
1676051020
384840841
1123605077
1862369313
571159134
1309923370
18713191
757477427
1496241663
205031484
943795720
1682559956
391349777
1130114013
1868878249
577668070
1316432306
25222127
763986363
1502750599
211540420
950304656
1689068892
397858713
1136622949
1875387185
584177006
1322941242
31731063
770495299
1509259535
218049356
956813592
1695577828
404367649
1143131885
1881896121
590685942
1329450178
38239999
777004235
1515768471
224558292
963322528
1702086764
410876585
1149640821
1888405057
597194878
1335959114
44748935
783513171
1522277407
231067228
969831464
1708595700
417385521
1156149757
1894913993
603703814
1342468050
51257871
790022107
1528786343
237576164
976340400
1715104636
423894457
1162658693
1901422929
610212750
1348976986
57766807
796531043
1535295279
244085100
982849336
1721613572
430403393
1169167629
1907931865
616721686
1355485922
64275743
803039979
1541804215
250594036
989358272
1728122508
436912329
1175676565
1914440801
623230622
1361994858
70784679
809548915
1548313151
257102972
995867208
1734631444
443421265
1182185501
1920949737
629739558
1368503794
77293615
816057851
1554822087
263611908
1002376144
1741140380
449930201
1188694437
1927458673
636248494
1375012730
83802551
822566787
1561331023
270120844
1008885080
1747649316
456439137
1195203373
1933967609
642757430
1381521666
90311487
829075723
1567839959
276629780
1015394016
1754158252
462948073
1201712309
1940476545
649266366
1388030602
96820423
835584659
1574348895
283138716
1021902952
1760667188
469457009
1208221245
1946985481
655775302
1394539538
103329359
842093595
1580857831
289647652
1028411888
1767176124
475965945
1214730181
1953494417
662284238
1401048474
109838295
848602531
1587366767
296156588
1034920824
1773685060
482474881
1221239117
1960003353
668793174
1407557410
116347231
855111467
1593875703
302665524
1041429760
1780193996
488983817
1227748053
1966512289
675302110
1414066346
122856167
861620403
1600384639
309174460
1047938696
1786702932
495492753
1234256989
1973021225
681811046
1420575282
129365103
868129339
1606893575
315683396
1054447632
1793211868
502001689
1240765925
1979530161
688319982
1427084218
135874039
874638275
1613402511
322192332
1060956568
1799720804
508510625
1247274861
1986039097
694828918
1433593154
142382975
881147211
1619911447
328701268
1067465504
1806229740
515019561
1253783797
1992548033
701337854
1440102090
148891911
887656147
1626420383
335210204
1073974440
1812738676
521528497
1260292733
1999056969
707846790
1446611026
155400847
894165083
1632929319
341719140
1080483376
1819247612
528037433
1266801669
2005565905
714355726
1453119962
161909783
900674019
1639438255
348228076
1086992312
1825756548
534546369
1273310605
2012074841
720864662
1459628898
168418719
907182955
1645947191
354737012
1093501248
1832265484
541055305
1279819541
2018583777
727373598
1466137834
174927655
913691891
1652456127
361245948
1100010184
1838774420
547564241
1286328477
2025092713
733882534
1472646770
181436591
920200827
1658965063
367754884
1106519120
1845283356
554073177
1292837413
1627234
740391470
1479155706
187945527
926709763
1665473999
374263820
1113028056
1851792292
560582113
1299346349
8136170
746900406
1485664642
194454463
933218699
1671982935
380772756
1119536992
1858301228
567091049
1305855285
14645106
753409342
1492173578
200963399
939727635
1678491871
387281692
1126045928
1864810164
573599985
1312364221
21154042
759918278
1498682514
207472335
946236571
1685000807
393790628
1132554864
1871319100
580108921
1318873157
27662978
766427214
1505191450
213981271
952745507
1691509743
400299564
1139063800
1877828036
586617857
1325382093
34171914
772936150
1511700386
220490207
959254443
1698018679
406808500
1145572736
1884336972
593126793
1331891029
40680850
779445086
1518209322
226999143
965763379
1704527615
413317436
1152081672
1890845908
599635729
1338399965
47189786
785954022
1524718258
233508079
972272315
1711036551
419826372
1158590608
1897354844
606144665
1344908901
53698722
792462958
1531227194
240017015
978781251
1717545487
426335308
1165099544
1903863780
612653601
1351417837
60207658
798971894
1537736130
246525951
985290187
1724054423
432844244
1171608480
1910372716
619162537
1357926773
66716594
805480830
1544245066
253034887
991799123
1730563359
439353180
1178117416
1916881652
625671473
1364435709
73225530
811989766
1550754002
259543823
998308059
1737072295
445862116
1184626352
1923390588
632180409
1370944645
79734466
818498702
1557262938
266052759
1004816995
1743581231
452371052
1191135288
1929899524
638689345
1377453581
86243402
825007638
1563771874
272561695
1011325931
1750090167
458879988
1197644224
1936408460
645198281
1383962517
92752338
831516574
1570280810
279070631
1017834867
1756599103
465388924
1204153160
1942917396
651707217
1390471453
99261274
838025510
1576789746
285579567
1024343803
1763108039
471897860
1210662096
1949426332
658216153
1396980389
105770210
844534446
1583298682
292088503
1030852739
1769616975
478406796
1217171032
1955935268
664725089
1403489325
112279146
851043382
1589807618
298597439
1037361675
1776125911
484915732
1223679968
1962444204
671234025
1409998261
118788082
857552318
1596316554
305106375
1043870611
1782634847
491424668
1230188904
1968953140
677742961
1416507197
125297018
864061254
1602825490
311615311
1050379547
1789143783
497933604
1236697840
1975462076
684251897
1423016133
131805954
870570190
1609334426
318124247
1056888483
1795652719
504442540
1243206776
1981971012
690760833
1429525069
138314890
877079126
1615843362
324633183
1063397419
1802161655
510951476
1249715712
1988479948
697269769
1436034005
144823826
883588062
1622352298
331142119
1069906355
1808670591
517460412
1256224648
1994988884
703778705
1442542941
151332762
890096998
1628861234
337651055
1076415291
1815179527
523969348
1262733584
2001497820
710287641
1449051877
157841698
896605934
1635370170
344159991
1082924227
1821688463
530478284
1269242520
2008006756
716796577
1455560813
164350634
903114870
1641879106
350668927
1089433163
1828197399
536987220
1275751456
2014515692
723305513
1462069749
170859570
909623806
1648388042
357177863
1095942099
1834706335
543496156
1282260392
2021024628
729814449
1468578685
177368506
916132742
1654896978
363686799
1102451035
1841215271
550005092
1288769328
2027533564
736323385
1475087621
183877442
922641678
1661405914
370195735
1108959971
1847724207
556514028
1295278264
4068085
742832321
1481596557
190386378
929150614
1667914850
376704671
1115468907
1854233143
563022964
1301787200
10577021
749341257
1488105493
196895314
935659550
1674423786
383213607
1121977843
1860742079
569531900
1308296136
17085957
755850193
1494614429
203404250
942168486
1680932722
389722543
1128486779
1867251015
576040836
1314805072
23594893
762359129
1501123365
209913186
948677422
1687441658
396231479
1134995715
1873759951
582549772
1321314008
30103829
768868065
1507632301
216422122
955186358
1693950594
402740415
1141504651
1880268887
589058708
1327822944
36612765
775377001
1514141237
222931058
961695294
1700459530
409249351
1148013587
1886777823
595567644
1334331880
43121701
781885937
1520650173
229439994
968204230
1706968466
415758287
1154522523
1893286759
602076580
1340840816
49630637
788394873
1527159109
235948930
974713166
1713477402
422267223
1161031459
1899795695
608585516
1347349752
56139573
794903809
1533668045
242457866
981222102
1719986338
428776159
1167540395
1906304631
615094452
1353858688
62648509
801412745
1540176981
248966802
987731038
1726495274
435285095
1174049331
1912813567
621603388
1360367624
69157445
807921681
1546685917
255475738
994239974
1733004210
441794031
1180558267
1919322503
628112324
1366876560
75666381
814430617
1553194853
261984674
1000748910
1739513146
448302967
1187067203
1925831439
634621260
1373385496
82175317
820939553
1559703789
268493610
1007257846
1746022082
454811903
1193576139
1932340375
641130196
1379894432
88684253
827448489
1566212725
275002546
1013766782
1752531018
461320839
1200085075
1938849311
647639132
1386403368
95193189
833957425
1572721661
281511482
1020275718
1759039954
467829775
1206594011
1945358247
654148068
1392912304
101702125
840466361
1579230597
288020418
1026784654
1765548890
474338711
1213102947
1951867183
660657004
1399421240
108211061
846975297
1585739533
294529354
1033293590
1772057826
480847647
1219611883
1958376119
667165940
1405930176
114719997
853484233
1592248469
301038290
1039802526
1778566762
487356583
1226120819
1964885055
673674876
1412439112
121228933
859993169
1598757405
307547226
1046311462
1785075698
493865519
1232629755
1971393991
680183812
1418948048
127737869
866502105
1605266341
314056162
1052820398
1791584634
500374455
1239138691
1977902927
686692748
1425456984
134246805
873011041
1611775277
320565098
1059329334
1798093570
506883391
1245647627
1984411863
693201684
1431965920
140755741
879519977
1618284213
327074034
1065838270
1804602506
513392327
1252156563
1990920799
699710620
1438474856
147264677
886028913
1624793149
333582970
1072347206
1811111442
519901263
1258665499
1997429735
706219556
1444983792
153773613
892537849
1631302085
340091906
1078856142
1817620378
526410199
1265174435
2003938671
712728492
1451492728
160282549
899046785
1637811021
346600842
1085365078
1824129314
532919135
1271683371
2010447607
719237428
1458001664
166791485
905555721
1644319957
353109778
1091874014
1830638250
539428071
1278192307
2016956543
725746364
1464510600
173300421
912064657
1650828893
359618714
1098382950
1837147186
545937007
1284701243
2023465479
732255300
1471019536
179809357
918573593
1657337829
366127650
1104891886
1843656122
552445943
1291210179
