0
297364782
594729564
892094346
1189459128
1486823910
1784188692
2081553474
2378918256
263587038
560951820
858316602
1155681384
1453046166
1750410948
2047775730
2345140512
229809294
527174076
824538858
1121903640
1419268422
1716633204
2013997986
2311362768
196031550
493396332
790761114
1088125896
1385490678
1682855460
1980220242
2277585024
162253806
459618588
756983370
1054348152
1351712934
1649077716
1946442498
2243807280
128476062
425840844
723205626
1020570408
1317935190
1615299972
1912664754
2210029536
94698318
392063100
689427882
986792664
1284157446
1581522228
1878887010
2176251792
60920574
358285356
655650138
953014920
1250379702
1547744484
1845109266
2142474048
27142830
324507612
621872394
919237176
1216601958
1513966740
1811331522
2108696304
2406061086
290729868
588094650
885459432
1182824214
1480188996
1777553778
2074918560
2372283342
256952124
554316906
851681688
1149046470
1446411252
1743776034
2041140816
2338505598
223174380
520539162
817903944
1115268726
1412633508
1709998290
2007363072
2304727854
189396636
486761418
784126200
1081490982
1378855764
1676220546
1973585328
2270950110
155618892
452983674
750348456
1047713238
1345078020
1642442802
1939807584
2237172366
121841148
419205930
716570712
1013935494
1311300276
1608665058
1906029840
2203394622
88063404
385428186
682792968
980157750
1277522532
1574887314
1872252096
2169616878
54285660
351650442
649015224
946380006
1243744788
1541109570
1838474352
2135839134
20507916
317872698
615237480
912602262
1209967044
1507331826
1804696608
2102061390
2399426172
284094954
581459736
878824518
1176189300
1473554082
1770918864
2068283646
2365648428
250317210
547681992
845046774
1142411556
1439776338
1737141120
2034505902
2331870684
216539466
513904248
811269030
1108633812
1405998594
1703363376
2000728158
2298092940
182761722
480126504
777491286
1074856068
1372220850
1669585632
1966950414
2264315196
148983978
446348760
743713542
1041078324
1338443106
1635807888
1933172670
2230537452
115206234
412571016
709935798
1007300580
1304665362
1602030144
1899394926
2196759708
81428490
378793272
676158054
973522836
1270887618
1568252400
1865617182
2162981964
47650746
345015528
642380310
939745092
1237109874
1534474656
1831839438
2129204220
13873002
311237784
608602566
905967348
1203332130
1500696912
1798061694
2095426476
2392791258
277460040
574824822
872189604
1169554386
1466919168
1764283950
2061648732
2359013514
243682296
541047078
838411860
1135776642
1433141424
1730506206
2027870988
2325235770
209904552
507269334
804634116
1101998898
1399363680
1696728462
1994093244
2291458026
176126808
473491590
770856372
1068221154
1365585936
1662950718
1960315500
2257680282
142349064
439713846
737078628
1034443410
1331808192
1629172974
1926537756
2223902538
108571320
405936102
703300884
1000665666
1298030448
1595395230
1892760012
2190124794
74793576
372158358
669523140
966887922
1264252704
1561617486
1858982268
2156347050
41015832
338380614
635745396
933110178
1230474960
1527839742
1825204524
2122569306
7238088
304602870
601967652
899332434
1196697216
1494061998
1791426780
2088791562
2386156344
270825126
568189908
865554690
1162919472
1460284254
1757649036
2055013818
2352378600
237047382
534412164
831776946
1129141728
1426506510
1723871292
2021236074
2318600856
203269638
500634420
797999202
1095363984
1392728766
1690093548
1987458330
2284823112
169491894
466856676
764221458
1061586240
1358951022
1656315804
1953680586
2251045368
135714150
433078932
730443714
1027808496
1325173278
1622538060
1919902842
2217267624
101936406
399301188
696665970
994030752
1291395534
1588760316
1886125098
2183489880
68158662
365523444
662888226
960253008
1257617790
1554982572
1852347354
2149712136
34380918
331745700
629110482
926475264
1223840046
1521204828
1818569610
2115934392
603174
297967956
595332738
892697520
1190062302
1487427084
1784791866
2082156648
2379521430
264190212
561554994
858919776
1156284558
1453649340
1751014122
2048378904
2345743686
230412468
527777250
825142032
1122506814
1419871596
1717236378
2014601160
2311965942
196634724
493999506
791364288
1088729070
1386093852
1683458634
1980823416
2278188198
162856980
460221762
757586544
1054951326
1352316108
1649680890
1947045672
2244410454
129079236
426444018
723808800
1021173582
1318538364
1615903146
1913267928
2210632710
95301492
392666274
690031056
987395838
1284760620
1582125402
1879490184
2176854966
61523748
358888530
656253312
953618094
1250982876
1548347658
1845712440
2143077222
27746004
325110786
622475568
919840350
1217205132
1514569914
1811934696
2109299478
2406664260
291333042
588697824
886062606
1183427388
1480792170
1778156952
2075521734
2372886516
257555298
554920080
852284862
1149649644
1447014426
1744379208
2041743990
2339108772
223777554
521142336
818507118
1115871900
1413236682
1710601464
2007966246
2305331028
189999810
487364592
784729374
1082094156
1379458938
1676823720
1974188502
2271553284
156222066
453586848
750951630
1048316412
1345681194
1643045976
1940410758
2237775540
122444322
419809104
717173886
1014538668
1311903450
1609268232
1906633014
2203997796
88666578
386031360
683396142
980760924
1278125706
1575490488
1872855270
2170220052
54888834
352253616
649618398
946983180
1244347962
1541712744
1839077526
2136442308
21111090
318475872
615840654
913205436
1210570218
1507935000
1805299782
2102664564
2400029346
284698128
582062910
879427692
1176792474
1474157256
1771522038
2068886820
2366251602
250920384
548285166
845649948
1143014730
1440379512
1737744294
2035109076
2332473858
217142640
514507422
811872204
1109236986
1406601768
1703966550
2001331332
2298696114
183364896
480729678
778094460
1075459242
1372824024
1670188806
1967553588
2264918370
149587152
446951934
744316716
1041681498
1339046280
1636411062
1933775844
2231140626
115809408
413174190
710538972
1007903754
1305268536
1602633318
1899998100
2197362882
82031664
379396446
676761228
974126010
1271490792
1568855574
1866220356
2163585138
48253920
345618702
642983484
940348266
1237713048
1535077830
1832442612
2129807394
14476176
311840958
609205740
906570522
1203935304
1501300086
1798664868
2096029650
2393394432
278063214
575427996
872792778
1170157560
1467522342
1764887124
2062251906
2359616688
244285470
541650252
839015034
1136379816
1433744598
1731109380
2028474162
2325838944
210507726
507872508
805237290
1102602072
1399966854
1697331636
1994696418
2292061200
176729982
474094764
771459546
1068824328
1366189110
1663553892
1960918674
2258283456
142952238
440317020
737681802
1035046584
1332411366
1629776148
1927140930
2224505712
109174494
406539276
703904058
1001268840
1298633622
1595998404
1893363186
2190727968
75396750
372761532
670126314
967491096
1264855878
1562220660
1859585442
2156950224
41619006
338983788
636348570
933713352
1231078134
1528442916
1825807698
2123172480
7841262
305206044
602570826
899935608
1197300390
1494665172
1792029954
2089394736
2386759518
271428300
568793082
866157864
1163522646
1460887428
1758252210
2055616992
2352981774
237650556
535015338
832380120
1129744902
1427109684
1724474466
2021839248
2319204030
203872812
501237594
798602376
1095967158
1393331940
1690696722
1988061504
2285426286
170095068
467459850
764824632
1062189414
1359554196
1656918978
1954283760
2251648542
136317324
433682106
731046888
1028411670
1325776452
1623141234
1920506016
2217870798
102539580
399904362
697269144
994633926
1291998708
1589363490
1886728272
2184093054
68761836
366126618
663491400
960856182
1258220964
1555585746
1852950528
2150315310
34984092
332348874
629713656
927078438
1224443220
1521808002
1819172784
2116537566
1206348
298571130
595935912
893300694
1190665476
1488030258
1785395040
2082759822
2380124604
264793386
562158168
859522950
1156887732
1454252514
1751617296
2048982078
2346346860
231015642
528380424
825745206
1123109988
1420474770
1717839552
2015204334
2312569116
197237898
494602680
791967462
1089332244
1386697026
1684061808
1981426590
2278791372
163460154
460824936
758189718
1055554500
1352919282
1650284064
1947648846
2245013628
129682410
427047192
724411974
1021776756
1319141538
1616506320
1913871102
2211235884
95904666
393269448
690634230
987999012
1285363794
1582728576
1880093358
2177458140
62126922
359491704
656856486
954221268
1251586050
1548950832
1846315614
2143680396
28349178
325713960
623078742
920443524
1217808306
1515173088
1812537870
2109902652
2407267434
291936216
589300998
886665780
1184030562
1481395344
1778760126
2076124908
2373489690
258158472
555523254
852888036
1150252818
1447617600
1744982382
2042347164
2339711946
224380728
521745510
819110292
1116475074
1413839856
1711204638
2008569420
2305934202
190602984
487967766
785332548
1082697330
1380062112
1677426894
1974791676
2272156458
156825240
454190022
751554804
1048919586
1346284368
1643649150
1941013932
2238378714
123047496
420412278
717777060
1015141842
1312506624
1609871406
1907236188
2204600970
89269752
386634534
683999316
981364098
1278728880
1576093662
1873458444
2170823226
55492008
352856790
650221572
947586354
1244951136
1542315918
1839680700
2137045482
21714264
319079046
616443828
913808610
1211173392
1508538174
1805902956
2103267738
2400632520
285301302
582666084
880030866
1177395648
1474760430
1772125212
2069489994
2366854776
251523558
548888340
846253122
1143617904
1440982686
1738347468
2035712250
2333077032
217745814
515110596
812475378
1109840160
1407204942
1704569724
2001934506
2299299288
183968070
481332852
778697634
1076062416
1373427198
1670791980
1968156762
2265521544
150190326
447555108
744919890
1042284672
1339649454
1637014236
1934379018
2231743800
116412582
413777364
711142146
1008506928
1305871710
1603236492
1900601274
2197966056
82634838
379999620
677364402
974729184
1272093966
1569458748
1866823530
2164188312
48857094
346221876
643586658
940951440
1238316222
1535681004
1833045786
2130410568
15079350
312444132
609808914
907173696
1204538478
1501903260
1799268042
2096632824
2393997606
278666388
576031170
873395952
1170760734
1468125516
1765490298
2062855080
2360219862
244888644
542253426
839618208
1136982990
1434347772
1731712554
2029077336
2326442118
211110900
508475682
805840464
1103205246
1400570028
1697934810
1995299592
2292664374
177333156
474697938
772062720
1069427502
1366792284
1664157066
1961521848
2258886630
143555412
440920194
738284976
1035649758
1333014540
1630379322
1927744104
2225108886
109777668
407142450
704507232
1001872014
1299236796
1596601578
1893966360
2191331142
75999924
373364706
670729488
968094270
1265459052
1562823834
1860188616
2157553398
42222180
339586962
636951744
934316526
1231681308
1529046090
1826410872
2123775654
8444436
305809218
603174000
900538782
1197903564
1495268346
1792633128
2089997910
2387362692
272031474
569396256
866761038
1164125820
1461490602
1758855384
2056220166
2353584948
238253730
535618512
832983294
1130348076
1427712858
1725077640
2022442422
2319807204
204475986
501840768
799205550
1096570332
1393935114
1691299896
1988664678
2286029460
170698242
468063024
765427806
1062792588
1360157370
1657522152
1954886934
2252251716
136920498
434285280
731650062
1029014844
1326379626
1623744408
1921109190
2218473972
103142754
400507536
697872318
995237100
1292601882
1589966664
1887331446
2184696228
69365010
366729792
664094574
961459356
1258824138
1556188920
1853553702
2150918484
35587266
332952048
630316830
927681612
1225046394
1522411176
1819775958
2117140740
1809522
299174304
596539086
893903868
1191268650
1488633432
1785998214
2083362996
2380727778
265396560
562761342
860126124
1157490906
1454855688
1752220470
2049585252
2346950034
231618816
528983598
826348380
1123713162
1421077944
1718442726
2015807508
2313172290
197841072
495205854
792570636
1089935418
1387300200
1684664982
1982029764
2279394546
164063328
461428110
758792892
1056157674
1353522456
1650887238
1948252020
2245616802
130285584
427650366
725015148
1022379930
1319744712
1617109494
1914474276
2211839058
96507840
393872622
691237404
988602186
1285966968
1583331750
1880696532
2178061314
62730096
360094878
657459660
954824442
1252189224
1549554006
1846918788
2144283570
28952352
326317134
623681916
921046698
1218411480
1515776262
1813141044
2110505826
2407870608
292539390
589904172
887268954
1184633736
1481998518
1779363300
2076728082
2374092864
258761646
556126428
853491210
1150855992
1448220774
1745585556
2042950338
2340315120
224983902
522348684
819713466
1117078248
1414443030
1711807812
2009172594
2306537376
191206158
488570940
785935722
1083300504
1380665286
1678030068
1975394850
2272759632
157428414
454793196
752157978
1049522760
1346887542
1644252324
1941617106
2238981888
123650670
421015452
718380234
1015745016
1313109798
1610474580
1907839362
2205204144
89872926
387237708
684602490
981967272
1279332054
1576696836
1874061618
2171426400
56095182
353459964
650824746
948189528
1245554310
1542919092
1840283874
2137648656
22317438
319682220
617047002
914411784
1211776566
1509141348
1806506130
2103870912
2401235694
285904476
583269258
880634040
1177998822
1475363604
1772728386
2070093168
2367457950
252126732
549491514
846856296
1144221078
1441585860
1738950642
2036315424
2333680206
218348988
515713770
813078552
1110443334
1407808116
1705172898
2002537680
2299902462
184571244
481936026
779300808
1076665590
1374030372
1671395154
1968759936
2266124718
150793500
448158282
745523064
1042887846
1340252628
1637617410
1934982192
2232346974
117015756
414380538
711745320
1009110102
1306474884
1603839666
1901204448
2198569230
83238012
380602794
677967576
975332358
1272697140
1570061922
1867426704
2164791486
49460268
346825050
644189832
941554614
1238919396
1536284178
1833648960
2131013742
15682524
313047306
610412088
907776870
1205141652
1502506434
1799871216
2097235998
2394600780
279269562
576634344
873999126
1171363908
1468728690
1766093472
2063458254
2360823036
245491818
542856600
840221382
1137586164
1434950946
1732315728
2029680510
2327045292
211714074
509078856
806443638
1103808420
1401173202
1698537984
1995902766
2293267548
177936330
475301112
772665894
1070030676
1367395458
1664760240
1962125022
2259489804
144158586
441523368
738888150
1036252932
1333617714
1630982496
1928347278
2225712060
110380842
407745624
705110406
1002475188
1299839970
1597204752
1894569534
2191934316
76603098
373967880
671332662
968697444
1266062226
1563427008
1860791790
2158156572
42825354
340190136
637554918
934919700
1232284482
1529649264
1827014046
2124378828
9047610
306412392
603777174
901141956
1198506738
1495871520
1793236302
2090601084
2387965866
272634648
569999430
867364212
1164728994
1462093776
1759458558
2056823340
2354188122
238856904
536221686
833586468
1130951250
1428316032
1725680814
2023045596
2320410378
205079160
502443942
799808724
1097173506
1394538288
1691903070
1989267852
2286632634
171301416
468666198
766030980
1063395762
1360760544
1658125326
1955490108
2252854890
137523672
434888454
732253236
1029618018
1326982800
1624347582
1921712364
2219077146
103745928
401110710
698475492
995840274
1293205056
1590569838
1887934620
2185299402
69968184
367332966
664697748
962062530
1259427312
1556792094
1854156876
2151521658
36190440
333555222
630920004
928284786
1225649568
1523014350
1820379132
2117743914
2412696
299777478
597142260
894507042
1191871824
1489236606
1786601388
2083966170
2381330952
265999734
563364516
860729298
1158094080
1455458862
1752823644
2050188426
2347553208
232221990
529586772
826951554
1124316336
1421681118
1719045900
2016410682
2313775464
198444246
495809028
793173810
1090538592
1387903374
1685268156
1982632938
2279997720
164666502
462031284
759396066
1056760848
1354125630
1651490412
1948855194
2246219976
130888758
428253540
725618322
1022983104
1320347886
1617712668
1915077450
2212442232
97111014
394475796
691840578
989205360
1286570142
1583934924
1881299706
2178664488
63333270
360698052
658062834
955427616
1252792398
1550157180
1847521962
2144886744
29555526
326920308
624285090
921649872
1219014654
1516379436
1813744218
2111109000
2408473782
293142564
590507346
887872128
1185236910
1482601692
1779966474
2077331256
2374696038
259364820
556729602
854094384
1151459166
1448823948
1746188730
2043553512
2340918294
225587076
522951858
820316640
1117681422
1415046204
1712410986
2009775768
2307140550
191809332
489174114
786538896
1083903678
1381268460
1678633242
1975998024
2273362806
158031588
455396370
752761152
1050125934
1347490716
1644855498
1942220280
2239585062
124253844
421618626
718983408
1016348190
1313712972
1611077754
1908442536
2205807318
90476100
387840882
685205664
982570446
1279935228
1577300010
1874664792
2172029574
56698356
354063138
651427920
948792702
1246157484
1543522266
1840887048
2138251830
22920612
320285394
617650176
915014958
1212379740
1509744522
1807109304
2104474086
2401838868
286507650
583872432
881237214
1178601996
1475966778
1773331560
2070696342
2368061124
252729906
550094688
847459470
1144824252
1442189034
1739553816
2036918598
2334283380
218952162
516316944
813681726
1111046508
1408411290
1705776072
2003140854
2300505636
185174418
482539200
779903982
1077268764
1374633546
1671998328
1969363110
2266727892
151396674
448761456
746126238
1043491020
1340855802
1638220584
1935585366
2232950148
117618930
414983712
712348494
1009713276
1307078058
1604442840
1901807622
2199172404
83841186
381205968
678570750
975935532
1273300314
1570665096
1868029878
2165394660
50063442
347428224
644793006
942157788
1239522570
1536887352
1834252134
2131616916
16285698
313650480
611015262
908380044
1205744826
1503109608
1800474390
2097839172
2395203954
279872736
577237518
874602300
1171967082
1469331864
1766696646
2064061428
2361426210
246094992
543459774
840824556
1138189338
1435554120
1732918902
2030283684
2327648466
212317248
509682030
807046812
1104411594
1401776376
1699141158
1996505940
2293870722
178539504
475904286
773269068
1070633850
1367998632
1665363414
1962728196
2260092978
144761760
442126542
739491324
1036856106
1334220888
1631585670
1928950452
2226315234
110984016
408348798
705713580
1003078362
1300443144
1597807926
1895172708
2192537490
77206272
374571054
671935836
969300618
1266665400
1564030182
1861394964
2158759746
43428528
340793310
638158092
935522874
1232887656
1530252438
1827617220
2124982002
9650784
307015566
604380348
901745130
1199109912
1496474694
1793839476
2091204258
2388569040
273237822
570602604
867967386
1165332168
1462696950
1760061732
2057426514
2354791296
239460078
536824860
834189642
1131554424
1428919206
1726283988
2023648770
2321013552
205682334
503047116
800411898
1097776680
1395141462
1692506244
1989871026
2287235808
171904590
469269372
766634154
1063998936
1361363718
1658728500
1956093282
2253458064
138126846
435491628
732856410
1030221192
1327585974
1624950756
1922315538
2219680320
104349102
401713884
699078666
996443448
1293808230
1591173012
1888537794
2185902576
70571358
367936140
665300922
962665704
1260030486
1557395268
1854760050
2152124832
36793614
334158396
631523178
928887960
1226252742
1523617524
1820982306
2118347088
3015870
300380652
597745434
895110216
1192474998
1489839780
1787204562
2084569344
2381934126
266602908
563967690
861332472
1158697254
1456062036
1753426818
2050791600
2348156382
232825164
530189946
827554728
1124919510
1422284292
1719649074
2017013856
2314378638
199047420
496412202
793776984
1091141766
1388506548
1685871330
1983236112
2280600894
165269676
462634458
759999240
1057364022
1354728804
1652093586
1949458368
2246823150
131491932
428856714
726221496
1023586278
1320951060
1618315842
1915680624
2213045406
97714188
395078970
692443752
989808534
1287173316
1584538098
1881902880
2179267662
63936444
361301226
658666008
956030790
1253395572
1550760354
1848125136
2145489918
30158700
327523482
624888264
922253046
1219617828
1516982610
1814347392
2111712174
2409076956
293745738
591110520
888475302
1185840084
1483204866
1780569648
2077934430
2375299212
259967994
557332776
854697558
1152062340
1449427122
1746791904
2044156686
2341521468
226190250
523555032
820919814
1118284596
1415649378
1713014160
2010378942
2307743724
192412506
489777288
787142070
1084506852
1381871634
1679236416
1976601198
2273965980
158634762
455999544
753364326
1050729108
1348093890
1645458672
1942823454
2240188236
124857018
422221800
719586582
1016951364
1314316146
1611680928
1909045710
2206410492
91079274
388444056
685808838
983173620
1280538402
1577903184
1875267966
2172632748
57301530
354666312
652031094
949395876
1246760658
1544125440
1841490222
2138855004
23523786
320888568
618253350
915618132
1212982914
1510347696
1807712478
2105077260
2402442042
287110824
584475606
881840388
1179205170
1476569952
1773934734
2071299516
2368664298
253333080
550697862
848062644
1145427426
1442792208
1740156990
2037521772
2334886554
219555336
516920118
814284900
1111649682
1409014464
1706379246
2003744028
2301108810
185777592
483142374
780507156
1077871938
1375236720
1672601502
1969966284
2267331066
151999848
449364630
746729412
1044094194
1341458976
1638823758
1936188540
2233553322
118222104
415586886
712951668
1010316450
1307681232
1605046014
1902410796
2199775578
84444360
381809142
679173924
976538706
1273903488
1571268270
1868633052
2165997834
50666616
348031398
645396180
942760962
1240125744
1537490526
1834855308
2132220090
16888872
314253654
611618436
908983218
1206348000
1503712782
1801077564
2098442346
2395807128
280475910
577840692
875205474
1172570256
1469935038
1767299820
2064664602
2362029384
246698166
544062948
841427730
1138792512
1436157294
1733522076
2030886858
2328251640
212920422
510285204
807649986
1105014768
1402379550
1699744332
1997109114
2294473896
179142678
476507460
773872242
1071237024
1368601806
1665966588
1963331370
2260696152
145364934
442729716
740094498
1037459280
1334824062
1632188844
1929553626
2226918408
111587190
408951972
706316754
1003681536
1301046318
1598411100
1895775882
2193140664
77809446
375174228
672539010
969903792
1267268574
1564633356
1861998138
2159362920
44031702
341396484
638761266
936126048
1233490830
1530855612
1828220394
2125585176
10253958
307618740
604983522
902348304
1199713086
1497077868
1794442650
2091807432
2389172214
273840996
571205778
868570560
1165935342
1463300124
1760664906
2058029688
2355394470
240063252
537428034
834792816
1132157598
1429522380
1726887162
2024251944
2321616726
206285508
503650290
801015072
1098379854
1395744636
1693109418
1990474200
2287838982
172507764
469872546
767237328
1064602110
1361966892
1659331674
1956696456
2254061238
138730020
436094802
733459584
1030824366
1328189148
1625553930
1922918712
2220283494
104952276
402317058
699681840
997046622
1294411404
1591776186
1889140968
2186505750
71174532
368539314
665904096
963268878
1260633660
1557998442
1855363224
2152728006
37396788
334761570
632126352
929491134
1226855916
1524220698
1821585480
2118950262
3619044
300983826
598348608
895713390
1193078172
1490442954
1787807736
2085172518
2382537300
267206082
564570864
861935646
1159300428
1456665210
1754029992
2051394774
2348759556
233428338
530793120
828157902
1125522684
1422887466
1720252248
2017617030
2314981812
199650594
497015376
794380158
1091744940
1389109722
1686474504
1983839286
2281204068
165872850
463237632
760602414
1057967196
1355331978
1652696760
1950061542
2247426324
132095106
429459888
726824670
1024189452
1321554234
1618919016
1916283798
2213648580
98317362
395682144
693046926
990411708
1287776490
1585141272
1882506054
2179870836
64539618
361904400
659269182
956633964
1253998746
1551363528
1848728310
2146093092
30761874
328126656
625491438
922856220
1220221002
1517585784
1814950566
2112315348
2409680130
294348912
591713694
889078476
1186443258
1483808040
1781172822
2078537604
2375902386
260571168
557935950
855300732
1152665514
1450030296
1747395078
2044759860
2342124642
226793424
524158206
821522988
1118887770
1416252552
1713617334
2010982116
2308346898
193015680
490380462
787745244
1085110026
1382474808
1679839590
1977204372
2274569154
159237936
456602718
753967500
1051332282
1348697064
1646061846
1943426628
2240791410
125460192
422824974
720189756
1017554538
1314919320
1612284102
1909648884
2207013666
91682448
389047230
686412012
983776794
1281141576
1578506358
1875871140
2173235922
57904704
355269486
652634268
949999050
1247363832
1544728614
1842093396
2139458178
24126960
321491742
618856524
916221306
1213586088
1510950870
1808315652
2105680434
2403045216
287713998
585078780
882443562
1179808344
1477173126
1774537908
2071902690
2369267472
253936254
551301036
848665818
1146030600
1443395382
1740760164
2038124946
2335489728
220158510
517523292
814888074
1112252856
1409617638
1706982420
2004347202
2301711984
186380766
483745548
781110330
1078475112
1375839894
1673204676
1970569458
2267934240
152603022
449967804
747332586
1044697368
1342062150
1639426932
1936791714
2234156496
118825278
416190060
713554842
1010919624
1308284406
1605649188
1903013970
2200378752
85047534
382412316
679777098
977141880
1274506662
1571871444
1869236226
2166601008
51269790
348634572
645999354
943364136
1240728918
1538093700
1835458482
2132823264
17492046
314856828
612221610
909586392
1206951174
1504315956
1801680738
2099045520
2396410302
281079084
578443866
875808648
1173173430
1470538212
1767902994
2065267776
2362632558
247301340
544666122
842030904
1139395686
1436760468
1734125250
2031490032
2328854814
213523596
510888378
808253160
1105617942
1402982724
1700347506
1997712288
2295077070
179745852
477110634
774475416
1071840198
1369204980
1666569762
1963934544
2261299326
145968108
443332890
740697672
1038062454
1335427236
1632792018
1930156800
2227521582
112190364
409555146
706919928
1004284710
1301649492
1599014274
1896379056
2193743838
78412620
375777402
673142184
970506966
1267871748
1565236530
1862601312
2159966094
44634876
341999658
639364440
936729222
1234094004
1531458786
1828823568
2126188350
10857132
308221914
605586696
902951478
1200316260
1497681042
1795045824
2092410606
2389775388
274444170
571808952
869173734
1166538516
1463903298
1761268080
2058632862
2355997644
240666426
538031208
835395990
1132760772
1430125554
1727490336
2024855118
2322219900
206888682
504253464
801618246
1098983028
1396347810
1693712592
1991077374
2288442156
173110938
470475720
767840502
1065205284
1362570066
1659934848
1957299630
2254664412
139333194
436697976
734062758
1031427540
1328792322
1626157104
1923521886
2220886668
105555450
402920232
700285014
997649796
1295014578
1592379360
1889744142
2187108924
71777706
369142488
666507270
963872052
1261236834
1558601616
1855966398
2153331180
37999962
335364744
632729526
930094308
1227459090
1524823872
1822188654
2119553436
4222218
301587000
598951782
896316564
1193681346
1491046128
1788410910
2085775692
2383140474
267809256
565174038
862538820
1159903602
1457268384
1754633166
2051997948
2349362730
234031512
531396294
828761076
1126125858
1423490640
1720855422
2018220204
2315584986
200253768
497618550
794983332
1092348114
1389712896
1687077678
1984442460
2281807242
166476024
463840806
761205588
1058570370
1355935152
1653299934
1950664716
2248029498
132698280
430063062
727427844
1024792626
1322157408
1619522190
1916886972
2214251754
98920536
396285318
693650100
991014882
1288379664
1585744446
1883109228
2180474010
65142792
362507574
659872356
957237138
1254601920
1551966702
1849331484
2146696266
31365048
328729830
626094612
923459394
1220824176
1518188958
1815553740
2112918522
2410283304
294952086
592316868
889681650
1187046432
1484411214
1781775996
2079140778
2376505560
261174342
558539124
855903906
1153268688
1450633470
1747998252
2045363034
2342727816
227396598
524761380
822126162
1119490944
1416855726
1714220508
2011585290
2308950072
193618854
490983636
788348418
1085713200
1383077982
1680442764
1977807546
2275172328
159841110
457205892
754570674
1051935456
1349300238
1646665020
1944029802
2241394584
126063366
423428148
720792930
1018157712
1315522494
1612887276
1910252058
2207616840
92285622
389650404
687015186
984379968
1281744750
1579109532
1876474314
2173839096
58507878
355872660
653237442
950602224
1247967006
1545331788
1842696570
2140061352
24730134
322094916
619459698
916824480
1214189262
1511554044
1808918826
2106283608
2403648390
288317172
585681954
883046736
1180411518
1477776300
1775141082
2072505864
2369870646
254539428
551904210
849268992
1146633774
1443998556
1741363338
2038728120
2336092902
220761684
518126466
815491248
1112856030
1410220812
1707585594
2004950376
2302315158
186983940
484348722
781713504
1079078286
1376443068
1673807850
1971172632
2268537414
153206196
450570978
747935760
1045300542
1342665324
1640030106
1937394888
2234759670
119428452
416793234
714158016
1011522798
1308887580
1606252362
1903617144
2200981926
85650708
383015490
680380272
977745054
1275109836
1572474618
1869839400
2167204182
51872964
349237746
646602528
943967310
1241332092
1538696874
1836061656
2133426438
18095220
315460002
612824784
910189566
1207554348
1504919130
1802283912
2099648694
2397013476
281682258
579047040
876411822
1173776604
1471141386
1768506168
2065870950
2363235732
247904514
545269296
842634078
1139998860
1437363642
1734728424
2032093206
2329457988
214126770
511491552
808856334
1106221116
1403585898
1700950680
1998315462
2295680244
180349026
477713808
775078590
1072443372
1369808154
1667172936
1964537718
2261902500
146571282
443936064
741300846
1038665628
1336030410
1633395192
1930759974
2228124756
112793538
410158320
707523102
1004887884
1302252666
1599617448
1896982230
2194347012
79015794
376380576
673745358
971110140
1268474922
1565839704
1863204486
2160569268
45238050
342602832
639967614
937332396
1234697178
1532061960
1829426742
2126791524
11460306
308825088
606189870
903554652
1200919434
1498284216
1795648998
2093013780
2390378562
275047344
572412126
869776908
1167141690
1464506472
1761871254
2059236036
2356600818
241269600
538634382
835999164
1133363946
1430728728
1728093510
2025458292
2322823074
207491856
504856638
802221420
1099586202
1396950984
1694315766
1991680548
2289045330
173714112
471078894
768443676
1065808458
1363173240
1660538022
1957902804
2255267586
139936368
437301150
734665932
1032030714
1329395496
1626760278
1924125060
2221489842
106158624
403523406
700888188
998252970
1295617752
1592982534
1890347316
2187712098
72380880
369745662
667110444
964475226
1261840008
1559204790
1856569572
2153934354
38603136
335967918
633332700
930697482
1228062264
1525427046
1822791828
2120156610
4825392
302190174
599554956
896919738
1194284520
1491649302
1789014084
2086378866
2383743648
268412430
565777212
863141994
1160506776
1457871558
1755236340
2052601122
2349965904
234634686
531999468
829364250
1126729032
1424093814
1721458596
2018823378
2316188160
200856942
498221724
795586506
1092951288
1390316070
1687680852
1985045634
2282410416
167079198
464443980
761808762
1059173544
1356538326
1653903108
1951267890
2248632672
133301454
430666236
728031018
1025395800
1322760582
1620125364
1917490146
2214854928
99523710
396888492
694253274
991618056
1288982838
1586347620
1883712402
2181077184
65745966
363110748
660475530
957840312
1255205094
1552569876
1849934658
2147299440
31968222
329333004
626697786
924062568
1221427350
1518792132
1816156914
2113521696
2410886478
295555260
592920042
890284824
1187649606
1485014388
1782379170
2079743952
2377108734
261777516
559142298
856507080
1153871862
1451236644
1748601426
2045966208
2343330990
227999772
525364554
822729336
1120094118
1417458900
1714823682
2012188464
2309553246
194222028
491586810
788951592
1086316374
1383681156
1681045938
1978410720
2275775502
160444284
457809066
755173848
1052538630
1349903412
1647268194
1944632976
2241997758
126666540
424031322
721396104
1018760886
1316125668
1613490450
1910855232
2208220014
92888796
390253578
687618360
984983142
1282347924
1579712706
1877077488
2174442270
59111052
356475834
653840616
951205398
1248570180
1545934962
1843299744
2140664526
25333308
322698090
620062872
917427654
1214792436
1512157218
1809522000
2106886782
2404251564
288920346
586285128
883649910
1181014692
1478379474
1775744256
2073109038
2370473820
255142602
552507384
849872166
1147236948
1444601730
1741966512
2039331294
2336696076
221364858
518729640
816094422
1113459204
1410823986
1708188768
2005553550
2302918332
187587114
484951896
782316678
1079681460
1377046242
1674411024
1971775806
2269140588
153809370
451174152
748538934
1045903716
1343268498
1640633280
1937998062
2235362844
120031626
417396408
714761190
1012125972
1309490754
1606855536
1904220318
2201585100
86253882
383618664
680983446
978348228
1275713010
1573077792
1870442574
2167807356
52476138
349840920
647205702
944570484
1241935266
1539300048
1836664830
2134029612
18698394
316063176
613427958
910792740
1208157522
1505522304
1802887086
2100251868
2397616650
282285432
579650214
877014996
1174379778
1471744560
1769109342
2066474124
2363838906
248507688
545872470
843237252
1140602034
1437966816
1735331598
2032696380
2330061162
214729944
512094726
809459508
1106824290
1404189072
1701553854
1998918636
2296283418
180952200
478316982
775681764
1073046546
1370411328
1667776110
1965140892
2262505674
147174456
444539238
741904020
1039268802
1336633584
1633998366
1931363148
2228727930
113396712
410761494
708126276
1005491058
1302855840
1600220622
1897585404
2194950186
79618968
376983750
674348532
971713314
1269078096
1566442878
1863807660
2161172442
45841224
343206006
640570788
937935570
1235300352
1532665134
1830029916
2127394698
12063480
309428262
606793044
904157826
1201522608
1498887390
1796252172
2093616954
2390981736
275650518
573015300
870380082
1167744864
1465109646
1762474428
2059839210
2357203992
241872774
539237556
836602338
1133967120
1431331902
1728696684
2026061466
2323426248
208095030
505459812
802824594
1100189376
1397554158
1694918940
1992283722
2289648504
174317286
471682068
769046850
1066411632
1363776414
1661141196
1958505978
2255870760
140539542
437904324
735269106
1032633888
1329998670
1627363452
1924728234
2222093016
106761798
404126580
701491362
998856144
1296220926
1593585708
1890950490
2188315272
72984054
370348836
667713618
965078400
1262443182
1559807964
1857172746
2154537528
39206310
336571092
633935874
931300656
1228665438
1526030220
1823395002
2120759784
5428566
302793348
600158130
897522912
1194887694
1492252476
1789617258
2086982040
2384346822
269015604
566380386
863745168
1161109950
1458474732
1755839514
2053204296
2350569078
235237860
532602642
829967424
1127332206
1424696988
1722061770
2019426552
2316791334
201460116
498824898
796189680
1093554462
1390919244
1688284026
1985648808
2283013590
167682372
465047154
762411936
1059776718
1357141500
1654506282
1951871064
2249235846
133904628
431269410
728634192
1025998974
1323363756
1620728538
1918093320
2215458102
100126884
397491666
694856448
992221230
1289586012
1586950794
1884315576
2181680358
66349140
363713922
661078704
958443486
1255808268
1553173050
1850537832
2147902614
32571396
329936178
627300960
924665742
1222030524
1519395306
1816760088
2114124870
2411489652
296158434
593523216
890887998
1188252780
1485617562
1782982344
2080347126
2377711908
262380690
559745472
857110254
1154475036
1451839818
1749204600
2046569382
2343934164
228602946
525967728
823332510
1120697292
1418062074
1715426856
2012791638
2310156420
194825202
492189984
789554766
1086919548
1384284330
1681649112
1979013894
2276378676
161047458
458412240
755777022
1053141804
1350506586
1647871368
1945236150
2242600932
127269714
424634496
721999278
1019364060
1316728842
1614093624
1911458406
2208823188
93491970
390856752
688221534
985586316
1282951098
1580315880
1877680662
2175045444
59714226
357079008
654443790
951808572
1249173354
1546538136
1843902918
2141267700
25936482
323301264
620666046
918030828
1215395610
1512760392
1810125174
2107489956
2404854738
289523520
586888302
884253084
1181617866
1478982648
1776347430
2073712212
2371076994
255745776
553110558
850475340
1147840122
1445204904
1742569686
2039934468
2337299250
221968032
519332814
816697596
1114062378
1411427160
1708791942
2006156724
2303521506
188190288
485555070
782919852
1080284634
1377649416
1675014198
1972378980
2269743762
154412544
451777326
749142108
1046506890
1343871672
1641236454
1938601236
2235966018
120634800
417999582
715364364
1012729146
1310093928
1607458710
1904823492
2202188274
86857056
384221838
681586620
978951402
1276316184
1573680966
1871045748
2168410530
53079312
350444094
647808876
945173658
1242538440
1539903222
1837268004
2134632786
19301568
316666350
614031132
911395914
1208760696
1506125478
1803490260
2100855042
2398219824
282888606
580253388
877618170
1174982952
1472347734
1769712516
2067077298
2364442080
249110862
546475644
843840426
1141205208
1438569990
1735934772
2033299554
2330664336
215333118
512697900
810062682
1107427464
1404792246
1702157028
1999521810
2296886592
181555374
478920156
776284938
1073649720
1371014502
1668379284
1965744066
2263108848
147777630
445142412
742507194
1039871976
1337236758
1634601540
1931966322
2229331104
113999886
411364668
708729450
1006094232
1303459014
1600823796
1898188578
2195553360
80222142
377586924
674951706
972316488
1269681270
1567046052
1864410834
2161775616
46444398
343809180
641173962
938538744
1235903526
1533268308
1830633090
2127997872
12666654
310031436
607396218
904761000
1202125782
1499490564
1796855346
2094220128
2391584910
276253692
573618474
870983256
1168348038
1465712820
1763077602
2060442384
2357807166
242475948
539840730
837205512
1134570294
1431935076
1729299858
2026664640
2324029422
208698204
506062986
803427768
1100792550
1398157332
1695522114
1992886896
2290251678
174920460
472285242
769650024
1067014806
1364379588
1661744370
1959109152
2256473934
141142716
438507498
735872280
1033237062
1330601844
1627966626
1925331408
2222696190
107364972
404729754
702094536
999459318
1296824100
1594188882
1891553664
2188918446
73587228
370952010
668316792
965681574
1263046356
1560411138
1857775920
2155140702
39809484
337174266
634539048
931903830
1229268612
1526633394
1823998176
2121362958
6031740
303396522
600761304
898126086
1195490868
1492855650
1790220432
2087585214
2384949996
269618778
566983560
864348342
1161713124
1459077906
1756442688
2053807470
2351172252
235841034
533205816
830570598
1127935380
1425300162
1722664944
2020029726
2317394508
202063290
499428072
796792854
1094157636
1391522418
1688887200
1986251982
2283616764
168285546
465650328
763015110
1060379892
1357744674
1655109456
1952474238
2249839020
134507802
431872584
729237366
1026602148
1323966930
1621331712
1918696494
2216061276
100730058
398094840
695459622
992824404
1290189186
1587553968
1884918750
2182283532
66952314
364317096
661681878
959046660
1256411442
1553776224
1851141006
2148505788
33174570
330539352
627904134
925268916
1222633698
1519998480
1817363262
2114728044
2412092826
296761608
594126390
891491172
1188855954
1486220736
1783585518
2080950300
2378315082
262983864
560348646
857713428
1155078210
1452442992
1749807774
2047172556
2344537338
229206120
526570902
823935684
1121300466
1418665248
1716030030
2013394812
2310759594
195428376
492793158
790157940
1087522722
1384887504
1682252286
1979617068
2276981850
161650632
459015414
756380196
1053744978
1351109760
1648474542
1945839324
2243204106
127872888
425237670
722602452
1019967234
1317332016
1614696798
1912061580
2209426362
94095144
391459926
688824708
986189490
1283554272
1580919054
1878283836
2175648618
60317400
357682182
655046964
952411746
1249776528
1547141310
1844506092
2141870874
26539656
323904438
621269220
918634002
1215998784
1513363566
1810728348
2108093130
2405457912
290126694
587491476
884856258
1182221040
1479585822
1776950604
2074315386
2371680168
256348950
553713732
851078514
1148443296
1445808078
1743172860
2040537642
2337902424
222571206
519935988
817300770
1114665552
1412030334
1709395116
2006759898
2304124680
188793462
486158244
783523026
1080887808
1378252590
1675617372
1972982154
2270346936
155015718
452380500
749745282
1047110064
1344474846
1641839628
1939204410
2236569192
121237974
418602756
715967538
1013332320
1310697102
1608061884
1905426666
2202791448
87460230
384825012
682189794
979554576
1276919358
1574284140
1871648922
2169013704
53682486
351047268
648412050
945776832
1243141614
1540506396
1837871178
2135235960
19904742
317269524
614634306
911999088
1209363870
1506728652
1804093434
2101458216
2398822998
283491780
580856562
878221344
1175586126
1472950908
1770315690
2067680472
2365045254
249714036
547078818
844443600
1141808382
1439173164
1736537946
2033902728
2331267510
215936292
513301074
810665856
1108030638
1405395420
1702760202
2000124984
2297489766
182158548
479523330
776888112
1074252894
1371617676
1668982458
1966347240
2263712022
148380804
445745586
743110368
1040475150
1337839932
1635204714
1932569496
2229934278
114603060
411967842
709332624
1006697406
1304062188
1601426970
1898791752
2196156534
80825316
378190098
675554880
972919662
1270284444
1567649226
1865014008
2162378790
47047572
344412354
641777136
939141918
1236506700
1533871482
1831236264
2128601046
13269828
310634610
607999392
905364174
1202728956
1500093738
1797458520
2094823302
2392188084
276856866
574221648
871586430
1168951212
1466315994
1763680776
2061045558
2358410340
243079122
540443904
837808686
1135173468
1432538250
1729903032
2027267814
2324632596
209301378
506666160
804030942
1101395724
1398760506
1696125288
1993490070
2290854852
175523634
472888416
770253198
1067617980
1364982762
1662347544
1959712326
2257077108
141745890
439110672
736475454
1033840236
1331205018
1628569800
1925934582
2223299364
107968146
405332928
702697710
1000062492
1297427274
1594792056
1892156838
2189521620
74190402
371555184
668919966
966284748
1263649530
1561014312
1858379094
2155743876
40412658
337777440
635142222
932507004
1229871786
1527236568
1824601350
2121966132
6634914
303999696
601364478
898729260
1196094042
1493458824
1790823606
2088188388
2385553170
270221952
567586734
864951516
1162316298
1459681080
1757045862
2054410644
2351775426
236444208
533808990
831173772
1128538554
1425903336
1723268118
2020632900
2317997682
202666464
500031246
797396028
1094760810
1392125592
1689490374
1986855156
2284219938
168888720
466253502
763618284
1060983066
1358347848
1655712630
1953077412
2250442194
135110976
432475758
729840540
1027205322
1324570104
1621934886
1919299668
2216664450
101333232
398698014
696062796
993427578
1290792360
1588157142
1885521924
2182886706
67555488
364920270
662285052
959649834
1257014616
1554379398
1851744180
2149108962
33777744
331142526
628507308
925872090
1223236872
1520601654
1817966436
2115331218
