0
35302410907
35301185794
35303009579
35305823508
35300771630
35298251426
35301728869
35300034263
35301348209
35304677453
35303131046
35303327735
35302239146
35302020549
35299713307
35302567114
35304048459
35299492164
35299212389
35304742728
35301587346
35304223958
35303370183
35304255004
35300641962
35302305975
35300288633
35301402950
35300311738
35301362686
35302917943
35301630201
35302123674
35297911989
35303198422
35302714360
35301008772
35302086522
35302447604
35303977882
35303700549
35305324516
35301470539
35303615845
35303887343
35300070960
35302924767
35304006562
35301247909
35299744801
35301641231
35301468923
35301598872
35304096983
35300465525
35304649366
35297368157
35304252259
35302100999
35303871599
35301720339
35298088881
35302761102
35298356396
35305402057
35302691548
35301453179
35302901215
35302873062
35302763079
35304520705
35300704077
35301483400
35302934802
35301102740
35303123576
35300386435
35300701711
35300005775
35303436929
35303844300
35304277710
35300746932
35301203838
35298325067
35300823178
35302492337
35301375561
35304609912
35303400294
35298827194
35303722355
35298446534
35301923977
35299825251
35303623544
35302574304
35303600360
35304651308
35301660987
35301306325
35304286846
35301246900
35301841053
35304515991
35302163114
35304937836
35300744088
35306940208
35302419116
35303840871
35301742145
35295170126
35302940402
35302503133
35303812566
35300042472
35302849990
35301825309
35300092483
35303809744
35300126489
35301394146
35302738670
35300875376
35300182904
35304311871
35302114870
35304177482
35303897707
35301377503
35302232391
35304644499
35304474286
35304276332
35305303614
35302116114
35301943806
35305192915
35303094189
35304038988
35299145311
35302618241
35298468340
35302597307
35304713423
35304505406
35303294397
35296768667
35300454626
35304254151
35304081843
35305051392
35303261585
35301129061
35298250290
35298077982
35298439064
35301347073
35302642792
35301535847
35298752417
35303922181
35300104587
35301849200
35299750474
35303548767
35299159203
35300511462
35304641236
35301586210
35301413902
35301774984
35301172123
35301766276
35298134818
35302088337
35304494115
35301231601
35299398340
35304171981
35298505037
35302495123
35303314064
35302865625
35299987780
35304320697
35305160220
35301737278
35303004935
35300017706
35304787772
35299156359
35306253944
35303725659
35301866660
35300108127
35296476669
35302411128
35300869115
35303323700
35301349015
35306538898
35303131852
35303328541
35302090172
35298492471
35302492279
35301869029
35301589254
35299490528
35303964211
35304743534
35302589753
35298393563
35304855148
35299591820
35302665498
35301724150
35302688603
35303739551
35301828391
35303386222
35299855444
35300288854
35304083312
35301773975
35304635695
35296834322
35301009578
35302087328
35302927740
35301706668
35303847404
35303085385
35302666422
35302447825
35303846373
35304568128
35302706789
35304566459
35303168549
35299745607
35303975737
35301469729
35302842390
35301089069
35303109905
35302733251
35304477864
35306002342
35304097204
35298430260
35301284067
35300213097
35302759466
35305068413
35303081527
35302329807
35301453985
35301367231
35303386623
35302745948
35303860265
35300704883
35303443038
35299811580
35302763300
35303078576
35302382640
35300840627
35305492525
35304467844
35300103260
35303580703
35300701932
35303200043
35298463983
35303844521
35302825439
35301376367
35301204059
35305878375
35300823399
35295156455
35302202116
35305340781
35304951169
35303439180
35301649373
35301811638
35303683190
35301799903
35303103601
35302809695
35301062536
35304403914
35297186494
35303120953
35296805834
35304529821
35304291318
35304119010
35297546991
35304156953
35304879998
35303657706
35302419337
35298267715
35302641656
35300200353
35301389037
35302503354
35305947579
35303912222
35301394952
35302559769
35303177789
35304491735
35302658474
35303972965
35298375568
35304609256
35303548008
35305032611
35300184609
35305116229
35304277138
35297544147
35298425393
35301944612
35302760545
35301522176
35301017513
35300845205
35304753049
35306183765
35299736803
35300383901
35298625368
35306238150
35305958375
35296926548
35303913255
35300074772
35303505926
35300627155
35303861506
35300815929
35304711278
35302750662
35299384669
35301129282
35301536653
35302481452
35303469291
35302127339
35296910804
35304634791
35302888327
35306001015
35302302265
35301427470
35303115578
35301414708
35299397366
35300511683
35304465202
35300094456
35304269712
35301775205
35301054210
35300881902
35300813085
35302955916
35302495929
35302364645
35301556337
35302411225
35304114143
35303412484
35302394571
35299476857
35301533224
35299434498
35306102524
35302703589
35300195486
35298853534
35303464577
35301710479
35304493705
35303205716
35305231764
35303473231
35299841773
35299755019
35300869336
35303454080
35302770418
35304345329
35301867393
35300179742
35306485221
35303965017
35300770428
35302588117
35301968685
35301960279
35298537337
35301491152
35304423853
35302689409
35296851771
35302232309
35303441902
35296160693
35303472948
35299429784
35299211187
35303386443
35304464193
35304825275
35304025199
35299931911
35304604132
35300199426
35302745795
35305683837
35302824303
35305083654
35299496613
35302227488
35301727338
35302732277
35301916112
35302351617
35302945770
35305282424
35302229465
35303110711
35301848805
35299539468
35300807125
35302808559
35302589962
35301609889
35300168097
35301527849
35303705071
35303310686
35303744096
35301645370
35301611866
35306713206
35301231206
35302360753
35302188445
35300120709
35305501247
35305747872
35301635702
35304069987
35302698722
35302480125
35303089930
35304204247
35299726531
35299951740
35303200849
35305202304
35303468364
35304824086
35303456629
35298771689
35297533320
35302765551
35305719366
35300810482
35301885502
35298254044
35304188503
35300186682
35304038658
35301969519
35303657998
35303439401
35296085916
35299563359
35299924441
35299182699
35304160125
35303437035
35301267903
35303068868
35304119816
35297547797
35300170938
35304466138
35300644580
35302749526
35302577218
35299421836
35302058448
35305174770
35302089494
35301841335
35304440337
35305554654
35302560575
35305035339
35298611697
35300752433
35299464691
35304130846
35304944800
35302561474
35301473157
35300093320
35299921012
35300282094
35304321477
35305137410
35303940817
35300641736
35301522982
35304477469
35297905450
35302113668
35302760766
35301002233
35302033220
35299475721
35299303413
35302827807
35302451637
35303015153
35303286651
35298567530
35305958596
35303859870
35302999903
35301241370
35302106600
35303913518
35296190886
35305846156
35302482258
35299287669
35300735705
35300707552
35303580308
35302355195
35303804335
35303963881
35301894742
35299420827
35303410913
35301203664
35302471321
35299526806
35304091056
35303431075
35303362258
35303189950
35300882708
35304872794
35300502048
35300661565
35300381790
35305961657
35302756747
35303092091
35301853722
35301983671
35301811363
35305130884
35301458034
35302572351
35301434850
35302485798
35303348795
35302799602
35303246786
35299081390
35303457007
35302218638
35302131884
35305375538
35303617005
35305147283
35300253606
35302852608
35302556607
35301868199
35304491340
35301240361
35304964982
35297876962
35301086510
35300914202
35302810632
35304101821
35305066274
35299228636
35301588637
35298709866
35298537558
35303211874
35299949360
35304994711
35302889740
35299211993
35301212882
35299525797
35302308776
35302794888
35302576291
35304070616
35302135431
35305201168
35302045786
35301873478
35296979801
35301631699
35302225852
35304292977
35302547913
35305322635
35301128887
35294603157
35304967412
35302088641
35301916333
35305423927
35303325201
35300807931
35302467663
35302544962
35303904714
35300307013
35300477282
35304707478
35299615935
35303988731
35297939077
35302820170
35303697416
35301383257
35302497574
35301406362
35302475726
35304012567
35305744817
35303218298
35299006613
35304874916
35304733291
35302103396
35302328605
35303542228
35299910770
35305371354
35296339527
35303049329
35301148554
35303316844
35301165584
35297534126
35302994710
35301869278
35300630909
35302735855
35302563547
35302924629
35302044777
35301560149
35305481272
35298462781
35305100612
35302301306
35300547985
35303401792
35299183505
35303644768
35299451020
35303746220
35299924662
35302547803
35304574008
35301208015
35305026035
35300268423
35301798701
35302578024
35303406982
35302197364
35303386048
35302519425
35297891779
35302786940
35302226931
35300988562
35298889836
35301841556
35300753239
35299419691
35301917802
35299608465
35302470185
35302877556
35302658959
35299921818
35306628593
35299541158
35303018601
35300919875
35300500912
35300282315
35301680863
35304089159
35301300203
35302400949
35301003039
35302341524
35302935677
35299304219
35303257738
35298923559
35300944395
35300567741
35306236735
35303836832
35303618235
35296264750
35303422745
35298567751
35305736869
35304338959
35303454062
35302108949
35299288475
35304904368
35301221113
35306136760
35303833294
35301970000
35301277528
35297646070
35303580529
35302038516
35301729115
35302268328
35303327015
35302302334
35303431881
35302624395
35299661872
35302878913
35302930963
35302758655
35300659929
35304788896
35300239935
35303712865
35299562964
35292990945
35300761221
35303834899
35304030312
35297863291
35304862663
35299646128
35304509334
35301024845
35301458255
35300644185
35304162794
35303095266
35298003723
35302132690
35303737416
35302630471
35302876069
35303130747
35301199211
35303789534
35302982048
35304948228
35300253827
35301606086
35305735860
35304337950
35300915008
35302869608
35304116807
35303965502
35299229442
35304279306
35305588739
35302326225
35300492964
35301807455
35299599661
35302074970
35301382498
35303928867
35301082404
35304250928
35303397979
35302577097
35296259883
35302565362
35305201974
35299356666
35301874284
35304602717
35304105009
35304124389
35297571293
35303505752
35296980022
35304418324
35304465506
35301272661
35301747745
35299595803
35303184796
35299587095
35304967633
35304468149
35302545768
35300585152
35297219159
35301992800
35296325856
35300315942
35303574871
35300686444
35303608877
35302818774
35302981039
35304852591
35302923015
35304480846
35300950068
35301383478
35305527026
35302868599
35305328720
35297928946
35302104202
35302287635
35298888700
35298716392
35304869466
35306316959
35303761046
35301149360
35299390827
35303811057
35304246143
35303188153
35304263173
35297311347
35305081623
35302564353
35303937014
35302183693
35304204529
35303827875
35301810533
35299544969
35304485280
35301560370
35303066254
35301307721
35297676263
35305042774
35304176151
35299594794
35302548609
35302192929
35302645288
35302186914
35304954889
35301799507
35304574229
35300906204
35300487241
35299794769
35305163805
35304603796
35302505070
35301266701
35300989368
35301844256
35301796556
35302157638
35301985330
35304939145
35303920063
35300554070
35302298683
35302659765
35301918023
35296251079
35303296740
35298033916
35300580285
35304057728
35305180176
35302095278
35302550582
35303379904
35304198225
35300566767
35301681084
35300186107
35301263857
35303116914
35302944606
35300945201
35306068147
35302254657
35298641615
35302288663
35303487757
35302725738
35303580626
35299362339
35301539561
35301665340
35300646258
35303597978
35303063707
35305006846
35303345199
35300195243
35300022935
35301548410
35304415381
35304105980
35299470192
35301904477
35304642632
35301011174
35300924420
35300630514
35304623481
35305307828
35299520017
35303036794
35301302854
35302616800
35302112137
35301939829
35295367810
35303138086
35304025033
35301478525
35299719992
35296088534
35302022993
35298021172
35303401710
35302855937
35303021050
35304469086
35300552896
35300380588
35304509555
35306114281
35300479293
35305252934
35299102393
35303576076
35301368827
35302853430
35298005428
35304981134
35303982951
35303978461
35303396889
35302522094
35303580443
35305492071
35300491990
35301606307
35306451825
35305155934
35304280112
35302869829
35296446187
35301976526
35303931671
35303759363
35302779290
35303459269
35302650961
35301195281
35304480087
35298636748
35302814771
35300571481
35304423457
35302354318
35299357472
35306481874
35301290110
35299948158
35304559201
35302763546
35302033362
35303821834
35303649526
35303453667
35300936397
35300849643
35301121141
35302371331
35304845334
35302693392
35302962017
35299596024
35298875029
35298702721
35306099466
35303682741
35300316748
35303054903
35299377156
35300232044
35303259178
35303784033
35305707251
35303326933
35304608802
35297255317
35304610286
35300524408
35300305811
35300713182
35304149548
35301265565
35302314524
35301026535
35298717198
35301294050
35298336538
35301767692
35303918927
35305107611
35300591237
35303490364
35299688212
35303212606
35303010736
35303446241
35304040394
35300408936
35305081157
35299781098
35301921834
35300634092
35302491399
35303903183
35303684586
35300053128
35301262721
35302143967
35301451495
35304405310
35304569794
35302739994
35302706490
35302646094
35302325830
35299074851
35303283069
35302343942
35302171634
35303202621
35300645122
35304881935
35303793346
35303366233
35301267507
35305298871
35299736931
35301046364
35300766589
35303103243
35302410771
35304253597
35305036630
35297360287
35298627944
35300629378
35300410781
35301905106
35301865938
35299348668
35304472143
35301131505
35303677874
35299466189
35302943632
35304534025
35302562972
35303640722
35300696207
35301534739
35303322066
35304531659
35302362527
35303551211
35304145364
35298642421
35305102603
35305560762
35301739204
35303916426
35303195431
35303023123
35303153072
35305440572
35303184118
35303914060
35302287240
35302604251
35303655199
35302844964
35299706321
35301847057
35304106786
35299910596
35303388039
35303301285
35302567781
35304455415
35303135251
35301376718
35297745260
35303679719
35303037600
35304489002
35299088722
35301151334
35299000074
35295368616
35303246516
35302096857
35298465399
35300570345
35300398037
35300759119
35299879267
35304994803
35304381275
35299662154
35306164112
35304954494
35298382475
35302335994
35298704536
35301479258
35297285510
35303745692
35303576882
35300382293
35305359719
35301802176
35302860525
35298102913
35302801100
35303395253
35306070191
35301718395
35305115995
35302298288
35295726269
35300621430
35303258042
35298823052
35296724326
35304494602
35301977332
35303590775
35301596672
35305027826
35301476414
35301646683
35304420272
35301680689
35302948346
35299062189
35303989571
35301734337
35302552658
35303666975
35302529474
35305313252
35304443419
35304410227
35304341410
35300176014
35304551631
35303313262
35303226508
35301973474
35303166406
35301080171
35304086423
35300699511
35301911875
35301251894
35301257235
35302334985
35298703527
35302693613
35298322867
35301754021
35302608909
35305196445
35304094030
35303971250
35302683261
35299804490
35299632182
35299993264
35302901273
35301717386
35299563605
35300306617
35304767880
35300620421
35301266371
35301094063
35303670915
35300713403
35302065662
35306195436
35301437824
35302968102
35298074425
35302726323
35301701642
35299689018
35303642537
35299061180
35302785801
35295697781
35302157963
35300059237
35303010957
35301922640
35304419825
35301541980
35303562287
35303639586
35304000668
35303828360
35301571906
35305802102
35300710559
35305083355
35299033701
35301624024
35301451716
35305837583
35302494574
35302423315
35303570350
35302172440
35306546381
35306170211
35304882741
35302832543
35300046671
35302113796
35303423229
35303143454
35301005394
35304651571
35297434151
35299909460
35299737152
35304411468
35301146020
35298628750
35303278350
35300411587
35301725533
35303382591
35303508370
35301409644
35301843054
35305426901
35302266409
35303791819
35303245380
35302563778
35301642609
35302831293
35301964670
35304601282
35303747507
35304220622
35301019286
35304100364
35304568913
35302302639
35305958297
35301363047
35304524795
35303192173
35294160346
35302192269
35304480672
35304224507
35298986403
35306032064
35300815529
35302083186
35299984460
35303525830
35301767297
35300745448
35304264667
35300703089
35303302091
35303008185
35302921431
35300122125
35298368804
35302322323
35302703956
35301465587
35301595536
35301376939
35297745481
35305183783
35302394827
35304248923
35302097663
35305307211
35303135984
35300398843
35306225433
35300018183
35302039019
35301662365
35299645023
35300759340
35303244371
35301081401
35296710655
35299662375
35301480064
35304567380
35303746498
35297429284
35300383099
35300698375
35300479778
35304657801
35305772118
35304899765
35304095260
35298740694
35298321731
35298103134
35302823739
35303362952
35304606576
35299101191
35298823858
35303719019
35300756496
35303973537
35299821915
35303620208
35300089430
35298388560
35304057554
35301657651
35301439054
35294085569
35301243564
35301837717
35305124936
35302159778
35305313710
35299929768
35304973662
35302119469
35302552879
35301738809
35305257418
35302937066
35299098347
35299979593
35303457036
35300058101
35303076376
35300089147
35305339688
35300123153
35301252700
35300560228
35301938101
35300179568
35304639819
35301220331
35298480748
35302609715
35303315513
35305060126
35302181355
35303039359
35298843687
35302979934
35303459073
35300938869
35302683482
35303090853
35302477122
35298845664
35304406154
35298465004
35304492603
35303671721
35297354507
35303814689
35302981670
35300451290
35302968908
35300951566
35302065883
35301610353
35301438045
35305367117
35298074646
35302608410
35302436102
35302158769
35302842369
35300690427
35303327039
35303110537
35303358085
35306377533
35303640392
35303948771
35298313783
35303087424
35297420480
35301410566
35299203317
35301749686
35304157982
35304871439
35303264679
35303719983
35304549305
35305580292
35303022793
35298501701
35301309219
35302423536
35302252738
35305746060
35302114602
35303382259
35299983324
35299811016
35302286325
35304657158
35304407782
35302243984
35300485451
35302708962
35302788452
35304282777
35304243609
35298405971
35303786509
35304514600
35301364644
35302178598
35302717811
35305061154
35302905157
35300639593
35299867852
35304341535
35302693218
35303380446
35298770887
35305928882
35306396816
35300689418
35304679504
35302472255
35301720814
35303281538
35296709519
35296537211
35304569134
35304460636
35301581865
35300889393
35297211646
35303192394
35301093668
35302361325
35302083992
35302938880
35303122313
35301722297
35303079954
35305678956
35304864886
35301648694
35299631352
35300225505
35304699188
35305080821
35304022831
35299128540
35301466393
35303529005
35305147862
35303189902
35302729915
35301324854
35305505515
35301661391
35302775708
35301280731
35302395048
35304211538
35304039230
35297615588
35305647511
35303349281
35300325889
35299087520
35302742612
35303820362
35302364682
35299978457
35299806149
35302759964
35301740882
35305592858
35303523719
35300480584
35304439823
35301289867
35301117559
35300698596
35303886658
35303202763
35303079983
35302822103
35303314377
35301200723
35299101997
35301725138
35303494443
35302198780
35303704664
35300937733
35300765425
35300044430
35304034516
35304211700
35296462434
35301439860
35304214582
35300546557
35301401445
35297183158
35302306633
35301018891
35301745873
35306499000
35300884526
35303027357
35301166018
35301475212
35301836294
35299369229
35302434966
35303437636
35300197017
35301385701
35302463451
35299459650
35302937093
35304314966
35302556433
35303587420
35301029921
35300857613
35304382007
35305692378
35302705149
35303544672
35300121730
35301220552
35301845852
35304554103
35297540811
35303660800
35301941276
35297745086
35301222529
35304036458
35300841869
35302289905
35302261752
35299731372
35303909395
35305358535
35303815495
35303448942
35296923212
35304647199
35303513343
35304236388
35301081006
35303858170
35303127986
35304316670
35304535634
35302436908
35303067292
35305185961
35302215765
35301935990
35304272644
35303788016
35304980948
35300690648
35299969653
35299797345
35300158427
35301580182
35301411372
35302989050
35300471780
35301326668
35302300906
35297781783
35300635590
35302116935
35300878566
35300809749
35305867972
35302188466
35302704140
35301807806
35304406808
35302360189
35299854181
35305314765
35299811822
35306784647
35299431162
35302862316
35305085827
35300192150
35304145669
35304584988
35300782836
35304307230
35305466550
35302394875
35304035299
35301503560
35304014365
35300875722
35303016458
35302244717
35301079997
35304642994
35303528070
35301147752
35305624816
35303238591
35301000896
35298914661
35304849120
35298534001
35305658403
35299086384
35302320735
35300169475
35296538017
35303438566
35296157357
35299588511
35301739746
35303470533
35301928520
35301311183
35302362131
35304021863
35300831555
35303123119
35301861213
35299551876
35303246586
35299873937
35302602370
35298454911
35305285379
35301724002
35301505405
35301912776
35302960562
35304029926
35299272314
35302226129
35303701719
35300560813
35299536132
35304399338
35303657596
35296895670
35301790831
35300164761
35299992453
35297893727
35302022694
35302702754
35304760176
35301608530
35299088326
35304548910
35302355322
35302185109
35303690993
35304117747
35300231590
35303076046
35302857449
35305008684
35303381864
35303086594
35300329064
35302102185
35305579628
35302424246
35305198968
35301005220
35304482663
35301478862
35303142875
35304335807
35302762215
35305209535
35298839884
35303081276
35302421295
35302380347
35300183346
35302245958
35301966183
35296463240
35302923422
35303778310
35299560023
35303573749
35303395756
35301853743
35300973891
35303261391
35301162665
35303542883
35304431756
35300686717
35299477099
35300665783
35299799160
35302435772
35303762566
35302055112
35301836515
35303235063
35305643359
35304309811
35303955149
35299197537
35303895724
35302824754
35300858419
35302813019
35304001703
35302498595
35296820893
35304222717
35304352666
35299917676
35297818950
35304318141
35300121951
35298579938
35304854793
35305008262
35304474133
35300842675
35305514896
35302775313
35296203294
35300156813
35302793425
35299300077
35302824471
35303663975
35303592716
35303283315
35303822528
35305504851
35303856534
35304986081
35303955655
35301216072
35304764938
35299539214
35304261030
35302174795
35305774683
35301794135
35301078861
35302346518
35294545145
35302315421
35299798151
35303788237
35299417491
35302848645
35301200328
35301397017
35300158648
35303012455
35304493800
35303435810
35303186614
35300879372
35303686890
35302812010
35300658229
35303134071
35303469415
35302231046
35302360995
35302188687
35304732937
35301808027
35303160286
35301454698
35297923920
35305694196
35304215292
35304084008
35302796266
35300783642
35299078054
35300155804
35303880425
35302047164
35303252587
35301153861
35302808152
35302936698
35301914849
35302636604
35304781910
35304952179
35301237025
35297814083
35301291526
35299538205
35300910866
35302807296
35302588699
35302718648
35299087190
35298914882
35303589198
35298534222
35305372035
35303267064
35304477693
35303301945
35301150003
35303927167
35299522461
35303208420
35304979820
35300814424
35301928741
35298773359
35302250802
35297880056
35300831776
35301192858
35302240644
35305105806
35304289641
35301506211
35301821487
35301649179
35304602994
35302504268
35302937678
35301912997
35302369903
35299444843
35299272535
35303658402
35302541626
35300442900
35300270592
35299993259
35304842131
35305315246
35302703560
35300945027
35304743320
35301258831
35304742353
35305817373
35302780763
35302472390
35295254970
35302366676
35303007118
35305758729
35302771500
35302705929
35301099169
35302463872
35303894588
35304620454
35302861921
35296336191
35304060178
35303622909
35300087228
35304102809
35303747129
35301216749
35299463428
35304843966
35301246265
35302422101
35304622823
35302041441
35298840105
35305477936
35302389732
35304553204
35303779116
35302543568
35302345614
35303350756
35303711838
35300013088
35305435960
35303282179
35300739647
35301853964
35303042648
35302176025
35297805279
35303784306
35299588116
35303763372
35304231306
35298523908
35304460462
35301792999
35301574402
35299267160
35302120967
35303235284
35302779754
35302295126
35299416355
35299197758
35299605129
35305910608
35303808857
35300195815
35299918482
35305041957
35300956803
35304481197
35300916539
35304714832
35301184054
35299483184
35297465842
35298580159
35302533678
35302941049
35302338188
35302563397
35299300883
35303254402
35305499742
35301024392
35300564405
35301383346
35299624813
35302478620
35303592937
35303422139
35301916079
35301074217
35302486273
35301152725
35304171000
35301183771
35305953837
35296922010
35302347324
35301654852
35302536098
35301274192
35297642734
35302314955
35297910249
35303704339
35304410137
35301522556
35305812675
35302426915
35299938311
35299658536
35304553697
35301037253
35303134529
35300656593
35305130276
35299940288
35304407630
35299559628
35306021213
35300757885
35303495374
35300300785
35304076294
35297878920
35302994456
35302046190
35301021509
35301454919
35302532669
35298381047
35304424029
35298000387
35303530726
35303253393
35304061992
35304291714
35304421663
35304205161
35304452709
35300860178
35300190948
35300800753
35301394906
35305732524
35304543130
35300911672
35300297941
35301179187
35304698406
35305514339
35304275970
35303587562
35302494255
35306674916
35304117417
35299596325
35302403843
35301379162
35303347362
35303363597
35299680342
35305440524
35301150224
35300429229
35300256921
35303865724
35303569723
35301870948
35301147858
35300931356
35301786244
35304198352
35305235246
35306223085
35301649985
35305609224
35301269325
35303273222
35301821708
35305056059
35304181264
35304249384
35300962476
35302151160
35302370124
35300271398
35302848250
35296322520
35303321892
35303808004
35302107134
35303566879
35302815438
35305157628
35297804143
35297631835
35297992917
35305383983
35302228601
35305148365
35298306270
35303476034
35302188292
35295616273
35305457383
35302949280
35298713056
35302335419
35303698167
35302464093
35300538630
35304937661
35300725976
35301320129
35297688671
35303623130
35300629051
35305078287
35298952193
35303725834
35304217635
35302199322
35303824539
35302419478
35299541633
35303874550
35304714073
35301291131
35302389953
35306520737
35304657443
35298710212
35299591458
35303064388
35298914487
35300182144
35302183578
35301964981
35303459306
35301073081
35300900773
35306700244
35302685705
35302882394
35301644025
35298046324
35305079320
35302927378
35304671991
35301793220
35303088939
35301981994
35304174607
35303916727
35300550734
35299145673
35300196621
35303994914
35304589067
35300957609
35304799288
35302032357
35301860049
35299842707
35303468330
35301327828
35304281643
35302534484
35300563431
35301641181
35302496069
35301260521
35298951184
35302941270
35302220275
35302001678
35301979150
35304121981
35302260642
35304120312
35302722402
35299299460
35303529590
35301023582
35303560636
35300642922
35302705534
35300554274
35296922816
35304912963
35301315262
35300019599
35301525483
35300287114
35302313319
35304787322
35303564276
35303914661
35301007838
35300921084
35302035401
35299936675
35303414118
35300258736
35303033458
35298839710
35302317153
35302678235
35301936493
35302170297
35303134750
35304021697
35299657113
35303832369
35300255785
35305371321
35298017836
35303398374
35304607967
35297280469
35300757912
35304812242
35300377252
35301408239
35302480584
35303531532
35305144975
35305314369
35304292520
35301365491
35303237043
35303349926
35303177618
35303771771
35300616389
35303393553
35301253051
35302674806
35303035888
35304083674
35306867452
35305997619
35303395530
35298876407
35301730214
35300659244
35301973190
35304780708
35303527674
35302775954
35301334162
35302057207
35304871136
35303192095
35300948805
35302811435
35302731642
35300257727
35302212327
35303524723
35303308221
35301286774
35306667312
35304586464
35302801767
35304026850
35303830991
35303489499
35297979246
35301498465
35303271586
35301117805
35303593647
35303339341
35302174621
35295602602
35302648263
35299937754
35298699385
35303885327
35302095520
35300009285
35303467108
35299628625
35303549748
35300181008
35303415359
35300369782
35297632641
35304605466
35297251981
35300683135
35301090506
35304565157
35297993138
35302405807
35305326145
35304188644
35304712284
35298713862
35301856118
35300646500
35301835184
35300968561
35303696994
35300065536
35303178224
35303005916
35303823565
35301329058
35304587987
35305124550
35298821715
35306201404
35302049782
35301918498
35300630756
35303840304
35303667996
35297990294
35306586431
35301259385
35301087077
35298988351
35301463660
35301291352
35299749339
35302157635
35300182950
35305643534
35299071515
35303279733
35304785617
35297372695
35301326214
35300641786
35300423189
35303820609
35305304243
35304181218
35301423688
35299733595
35304385493
35303518870
35304165968
35302407435
35301522538
35302573486
35297356951
35302220157
35303334474
35302243262
35301901770
35301873617
35303515919
35295714546
35299843513
35305129946
35303060807
35300540603
35304018046
35302369729
35301500357
35300692871
35305257121
35303402063
35302299648
35304356015
35302002484
35302857372
35305526380
35301781341
35301676325
35299923004
35303400447
35303530396
35303019787
35303149736
35302931139
35299299681
35302577810
35299093321
35302600915
35303651863
35304514860
35301163742
35300287920
35300201166
35303258924
35303384703
35303216565
35301199223
35302313540
35303977553
35302635601
35305412765
35301216575
35299674562
35305055100
35302406426
35298983484
35301937299
35302252575
35302033978
35297297918
35302678456
35303888049
35300256591
35302754702
35299875931
35299657334
35304377939
35304917152
35305647094
35303785104
35300378058
35305050279
35300645573
35305555068
35300633838
35303270450
35301643630
35299942760
35303237849
35302173485
35302993254
35295639769
35302797764
35303391917
35305412753
35302675612
35302990888
35302294952
35302491641
35301253272
35297101650
35303036109
35304434657
35300614244
35301973996
35304781514
35303711027
35301612301
35305689471
35301643347
35303325670
35301677353
35302806900
35302114428
35303986235
35304863481
35302549322
35299018544
35303950164
35303595502
35305037866
35303536077
35303535210
35300172678
35300356111
35303875330
35305013273
35303494670
35304708293
35301076835
35299217836
35297459303
35305229579
35302314619
35301256629
35302331649
35298700191
35302386150
35300632829
35302005490
35302415666
35303683323
35304090694
35300181814
35300009506
35300370588
35299628846
35304574316
35303467371
35295744739
35303515015
35302036111
35304881239
35300617085
35300261405
35301090727
35301909048
35303023365
35299867983
35303345426
35298974680
35302964766
35300757517
35304886484
35305049970
35305384265
35304295948
35299057844
35301198580
35300436561
35304426647
35300055901
35303007621
35301919304
35300539467
35300367159
35300728241
35303636250
35301537524
35301365216
35301087883
35302298512
35302126204
35303327640
35302039651
35304561249
35301448380
35302479367
35298635243
35299749560
35303567014
35303018651
35303461300
35303732798
35299013677
35304423803
35303800553
35302110460
35301422052
35302552747
35300794214
35304784300
35297430815
35303257788
35299733816
35301181852
35302843701
35304026455
35303275014
35302306883
35298263719
35298091411
35302220378
35306014836
35303136065
35302443593
35298765846
35303484356
35299079650
35303069736
35303638192
35302691957
35304676513
35301689284
35301107712
35300827937
35304376803
35303202894
35301185552
35301779705
35305954961
35305622393
35304878930
35300682740
35294157010
35301880997
35301642494
35301470186
35304284115
35302879054
35300361784
35303215591
35302144621
35302578031
35305635789
35304063152
35304261331
35299169788
35303298755
35304903481
35302374023
35304937487
35304296812
35302051427
35304564327
35301532657
35301360349
35303256779
35302772151
35298560466
35299674783
35302034784
35304035673
35302348588
35303658021
35300395507
35305399082
35302052125
35304634183
35301659029
35302477970
35300719437
35297087979
35302548563
35304516763
35303010703
35305258864
35302491933
35302319625
35297425948
35303731427
35304911432
35298016634
35302994060
35305768782
35300101838
35302955645
35298737358
35304671817
35299004873
35303300073
35299478515
35302438726
35302913810
35300761868
35304350861
35300753160
35300923429
35302131877
35303320561
35301751217
35298385224
35304017651
35297445632
35301829404
35304977405
35301852509
35304589998
35301395409
35300307092
35298973544
35304089080
35299162318
35302116133
35302549543
35302774752
35299475671
35300356917
35299095011
35296785674
35303453700
35300054765
35299836168
35304302204
35303805802
35303633494
35301954802
35300556892
35301895377
35302489530
35298858072
35304792531
35298477412
35306201399
35300121594
35305790588
35302747453
35305370594
35304682186
35301316193
35298121604
35305651345
35304412976
35303731662
35302473786
35298842328
35304458221
35300774966
35300714570
35302244848
35301523853
35301351545
35301712627
35303134382
35302965572
35302242482
35302025980
35302673078
35301434709
35299335983
35302813426
35299215725
35302432766
35302363949
35304296169
35302916332
35303323703
35303105106
35305344008
35303914389
35301408381
35300315074
35301366022
35304770629
35297417144
35302127010
35299199981
35301746350
35301184416
35301012108
35303261343
35303716647
35305404755
35299087541
35301686543
35301390542
35305568565
35302429922
35304282979
35303798917
35296710897
35303171079
35304043904
35299807680
35303430043
35303900209
35302555096
35300468861
35306403320
35302705626
35304551906
35298783295
35303874935
35301723675
35298092217
35300046817
35301361308
35301142711
35301628823
35301456515
35303482720
35300636257
35303070542
35305084062
35302130950
35295813736
35303204802
35301106076
35304800786
35300686082
35304156570
35300009111
35293437092
35303278202
35303059605
35296533875
35304257862
35304019359
35300826514
35301301598
35301470992
35302738649
35299140948
35304521486
35303541413
35298449870
35303345031
35296773012
35301546653
35302577640
35303576894
35301645358
35300240297
35303162730
35305394375
35302534892
35302052233
35304426252
35305113480
35303567226
35300937331
35304562954
35302422452
35304897761
35304205289
35301658055
35301883264
35305493788
35304428990
35300045808
35304035894
35301828645
35300703213
35299464844
35304697075
35303844126
35302742006
35303817026
35300394084
35304635476
35299802813
35303934547
35301737546
35303800158
35303381728
35298017440
35302478703
35302409886
35301114223
35302620107
35301381738
35303199427
35300041950
35304658900
35299148647
35302102462
35302015708
35302240917
35301031299
35302219983
35301353360
35296772003
35300762089
35300041094
35299822497
35304206269
35303264921
35303099659
35304636509
35300543221
35301398109
35301350409
35301711491
35301539183
35304492998
35305774867
35298375093
35301852536
35302213618
35299334847
35299162539
35303575208
35302431630
35300134138
35306408993
35299836974
35302460115
35304331667
35302933757
35303964744
35297757494
35301234937
35304347625
35300854277
35302670767
35302498459
35300499054
35302256680
35299991116
35304931427
35301842516
35303041610
35301753868
35298122410
35306108527
35301093414
35301219193
35302428786
35302639076
35302617560
35302633061
35303900718
35303906059
35300563050
35301102263
35304667047
35300240916
35304402845
35301458330
35302951217
35301712848
35301764898
35301592590
35304925615
35304740814
35299073870
35302593089
35300856707
35302212429
35304688271
35304269308
35302864247
35296697226
35303742887
35298480063
35299794009
35304503875
35301576846
35299478120
35302996729
35304731126
35304644372
35301012914
35303994786
35300632254
35301710004
35305700090
35300033146
35302669758
35301815983
35302700804
35299087762
35302407283
35305877345
35303171885
35304026773
35299808486
35302950742
35302845726
35301092405
35305045924
35304361496
35301160160
35303791346
35300641390
35300469082
35302423682
35303453305
35303770316
35299916339
35304011029
35302333143
35301457321
35301370567
35301076661
35304507815
35298190601
35302368624
35303482941
35303977310
35302542783
35298911325
35302385976
35295813957
35303252259
35304471180
35302317399
35300166139
35296534681
35303203379
35298467319
35303847857
35301736410
35301517813
35301925184
35300999043
35300826735
35305501051
35299149877
35302408806
35304954505
35299548540
35303502059
35299870601
35304751694
35298451575
35303314781
35302813031
35303337886
35304407250
35302968241
35304026590
35296809170
35300938137
35304561318
35306582154
35302884460
35303703401
35303464353
35296892334
35301787495
35298271051
35304205510
35297890391
35305248368
35303097108
35301641428
35304926234
35304274057
35302770949
35301017628
35304495071
35302800465
35303976301
35300228254
35305109347
35300394305
35303672434
35300187945
35302479509
35304764903
35304977348
35302258366
35301382544
35301295790
35301525512
35304479327
35304392573
35302293847
35303408164
35302199947
35299321176
35298628704
35303077940
35302417959
35305317572
35303501050
35299823303
35300678191
35303347199
35302920086
35300821360
35303773080
35304088356
35301351215
35303849326
35300970555
35300751958
35301159329
35304590483
35296914140
35302760671
35301472682
35304014111
35301740197
35301430806
35302213839
35304365074
35302738254
35301037384
35299020042
35300134359
35304087878
35303456883
35303892388
35304486541
35300855083
35302875919
35300227245
35302367981
35302118605
35302937546
35298196274
35304130733
35300499275
35301708868
35303470279
35301897642
35304040473
35302706925
35304994425
35302737971
35303467913
35302771977
35302939915
35303209052
35302398817
35302617781
35303648768
35301091269
35299464449
35304690126
35304141763
35303076756
35307302480
35300183078
35301450735
35301212736
35303233572
35302591453
35304688729
35302171459
35300312460
35298553927
35294922469
35300856928
35302351253
35302312085
35299794815
35301854985
35301577652
35299433120
35303510290
35303389779
35302575709
35303009119
35304086869
35297936328
35302410011
35304411445
35304018292
35296839363
35303997358
35303130735
35302858685
35304913572
35301356029
35302185351
35305327607
35302354953
35302949106
35305667755
35302529112
35304669848
35301852141
35295280122
35303050398
35302811895
35304964343
35300152468
35302293204
35301531185
35304006494
35301150525
35303747432
35302933362
35301911513
35303974125
35301234542
35298191407
35306026593
35303543424
35301288190
35299534869
35301597481
35304422264
35302702058
35303692663
35302543004
35298911546
35299729867
35300844184
35301205266
35303679269
35301527327
35302720259
35300108301
35306568483
35302870789
35303205084
35302516676
35299150683
35301888838
35298257380
35302247466
35297876720
35300828440
35304541186
35303661334
35304912563
35298549060
35303444221
35299358343
35299186035
35299547117
35306938183
35301271239
35301148459
35299860470
35305631827
35299269199
35297170473
35300647916
35303786581
35300267256
35301884980
35305473973
35301922561
35302092830
35306491861
35302280176
35301255495
35299242871
35305177330
35298615033
35302605119
35295251634
35302975621
35302737118
35302564810
35301476493
35303973678
35301095833
35304635231
35303239245
35303672655
35303944153
35305157776
35301526318
35300264412
35301145658
35302358022
35301177877
35301005569
35305391436
35304975203
35305658951
35302418765
35301726293
35303055056
35305724064
35304436594
35302386396
35299600524
35303775780
35303443212
35304089162
35303347420
35304205424
35300009752
35299463313
35299291005
35302104934
35300699873
35298182603
35303643187
35299965440
35302511809
35306353488
35301883971
35303414249
35298520572
35304980754
35301820262
35303345672
35304088684
35302117631
35301196462
35302385146
35302604110
35300505384
35304495470
35303774475
35300573139
35303533350
35304008434
35301856492
35304446815
35304274507
35302018053
35305083790
35302577782
35301746122
35299479848
35305148842
35298540256
35305585917
35300369382
35302869462
35302353817
35303079683
35301401716
35304886048
35306574156
35300256942
35302732251
35302559943
35302475284
35303589601
35297922657
35304968318
35297880298
35304548324
35301149389
35300930792
35297299334
35304665845
35303724497
35303410049
35301651516
35303828738
35303954517
35299952696
35305654084
35299572036
35304952574
35301216218
35302484420
35300313193
35302798224
35304928087
35302410817
35299216228
35301033917
35305407858
35303300351
35296983137
35299936952
35303116380
35304904126
35301809194
35305325971
35303638320
35294606493
35302807251
35297875584
35297656987
35302123023
35305188760
35303767702
35302470999
35298377711
35303908050
35300310349
35301191595
35304710814
35305310227
35304288378
35297942413
35303611407
35300568272
35304746295
35302503005
35300797417
35301391570
35303974346
35303766527
35303221634
35300294605
35302840974
35302279040
35302106732
35302467814
35303582131
35302490919
35302920358
35299533446
35302485166
35304302855
35300091170
35305377603
35304893541
35299677006
35297156802
35300634245
35301491954
35300253585
35304193672
35303649720
35301563485
35301144522
35300925925
35305103948
35301735208
35303427090
35298397540
35299186841
35303648104
35300492722
35302237335
35302644706
35302551139
35299547338
35301211351
35304165166
35304480442
35303225574
35296908360
35303410318
35300535577
35303389384
35302522761
35302103798
35301619736
35294531716
35300991898
35305375670
35297628499
35302605925
35305113983
35300375915
35302396222
35302565616
35302880892
35302184956
35302911938
35304636037
35299544494
35304075491
35297867636
35300504248
35303002359
35300535294
35303554742
35301303539
35303711835
35301006375
35303629516
35300625715
35304103158
35301666478
35298926895
35302880414
35302195986
35301977389
35301806591
35303485506
35301668455
35302977888
35301287795
35302386617
35301840178
35304211011
35302923269
35299291811
35300559468
35298911151
35302342305
35303836630
35303797462
35303455970
35303427817
35300897437
35305029171
35301397713
35302271664
35304615007
35302305670
35303573327
35302627731
35303054557
35302247071
35302934299
35304294051
35301136574
35305910215
35300243271
35304233357
35302026108
35303335541
35304394918
35303314607
35304033648
35297866627
35301856713
35299649464
35300917121
35301324492
35302746247
35300647521
35304155115
35301637845
35302492733
35302717942
35298947848
35301755366
35305109116
35304938903
35301202547
35301537891
35300299522
35300429471
35300257163
35303576684
35303526254
35301020246
35303082858
35300931598
35304187435
35302283768
35304028381
35305059368
35298852118
35302329561
35302690643
35301810791
35303765391
35303593083
35301593678
35303351304
35301085740
35300313999
35302937140
35304136234
35303410782
35299217034
35299532310
35299360002
35302313817
35305493245
35303733700
35302166961
35300034437
35297155666
35296983358
35301657674
35300252449
35303440511
35301335540
35297657793
35302552954
35304045841
35300754576
35298655850
35302454143
35303048296
35302168444
35303528196
35300491586
35300319278
35303578207
35300077499
35300671652
35303958871
35300993713
35303768435
35299574687
35304484182
35305598499
35302671470
35300572744
35304091353
35301771001
35300438379
35302107538
35304867784
35301726878
35301910311
35298923082
35305097930
35298061735
35302910607
35302631035
35300772036
35299013503
35303188759
35303868819
35302810829
35303885849
35300254391
35303940350
35302187029
35306177115
35303969866
35304134213
35301397655
35300774405
35301563706
35301924788
35302869587
35303648910
35301495129
35297298939
35303427767
35302551945
35302465191
35302171285
35301815605
35299285225
35303463248
35302912442
35303369348
35300490577
35300005949
35304201052
35296908581
35303546412
35305565804
35300992704
35301847592
35297629305
35302752780
35301990761
35302192020
35304739814
35304561821
35303019808
35301612165
35301921359
35302282441
35300244501
35302881113
35301852782
35300643164
35301831848
35300965225
35303555548
35303383240
35305527940
35303002580
35297335636
35300189443
35301303760
35305121214
35300363602
35303151296
35303990819
35300567877
35303979084
35302291999
35303664660
35297986958
35304106947
35299365675
35301840984
35298985015
35304811988
35301288016
35299746003
35304397901
35306174327
35305832835
35303861083
35305002619
35303895089
35297369359
35301322878
35303568218
35304682535
35301527153
35304783751
35300633850
35304623936
35305311164
35304246157
35303513439
35302792444
35300554749
35302382137
35304402973
35300705279
35305427095
35303294571
35300415800
35299723328
35296091870
35302026329
35295711210
35303435197
35300917927
35301772815
35302747053
35304014710
35301915984
35302563082
35301324713
35302676972
35308137556
35299105729
35303579412
35302253953
35304852955
35298008764
35300300328
35304253847
35304635480
35303397111
35301563850
35303308463
35305217666
35304660633
35304326351
35300114666
35299089985
35305839249
35305067508
35296449523
35304481446
35301949707
35303970543
35301321869
35301576547
35302690864
35304032170
35302273637
35298642179
35301593899
35301909175
35304564903
35302992266
35299360808
35305297362
35298980148
35302411302
35299532531
35302766882
35304034539
35303754764
35301656038
35300253255
35300034658
35302185893
35300559073
35302374667
35301032715
35302696728
35303889660
35301277702
35305905061
35302307360
35304328196
35302020954
35300320084
35303048517
35299939424
35303370578
35296017093
35301951552
35302358923
35303406709
35306144198
35299718461
35301861292
35300527744
35302815244
35300716518
35303670333
35304103743
35302317860
35299030952
35300219636
35300438600
35298339874
35305007900
35301608965
35301390368
35302054677
35305360002
35305187694
35303509002
35302111092
35303449577
35302378607
35300412272
35306346731
35303946828
35303774520
35296374746
35303532741
35300775211
35304911458
35303937565
35302870393
35299675804
35303629937
35304408646
35304842056
35304027986
35300396528
35305068749
35302329166
35295757147
35303527423
35302347278
35302382814
35300629493
35302692105
35302412330
35303541877
35303369569
35304224457
35300006170
35304019896
35303509508
35300769925
35303488574
35302621951
35303511679
35303989030
35304877903
35301132864
35300632714
35305748250
35300245307
35301869274
35299352004
35303342090
35298971344
35303681210
35300754181
35300950870
35299712501
35299643684
35307045508
35302989663
35302740467
35300433225
35303240743
35302365863
35302243083
35304148700
35305837179
35300363823
35298265097
35301742540
35304217849
35299026085
35302979604
35305454409
35300541078
35303187454
35306486766
35306456545
35302350119
35300337495
35298631907
35299709657
35303699743
35301601017
35304038863
35303729462
35302362005
35302571117
35306619518
35302190457
35304624742
35302549411
35300790878
35297367936
35304759002
35299092058
35303082144
35302240282
35303452646
35302272501
35294991292
35298468735
35305835246
35298088075
35303513389
35302820917
35303702163
35302855798
35303025192
35303481020
35299076314
35304870404
35305053837
35301654902
35301482594
35298327212
35301104376
35300557937
35300385629
35300746711
35301794497
35304982395
35305074603
35301060064
35303606433
35301900845
35298370067
35305121426
35302491531
35301466850
35302914886
35298998696
35298826388
35303212255
35304326572
35303479770
35303698734
35299547112
35305590094
35303382845
35302257413
35301019044
35304959131
35305398326
35304296206
35301909981
35301737673
35302026243
35301357013
35301920529
35302560971
35305143747
35304935928
35305271272
35301464006
35302345252
35303448441
35304174307
35302935938
35304751532
35301596150
35304089759
35299641081
35303654567
35303569908
35301260571
35299017281
35302869257
35300800118
35298326203
35302316289
35301595294
35298393958
35305031789
35304735788
35304653859
35302267634
35302095326
35301899467
35302904609
35303265691
35299566941
35302816050
35304867033
35301662123
35301407817
35302596501
35300889047
35300716739
35305129408
35302128541
35303317225
35304394975
35298077761
35304014315
35301704978
35304487957
35304974069
35302961445
35302789137
35295701117
35305014436
35298970208
35298751611
35299158982
35303152076
35301545316
35302910019
35299472335
35304595810
35303308068
35296782338
35305805438
35304069056
35302773393
35299037037
35304193276
35298134012
35301658406
35304724143
35301892041
35302117250
35298854736
35304789195
35301795116
35306167912
35300118258
35300937199
35305383700
35303319098
35303146790
35302975992
35304654907
35300628070
