0
9578910276
3152907732
12731818008
6305815464
15884725740
9458723196
3032720652
12611630928
6185628384
15764538660
9338536116
2912533572
12491443848
6065441304
15644351580
9218349036
2792346492
12371256768
5945254224
15524164500
9098161956
2672159412
12251069688
5825067144
15403977420
8977974876
2551972332
12130882608
5704880064
15283790340
8857787796
2431785252
12010695528
5584692984
15163603260
8737600716
2311598172
11890508448
5464505904
15043416180
8617413636
2191411092
11770321368
5344318824
14923229100
8497226556
2071224012
11650134288
5224131744
14803042020
8377039476
1951036932
11529947208
5103944664
14682854940
8256852396
1830849852
11409760128
4983757584
14562667860
8136665316
1710662772
11289573048
4863570504
14442480780
8016478236
1590475692
11169385968
4743383424
14322293700
7896291156
1470288612
11049198888
4623196344
14202106620
7776104076
1350101532
10929011808
4503009264
14081919540
7655916996
1229914452
10808824728
4382822184
13961732460
7535729916
1109727372
10688637648
4262635104
13841545380
7415542836
989540292
10568450568
4142448024
13721358300
7295355756
869353212
10448263488
4022260944
13601171220
7175168676
749166132
10328076408
3902073864
13480984140
7054981596
628979052
10207889328
3781886784
13360797060
6934794516
508791972
10087702248
3661699704
13240609980
6814607436
388604892
9967515168
3541512624
13120422900
6694420356
268417812
9847328088
3421325544
13000235820
6574233276
148230732
9727141008
3301138464
12880048740
6454046196
28043652
9606953928
3180951384
12759861660
6333859116
15912769392
9486766848
3060764304
12639674580
6213672036
15792582312
9366579768
2940577224
12519487500
6093484956
15672395232
9246392688
2820390144
12399300420
5973297876
15552208152
9126205608
2700203064
12279113340
5853110796
15432021072
9006018528
2580015984
12158926260
5732923716
15311833992
8885831448
2459828904
12038739180
5612736636
15191646912
8765644368
2339641824
11918552100
5492549556
15071459832
8645457288
2219454744
11798365020
5372362476
14951272752
8525270208
2099267664
11678177940
5252175396
14831085672
8405083128
1979080584
11557990860
5131988316
14710898592
8284896048
1858893504
11437803780
5011801236
14590711512
8164708968
1738706424
11317616700
4891614156
14470524432
8044521888
1618519344
11197429620
4771427076
14350337352
7924334808
1498332264
11077242540
4651239996
14230150272
7804147728
1378145184
10957055460
4531052916
14109963192
7683960648
1257958104
10836868380
4410865836
13989776112
7563773568
1137771024
10716681300
4290678756
13869589032
7443586488
1017583944
10596494220
4170491676
13749401952
7323399408
897396864
10476307140
4050304596
13629214872
7203212328
777209784
10356120060
3930117516
13509027792
7083025248
657022704
10235932980
3809930436
13388840712
6962838168
536835624
10115745900
3689743356
13268653632
6842651088
416648544
9995558820
3569556276
13148466552
6722464008
296461464
9875371740
3449369196
13028279472
6602276928
176274384
9755184660
3329182116
12908092392
6482089848
56087304
9634997580
3208995036
12787905312
6361902768
15940813044
9514810500
3088807956
12667718232
6241715688
15820625964
9394623420
2968620876
12547531152
6121528608
15700438884
9274436340
2848433796
12427344072
6001341528
15580251804
9154249260
2728246716
12307156992
5881154448
15460064724
9034062180
2608059636
12186969912
5760967368
15339877644
8913875100
2487872556
12066782832
5640780288
15219690564
8793688020
2367685476
11946595752
5520593208
15099503484
8673500940
2247498396
11826408672
5400406128
14979316404
8553313860
2127311316
11706221592
5280219048
14859129324
8433126780
2007124236
11586034512
5160031968
14738942244
8312939700
1886937156
11465847432
5039844888
14618755164
8192752620
1766750076
11345660352
4919657808
14498568084
8072565540
1646562996
11225473272
4799470728
14378381004
7952378460
1526375916
11105286192
4679283648
14258193924
7832191380
1406188836
10985099112
4559096568
14138006844
7712004300
1286001756
10864912032
4438909488
14017819764
7591817220
1165814676
10744724952
4318722408
13897632684
7471630140
1045627596
10624537872
4198535328
13777445604
7351443060
925440516
10504350792
4078348248
13657258524
7231255980
805253436
10384163712
3958161168
13537071444
7111068900
685066356
10263976632
3837974088
13416884364
6990881820
564879276
10143789552
3717787008
13296697284
6870694740
444692196
10023602472
3597599928
13176510204
6750507660
324505116
9903415392
3477412848
13056323124
6630320580
204318036
9783228312
3357225768
12936136044
6510133500
84130956
9663041232
3237038688
12815948964
6389946420
15968856696
9542854152
3116851608
12695761884
6269759340
15848669616
9422667072
2996664528
12575574804
6149572260
15728482536
9302479992
2876477448
12455387724
6029385180
15608295456
9182292912
2756290368
12335200644
5909198100
15488108376
9062105832
2636103288
12215013564
5789011020
15367921296
8941918752
2515916208
12094826484
5668823940
15247734216
8821731672
2395729128
11974639404
5548636860
15127547136
8701544592
2275542048
11854452324
5428449780
15007360056
8581357512
2155354968
11734265244
5308262700
14887172976
8461170432
2035167888
11614078164
5188075620
14766985896
8340983352
1914980808
11493891084
5067888540
14646798816
8220796272
1794793728
11373704004
4947701460
14526611736
8100609192
1674606648
11253516924
4827514380
14406424656
7980422112
1554419568
11133329844
4707327300
14286237576
7860235032
1434232488
11013142764
4587140220
14166050496
7740047952
1314045408
10892955684
4466953140
14045863416
7619860872
1193858328
10772768604
4346766060
13925676336
7499673792
1073671248
10652581524
4226578980
13805489256
7379486712
953484168
10532394444
4106391900
13685302176
7259299632
833297088
10412207364
3986204820
13565115096
7139112552
713110008
10292020284
3866017740
13444928016
7018925472
592922928
10171833204
3745830660
13324740936
6898738392
472735848
10051646124
3625643580
13204553856
6778551312
352548768
9931459044
3505456500
13084366776
6658364232
232361688
9811271964
3385269420
12964179696
6538177152
112174608
9691084884
3265082340
12843992616
6417990072
15996900348
9570897804
3144895260
12723805536
6297802992
15876713268
9450710724
3024708180
12603618456
6177615912
15756526188
9330523644
2904521100
12483431376
6057428832
15636339108
9210336564
2784334020
12363244296
5937241752
15516152028
9090149484
2664146940
12243057216
5817054672
15395964948
8969962404
2543959860
12122870136
5696867592
15275777868
8849775324
2423772780
12002683056
5576680512
15155590788
8729588244
2303585700
11882495976
5456493432
15035403708
8609401164
2183398620
11762308896
5336306352
14915216628
8489214084
2063211540
11642121816
5216119272
14795029548
8369027004
1943024460
11521934736
5095932192
14674842468
8248839924
1822837380
11401747656
4975745112
14554655388
8128652844
1702650300
11281560576
4855558032
14434468308
8008465764
1582463220
11161373496
4735370952
14314281228
7888278684
1462276140
11041186416
4615183872
14194094148
7768091604
1342089060
10920999336
4494996792
14073907068
7647904524
1221901980
10800812256
4374809712
13953719988
7527717444
1101714900
10680625176
4254622632
13833532908
7407530364
981527820
10560438096
4134435552
13713345828
7287343284
861340740
10440251016
4014248472
13593158748
7167156204
741153660
10320063936
3894061392
13472971668
7046969124
620966580
10199876856
3773874312
13352784588
6926782044
500779500
10079689776
3653687232
13232597508
6806594964
380592420
9959502696
3533500152
13112410428
6686407884
260405340
9839315616
3413313072
12992223348
6566220804
140218260
9719128536
3293125992
12872036268
6446033724
20031180
9598941456
3172938912
12751849188
6325846644
15904756920
9478754376
3052751832
12631662108
6205659564
15784569840
9358567296
2932564752
12511475028
6085472484
15664382760
9238380216
2812377672
12391287948
5965285404
15544195680
9118193136
2692190592
12271100868
5845098324
15424008600
8998006056
2572003512
12150913788
5724911244
15303821520
8877818976
2451816432
12030726708
5604724164
15183634440
8757631896
2331629352
11910539628
5484537084
15063447360
8637444816
2211442272
11790352548
5364350004
14943260280
8517257736
2091255192
11670165468
5244162924
14823073200
8397070656
1971068112
11549978388
5123975844
14702886120
8276883576
1850881032
11429791308
5003788764
14582699040
8156696496
1730693952
11309604228
4883601684
14462511960
8036509416
1610506872
11189417148
4763414604
14342324880
7916322336
1490319792
11069230068
4643227524
14222137800
7796135256
1370132712
10949042988
4523040444
14101950720
7675948176
1249945632
10828855908
4402853364
13981763640
7555761096
1129758552
10708668828
4282666284
13861576560
7435574016
1009571472
10588481748
4162479204
13741389480
7315386936
889384392
10468294668
4042292124
13621202400
7195199856
769197312
10348107588
3922105044
13501015320
7075012776
649010232
10227920508
3801917964
13380828240
6954825696
528823152
10107733428
3681730884
13260641160
6834638616
408636072
9987546348
3561543804
13140454080
6714451536
288448992
9867359268
3441356724
13020267000
6594264456
168261912
9747172188
3321169644
12900079920
6474077376
48074832
9626985108
3200982564
12779892840
6353890296
15932800572
9506798028
3080795484
12659705760
6233703216
15812613492
9386610948
2960608404
12539518680
6113516136
15692426412
9266423868
2840421324
12419331600
5993329056
15572239332
9146236788
2720234244
12299144520
5873141976
15452052252
9026049708
2600047164
12178957440
5752954896
15331865172
8905862628
2479860084
12058770360
5632767816
15211678092
8785675548
2359673004
11938583280
5512580736
15091491012
8665488468
2239485924
11818396200
5392393656
14971303932
8545301388
2119298844
11698209120
5272206576
14851116852
8425114308
1999111764
11578022040
5152019496
14730929772
8304927228
1878924684
11457834960
5031832416
14610742692
8184740148
1758737604
11337647880
4911645336
14490555612
8064553068
1638550524
11217460800
4791458256
14370368532
7944365988
1518363444
11097273720
4671271176
14250181452
7824178908
1398176364
10977086640
4551084096
14129994372
7703991828
1277989284
10856899560
4430897016
14009807292
7583804748
1157802204
10736712480
4310709936
13889620212
7463617668
1037615124
10616525400
4190522856
13769433132
7343430588
917428044
10496338320
4070335776
13649246052
7223243508
797240964
10376151240
3950148696
13529058972
7103056428
677053884
10255964160
3829961616
13408871892
6982869348
556866804
10135777080
3709774536
13288684812
6862682268
436679724
10015590000
3589587456
13168497732
6742495188
316492644
9895402920
3469400376
13048310652
6622308108
196305564
9775215840
3349213296
12928123572
6502121028
76118484
9655028760
3229026216
12807936492
6381933948
15960844224
9534841680
3108839136
12687749412
6261746868
15840657144
9414654600
2988652056
12567562332
6141559788
15720470064
9294467520
2868464976
12447375252
6021372708
15600282984
9174280440
2748277896
12327188172
5901185628
15480095904
9054093360
2628090816
12207001092
5780998548
15359908824
8933906280
2507903736
12086814012
5660811468
15239721744
8813719200
2387716656
11966626932
5540624388
15119534664
8693532120
2267529576
11846439852
5420437308
14999347584
8573345040
2147342496
11726252772
5300250228
14879160504
8453157960
2027155416
11606065692
5180063148
14758973424
8332970880
1906968336
11485878612
5059876068
14638786344
8212783800
1786781256
11365691532
4939688988
14518599264
8092596720
1666594176
11245504452
4819501908
14398412184
7972409640
1546407096
11125317372
4699314828
14278225104
7852222560
1426220016
11005130292
4579127748
14158038024
7732035480
1306032936
10884943212
4458940668
14037850944
7611848400
1185845856
10764756132
4338753588
13917663864
7491661320
1065658776
10644569052
4218566508
13797476784
7371474240
945471696
10524381972
4098379428
13677289704
7251287160
825284616
10404194892
3978192348
13557102624
7131100080
705097536
10284007812
3858005268
13436915544
7010913000
584910456
10163820732
3737818188
13316728464
6890725920
464723376
10043633652
3617631108
13196541384
6770538840
344536296
9923446572
3497444028
13076354304
6650351760
224349216
9803259492
3377256948
12956167224
6530164680
104162136
9683072412
3257069868
12835980144
6409977600
15988887876
9562885332
3136882788
12715793064
6289790520
15868700796
9442698252
3016695708
12595605984
6169603440
15748513716
9322511172
2896508628
12475418904
6049416360
15628326636
9202324092
2776321548
12355231824
5929229280
15508139556
9082137012
2656134468
12235044744
5809042200
15387952476
8961949932
2535947388
12114857664
5688855120
15267765396
8841762852
2415760308
11994670584
5568668040
15147578316
8721575772
2295573228
11874483504
5448480960
15027391236
8601388692
2175386148
11754296424
5328293880
14907204156
8481201612
2055199068
11634109344
5208106800
14787017076
8361014532
1935011988
11513922264
5087919720
14666829996
8240827452
1814824908
11393735184
4967732640
14546642916
8120640372
1694637828
11273548104
4847545560
14426455836
8000453292
1574450748
11153361024
4727358480
14306268756
7880266212
1454263668
11033173944
4607171400
14186081676
7760079132
1334076588
10912986864
4486984320
14065894596
7639892052
1213889508
10792799784
4366797240
13945707516
7519704972
1093702428
10672612704
4246610160
13825520436
7399517892
973515348
10552425624
4126423080
13705333356
7279330812
853328268
10432238544
4006236000
13585146276
7159143732
733141188
10312051464
3886048920
13464959196
7038956652
612954108
10191864384
3765861840
13344772116
6918769572
492767028
10071677304
3645674760
13224585036
6798582492
372579948
9951490224
3525487680
13104397956
6678395412
252392868
9831303144
3405300600
12984210876
6558208332
132205788
9711116064
3285113520
12864023796
6438021252
12018708
9590928984
3164926440
12743836716
6317834172
15896744448
9470741904
3044739360
12623649636
6197647092
15776557368
9350554824
2924552280
12503462556
6077460012
15656370288
9230367744
2804365200
12383275476
5957272932
15536183208
9110180664
2684178120
12263088396
5837085852
15415996128
8989993584
2563991040
12142901316
5716898772
15295809048
8869806504
2443803960
12022714236
5596711692
15175621968
8749619424
2323616880
11902527156
5476524612
15055434888
8629432344
2203429800
11782340076
5356337532
14935247808
8509245264
2083242720
11662152996
5236150452
14815060728
8389058184
1963055640
11541965916
5115963372
14694873648
8268871104
1842868560
11421778836
4995776292
14574686568
8148684024
1722681480
11301591756
4875589212
14454499488
8028496944
1602494400
11181404676
4755402132
14334312408
7908309864
1482307320
11061217596
4635215052
14214125328
7788122784
1362120240
10941030516
4515027972
14093938248
7667935704
1241933160
10820843436
4394840892
13973751168
7547748624
1121746080
10700656356
4274653812
13853564088
7427561544
1001559000
10580469276
4154466732
13733377008
7307374464
881371920
10460282196
4034279652
13613189928
7187187384
761184840
10340095116
3914092572
13493002848
7067000304
640997760
10219908036
3793905492
13372815768
6946813224
520810680
10099720956
3673718412
13252628688
6826626144
400623600
9979533876
3553531332
13132441608
6706439064
280436520
9859346796
3433344252
13012254528
6586251984
160249440
9739159716
3313157172
12892067448
6466064904
40062360
9618972636
3192970092
12771880368
6345877824
15924788100
9498785556
3072783012
12651693288
6225690744
15804601020
9378598476
2952595932
12531506208
6105503664
15684413940
9258411396
2832408852
12411319128
5985316584
15564226860
9138224316
2712221772
12291132048
5865129504
15444039780
9018037236
2592034692
12170944968
5744942424
15323852700
8897850156
2471847612
12050757888
5624755344
15203665620
8777663076
2351660532
11930570808
5504568264
15083478540
8657475996
2231473452
11810383728
5384381184
14963291460
8537288916
2111286372
11690196648
5264194104
14843104380
8417101836
1991099292
11570009568
5144007024
14722917300
8296914756
1870912212
11449822488
5023819944
14602730220
8176727676
1750725132
11329635408
4903632864
14482543140
8056540596
1630538052
11209448328
4783445784
14362356060
7936353516
1510350972
11089261248
4663258704
14242168980
7816166436
1390163892
10969074168
4543071624
14121981900
7695979356
1269976812
10848887088
4422884544
14001794820
7575792276
1149789732
10728700008
4302697464
13881607740
7455605196
1029602652
10608512928
4182510384
13761420660
7335418116
909415572
10488325848
4062323304
13641233580
7215231036
789228492
10368138768
3942136224
13521046500
7095043956
669041412
10247951688
3821949144
13400859420
6974856876
548854332
10127764608
3701762064
13280672340
6854669796
428667252
10007577528
3581574984
13160485260
6734482716
308480172
9887390448
3461387904
13040298180
6614295636
188293092
9767203368
3341200824
12920111100
6494108556
68106012
9647016288
3221013744
12799924020
6373921476
15952831752
9526829208
3100826664
12679736940
6253734396
15832644672
9406642128
2980639584
12559549860
6133547316
15712457592
9286455048
2860452504
12439362780
6013360236
15592270512
9166267968
2740265424
12319175700
5893173156
15472083432
9046080888
2620078344
12198988620
5772986076
15351896352
8925893808
2499891264
12078801540
5652798996
15231709272
8805706728
2379704184
11958614460
5532611916
15111522192
8685519648
2259517104
11838427380
5412424836
14991335112
8565332568
2139330024
11718240300
5292237756
14871148032
8445145488
2019142944
11598053220
5172050676
14750960952
8324958408
1898955864
11477866140
5051863596
14630773872
8204771328
1778768784
11357679060
4931676516
14510586792
8084584248
1658581704
11237491980
4811489436
14390399712
7964397168
1538394624
11117304900
4691302356
14270212632
7844210088
1418207544
10997117820
4571115276
14150025552
7724023008
1298020464
10876930740
4450928196
14029838472
7603835928
1177833384
10756743660
4330741116
13909651392
7483648848
1057646304
10636556580
4210554036
13789464312
7363461768
937459224
10516369500
4090366956
13669277232
7243274688
817272144
10396182420
3970179876
13549090152
7123087608
697085064
10275995340
3849992796
13428903072
7002900528
576897984
10155808260
3729805716
13308715992
6882713448
456710904
10035621180
3609618636
13188528912
6762526368
336523824
9915434100
3489431556
13068341832
6642339288
216336744
9795247020
3369244476
12948154752
6522152208
96149664
9675059940
3249057396
12827967672
6401965128
15980875404
9554872860
3128870316
12707780592
6281778048
15860688324
9434685780
3008683236
12587593512
6161590968
15740501244
9314498700
2888496156
12467406432
6041403888
15620314164
9194311620
2768309076
12347219352
5921216808
15500127084
9074124540
2648121996
12227032272
5801029728
15379940004
8953937460
2527934916
12106845192
5680842648
15259752924
8833750380
2407747836
11986658112
5560655568
15139565844
8713563300
2287560756
11866471032
5440468488
15019378764
8593376220
2167373676
11746283952
5320281408
14899191684
8473189140
2047186596
11626096872
5200094328
14779004604
8353002060
1926999516
11505909792
5079907248
14658817524
8232814980
1806812436
11385722712
4959720168
14538630444
8112627900
1686625356
11265535632
4839533088
14418443364
7992440820
1566438276
11145348552
4719346008
14298256284
7872253740
1446251196
11025161472
4599158928
14178069204
7752066660
1326064116
10904974392
4478971848
14057882124
7631879580
1205877036
10784787312
4358784768
13937695044
7511692500
1085689956
10664600232
4238597688
13817507964
7391505420
965502876
10544413152
4118410608
13697320884
7271318340
845315796
10424226072
3998223528
13577133804
7151131260
725128716
10304038992
3878036448
13456946724
7030944180
604941636
10183851912
3757849368
13336759644
6910757100
484754556
10063664832
3637662288
13216572564
6790570020
364567476
9943477752
3517475208
13096385484
6670382940
244380396
9823290672
3397288128
12976198404
6550195860
124193316
9703103592
3277101048
12856011324
6430008780
4006236
9582916512
3156913968
12735824244
6309821700
15888731976
9462729432
3036726888
12615637164
6189634620
15768544896
9342542352
2916539808
12495450084
6069447540
15648357816
9222355272
2796352728
12375263004
5949260460
15528170736
9102168192
2676165648
12255075924
5829073380
15407983656
8981981112
2555978568
12134888844
5708886300
15287796576
8861794032
2435791488
12014701764
5588699220
15167609496
8741606952
2315604408
11894514684
5468512140
15047422416
8621419872
2195417328
11774327604
5348325060
14927235336
8501232792
2075230248
11654140524
5228137980
14807048256
8381045712
1955043168
11533953444
5107950900
14686861176
8260858632
1834856088
11413766364
4987763820
14566674096
8140671552
1714669008
11293579284
4867576740
14446487016
8020484472
1594481928
11173392204
4747389660
14326299936
7900297392
1474294848
11053205124
4627202580
14206112856
7780110312
1354107768
10933018044
4507015500
14085925776
7659923232
1233920688
10812830964
4386828420
13965738696
7539736152
1113733608
10692643884
4266641340
13845551616
7419549072
993546528
10572456804
4146454260
13725364536
7299361992
873359448
10452269724
4026267180
13605177456
7179174912
753172368
10332082644
3906080100
13484990376
7058987832
632985288
10211895564
3785893020
13364803296
6938800752
512798208
10091708484
3665705940
13244616216
6818613672
392611128
9971521404
3545518860
13124429136
6698426592
272424048
9851334324
3425331780
13004242056
6578239512
152236968
9731147244
3305144700
12884054976
6458052432
32049888
9610960164
3184957620
12763867896
6337865352
15916775628
9490773084
3064770540
12643680816
6217678272
15796588548
9370586004
2944583460
12523493736
6097491192
15676401468
9250398924
2824396380
12403306656
5977304112
15556214388
9130211844
2704209300
12283119576
5857117032
15436027308
9010024764
2584022220
12162932496
5736929952
15315840228
8889837684
2463835140
12042745416
5616742872
15195653148
8769650604
2343648060
11922558336
5496555792
15075466068
8649463524
2223460980
11802371256
5376368712
14955278988
8529276444
2103273900
11682184176
5256181632
14835091908
8409089364
1983086820
11561997096
5135994552
14714904828
8288902284
1862899740
11441810016
5015807472
14594717748
8168715204
1742712660
11321622936
4895620392
14474530668
8048528124
1622525580
11201435856
4775433312
14354343588
7928341044
1502338500
11081248776
4655246232
14234156508
7808153964
1382151420
10961061696
4535059152
14113969428
7687966884
1261964340
10840874616
4414872072
13993782348
7567779804
1141777260
10720687536
4294684992
13873595268
7447592724
1021590180
10600500456
4174497912
13753408188
7327405644
901403100
10480313376
4054310832
13633221108
7207218564
781216020
10360126296
3934123752
13513034028
7087031484
661028940
10239939216
3813936672
13392846948
6966844404
540841860
10119752136
3693749592
13272659868
6846657324
420654780
9999565056
3573562512
13152472788
6726470244
300467700
9879377976
3453375432
13032285708
6606283164
180280620
9759190896
3333188352
12912098628
6486096084
60093540
9639003816
3213001272
12791911548
6365909004
15944819280
9518816736
3092814192
12671724468
6245721924
15824632200
9398629656
2972627112
12551537388
6125534844
15704445120
9278442576
2852440032
12431350308
6005347764
15584258040
9158255496
2732252952
12311163228
5885160684
15464070960
9038068416
2612065872
12190976148
5764973604
15343883880
8917881336
2491878792
12070789068
5644786524
15223696800
8797694256
2371691712
11950601988
5524599444
15103509720
8677507176
2251504632
11830414908
5404412364
14983322640
8557320096
2131317552
11710227828
5284225284
14863135560
8437133016
2011130472
11590040748
5164038204
14742948480
8316945936
1890943392
11469853668
5043851124
14622761400
8196758856
1770756312
11349666588
4923664044
14502574320
8076571776
1650569232
11229479508
4803476964
14382387240
7956384696
1530382152
11109292428
4683289884
14262200160
7836197616
1410195072
10989105348
4563102804
14142013080
7716010536
1290007992
10868918268
4442915724
14021826000
7595823456
1169820912
10748731188
4322728644
13901638920
7475636376
1049633832
10628544108
4202541564
13781451840
7355449296
929446752
10508357028
4082354484
13661264760
7235262216
809259672
10388169948
3962167404
13541077680
7115075136
689072592
10267982868
3841980324
13420890600
6994888056
568885512
10147795788
3721793244
13300703520
6874700976
448698432
10027608708
3601606164
13180516440
6754513896
328511352
9907421628
3481419084
13060329360
6634326816
208324272
9787234548
3361232004
12940142280
6514139736
88137192
9667047468
3241044924
12819955200
6393952656
15972862932
9546860388
3120857844
12699768120
6273765576
15852675852
9426673308
3000670764
12579581040
6153578496
15732488772
9306486228
2880483684
12459393960
6033391416
15612301692
9186299148
2760296604
12339206880
5913204336
15492114612
9066112068
2640109524
12219019800
5793017256
15371927532
8945924988
2519922444
12098832720
5672830176
15251740452
8825737908
2399735364
11978645640
5552643096
15131553372
8705550828
2279548284
11858458560
5432456016
15011366292
8585363748
2159361204
11738271480
5312268936
14891179212
8465176668
2039174124
11618084400
5192081856
14770992132
8344989588
1918987044
11497897320
5071894776
14650805052
8224802508
1798799964
11377710240
4951707696
14530617972
8104615428
1678612884
11257523160
4831520616
14410430892
7984428348
1558425804
11137336080
4711333536
14290243812
7864241268
1438238724
11017149000
4591146456
14170056732
7744054188
1318051644
10896961920
4470959376
14049869652
7623867108
1197864564
10776774840
4350772296
13929682572
7503680028
1077677484
10656587760
4230585216
13809495492
7383492948
957490404
10536400680
4110398136
13689308412
7263305868
837303324
10416213600
3990211056
13569121332
7143118788
717116244
10296026520
3870023976
13448934252
7022931708
596929164
10175839440
3749836896
13328747172
6902744628
476742084
10055652360
3629649816
13208560092
6782557548
356555004
9935465280
3509462736
13088373012
6662370468
236367924
9815278200
3389275656
12968185932
6542183388
116180844
9695091120
3269088576
12847998852
6421996308
16000906584
9574904040
3148901496
12727811772
6301809228
15880719504
9454716960
3028714416
12607624692
6181622148
15760532424
9334529880
2908527336
12487437612
6061435068
15640345344
9214342800
2788340256
12367250532
5941247988
15520158264
9094155720
2668153176
12247063452
5821060908
15399971184
8973968640
2547966096
12126876372
5700873828
15279784104
8853781560
2427779016
12006689292
5580686748
15159597024
8733594480
2307591936
11886502212
5460499668
15039409944
8613407400
2187404856
11766315132
5340312588
14919222864
8493220320
2067217776
11646128052
5220125508
14799035784
8373033240
1947030696
11525940972
5099938428
14678848704
8252846160
1826843616
11405753892
4979751348
14558661624
8132659080
1706656536
11285566812
4859564268
14438474544
8012472000
1586469456
11165379732
4739377188
14318287464
7892284920
1466282376
11045192652
4619190108
14198100384
7772097840
1346095296
10925005572
4499003028
14077913304
7651910760
1225908216
10804818492
4378815948
13957726224
7531723680
1105721136
10684631412
4258628868
13837539144
7411536600
985534056
10564444332
4138441788
13717352064
7291349520
865346976
10444257252
4018254708
13597164984
7171162440
745159896
10324070172
3898067628
13476977904
7050975360
624972816
10203883092
3777880548
13356790824
6930788280
504785736
10083696012
3657693468
13236603744
6810601200
384598656
9963508932
3537506388
13116416664
6690414120
264411576
9843321852
3417319308
12996229584
6570227040
144224496
9723134772
3297132228
12876042504
6450039960
24037416
9602947692
3176945148
12755855424
6329852880
15908763156
9482760612
3056758068
12635668344
6209665800
15788576076
9362573532
2936570988
12515481264
6089478720
15668388996
9242386452
2816383908
12395294184
5969291640
15548201916
9122199372
2696196828
12275107104
5849104560
15428014836
9002012292
2576009748
12154920024
5728917480
15307827756
8881825212
2455822668
12034732944
5608730400
15187640676
8761638132
2335635588
11914545864
5488543320
15067453596
8641451052
2215448508
11794358784
5368356240
14947266516
8521263972
2095261428
11674171704
5248169160
14827079436
8401076892
1975074348
11553984624
5127982080
14706892356
8280889812
1854887268
11433797544
5007795000
14586705276
8160702732
1734700188
11313610464
4887607920
14466518196
8040515652
1614513108
11193423384
4767420840
14346331116
7920328572
1494326028
11073236304
4647233760
14226144036
7800141492
1374138948
10953049224
4527046680
14105956956
7679954412
1253951868
10832862144
4406859600
13985769876
7559767332
1133764788
10712675064
4286672520
13865582796
7439580252
1013577708
10592487984
4166485440
13745395716
7319393172
893390628
10472300904
4046298360
13625208636
7199206092
773203548
10352113824
3926111280
13505021556
7079019012
653016468
10231926744
3805924200
13384834476
6958831932
532829388
10111739664
3685737120
13264647396
6838644852
412642308
9991552584
3565550040
13144460316
6718457772
292455228
9871365504
3445362960
13024273236
6598270692
172268148
9751178424
3325175880
12904086156
6478083612
52081068
9630991344
3204988800
12783899076
6357896532
15936806808
9510804264
3084801720
12663711996
6237709452
15816619728
9390617184
2964614640
12543524916
6117522372
15696432648
9270430104
2844427560
12423337836
5997335292
15576245568
9150243024
2724240480
12303150756
5877148212
15456058488
9030055944
2604053400
12182963676
5756961132
15335871408
8909868864
2483866320
12062776596
5636774052
15215684328
8789681784
2363679240
11942589516
5516586972
15095497248
8669494704
2243492160
11822402436
5396399892
14975310168
8549307624
2123305080
11702215356
5276212812
14855123088
8429120544
2003118000
11582028276
5156025732
14734936008
8308933464
1882930920
11461841196
5035838652
14614748928
8188746384
1762743840
11341654116
4915651572
14494561848
8068559304
1642556760
11221467036
4795464492
14374374768
7948372224
1522369680
11101279956
4675277412
14254187688
7828185144
1402182600
10981092876
4555090332
14134000608
7707998064
1281995520
10860905796
4434903252
14013813528
7587810984
1161808440
10740718716
4314716172
13893626448
7467623904
1041621360
10620531636
4194529092
13773439368
7347436824
921434280
10500344556
4074342012
13653252288
7227249744
801247200
10380157476
3954154932
13533065208
7107062664
681060120
10259970396
3833967852
13412878128
6986875584
560873040
10139783316
3713780772
13292691048
6866688504
440685960
10019596236
3593593692
13172503968
6746501424
320498880
9899409156
3473406612
13052316888
6626314344
200311800
9779222076
3353219532
12932129808
6506127264
80124720
9659034996
3233032452
12811942728
6385940184
15964850460
9538847916
3112845372
12691755648
6265753104
15844663380
9418660836
2992658292
12571568568
6145566024
15724476300
9298473756
2872471212
12451381488
6025378944
15604289220
9178286676
2752284132
12331194408
5905191864
15484102140
9058099596
2632097052
12211007328
5785004784
15363915060
8937912516
2511909972
12090820248
5664817704
15243727980
8817725436
2391722892
11970633168
5544630624
15123540900
8697538356
2271535812
11850446088
5424443544
15003353820
8577351276
2151348732
11730259008
5304256464
14883166740
8457164196
2031161652
11610071928
5184069384
14762979660
8336977116
1910974572
11489884848
5063882304
14642792580
8216790036
1790787492
11369697768
4943695224
14522605500
8096602956
1670600412
11249510688
4823508144
14402418420
7976415876
1550413332
11129323608
4703321064
14282231340
7856228796
1430226252
11009136528
4583133984
14162044260
7736041716
1310039172
10888949448
4462946904
14041857180
7615854636
1189852092
10768762368
4342759824
13921670100
7495667556
1069665012
10648575288
4222572744
13801483020
7375480476
949477932
10528388208
4102385664
13681295940
7255293396
829290852
10408201128
3982198584
13561108860
7135106316
709103772
10288014048
3862011504
13440921780
7014919236
588916692
10167826968
3741824424
13320734700
6894732156
468729612
10047639888
3621637344
13200547620
6774545076
348542532
9927452808
3501450264
13080360540
6654357996
228355452
9807265728
3381263184
12960173460
6534170916
108168372
9687078648
3261076104
12839986380
6413983836
15992894112
9566891568
3140889024
12719799300
6293796756
15872707032
9446704488
3020701944
12599612220
6173609676
15752519952
9326517408
2900514864
12479425140
6053422596
15632332872
9206330328
2780327784
12359238060
5933235516
15512145792
9086143248
2660140704
12239050980
5813048436
15391958712
8965956168
2539953624
12118863900
5692861356
15271771632
8845769088
2419766544
11998676820
5572674276
15151584552
8725582008
2299579464
11878489740
5452487196
15031397472
8605394928
2179392384
11758302660
5332300116
14911210392
8485207848
2059205304
11638115580
5212113036
14791023312
8365020768
1939018224
11517928500
5091925956
14670836232
8244833688
1818831144
11397741420
4971738876
14550649152
8124646608
1698644064
11277554340
4851551796
14430462072
8004459528
1578456984
11157367260
4731364716
14310274992
7884272448
1458269904
11037180180
4611177636
14190087912
7764085368
1338082824
10916993100
4490990556
14069900832
7643898288
1217895744
10796806020
4370803476
13949713752
7523711208
1097708664
10676618940
4250616396
13829526672
7403524128
977521584
10556431860
4130429316
13709339592
7283337048
857334504
10436244780
4010242236
13589152512
7163149968
737147424
10316057700
3890055156
13468965432
7042962888
616960344
10195870620
3769868076
13348778352
6922775808
496773264
10075683540
3649680996
13228591272
6802588728
376586184
9955496460
3529493916
13108404192
6682401648
256399104
9835309380
3409306836
12988217112
6562214568
136212024
9715122300
3289119756
12868030032
6442027488
16024944
9594935220
3168932676
12747842952
6321840408
15900750684
9474748140
3048745596
12627655872
6201653328
15780563604
9354561060
2928558516
12507468792
6081466248
15660376524
9234373980
2808371436
12387281712
5961279168
15540189444
9114186900
2688184356
12267094632
5841092088
15420002364
8993999820
2567997276
12146907552
5720905008
15299815284
8873812740
2447810196
12026720472
5600717928
15179628204
8753625660
2327623116
11906533392
5480530848
15059441124
8633438580
2207436036
11786346312
5360343768
14939254044
8513251500
2087248956
11666159232
5240156688
14819066964
8393064420
1967061876
11545972152
5119969608
14698879884
8272877340
1846874796
11425785072
4999782528
14578692804
8152690260
1726687716
11305597992
4879595448
14458505724
8032503180
1606500636
11185410912
4759408368
14338318644
7912316100
1486313556
11065223832
4639221288
14218131564
7792129020
1366126476
10945036752
4519034208
14097944484
7671941940
1245939396
10824849672
4398847128
13977757404
7551754860
1125752316
10704662592
4278660048
13857570324
7431567780
1005565236
10584475512
4158472968
13737383244
7311380700
885378156
10464288432
4038285888
13617196164
7191193620
765191076
10344101352
3918098808
13497009084
7071006540
645003996
10223914272
3797911728
13376822004
6950819460
524816916
10103727192
3677724648
13256634924
6830632380
404629836
9983540112
3557537568
13136447844
6710445300
284442756
9863353032
3437350488
13016260764
6590258220
164255676
9743165952
3317163408
12896073684
6470071140
44068596
9622978872
3196976328
12775886604
6349884060
15928794336
9502791792
3076789248
12655699524
6229696980
15808607256
9382604712
2956602168
12535512444
6109509900
15688420176
9262417632
2836415088
12415325364
5989322820
15568233096
9142230552
2716228008
12295138284
5869135740
15448046016
9022043472
2596040928
12174951204
5748948660
15327858936
8901856392
2475853848
12054764124
5628761580
15207671856
8781669312
2355666768
11934577044
5508574500
15087484776
8661482232
2235479688
11814389964
5388387420
14967297696
8541295152
2115292608
11694202884
5268200340
14847110616
8421108072
1995105528
11574015804
5148013260
14726923536
8300920992
1874918448
11453828724
5027826180
14606736456
8180733912
1754731368
11333641644
4907639100
14486549376
8060546832
1634544288
11213454564
4787452020
14366362296
7940359752
1514357208
11093267484
4667264940
14246175216
7820172672
1394170128
10973080404
4547077860
14125988136
7699985592
1273983048
10852893324
4426890780
14005801056
7579798512
1153795968
10732706244
4306703700
13885613976
7459611432
1033608888
10612519164
4186516620
13765426896
7339424352
913421808
10492332084
4066329540
13645239816
7219237272
793234728
10372145004
3946142460
13525052736
7099050192
673047648
10251957924
3825955380
13404865656
6978863112
552860568
10131770844
3705768300
13284678576
6858676032
432673488
10011583764
3585581220
13164491496
6738488952
312486408
9891396684
3465394140
13044304416
6618301872
192299328
9771209604
3345207060
12924117336
6498114792
72112248
9651022524
3225019980
12803930256
6377927712
15956837988
9530835444
3104832900
12683743176
6257740632
15836650908
9410648364
2984645820
12563556096
6137553552
15716463828
9290461284
2864458740
12443369016
6017366472
15596276748
9170274204
2744271660
12323181936
5897179392
15476089668
9050087124
2624084580
12202994856
5776992312
15355902588
8929900044
2503897500
12082807776
5656805232
15235715508
8809712964
2383710420
11962620696
5536618152
15115528428
8689525884
2263523340
11842433616
5416431072
14995341348
8569338804
2143336260
11722246536
5296243992
14875154268
8449151724
2023149180
11602059456
5176056912
14754967188
8328964644
1902962100
11481872376
5055869832
14634780108
8208777564
1782775020
11361685296
4935682752
14514593028
8088590484
1662587940
11241498216
4815495672
14394405948
7968403404
1542400860
11121311136
4695308592
14274218868
7848216324
1422213780
11001124056
4575121512
14154031788
7728029244
1302026700
10880936976
4454934432
14033844708
7607842164
1181839620
10760749896
4334747352
13913657628
7487655084
1061652540
10640562816
4214560272
13793470548
7367468004
941465460
10520375736
4094373192
13673283468
7247280924
821278380
10400188656
3974186112
13553096388
7127093844
701091300
10280001576
3853999032
13432909308
7006906764
580904220
10159814496
3733811952
13312722228
6886719684
460717140
10039627416
3613624872
13192535148
6766532604
340530060
9919440336
3493437792
13072348068
6646345524
220342980
9799253256
3373250712
12952160988
6526158444
100155900
9679066176
3253063632
12831973908
6405971364
15984881640
9558879096
3132876552
12711786828
6285784284
15864694560
9438692016
3012689472
12591599748
6165597204
15744507480
9318504936
2892502392
12471412668
6045410124
15624320400
9198317856
2772315312
12351225588
5925223044
15504133320
9078130776
2652128232
12231038508
5805035964
15383946240
8957943696
2531941152
12110851428
5684848884
15263759160
8837756616
2411754072
11990664348
5564661804
15143572080
8717569536
2291566992
11870477268
5444474724
15023385000
8597382456
2171379912
11750290188
5324287644
14903197920
8477195376
2051192832
11630103108
5204100564
14783010840
8357008296
1931005752
11509916028
5083913484
14662823760
8236821216
1810818672
11389728948
4963726404
14542636680
8116634136
1690631592
11269541868
4843539324
14422449600
7996447056
1570444512
11149354788
4723352244
14302262520
7876259976
1450257432
11029167708
4603165164
14182075440
7756072896
1330070352
10908980628
4482978084
14061888360
7635885816
1209883272
10788793548
4362791004
13941701280
7515698736
1089696192
10668606468
4242603924
13821514200
7395511656
969509112
10548419388
4122416844
13701327120
7275324576
849322032
10428232308
4002229764
13581140040
7155137496
729134952
10308045228
3882042684
13460952960
7034950416
608947872
10187858148
3761855604
13340765880
6914763336
488760792
10067671068
3641668524
13220578800
6794576256
368573712
9947483988
3521481444
13100391720
6674389176
248386632
9827296908
3401294364
12980204640
6554202096
128199552
9707109828
3281107284
12860017560
6434015016
8012472
9586922748
3160920204
12739830480
6313827936
15892738212
9466735668
3040733124
12619643400
6193640856
15772551132
9346548588
2920546044
12499456320
6073453776
15652364052
9226361508
2800358964
12379269240
5953266696
15532176972
9106174428
2680171884
12259082160
5833079616
15411989892
8985987348
2559984804
12138895080
5712892536
15291802812
8865800268
2439797724
12018708000
5592705456
15171615732
8745613188
2319610644
11898520920
5472518376
15051428652
8625426108
2199423564
11778333840
5352331296
14931241572
8505239028
2079236484
11658146760
5232144216
14811054492
8385051948
1959049404
11537959680
5111957136
14690867412
8264864868
1838862324
11417772600
4991770056
14570680332
8144677788
1718675244
11297585520
4871582976
14450493252
8024490708
1598488164
11177398440
4751395896
14330306172
7904303628
1478301084
11057211360
4631208816
14210119092
7784116548
1358114004
10937024280
4511021736
14089932012
7663929468
1237926924
10816837200
4390834656
13969744932
7543742388
1117739844
10696650120
4270647576
13849557852
7423555308
997552764
10576463040
4150460496
13729370772
7303368228
877365684
10456275960
4030273416
13609183692
7183181148
757178604
10336088880
3910086336
13488996612
7062994068
636991524
10215901800
3789899256
13368809532
6942806988
516804444
10095714720
3669712176
13248622452
6822619908
396617364
9975527640
3549525096
13128435372
6702432828
276430284
9855340560
3429338016
13008248292
6582245748
156243204
9735153480
3309150936
12888061212
6462058668
36056124
9614966400
3188963856
12767874132
6341871588
15920781864
9494779320
3068776776
12647687052
6221684508
15800594784
9374592240
2948589696
12527499972
6101497428
15680407704
9254405160
2828402616
12407312892
5981310348
15560220624
9134218080
2708215536
12287125812
5861123268
15440033544
9014031000
2588028456
12166938732
5740936188
15319846464
8893843920
2467841376
12046751652
5620749108
15199659384
8773656840
2347654296
11926564572
5500562028
15079472304
8653469760
2227467216
11806377492
5380374948
14959285224
8533282680
2107280136
11686190412
5260187868
14839098144
8413095600
1987093056
11566003332
5140000788
14718911064
8292908520
1866905976
11445816252
5019813708
14598723984
8172721440
1746718896
11325629172
4899626628
14478536904
8052534360
1626531816
11205442092
4779439548
14358349824
7932347280
1506344736
11085255012
4659252468
14238162744
7812160200
1386157656
10965067932
4539065388
14117975664
7691973120
1265970576
10844880852
4418878308
13997788584
7571786040
1145783496
10724693772
4298691228
13877601504
7451598960
1025596416
10604506692
4178504148
13757414424
7331411880
905409336
10484319612
4058317068
13637227344
7211224800
785222256
10364132532
3938129988
13517040264
7091037720
665035176
10243945452
3817942908
13396853184
6970850640
544848096
10123758372
3697755828
13276666104
6850663560
424661016
10003571292
3577568748
13156479024
6730476480
304473936
9883384212
3457381668
13036291944
6610289400
184286856
9763197132
3337194588
12916104864
6490102320
64099776
9643010052
3217007508
12795917784
6369915240
15948825516
9522822972
3096820428
12675730704
6249728160
15828638436
9402635892
2976633348
12555543624
6129541080
15708451356
9282448812
2856446268
12435356544
6009354000
15588264276
9162261732
2736259188
12315169464
5889166920
15468077196
9042074652
2616072108
12194982384
5768979840
15347890116
8921887572
2495885028
12074795304
5648792760
15227703036
8801700492
2375697948
11954608224
5528605680
15107515956
8681513412
2255510868
11834421144
5408418600
14987328876
8561326332
2135323788
11714234064
5288231520
14867141796
8441139252
2015136708
11594046984
5168044440
14746954716
8320952172
1894949628
11473859904
5047857360
14626767636
8200765092
1774762548
11353672824
4927670280
14506580556
8080578012
1654575468
11233485744
4807483200
14386393476
7960390932
1534388388
11113298664
4687296120
14266206396
7840203852
1414201308
10993111584
4567109040
14146019316
7720016772
1294014228
10872924504
4446921960
14025832236
7599829692
1173827148
10752737424
4326734880
13905645156
7479642612
1053640068
10632550344
4206547800
13785458076
7359455532
933452988
10512363264
4086360720
13665270996
7239268452
813265908
10392176184
3966173640
13545083916
7119081372
693078828
10271989104
3845986560
13424896836
6998894292
572891748
10151802024
3725799480
13304709756
6878707212
452704668
10031614944
3605612400
13184522676
6758520132
332517588
9911427864
3485425320
13064335596
6638333052
212330508
9791240784
3365238240
12944148516
6518145972
92143428
9671053704
3245051160
12823961436
6397958892
15976869168
9550866624
3124864080
12703774356
6277771812
15856682088
9430679544
3004677000
12583587276
6157584732
15736495008
9310492464
2884489920
12463400196
6037397652
15616307928
9190305384
2764302840
12343213116
5917210572
15496120848
9070118304
2644115760
12223026036
5797023492
15375933768
8949931224
2523928680
12102838956
5676836412
15255746688
8829744144
2403741600
11982651876
5556649332
15135559608
8709557064
2283554520
11862464796
5436462252
15015372528
8589369984
2163367440
11742277716
5316275172
14895185448
8469182904
2043180360
11622090636
5196088092
14774998368
8348995824
1922993280
11501903556
5075901012
14654811288
8228808744
1802806200
11381716476
4955713932
14534624208
8108621664
1682619120
11261529396
4835526852
14414437128
7988434584
1562432040
11141342316
4715339772
14294250048
7868247504
1442244960
11021155236
4595152692
14174062968
7748060424
1322057880
10900968156
4474965612
14053875888
7627873344
1201870800
10780781076
4354778532
13933688808
7507686264
1081683720
10660593996
4234591452
13813501728
7387499184
961496640
10540406916
4114404372
13693314648
7267312104
841309560
10420219836
3994217292
13573127568
7147125024
721122480
10300032756
3874030212
13452940488
7026937944
600935400
10179845676
3753843132
13332753408
6906750864
480748320
10059658596
3633656052
13212566328
6786563784
360561240
9939471516
3513468972
13092379248
6666376704
240374160
9819284436
3393281892
12972192168
6546189624
120187080
9699097356
3273094812
12852005088
6426002544
