0
4900749556
1868559697
6769309253
3737119394
704929535
5605679091
2573489232
7474238788
4442048929
1409859070
6310608626
3278418767
246228908
5146978464
2114788605
7015538161
3983348302
951158443
5851907999
2819718140
7720467696
4688277837
1656087978
6556837534
3524647675
492457816
5393207372
2361017513
7261767069
4229577210
1197387351
6098136907
3065947048
33757189
4934506745
1902316886
6803066442
3770876583
738686724
5639436280
2607246421
7507995977
4475806118
1443616259
6344365815
3312175956
279986097
5180735653
2148545794
7049295350
4017105491
984915632
5885665188
2853475329
7754224885
4722035026
1689845167
6590594723
3558404864
526215005
5426964561
2394774702
7295524258
4263334399
1231144540
6131894096
3099704237
67514378
4968263934
1936074075
6836823631
3804633772
772443913
5673193469
2641003610
7541753166
4509563307
1477373448
6378123004
3345933145
313743286
5214492842
2182302983
7083052539
4050862680
1018672821
5919422377
2887232518
7787982074
4755792215
1723602356
6624351912
3592162053
559972194
5460721750
2428531891
7329281447
4297091588
1264901729
6165651285
3133461426
101271567
5002021123
1969831264
6870580820
3838390961
806201102
5706950658
2674760799
7575510355
4543320496
1511130637
6411880193
3379690334
347500475
5248250031
2216060172
7116809728
4084619869
1052430010
5953179566
2920989707
7821739263
4789549404
1757359545
6658109101
3625919242
593729383
5494478939
2462289080
7363038636
4330848777
1298658918
6199408474
3167218615
135028756
5035778312
2003588453
6904338009
3872148150
839958291
5740707847
2708517988
7609267544
4577077685
1544887826
6445637382
3413447523
381257664
5282007220
2249817361
7150566917
4118377058
1086187199
5986936755
2954746896
7855496452
4823306593
1791116734
6691866290
3659676431
627486572
5528236128
2496046269
7396795825
4364605966
1332416107
6233165663
3200975804
168785945
5069535501
2037345642
6938095198
3905905339
873715480
5774465036
2742275177
7643024733
4610834874
1578645015
6479394571
3447204712
415014853
5315764409
2283574550
7184324106
4152134247
1119944388
6020693944
2988504085
7889253641
4857063782
1824873923
6725623479
3693433620
661243761
5561993317
2529803458
7430553014
4398363155
1366173296
6266922852
3234732993
202543134
5103292690
2071102831
6971852387
3939662528
907472669
5808222225
2776032366
7676781922
4644592063
1612402204
6513151760
3480961901
448772042
5349521598
2317331739
7218081295
4185891436
1153701577
6054451133
3022261274
7923010830
4890820971
1858631112
6759380668
3727190809
695000950
5595750506
2563560647
7464310203
4432120344
1399930485
6300680041
3268490182
236300323
5137049879
2104860020
7005609576
3973419717
941229858
5841979414
2809789555
7710539111
4678349252
1646159393
6546908949
3514719090
482529231
5383278787
2351088928
7251838484
4219648625
1187458766
6088208322
3056018463
23828604
4924578160
1892388301
6793137857
3760947998
728758139
5629507695
2597317836
7498067392
4465877533
1433687674
6334437230
3302247371
270057512
5170807068
2138617209
7039366765
4007176906
974987047
5875736603
2843546744
7744296300
4712106441
1679916582
6580666138
3548476279
516286420
5417035976
2384846117
7285595673
4253405814
1221215955
6121965511
3089775652
57585793
4958335349
1926145490
6826895046
3794705187
762515328
5663264884
2631075025
7531824581
4499634722
1467444863
6368194419
3336004560
303814701
5204564257
2172374398
7073123954
4040934095
1008744236
5909493792
2877303933
7778053489
4745863630
1713673771
6614423327
3582233468
550043609
5450793165
2418603306
7319352862
4287163003
1254973144
6155722700
3123532841
91342982
4992092538
1959902679
6860652235
3828462376
796272517
5697022073
2664832214
7565581770
4533391911
1501202052
6401951608
3369761749
337571890
5238321446
2206131587
7106881143
4074691284
1042501425
5943250981
2911061122
7811810678
4779620819
1747430960
6648180516
3615990657
583800798
5484550354
2452360495
7353110051
4320920192
1288730333
6189479889
3157290030
125100171
5025849727
1993659868
6894409424
3862219565
830029706
5730779262
2698589403
7599338959
4567149100
1534959241
6435708797
3403518938
371329079
5272078635
2239888776
7140638332
4108448473
1076258614
5977008170
2944818311
7845567867
4813378008
1781188149
6681937705
3649747846
617557987
5518307543
2486117684
7386867240
4354677381
1322487522
6223237078
3191047219
158857360
5059606916
2027417057
6928166613
3895976754
863786895
5764536451
2732346592
7633096148
4600906289
1568716430
6469465986
3437276127
405086268
5305835824
2273645965
7174395521
4142205662
1110015803
6010765359
2978575500
7879325056
4847135197
1814945338
6715694894
3683505035
651315176
5552064732
2519874873
7420624429
4388434570
1356244711
6256994267
3224804408
192614549
5093364105
2061174246
6961923802
3929733943
897544084
5798293640
2766103781
7666853337
4634663478
1602473619
6503223175
3471033316
438843457
5339593013
2307403154
7208152710
4175962851
1143772992
6044522548
3012332689
7913082245
4880892386
1848702527
6749452083
3717262224
685072365
5585821921
2553632062
7454381618
4422191759
1390001900
6290751456
3258561597
226371738
5127121294
2094931435
6995680991
3963491132
931301273
5832050829
2799860970
7700610526
4668420667
1636230808
6536980364
3504790505
472600646
5373350202
2341160343
7241909899
4209720040
1177530181
6078279737
3046089878
13900019
4914649575
1882459716
6783209272
3751019413
718829554
5619579110
2587389251
7488138807
4455948948
1423759089
6324508645
3292318786
260128927
5160878483
2128688624
7029438180
3997248321
965058462
5865808018
2833618159
7734367715
4702177856
1669987997
6570737553
3538547694
506357835
5407107391
2374917532
7275667088
4243477229
1211287370
6112036926
3079847067
47657208
4948406764
1916216905
6816966461
3784776602
752586743
5653336299
2621146440
7521895996
4489706137
1457516278
6358265834
3326075975
293886116
5194635672
2162445813
7063195369
4031005510
998815651
5899565207
2867375348
7768124904
4735935045
1703745186
6604494742
3572304883
540115024
5440864580
2408674721
7309424277
4277234418
1245044559
6145794115
3113604256
81414397
4982163953
1949974094
6850723650
3818533791
786343932
5687093488
2654903629
7555653185
4523463326
1491273467
6392023023
3359833164
327643305
5228392861
2196203002
7096952558
4064762699
1032572840
5933322396
2901132537
7801882093
4769692234
1737502375
6638251931
3606062072
573872213
5474621769
2442431910
7343181466
4310991607
1278801748
6179551304
3147361445
115171586
5015921142
1983731283
6884480839
3852290980
820101121
5720850677
2688660818
7589410374
4557220515
1525030656
6425780212
3393590353
361400494
5262150050
2229960191
7130709747
4098519888
1066330029
5967079585
2934889726
7835639282
4803449423
1771259564
6672009120
3639819261
607629402
5508378958
2476189099
7376938655
4344748796
1312558937
6213308493
3181118634
148928775
5049678331
2017488472
6918238028
3886048169
853858310
5754607866
2722418007
7623167563
4590977704
1558787845
6459537401
3427347542
395157683
5295907239
2263717380
7164466936
4132277077
1100087218
6000836774
2968646915
7869396471
4837206612
1805016753
6705766309
3673576450
641386591
5542136147
2509946288
7410695844
4378505985
1346316126
6247065682
3214875823
182685964
5083435520
2051245661
6951995217
3919805358
887615499
5788365055
2756175196
7656924752
4624734893
1592545034
6493294590
3461104731
428914872
5329664428
2297474569
7198224125
4166034266
1133844407
6034593963
3002404104
7903153660
4870963801
1838773942
6739523498
3707333639
675143780
5575893336
2543703477
7444453033
4412263174
1380073315
6280822871
3248633012
216443153
5117192709
2085002850
6985752406
3953562547
921372688
5822122244
2789932385
7690681941
4658492082
1626302223
6527051779
3494861920
462672061
5363421617
2331231758
7231981314
4199791455
1167601596
6068351152
3036161293
3971434
4904720990
1872531131
6773280687
3741090828
708900969
5609650525
2577460666
7478210222
4446020363
1413830504
6314580060
3282390201
250200342
5150949898
2118760039
7019509595
3987319736
955129877
5855879433
2823689574
7724439130
4692249271
1660059412
6560808968
3528619109
496429250
5397178806
2364988947
7265738503
4233548644
1201358785
6102108341
3069918482
37728623
4938478179
1906288320
6807037876
3774848017
742658158
5643407714
2611217855
7511967411
4479777552
1447587693
6348337249
3316147390
283957531
5184707087
2152517228
7053266784
4021076925
988887066
5889636622
2857446763
7758196319
4726006460
1693816601
6594566157
3562376298
530186439
5430935995
2398746136
7299495692
4267305833
1235115974
6135865530
3103675671
71485812
4972235368
1940045509
6840795065
3808605206
776415347
5677164903
2644975044
7545724600
4513534741
1481344882
6382094438
3349904579
317714720
5218464276
2186274417
7087023973
4054834114
1022644255
5923393811
2891203952
7791953508
4759763649
1727573790
6628323346
3596133487
563943628
5464693184
2432503325
7333252881
4301063022
1268873163
6169622719
3137432860
105243001
5005992557
1973802698
6874552254
3842362395
810172536
5710922092
2678732233
7579481789
4547291930
1515102071
6415851627
3383661768
351471909
5252221465
2220031606
7120781162
4088591303
1056401444
5957151000
2924961141
7825710697
4793520838
1761330979
6662080535
3629890676
597700817
5498450373
2466260514
7367010070
4334820211
1302630352
6203379908
3171190049
139000190
5039749746
2007559887
6908309443
3876119584
843929725
5744679281
2712489422
7613238978
4581049119
1548859260
6449608816
3417418957
385229098
5285978654
2253788795
7154538351
4122348492
1090158633
5990908189
2958718330
7859467886
4827278027
1795088168
6695837724
3663647865
631458006
5532207562
2500017703
7400767259
4368577400
1336387541
6237137097
3204947238
172757379
5073506935
2041317076
6942066632
3909876773
877686914
5778436470
2746246611
7646996167
4614806308
1582616449
6483366005
3451176146
418986287
5319735843
2287545984
7188295540
4156105681
1123915822
6024665378
2992475519
7893225075
4861035216
1828845357
6729594913
3697405054
665215195
5565964751
2533774892
7434524448
4402334589
1370144730
6270894286
3238704427
206514568
5107264124
2075074265
6975823821
3943633962
911444103
5812193659
2780003800
7680753356
4648563497
1616373638
6517123194
3484933335
452743476
5353493032
2321303173
7222052729
4189862870
1157673011
6058422567
3026232708
7926982264
4894792405
1862602546
6763352102
3731162243
698972384
5599721940
2567532081
7468281637
4436091778
1403901919
6304651475
3272461616
240271757
5141021313
2108831454
7009581010
3977391151
945201292
5845950848
2813760989
7714510545
4682320686
1650130827
6550880383
3518690524
486500665
5387250221
2355060362
7255809918
4223620059
1191430200
6092179756
3059989897
27800038
4928549594
1896359735
6797109291
3764919432
732729573
5633479129
2601289270
7502038826
4469848967
1437659108
6338408664
3306218805
274028946
5174778502
2142588643
7043338199
4011148340
978958481
5879708037
2847518178
7748267734
4716077875
1683888016
6584637572
3552447713
520257854
5421007410
2388817551
7289567107
4257377248
1225187389
6125936945
3093747086
61557227
4962306783
1930116924
6830866480
3798676621
766486762
5667236318
2635046459
7535796015
4503606156
1471416297
6372165853
3339975994
307786135
5208535691
2176345832
7077095388
4044905529
1012715670
5913465226
2881275367
7782024923
4749835064
1717645205
6618394761
3586204902
554015043
5454764599
2422574740
7323324296
4291134437
1258944578
6159694134
3127504275
95314416
4996063972
1963874113
6864623669
3832433810
800243951
5700993507
2668803648
7569553204
4537363345
1505173486
6405923042
3373733183
341543324
5242292880
2210103021
7110852577
4078662718
1046472859
5947222415
2915032556
7815782112
4783592253
1751402394
6652151950
3619962091
587772232
5488521788
2456331929
7357081485
4324891626
1292701767
6193451323
3161261464
129071605
5029821161
1997631302
6898380858
3866190999
834001140
5734750696
2702560837
7603310393
4571120534
1538930675
6439680231
3407490372
375300513
5276050069
2243860210
7144609766
4112419907
1080230048
5980979604
2948789745
7849539301
4817349442
1785159583
6685909139
3653719280
621529421
5522278977
2490089118
7390838674
4358648815
1326458956
6227208512
3195018653
162828794
5063578350
2031388491
6932138047
3899948188
867758329
5768507885
2736318026
7637067582
4604877723
1572687864
6473437420
3441247561
409057702
5309807258
2277617399
7178366955
4146177096
1113987237
6014736793
2982546934
7883296490
4851106631
1818916772
6719666328
3687476469
655286610
5556036166
2523846307
7424595863
4392406004
1360216145
6260965701
3228775842
196585983
5097335539
2065145680
6965895236
3933705377
901515518
5802265074
2770075215
7670824771
4638634912
1606445053
6507194609
3475004750
442814891
5343564447
2311374588
7212124144
4179934285
1147744426
6048493982
3016304123
7917053679
4884863820
1852673961
6753423517
3721233658
689043799
5589793355
2557603496
7458353052
4426163193
1393973334
6294722890
3262533031
230343172
5131092728
2098902869
6999652425
3967462566
935272707
5836022263
2803832404
7704581960
4672392101
1640202242
6540951798
3508761939
476572080
5377321636
2345131777
7245881333
4213691474
1181501615
6082251171
3050061312
17871453
4918621009
1886431150
6787180706
3754990847
722800988
5623550544
2591360685
7492110241
4459920382
1427730523
6328480079
3296290220
264100361
5164849917
2132660058
7033409614
4001219755
969029896
5869779452
2837589593
7738339149
4706149290
1673959431
6574708987
3542519128
510329269
5411078825
2378888966
7279638522
4247448663
1215258804
6116008360
3083818501
51628642
4952378198
1920188339
6820937895
3788748036
756558177
5657307733
2625117874
7525867430
4493677571
1461487712
6362237268
3330047409
297857550
5198607106
2166417247
7067166803
4034976944
1002787085
5903536641
2871346782
7772096338
4739906479
1707716620
6608466176
3576276317
544086458
5444836014
2412646155
7313395711
4281205852
1249015993
6149765549
3117575690
85385831
4986135387
1953945528
6854695084
3822505225
790315366
5691064922
2658875063
7559624619
4527434760
1495244901
6395994457
3363804598
331614739
5232364295
2200174436
7100923992
4068734133
1036544274
5937293830
2905103971
7805853527
4773663668
1741473809
6642223365
3610033506
577843647
5478593203
2446403344
7347152900
4314963041
1282773182
6183522738
3151332879
119143020
5019892576
1987702717
6888452273
3856262414
824072555
5724822111
2692632252
7593381808
4561191949
1529002090
6429751646
3397561787
365371928
5266121484
2233931625
7134681181
4102491322
1070301463
5971051019
2938861160
7839610716
4807420857
1775230998
6675980554
3643790695
611600836
5512350392
2480160533
7380910089
4348720230
1316530371
6217279927
3185090068
152900209
5053649765
2021459906
6922209462
3890019603
857829744
5758579300
2726389441
7627138997
4594949138
1562759279
6463508835
3431318976
399129117
5299878673
2267688814
7168438370
4136248511
1104058652
6004808208
2972618349
7873367905
4841178046
1808988187
6709737743
3677547884
645358025
5546107581
2513917722
7414667278
4382477419
1350287560
6251037116
3218847257
186657398
5087406954
2055217095
6955966651
3923776792
891586933
5792336489
2760146630
7660896186
4628706327
1596516468
6497266024
3465076165
432886306
5333635862
2301446003
7202195559
4170005700
1137815841
6038565397
3006375538
7907125094
4874935235
1842745376
6743494932
3711305073
679115214
5579864770
2547674911
7448424467
4416234608
1384044749
6284794305
3252604446
220414587
5121164143
2088974284
6989723840
3957533981
925344122
5826093678
2793903819
7694653375
4662463516
1630273657
6531023213
3498833354
466643495
5367393051
2335203192
7235952748
4203762889
1171573030
6072322586
3040132727
7942868
4908692424
1876502565
6777252121
3745062262
712872403
5613621959
2581432100
7482181656
4449991797
1417801938
6318551494
3286361635
254171776
5154921332
2122731473
7023481029
3991291170
959101311
5859850867
2827661008
7728410564
4696220705
1664030846
6564780402
3532590543
500400684
5401150240
2368960381
7269709937
4237520078
1205330219
6106079775
3073889916
41700057
4942449613
1910259754
6811009310
3778819451
746629592
5647379148
2615189289
7515938845
4483748986
1451559127
6352308683
3320118824
287928965
5188678521
2156488662
7057238218
4025048359
992858500
5893608056
2861418197
7762167753
4729977894
1697788035
6598537591
3566347732
534157873
5434907429
2402717570
7303467126
4271277267
1239087408
6139836964
3107647105
75457246
4976206802
1944016943
6844766499
3812576640
780386781
5681136337
2648946478
7549696034
4517506175
1485316316
6386065872
3353876013
321686154
5222435710
2190245851
7090995407
4058805548
1026615689
5927365245
2895175386
7795924942
4763735083
1731545224
6632294780
3600104921
567915062
5468664618
2436474759
7337224315
4305034456
1272844597
6173594153
3141404294
109214435
5009963991
1977774132
6878523688
3846333829
814143970
5714893526
2682703667
7583453223
4551263364
1519073505
6419823061
3387633202
355443343
5256192899
2224003040
7124752596
4092562737
1060372878
5961122434
2928932575
7829682131
4797492272
1765302413
6666051969
3633862110
601672251
5502421807
2470231948
7370981504
4338791645
1306601786
6207351342
3175161483
142971624
5043721180
2011531321
6912280877
3880091018
847901159
5748650715
2716460856
7617210412
4585020553
1552830694
6453580250
3421390391
389200532
5289950088
2257760229
7158509785
4126319926
1094130067
5994879623
2962689764
7863439320
4831249461
1799059602
6699809158
3667619299
635429440
5536178996
2503989137
7404738693
4372548834
1340358975
6241108531
3208918672
176728813
5077478369
2045288510
6946038066
3913848207
881658348
5782407904
2750218045
7650967601
4618777742
1586587883
6487337439
3455147580
422957721
5323707277
2291517418
7192266974
4160077115
1127887256
6028636812
2996446953
7897196509
4865006650
1832816791
6733566347
3701376488
669186629
5569936185
2537746326
7438495882
4406306023
1374116164
6274865720
3242675861
210486002
5111235558
2079045699
6979795255
3947605396
915415537
5816165093
2783975234
7684724790
4652534931
1620345072
6521094628
3488904769
456714910
5357464466
2325274607
7226024163
4193834304
1161644445
6062394001
3030204142
7930953698
4898763839
1866573980
6767323536
3735133677
702943818
5603693374
2571503515
7472253071
4440063212
1407873353
6308622909
3276433050
244243191
5144992747
2112802888
7013552444
3981362585
949172726
5849922282
2817732423
7718481979
4686292120
1654102261
6554851817
3522661958
490472099
5391221655
2359031796
7259781352
4227591493
1195401634
6096151190
3063961331
31771472
4932521028
1900331169
6801080725
3768890866
736701007
5637450563
2605260704
7506010260
4473820401
1441630542
6342380098
3310190239
278000380
5178749936
2146560077
7047309633
4015119774
982929915
5883679471
2851489612
7752239168
4720049309
1687859450
6588609006
3556419147
524229288
5424978844
2392788985
7293538541
4261348682
1229158823
6129908379
3097718520
65528661
4966278217
1934088358
6834837914
3802648055
770458196
5671207752
2639017893
7539767449
4507577590
1475387731
6376137287
3343947428
311757569
5212507125
2180317266
7081066822
4048876963
1016687104
5917436660
2885246801
7785996357
4753806498
1721616639
6622366195
3590176336
557986477
5458736033
2426546174
7327295730
4295105871
1262916012
6163665568
3131475709
99285850
5000035406
1967845547
6868595103
3836405244
804215385
5704964941
2672775082
7573524638
4541334779
1509144920
6409894476
3377704617
345514758
5246264314
2214074455
7114824011
4082634152
1050444293
5951193849
2919003990
7819753546
4787563687
1755373828
6656123384
3623933525
591743666
5492493222
2460303363
7361052919
4328863060
1296673201
6197422757
3165232898
133043039
5033792595
2001602736
6902352292
3870162433
837972574
5738722130
2706532271
7607281827
4575091968
1542902109
6443651665
3411461806
379271947
5280021503
2247831644
7148581200
4116391341
1084201482
5984951038
2952761179
7853510735
4821320876
1789131017
6689880573
3657690714
625500855
5526250411
2494060552
7394810108
4362620249
1330430390
6231179946
3198990087
166800228
5067549784
2035359925
6936109481
3903919622
871729763
5772479319
2740289460
7641039016
4608849157
1576659298
6477408854
3445218995
413029136
5313778692
2281588833
7182338389
4150148530
1117958671
6018708227
2986518368
7887267924
4855078065
1822888206
6723637762
3691447903
659258044
5560007600
2527817741
7428567297
4396377438
1364187579
6264937135
3232747276
200557417
5101306973
2069117114
6969866670
3937676811
905486952
5806236508
2774046649
7674796205
4642606346
1610416487
6511166043
3478976184
446786325
5347535881
2315346022
7216095578
4183905719
1151715860
6052465416
3020275557
7921025113
4888835254
1856645395
6757394951
3725205092
693015233
5593764789
2561574930
7462324486
4430134627
1397944768
6298694324
3266504465
234314606
5135064162
2102874303
7003623859
3971434000
939244141
5839993697
2807803838
7708553394
4676363535
1644173676
6544923232
3512733373
480543514
5381293070
2349103211
7249852767
4217662908
1185473049
6086222605
3054032746
21842887
4922592443
1890402584
6791152140
3758962281
726772422
5627521978
2595332119
7496081675
4463891816
1431701957
6332451513
3300261654
268071795
5168821351
2136631492
7037381048
4005191189
973001330
5873750886
2841561027
7742310583
4710120724
1677930865
6578680421
3546490562
514300703
5415050259
2382860400
7283609956
4251420097
1219230238
6119979794
3087789935
55600076
4956349632
1924159773
6824909329
3792719470
760529611
5661279167
2629089308
7529838864
4497649005
1465459146
6366208702
3334018843
301828984
5202578540
2170388681
7071138237
4038948378
1006758519
5907508075
2875318216
7776067772
4743877913
1711688054
6612437610
3580247751
548057892
5448807448
2416617589
7317367145
4285177286
1252987427
6153736983
3121547124
89357265
4990106821
1957916962
6858666518
3826476659
794286800
5695036356
2662846497
7563596053
4531406194
1499216335
6399965891
3367776032
335586173
5236335729
2204145870
7104895426
4072705567
1040515708
5941265264
2909075405
7809824961
4777635102
1745445243
6646194799
3614004940
581815081
5482564637
2450374778
7351124334
4318934475
1286744616
6187494172
3155304313
123114454
5023864010
1991674151
6892423707
3860233848
828043989
5728793545
2696603686
7597353242
4565163383
1532973524
6433723080
3401533221
369343362
5270092918
2237903059
7138652615
4106462756
1074272897
5975022453
2942832594
7843582150
4811392291
1779202432
6679951988
3647762129
615572270
5516321826
2484131967
7384881523
4352691664
1320501805
6221251361
3189061502
156871643
5057621199
2025431340
6926180896
3893991037
861801178
5762550734
2730360875
7631110431
4598920572
1566730713
6467480269
3435290410
403100551
5303850107
2271660248
7172409804
4140219945
1108030086
6008779642
2976589783
7877339339
4845149480
1812959621
6713709177
3681519318
649329459
5550079015
2517889156
7418638712
4386448853
1354258994
6255008550
3222818691
190628832
5091378388
2059188529
6959938085
3927748226
895558367
5796307923
2764118064
7664867620
4632677761
1600487902
6501237458
3469047599
436857740
5337607296
2305417437
7206166993
4173977134
1141787275
6042536831
3010346972
7911096528
4878906669
1846716810
6747466366
3715276507
683086648
5583836204
2551646345
7452395901
4420206042
1388016183
6288765739
3256575880
224386021
5125135577
2092945718
6993695274
3961505415
929315556
5830065112
2797875253
7698624809
4666434950
1634245091
6534994647
3502804788
470614929
5371364485
2339174626
7239924182
4207734323
1175544464
6076294020
3044104161
11914302
4912663858
1880473999
6781223555
3749033696
716843837
5617593393
2585403534
7486153090
4453963231
1421773372
6322522928
3290333069
258143210
5158892766
2126702907
7027452463
3995262604
963072745
5863822301
2831632442
7732381998
4700192139
1668002280
6568751836
3536561977
504372118
5405121674
2372931815
7273681371
4241491512
1209301653
6110051209
3077861350
45671491
4946421047
1914231188
6814980744
3782790885
750601026
5651350582
2619160723
7519910279
4487720420
1455530561
6356280117
3324090258
291900399
5192649955
2160460096
7061209652
4029019793
996829934
5897579490
2865389631
7766139187
4733949328
1701759469
6602509025
3570319166
538129307
5438878863
2406689004
7307438560
4275248701
1243058842
6143808398
3111618539
79428680
4980178236
1947988377
6848737933
3816548074
784358215
5685107771
2652917912
7553667468
4521477609
1489287750
6390037306
3357847447
325657588
5226407144
2194217285
7094966841
4062776982
1030587123
5931336679
2899146820
7799896376
4767706517
1735516658
6636266214
3604076355
571886496
5472636052
2440446193
7341195749
4309005890
1276816031
6177565587
3145375728
113185869
5013935425
1981745566
6882495122
3850305263
818115404
5718864960
2686675101
7587424657
4555234798
1523044939
6423794495
3391604636
359414777
5260164333
2227974474
7128724030
4096534171
1064344312
5965093868
2932904009
7833653565
4801463706
1769273847
6670023403
3637833544
605643685
5506393241
2474203382
7374952938
4342763079
1310573220
6211322776
3179132917
146943058
5047692614
2015502755
6916252311
3884062452
851872593
5752622149
2720432290
7621181846
4588991987
1556802128
6457551684
3425361825
393171966
5293921522
2261731663
7162481219
4130291360
1098101501
5998851057
2966661198
7867410754
4835220895
1803031036
6703780592
3671590733
639400874
5540150430
2507960571
7408710127
4376520268
1344330409
6245079965
3212890106
180700247
5081449803
2049259944
6950009500
3917819641
885629782
5786379338
2754189479
7654939035
4622749176
1590559317
6491308873
3459119014
426929155
5327678711
2295488852
7196238408
4164048549
1131858690
6032608246
3000418387
7901167943
4868978084
1836788225
6737537781
3705347922
673158063
5573907619
2541717760
7442467316
4410277457
1378087598
6278837154
3246647295
214457436
5115206992
2083017133
6983766689
3951576830
919386971
5820136527
2787946668
7688696224
4656506365
1624316506
6525066062
3492876203
460686344
5361435900
2329246041
7229995597
4197805738
1165615879
6066365435
3034175576
1985717
4902735273
1870545414
6771294970
3739105111
706915252
5607664808
2575474949
7476224505
4444034646
1411844787
6312594343
3280404484
248214625
5148964181
2116774322
7017523878
3985334019
953144160
5853893716
2821703857
7722453413
4690263554
1658073695
6558823251
3526633392
494443533
5395193089
2363003230
7263752786
4231562927
1199373068
6100122624
3067932765
35742906
4936492462
1904302603
6805052159
3772862300
740672441
5641421997
2609232138
7509981694
4477791835
1445601976
6346351532
3314161673
281971814
5182721370
2150531511
7051281067
4019091208
986901349
5887650905
2855461046
7756210602
4724020743
1691830884
6592580440
3560390581
528200722
5428950278
2396760419
7297509975
4265320116
1233130257
6133879813
3101689954
69500095
4970249651
1938059792
6838809348
3806619489
774429630
5675179186
2642989327
7543738883
4511549024
1479359165
6380108721
3347918862
315729003
5216478559
2184288700
7085038256
4052848397
1020658538
5921408094
2889218235
7789967791
4757777932
1725588073
6626337629
3594147770
561957911
5462707467
2430517608
7331267164
4299077305
1266887446
6167637002
3135447143
103257284
5004006840
1971816981
6872566537
3840376678
808186819
5708936375
2676746516
7577496072
4545306213
1513116354
6413865910
3381676051
349486192
5250235748
2218045889
7118795445
4086605586
1054415727
5955165283
2922975424
7823724980
4791535121
1759345262
6660094818
3627904959
595715100
5496464656
2464274797
7365024353
4332834494
1300644635
6201394191
3169204332
137014473
5037764029
2005574170
6906323726
3874133867
841944008
5742693564
2710503705
7611253261
4579063402
1546873543
6447623099
3415433240
383243381
5283992937
2251803078
7152552634
4120362775
1088172916
5988922472
2956732613
7857482169
4825292310
1793102451
6693852007
3661662148
629472289
5530221845
2498031986
7398781542
4366591683
1334401824
6235151380
3202961521
170771662
5071521218
2039331359
6940080915
3907891056
875701197
5776450753
2744260894
7645010450
4612820591
1580630732
6481380288
3449190429
417000570
5317750126
2285560267
7186309823
4154119964
1121930105
6022679661
2990489802
7891239358
4859049499
1826859640
6727609196
3695419337
663229478
5563979034
2531789175
7432538731
4400348872
1368159013
6268908569
3236718710
204528851
5105278407
2073088548
6973838104
3941648245
909458386
5810207942
2778018083
7678767639
4646577780
1614387921
6515137477
3482947618
450757759
5351507315
2319317456
7220067012
4187877153
1155687294
6056436850
3024246991
7924996547
4892806688
1860616829
6761366385
3729176526
696986667
5597736223
2565546364
7466295920
4434106061
1401916202
6302665758
3270475899
238286040
5139035596
2106845737
7007595293
3975405434
943215575
5843965131
2811775272
7712524828
4680334969
1648145110
6548894666
3516704807
484514948
5385264504
2353074645
7253824201
4221634342
1189444483
6090194039
3058004180
25814321
4926563877
1894374018
6795123574
3762933715
730743856
5631493412
2599303553
7500053109
4467863250
1435673391
6336422947
3304233088
272043229
5172792785
2140602926
7041352482
4009162623
976972764
5877722320
2845532461
7746282017
4714092158
1681902299
6582651855
3550461996
518272137
5419021693
2386831834
7287581390
4255391531
1223201672
6123951228
3091761369
59571510
4960321066
1928131207
6828880763
3796690904
764501045
5665250601
2633060742
7533810298
4501620439
1469430580
6370180136
3337990277
305800418
5206549974
2174360115
7075109671
4042919812
1010729953
5911479509
2879289650
7780039206
4747849347
1715659488
6616409044
3584219185
552029326
5452778882
2420589023
7321338579
4289148720
1256958861
6157708417
3125518558
93328699
4994078255
1961888396
6862637952
3830448093
798258234
5699007790
2666817931
7567567487
4535377628
1503187769
6403937325
3371747466
339557607
5240307163
2208117304
7108866860
4076677001
1044487142
5945236698
2913046839
7813796395
4781606536
1749416677
6650166233
3617976374
585786515
5486536071
2454346212
7355095768
4322905909
1290716050
6191465606
3159275747
127085888
5027835444
1995645585
6896395141
3864205282
832015423
5732764979
2700575120
7601324676
4569134817
1536944958
6437694514
3405504655
373314796
5274064352
2241874493
7142624049
4110434190
1078244331
5978993887
2946804028
7847553584
4815363725
1783173866
6683923422
3651733563
619543704
5520293260
2488103401
7388852957
4356663098
1324473239
6225222795
3193032936
160843077
5061592633
2029402774
6930152330
3897962471
865772612
5766522168
2734332309
7635081865
4602892006
1570702147
6471451703
3439261844
407071985
5307821541
2275631682
7176381238
4144191379
1112001520
6012751076
2980561217
7881310773
4849120914
1816931055
6717680611
3685490752
653300893
5554050449
2521860590
7422610146
4390420287
1358230428
6258979984
3226790125
194600266
5095349822
2063159963
6963909519
3931719660
899529801
5800279357
2768089498
7668839054
4636649195
1604459336
6505208892
3473019033
440829174
5341578730
2309388871
7210138427
4177948568
1145758709
6046508265
3014318406
7915067962
4882878103
1850688244
6751437800
3719247941
687058082
5587807638
2555617779
7456367335
4424177476
1391987617
6292737173
3260547314
228357455
5129107011
2096917152
6997666708
3965476849
933286990
5834036546
2801846687
7702596243
4670406384
1638216525
6538966081
3506776222
474586363
5375335919
2343146060
7243895616
4211705757
1179515898
6080265454
3048075595
15885736
4916635292
1884445433
6785194989
3753005130
720815271
5621564827
2589374968
7490124524
4457934665
1425744806
6326494362
3294304503
262114644
5162864200
2130674341
7031423897
3999234038
967044179
5867793735
2835603876
7736353432
4704163573
1671973714
6572723270
3540533411
508343552
5409093108
2376903249
7277652805
4245462946
1213273087
6114022643
3081832784
49642925
4950392481
1918202622
6818952178
3786762319
754572460
5655322016
2623132157
7523881713
4491691854
1459501995
6360251551
3328061692
295871833
5196621389
2164431530
7065181086
4032991227
1000801368
5901550924
2869361065
7770110621
4737920762
1705730903
6606480459
3574290600
542100741
5442850297
2410660438
7311409994
4279220135
1247030276
6147779832
3115589973
83400114
4984149670
1951959811
6852709367
3820519508
788329649
5689079205
2656889346
7557638902
4525449043
1493259184
6394008740
3361818881
329629022
5230378578
2198188719
7098938275
4066748416
1034558557
5935308113
2903118254
7803867810
4771677951
1739488092
6640237648
3608047789
575857930
5476607486
2444417627
7345167183
4312977324
1280787465
6181537021
3149347162
117157303
5017906859
1985717000
6886466556
3854276697
822086838
5722836394
2690646535
7591396091
4559206232
1527016373
6427765929
3395576070
363386211
5264135767
2231945908
7132695464
4100505605
1068315746
5969065302
2936875443
7837624999
4805435140
1773245281
6673994837
3641804978
609615119
5510364675
2478174816
7378924372
4346734513
1314544654
6215294210
3183104351
150914492
5051664048
2019474189
6920223745
3888033886
855844027
5756593583
2724403724
7625153280
4592963421
1560773562
6461523118
3429333259
397143400
5297892956
2265703097
7166452653
4134262794
1102072935
6002822491
2970632632
7871382188
4839192329
1807002470
6707752026
3675562167
643372308
5544121864
2511932005
7412681561
4380491702
1348301843
6249051399
3216861540
184671681
5085421237
2053231378
6953980934
3921791075
889601216
5790350772
2758160913
7658910469
4626720610
1594530751
6495280307
3463090448
430900589
5331650145
2299460286
7200209842
4168019983
1135830124
6036579680
3004389821
7905139377
4872949518
1840759659
6741509215
3709319356
677129497
5577879053
2545689194
7446438750
4414248891
1382059032
6282808588
3250618729
218428870
5119178426
2086988567
6987738123
3955548264
923358405
5824107961
2791918102
7692667658
4660477799
1628287940
6529037496
3496847637
464657778
5365407334
2333217475
7233967031
4201777172
1169587313
6070336869
3038147010
5957151
4906706707
1874516848
6775266404
3743076545
710886686
5611636242
2579446383
7480195939
4448006080
1415816221
6316565777
3284375918
252186059
5152935615
2120745756
7021495312
3989305453
957115594
5857865150
2825675291
7726424847
4694234988
1662045129
6562794685
3530604826
498414967
5399164523
2366974664
7267724220
4235534361
1203344502
6104094058
3071904199
39714340
4940463896
1908274037
6809023593
3776833734
744643875
5645393431
2613203572
7513953128
4481763269
1449573410
6350322966
3318133107
285943248
5186692804
2154502945
7055252501
4023062642
990872783
5891622339
2859432480
7760182036
4727992177
1695802318
6596551874
3564362015
532172156
5432921712
2400731853
7301481409
4269291550
1237101691
6137851247
3105661388
73471529
4974221085
1942031226
6842780782
3810590923
778401064
5679150620
2646960761
7547710317
4515520458
1483330599
6384080155
3351890296
319700437
5220449993
2188260134
7089009690
4056819831
1024629972
5925379528
2893189669
7793939225
4761749366
1729559507
6630309063
3598119204
565929345
5466678901
2434489042
7335238598
4303048739
1270858880
6171608436
3139418577
107228718
5007978274
1975788415
6876537971
3844348112
812158253
5712907809
2680717950
7581467506
4549277647
1517087788
6417837344
3385647485
353457626
5254207182
2222017323
7122766879
4090577020
1058387161
5959136717
2926946858
7827696414
4795506555
1763316696
6664066252
3631876393
599686534
5500436090
2468246231
7368995787
4336805928
1304616069
6205365625
3173175766
140985907
5041735463
2009545604
6910295160
3878105301
845915442
5746664998
2714475139
7615224695
4583034836
1550844977
6451594533
3419404674
387214815
5287964371
2255774512
7156524068
4124334209
1092144350
5992893906
2960704047
7861453603
4829263744
1797073885
6697823441
3665633582
633443723
5534193279
2502003420
7402752976
4370563117
1338373258
6239122814
3206932955
174743096
5075492652
2043302793
6944052349
3911862490
879672631
5780422187
2748232328
7648981884
4616792025
1584602166
6485351722
3453161863
420972004
5321721560
2289531701
7190281257
4158091398
1125901539
6026651095
2994461236
7895210792
4863020933
1830831074
6731580630
3699390771
667200912
5567950468
2535760609
7436510165
4404320306
1372130447
6272880003
3240690144
208500285
5109249841
2077059982
6977809538
3945619679
913429820
5814179376
2781989517
7682739073
4650549214
1618359355
6519108911
3486919052
454729193
5355478749
2323288890
7224038446
4191848587
1159658728
6060408284
3028218425
7928967981
4896778122
1864588263
6765337819
3733147960
700958101
5601707657
2569517798
7470267354
4438077495
1405887636
6306637192
3274447333
242257474
5143007030
2110817171
7011566727
3979376868
947187009
5847936565
2815746706
7716496262
4684306403
1652116544
6552866100
3520676241
488486382
5389235938
2357046079
7257795635
4225605776
1193415917
6094165473
3061975614
29785755
4930535311
1898345452
6799095008
3766905149
734715290
5635464846
2603274987
7504024543
4471834684
1439644825
6340394381
3308204522
276014663
5176764219
2144574360
7045323916
4013134057
980944198
5881693754
2849503895
7750253451
4718063592
1685873733
6586623289
3554433430
522243571
5422993127
2390803268
7291552824
4259362965
1227173106
6127922662
3095732803
63542944
4964292500
1932102641
6832852197
3800662338
768472479
5669222035
2637032176
7537781732
4505591873
1473402014
6374151570
3341961711
309771852
5210521408
2178331549
7079081105
4046891246
1014701387
5915450943
2883261084
7784010640
4751820781
1719630922
6620380478
3588190619
556000760
5456750316
2424560457
7325310013
4293120154
1260930295
6161679851
3129489992
97300133
4998049689
1965859830
6866609386
3834419527
802229668
5702979224
2670789365
7571538921
4539349062
1507159203
6407908759
3375718900
343529041
5244278597
2212088738
7112838294
4080648435
1048458576
5949208132
2917018273
7817767829
4785577970
1753388111
6654137667
3621947808
589757949
5490507505
2458317646
7359067202
4326877343
1294687484
6195437040
3163247181
131057322
5031806878
1999617019
6900366575
3868176716
835986857
5736736413
2704546554
7605296110
4573106251
1540916392
6441665948
3409476089
377286230
5278035786
2245845927
7146595483
4114405624
1082215765
5982965321
2950775462
7851525018
4819335159
1787145300
6687894856
3655704997
623515138
5524264694
2492074835
7392824391
4360634532
1328444673
6229194229
3197004370
164814511
5065564067
2033374208
6934123764
3901933905
869744046
5770493602
2738303743
7639053299
4606863440
1574673581
6475423137
3443233278
411043419
5311792975
2279603116
7180352672
4148162813
1115972954
6016722510
2984532651
7885282207
4853092348
1820902489
6721652045
3689462186
657272327
5558021883
2525832024
7426581580
4394391721
1362201862
6262951418
3230761559
198571700
5099321256
2067131397
6967880953
3935691094
903501235
5804250791
2772060932
7672810488
4640620629
1608430770
6509180326
3476990467
444800608
5345550164
2313360305
7214109861
4181920002
1149730143
6050479699
3018289840
7919039396
4886849537
1854659678
6755409234
3723219375
691029516
5591779072
2559589213
7460338769
4428148910
1395959051
6296708607
3264518748
232328889
5133078445
2100888586
7001638142
3969448283
937258424
5838007980
2805818121
7706567677
4674377818
1642187959
6542937515
3510747656
478557797
5379307353
2347117494
7247867050
4215677191
1183487332
6084236888
3052047029
19857170
4920606726
1888416867
6789166423
3756976564
724786705
5625536261
2593346402
7494095958
4461906099
1429716240
6330465796
3298275937
266086078
5166835634
2134645775
7035395331
4003205472
971015613
5871765169
2839575310
7740324866
4708135007
1675945148
6576694704
3544504845
512314986
5413064542
2380874683
7281624239
4249434380
1217244521
6117994077
3085804218
53614359
4954363915
1922174056
6822923612
3790733753
758543894
5659293450
2627103591
7527853147
4495663288
1463473429
6364222985
3332033126
299843267
5200592823
2168402964
7069152520
4036962661
1004772802
5905522358
2873332499
7774082055
4741892196
1709702337
6610451893
3578262034
546072175
5446821731
2414631872
7315381428
4283191569
1251001710
6151751266
3119561407
87371548
4988121104
1955931245
6856680801
3824490942
792301083
5693050639
2660860780
7561610336
4529420477
1497230618
6397980174
3365790315
333600456
5234350012
2202160153
7102909709
4070719850
1038529991
5939279547
2907089688
7807839244
4775649385
1743459526
6644209082
3612019223
579829364
5480578920
2448389061
7349138617
4316948758
1284758899
6185508455
3153318596
121128737
5021878293
1989688434
6890437990
3858248131
826058272
5726807828
2694617969
7595367525
4563177666
1530987807
6431737363
3399547504
367357645
5268107201
2235917342
7136666898
4104477039
1072287180
5973036736
2940846877
7841596433
4809406574
1777216715
6677966271
3645776412
613586553
5514336109
2482146250
7382895806
4350705947
1318516088
6219265644
3187075785
154885926
5055635482
2023445623
6924195179
3892005320
859815461
5760565017
2728375158
7629124714
4596934855
1564744996
6465494552
3433304693
401114834
5301864390
2269674531
7170424087
4138234228
1106044369
6006793925
2974604066
7875353622
4843163763
1810973904
6711723460
3679533601
647343742
5548093298
2515903439
7416652995
4384463136
1352273277
6253022833
3220832974
188643115
5089392671
2057202812
6957952368
3925762509
893572650
5794322206
2762132347
7662881903
4630692044
1598502185
6499251741
3467061882
434872023
5335621579
2303431720
7204181276
4171991417
1139801558
6040551114
3008361255
7909110811
4876920952
1844731093
6745480649
3713290790
681100931
5581850487
2549660628
7450410184
4418220325
1386030466
6286780022
3254590163
222400304
5123149860
2090960001
6991709557
3959519698
927329839
5828079395
2795889536
7696639092
4664449233
1632259374
6533008930
3500819071
468629212
5369378768
2337188909
7237938465
4205748606
1173558747
6074308303
3042118444
9928585
4910678141
1878488282
6779237838
3747047979
714858120
5615607676
2583417817
7484167373
4451977514
1419787655
6320537211
3288347352
256157493
5156907049
2124717190
7025466746
3993276887
961087028
5861836584
2829646725
7730396281
4698206422
1666016563
6566766119
3534576260
502386401
5403135957
2370946098
7271695654
4239505795
1207315936
6108065492
3075875633
43685774
4944435330
1912245471
6812995027
3780805168
748615309
5649364865
2617175006
7517924562
4485734703
1453544844
6354294400
3322104541
289914682
5190664238
2158474379
7059223935
4027034076
994844217
5895593773
2863403914
7764153470
4731963611
1699773752
6600523308
3568333449
536143590
5436893146
2404703287
7305452843
4273262984
1241073125
6141822681
3109632822
77442963
4978192519
1946002660
6846752216
3814562357
782372498
5683122054
2650932195
7551681751
4519491892
1487302033
6388051589
3355861730
323671871
5224421427
2192231568
7092981124
4060791265
1028601406
5929350962
2897161103
7797910659
4765720800
1733530941
6634280497
3602090638
569900779
5470650335
2438460476
7339210032
4307020173
1274830314
6175579870
3143390011
111200152
5011949708
1979759849
6880509405
3848319546
816129687
5716879243
2684689384
7585438940
4553249081
1521059222
6421808778
3389618919
357429060
5258178616
2225988757
7126738313
4094548454
1062358595
5963108151
2930918292
7831667848
4799477989
1767288130
6668037686
3635847827
603657968
5504407524
2472217665
7372967221
4340777362
1308587503
6209337059
3177147200
144957341
5045706897
2013517038
6914266594
3882076735
849886876
5750636432
2718446573
7619196129
4587006270
1554816411
6455565967
3423376108
391186249
5291935805
2259745946
7160495502
4128305643
1096115784
5996865340
2964675481
7865425037
4833235178
1801045319
6701794875
3669605016
637415157
5538164713
2505974854
7406724410
4374534551
1342344692
6243094248
3210904389
178714530
5079464086
2047274227
6948023783
3915833924
883644065
5784393621
2752203762
7652953318
4620763459
1588573600
6489323156
3457133297
424943438
5325692994
2293503135
7194252691
4162062832
1129872973
6030622529
2998432670
7899182226
4866992367
1834802508
6735552064
3703362205
671172346
5571921902
2539732043
7440481599
4408291740
1376101881
6276851437
3244661578
212471719
5113221275
2081031416
6981780972
3949591113
917401254
5818150810
2785960951
7686710507
4654520648
1622330789
6523080345
3490890486
458700627
5359450183
2327260324
7228009880
4195820021
1163630162
6064379718
3032189859
