0
849523240
850324183
848659963
851680010
850180172
849518484
852907817
851869307
850831463
850798461
848020730
850976884
851583450
850136741
852046342
850630741
846826233
850793673
849796419
850908673
851044332
848541496
851315477
848634231
852279786
848749231
849749720
851695686
852331520
852307288
848756801
852463833
852209797
847006257
849780238
850313910
850693644
851093217
849718429
850679799
849856732
852574045
850398495
850002153
848196456
850301004
849671730
848936825
846452427
848480180
848803250
846122004
848895985
850587089
851350920
851990442
851445610
850776386
851956160
852231572
851379462
849947856
851060110
848586137
850575664
848658669
850373658
848753359
849700475
851613435
851678367
848942656
850468622
848458210
850561357
850825632
850676357
851189165
848741934
850974416
852082771
850683927
851631043
851182151
848933383
849064797
851838778
851490951
849636739
850195578
851156948
849355435
850672502
852325621
846645852
849208083
850387857
851488709
850863951
847760190
849491807
849738082
848049130
848568850
851935365
851286003
848885347
850721698
851178861
847374353
851331279
850682006
853622419
849690758
850351583
852385934
847124512
849898493
849676351
850635307
851335199
849466075
850869782
848981629
850385336
850777449
852133395
849130413
849588645
850669060
851719016
849258222
852032203
850404852
851719505
851396643
850991923
851469175
851672317
848169779
850943760
853084074
849028300
850613337
850307346
848572978
850515846
847242066
850897061
850591070
849687316
849394914
847525790
850915123
847041344
851693773
849392167
850812473
851924727
851980770
848144047
850918028
850744285
851200278
850820537
850413862
849456358
849051638
851807181
847769845
851609206
849290054
851393201
852597707
850289392
852021009
847503820
849366548
851057539
851121224
852893872
847787544
851185348
849700413
849903555
851220622
849753488
852404670
849984137
848405801
850096905
846203762
848308310
850955426
848401045
849718112
850751868
849049717
849169192
849433467
851461220
849797000
850575606
849452916
852707493
848968470
850080724
851319293
850331613
849157767
850446613
850071173
851183427
851310615
850698981
847963270
852008242
851270923
850576967
850101691
846465516
852452514
849771268
851877717
849196471
849146555
849311471
849430946
850628743
849893838
847409440
851366366
849714670
847079017
850177562
851799468
852307933
851680614
847362741
849924972
850332927
851445181
848130888
849243142
849496015
848758696
851532677
847589464
850363445
850226758
850741230
850033022
849293309
851828842
849408309
851482637
850316746
850109516
852112566
851629725
850254937
851216307
850393240
849063387
852671798
851700681
848732964
850021810
851333202
851789195
847984687
848392642
849504896
851698394
851962669
849911700
851073681
851238597
847345454
851312894
851820964
849336566
850448820
849955465
849006143
849525863
851435464
850773776
848289378
849289867
849809587
847958955
849276022
849479164
851170268
848994718
850685822
851632012
848081525
851671208
850633364
851840673
850219946
849638634
851740155
849889523
850448362
851409732
851235989
852556362
850173247
851562700
850827795
848343397
850990513
852102767
845777151
848551132
851772344
852025217
848220709
849911813
851112024
851432022
851914486
851257445
851838826
852951080
853683966
849272580
847707719
847910861
849900388
851218514
848482803
851842381
847998357
850121814
850635651
850216504
852126105
851736713
849886081
850150356
851406290
849841429
850722298
852034098
847804306
850008651
850205079
852560490
852255524
849874656
851565760
850815675
851374999
852080924
851513302
852444457
849997226
851658723
845970576
848744557
849278229
851382777
848108997
847704277
850459820
847778574
850261845
850147835
851136295
849931422
848210071
850984052
847901144
850675125
853258868
850006730
853024822
849015482
849837987
850315239
851280793
850409929
849001075
849925483
850140639
850343781
851920477
848306353
851080334
849539983
848878295
848370751
850398504
850191274
848040328
849731432
850336695
851398049
850474998
850721367
851801782
850236921
850153484
852032741
848984252
851012005
849056784
850771773
849133036
847897702
849514251
849340508
850455270
849416760
853290700
848932314
849705700
851569608
846366068
849140049
849764146
850137197
850453028
849828270
852602251
848546477
851474218
849969886
850942608
852674225
848781082
851555063
848296636
848499778
850933930
847043967
851857499
849394790
850233479
850710731
851350253
850805421
849678514
851495674
850760769
849967454
853197652
850419921
847945948
850803671
851295621
851729394
851544684
849826349
851860700
850292015
848302467
850983910
850940687
849042836
851033422
851441377
851267634
852247640
851343886
851051484
850859440
851155992
848697914
848293194
850233035
851691272
849656337
852380154
849555389
850516759
850473603
852856848
851897012
846005663
848567894
850595647
850088103
849426415
850426904
848851618
848971093
851202441
847928661
851295176
852637857
851023118
852509394
850538672
846734164
850691090
852091888
848959668
852347047
849873074
850985328
848542162
850451763
849036162
849888628
851310284
848825886
850229593
848664732
850013180
849573169
851636007
849688169
848948456
852915896
851078827
848618033
851392014
849764663
850625040
850756454
851107369
852424436
851032128
852109834
851482515
848761319
848388111
851162092
851671812
847932789
849045043
846601877
851772688
848122086
849087640
849663332
846885601
850274934
849236424
850968041
850318679
850483595
851284538
849066010
848661290
850361581
848735587
850886794
850180348
851593900
848816169
849019311
851166992
848534865
851097096
848649865
850753012
851152585
850415266
851380820
846863631
852237806
850457863
849958088
851398882
847147355
850103509
851064879
849263366
850580433
851381376
846553783
849327764
851911507
850575677
848997341
847668121
850315237
847760856
849077923
849281065
850972169
848529003
848793278
850049212
849156811
849935417
848812727
852067304
851163550
849440535
852245805
849691424
848517578
849806424
849584282
850543238
849736700
850926988
847323081
851290521
850743295
850946437
849461502
849971222
850981711
849131079
852522957
849695276
850477545
852096049
848790757
849903011
849253649
850727782
851890943
849074481
852030635
849537373
851190492
851667744
853308502
848480909
850353580
849923715
850804992
849999967
848602953
851376934
847433721
850207702
846949275
849723256
849586569
850101041
849392833
851083937
851188653
852487290
852057425
849676557
850533521
851472377
849364289
850444704
851556958
849082985
851517137
851663826
849654927
849250207
850197323
852091571
851807775
850769265
850261721
847580475
851058205
847695475
850938196
851003128
851894422
851341929
850672705
851180775
851613724
849808631
852826723
850875222
848885674
850117140
848308976
849626043
851616629
849169398
851231478
852732118
847142700
849916681
849779994
849360847
852134828
848257038
849988655
849993175
850239544
851319959
849782899
851099966
849382195
849808173
850769543
850595800
851710562
850672052
851957460
850187606
851010111
852199897
848934937
850395341
849104402
846368691
852454075
849676344
852696391
851196553
849507601
851274297
849622601
852865322
850085493
852180169
852694641
852599831
847270672
848299259
850620345
847842614
851810054
850812800
848582983
850236102
850713354
852219214
851096524
851072319
850713843
849069826
849201240
850512632
851393909
847164117
849938098
851915781
848022638
850796619
851420716
851710025
850175486
850734810
851735299
850873113
852522926
849628250
851018534
845330387
848104368
850688111
849953206
847468808
852322467
849819631
847138385
849912366
850810681
850853385
851258832
852973821
851537322
847260955
850034936
852012619
852673156
848284392
849602518
849197798
849675050
850892430
849769740
848360886
851134867
850397548
849703592
849228316
849474591
851579139
848897893
850214960
847730562
849758315
852240620
847400139
849091243
850291454
850494596
849949764
850081178
851158884
852507332
852102612
850828461
848344063
850371816
849864272
851555376
847662233
847257513
850031494
850978610
849815081
848776571
850508188
851746757
849065511
850177765
850880728
849693319
849901728
850550305
852195242
848390734
850300335
847906288
850834029
850211518
850342932
852034036
848140893
850914874
850692732
847859589
850633570
846403778
851630718
847923987
850486218
851665992
850825019
852142086
849038325
850769942
850120580
849327265
850439519
849790157
852421722
850163482
848537488
851089205
848652488
849186160
851220511
849651826
850968893
850890088
851323727
848402647
850684248
850954486
850217167
851607451
850703697
850411295
850259764
850835456
848057725
849346571
850408548
850866780
849016148
852997151
850317860
852227461
849833414
850945668
851724274
851430243
851352472
850068019
849447914
848786226
849786715
850306435
848330904
849443158
849851113
851793981
848520201
850382929
851869205
850965451
850673049
848803925
852201729
848319479
850919936
850956773
850345139
850464614
851000518
849422182
849248439
850363201
849324691
852098672
848840245
850734493
848932980
851619080
849047980
850449848
852275707
849539996
851591987
851567527
850529683
849984851
850644683
851670856
851347994
850501624
851462994
852463483
848121130
851181690
846951898
848979651
853357369
848404854
852750780
847235622
847481897
849586445
846905199
849679180
850212852
850262920
850327852
850447327
850711602
850910219
848425821
850335422
850731051
848095398
850199946
851358859
848835767
851156853
848379122
850941353
851349308
851175565
852155571
851249862
849241405
849775077
851063923
848605845
851379826
850975106
849317899
850758693
850309690
849463320
850424690
852456809
851333127
851125897
845913594
848687575
851271318
849935488
848357152
850048256
850995372
848259661
850906777
848640876
850331980
851532191
849001068
849409023
849384818
848832325
850036831
852139978
848867599
849668542
851504893
850190229
852837345
850352947
848944093
850971846
849096511
850286799
851387651
850650332
850858741
849481100
852505891
849331033
850341522
852403602
849764824
849055087
849837356
850952118
849097906
849262822
851649745
851245025
852066456
851795166
851390446
850955023
851464743
853260253
851695392
847840720
848952974
851726955
851233600
849359778
851396532
851090541
846793532
849567513
850568002
852744355
847540815
850928194
850178109
851311944
850883542
847824539
851417236
849359660
849137518
851911499
848724100
848927242
850916769
848442796
851167658
851023637
849014738
851119286
850490012
849755107
850788863
852105930
849621532
846940286
852244443
847055286
850982213
851764482
848820687
851025032
851189948
851672412
850973535
852431446
850483608
850235033
851956136
849476951
847668787
848985854
849188996
850880100
846986957
849760938
846502511
849276492
849139805
848720658
851385894
852922732
849348466
849467941
849599355
850947803
849226452
852000433
848917525
849082441
851286786
851064644
851070373
850031863
850854368
852583702
850369922
851482176
848294748
850026365
849533010
845728502
849695942
847248711
852096715
850556364
848867412
849387132
848982412
851865837
849056709
850747813
851948024
848192635
851209557
847659070
847862212
849179279
851169865
851219933
847942794
849595913
850073165
851116122
851593374
848914083
851688064
848429637
849541891
851066931
849792780
849948695
849584488
851275592
847382449
850076504
850780527
851153578
851469409
850844651
850892711
849562858
851472459
848988061
851958989
851715706
848657638
851431619
847488406
849516159
851334128
848060348
847655628
850411171
849175837
850213196
850618643
851733405
850694895
852512055
850210449
850983835
850025071
847644203
848962329
851042281
849586196
849789338
851106405
851232144
849824612
849869920
851248021
848588127
849097847
850059217
848257704
849574771
849777913
845548121
848322102
850184830
851875821
851511614
849854407
849309575
852003630
850518695
850672718
852038904
850188272
848842868
851489984
849224083
849799775
847022044
849126592
850584764
851104484
848796169
851443285
849867999
849987474
850251749
849537576
850615282
849921326
852545769
853525775
851555053
847750545
849660146
852434127
848490914
849571329
850889455
852001709
850934472
851468144
848781552
850905009
851751738
850420563
852135552
847283798
849846029
850589550
850184830
850704550
849964837
847475247
850249228
849634414
849799330
850781044
851781533
852215172
847897299
851816807
848012299
851969225
851673748
849777700
850743254
851151209
851726901
848949170
850061424
850314297
849576978
850723295
848407746
850679713
849942867
848077323
850851304
849873143
851435044
850226591
850835063
852356962
849677671
851587272
851042798
850305479
851084085
851372070
851904816
850183465
852328977
849551246
850039454
849666246
851728326
848802969
849210924
850323178
847880012
852236047
852631676
850974469
850941467
848163736
851119890
851726456
850279747
851596814
850773747
847570164
850344145
849939425
851592058
849723012
848684502
851458483
848777237
850094304
849431785
851988550
849813000
849809659
852450294
848899807
850951798
851693401
850004449
850741960
850456916
853321322
850707805
849861435
850822805
850600663
853374644
850541501
846311709
848339462
847831918
852905929
849079831
846595433
850562873
848946256
846265010
849038991
850711657
851493926
852250304
849807138
850071413
848445419
850434946
851213552
850090862
848526001
848729143
850718670
848195578
850516664
849497290
851096008
850862417
850125098
851014835
850609673
848601216
850003084
850968638
847965656
850659711
850602950
850732243
848622588
850826933
850973411
851755680
850054860
850692938
852384042
850531784
852005917
846505134
852749931
850099366
850815508
851423980
846788858
849351089
849759044
851631715
851006957
848522559
851278102
848596856
848192136
848711856
851954577
848227410
849028353
850864704
848719426
850372545
852362072
850825012
853730266
849535633
850494589
851133521
849325357
850642424
848840911
852683078
850361120
851162063
848159081
849124635
850528342
850920455
850311929
849273419
850590032
851009556
848858610
850549714
851154977
852216331
850398576
850824554
852620064
851055203
852458910
848312785
848432260
849379376
849875066
850756343
849951318
848715984
850120783
847385072
852104166
846900626
853342428
848420835
850523982
850243353
847184350
851151790
849535173
848497329
851271310
850646552
848287053
849315640
851636726
850660330
849034336
851468488
849599364
850988817
849114918
849318060
851465741
851310929
847439091
850086207
850217621
850382537
847646826
848180498
850954479
852487436
852409665
850785736
852552432
849843419
851191867
851363628
852751680
852547676
852064835
848548807
849577394
846346768
849120749
851802192
851262920
849861118
851514237
850745705
849312198
849576473
848827752
849940006
850347961
850479375
851790767
848277336
848442252
851462299
850424455
849300773
850766672
850214179
851242766
851453621
850841987
849377267
849386176
851413929
850719973
849055753
846608522
850575962
849914274
849366217
848746943
852144747
851225648
848416520
850107624
849357539
847552446
851509372
851026531
847222023
848539090
850423186
851844842
849360444
851270045
850880653
850475933
850953185
848273894
850376487
849483014
848901702
851675683
847732470
850506451
851040123
851503599
850176028
849436315
851971848
850582945
853518755
850204462
850252522
848922669
850832270
850397943
849663038
849579601
849206393
852814804
846848217
848875970
850197890
847420159
851932201
848940368
848535648
850481614
851841400
851093216
850054706
851786323
851136961
850343646
849384882
850806538
849479572
851179863
849553869
849149149
849668869
851578470
849184423
849985366
851821717
851632516
848457658
849419028
851700629
851970867
849137724
844907932
847681913
849659596
851276145
850776370
852217164
850362952
850921791
851883161
850032529
850591368
851552738
847372065
850849795
851962049
847041642
849815623
848486403
850399363
850464295
848155980
849887597
852125016
849347285
849611560
850867494
849975093
849281137
851495302
852885586
851981832
850416971
851077796
850271258
847850725
850624706
850402564
851361520
850294283
850072141
848141363
850264820
851111549
851912492
852859608
849856626
850384784
849949361
853594916
849984435
851064850
846835058
847947312
850721293
850071931
851546064
852398530
851661064
851914084
851719465
851518005
851339550
851033559
849137511
851171862
847968279
848968768
851317283
849421235
850121127
848252003
850083106
847767557
847921580
850118380
847437134
850211115
849232954
851208263
851727983
848044150
850818131
851351803
851140075
850182571
849777851
852375240
849852148
851675625
849973799
851688788
850068489
849399265
852928565
848230033
850257786
851783752
849682989
851876487
848513757
851911561
850334280
848183334
849874438
850479701
851541055
852432006
852417355
851226984
846929975
849703956
851613557
849127258
849373533
849199790
850314552
849276042
851805006
847960982
850523213
850598276
850179129
853433706
849075320
849848706
851053212
849364260
849883980
849907152
851333500
850200477
849971276
851587825
848689483
852528844
850112892
851303180
851005888
847191729
852445319
848439642
851213623
849922684
847186973
852273507
849537796
850071468
850620051
851610115
852043460
850279203
847805230
850662953
850110460
853034146
850573352
848088954
849117541
851438627
851468364
848857101
849969355
850222228
849484909
850374646
851126916
852106922
849362895
851467443
849888108
850019522
848557196
852212191
847982399
851002446
850333222
848840920
849414671
850376041
850153899
850993768
851553092
845864945
852306747
849459177
851277146
852040018
846148669
848710900
849118855
850231109
850366768
849019409
850637913
847956667
852368676
848071667
851998594
851248509
853895625
848818950
848079237
849732356
850844610
852161677
849102674
848895444
850016080
850415653
848685168
850002235
849179168
851896481
849720931
850521874
847518892
848807738
850156186
849716175
851033242
851511995
850364847
850484322
848218421
849909525
851109736
851312878
850768046
850098822
852288913
851554008
852086754
851646743
847792071
848739187
851386303
852088860
849311129
848075795
850275438
846744883
850712323
848265092
850946535
847780646
849883793
850417940
849998793
850511601
850461685
850626601
850746076
849209016
851118617
848675451
848878593
850195660
848394147
851736906
848959175
850348628
851309998
848677871
851240102
851448511
846798902
848530519
850558272
850811145
847006637
850974077
850600869
852291973
851541888
850145547
851257801
850608439
853143972
850723439
851909092
846696789
849470770
850004442
848937205
849140347
849674019
851708370
848504787
849220929
850874048
851351300
848672009
848936284
850192218
848627357
849707772
850820026
852345066
851070915
849741695
852388811
849834430
848660584
851136142
849727288
850602577
850805719
851069994
850321273
850840993
850886301
850266196
849604508
850114228
849935773
849274085
848726028
849838282
846564502
849338483
848933763
852901203
848717350
850870788
850879697
853020011
851535076
851738218
849782997
851204653
849859249
848623915
850240464
850066721
850864331
850142973
849736298
849658527
849129709
851148055
847092281
849866262
850375982
850863410
849535839
850554483
851331659
846826256
852200431
850696099
850676527
853217641
849507295
850587710
849022849
848939412
851660143
847770180
849797933
850121003
847439757
851436944
851077910
848300179
850404727
847723481
851201211
850074304
851081202
848491628
851265609
851529884
849119436
850644476
849976422
851691411
848913680
851018228
849028680
849654049
851975135
849769049
851759635
852167590
851993847
851784909
847285706
850059687
850593359
851056835
849424127
849019407
850959248
849093704
850382550
850889524
850281602
851242972
848753382
849951179
849216274
846731876
851853568
851321860
846401453
849175434
850866538
851630369
849077943
851725059
849247408
849366883
851455769
849819350
850227305
850203100
849650607
850855113
852001430
849685881
851957848
851506404
849355458
851046562
851151278
848442265
851790128
849914793
849431952
850955806
851468614
850739393
850299382
852362220
850149315
852086903
850448166
849212832
849344246
850655638
851770400
847307123
850081104
852886374
851020830
851758341
851563722
852208728
849487532
850877816
851768158
851143400
848659002
849771256
847328090
848328579
848848299
850910379
850096212
847611814
851001147
849962637
847281391
848359097
851746476
850709920
852130226
851701824
851087794
847403961
850177942
849955800
852320113
849542382
849745524
851735051
849211959
851035436
851139570
851359078
851878798
851141479
852031216
847589844
849617597
852076441
850684301
850357966
847873568
851271372
851748624
847543145
849234249
850434460
852490694
851071241
851777166
850586795
849723554
851414658
847521515
848487069
849804136
850007278
849674363
847805239
850367470
847320793
849883024
849958087
849538940
852204176
849761010
849208517
850286223
850417637
849243791
850044734
850693311
849735807
849331087
852105068
848049294
851888655
850552014
851672650
853503961
850697435
852251339
847783269
851766893
850351292
846546784
850514224
848066993
850629224
849979862
851328310
852285092
849800694
852684119
849874991
849470271
852393957
849933163
852027839
848477352
848680494
849997561
851650680
849329166
849448641
849712916
850813768
850076449
850855055
849732365
850827254
849247919
850360173
847917007
850611062
849437216
850402770
850978462
848200731
851590064
850551554
849513710
851572690
851662933
851710993
850381140
849976420
851676711
850050717
851928946
849475920
852005198
848306688
849710395
848379220
850094209
848455472
851229453
849994119
851398918
848663207
852339937
848178761
853503817
850816055
850204421
850843353
848462485
851418639
850512930
849775464
850607620
851924687
847868913
850593775
850506207
851640042
850312471
848983251
850877499
849075986
850393053
850596195
846366403
849844133
848717226
850534386
851495756
850672689
850127857
849458633
852478680
850913819
852553090
851006554
849661150
848264136
850899412
847094904
851051830
850402557
851403046
851922766
849614451
847624903
850306346
851286352
850382598
850355858
852348849
850194704
850590333
849025472
850105887
848568827
850478428
852042912
848238404
849555471
851439567
848978773
851702590
852286426
851440056
849796039
851468109
851238845
851392868
847890330
849918083
852692064
848748851
850333888
852146929
848293529
850901699
850452696
850617612
851599326
852503783
853033454
851268903
846056600
848830581
851414324
850679419
848500158
850191262
851138378
847864598
850638579
851214271
851579598
851985045
851541577
849552029
847987168
850761149
848895605
852282984
849010605
852121830
852318258
850333235
851618643
850495953
849087099
851861080
850165530
850429805
851458392
850200804
851001747
849624106
848083755
849474039
850484528
852546608
848126352
849198093
845924313
848698294
850675977
852261014
851792751
851759749
850323250
851554674
852544738
851098029
851607749
854091020
848388446
847983726
850757707
848058023
850541294
849502784
851114254
850210871
848489520
850250067
853141397
850419532
847683821
851276518
850991474
849914294
851026548
846186067
851560242
850937731
849280524
851287639
848867106
851641087
851418945
848585802
849614389
847129991
849157744
848650200
846799568
849898113
848319777
850010881
849764538
847083292
852387449
849434115
851125219
847851439
848963693
850889695
848479247
851253228
849336233
851051222
852862437
850378039
851695106
849013860
851334946
849128860
851914290
851680699
849985149
851833117
846645517
849419498
850821366
850416646
848783938
852308607
851134761
848453515
849742361
850249335
851262570
852573962
848113193
849225447
848576085
851207650
851213379
847323416
853459468
850917648
850512928
850990180
848437754
850169371
849676016
848726694
849246414
850246903
852595418
849562911
849010418
849530138
851361241
849045692
849199715
850890819
848715269
850406373
850511089
847802076
851769516
849322285
851312871
852629938
850143639
851460706
849659193
850168913
851130283
852810959
848977363
848572643
851346624
851561780
849935786
850091701
851408314
852397069
850380641
851492895
850923533
852349881
848847343
850987657
851152573
849705864
851615465
849131067
849250542
850197658
848208110
850270190
847631412
850364880
850939065
848203354
851592687
847718908
852371337
849239117
851490037
851061635
851457264
848821611
850353455
849315611
849561980
850642395
849105335
850133922
849729202
851478612
849852618
851976075
849967618
850501290
851391027
850966956
852096039
852129211
848257373
849717777
851035903
845691127
848465108
848998780
852018827
851349603
851898186
850431052
853198576
850661701
849083365
850774469
846881326
848985874
851632990
847621695
849942781
847165050
849727281
850135236
850111031
849558538
850035790
851253170
850130480
850394755
849646034
850758288
850064332
851297657
849835331
849095618
849260534
851860991
851242737
850119055
849911825
851032461
851432034
850057246
851611150
847143080
851994900
849781300
850563569
849874035
847426804
849989035
850732556
850184499
851644903
850297544
847618253
849234802
850925906
850175821
852329259
852526644
851844813
848040305
849357372
851010491
852122745
848808452
849072727
850173579
849436260
850214866
848267028
851194769
850457303
849719984
853409250
848550752
848797027
850085873
848220329
850994310
850016149
851578050
851642982
850932501
851022744
851070804
849740951
850250671
851216225
849410528
851515076
852047822
850150897
847666499
849070206
850017322
851708426
847815283
849546900
849353930
851553573
848023018
851699748
852214220
852224670
852558269
850633029
850203164
851624820
850778450
849872741
852646722
847713170
850487151
847228724
849953586
849866018
850999853
849672282
849275940
850237310
849574791
853121895
849956006
845726214
852726646
848077037
849808654
850699948
850147455
851796586
850758076
852705023
850850811
851409650
851505359
849020961
851668077
850259223
846454715
850411641
847974924
851217645
851282577
848974262
850705879
850952154
850646163
849742409
850854663
851708660
850099419
849950144
848385283
848588425
849905492
851356558
851089540
848669007
852636447
850799378
848338584
851112565
849640296
852414277
849155850
850268104
851793144
850518993
850674908
850146090
848481870
848108662
850802717
851392363
847653340
848765594
850004163
851116417
847842637
852198672
852479346
852683247
849995485
849383851
846648140
850039230
849955793
852060341
848786561
848381841
851137384
848456138
850939409
851344856
850901388
850608986
848739862
850936662
848255416
852097583
848370416
852026545
851768494
848862432
850515551
850992803
851958357
852288665
849678639
850993292
850670430
849824060
850785430
848983917
847443566
850217547
846274334
848302087
851076068
852602034
848717892
850408996
850035788
852075613
851152562
849001616
850692720
850914485
852262933
849769763
850967560
850232655
847748257
851922611
851254557
847417834
849522382
850018072
850474065
850094324
852623288
849609878
850383264
850647539
847043632
851011072
848563841
850666988
850386359
850182542
850702262
850297542
848640335
850371839
850789558
852167659
849458646
852524687
848974200
849177342
850494409
848010011
851751186
849257924
847679588
849370692
850570903
847582097
850229213
850360627
850525543
850645018
848323504
851097485
848623512
851481235
850928742
852695438
851391634
850503913
852468708
849512665
850909204
849675383
850787637
849720400
849344960
850457214
850710087
849972768
850181177
848803536
851537004
850599356
849375478
848970758
851726301
850490967
850622381
851933773
848420342
848585258
850972181
850567461
852298965
846683227
852819279
850277459
850765667
850901326
851104468
849529182
849937137
851049391
848606225
849606714
850718968
850412977
849509223
848889949
852287753
851368654
846863251
849637232
849500545
850550638
851662892
851169537
851129327
848682096
850566192
851233935
849503450
850820517
850157998
849528724
850490094
851114905
848337174
849626020
850974468
852108303
849295597
852885280
851183129
851302604
851434018
850852706
852845697
851236456
853026759
850347468
850512384
849065675
850975276
852349376
848610353
849557469
852204585
852692793
846991223
849765204
850340896
847563165
850952498
849083374
851645605
848598928
851161159
851236222
850817075
851653175
851039145
848790377
848921791
850949544
851114460
849493733
849696875
851013942
849212429
851335886
849327429
850729297
851830149
851092830
851455850
851975570
847617184
849348801
851376554
845050938
847824919
850781073
851419151
851994843
851257997
852058940
847231347
851188273
850531232
851541721
852150193
847515071
850992801
846981506
847184648
849958629
850492301
850542369
849323069
848918349
849395601
850612981
849490291
849754566
851010500
849445639
849424143
851638308
849115216
851889197
850261846
851220802
850414264
849478866
851961171
850545570
850791845
851624001
850215147
848885294
851354711
851254555
852656423
850372840
849999632
850754055
850092367
849544310
850656564
847382784
846978064
849733607
851550767
849535632
851689070
851781721
853618072
849158473
851862471
850601279
851482556
850677531
849280517
851641840
848111285
849111774
847626839
850554580
849147048
849947991
851784342
847910563
851878003
850261386
847580140
850354121
849375960
851351269
847644538
851042342
851386543
849760549
852194701
849610482
851405992
849841131
849995154
852191954
849510708
848165304
850812420
848258039
852177547
848373039
848906711
851680692
852681181
851318214
850892586
852583690
849309910
851918080
851660733
849937718
851462758
850794704
852509693
850303607
847072981
849846962
851756563
852365035
847820264
851207643
850457558
850038411
851948012
848103988
850666219
851074174
851875117
852265556
849003549
849168465
849911986
849507266
850026986
851273364
852064834
849571664
850769461
850034556
850103480
852671850
851537608
847219735
849781966
847334735
851302175
850640487
849100136
850065690
850185165
851951861
849142733
850214474
850083752
850598224
852186466
851752744
847948236
849265303
851339631
850173740
851864844
851969560
849260547
853668946
851611370
849000107
851102700
850365234
849627915
849747390
849878804
851190196
849505901
847841681
850031114
849361890
848700202
852292899
848125405
850930675
850476228
847202448
851558483
851954112
850296905
850305814
849812459
846007951
849975391
849602183
850630770
848146372
849146861
849666581
847815949
850914494
849336158
849162415
850780919
848099673
851489006
847938519
851528202
851391515
851697667
848961956
848222243
849875362
850352614
852067603
852100866
849038450
852643758
850030241
849183871
850145241
852177360
852697080
849863937
845634145
847661898
850435879
852918184
848077703
849768807
850969018
851172160
850627328
848361427
850052531
851252742
852033742
849129574
850241828
847767855
849757382
852229760
848339797
847935077
848882193
851529309
850492645
849454135
851185752
850418444
849743075
850007350
851263284
850370883
847923652
850026799
852099501
849865645
850062073
853318641
851511593
849731650
850149369
850672669
848818457
849377296
850338666
848537153
849854220
851515717
845827570
848601551
851185294
851239771
851791063
846941908
848673525
851447506
850798144
850004829
851117083
850467721
848067065
850841046
850288553
853134560
850751445
849863724
851898075
848872476
849694981
851567652
850147448
849080211
848858069
849817025
850894731
848647793
851381261
848163347
850937328
849959167
848735289
852765633
848770363
849850778
851796744
854026627
851213921
851369836
850331992
850578361
851658776
850700012
852106117
850745583
850125478
850868999
850464279
850983999
852823480
847754696
850528677
849197502
850078779
849273754
848869034
850600651
846707508
849481489
846223062
848997043
848860356
849994191
851022703
852339770
851678082
850099746
849926003
850593746
850002255
851911856
848638076
850959162
851007337
848356772
850790924
849801533
850574919
851779425
849471110
851202727
850633365
850662415
849535508
850697489
852205508
846969262
853054646
850276915
851809872
851732101
851203283
851586388
849165855
849082418
851717694
847913186
848159461
850264009
847582763
848899830
850890416
848443185
851005416
852005905
851200880
850836673
851313925
848634634
851408615
848150188
849262442
850787482
849513331
851834417
849056686
850373753
851100859
849797055
852520872
850089108
851189960
850452641
851231247
849283409
850283898
848708612
850736365
851059435
848378189
850140884
851102254
849236710
851719981
851032530
846591158
850548084
848896388
853043113
849359280
846874882
850842322
852232606
846544459
849318440
849745622
851167278
848682880
850086587
850350862
849509889
850714395
851493001
849545163
848805450
852182457
850998119
848475027
849828887
849621657
851649410
849498464
850964363
851294284
849905381
852106502
850983812
849574958
848245105
851019086
850882399
850442388
848902037
850292321
851629682
850591172
848944634
849520326
846742595
851913406
849093418
850825035
851716329
851163836
851141532
852372956
848518284
849630538
852426031
851911164
850037342
848802008
851001651
847471096
848471585
848991305
851053385
848506859
849307802
851144153
852277988
851237814
848502103
852094800
850852926
849815082
851844830
847004349
849604806
850921873
849120360
851978083
849685388
851074841
852036211
849354965
850432671
851906804
847525115
850172231
847617850
851537358
847732850
850829163
852029374
849498251
850678025
850252397
851447452
848669721
849781975
851020544
849297529
852633700
850154515
851869504
849663418
849866560
850400232
847664521
852367675
847180075
853076722
849817369
849398222
851307823
847463799
850026030
850433985
851234928
851625367
849904016
851953043
849271797
849760005
849386797
851742208
851747937
848931475
850043729
849394367
851047486
852031661
850695020
852009673
850210574
850840441
850661986
847926275
848459947
850494298
847290715
850064696
849659976
853008053
849443563
849958035
851689652
852179523
851887121
850017997
851709101
849533551
851224655
851329371
848620358
851542369
850140567
850749039
850462511
849591647
849855922
849107201
850054317
850998061
851102195
850626259
849390925
848721701
848060013
847552469
849580222
851831142
851402740
851198923
851687131
851313923
849656716
849665625
851805939
851970855
849335202
852433747
848165970
850193723
851510790
849026392
851088472
848449694
848695969
848522226
849636988
848598478
851372459
848114032
849845649
850751326
850702635
848321767
849639893
851549494
851945123
850380262
851460677
850452794
850655936
849918470
851925585
852067693
848011919
850736781
851319572
850252335
850455477
846225685
852277995
849819917
850536059
851615737
846509409
849987139
848860232
850677392
849942487
851393553
851249334
849601639
847127666
849901647
850477339
847699608
849804156
851262328
848439977
849473733
850790800
850545563
850953518
850929313
850215140
850623095
850449352
851429358
850525604
851459312
850041158
850337710
847879632
849168478
850248893
850641006
850032480
852185918
848737107
849698477
851582573
852250316
850875528
845187381
847961362
849939045
850599582
851381851
852179461
848033336
848152811
852166190
850311978
850476894
851115826
848436535
851691112
850787358
852494371
851869613
852646789
848141386
851528765
849054792
850167046
851636592
849626734
848217880
850991861
850254542
848007604
849085310
851357277
851436133
848754887
852142266
850550707
848130174
850904155
849038611
853386438
850573732
850351590
849806758
849938172
851761649
852130841
851465928
851068953
850664233
850228810
851601398
850343810
850969179
847114507
848226761
850835604
851411296
848633565
848269358
849960462
846067319
848841300
851797454
852404020
851313008
852187607
850466256
848247728
850157329
851547613
850691023
850068512
848531452
851271667
847997887
848201029
850684300
847716583
850490564
850353877
849934730
850393073
851629362
850562538
850682013
851419524
848895319
850057300
851518230
846329073
850296513
851278227
852278716
851430645
850563094
850946199
848509482
852466408
849757395
847272997
851229923
848793206
846942574
848259641
848462783
850153887
851354098
851464445
850560691
850196484
850673736
847994445
850768426
849203565
848622253
850723774
848873142
851194228
850174854
852084455
851539981
849156866
851581268
850458578
852658221
849925013
850128155
848643220
849643709
850163429
850964372
849300152
848926944
851650975
851277767
848596521
851370502
850392341
851934699
848660919
848256199
852223639
848719091
850813767
850202133
847466422
850857512
850436608
849105433
850527089
849181685
851955666
849274420
848869700
849389420
850389909
848904974
849705917
851542268
849396990
853600071
849188698
852586502
851239143
848858275
850549379
850654095
850358618
851319988
850496921
851811574
851038684
850642342
848836645
849802199
848261848
851273289
847092616
849120369
849443439
846762193
849536174
851227278
850119914
850184846
851076140
850523647
852596349
851732767
852242487
848990349
851785842
850056940
850646217
849298858
851013847
848236116
850340664
848351116
850413196
852012565
851108811
849098399
851201546
850920917
847861914
851538353
849382123
849174893
851204641
851324116
848964617
850281684
849458617
849704986
850785401
852985941
850276928
851666381
849792482
849995624
851312691
851381615
848116655
850763771
848497870
850188974
851389185
848400379
851047495
850378271
848689319
851463300
849141786
851926192
849525536
851361887
851876359
853464601
853030879
849226371
850828840
847024332
850991772
853026123
847764701
850538682
850163242
851275496
850278242
850254037
852504626
849621818
851025525
849694350
851409339
848954900
849119816
851309249
851102019
849978337
849238624
849403540
852208810
851385743
851519551
850054831
853326744
848809968
850200252
851090594
847286086
851253526
849924306
846650526
849424507
850424996
851537250
849094084
850327505
850035103
850440550
852155539
847681533
851068912
849216654
851452662
851854874
851987819
848784236
849500378
850108850
851630749
848951458
849215733
850316585
849579266
850357872
848410034
851434825
851717687
851023731
853237896
846912280
848940033
851621476
850006737
850882026
851046942
852247153
851509834
851075507
850340602
851330666
849883957
850393677
847525781
849553534
849045990
850737094
846843951
847809505
849213212
850160328
848996799
847958289
849689906
852463887
849205460
851021210
850062446
851484102
849083446
851857427
849608659
849740073
851143780
851932742
850015747
849888857
850711362
851427504
847371730
850096592
849874450
851142859
849815288
845585496
852027298
847105705
851953709
850975548
845869220
849836660
848220043
849951660
849302298
851268932
851939592
848049629
851745856
849345200
847719206
851648365
849163967
851076927
847799788
848002930
850150611
850973116
851360651
848771077
849736631
850136204
849398885
850789169
849885415
851617032
849441482
850242425
847239443
848528289
849876737
850048498
852039084
851232546
850749705
852064358
850942384
850895126
851815983
851033429
849703576
849298856
852023718
849373153
850661999
850817914
847512622
848624876
849032831
852219108
850475637
847796346
850551889
850147169
851878786
847985643
852341678
847501197
849976755
850138491
849526857
849646332
850182236
850098799
852460122
848929567
849930056
848445121
848599144
849916211
848114698
851956865
849634907
851326011
851079668
848398422
853925415
850194242
849711401
849166569
850278823
851803863
850529712
852850798
850428764
852366352
852117240
850813436
852202889
850328990
848983586
847586572
850360553
846417340
849191321
849724993
852010884
848860898
849394570
851157265
852218619
852402763
851897634
852479015
847607539
849517140
849912769
848347908
849428323
847891263
851858703
850791466
847560840
848638546
850762003
850617071
850856693
852766294
849752884
850526270
850790545
850041824
850561544
849821831
849986747
850878041
849491408
849656324
850638038
851638527
850514845
851980744
851683452
847869293
851826219
849117206
850591339
850600248
848153017
852120457
851458769
847822594
849513698
850713909
848344466
849961015
850536707
850902034
850788024
851321696
850571611
848766518
850083585
852157913
852806490
849534665
850646919
850899792
849655671
850941079
849818389
851920982
850040459
849487966
850565672
