0
7651715050714080
7607463241268160
7563211431822240
7518959622376320
7474707812930400
7430456003484480
7386204194038560
7341952384592640
7297700575146720
7253448765700800
7209196956254880
7164945146808960
7120693337363040
7076441527917120
7032189718471200
6987937909025280
6943686099579360
6899434290133440
6855182480687520
6810930671241600
6766678861795680
6722427052349760
6678175242903840
6633923433457920
6589671624012000
6545419814566080
6501168005120160
6456916195674240
6412664386228320
6368412576782400
6324160767336480
6279908957890560
6235657148444640
6191405338998720
6147153529552800
6102901720106880
6058649910660960
6014398101215040
5970146291769120
5925894482323200
5881642672877280
5837390863431360
5793139053985440
5748887244539520
5704635435093600
5660383625647680
5616131816201760
5571880006755840
5527628197309920
5483376387864000
5439124578418080
5394872768972160
5350620959526240
5306369150080320
5262117340634400
5217865531188480
5173613721742560
5129361912296640
5085110102850720
5040858293404800
4996606483958880
4952354674512960
4908102865067040
4863851055621120
4819599246175200
4775347436729280
4731095627283360
4686843817837440
4642592008391520
4598340198945600
4554088389499680
4509836580053760
4465584770607840
4421332961161920
4377081151716000
4332829342270080
4288577532824160
4244325723378240
4200073913932320
4155822104486400
4111570295040480
4067318485594560
4023066676148640
3978814866702720
3934563057256800
3890311247810880
3846059438364960
3801807628919040
3757555819473120
3713304010027200
3669052200581280
3624800391135360
3580548581689440
3536296772243520
3492044962797600
3447793153351680
3403541343905760
3359289534459840
3315037725013920
3270785915568000
3226534106122080
3182282296676160
3138030487230240
3093778677784320
3049526868338400
3005275058892480
2961023249446560
2916771440000640
2872519630554720
2828267821108800
2784016011662880
2739764202216960
2695512392771040
2651260583325120
2607008773879200
2562756964433280
2518505154987360
2474253345541440
2430001536095520
2385749726649600
2341497917203680
2297246107757760
2252994298311840
2208742488865920
2164490679420000
2120238869974080
2075987060528160
2031735251082240
1987483441636320
1943231632190400
1898979822744480
1854728013298560
1810476203852640
1766224394406720
1721972584960800
1677720775514880
1633468966068960
1589217156623040
1544965347177120
1500713537731200
1456461728285280
1412209918839360
1367958109393440
1323706299947520
1279454490501600
1235202681055680
1190950871609760
1146699062163840
1102447252717920
1058195443272000
1013943633826080
969691824380160
925440014934240
881188205488320
836936396042400
792684586596480
748432777150560
704180967704640
659929158258720
615677348812800
571425539366880
527173729920960
482921920475040
438670111029120
394418301583200
350166492137280
305914682691360
261662873245440
217411063799520
173159254353600
128907444907680
84655635461760
40403826015840
7692118876729920
7647867067284000
7603615257838080
7559363448392160
7515111638946240
7470859829500320
7426608020054400
7382356210608480
7338104401162560
7293852591716640
7249600782270720
7205348972824800
7161097163378880
7116845353932960
7072593544487040
7028341735041120
6984089925595200
6939838116149280
6895586306703360
6851334497257440
6807082687811520
6762830878365600
6718579068919680
6674327259473760
6630075450027840
6585823640581920
6541571831136000
6497320021690080
6453068212244160
6408816402798240
6364564593352320
6320312783906400
6276060974460480
6231809165014560
6187557355568640
6143305546122720
6099053736676800
6054801927230880
6010550117784960
5966298308339040
5922046498893120
5877794689447200
5833542880001280
5789291070555360
5745039261109440
5700787451663520
5656535642217600
5612283832771680
5568032023325760
5523780213879840
5479528404433920
5435276594988000
5391024785542080
5346772976096160
5302521166650240
5258269357204320
5214017547758400
5169765738312480
5125513928866560
5081262119420640
5037010309974720
4992758500528800
4948506691082880
4904254881636960
4860003072191040
4815751262745120
4771499453299200
4727247643853280
4682995834407360
4638744024961440
4594492215515520
4550240406069600
4505988596623680
4461736787177760
4417484977731840
4373233168285920
4328981358840000
4284729549394080
4240477739948160
4196225930502240
4151974121056320
4107722311610400
4063470502164480
4019218692718560
3974966883272640
3930715073826720
3886463264380800
3842211454934880
3797959645488960
3753707836043040
3709456026597120
3665204217151200
3620952407705280
3576700598259360
3532448788813440
3488196979367520
3443945169921600
3399693360475680
3355441551029760
3311189741583840
3266937932137920
3222686122692000
3178434313246080
3134182503800160
3089930694354240
3045678884908320
3001427075462400
2957175266016480
2912923456570560
2868671647124640
2824419837678720
2780168028232800
2735916218786880
2691664409340960
2647412599895040
2603160790449120
2558908981003200
2514657171557280
2470405362111360
2426153552665440
2381901743219520
2337649933773600
2293398124327680
2249146314881760
2204894505435840
2160642695989920
2116390886544000
2072139077098080
2027887267652160
1983635458206240
1939383648760320
1895131839314400
1850880029868480
1806628220422560
1762376410976640
1718124601530720
1673872792084800
1629620982638880
1585369173192960
1541117363747040
1496865554301120
1452613744855200
1408361935409280
1364110125963360
1319858316517440
1275606507071520
1231354697625600
1187102888179680
1142851078733760
1098599269287840
1054347459841920
1010095650396000
965843840950080
921592031504160
877340222058240
833088412612320
788836603166400
744584793720480
700332984274560
656081174828640
611829365382720
567577555936800
523325746490880
479073937044960
434822127599040
390570318153120
346318508707200
302066699261280
257814889815360
213563080369440
169311270923520
125059461477600
80807652031680
36555842585760
7688270893299840
7644019083853920
7599767274408000
7555515464962080
7511263655516160
7467011846070240
7422760036624320
7378508227178400
7334256417732480
7290004608286560
7245752798840640
7201500989394720
7157249179948800
7112997370502880
7068745561056960
7024493751611040
6980241942165120
6935990132719200
6891738323273280
6847486513827360
6803234704381440
6758982894935520
6714731085489600
6670479276043680
6626227466597760
6581975657151840
6537723847705920
6493472038260000
6449220228814080
6404968419368160
6360716609922240
6316464800476320
6272212991030400
6227961181584480
6183709372138560
6139457562692640
6095205753246720
6050953943800800
6006702134354880
5962450324908960
5918198515463040
5873946706017120
5829694896571200
5785443087125280
5741191277679360
5696939468233440
5652687658787520
5608435849341600
5564184039895680
5519932230449760
5475680421003840
5431428611557920
5387176802112000
5342924992666080
5298673183220160
5254421373774240
5210169564328320
5165917754882400
5121665945436480
5077414135990560
5033162326544640
4988910517098720
4944658707652800
4900406898206880
4856155088760960
4811903279315040
4767651469869120
4723399660423200
4679147850977280
4634896041531360
4590644232085440
4546392422639520
4502140613193600
4457888803747680
4413636994301760
4369385184855840
4325133375409920
4280881565964000
4236629756518080
4192377947072160
4148126137626240
4103874328180320
4059622518734400
4015370709288480
3971118899842560
3926867090396640
3882615280950720
3838363471504800
3794111662058880
3749859852612960
3705608043167040
3661356233721120
3617104424275200
3572852614829280
3528600805383360
3484348995937440
3440097186491520
3395845377045600
3351593567599680
3307341758153760
3263089948707840
3218838139261920
3174586329816000
3130334520370080
3086082710924160
3041830901478240
2997579092032320
2953327282586400
2909075473140480
2864823663694560
2820571854248640
2776320044802720
2732068235356800
2687816425910880
2643564616464960
2599312807019040
2555060997573120
2510809188127200
2466557378681280
2422305569235360
2378053759789440
2333801950343520
2289550140897600
2245298331451680
2201046522005760
2156794712559840
2112542903113920
2068291093668000
2024039284222080
1979787474776160
1935535665330240
1891283855884320
1847032046438400
1802780236992480
1758528427546560
1714276618100640
1670024808654720
1625772999208800
1581521189762880
1537269380316960
1493017570871040
1448765761425120
1404513951979200
1360262142533280
1316010333087360
1271758523641440
1227506714195520
1183254904749600
1139003095303680
1094751285857760
1050499476411840
1006247666965920
961995857520000
917744048074080
873492238628160
829240429182240
784988619736320
740736810290400
696485000844480
652233191398560
607981381952640
563729572506720
519477763060800
475225953614880
430974144168960
386722334723040
342470525277120
298218715831200
253966906385280
209715096939360
165463287493440
121211478047520
76959668601600
32707859155680
7684422909869760
7640171100423840
7595919290977920
7551667481532000
7507415672086080
7463163862640160
7418912053194240
7374660243748320
7330408434302400
7286156624856480
7241904815410560
7197653005964640
7153401196518720
7109149387072800
7064897577626880
7020645768180960
6976393958735040
6932142149289120
6887890339843200
6843638530397280
6799386720951360
6755134911505440
6710883102059520
6666631292613600
6622379483167680
6578127673721760
6533875864275840
6489624054829920
6445372245384000
6401120435938080
6356868626492160
6312616817046240
6268365007600320
6224113198154400
6179861388708480
6135609579262560
6091357769816640
6047105960370720
6002854150924800
5958602341478880
5914350532032960
5870098722587040
5825846913141120
5781595103695200
5737343294249280
5693091484803360
5648839675357440
5604587865911520
5560336056465600
5516084247019680
5471832437573760
5427580628127840
5383328818681920
5339077009236000
5294825199790080
5250573390344160
5206321580898240
5162069771452320
5117817962006400
5073566152560480
5029314343114560
4985062533668640
4940810724222720
4896558914776800
4852307105330880
4808055295884960
4763803486439040
4719551676993120
4675299867547200
4631048058101280
4586796248655360
4542544439209440
4498292629763520
4454040820317600
4409789010871680
4365537201425760
4321285391979840
4277033582533920
4232781773088000
4188529963642080
4144278154196160
4100026344750240
4055774535304320
4011522725858400
3967270916412480
3923019106966560
3878767297520640
3834515488074720
3790263678628800
3746011869182880
3701760059736960
3657508250291040
3613256440845120
3569004631399200
3524752821953280
3480501012507360
3436249203061440
3391997393615520
3347745584169600
3303493774723680
3259241965277760
3214990155831840
3170738346385920
3126486536940000
3082234727494080
3037982918048160
2993731108602240
2949479299156320
2905227489710400
2860975680264480
2816723870818560
2772472061372640
2728220251926720
2683968442480800
2639716633034880
2595464823588960
2551213014143040
2506961204697120
2462709395251200
2418457585805280
2374205776359360
2329953966913440
2285702157467520
2241450348021600
2197198538575680
2152946729129760
2108694919683840
2064443110237920
2020191300792000
1975939491346080
1931687681900160
1887435872454240
1843184063008320
1798932253562400
1754680444116480
1710428634670560
1666176825224640
1621925015778720
1577673206332800
1533421396886880
1489169587440960
1444917777995040
1400665968549120
1356414159103200
1312162349657280
1267910540211360
1223658730765440
1179406921319520
1135155111873600
1090903302427680
1046651492981760
1002399683535840
958147874089920
913896064644000
869644255198080
825392445752160
781140636306240
736888826860320
692637017414400
648385207968480
604133398522560
559881589076640
515629779630720
471377970184800
427126160738880
382874351292960
338622541847040
294370732401120
250118922955200
205867113509280
161615304063360
117363494617440
73111685171520
28859875725600
7680574926439680
7636323116993760
7592071307547840
7547819498101920
7503567688656000
7459315879210080
7415064069764160
7370812260318240
7326560450872320
7282308641426400
7238056831980480
7193805022534560
7149553213088640
7105301403642720
7061049594196800
7016797784750880
6972545975304960
6928294165859040
6884042356413120
6839790546967200
6795538737521280
6751286928075360
6707035118629440
6662783309183520
6618531499737600
6574279690291680
6530027880845760
6485776071399840
6441524261953920
6397272452508000
6353020643062080
6308768833616160
6264517024170240
6220265214724320
6176013405278400
6131761595832480
6087509786386560
6043257976940640
5999006167494720
5954754358048800
5910502548602880
5866250739156960
5821998929711040
5777747120265120
5733495310819200
5689243501373280
5644991691927360
5600739882481440
5556488073035520
5512236263589600
5467984454143680
5423732644697760
5379480835251840
5335229025805920
5290977216360000
5246725406914080
5202473597468160
5158221788022240
5113969978576320
5069718169130400
5025466359684480
4981214550238560
4936962740792640
4892710931346720
4848459121900800
4804207312454880
4759955503008960
4715703693563040
4671451884117120
4627200074671200
4582948265225280
4538696455779360
4494444646333440
4450192836887520
4405941027441600
4361689217995680
4317437408549760
4273185599103840
4228933789657920
4184681980212000
4140430170766080
4096178361320160
4051926551874240
4007674742428320
3963422932982400
3919171123536480
3874919314090560
3830667504644640
3786415695198720
3742163885752800
3697912076306880
3653660266860960
3609408457415040
3565156647969120
3520904838523200
3476653029077280
3432401219631360
3388149410185440
3343897600739520
3299645791293600
3255393981847680
3211142172401760
3166890362955840
3122638553509920
3078386744064000
3034134934618080
2989883125172160
2945631315726240
2901379506280320
2857127696834400
2812875887388480
2768624077942560
2724372268496640
2680120459050720
2635868649604800
2591616840158880
2547365030712960
2503113221267040
2458861411821120
2414609602375200
2370357792929280
2326105983483360
2281854174037440
2237602364591520
2193350555145600
2149098745699680
2104846936253760
2060595126807840
2016343317361920
1972091507916000
1927839698470080
1883587889024160
1839336079578240
1795084270132320
1750832460686400
1706580651240480
1662328841794560
1618077032348640
1573825222902720
1529573413456800
1485321604010880
1441069794564960
1396817985119040
1352566175673120
1308314366227200
1264062556781280
1219810747335360
1175558937889440
1131307128443520
1087055318997600
1042803509551680
998551700105760
954299890659840
910048081213920
865796271768000
821544462322080
777292652876160
733040843430240
688789033984320
644537224538400
600285415092480
556033605646560
511781796200640
467529986754720
423278177308800
379026367862880
334774558416960
290522748971040
246270939525120
202019130079200
157767320633280
113515511187360
69263701741440
25011892295520
7676726943009600
7632475133563680
7588223324117760
7543971514671840
7499719705225920
7455467895780000
7411216086334080
7366964276888160
7322712467442240
7278460657996320
7234208848550400
7189957039104480
7145705229658560
7101453420212640
7057201610766720
7012949801320800
6968697991874880
6924446182428960
6880194372983040
6835942563537120
6791690754091200
6747438944645280
6703187135199360
6658935325753440
6614683516307520
6570431706861600
6526179897415680
6481928087969760
6437676278523840
6393424469077920
6349172659632000
6304920850186080
6260669040740160
6216417231294240
6172165421848320
6127913612402400
6083661802956480
6039409993510560
5995158184064640
5950906374618720
5906654565172800
5862402755726880
5818150946280960
5773899136835040
5729647327389120
5685395517943200
5641143708497280
5596891899051360
5552640089605440
5508388280159520
5464136470713600
5419884661267680
5375632851821760
5331381042375840
5287129232929920
5242877423484000
5198625614038080
5154373804592160
5110121995146240
5065870185700320
5021618376254400
4977366566808480
4933114757362560
4888862947916640
4844611138470720
4800359329024800
4756107519578880
4711855710132960
4667603900687040
4623352091241120
4579100281795200
4534848472349280
4490596662903360
4446344853457440
4402093044011520
4357841234565600
4313589425119680
4269337615673760
4225085806227840
4180833996781920
4136582187336000
4092330377890080
4048078568444160
4003826758998240
3959574949552320
3915323140106400
3871071330660480
3826819521214560
3782567711768640
3738315902322720
3694064092876800
3649812283430880
3605560473984960
3561308664539040
3517056855093120
3472805045647200
3428553236201280
3384301426755360
3340049617309440
3295797807863520
3251545998417600
3207294188971680
3163042379525760
3118790570079840
3074538760633920
3030286951188000
2986035141742080
2941783332296160
2897531522850240
2853279713404320
2809027903958400
2764776094512480
2720524285066560
2676272475620640
2632020666174720
2587768856728800
2543517047282880
2499265237836960
2455013428391040
2410761618945120
2366509809499200
2322258000053280
2278006190607360
2233754381161440
2189502571715520
2145250762269600
2100998952823680
2056747143377760
2012495333931840
1968243524485920
1923991715040000
1879739905594080
1835488096148160
1791236286702240
1746984477256320
1702732667810400
1658480858364480
1614229048918560
1569977239472640
1525725430026720
1481473620580800
1437221811134880
1392970001688960
1348718192243040
1304466382797120
1260214573351200
1215962763905280
1171710954459360
1127459145013440
1083207335567520
1038955526121600
994703716675680
950451907229760
906200097783840
861948288337920
817696478892000
773444669446080
729192860000160
684941050554240
640689241108320
596437431662400
552185622216480
507933812770560
463682003324640
419430193878720
375178384432800
330926574986880
286674765540960
242422956095040
198171146649120
153919337203200
109667527757280
65415718311360
21163908865440
7672878959579520
7628627150133600
7584375340687680
7540123531241760
7495871721795840
7451619912349920
7407368102904000
7363116293458080
7318864484012160
7274612674566240
7230360865120320
7186109055674400
7141857246228480
7097605436782560
7053353627336640
7009101817890720
6964850008444800
6920598198998880
6876346389552960
6832094580107040
6787842770661120
6743590961215200
6699339151769280
6655087342323360
6610835532877440
6566583723431520
6522331913985600
6478080104539680
6433828295093760
6389576485647840
6345324676201920
6301072866756000
6256821057310080
6212569247864160
6168317438418240
6124065628972320
6079813819526400
6035562010080480
5991310200634560
5947058391188640
5902806581742720
5858554772296800
5814302962850880
5770051153404960
5725799343959040
5681547534513120
5637295725067200
5593043915621280
5548792106175360
5504540296729440
5460288487283520
5416036677837600
5371784868391680
5327533058945760
5283281249499840
5239029440053920
5194777630608000
5150525821162080
5106274011716160
5062022202270240
5017770392824320
4973518583378400
4929266773932480
4885014964486560
4840763155040640
4796511345594720
4752259536148800
4708007726702880
4663755917256960
4619504107811040
4575252298365120
4531000488919200
4486748679473280
4442496870027360
4398245060581440
4353993251135520
4309741441689600
4265489632243680
4221237822797760
4176986013351840
4132734203905920
4088482394460000
4044230585014080
3999978775568160
3955726966122240
3911475156676320
3867223347230400
3822971537784480
3778719728338560
3734467918892640
3690216109446720
3645964300000800
3601712490554880
3557460681108960
3513208871663040
3468957062217120
3424705252771200
3380453443325280
3336201633879360
3291949824433440
3247698014987520
3203446205541600
3159194396095680
3114942586649760
3070690777203840
3026438967757920
2982187158312000
2937935348866080
2893683539420160
2849431729974240
2805179920528320
2760928111082400
2716676301636480
2672424492190560
2628172682744640
2583920873298720
2539669063852800
2495417254406880
2451165444960960
2406913635515040
2362661826069120
2318410016623200
2274158207177280
2229906397731360
2185654588285440
2141402778839520
2097150969393600
2052899159947680
2008647350501760
1964395541055840
1920143731609920
1875891922164000
1831640112718080
1787388303272160
1743136493826240
1698884684380320
1654632874934400
1610381065488480
1566129256042560
1521877446596640
1477625637150720
1433373827704800
1389122018258880
1344870208812960
1300618399367040
1256366589921120
1212114780475200
1167862971029280
1123611161583360
1079359352137440
1035107542691520
990855733245600
946603923799680
902352114353760
858100304907840
813848495461920
769596686016000
725344876570080
681093067124160
636841257678240
592589448232320
548337638786400
504085829340480
459834019894560
415582210448640
371330401002720
327078591556800
282826782110880
238574972664960
194323163219040
150071353773120
105819544327200
61567734881280
17315925435360
7669030976149440
7624779166703520
7580527357257600
7536275547811680
7492023738365760
7447771928919840
7403520119473920
7359268310028000
7315016500582080
7270764691136160
7226512881690240
7182261072244320
7138009262798400
7093757453352480
7049505643906560
7005253834460640
6961002025014720
6916750215568800
6872498406122880
6828246596676960
6783994787231040
6739742977785120
6695491168339200
6651239358893280
6606987549447360
6562735740001440
6518483930555520
6474232121109600
6429980311663680
6385728502217760
6341476692771840
6297224883325920
6252973073880000
6208721264434080
6164469454988160
6120217645542240
6075965836096320
6031714026650400
5987462217204480
5943210407758560
5898958598312640
5854706788866720
5810454979420800
5766203169974880
5721951360528960
5677699551083040
5633447741637120
5589195932191200
5544944122745280
5500692313299360
5456440503853440
5412188694407520
5367936884961600
5323685075515680
5279433266069760
5235181456623840
5190929647177920
5146677837732000
5102426028286080
5058174218840160
5013922409394240
4969670599948320
4925418790502400
4881166981056480
4836915171610560
4792663362164640
4748411552718720
4704159743272800
4659907933826880
4615656124380960
4571404314935040
4527152505489120
4482900696043200
4438648886597280
4394397077151360
4350145267705440
4305893458259520
4261641648813600
4217389839367680
4173138029921760
4128886220475840
4084634411029920
4040382601584000
3996130792138080
3951878982692160
3907627173246240
3863375363800320
3819123554354400
3774871744908480
3730619935462560
3686368126016640
3642116316570720
3597864507124800
3553612697678880
3509360888232960
3465109078787040
3420857269341120
3376605459895200
3332353650449280
3288101841003360
3243850031557440
3199598222111520
3155346412665600
3111094603219680
3066842793773760
3022590984327840
2978339174881920
2934087365436000
2889835555990080
2845583746544160
2801331937098240
2757080127652320
2712828318206400
2668576508760480
2624324699314560
2580072889868640
2535821080422720
2491569270976800
2447317461530880
2403065652084960
2358813842639040
2314562033193120
2270310223747200
2226058414301280
2181806604855360
2137554795409440
2093302985963520
2049051176517600
2004799367071680
1960547557625760
1916295748179840
1872043938733920
1827792129288000
1783540319842080
1739288510396160
1695036700950240
1650784891504320
1606533082058400
1562281272612480
1518029463166560
1473777653720640
1429525844274720
1385274034828800
1341022225382880
1296770415936960
1252518606491040
1208266797045120
1164014987599200
1119763178153280
1075511368707360
1031259559261440
987007749815520
942755940369600
898504130923680
854252321477760
810000512031840
765748702585920
721496893140000
677245083694080
632993274248160
588741464802240
544489655356320
500237845910400
455986036464480
411734227018560
367482417572640
323230608126720
278978798680800
234726989234880
190475179788960
146223370343040
101971560897120
57719751451200
13467942005280
7665182992719360
7620931183273440
7576679373827520
7532427564381600
7488175754935680
7443923945489760
7399672136043840
7355420326597920
7311168517152000
7266916707706080
7222664898260160
7178413088814240
7134161279368320
7089909469922400
7045657660476480
7001405851030560
6957154041584640
6912902232138720
6868650422692800
6824398613246880
6780146803800960
6735894994355040
6691643184909120
6647391375463200
6603139566017280
6558887756571360
6514635947125440
6470384137679520
6426132328233600
6381880518787680
6337628709341760
6293376899895840
6249125090449920
6204873281004000
6160621471558080
6116369662112160
6072117852666240
6027866043220320
5983614233774400
5939362424328480
5895110614882560
5850858805436640
5806606995990720
5762355186544800
5718103377098880
5673851567652960
5629599758207040
5585347948761120
5541096139315200
5496844329869280
5452592520423360
5408340710977440
5364088901531520
5319837092085600
5275585282639680
5231333473193760
5187081663747840
5142829854301920
5098578044856000
5054326235410080
5010074425964160
4965822616518240
4921570807072320
4877318997626400
4833067188180480
4788815378734560
4744563569288640
4700311759842720
4656059950396800
4611808140950880
4567556331504960
4523304522059040
4479052712613120
4434800903167200
4390549093721280
4346297284275360
4302045474829440
4257793665383520
4213541855937600
4169290046491680
4125038237045760
4080786427599840
4036534618153920
3992282808708000
3948030999262080
3903779189816160
3859527380370240
3815275570924320
3771023761478400
3726771952032480
3682520142586560
3638268333140640
3594016523694720
3549764714248800
3505512904802880
3461261095356960
3417009285911040
3372757476465120
3328505667019200
3284253857573280
3240002048127360
3195750238681440
3151498429235520
3107246619789600
3062994810343680
3018743000897760
2974491191451840
2930239382005920
2885987572560000
2841735763114080
2797483953668160
2753232144222240
2708980334776320
2664728525330400
2620476715884480
2576224906438560
2531973096992640
2487721287546720
2443469478100800
2399217668654880
2354965859208960
2310714049763040
2266462240317120
2222210430871200
2177958621425280
2133706811979360
2089455002533440
2045203193087520
2000951383641600
1956699574195680
1912447764749760
1868195955303840
1823944145857920
1779692336412000
1735440526966080
1691188717520160
1646936908074240
1602685098628320
1558433289182400
1514181479736480
1469929670290560
1425677860844640
1381426051398720
1337174241952800
1292922432506880
1248670623060960
1204418813615040
1160167004169120
1115915194723200
1071663385277280
1027411575831360
983159766385440
938907956939520
894656147493600
850404338047680
806152528601760
761900719155840
717648909709920
673397100264000
629145290818080
584893481372160
540641671926240
496389862480320
452138053034400
407886243588480
363634434142560
319382624696640
275130815250720
230879005804800
186627196358880
142375386912960
98123577467040
53871768021120
9619958575200
7661335009289280
7617083199843360
7572831390397440
7528579580951520
7484327771505600
7440075962059680
7395824152613760
7351572343167840
7307320533721920
7263068724276000
7218816914830080
7174565105384160
7130313295938240
7086061486492320
7041809677046400
6997557867600480
6953306058154560
6909054248708640
6864802439262720
6820550629816800
6776298820370880
6732047010924960
6687795201479040
6643543392033120
6599291582587200
6555039773141280
6510787963695360
6466536154249440
6422284344803520
6378032535357600
6333780725911680
6289528916465760
6245277107019840
6201025297573920
6156773488128000
6112521678682080
6068269869236160
6024018059790240
5979766250344320
5935514440898400
5891262631452480
5847010822006560
5802759012560640
5758507203114720
5714255393668800
5670003584222880
5625751774776960
5581499965331040
5537248155885120
5492996346439200
5448744536993280
5404492727547360
5360240918101440
5315989108655520
5271737299209600
5227485489763680
5183233680317760
5138981870871840
5094730061425920
5050478251980000
5006226442534080
4961974633088160
4917722823642240
4873471014196320
4829219204750400
4784967395304480
4740715585858560
4696463776412640
4652211966966720
4607960157520800
4563708348074880
4519456538628960
4475204729183040
4430952919737120
4386701110291200
4342449300845280
4298197491399360
4253945681953440
4209693872507520
4165442063061600
4121190253615680
4076938444169760
4032686634723840
3988434825277920
3944183015832000
3899931206386080
3855679396940160
3811427587494240
3767175778048320
3722923968602400
3678672159156480
3634420349710560
3590168540264640
3545916730818720
3501664921372800
3457413111926880
3413161302480960
3368909493035040
3324657683589120
3280405874143200
3236154064697280
3191902255251360
3147650445805440
3103398636359520
3059146826913600
3014895017467680
2970643208021760
2926391398575840
2882139589129920
2837887779684000
2793635970238080
2749384160792160
2705132351346240
2660880541900320
2616628732454400
2572376923008480
2528125113562560
2483873304116640
2439621494670720
2395369685224800
2351117875778880
2306866066332960
2262614256887040
2218362447441120
2174110637995200
2129858828549280
2085607019103360
2041355209657440
1997103400211520
1952851590765600
1908599781319680
1864347971873760
1820096162427840
1775844352981920
1731592543536000
1687340734090080
1643088924644160
1598837115198240
1554585305752320
1510333496306400
1466081686860480
1421829877414560
1377578067968640
1333326258522720
1289074449076800
1244822639630880
1200570830184960
1156319020739040
1112067211293120
1067815401847200
1023563592401280
979311782955360
935059973509440
890808164063520
846556354617600
802304545171680
758052735725760
713800926279840
669549116833920
625297307388000
581045497942080
536793688496160
492541879050240
448290069604320
404038260158400
359786450712480
315534641266560
271282831820640
227031022374720
182779212928800
138527403482880
94275594036960
50023784591040
5771975145120
7657487025859200
7613235216413280
7568983406967360
7524731597521440
7480479788075520
7436227978629600
7391976169183680
7347724359737760
7303472550291840
7259220740845920
7214968931400000
7170717121954080
7126465312508160
7082213503062240
7037961693616320
6993709884170400
6949458074724480
6905206265278560
6860954455832640
6816702646386720
6772450836940800
6728199027494880
6683947218048960
6639695408603040
6595443599157120
6551191789711200
6506939980265280
6462688170819360
6418436361373440
6374184551927520
6329932742481600
6285680933035680
6241429123589760
6197177314143840
6152925504697920
6108673695252000
6064421885806080
6020170076360160
5975918266914240
5931666457468320
5887414648022400
5843162838576480
5798911029130560
5754659219684640
5710407410238720
5666155600792800
5621903791346880
5577651981900960
5533400172455040
5489148363009120
5444896553563200
5400644744117280
5356392934671360
5312141125225440
5267889315779520
5223637506333600
5179385696887680
5135133887441760
5090882077995840
5046630268549920
5002378459104000
4958126649658080
4913874840212160
4869623030766240
4825371221320320
4781119411874400
4736867602428480
4692615792982560
4648363983536640
4604112174090720
4559860364644800
4515608555198880
4471356745752960
4427104936307040
4382853126861120
4338601317415200
4294349507969280
4250097698523360
4205845889077440
4161594079631520
4117342270185600
4073090460739680
4028838651293760
3984586841847840
3940335032401920
3896083222956000
3851831413510080
3807579604064160
3763327794618240
3719075985172320
3674824175726400
3630572366280480
3586320556834560
3542068747388640
3497816937942720
3453565128496800
3409313319050880
3365061509604960
3320809700159040
3276557890713120
3232306081267200
3188054271821280
3143802462375360
3099550652929440
3055298843483520
3011047034037600
2966795224591680
2922543415145760
2878291605699840
2834039796253920
2789787986808000
2745536177362080
2701284367916160
2657032558470240
2612780749024320
2568528939578400
2524277130132480
2480025320686560
2435773511240640
2391521701794720
2347269892348800
2303018082902880
2258766273456960
2214514464011040
2170262654565120
2126010845119200
2081759035673280
2037507226227360
1993255416781440
1949003607335520
1904751797889600
1860499988443680
1816248178997760
1771996369551840
1727744560105920
1683492750660000
1639240941214080
1594989131768160
1550737322322240
1506485512876320
1462233703430400
1417981893984480
1373730084538560
1329478275092640
1285226465646720
1240974656200800
1196722846754880
1152471037308960
1108219227863040
1063967418417120
1019715608971200
975463799525280
931211990079360
886960180633440
842708371187520
798456561741600
754204752295680
709952942849760
665701133403840
621449323957920
577197514512000
532945705066080
488693895620160
444442086174240
400190276728320
355938467282400
311686657836480
267434848390560
223183038944640
178931229498720
134679420052800
90427610606880
46175801160960
1923991715040
7653639042429120
7609387232983200
7565135423537280
7520883614091360
7476631804645440
7432379995199520
7388128185753600
7343876376307680
7299624566861760
7255372757415840
7211120947969920
7166869138524000
7122617329078080
7078365519632160
7034113710186240
6989861900740320
6945610091294400
6901358281848480
6857106472402560
6812854662956640
6768602853510720
6724351044064800
6680099234618880
6635847425172960
6591595615727040
6547343806281120
6503091996835200
6458840187389280
6414588377943360
6370336568497440
6326084759051520
6281832949605600
6237581140159680
6193329330713760
6149077521267840
6104825711821920
6060573902376000
6016322092930080
5972070283484160
5927818474038240
5883566664592320
5839314855146400
5795063045700480
5750811236254560
5706559426808640
5662307617362720
5618055807916800
5573803998470880
5529552189024960
5485300379579040
5441048570133120
5396796760687200
5352544951241280
5308293141795360
5264041332349440
5219789522903520
5175537713457600
5131285904011680
5087034094565760
5042782285119840
4998530475673920
4954278666228000
4910026856782080
4865775047336160
4821523237890240
4777271428444320
4733019618998400
4688767809552480
4644516000106560
4600264190660640
4556012381214720
4511760571768800
4467508762322880
4423256952876960
4379005143431040
4334753333985120
4290501524539200
4246249715093280
4201997905647360
4157746096201440
4113494286755520
4069242477309600
4024990667863680
3980738858417760
3936487048971840
3892235239525920
3847983430080000
3803731620634080
3759479811188160
3715228001742240
3670976192296320
3626724382850400
3582472573404480
3538220763958560
3493968954512640
3449717145066720
3405465335620800
3361213526174880
3316961716728960
3272709907283040
3228458097837120
3184206288391200
3139954478945280
3095702669499360
3051450860053440
3007199050607520
2962947241161600
2918695431715680
2874443622269760
2830191812823840
2785940003377920
2741688193932000
2697436384486080
2653184575040160
2608932765594240
2564680956148320
2520429146702400
2476177337256480
2431925527810560
2387673718364640
2343421908918720
2299170099472800
2254918290026880
2210666480580960
2166414671135040
2122162861689120
2077911052243200
2033659242797280
1989407433351360
1945155623905440
1900903814459520
1856652005013600
1812400195567680
1768148386121760
1723896576675840
1679644767229920
1635392957784000
1591141148338080
1546889338892160
1502637529446240
1458385720000320
1414133910554400
1369882101108480
1325630291662560
1281378482216640
1237126672770720
1192874863324800
1148623053878880
1104371244432960
1060119434987040
1015867625541120
971615816095200
927364006649280
883112197203360
838860387757440
794608578311520
750356768865600
706104959419680
661853149973760
617601340527840
573349531081920
529097721636000
484845912190080
440594102744160
396342293298240
352090483852320
307838674406400
263586864960480
219335055514560
175083246068640
130831436622720
86579627176800
42327817730880
7694042868444960
7649791058999040
7605539249553120
7561287440107200
7517035630661280
7472783821215360
7428532011769440
7384280202323520
7340028392877600
7295776583431680
7251524773985760
7207272964539840
7163021155093920
7118769345648000
7074517536202080
7030265726756160
6986013917310240
6941762107864320
6897510298418400
6853258488972480
6809006679526560
6764754870080640
6720503060634720
6676251251188800
6631999441742880
6587747632296960
6543495822851040
6499244013405120
6454992203959200
6410740394513280
6366488585067360
6322236775621440
6277984966175520
6233733156729600
6189481347283680
6145229537837760
6100977728391840
6056725918945920
6012474109500000
5968222300054080
5923970490608160
5879718681162240
5835466871716320
5791215062270400
5746963252824480
5702711443378560
5658459633932640
5614207824486720
5569956015040800
5525704205594880
5481452396148960
5437200586703040
5392948777257120
5348696967811200
5304445158365280
5260193348919360
5215941539473440
5171689730027520
5127437920581600
5083186111135680
5038934301689760
4994682492243840
4950430682797920
4906178873352000
4861927063906080
4817675254460160
4773423445014240
4729171635568320
4684919826122400
4640668016676480
4596416207230560
4552164397784640
4507912588338720
4463660778892800
4419408969446880
4375157160000960
4330905350555040
4286653541109120
4242401731663200
4198149922217280
4153898112771360
4109646303325440
4065394493879520
4021142684433600
3976890874987680
3932639065541760
3888387256095840
3844135446649920
3799883637204000
3755631827758080
3711380018312160
3667128208866240
3622876399420320
3578624589974400
3534372780528480
3490120971082560
3445869161636640
3401617352190720
3357365542744800
3313113733298880
3268861923852960
3224610114407040
3180358304961120
3136106495515200
3091854686069280
3047602876623360
3003351067177440
2959099257731520
2914847448285600
2870595638839680
2826343829393760
2782092019947840
2737840210501920
2693588401056000
2649336591610080
2605084782164160
2560832972718240
2516581163272320
2472329353826400
2428077544380480
2383825734934560
2339573925488640
2295322116042720
2251070306596800
2206818497150880
2162566687704960
2118314878259040
2074063068813120
2029811259367200
1985559449921280
1941307640475360
1897055831029440
1852804021583520
1808552212137600
1764300402691680
1720048593245760
1675796783799840
1631544974353920
1587293164908000
1543041355462080
1498789546016160
1454537736570240
1410285927124320
1366034117678400
1321782308232480
1277530498786560
1233278689340640
1189026879894720
1144775070448800
1100523261002880
1056271451556960
1012019642111040
967767832665120
923516023219200
879264213773280
835012404327360
790760594881440
746508785435520
702256975989600
658005166543680
613753357097760
569501547651840
525249738205920
480997928760000
436746119314080
392494309868160
348242500422240
303990690976320
259738881530400
215487072084480
171235262638560
126983453192640
82731643746720
38479834300800
7690194885014880
7645943075568960
7601691266123040
7557439456677120
7513187647231200
7468935837785280
7424684028339360
7380432218893440
7336180409447520
7291928600001600
7247676790555680
7203424981109760
7159173171663840
7114921362217920
7070669552772000
7026417743326080
6982165933880160
6937914124434240
6893662314988320
6849410505542400
6805158696096480
6760906886650560
6716655077204640
6672403267758720
6628151458312800
6583899648866880
6539647839420960
6495396029975040
6451144220529120
6406892411083200
6362640601637280
6318388792191360
6274136982745440
6229885173299520
6185633363853600
6141381554407680
6097129744961760
6052877935515840
6008626126069920
5964374316624000
5920122507178080
5875870697732160
5831618888286240
5787367078840320
5743115269394400
5698863459948480
5654611650502560
5610359841056640
5566108031610720
5521856222164800
5477604412718880
5433352603272960
5389100793827040
5344848984381120
5300597174935200
5256345365489280
5212093556043360
5167841746597440
5123589937151520
5079338127705600
5035086318259680
4990834508813760
4946582699367840
4902330889921920
4858079080476000
4813827271030080
4769575461584160
4725323652138240
4681071842692320
4636820033246400
4592568223800480
4548316414354560
4504064604908640
4459812795462720
4415560986016800
4371309176570880
4327057367124960
4282805557679040
4238553748233120
4194301938787200
4150050129341280
4105798319895360
4061546510449440
4017294701003520
3973042891557600
3928791082111680
3884539272665760
3840287463219840
3796035653773920
3751783844328000
3707532034882080
3663280225436160
3619028415990240
3574776606544320
3530524797098400
3486272987652480
3442021178206560
3397769368760640
3353517559314720
3309265749868800
3265013940422880
3220762130976960
3176510321531040
3132258512085120
3088006702639200
3043754893193280
2999503083747360
2955251274301440
2910999464855520
2866747655409600
2822495845963680
2778244036517760
2733992227071840
2689740417625920
2645488608180000
2601236798734080
2556984989288160
2512733179842240
2468481370396320
2424229560950400
2379977751504480
2335725942058560
2291474132612640
2247222323166720
2202970513720800
2158718704274880
2114466894828960
2070215085383040
2025963275937120
1981711466491200
1937459657045280
1893207847599360
1848956038153440
1804704228707520
1760452419261600
1716200609815680
1671948800369760
1627696990923840
1583445181477920
1539193372032000
1494941562586080
1450689753140160
1406437943694240
1362186134248320
1317934324802400
1273682515356480
1229430705910560
1185178896464640
1140927087018720
1096675277572800
1052423468126880
1008171658680960
963919849235040
919668039789120
875416230343200
831164420897280
786912611451360
742660802005440
698408992559520
654157183113600
609905373667680
565653564221760
521401754775840
477149945329920
432898135884000
388646326438080
344394516992160
300142707546240
255890898100320
211639088654400
167387279208480
123135469762560
78883660316640
34631850870720
7686346901584800
7642095092138880
7597843282692960
7553591473247040
7509339663801120
7465087854355200
7420836044909280
7376584235463360
7332332426017440
7288080616571520
7243828807125600
7199576997679680
7155325188233760
7111073378787840
7066821569341920
7022569759896000
6978317950450080
6934066141004160
6889814331558240
6845562522112320
6801310712666400
6757058903220480
6712807093774560
6668555284328640
6624303474882720
6580051665436800
6535799855990880
6491548046544960
6447296237099040
6403044427653120
6358792618207200
6314540808761280
6270288999315360
6226037189869440
6181785380423520
6137533570977600
6093281761531680
6049029952085760
6004778142639840
5960526333193920
5916274523748000
5872022714302080
5827770904856160
5783519095410240
5739267285964320
5695015476518400
5650763667072480
5606511857626560
5562260048180640
5518008238734720
5473756429288800
5429504619842880
5385252810396960
5341001000951040
5296749191505120
5252497382059200
5208245572613280
5163993763167360
5119741953721440
5075490144275520
5031238334829600
4986986525383680
4942734715937760
4898482906491840
4854231097045920
4809979287600000
4765727478154080
4721475668708160
4677223859262240
4632972049816320
4588720240370400
4544468430924480
4500216621478560
4455964812032640
4411713002586720
4367461193140800
4323209383694880
4278957574248960
4234705764803040
4190453955357120
4146202145911200
4101950336465280
4057698527019360
4013446717573440
3969194908127520
3924943098681600
3880691289235680
3836439479789760
3792187670343840
3747935860897920
3703684051452000
3659432242006080
3615180432560160
3570928623114240
3526676813668320
3482425004222400
3438173194776480
3393921385330560
3349669575884640
3305417766438720
3261165956992800
3216914147546880
3172662338100960
3128410528655040
3084158719209120
3039906909763200
2995655100317280
2951403290871360
2907151481425440
2862899671979520
2818647862533600
2774396053087680
2730144243641760
2685892434195840
2641640624749920
2597388815304000
2553137005858080
2508885196412160
2464633386966240
2420381577520320
2376129768074400
2331877958628480
2287626149182560
2243374339736640
2199122530290720
2154870720844800
2110618911398880
2066367101952960
2022115292507040
1977863483061120
1933611673615200
1889359864169280
1845108054723360
1800856245277440
1756604435831520
1712352626385600
1668100816939680
1623849007493760
1579597198047840
1535345388601920
1491093579156000
1446841769710080
1402589960264160
1358338150818240
1314086341372320
1269834531926400
1225582722480480
1181330913034560
1137079103588640
1092827294142720
1048575484696800
1004323675250880
960071865804960
915820056359040
871568246913120
827316437467200
783064628021280
738812818575360
694561009129440
650309199683520
606057390237600
561805580791680
517553771345760
473301961899840
429050152453920
384798343008000
340546533562080
296294724116160
252042914670240
207791105224320
163539295778400
119287486332480
75035676886560
30783867440640
7682498918154720
7638247108708800
7593995299262880
7549743489816960
7505491680371040
7461239870925120
7416988061479200
7372736252033280
7328484442587360
7284232633141440
7239980823695520
7195729014249600
7151477204803680
7107225395357760
7062973585911840
7018721776465920
6974469967020000
6930218157574080
6885966348128160
6841714538682240
6797462729236320
6753210919790400
6708959110344480
6664707300898560
6620455491452640
6576203682006720
6531951872560800
6487700063114880
6443448253668960
6399196444223040
6354944634777120
6310692825331200
6266441015885280
6222189206439360
6177937396993440
6133685587547520
6089433778101600
6045181968655680
6000930159209760
5956678349763840
5912426540317920
5868174730872000
5823922921426080
5779671111980160
5735419302534240
5691167493088320
5646915683642400
5602663874196480
5558412064750560
5514160255304640
5469908445858720
5425656636412800
5381404826966880
5337153017520960
5292901208075040
5248649398629120
5204397589183200
5160145779737280
5115893970291360
5071642160845440
5027390351399520
4983138541953600
4938886732507680
4894634923061760
4850383113615840
4806131304169920
4761879494724000
4717627685278080
4673375875832160
4629124066386240
4584872256940320
4540620447494400
4496368638048480
4452116828602560
4407865019156640
4363613209710720
4319361400264800
4275109590818880
4230857781372960
4186605971927040
4142354162481120
4098102353035200
4053850543589280
4009598734143360
3965346924697440
3921095115251520
3876843305805600
3832591496359680
3788339686913760
3744087877467840
3699836068021920
3655584258576000
3611332449130080
3567080639684160
3522828830238240
3478577020792320
3434325211346400
3390073401900480
3345821592454560
3301569783008640
3257317973562720
3213066164116800
3168814354670880
3124562545224960
3080310735779040
3036058926333120
2991807116887200
2947555307441280
2903303497995360
2859051688549440
2814799879103520
2770548069657600
2726296260211680
2682044450765760
2637792641319840
2593540831873920
2549289022428000
2505037212982080
2460785403536160
2416533594090240
2372281784644320
2328029975198400
2283778165752480
2239526356306560
2195274546860640
2151022737414720
2106770927968800
2062519118522880
2018267309076960
1974015499631040
1929763690185120
1885511880739200
1841260071293280
1797008261847360
1752756452401440
1708504642955520
1664252833509600
1620001024063680
1575749214617760
1531497405171840
1487245595725920
1442993786280000
1398741976834080
1354490167388160
1310238357942240
1265986548496320
1221734739050400
1177482929604480
1133231120158560
1088979310712640
1044727501266720
1000475691820800
956223882374880
911972072928960
867720263483040
823468454037120
779216644591200
734964835145280
690713025699360
646461216253440
602209406807520
557957597361600
513705787915680
469453978469760
425202169023840
380950359577920
336698550132000
292446740686080
248194931240160
203943121794240
159691312348320
115439502902400
71187693456480
26935884010560
7678650934724640
7634399125278720
7590147315832800
7545895506386880
7501643696940960
7457391887495040
7413140078049120
7368888268603200
7324636459157280
7280384649711360
7236132840265440
7191881030819520
7147629221373600
7103377411927680
7059125602481760
7014873793035840
6970621983589920
6926370174144000
6882118364698080
6837866555252160
6793614745806240
6749362936360320
6705111126914400
6660859317468480
6616607508022560
6572355698576640
6528103889130720
6483852079684800
6439600270238880
6395348460792960
6351096651347040
6306844841901120
6262593032455200
6218341223009280
6174089413563360
6129837604117440
6085585794671520
6041333985225600
5997082175779680
5952830366333760
5908578556887840
5864326747441920
5820074937996000
5775823128550080
5731571319104160
5687319509658240
5643067700212320
5598815890766400
5554564081320480
5510312271874560
5466060462428640
5421808652982720
5377556843536800
5333305034090880
5289053224644960
5244801415199040
5200549605753120
5156297796307200
5112045986861280
5067794177415360
5023542367969440
4979290558523520
4935038749077600
4890786939631680
4846535130185760
4802283320739840
4758031511293920
4713779701848000
4669527892402080
4625276082956160
4581024273510240
4536772464064320
4492520654618400
4448268845172480
4404017035726560
4359765226280640
4315513416834720
4271261607388800
4227009797942880
4182757988496960
4138506179051040
4094254369605120
4050002560159200
4005750750713280
3961498941267360
3917247131821440
3872995322375520
3828743512929600
3784491703483680
3740239894037760
3695988084591840
3651736275145920
3607484465700000
3563232656254080
3518980846808160
3474729037362240
3430477227916320
3386225418470400
3341973609024480
3297721799578560
3253469990132640
3209218180686720
3164966371240800
3120714561794880
3076462752348960
3032210942903040
2987959133457120
2943707324011200
2899455514565280
2855203705119360
2810951895673440
2766700086227520
2722448276781600
2678196467335680
2633944657889760
2589692848443840
2545441038997920
2501189229552000
2456937420106080
2412685610660160
2368433801214240
2324181991768320
2279930182322400
2235678372876480
2191426563430560
2147174753984640
2102922944538720
2058671135092800
2014419325646880
1970167516200960
1925915706755040
1881663897309120
1837412087863200
1793160278417280
1748908468971360
1704656659525440
1660404850079520
1616153040633600
1571901231187680
1527649421741760
1483397612295840
1439145802849920
1394893993404000
1350642183958080
1306390374512160
1262138565066240
1217886755620320
1173634946174400
1129383136728480
1085131327282560
1040879517836640
996627708390720
952375898944800
908124089498880
863872280052960
819620470607040
775368661161120
731116851715200
686865042269280
642613232823360
598361423377440
554109613931520
509857804485600
465605995039680
421354185593760
377102376147840
332850566701920
288598757256000
244346947810080
200095138364160
155843328918240
111591519472320
67339710026400
23087900580480
7674802951294560
7630551141848640
7586299332402720
7542047522956800
7497795713510880
7453543904064960
7409292094619040
7365040285173120
7320788475727200
7276536666281280
7232284856835360
7188033047389440
7143781237943520
7099529428497600
7055277619051680
7011025809605760
6966774000159840
6922522190713920
6878270381268000
6834018571822080
6789766762376160
6745514952930240
6701263143484320
6657011334038400
6612759524592480
6568507715146560
6524255905700640
6480004096254720
6435752286808800
6391500477362880
6347248667916960
6302996858471040
6258745049025120
6214493239579200
6170241430133280
6125989620687360
6081737811241440
6037486001795520
5993234192349600
5948982382903680
5904730573457760
5860478764011840
5816226954565920
5771975145120000
5727723335674080
5683471526228160
5639219716782240
5594967907336320
5550716097890400
5506464288444480
5462212478998560
5417960669552640
5373708860106720
5329457050660800
5285205241214880
5240953431768960
5196701622323040
5152449812877120
5108198003431200
5063946193985280
5019694384539360
4975442575093440
4931190765647520
4886938956201600
4842687146755680
4798435337309760
4754183527863840
4709931718417920
4665679908972000
4621428099526080
4577176290080160
4532924480634240
4488672671188320
4444420861742400
4400169052296480
4355917242850560
4311665433404640
4267413623958720
4223161814512800
4178910005066880
4134658195620960
4090406386175040
4046154576729120
4001902767283200
3957650957837280
3913399148391360
3869147338945440
3824895529499520
3780643720053600
3736391910607680
3692140101161760
3647888291715840
3603636482269920
3559384672824000
3515132863378080
3470881053932160
3426629244486240
3382377435040320
3338125625594400
3293873816148480
3249622006702560
3205370197256640
3161118387810720
3116866578364800
3072614768918880
3028362959472960
2984111150027040
2939859340581120
2895607531135200
2851355721689280
2807103912243360
2762852102797440
2718600293351520
2674348483905600
2630096674459680
2585844865013760
2541593055567840
2497341246121920
2453089436676000
2408837627230080
2364585817784160
2320334008338240
2276082198892320
2231830389446400
2187578580000480
2143326770554560
2099074961108640
2054823151662720
2010571342216800
1966319532770880
1922067723324960
1877815913879040
1833564104433120
1789312294987200
1745060485541280
1700808676095360
1656556866649440
1612305057203520
1568053247757600
1523801438311680
1479549628865760
1435297819419840
1391046009973920
1346794200528000
1302542391082080
1258290581636160
1214038772190240
1169786962744320
1125535153298400
1081283343852480
1037031534406560
992779724960640
948527915514720
904276106068800
860024296622880
815772487176960
771520677731040
727268868285120
683017058839200
638765249393280
594513439947360
550261630501440
506009821055520
461758011609600
417506202163680
373254392717760
329002583271840
284750773825920
240498964380000
196247154934080
151995345488160
107743536042240
63491726596320
19239917150400
7670954967864480
7626703158418560
7582451348972640
7538199539526720
7493947730080800
7449695920634880
7405444111188960
7361192301743040
7316940492297120
7272688682851200
7228436873405280
7184185063959360
7139933254513440
7095681445067520
7051429635621600
7007177826175680
6962926016729760
6918674207283840
6874422397837920
6830170588392000
6785918778946080
6741666969500160
6697415160054240
6653163350608320
6608911541162400
6564659731716480
6520407922270560
6476156112824640
6431904303378720
6387652493932800
6343400684486880
6299148875040960
6254897065595040
6210645256149120
6166393446703200
6122141637257280
6077889827811360
6033638018365440
5989386208919520
5945134399473600
5900882590027680
5856630780581760
5812378971135840
5768127161689920
5723875352244000
5679623542798080
5635371733352160
5591119923906240
5546868114460320
5502616305014400
5458364495568480
5414112686122560
5369860876676640
5325609067230720
5281357257784800
5237105448338880
5192853638892960
5148601829447040
5104350020001120
5060098210555200
5015846401109280
4971594591663360
4927342782217440
4883090972771520
4838839163325600
4794587353879680
4750335544433760
4706083734987840
4661831925541920
4617580116096000
4573328306650080
4529076497204160
4484824687758240
4440572878312320
4396321068866400
4352069259420480
4307817449974560
4263565640528640
4219313831082720
4175062021636800
4130810212190880
4086558402744960
4042306593299040
3998054783853120
3953802974407200
3909551164961280
3865299355515360
3821047546069440
3776795736623520
3732543927177600
3688292117731680
3644040308285760
3599788498839840
3555536689393920
3511284879948000
3467033070502080
3422781261056160
3378529451610240
3334277642164320
3290025832718400
3245774023272480
3201522213826560
3157270404380640
3113018594934720
3068766785488800
3024514976042880
2980263166596960
2936011357151040
2891759547705120
2847507738259200
2803255928813280
2759004119367360
2714752309921440
2670500500475520
2626248691029600
2581996881583680
2537745072137760
2493493262691840
2449241453245920
2404989643800000
2360737834354080
2316486024908160
2272234215462240
2227982406016320
2183730596570400
2139478787124480
2095226977678560
2050975168232640
2006723358786720
1962471549340800
1918219739894880
1873967930448960
1829716121003040
1785464311557120
1741212502111200
1696960692665280
1652708883219360
1608457073773440
1564205264327520
1519953454881600
1475701645435680
1431449835989760
1387198026543840
1342946217097920
1298694407652000
1254442598206080
1210190788760160
1165938979314240
1121687169868320
1077435360422400
1033183550976480
988931741530560
944679932084640
900428122638720
856176313192800
811924503746880
767672694300960
723420884855040
679169075409120
634917265963200
590665456517280
546413647071360
502161837625440
457910028179520
413658218733600
369406409287680
325154599841760
280902790395840
236650980949920
192399171504000
148147362058080
103895552612160
59643743166240
15391933720320
7667106984434400
7622855174988480
7578603365542560
7534351556096640
7490099746650720
7445847937204800
7401596127758880
7357344318312960
7313092508867040
7268840699421120
7224588889975200
7180337080529280
7136085271083360
7091833461637440
7047581652191520
7003329842745600
6959078033299680
6914826223853760
6870574414407840
6826322604961920
6782070795516000
6737818986070080
6693567176624160
6649315367178240
6605063557732320
6560811748286400
6516559938840480
6472308129394560
6428056319948640
6383804510502720
6339552701056800
6295300891610880
6251049082164960
6206797272719040
6162545463273120
6118293653827200
6074041844381280
6029790034935360
5985538225489440
5941286416043520
5897034606597600
5852782797151680
5808530987705760
5764279178259840
5720027368813920
5675775559368000
5631523749922080
5587271940476160
5543020131030240
5498768321584320
5454516512138400
5410264702692480
5366012893246560
5321761083800640
5277509274354720
5233257464908800
5189005655462880
5144753846016960
5100502036571040
5056250227125120
5011998417679200
4967746608233280
4923494798787360
4879242989341440
4834991179895520
4790739370449600
4746487561003680
4702235751557760
4657983942111840
4613732132665920
4569480323220000
4525228513774080
4480976704328160
4436724894882240
4392473085436320
4348221275990400
4303969466544480
4259717657098560
4215465847652640
4171214038206720
4126962228760800
4082710419314880
4038458609868960
3994206800423040
3949954990977120
3905703181531200
3861451372085280
3817199562639360
3772947753193440
3728695943747520
3684444134301600
3640192324855680
3595940515409760
3551688705963840
3507436896517920
3463185087072000
3418933277626080
3374681468180160
3330429658734240
3286177849288320
3241926039842400
3197674230396480
3153422420950560
3109170611504640
3064918802058720
3020666992612800
2976415183166880
2932163373720960
2887911564275040
2843659754829120
2799407945383200
2755156135937280
2710904326491360
2666652517045440
2622400707599520
2578148898153600
2533897088707680
2489645279261760
2445393469815840
2401141660369920
2356889850924000
2312638041478080
2268386232032160
2224134422586240
2179882613140320
2135630803694400
2091378994248480
2047127184802560
2002875375356640
1958623565910720
1914371756464800
1870119947018880
1825868137572960
1781616328127040
1737364518681120
1693112709235200
1648860899789280
1604609090343360
1560357280897440
1516105471451520
1471853662005600
1427601852559680
1383350043113760
1339098233667840
1294846424221920
1250594614776000
1206342805330080
1162090995884160
1117839186438240
1073587376992320
1029335567546400
985083758100480
940831948654560
896580139208640
852328329762720
808076520316800
763824710870880
719572901424960
675321091979040
631069282533120
586817473087200
542565663641280
498313854195360
454062044749440
409810235303520
365558425857600
321306616411680
277054806965760
232802997519840
188551188073920
144299378628000
100047569182080
55795759736160
11543950290240
7663259001004320
7619007191558400
7574755382112480
7530503572666560
7486251763220640
7441999953774720
7397748144328800
7353496334882880
7309244525436960
7264992715991040
7220740906545120
7176489097099200
7132237287653280
7087985478207360
7043733668761440
6999481859315520
6955230049869600
6910978240423680
6866726430977760
6822474621531840
6778222812085920
6733971002640000
6689719193194080
6645467383748160
6601215574302240
6556963764856320
6512711955410400
6468460145964480
6424208336518560
6379956527072640
6335704717626720
6291452908180800
6247201098734880
6202949289288960
6158697479843040
6114445670397120
6070193860951200
6025942051505280
5981690242059360
5937438432613440
5893186623167520
5848934813721600
5804683004275680
5760431194829760
5716179385383840
5671927575937920
5627675766492000
5583423957046080
5539172147600160
5494920338154240
5450668528708320
5406416719262400
5362164909816480
5317913100370560
5273661290924640
5229409481478720
5185157672032800
5140905862586880
5096654053140960
5052402243695040
5008150434249120
4963898624803200
4919646815357280
4875395005911360
4831143196465440
4786891387019520
4742639577573600
4698387768127680
4654135958681760
4609884149235840
4565632339789920
4521380530344000
4477128720898080
4432876911452160
4388625102006240
4344373292560320
4300121483114400
4255869673668480
4211617864222560
4167366054776640
4123114245330720
4078862435884800
4034610626438880
3990358816992960
3946107007547040
3901855198101120
3857603388655200
3813351579209280
3769099769763360
3724847960317440
3680596150871520
3636344341425600
3592092531979680
3547840722533760
3503588913087840
3459337103641920
3415085294196000
3370833484750080
3326581675304160
3282329865858240
3238078056412320
3193826246966400
3149574437520480
3105322628074560
3061070818628640
3016819009182720
2972567199736800
2928315390290880
2884063580844960
2839811771399040
2795559961953120
2751308152507200
2707056343061280
2662804533615360
2618552724169440
2574300914723520
2530049105277600
2485797295831680
2441545486385760
2397293676939840
2353041867493920
2308790058048000
2264538248602080
2220286439156160
2176034629710240
2131782820264320
2087531010818400
2043279201372480
1999027391926560
1954775582480640
1910523773034720
1866271963588800
1822020154142880
1777768344696960
1733516535251040
1689264725805120
1645012916359200
1600761106913280
1556509297467360
1512257488021440
1468005678575520
1423753869129600
1379502059683680
1335250250237760
1290998440791840
1246746631345920
1202494821900000
1158243012454080
1113991203008160
1069739393562240
1025487584116320
981235774670400
936983965224480
892732155778560
848480346332640
804228536886720
759976727440800
715724917994880
671473108548960
627221299103040
582969489657120
538717680211200
494465870765280
450214061319360
405962251873440
361710442427520
317458632981600
273206823535680
228955014089760
184703204643840
140451395197920
96199585752000
51947776306080
7695966860160
7659411017574240
7615159208128320
7570907398682400
7526655589236480
7482403779790560
7438151970344640
7393900160898720
7349648351452800
7305396542006880
7261144732560960
7216892923115040
7172641113669120
7128389304223200
7084137494777280
7039885685331360
6995633875885440
6951382066439520
6907130256993600
6862878447547680
6818626638101760
6774374828655840
6730123019209920
6685871209764000
6641619400318080
6597367590872160
6553115781426240
6508863971980320
6464612162534400
6420360353088480
6376108543642560
6331856734196640
6287604924750720
6243353115304800
6199101305858880
6154849496412960
6110597686967040
6066345877521120
6022094068075200
5977842258629280
5933590449183360
5889338639737440
5845086830291520
5800835020845600
5756583211399680
5712331401953760
5668079592507840
5623827783061920
5579575973616000
5535324164170080
5491072354724160
5446820545278240
5402568735832320
5358316926386400
5314065116940480
5269813307494560
5225561498048640
5181309688602720
5137057879156800
5092806069710880
5048554260264960
5004302450819040
4960050641373120
4915798831927200
4871547022481280
4827295213035360
4783043403589440
4738791594143520
4694539784697600
4650287975251680
4606036165805760
4561784356359840
4517532546913920
4473280737468000
4429028928022080
4384777118576160
4340525309130240
4296273499684320
4252021690238400
4207769880792480
4163518071346560
4119266261900640
4075014452454720
4030762643008800
3986510833562880
3942259024116960
3898007214671040
3853755405225120
3809503595779200
3765251786333280
3720999976887360
3676748167441440
3632496357995520
3588244548549600
3543992739103680
3499740929657760
3455489120211840
3411237310765920
3366985501320000
3322733691874080
3278481882428160
3234230072982240
3189978263536320
3145726454090400
3101474644644480
3057222835198560
3012971025752640
2968719216306720
2924467406860800
2880215597414880
2835963787968960
2791711978523040
2747460169077120
2703208359631200
2658956550185280
2614704740739360
2570452931293440
2526201121847520
2481949312401600
2437697502955680
2393445693509760
2349193884063840
2304942074617920
2260690265172000
2216438455726080
2172186646280160
2127934836834240
2083683027388320
2039431217942400
1995179408496480
1950927599050560
1906675789604640
1862423980158720
1818172170712800
1773920361266880
1729668551820960
1685416742375040
1641164932929120
1596913123483200
1552661314037280
1508409504591360
1464157695145440
1419905885699520
1375654076253600
1331402266807680
1287150457361760
1242898647915840
1198646838469920
1154395029024000
1110143219578080
1065891410132160
1021639600686240
977387791240320
933135981794400
888884172348480
844632362902560
800380553456640
756128744010720
711876934564800
667625125118880
623373315672960
579121506227040
534869696781120
490617887335200
446366077889280
402114268443360
357862458997440
313610649551520
269358840105600
225107030659680
180855221213760
136603411767840
92351602321920
48099792876000
3847983430080
7655563034144160
7611311224698240
7567059415252320
7522807605806400
7478555796360480
7434303986914560
7390052177468640
7345800368022720
7301548558576800
7257296749130880
7213044939684960
7168793130239040
7124541320793120
7080289511347200
7036037701901280
6991785892455360
6947534083009440
6903282273563520
6859030464117600
6814778654671680
6770526845225760
6726275035779840
6682023226333920
6637771416888000
6593519607442080
6549267797996160
6505015988550240
6460764179104320
6416512369658400
6372260560212480
6328008750766560
6283756941320640
6239505131874720
6195253322428800
6151001512982880
6106749703536960
6062497894091040
6018246084645120
5973994275199200
5929742465753280
5885490656307360
5841238846861440
5796987037415520
5752735227969600
5708483418523680
5664231609077760
5619979799631840
5575727990185920
5531476180740000
5487224371294080
5442972561848160
5398720752402240
5354468942956320
5310217133510400
5265965324064480
5221713514618560
5177461705172640
5133209895726720
5088958086280800
5044706276834880
5000454467388960
4956202657943040
4911950848497120
4867699039051200
4823447229605280
4779195420159360
4734943610713440
4690691801267520
4646439991821600
4602188182375680
4557936372929760
4513684563483840
4469432754037920
4425180944592000
4380929135146080
4336677325700160
4292425516254240
4248173706808320
4203921897362400
4159670087916480
4115418278470560
4071166469024640
4026914659578720
3982662850132800
3938411040686880
3894159231240960
3849907421795040
3805655612349120
3761403802903200
3717151993457280
3672900184011360
3628648374565440
3584396565119520
3540144755673600
3495892946227680
3451641136781760
3407389327335840
3363137517889920
3318885708444000
3274633898998080
3230382089552160
3186130280106240
3141878470660320
3097626661214400
3053374851768480
3009123042322560
2964871232876640
2920619423430720
2876367613984800
2832115804538880
2787863995092960
2743612185647040
2699360376201120
2655108566755200
2610856757309280
2566604947863360
2522353138417440
2478101328971520
2433849519525600
2389597710079680
2345345900633760
2301094091187840
2256842281741920
2212590472296000
2168338662850080
2124086853404160
2079835043958240
2035583234512320
1991331425066400
1947079615620480
1902827806174560
1858575996728640
1814324187282720
1770072377836800
1725820568390880
1681568758944960
1637316949499040
1593065140053120
1548813330607200
1504561521161280
1460309711715360
1416057902269440
1371806092823520
1327554283377600
1283302473931680
1239050664485760
1194798855039840
1150547045593920
1106295236148000
1062043426702080
1017791617256160
973539807810240
929287998364320
885036188918400
840784379472480
796532570026560
752280760580640
708028951134720
663777141688800
619525332242880
575273522796960
531021713351040
486769903905120
442518094459200
398266285013280
354014475567360
309762666121440
265510856675520
221259047229600
177007237783680
132755428337760
88503618891840
44251809445920
