0
203325980332
203325473211
203327845161
203325593903
203323995173
203325740349
203330596508
203322598187
203324779634
203329184792
203327687366
203325476063
203326268672
203326290380
203329693727
203328953903
203325883056
203328450004
203325763017
203326035976
203328812485
203326311582
203328353775
203327846866
203329706461
203329189458
203326134200
203330515129
203328405045
203319359871
203326405169
203329628679
203329273077
203322832464
203328150641
203329895817
203321871749
203328917047
203330804403
203329165927
203326675251
203328248865
203328779624
203323073266
203321474536
203327301586
203329046762
203325759655
203324947129
203330727624
203325166729
203324938981
203327570216
203329527361
203322457919
203326092178
203325507387
203329270824
203325187931
203326047995
203328384918
203324969797
203328660524
203326987932
203327858556
203327336240
203326909528
203325890200
203326171314
203325431490
203329220782
203329067307
203324034504
203326215951
203328235722
203329043400
203325547096
203330701327
203326079556
203326360670
203327036134
203328936097
203325741664
203327777648
203327627207
203324780949
203327005058
203325222573
203329460759
203326222263
203327967439
203325489711
203329792951
203329516936
203321920837
203331810499
203324970305
203330045668
203327988641
203325510913
203326459343
203328418645
203326212589
203326744376
203327021659
203329203106
203323171671
203323369563
203325634232
203322910853
203328683700
203326842156
203328926953
203328465566
203330125014
203328918805
203328121675
203330457771
203323558919
203329136324
203326885066
203325286336
203326436795
203326624248
203325278188
203326070797
203330475955
203328978529
203326487853
203328176561
203326457997
203326479705
203327272314
203327174219
203326813604
203327054180
203327327139
203328197763
203328991583
203327248735
203328375736
203325898008
203330490503
203322048020
203330052967
203331151690
203320651034
203327696332
203330320105
203330564240
203326735617
203327537075
203331186980
203327375341
203328340702
203326080871
203328116855
203325761415
203326621479
203326865332
203324364429
203322765699
203328493631
203328306646
203325828918
203327532916
203330258365
203322260044
203323967216
203326810835
203329665426
203322527182
203325850120
203326203488
203328979997
203326479094
203327339158
203329593667
203326934154
203322548384
203329211310
203325973439
203323250060
203324995236
203327181363
203326240577
203326722653
203328917352
203329659119
203330953569
203327507114
203325016438
203329926257
203326556933
203326842763
203323560234
203326963455
203328562125
203324100842
203327032827
203328039776
203329695671
203326072112
203326797204
203326513736
203325374579
203327513426
203327152811
203326780874
203324290198
203329834173
203323212000
203330676790
203326261468
203326237215
203327982391
203326802076
203324132403
203324413517
203327503752
203327462985
203322935479
203330333217
203327244851
203324660726
203324153605
203324202016
203329974863
203329020499
203327031481
203329277330
203327845798
203326247068
203325403533
203326745829
203324850082
203328771247
203327286437
203328091113
203327727958
203327220837
203327130398
203327230451
203326260122
203326683645
203326269736
203329467724
203327749160
203327770868
203328563477
203327251653
203328104767
203331746376
203327243505
203329037925
203328309073
203325334443
203328737790
203327189171
203328798310
203323339183
203331344130
203330402536
203327846321
203325355645
203329711276
203326896140
203324540700
203328233521
203331152590
203328901332
203324440049
203327372034
203326431248
203327052578
203326312201
203326250610
203329026637
203321138313
203327458962
203329597809
203327120081
203324629405
203328032752
203323551207
203325258379
203326627776
203327480164
203323818345
203321327669
203324731016
203324752724
203329225739
203326393549
203329573627
203325019862
203323839547
203327683385
203327264602
203324541223
203326286399
203329348658
203327370688
203325041064
203330208515
203327704587
203325742740
203328612565
203324863682
203330407657
203326380695
203323902967
203324851397
203327560044
203329497796
203325392005
203331797064
203328474158
203320601231
203328036469
203328088367
203327895409
203326665742
203326978347
203328443974
203327325538
203325581361
203329807970
203329006416
203327867259
203324634082
203327528378
203327101666
203326460407
203325423566
203325704680
203327001015
203326727545
203324226642
203328000306
203328873167
203328811576
203324850051
203329996432
203330905832
203326748747
203325205658
203326065722
203329136961
203327538231
203326694696
203325909683
203327530083
203325039407
203328577600
203325049021
203328739748
203328512000
203328421561
203328521614
203327551285
203327974808
203327560899
203325070223
203329579034
203329623078
203326732756
203325337361
203328733361
203328762416
203328022592
203328303706
203329600236
203326625606
203328572718
203328246418
203330089473
203327412363
203328043794
203329788970
203328951772
203325202889
203328606236
203328187303
203325831863
203329524684
203328053648
203330192495
203321901153
203325304500
203327722411
203320940438
203327603364
203327541773
203328345820
203322429476
203327317554
203329062730
203326851157
203325920568
203325493856
203327144560
203325614548
203323408492
203328771327
203327440873
203322618832
203324800279
203326043887
203327708011
203325501955
203329358357
203326311025
203329212374
203328974548
203326483872
203328470649
203327729213
203325523157
203328661851
203326332227
203322682252
203328995750
203327033903
203329068844
203326154845
203331101514
203327671858
203319380516
203329919375
203328851207
203329049099
203325465099
203328171286
203329765321
203321892394
203324796917
203330623967
203329186572
203326695896
203328269510
203328800269
203323093911
203321495181
203327322231
203324920236
203325780300
203325925245
203328585625
203325187374
203327751570
203327590861
203325612891
203328292178
203326112823
203325528032
203329291469
203325208576
203330102739
203326141214
203329493695
203328753871
203325643707
203326496821
203327356885
203328597832
203325910845
203327727556
203325969458
203329089332
203326330570
203327190364
203326340184
203325833063
203329064045
203325567741
203330022763
203326100201
203329503548
203329471550
203325139486
203329495400
203329768359
203328023919
203324801594
203327025703
203325243218
203329313755
203326242908
203329281136
203330517028
203326814931
203327607540
203331967525
203329148035
203324990950
203330066313
203328416005
203326494052
203325872218
203327718044
203319719723
203323123070
203329344811
203332076969
203323192316
203323390208
203326786208
203322231601
203328704345
203326881300
203328947598
203325803102
203323312426
203327986883
203323433118
203321834388
203323579564
203328435723
203326905711
203324699655
203329664147
203325526581
203325298833
203326091442
203330496600
203328999174
203326508498
203324302442
203329630676
203325547783
203327292959
203327775035
203329761812
203327848129
203325370401
203328218408
203328354815
203323973415
203328920084
203329738677
203326308665
203322068665
203330073612
203329556332
203320671679
203330271010
203329403252
203325906948
203326756262
203329462449
203329842755
203327395986
203326088080
203326101516
203328137500
203325782060
203325140801
203326885977
203324385074
203322786344
203328613394
203326211399
203325849563
203327553561
203329525869
203322280689
203323987861
203325330157
203326904054
203328348493
203325870765
203326224133
203329000642
203326499739
203327742917
203329684018
203328696381
203324748743
203323729415
203325994084
203323270705
203329043552
203327202008
203329018719
203327260621
203329937528
203326882615
203328481527
203330226703
203323918771
203327322118
203326858904
203326863408
203323580879
203326984100
203330816419
203326430649
203326827828
203328060421
203330107086
203326092757
203326817849
203326534381
203327632166
203327534071
203327173456
203330576803
203327294274
203327454784
203327735898
203330439198
203323885910
203326257860
203329707168
203322407872
203324153048
203327475986
203321010886
203323192333
203330237631
203329474357
203327095469
203324681371
203324174250
203328725914
203327599305
203324875926
203330238761
203326121267
203324603589
203326267713
203324724281
203323125551
203324870727
203328791892
203328295782
203327892768
203329637944
203326817744
203324327068
203328589321
203326280767
203330300564
203326290381
203325593605
203328308516
203326838946
203328082124
203329953519
203330906557
203325087950
203326661564
203329509571
203328329718
203319887235
203328678026
203329031394
203327599828
203323359828
203330550178
203330423181
203327866966
203325376290
203330694415
203326916785
203324561345
203323920086
203329306988
203323600630
203324460694
203327392679
203328399628
203327073223
203326332846
203326271255
203326873588
203325734431
203328097580
203327512789
203323789986
203324650050
203328053397
203323571852
203325279024
203326621320
203328756264
203328342243
203327161928
203324492255
203324773369
203327863604
203327348796
203330576838
203329987544
203326039906
203325020578
203324513457
203324561868
203329442259
203329629982
203327391333
203329637182
203328205650
203326606920
203325763385
203331150287
203323383004
203328613281
203326401340
203323923612
203324872042
203327580689
203329518441
203329988123
203326619974
203328494803
203329356088
203328057114
203328109012
203332037324
203327096399
203327956463
203327339652
203328516005
203328537713
203328745947
203328668925
203330636200
203321971618
203327549023
203328253642
203323699035
203325444211
203328172432
203329359584
203324483496
203321992820
203328528039
203324900552
203329286998
203324870696
203330017077
203325685013
203324086283
203325226303
203327412430
203326672053
203326610462
203328971321
203325930328
203327550728
203325060052
203328903202
203325069666
203328392604
203328119134
203325618231
203327799678
203327571930
203329685842
203327581544
203325090868
203328725127
203329585591
203326753401
203328773447
203328754006
203326379113
203328043237
203328951404
203329620881
203321178398
203329969189
203329542477
203330835421
203328158843
203328064439
203328086273
203322379915
203325223534
203328626881
203326740547
203324262819
203325211249
203327392696
203324891793
203325751857
203329669083
203328834010
203320961083
203327624009
203327562418
203328366465
203324532584
203326730873
203327582052
203325081149
203325941213
203328122660
203327165205
203327959025
203323429137
203329356123
203327461518
203325255462
203325783418
203326064532
203328245979
203325522600
203328845538
203328360158
203329233019
203329171428
203325209903
203330356284
203329929572
203325543802
203325565510
203327084297
203322702897
203327898083
203327054548
203329089489
203324674167
203325399259
203327692503
203325214775
203329099600
203328871852
203329069744
203325875684
203327911137
203329785966
203326416292
203324817562
203322566304
203328242617
203328387562
203329112654
203328630815
203327690029
203329828876
203324659767
203324940881
203331238985
203323262781
203328606270
203329544805
203327772215
203329347364
203324680969
203330660974
203329987088
203323283983
203328692618
203326191715
203328373162
203326161859
203330090171
203326976176
203325377446
203326517466
203328713820
203327963216
203327901625
203326721772
203324871791
203326578963
203326351215
203327211009
203326360829
203325853708
203327504412
203328298232
203323768344
203328123975
203330348084
203329545901
203325160131
203329565289
203328585186
203325861807
203326769974
203330045169
203330074224
203329334400
203326843724
203332270866
203328901542
203325883009
203327628185
203327423504
203323042104
203326445451
203326171981
203323671078
203326514697
203325892863
203327738689
203319740368
203323143715
203326777974
203326193183
203325824951
203326634807
203326806853
203322252246
203325156769
203326901945
203329657628
203325823747
203323333071
203326967330
203323453763
203321855033
203326117286
203325280088
203327025264
203324720300
203327624823
203325547226
203326546625
203327950713
203325972743
203326765352
203326813763
203324323087
203329651321
203325568428
203330462591
203326501066
203330429378
203327868774
203325391046
203326856673
203326908059
203323994060
203328940729
203328087408
203326329310
203328036482
203326690422
203328871869
203329295392
203328563833
203329423897
203325927593
203327166847
203328463182
203327430172
203327707455
203326108725
203323857467
203329533780
203330018270
203325161446
203327385555
203325603070
203327310242
203325950930
203323460254
203331670874
203329281512
203323452106
203328527670
203329507887
203325350802
203325972132
203328775857
203328071124
203325963984
203328077896
203326593086
203323482922
203327173649
203328717026
203326437047
203323750060
203325566771
203329409921
203329064197
203327241152
203328012935
203326162954
203323672278
203326903260
203328502172
203330403828
203323939416
203327342763
203327364471
203325059507
203327532814
203329260725
203329481188
203326451294
203326848473
203329876349
203327152970
203324662294
203329026498
203326766667
203327652811
203327208291
203330316334
203328207981
203325730253
203327475429
203328714667
203324333267
203323906555
203325557259
203326956023
203322428517
203327184026
203327496631
203321031531
203323212978
203328069137
203327484346
203327116114
203327925970
203326786813
203328046662
203326447932
203324896571
203330669418
203326141912
203323935856
203327245829
203324744926
203323146196
203327408449
203326571251
203328316427
203327913413
203328915986
203326838389
203324347713
203324125212
203327263906
203327461798
203328337629
203325614250
203329360494
203325687344
203323209616
203330381467
203329056233
203325108595
203326682209
203328158063
203327651154
203319907880
203328698671
203329052039
203327620473
203327883726
203327242467
203329400739
203326923011
203329854996
203327681970
203327218756
203327223260
203323940731
203328721335
203323621275
203329056812
203327187680
203328420273
203327112367
203326452609
203328676718
203326894233
203328601405
203328118225
203324751417
203323810631
203327654126
203324743269
203328095750
203330799050
203324245762
203328776909
203330067020
203329362287
203324512900
203327835838
203327884249
203323552185
203328464812
203329707990
203327728210
203325041223
203324534102
203329085766
203327959157
203325235778
203328105603
203328929727
203324963441
203326020239
203328040010
203330052620
203323403649
203328633926
203328655634
203328551283
203328823977
203328248310
203330772351
203327581936
203326640619
203329095619
203328676836
203325953457
203328134904
203328057830
203327117044
203325293999
203327360297
203329499144
203321725125
203326399582
203328689570
203320247087
203321992263
203325315201
203327652469
203323719680
203328076846
203327313572
203331125062
203324504141
203322013465
203328548684
203324921197
203322715141
203328077976
203323960482
203325705658
203324106928
203327502928
203327433075
203325227019
203326631107
203327646162
203328940612
203328457432
203327872641
203324149838
203326428536
203328413249
203328139779
203325638876
203325416375
203329116116
203328752961
203328245840
203327875148
203328255454
203326978507
203324500779
203331209579
203330347396
203326399758
203328581205
203328854164
203328942317
203321199043
203329989834
203328444810
203330062928
203328179488
203328533630
203328106918
203322400560
203323742856
203327146203
203326761192
203324283464
203325231894
203327413341
203324912438
203326155616
203328478843
203327109080
203328403530
203328416966
203326210910
203328598118
203327456251
203326751518
203327431418
203325101794
203328577843
203326595479
203328483965
203329869011
203322331470
203325734817
203328613494
203325276107
203325804063
203328325575
203329397955
203324843348
203322352672
203328887891
203330342845
203331730034
203325230548
203330376929
203326044865
203324446135
203325586155
203328989502
203327643442
203327311402
203329258514
203331343783
203324694812
203325419904
203328587785
203328844959
203329120245
203325888685
203329178858
203325896329
203327931782
203330386782
203331012410
203328633458
203322586949
203328263262
203328408207
203324413274
203328651460
203331377719
203323016288
203324680412
203326092857
203321538250
203323283426
203326606364
203328943632
203328518695
203328892262
203324701614
203322739767
203328126669
203323304628
203328713263
203326212360
203324006304
203327752548
203325251645
203326494823
203325398091
203328794091
203328734465
203326332470
203327922270
203326742417
203324892436
203326599608
203327941904
203325441001
203327719699
203328482512
203327525057
203328318877
203323788989
203330092355
203331514973
203325615314
203327360490
203329546617
203328605831
203325882452
203326790619
203330010066
203330745885
203329872368
203327381692
203328674636
203326993459
203325903654
203325925488
203322202685
203323062749
203326466096
203326192626
203323691723
203325034019
203328437366
203328052355
203325574627
203327739833
203326798619
203326213828
203326235536
203326655452
203328400243
203326776144
203325177414
203322926156
203328602469
203328648296
203328042681
203326497657
203328049881
203329869006
203325019619
203325300733
203329773748
203323622633
203327025980
203326518859
203326567270
203329707216
203325040821
203326785997
203329830746
203323643835
203327487673
203327768787
203328065516
203326521711
203330450023
203327336028
203325737298
203326877318
203326928704
203329495652
203329049370
203327081624
203329048899
203326938815
203326711067
203328892514
203330136122
203328584478
203327179848
203327118060
203327187492
203320405519
203327450817
203330157004
203327699697
203323878112
203326782635
203330038915
203322498982
203326774487
203331643141
203330211575
203325971575
203323480899
203329261394
203326905954
203322520184
203330795842
203329528532
203326805303
203325992777
203324030930
203326212377
203325984629
203328098541
203331011375
203323503567
203327137826
203326553035
203326457692
203326994659
203325587416
203329430566
203326401733
203327261797
203328033580
203326183599
203323692923
203327327182
203329605880
203330424473
203326477138
203328816220
203327385116
203325080152
203327553459
203329281370
203326906477
203326592744
203330094556
203327125204
203327173615
203324682939
203330069841
203326787312
203331610336
203327228936
203328879640
203327066553
203325750898
203325994751
203323493848
203324353912
203326535359
203325577904
203326976668
203322966485
203330401723
203326015953
203328240062
203328923685
203328089782
203327457267
203327526699
203327258237
203327790024
203328067307
203326468577
203324217319
203329893632
203328553033
203323956501
203327788820
203329083185
203327670094
203326310782
203323820106
203329964453
203329167323
203323811958
203324604567
203329009725
203324145857
203326331984
203327482443
203328430976
203326323836
203328778836
203325707989
203323230261
203327533501
203327404661
203330942854
203327525353
203325926623
203327671799
203327859252
203330340533
203328372787
203330340062
203326403048
203327263112
203329421384
203326943656
203329098010
203323093668
203327975574
203332197338
203321696682
203328741980
203329841040
203328990860
203327208325
203328073798
203327133012
203323790145
203321299469
203327126519
203331847012
203327568143
203324772062
203330552557
203324991662
203323811347
203329539279
203329352294
203324266407
203325917111
203327315875
203323305692
203325012864
203327856483
203328209851
203323572830
203328428989
203327249136
203327748855
203328285822
203326878579
203329509814
203327692896
203325256423
203330256958
203328892240
203324295708
203326040884
203327438492
203330073265
203325372029
203329526459
203328676279
203328571928
203328844622
203328849126
203330792996
203324485064
203327888411
203324605882
203328697481
203325047506
203328155549
203326047196
203323569468
203325314644
203330170803
203328357716
203321745770
203325380029
203324795238
203320267732
203327826522
203325335846
203327673114
203324257648
203326037522
203327307116
203327282863
203329028039
203326609583
203325178051
203325459165
203322735786
203328508633
203323981127
203330301776
203328290499
203327523573
203327472219
203325247664
203330602096
203327666807
203328961257
203328478077
203325111269
203324170483
203326449181
203325103121
203325895730
203329236363
203325437020
203329136761
203325510114
203328266485
203330204237
203328276099
203326999152
203324521424
203328824664
203328695824
203329333519
203328816516
203327217786
203328962962
203325722941
203327065237
203321872953
203330083573
203327694211
203326380091
203329915996
203328234819
203323763501
203324384831
203329266737
203331448184
203329183829
203328608162
203330829986
203327941788
203325586348
203327129725
203328424175
203331414381
203322590632
203328417682
203327476896
203325653851
203327357849
203330083298
203322084977
203325775704
203328504610
203330350436
203322352115
203325675053
203326028421
203324596855
203326304027
203327547205
203329418600
203324863993
203322373317
203328540299
203325798372
203323074993
203325944818
203328752497
203326065510
203324466780
203327862780
203327891835
203325586871
203327332047
203328729655
203331364428
203326663192
203326667696
203325368722
203326788388
203329348932
203325909330
203329575570
203325776227
203327735655
203325897045
203328605692
203326338669
203325199512
203327338359
203324860631
203324433919
203329082117
203327483387
203323036933
203326671192
203326086401
203321558895
203329121516
203326627009
203328964277
203328539340
203327328685
203328466770
203322760412
203322537911
203327506055
203326469214
203326750328
203324026949
203327773193
203325272290
203326515468
203329102263
203327468932
203326072001
203326353115
203326570762
203326063853
203326251306
203327111370
203327791270
203325461646
203327740344
203326955331
203328575731
203326085055
203328385107
203326094669
203326801277
203325635959
203329048794
203328685427
203328178518
203327929700
203329226035
203328002794
203325525066
203332089886
203326284025
203328695281
203327014104
203328356400
203323164116
203322223330
203330227469
203327671254
203329193082
203329536209
203325054664
203328458011
203328947637
203330977523
203329997420
203326248537
203329538710
203326256181
203326877511
203328120689
203329481422
203328851570
203322946801
203328623114
203328768059
203324773126
203326518302
203328169006
203323376140
203325040264
203326452709
203330108378
203323643278
203326966216
203326539504
203328190208
203328984028
203325061466
203329398560
203328486521
203323664480
203327508318
203327089535
203324366156
203326547603
203330043660
203327356673
203325757943
203329153943
203327529520
203326692322
203329070015
203327102269
203330232590
203326959460
203323727900
203326659885
203328079551
203329322729
203327200493
203330866733
203328299091
203320426164
203331874825
203329896855
203322252489
203326490675
203326803280
203328268907
203322519627
203325842565
203328774550
203330232220
203327741544
203327404665
203327353311
203326926599
203322540829
203322562537
203325965884
203326825948
203326552478
203324051575
203323829074
203328698100
203328636509
203326658539
203328099685
203327158471
203326573680
203325030591
203327015304
203328760095
203327363164
203326422378
203327861925
203327355016
203327542469
203328402533
203326857509
203329626525
203328773204
203328246494
203330134980
203327376218
203327145256
203327385832
203326878711
203326927122
203326613389
203327849281
203327145849
203330190598
203330517198
203327847525
203326816229
203328425368
203325748258
203328900285
203327087198
203326288866
203326015396
203323514493
203331518632
203329409222
203327860579
203329012944
203330849080
203330193683
203326036598
203328260707
203328944330
203326738274
203327477912
203327547344
203320765371
203327810669
203329972044
203330142733
203324237964
203327142487
203330618896
203322858834
203327134339
203327926948
203328953048
203326331427
203323840751
203329925319
203327265806
203322880036
203324625212
203329030370
203327532944
203325326888
203327591557
203326572229
203326344481
203328799481
203330114675
203328295582
203327554146
203325348090
203330257909
203326888585
203325947268
203328820683
203326761585
203328893777
203326416049
203331297955
203326423693
203325019063
203329965732
203330784325
203329118655
203323114313
203327996219
203329590254
203321717327
203324621850
203329861685
203323543652
203331688412
203328094443
203330948908
203323810790
203321320114
203327147164
203324745169
203327588788
203329239492
203327426405
203325012307
203323831992
203323853700
203327257047
203326895211
203325937756
203327336520
203323326337
203325033509
203326375805
203327949702
203327718740
203328449634
203327269781
203326321754
203327618089
203328422765
203329530459
203327552489
203325794391
203329207226
203328843859
203324316353
203328148672
203327459137
203330064367
203325392674
203331210792
203327928263
203328436419
203329296483
203324964419
203329369577
203324505709
203327909056
203324626527
203328834191
203325068151
203328702410
203326067841
203323590113
203327039421
203327764513
203328378361
203327580029
203325400674
203324815883
203328219104
203328240938
203329151742
203328500432
203326762900
203326058167
203324931558
203327303508
203330235493
203323453520
203325198696
203329175660
203322056534
203327025021
203328375803
203326478215
203325628035
203328433650
203327492864
203324149997
203321659321
203325921574
203329649494
203328759401
203325131914
203327313361
203325351514
203324171199
203325916375
203330191610
203328824107
203326618051
203325530759
203327863392
203325372716
203330266879
203328569703
203329586745
203328845309
203325195334
203329354164
203328179748
203327238431
203329869666
203328052748
203326133598
203321893598
203330136804
203327714856
203320932883
203327798344
203330077042
203325731881
203324405476
203329287382
203331468829
203329204474
203325913013
203331152848
203327962433
203321122239
203324965734
203329173398
203325407358
203322611277
203328438327
203324814432
203325674496
203327378494
203328717568
203322105622
203325739881
203325155090
203328558437
203324835634
203325695698
203326049066
203324617500
203326324672
203327567850
203329891077
203328521314
203326969435
203325537903
203325819017
203323095638
203328482540
203328715010
203328843652
203327085554
203327883425
203327912480
203325607516
203328080823
203328337997
203329130606
203326683837
203326688341
203325389367
203326809033
203329369577
203324428652
203326652761
203325796872
203327756300
203325869966
203328626337
203326359314
203329993573
203327359004
203324881276
203328798502
203329055676
203327504032
203331660646
203326691837
203326107046
203326082793
203325860292
203322232805
203329791595
203328054063
203327349330
203323017266
203328594671
203322558556
203324744683
203326489859
203328574656
203329675496
203328316184
203325825508
203327769378
203325946200
203325817360
203326092646
203329488646
203322950484
203325131931
203326271951
203330906686
203327717701
203328604524
203326642677
203326135556
203328367288
203326105700
203328802301
203326115314
203326388273
203329164782
203326663879
203327907057
203328199163
203330621493
203330235380
203326486497
203325545711
203331599250
203319712168
203329938929
203329980976
203327424761
203323184761
203329601037
203330248114
203322224046
203329089507
203331368205
203327023044
203327027548
203325728574
203329131921
203323425563
203325986107
203330186408
203329253596
203322413402
203326256897
203330464561
203326698521
203325291278
203327922513
203326105595
203323614919
203328669657
203327843239
203323396785
203325578232
203325851191
203328627700
203326126797
203326986861
203327340229
203328210853
203327688537
203327261825
203330401771
203322897763
203326301110
203326829066
203327110180
203324386801
203326568248
203329964248
203330695862
203325899393
203329174588
203326431853
203326712967
203326490466
203323207937
203326611158
203328129945
203323748545
203326680530
203328052598
203325574870
203325719815
203326444907
203328319736
203325022282
203327161129
203329917500
203322273134
203326921332
203325322602
203328289552
203328340938
203325863210
203325884918
203329288265
203329014795
203328787047
203327373956
203327151455
203323523968
203322583182
203325986529
203327422424
203324308429
203329896061
203323849719
203328817863
203329820072
203326679184
203329744759
203331032736
203323911216
203325051236
203327237363
203327108523
203327383809
203329211422
203325630485
203326423094
203327563114
203330467637
203326878154
203328528858
203328793849
203325917439
203327624611
203327396863
203327165901
203327406477
203326899356
203328550060
203329343880
203327601032
203329490326
203330070329
203330591549
203326559591
203326836874
203328446013
203321003331
203330691843
203330050239
203329533236
203327983776
203327889372
203331539277
203324188403
203327881224
203329033589
203328469152
203324087752
203327019737
203327217629
203324716726
203325959904
203329725551
203328658943
203320786016
203328764836
203331054824
203322612341
203324357517
203327163132
203327406985
203322879479
203326202417
203327947593
203328973693
203326869395
203324378719
203328012978
203327286451
203322900681
203329221330
203326325736
203327761631
203325347533
203328670471
203324188926
203327592273
203328996361
203327018391
203330083966
203327859411
203325368735
203325390443
203326909230
203328155917
203325896086
203326782230
203327781629
203324499100
203327902321
203328392073
203325039708
203329986377
203328121861
203326866033
203329886150
203327736070
203327505108
203326313445
203324642495
203330469545
203323564297
203328212495
203326613765
203330748786
203327514962
203327154373
203324484700
203324765814
203326108110
203327815282
203327447050
203326648718
203326375248
203323874345
203324505902
203328520870
203330327160
203324497754
203329644135
203329629627
203326396450
203327970347
203327739385
203327098126
203325202379
203326342399
203327638734
203328443410
203329969596
203327573134
203324696724
203328387451
203326612419
203327035942
203328169317
203328286800
203328640168
203327208602
203324717926
203327948908
203328457064
203327672051
203324985064
203329390222
203328410119
203325686740
203327951409
203330749337
203330526836
203327850754
203327894121
203329737176
203327060066
203325707942
203330136635
203327248437
203328495124
203328253939
203327980469
203325479566
203326775901
203328521077
203326783545
203325378915
203324952203
203326602907
203328001671
203323474165
203327811259
203329950106
203322077179
203324981702
203328458111
203323903504
203325648680
203328454295
203326792263
203324170642
203321679966
203325942219
203325105021
203329578036
203325669882
203328853140
203325372159
203324191844
203330117802
203327616899
203328860077
203326638696
203326131575
203327884037
203325393361
203325170860
203328309554
203326711355
203328964862
203325215979
203326681606
203326732992
203324255264
203327187249
203327912341
203326154243
203327727857
203329203711
203328696802
203320953528
203327818989
203329413024
203325752526
203324444620
203328288115
203328796271
203329800224
203325933658
203330160267
203328136813
203321142884
203324986379
203324567939
203325428003
203329062262
203325775863
203324835077
203327399273
203329106445
203328738213
203327939881
203325760526
203325175735
203325797065
203324856279
203330291816
203325788917
203325557955
203326418019
203325291410
203329911722
203328541959
203326261980
203325558548
203325391704
203328929897
203327384873
203328735655
203326838067
203325987887
203329083897
203327903582
203328327105
203330228761
203326281426
203329151251
203329119253
203326009089
203327673213
203329085658
203328963214
203324449297
203326673406
203329701282
203326977903
203325890611
203329293958
203330164731
203330014218
203329185284
203330141267
203329304069
203325555186
203329472412
203328539600
203329786287
203326339647
203327365747
203325880937
203322253450
203329812240
203328074708
203321292735
203323037911
203327894070
203328698117
203324765328
203329102422
203328595301
203329053724
203326272865
203325846153
203327790023
203321482091
203323760789
203328083426
203328887473
203322971129
203325152576
203325174284
203328577631
203327738346
203329710654
203326663322
203326156201
203323950145
203328918289
203325195486
203329551400
203326408918
203329185427
203326684524
203323034549
203330398834
203328002518
203330256025
203326507142
203331971134
203328024155
203319732813
203329959574
203329203504
203327445406
203329918713
203329050955
203329987965
203322244691
203329110152
203329490458
203327043689
203325735783
203325749219
203329152566
203323446208
203324788504
203327012613
203329427976
203322434047
203326277542
203325859102
203326719166
203327201264
203327943158
203325965188
203323635564
203329462614
203327256558
203329643766
203327051689
203325871836
203328477066
203326147442
203329623491
203329350021
203326849118
203327709182
203323377118
203329678583
203322918408
203326321755
203326849711
203326682867
203330035348
203328676036
203326185360
203328129230
203325920038
203326177212
203326452498
203329848498
203326511111
203323228582
203326631803
203330120656
203328344663
203328964376
203328073243
203325595515
203325740460
203326465552
203329633433
203329890607
203327167228
203327959837
203330224506
203326941977
203325343247
203331432430
203328768302
203326846349
203325905563
203329308910
203320072020
203325458922
203328656910
203327172100
203323544613
203325726060
203327138505
203322583898
203324329074
203326413871
203328373617
203326155399
203323664723
203329291747
203323785415
203326345959
203323931861
203327327861
203322773254
203325051952
203330763427
203329454650
203325651130
203326443739
203326465447
203323974771
203327378118
203326638294
203329948267
203325938084
203325241308
203328987552
203326486649
203330330487
203327700081
203328570705
203328786995
203324325712
203331034512
203330090974
203319534938
203326580236
203328679097
203331455606
203321023976
203330324100
203330070884
203326259245
203328004421
203330342118
203329720284
203324209048
203323567789
203326971136
203323248333
203324108397
203327040382
203327238274
203324737371
203325980549
203328303776
203326934013
203325382134
203327745283
203327160492
203322632986
203326323713
203325682454
203327256351
203324926727
203326223062
203328547721
203329648117
203329374647
203327162999
203327543305
203327511307
203325101040
203326065267
203326346381
203327782276
203324668281
203328691116
203324209571
203327612918
203331025753
203327039036
203330104611
203330579000
203324271068
203325411088
203327211201
203327468375
203325916731
203330544944
203327802274
203324519745
203327180125
203328412718
203329635826
203330095018
203328142506
203326886678
203327984463
203327756715
203327525753
203330837343
203328458391
203326987355
203328088195
203328233140
203324238207
203328865384
203330059465
203326919443
203324505345
203327828283
203321363183
203323544630
203327820135
203330752120
203328343628
203327017223
203324526547
203324548255
203327951602
203324518399
203329664780
203330574180
203323733986
203327577481
203325076578
203326319756
203325223024
203328619024
203328648079
203328140958
203329990241
203330745813
203324717369
203328040307
203326633064
203325265934
203327447381
203327929457
203328660813
203327229247
203324738571
203328372830
203330675894
203325440247
203328550803
203329861868
203328430764
203324398806
203328599107
203331326757
203320826101
203327871399
203329970260
203330840884
203328219263
203325728587
203327733976
203322027618
203328515769
203326255938
203328001114
203325500211
203324858952
203327040399
203324539496
203325399560
203327564766
203326623552
203327225885
203327271712
203330983823
203328225176
203324142283
203325002347
203328451655
203323924149
203327614876
203326973617
203326812908
203327606728
203327514225
203324844552
203325125666
203324903165
203327701093
203328834468
203330128833
203325170303
203327356430
203324865754
203328880722
203329655679
203324857606
203328437255
203329577275
203325191505
203328330199
203326732000
203329476624
203323735301
203326702251
203326753637
203324275909
203327207894
203327932986
203329074907
203328747303
203326972271
203328717447
203330764851
203328409411
203329000020
203326942993
203324465265
203328308760
203327890320
203332128506
203328890010
203328278518
203328157458
203330721654
203322323915
203324588584
203330886688
203327638052
203325796508
203329119446
203327419918
203324835793
203322345117
203328880336
203329412123
203328613791
203325817710
203325839418
203326037310
203325809562
203325578600
203331216824
203325025149
203326962759
203328361523
203326282625
203327903025
203325412349
203329255499
203326226666
203328817963
203326858712
203326008532
203329104542
203327152115
203327945935
203328738544
203326302071
203329951976
203329444855
203326029734
203329125744
203328484140
203325509510
203326417677
203330572107
203329721927
203325689969
203326491427
203329894774
203329916482
203325530712
203329467523
203327071207
203324715767
203325575831
203325819684
203323318781
203324615116
203326360292
203327386392
203329403364
203322791418
203326425677
203325840886
203321313380
203327634029
203327914715
203327282200
203324804472
203327083170
203327934349
203325433446
203326293510
203327655231
203328496665
203321502736
203323781434
203324927791
203328908118
203326568616
203326135715
203325194929
203326194328
203328871235
203329270897
203328712455
203326461466
203323970790
203326156917
203325216131
203331879057
203326148769
203325917807
203327516477
203323055194
203329720270
203326555762
203330767787
203325026464
203325751556
203328044800
203325567072
203331620611
203329224149
203329510510
203326227981
203328263434
203329779522
203326768589
203328110885
203322918601
203328234156
203325756428
203329464951
203329181483
203328042326
203324809149
203327033258
203329287569
203326957945
203323615078
203323107957
203332177851
203328929215
203329194217
203325985833
203329469823
203326800150
203323636280
203330171499
203330703286
203326699499
203327725599
203326240789
203323130625
203326821352
203326869763
203326084750
203323397763
203325214474
203327074069
203325224088
203328914815
203326703512
203329413576
203327517829
203326206005
203328149875
203330700728
203324120641
203326990466
203327263425
203326907823
203325512428
203328908428
203328937483
203328396861
203329105826
203329775303
203326800673
203324309997
203327713344
203326414370
203329253839
203327187873
203327980482
203327855684
203323394401
203327311627
203328362370
203326006930
203326866994
203325204962
203328384007
203320092665
203325479567
203328677555
203328529035
203324082581
203326987104
203327132049
203322604543
203328925192
203326434516
203328573363
203326095635
203323685368
203327319627
203323806060
203323583559
203328946394
203327348506
203322793899
203325072597
203326218954
203329475295
203327561116
203328303010
203326325040
203323995416
203327398763
203326658939
203327109501
203329061296
203325261953
203328836918
203325335047
203322857319
203329709873
203327208970
203328807640
203324346357
203330038435
203327846925
203319555583
203329879595
203327042719
203329224166
203327531429
203326890170
203329048442
203326279890
203327519144
203327329673
203329740929
203326870963
203323588434
203324209764
203323268978
203328704515
203329673017
203328433095
203325955367
203326100312
203328324421
203326954658
203328249108
203327765928
203323804403
203330584358
203327301829
203325703099
203327276996
203329128154
203328091313
203326316281
203329668762
203329395292
203325818774
203327563950
203327531952
203324421788
203326085912
203327498357
203327375913
203324688926
203326505637
203328365232
203326515251
203324024575
203328286828
203328577430
203330197830
203324291713
203327687713
203327716768
203325411804
203327885111
203328554588
203328198986
203326803591
203327200770
203330228646
203327737970
203326998146
203328743322
203329400503
203325601160
203327560588
203327705533
203329323102
203328479036
203327008000
203329146847
203324685564
203324258852
203327893111
203319894790
203323298137
203326496125
203327300172
203321383828
203323565275
203326961275
203329820198
203328364273
203327056367
203328450313
203324568900
203322362844
203327330988
203323608185
203330271111
203323754631
203327598126
203325097223
203324874722
203329743748
203327293865
203328588315
203328105135
203327520344
203330766458
203326076239
203324477509
203327616203
203325286579
203327468026
203327950102
203328400664
203328023196
203327522851
203327903157
203326626210
203324148482
203328873727
203328510360
203328003451
203324419451
203329050968
203329731399
203320846746
203330446077
203328894929
203330515329
203328822592
203328181333
203327754621
203322048263
203329471016
203326276583
203329018015
203328132846
203324879597
203327061044
203324560141
203327464664
203330454870
203328502358
203327246530
203330039107
203330295998
203328245821
203324162928
203329057091
203325095566
203328448047
203328225546
203324598059
203329129206
203329977494
203328492684
203324865197
203328188135
203324923810
203323904482
203327973278
203329128072
203329998696
203327377075
203324886399
203330054381
203328311454
203324878251
203328457900
203330076018
203324093838
203326372536
203328637205
203331499220
203323755946
203328978876
203329007931
203328500810
203329176274
203328235488
203330265374
203327934233
203326561892
203331530036
203327807233
203328289309
203329020665
203330691666
203327469341
203324826570
203327910965
203330614265
203322077422
203328299163
203329041867
203324758658
203322344560
203325667498
203321185953
203324589300
203330330112
203328591335
203329161799
203324856438
203322365762
203322387470
203325790817
203325050993
203328360966
203325860063
203323654007
203327400251
203324899348
203331460052
203325045794
203326983404
203328382168
203325980173
203329813011
203328585028
203324502135
203326247311
203328216445
203329868305
203327367402
203325768672
203327172760
203327966580
203328598137
203329740058
203332238640
203325263017
203326970189
203329194320
203328504785
203325530155
203326438322
203329206461
203329294614
203325710614
203330342131
203328797107
203326641162
203325551357
203325573191
203327091852
203324736412
203324095153
203325840329
203323339426
203324635761
203327567746
203328574695
203329424009
203326507913
203326446322
203325861531
203328755827
203328769263
203326563207
203327302845
203324825117
203327103815
203327954994
203325454091
203329890997
203326947776
203328517310
203329516709
203322683767
203324948436
203329421451
203327523863
203326156360
203329479298
203326214973
203325195645
203322704969
203329025618
203330410664
203329805049
203326177562
203327416490
203326397162
203326169414
203325938452
203329939608
203325385001
203327663699
203326576407
203330884498
203325047109
203325772201
203329615351
203326586518
203329989865
203326240982
203329531155
203326248626
203327853055
203329800167
203329098396
203328131530
203322939246
203329804707
203328760504
203326117733
203326430338
203329686618
203322146685
203329191983
203328428709
203326049821
203323635723
203323128602
203331279484
203326553657
203322167887
203329213185
203325075619
203326453006
203323656925
203323678633
203325860080
203326342156
203327746244
203329763216
203323151270
203326785529
203326200738
203326105395
203327543673
203325235119
203327094714
203325244733
203327443022
203328294201
203325793298
203327538474
203328015083
203329253583
203330560515
203324141286
203328463923
203327284070
203326928468
203327632378
203328929073
203326554180
203328261352
203329126471
203329383645
203326821318
203324330642
203327733989
203326435015
203329274484
203329396522
203328261340
203322554982
203323415046
203326864354
203326915614
203326027575
203325386316
203325225607
203328404652
203325926924
203329844150
203329584532
203328549680
203326587833
203327007749
203327152694
203327128441
203326905940
203323278453
203328594008
203326116280
203328394978
203326849954
203328200736
203323604204
203328238939
203329647421
203327317797
203323974930
203323467809
203326871156
203328815026
203328584334
203326345685
203327138294
203327160002
203323996132
203327130146
203330016543
203328417813
203327567633
203325355692
203322877964
203327181204
203327229615
203329938388
203329847949
203325574326
203327433921
203329401196
203329274667
203327063364
203329244811
203326050751
203326910815
203327532145
203326591359
203327539789
203320757816
203327623277
203331026624
203328051994
203324230409
203330277039
203331293762
203327010553
203327126784
203330977781
203323437848
203320947172
203326774222
203329613691
203329735729
203323825048
203330345723
203324639365
203323459050
203328867685
203326366782
203327744169
203325564814
203328968161
203327151243
203324660567
203329037407
203327857554
203324442433
203327346956
203326896839
203327396558
203326754030
203326526282
203328385877
203326535896
203324045220
203327679479
203328539943
203323943411
203327727799
203327708358
203327737413
203325432449
203327905756
203328575233
203328219631
203326945041
203328496829
203327477501
203327758615
203327018791
203324253585
203329076609
203325621805
203327581233
203325694899
203323217171
203326620518
203326347048
203323846145
203324706209
203326067930
203327913756
203319915435
203323318782
203326516770
203326368250
203327891281
203325685225
203326981920
203326930566
203327878996
203327077012
203329832695
203328419604
203322383489
203324569616
203323628830
203330291756
203328468072
203328141117
203327200331
203324895367
203327799890
203327314510
203328608960
203328125780
203324164255
203324956864
203326096884
203324498154
203327636848
203327923209
203328451165
203326676133
203328192221
203328043841
203327741832
203327923802
203326646855
203324169127
203327877650
203328531005
203328024096
203328211549
203326865489
203328725084
203325370644
203330565830
203321520656
203329763862
203327341914
203328067006
203327605239
203327882522
203329491661
203322048979
203328914440
203330193337
203329343157
203327560622
203329963037
203327485309
203325234051
203323635321
203330079237
203331915373
203322238335
203328065385
203329682954
203327327514
203325116211
203329731001
203325930528
203324618704
203328252963
203327668172
203323657989
203325403165
203325676124
203328452633
203323925127
203327321127
203329148717
203329893947
203327416219
203328188002
203330155277
203322722696
203326126043
203330266978
203330630963
203324114483
203326393181
203327539538
203325234574
203325724326
203328999521
203329028576
203328521455
203326315399
203330989856
203326436091
203324837361
203326582537
203326941734
203327827878
203325399803
203325544748
203328383048
203328081039
203324847215
203326986062
203324508334
203322098067
203325732326
203325147535
203324779303
203327359093
203325688143
203321206598
203324609945
203328373374
203327659413
203329182444
203326976388
203326961880
203322408115
203325811462
203325071638
203328860930
203328492698
203323674652
203327420896
203324919993
203327824516
203329566518
203331538826
203325719704
203326000818
203329091053
203328605673
203324522780
203328785033
203325455418
203326248027
203327388047
203325789317
203329220095
203325862411
203328618782
203325742372
203329433099
203325283662
203326990834
203328333130
203327826221
203329685816
203328873738
203328895572
203329315259
203328058793
203327417534
203326384524
203326661807
203328270946
203322811819
203328997057
203329875172
203324115798
203328896402
203329183912
203330782824
203328105714
203328595340
203330625226
203328294085
203326921744
203327482022
203328776472
203326525214
203324926484
203331370400
203327829193
203324918336
203328270817
203330974117
203322437274
203326128001
203327816709
203329537354
203322704412
203326027350
203328364273
203324949152
203326694328
203326967287
203327837911
203325216290
203322725614
203329046263
203326150669
203325410845
203326297115
203329104794
203324013859
203326195306
203328215077
203329960253
203325405646
203327684344
203327177223
203326340025
203327015489
203327980850
203325721019
203326607163
203327606562
203326261627
203327727254
203326128524
203327873700
203328232897
203327946794
203325469066
203327535364
203329674211
203321900192
203326138378
203326450983
203330458672
203322167330
203325490268
203326438698
203326070466
203330143176
203326979306
203327001014
203326574302
203322188532
203329623770
203325096264
203322890208
203326200181
203323699278
203325880725
203326362801
203328557500
203329299267
203326867765
203326806174
203326221383
203329115679
203327564318
203326923059
203326416150
203326603603
203327463667
203328314846
203325813943
203329587607
203327307628
203328928028
203326437352
203328737404
203328430521
203327153574
203326792959
203327033535
203329477958
203326574825
203328281997
203327496984
203328355091
203325877363
203330164901
203326636322
203327776342
203329349956
203328708697
203327675687
203322575627
203329562109
203326884999
203326936259
203329961568
203325406961
203328320057
203328660647
203332640155
203330349717
203326600834
203329891007
203326608478
203326385977
203328472986
203328411395
203326926585
203323299098
203329619747
203329120356
203326477585
203326790190
203330193537
203322506537
203325909884
203328788561
203329640949
203323995575
203323488454
203326891801
203326913509
203322527739
203326883653
203328678073
203327180647
203324016777
203329942735
203326219932
203326702008
203327588278
203330395957
203327708970
203327201849
203324995793
203329905612
203326536288
203325594971
203327454566
203327631188
203328541480
203324080197
203327012182
203326071396
203329675026
203327552790
203331219030
203328933301
203320778461
203327643922
203329237957
203326760229
203324269553
203330096603
203323191355
203327031198
203326267924
203331968755
203323458493
203320967817
203326794867
203324392872
203329067329
203327052400
203322914834
203324660010
203323479695
203328888330
203326387427
203324181371
203325585459
203328988806
203327010836
203324681212
203329848663
203328909532
203325382888
203327367601
203326917484
203329743520
203326774675
203328070468
203327707313
203327200192
203328754830
203327209806
203328560588
203323964056
203328598791
203330487277
203327728515
203327535557
203329721684
203327231008
203328084122
203326965686
203327222860
203327498146
203330542895
203327556759
203324274230
203327168526
203328777665
203326100555
203325715544
203323237816
203326641163
203326367693
203323866790
203331440161
203331112557
203328212876
203330847235
203330348088
203329611220
203326388895
203326410603
203325705870
203327891997
203326951211
203327899641
203321117668
203327438317
203328823363
203328217748
203324590261
203330636891
203331653614
203327370405
203327486636
203327459519
203323797700
203321307024
203324710371
203329297197
203329263226
203324184900
203324977509
203324999217
203323818902
203327662740
203327943854
203328471810
203326265754
203328212866
203327511095
203325020419
203330187870
203327683942
203330993915
203327898295
203324843037
203329223966
203327113882
203326886134
203328745729
203330311189
203329832643
203321541301
203329784507
203327362559
203320580586
203327625884
203329724745
203327874764
203322069624
203326957702
203330213982
203327304893
203325560716
203330507385
203331301205
203325254696
203323655966
203329436461
203327081021
203322258980
203328086030
203325684035
203326980370
203326706900
203324205997
203325951173
203326427782
203328273608
203327688817
203323678634
203326876622
203325696769
203328301999
203325972375
203327341772
203329174954
203326674051
203327436864
203328208647
203329162570
203322743341
203326146688
203329559523
203328491355
203328827924
203328500969
203327560183
203325255219
203325744971
203329904918
203330264115
203328826720
203326336044
203325316716
203326456736
203324858006
203328169596
203326962379
203329186488
203325420448
203325565393
203328225773
203328101684
203327391718
203327006707
203324528979
203327932326
203325752971
203325168180
203328571401
203328593235
203329504039
203325730496
203329133843
203321880508
203325283855
203327701766
203326997033
203327965091
203325550993
203328946993
203322408831
203328729480
203328728100
