0
692200667337
692199832938
692203620580
692202566084
692201149764
692203967149
692198408252
692192399784
692196026681
692199086164
692202353915
692201988620
692199176271
692197778355
692205378951
692202155684
692203838698
692203695409
692198423386
692203195473
692200505074
692204857934
692204710684
692201792559
692202181677
692196972712
692200599609
692201808895
692196492870
692202612280
692201386764
692201339275
692203085109
692205046082
692198788346
692199807499
692203856412
692200716781
692200256954
692203373258
692199122345
692201756570
692200523410
692202566621
692204446713
692198459882
692200053790
692198910176
692203187979
692202625827
692194334616
692201935212
692203361274
692200394959
692203923452
692202331733
692205074649
692202481669
692203017381
692202490422
692204084330
692204356527
692203511183
692203304623
692202822838
692193049131
692199168541
692197943025
692197895536
692199641370
692202674726
692197465761
692201092658
692201012545
692200612773
692198541729
692202422064
692203015895
692204503668
692197600370
692203126641
692201002974
692195016143
692196610051
692196882248
692200669890
692202030036
692202249619
692201016459
692202165169
692205798981
692202435098
692199726275
692201955213
692199037930
692199573642
692202633125
692201655330
692203854323
692200888008
692202107450
692205782758
692200244783
692205749877
692201907244
692202458496
692201149613
692199230987
692194022022
692197648919
692203022494
692193542180
692201540654
692198436074
692202168057
692203131016
692204406416
692205714203
692198315862
692200621759
692202086991
692201125522
692199368992
692198586297
692198805880
692197572720
692203968243
692202466614
692204434541
692197103100
692199332038
692203064021
692204861590
692204707347
692200162268
692200410584
692197444269
692200972762
692202339019
692202448262
692203231788
692200066691
692203126174
692201133640
692203362578
692205708813
692203125859
692205671895
692190098441
692201684505
692194992335
692201592552
692199687277
692202859592
692201162777
692203539151
692198061855
692197662083
692200143543
692205345820
692201777271
692201552978
692201792885
692200524504
692200463859
692201059149
692193659361
692195888299
692199862041
692201654289
692201263608
692198178499
692206756686
692202921209
692204756263
692205677660
692199004523
692201380897
692196622952
692199682435
692198704640
692202580815
692203892581
692200722224
692206294007
692202306645
692204434969
692201798381
692203871857
692198198923
692199415853
692197719038
692200095412
692206075693
692194218344
692200660168
692199618148
692202085601
692200180326
692202492763
692202763513
692203211636
692197671069
692199136301
692199752757
692196418302
692199094887
692202800160
692203988781
692203312947
692199718616
692201312524
692202233921
692196381348
692200113331
692206412608
692200650061
692201522766
692204107600
692203222098
692199118285
692203709229
692203418275
692200991230
692200784670
692200428118
692206142659
692200411888
692195095863
692198827846
692203039552
692201024390
692207182335
692196174409
692198641862
692196736587
692205619398
692198212087
692200588461
692204320444
692201642519
692205196399
692199126403
692204700001
692206241770
692202928694
692200794858
692196438303
692200065200
692205827995
692192937609
692202242627
692199587936
692197206322
692202618469
692203892702
692205201250
692201805573
692201620374
692204361618
692199254644
692199785648
692205300141
692202698920
692199634201
692191652124
692197771534
692203343317
692199355955
692201484279
692201222060
692205009702
692199800737
692206876112
692194768348
692197144722
692204556470
692201618888
692201752660
692203346568
692202429662
692202798031
692202612832
692205514819
692205308259
692203727287
692202135568
692199743655
692199619452
692196144197
692203744793
692201038091
692201961292
692196931352
692198361834
692198176635
692204564514
692204107611
692203707839
692197699371
692201431354
692201156910
692203968279
692196167595
692200758539
692200978122
692198040540
692197833980
692202874611
692203679889
692205392174
692192145173
692195877156
692201729911
692204903814
692204231645
692204046446
692198985923
692199409951
692202668708
692202812555
692202188823
692200283548
692198691829
692202479471
692196175713
692206875787
692201272299
692203105881
692205335340
692193487613
692197114510
692203764794
692201120775
692201060130
692200264100
692194255632
692203737108
692200942012
692202250560
692203844468
692198669684
692202401667
692203716825
692196834958
692202511547
692201040568
692201948435
692188701434
692203610337
692198978615
692203177086
692200245655
692203977638
692203367660
692202700224
692199798336
692200125443
692203315175
692204476340
692200012124
692200876882
692200395878
692208103431
692202844399
692199662142
692201891601
692202681872
692200776597
692200978193
692203359784
692204799331
692207070146
692201765348
692200349028
692198726639
692200766024
692200808327
692195225945
692203909218
692201553179
692204105210
692201396387
692203877847
692203205678
692204935440
692204337517
692198383984
692202010881
692196801916
692200954861
692199923921
692200697469
692196354597
692204025862
692199871436
692199471664
692201953124
692195692134
692199424117
692206489274
692203154819
692205115201
692201847195
692199238133
692197332858
692197697880
692199916045
692201184732
692204916715
692198321609
692200955834
692199722674
692204786737
692204772546
692200814104
692201391129
692198109440
692200661471
692197952648
692202743159
692199219688
692202531805
692200893778
692201832380
692204388423
692205982331
692204894376
692199560857
692202910926
692200318816
692200870068
692206537295
692196027925
692203510066
692192248395
692204222391
692204710171
692199952226
692196847646
692206195439
692205874304
692205919976
692204249686
692202213351
692197740993
692205056305
692199893709
692203879736
692198940911
692201342998
692203394302
692198190929
692200878186
692204949577
692203596183
692205743978
692201448883
692195775949
692203212517
692197857637
692198388641
692201000343
692202552436
692201154520
692198445697
692200927157
692201946310
692203024854
692205649333
692201504865
692203881239
692198786866
692203386350
692205022130
692196671913
692193403907
692203358293
692202430565
692199869035
692205988445
692192741444
692196473427
692203018625
692205500085
692202164511
692201612333
692204470544
692200006222
692194747190
692203408826
692199526380
692202380352
692202319707
692198005144
692196771984
692201836047
692203429955
692202286341
692202904112
692200034347
692197710781
692195001958
692199792469
692201688338
692199581115
692204061182
692198881690
692202613673
692203031641
692204848337
692202650635
692207732692
692200209953
692206146468
692203182305
692196425296
692202544706
692189297705
692201271701
692199574886
692197164962
692198886541
692203851342
692202923614
692203988938
692206470398
692201623208
692196082641
692202105615
692200976535
692202002765
692200992149
692198392308
692199986216
692200258413
692204046055
692201998887
692200645493
692201737890
692205469873
692206474312
692200261827
692203102440
692195437951
692202414095
692199643561
692201404598
692202423751
692205729937
692200375057
692204162699
692202698643
692203620948
692203816854
692201505909
692203022455
692206968224
692193721223
692197398187
692200407603
692199479875
692196918345
692204676316
692199000033
692202880284
692200067935
692202549395
692199379590
692201692027
692205400053
692203703238
692202930356
692202745157
692198555148
692202182045
692198294151
692203643384
692203030573
692205331635
692200479265
692202708203
692203410130
692200342473
692200031946
692202402502
692203786749
692200722030
692203337047
692201110492
692202129645
692200373115
692203128076
692201897647
692202428651
692201607917
692206578602
692207506966
692200231615
692193474606
692202238816
692195556294
692199436545
692196624196
692204947973
692195935851
692204491453
692202586178
692201024404
692203519708
692206980303
692207008590
692203574929
692202158609
692203900669
692202127958
692203792535
692197035526
692199264464
692203238206
692203341398
692196588207
692198787200
692202519183
692206297374
692202991416
692206779058
692202380688
692205581499
692202764442
692198453908
692198984912
692198164178
692203190522
692204098389
692202055913
692202817740
692197501715
692198555219
692202450628
692205205546
692204477510
692201095203
692201047714
692199142439
692197594509
692201725626
692202994313
692199929594
692200131190
692202765415
692201532255
692205784937
692206706081
692200752548
692203128922
692199794467
692202471052
692201876155
692195343461
692206361274
692203094781
692203960134
692204932297
692199757513
692203489496
692200780673
692197081256
692204514006
692202128397
692202679649
692200923119
692200140424
692202859893
692194057976
692200177386
692202256685
692199477961
692198657227
692198472028
692202204011
692201111796
692195076420
692202151795
692199550574
692196485855
692198423696
692205717554
692199103255
692204069712
692203262342
692198073714
692201861356
692202502568
692205197067
692206579502
692203258464
692202025304
692199814468
692206037128
692201896156
692196313774
692205553868
692202964101
692193637517
692201070267
692202664175
692204293507
692203162128
692205101625
692199471813
692202630809
692202874417
692198812946
692196034222
692195213488
692195028289
692201147699
692199105223
692201882466
692194551025
692198283008
692199499938
692203176902
692202819158
692198144513
692202519951
692200226201
692194685634
692204545926
692201003874
692205446708
692203906330
692199814725
692198581565
692202749180
692203678151
692205511733
692203119820
692202995617
692199520362
692200443563
692199040477
692205159887
692200307517
692199718389
692201981607
692197631260
692203626844
692204317640
692201075536
692204807519
692203157224
692204264265
692197972429
692201856818
692201625448
692191107286
692201210145
692202236375
692205191207
692200373708
692195521338
692199253321
692205106076
692202204188
692203421118
692202402911
692202362088
692202786116
692203812346
692196152565
692201533349
692202338797
692202067994
692205038975
692199551878
692202246377
692201620675
692204600975
692202536712
692196863778
692204171200
692198945466
692194187521
692203317058
692200873901
692197631797
692199533526
692199713485
692204305809
692200211438
692202150935
692201751163
692203315490
692200211123
692204983210
692202292811
692198834608
692192077599
692202092332
692202354780
692198760449
692199977379
692204367451
692203876994
692205161852
692201189171
692203127012
692203046899
692205583296
692200576083
692201595236
692202012125
692202593667
692198232595
692205160995
692199092973
692199798490
692200727461
692203361686
692205219711
692200247619
692201122176
692202113724
692196089787
692202531611
692204142189
692196767699
692203491579
692198307424
692204427120
692197807488
692204238232
692202969851
692205511319
692201376944
692205872067
692199836691
692204048397
692203808539
692200923712
692202065801
692203282731
692197745432
692199683273
692201429107
692202847829
692199253498
692199068299
692202800282
692201149987
692204771066
692205289718
692203937539
692202614298
692199388107
692201074045
692201997246
692196803880
692198397788
692198669985
692202457627
692203098839
692199184943
692202916926
692203854735
692204767294
692201485605
692200263489
692200794493
692199526112
692203410501
692201462886
692203989344
692202756184
692200163204
692200364800
692198300537
692202032520
692205576482
692203222372
692200986158
692199409217
692199404090
692195809759
692195624560
692204810231
692197706248
692203328391
692200223811
692205410079
692200096209
692206194153
692204736132
692200103599
692202409496
692199642977
692195281905
692201156729
692200374034
692195741204
692203700414
692200410996
692202490295
692200923783
692198890837
692198810724
692203490331
692203591888
692205797779
692201233802
692200711614
692196719465
692203831490
692194856798
692201287542
692200019161
692203751144
692204913911
692202921377
692196886001
692205430677
692202163031
692201422151
692200233277
692200048078
692196780072
692202129766
692205806730
692204647329
692201292393
692196117609
692199849592
692198199297
692201931280
692205706445
692204988498
692199705423
692200256675
692198123355
692199046556
692202129620
692195447098
692197676036
692201381309
692200148149
692196234253
692199966236
692206511434
692204708946
692203410512
692205135132
692197843803
692196575422
692200459811
692201470172
692204829603
692202257855
692202780909
692199644942
692199643048
692205432173
692202982790
692203586118
692200807181
692204539164
692201203590
692198256252
692192673870
692206047363
692194755558
692200541127
692201405885
692202622815
692205101021
692198357563
692201785442
692200223668
692199458806
692200924038
692201540494
692198206039
692198145394
692192790514
692201473787
692203067695
692201669779
692200394761
692201868502
692195860034
692205769681
692202546414
692202437798
692205448870
692198814116
692205009835
692200906022
692204045956
692205799916
692202183289
692202572407
692197363442
692202775589
692202199625
692196883600
692203003010
692206398620
692200432962
692197097388
692197962146
692199179076
692201657282
692204669905
692198341703
692202376198
692203817008
692203430256
692204539419
692200914140
692206487738
692204217411
692198850612
692202582595
692198226040
692201931313
692205043941
692194725346
692202325942
692198638443
692198994059
692203960516
692203560744
692205543761
692199781214
692203408111
692202881152
692207660229
692204098195
692201327661
692201878913
692200122383
692193439861
692199559271
692205273812
692202977231
692200032100
692200961071
692197856491
692201588474
692201403275
692195305562
692198932459
692202812710
692200000361
692203540397
692199312016
692204217399
692200773672
692195406873
692205482458
692197272978
692201060620
692203923305
692201531392
692201407189
692195194704
692204282007
692202825828
692200117005
692198719089
692196337475
692199964372
692202163365
692203086566
692203186525
692199487108
692202498180
692202944647
692204410845
692197955332
692201830073
692202361077
692199828277
692199621717
692194412752
692205430565
692200615432
692193932910
692201931384
692202959568
692197482272
692202207286
692204797146
692200773660
692198706592
692201012489
692202038719
692201516252
692199759722
692200479566
692201696496
692197963450
692205547241
692201266721
692204128713
692206576875
692195275350
692202875946
692202397573
692198719626
692199642827
692200801314
692196043369
692204565765
692202729749
692202838992
692196830524
692200457421
692203516904
692205504562
692206055814
692201218798
692203516589
692197171693
692190489171
692202075235
692199515829
692202854126
692202033392
692201953279
692200861064
692204034967
692198452585
692201913180
692203130110
692199862020
692197091486
692201943708
692202183615
692204893563
692197822982
692201449879
692202531768
692202733364
692200252771
692198953834
692201654338
692205401469
692205114640
692203311939
692202136765
692200514376
692199395253
692193386785
692197013682
692200073165
692203340916
692202975621
692201933601
692202952754
692202847978
692203142685
692204825699
692200171721
692199410387
692198589653
692201492075
692198109768
692202481388
692202779560
692197927190
692201659173
692200008878
692201179288
692197479871
692202446328
692207632596
692203602366
692198061799
692199088029
692199775347
692196809032
692199485617
692201703782
692201957730
692202596551
692200109346
692202743571
692201510411
692205648081
692206077096
692199446883
692201040791
692199897177
692203279753
692198489862
692199509015
692201007425
692201251033
692201381960
692203074774
692203318734
692205064568
692203468670
692201348594
692202625239
692201240460
692194483451
692204498184
692196565139
692202327343
692194036132
692199002589
692198602817
692201084277
692200628371
692202033249
692205587129
692206457190
692201672337
692204001088
692199528730
692204488982
692196829033
692204788243
692200486745
692202204342
692202633357
692196003144
692197597052
692203009199
692203799732
692205591980
692202321631
692197563686
692197807294
692199645374
692200176378
692200713276
692203089650
692200024931
692198982911
692200002064
692203734047
692204812591
692201875009
692202042079
692205668976
692199324080
692203923564
692195159078
692198459650
692202136614
692203353544
692202143390
692203013451
692198228598
692194529181
692204744490
692203555839
692205777371
692201344504
692202526298
692200134385
692201793959
692196534927
692203073992
692202112523
692200355993
692197322082
692199792881
692198559721
692201590795
692204498341
692205421542
692198090101
692201822084
692201547640
692195539172
692196558325
692201149269
692201368852
692198431270
692200124084
692205260587
692201007282
692200706389
692202950408
692203212856
692202120641
692205443109
692204299877
692202703665
692199376653
692191085442
692203059438
692200112100
692198952699
692200674278
692199082559
692202149778
692204526152
692207266517
692205585704
692199293868
692203893352
692193878343
692202539979
692202779886
692198147056
692201450860
692202046150
692194646362
692203329635
692200849042
692202641290
692204520380
692199165500
692202049564
692202440896
692197225688
692202902277
692201431298
692197262650
692204211488
692202425013
692202162794
692203567816
692201676702
692203549025
692207281008
692201500331
692203828003
692200516173
692195508960
692199185924
692200402854
692198706039
692201082413
692205629142
692205159347
692204668021
692200605149
692203072602
692201167327
692203479764
692203750514
692203019142
692198658070
692200123302
692200342885
692197405303
692200081888
692203787161
692204648573
692198640105
692200869043
692202186889
692201787117
692204268577
692203596408
692204190239
692198981274
692198774714
692200743678
692198232963
692200105286
692203395326
692198056592
692201844234
692203671045
692200262166
692203275114
692206464846
692196082864
692199814847
692204026553
692202011391
692201224282
692197161410
692199628863
692197723588
692205028667
692199199088
692200763415
692205307445
692202629520
692206183400
692200113404
692203632840
692205163276
692201204834
692195196366
692197425304
692201052201
692198343378
692204174395
692199610418
692200574937
692201569690
692203605470
692204779153
692199490206
692201219968
692199951587
692203301656
692200241645
692200772649
692204566984
692204978259
692203021107
692192639125
692200598335
692199289452
692200342956
692204183346
692204164094
692205881691
692201632417
692201584928
692195755349
692198131723
692203513363
692203622606
692201717331
692199331641
692201733728
692203319992
692203599833
692207243295
692201256464
692204107147
692201582204
692200730656
692196166679
692197131198
692204731794
692205045944
692201391073
692197918353
692199236199
692198836427
692201317887
692205813963
692205287004
692201178904
692201895595
692202143911
692199177596
692197154596
692195845713
692197062643
692200739607
692200720355
692196632868
692200259765
692206379175
692193132174
692196864157
692203409355
692200178867
692198273592
692200858426
692199972924
692200396952
692205857449
692203799556
692197812725
692200663408
692199678830
692203466472
692197162714
692202226777
692203813041
692201602205
692203294842
692194474614
692198101511
692195392688
692201834512
692202370224
692202858004
692202996935
692206174525
692203157379
692204904032
692201259550
692203041365
692204662154
692200600683
692197821959
692193189129
692196816026
692202935436
692189688435
692203670203
692196338762
692197555692
692201232656
692204964639
692204354661
692198681727
692205911281
692201112444
692196473371
692202496345
692202791611
692202165574
692201351475
692198783038
692200369302
692200649143
692202878602
692202389617
692201156457
692202128620
692198570869
692207606437
692199577691
692203493170
692202095254
692199713640
692203769344
692201795328
692205244844
692204938034
692202863273
692205798412
692202383388
692204864848
692201331497
692196494481
692203413185
692192895023
692194111953
692197788917
692203792742
692193682178
692197309075
692203959359
692205012863
692200858437
692200458665
692202940125
692204149825
692197907736
692204349560
692204093968
692203321086
692203135887
692198945878
692197712718
692198684881
692200430715
692203464071
692206329961
692200975081
692198651515
692203371651
692200733203
692205759547
692201801105
692204177479
692199419534
692200070740
692198939649
692205268921
692200206689
692203518806
692202288377
692202819381
692201945800
692204594963
692205881377
692190238439
692193865336
692200515620
692202891994
692199827275
692197014926
692204497067
692203217606
692204882183
692202976908
692201102653
692204834636
692204809460
692200467651
692201932883
692202549339
692199214884
692200020332
692204986789
692200880710
692201586227
692199927912
692202329999
692205030503
692199177930
692200923764
692204655747
692196627001
692204319348
692202771418
692196762950
692201914867
692198844638
692199375642
692199595225
692203581252
692204757588
692199432698
692201914158
692197892445
692201624428
692203791494
692202491866
692201460926
692199773867
692201438444
692199533169
692197658914
692201008669
692203385043
692200320324
692200856036
692206637141
692201922985
692205308280
692207448275
692201143278
692203151512
692199234885
692202861782
692203784983
692195734191
692197480025
692200513381
692203379271
692204886576
692200253329
692206968264
692202823048
692204416956
692203273342
692202051226
692201866027
692201313849
692195988959
692202430783
692194448706
692200568116
692200651386
692199868691
692200088274
692198967844
692206001404
692202939692
692201523372
692197564930
692199941304
692196876585
692197412297
692204549242
692199493985
692204460442
692204004536
692198151963
692201883946
692201858770
692205048502
692203068692
692202540237
692201430714
692197069642
692203092616
692203862910
692197528941
692199727934
692199379309
692200973217
692201460997
692196866478
692200598461
692203552858
692205379625
692199862543
692199925646
692198964177
692197207647
692196424952
692196644535
692200630562
692201806898
692199495953
692202273196
692194941755
692198673738
692203685644
692202700245
692202565473
692198535243
692201782505
692203246850
692194708224
692205519555
692201394604
692201604763
692197905346
692203686451
692198972295
692203867285
692204068881
692205902463
692201493160
692196284195
692199911092
692200834293
692199431207
692193422739
692199542149
692200109119
692201935886
692198021990
692204017574
692200578035
692201466266
692203230998
692204923805
692198915337
692198363159
692202247548
692204745017
692191498016
692203500249
692197700696
692201432679
692201430785
692196017154
692204770527
692205496806
692202594918
692201390067
692205122050
692200043989
692194461607
692204203076
692196543295
692200423546
692201731236
692202458724
692204688183
692200145300
692203573179
692202011405
692202670033
692203946678
692197254508
692204561930
692199933131
692194578251
692202011001
692203604909
692198022527
692199924256
692193915788
692197647771
692200602168
692202541665
692203504624
692196974956
692200601853
692194256957
692198856441
692200638815
692203751443
692201808184
692203494051
692199151179
692197946328
692204758181
692203042914
692204876496
692198488716
692202220699
692198885125
692201944608
692200966813
692202082204
692202034715
692200129440
692198623325
692202712627
692203981314
692200916595
692201118191
692203752416
692202519256
692200638349
692206203871
692201739549
692196480517
692190472049
692203458053
692197158429
692200426180
692200060885
692204245208
692204097958
692204628962
692201568951
692206972573
692201767674
692202357439
692202150879
692203115398
692203666650
692201314442
692202456531
692201432757
692195044977
692200457124
692201819837
692202748808
692199644228
692199459029
692203191012
692197093299
692205161796
692203138796
692200537575
692197472856
692201099753
692206704555
692201737493
692197194610
692203477446
692199060715
692202848357
692203489569
692206163067
692204257792
692196982441
692198572531
692200801469
692200654219
692201185223
692198125212
692206605793
692203951102
692201242279
692203146914
692200553934
692202866371
692204149129
692204301447
692200458814
692201583448
692201376888
692199799947
692199468495
692196200489
692196015290
692202403169
692200092224
692202869467
692195538026
692199270009
692200486939
692206584883
692203806159
692199131514
692202800226
692200033707
692195672635
692201547459
692202322962
692203484233
692203602995
692200801726
692199568566
692203736181
692207483312
692199201454
692203413160
692203944164
692200507363
692197798540
692200027478
692197110195
692201294518
692200705390
692201678272
692198618261
692205380576
692205304641
692204555069
692205271760
692203006535
692202553761
692198959430
692199221878
692200438808
692192094287
692203112100
692200009033
692199961544
692201683123
692196508339
692200240322
692206785520
692202478681
692201649757
692198879223
692200096153
692200159256
692204799347
692199610719
692201188890
692203068982
692203054995
692202040508
692200538879
692203442075
692205308256
692203891936
692205099676
692197850779
692205525862
692198234533
692195174522
692203696918
692201860902
692205220333
692200520527
692203001987
692200035672
692201198439
692204930422
692204100895
692203382948
692201198124
692196565294
692196517805
692198646982
692193064600
692203316774
692199714927
692200931857
692199235042
692201716502
692201044333
692204234065
692202176172
692196222639
692199849536
692199625243
692201563084
692198596769
692198536124
692203580668
692200652305
692204384288
692202060509
692200785491
692204532622
692196250764
692204934037
692200993474
692202828528
692203855011
692197076788
692200277599
692201296752
692197754700
692203038770
692200657156
692204862511
692198794489
692205225233
692203956852
692202611201
692199870646
692203028197
692196271188
692197488118
692195791303
692201910713
692197058343
692200790326
692198732433
692202872014
692202416108
692203820986
692206316290
692203251571
692201283901
692203051595
692197208566
692206276719
692198616770
692202322043
692201088883
692202061046
692202984247
692197790881
692199384789
692204351246
692204991791
692203758631
692200171944
692203903927
692199595031
692206100471
692202178218
692201250490
692201781494
692200513113
692200770648
692201789801
692204852495
692202788232
692201150205
692201351801
692199287538
692193614604
692205711301
692195696292
692201973159
692201491374
692200391091
692203931127
692196284352
692198765812
692201164402
692204478818
692205180745
692206560506
692203132241
692203549130
692201922122
692202591049
692194510568
692200629978
692203900260
692201548052
692199109819
692196728205
692204687415
692202554095
692203477296
692203577255
692199877838
692199797725
692203335377
692197326909
692198346062
692202220803
692199344493
692197706466
692201911821
692195843799
692202274543
692201006162
692201268610
692202477896
692203908378
692197873002
692202598016
692192840613
692199282437
692201220278
692201035079
692201899837
692203116767
692203696489
692200870296
692202686992
692205299150
692204762031
692201657451
692204519443
692206967605
692195666080
692200692424
692201243676
692199110356
692200033557
692195003617
692196434099
692203866849
692202636779
692202576134
692197221254
692200953237
692202268395
692204228633
692202040544
692201609528
692198830804
692197562423
692197824871
692199034157
692201901805
692199837542
692203464439
692200631943
692201251794
692203288068
692203969791
692200941095
692205316533
692200252750
692197482216
692199243253
692202870150
692207416879
692198213712
692201528128
692202392886
692203609816
692207341799
692199344564
692201283232
692204806879
692191559878
692201911039
692201837059
692199193040
692199132395
692193777515
692202460788
692200427842
692200242643
692203974626
692202324331
692196847035
692203238708
692203301811
692200769011
692200562451
692196393803
692200020700
692201893023
692204602274
692199844329
692203170290
692198317920
692202049903
692203762590
692201570018
692197870601
692200241157
692204840641
692202548605
692198084389
692198949147
692200166077
692205135379
692203930528
692199736302
692202348460
692202987281
692204417257
692205634187
692201901141
692199660360
692200583561
692199837613
692196984103
692196798904
692202918314
692198880592
692202330108
692201398155
692199625444
692203008020
692204947517
692204547745
692201277943
692203007705
692201739324
692196456249
692201631190
692194874181
692204888914
692201076861
692201180053
692194426862
692199393319
692206673576
692202294119
692201019101
692204766232
692205843481
692203420154
692201885958
692196292563
692199919460
692203799711
692201029177
692204527398
692199894568
692202595072
692201760673
692196393874
692200289283
692203044201
692203946995
692204910306
692198886369
692197954416
692196181705
692199564281
692203594227
692201104006
692197291953
692200604070
692199373641
692203105624
692206024055
692200351121
692202966641
692197633122
692202232606
692199714810
692198942333
692204109412
692198850380
692202527344
692201322493
692198420605
692203404181
692198619328
692194919911
692204267704
692203946569
692200716081
692201735234
692202646163
692201760661
692202184689
692201999490
692203025720
692199600462
692200746723
692201466567
692202683497
692198950451
692201981525
692202253722
692204063426
692199856682
692193848214
692203556209
692195929902
692202322694
692202580316
692204085098
692203534149
692204087276
692202959786
692201398012
692201097119
692204829102
692199577130
692203365851
692203782740
692194976866
692203094395
692205178151
692191476172
692201569105
692200502830
692199343429
692203020393
692202940280
692202540508
692200469464
692205429716
692202900181
692199684598
692200849021
692198078487
692202930709
692196943878
692198537786
692198809983
692202436880
692197338593
692203720365
692201239772
692201607306
692200358606
692206388470
692201365428
692202831626
692200643537
692199516047
692201744985
692197653380
692204618444
692202815743
692203930099
692204578147
692202172518
692203939755
692203834979
692198282218
692204218733
692201158722
692195899690
692199576654
692204926348
692195469915
692202232230
692204496573
692198914191
692202646174
692200995879
692202166289
692200243597
692199695473
692202502005
692203053257
692199048800
692200075030
692200733615
692197796033
692200472618
692202218452
692202944731
692199030835
692201259773
692202577619
692205159388
692205609443
692203130320
692201174705
692199372004
692200486360
692201134408
692199476863
692200496016
692201994426
692198447322
692202234964
692204061775
692203733537
692203665844
692204644080
692192026176
692203612240
692201052834
692195470452
692201615012
692197552140
692203314344
692203754820
692199989590
692199589818
692201154145
692205854846
692203020250
692202255388
692203472318
692201775503
692201002621
692200941976
692195587096
692197816034
692201789776
692201715649
692203191343
692203620358
692198656616
692200885554
692203996200
692198414738
692199880936
692201610698
692198550687
692198794295
692200632375
692201163379
692203775081
692204489759
692201200341
692199969912
692200989065
692199680182
692205799592
692205579231
692203029080
692199893970
692200311081
692201975658
692196146079
692199446651
692201545883
692202611207
692202108061
692203349974
692199215599
692203710722
692199598804
692207013993
692201647194
692198346037
692201022622
692201121386
692206956833
692197521928
692199267762
692201435025
692201413663
692198309083
692199626929
692208310202
692202577796
692205476138
692205677734
692200452953
692201046020
692202534641
692196526173
692197545326
692196236443
692202355853
692202170654
692200128178
692197023598
692200755581
692201693390
692202952125
692203311109
692198102144
692199167468
692198664322
692201249156
692200363654
692201827999
692206248179
692198001859
692198203455
692201054138
692200069560
692203857202
692204856429
692198824813
692204203771
692197991286
692204880353
692194865344
692203953904
692201515671
692199134057
692202032399
692203248734
692197934864
692204773625
692203548109
692205294762
692201650280
692201713383
692200751914
692198995384
692198212689
692193579859
692201539069
692198249651
692200328950
692203412014
692196729492
692196649379
692202663703
692200621227
692204353210
692199072457
692203570242
692194558120
692196495961
692204835301
692199660517
692202141977
692201742205
692204493078
692200760032
692205655022
692203269332
692201671390
692201547187
692198071932
692197886733
692204006143
692199968421
692195210476
692201329886
692200104370
692205772745
692205905908
692205635574
692199627106
692203254003
692203084645
692197544078
692198095330
692201722227
692196885211
692199968275
692193285753
692201730679
692199219964
692197177488
692194072908
692197804891
692202831235
692205729973
692201249167
692202973787
692196216778
692202378003
692198298466
692204740290
692204116558
692202211283
692200619564
692204246461
692198103448
692203766576
692200821445
692201750416
692206720691
692202406128
692199042245
692203762381
692204619841
692203310958
692202191835
692196183367
692199810264
692200461470
692195703525
692205772203
692200597419
692204329402
692204573010
692198762693
692202336530
692196044694
692200644178
692190629169
692203643482
692200906350
692205104821
692203213707
692199734065
692193698689
692203608336
692203975870
692200276453
692201493383
692205225366
692203732345
692200858381
692201884611
692202571929
692199605614
692200411062
692203819336
692204609607
692202704332
692200318642
692202720729
692204306993
692204259625
692194936043
692202243465
692197017731
692192259786
692202508560
692197153680
692202305597
692201848622
692204047615
692202378074
692205700496
692200223200
692199823428
692202304888
692204145176
692203938616
692199769968
692202882596
692201851656
692200164597
692203220494
692196832714
692198049644
692201399399
692203815634
692197619869
692201246766
692203617322
692205082554
692204468919
692204926533
692201165868
692199260593
692199625615
692201843780
692203112467
692200815886
692197870755
692198799726
692201650409
692205277306
692206596314
692203959726
692203213778
692200360268
692200603876
692199880383
692202256757
692205584662
692196379689
692202821513
692201779493
692202798646
692201042116
692204654108
692202765218
692204838661
692199832414
692202120662
692201914102
692197955660
692201256232
692194176130
692197803027
692204939972
692200925221
692201025180
692197325763
692198542693
692202274676
692202249500
692204141086
692199668728
692202930967
692201821444
692197460372
692200868646
692203270733
692203152575
692200118664
692199770039
692201356303
692202573233
692197257208
692200989191
692202143458
692203185735
692199557870
692198335754
692199354907
692197598377
692202197861
692199535151
692202749806
692203385896
692203803864
692207107668
692201287748
692205808974
692200714601
692201294637
692202318498
692197481482
692202173235
692193882024
692195098954
692201796770
692201749281
692194669179
692198296076
692204946360
692207322734
692204092246
692205111399
692202090450
692201883890
692196674925
692205336561
692201454115
692202976627
692193813469
692199932879
692198699719
692202326616
692201417716
692205437872
692200968765
692201962082
692199638516
692196929693
692199306067
692203616073
692203780233
692203914005
692200809425
692201057741
692198091426
692201823409
692202986176
692203798544
692202953295
692204296913
692201905000
692198353031
692198305542
692191225440
692194852337
692201502621
692199092697
692200814276
692199772256
692203504239
692205078913
692205869184
692203963909
692198010376
692203060763
692201412980
692198328940
692202919884
692200320043
692200201885
692202186148
692205035956
692200714758
692202573228
692194306518
692198038501
692204583699
692202189562
692201910765
692197365686
692197614002
692194647687
692199247171
692199542437
692202901868
692200435206
692200853174
692200582226
692198337058
692205744589
692203433644
692201658383
692198879446
692195648958
692199275855
692196328517
692202447927
692198846080
692202425445
692200520170
692200913429
692201995670
692204372044
692201307325
692202549238
692203071638
692202909986
692198996303
692204672892
692202130279
692204109780
692190862779
692199546052
692201139960
692199742044
692198467026
692204635938
692204366272
692204295845
692201959681
692202286788
692204515726
692202748169
692203965955
692203038227
692202853028
692202300850
692205005744
692201823487
692195435707
692200847854
692201638387
692203139538
692201075275
692195402341
692206988405
692197484029
692202510373
692198551931
692200928305
692197863586
692196821566
692200553549
692202128223
692204530310
692205668927
692200933106
692205105815
692202289676
692205151668
692204055693
692196298305
692198963261
692201192199
692202085266
692200852106
692198515942
692200714935
692202032781
692201633009
692203616026
692197853479
692201585462
692203975486
692204692177
692200849544
692200912647
692199951178
692198194648
692199859225
692197631536
692203346077
692199429450
692200482954
692203260197
692195928756
692199660739
692204385753
692193377827
692201070174
692199522244
692202769506
692202966663
692197962739
692203099242
692198845937
692202591764
692203993725
692203493957
692199959296
692205023359
692201722202
692200542320
692202480161
692197271196
692200898093
692198189270
692196791354
692194409740
692201685248
692201096120
692202708408
692199008991
692206441741
692201565036
692203870933
692204217999
692203397265
692199902338
692195985711
692199612608
692200821894
692192485017
692201625279
692198687697
692200352274
692203039531
692197004155
692204079530
692200279551
692202869411
692202040487
692199269953
692201030990
692200549986
692203161688
692200001449
692201579620
692202718237
692203445725
692204107655
692199338986
692202200978
692203666210
692193347615
692200948211
692198241509
692207330069
692200920132
692195565252
692202998002
692204591910
692201311029
692200911257
692194902789
692198634772
692201589169
692204802152
692204128079
692197961957
692198181540
692195243958
692196908535
692201625816
692201687725
692196478760
692200105657
692200025544
692198933329
692202107232
692201435063
692202028894
692204691294
692196613369
692199872126
692200015973
692201953814
692203849683
692195895247
692199682889
692201043035
692203227297
692203656312
692205047555
692204811980
692201448097
692202371298
692200968212
692203344586
692198586641
692197467518
692191459050
692202867322
692198145430
692201413181
692201047886
692206012687
692205084959
692200920243
692201471495
692203001931
692198243986
692193035021
692196661918
692204164110
692196182033
692200553653
692197449073
692201181056
692206014188
692201444125
692202806838
692197328861
692200518593
692205754168
692201674631
692198080300
692197599296
692205587448
692202816914
692204033844
692201479613
692204382809
692202724494
692198181611
692202077020
692202002749
692203720346
692204149361
692199423583
692204951476
692197969442
692199559532
692201461261
692201641220
692199079690
692202139173
692201161378
692202375577
692202229280
692202138858
692201540935
692199420859
692200697504
692194005334
692204257508
692202570449
692202363889
692201882104
692200455496
692197074854
692196675082
692199156542
692203652618
692204869548
692205571475
692202503818
692203515832
692203939860
692204624652
692200160330
692194901298
692201020708
692198559010
692200276607
692200705622
692204471234
692202175354
692203049911
692204041459
692198017522
692200393896
692195635951
692198695434
692197717639
692201597890
692198785541
692199735223
692198097196
692205875013
692203447968
692202665273
692202884856
692201764426
692200114344
692205542070
692204319954
692203993536
692193231343
692199673167
692200208879
692201425809
692202290567
692204099101
692200996034
692200948545
692203077722
692204655352
692205152761
692199416769
692203465682
692202636758
692199866224
692201083154
692198731615
692200325523
692200597720
692195394347
692199126330
692204257579
692199663060
692202966864
692204303106
692202235097
692202659125
692202722228
692202431274
692200004229
692199221534
692199441117
692204683919
692199424887
692202292535
692200228272
692203693600
692201022673
692205622157
692202913893
692202432108
692201331825
692204309304
692197552295
692197504806
692199633983
692204019967
692204401345
692200701928
692201918858
692200222043
692202703503
692202031334
692204337231
692201673962
692197209640
692191950608
692200612244
692202227789
692196219321
692199523125
692202905701
692201639306
692200818572
692200633373
692203374617
692205519623
692197237765
692204313140
692201711919
692198647200
692200974542
692196784533
692201264600
692202283753
692200497278
692200235059
692204022701
692198813736
692207358412
692204090766
692203349886
692203598202
692200631887
692202840571
692197258189
692198475119
692196778304
692203107576
692198045344
692201777327
692200127032
692202941882
692205323473
692204807987
692201633158
692203729037
692200051090
692200974291
692198195567
692197374833
692197189634
692203309044
692202075884
692202720838
692196712370
692198941308
692202673291
692204707298
692204980503
692199771538
692203398435
692197053539
692196846979
692205530252
692203165219
692204433906
692201467591
692201570783
692200742910
692202776802
692205839496
692203775233
692205281165
692204640303
692201358614
692194601605
692201201822
692196683293
692202468862
692201879734
692201419907
692204918128
692197271353
692199752813
692202151403
692201386541
692206694420
692203434931
692200133774
692200073129
692199277099
692193268631
692195497569
692199955011
692201263559
692202535053
692197682683
692201414666
692204474149
692204365533
692205286930
692200741851
692200990167
692198023852
692202623336
692198313910
692199333063
692203811371
692200331494
692203958391
692201713223
692198811335
692203782020
692203481127
692202255611
692199025123
692199889881
692199704682
692203585017
692193827614
692200269438
692203615736
692201694871
692199789596
692199991192
692202372783
692201857297
692205644939
692200778347
692199362027
692202179412
692199779023
692200995953
692194238944
692202922217
692200566178
692200921794
692201843191
692195990618
692199722601
692205943496
692203350516
692204808887
692204791736
692206674992
692199967860
692203756581
692203027545
692195367596
692200393940
692200037388
692198811872
692200021158
692194705133
692198437116
692204451440
692202408964
692203283521
692200860194
692198251132
692196345857
692204937512
692198929044
692198469217
692203929714
692197334608
692199968833
692198735673
692202988355
692203909499
692203459127
692200404128
692197122439
692199674470
692205793880
692192546879
692204227146
692202824060
692199906777
692202135715
692203501972
692205009174
692201414843
692201229644
692204872382
692199331815
692199883067
692204225709
692198672948
692201756012
692191261394
692197380804
692201007701
692198965225
692195860645
692200831330
692204618972
692199304921
692203036904
692203511001
692196753992
692200634327
692200086203
692202892735
692202955838
692201338904
692200465760
692202222102
692199891185
692204303790
692202609182
692203335461
692200461882
692199228722
692202960705
692204325308
692200647361
692201570562
692201565435
692197971104
692197785905
692202249207
692199867593
692203317109
692202385156
692202628764
692203995021
692204576194
692204124267
692202264944
692203994706
692192416906
692197443250
692201443564
692195861182
692205001444
692191754443
692195486426
692202031624
692200380320
692201343279
692203281120
692205651676
692199019221
692202646118
692202421825
692202166233
692201393351
692201332706
692197018143
692195784983
692202180506
692200881569
692202715151
692205373819
692199047346
692196723780
692203790056
692198805468
692202685719
692199873370
692198941417
692199185025
692200551282
692204581228
692203453738
692198278954
692201591071
692200360642
692204092625
692205407783
692201338122
692201557705
692188310704
692200284700
692198587885
692204707295
692197899540
692199837381
692201936613
692202309494
692199407606
692204391182
692199606329
692206048153
692199989534
692201015764
692200005148
692198736767
692201413352
692199271412
692203059054
692201353100
692199658492
692200587463
692201804393
692207593518
692207788373
692201374618
692202968526
692205866868
692202391613
692200417597
692194835215
692204543210
692196916903
692203309695
692203567230
692204586383
692202829853
692200518908
692203946787
692202385013
692201620151
692196411186
692200564131
692198492874
692199558198
692195963867
692203635132
692206011506
692199080934
692201562394
692198392589
692200330430
692206098544
692202786714
692205799337
692201456465
692199215543
692205657367
692197307150
692202656383
692204584696
692204344634
692197930879
692199524787
692202423129
692204360970
692198325594
692205164355
692202799748
692199735029
692201345607
692200123491
692201142644
692199386114
692201630538
692200503048
692201441650
692198640381
692205591601
692203802744
692203075485
692197040109
692201251815
692201011957
692204743940
692195637195
692203960972
692194948850
692196886691
692204319441
692200051247
692196456916
692203219231
692205483574
692207140645
692203858956
692204454033
692201140957
692205740441
692198462662
692198277463
692204040258
692201935175
692195601206
692197800199
692200487456
692204900061
692203205453
692205372716
692200017836
692203749819
692203475375
692197466907
692197997911
692204117321
692202161706
692200359005
692201473361
692201830739
692199879163
692197568218
692206261021
692199434323
692203221965
692205172465
692203692737
692203364517
692196607508
692193013177
692202967563
692202039835
692200880434
692202602013
692201010294
692204324710
692205719080
692205965239
692201939550
692201221603
692204079814
692204874622
692194356460
692204459319
692202107780
692201989622
692201928977
692196574097
692202502495
692202776777
692196094255
692203527005
692205120913
692199643617
692203698502
692199153423
692199401739
692196435424
692199190385
692202817282
692198490960
692202222943
692202640911
692203604437
692200124795
692194089419
692203428066
692204366600
692200667183
692197436695
692206566232
692198116254
692200880971
692202275341
692202521500
692198495811
692202701166
692202532884
692203598208
692203095062
692204336975
692205678249
692204697723
692200585805
692195326773
692202634195
692199333038
692192650516
692200083266
692201677174
692201949371
692200254763
692202422026
692203714852
692206083582
692200613930
692204074525
692195047221
692202023365
692199252831
692200160698
692202033021
692205659918
692199984327
692203611224
692197223444
692202189901
692202830446
692201115179
692198010599
692201742582
692204008052
692203939126
692200016873
692199089145
692200154469
692199651323
692198609303
692202234510
692202691150
692206318047
692198988860
692199190456
692202041139
692203382985
692205688882
692204172886
692199811814
692200750998
692198978287
692200271113
692202639843
692204940905
692200088535
692202317473
692202170223
692203340633
692199641216
692203147703
692203155948
692200429704
692200223144
692201249374
692201738915
692199386707
692201646962
692194566860
692202526070
692201217187
692201315951
692201415910
692197716493
692197636380
692204734779
692195165564
692204531816
692200059458
692204557243
692195545121
692199750476
692201259376
692200633674
692203128978
692201549711
692205281694
692201747033
692204328896
692203509939
692202330057
692202534188
692196644796
692198873734
692198726484
692200955422
692196197477
692201163934
692200764162
692203245622
692202600686
692204194594
692203106639
692205658670
692202373712
692198531079
692199082331
692197773448
692197872212
692203707659
692194272754
692204174851
692200475434
692198164489
692195059909
692198791892
692205337090
692202067288
692204482976
692202786161
692197203779
692203365004
692198105972
692204949425
692199740460
692202374685
692201606565
692202163409
692199090449
692201126723
692201808446
692204203424
692203155188
692201485425
692200029246
692197320423
692203440119
692204297959
692204541567
692199366783
692203098766
692200389943
692196690526
692205157263
692203376906
692206589889
692203344025
692199749694
692202295730
692197031695
692198696272
692191616170
692204630483
692198266497
692198081298
692201813281
692200162986
692194685690
692206659686
692204962871
692201627297
692198401106
692203708985
692201803710
692198719670
692202871612
692197682984
692200592615
692202111838
692204806337
692204193526
692202867734
692203780293
692200498604
692205646398
692201505426
692195923044
692206033478
692198004732
692193246787
692201769183
692199933167
692203292598
692200825936
692201243904
692203472842
692202707980
692203259232
692198422216
692201455213
692194822758
692194637559
692200756969
692196719247
692202341390
692199236810
692204207495
692199109208
692202786172
692202386400
692199116598
692202306330
692199835471
692194294904
692204155196
692199387033
692205063622
692203841925
692199423995
692200612616
692199936782
692204512231
692200132774
692198857756
692202604887
692203682136
692204686575
692199724613
692202677518
692204906456
692201347269
692201590877
692200867384
692203243758
692203926910
692207286341
692204163314
692202766494
692203785647
692202029117
692205641109
692201234718
692195793071
692200819415
692203107663
692202901103
692198942661
692195130608
692198862591
692197212296
692200944279
692203030388
692202012181
692206059657
692201323836
692204053046
692202680406
692201142619
692201948067
692196689035
692200394308
692199161148
692201855647
692201242836
692204210245
692201105665
692202423511
692204652449
692198554736
692198244209
692201976192
692200483171
692203842602
692202561190
692199322755
692200341908
692198585378
692203184862
692200522152
692202924760
692199820180
692203552163
692201902081
692198443878
692191686869
692201701602
692193768557
692201460904
692199586649
692203160236
692204114020
692205886838
692200798441
692199236667
692202982494
692205192566
692206940498
692201204506
692201621395
692202112932
692200933050
692202870891
692197661926
692199407760
692202441116
692197182084
692194800470
692202759680
692200731446
692204750783
692206090843
692204022834
692201955766
692203793762
692203100849
692197916694
692200293068
692196376441
692204335651
692201212624
692201492986
692202016009
692199078427
692199445961
692205460285
692203417809
692203940296
692200670281
692202892001
692197354702
692199292543
692201421720
692202457099
692203552418
692200079698
692203706595
692200759257
692204491240
692205524129
692199729716
692202591708
692198997377
692193738345
692201338941
692199315941
692198007058
692201307044
692202900952
692203388732
692198794213
692201701759
692205162354
692195293519
692199025502
692200340660
692200891912
692199135382
692198352687
692198572270
692195634688
692200234172
692202016546
692199974070
692196869490
692200601473
692200416274
692199324059
692204388122
692205385939
692199013360
692205082024
692196635959
692200262856
692197315518
692203532498
692199833081
692196285977
692200073619
692201900430
692203618027
692206651383
692203420895
692205202710
692201838827
692202762028
692199983304
692195350474
692198977371
692201176364
692191849780
692200533053
692198500107
692200729045
692203394001
692205106374
692206516006
692200843072
692201374076
692198841276
692198634716
692193425751
692204952956
692199628431
692203255328
692200944383
692202530647
692196495271
692205039947
692201834855
692201031421
692197719591
692200732214
692196389342
692201739036
692198471030
692204256599
692203658971
692203207644
692206323948
692197808567
692201540550
692203115224
692204597768
692205250718
692201410572
692197732625
692198655826
692199814313
692195056368
692197285306
692199950262
692201851991
692195843523
692199470420
692202529903
692206261886
692203019782
692202620010
692202529588
692196184692
692199811589
692201088234
692205679178
692201867125
692202961179
692202119231
692199252318
692200846226
692197465584
692205625416
692200416451
692204043348
692200812860
692205532996
692201492419
692203906562
692194364828
692202057175
692200551060
692202232085
692203251238
