0
14350545652347954
14269202277832908
14187858903317862
14106515528802816
14025172154287770
13943828779772724
13862485405257678
13781142030742632
13699798656227586
13618455281712540
13537111907197494
13455768532682448
13374425158167402
13293081783652356
13211738409137310
13130395034622264
13049051660107218
12967708285592172
12886364911077126
12805021536562080
12723678162047034
12642334787531988
12560991413016942
12479648038501896
12398304663986850
12316961289471804
12235617914956758
12154274540441712
12072931165926666
11991587791411620
11910244416896574
11828901042381528
11747557667866482
11666214293351436
11584870918836390
11503527544321344
11422184169806298
11340840795291252
11259497420776206
11178154046261160
11096810671746114
11015467297231068
10934123922716022
10852780548200976
10771437173685930
10690093799170884
10608750424655838
10527407050140792
10446063675625746
10364720301110700
10283376926595654
10202033552080608
10120690177565562
10039346803050516
9958003428535470
9876660054020424
9795316679505378
9713973304990332
9632629930475286
9551286555960240
9469943181445194
9388599806930148
9307256432415102
9225913057900056
9144569683385010
9063226308869964
8981882934354918
8900539559839872
8819196185324826
8737852810809780
8656509436294734
8575166061779688
8493822687264642
8412479312749596
8331135938234550
8249792563719504
8168449189204458
8087105814689412
8005762440174366
7924419065659320
7843075691144274
7761732316629228
7680388942114182
7599045567599136
7517702193084090
7436358818569044
7355015444053998
7273672069538952
7192328695023906
7110985320508860
7029641945993814
6948298571478768
6866955196963722
6785611822448676
6704268447933630
6622925073418584
6541581698903538
6460238324388492
6378894949873446
6297551575358400
6216208200843354
6134864826328308
6053521451813262
5972178077298216
5890834702783170
5809491328268124
5728147953753078
5646804579238032
5565461204722986
5484117830207940
5402774455692894
5321431081177848
5240087706662802
5158744332147756
5077400957632710
4996057583117664
4914714208602618
4833370834087572
4752027459572526
4670684085057480
4589340710542434
4507997336027388
4426653961512342
4345310586997296
4263967212482250
4182623837967204
4101280463452158
4019937088937112
3938593714422066
3857250339907020
3775906965391974
3694563590876928
3613220216361882
3531876841846836
3450533467331790
3369190092816744
3287846718301698
3206503343786652
3125159969271606
3043816594756560
2962473220241514
2881129845726468
2799786471211422
2718443096696376
2637099722181330
2555756347666284
2474412973151238
2393069598636192
2311726224121146
2230382849606100
2149039475091054
2067696100576008
1986352726060962
1905009351545916
1823665977030870
1742322602515824
1660979228000778
1579635853485732
1498292478970686
1416949104455640
1335605729940594
1254262355425548
1172918980910502
1091575606395456
1010232231880410
928888857365364
847545482850318
766202108335272
684858733820226
603515359305180
522171984790134
440828610275088
359485235760042
278141861244996
196798486729950
115455112214904
34111737699858
14384657390047812
14303314015532766
14221970641017720
14140627266502674
14059283891987628
13977940517472582
13896597142957536
13815253768442490
13733910393927444
13652567019412398
13571223644897352
13489880270382306
13408536895867260
13327193521352214
13245850146837168
13164506772322122
13083163397807076
13001820023292030
12920476648776984
12839133274261938
12757789899746892
12676446525231846
12595103150716800
12513759776201754
12432416401686708
12351073027171662
12269729652656616
12188386278141570
12107042903626524
12025699529111478
11944356154596432
11863012780081386
11781669405566340
11700326031051294
11618982656536248
11537639282021202
11456295907506156
11374952532991110
11293609158476064
11212265783961018
11130922409445972
11049579034930926
10968235660415880
10886892285900834
10805548911385788
10724205536870742
10642862162355696
10561518787840650
10480175413325604
10398832038810558
10317488664295512
10236145289780466
10154801915265420
10073458540750374
9992115166235328
9910771791720282
9829428417205236
9748085042690190
9666741668175144
9585398293660098
9504054919145052
9422711544630006
9341368170114960
9260024795599914
9178681421084868
9097338046569822
9015994672054776
8934651297539730
8853307923024684
8771964548509638
8690621173994592
8609277799479546
8527934424964500
8446591050449454
8365247675934408
8283904301419362
8202560926904316
8121217552389270
8039874177874224
7958530803359178
7877187428844132
7795844054329086
7714500679814040
7633157305298994
7551813930783948
7470470556268902
7389127181753856
7307783807238810
7226440432723764
7145097058208718
7063753683693672
6982410309178626
6901066934663580
6819723560148534
6738380185633488
6657036811118442
6575693436603396
6494350062088350
6413006687573304
6331663313058258
6250319938543212
6168976564028166
6087633189513120
6006289814998074
5924946440483028
5843603065967982
5762259691452936
5680916316937890
5599572942422844
5518229567907798
5436886193392752
5355542818877706
5274199444362660
5192856069847614
5111512695332568
5030169320817522
4948825946302476
4867482571787430
4786139197272384
4704795822757338
4623452448242292
4542109073727246
4460765699212200
4379422324697154
4298078950182108
4216735575667062
4135392201152016
4054048826636970
3972705452121924
3891362077606878
3810018703091832
3728675328576786
3647331954061740
3565988579546694
3484645205031648
3403301830516602
3321958456001556
3240615081486510
3159271706971464
3077928332456418
2996584957941372
2915241583426326
2833898208911280
2752554834396234
2671211459881188
2589868085366142
2508524710851096
2427181336336050
2345837961821004
2264494587305958
2183151212790912
2101807838275866
2020464463760820
1939121089245774
1857777714730728
1776434340215682
1695090965700636
1613747591185590
1532404216670544
1451060842155498
1369717467640452
1288374093125406
1207030718610360
1125687344095314
1044343969580268
963000595065222
881657220550176
800313846035130
718970471520084
637627097005038
556283722489992
474940347974946
393596973459900
312253598944854
230910224429808
149566849914762
68223475399716
14418769127747670
14337425753232624
14256082378717578
14174739004202532
14093395629687486
14012052255172440
13930708880657394
13849365506142348
13768022131627302
13686678757112256
13605335382597210
13523992008082164
13442648633567118
13361305259052072
13279961884537026
13198618510021980
13117275135506934
13035931760991888
12954588386476842
12873245011961796
12791901637446750
12710558262931704
12629214888416658
12547871513901612
12466528139386566
12385184764871520
12303841390356474
12222498015841428
12141154641326382
12059811266811336
11978467892296290
11897124517781244
11815781143266198
11734437768751152
11653094394236106
11571751019721060
11490407645206014
11409064270690968
11327720896175922
11246377521660876
11165034147145830
11083690772630784
11002347398115738
10921004023600692
10839660649085646
10758317274570600
10676973900055554
10595630525540508
10514287151025462
10432943776510416
10351600401995370
10270257027480324
10188913652965278
10107570278450232
10026226903935186
9944883529420140
9863540154905094
9782196780390048
9700853405875002
9619510031359956
9538166656844910
9456823282329864
9375479907814818
9294136533299772
9212793158784726
9131449784269680
9050106409754634
8968763035239588
8887419660724542
8806076286209496
8724732911694450
8643389537179404
8562046162664358
8480702788149312
8399359413634266
8318016039119220
8236672664604174
8155329290089128
8073985915574082
7992642541059036
7911299166543990
7829955792028944
7748612417513898
7667269042998852
7585925668483806
7504582293968760
7423238919453714
7341895544938668
7260552170423622
7179208795908576
7097865421393530
7016522046878484
6935178672363438
6853835297848392
6772491923333346
6691148548818300
6609805174303254
6528461799788208
6447118425273162
6365775050758116
6284431676243070
6203088301728024
6121744927212978
6040401552697932
5959058178182886
5877714803667840
5796371429152794
5715028054637748
5633684680122702
5552341305607656
5470997931092610
5389654556577564
5308311182062518
5226967807547472
5145624433032426
5064281058517380
4982937684002334
4901594309487288
4820250934972242
4738907560457196
4657564185942150
4576220811427104
4494877436912058
4413534062397012
4332190687881966
4250847313366920
4169503938851874
4088160564336828
4006817189821782
3925473815306736
3844130440791690
3762787066276644
3681443691761598
3600100317246552
3518756942731506
3437413568216460
3356070193701414
3274726819186368
3193383444671322
3112040070156276
3030696695641230
2949353321126184
2868009946611138
2786666572096092
2705323197581046
2623979823066000
2542636448550954
2461293074035908
2379949699520862
2298606325005816
2217262950490770
2135919575975724
2054576201460678
1973232826945632
1891889452430586
1810546077915540
1729202703400494
1647859328885448
1566515954370402
1485172579855356
1403829205340310
1322485830825264
1241142456310218
1159799081795172
1078455707280126
997112332765080
915768958250034
834425583734988
753082209219942
671738834704896
590395460189850
509052085674804
427708711159758
346365336644712
265021962129666
183678587614620
102335213099574
20991838584528
14371537490932482
14290194116417436
14208850741902390
14127507367387344
14046163992872298
13964820618357252
13883477243842206
13802133869327160
13720790494812114
13639447120297068
13558103745782022
13476760371266976
13395416996751930
13314073622236884
13232730247721838
13151386873206792
13070043498691746
12988700124176700
12907356749661654
12826013375146608
12744670000631562
12663326626116516
12581983251601470
12500639877086424
12419296502571378
12337953128056332
12256609753541286
12175266379026240
12093923004511194
12012579629996148
11931236255481102
11849892880966056
11768549506451010
11687206131935964
11605862757420918
11524519382905872
11443176008390826
11361832633875780
11280489259360734
11199145884845688
11117802510330642
11036459135815596
10955115761300550
10873772386785504
10792429012270458
10711085637755412
10629742263240366
10548398888725320
10467055514210274
10385712139695228
10304368765180182
10223025390665136
10141682016150090
10060338641635044
9978995267119998
9897651892604952
9816308518089906
9734965143574860
9653621769059814
9572278394544768
9490935020029722
9409591645514676
9328248270999630
9246904896484584
9165561521969538
9084218147454492
9002874772939446
8921531398424400
8840188023909354
8758844649394308
8677501274879262
8596157900364216
8514814525849170
8433471151334124
8352127776819078
8270784402304032
8189441027788986
8108097653273940
8026754278758894
7945410904243848
7864067529728802
7782724155213756
7701380780698710
7620037406183664
7538694031668618
7457350657153572
7376007282638526
7294663908123480
7213320533608434
7131977159093388
7050633784578342
6969290410063296
6887947035548250
6806603661033204
6725260286518158
6643916912003112
6562573537488066
6481230162973020
6399886788457974
6318543413942928
6237200039427882
6155856664912836
6074513290397790
5993169915882744
5911826541367698
5830483166852652
5749139792337606
5667796417822560
5586453043307514
5505109668792468
5423766294277422
5342422919762376
5261079545247330
5179736170732284
5098392796217238
5017049421702192
4935706047187146
4854362672672100
4773019298157054
4691675923642008
4610332549126962
4528989174611916
4447645800096870
4366302425581824
4284959051066778
4203615676551732
4122272302036686
4040928927521640
3959585553006594
3878242178491548
3796898803976502
3715555429461456
3634212054946410
3552868680431364
3471525305916318
3390181931401272
3308838556886226
3227495182371180
3146151807856134
3064808433341088
2983465058826042
2902121684310996
2820778309795950
2739434935280904
2658091560765858
2576748186250812
2495404811735766
2414061437220720
2332718062705674
2251374688190628
2170031313675582
2088687939160536
2007344564645490
1926001190130444
1844657815615398
1763314441100352
1681971066585306
1600627692070260
1519284317555214
1437940943040168
1356597568525122
1275254194010076
1193910819495030
1112567444979984
1031224070464938
949880695949892
868537321434846
787193946919800
705850572404754
624507197889708
543163823374662
461820448859616
380477074344570
299133699829524
217790325314478
136446950799432
55103576284386
14405649228632340
14324305854117294
14242962479602248
14161619105087202
14080275730572156
13998932356057110
13917588981542064
13836245607027018
13754902232511972
13673558857996926
13592215483481880
13510872108966834
13429528734451788
13348185359936742
13266841985421696
13185498610906650
13104155236391604
13022811861876558
12941468487361512
12860125112846466
12778781738331420
12697438363816374
12616094989301328
12534751614786282
12453408240271236
12372064865756190
12290721491241144
12209378116726098
12128034742211052
12046691367696006
11965347993180960
11884004618665914
11802661244150868
11721317869635822
11639974495120776
11558631120605730
11477287746090684
11395944371575638
11314600997060592
11233257622545546
11151914248030500
11070570873515454
10989227499000408
10907884124485362
10826540749970316
10745197375455270
10663854000940224
10582510626425178
10501167251910132
10419823877395086
10338480502880040
10257137128364994
10175793753849948
10094450379334902
10013107004819856
9931763630304810
9850420255789764
9769076881274718
9687733506759672
9606390132244626
9525046757729580
9443703383214534
9362360008699488
9281016634184442
9199673259669396
9118329885154350
9036986510639304
8955643136124258
8874299761609212
8792956387094166
8711613012579120
8630269638064074
8548926263549028
8467582889033982
8386239514518936
8304896140003890
8223552765488844
8142209390973798
8060866016458752
7979522641943706
7898179267428660
7816835892913614
7735492518398568
7654149143883522
7572805769368476
7491462394853430
7410119020338384
7328775645823338
7247432271308292
7166088896793246
7084745522278200
7003402147763154
6922058773248108
6840715398733062
6759372024218016
6678028649702970
6596685275187924
6515341900672878
6433998526157832
6352655151642786
6271311777127740
6189968402612694
6108625028097648
6027281653582602
5945938279067556
5864594904552510
5783251530037464
5701908155522418
5620564781007372
5539221406492326
5457878031977280
5376534657462234
5295191282947188
5213847908432142
5132504533917096
5051161159402050
4969817784887004
4888474410371958
4807131035856912
4725787661341866
4644444286826820
4563100912311774
4481757537796728
4400414163281682
4319070788766636
4237727414251590
4156384039736544
4075040665221498
3993697290706452
3912353916191406
3831010541676360
3749667167161314
3668323792646268
3586980418131222
3505637043616176
3424293669101130
3342950294586084
3261606920071038
3180263545555992
3098920171040946
3017576796525900
2936233422010854
2854890047495808
2773546672980762
2692203298465716
2610859923950670
2529516549435624
2448173174920578
2366829800405532
2285486425890486
2204143051375440
2122799676860394
2041456302345348
1960112927830302
1878769553315256
1797426178800210
1716082804285164
1634739429770118
1553396055255072
1472052680740026
1390709306224980
1309365931709934
1228022557194888
1146679182679842
1065335808164796
983992433649750
902649059134704
821305684619658
739962310104612
658618935589566
577275561074520
495932186559474
414588812044428
333245437529382
251902063014336
170558688499290
89215313984244
7871939469198
14358417591817152
14277074217302106
14195730842787060
14114387468272014
14033044093756968
13951700719241922
13870357344726876
13789013970211830
13707670595696784
13626327221181738
13544983846666692
13463640472151646
13382297097636600
13300953723121554
13219610348606508
13138266974091462
13056923599576416
12975580225061370
12894236850546324
12812893476031278
12731550101516232
12650206727001186
12568863352486140
12487519977971094
12406176603456048
12324833228941002
12243489854425956
12162146479910910
12080803105395864
11999459730880818
11918116356365772
11836772981850726
11755429607335680
11674086232820634
11592742858305588
11511399483790542
11430056109275496
11348712734760450
11267369360245404
11186025985730358
11104682611215312
11023339236700266
10941995862185220
10860652487670174
10779309113155128
10697965738640082
10616622364125036
10535278989609990
10453935615094944
10372592240579898
10291248866064852
10209905491549806
10128562117034760
10047218742519714
9965875368004668
9884531993489622
9803188618974576
9721845244459530
9640501869944484
9559158495429438
9477815120914392
9396471746399346
9315128371884300
9233784997369254
9152441622854208
9071098248339162
8989754873824116
8908411499309070
8827068124794024
8745724750278978
8664381375763932
8583038001248886
8501694626733840
8420351252218794
8339007877703748
8257664503188702
8176321128673656
8094977754158610
8013634379643564
7932291005128518
7850947630613472
7769604256098426
7688260881583380
7606917507068334
7525574132553288
7444230758038242
7362887383523196
7281544009008150
7200200634493104
7118857259978058
7037513885463012
6956170510947966
6874827136432920
6793483761917874
6712140387402828
6630797012887782
6549453638372736
6468110263857690
6386766889342644
6305423514827598
6224080140312552
6142736765797506
6061393391282460
5980050016767414
5898706642252368
5817363267737322
5736019893222276
5654676518707230
5573333144192184
5491989769677138
5410646395162092
5329303020647046
5247959646132000
5166616271616954
5085272897101908
5003929522586862
4922586148071816
4841242773556770
4759899399041724
4678556024526678
4597212650011632
4515869275496586
4434525900981540
4353182526466494
4271839151951448
4190495777436402
4109152402921356
4027809028406310
3946465653891264
3865122279376218
3783778904861172
3702435530346126
3621092155831080
3539748781316034
3458405406800988
3377062032285942
3295718657770896
3214375283255850
3133031908740804
3051688534225758
2970345159710712
2889001785195666
2807658410680620
2726315036165574
2644971661650528
2563628287135482
2482284912620436
2400941538105390
2319598163590344
2238254789075298
2156911414560252
2075568040045206
1994224665530160
1912881291015114
1831537916500068
1750194541985022
1668851167469976
1587507792954930
1506164418439884
1424821043924838
1343477669409792
1262134294894746
1180790920379700
1099447545864654
1018104171349608
936760796834562
855417422319516
774074047804470
692730673289424
611387298774378
530043924259332
448700549744286
367357175229240
286013800714194
204670426199148
123327051684102
41983677169056
14392529329517010
14311185955001964
14229842580486918
14148499205971872
14067155831456826
13985812456941780
13904469082426734
13823125707911688
13741782333396642
13660438958881596
13579095584366550
13497752209851504
13416408835336458
13335065460821412
13253722086306366
13172378711791320
13091035337276274
13009691962761228
12928348588246182
12847005213731136
12765661839216090
12684318464701044
12602975090185998
12521631715670952
12440288341155906
12358944966640860
12277601592125814
12196258217610768
12114914843095722
12033571468580676
11952228094065630
11870884719550584
11789541345035538
11708197970520492
11626854596005446
11545511221490400
11464167846975354
11382824472460308
11301481097945262
11220137723430216
11138794348915170
11057450974400124
10976107599885078
10894764225370032
10813420850854986
10732077476339940
10650734101824894
10569390727309848
10488047352794802
10406703978279756
10325360603764710
10244017229249664
10162673854734618
10081330480219572
9999987105704526
9918643731189480
9837300356674434
9755956982159388
9674613607644342
9593270233129296
9511926858614250
9430583484099204
9349240109584158
9267896735069112
9186553360554066
9105209986039020
9023866611523974
8942523237008928
8861179862493882
8779836487978836
8698493113463790
8617149738948744
8535806364433698
8454462989918652
8373119615403606
8291776240888560
8210432866373514
8129089491858468
8047746117343422
7966402742828376
7885059368313330
7803715993798284
7722372619283238
7641029244768192
7559685870253146
7478342495738100
7396999121223054
7315655746708008
7234312372192962
7152968997677916
7071625623162870
6990282248647824
6908938874132778
6827595499617732
6746252125102686
6664908750587640
6583565376072594
6502222001557548
6420878627042502
6339535252527456
6258191878012410
6176848503497364
6095505128982318
6014161754467272
5932818379952226
5851475005437180
5770131630922134
5688788256407088
5607444881892042
5526101507376996
5444758132861950
5363414758346904
5282071383831858
5200728009316812
5119384634801766
5038041260286720
4956697885771674
4875354511256628
4794011136741582
4712667762226536
4631324387711490
4549981013196444
4468637638681398
4387294264166352
4305950889651306
4224607515136260
4143264140621214
4061920766106168
3980577391591122
3899234017076076
3817890642561030
3736547268045984
3655203893530938
3573860519015892
3492517144500846
3411173769985800
3329830395470754
3248487020955708
3167143646440662
3085800271925616
3004456897410570
2923113522895524
2841770148380478
2760426773865432
2679083399350386
2597740024835340
2516396650320294
2435053275805248
2353709901290202
2272366526775156
2191023152260110
2109679777745064
2028336403230018
1946993028714972
1865649654199926
1784306279684880
1702962905169834
1621619530654788
1540276156139742
1458932781624696
1377589407109650
1296246032594604
1214902658079558
1133559283564512
1052215909049466
970872534534420
889529160019374
808185785504328
726842410989282
645499036474236
564155661959190
482812287444144
401468912929098
320125538414052
238782163899006
157438789383960
76095414868914
14426641067216868
14345297692701822
14263954318186776
14182610943671730
14101267569156684
14019924194641638
13938580820126592
13857237445611546
13775894071096500
13694550696581454
13613207322066408
13531863947551362
13450520573036316
13369177198521270
13287833824006224
13206490449491178
13125147074976132
13043803700461086
12962460325946040
12881116951430994
12799773576915948
12718430202400902
12637086827885856
12555743453370810
12474400078855764
12393056704340718
12311713329825672
12230369955310626
12149026580795580
12067683206280534
11986339831765488
11904996457250442
11823653082735396
11742309708220350
11660966333705304
11579622959190258
11498279584675212
11416936210160166
11335592835645120
11254249461130074
11172906086615028
11091562712099982
11010219337584936
10928875963069890
10847532588554844
10766189214039798
10684845839524752
10603502465009706
10522159090494660
10440815715979614
10359472341464568
10278128966949522
10196785592434476
10115442217919430
10034098843404384
9952755468889338
9871412094374292
9790068719859246
9708725345344200
9627381970829154
9546038596314108
9464695221799062
9383351847284016
9302008472768970
9220665098253924
9139321723738878
9057978349223832
8976634974708786
8895291600193740
8813948225678694
8732604851163648
8651261476648602
8569918102133556
8488574727618510
8407231353103464
8325887978588418
8244544604073372
8163201229558326
8081857855043280
8000514480528234
7919171106013188
7837827731498142
7756484356983096
7675140982468050
7593797607953004
7512454233437958
7431110858922912
7349767484407866
7268424109892820
7187080735377774
7105737360862728
7024393986347682
6943050611832636
6861707237317590
6780363862802544
6699020488287498
6617677113772452
6536333739257406
6454990364742360
6373646990227314
6292303615712268
6210960241197222
6129616866682176
6048273492167130
5966930117652084
5885586743137038
5804243368621992
5722899994106946
5641556619591900
5560213245076854
5478869870561808
5397526496046762
5316183121531716
5234839747016670
5153496372501624
5072152997986578
4990809623471532
4909466248956486
4828122874441440
4746779499926394
4665436125411348
4584092750896302
4502749376381256
4421406001866210
4340062627351164
4258719252836118
4177375878321072
4096032503806026
4014689129290980
3933345754775934
3852002380260888
3770659005745842
3689315631230796
3607972256715750
3526628882200704
3445285507685658
3363942133170612
3282598758655566
3201255384140520
3119912009625474
3038568635110428
2957225260595382
2875881886080336
2794538511565290
2713195137050244
2631851762535198
2550508388020152
2469165013505106
2387821638990060
2306478264475014
2225134889959968
2143791515444922
2062448140929876
1981104766414830
1899761391899784
1818418017384738
1737074642869692
1655731268354646
1574387893839600
1493044519324554
1411701144809508
1330357770294462
1249014395779416
1167671021264370
1086327646749324
1004984272234278
923640897719232
842297523204186
760954148689140
679610774174094
598267399659048
516924025144002
435580650628956
354237276113910
272893901598864
191550527083818
110207152568772
28863778053726
14379409430401680
14298066055886634
14216722681371588
14135379306856542
14054035932341496
13972692557826450
13891349183311404
13810005808796358
13728662434281312
13647319059766266
13565975685251220
13484632310736174
13403288936221128
13321945561706082
13240602187191036
13159258812675990
13077915438160944
12996572063645898
12915228689130852
12833885314615806
12752541940100760
12671198565585714
12589855191070668
12508511816555622
12427168442040576
12345825067525530
12264481693010484
12183138318495438
12101794943980392
12020451569465346
11939108194950300
11857764820435254
11776421445920208
11695078071405162
11613734696890116
11532391322375070
11451047947860024
11369704573344978
11288361198829932
11207017824314886
11125674449799840
11044331075284794
10962987700769748
10881644326254702
10800300951739656
10718957577224610
10637614202709564
10556270828194518
10474927453679472
10393584079164426
10312240704649380
10230897330134334
10149553955619288
10068210581104242
9986867206589196
9905523832074150
9824180457559104
9742837083044058
9661493708529012
9580150334013966
9498806959498920
9417463584983874
9336120210468828
9254776835953782
9173433461438736
9092090086923690
9010746712408644
8929403337893598
8848059963378552
8766716588863506
8685373214348460
8604029839833414
8522686465318368
8441343090803322
8359999716288276
8278656341773230
8197312967258184
8115969592743138
8034626218228092
7953282843713046
7871939469198000
7790596094682954
7709252720167908
7627909345652862
7546565971137816
7465222596622770
7383879222107724
7302535847592678
7221192473077632
7139849098562586
7058505724047540
6977162349532494
6895818975017448
6814475600502402
6733132225987356
6651788851472310
6570445476957264
6489102102442218
6407758727927172
6326415353412126
6245071978897080
6163728604382034
6082385229866988
6001041855351942
5919698480836896
5838355106321850
5757011731806804
5675668357291758
5594324982776712
5512981608261666
5431638233746620
5350294859231574
5268951484716528
5187608110201482
5106264735686436
5024921361171390
4943577986656344
4862234612141298
4780891237626252
4699547863111206
4618204488596160
4536861114081114
4455517739566068
4374174365051022
4292830990535976
4211487616020930
4130144241505884
4048800866990838
3967457492475792
3886114117960746
3804770743445700
3723427368930654
3642083994415608
3560740619900562
3479397245385516
3398053870870470
3316710496355424
3235367121840378
3154023747325332
3072680372810286
2991336998295240
2909993623780194
2828650249265148
2747306874750102
2665963500235056
2584620125720010
2503276751204964
2421933376689918
2340590002174872
2259246627659826
2177903253144780
2096559878629734
2015216504114688
1933873129599642
1852529755084596
1771186380569550
1689843006054504
1608499631539458
1527156257024412
1445812882509366
1364469507994320
1283126133479274
1201782758964228
1120439384449182
1039096009934136
957752635419090
876409260904044
795065886388998
713722511873952
632379137358906
551035762843860
469692388328814
388349013813768
307005639298722
225662264783676
144318890268630
62975515753584
14413521168101538
14332177793586492
14250834419071446
14169491044556400
14088147670041354
14006804295526308
13925460921011262
13844117546496216
13762774171981170
13681430797466124
13600087422951078
13518744048436032
13437400673920986
13356057299405940
13274713924890894
13193370550375848
13112027175860802
13030683801345756
12949340426830710
12867997052315664
12786653677800618
12705310303285572
12623966928770526
12542623554255480
12461280179740434
12379936805225388
12298593430710342
12217250056195296
12135906681680250
12054563307165204
11973219932650158
11891876558135112
11810533183620066
11729189809105020
11647846434589974
11566503060074928
11485159685559882
11403816311044836
11322472936529790
11241129562014744
11159786187499698
11078442812984652
10997099438469606
10915756063954560
10834412689439514
10753069314924468
10671725940409422
10590382565894376
10509039191379330
10427695816864284
10346352442349238
10265009067834192
10183665693319146
10102322318804100
10020978944289054
9939635569774008
9858292195258962
9776948820743916
9695605446228870
9614262071713824
9532918697198778
9451575322683732
9370231948168686
9288888573653640
9207545199138594
9126201824623548
9044858450108502
8963515075593456
8882171701078410
8800828326563364
8719484952048318
8638141577533272
8556798203018226
8475454828503180
8394111453988134
8312768079473088
8231424704958042
8150081330442996
8068737955927950
7987394581412904
7906051206897858
7824707832382812
7743364457867766
7662021083352720
7580677708837674
7499334334322628
7417990959807582
7336647585292536
7255304210777490
7173960836262444
7092617461747398
7011274087232352
6929930712717306
6848587338202260
6767243963687214
6685900589172168
6604557214657122
6523213840142076
6441870465627030
6360527091111984
6279183716596938
6197840342081892
6116496967566846
6035153593051800
5953810218536754
5872466844021708
5791123469506662
5709780094991616
5628436720476570
5547093345961524
5465749971446478
5384406596931432
5303063222416386
5221719847901340
5140376473386294
5059033098871248
4977689724356202
4896346349841156
4815002975326110
4733659600811064
4652316226296018
4570972851780972
4489629477265926
4408286102750880
4326942728235834
4245599353720788
4164255979205742
4082912604690696
4001569230175650
3920225855660604
3838882481145558
3757539106630512
3676195732115466
3594852357600420
3513508983085374
3432165608570328
3350822234055282
3269478859540236
3188135485025190
3106792110510144
3025448735995098
2944105361480052
2862761986965006
2781418612449960
2700075237934914
2618731863419868
2537388488904822
2456045114389776
2374701739874730
2293358365359684
2212014990844638
2130671616329592
2049328241814546
1967984867299500
1886641492784454
1805298118269408
1723954743754362
1642611369239316
1561267994724270
1479924620209224
1398581245694178
1317237871179132
1235894496664086
1154551122149040
1073207747633994
991864373118948
910520998603902
829177624088856
747834249573810
666490875058764
585147500543718
503804126028672
422460751513626
341117376998580
259774002483534
178430627968488
97087253453442
15743878938396
14366289531286350
14284946156771304
14203602782256258
14122259407741212
14040916033226166
13959572658711120
13878229284196074
13796885909681028
13715542535165982
13634199160650936
13552855786135890
13471512411620844
13390169037105798
13308825662590752
13227482288075706
13146138913560660
13064795539045614
12983452164530568
12902108790015522
12820765415500476
12739422040985430
12658078666470384
12576735291955338
12495391917440292
12414048542925246
12332705168410200
12251361793895154
12170018419380108
12088675044865062
12007331670350016
11925988295834970
11844644921319924
11763301546804878
11681958172289832
11600614797774786
11519271423259740
11437928048744694
11356584674229648
11275241299714602
11193897925199556
11112554550684510
11031211176169464
10949867801654418
10868524427139372
10787181052624326
10705837678109280
10624494303594234
10543150929079188
10461807554564142
10380464180049096
10299120805534050
10217777431019004
10136434056503958
10055090681988912
9973747307473866
9892403932958820
9811060558443774
9729717183928728
9648373809413682
9567030434898636
9485687060383590
9404343685868544
9323000311353498
9241656936838452
9160313562323406
9078970187808360
8997626813293314
8916283438778268
8834940064263222
8753596689748176
8672253315233130
8590909940718084
8509566566203038
8428223191687992
8346879817172946
8265536442657900
8184193068142854
8102849693627808
8021506319112762
7940162944597716
7858819570082670
7777476195567624
7696132821052578
7614789446537532
7533446072022486
7452102697507440
7370759322992394
7289415948477348
7208072573962302
7126729199447256
7045385824932210
6964042450417164
6882699075902118
6801355701387072
6720012326872026
6638668952356980
6557325577841934
6475982203326888
6394638828811842
6313295454296796
6231952079781750
6150608705266704
6069265330751658
5987921956236612
5906578581721566
5825235207206520
5743891832691474
5662548458176428
5581205083661382
5499861709146336
5418518334631290
5337174960116244
5255831585601198
5174488211086152
5093144836571106
5011801462056060
4930458087541014
4849114713025968
4767771338510922
4686427963995876
4605084589480830
4523741214965784
4442397840450738
4361054465935692
4279711091420646
4198367716905600
4117024342390554
4035680967875508
3954337593360462
3872994218845416
3791650844330370
3710307469815324
3628964095300278
3547620720785232
3466277346270186
3384933971755140
3303590597240094
3222247222725048
3140903848210002
3059560473694956
2978217099179910
2896873724664864
2815530350149818
2734186975634772
2652843601119726
2571500226604680
2490156852089634
2408813477574588
2327470103059542
2246126728544496
2164783354029450
2083439979514404
2002096604999358
1920753230484312
1839409855969266
1758066481454220
1676723106939174
1595379732424128
1514036357909082
1432692983394036
1351349608878990
1270006234363944
1188662859848898
1107319485333852
1025976110818806
944632736303760
863289361788714
781945987273668
700602612758622
619259238243576
537915863728530
456572489213484
375229114698438
293885740183392
212542365668346
131198991153300
49855616638254
14400401268986208
14319057894471162
14237714519956116
14156371145441070
14075027770926024
13993684396410978
13912341021895932
13830997647380886
13749654272865840
13668310898350794
13586967523835748
13505624149320702
13424280774805656
13342937400290610
13261594025775564
13180250651260518
13098907276745472
13017563902230426
12936220527715380
12854877153200334
12773533778685288
12692190404170242
12610847029655196
12529503655140150
12448160280625104
12366816906110058
12285473531595012
12204130157079966
12122786782564920
12041443408049874
11960100033534828
11878756659019782
11797413284504736
11716069909989690
11634726535474644
11553383160959598
11472039786444552
11390696411929506
11309353037414460
11228009662899414
11146666288384368
11065322913869322
10983979539354276
10902636164839230
10821292790324184
10739949415809138
10658606041294092
10577262666779046
10495919292264000
10414575917748954
10333232543233908
10251889168718862
10170545794203816
10089202419688770
10007859045173724
9926515670658678
9845172296143632
9763828921628586
9682485547113540
9601142172598494
9519798798083448
9438455423568402
9357112049053356
9275768674538310
9194425300023264
9113081925508218
9031738550993172
8950395176478126
8869051801963080
8787708427448034
8706365052932988
8625021678417942
8543678303902896
8462334929387850
8380991554872804
8299648180357758
8218304805842712
8136961431327666
8055618056812620
7974274682297574
7892931307782528
7811587933267482
7730244558752436
7648901184237390
7567557809722344
7486214435207298
7404871060692252
7323527686177206
7242184311662160
7160840937147114
7079497562632068
6998154188117022
6916810813601976
6835467439086930
6754124064571884
6672780690056838
6591437315541792
6510093941026746
6428750566511700
6347407191996654
6266063817481608
6184720442966562
6103377068451516
6022033693936470
5940690319421424
5859346944906378
5778003570391332
5696660195876286
5615316821361240
5533973446846194
5452630072331148
5371286697816102
5289943323301056
5208599948786010
5127256574270964
5045913199755918
4964569825240872
4883226450725826
4801883076210780
4720539701695734
4639196327180688
4557852952665642
4476509578150596
4395166203635550
4313822829120504
4232479454605458
4151136080090412
4069792705575366
3988449331060320
3907105956545274
3825762582030228
3744419207515182
3663075833000136
3581732458485090
3500389083970044
3419045709454998
3337702334939952
3256358960424906
3175015585909860
3093672211394814
3012328836879768
2930985462364722
2849642087849676
2768298713334630
2686955338819584
2605611964304538
2524268589789492
2442925215274446
2361581840759400
2280238466244354
2198895091729308
2117551717214262
2036208342699216
1954864968184170
1873521593669124
1792178219154078
1710834844639032
1629491470123986
1548148095608940
1466804721093894
1385461346578848
1304117972063802
1222774597548756
1141431223033710
1060087848518664
978744474003618
897401099488572
816057724973526
734714350458480
653370975943434
572027601428388
490684226913342
409340852398296
327997477883250
246654103368204
165310728853158
83967354338112
2623979823066
14353169632171020
14271826257655974
14190482883140928
14109139508625882
14027796134110836
13946452759595790
13865109385080744
13783766010565698
13702422636050652
13621079261535606
13539735887020560
13458392512505514
13377049137990468
13295705763475422
13214362388960376
13133019014445330
13051675639930284
12970332265415238
12888988890900192
12807645516385146
12726302141870100
12644958767355054
12563615392840008
12482272018324962
12400928643809916
12319585269294870
12238241894779824
12156898520264778
12075555145749732
11994211771234686
11912868396719640
11831525022204594
11750181647689548
11668838273174502
11587494898659456
11506151524144410
11424808149629364
11343464775114318
11262121400599272
11180778026084226
11099434651569180
11018091277054134
10936747902539088
10855404528024042
10774061153508996
10692717778993950
10611374404478904
10530031029963858
10448687655448812
10367344280933766
10286000906418720
10204657531903674
10123314157388628
10041970782873582
9960627408358536
9879284033843490
9797940659328444
9716597284813398
9635253910298352
9553910535783306
9472567161268260
9391223786753214
9309880412238168
9228537037723122
9147193663208076
9065850288693030
8984506914177984
8903163539662938
8821820165147892
8740476790632846
8659133416117800
8577790041602754
8496446667087708
8415103292572662
8333759918057616
8252416543542570
8171073169027524
8089729794512478
8008386419997432
7927043045482386
7845699670967340
7764356296452294
7683012921937248
7601669547422202
7520326172907156
7438982798392110
7357639423877064
7276296049362018
7194952674846972
7113609300331926
7032265925816880
6950922551301834
6869579176786788
6788235802271742
6706892427756696
6625549053241650
6544205678726604
6462862304211558
6381518929696512
6300175555181466
6218832180666420
6137488806151374
6056145431636328
5974802057121282
5893458682606236
5812115308091190
5730771933576144
5649428559061098
5568085184546052
5486741810031006
5405398435515960
5324055061000914
5242711686485868
5161368311970822
5080024937455776
4998681562940730
4917338188425684
4835994813910638
4754651439395592
4673308064880546
4591964690365500
4510621315850454
4429277941335408
4347934566820362
4266591192305316
4185247817790270
4103904443275224
4022561068760178
3941217694245132
3859874319730086
3778530945215040
3697187570699994
3615844196184948
3534500821669902
3453157447154856
3371814072639810
3290470698124764
3209127323609718
3127783949094672
3046440574579626
2965097200064580
2883753825549534
2802410451034488
2721067076519442
2639723702004396
2558380327489350
2477036952974304
2395693578459258
2314350203944212
2233006829429166
2151663454914120
2070320080399074
1988976705884028
1907633331368982
1826289956853936
1744946582338890
1663603207823844
1582259833308798
1500916458793752
1419573084278706
1338229709763660
1256886335248614
1175542960733568
1094199586218522
1012856211703476
931512837188430
850169462673384
768826088158338
687482713643292
606139339128246
524795964613200
443452590098154
362109215583108
280765841068062
199422466553016
118079092037970
36735717522924
14387281369870878
14305937995355832
14224594620840786
14143251246325740
14061907871810694
13980564497295648
13899221122780602
13817877748265556
13736534373750510
13655190999235464
13573847624720418
13492504250205372
13411160875690326
13329817501175280
13248474126660234
13167130752145188
13085787377630142
13004444003115096
12923100628600050
12841757254085004
12760413879569958
12679070505054912
12597727130539866
12516383756024820
12435040381509774
12353697006994728
12272353632479682
12191010257964636
12109666883449590
12028323508934544
11946980134419498
11865636759904452
11784293385389406
11702950010874360
11621606636359314
11540263261844268
11458919887329222
11377576512814176
11296233138299130
11214889763784084
11133546389269038
11052203014753992
10970859640238946
10889516265723900
10808172891208854
10726829516693808
10645486142178762
10564142767663716
10482799393148670
10401456018633624
10320112644118578
10238769269603532
10157425895088486
10076082520573440
9994739146058394
9913395771543348
9832052397028302
9750709022513256
9669365647998210
9588022273483164
9506678898968118
9425335524453072
9343992149938026
9262648775422980
9181305400907934
9099962026392888
9018618651877842
8937275277362796
8855931902847750
8774588528332704
8693245153817658
8611901779302612
8530558404787566
8449215030272520
8367871655757474
8286528281242428
8205184906727382
8123841532212336
8042498157697290
7961154783182244
7879811408667198
7798468034152152
7717124659637106
7635781285122060
7554437910607014
7473094536091968
7391751161576922
7310407787061876
7229064412546830
7147721038031784
7066377663516738
6985034289001692
6903690914486646
6822347539971600
6741004165456554
6659660790941508
6578317416426462
6496974041911416
6415630667396370
6334287292881324
6252943918366278
6171600543851232
6090257169336186
6008913794821140
5927570420306094
5846227045791048
5764883671276002
5683540296760956
5602196922245910
5520853547730864
5439510173215818
5358166798700772
5276823424185726
5195480049670680
5114136675155634
5032793300640588
4951449926125542
4870106551610496
4788763177095450
4707419802580404
4626076428065358
4544733053550312
4463389679035266
4382046304520220
4300702930005174
4219359555490128
4138016180975082
4056672806460036
3975329431944990
3893986057429944
3812642682914898
3731299308399852
3649955933884806
3568612559369760
3487269184854714
3405925810339668
3324582435824622
3243239061309576
3161895686794530
3080552312279484
2999208937764438
2917865563249392
2836522188734346
2755178814219300
2673835439704254
2592492065189208
2511148690674162
2429805316159116
2348461941644070
2267118567129024
2185775192613978
2104431818098932
2023088443583886
1941745069068840
1860401694553794
1779058320038748
1697714945523702
1616371571008656
1535028196493610
1453684821978564
1372341447463518
1290998072948472
1209654698433426
1128311323918380
1046967949403334
965624574888288
884281200373242
802937825858196
721594451343150
640251076828104
558907702313058
477564327798012
396220953282966
314877578767920
233534204252874
152190829737828
70847455222782
14421393107570736
14340049733055690
14258706358540644
14177362984025598
14096019609510552
14014676234995506
13933332860480460
13851989485965414
13770646111450368
13689302736935322
13607959362420276
13526615987905230
13445272613390184
13363929238875138
13282585864360092
13201242489845046
13119899115330000
13038555740814954
12957212366299908
12875868991784862
12794525617269816
12713182242754770
12631838868239724
12550495493724678
12469152119209632
12387808744694586
12306465370179540
12225121995664494
12143778621149448
12062435246634402
11981091872119356
11899748497604310
11818405123089264
11737061748574218
11655718374059172
11574374999544126
11493031625029080
11411688250514034
11330344875998988
11249001501483942
11167658126968896
11086314752453850
11004971377938804
10923628003423758
10842284628908712
10760941254393666
10679597879878620
10598254505363574
10516911130848528
10435567756333482
10354224381818436
10272881007303390
10191537632788344
10110194258273298
10028850883758252
9947507509243206
9866164134728160
9784820760213114
9703477385698068
9622134011183022
9540790636667976
9459447262152930
9378103887637884
9296760513122838
9215417138607792
9134073764092746
9052730389577700
8971387015062654
8890043640547608
8808700266032562
8727356891517516
8646013517002470
8564670142487424
8483326767972378
8401983393457332
8320640018942286
8239296644427240
8157953269912194
8076609895397148
7995266520882102
7913923146367056
7832579771852010
7751236397336964
7669893022821918
7588549648306872
7507206273791826
7425862899276780
7344519524761734
7263176150246688
7181832775731642
7100489401216596
7019146026701550
6937802652186504
6856459277671458
6775115903156412
6693772528641366
6612429154126320
6531085779611274
6449742405096228
6368399030581182
6287055656066136
6205712281551090
6124368907036044
6043025532520998
5961682158005952
5880338783490906
5798995408975860
5717652034460814
5636308659945768
5554965285430722
5473621910915676
5392278536400630
5310935161885584
5229591787370538
5148248412855492
5066905038340446
4985561663825400
4904218289310354
4822874914795308
4741531540280262
4660188165765216
4578844791250170
4497501416735124
4416158042220078
4334814667705032
4253471293189986
4172127918674940
4090784544159894
4009441169644848
3928097795129802
3846754420614756
3765411046099710
3684067671584664
3602724297069618
3521380922554572
3440037548039526
3358694173524480
3277350799009434
3196007424494388
3114664049979342
3033320675464296
2951977300949250
2870633926434204
2789290551919158
2707947177404112
2626603802889066
2545260428374020
2463917053858974
2382573679343928
2301230304828882
2219886930313836
2138543555798790
2057200181283744
1975856806768698
1894513432253652
1813170057738606
1731826683223560
1650483308708514
1569139934193468
1487796559678422
1406453185163376
1325109810648330
1243766436133284
1162423061618238
1081079687103192
999736312588146
918392938073100
837049563558054
755706189043008
674362814527962
593019440012916
511676065497870
430332690982824
348989316467778
267645941952732
186302567437686
104959192922640
23615818407594
14374161470755548
14292818096240502
14211474721725456
14130131347210410
14048787972695364
13967444598180318
13886101223665272
13804757849150226
13723414474635180
13642071100120134
13560727725605088
13479384351090042
13398040976574996
13316697602059950
13235354227544904
13154010853029858
13072667478514812
12991324103999766
12909980729484720
12828637354969674
12747293980454628
12665950605939582
12584607231424536
12503263856909490
12421920482394444
12340577107879398
12259233733364352
12177890358849306
12096546984334260
12015203609819214
11933860235304168
11852516860789122
11771173486274076
11689830111759030
11608486737243984
11527143362728938
11445799988213892
11364456613698846
11283113239183800
11201769864668754
11120426490153708
11039083115638662
10957739741123616
10876396366608570
10795052992093524
10713709617578478
10632366243063432
10551022868548386
10469679494033340
10388336119518294
10306992745003248
10225649370488202
10144305995973156
10062962621458110
9981619246943064
9900275872428018
9818932497912972
9737589123397926
9656245748882880
9574902374367834
9493558999852788
9412215625337742
9330872250822696
9249528876307650
9168185501792604
9086842127277558
9005498752762512
8924155378247466
8842812003732420
8761468629217374
8680125254702328
8598781880187282
8517438505672236
8436095131157190
8354751756642144
8273408382127098
8192065007612052
8110721633097006
8029378258581960
7948034884066914
7866691509551868
7785348135036822
7704004760521776
7622661386006730
7541318011491684
7459974636976638
7378631262461592
7297287887946546
7215944513431500
7134601138916454
7053257764401408
6971914389886362
6890571015371316
6809227640856270
6727884266341224
6646540891826178
6565197517311132
6483854142796086
6402510768281040
6321167393765994
6239824019250948
6158480644735902
6077137270220856
5995793895705810
5914450521190764
5833107146675718
5751763772160672
5670420397645626
5589077023130580
5507733648615534
5426390274100488
5345046899585442
5263703525070396
5182360150555350
5101016776040304
5019673401525258
4938330027010212
4856986652495166
4775643277980120
4694299903465074
4612956528950028
4531613154434982
4450269779919936
4368926405404890
4287583030889844
4206239656374798
4124896281859752
4043552907344706
3962209532829660
3880866158314614
3799522783799568
3718179409284522
3636836034769476
3555492660254430
3474149285739384
3392805911224338
3311462536709292
3230119162194246
3148775787679200
3067432413164154
2986089038649108
2904745664134062
2823402289619016
2742058915103970
2660715540588924
2579372166073878
2498028791558832
2416685417043786
2335342042528740
2253998668013694
2172655293498648
2091311918983602
2009968544468556
1928625169953510
1847281795438464
1765938420923418
1684595046408372
1603251671893326
1521908297378280
1440564922863234
1359221548348188
1277878173833142
1196534799318096
1115191424803050
1033848050288004
952504675772958
871161301257912
789817926742866
708474552227820
627131177712774
545787803197728
464444428682682
383101054167636
301757679652590
220414305137544
139070930622498
57727556107452
14408273208455406
14326929833940360
14245586459425314
14164243084910268
14082899710395222
14001556335880176
13920212961365130
13838869586850084
13757526212335038
13676182837819992
13594839463304946
13513496088789900
13432152714274854
13350809339759808
13269465965244762
13188122590729716
13106779216214670
13025435841699624
12944092467184578
12862749092669532
12781405718154486
12700062343639440
12618718969124394
12537375594609348
12456032220094302
12374688845579256
12293345471064210
12212002096549164
12130658722034118
12049315347519072
11967971973004026
11886628598488980
11805285223973934
11723941849458888
11642598474943842
11561255100428796
11479911725913750
11398568351398704
11317224976883658
11235881602368612
11154538227853566
11073194853338520
10991851478823474
10910508104308428
10829164729793382
10747821355278336
10666477980763290
10585134606248244
10503791231733198
10422447857218152
10341104482703106
10259761108188060
10178417733673014
10097074359157968
10015730984642922
9934387610127876
9853044235612830
9771700861097784
9690357486582738
9609014112067692
9527670737552646
9446327363037600
9364983988522554
9283640614007508
9202297239492462
9120953864977416
9039610490462370
8958267115947324
8876923741432278
8795580366917232
8714236992402186
8632893617887140
8551550243372094
8470206868857048
8388863494342002
8307520119826956
8226176745311910
8144833370796864
8063489996281818
7982146621766772
7900803247251726
7819459872736680
7738116498221634
7656773123706588
7575429749191542
7494086374676496
7412743000161450
7331399625646404
7250056251131358
7168712876616312
7087369502101266
7006026127586220
6924682753071174
6843339378556128
6761996004041082
6680652629526036
6599309255010990
6517965880495944
6436622505980898
6355279131465852
6273935756950806
6192592382435760
6111249007920714
6029905633405668
5948562258890622
5867218884375576
5785875509860530
5704532135345484
5623188760830438
5541845386315392
5460502011800346
5379158637285300
5297815262770254
5216471888255208
5135128513740162
5053785139225116
4972441764710070
4891098390195024
4809755015679978
4728411641164932
4647068266649886
4565724892134840
4484381517619794
4403038143104748
4321694768589702
4240351394074656
4159008019559610
4077664645044564
3996321270529518
3914977896014472
3833634521499426
3752291146984380
3670947772469334
3589604397954288
3508261023439242
3426917648924196
3345574274409150
3264230899894104
3182887525379058
3101544150864012
3020200776348966
2938857401833920
2857514027318874
2776170652803828
2694827278288782
2613483903773736
2532140529258690
2450797154743644
2369453780228598
2288110405713552
2206767031198506
2125423656683460
2044080282168414
1962736907653368
1881393533138322
1800050158623276
1718706784108230
1637363409593184
1556020035078138
1474676660563092
1393333286048046
1311989911533000
1230646537017954
1149303162502908
1067959787987862
986616413472816
905273038957770
823929664442724
742586289927678
661242915412632
579899540897586
498556166382540
417212791867494
335869417352448
254526042837402
173182668322356
91839293807310
10495919292264
14361041571640218
14279698197125172
14198354822610126
14117011448095080
14035668073580034
13954324699064988
13872981324549942
13791637950034896
13710294575519850
13628951201004804
13547607826489758
13466264451974712
13384921077459666
13303577702944620
13222234328429574
13140890953914528
13059547579399482
12978204204884436
12896860830369390
12815517455854344
12734174081339298
12652830706824252
12571487332309206
12490143957794160
12408800583279114
12327457208764068
12246113834249022
12164770459733976
12083427085218930
12002083710703884
11920740336188838
11839396961673792
11758053587158746
11676710212643700
11595366838128654
11514023463613608
11432680089098562
11351336714583516
11269993340068470
11188649965553424
11107306591038378
11025963216523332
10944619842008286
10863276467493240
10781933092978194
10700589718463148
10619246343948102
10537902969433056
10456559594918010
10375216220402964
10293872845887918
10212529471372872
10131186096857826
10049842722342780
9968499347827734
9887155973312688
9805812598797642
9724469224282596
9643125849767550
9561782475252504
9480439100737458
9399095726222412
9317752351707366
9236408977192320
9155065602677274
9073722228162228
8992378853647182
8911035479132136
8829692104617090
8748348730102044
8667005355586998
8585661981071952
8504318606556906
8422975232041860
8341631857526814
8260288483011768
8178945108496722
8097601733981676
8016258359466630
7934914984951584
7853571610436538
7772228235921492
7690884861406446
7609541486891400
7528198112376354
7446854737861308
7365511363346262
7284167988831216
7202824614316170
7121481239801124
7040137865286078
6958794490771032
6877451116255986
6796107741740940
6714764367225894
6633420992710848
6552077618195802
6470734243680756
6389390869165710
6308047494650664
6226704120135618
6145360745620572
6064017371105526
5982673996590480
5901330622075434
5819987247560388
5738643873045342
5657300498530296
5575957124015250
5494613749500204
5413270374985158
5331927000470112
5250583625955066
5169240251440020
5087896876924974
5006553502409928
4925210127894882
4843866753379836
4762523378864790
4681180004349744
4599836629834698
4518493255319652
4437149880804606
4355806506289560
4274463131774514
4193119757259468
4111776382744422
4030433008229376
3949089633714330
3867746259199284
3786402884684238
3705059510169192
3623716135654146
3542372761139100
3461029386624054
3379686012109008
3298342637593962
3216999263078916
3135655888563870
3054312514048824
2972969139533778
2891625765018732
2810282390503686
2728939015988640
2647595641473594
2566252266958548
2484908892443502
2403565517928456
2322222143413410
2240878768898364
2159535394383318
2078192019868272
1996848645353226
1915505270838180
1834161896323134
1752818521808088
1671475147293042
1590131772777996
1508788398262950
1427445023747904
1346101649232858
1264758274717812
1183414900202766
1102071525687720
1020728151172674
939384776657628
858041402142582
776698027627536
695354653112490
614011278597444
532667904082398
451324529567352
369981155052306
288637780537260
207294406022214
125951031507168
44607656992122
14395153309340076
14313809934825030
14232466560309984
14151123185794938
14069779811279892
13988436436764846
13907093062249800
13825749687734754
13744406313219708
13663062938704662
13581719564189616
13500376189674570
13419032815159524
13337689440644478
13256346066129432
13175002691614386
13093659317099340
13012315942584294
12930972568069248
12849629193554202
12768285819039156
12686942444524110
12605599070009064
12524255695494018
12442912320978972
12361568946463926
12280225571948880
12198882197433834
12117538822918788
12036195448403742
11954852073888696
11873508699373650
11792165324858604
11710821950343558
11629478575828512
11548135201313466
11466791826798420
11385448452283374
11304105077768328
11222761703253282
11141418328738236
11060074954223190
10978731579708144
10897388205193098
10816044830678052
10734701456163006
10653358081647960
10572014707132914
10490671332617868
10409327958102822
10327984583587776
10246641209072730
10165297834557684
10083954460042638
10002611085527592
9921267711012546
9839924336497500
9758580961982454
9677237587467408
9595894212952362
9514550838437316
9433207463922270
9351864089407224
9270520714892178
9189177340377132
9107833965862086
9026490591347040
8945147216831994
8863803842316948
8782460467801902
8701117093286856
8619773718771810
8538430344256764
8457086969741718
8375743595226672
8294400220711626
8213056846196580
8131713471681534
8050370097166488
7969026722651442
7887683348136396
7806339973621350
7724996599106304
7643653224591258
7562309850076212
7480966475561166
7399623101046120
7318279726531074
7236936352016028
7155592977500982
7074249602985936
6992906228470890
6911562853955844
6830219479440798
6748876104925752
6667532730410706
6586189355895660
6504845981380614
6423502606865568
6342159232350522
6260815857835476
6179472483320430
6098129108805384
6016785734290338
5935442359775292
5854098985260246
5772755610745200
5691412236230154
5610068861715108
5528725487200062
5447382112685016
5366038738169970
5284695363654924
5203351989139878
5122008614624832
5040665240109786
4959321865594740
4877978491079694
4796635116564648
4715291742049602
4633948367534556
4552604993019510
4471261618504464
4389918243989418
4308574869474372
4227231494959326
4145888120444280
4064544745929234
3983201371414188
3901857996899142
3820514622384096
3739171247869050
3657827873354004
3576484498838958
3495141124323912
3413797749808866
3332454375293820
3251111000778774
3169767626263728
3088424251748682
3007080877233636
2925737502718590
2844394128203544
2763050753688498
2681707379173452
2600364004658406
2519020630143360
2437677255628314
2356333881113268
2274990506598222
2193647132083176
2112303757568130
2030960383053084
1949617008538038
1868273634022992
1786930259507946
1705586884992900
1624243510477854
1542900135962808
1461556761447762
1380213386932716
1298870012417670
1217526637902624
1136183263387578
1054839888872532
973496514357486
892153139842440
810809765327394
729466390812348
648123016297302
566779641782256
485436267267210
404092892752164
322749518237118
241406143722072
160062769207026
78719394691980
14429265047039934
14347921672524888
14266578298009842
14185234923494796
14103891548979750
14022548174464704
13941204799949658
13859861425434612
13778518050919566
13697174676404520
13615831301889474
13534487927374428
13453144552859382
13371801178344336
13290457803829290
13209114429314244
13127771054799198
13046427680284152
12965084305769106
12883740931254060
12802397556739014
12721054182223968
12639710807708922
12558367433193876
12477024058678830
12395680684163784
12314337309648738
12232993935133692
12151650560618646
12070307186103600
11988963811588554
11907620437073508
11826277062558462
11744933688043416
11663590313528370
11582246939013324
11500903564498278
11419560189983232
11338216815468186
11256873440953140
11175530066438094
11094186691923048
11012843317408002
10931499942892956
10850156568377910
10768813193862864
10687469819347818
10606126444832772
10524783070317726
10443439695802680
10362096321287634
10280752946772588
10199409572257542
10118066197742496
10036722823227450
9955379448712404
9874036074197358
9792692699682312
9711349325167266
9630005950652220
9548662576137174
9467319201622128
9385975827107082
9304632452592036
9223289078076990
9141945703561944
9060602329046898
8979258954531852
8897915580016806
8816572205501760
8735228830986714
8653885456471668
8572542081956622
8491198707441576
8409855332926530
8328511958411484
8247168583896438
8165825209381392
8084481834866346
8003138460351300
7921795085836254
7840451711321208
7759108336806162
7677764962291116
7596421587776070
7515078213261024
7433734838745978
7352391464230932
7271048089715886
7189704715200840
7108361340685794
7027017966170748
6945674591655702
6864331217140656
6782987842625610
6701644468110564
6620301093595518
6538957719080472
6457614344565426
6376270970050380
6294927595535334
6213584221020288
6132240846505242
6050897471990196
5969554097475150
5888210722960104
5806867348445058
5725523973930012
5644180599414966
5562837224899920
5481493850384874
5400150475869828
5318807101354782
5237463726839736
5156120352324690
5074776977809644
4993433603294598
4912090228779552
4830746854264506
4749403479749460
4668060105234414
4586716730719368
4505373356204322
4424029981689276
4342686607174230
4261343232659184
4179999858144138
4098656483629092
4017313109114046
3935969734599000
3854626360083954
3773282985568908
3691939611053862
3610596236538816
3529252862023770
3447909487508724
3366566112993678
3285222738478632
3203879363963586
3122535989448540
3041192614933494
2959849240418448
2878505865903402
2797162491388356
2715819116873310
2634475742358264
2553132367843218
2471788993328172
2390445618813126
2309102244298080
2227758869783034
2146415495267988
2065072120752942
1983728746237896
1902385371722850
1821041997207804
1739698622692758
1658355248177712
1577011873662666
1495668499147620
1414325124632574
1332981750117528
1251638375602482
1170295001087436
1088951626572390
1007608252057344
926264877542298
844921503027252
763578128512206
682234753997160
600891379482114
519548004967068
438204630452022
356861255936976
275517881421930
194174506906884
112831132391838
31487757876792
14382033410224746
14300690035709700
14219346661194654
14138003286679608
14056659912164562
13975316537649516
13893973163134470
13812629788619424
13731286414104378
13649943039589332
13568599665074286
13487256290559240
13405912916044194
13324569541529148
13243226167014102
13161882792499056
13080539417984010
12999196043468964
12917852668953918
12836509294438872
12755165919923826
12673822545408780
12592479170893734
12511135796378688
12429792421863642
12348449047348596
12267105672833550
12185762298318504
12104418923803458
12023075549288412
11941732174773366
11860388800258320
11779045425743274
11697702051228228
11616358676713182
11535015302198136
11453671927683090
11372328553168044
11290985178652998
11209641804137952
11128298429622906
11046955055107860
10965611680592814
10884268306077768
10802924931562722
10721581557047676
10640238182532630
10558894808017584
10477551433502538
10396208058987492
10314864684472446
10233521309957400
10152177935442354
10070834560927308
9989491186412262
9908147811897216
9826804437382170
9745461062867124
9664117688352078
9582774313837032
9501430939321986
9420087564806940
9338744190291894
9257400815776848
9176057441261802
9094714066746756
9013370692231710
8932027317716664
8850683943201618
8769340568686572
8687997194171526
8606653819656480
8525310445141434
8443967070626388
8362623696111342
8281280321596296
8199936947081250
8118593572566204
8037250198051158
7955906823536112
7874563449021066
7793220074506020
7711876699990974
7630533325475928
7549189950960882
7467846576445836
7386503201930790
7305159827415744
7223816452900698
7142473078385652
7061129703870606
6979786329355560
6898442954840514
6817099580325468
6735756205810422
6654412831295376
6573069456780330
6491726082265284
6410382707750238
6329039333235192
6247695958720146
6166352584205100
6085009209690054
6003665835175008
5922322460659962
5840979086144916
5759635711629870
5678292337114824
5596948962599778
5515605588084732
5434262213569686
5352918839054640
5271575464539594
5190232090024548
5108888715509502
5027545340994456
4946201966479410
4864858591964364
4783515217449318
4702171842934272
4620828468419226
4539485093904180
4458141719389134
4376798344874088
4295454970359042
4214111595843996
4132768221328950
4051424846813904
3970081472298858
3888738097783812
3807394723268766
3726051348753720
3644707974238674
3563364599723628
3482021225208582
3400677850693536
3319334476178490
3237991101663444
3156647727148398
3075304352633352
2993960978118306
2912617603603260
2831274229088214
2749930854573168
2668587480058122
2587244105543076
2505900731028030
2424557356512984
2343213981997938
2261870607482892
2180527232967846
2099183858452800
2017840483937754
1936497109422708
1855153734907662
1773810360392616
1692466985877570
1611123611362524
1529780236847478
1448436862332432
1367093487817386
1285750113302340
1204406738787294
1123063364272248
1041719989757202
960376615242156
879033240727110
797689866212064
716346491697018
635003117181972
553659742666926
472316368151880
390972993636834
309629619121788
228286244606742
146942870091696
65599495576650
14416145147924604
14334801773409558
14253458398894512
14172115024379466
14090771649864420
14009428275349374
13928084900834328
13846741526319282
13765398151804236
13684054777289190
13602711402774144
13521368028259098
13440024653744052
13358681279229006
13277337904713960
13195994530198914
13114651155683868
13033307781168822
12951964406653776
12870621032138730
12789277657623684
12707934283108638
12626590908593592
12545247534078546
12463904159563500
12382560785048454
12301217410533408
12219874036018362
12138530661503316
12057187286988270
11975843912473224
11894500537958178
11813157163443132
11731813788928086
11650470414413040
11569127039897994
11487783665382948
11406440290867902
11325096916352856
11243753541837810
11162410167322764
11081066792807718
10999723418292672
10918380043777626
10837036669262580
10755693294747534
10674349920232488
10593006545717442
10511663171202396
10430319796687350
10348976422172304
10267633047657258
10186289673142212
10104946298627166
10023602924112120
9942259549597074
9860916175082028
9779572800566982
9698229426051936
9616886051536890
9535542677021844
9454199302506798
9372855927991752
9291512553476706
9210169178961660
9128825804446614
9047482429931568
8966139055416522
8884795680901476
8803452306386430
8722108931871384
8640765557356338
8559422182841292
8478078808326246
8396735433811200
8315392059296154
8234048684781108
8152705310266062
8071361935751016
7990018561235970
7908675186720924
7827331812205878
7745988437690832
7664645063175786
7583301688660740
7501958314145694
7420614939630648
7339271565115602
7257928190600556
7176584816085510
7095241441570464
7013898067055418
6932554692540372
6851211318025326
6769867943510280
6688524568995234
6607181194480188
6525837819965142
6444494445450096
6363151070935050
6281807696420004
6200464321904958
6119120947389912
6037777572874866
5956434198359820
5875090823844774
5793747449329728
5712404074814682
5631060700299636
5549717325784590
5468373951269544
5387030576754498
5305687202239452
5224343827724406
5143000453209360
5061657078694314
4980313704179268
4898970329664222
4817626955149176
4736283580634130
4654940206119084
4573596831604038
4492253457088992
4410910082573946
4329566708058900
4248223333543854
4166879959028808
4085536584513762
4004193209998716
3922849835483670
3841506460968624
3760163086453578
3678819711938532
3597476337423486
3516132962908440
3434789588393394
3353446213878348
3272102839363302
3190759464848256
3109416090333210
3028072715818164
2946729341303118
2865385966788072
2784042592273026
2702699217757980
2621355843242934
2540012468727888
2458669094212842
2377325719697796
2295982345182750
2214638970667704
2133295596152658
2051952221637612
1970608847122566
1889265472607520
1807922098092474
1726578723577428
1645235349062382
1563891974547336
1482548600032290
1401205225517244
1319861851002198
1238518476487152
1157175101972106
1075831727457060
994488352942014
913144978426968
831801603911922
750458229396876
669114854881830
587771480366784
506428105851738
425084731336692
343741356821646
262397982306600
181054607791554
99711233276508
18367858761462
14368913511109416
14287570136594370
14206226762079324
14124883387564278
14043540013049232
13962196638534186
13880853264019140
13799509889504094
13718166514989048
13636823140474002
13555479765958956
13474136391443910
13392793016928864
13311449642413818
13230106267898772
13148762893383726
13067419518868680
12986076144353634
12904732769838588
12823389395323542
12742046020808496
12660702646293450
12579359271778404
12498015897263358
12416672522748312
12335329148233266
12253985773718220
12172642399203174
12091299024688128
12009955650173082
11928612275658036
11847268901142990
11765925526627944
11684582152112898
11603238777597852
11521895403082806
11440552028567760
11359208654052714
11277865279537668
11196521905022622
11115178530507576
11033835155992530
10952491781477484
10871148406962438
10789805032447392
10708461657932346
10627118283417300
10545774908902254
10464431534387208
10383088159872162
10301744785357116
10220401410842070
10139058036327024
10057714661811978
9976371287296932
9895027912781886
9813684538266840
9732341163751794
9650997789236748
9569654414721702
9488311040206656
9406967665691610
9325624291176564
9244280916661518
9162937542146472
9081594167631426
9000250793116380
8918907418601334
8837564044086288
8756220669571242
8674877295056196
8593533920541150
8512190546026104
8430847171511058
8349503796996012
8268160422480966
8186817047965920
8105473673450874
8024130298935828
7942786924420782
7861443549905736
7780100175390690
7698756800875644
7617413426360598
7536070051845552
7454726677330506
7373383302815460
7292039928300414
7210696553785368
7129353179270322
7048009804755276
6966666430240230
6885323055725184
6803979681210138
6722636306695092
6641292932180046
6559949557665000
6478606183149954
6397262808634908
6315919434119862
6234576059604816
6153232685089770
6071889310574724
5990545936059678
5909202561544632
5827859187029586
5746515812514540
5665172437999494
5583829063484448
5502485688969402
5421142314454356
5339798939939310
5258455565424264
5177112190909218
5095768816394172
5014425441879126
4933082067364080
4851738692849034
4770395318333988
4689051943818942
4607708569303896
4526365194788850
4445021820273804
4363678445758758
4282335071243712
4200991696728666
4119648322213620
4038304947698574
3956961573183528
3875618198668482
3794274824153436
3712931449638390
3631588075123344
3550244700608298
3468901326093252
3387557951578206
3306214577063160
3224871202548114
3143527828033068
3062184453518022
2980841079002976
2899497704487930
2818154329972884
2736810955457838
2655467580942792
2574124206427746
2492780831912700
2411437457397654
2330094082882608
2248750708367562
2167407333852516
2086063959337470
2004720584822424
1923377210307378
1842033835792332
1760690461277286
1679347086762240
1598003712247194
1516660337732148
1435316963217102
1353973588702056
1272630214187010
1191286839671964
1109943465156918
1028600090641872
947256716126826
865913341611780
784569967096734
703226592581688
621883218066642
540539843551596
459196469036550
377853094521504
296509720006458
215166345491412
133822970976366
52479596461320
14403025248809274
14321681874294228
14240338499779182
14158995125264136
14077651750749090
13996308376234044
13914965001718998
13833621627203952
13752278252688906
13670934878173860
13589591503658814
13508248129143768
13426904754628722
13345561380113676
13264218005598630
13182874631083584
13101531256568538
13020187882053492
12938844507538446
12857501133023400
12776157758508354
12694814383993308
12613471009478262
12532127634963216
12450784260448170
12369440885933124
12288097511418078
12206754136903032
12125410762387986
12044067387872940
11962724013357894
11881380638842848
11800037264327802
11718693889812756
11637350515297710
11556007140782664
11474663766267618
11393320391752572
11311977017237526
11230633642722480
11149290268207434
11067946893692388
10986603519177342
10905260144662296
10823916770147250
10742573395632204
10661230021117158
10579886646602112
10498543272087066
10417199897572020
10335856523056974
10254513148541928
10173169774026882
10091826399511836
10010483024996790
9929139650481744
9847796275966698
9766452901451652
9685109526936606
9603766152421560
9522422777906514
9441079403391468
9359736028876422
9278392654361376
9197049279846330
9115705905331284
9034362530816238
8953019156301192
8871675781786146
8790332407271100
8708989032756054
8627645658241008
8546302283725962
8464958909210916
8383615534695870
8302272160180824
8220928785665778
8139585411150732
8058242036635686
7976898662120640
7895555287605594
7814211913090548
7732868538575502
7651525164060456
7570181789545410
7488838415030364
7407495040515318
7326151666000272
7244808291485226
7163464916970180
7082121542455134
7000778167940088
6919434793425042
6838091418909996
6756748044394950
6675404669879904
6594061295364858
6512717920849812
6431374546334766
6350031171819720
6268687797304674
6187344422789628
6106001048274582
6024657673759536
5943314299244490
5861970924729444
5780627550214398
5699284175699352
5617940801184306
5536597426669260
5455254052154214
5373910677639168
5292567303124122
5211223928609076
5129880554094030
5048537179578984
4967193805063938
4885850430548892
4804507056033846
4723163681518800
4641820307003754
4560476932488708
4479133557973662
4397790183458616
4316446808943570
4235103434428524
4153760059913478
4072416685398432
3991073310883386
3909729936368340
3828386561853294
3747043187338248
3665699812823202
3584356438308156
3503013063793110
3421669689278064
3340326314763018
3258982940247972
3177639565732926
3096296191217880
3014952816702834
2933609442187788
2852266067672742
2770922693157696
2689579318642650
2608235944127604
2526892569612558
2445549195097512
2364205820582466
2282862446067420
2201519071552374
2120175697037328
2038832322522282
1957488948007236
1876145573492190
1794802198977144
1713458824462098
1632115449947052
1550772075432006
1469428700916960
1388085326401914
1306741951886868
1225398577371822
1144055202856776
1062711828341730
981368453826684
900025079311638
818681704796592
737338330281546
655994955766500
574651581251454
493308206736408
411964832221362
330621457706316
249278083191270
167934708676224
86591334161178
5247959646132
14355793611994086
14274450237479040
14193106862963994
14111763488448948
14030420113933902
13949076739418856
13867733364903810
13786389990388764
13705046615873718
13623703241358672
13542359866843626
13461016492328580
13379673117813534
13298329743298488
13216986368783442
13135642994268396
13054299619753350
12972956245238304
12891612870723258
12810269496208212
12728926121693166
12647582747178120
12566239372663074
12484895998148028
12403552623632982
12322209249117936
12240865874602890
12159522500087844
12078179125572798
11996835751057752
11915492376542706
11834149002027660
11752805627512614
11671462252997568
11590118878482522
11508775503967476
11427432129452430
11346088754937384
11264745380422338
11183402005907292
11102058631392246
11020715256877200
10939371882362154
10858028507847108
10776685133332062
10695341758817016
10613998384301970
10532655009786924
10451311635271878
10369968260756832
10288624886241786
10207281511726740
10125938137211694
10044594762696648
9963251388181602
9881908013666556
9800564639151510
9719221264636464
9637877890121418
9556534515606372
9475191141091326
9393847766576280
9312504392061234
9231161017546188
9149817643031142
9068474268516096
8987130894001050
8905787519486004
8824444144970958
8743100770455912
8661757395940866
8580414021425820
8499070646910774
8417727272395728
8336383897880682
8255040523365636
8173697148850590
8092353774335544
8011010399820498
7929667025305452
7848323650790406
7766980276275360
7685636901760314
7604293527245268
7522950152730222
7441606778215176
7360263403700130
7278920029185084
7197576654670038
7116233280154992
7034889905639946
6953546531124900
6872203156609854
6790859782094808
6709516407579762
6628173033064716
6546829658549670
6465486284034624
6384142909519578
6302799535004532
6221456160489486
6140112785974440
6058769411459394
5977426036944348
5896082662429302
5814739287914256
5733395913399210
5652052538884164
5570709164369118
5489365789854072
5408022415339026
5326679040823980
5245335666308934
5163992291793888
5082648917278842
5001305542763796
4919962168248750
4838618793733704
4757275419218658
4675932044703612
4594588670188566
4513245295673520
4431901921158474
4350558546643428
4269215172128382
4187871797613336
4106528423098290
4025185048583244
3943841674068198
3862498299553152
3781154925038106
3699811550523060
3618468176008014
3537124801492968
3455781426977922
3374438052462876
3293094677947830
3211751303432784
3130407928917738
3049064554402692
2967721179887646
2886377805372600
2805034430857554
2723691056342508
2642347681827462
2561004307312416
2479660932797370
2398317558282324
2316974183767278
2235630809252232
2154287434737186
2072944060222140
1991600685707094
1910257311192048
1828913936677002
1747570562161956
1666227187646910
1584883813131864
1503540438616818
1422197064101772
1340853689586726
1259510315071680
1178166940556634
1096823566041588
1015480191526542
934136817011496
852793442496450
771450067981404
690106693466358
608763318951312
527419944436266
446076569921220
364733195406174
283389820891128
202046446376082
120703071861036
39359697345990
14389905349693944
14308561975178898
14227218600663852
14145875226148806
14064531851633760
13983188477118714
13901845102603668
13820501728088622
13739158353573576
13657814979058530
13576471604543484
13495128230028438
13413784855513392
13332441480998346
13251098106483300
13169754731968254
13088411357453208
13007067982938162
12925724608423116
12844381233908070
12763037859393024
12681694484877978
12600351110362932
12519007735847886
12437664361332840
12356320986817794
12274977612302748
12193634237787702
12112290863272656
12030947488757610
11949604114242564
11868260739727518
11786917365212472
11705573990697426
11624230616182380
11542887241667334
11461543867152288
11380200492637242
11298857118122196
11217513743607150
11136170369092104
11054826994577058
10973483620062012
10892140245546966
10810796871031920
10729453496516874
10648110122001828
10566766747486782
10485423372971736
10404079998456690
10322736623941644
10241393249426598
10160049874911552
10078706500396506
9997363125881460
9916019751366414
9834676376851368
9753333002336322
9671989627821276
9590646253306230
9509302878791184
9427959504276138
9346616129761092
9265272755246046
9183929380731000
9102586006215954
9021242631700908
8939899257185862
8858555882670816
8777212508155770
8695869133640724
8614525759125678
8533182384610632
8451839010095586
8370495635580540
8289152261065494
8207808886550448
8126465512035402
8045122137520356
7963778763005310
7882435388490264
7801092013975218
7719748639460172
7638405264945126
7557061890430080
7475718515915034
7394375141399988
7313031766884942
7231688392369896
7150345017854850
7069001643339804
6987658268824758
6906314894309712
6824971519794666
6743628145279620
6662284770764574
6580941396249528
6499598021734482
6418254647219436
6336911272704390
6255567898189344
6174224523674298
6092881149159252
6011537774644206
5930194400129160
5848851025614114
5767507651099068
5686164276584022
5604820902068976
5523477527553930
5442134153038884
5360790778523838
5279447404008792
5198104029493746
5116760654978700
5035417280463654
4954073905948608
4872730531433562
4791387156918516
4710043782403470
4628700407888424
4547357033373378
4466013658858332
4384670284343286
4303326909828240
4221983535313194
4140640160798148
4059296786283102
3977953411768056
3896610037253010
3815266662737964
3733923288222918
3652579913707872
3571236539192826
3489893164677780
3408549790162734
3327206415647688
3245863041132642
3164519666617596
3083176292102550
3001832917587504
2920489543072458
2839146168557412
2757802794042366
2676459419527320
2595116045012274
2513772670497228
2432429295982182
2351085921467136
2269742546952090
2188399172437044
2107055797921998
2025712423406952
1944369048891906
1863025674376860
1781682299861814
1700338925346768
1618995550831722
1537652176316676
1456308801801630
1374965427286584
1293622052771538
1212278678256492
1130935303741446
1049591929226400
968248554711354
886905180196308
805561805681262
724218431166216
642875056651170
561531682136124
480188307621078
398844933106032
317501558590986
236158184075940
154814809560894
73471435045848
14424017087393802
14342673712878756
14261330338363710
14179986963848664
14098643589333618
14017300214818572
13935956840303526
13854613465788480
13773270091273434
13691926716758388
13610583342243342
13529239967728296
13447896593213250
13366553218698204
13285209844183158
13203866469668112
13122523095153066
13041179720638020
12959836346122974
12878492971607928
12797149597092882
12715806222577836
12634462848062790
12553119473547744
12471776099032698
12390432724517652
12309089350002606
12227745975487560
12146402600972514
12065059226457468
11983715851942422
11902372477427376
11821029102912330
11739685728397284
11658342353882238
11576998979367192
11495655604852146
11414312230337100
11332968855822054
11251625481307008
11170282106791962
11088938732276916
11007595357761870
10926251983246824
10844908608731778
10763565234216732
10682221859701686
10600878485186640
10519535110671594
10438191736156548
10356848361641502
10275504987126456
10194161612611410
10112818238096364
10031474863581318
9950131489066272
9868788114551226
9787444740036180
9706101365521134
9624757991006088
9543414616491042
9462071241975996
9380727867460950
9299384492945904
9218041118430858
9136697743915812
9055354369400766
8974010994885720
8892667620370674
8811324245855628
8729980871340582
8648637496825536
8567294122310490
8485950747795444
8404607373280398
8323263998765352
8241920624250306
8160577249735260
8079233875220214
7997890500705168
7916547126190122
7835203751675076
7753860377160030
7672517002644984
7591173628129938
7509830253614892
7428486879099846
7347143504584800
7265800130069754
7184456755554708
7103113381039662
7021770006524616
6940426632009570
6859083257494524
6777739882979478
6696396508464432
6615053133949386
6533709759434340
6452366384919294
6371023010404248
6289679635889202
6208336261374156
6126992886859110
6045649512344064
5964306137829018
5882962763313972
5801619388798926
5720276014283880
5638932639768834
5557589265253788
5476245890738742
5394902516223696
5313559141708650
5232215767193604
5150872392678558
5069529018163512
4988185643648466
4906842269133420
4825498894618374
4744155520103328
4662812145588282
4581468771073236
4500125396558190
4418782022043144
4337438647528098
4256095273013052
4174751898498006
4093408523982960
4012065149467914
3930721774952868
3849378400437822
3768035025922776
3686691651407730
3605348276892684
3524004902377638
3442661527862592
3361318153347546
3279974778832500
3198631404317454
3117288029802408
3035944655287362
2954601280772316
2873257906257270
2791914531742224
2710571157227178
2629227782712132
2547884408197086
2466541033682040
2385197659166994
2303854284651948
2222510910136902
2141167535621856
2059824161106810
1978480786591764
1897137412076718
1815794037561672
1734450663046626
1653107288531580
1571763914016534
1490420539501488
1409077164986442
1327733790471396
1246390415956350
1165047041441304
1083703666926258
1002360292411212
921016917896166
839673543381120
758330168866074
676986794351028
595643419835982
514300045320936
432956670805890
351613296290844
270269921775798
188926547260752
107583172745706
26239798230660
14376785450578614
14295442076063568
14214098701548522
14132755327033476
14051411952518430
13970068578003384
13888725203488338
13807381828973292
13726038454458246
13644695079943200
13563351705428154
13482008330913108
13400664956398062
13319321581883016
13237978207367970
13156634832852924
13075291458337878
12993948083822832
12912604709307786
12831261334792740
12749917960277694
12668574585762648
12587231211247602
12505887836732556
12424544462217510
12343201087702464
12261857713187418
12180514338672372
12099170964157326
12017827589642280
11936484215127234
11855140840612188
11773797466097142
11692454091582096
11611110717067050
11529767342552004
11448423968036958
11367080593521912
11285737219006866
11204393844491820
11123050469976774
11041707095461728
10960363720946682
10879020346431636
10797676971916590
10716333597401544
10634990222886498
10553646848371452
10472303473856406
10390960099341360
10309616724826314
10228273350311268
10146929975796222
10065586601281176
9984243226766130
9902899852251084
9821556477736038
9740213103220992
9658869728705946
9577526354190900
9496182979675854
9414839605160808
9333496230645762
9252152856130716
9170809481615670
9089466107100624
9008122732585578
8926779358070532
8845435983555486
8764092609040440
8682749234525394
8601405860010348
8520062485495302
8438719110980256
8357375736465210
8276032361950164
8194688987435118
8113345612920072
8032002238405026
7950658863889980
7869315489374934
7787972114859888
7706628740344842
7625285365829796
7543941991314750
7462598616799704
7381255242284658
7299911867769612
7218568493254566
7137225118739520
7055881744224474
6974538369709428
6893194995194382
6811851620679336
6730508246164290
6649164871649244
6567821497134198
6486478122619152
6405134748104106
6323791373589060
6242447999074014
6161104624558968
6079761250043922
5998417875528876
5917074501013830
5835731126498784
5754387751983738
5673044377468692
5591701002953646
5510357628438600
5429014253923554
5347670879408508
5266327504893462
5184984130378416
5103640755863370
5022297381348324
4940954006833278
4859610632318232
4778267257803186
4696923883288140
4615580508773094
4534237134258048
4452893759743002
4371550385227956
4290207010712910
4208863636197864
4127520261682818
4046176887167772
3964833512652726
3883490138137680
3802146763622634
3720803389107588
3639460014592542
3558116640077496
3476773265562450
3395429891047404
3314086516532358
3232743142017312
3151399767502266
3070056392987220
2988713018472174
2907369643957128
2826026269442082
2744682894927036
2663339520411990
2581996145896944
2500652771381898
2419309396866852
2337966022351806
2256622647836760
2175279273321714
2093935898806668
2012592524291622
1931249149776576
1849905775261530
1768562400746484
1687219026231438
1605875651716392
1524532277201346
1443188902686300
1361845528171254
1280502153656208
1199158779141162
1117815404626116
1036472030111070
955128655596024
873785281080978
792441906565932
711098532050886
629755157535840
548411783020794
467068408505748
385725033990702
304381659475656
223038284960610
141694910445564
60351535930518
14410897188278472
14329553813763426
14248210439248380
14166867064733334
14085523690218288
14004180315703242
13922836941188196
13841493566673150
13760150192158104
13678806817643058
13597463443128012
13516120068612966
13434776694097920
13353433319582874
13272089945067828
13190746570552782
13109403196037736
13028059821522690
12946716447007644
12865373072492598
12784029697977552
12702686323462506
12621342948947460
12539999574432414
12458656199917368
12377312825402322
12295969450887276
12214626076372230
12133282701857184
12051939327342138
11970595952827092
11889252578312046
11807909203797000
11726565829281954
11645222454766908
11563879080251862
11482535705736816
11401192331221770
11319848956706724
11238505582191678
11157162207676632
11075818833161586
10994475458646540
10913132084131494
10831788709616448
10750445335101402
10669101960586356
10587758586071310
10506415211556264
10425071837041218
10343728462526172
10262385088011126
10181041713496080
10099698338981034
10018354964465988
9937011589950942
9855668215435896
9774324840920850
9692981466405804
9611638091890758
9530294717375712
9448951342860666
9367607968345620
9286264593830574
9204921219315528
9123577844800482
9042234470285436
8960891095770390
8879547721255344
8798204346740298
8716860972225252
8635517597710206
8554174223195160
8472830848680114
8391487474165068
8310144099650022
8228800725134976
8147457350619930
8066113976104884
7984770601589838
7903427227074792
7822083852559746
7740740478044700
7659397103529654
7578053729014608
7496710354499562
7415366979984516
7334023605469470
7252680230954424
7171336856439378
7089993481924332
7008650107409286
6927306732894240
6845963358379194
6764619983864148
6683276609349102
6601933234834056
6520589860319010
6439246485803964
6357903111288918
6276559736773872
6195216362258826
6113872987743780
6032529613228734
5951186238713688
5869842864198642
5788499489683596
5707156115168550
5625812740653504
5544469366138458
5463125991623412
5381782617108366
5300439242593320
5219095868078274
5137752493563228
5056409119048182
4975065744533136
4893722370018090
4812378995503044
4731035620987998
4649692246472952
4568348871957906
4487005497442860
4405662122927814
4324318748412768
4242975373897722
4161631999382676
4080288624867630
3998945250352584
3917601875837538
3836258501322492
3754915126807446
3673571752292400
3592228377777354
3510885003262308
3429541628747262
3348198254232216
3266854879717170
3185511505202124
3104168130687078
3022824756172032
2941481381656986
2860138007141940
2778794632626894
2697451258111848
2616107883596802
2534764509081756
2453421134566710
2372077760051664
2290734385536618
2209391011021572
2128047636506526
2046704261991480
1965360887476434
1884017512961388
1802674138446342
1721330763931296
1639987389416250
1558644014901204
1477300640386158
1395957265871112
1314613891356066
1233270516841020
1151927142325974
1070583767810928
989240393295882
907897018780836
826553644265790
745210269750744
663866895235698
582523520720652
501180146205606
419836771690560
338493397175514
257150022660468
175806648145422
94463273630376
13119899115330
14363665551463284
14282322176948238
14200978802433192
14119635427918146
14038292053403100
13956948678888054
13875605304373008
13794261929857962
13712918555342916
13631575180827870
13550231806312824
13468888431797778
13387545057282732
13306201682767686
13224858308252640
13143514933737594
13062171559222548
12980828184707502
12899484810192456
12818141435677410
12736798061162364
12655454686647318
12574111312132272
12492767937617226
12411424563102180
12330081188587134
12248737814072088
12167394439557042
12086051065041996
12004707690526950
11923364316011904
11842020941496858
11760677566981812
11679334192466766
11597990817951720
11516647443436674
11435304068921628
11353960694406582
11272617319891536
11191273945376490
11109930570861444
11028587196346398
10947243821831352
10865900447316306
10784557072801260
10703213698286214
10621870323771168
10540526949256122
10459183574741076
10377840200226030
10296496825710984
10215153451195938
10133810076680892
10052466702165846
9971123327650800
9889779953135754
9808436578620708
9727093204105662
9645749829590616
9564406455075570
9483063080560524
9401719706045478
9320376331530432
9239032957015386
9157689582500340
9076346207985294
8995002833470248
8913659458955202
8832316084440156
8750972709925110
8669629335410064
8588285960895018
8506942586379972
8425599211864926
8344255837349880
8262912462834834
8181569088319788
8100225713804742
8018882339289696
7937538964774650
7856195590259604
7774852215744558
7693508841229512
7612165466714466
7530822092199420
7449478717684374
7368135343169328
7286791968654282
7205448594139236
7124105219624190
7042761845109144
6961418470594098
6880075096079052
6798731721564006
6717388347048960
6636044972533914
6554701598018868
6473358223503822
6392014848988776
6310671474473730
6229328099958684
6147984725443638
6066641350928592
5985297976413546
5903954601898500
5822611227383454
5741267852868408
5659924478353362
5578581103838316
5497237729323270
5415894354808224
5334550980293178
5253207605778132
5171864231263086
5090520856748040
5009177482232994
4927834107717948
4846490733202902
4765147358687856
4683803984172810
4602460609657764
4521117235142718
4439773860627672
4358430486112626
4277087111597580
4195743737082534
4114400362567488
4033056988052442
3951713613537396
3870370239022350
3789026864507304
3707683489992258
3626340115477212
3544996740962166
3463653366447120
3382309991932074
3300966617417028
3219623242901982
3138279868386936
3056936493871890
2975593119356844
2894249744841798
2812906370326752
2731562995811706
2650219621296660
2568876246781614
2487532872266568
2406189497751522
2324846123236476
2243502748721430
2162159374206384
2080815999691338
1999472625176292
1918129250661246
1836785876146200
1755442501631154
1674099127116108
1592755752601062
1511412378086016
1430069003570970
1348725629055924
1267382254540878
1186038880025832
1104695505510786
1023352130995740
942008756480694
860665381965648
779322007450602
697978632935556
616635258420510
535291883905464
453948509390418
372605134875372
291261760360326
209918385845280
128575011330234
47231636815188
14397777289163142
14316433914648096
14235090540133050
14153747165618004
14072403791102958
13991060416587912
13909717042072866
13828373667557820
13747030293042774
13665686918527728
13584343544012682
13503000169497636
13421656794982590
13340313420467544
13258970045952498
13177626671437452
13096283296922406
13014939922407360
12933596547892314
12852253173377268
12770909798862222
12689566424347176
12608223049832130
12526879675317084
12445536300802038
12364192926286992
12282849551771946
12201506177256900
12120162802741854
12038819428226808
11957476053711762
11876132679196716
11794789304681670
11713445930166624
11632102555651578
11550759181136532
11469415806621486
11388072432106440
11306729057591394
11225385683076348
11144042308561302
11062698934046256
10981355559531210
10900012185016164
10818668810501118
10737325435986072
10655982061471026
10574638686955980
10493295312440934
10411951937925888
10330608563410842
10249265188895796
10167921814380750
10086578439865704
10005235065350658
9923891690835612
9842548316320566
9761204941805520
9679861567290474
9598518192775428
9517174818260382
9435831443745336
9354488069230290
9273144694715244
9191801320200198
9110457945685152
9029114571170106
8947771196655060
8866427822140014
8785084447624968
8703741073109922
8622397698594876
8541054324079830
8459710949564784
8378367575049738
8297024200534692
8215680826019646
8134337451504600
8052994076989554
7971650702474508
7890307327959462
7808963953444416
7727620578929370
7646277204414324
7564933829899278
7483590455384232
7402247080869186
7320903706354140
7239560331839094
7158216957324048
7076873582809002
6995530208293956
6914186833778910
6832843459263864
6751500084748818
6670156710233772
6588813335718726
6507469961203680
6426126586688634
6344783212173588
6263439837658542
6182096463143496
6100753088628450
6019409714113404
5938066339598358
5856722965083312
5775379590568266
5694036216053220
5612692841538174
5531349467023128
5450006092508082
5368662717993036
5287319343477990
5205975968962944
5124632594447898
5043289219932852
4961945845417806
4880602470902760
4799259096387714
4717915721872668
4636572347357622
4555228972842576
4473885598327530
4392542223812484
4311198849297438
4229855474782392
4148512100267346
4067168725752300
3985825351237254
3904481976722208
3823138602207162
3741795227692116
3660451853177070
3579108478662024
3497765104146978
3416421729631932
3335078355116886
3253734980601840
3172391606086794
3091048231571748
3009704857056702
2928361482541656
2847018108026610
2765674733511564
2684331358996518
2602987984481472
2521644609966426
2440301235451380
2358957860936334
2277614486421288
2196271111906242
2114927737391196
2033584362876150
1952240988361104
1870897613846058
1789554239331012
1708210864815966
1626867490300920
1545524115785874
1464180741270828
1382837366755782
1301493992240736
1220150617725690
1138807243210644
1057463868695598
976120494180552
894777119665506
813433745150460
732090370635414
650746996120368
569403621605322
488060247090276
406716872575230
325373498060184
244030123545138
162686749030092
81343374515046
