0
-1
199557503
-1
399115006
-1
598672509
-1
798230012
-1
997787515
-1
70480268
-1
270037771
-1
469595274
-1
669152777
-1
868710280
-1
1068267783
-1
140960536
-1
340518039
-1
540075542
-1
739633045
-1
939190548
-1
11883301
-1
211440804
-1
410998307
-1
610555810
-1
810113313
-1
1009670816
-1
82363569
-1
281921072
-1
481478575
-1
681036078
-1
880593581
-1
1080151084
-1
152843837
-1
352401340
-1
551958843
-1
751516346
-1
951073849
-1
23766602
-1
223324105
-1
422881608
-1
622439111
-1
821996614
-1
1021554117
-1
94246870
-1
293804373
-1
493361876
-1
692919379
-1
892476882
-1
1092034385
-1
164727138
-1
364284641
-1
563842144
-1
763399647
-1
962957150
-1
35649903
-1
235207406
-1
434764909
-1
634322412
-1
833879915
-1
1033437418
-1
106130171
-1
305687674
-1
505245177
-1
704802680
-1
904360183
-1
1103917686
-1
176610439
-1
376167942
-1
575725445
-1
775282948
-1
974840451
-1
47533204
-1
247090707
-1
446648210
-1
646205713
-1
845763216
-1
1045320719
-1
118013472
-1
317570975
-1
517128478
-1
716685981
-1
916243484
-1
1115800987
-1
188493740
-1
388051243
-1
587608746
-1
787166249
-1
986723752
-1
59416505
-1
258974008
-1
458531511
-1
658089014
-1
857646517
-1
1057204020
-1
129896773
-1
329454276
-1
529011779
-1
728569282
-1
928126785
-1
819538
-1
200377041
-1
399934544
-1
599492047
-1
799049550
-1
998607053
-1
71299806
-1
270857309
-1
470414812
-1
669972315
-1
869529818
-1
1069087321
-1
141780074
-1
341337577
-1
540895080
-1
740452583
-1
940010086
-1
12702839
-1
212260342
-1
411817845
-1
611375348
-1
810932851
-1
1010490354
-1
83183107
-1
282740610
-1
482298113
-1
681855616
-1
881413119
-1
1080970622
-1
153663375
-1
353220878
-1
552778381
-1
752335884
-1
951893387
-1
24586140
-1
224143643
-1
423701146
-1
623258649
-1
822816152
-1
1022373655
-1
95066408
-1
294623911
-1
494181414
-1
693738917
-1
893296420
-1
1092853923
-1
165546676
-1
365104179
-1
564661682
-1
764219185
-1
963776688
-1
36469441
-1
236026944
-1
435584447
-1
635141950
-1
834699453
-1
1034256956
-1
106949709
-1
306507212
-1
506064715
-1
705622218
-1
905179721
-1
1104737224
-1
177429977
-1
376987480
-1
576544983
-1
776102486
-1
975659989
-1
48352742
-1
247910245
-1
447467748
-1
647025251
-1
846582754
-1
1046140257
-1
118833010
-1
318390513
-1
517948016
-1
717505519
-1
917063022
-1
1116620525
-1
189313278
-1
388870781
-1
588428284
-1
787985787
-1
987543290
-1
60236043
-1
259793546
-1
459351049
-1
658908552
-1
858466055
-1
1058023558
-1
130716311
-1
330273814
-1
529831317
-1
729388820
-1
928946323
-1
1639076
-1
201196579
-1
400754082
-1
600311585
-1
799869088
-1
999426591
-1
72119344
-1
271676847
-1
471234350
-1
670791853
-1
870349356
-1
1069906859
-1
142599612
-1
342157115
-1
541714618
-1
741272121
-1
940829624
-1
13522377
-1
213079880
-1
412637383
-1
612194886
-1
811752389
-1
1011309892
-1
84002645
-1
283560148
-1
483117651
-1
682675154
-1
882232657
-1
1081790160
-1
154482913
-1
354040416
-1
553597919
-1
753155422
-1
952712925
-1
25405678
-1
224963181
-1
424520684
-1
624078187
-1
823635690
-1
1023193193
-1
95885946
-1
295443449
-1
495000952
-1
694558455
-1
894115958
-1
1093673461
-1
166366214
-1
365923717
-1
565481220
-1
765038723
-1
964596226
-1
37288979
-1
236846482
-1
436403985
-1
635961488
-1
835518991
-1
1035076494
-1
107769247
-1
307326750
-1
506884253
-1
706441756
-1
905999259
-1
1105556762
-1
178249515
-1
377807018
-1
577364521
-1
776922024
-1
976479527
-1
49172280
-1
248729783
-1
448287286
-1
647844789
-1
847402292
-1
1046959795
-1
119652548
-1
319210051
-1
518767554
-1
718325057
-1
917882560
-1
1117440063
-1
190132816
-1
389690319
-1
589247822
-1
788805325
-1
988362828
-1
61055581
-1
260613084
-1
460170587
-1
659728090
-1
859285593
-1
1058843096
-1
131535849
-1
331093352
-1
530650855
-1
730208358
-1
929765861
-1
2458614
-1
202016117
-1
401573620
-1
601131123
-1
800688626
-1
1000246129
-1
72938882
-1
272496385
-1
472053888
-1
671611391
-1
871168894
-1
1070726397
-1
143419150
-1
342976653
-1
542534156
-1
742091659
-1
941649162
-1
14341915
-1
213899418
-1
413456921
-1
613014424
-1
812571927
-1
1012129430
-1
84822183
-1
284379686
-1
483937189
-1
683494692
-1
883052195
-1
1082609698
-1
155302451
-1
354859954
-1
554417457
-1
753974960
-1
953532463
-1
26225216
-1
225782719
-1
425340222
-1
624897725
-1
824455228
-1
1024012731
-1
96705484
-1
296262987
-1
495820490
-1
695377993
-1
894935496
-1
1094492999
-1
167185752
-1
366743255
-1
566300758
-1
765858261
-1
965415764
-1
38108517
-1
237666020
-1
437223523
-1
636781026
-1
836338529
-1
1035896032
-1
108588785
-1
308146288
-1
507703791
-1
707261294
-1
906818797
-1
1106376300
-1
179069053
-1
378626556
-1
578184059
-1
777741562
-1
977299065
-1
49991818
-1
249549321
-1
449106824
-1
648664327
-1
848221830
-1
1047779333
-1
120472086
-1
320029589
-1
519587092
-1
719144595
-1
918702098
-1
1118259601
-1
190952354
-1
390509857
-1
590067360
-1
789624863
-1
989182366
-1
61875119
-1
261432622
-1
460990125
-1
660547628
-1
860105131
-1
1059662634
-1
132355387
-1
331912890
-1
531470393
-1
731027896
-1
930585399
-1
3278152
-1
202835655
-1
402393158
-1
601950661
-1
801508164
-1
1001065667
-1
73758420
-1
273315923
-1
472873426
-1
672430929
-1
871988432
-1
1071545935
-1
144238688
-1
343796191
-1
543353694
-1
742911197
-1
942468700
-1
15161453
-1
214718956
-1
414276459
-1
613833962
-1
813391465
-1
1012948968
-1
85641721
-1
285199224
-1
484756727
-1
684314230
-1
883871733
-1
1083429236
-1
156121989
-1
355679492
-1
555236995
-1
754794498
-1
954352001
-1
27044754
-1
226602257
-1
426159760
-1
625717263
-1
825274766
-1
1024832269
-1
97525022
-1
297082525
-1
496640028
-1
696197531
-1
895755034
-1
1095312537
-1
168005290
-1
367562793
-1
567120296
-1
766677799
-1
966235302
-1
38928055
-1
238485558
-1
438043061
-1
637600564
-1
837158067
-1
1036715570
-1
109408323
-1
308965826
-1
508523329
-1
708080832
-1
907638335
-1
1107195838
-1
179888591
-1
379446094
-1
579003597
-1
778561100
-1
978118603
-1
50811356
-1
250368859
-1
449926362
-1
649483865
-1
849041368
-1
1048598871
-1
121291624
-1
320849127
-1
520406630
-1
719964133
-1
919521636
-1
1119079139
-1
191771892
-1
391329395
-1
590886898
-1
790444401
-1
990001904
-1
62694657
-1
262252160
-1
461809663
-1
661367166
-1
860924669
-1
1060482172
-1
133174925
-1
332732428
-1
532289931
-1
731847434
-1
931404937
-1
4097690
-1
203655193
-1
403212696
-1
602770199
-1
802327702
-1
1001885205
-1
74577958
-1
274135461
-1
473692964
-1
673250467
-1
872807970
-1
1072365473
-1
145058226
-1
344615729
-1
544173232
-1
743730735
-1
943288238
-1
15980991
-1
215538494
-1
415095997
-1
614653500
-1
814211003
-1
1013768506
-1
86461259
-1
286018762
-1
485576265
-1
685133768
-1
884691271
-1
1084248774
-1
156941527
-1
356499030
-1
556056533
-1
755614036
-1
955171539
-1
27864292
-1
227421795
-1
426979298
-1
626536801
-1
826094304
-1
1025651807
-1
98344560
-1
297902063
-1
497459566
-1
697017069
-1
896574572
-1
1096132075
-1
168824828
-1
368382331
-1
567939834
-1
767497337
-1
967054840
-1
39747593
-1
239305096
-1
438862599
-1
638420102
-1
837977605
-1
1037535108
-1
110227861
-1
309785364
-1
509342867
-1
708900370
-1
908457873
-1
1108015376
-1
180708129
-1
380265632
-1
579823135
-1
779380638
-1
978938141
-1
51630894
-1
251188397
-1
450745900
-1
650303403
-1
849860906
-1
1049418409
-1
122111162
-1
321668665
-1
521226168
-1
720783671
-1
920341174
-1
1119898677
-1
192591430
-1
392148933
-1
591706436
-1
791263939
-1
990821442
-1
63514195
-1
263071698
-1
462629201
-1
662186704
-1
861744207
-1
1061301710
-1
133994463
-1
333551966
-1
533109469
-1
732666972
-1
932224475
-1
4917228
-1
204474731
-1
404032234
-1
603589737
-1
803147240
-1
1002704743
-1
75397496
-1
274954999
-1
474512502
-1
674070005
-1
873627508
-1
1073185011
-1
145877764
-1
345435267
-1
544992770
-1
744550273
-1
944107776
-1
16800529
-1
216358032
-1
415915535
-1
615473038
-1
815030541
-1
1014588044
-1
87280797
-1
286838300
-1
486395803
-1
685953306
-1
885510809
-1
1085068312
-1
157761065
-1
357318568
-1
556876071
-1
756433574
-1
955991077
-1
28683830
-1
228241333
-1
427798836
-1
627356339
-1
826913842
-1
1026471345
-1
99164098
-1
298721601
-1
498279104
-1
697836607
-1
897394110
-1
1096951613
-1
169644366
-1
369201869
-1
568759372
-1
768316875
-1
967874378
-1
40567131
-1
240124634
-1
439682137
-1
639239640
-1
838797143
-1
1038354646
-1
111047399
-1
310604902
-1
510162405
-1
709719908
-1
909277411
-1
1108834914
-1
181527667
-1
381085170
-1
580642673
-1
780200176
-1
979757679
-1
52450432
-1
252007935
-1
451565438
-1
651122941
-1
850680444
-1
1050237947
-1
122930700
-1
322488203
-1
522045706
-1
721603209
-1
921160712
-1
1120718215
-1
193410968
-1
392968471
-1
592525974
-1
792083477
-1
991640980
-1
64333733
-1
263891236
-1
463448739
-1
663006242
-1
862563745
-1
1062121248
-1
134814001
-1
334371504
-1
533929007
-1
733486510
-1
933044013
-1
5736766
-1
205294269
-1
404851772
-1
604409275
-1
803966778
-1
1003524281
-1
76217034
-1
275774537
-1
475332040
-1
674889543
-1
874447046
-1
1074004549
-1
146697302
-1
346254805
-1
545812308
-1
745369811
-1
944927314
-1
17620067
-1
217177570
-1
416735073
-1
616292576
-1
815850079
-1
1015407582
-1
88100335
-1
287657838
-1
487215341
-1
686772844
-1
886330347
-1
1085887850
-1
158580603
-1
358138106
-1
557695609
-1
757253112
-1
956810615
-1
29503368
-1
229060871
-1
428618374
-1
628175877
-1
827733380
-1
1027290883
-1
99983636
-1
299541139
-1
499098642
-1
698656145
-1
898213648
-1
1097771151
-1
170463904
-1
370021407
-1
569578910
-1
769136413
-1
968693916
-1
41386669
-1
240944172
-1
440501675
-1
640059178
-1
839616681
-1
1039174184
-1
111866937
-1
311424440
-1
510981943
-1
710539446
-1
910096949
-1
1109654452
-1
182347205
-1
381904708
-1
581462211
-1
781019714
-1
980577217
-1
53269970
-1
252827473
-1
452384976
-1
651942479
-1
851499982
-1
1051057485
-1
123750238
-1
323307741
-1
522865244
-1
722422747
-1
921980250
-1
1121537753
-1
194230506
-1
393788009
-1
593345512
-1
792903015
-1
992460518
-1
65153271
-1
264710774
-1
464268277
-1
663825780
-1
863383283
-1
1062940786
-1
135633539
-1
335191042
-1
534748545
-1
734306048
-1
933863551
-1
6556304
-1
206113807
-1
405671310
-1
605228813
-1
804786316
-1
1004343819
-1
77036572
-1
276594075
-1
476151578
-1
675709081
-1
875266584
-1
1074824087
-1
147516840
-1
347074343
-1
546631846
-1
746189349
-1
945746852
-1
18439605
-1
217997108
-1
417554611
-1
617112114
-1
816669617
-1
1016227120
-1
88919873
-1
288477376
-1
488034879
-1
687592382
-1
887149885
-1
1086707388
-1
159400141
-1
358957644
-1
558515147
-1
758072650
-1
957630153
-1
30322906
-1
229880409
-1
429437912
-1
628995415
-1
828552918
-1
1028110421
-1
100803174
-1
300360677
-1
499918180
-1
699475683
-1
899033186
-1
1098590689
-1
171283442
-1
370840945
-1
570398448
-1
769955951
-1
969513454
-1
42206207
-1
241763710
-1
441321213
-1
640878716
-1
840436219
-1
1039993722
-1
112686475
-1
312243978
-1
511801481
-1
711358984
-1
910916487
-1
1110473990
-1
183166743
-1
382724246
-1
582281749
-1
781839252
-1
981396755
-1
54089508
-1
253647011
-1
453204514
-1
652762017
-1
852319520
-1
1051877023
-1
124569776
-1
324127279
-1
523684782
-1
723242285
-1
922799788
-1
1122357291
-1
195050044
-1
394607547
-1
594165050
-1
793722553
-1
993280056
-1
65972809
-1
265530312
-1
465087815
-1
664645318
-1
864202821
-1
1063760324
-1
136453077
-1
336010580
-1
535568083
-1
735125586
-1
934683089
-1
7375842
-1
206933345
-1
406490848
-1
606048351
-1
805605854
-1
1005163357
-1
77856110
-1
277413613
-1
476971116
-1
676528619
-1
876086122
-1
1075643625
-1
148336378
-1
347893881
-1
547451384
-1
747008887
-1
946566390
-1
19259143
-1
218816646
-1
418374149
-1
617931652
-1
817489155
-1
1017046658
-1
89739411
-1
289296914
-1
488854417
-1
688411920
-1
887969423
-1
1087526926
-1
160219679
-1
359777182
-1
559334685
-1
758892188
-1
958449691
-1
31142444
-1
230699947
-1
430257450
-1
629814953
-1
829372456
-1
1028929959
-1
101622712
-1
301180215
-1
500737718
-1
700295221
-1
899852724
-1
1099410227
-1
172102980
-1
371660483
-1
571217986
-1
770775489
-1
970332992
-1
43025745
-1
242583248
-1
442140751
-1
641698254
-1
841255757
-1
1040813260
-1
113506013
-1
313063516
-1
512621019
-1
712178522
-1
911736025
-1
1111293528
-1
183986281
-1
383543784
-1
583101287
-1
782658790
-1
982216293
-1
54909046
-1
254466549
-1
454024052
-1
653581555
-1
853139058
-1
1052696561
-1
125389314
-1
324946817
-1
524504320
-1
724061823
-1
923619326
-1
1123176829
-1
195869582
-1
395427085
-1
594984588
-1
794542091
-1
994099594
-1
66792347
-1
266349850
-1
465907353
-1
665464856
-1
865022359
-1
1064579862
-1
137272615
-1
336830118
-1
536387621
-1
735945124
-1
935502627
-1
8195380
-1
207752883
-1
407310386
-1
606867889
-1
806425392
-1
1005982895
-1
78675648
-1
278233151
-1
477790654
-1
677348157
-1
876905660
-1
1076463163
-1
149155916
-1
348713419
-1
548270922
-1
747828425
-1
947385928
-1
20078681
-1
219636184
-1
419193687
-1
618751190
-1
818308693
-1
1017866196
-1
90558949
-1
290116452
-1
489673955
-1
689231458
-1
888788961
-1
1088346464
-1
161039217
-1
360596720
-1
560154223
-1
759711726
-1
959269229
-1
31961982
-1
231519485
-1
431076988
-1
630634491
-1
830191994
-1
1029749497
-1
102442250
-1
301999753
-1
501557256
-1
701114759
-1
900672262
-1
1100229765
-1
172922518
-1
372480021
-1
572037524
-1
771595027
-1
971152530
-1
43845283
-1
243402786
-1
442960289
-1
642517792
-1
842075295
-1
1041632798
-1
114325551
-1
313883054
-1
513440557
-1
712998060
-1
912555563
-1
1112113066
-1
184805819
-1
384363322
-1
583920825
-1
783478328
-1
983035831
-1
55728584
-1
255286087
-1
454843590
-1
654401093
-1
853958596
-1
1053516099
-1
126208852
-1
325766355
-1
525323858
-1
724881361
-1
924438864
-1
1123996367
-1
196689120
-1
396246623
-1
595804126
-1
795361629
-1
994919132
-1
67611885
-1
267169388
-1
466726891
-1
666284394
-1
865841897
-1
1065399400
-1
138092153
-1
337649656
-1
537207159
-1
736764662
-1
936322165
-1
9014918
-1
208572421
-1
408129924
-1
607687427
-1
807244930
-1
1006802433
-1
79495186
-1
279052689
-1
478610192
-1
678167695
-1
877725198
-1
1077282701
-1
149975454
-1
349532957
-1
549090460
-1
748647963
-1
948205466
-1
20898219
-1
220455722
-1
420013225
-1
619570728
-1
819128231
-1
1018685734
-1
91378487
-1
290935990
-1
490493493
-1
690050996
-1
889608499
-1
1089166002
-1
161858755
-1
361416258
-1
560973761
-1
760531264
-1
960088767
-1
32781520
-1
232339023
-1
431896526
-1
631454029
-1
831011532
-1
1030569035
-1
103261788
-1
302819291
-1
502376794
-1
701934297
-1
901491800
-1
1101049303
-1
173742056
-1
373299559
-1
572857062
-1
772414565
-1
971972068
-1
44664821
-1
244222324
-1
443779827
-1
643337330
-1
842894833
-1
1042452336
-1
115145089
-1
314702592
-1
514260095
-1
713817598
-1
913375101
-1
1112932604
-1
185625357
-1
385182860
-1
584740363
-1
784297866
-1
983855369
-1
56548122
-1
256105625
-1
455663128
-1
655220631
-1
854778134
-1
1054335637
-1
127028390
-1
326585893
-1
526143396
-1
725700899
-1
925258402
-1
1124815905
-1
197508658
-1
397066161
-1
596623664
-1
796181167
-1
995738670
-1
68431423
-1
267988926
-1
467546429
-1
667103932
-1
866661435
-1
1066218938
-1
138911691
-1
338469194
-1
538026697
-1
737584200
-1
937141703
-1
9834456
-1
209391959
-1
408949462
-1
608506965
-1
808064468
-1
1007621971
-1
80314724
-1
279872227
-1
479429730
-1
678987233
-1
878544736
-1
1078102239
-1
150794992
-1
350352495
-1
549909998
-1
749467501
-1
949025004
-1
21717757
-1
221275260
-1
420832763
-1
620390266
-1
819947769
-1
1019505272
-1
92198025
-1
291755528
-1
491313031
-1
690870534
-1
890428037
-1
1089985540
-1
162678293
-1
362235796
-1
561793299
-1
761350802
-1
960908305
-1
33601058
-1
233158561
-1
432716064
-1
632273567
-1
831831070
-1
1031388573
-1
104081326
-1
303638829
-1
503196332
-1
702753835
-1
902311338
-1
1101868841
-1
174561594
-1
374119097
-1
573676600
-1
773234103
-1
972791606
-1
45484359
-1
245041862
-1
444599365
-1
644156868
-1
843714371
-1
1043271874
-1
115964627
-1
315522130
-1
515079633
-1
714637136
-1
914194639
-1
1113752142
-1
186444895
-1
386002398
-1
585559901
-1
785117404
-1
984674907
-1
57367660
-1
256925163
-1
456482666
-1
656040169
-1
855597672
-1
1055155175
-1
127847928
-1
327405431
-1
526962934
-1
726520437
-1
926077940
-1
1125635443
-1
198328196
-1
397885699
-1
597443202
-1
797000705
-1
996558208
-1
69250961
-1
268808464
-1
468365967
-1
667923470
-1
867480973
-1
1067038476
-1
139731229
-1
339288732
-1
538846235
-1
738403738
-1
937961241
-1
10653994
-1
210211497
-1
409769000
-1
609326503
-1
808884006
-1
1008441509
-1
81134262
-1
280691765
-1
480249268
-1
679806771
-1
879364274
-1
1078921777
-1
151614530
-1
351172033
-1
550729536
-1
750287039
-1
949844542
-1
22537295
-1
222094798
-1
421652301
-1
621209804
-1
820767307
-1
1020324810
-1
93017563
-1
292575066
-1
492132569
-1
691690072
-1
891247575
-1
1090805078
-1
163497831
-1
363055334
-1
562612837
-1
762170340
-1
961727843
-1
34420596
-1
233978099
-1
433535602
-1
633093105
-1
832650608
-1
1032208111
-1
104900864
-1
304458367
-1
504015870
-1
703573373
-1
903130876
-1
1102688379
-1
175381132
-1
374938635
-1
574496138
-1
774053641
-1
973611144
-1
46303897
-1
245861400
-1
445418903
-1
644976406
-1
844533909
-1
1044091412
-1
116784165
-1
316341668
-1
515899171
-1
715456674
-1
915014177
-1
1114571680
-1
187264433
-1
386821936
-1
586379439
-1
785936942
-1
985494445
-1
58187198
-1
257744701
-1
457302204
-1
656859707
-1
856417210
-1
1055974713
-1
128667466
-1
328224969
-1
527782472
-1
727339975
-1
926897478
-1
1126454981
-1
199147734
-1
398705237
-1
598262740
-1
797820243
-1
997377746
-1
70070499
-1
269628002
-1
469185505
-1
668743008
-1
868300511
-1
1067858014
-1
140550767
-1
340108270
-1
539665773
-1
739223276
-1
938780779
-1
11473532
-1
211031035
-1
410588538
-1
610146041
-1
809703544
-1
1009261047
-1
81953800
-1
281511303
-1
481068806
-1
680626309
-1
880183812
-1
1079741315
-1
152434068
-1
351991571
-1
551549074
-1
751106577
-1
950664080
-1
23356833
-1
222914336
-1
422471839
-1
622029342
-1
821586845
-1
1021144348
-1
93837101
-1
293394604
-1
492952107
-1
692509610
-1
892067113
-1
1091624616
-1
164317369
-1
363874872
-1
563432375
-1
762989878
-1
962547381
-1
35240134
-1
234797637
-1
434355140
-1
633912643
-1
833470146
-1
1033027649
-1
105720402
-1
305277905
-1
504835408
-1
704392911
-1
903950414
-1
1103507917
-1
176200670
-1
375758173
-1
575315676
-1
774873179
-1
974430682
-1
47123435
-1
246680938
-1
446238441
-1
645795944
-1
845353447
-1
1044910950
-1
117603703
-1
317161206
-1
516718709
-1
716276212
-1
915833715
-1
1115391218
-1
188083971
-1
387641474
-1
587198977
-1
786756480
-1
986313983
-1
59006736
-1
258564239
-1
458121742
-1
657679245
-1
857236748
-1
1056794251
-1
129487004
-1
329044507
-1
528602010
-1
728159513
-1
927717016
-1
409769
-1
199967272
-1
399524775
-1
599082278
-1
798639781
-1
998197284
-1
70890037
-1
270447540
-1
470005043
-1
669562546
-1
869120049
-1
1068677552
-1
141370305
-1
340927808
-1
540485311
-1
740042814
-1
939600317
-1
12293070
-1
211850573
-1
411408076
-1
610965579
-1
810523082
-1
1010080585
-1
82773338
-1
282330841
-1
481888344
-1
681445847
-1
881003350
-1
1080560853
-1
153253606
-1
352811109
-1
552368612
-1
751926115
-1
951483618
-1
24176371
-1
223733874
-1
423291377
-1
622848880
-1
822406383
-1
1021963886
-1
94656639
-1
294214142
-1
493771645
-1
693329148
-1
892886651
-1
1092444154
-1
165136907
-1
364694410
-1
564251913
-1
763809416
-1
963366919
-1
36059672
-1
235617175
-1
435174678
-1
634732181
-1
834289684
-1
1033847187
-1
106539940
-1
306097443
-1
505654946
-1
705212449
-1
904769952
-1
1104327455
-1
177020208
-1
376577711
-1
576135214
-1
775692717
-1
975250220
-1
47942973
-1
247500476
-1
447057979
-1
646615482
-1
846172985
-1
1045730488
-1
118423241
-1
317980744
-1
517538247
-1
717095750
-1
916653253
-1
1116210756
-1
188903509
-1
388461012
-1
588018515
-1
787576018
-1
987133521
-1
59826274
-1
259383777
-1
458941280
-1
658498783
-1
858056286
-1
1057613789
-1
130306542
-1
329864045
-1
529421548
-1
728979051
-1
928536554
-1
1229307
-1
200786810
-1
400344313
-1
599901816
-1
799459319
-1
999016822
-1
71709575
-1
271267078
-1
470824581
-1
670382084
-1
869939587
-1
1069497090
-1
142189843
-1
341747346
-1
541304849
-1
740862352
-1
940419855
-1
13112608
-1
212670111
-1
412227614
-1
611785117
-1
811342620
-1
1010900123
-1
83592876
-1
283150379
-1
482707882
-1
682265385
-1
881822888
-1
1081380391
-1
154073144
-1
353630647
-1
553188150
-1
752745653
-1
952303156
-1
24995909
-1
224553412
-1
424110915
-1
623668418
-1
823225921
-1
1022783424
-1
95476177
-1
295033680
-1
494591183
-1
694148686
-1
893706189
-1
1093263692
-1
165956445
-1
365513948
-1
565071451
-1
764628954
-1
964186457
-1
36879210
-1
236436713
-1
435994216
-1
635551719
-1
835109222
-1
1034666725
-1
107359478
-1
306916981
-1
506474484
-1
706031987
-1
905589490
-1
1105146993
-1
177839746
-1
377397249
-1
576954752
-1
776512255
-1
976069758
-1
48762511
-1
248320014
-1
447877517
-1
647435020
-1
846992523
-1
1046550026
-1
119242779
-1
318800282
-1
518357785
-1
717915288
-1
917472791
-1
1117030294
-1
189723047
-1
389280550
-1
588838053
-1
788395556
-1
987953059
-1
60645812
-1
260203315
-1
459760818
-1
659318321
-1
858875824
-1
1058433327
-1
131126080
-1
330683583
-1
530241086
-1
729798589
-1
929356092
-1
2048845
-1
201606348
-1
401163851
-1
600721354
-1
800278857
-1
999836360
-1
72529113
-1
272086616
-1
471644119
-1
671201622
-1
870759125
-1
1070316628
-1
143009381
-1
342566884
-1
542124387
-1
741681890
-1
941239393
-1
13932146
-1
213489649
-1
413047152
-1
612604655
-1
812162158
-1
1011719661
-1
84412414
-1
283969917
-1
483527420
-1
683084923
-1
882642426
-1
1082199929
-1
154892682
-1
354450185
-1
554007688
-1
753565191
-1
953122694
-1
25815447
-1
225372950
-1
424930453
-1
624487956
-1
824045459
-1
1023602962
-1
96295715
-1
295853218
-1
495410721
-1
694968224
-1
894525727
-1
1094083230
-1
166775983
-1
366333486
-1
565890989
-1
765448492
-1
965005995
-1
37698748
-1
237256251
-1
436813754
-1
636371257
-1
835928760
-1
1035486263
-1
108179016
-1
307736519
-1
507294022
-1
706851525
-1
906409028
-1
1105966531
-1
178659284
-1
378216787
-1
577774290
-1
777331793
-1
976889296
-1
49582049
-1
249139552
-1
448697055
-1
648254558
-1
847812061
-1
1047369564
-1
120062317
-1
319619820
-1
519177323
-1
718734826
-1
918292329
-1
1117849832
-1
190542585
-1
390100088
-1
589657591
-1
789215094
-1
988772597
-1
61465350
-1
261022853
-1
460580356
-1
660137859
-1
859695362
-1
1059252865
-1
131945618
-1
331503121
-1
531060624
-1
730618127
-1
930175630
-1
2868383
-1
202425886
-1
401983389
-1
601540892
-1
801098395
-1
1000655898
-1
73348651
-1
272906154
-1
472463657
-1
672021160
-1
871578663
-1
1071136166
-1
143828919
-1
343386422
-1
542943925
-1
742501428
-1
942058931
-1
14751684
-1
214309187
-1
413866690
-1
613424193
-1
812981696
-1
1012539199
-1
85231952
-1
284789455
-1
484346958
-1
683904461
-1
883461964
-1
1083019467
-1
155712220
-1
355269723
-1
554827226
-1
754384729
-1
953942232
-1
26634985
-1
226192488
-1
425749991
-1
625307494
-1
824864997
-1
1024422500
-1
97115253
-1
296672756
-1
496230259
-1
695787762
-1
895345265
-1
1094902768
-1
167595521
-1
367153024
-1
566710527
-1
766268030
-1
965825533
-1
38518286
-1
238075789
-1
437633292
-1
637190795
-1
836748298
-1
1036305801
-1
108998554
-1
308556057
-1
508113560
-1
707671063
-1
907228566
-1
1106786069
-1
179478822
-1
379036325
-1
578593828
-1
778151331
-1
977708834
-1
50401587
-1
249959090
-1
449516593
-1
649074096
-1
848631599
-1
1048189102
-1
120881855
-1
320439358
-1
519996861
-1
719554364
-1
919111867
-1
1118669370
-1
191362123
-1
390919626
-1
590477129
-1
790034632
-1
989592135
-1
62284888
-1
261842391
-1
461399894
-1
660957397
-1
860514900
-1
1060072403
-1
132765156
-1
332322659
-1
531880162
-1
731437665
-1
930995168
-1
3687921
-1
203245424
-1
402802927
-1
602360430
-1
801917933
-1
1001475436
-1
74168189
-1
273725692
-1
473283195
-1
672840698
-1
872398201
-1
1071955704
-1
144648457
-1
344205960
-1
543763463
-1
743320966
-1
942878469
-1
15571222
-1
215128725
-1
414686228
-1
614243731
-1
813801234
-1
1013358737
-1
86051490
-1
285608993
-1
485166496
-1
684723999
-1
884281502
-1
1083839005
-1
156531758
-1
356089261
-1
555646764
-1
755204267
-1
954761770
-1
27454523
-1
227012026
-1
426569529
-1
626127032
-1
825684535
-1
1025242038
-1
97934791
-1
297492294
-1
497049797
-1
696607300
-1
896164803
-1
1095722306
-1
168415059
-1
367972562
-1
567530065
-1
767087568
-1
966645071
-1
39337824
-1
238895327
-1
438452830
-1
638010333
-1
837567836
-1
1037125339
-1
109818092
-1
309375595
-1
508933098
-1
708490601
-1
908048104
-1
1107605607
-1
180298360
-1
379855863
-1
579413366
-1
778970869
-1
978528372
-1
51221125
-1
250778628
-1
450336131
-1
649893634
-1
849451137
-1
1049008640
-1
121701393
-1
321258896
-1
520816399
-1
720373902
-1
919931405
-1
1119488908
-1
192181661
-1
391739164
-1
591296667
-1
790854170
-1
990411673
-1
63104426
-1
262661929
-1
462219432
-1
661776935
-1
861334438
-1
1060891941
-1
133584694
-1
333142197
-1
532699700
-1
732257203
-1
931814706
-1
4507459
-1
204064962
-1
403622465
-1
603179968
-1
802737471
-1
1002294974
-1
74987727
-1
274545230
-1
474102733
-1
673660236
-1
873217739
-1
1072775242
-1
145467995
-1
345025498
-1
544583001
-1
744140504
-1
943698007
-1
16390760
-1
215948263
-1
415505766
-1
615063269
-1
814620772
-1
1014178275
-1
86871028
-1
286428531
-1
485986034
-1
685543537
-1
885101040
-1
1084658543
-1
157351296
-1
356908799
-1
556466302
-1
756023805
-1
955581308
-1
28274061
-1
227831564
-1
427389067
-1
626946570
-1
826504073
-1
1026061576
-1
98754329
-1
298311832
-1
497869335
-1
697426838
-1
896984341
-1
1096541844
-1
169234597
-1
368792100
-1
568349603
-1
767907106
-1
967464609
-1
40157362
-1
239714865
-1
439272368
-1
638829871
-1
838387374
-1
1037944877
-1
110637630
-1
310195133
-1
509752636
-1
709310139
-1
908867642
-1
1108425145
-1
181117898
-1
380675401
-1
580232904
-1
779790407
-1
979347910
-1
52040663
-1
251598166
-1
451155669
-1
650713172
-1
850270675
-1
1049828178
-1
122520931
-1
322078434
-1
521635937
-1
721193440
-1
920750943
-1
1120308446
-1
193001199
-1
392558702
-1
592116205
-1
791673708
-1
991231211
-1
63923964
-1
263481467
-1
463038970
-1
662596473
-1
862153976
-1
1061711479
-1
134404232
-1
333961735
-1
533519238
-1
733076741
-1
932634244
-1
5326997
-1
204884500
-1
404442003
-1
603999506
-1
803557009
-1
1003114512
-1
75807265
-1
275364768
-1
474922271
-1
674479774
-1
874037277
-1
1073594780
-1
146287533
-1
345845036
-1
545402539
-1
744960042
-1
944517545
-1
17210298
-1
216767801
-1
416325304
-1
615882807
-1
815440310
-1
1014997813
-1
87690566
-1
287248069
-1
486805572
-1
686363075
-1
885920578
-1
1085478081
-1
158170834
-1
357728337
-1
557285840
-1
756843343
-1
956400846
-1
29093599
-1
228651102
-1
428208605
-1
627766108
-1
827323611
-1
1026881114
-1
99573867
-1
299131370
-1
498688873
-1
698246376
-1
897803879
-1
1097361382
-1
170054135
-1
369611638
-1
569169141
-1
768726644
-1
968284147
-1
40976900
-1
240534403
-1
440091906
-1
639649409
-1
839206912
-1
1038764415
-1
111457168
-1
311014671
-1
510572174
-1
710129677
-1
909687180
-1
1109244683
-1
181937436
-1
381494939
-1
581052442
-1
780609945
-1
980167448
-1
52860201
-1
252417704
-1
451975207
-1
651532710
-1
851090213
-1
1050647716
-1
123340469
-1
322897972
-1
522455475
-1
722012978
-1
921570481
-1
1121127984
-1
193820737
-1
393378240
-1
592935743
-1
792493246
-1
992050749
-1
64743502
-1
264301005
-1
463858508
-1
663416011
-1
862973514
-1
1062531017
-1
135223770
-1
334781273
-1
534338776
-1
733896279
-1
933453782
-1
6146535
-1
205704038
-1
405261541
-1
604819044
-1
804376547
-1
1003934050
-1
76626803
-1
276184306
-1
475741809
-1
675299312
-1
874856815
-1
1074414318
-1
147107071
-1
346664574
-1
546222077
-1
745779580
-1
945337083
-1
18029836
-1
217587339
-1
417144842
-1
616702345
-1
816259848
-1
1015817351
-1
88510104
-1
288067607
-1
487625110
-1
687182613
-1
886740116
-1
1086297619
-1
158990372
-1
358547875
-1
558105378
-1
757662881
-1
957220384
-1
29913137
-1
229470640
-1
429028143
-1
628585646
-1
828143149
-1
1027700652
-1
100393405
-1
299950908
-1
499508411
-1
699065914
-1
898623417
-1
1098180920
-1
170873673
-1
370431176
-1
569988679
-1
769546182
-1
969103685
-1
41796438
-1
241353941
-1
440911444
-1
640468947
-1
840026450
-1
1039583953
-1
112276706
-1
311834209
-1
511391712
-1
710949215
-1
910506718
-1
1110064221
-1
182756974
-1
382314477
-1
581871980
-1
781429483
-1
980986986
-1
53679739
-1
253237242
-1
452794745
-1
652352248
-1
851909751
-1
1051467254
-1
124160007
-1
323717510
-1
523275013
-1
722832516
-1
922390019
-1
1121947522
-1
194640275
-1
394197778
-1
593755281
-1
793312784
-1
992870287
-1
65563040
-1
265120543
-1
464678046
-1
664235549
-1
863793052
-1
1063350555
-1
136043308
-1
335600811
-1
535158314
-1
734715817
-1
934273320
-1
6966073
-1
206523576
-1
406081079
-1
605638582
-1
805196085
-1
1004753588
-1
77446341
-1
277003844
-1
476561347
-1
676118850
-1
875676353
-1
1075233856
-1
147926609
-1
347484112
-1
547041615
-1
746599118
-1
946156621
-1
18849374
-1
218406877
-1
417964380
-1
617521883
-1
817079386
-1
1016636889
-1
89329642
-1
288887145
-1
488444648
-1
688002151
-1
887559654
-1
1087117157
-1
159809910
-1
359367413
-1
558924916
-1
758482419
-1
958039922
-1
30732675
-1
230290178
-1
429847681
-1
629405184
-1
828962687
-1
1028520190
-1
101212943
-1
300770446
-1
500327949
-1
699885452
-1
899442955
-1
1099000458
-1
171693211
-1
371250714
-1
570808217
-1
770365720
-1
969923223
-1
42615976
-1
242173479
-1
441730982
-1
641288485
-1
840845988
-1
1040403491
-1
113096244
-1
312653747
-1
512211250
-1
711768753
-1
911326256
-1
1110883759
-1
183576512
-1
383134015
-1
582691518
-1
782249021
-1
981806524
-1
54499277
-1
254056780
-1
453614283
-1
653171786
-1
852729289
-1
1052286792
-1
124979545
-1
324537048
-1
524094551
-1
723652054
-1
923209557
-1
1122767060
-1
195459813
-1
395017316
-1
594574819
-1
794132322
-1
993689825
-1
66382578
-1
265940081
-1
465497584
-1
665055087
-1
864612590
-1
1064170093
-1
136862846
-1
336420349
-1
535977852
-1
735535355
-1
935092858
-1
7785611
-1
207343114
-1
406900617
-1
606458120
-1
806015623
-1
1005573126
-1
78265879
-1
277823382
-1
477380885
-1
676938388
-1
876495891
-1
1076053394
-1
148746147
-1
348303650
-1
547861153
-1
747418656
-1
946976159
-1
19668912
-1
219226415
-1
418783918
-1
618341421
-1
817898924
-1
1017456427
-1
90149180
-1
289706683
-1
489264186
-1
688821689
-1
888379192
-1
1087936695
-1
160629448
-1
360186951
-1
559744454
-1
759301957
-1
958859460
-1
31552213
-1
231109716
-1
430667219
-1
630224722
-1
829782225
-1
1029339728
-1
102032481
-1
301589984
-1
501147487
-1
700704990
-1
900262493
-1
1099819996
-1
172512749
-1
372070252
-1
571627755
-1
771185258
-1
970742761
-1
43435514
-1
242993017
-1
442550520
-1
642108023
-1
841665526
-1
1041223029
-1
113915782
-1
313473285
-1
513030788
-1
712588291
-1
912145794
-1
1111703297
-1
184396050
-1
383953553
-1
583511056
-1
783068559
-1
982626062
-1
55318815
-1
254876318
-1
454433821
-1
653991324
-1
853548827
-1
1053106330
-1
125799083
-1
325356586
-1
524914089
-1
724471592
-1
924029095
-1
1123586598
-1
196279351
-1
395836854
-1
595394357
-1
794951860
-1
994509363
-1
67202116
-1
266759619
-1
466317122
-1
665874625
-1
865432128
-1
1064989631
-1
137682384
-1
337239887
-1
536797390
-1
736354893
-1
935912396
-1
8605149
-1
208162652
-1
407720155
-1
607277658
-1
806835161
-1
1006392664
-1
79085417
-1
278642920
-1
478200423
-1
677757926
-1
877315429
-1
1076872932
-1
149565685
-1
349123188
-1
548680691
-1
748238194
-1
947795697
-1
20488450
-1
220045953
-1
419603456
-1
619160959
-1
818718462
-1
1018275965
-1
90968718
-1
290526221
-1
490083724
-1
689641227
-1
889198730
-1
1088756233
-1
161448986
-1
361006489
-1
560563992
-1
760121495
-1
959678998
-1
32371751
-1
231929254
-1
431486757
-1
631044260
-1
830601763
-1
1030159266
-1
102852019
-1
302409522
-1
501967025
-1
701524528
-1
901082031
-1
1100639534
-1
173332287
-1
372889790
-1
572447293
-1
772004796
-1
971562299
-1
44255052
-1
243812555
-1
443370058
-1
642927561
-1
842485064
-1
1042042567
-1
114735320
-1
314292823
-1
513850326
-1
713407829
-1
912965332
-1
1112522835
-1
185215588
-1
384773091
-1
584330594
-1
783888097
-1
983445600
-1
56138353
-1
255695856
-1
455253359
-1
654810862
-1
854368365
-1
1053925868
-1
126618621
-1
326176124
-1
525733627
-1
725291130
-1
924848633
-1
1124406136
-1
197098889
-1
396656392
-1
596213895
-1
795771398
-1
995328901
-1
68021654
-1
267579157
-1
467136660
-1
666694163
-1
866251666
-1
1065809169
-1
138501922
-1
338059425
-1
537616928
-1
737174431
-1
936731934
-1
9424687
-1
208982190
-1
408539693
-1
608097196
-1
807654699
-1
1007212202
-1
79904955
-1
279462458
-1
479019961
-1
678577464
-1
878134967
-1
1077692470
-1
150385223
-1
349942726
-1
549500229
-1
749057732
-1
948615235
-1
21307988
-1
220865491
-1
420422994
-1
619980497
-1
819538000
-1
1019095503
-1
91788256
-1
291345759
-1
490903262
-1
690460765
-1
890018268
-1
1089575771
-1
162268524
-1
361826027
-1
561383530
-1
760941033
-1
960498536
-1
33191289
-1
232748792
-1
432306295
-1
631863798
-1
831421301
-1
1030978804
-1
103671557
-1
303229060
-1
502786563
-1
702344066
-1
901901569
-1
1101459072
-1
174151825
-1
373709328
-1
573266831
-1
772824334
-1
972381837
-1
45074590
-1
244632093
-1
444189596
-1
643747099
-1
843304602
-1
1042862105
-1
115554858
-1
315112361
-1
514669864
-1
714227367
-1
913784870
-1
1113342373
-1
186035126
-1
385592629
-1
585150132
-1
784707635
-1
984265138
-1
56957891
-1
256515394
-1
456072897
-1
655630400
-1
855187903
-1
1054745406
-1
127438159
-1
326995662
-1
526553165
-1
726110668
-1
925668171
-1
1125225674
-1
197918427
-1
397475930
-1
597033433
-1
796590936
-1
996148439
-1
68841192
-1
268398695
-1
467956198
-1
667513701
-1
867071204
-1
1066628707
-1
139321460
-1
338878963
-1
538436466
-1
737993969
-1
937551472
-1
10244225
-1
209801728
-1
409359231
-1
608916734
-1
808474237
-1
1008031740
-1
80724493
-1
280281996
-1
479839499
-1
679397002
-1
878954505
-1
1078512008
-1
151204761
-1
350762264
-1
550319767
-1
749877270
-1
949434773
-1
22127526
-1
221685029
-1
421242532
-1
620800035
-1
820357538
-1
1019915041
-1
92607794
-1
292165297
-1
491722800
-1
691280303
-1
890837806
-1
1090395309
-1
163088062
-1
362645565
-1
562203068
-1
761760571
-1
961318074
-1
34010827
-1
233568330
-1
433125833
-1
632683336
-1
832240839
-1
1031798342
-1
104491095
-1
304048598
-1
503606101
-1
703163604
-1
902721107
-1
1102278610
-1
174971363
-1
374528866
-1
574086369
-1
773643872
-1
973201375
-1
45894128
-1
245451631
-1
445009134
-1
644566637
-1
844124140
-1
1043681643
-1
116374396
-1
315931899
-1
515489402
-1
715046905
-1
914604408
-1
1114161911
-1
186854664
-1
386412167
-1
585969670
-1
785527173
-1
985084676
-1
57777429
-1
257334932
-1
456892435
-1
656449938
-1
856007441
-1
1055564944
-1
128257697
-1
327815200
-1
527372703
-1
726930206
-1
926487709
-1
1126045212
-1
198737965
-1
398295468
-1
597852971
-1
797410474
-1
996967977
-1
69660730
-1
269218233
-1
468775736
-1
668333239
-1
867890742
-1
1067448245
-1
140140998
-1
339698501
-1
539256004
-1
738813507
-1
938371010
-1
11063763
-1
210621266
-1
410178769
-1
609736272
-1
809293775
-1
1008851278
-1
81544031
-1
281101534
-1
480659037
-1
680216540
-1
879774043
-1
1079331546
-1
152024299
-1
351581802
-1
551139305
-1
750696808
-1
950254311
-1
22947064
-1
222504567
-1
422062070
-1
621619573
-1
821177076
-1
1020734579
-1
93427332
-1
292984835
-1
492542338
-1
692099841
-1
891657344
-1
1091214847
-1
163907600
-1
363465103
-1
563022606
-1
762580109
-1
962137612
-1
34830365
-1
234387868
-1
433945371
-1
633502874
-1
833060377
-1
1032617880
-1
105310633
-1
304868136
-1
504425639
-1
703983142
-1
903540645
-1
1103098148
-1
175790901
-1
375348404
-1
574905907
-1
774463410
-1
974020913
-1
46713666
-1
246271169
-1
445828672
-1
645386175
-1
844943678
-1
1044501181
-1
117193934
-1
316751437
-1
516308940
-1
715866443
-1
915423946
-1
1114981449
-1
187674202
-1
387231705
-1
586789208
-1
786346711
-1
985904214
-1
58596967
-1
258154470
-1
457711973
-1
657269476
-1
856826979
-1
1056384482
-1
129077235
-1
328634738
-1
528192241
-1
727749744
-1
927307247
-1
