0
48382884729
48383872869
48383585522
48381450976
48383226870
48384666463
48383215070
48382376130
48383952369
48384102646
48383570848
48384161066
48383536861
48384142644
48384236010
48383190512
48382783340
48381046261
48382944831
48384072921
48382782569
48381511078
48383512866
48383947538
48380284404
48382660857
48382918111
48384548421
48384086151
48383648892
48384326493
48384059739
48383677881
48382214639
48383608794
48383606433
48382887035
48383304714
48383726393
48384091933
48384178631
48383929671
48382966136
48384133689
48383091620
48383003539
48383182231
48382336372
48383575110
48383564718
48383826076
48380347774
48383324502
48384330410
48383410749
48383743059
48382847777
48381415736
48382526814
48383634874
48383179830
48381908339
48383347932
48383288266
48383416982
48383126004
48383564094
48382404331
48382661585
48383155272
48382340836
48381011021
48383791608
48383825497
48384051493
48381227116
48383284296
48383694976
48380249164
48382625617
48382882871
48383835407
48383651143
48383613652
48383068361
48382767620
48383572493
48382179399
48383972371
48383848321
48382851795
48380745035
48383789649
48384056693
48383950952
48383894431
48383218642
48382404206
48383056380
48382241944
48383146991
48382301132
48383291148
48383686796
48382052064
48380312534
48381756595
48384133048
48383051847
48383707819
48382812537
48383194227
48382491574
48383599634
48382979437
48381873099
48383063970
48383253026
48383266230
48383090764
48384094422
48382369091
48382626345
48383734405
48382305596
48384097322
48383756368
48383790257
48383066892
48381191876
48383249056
48383659736
48384264586
48382159095
48382718825
48383800167
48383615903
48382801467
48383033121
48382639205
48383537253
48383794507
48382870086
48383127340
48384041095
48380709795
48384678295
48383576676
48383449108
48383730385
48383209798
48382368966
48382999794
48382206704
48382142207
48383559676
48383255908
48382699307
48382016824
48383617008
48381721355
48384097808
48383016607
48383543773
48382982620
48383830530
48383836420
48383853389
48382944197
48383533731
48383028730
48384056997
48383230990
48382556356
48383109087
48383936283
48384064999
48383971471
48382548814
48383125409
48383934514
48383626211
48382988853
48383319278
48384763339
48382037395
48383524255
48381875133
48382683585
48383666524
48384537398
48382766227
48383191732
48382603965
48383963765
48383979061
48382834846
48382841117
48384005855
48383695916
48381958837
48383541436
48383413868
48383695145
48384098536
48382789620
48382964554
48384250650
48382106967
48383052223
48384724768
48382664067
48383950751
48383581768
48383506348
48383933762
48382700081
48383508533
48383554296
48383795290
48383801180
48383818149
48383428913
48383716539
48384605246
48384063470
48383759286
48382022207
48383073847
48383098671
48385085182
48384060129
48383121795
48383090169
48383209389
48383590971
48383232107
48383306264
48384046472
48383630969
48383446216
48383726513
48384547450
48383564251
48384110231
48383595992
48383834991
48383433730
48384038580
48383449484
48384638628
48382805877
48383382898
48383660676
48381923597
48383962117
48381649494
48382008189
48382139692
48384454720
48383670286
48384215410
48383134358
48383795447
48381681688
48383967179
48381885706
48382142960
48383471108
48383347324
48384155776
48384056889
48383519056
48383417282
48383674536
48382068291
48382952863
48383975565
48384488337
48384028230
48383316782
48381986967
48382880453
48381518394
48381945808
48382203062
48384393449
48382964640
48383174149
48383601563
48383579158
48383271024
48383780159
48384125823
48382075516
48383691273
48382967908
48383529011
48383826269
48383260555
48383277524
48382893585
48382309097
48384185709
48382078949
48381082423
48381425162
48382533222
48383438269
48383489134
48381614254
48381972949
48382104452
48383988080
48383012658
48382465552
48382850396
48383845479
48381646448
48383683217
48381850466
48382107720
48383551781
48384449829
48382343069
48381043165
48384039916
48383382042
48383639296
48382033051
48382917623
48384361684
48384453097
48382971783
48383281542
48383912370
48382845213
48381483154
48381910568
48380815987
48383611883
48382929400
48382706358
48384145951
48382544096
48383675344
48381822423
48382930483
48382040276
48383615151
48382932668
48383266851
48383481594
48383225315
48383242284
48382858345
48382273857
48383717918
48382043709
48381047183
48381389922
48382497982
48383975740
48383549566
48382735862
48382990585
48382955891
48383946497
48382949971
48382430312
48382787709
48383810239
48381482402
48383369044
48383678803
48384104308
48383516541
48384043057
48382307829
48381007925
48384004676
48384464053
48384594168
48383061926
48383686855
48384326444
48384397919
48382554614
48382910713
48383796213
48384226570
48383019543
48383086445
48380780747
48383576643
48382166411
48382593825
48382851079
48382508856
48383612657
48381787183
48382895243
48382683535
48383579911
48383515414
48383231611
48382723533
48382515356
48383390031
48384116889
48383227769
48383682678
48381879663
48384907636
48382957114
48383366382
48383940500
48384071453
48383082913
48382955345
48382920651
48382288178
48383435760
48383459187
48384467726
48384326550
48381447162
48383113569
48384530242
48384271150
48383512467
48384007817
48381582704
48383682622
48383814125
48384178100
48382991086
48383026686
48384387654
48384400858
48383114783
48382519374
48383560139
48383760973
48384191330
48383597542
48383843615
48382594264
48384466287
48383702800
48384331750
48383742724
48383763942
48384819188
48383354375
48383756644
48382710768
48384468714
48383480174
48383192827
48383317912
48382480116
48381913080
48384639073
48384129611
48383651243
48381844423
48383161571
48383224350
48384365935
48383749949
48381790597
48382047851
48384491734
48384358393
48382252938
48383766170
48383423947
48383639136
48384291310
48383476874
48379891709
48383099595
48383655884
48384155726
48383221673
48381547464
48382991525
48383778885
48384142860
48383445798
48383863477
48383533401
48382494340
48383320881
48382332078
48383524899
48383782153
48383536976
48383562302
48383740994
48382559024
48384431047
48384225707
48384173323
48380906537
48383172023
48383610817
48381955741
48384301822
48384294618
48384551872
48382438113
48383157587
48383054895
48382490420
48381877840
48383847029
48384104283
48382955237
48382395730
48381578286
48381728563
48382995235
48383141674
48381755357
48382012611
48383456672
48384231749
48382398998
48383843059
48383658798
48383603896
48382891601
48383441634
48379856469
48383064355
48382447513
48382680457
48382937711
48383280450
48382956285
48384198151
48383932377
48383385271
48381303798
48383498161
48382459100
48383156835
48381791933
48383777405
48382962942
48382835374
48383262788
48383520042
48382682358
48382866310
48383386485
48382704048
48380871297
48382159811
48383575577
48381920501
48381363900
48383554287
48382743827
48382402873
48382581565
48382876281
48382455180
48383600397
48383811789
48383824993
48382671275
48383247169
48381543046
48381693323
48382711273
48383078987
48383533848
48383677711
48383421432
48384196509
48382767700
48383445834
48383623558
48383439850
48382223181
48383277588
48381983871
48383427932
48382412273
48382645217
48380539726
48383245210
48383848365
48383263571
48383663767
48383101309
48381268558
48384315061
48382648485
48383121595
48381756693
48383200754
48382927702
48382800134
48382978826
48383257137
48384308777
48382831070
48383351245
48382668808
48382863213
48382124571
48384384993
48383660045
48381328660
48383519047
48382708587
48383690540
48382546325
48382841041
48383443725
48383565157
48384861328
48382217051
48382620442
48383211929
48382381132
48384282356
48382676033
48384030627
48384435133
48383642471
48384040303
48383803774
48383619139
48383587513
48382562460
48383404610
48382187941
48383242348
48382153954
48383392692
48383539618
48383496656
48383465030
48383722284
48383813125
48383228331
48383585728
48383066069
48382129959
48384700067
48384100199
48383303221
48381566142
48383165514
48383105848
48383302450
48382943586
48383221897
48383840986
48385280579
48383180738
48383437992
48384192679
48383514327
48383708732
48384443770
48383546470
48383817562
48383884464
48383655300
48382011917
48383992973
48383391844
48385066481
48383959354
48382181811
48382580970
48384536250
48383481554
48383630174
48383319292
48383893917
48382660092
48383768152
48384084599
48383768534
48383122085
48383552273
48382527220
48384570962
48383350689
48383596762
48383252719
48383402996
48384154755
48383461416
48383429790
48383687044
48384233779
48382490862
48383645885
48383551126
48382245181
48383689242
48384108226
48380811428
48381530902
48384745184
48384121946
48384144240
48384001427
48384147969
48383789105
48383985707
48383145498
48383360089
48382978231
48381514989
48384133533
48384558992
48382347810
48382605064
48383125239
48383392283
48384524659
48383511626
48382554232
48384540743
48383854820
48382303889
48382482581
48383439216
48383508787
48383594934
48382761825
48383320831
48382624852
48383732912
48382711099
48384323826
48383086845
48384225515
48382642442
48383353025
48383066727
48381208689
48383217479
48382588616
48382717332
48383093653
48383430012
48382867860
48384782637
48382455622
48381641186
48383623849
48384019010
48380689728
48383897614
48380527466
48383587119
48382995326
48383189731
48383571421
48382214159
48383135757
48382951493
48384661496
48382368711
48383324849
48382872843
48381479749
48381701288
48383746853
48382312570
48382569824
48382962553
48383357043
48383647221
48383476386
48382518992
48381704556
48383687219
48383750286
48382447341
48383096499
48383344741
48383519675
48381352414
48383285591
48383581384
48383265121
48382675859
48384119920
48384136889
48383753256
48383193749
48383317785
48382526582
48381173449
48383520155
48382553376
48382682092
48383058413
48383394772
48382832620
48383943698
48383687419
48381605946
48383397672
48383270104
48380654488
48382098549
48380492226
48383551879
48382960086
48383154491
48383508734
48382487324
48383100517
48382916253
48382101817
48382333471
48383981818
48382837603
48383094857
48381666048
48383711613
48383123846
48384060807
48382927313
48383192997
48383611981
48384223282
48382967311
48381669316
48383113377
48383715046
48381442557
48382161919
48383309501
48381999657
48381317174
48383861339
48383572104
48383229881
48383409842
48384084680
48382899848
48383130880
48383840902
48383153739
48382491342
48382834081
48383484915
48383357347
48383784761
48383948794
48384236420
48383497778
48383908458
48384147335
48383874471
48383362432
48383234864
48382926561
48382063309
48383641676
48384417748
48381337745
48382824605
48383567008
48382452084
48384566353
48383837748
48382066577
48384049240
48383946578
48383919614
48383458520
48383998773
48382141467
48383985247
48384025567
48382349305
48383157757
48383807103
48385020802
48383610570
48384037984
48383078137
48383551000
48381407317
48382126679
48384317066
48381964417
48384022243
48384279497
48383639060
48382201569
48383959515
48383310105
48382864608
48383095640
48383805662
48383118499
48384157014
48383546901
48383905596
48384037099
48384436258
48383254041
48384299285
48384364810
48384385532
48383360479
48384439502
48383783113
48384040367
48382768876
48382914748
48382606614
48384382508
48383694030
48382746566
48383026863
48383965698
48384469232
48384694003
48382896342
48383315619
48383855952
48384101240
48382364161
48383780436
48382106227
48383344107
48384598940
48382773859
48382598830
48381602304
48383584417
48381440042
48383755070
48383907902
48383515760
48384483997
48383154182
48383375721
48384154927
48383431562
48382809936
48384636986
48382166329
48383924275
48383357239
48384193425
48383322569
48383724852
48381368641
48381563046
48384668509
48383901923
48383458111
48382617132
48383218801
48384362959
48380818744
48381246158
48381503412
48384437477
48382264990
48384165677
48382733636
48381335868
48382571374
48383682452
48384227809
48381375866
48382991623
48383288881
48383631620
48383450364
48382861102
48382577874
48383559969
48381609447
48382328921
48383496474
48382166659
48383308867
48384109450
48382738619
48382563590
48381567064
48383549177
48381404802
48383719830
48382313008
48381765902
48383249623
48383145829
48383340481
48383923258
48383014393
48383246047
48384309645
48383750179
48381643419
48381900673
48384641744
48382849586
48381767116
48381333401
48381527806
48383559844
48384118850
48383422871
48382581892
48383456770
48384246050
48380783504
48381210918
48381468172
48382912233
48382229750
48382006708
48384512127
48381300628
48383364889
48382686292
48383416893
48381340626
48383028737
48383253641
48383596380
48382781944
48383686991
48382542634
48383524729
48381574207
48383018268
48383035237
48384821034
48383463639
48383012178
48384222530
48383688860
48382418503
48382290935
48383438517
48383246847
48382250321
48381730662
48383214383
48383110589
48382808059
48382950733
48382979153
48383389833
48382848057
48384180556
48381608179
48381865433
48384475060
48384333293
48381731876
48382737784
48382987205
48383524604
48384083610
48383258825
48382211063
48384715314
48384210810
48382319893
48383039255
48384772646
48381824356
48384770073
48381971468
48384551636
48383428030
48383480111
48383856432
48384089376
48381983885
48384086121
48382815764
48383874256
48382746704
48383711994
48382690381
48383058262
48383239307
48382983028
48382999997
48384281047
48383428399
48383787094
48383631463
48383653620
48382383263
48382255695
48384679893
48383581969
48384291779
48383568730
48383664611
48383921865
48382772819
48382915493
48383840554
48383810487
48382812817
48383996755
48382666020
48384073090
48383114475
48383661210
48383859278
48384321775
48383688004
48383945258
48382415133
48383223585
48383262605
48384207861
48384885499
48382897892
48383143965
48384737406
48381789116
48384848769
48383632100
48383043074
48383064292
48384119538
48384746813
48384422924
48382011118
48384050881
48382780524
48382493177
48382920591
48383177845
48383574118
48382957994
48383204067
48382951593
48381731320
48384107773
48384237815
48382936218
48383050299
48384087553
48382098167
48383792084
48384601854
48383661555
48383296547
48383753922
48382939486
48384751630
48384990629
48379192059
48384331429
48384605122
48383456076
48382522023
48382630780
48384816314
48382967394
48383326089
48382805132
48383163827
48384701063
48381794690
48384452258
48385059582
48382999588
48383225584
48382837326
48382862652
48383041344
48383575106
48383916518
48383355255
48383441549
48382482765
48382472373
48382911167
48383269862
48383223929
48383645608
48382679692
48383201205
48382457937
48382885351
48383142605
48383689340
48382674032
48383101446
48382255587
48381696080
48384072533
48383887324
48382900978
48383015059
48382919284
48382062927
48381248491
48383231154
48382103290
48383261307
48382959148
48382904246
48382191951
48383791969
48379156819
48383396849
48384836442
48381980807
48382238061
48382580800
48383688860
48382932154
48383290849
48382769892
48382880026
48383498980
48381759450
48383203511
48383621190
48382964348
48383190344
48382802086
48384126959
48383006104
48383539866
48382166660
48382361065
48383406309
48382198803
48383866080
48382875927
48383234622
48380664250
48383885496
48382044177
48383650360
48383899781
48383063009
48383390396
48383498789
48382133887
48383066206
48381971625
48382647720
48382173885
48383861996
48382736932
48383140323
48382884044
48382978061
48381213251
48383195914
48382068050
48382746184
48382923908
48382740200
48382156711
48383023751
48383172241
48383185445
48384801202
48381945567
48382202821
48382545560
48383148715
48382563921
48383084096
48383891500
48382844786
48383463740
48383515400
48382796573
48383585950
48382800302
48382441438
48382638040
48384146245
48383277283
48382720682
48382131420
48382325825
48383463467
48382163563
48383941622
48383997535
48384089566
48380629010
48383153152
48382008937
48383452998
48382507153
48383027769
48382744075
48383463549
48382098647
48383337385
48381936385
48383911725
48382138645
48383582706
48382701692
48383105083
48383921195
48382942821
48383340653
48383777630
48383504696
48383113894
48381896508
48382704960
48383670994
48382988511
48384275222
48383150205
48383521981
48383035301
48383855498
48383772600
48383113475
48382528681
48383048856
48382886716
48383606078
48384557499
48383443816
48382603571
48380866492
48382765062
48382406198
48382602800
48383585739
48384305213
48382685442
48384641827
48382481088
48382738342
48384396099
48383906382
48383009082
48384146724
48384114438
48383117912
48383460651
48383417758
48382471913
48384715777
48382708835
48384375242
48383912164
48383507468
48383749902
48384146806
48382781904
48383547466
48383553131
48384257925
48384252759
48384510013
48383384949
48383788340
48383469456
48383078654
48383798016
48383230980
48383563290
48383068718
48382353871
48383096410
48383455105
48383000061
48383017886
48383737360
48382922924
48384499960
48382946235
48382851476
48383570838
48383332622
48383408576
48382161067
48380831252
48384794774
48383464039
48383655240
48381047347
48383448319
48383106096
48384120057
48382445848
48382703102
48383368699
48384177151
48383433883
48382888592
48382587851
48383392724
48383649978
48384249765
48383825009
48384680537
48385048479
48381153382
48383155170
48383771183
48383714662
48383522432
48382224437
48384075762
48382062175
48383273641
48383415147
48383111379
48384044782
48381872295
48383653433
48383525865
48382529339
48382872078
48383528050
48383033478
48383848318
48383061170
48382896186
48382799668
48382733924
48382168210
48382887684
48383086461
48382910995
48383093364
48383468380
48379990078
48383554636
48382125827
48384254095
48383789985
48382490081
48382871771
48381012107
48383345897
48383479967
48383836095
48382812800
48383007205
48383983809
48384703171
48381001638
48382853352
48382459436
48383357484
48382262903
48382690317
48382947571
48383558872
48383709149
48381118142
48383827071
48383269339
48383764694
48383487192
48382189197
48382820025
48382026935
48381962438
48383379907
48382565471
48382519538
48381837055
48383437239
48383053606
48382494099
48382836838
48383610818
48383419729
48383813078
48383656651
48382860946
48382764428
48382698684
48382132970
48383244048
48383051221
48383004738
48382625573
48383433140
48379954838
48381398899
48382977266
48384035758
48383121565
48382454841
48382809084
48383139509
48383310657
48381857626
48383211275
48381695364
48382971965
48383948569
48383251273
48380966398
48383011963
48382424196
48383649015
48382227663
48382655077
48382912331
48383523632
48383673909
48382869186
48383817588
48383234099
48383729454
48381462269
48382609851
48382784785
48384448379
48381927198
48382872454
48382530231
48382484298
48383921658
48383401999
48383018366
48384462427
48382520312
48384531477
48383374527
48383877690
48383372689
48383776080
48383249144
48383536770
48384425477
48383208808
48383403213
48383174821
48382590333
48384554748
48384457299
48381363659
48382942026
48383718098
48383029620
48383343579
48383052338
48383301288
48383495693
48384473602
48383176035
48384181943
48384313419
48383966290
48383216033
48383447859
48383178805
48383285597
48383613775
48383269715
48383824133
48382721780
48383268515
48384261486
48383415627
48383782348
48383308513
48384905331
48381427029
48384274951
48383490517
48384262284
48384054600
48383927032
48381501919
48383606069
48382610455
48383329817
48382827815
48383167555
48384444156
48384496237
48383339287
48383237513
48383337449
48382065958
48383827422
48383698549
48384547764
48383977992
48383546728
48383815730
48384796578
48381338625
48382069226
48383845120
48383273590
48383682858
48382994380
48384438441
48383399389
48383266048
48383460453
48384747690
48384150177
48384585428
48383808762
48383401590
48381664511
48383080786
48383143565
48383400819
48382129328
48384005940
48381899180
48380902654
48383233275
48382353453
48384618939
48384308368
48383273273
48383784347
48384413150
48382676071
48382832889
48383575099
48382670627
48383665710
48381466679
48383503448
48384823590
48384290667
48382792575
48383025202
48383175479
48380863396
48384200688
48383202273
48383459527
48382030718
48383542326
48383663309
48384239904
48382776662
48383511488
48383780490
48383609483
48381303385
48382033986
48380636218
48383540826
48383798080
48382526589
48383966182
48382364327
48383495575
48381710595
48382750714
48383022581
48384130641
48383773522
48382959086
48381629271
48382796824
48384156624
48381588112
48381845366
48383538149
48381863940
48380867414
48383243867
48382318213
48383606727
48383369797
48383367417
48382810816
48383541417
48382640831
48382797649
48382366728
48382635387
48382856926
48384150645
48383189275
48384788350
48384118191
48384512681
48381067466
48383140239
48380828156
48382860194
48384284284
48383621772
48382882157
48383507086
48382670314
48384204664
48382374845
48383547084
48382732648
48383574243
48383430787
48383699086
48380600978
48384092133
48381986642
48382491349
48383682220
48382329087
48383460335
48381675355
48382715474
48382987341
48384095401
48383920372
48382923846
48383266585
48382335587
48384121384
48381552872
48381810126
48383254187
48384277986
48384798161
48382777345
48383805224
48383571487
48383642962
48383359065
48382775576
48383257455
48382108409
48383499077
48382331488
48382690183
48382821686
48383480906
48383154035
48383182786
48384067358
48384348635
48381032226
48383292648
48382567700
48382824954
48382760457
48383586532
48382598195
48383317557
48382635074
48382935014
48382339605
48384190343
48381124706
48384184359
48383600870
48383663846
48383190011
48384286518
48383550478
48383389726
48383646980
48383989719
48384392019
48383174606
48383576875
48384785429
48384288945
48382358612
48382539657
48383687239
48382300347
48384244461
48382728749
48383087444
48383218947
48383423143
48382236129
48382493383
48383769984
48384745896
48383607722
48383323825
48382964961
48383222215
48382073169
48384597311
48383244178
48383459367
48383951312
48383297105
48381966370
48383147546
48383504943
48384313395
48384118631
48383676675
48383582804
48383995574
48382725217
48384169278
48382562955
48383282317
48384185849
48383141112
48383974136
48384217576
48381089466
48383357207
48384172546
48384274908
48382537829
48384251278
48384047163
48383736777
48383705151
48382992254
48383431048
48383789743
48383692097
48384409679
48384988245
48382258344
48382504417
48383708419
48382310651
48383689238
48383667260
48382236568
48383440767
48383387903
48381398517
48383385028
48383902204
48382961905
48382596897
48384837238
48383794726
48384051980
48382623171
48384007082
48383262545
48383424127
48383916072
48383261865
48381931130
48384580367
48382267744
48382500688
48382757942
48383830803
48384025208
48384767747
48383752608
48384134038
48382299938
48384309820
48382503956
48384522385
48383708320
48383965574
48383367900
48382655605
48382741899
48383832404
48382502589
48382686541
48383206716
48382524279
48382718684
48381980042
48383088102
48383515516
48383438561
48382136644
48382564058
48381974382
48382401796
48383582890
48382275411
48383420628
48383632020
48382201328
48382491506
48384003520
48381363277
48380548841
48382531504
48382926665
48382561657
48383878805
48383759486
48384016740
48382587931
48382507831
48382697199
48383484559
48382043412
48383151472
48384464505
48382597541
48382232504
48382465448
48382722702
48380608943
48382799330
48383083802
48383468646
48382921540
48382264698
48383708759
48382468716
48383316454
48382870708
48384401685
48382961319
48381661415
48382706659
48383797164
48383825263
48382651301
48382922754
48382489039
48382683444
48381944802
48383027575
48383480276
48383403321
48382101404
48382528818
48381434237
48382366556
48383547650
48383263956
48382905092
48383162346
48382037282
48382440673
48383548733
48382595074
48380513601
48382496264
48383885101
48383112964
48381006204
48382445797
48383624005
48383439370
48382472591
48382416389
48383747702
48382008172
48383116232
48383910562
48382562301
48382889473
48383316887
48383574141
48380573703
48382764090
48383048562
48383405959
48382886300
48382100652
48383673519
48383963697
48383281214
48382835468
48382021032
48382926079
48381626175
48382763817
48384648603
48383661217
48383680176
48382887514
48383893422
48384142843
48383334558
48382992335
48381807503
48383366701
48383637793
48382763899
48381398997
48382637735
48382784661
48382979994
48382869852
48383127106
48382002042
48382405433
48383513493
48383301785
48384067347
48383139523
48383714148
48383341783
48380970964
48382410557
48383588765
48383404130
48383598535
48382497913
48383712462
48383727378
48383416993
48383072950
48384313345
48382854233
48383281647
48383538901
48382906428
48384054010
48384077437
48384297604
48381256960
48382065412
48383509473
48383928457
48383411355
48383605563
48381985792
48383942177
48383964471
48383034996
48384613363
48383609336
48383644936
48384949766
48384693303
48383733033
48384738941
48383570771
48381772263
48384831916
48384034492
48384361664
48383212514
48382807818
48384074490
48382944754
48383927693
48383675051
48384198712
48383558275
48383654475
48383329018
48384710606
48383166756
48383678908
48383936162
48383098366
48382531330
48383802605
48384729756
48381654221
48382462673
48383173256
48382886958
48383601658
48383037710
48382223274
48384121844
48384601098
48383253805
48382688091
48384689879
48383542890
48381461417
48383613245
48383988261
48380509959
48383717845
48380347697
48384213266
48382815557
48383009962
48383391652
48383786418
48382283376
48384064048
48383359840
48382188942
48384595973
48382693074
48382950328
48381521519
48383711906
48384123968
48384180552
48380453732
48383177274
48384473490
48384078753
48382822782
48381524787
48383790273
48383570517
48382573991
48383619235
48384024790
48383345132
48381172645
48383775837
48384012275
48383085352
48382496090
48383940151
48384593995
48383377326
48383013980
48382196536
48382346813
48383566418
48383759924
48382188034
48383817668
48384074922
48383218565
48382404129
48383763929
48383258928
48381426177
48383802630
48383090335
48380474719
48381918780
48380312457
48383214032
48382780317
48382974722
48383356412
48382307555
48382248136
48383141622
48381922048
48382153702
48383802049
48382657834
48382915088
48381486279
48383676666
48383453624
48383695465
48380418492
48383300608
48384438250
48383065044
48382787542
48381489547
48382778061
48383535277
48381262788
48381982150
48383989550
48381819888
48381137405
48383194752
48383494531
48383050112
48384161190
48383904911
48382720079
48383289525
48383661133
48382161296
48382311573
48383329523
48383697237
48383177578
48382738803
48384039682
48381925923
48382368889
48383728689
48383223688
48383810887
48383336108
48383055095
48383312349
48381883540
48384259993
48383178792
48381157976
48382511625
48384772047
48382272315
48383462305
48383106382
48381886808
48384326316
48382931393
48383739845
48383346692
48383271272
48383698686
48383418384
48383597076
48382169536
48384344014
48384174019
48383029804
48383193837
48383481463
48382742821
48383773246
48381227548
48381946910
48384137297
48381784648
48384308790
48383159512
48383459291
48383662791
48383779746
48383831827
48382684839
48383178040
48383625893
48384639949
48383037029
48383294283
48383725827
48383857330
48382703563
48384615074
48381890683
48384237389
48384205763
48383180710
48383775647
48383052146
48383860598
48384606351
48382734979
48383793471
48382796043
48384083280
48382476385
48384666943
48383785929
48383427065
48383684319
48382748209
48383135850
48384718449
48383789639
48382184392
48383236032
48382022130
48382568865
48383561836
48383283980
48383708377
48384138779
48383798988
48383458034
48383575301
48383863375
48383793154
48383877094
48384164720
48383195952
48384016296
48384272416
48382630167
48382128165
48383627551
48383744506
48383796587
48382800061
48383142800
48383545083
48381366308
48383637707
48383937542
48383848114
48383278342
48382847078
48384702849
48384183190
48380638975
48383296543
48383145470
48381843873
48383968939
48384077696
48383870969
48382699739
48383509509
48382760803
48384048040
48384289902
48384105638
48383109112
48384078562
48384169376
48384672500
48383100610
48384663591
48381429678
48382149152
48383316705
48381986890
48382533625
48383929681
48383919289
48383608718
48382858701
48383763748
48383967237
48383540061
48382133239
48384436413
48383069854
48382966060
48383160712
48383743489
48382886609
48383245304
48382092925
48384599410
48384294508
48384347894
48382309020
48383163980
48381587347
48381331068
48382842676
48383380075
48383812874
48383243102
48382811838
48384150265
48384756171
48380603735
48383027933
48384647996
48381808633
48383684977
48381826939
48383835729
48383375289
48383335582
48381010945
48383944847
48383486110
48384070398
48383073872
48382259436
48382602175
48384195616
48383744097
48380888462
48381145716
48382838499
48383281465
48383807981
48383283870
48382832409
48384027409
48383573478
48382823461
48382111166
48384650875
48383491093
48382097999
48382319538
48383034614
48382157276
48383450995
48382770964
48382851369
48383210064
48383843969
48383620801
48384048215
48384148796
48382273780
48383645487
48381552107
48382558015
48382807436
48381970664
48383903841
48383459081
48383118076
48382280280
48383721109
48383881813
48382992693
48383951990
48381644587
48383649737
48381791699
48384443864
48382491890
48383300342
48380975705
48383909607
48383450870
48382053102
48383220722
48382224196
48382566935
48382093100
48383708857
48380853222
48381110476
48382554537
48383578336
48383772741
48383248630
48383105574
48383964722
48383943024
48382659415
48382075926
48384366913
48383455853
48383238684
48382284298
48383484842
48382122036
48384167601
48382735724
48382483136
48382677541
48383810715
48383585561
48383534626
48383731627
48383331164
48382060807
48383119299
48382360653
48382617907
48381935424
48382235364
48383343424
48383082836
48382245040
48383685869
48383518098
48382964196
48382490361
48381609347
48384565070
48383072367
48383040741
48383900546
48383692369
48382946984
48384243155
48384404782
48382017862
48383056676
48382313408
48384134127
48382057860
48383518306
48382681559
48383024298
48382519297
48384097664
48383442855
48384185258
48382756449
48383960648
48383907784
48382624175
48383912689
48384331673
48383673379
48383116778
48383918829
48382759717
48383251662
48383964081
48382967555
48382447896
48382642301
48384081894
48384228820
48384258098
48383696387
48383295924
48382025567
48383469628
48382325413
48382582667
48383771277
48383344245
48384879813
48382819819
48382415123
48382657557
48383482858
48383713890
48382455121
48383736749
48384464802
48383037127
48383005501
48382292604
48382731398
48383090093
48383221596
48384357909
48384828256
48383021436
48382278168
48384401363
48382701119
48383483066
48382494263
48383224864
48383443600
48384429228
48383364816
48382685378
48382721209
48384479155
48384421686
48383150195
48381068722
48384276608
48381923521
48383081538
48382562895
48382724477
48383216422
48382600298
48383027712
48383217080
48384656673
48381801038
48382058292
48384222858
48383325558
48384134010
48384862063
48383434388
48383157420
48383319211
48383731273
48383899537
48384445397
48382784579
48384186500
48382622317
48384787830
48383132754
48383098380
48381986891
48382181296
48383226540
48382019034
48384231908
48382696158
48383054853
48383186356
48381436994
48381864408
48383547456
48382755299
48382883240
48382728352
48383319020
48381954118
48383189624
48381791856
48383621258
48381994116
48382125069
48383572648
48383668827
48382448554
48382866233
48381033482
48383633101
48381888281
48383857470
48382527655
48382784909
48383927117
48382565058
48382743750
48381897891
48384621433
48381765798
48382023052
48379909293
48382968946
48382384152
48382904327
48384012387
48383122180
48383283971
48383684628
48382616804
48383522366
48383881061
48382261669
48383336824
48384344913
48383097514
48382385366
48381951651
48382146056
48383579886
48381983794
48384053294
48383609857
48383909797
48383969909
48381401754
48381829168
48383273229
48382327384
48382848000
48382564306
48383283780
48381918878
48383157616
48381756616
48383586018
48381958876
48382089829
48383537408
48383633587
48382413314
48380306554
48383160884
48383597861
48383324927
48382934125
48381716739
48382930438
48383491225
48382808742
48382708510
48381862651
48383342212
48382909185
48383675729
48379874053
48382933706
48382348912
48382869087
48382706947
48383426309
48383568983
48383264047
48382581564
48381776841
48383597260
48382226429
48383301584
48384013961
48384164238
48382350126
48383356034
48382187864
48383554877
48383723338
48383658841
48382829313
48384037249
48383934669
48382938143
48382810575
48383237989
48382292144
48384533241
48382280344
48383361686
48383177422
48383327699
48384345649
48383967037
48382602135
48383367697
48383739473
48384078156
48383364954
48380271314
48383232627
48383138195
48383289687
48382898885
48383618247
48383012812
48383455985
48384405344
48382174102
48383613695
48383306972
48382873945
48383391767
48384200219
48382743155
48384186980
48383597954
48382671707
48383391069
48383533743
48383228807
48384274731
48383431067
48383562020
48383284270
48383475471
48383122008
48384128998
48382926327
48383758947
48384306254
48384406316
48383033383
48383623601
48383880855
48384147722
48384180701
48383334842
48383762215
48384296750
48382407366
48383851427
48382245104
48380973613
48382975401
48384179138
48383693467
48384044943
48382629368
48384010956
48383704233
48383111427
48383538841
48384590481
48384192368
48383102955
48383822317
48383346096
48382349570
48384680191
48383466289
48383554468
48383668549
48383392206
48382716417
48384410334
48382554155
48381988441
48382707915
48384117543
48383037645
48382913595
48383288611
48379810309
48383778809
48384239491
48384074326
48383572324
48382310312
48382692002
48383086768
48381583726
48383423382
48382660190
48382810467
48384371076
48384223578
48384442204
48380821869
48383198322
48383455576
48383480902
48382083134
48384740702
48384589629
48383288032
48384059799
48380938373
48383090623
48383157511
48383584925
48383842179
48384263858
48383297942
48383819455
48383076187
48383503601
48382385702
48383035028
48383292282
48383714633
48382873837
48382314330
48384102183
48383431049
48383519228
48383633309
48383356966
48382681177
48381866741
48382518915
48381704479
48383064279
48383258684
48383002405
48382445804
48383253371
48379775069
48381219130
48383595583
48382514382
48382941796
48382275072
48382656762
48382878301
48381548486
48382441972
48382624950
48382775227
48381764581
48383821761
48382682282
48380786629
48383163082
48383420336
48383469246
48382047894
48384273512
48383605826
48383252792
48382529427
48382716864
48383862297
48383122271
48383549685
48381282500
48384259228
48383262702
48384268610
48383100440
48383703595
48382350462
48382999788
48383257042
48382332621
48382589875
48383828613
48384222992
48382589529
48383355182
48384276568
48383192920
48383596311
48381831501
48383275562
48381669239
48383029039
48383223444
48383763697
48382161842
48383601435
48383790491
48381183890
48383560343
48382479142
48382906556
48383163810
48384271870
48382843061
48383315924
48382406732
48382996266
48384002174
48381729341
48383414823
48382647042
48382571622
48382999036
48383256290
48383434006
48382619570
48383338932
48383570586
48383088746
48382494187
48382781813
48384225874
48383128744
48382986790
48381247260
48384076861
48383805528
48383986573
48383125403
48383668355
48382963141
48383426300
48384534360
48382297381
48382554635
48383683045
48383940299
48382511490
48383319942
48384303801
48383157680
48383561071
48383915424
48383240322
48384122946
48383732144
48382514758
48383728457
48382126602
48383413286
48383906701
48383768455
48383093821
48383653551
48384473748
48384390850
48383519994
48383086279
48383280684
48383504966
48384437285
48383526318
48384062066
48383221821
48381484742
48382536382
48382412598
48383221050
48384203989
48382584330
48383303692
48383729197
48383053506
48383076933
48384334623
48384190634
48383093504
48382951550
48384233381
48382496302
48384078901
48383572766
48383090163
48383757567
48382927901
48383502019
48383683484
48382644432
48382612806
48382845433
48384831944
48384165716
48384050331
48384043813
48384361658
48383237546
48384003199
48383483540
48384060135
48382596893
48384560937
48381144223
48383429714
48383378046
48382972121
48383714660
48382809859
48383618311
48383636136
48383878232
48383484754
48384126458
48381530826
48383469726
48384708464
48383769572
48383775843
48382779317
48381449502
48382617055
48384263978
48381408343
48381665597
48383949505
48383724346
48383899280
48383064098
48383041693
48383426958
48384449660
48383343342
48383506842
48384198141
48382461062
48383354548
48382186959
48382545654
48382677157
48384730016
48381771632
48383648244
48381609370
48384332912
48380887697
48381995757
48382423171
48382680425
48384008573
48383442003
48383729629
48383450615
48382490545
48383217403
48382328283
48382783192
48381108983
48383394474
48383651728
48384044457
48383679420
48383912364
48383094920
48382055859
48382786460
48383011771
48384769717
48381495586
48383711614
48384086630
48383915632
48382434318
48382744077
48384595402
48382581815
48383108331
48381373103
48381630357
48383074418
48384098217
48384369670
48383431050
48383625455
48383391718
48382616414
48381619888
48382820432
48383077686
48383309340
48382881153
48382151719
48382510414
48382641917
48384327399
48381736392
48383003017
48381574130
48384382944
48380852457
48381960517
48382387931
48382645185
48382580688
48382453120
48382418426
48381580630
48382455305
48383182163
48382293043
48382747952
48380944937
48384205750
48384037979
48384009217
48383010242
48384383658
48383059680
48382020619
48382751220
48381353452
48384056703
48382524461
48383243823
48384051390
48383081561
48382017149
48382359888
48383467948
48382577741
48383073091
48382548980
48382907675
48383039178
48383243374
48382056360
48382313614
48383590215
48384566819
48382581174
48381584648
48382785192
48383042446
48384210815
48382845913
48382908889
48381977891
48383763688
48384292159
48383487436
48382967777
48383325174
48384347704
48382419649
48383496906
48383403035
48383533988
48382545448
48382417880
48382383186
48381545390
48384605043
48383864126
48383944829
48383974899
48380909697
48384492211
48383992777
48383431209
48382975002
48384333678
48383867394
48383557008
48384192667
48381318212
48384021463
48382489221
48383208583
48384956389
48382818656
48381981909
48382324648
48383432708
48383221000
48384484292
48383670588
48382056799
48383260998
48383208134
48383794285
48383205259
48383632023
48384744965
48382417128
48383219179
48383646593
48383903847
48384232025
48384382302
48383082776
48381942651
48383736303
48384809532
48383592146
48383996652
48383776301
48384684149
48384198140
48383651034
48383845439
48384730939
48382966129
48383954269
48382120169
48381715473
48383228705
48383101137
48383446065
48383785805
48383188131
48384299209
48382562130
48383670190
48383618261
48382684208
48384685996
48382521946
48383658259
48384128606
48382908333
48384240265
48384002716
48381956875
48382783416
48381794613
48383275180
48384301108
48382999511
48384838568
48384017639
48382021559
48383855377
48384686204
48382450545
48380369072
48384646738
48384007496
48382381888
48383699036
48383761815
48385205876
48381900648
48382328062
48382517430
48383304790
48383154106
48382971703
48383689263
48382417772
48383891523
48384402597
48384014339
48380429174
48382619561
48383031623
48383288877
48383824459
48382084929
48383528990
48383649386
48384088180
48383410825
48383643452
48383248563
48381481646
48382526890
48383634950
48383645494
48382648968
48382742985
48382486706
48383998314
48383255063
48382847806
48384331527
48383967476
48381921635
48382619370
48381254468
48382493206
48384839287
48382921608
48382725323
48382982577
48383695052
48382328845
48382849020
48382166583
48380333832
48384573862
48383972256
48382933195
48380826435
48382266028
48382206362
48381865408
48382044100
48382482190
48383567933
48383118866
48382936463
48383730793
48382382532
48382709704
48383429066
48383885345
48380393934
48382584321
48382984978
48383217922
48383475176
48384190252
48383375816
48384166995
48383926602
48384007007
48381685716
48383758489
48381446406
48382890467
48384716592
48384185719
48383500407
48382707745
48383310900
48382869048
48383126302
48382812566
48381627734
48384192493
48383435918
48382584130
48381219228
48382457966
48382604892
48382800225
48382690083
48382947337
48384078585
48382293605
48382813780
48382131343
48384069109
48384362458
48383208740
48383122580
48380791195
48382230788
48382171122
48383401797
48382008860
48384215176
48382906260
48384538601
48383305165
48383973586
48384161023
48382674464
48383393826
48383815053
48382726659
48384117327
48382949738
48383182682
48381077191
48384640480
48383081674
48383801036
48383891362
48383638774
48381650476
48383094537
48383185950
48382855227
48383684166
48382959191
48383216445
48383337599
48383275660
48382833808
48383091062
48383391002
48381592494
48384759719
48383400678
48382662036
48382477772
48382628049
48383645999
48382764985
48383747924
48384228005
48384196379
48383378506
48383702426
48383850891
48384558284
48382754516
48383157907
48384212314
48382918597
48384015781
48383213498
48383579943
48381474452
48384041393
48382854379
48384341239
48383421889
48383780584
48382043505
48383942075
48383583211
48383779813
48382691419
48385132785
48383862428
48383575081
48383589933
48383915355
48382584620
48383765796
48384123193
48383603534
48382813224
48383059297
48384637664
48383840686
48382103607
48382923951
48383180071
48383995647
48383481051
48383759362
48384378451
48383290789
48381707716
48383151777
48383570761
48380273963
48383156079
48384207719
48383610759
48384355027
48383712684
48383610504
48383847911
48383448242
48383887036
48384245731
48383530884
48382719276
48383122667
48384177074
48382928901
48383980541
48383856757
48382854818
48383197557
48384006153
48382016767
48384003278
48383386649
48383580155
48382008265
48384516770
48384412976
48384237947
48382224360
48383761596
48383079159
48383539841
48383622861
48383880115
48382549380
48383028327
48384115464
48382815560
48382777984
48382956676
48384643458
48383805446
48382068367
48382961853
48383144831
48382330395
48384313058
48383185194
48383202163
48383255549
48383682963
48382588382
48383360149
48380238723
48383120839
48382457861
48382885275
48383049308
48383336934
48382598292
48383706352
48384049091
48382974985
48384210491
48382335378
48382592632
48381163823
48383976681
48382893661
48384038878
48383883990
48382819578
48383109756
48384270377
48381981527
48381167091
48383149754
48383280707
48383179907
48382559034
48383604192
48381746154
48382189120
48383126081
48383043919
48383631118
48383683293
48384121316
48384580693
48382993087
48382178651
48382780320
48383729624
48381227193
48383417580
48381064931
48383282536
48382926613
48383727196
48382295155
48382751624
48383149954
48383166923
48383091503
48382906176
48382553142
48383324909
48382017214
48384267349
48382422621
48382850035
48383014068
48383301694
48382563052
48383645825
48384013851
48382939745
48384596742
48382300138
48382557392
48381128583
48383941441
48383483022
48383523342
48381889879
48382655532
48383074516
48383802586
48383213324
48381131851
48382575912
48383245467
48383731214
48381624454
48383064047
48381462192
48384057620
48383090841
48383034639
48383589057
48382872377
48384070483
48384528812
48383180551
48382143411
48382616274
48383807569
48381191953
48382636014
48381029691
48383247296
48383504550
48383691956
48383862585
48383024789
48383609870
48383453718
48382639282
48382870936
48382389096
48383382067
48383104211
48384232109
48383248510
48382287140
48384220317
48383463473
48384195379
48383610585
48382425753
48383504776
48384561502
48383382149
48384093781
48381980022
48381948396
48383447782
48383488102
48381811840
48382620292
48384211765
48383767346
48384687533
48383500519
48382540672
48383668345
48384895111
48381589214
48383028807
48381426952
48384022380
48383894812
48384089217
48381664104
48383422050
48384035243
48383691200
48382820344
48383268197
48382581034
48383772329
48383863808
48382600774
48384635035
48383898793
48381875210
48383862039
48383827345
48382989549
48384029605
48383902037
48382604042
48384054250
48382353856
48382377283
48383435775
48384178314
48382678932
48382251900
48383787468
48383428233
48383931767
48384189021
48382390513
48383834574
48384065606
48384414526
48384088465
48381944782
48381913156
48383563004
48384132294
48384168125
48382129251
48383500958
48383662008
48382515638
48383527752
48383370437
48383633105
48384009811
48383861287
48382838256
48384084366
48383737284
48382272471
48384468227
48381628864
48383386810
48384219908
48383655960
48382785104
48384824187
48380831176
48383872055
48383306341
48385095193
48383076193
48382079667
48384231495
48383284031
48383564328
48380708693
48380965947
48384545296
48383433807
48383628212
48384009902
48382342043
48382901626
48384143074
48382643692
48382807192
48383815828
48383311324
48383094155
48382139769
48384121882
48381977507
48384030366
48381071982
48384053225
48383207731
48383691647
48383441032
48383571985
48383953675
48382094011
48383465718
48383626768
48382480398
48383894704
48381790895
48384453580
48383974571
48382083542
48382100511
48383541340
48382528913
48382887608
48383564312
48383212714
48383469968
48381356209
48384013777
48382312121
48384250345
48380795936
48382765125
48383022379
48381873333
48383040953
48382044427
48384414322
48381913331
48383529088
48380673453
48380930707
48382374768
48383398567
48383592972
48383974662
48382925805
48382866386
48383759872
48382704124
48382771952
48383780588
48383276084
48383058915
48382104529
48383837920
48381942267
48384257295
48381036742
48382303367
48382497772
48383683294
48383405792
48383536745
48383551858
48383151395
48381881038
48381753470
48382180884
48382438138
48381755655
48383199716
48382304581
48382048302
48382065271
48383506100
48382493673
48382852368
48382310592
48383684008
48383690519
48381320969
48383745167
48383795828
48383357053
48382751863
48382544173
48382987139
48381838093
48383101385
48383009102
48383954358
48381878091
48383338537
48382501790
48384483903
48382339528
48384224456
48383129875
48384062194
48382890565
48384080555
48383724632
48384471562
48383562370
48383549643
48385032034
48383964942
48382209239
48383802680
48383071893
48383784312
48382701842
48382268127
48382462532
48383648054
48383812087
48383488198
48383516618
48383116155
48381845798
48381718230
48382145644
48382402898
48384367024
48383164476
48382269341
48383275249
48382235354
48384299615
48383303089
48383796290
48382275352
48383803684
48383176930
48382857358
48383667128
48384475580
48382361821
48384118623
48382508933
48384980659
48384395960
48384017576
48383413142
48383670396
48382521350
48383303297
48383353229
48384411721
48383263831
48384249459
48383094635
48382505609
48384149109
48384045315
48384241917
48383885459
48383143383
48384324559
48384168928
48384120205
48382383126
48382640380
48383036653
48382420529
48382666602
48383652554
48383739968
48384459330
48384076284
48383452958
48383145789
48384347952
48382266479
48383254619
48383203485
48383836741
48382759082
48384198675
48382746415
48384245801
48384225469
48384169267
48382952598
48383761050
48382918611
48381984558
48384001071
48383435357
48383681430
48385202407
48382326581
48383992988
48384228017
48381257225
48383601757
48384564916
48382462123
48384562041
48382299861
48384138918
48383317989
48383030642
48383379053
48383441489
48383800184
48381945300
48384439558
48383489058
48382268785
48382686464
48383108143
48383473683
48383444757
48383677701
48382347886
48382605140
48383151875
48382385289
48382563981
48381718122
48383476951
48384879984
48383349859
48379729524
48384197331
48384577479
48382792499
48383124809
48383168245
48384672448
48382723842
48383863554
48382711175
48383701292
48383895697
48382670016
48382927270
48384298977
48382205597
48381949318
48382043335
48383151395
48383578809
48384112571
48383430088
48383892720
48383979014
48381221985
48382666046
48383448632
48382426883
48383870944
48382264621
48383217157
48383032893
48382995402
48381629195
48382149370
48383764944
48381910060
48383874212
48383453818
48382233545
48380126785
48384588990
48381506712
48383409517
48383456749
48382600392
48381785956
48383768619
48382640755
48382528741
48381682882
48383441711
48382729416
48384329434
48379694284
48383892174
48384042451
48382518272
48382775526
48383883672
48383389214
48383469619
48383828314
48382607982
48383417491
48383407099
48382634776
48382647980
48384158655
48382170357
48383176265
48382008095
48382611250
48383543569
48383479072
48383736326
48382898530
48383943774
48382736268
48382630806
48383413392
48382262837
48383835704
48382100575
48383181917
48382997653
48382183217
48381593955
48382114130
48384036254
48382671352
48383838972
48382509090
48383185185
48380091545
48384399461
48381471472
48382915533
48383172787
48383515526
48381750716
48383733379
48382605515
48382799920
48383461373
48383277665
48382694176
48383211998
48383179712
48383755700
48384007211
48382483032
48382740286
48383940830
48383353974
48383101386
48383295791
48382572742
48383133529
48383566315
48383810653
48382612740
48382984516
48384505047
48382978903
48383575287
48382576010
48382853614
48383443832
48383701086
48382863290
48384000932
48382701028
48383582446
48381419145
48382227597
48383671658
48382065335
48383048274
48384229450
48382147977
48383565234
48383002776
48383680910
48382636112
48383674926
48382473850
48383958477
48382676110
48384120171
48382923186
48382880293
48383137547
48383480286
48382171370
48384315095
48383374699
48383651359
48382433973
48383242425
48384363772
48383483177
48383015666
48383720460
48384537079
48383572766
48382890283
48384212009
48385130409
48383066146
48383260551
48383424181
48383098289
48384876348
48384017625
48383141036
48381403957
48384087878
48382480421
48384466932
48383441879
48383962495
48383678801
48382591139
48383018553
48383275807
48382871111
48384037385
48383073371
48384506031
48383108263
48383655377
48383013034
48382910854
48382977742
48383582592
48383839846
48384048620
48382831234
48383639686
48382896418
48383923237
48383319369
48382855259
48383112513
48383939054
48384061850
48384430818
48383922414
48383303628
48383339459
48383616119
48383177197
48383768445
48381686972
48383538297
48381524710
48383061946
48383181145
48383537526
48383834672
48383218548
48383460389
48383056286
48383415814
48382334613
48383357315
48383870087
48383539511
48382698532
48381368717
48382262203
48382445181
48381630745
48381584812
48383775199
48382502513
48382555899
48382983313
48383240567
48383669835
48383751004
48383716630
48383426057
48383073023
48382349658
48382637284
48383682528
48382942502
48383547352
48382275335
48381690847
48383692635
48384165706
48380464173
48383523826
48383346602
48382820019
48383077273
48382152852
48382410106
48383648844
48383857650
48382394408
48383788563
48383786202
48383066804
48383484483
48381651732
48383095793
48381489470
48383026706
48383145905
48383583928
48381982073
48383183308
48383362000
48382516141
48383380574
48382299373
48384005845
48380527543
48383504271
48382663292
48383522577
48382226963
48383027546
48381595505
48381549572
48383235054
48382467273
48382088108
48383527701
48383544670
48383596751
48382439801
48383159163
48382584100
48382841354
48382314418
48382602044
48384046105
48383756280
48382807021
48382240095
48381655607
48383464065
48383806804
48380428933
48383488586
48382783372
48383357490
48383830912
48382117612
48382374866
48383102936
48383760530
48382331721
48383845721
48384028090
48383031564
48380924804
48383886117
48383060553
48383943177
48383552375
48382334989
48382889407
48381946833
48383386426
48383326760
48382480901
48383719639
48383866565
48383970605
48380492303
48381936364
48383083946
48383487337
48383325197
48382992306
48383346549
48382671343
48383199814
48382395091
48382052868
48382232829
48383509430
48383561511
48382404561
48383123923
48382548860
48382806114
48382897164
48382763823
48384010865
48383936137
48382771781
48384196022
48383861852
48383428825
48383771564
48382910394
48382338864
48382748132
48383322250
48383503715
48382464663
48383633410
48383067696
48384178774
48383985947
48383870562
48383864044
48384367866
48380889564
48383850877
48383756445
48383875246
48383517135
48383389567
48380964454
48384074235
48384245383
48382792352
48383940678
48382630090
48383906691
48384010017
48383698463
48381901124
48383946689
48383199143
48383289957
48383162389
48383589803
48383847057
48384033158
48384608635
48383713500
48384364334
48383483004
48383740258
48382736125
48383544577
48383719511
48383968862
48382861924
48382728583
48383305178
48383259245
48383805980
48384176946
48383953092
48384319813
48383455038
48382543321
48382606100
48382863354
48381591863
48383468475
48381429601
48384311717
48383897461
48381815988
48383147920
48383835322
48383020886
48384752274
48383875685
48382138606
48383721205
48383037634
48383874914
48382603423
48380929214
48384084539
48384286125
48383753202
48384010456
48384353195
48382915151
48381876090
48382606691
48383326165
48384113531
48383163903
48383531845
48383906861
48383975059
48382254549
48383997918
48384940761
48384190574
48382928562
48383310252
48383705018
48382201976
48384095884
48383278440
48383428717
48383901396
48384699862
48382436645
48381440119
48383545181
48384141706
48383486033
48382701384
48382764360
48382508081
48383619159
48384172239
48381556623
48383000684
48381394361
48384203175
48383613499
48381780748
48384204946
48383389459
48382985646
48382273351
48383003952
48381400861
48384529966
48381829263
48382187958
48382319461
48383792045
48384049299
48384250885
48383314127
48383975216
48384317955
48382879911
48381840850
48382322729
48381173683
48383876934
48382344692
48383064054
48383871621
48382901792
48381837380
48382248060
48383132632
48383560046
48382893322
48383275012
48383496551
48382166736
48383060222
48383243200
48382125577
48382382831
48384573218
48382401405
48381404879
48383781332
48384069524
48383450793
48382666144
48382729120
48381798122
48383583919
48383147677
48383335114
48382965444
48383172852
48383457293
48382239880
48383593529
48384169706
48383354219
48382821600
48381604931
48382968712
48381365621
48383668903
48381794023
48382152718
48382284221
48384044551
48383207779
48382645321
48383045517
48383811170
48383270113
48383696811
48382030235
48382287489
48381138443
48383841694
48382309452
48382780092
48384219685
48382638887
48381802140
48382212820
48383097392
48383524806
48384304523
48384023022
48383461311
48383934174
48383024982
48383234552
48382090337
48382347591
48383791652
48383109169
48383039410
48383617286
48384342689
48384052256
48382002192
48384074965
48381762882
48383706996
48383112437
48383412377
48383816883
48383746994
48383422053
48383038114
48383442778
48384201432
48383667374
48382786360
48381569691
48383581391
48381535704
48384280533
48382915631
48383266296
48383135660
48383104034
48383129740
48382610081
48382967478
48383775930
48381662171
48384533674
48383858572
48384201311
48383696310
48384823983
48382487598
48382744852
48383933462
48382603647
48384798133
48383712071
48384633781
48382819742
48384577688
48382896077
48383090482
48383898934
48384406339
48383199312
48383266214
48383624909
48383756412
48383960608
48382773594
48383030848
48384307449
48381720879
48381966952
48384227374
48382863304
48383671756
48383695183
48383411380
48382903302
48383711754
48383569800
48383834570
48382503835
48384166192
48382059432
48384913762
48383288897
48383546151
48384120269
48383469617
48383262682
48383231056
48383100420
48383068794
48383615529
48384581360
48383455181
48384506319
48381626931
48383293338
48383671276
48384621965
48383075294
48384788743
48381762473
48383862391
48383898222
48383529719
48383170855
48383428109
48384644166
48382741839
48383100534
48384103004
48383515283
48382149076
48382669251
48381986814
48383924580
48382774033
48384625747
48382978051
48381935982
48383922493
48382026593
48381685639
48381864331
48384611401
48382890537
48384496224
48383160636
48384045208
48383497681
48383961592
48382092849
48383705576
48382468595
48383831012
48382024192
48383038153
48383295407
48384403553
48383196047
48381970366
48382227620
48384671503
48381505947
48382614007
48383041421
48383167861
48384536823
48384005950
48383905365
48380071478
48383131131
48382689279
48382946533
48383401442
48381727233
48383171294
48383256149
48382517507
48382333243
48384043246
48383713170
48382674109
48383065294
48382511847
48383704668
48382113836
48382634011
48381951574
48383889340
48382738793
48383028971
48382942811
48381900742
48381086306
48381991353
48383435414
48381829091
48384730666
48382726491
48384460984
48383125396
48383793817
48383234664
48384022024
48382057609
48383670336
48383699593
48383135006
48382575499
48383002913
48381908332
48383175004
48382901905
48381935126
48382192380
48383459005
48381470707
48382578767
48383006181
48383132621
48383504397
48382779422
48383036676
48380036238
48383095891
48382654039
48382911293
48383366202
48381563187
48383136054
48383220909
48382482267
48382298003
48381483567
48383466230
48382638869
48383336604
48381971702
48383957174
48383142711
48383522657
48383442557
48383699811
48382574747
48382978138
48384086198
48383195991
48381051066
48383033729
48383400174
48382100270
48381543669
48382674610
48384028259
48384154271
48383758577
48382953854
48383872669
48383403442
48384003058
48384448027
48383099766
48383426938
48382596141
48381873092
48383139764
48382866665
48383586027
48383857480
48383423765
48383618170
48382879528
48383625603
48383775880
48383469157
48382744182
48383001436
48382163640
48383301282
48384102370
48384198682
48380719495
48381527947
48382972008
48383390992
48384049459
48383529800
48381448327
48383430990
48384175258
48383301364
48381936462
48383380523
48383107471
48383517459
48383407317
48383351115
48382539507
48382942898
48384050958
48383839250
48383497027
48383676988
48382675049
48383879248
48381508429
48383698816
48383823509
48384119031
48383661247
48383020810
48383837429
48384264843
48384215940
48383610415
48385283675
48383391698
48382560901
48383538764
48383783023
48384192291
48383576167
48383822240
48382635791
48385077569
48384269284
48383767282
48382742229
48383584379
48384572519
48383422117
48382150626
48383572461
48383005425
48383914720
48383075780
48383806381
48382408613
48383180380
48384232020
48384108236
48382278092
48382882942
48383140196
48383482990
48381745911
48383345283
48384363712
48383482219
48384465158
48382155609
48382412863
48380984054
48383360507
48383617761
48384372448
48383704221
48382639809
48384214658
48384090608
48383068795
48380987322
48384308444
48382191686
48383000138
48384413226
48383424423
48384139123
48382518898
48382760739
48383665786
48383837203
48383503524
48384050259
48384307513
48382839861
48381998882
48382600551
48384525726
48381047424
48383237811
48380885162
48384750731
48383530458
48383547427
48382115386
48383226464
48382970185
48383879480
48383609559
48382726407
48382373373
48382670631
48383759037
48384087580
48382242852
48382847702
48383104956
48380991197
48381710671
48383466056
48384328472
48383360247
48384429918
48382120369
48382377623
48380948814
48383325267
48383539858
48383158000
48381694758
48384313302
48384179418
48382527579
48382784833
48380952082
48382396143
48383065698
48383551445
48381444685
48382884278
48381282423
48382483658
48382662350
48383618985
48383409288
48383737116
48382941594
48383500600
48382804621
48381963642
48382838520
48383627800
48381012184
48382456245
48380849922
48383751497
48383495218
48381388458
48383893877
48382845020
48382897101
48383273422
48382459513
48382691167
48384339514
48382635391
48383790414
48383803618
48383068741
48382107371
48384324070
48380955957
48383766888
48383430816
48382245984
48383325007
48382393928
48383202380
48383131262
48381800253
48382858745
48383418475
48383122760
48381632071
48383732217
48383926622
48382492339
48382749593
48383269768
48382360903
48383826990
48383656155
48381409445
48382849038
48381247183
48384020047
48382627110
48383276268
48383374048
48383242281
48382906354
48383465360
48382640575
48383088428
48384176049
48383592560
48383684039
48382421005
48384335350
48383716257
48381695441
48381353218
48383699924
48382809780
48382861861
48383238182
48382424273
48383712787
48384304274
48382197514
48383256006
48383577441
48384140154
48382072131
48384129478
48383248464
48383731648
48384009252
48382210744
48383654805
48384018928
48383280286
48383096022
48381765013
48382574783
48383383235
48383952525
48383673529
48383170912
48383891382
48383303615
48384469141
48384158414
48383222304
48383791750
48383830042
48384087296
48382658487
48383831748
48384113518
48382092702
48383241028
48383489270
48383207041
48383327008
48384041108
48382605335
48383713395
48383589611
48384398063
48384281418
48383310649
48384171304
48383333508
48384208183
48383013850
48383664684
48384184859
48383964530
48384128563
48383431474
48383673315
48384274984
48382162274
48382721857
48383542201
48382559595
48383106330
48383636059
48383821445
48383789819
48383909039
48384336453
48383619565
48384112766
48380892213
48384047806
48383971755
48384229009
48384660553
48383392216
48383638289
48383135672
48382321236
48384133380
48384555059
48384149134
48383337526
48383986872
48383794802
48381903773
48382623247
48384475007
48382349144
48382707839
48383369191
48384924343
48384369936
48381176440
48383834008
48382626515
48382381338
48382607334
48382585356
48382842610
48383275409
48382956856
48383298268
48384241111
48384218706
48384116932
48383646577
48384616027
48383433810
48383396234
48383490251
48384512953
48383363972
48382686617
48383580103
48382524355
48382948645
48383600819
48382786383
48383820413
48382064710
48383658151
48383206632
48384077526
48380856973
48382301034
48383076111
48383503525
48383667558
48383356976
48383505296
48383960205
48382285996
48381573701
48384113410
48382953628
48382778599
48381782073
48382124812
48381619811
48383380141
48384087671
48382313904
48382672599
48383306504
48384242789
48383510750
48381141200
48383461056
48384944201
48382346098
48382572094
48382364404
48382807370
48383404915
48382921616
48381548410
48381742815
48384739566
48384081692
48383611337
48382796901
48383398570
48384315008
48382950106
48381425927
48381683181
48383900786
48382444759
48384345446
48382913405
48381515637
48382751143
48383785173
48382029470
48381555635
48383171392
48384098706
48382522073
48382265794
48383040871
48382757643
48383632318
48383308429
48383470056
48383924965
48382121950
48381538461
48383962659
48382918388
48382743359
48381746833
48382089572
48381584571
48383344901
48382508129
48381945671
48383701474
48383273250
48384207549
48382997161
48383194162
48383425816
48385130342
48382182052
48381823188
48382080442
48384800890
48383029355
48383837807
48381513170
48381707575
48384045045
48384325376
48383323372
48382761661
48383234524
48384279768
48382534902
48381390687
48381647941
48383092002
48382409519
48383705690
48383786095
48381480397
48383544658
48382866061
48383293475
48381520395
48383007346
48384246084
48382486833
48383472785
48383560199
48382722403
48383704498
48383273189
48383423183
48383215006
48382086710
48384123026
48383927419
48383656972
48382579313
48382598272
48382566646
48383618286
48383426616
48382430090
48381910431
48383666234
48383544429
48382987828
48383995669
48383158922
48383501661
48383027826
48382146812
48381787948
48382045202
48383233812
48384438011
48384385147
48382282354
48384040300
48382120092
48384583923
48383288132
48382390832
48383199284
48383927337
48382499662
48383219024
48384259789
48383056762
48384890980
48383670450
48384445595
48383293914
48383380612
48384086302
48384469352
48382163654
48382972106
48382995533
48384054025
48384456294
48383297182
48382870150
48383170090
48384046483
48384017562
48383179766
48382612730
48382945040
48383739143
48383811232
48382544073
48382563032
48382531406
48383698959
48383761738
48382490247
48382747501
48384119208
48384280258
48382952588
48383960429
48382971626
48384251355
48382992586
48384176524
48382845789
48383799245
48383198572
48382830069
48383268863
48382247114
48383691175
48382084852
48384676762
48383403354
48382815633
48381449426
48381969601
48383077661
48383031728
48383694443
48383926097
48384331119
48383902281
48383222843
48381326943
48383345372
48383410187
48384675053
48381606187
48383796574
48382460986
48382655391
48383100360
48383261942
48383722251
48383137763
48383035183
48383131362
48381911089
48382338503
48382595757
48383703903
48383230068
48383599768
48382277936
48382428213
48383663719
48383227330
48382455007
48382468211
48384083968
48384245018
48383098648
48379371828
48382431481
48383670219
48383635845
48382701792
48382718761
48383764005
48382556499
48383505858
48382984901
48383343596
48383655935
48381974459
48384632027
48382930371
48382003448
48381414186
48381934361
48383042421
48382491583
48383659203
48382329321
48383535024
48382531581
48382662534
48381291703
48382735764
48382993018
48383403698
48381570947
48382859461
48382425746
48382620151
48383065120
48383322374
48383687011
48383102523
48382999943
48382435356
48381875849
48382303263
48382560517
48384067480
48383194828
48382921617
48382242696
48382392973
48382953760
48383778637
48383630884
48382432971
48382804747
48382371720
48382799134
48379336588
48382396241
48383634979
48382922831
48382666552
48382683521
48384124350
48382521259
48383470618
48381239376
48383059795
48384507374
48381939219
48383383280
48383800959
48381968208
48383370113
48382823007
48383821245
48382456343
48383719635
48382294081
48383499784
48382496341
48382627294
48384045849
48382700524
48382957778
48380844019
48381991601
48382824221
48383830129
48383471590
48382254204
48383585517
48384180620
48383303408
48383245975
48382400116
48382827489
48383785780
48383690143
48382916701
48383320092
48382886377
48383080782
48383244412
48382918520
48384010821
48382925953
48383076230
48382769507
48382336480
48382763894
48383839049
48383262110
48383782726
48382887591
48382411370
48382725329
48384092342
48382691342
48384196306
48382893602
48383024555
48383795180
48383475608
48383348040
48383765719
48382829609
48384532587
48382817809
48383868851
48382651465
48383865164
48384007838
48383743468
48383139600
48382797377
48384121391
48383759285
48383882081
48380808779
48383770092
48383123859
48383644034
48383436350
48384246120
48383507478
48383761633
48383516290
48382711567
48384692623
48383001376
48384053016
48383654903
48382881461
48383280620
48382876517
48383122590
48383209172
48384018942
48384071208
48383359742
