0
4721875949
9443751898
4056512347
8778388296
3391148745
8113024694
2725785143
7447661092
2060421541
6782297490
1395057939
6116933888
729694337
5451570286
64330735
4786206684
9508082633
4120843082
8842719031
3455479480
8177355429
2790115878
7511991827
2124752276
6846628225
1459388674
6181264623
794025072
5515901021
128661470
4850537419
9572413368
4185173817
8907049766
3519810215
8241686164
2854446613
7576322562
2189083011
6910958960
1523719409
6245595358
858355807
5580231756
192992205
4914868154
9636744103
4249504552
8971380501
3584140950
8306016899
2918777348
7640653297
2253413746
6975289695
1588050144
6309926093
922686542
5644562491
257322940
4979198889
9701074838
4313835287
9035711236
3648471685
8370347634
2983108083
7704984032
2317744481
7039620430
1652380879
6374256828
987017277
5708893226
321653675
5043529624
9765405573
4378166022
9100041971
3712802420
8434678369
3047438818
7769314767
2382075216
7103951165
1716711614
6438587563
1051348012
5773223961
385984410
5107860359
9829736308
4442496757
9164372706
3777133155
8499009104
3111769553
7833645502
2446405951
7168281900
1781042349
6502918298
1115678747
5837554696
450315145
5172191094
9894067043
4506827492
9228703441
3841463890
8563339839
3176100288
7897976237
2510736686
7232612635
1845373084
6567249033
1180009482
5901885431
514645880
5236521829
9958397778
4571158227
9293034176
3905794625
8627670574
3240431023
7962306972
2575067421
7296943370
1909703819
6631579768
1244340217
5966216166
578976615
5300852564
10022728513
4635488962
9357364911
3970125360
8692001309
3304761758
8026637707
2639398156
7361274105
1974034554
6695910503
1308670952
6030546901
643307350
5365183299
10087059248
4699819697
9421695646
4034456095
8756332044
3369092493
8090968442
2703728891
7425604840
2038365289
6760241238
1373001687
6094877636
707638085
5429514034
42274483
4764150432
9486026381
4098786830
8820662779
3433423228
8155299177
2768059626
7489935575
2102696024
6824571973
1437332422
6159208371
771968820
5493844769
106605218
4828481167
9550357116
4163117565
8884993514
3497753963
8219629912
2832390361
7554266310
2167026759
6888902708
1501663157
6223539106
836299555
5558175504
170935953
4892811902
9614687851
4227448300
8949324249
3562084698
8283960647
2896721096
7618597045
2231357494
6953233443
1565993892
6287869841
900630290
5622506239
235266688
4957142637
9679018586
4291779035
9013654984
3626415433
8348291382
2961051831
7682927780
2295688229
7017564178
1630324627
6352200576
964961025
5686836974
299597423
5021473372
9743349321
4356109770
9077985719
3690746168
8412622117
3025382566
7747258515
2360018964
7081894913
1694655362
6416531311
1029291760
5751167709
363928158
5085804107
9807680056
4420440505
9142316454
3755076903
8476952852
3089713301
7811589250
2424349699
7146225648
1758986097
6480862046
1093622495
5815498444
428258893
5150134842
9872010791
4484771240
9206647189
3819407638
8541283587
3154044036
7875919985
2488680434
7210556383
1823316832
6545192781
1157953230
5879829179
492589628
5214465577
9936341526
4549101975
9270977924
3883738373
8605614322
3218374771
7940250720
2553011169
7274887118
1887647567
6609523516
1222283965
5944159914
556920363
5278796312
10000672261
4613432710
9335308659
3948069108
8669945057
3282705506
8004581455
2617341904
7339217853
1951978302
6673854251
1286614700
6008490649
621251098
5343127047
10065002996
4677763445
9399639394
4012399843
8734275792
3347036241
8068912190
2681672639
7403548588
2016309037
6738184986
1350945435
6072821384
685581833
5407457782
20218231
4742094180
9463970129
4076730578
8798606527
3411366976
8133242925
2746003374
7467879323
2080639772
6802515721
1415276170
6137152119
749912568
5471788517
84548966
4806424915
9528300864
4141061313
8862937262
3475697711
8197573660
2810334109
7532210058
2144970507
6866846456
1479606905
6201482854
814243303
5536119252
148879701
4870755650
9592631599
4205392048
8927267997
3540028446
8261904395
2874664844
7596540793
2209301242
6931177191
1543937640
6265813589
878574038
5600449987
213210436
4935086385
9656962334
4269722783
8991598732
3604359181
8326235130
2938995579
7660871528
2273631977
6995507926
1608268375
6330144324
942904773
5664780722
277541171
4999417120
9721293069
4334053518
9055929467
3668689916
8390565865
3003326314
7725202263
2337962712
7059838661
1672599110
6394475059
1007235508
5729111457
341871906
5063747855
9785623804
4398384253
9120260202
3733020651
8454896600
3067657049
7789532998
2402293447
7124169396
1736929845
6458805794
1071566243
5793442192
406202641
5128078590
9849954539
4462714988
9184590937
3797351386
8519227335
3131987784
7853863733
2466624182
7188500131
1801260580
6523136529
1135896978
5857772927
470533376
5192409325
9914285274
4527045723
9248921672
3861682121
8583558070
3196318519
7918194468
2530954917
7252830866
1865591315
6587467264
1200227713
5922103662
534864111
5256740060
9978616009
4591376458
9313252407
3926012856
8647888805
3260649254
7982525203
2595285652
7317161601
1929922050
6651797999
1264558448
5986434397
599194846
5321070795
10042946744
4655707193
9377583142
3990343591
8712219540
3324979989
8046855938
2659616387
7381492336
1994252785
6716128734
1328889183
6050765132
663525581
5385401530
10107277479
4720037928
9441913877
4054674326
8776550275
3389310724
8111186673
2723947122
7445823071
2058583520
6780459469
1393219918
6115095867
727856316
5449732265
62492714
4784368663
9506244612
4119005061
8840881010
3453641459
8175517408
2788277857
7510153806
2122914255
6844790204
1457550653
6179426602
792187051
5514063000
126823449
4848699398
9570575347
4183335796
8905211745
3517972194
8239848143
2852608592
7574484541
2187244990
6909120939
1521881388
6243757337
856517786
5578393735
191154184
4913030133
9634906082
4247666531
8969542480
3582302929
8304178878
2916939327
7638815276
2251575725
6973451674
1586212123
6308088072
920848521
5642724470
255484919
4977360868
9699236817
4311997266
9033873215
3646633664
8368509613
2981270062
7703146011
2315906460
7037782409
1650542858
6372418807
985179256
5707055205
319815654
5041691603
9763567552
4376328001
9098203950
3710964399
8432840348
3045600797
7767476746
2380237195
7102113144
1714873593
6436749542
1049509991
5771385940
384146389
5106022338
9827898287
4440658736
9162534685
3775295134
8497171083
3109931532
7831807481
2444567930
7166443879
1779204328
6501080277
1113840726
5835716675
448477124
5170353073
9892229022
4504989471
9226865420
3839625869
8561501818
3174262267
7896138216
2508898665
7230774614
1843535063
6565411012
1178171461
5900047410
512807859
5234683808
9956559757
4569320206
9291196155
3903956604
8625832553
3238593002
7960468951
2573229400
7295105349
1907865798
6629741747
1242502196
5964378145
577138594
5299014543
10020890492
4633650941
9355526890
3968287339
8690163288
3302923737
8024799686
2637560135
7359436084
1972196533
6694072482
1306832931
6028708880
641469329
5363345278
10085221227
4697981676
9419857625
4032618074
8754494023
3367254472
8089130421
2701890870
7423766819
2036527268
6758403217
1371163666
6093039615
705800064
5427676013
40436462
4762312411
9484188360
4096948809
8818824758
3431585207
8153461156
2766221605
7488097554
2100858003
6822733952
1435494401
6157370350
770130799
5492006748
104767197
4826643146
9548519095
4161279544
8883155493
3495915942
8217791891
2830552340
7552428289
2165188738
6887064687
1499825136
6221701085
834461534
5556337483
169097932
4890973881
9612849830
4225610279
8947486228
3560246677
8282122626
2894883075
7616759024
2229519473
6951395422
1564155871
6286031820
898792269
5620668218
233428667
4955304616
9677180565
4289941014
9011816963
3624577412
8346453361
2959213810
7681089759
2293850208
7015726157
1628486606
6350362555
963123004
5684998953
297759402
5019635351
9741511300
4354271749
9076147698
3688908147
8410784096
3023544545
7745420494
2358180943
7080056892
1692817341
6414693290
1027453739
5749329688
362090137
5083966086
9805842035
4418602484
9140478433
3753238882
8475114831
3087875280
7809751229
2422511678
7144387627
1757148076
6479024025
1091784474
5813660423
426420872
5148296821
9870172770
4482933219
9204809168
3817569617
8539445566
3152206015
7874081964
2486842413
7208718362
1821478811
6543354760
1156115209
5877991158
490751607
5212627556
9934503505
4547263954
9269139903
3881900352
8603776301
3216536750
7938412699
2551173148
7273049097
1885809546
6607685495
1220445944
5942321893
555082342
5276958291
9998834240
4611594689
9333470638
3946231087
8668107036
3280867485
8002743434
2615503883
7337379832
1950140281
6672016230
1284776679
6006652628
619413077
5341289026
10063164975
4675925424
9397801373
4010561822
8732437771
3345198220
8067074169
2679834618
7401710567
2014471016
6736346965
1349107414
6070983363
683743812
5405619761
18380210
4740256159
9462132108
4074892557
8796768506
3409528955
8131404904
2744165353
7466041302
2078801751
6800677700
1413438149
6135314098
748074547
5469950496
82710945
4804586894
9526462843
4139223292
8861099241
3473859690
8195735639
2808496088
7530372037
2143132486
6865008435
1477768884
6199644833
812405282
5534281231
147041680
4868917629
9590793578
4203554027
8925429976
3538190425
8260066374
2872826823
7594702772
2207463221
6929339170
1542099619
6263975568
876736017
5598611966
211372415
4933248364
9655124313
4267884762
8989760711
3602521160
8324397109
2937157558
7659033507
2271793956
6993669905
1606430354
6328306303
941066752
5662942701
275703150
4997579099
9719455048
4332215497
9054091446
3666851895
8388727844
3001488293
7723364242
2336124691
7058000640
1670761089
6392637038
1005397487
5727273436
340033885
5061909834
9783785783
4396546232
9118422181
3731182630
8453058579
3065819028
7787694977
2400455426
7122331375
1735091824
6456967773
1069728222
5791604171
404364620
5126240569
9848116518
4460876967
9182752916
3795513365
8517389314
3130149763
7852025712
2464786161
7186662110
1799422559
6521298508
1134058957
5855934906
468695355
5190571304
9912447253
4525207702
9247083651
3859844100
8581720049
3194480498
7916356447
2529116896
7250992845
1863753294
6585629243
1198389692
5920265641
533026090
5254902039
9976777988
4589538437
9311414386
3924174835
8646050784
3258811233
7980687182
2593447631
7315323580
1928084029
6649959978
1262720427
5984596376
597356825
5319232774
10041108723
4653869172
9375745121
3988505570
8710381519
3323141968
8045017917
2657778366
7379654315
1992414764
6714290713
1327051162
6048927111
661687560
5383563509
10105439458
4718199907
9440075856
4052836305
8774712254
3387472703
8109348652
2722109101
7443985050
2056745499
6778621448
1391381897
6113257846
726018295
5447894244
60654693
4782530642
9504406591
4117167040
8839042989
3451803438
8173679387
2786439836
7508315785
2121076234
6842952183
1455712632
6177588581
790349030
5512224979
124985428
4846861377
9568737326
4181497775
8903373724
3516134173
8238010122
2850770571
7572646520
2185406969
6907282918
1520043367
6241919316
854679765
5576555714
189316163
4911192112
9633068061
4245828510
8967704459
3580464908
8302340857
2915101306
7636977255
2249737704
6971613653
1584374102
6306250051
919010500
5640886449
253646898
4975522847
9697398796
4310159245
9032035194
3644795643
8366671592
2979432041
7701307990
2314068439
7035944388
1648704837
6370580786
983341235
5705217184
317977633
5039853582
9761729531
4374489980
9096365929
3709126378
8431002327
3043762776
7765638725
2378399174
7100275123
1713035572
6434911521
1047671970
5769547919
382308368
5104184317
9826060266
4438820715
9160696664
3773457113
8495333062
3108093511
7829969460
2442729909
7164605858
1777366307
6499242256
1112002705
5833878654
446639103
5168515052
9890391001
4503151450
9225027399
3837787848
8559663797
3172424246
7894300195
2507060644
7228936593
1841697042
6563572991
1176333440
5898209389
510969838
5232845787
9954721736
4567482185
9289358134
3902118583
8623994532
3236754981
7958630930
2571391379
7293267328
1906027777
6627903726
1240664175
5962540124
575300573
5297176522
10019052471
4631812920
9353688869
3966449318
8688325267
3301085716
8022961665
2635722114
7357598063
1970358512
6692234461
1304994910
6026870859
639631308
5361507257
10083383206
4696143655
9418019604
4030780053
8752656002
3365416451
8087292400
2700052849
7421928798
2034689247
6756565196
1369325645
6091201594
703962043
5425837992
38598441
4760474390
9482350339
4095110788
8816986737
3429747186
8151623135
2764383584
7486259533
2099019982
6820895931
1433656380
6155532329
768292778
5490168727
102929176
4824805125
9546681074
4159441523
8881317472
3494077921
8215953870
2828714319
7550590268
2163350717
6885226666
1497987115
6219863064
832623513
5554499462
167259911
4889135860
9611011809
4223772258
8945648207
3558408656
8280284605
2893045054
7614921003
2227681452
6949557401
1562317850
6284193799
896954248
5618830197
231590646
4953466595
9675342544
4288102993
9009978942
3622739391
8344615340
2957375789
7679251738
2292012187
7013888136
1626648585
6348524534
961284983
5683160932
295921381
5017797330
9739673279
4352433728
9074309677
3687070126
8408946075
3021706524
7743582473
2356342922
7078218871
1690979320
6412855269
1025615718
5747491667
360252116
5082128065
9804004014
4416764463
9138640412
3751400861
8473276810
3086037259
7807913208
2420673657
7142549606
1755310055
6477186004
1089946453
5811822402
424582851
5146458800
9868334749
4481095198
9202971147
3815731596
8537607545
3150367994
7872243943
2485004392
7206880341
1819640790
6541516739
1154277188
5876153137
488913586
5210789535
9932665484
4545425933
9267301882
3880062331
8601938280
3214698729
7936574678
2549335127
7271211076
1883971525
6605847474
1218607923
5940483872
553244321
5275120270
9996996219
4609756668
9331632617
3944393066
8666269015
3279029464
8000905413
2613665862
7335541811
1948302260
6670178209
1282938658
6004814607
617575056
5339451005
10061326954
4674087403
9395963352
4008723801
8730599750
3343360199
8065236148
2677996597
7399872546
2012632995
6734508944
1347269393
6069145342
681905791
5403781740
16542189
4738418138
9460294087
4073054536
8794930485
3407690934
8129566883
2742327332
7464203281
2076963730
6798839679
1411600128
6133476077
746236526
5468112475
80872924
4802748873
9524624822
4137385271
8859261220
3472021669
8193897618
2806658067
7528534016
2141294465
6863170414
1475930863
6197806812
810567261
5532443210
145203659
4867079608
9588955557
4201716006
8923591955
3536352404
8258228353
2870988802
7592864751
2205625200
6927501149
1540261598
6262137547
874897996
5596773945
209534394
4931410343
9653286292
4266046741
8987922690
3600683139
8322559088
2935319537
7657195486
2269955935
6991831884
1604592333
6326468282
939228731
5661104680
273865129
4995741078
9717617027
4330377476
9052253425
3665013874
8386889823
2999650272
7721526221
2334286670
7056162619
1668923068
6390799017
1003559466
5725435415
338195864
5060071813
9781947762
4394708211
9116584160
3729344609
8451220558
3063981007
7785856956
2398617405
7120493354
1733253803
6455129752
1067890201
5789766150
402526599
5124402548
9846278497
4459038946
9180914895
3793675344
8515551293
3128311742
7850187691
2462948140
7184824089
1797584538
6519460487
1132220936
5854096885
466857334
5188733283
9910609232
4523369681
9245245630
3858006079
8579882028
3192642477
7914518426
2527278875
7249154824
1861915273
6583791222
1196551671
5918427620
531188069
5253064018
9974939967
4587700416
9309576365
3922336814
8644212763
3256973212
7978849161
2591609610
7313485559
1926246008
6648121957
1260882406
5982758355
595518804
5317394753
10039270702
4652031151
9373907100
3986667549
8708543498
3321303947
8043179896
2655940345
7377816294
1990576743
6712452692
1325213141
6047089090
659849539
5381725488
10103601437
4716361886
9438237835
4050998284
8772874233
3385634682
8107510631
2720271080
7442147029
2054907478
6776783427
1389543876
6111419825
724180274
5446056223
58816672
4780692621
9502568570
4115329019
8837204968
3449965417
8171841366
2784601815
7506477764
2119238213
6841114162
1453874611
6175750560
788511009
5510386958
123147407
4845023356
9566899305
4179659754
8901535703
3514296152
8236172101
2848932550
7570808499
2183568948
6905444897
1518205346
6240081295
852841744
5574717693
187478142
4909354091
9631230040
4243990489
8965866438
3578626887
8300502836
2913263285
7635139234
2247899683
6969775632
1582536081
6304412030
917172479
5639048428
251808877
4973684826
9695560775
4308321224
9030197173
3642957622
8364833571
2977594020
7699469969
2312230418
7034106367
1646866816
6368742765
981503214
5703379163
316139612
5038015561
9759891510
4372651959
9094527908
3707288357
8429164306
3041924755
7763800704
2376561153
7098437102
1711197551
6433073500
1045833949
5767709898
380470347
5102346296
9824222245
4436982694
9158858643
3771619092
8493495041
3106255490
7828131439
2440891888
7162767837
1775528286
6497404235
1110164684
5832040633
444801082
5166677031
9888552980
4501313429
9223189378
3835949827
8557825776
3170586225
7892462174
2505222623
7227098572
1839859021
6561734970
1174495419
5896371368
509131817
5231007766
9952883715
4565644164
9287520113
3900280562
8622156511
3234916960
7956792909
2569553358
7291429307
1904189756
6626065705
1238826154
5960702103
573462552
5295338501
10017214450
4629974899
9351850848
3964611297
8686487246
3299247695
8021123644
2633884093
7355760042
1968520491
6690396440
1303156889
6025032838
637793287
5359669236
10081545185
4694305634
9416181583
4028942032
8750817981
3363578430
8085454379
2698214828
7420090777
2032851226
6754727175
1367487624
6089363573
702124022
5423999971
36760420
4758636369
9480512318
4093272767
8815148716
3427909165
8149785114
2762545563
7484421512
2097181961
6819057910
1431818359
6153694308
766454757
5488330706
101091155
4822967104
9544843053
4157603502
8879479451
3492239900
8214115849
2826876298
7548752247
2161512696
6883388645
1496149094
6218025043
830785492
5552661441
165421890
4887297839
9609173788
4221934237
8943810186
3556570635
8278446584
2891207033
7613082982
2225843431
6947719380
1560479829
6282355778
895116227
5616992176
229752625
4951628574
9673504523
4286264972
9008140921
3620901370
8342777319
2955537768
7677413717
2290174166
7012050115
1624810564
6346686513
959446962
5681322911
294083360
5015959309
9737835258
4350595707
9072471656
3685232105
8407108054
3019868503
7741744452
2354504901
7076380850
1689141299
6411017248
1023777697
5745653646
358414095
5080290044
9802165993
4414926442
9136802391
3749562840
8471438789
3084199238
7806075187
2418835636
7140711585
1753472034
6475347983
1088108432
5809984381
422744830
5144620779
9866496728
4479257177
9201133126
3813893575
8535769524
3148529973
7870405922
2483166371
7205042320
1817802769
6539678718
1152439167
5874315116
487075565
5208951514
9930827463
4543587912
9265463861
3878224310
8600100259
3212860708
7934736657
2547497106
7269373055
1882133504
6604009453
1216769902
5938645851
551406300
5273282249
9995158198
4607918647
9329794596
3942555045
8664430994
3277191443
7999067392
2611827841
7333703790
1946464239
6668340188
1281100637
6002976586
615737035
5337612984
10059488933
4672249382
9394125331
4006885780
8728761729
3341522178
8063398127
2676158576
7398034525
2010794974
6732670923
1345431372
6067307321
680067770
5401943719
14704168
4736580117
9458456066
4071216515
8793092464
3405852913
8127728862
2740489311
7462365260
2075125709
6797001658
1409762107
6131638056
744398505
5466274454
79034903
4800910852
9522786801
4135547250
8857423199
3470183648
8192059597
2804820046
7526695995
2139456444
6861332393
1474092842
6195968791
808729240
5530605189
143365638
4865241587
9587117536
4199877985
8921753934
3534514383
8256390332
2869150781
7591026730
2203787179
6925663128
1538423577
6260299526
873059975
5594935924
207696373
4929572322
9651448271
4264208720
8986084669
3598845118
8320721067
2933481516
7655357465
2268117914
6989993863
1602754312
6324630261
937390710
5659266659
272027108
4993903057
9715779006
4328539455
9050415404
3663175853
8385051802
2997812251
7719688200
2332448649
7054324598
1667085047
6388960996
1001721445
5723597394
336357843
5058233792
9780109741
4392870190
9114746139
3727506588
8449382537
3062142986
7784018935
2396779384
7118655333
1731415782
6453291731
1066052180
5787928129
400688578
5122564527
9844440476
4457200925
9179076874
3791837323
8513713272
3126473721
7848349670
2461110119
7182986068
1795746517
6517622466
1130382915
5852258864
465019313
5186895262
9908771211
4521531660
9243407609
3856168058
8578044007
3190804456
7912680405
2525440854
7247316803
1860077252
6581953201
1194713650
5916589599
529350048
5251225997
9973101946
4585862395
9307738344
3920498793
8642374742
3255135191
7977011140
2589771589
7311647538
1924407987
6646283936
1259044385
5980920334
593680783
5315556732
10037432681
4650193130
9372069079
3984829528
8706705477
3319465926
8041341875
2654102324
7375978273
1988738722
6710614671
1323375120
6045251069
658011518
5379887467
10101763416
4714523865
9436399814
4049160263
8771036212
3383796661
8105672610
2718433059
7440309008
2053069457
6774945406
1387705855
6109581804
722342253
5444218202
56978651
4778854600
9500730549
4113490998
8835366947
3448127396
8170003345
2782763794
7504639743
2117400192
6839276141
1452036590
6173912539
786672988
5508548937
121309386
4843185335
9565061284
4177821733
8899697682
3512458131
8234334080
2847094529
7568970478
2181730927
6903606876
1516367325
6238243274
851003723
5572879672
185640121
4907516070
9629392019
4242152468
8964028417
3576788866
8298664815
2911425264
7633301213
2246061662
6967937611
1580698060
6302574009
915334458
5637210407
249970856
4971846805
9693722754
4306483203
9028359152
3641119601
8362995550
2975755999
7697631948
2310392397
7032268346
1645028795
6366904744
979665193
5701541142
314301591
5036177540
9758053489
4370813938
9092689887
3705450336
8427326285
3040086734
7761962683
2374723132
7096599081
1709359530
6431235479
1043995928
5765871877
378632326
5100508275
9822384224
4435144673
9157020622
3769781071
8491657020
3104417469
7826293418
2439053867
7160929816
1773690265
6495566214
1108326663
5830202612
442963061
5164839010
9886714959
4499475408
9221351357
3834111806
8555987755
3168748204
7890624153
2503384602
7225260551
1838021000
6559896949
1172657398
5894533347
507293796
5229169745
9951045694
4563806143
9285682092
3898442541
8620318490
3233078939
7954954888
2567715337
7289591286
1902351735
6624227684
1236988133
5958864082
571624531
5293500480
10015376429
4628136878
9350012827
3962773276
8684649225
3297409674
8019285623
2632046072
7353922021
1966682470
6688558419
1301318868
6023194817
635955266
5357831215
10079707164
4692467613
9414343562
4027104011
8748979960
3361740409
8083616358
2696376807
7418252756
2031013205
6752889154
1365649603
6087525552
700286001
5422161950
34922399
4756798348
9478674297
4091434746
8813310695
3426071144
8147947093
2760707542
7482583491
2095343940
6817219889
1429980338
6151856287
764616736
5486492685
99253134
4821129083
9543005032
4155765481
8877641430
3490401879
8212277828
2825038277
7546914226
2159674675
6881550624
1494311073
6216187022
828947471
5550823420
163583869
4885459818
9607335767
4220096216
8941972165
3554732614
8276608563
2889369012
7611244961
2224005410
6945881359
1558641808
6280517757
893278206
5615154155
227914604
4949790553
9671666502
4284426951
9006302900
3619063349
8340939298
2953699747
7675575696
2288336145
7010212094
1622972543
6344848492
957608941
5679484890
292245339
5014121288
9735997237
4348757686
9070633635
3683394084
8405270033
3018030482
7739906431
2352666880
7074542829
1687303278
6409179227
1021939676
5743815625
356576074
5078452023
9800327972
4413088421
9134964370
3747724819
8469600768
3082361217
7804237166
2416997615
7138873564
1751634013
6473509962
1086270411
5808146360
420906809
5142782758
9864658707
4477419156
9199295105
3812055554
8533931503
3146691952
7868567901
2481328350
7203204299
1815964748
6537840697
1150601146
5872477095
485237544
5207113493
9928989442
4541749891
9263625840
3876386289
8598262238
3211022687
7932898636
2545659085
7267535034
1880295483
6602171432
1214931881
5936807830
549568279
5271444228
9993320177
4606080626
9327956575
3940717024
8662592973
3275353422
7997229371
2609989820
7331865769
1944626218
6666502167
1279262616
6001138565
613899014
5335774963
10057650912
4670411361
9392287310
4005047759
8726923708
3339684157
8061560106
2674320555
7396196504
2008956953
6730832902
1343593351
6065469300
678229749
5400105698
12866147
4734742096
9456618045
4069378494
8791254443
3404014892
8125890841
2738651290
7460527239
2073287688
6795163637
1407924086
6129800035
742560484
5464436433
77196882
4799072831
9520948780
4133709229
8855585178
3468345627
8190221576
2802982025
7524857974
2137618423
6859494372
1472254821
6194130770
806891219
5528767168
141527617
4863403566
9585279515
4198039964
8919915913
3532676362
8254552311
2867312760
7589188709
2201949158
6923825107
1536585556
6258461505
871221954
5593097903
205858352
4927734301
9649610250
4262370699
8984246648
3597007097
8318883046
2931643495
7653519444
2266279893
6988155842
1600916291
6322792240
935552689
5657428638
270189087
4992065036
9713940985
4326701434
9048577383
3661337832
8383213781
2995974230
7717850179
2330610628
7052486577
1665247026
6387122975
999883424
5721759373
334519822
5056395771
9778271720
4391032169
9112908118
3725668567
8447544516
3060304965
7782180914
2394941363
7116817312
1729577761
6451453710
1064214159
5786090108
398850557
5120726506
9842602455
4455362904
9177238853
3789999302
8511875251
3124635700
7846511649
2459272098
7181148047
1793908496
6515784445
1128544894
5850420843
463181292
5185057241
9906933190
4519693639
9241569588
3854330037
8576205986
3188966435
7910842384
2523602833
7245478782
1858239231
6580115180
1192875629
5914751578
527512027
5249387976
9971263925
4584024374
9305900323
3918660772
8640536721
3253297170
7975173119
2587933568
7309809517
1922569966
6644445915
1257206364
5979082313
591842762
5313718711
10035594660
4648355109
9370231058
3982991507
8704867456
3317627905
8039503854
2652264303
7374140252
1986900701
6708776650
1321537099
6043413048
656173497
5378049446
10099925395
4712685844
9434561793
4047322242
8769198191
3381958640
8103834589
2716595038
7438470987
2051231436
6773107385
1385867834
6107743783
720504232
5442380181
55140630
4777016579
9498892528
4111652977
8833528926
3446289375
8168165324
2780925773
7502801722
2115562171
6837438120
1450198569
6172074518
784834967
5506710916
119471365
4841347314
9563223263
4175983712
8897859661
3510620110
8232496059
2845256508
7567132457
2179892906
6901768855
1514529304
6236405253
849165702
5571041651
183802100
4905678049
9627553998
4240314447
8962190396
3574950845
8296826794
2909587243
7631463192
2244223641
6966099590
1578860039
6300735988
913496437
5635372386
248132835
4970008784
9691884733
4304645182
9026521131
3639281580
8361157529
2973917978
7695793927
2308554376
7030430325
1643190774
6365066723
977827172
5699703121
312463570
5034339519
9756215468
4368975917
9090851866
3703612315
8425488264
3038248713
7760124662
2372885111
7094761060
1707521509
6429397458
1042157907
5764033856
376794305
5098670254
9820546203
4433306652
9155182601
3767943050
8489818999
3102579448
7824455397
2437215846
7159091795
1771852244
6493728193
1106488642
5828364591
441125040
5163000989
9884876938
4497637387
9219513336
3832273785
8554149734
3166910183
7888786132
2501546581
7223422530
1836182979
6558058928
1170819377
5892695326
505455775
5227331724
9949207673
4561968122
9283844071
3896604520
8618480469
3231240918
7953116867
2565877316
7287753265
1900513714
6622389663
1235150112
5957026061
569786510
5291662459
10013538408
4626298857
9348174806
3960935255
8682811204
3295571653
8017447602
2630208051
7352084000
1964844449
6686720398
1299480847
6021356796
634117245
5355993194
10077869143
4690629592
9412505541
4025265990
8747141939
3359902388
8081778337
2694538786
7416414735
2029175184
6751051133
1363811582
6085687531
698447980
5420323929
33084378
4754960327
9476836276
4089596725
8811472674
3424233123
8146109072
2758869521
7480745470
2093505919
6815381868
1428142317
6150018266
762778715
5484654664
97415113
4819291062
9541167011
4153927460
8875803409
3488563858
8210439807
2823200256
7545076205
2157836654
6879712603
1492473052
6214349001
827109450
5548985399
161745848
4883621797
9605497746
4218258195
8940134144
3552894593
8274770542
2887530991
7609406940
2222167389
6944043338
1556803787
6278679736
891440185
5613316134
226076583
4947952532
9669828481
4282588930
9004464879
3617225328
8339101277
2951861726
7673737675
2286498124
7008374073
1621134522
6343010471
955770920
5677646869
290407318
5012283267
9734159216
4346919665
9068795614
3681556063
8403432012
3016192461
7738068410
2350828859
7072704808
1685465257
6407341206
1020101655
5741977604
354738053
5076614002
9798489951
4411250400
9133126349
3745886798
8467762747
3080523196
7802399145
2415159594
7137035543
1749795992
6471671941
1084432390
5806308339
419068788
5140944737
9862820686
4475581135
9197457084
3810217533
8532093482
3144853931
7866729880
2479490329
7201366278
1814126727
6536002676
1148763125
5870639074
483399523
5205275472
9927151421
4539911870
9261787819
3874548268
8596424217
3209184666
7931060615
2543821064
7265697013
1878457462
6600333411
1213093860
5934969809
547730258
5269606207
9991482156
4604242605
9326118554
3938879003
8660754952
3273515401
7995391350
2608151799
7330027748
1942788197
6664664146
1277424595
5999300544
612060993
5333936942
10055812891
4668573340
9390449289
4003209738
8725085687
3337846136
8059722085
2672482534
7394358483
2007118932
6728994881
1341755330
6063631279
676391728
5398267677
11028126
4732904075
9454780024
4067540473
8789416422
3402176871
8124052820
2736813269
7458689218
2071449667
6793325616
1406086065
6127962014
740722463
5462598412
75358861
4797234810
9519110759
4131871208
8853747157
3466507606
8188383555
2801144004
7523019953
2135780402
6857656351
1470416800
6192292749
805053198
5526929147
139689596
4861565545
9583441494
4196201943
8918077892
3530838341
8252714290
2865474739
7587350688
2200111137
6921987086
1534747535
6256623484
869383933
5591259882
204020331
4925896280
9647772229
4260532678
8982408627
3595169076
8317045025
2929805474
7651681423
2264441872
6986317821
1599078270
6320954219
933714668
5655590617
268351066
4990227015
9712102964
4324863413
9046739362
3659499811
8381375760
2994136209
7716012158
2328772607
7050648556
1663409005
6385284954
998045403
5719921352
332681801
5054557750
9776433699
4389194148
9111070097
3723830546
8445706495
3058466944
7780342893
2393103342
7114979291
1727739740
6449615689
1062376138
5784252087
397012536
5118888485
9840764434
4453524883
9175400832
3788161281
8510037230
3122797679
7844673628
2457434077
7179310026
1792070475
6513946424
1126706873
5848582822
461343271
5183219220
9905095169
4517855618
9239731567
3852492016
8574367965
3187128414
7909004363
2521764812
7243640761
1856401210
6578277159
1191037608
5912913557
525674006
5247549955
9969425904
4582186353
9304062302
3916822751
8638698700
3251459149
7973335098
2586095547
7307971496
1920731945
6642607894
1255368343
5977244292
590004741
5311880690
10033756639
4646517088
9368393037
3981153486
8703029435
3315789884
8037665833
2650426282
7372302231
1985062680
6706938629
1319699078
6041575027
654335476
5376211425
10098087374
4710847823
9432723772
4045484221
8767360170
3380120619
8101996568
2714757017
7436632966
2049393415
6771269364
1384029813
6105905762
718666211
5440542160
53302609
4775178558
9497054507
4109814956
8831690905
3444451354
8166327303
2779087752
7500963701
2113724150
6835600099
1448360548
6170236497
782996946
5504872895
117633344
4839509293
9561385242
4174145691
8896021640
3508782089
8230658038
2843418487
7565294436
2178054885
6899930834
1512691283
6234567232
847327681
5569203630
181964079
4903840028
9625715977
4238476426
8960352375
3573112824
8294988773
2907749222
7629625171
2242385620
6964261569
1577022018
6298897967
911658416
5633534365
246294814
4968170763
9690046712
4302807161
9024683110
3637443559
8359319508
2972079957
7693955906
2306716355
7028592304
1641352753
6363228702
975989151
5697865100
310625549
5032501498
9754377447
4367137896
9089013845
3701774294
8423650243
3036410692
7758286641
2371047090
7092923039
1705683488
6427559437
1040319886
5762195835
374956284
5096832233
9818708182
4431468631
9153344580
3766105029
8487980978
3100741427
7822617376
2435377825
7157253774
1770014223
6491890172
1104650621
5826526570
439287019
5161162968
9883038917
4495799366
9217675315
3830435764
8552311713
3165072162
7886948111
2499708560
7221584509
1834344958
6556220907
1168981356
5890857305
503617754
5225493703
9947369652
4560130101
9282006050
3894766499
8616642448
3229402897
7951278846
2564039295
7285915244
1898675693
6620551642
1233312091
5955188040
567948489
5289824438
10011700387
4624460836
9346336785
3959097234
8680973183
3293733632
8015609581
2628370030
7350245979
1963006428
6684882377
1297642826
6019518775
632279224
5354155173
10076031122
4688791571
9410667520
4023427969
8745303918
3358064367
8079940316
2692700765
7414576714
2027337163
6749213112
1361973561
6083849510
696609959
5418485908
31246357
4753122306
9474998255
4087758704
8809634653
3422395102
8144271051
2757031500
7478907449
2091667898
6813543847
1426304296
6148180245
760940694
5482816643
95577092
4817453041
9539328990
4152089439
8873965388
3486725837
8208601786
2821362235
7543238184
2155998633
6877874582
1490635031
6212510980
825271429
5547147378
159907827
4881783776
9603659725
4216420174
8938296123
3551056572
8272932521
2885692970
7607568919
2220329368
6942205317
1554965766
6276841715
889602164
5611478113
224238562
4946114511
9667990460
4280750909
9002626858
3615387307
8337263256
2950023705
7671899654
2284660103
7006536052
1619296501
6341172450
953932899
5675808848
288569297
5010445246
9732321195
4345081644
9066957593
3679718042
8401593991
3014354440
7736230389
2348990838
7070866787
1683627236
6405503185
1018263634
5740139583
352900032
5074775981
9796651930
4409412379
9131288328
3744048777
8465924726
3078685175
7800561124
2413321573
7135197522
1747957971
6469833920
1082594369
5804470318
417230767
5139106716
9860982665
4473743114
9195619063
3808379512
8530255461
3143015910
7864891859
2477652308
7199528257
1812288706
6534164655
1146925104
5868801053
481561502
5203437451
9925313400
4538073849
9259949798
3872710247
8594586196
3207346645
7929222594
2541983043
7263858992
1876619441
6598495390
1211255839
5933131788
545892237
5267768186
9989644135
4602404584
9324280533
3937040982
8658916931
3271677380
7993553329
2606313778
7328189727
1940950176
6662826125
1275586574
5997462523
610222972
5332098921
10053974870
4666735319
9388611268
4001371717
8723247666
3336008115
8057884064
2670644513
7392520462
2005280911
6727156860
1339917309
6061793258
674553707
5396429656
9190105
4731066054
9452942003
4065702452
8787578401
3400338850
8122214799
2734975248
7456851197
2069611646
6791487595
1404248044
6126123993
738884442
5460760391
73520840
4795396789
9517272738
4130033187
8851909136
3464669585
8186545534
2799305983
7521181932
2133942381
6855818330
1468578779
6190454728
803215177
5525091126
137851575
4859727524
9581603473
4194363922
8916239871
3529000320
8250876269
2863636718
7585512667
2198273116
6920149065
1532909514
6254785463
867545912
5589421861
202182310
4924058259
9645934208
4258694657
8980570606
3593331055
8315207004
2927967453
7649843402
2262603851
6984479800
1597240249
6319116198
931876647
5653752596
266513045
4988388994
9710264943
4323025392
9044901341
3657661790
8379537739
2992298188
7714174137
2326934586
7048810535
1661570984
6383446933
996207382
5718083331
330843780
5052719729
9774595678
4387356127
9109232076
3721992525
8443868474
3056628923
7778504872
2391265321
7113141270
1725901719
6447777668
1060538117
5782414066
395174515
5117050464
9838926413
4451686862
9173562811
3786323260
8508199209
3120959658
7842835607
2455596056
7177472005
1790232454
6512108403
1124868852
5846744801
459505250
5181381199
9903257148
4516017597
9237893546
3850653995
8572529944
3185290393
7907166342
2519926791
7241802740
1854563189
6576439138
1189199587
5911075536
523835985
5245711934
9967587883
4580348332
9302224281
3914984730
8636860679
3249621128
7971497077
2584257526
7306133475
1918893924
6640769873
1253530322
5975406271
588166720
5310042669
10031918618
4644679067
9366555016
3979315465
8701191414
3313951863
8035827812
2648588261
7370464210
1983224659
6705100608
1317861057
6039737006
652497455
5374373404
10096249353
4709009802
9430885751
4043646200
8765522149
3378282598
8100158547
2712918996
7434794945
2047555394
6769431343
1382191792
6104067741
716828190
5438704139
51464588
4773340537
9495216486
4107976935
8829852884
3442613333
8164489282
2777249731
7499125680
2111886129
6833762078
1446522527
6168398476
781158925
5503034874
115795323
4837671272
9559547221
4172307670
8894183619
3506944068
8228820017
2841580466
7563456415
2176216864
6898092813
1510853262
6232729211
845489660
5567365609
180126058
4902002007
9623877956
4236638405
8958514354
3571274803
8293150752
2905911201
7627787150
2240547599
6962423548
1575183997
6297059946
909820395
5631696344
244456793
4966332742
9688208691
4300969140
9022845089
3635605538
8357481487
2970241936
7692117885
2304878334
7026754283
1639514732
6361390681
974151130
5696027079
308787528
5030663477
9752539426
4365299875
9087175824
3699936273
8421812222
3034572671
7756448620
2369209069
7091085018
1703845467
6425721416
1038481865
5760357814
373118263
5094994212
9816870161
4429630610
9151506559
3764267008
8486142957
3098903406
7820779355
2433539804
7155415753
1768176202
6490052151
1102812600
5824688549
437448998
5159324947
9881200896
4493961345
9215837294
3828597743
8550473692
3163234141
7885110090
2497870539
7219746488
1832506937
6554382886
1167143335
5889019284
501779733
5223655682
9945531631
4558292080
9280168029
3892928478
8614804427
3227564876
7949440825
2562201274
7284077223
1896837672
6618713621
1231474070
5953350019
566110468
5287986417
10009862366
4622622815
9344498764
3957259213
8679135162
3291895611
8013771560
2626532009
7348407958
1961168407
6683044356
1295804805
6017680754
630441203
5352317152
10074193101
4686953550
9408829499
4021589948
8743465897
3356226346
8078102295
2690862744
7412738693
2025499142
6747375091
1360135540
6082011489
694771938
5416647887
29408336
4751284285
9473160234
4085920683
8807796632
3420557081
8142433030
2755193479
7477069428
2089829877
6811705826
1424466275
6146342224
759102673
5480978622
93739071
4815615020
9537490969
4150251418
8872127367
3484887816
8206763765
2819524214
7541400163
2154160612
6876036561
1488797010
6210672959
823433408
5545309357
158069806
4879945755
9601821704
4214582153
8936458102
3549218551
8271094500
2883854949
7605730898
2218491347
6940367296
1553127745
6275003694
887764143
5609640092
222400541
4944276490
9666152439
4278912888
9000788837
3613549286
8335425235
2948185684
7670061633
2282822082
7004698031
1617458480
6339334429
952094878
5673970827
286731276
5008607225
9730483174
4343243623
9065119572
3677880021
8399755970
3012516419
7734392368
2347152817
7069028766
1681789215
6403665164
1016425613
5738301562
351062011
5072937960
9794813909
4407574358
9129450307
3742210756
8464086705
3076847154
7798723103
2411483552
7133359501
1746119950
6467995899
1080756348
5802632297
415392746
5137268695
9859144644
4471905093
9193781042
3806541491
8528417440
3141177889
7863053838
2475814287
7197690236
1810450685
6532326634
1145087083
5866963032
479723481
5201599430
9923475379
4536235828
9258111777
3870872226
8592748175
3205508624
7927384573
2540145022
7262020971
1874781420
6596657369
1209417818
5931293767
544054216
5265930165
9987806114
4600566563
9322442512
3935202961
8657078910
3269839359
7991715308
2604475757
7326351706
1939112155
6660988104
1273748553
5995624502
608384951
5330260900
10052136849
4664897298
9386773247
3999533696
8721409645
3334170094
8056046043
2668806492
7390682441
2003442890
6725318839
1338079288
6059955237
672715686
5394591635
7352084
4729228033
9451103982
4063864431
8785740380
3398500829
8120376778
2733137227
7455013176
2067773625
6789649574
1402410023
6124285972
737046421
5458922370
71682819
4793558768
9515434717
4128195166
8850071115
3462831564
8184707513
2797467962
7519343911
2132104360
6853980309
1466740758
6188616707
801377156
5523253105
136013554
4857889503
9579765452
4192525901
8914401850
3527162299
8249038248
2861798697
7583674646
2196435095
6918311044
1531071493
6252947442
865707891
5587583840
200344289
4922220238
9644096187
4256856636
8978732585
3591493034
8313368983
2926129432
7648005381
2260765830
6982641779
1595402228
6317278177
930038626
5651914575
264675024
4986550973
9708426922
4321187371
9043063320
3655823769
8377699718
2990460167
7712336116
2325096565
7046972514
1659732963
6381608912
994369361
5716245310
329005759
5050881708
9772757657
4385518106
9107394055
3720154504
8442030453
3054790902
7776666851
2389427300
7111303249
1724063698
6445939647
1058700096
5780576045
393336494
5115212443
9837088392
4449848841
9171724790
3784485239
8506361188
3119121637
7840997586
2453758035
7175633984
1788394433
6510270382
1123030831
5844906780
457667229
5179543178
9901419127
4514179576
9236055525
3848815974
8570691923
3183452372
7905328321
2518088770
7239964719
1852725168
6574601117
1187361566
5909237515
521997964
5243873913
9965749862
4578510311
9300386260
3913146709
8635022658
3247783107
7969659056
2582419505
7304295454
1917055903
6638931852
1251692301
5973568250
586328699
5308204648
10030080597
4642841046
9364716995
3977477444
8699353393
3312113842
8033989791
2646750240
7368626189
1981386638
6703262587
1316023036
6037898985
650659434
5372535383
10094411332
4707171781
9429047730
4041808179
8763684128
3376444577
8098320526
2711080975
7432956924
2045717373
6767593322
1380353771
6102229720
714990169
5436866118
49626567
4771502516
9493378465
4106138914
8828014863
3440775312
8162651261
2775411710
7497287659
2110048108
6831924057
1444684506
6166560455
779320904
5501196853
113957302
4835833251
9557709200
4170469649
8892345598
3505106047
8226981996
2839742445
7561618394
2174378843
6896254792
1509015241
6230891190
843651639
5565527588
178288037
4900163986
9622039935
4234800384
8956676333
3569436782
8291312731
2904073180
7625949129
2238709578
6960585527
1573345976
6295221925
907982374
5629858323
242618772
4964494721
9686370670
4299131119
9021007068
3633767517
8355643466
2968403915
7690279864
2303040313
7024916262
1637676711
6359552660
972313109
5694189058
306949507
5028825456
9750701405
4363461854
9085337803
3698098252
8419974201
3032734650
7754610599
2367371048
7089246997
1702007446
6423883395
1036643844
5758519793
371280242
5093156191
9815032140
4427792589
9149668538
3762428987
8484304936
3097065385
7818941334
2431701783
7153577732
1766338181
6488214130
1100974579
5822850528
435610977
5157486926
9879362875
4492123324
9213999273
3826759722
8548635671
3161396120
7883272069
2496032518
7217908467
1830668916
6552544865
1165305314
5887181263
499941712
5221817661
9943693610
4556454059
9278330008
3891090457
8612966406
3225726855
7947602804
2560363253
7282239202
1894999651
6616875600
1229636049
5951511998
564272447
5286148396
10008024345
4620784794
9342660743
3955421192
8677297141
3290057590
8011933539
2624693988
7346569937
1959330386
6681206335
1293966784
6015842733
628603182
5350479131
10072355080
4685115529
9406991478
4019751927
8741627876
3354388325
8076264274
2689024723
7410900672
2023661121
6745537070
1358297519
6080173468
692933917
5414809866
27570315
4749446264
9471322213
4084082662
8805958611
3418719060
8140595009
2753355458
7475231407
2087991856
6809867805
1422628254
6144504203
757264652
5479140601
91901050
4813776999
9535652948
4148413397
8870289346
3483049795
8204925744
2817686193
7539562142
2152322591
6874198540
1486958989
6208834938
821595387
5543471336
156231785
4878107734
9599983683
4212744132
8934620081
3547380530
8269256479
2882016928
7603892877
2216653326
6938529275
1551289724
6273165673
885926122
5607802071
220562520
4942438469
9664314418
4277074867
8998950816
3611711265
8333587214
2946347663
7668223612
2280984061
7002860010
1615620459
6337496408
950256857
5672132806
284893255
5006769204
9728645153
4341405602
9063281551
3676042000
8397917949
3010678398
7732554347
2345314796
7067190745
1679951194
6401827143
1014587592
5736463541
349223990
5071099939
9792975888
4405736337
9127612286
3740372735
8462248684
3075009133
7796885082
2409645531
7131521480
1744281929
6466157878
1078918327
5800794276
413554725
5135430674
9857306623
4470067072
9191943021
3804703470
8526579419
3139339868
7861215817
2473976266
7195852215
1808612664
6530488613
1143249062
5865125011
477885460
5199761409
9921637358
4534397807
9256273756
3869034205
8590910154
3203670603
7925546552
2538307001
7260182950
1872943399
6594819348
1207579797
5929455746
542216195
5264092144
9985968093
4598728542
9320604491
3933364940
8655240889
3268001338
7989877287
2602637736
7324513685
1937274134
6659150083
1271910532
5993786481
606546930
5328422879
10050298828
4663059277
9384935226
3997695675
8719571624
3332332073
8054208022
2666968471
7388844420
2001604869
6723480818
1336241267
6058117216
670877665
5392753614
5514063
4727390012
9449265961
4062026410
8783902359
3396662808
8118538757
2731299206
7453175155
2065935604
6787811553
1400572002
6122447951
735208400
5457084349
69844798
4791720747
9513596696
4126357145
8848233094
3460993543
8182869492
2795629941
7517505890
2130266339
6852142288
1464902737
6186778686
799539135
5521415084
134175533
4856051482
9577927431
4190687880
8912563829
3525324278
8247200227
2859960676
7581836625
2194597074
6916473023
1529233472
6251109421
863869870
5585745819
198506268
4920382217
9642258166
4255018615
8976894564
3589655013
8311530962
2924291411
7646167360
2258927809
6980803758
1593564207
6315440156
928200605
5650076554
262837003
4984712952
9706588901
4319349350
9041225299
3653985748
8375861697
2988622146
7710498095
2323258544
7045134493
1657894942
6379770891
992531340
5714407289
327167738
5049043687
9770919636
4383680085
9105556034
3718316483
8440192432
3052952881
7774828830
2387589279
7109465228
1722225677
6444101626
1056862075
5778738024
391498473
5113374422
9835250371
4448010820
9169886769
3782647218
8504523167
3117283616
7839159565
2451920014
7173795963
1786556412
6508432361
1121192810
5843068759
455829208
5177705157
9899581106
4512341555
9234217504
3846977953
8568853902
3181614351
7903490300
2516250749
7238126698
1850887147
6572763096
1185523545
5907399494
520159943
5242035892
9963911841
4576672290
9298548239
3911308688
8633184637
3245945086
7967821035
2580581484
7302457433
1915217882
6637093831
1249854280
5971730229
584490678
5306366627
10028242576
4641003025
9362878974
3975639423
8697515372
3310275821
8032151770
2644912219
7366788168
1979548617
6701424566
1314185015
6036060964
648821413
5370697362
10092573311
4705333760
9427209709
4039970158
8761846107
3374606556
8096482505
2709242954
7431118903
2043879352
6765755301
1378515750
6100391699
713152148
5435028097
47788546
4769664495
9491540444
4104300893
8826176842
3438937291
8160813240
2773573689
7495449638
2108210087
6830086036
1442846485
6164722434
777482883
5499358832
112119281
4833995230
9555871179
4168631628
8890507577
3503268026
8225143975
2837904424
7559780373
2172540822
6894416771
1507177220
6229053169
841813618
5563689567
176450016
4898325965
9620201914
4232962363
8954838312
3567598761
8289474710
2902235159
7624111108
2236871557
6958747506
1571507955
6293383904
906144353
5628020302
240780751
4962656700
9684532649
4297293098
9019169047
3631929496
8353805445
2966565894
7688441843
2301202292
7023078241
1635838690
6357714639
970475088
5692351037
305111486
5026987435
9748863384
4361623833
9083499782
3696260231
8418136180
3030896629
7752772578
2365533027
7087408976
1700169425
6422045374
1034805823
5756681772
369442221
5091318170
9813194119
4425954568
9147830517
3760590966
8482466915
3095227364
7817103313
2429863762
7151739711
1764500160
6486376109
1099136558
5821012507
433772956
5155648905
9877524854
4490285303
9212161252
3824921701
8546797650
3159558099
7881434048
2494194497
7216070446
1828830895
6550706844
1163467293
5885343242
498103691
5219979640
9941855589
4554616038
9276491987
3889252436
8611128385
3223888834
7945764783
2558525232
7280401181
1893161630
6615037579
1227798028
5949673977
562434426
5284310375
10006186324
4618946773
9340822722
3953583171
8675459120
3288219569
8010095518
2622855967
7344731916
1957492365
6679368314
1292128763
6014004712
626765161
5348641110
10070517059
4683277508
9405153457
4017913906
8739789855
3352550304
8074426253
2687186702
7409062651
2021823100
6743699049
1356459498
6078335447
691095896
5412971845
25732294
4747608243
9469484192
4082244641
8804120590
3416881039
8138756988
2751517437
7473393386
2086153835
6808029784
1420790233
6142666182
755426631
5477302580
90063029
4811938978
9533814927
4146575376
8868451325
3481211774
8203087723
2815848172
7537724121
2150484570
6872360519
1485120968
6206996917
819757366
5541633315
154393764
4876269713
9598145662
4210906111
8932782060
3545542509
8267418458
2880178907
7602054856
2214815305
6936691254
1549451703
6271327652
884088101
5605964050
218724499
4940600448
9662476397
4275236846
8997112795
3609873244
8331749193
2944509642
7666385591
2279146040
7001021989
1613782438
6335658387
948418836
5670294785
283055234
5004931183
9726807132
4339567581
9061443530
3674203979
8396079928
3008840377
7730716326
2343476775
7065352724
1678113173
6399989122
1012749571
5734625520
347385969
5069261918
9791137867
4403898316
9125774265
3738534714
8460410663
3073171112
7795047061
2407807510
7129683459
1742443908
6464319857
1077080306
5798956255
411716704
5133592653
9855468602
4468229051
9190105000
3802865449
8524741398
3137501847
7859377796
2472138245
7194014194
1806774643
6528650592
1141411041
5863286990
476047439
5197923388
9919799337
4532559786
9254435735
3867196184
8589072133
3201832582
7923708531
2536468980
7258344929
1871105378
6592981327
1205741776
5927617725
540378174
5262254123
9984130072
4596890521
9318766470
3931526919
8653402868
3266163317
7988039266
2600799715
7322675664
1935436113
6657312062
1270072511
5991948460
604708909
5326584858
10048460807
4661221256
9383097205
3995857654
8717733603
3330494052
8052370001
2665130450
7387006399
1999766848
6721642797
1334403246
6056279195
669039644
5390915593
3676042
4725551991
9447427940
4060188389
8782064338
3394824787
8116700736
2729461185
7451337134
2064097583
6785973532
1398733981
6120609930
733370379
5455246328
68006777
4789882726
9511758675
4124519124
8846395073
3459155522
8181031471
2793791920
7515667869
2128428318
6850304267
1463064716
6184940665
797701114
5519577063
132337512
4854213461
9576089410
4188849859
8910725808
3523486257
8245362206
2858122655
7579998604
2192759053
6914635002
1527395451
6249271400
862031849
5583907798
196668247
4918544196
9640420145
4253180594
8975056543
3587816992
8309692941
2922453390
7644329339
2257089788
6978965737
1591726186
6313602135
926362584
5648238533
260998982
4982874931
9704750880
4317511329
9039387278
3652147727
8374023676
2986784125
7708660074
2321420523
7043296472
1656056921
6377932870
990693319
5712569268
325329717
5047205666
9769081615
4381842064
9103718013
3716478462
8438354411
3051114860
7772990809
2385751258
7107627207
1720387656
6442263605
1055024054
5776900003
389660452
5111536401
9833412350
4446172799
9168048748
3780809197
8502685146
3115445595
7837321544
2450081993
7171957942
1784718391
6506594340
1119354789
5841230738
453991187
5175867136
9897743085
4510503534
9232379483
3845139932
8567015881
3179776330
7901652279
2514412728
7236288677
1849049126
6570925075
1183685524
5905561473
518321922
5240197871
9962073820
4574834269
9296710218
3909470667
8631346616
3244107065
7965983014
2578743463
7300619412
1913379861
6635255810
1248016259
5969892208
582652657
5304528606
10026404555
4639165004
9361040953
3973801402
8695677351
3308437800
8030313749
2643074198
7364950147
1977710596
6699586545
1312346994
6034222943
646983392
5368859341
10090735290
4703495739
9425371688
4038132137
8760008086
3372768535
8094644484
2707404933
7429280882
2042041331
6763917280
1376677729
6098553678
711314127
5433190076
45950525
4767826474
9489702423
4102462872
8824338821
3437099270
8158975219
2771735668
7493611617
2106372066
6828248015
1441008464
6162884413
775644862
5497520811
110281260
4832157209
9554033158
4166793607
8888669556
3501430005
8223305954
2836066403
7557942352
2170702801
6892578750
1505339199
6227215148
839975597
5561851546
174611995
4896487944
9618363893
4231124342
8953000291
3565760740
8287636689
2900397138
7622273087
2235033536
6956909485
1569669934
6291545883
904306332
5626182281
238942730
4960818679
9682694628
4295455077
9017331026
3630091475
8351967424
2964727873
7686603822
2299364271
7021240220
1634000669
6355876618
968637067
5690513016
303273465
5025149414
9747025363
4359785812
9081661761
3694422210
8416298159
3029058608
7750934557
2363695006
7085570955
1698331404
6420207353
1032967802
5754843751
367604200
5089480149
9811356098
4424116547
9145992496
3758752945
8480628894
3093389343
7815265292
2428025741
7149901690
1762662139
6484538088
1097298537
5819174486
431934935
5153810884
9875686833
4488447282
9210323231
3823083680
8544959629
3157720078
7879596027
2492356476
7214232425
1826992874
6548868823
1161629272
5883505221
496265670
5218141619
9940017568
4552778017
9274653966
3887414415
8609290364
3222050813
7943926762
2556687211
7278563160
1891323609
6613199558
1225960007
5947835956
560596405
5282472354
10004348303
4617108752
9338984701
3951745150
8673621099
3286381548
8008257497
2621017946
7342893895
1955654344
6677530293
1290290742
6012166691
624927140
5346803089
10068679038
4681439487
9403315436
4016075885
8737951834
3350712283
8072588232
2685348681
7407224630
2019985079
6741861028
1354621477
6076497426
689257875
5411133824
23894273
4745770222
9467646171
4080406620
8802282569
3415043018
8136918967
2749679416
7471555365
2084315814
6806191763
1418952212
6140828161
753588610
5475464559
88225008
4810100957
9531976906
4144737355
8866613304
3479373753
8201249702
2814010151
7535886100
2148646549
6870522498
1483282947
6205158896
817919345
5539795294
152555743
4874431692
9596307641
4209068090
8930944039
3543704488
8265580437
2878340886
7600216835
2212977284
6934853233
1547613682
6269489631
882250080
5604126029
216886478
4938762427
9660638376
4273398825
8995274774
3608035223
8329911172
2942671621
7664547570
2277308019
6999183968
1611944417
6333820366
946580815
5668456764
281217213
5003093162
9724969111
4337729560
9059605509
3672365958
8394241907
3007002356
7728878305
2341638754
7063514703
1676275152
6398151101
1010911550
5732787499
345547948
5067423897
9789299846
4402060295
9123936244
3736696693
8458572642
3071333091
7793209040
2405969489
7127845438
1740605887
6462481836
1075242285
5797118234
409878683
5131754632
9853630581
4466391030
9188266979
3801027428
8522903377
3135663826
7857539775
2470300224
7192176173
1804936622
6526812571
1139573020
5861448969
474209418
5196085367
9917961316
4530721765
9252597714
3865358163
8587234112
3199994561
7921870510
2534630959
7256506908
1869267357
6591143306
1203903755
5925779704
538540153
5260416102
9982292051
4595052500
9316928449
3929688898
8651564847
3264325296
7986201245
2598961694
7320837643
1933598092
6655474041
1268234490
5990110439
602870888
5324746837
10046622786
4659383235
9381259184
3994019633
8715895582
3328656031
8050531980
2663292429
7385168378
1997928827
6719804776
1332565225
6054441174
667201623
5389077572
1838021
4723713970
9445589919
4058350368
8780226317
3392986766
8114862715
2727623164
7449499113
2062259562
6784135511
1396895960
6118771909
731532358
5453408307
66168756
4788044705
9509920654
4122681103
8844557052
3457317501
8179193450
2791953899
7513829848
2126590297
6848466246
1461226695
6183102644
795863093
5517739042
130499491
4852375440
9574251389
4187011838
8908887787
3521648236
8243524185
2856284634
7578160583
2190921032
6912796981
1525557430
6247433379
860193828
5582069777
194830226
4916706175
9638582124
4251342573
8973218522
3585978971
8307854920
2920615369
7642491318
2255251767
6977127716
1589888165
6311764114
924524563
5646400512
259160961
4981036910
9702912859
4315673308
9037549257
3650309706
8372185655
2984946104
7706822053
2319582502
7041458451
1654218900
6376094849
988855298
5710731247
323491696
5045367645
9767243594
4380004043
9101879992
3714640441
8436516390
3049276839
7771152788
2383913237
7105789186
1718549635
6440425584
1053186033
5775061982
387822431
5109698380
9831574329
4444334778
9166210727
3778971176
8500847125
3113607574
7835483523
2448243972
7170119921
1782880370
6504756319
1117516768
5839392717
452153166
5174029115
9895905064
4508665513
9230541462
3843301911
8565177860
3177938309
7899814258
2512574707
7234450656
1847211105
6569087054
1181847503
5903723452
516483901
5238359850
9960235799
4572996248
9294872197
3907632646
8629508595
3242269044
7964144993
2576905442
7298781391
1911541840
6633417789
1246178238
5968054187
580814636
5302690585
10024566534
4637326983
9359202932
3971963381
8693839330
3306599779
8028475728
2641236177
7363112126
1975872575
6697748524
1310508973
6032384922
645145371
5367021320
10088897269
4701657718
9423533667
4036294116
8758170065
3370930514
8092806463
2705566912
7427442861
2040203310
6762079259
1374839708
6096715657
709476106
5431352055
44112504
4765988453
9487864402
4100624851
8822500800
3435261249
8157137198
2769897647
7491773596
2104534045
6826409994
1439170443
6161046392
773806841
5495682790
108443239
4830319188
9552195137
4164955586
8886831535
3499591984
8221467933
2834228382
7556104331
2168864780
6890740729
1503501178
6225377127
838137576
5560013525
172773974
4894649923
9616525872
4229286321
8951162270
3563922719
8285798668
2898559117
7620435066
2233195515
6955071464
1567831913
6289707862
902468311
5624344260
237104709
4958980658
9680856607
4293617056
9015493005
3628253454
8350129403
2962889852
7684765801
2297526250
7019402199
1632162648
6354038597
966799046
5688674995
301435444
5023311393
9745187342
4357947791
9079823740
3692584189
8414460138
3027220587
7749096536
2361856985
7083732934
1696493383
6418369332
1031129781
5753005730
365766179
5087642128
9809518077
4422278526
9144154475
3756914924
8478790873
3091551322
7813427271
2426187720
7148063669
1760824118
6482700067
1095460516
5817336465
430096914
5151972863
9873848812
4486609261
9208485210
3821245659
8543121608
3155882057
7877758006
2490518455
7212394404
1825154853
6547030802
1159791251
5881667200
494427649
5216303598
9938179547
4550939996
9272815945
3885576394
8607452343
3220212792
7942088741
2554849190
7276725139
1889485588
6611361537
1224121986
5945997935
558758384
5280634333
10002510282
4615270731
9337146680
3949907129
8671783078
3284543527
8006419476
2619179925
7341055874
1953816323
6675692272
1288452721
6010328670
623089119
5344965068
10066841017
4679601466
9401477415
4014237864
8736113813
3348874262
8070750211
2683510660
7405386609
2018147058
6740023007
1352783456
6074659405
687419854
5409295803
22056252
4743932201
9465808150
4078568599
8800444548
3413204997
8135080946
2747841395
7469717344
2082477793
6804353742
1417114191
6138990140
751750589
5473626538
86386987
4808262936
9530138885
4142899334
8864775283
3477535732
8199411681
2812172130
7534048079
2146808528
6868684477
1481444926
6203320875
816081324
5537957273
150717722
4872593671
9594469620
4207230069
8929106018
3541866467
8263742416
2876502865
7598378814
2211139263
6933015212
1545775661
6267651610
880412059
5602288008
215048457
4936924406
9658800355
4271560804
8993436753
3606197202
8328073151
2940833600
7662709549
2275469998
6997345947
1610106396
6331982345
944742794
5666618743
279379192
5001255141
9723131090
4335891539
9057767488
3670527937
8392403886
3005164335
7727040284
2339800733
7061676682
1674437131
6396313080
1009073529
5730949478
343709927
5065585876
9787461825
4400222274
9122098223
3734858672
8456734621
3069495070
7791371019
2404131468
7126007417
1738767866
6460643815
1073404264
5795280213
408040662
5129916611
9851792560
4464553009
9186428958
3799189407
8521065356
3133825805
7855701754
2468462203
7190338152
1803098601
6524974550
1137734999
5859610948
472371397
5194247346
9916123295
4528883744
9250759693
3863520142
8585396091
3198156540
7920032489
2532792938
7254668887
1867429336
6589305285
1202065734
5923941683
536702132
5258578081
9980454030
4593214479
9315090428
3927850877
8649726826
3262487275
7984363224
2597123673
7318999622
1931760071
6653636020
1266396469
5988272418
601032867
5322908816
10044784765
4657545214
9379421163
3992181612
8714057561
3326818010
8048693959
2661454408
7383330357
1996090806
6717966755
1330727204
6052603153
665363602
5387239551
