0
937097667355
937098068141
937096124358
937095597409
937097071767
937095969954
937098041877
937095737337
937096007110
937095555149
937096439514
937097413158
937097319488
937097205334
937095414856
937096625373
937098235438
937095789069
937094212403
937096612842
937097062892
937093690882
937096618586
937096246286
937096456681
937098795406
937096137529
937096478293
937096692568
937096935430
937096683253
937097131663
937096413909
937097303979
937095211968
937097884271
937098491963
937093386922
937097250175
937093967214
937094712059
937096051400
937096406822
937095509960
937095922400
937095885301
937097105046
937094531104
937097685338
937095111396
937096690241
937096050696
937096556162
937096761581
937098440194
937097061961
937094113639
937095364840
937096948738
937095553429
937095763824
937096133721
937095761675
937097338627
937096341967
937097352738
937098377654
937097781757
937097637221
937094144169
937091896164
937096612018
937092476456
937096193271
937097949892
937093274357
937097129501
937098260054
937095586504
937095059555
937096533913
937095847151
937097927711
937095199483
937096839854
937095017295
937096810293
937096875304
937097184338
937096847519
937097782582
937096087519
937096580641
937096667811
937093674549
937097744294
937095164376
937096440348
937094131480
937095708432
937096317744
937096878633
937096506333
937096691957
937097086625
937095899777
937097760776
937096480069
937098203816
937096852614
937094674114
937096656929
937097650515
937092849068
937096723216
937093429360
937097303508
937095513546
937095868968
937094972106
937096223307
937095552398
937096056482
937093993250
937097433648
937094573542
937096152387
937095512842
937096910793
937096552766
937094949934
937097561944
937093575785
937094826986
937097040423
937095015575
937095624887
937095595867
937095223821
937096713914
937095804113
937093841034
937098208527
937094421326
937095795710
937098637701
937094266922
937096516892
937098256323
937095655417
937097810955
937092736503
937096126583
937097511227
937096706875
937098332641
937095500153
937097514906
937098078984
937096793960
937096302000
937097553201
937096882292
937097250891
937096646484
937096528543
937096644335
937096523880
937096042787
937096102371
937094046230
937095920183
937094626522
937097365437
937093593626
937097570368
937095779890
937096340779
937095968479
937096154103
937096548771
937095361923
937097651083
937095942215
937098533634
937096930802
937094535177
937096119075
937097007583
937094934161
937095080901
937095514453
937096765654
937097520509
937097745379
937096920099
937096998988
937097162489
937095518628
937093975113
937096225083
937097063646
937095997598
937095625298
937096577890
937095874994
937094412080
937095227326
937097540737
937095807618
937097692241
937097665627
937095087033
937097102872
937095667325
937096176060
937098807817
937093303180
937096973961
937093883472
937095257856
937095918463
937095838148
937096080335
937098305997
937096636049
937097273101
937095670269
937095588729
937096973373
937096169021
937098037398
937094962299
937096977052
937097541130
937097165641
937098049725
937093639391
937097085337
937096713037
937096507547
937097360175
937096106481
937093597131
937095903850
937095455140
937097115448
937095382329
937096362418
937095245167
937096180230
937095825459
937096137770
937098011723
937098367661
937097598419
937094660568
937095343786
937097593756
937098432319
937096853323
937096392948
937093997323
937096973240
937096469729
937094795224
937094543047
937095375516
937096627233
937096982655
937097207525
937097025701
937096666085
937095946771
937097230226
937093437259
937095687229
937096417341
937095858661
937095486361
937096234002
937095337140
937096422591
937094689472
937097002883
937094092678
937097357222
937097127773
937096517421
937097318866
937096039006
937096917800
937096999222
937097783018
937095535013
937098183124
937097016399
937095380609
937095272708
937095542481
937097881648
937094965804
937096758802
937095132415
937097503185
937097820562
937098420067
937096613840
937097047392
937096757654
937097680269
937096109986
937097935559
937093101537
937097161632
937096789332
937095969693
937096822321
937096132696
937093059277
937095365996
937094917286
937096667034
937095740209
937095824564
937094707313
937094622623
937095287605
937096222668
937097473869
937096085506
937097662458
937094122714
937094805932
937097055902
937094920615
937096315469
937095500907
937096848068
937093941759
937096333513
937094257370
937096628140
937094837662
937096998398
937097714583
937098456551
937097397382
937095820716
937095408917
937095088800
937095299195
937095669092
937095879487
937095320807
937094948507
937095901099
937095528799
937097568973
937097466868
937098083034
937093554824
937097583076
937097428680
937096875301
937096781012
937092809728
937096664872
937096461368
937095575527
937094997159
937096738226
937097989427
937095452608
937094734854
937095075618
937096250509
937094427950
937096220948
937096113047
937097338995
937097282708
937097882213
937096075986
937096908455
937096219800
937098036697
937095572132
937097454179
937097430141
937095004147
937096223892
937096971533
937096804184
937096789345
937096650701
937096568827
937097230993
937097149119
937095626043
937097450371
937096206335
937094084769
937096067584
937097061170
937093962165
937095547652
937095462962
937096457473
937095404339
937097037765
937094382761
937098327423
937094963053
937098086927
937093403905
937096405512
937093984197
937096489203
937095209343
937096460544
937098797353
937098417800
937097094245
937094178401
937096857379
937094550946
937095160258
937095131238
937095740550
937096096488
937095929139
937096103527
937095900480
937097031119
937096901428
937095206365
937097481720
937095786657
937097631108
937098195029
937097152693
937092271874
937096708736
937096787625
937095037673
937097367917
937096200372
937096372820
937095273560
937096656168
937097160711
937095712655
937094994901
937096246102
937095575193
937096801141
937098005702
937097381433
937097624295
937096370601
937096891509
937097138539
937095330838
937096916325
937097731048
937094466293
937095686038
937096638630
937096266330
937097081576
937099021178
937096030973
937096029639
937096611265
937098166211
937097857876
937092694631
937093945832
937095529730
937096418238
937093424311
937096125052
937094342667
937094222212
937094922959
937094802504
937097109223
937096614594
937096573144
937097815279
937093385768
937095635738
937098027492
937095951349
937099318696
937097441176
937095285649
937096885986
937095865941
937093640547
937097300883
937096234835
937094622404
937096993174
937095202696
937098249432
937095391285
937096642486
937097528847
937098036284
937096363574
937094668511
937096943866
937095248803
937095490990
937097427924
937096046704
937098360277
937098570672
937096454722
937094898736
937097109884
937098619498
937095272949
937097054711
937096096722
937097021774
937096677014
937096784808
937097226734
937096042918
937097198075
937097103260
937096081205
937096588642
937096020393
937098063599
937096600685
937094792984
937096903827
937096117834
937095590885
937096698126
937096171177
937096664177
937096543722
937098483324
937097462078
937095491785
937097819213
937098564058
937095369181
937092156777
937093407978
937095621415
937095880384
937094205879
937096576649
937093804813
937093684358
937094385105
937094264650
937096571369
937096076740
937096434207
937097426204
937092847914
937095097884
937095827996
937096323030
937098780842
937096903322
937094747795
937096348132
937095328087
937098893362
937096976841
937096095898
937097510543
937096854237
937095574377
937096641622
937096613381
937097014167
937097193673
937097594459
937096933863
937095104872
937097411591
937094683363
937094953136
937094501175
937095508850
937096752908
937098329860
937096151360
937094360882
937096572030
937097486507
937094735095
937096168309
937095558868
937096335443
937096139160
937097406634
937096688880
937095505064
937097875834
937096565406
937095543351
937096050788
937095881456
937097244656
937096077689
937095359935
937096365973
937095579980
937095053031
937096160272
937095633323
937097989329
937096735635
937098084190
937096924224
937095352848
937094455986
937098755717
937093808318
937097448414
937094388610
937097326635
937096246619
937093668025
937096038795
937094248317
937096036646
937095916191
937097469999
937093059665
937097002943
937095896353
937094499455
937094709850
937095079747
937095290142
937096473545
937098430634
937097184427
937097999673
937096979628
937097662846
937098121581
937097348522
937095558044
937097802774
937096316383
937096895918
937092220383
937096075527
937097693819
937096655819
937097480293
937097665917
937094567018
937096873737
937094145509
937095785880
937093963321
937094943410
937096215054
937094761222
937096012423
937095341514
937096592715
937096948653
937098676901
937095630455
937098135461
937095797589
937097024352
937097227586
937097156605
937098740503
937095824659
937095452359
937096200000
937096032651
937095343602
937096706802
937095923894
937096739140
937097504703
937096700351
937098084995
937096596541
937094418041
937097176833
937094998333
937098116133
937096605472
937094814994
937093918132
937096482868
937093270464
937097063160
937093850756
937096994071
937095708765
937095098413
937095899858
937094619998
937095498792
937095378337
937097685056
937092521811
937097646267
937096209606
937093961601
937094570913
937094541893
937095151205
937095935691
937095339794
937097602072
937097154553
937096441774
937097001059
937097583727
937097209585
937098164019
937097264920
937095505780
937096756981
937091682529
937098940741
937097155965
937096090379
937097736257
937095908191
937098045055
937096798851
937095739986
937095248026
937096647115
937094405556
937096196917
937094223368
937095474569
937094803660
937095469906
937096626791
937097281996
937096633884
937095786714
937095873884
937096367006
937097458585
937096618751
937097348863
937095286805
937094914505
937095867097
937095494797
937097974924
937096848954
937096295575
937096201286
937096966849
937096162497
937097547141
937096058687
937093880187
937096638979
937094460479
937095215334
937096466535
937095795626
937095866125
937095945014
937095641222
937096525306
937098676636
937097029717
937096009672
937097019727
937095362004
937097600019
937096851831
937095906471
937094173352
937096486763
937094753644
937097454385
937097579695
937094033059
937096048898
937094613351
937098205751
937094801940
937097064218
937095919987
937097644510
937096463205
937097565590
937096671731
937098178848
937097252023
937094967926
937096219127
937097154190
937098347874
937097017028
937095552525
937097597320
937095370337
937096410817
937096260997
937096111667
937096432429
937096691959
937096031363
937095659063
937095453573
937096455201
937097339566
937092543157
937098219540
937096744142
937096314908
937095248860
937095308444
937095829152
937095126256
937096600614
937095706548
937097234798
937096999598
937096856778
937097356733
937097437070
937097037581
937097378345
937097592620
937096857116
937097494512
937097584065
937096342156
937093741250
937096112020
937094321542
937094677480
937095928681
937095257772
937095971727
937095612111
937096951452
937096126172
937098138782
937096706464
937096212100
937097044569
937095733685
937097240802
937096313977
937095368617
937093635498
937095948909
937094215790
937096916531
937097189609
937095013691
937096264892
937094985032
937097779490
937096308945
937097654166
937095382133
937098016191
937095962425
937097027736
937098675372
937097872291
937096619467
937093911830
937095704828
937097488697
937097810020
937096479174
937096394484
937096034868
937095662568
937095872963
937097520577
937095056012
937095894575
937096747203
937097310604
937096099535
937094915719
937095917347
937096583593
937092005303
937097163885
937096523170
937092803204
937095109923
937093383496
937095690215
937094588402
937096062760
937095168694
937097340400
937095031532
937096608484
937097217796
937097962641
937097409262
937093866641
937095466978
937094446933
937096956658
937097856476
937095804302
937093203396
937095574166
937093783688
937097695306
937096909313
937097402577
937096343408
937096527531
937096413598
937096158115
937097747473
937096191104
937095501479
937095580368
937098104443
937096160660
937097151664
937097052439
937096412894
937097029060
937098070061
937097394751
937097338145
937094475837
937095727038
937097031241
937097216865
937097197852
937096159531
937098359102
937095684252
937096291586
937096785587
937098263337
937096644591
937095196535
937093373976
937095166974
937095059073
937094171877
937096666212
937094752169
937095497014
937095124714
937095734026
937096982723
937094518158
937096400205
937097145050
937093950173
937096567260
937095896351
937097147552
937096045739
937098150943
937096626031
937096188151
937092265350
937094572069
937092845642
937095152361
937097272196
937096820235
937096007196
937093828696
937094493678
937094408988
937096679942
937098818172
937098169769
937093328787
937094929124
937093909079
937097474354
937097455843
937096978226
937097216705
937095435229
937094155369
937096949827
937096371459
937097474576
937096204471
937096632106
937096784763
937095620261
937097528204
937095653250
937094963625
937095042514
937094875165
937095622806
937097012727
937097450286
937095847454
937096491206
937096427746
937097071498
937096800291
937097141055
937094916435
937096493387
937096679011
937097228582
937095621677
937097476912
937095146398
937095318846
937096247733
937096952199
937096106737
937094658681
937093940927
937095238973
937094521219
937093634023
937097508171
937094214315
937096570321
937095316627
937095196172
937096984501
937097008262
937095862351
937097588554
937093412319
937096029406
937095358497
937096399902
937096027602
937097613089
937097407599
937098050087
937096259609
937094497183
937096448198
937091640657
937097028490
937096282381
937095469342
937093290842
937096049634
937093871134
937093168238
937097228333
937093748530
937096580665
937095560620
937096243838
937098318526
937096917989
937096440372
937097498281
937094897375
937098161925
937096387202
937096471557
937095832012
937095666617
937098037387
937096246909
937097482197
937096990350
937096615166
937097122603
937097195458
937094337311
937098541458
937096474873
937096982310
937095309600
937097134054
937095889892
937096705138
937097589503
937096871749
937094378581
937097060338
937096564845
937097417473
937098866578
937096055910
937097339365
937094780992
937096917856
937096414345
937095967800
937097396275
937095320132
937096172760
937096442533
937094798611
937095865856
937095925174
937096032467
937096847713
937097522294
937096446647
937096361957
937097026939
937095063860
937094536911
937095644152
937095117203
937095862048
937095489748
937097568070
937096408104
937096287649
937096988396
937093959329
937095681093
937091102803
937096261385
937097190388
937096722979
937093151905
937095522675
937093732197
937092630384
937096690479
937093210676
937096042811
937095022766
937095705984
937096865290
937097549437
937096687841
937097367249
937095269056
937097726868
937095849348
937095933703
937095294158
937096647249
937097898450
937096733948
937097343260
937096766937
937096077312
937096584749
937096657604
937096736493
937095029754
937097336473
937096964173
937097426846
937094050898
937097338386
937096167284
937098162159
937096030122
937094454876
937096610414
937098615451
937096996419
937095929855
937095518056
937096432533
937096840377
937096475579
937097220424
937095281469
937096858421
937094782278
937095634906
937095975670
937097576007
937095328002
937097414342
937096404148
937096309859
937096984440
937096890151
937095824103
937097806918
937094526006
937093999057
937095106298
937094579349
937097212404
937095904199
937097030216
937095870250
937095749795
937096450542
937096330087
937092754344
937098142177
937093334636
937096652534
937096185125
937092614051
937094984821
937093194343
937098567973
937094862217
937096813232
937096705331
937097393524
937096057663
937096327436
937097578637
937096759840
937097707848
937095419571
937097525660
937095735182
937096945699
937098165536
937096109395
937097360596
937097170309
937094991809
937096748800
937096886729
937096566612
937096777007
937097856270
937094491900
937096798619
937096426319
937098466493
937093513044
937096800532
937096139936
937096055246
937095492268
937093889436
937096072560
937093707248
937097570501
937094287540
937098142684
937095894679
937096727148
937095937725
937097081487
937094743615
937097272872
937096173612
937097645417
937097118468
937097010567
937095315504
937096876488
937097081907
937098635981
937097382287
937097261832
937095685166
937096450729
937095646377
937096084150
937096230890
937096664442
937097915643
937095366345
937097673064
937096313754
937095821794
937097431801
937098046639
937092216490
937096929691
937092796782
937096513597
937096775287
937093594683
937094845884
937093566024
937096360482
937094324363
937096885231
937096167477
937097192519
937095519809
937095860573
937097256364
937097326049
937097568911
937094881717
937094285820
937097047390
937096407845
937097627682
937095947085
937097004755
937096632455
937094453955
937096210946
937094451806
937096028758
937096638070
937096143441
937096101991
937096723733
937096682283
937095164585
937098081102
937095744877
937097695892
937095517392
937097863026
937093351582
937095394788
937093169394
937094747120
937093749686
937096605129
937095833872
937096189294
937095798788
937096395156
937097882974
937096376808
937098133980
937097361453
937097190467
937096472713
937094777650
937097231119
937096942970
937095575551
937097882270
937096155843
937095147312
937095912875
937095108523
937095945213
937095693036
937096525505
937097034240
937097163850
937094161360
937096685435
937094741652
937096893947
937097219280
937094587248
937095610052
937098306686
937095975743
937096269233
937093056829
937094308030
937096724682
937095797857
937098178634
937095820479
937095700024
937098194359
937097441123
937097470664
937097678725
937097271644
937096533258
937096966810
937093747966
937098673197
937096373117
937098095407
937095409231
937096692470
937096105496
937094315018
937096685788
937093913952
937097890694
937096100216
937095605587
937095963054
937096185879
937096543346
937094626731
937095356843
937095207023
937097168933
937095378455
937096004924
937097831420
937094856934
937095853188
937094209266
937096910007
937096067275
937097840835
937097861840
937095260934
937095857302
937096750761
937095838954
937097068361
937098227934
937097235495
937097888056
937095945624
937097092182
937096405116
937095037697
937097344416
937095617989
937097498205
937096760064
937098093355
937095407359
937096601043
937095987651
937096496386
937099025786
937093623506
937096935481
937094203798
937097515773
937096238789
937098607575
937095072198
937097277816
937095652490
937095731379
937095990595
937094679711
937096186828
937095260003
937096536319
937095282625
937095162170
937097861456
937096974260
937097331727
937093959717
937096733790
937095995404
937096725516
937095254971
937098713866
937093917457
937097060772
937095775466
937096225607
937095567642
937093777164
937095565493
937097263036
937096145785
937096458096
937097712968
937095425200
937095340510
937094980894
937094608594
937094818989
937098752645
937096631079
937094840601
937095467070
937096508475
937095045561
937097088767
937094863373
937097718816
937096947559
937097030416
937097527851
937091749230
937098439685
937092329522
937096184666
937096530507
937098130844
937096697641
937097350202
937095806687
937096554328
937096386979
937096742917
937097021163
937095052549
937094413004
937096222210
937097555501
937096802502
937096063189
937096359332
937096643481
937095940585
937097799122
937095855339
937097133491
937097336725
937095700935
937098401676
937095715046
937096739962
937095286130
937096170495
937095452741
937097050469
937096936315
937095145837
937095998465
937096813711
937095520050
937097394003
937097900463
937096793873
937093421863
937097374165
937095977267
937096187662
937097142647
937097486804
937093379603
937096522918
937095237612
937097103210
937095428705
937096144890
937095027639
937094942949
937095607931
937096033747
937093117903
937096405832
937093698195
937094443040
937094070740
937094680052
937095240941
937094868641
937095616282
937095448933
937094262085
937096653839
937094842377
937096421222
937097180962
937097096969
937096492562
937099218994
937091211376
937096369958
937091791668
937097309258
937096309535
937097565404
937097275041
937097869739
937095268833
937097639603
937095849125
937097837116
937096731676
937094514695
937093875150
937097554155
937097749006
937097195627
937095924252
937096162731
937096078041
937095402731
937095895853
937095317485
937098114123
937097795113
937095578132
937099094497
937095395944
937096570835
937094748276
937096541274
937096606285
937097300515
937096797378
937097880807
937096396312
937096275857
937096976604
937096856149
937098851024
937097774505
937098589228
937093862461
937095439413
937096048725
937097124510
937096237314
937096422938
937096817606
937097339294
937097469445
937094890851
937098802469
937095471143
937094405095
937096387910
937096015610
937092580049
937095867978
937093160341
937097034489
937095932676
937094142198
937094703087
937094330787
937095283379
937094911079
937093724231
937096725838
937094304523
937095883368
937095894133
937096559115
937096353625
937098738126
937097578771
937093443209
937095394224
937096771404
937095974516
937097027550
937097371707
937097589126
937096444895
937097500666
937095616516
937098134850
937096166236
937095526691
937096746528
937096106983
937097951434
937098189604
937095386398
937097541936
937095540187
937097107951
937095357999
937095417583
937097576269
937096693146
937097407101
937097047485
937097987393
937096032981
937096965917
937096566428
937096907192
937097121467
937096259524
937097701759
937096254861
937098139484
937097211835
937097384283
937095651164
937097236651
937097902897
937093324607
937096006364
937095510871
937096480299
937095699460
937095885084
937096279752
937096349965
937096931591
937097261609
937098264615
937095842824
937094266158
937095850056
937095477756
937093744637
937094811882
937095245434
937094542538
937095793739
937095122830
937096374031
937096729969
937096562620
937096773015
937093706094
937095956064
937096794627
937097804682
937095356279
937098237086
937095605975
937095233675
937096186267
937092905355
937097621209
937097423222
937097313205
937096786256
937096833853
937098138692
937095907041
937096962812
937095078662
937096704942
937095628382
937094988837
937096208674
937095569129
937095811316
937097613237
937096367030
937097004082
937095401250
937097009540
937095219062
937094879729
937098173193
937095593275
937096869247
937096509631
937097449539
937097089923
937097105134
937097603984
937096444018
937097518401
937093975780
937096401531
937093328112
937098121347
937095186121
937096846429
937095113310
937097224153
937094976148
937095911211
937095556440
937096491503
937095942445
937096297867
937096522737
937096878159
937095812111
937096485381
937098289739
937095689507
937096123929
937093728304
937095941741
937096200710
937094526205
937094274028
937095106497
937094004684
937095255885
937094584976
937095836177
937096397066
937096024766
937096634078
937093168240
937095418210
937096148322
937098788416
937094850225
937097588112
937095068121
937094695821
937095648413
937095276113
937097880870
937094281016
937096775351
937096248402
937097754098
937096684439
937096933707
937095929052
937097513999
937096167088
937097254189
937095425198
937096676399
937095003689
937095273462
937097075383
937095829176
937096653874
937094863396
937096471686
937094681208
937096801043
937097111562
937095055421
937096488635
937096116335
937093937835
937097666540
937097532158
937098095559
937096520313
937097854054
937093437926
937095863677
937092790258
937097583493
937094648267
937096398015
937098541016
937096686299
937094438294
937095373357
937095018586
937095953649
937097204850
937095816487
937097393439
937097249840
937095673174
937095947527
937097683107
937095151653
937096218898
937096579049
937096591443
937096064494
937093988351
937096359121
937094568643
937096729379
937096236517
937098187532
937096207858
937098504447
937096216679
937094819781
937095030176
937095400073
937095610468
937096793871
937094312371
937097050258
937095259780
937094767820
937096927654
937097814015
937098321452
937093743162
937097159661
937098169716
937097216244
937092540709
937096395853
937095391198
937095306508
937095971490
937097524778
937094887344
937096138545
937094465835
937094806599
937096936446
937095263736
937096514937
937095844028
937096332749
937095993416
937096557337
937096573708
937098793362
937095950781
937095578481
937093399981
937097344678
937097917848
937094735128
937095954873
937095089467
937095772685
937095669759
937096352977
937096299808
937097027128
937096549511
937098003162
937097825029
937096809052
937098271878
937097605190
937098197547
937093693146
937095278633
937097380941
937096925798
937095135320
937096724305
937096803194
937098239417
937095681044
937097817908
937096584012
937096136493
937095418739
937096220184
937094940324
937096191525
937094521577
937098259531
937095101869
937097966593
937096588360
937094281927
937094891239
937094862219
937095471531
937096256017
937095660120
937096911321
937095631461
937096762100
937096389800
937097276161
937095394703
937097856453
937095974995
937097926010
937097077307
937092002855
937099267231
937096947154
937094768654
937098056583
937096538885
937094646050
937097032688
937096387149
937096891692
937096398592
937094725882
937095977083
937095306174
937095794895
937097736683
937095790232
937097355276
937097602322
937096954210
937095051522
937093261044
937095631814
937097462029
937094197274
937095417019
937094551613
937095234831
937095131905
937095815123
937095761954
937095929806
937096342246
937097799986
937097287175
937094950950
937097734024
937095890250
937098861236
937093155292
937095856033
937096843087
937093953193
937096876076
937094533485
937096265340
937097673977
937096845632
937097978312
937097173960
937096181521
937097340053
937095682330
937097920345
937097172157
937093983723
937096139261
937094564015
937097997270
937097031864
937097924459
937094353385
937096369224
937094933677
937098334670
937095122266
937096373467
937095881507
937097287042
937096461799
937097885916
937094856849
937097259700
937095437141
937097158905
937096539453
937098346877
937098598695
937096420195
937094629717
937096840865
937096001031
937094108196
937096581323
937095920286
937096752755
937096380455
937098320057
937095979389
937095773899
937096929056
937097659892
937092863483
937096319623
937097064468
937096635234
937094513668
937092723190
937095093960
937095848815
937098070361
937095891861
937096922371
937097504316
937096274703
937097677059
937098132712
937095391952
937097698671
937097326371
937095100162
937094413096
937097904391
937095352396
937096955298
937095932688
937097674545
937098087866
937093415339
937097475434
937093995631
937097385711
937097136123
937096446498
937097697699
937097026790
937095643667
937097830472
937096054011
937097561128
937096634303
937095688943
937095601407
937093998575
937097459416
937098199560
937097509935
937097137635
937096585218
937095305358
937096546429
937096629271
937096745148
937095702459
937097325440
937096282751
937094835853
937097227607
937096721846
937097148000
937094232156
937096025154
937096483889
937098060841
937095882341
937094091863
937096303011
937095759737
937094466076
937096340029
937098005379
937096214901
937095842601
937097630930
937096419861
937095236045
937097606815
937096458538
937092325629
937095781769
937097046331
937093123530
937094374731
937093703822
937094955023
937095310961
937097532507
937095354007
937097110998
937095351858
937096928810
937097538122
937098117657
937097539289
937094186967
937093814667
937094562308
937094394959
937097617748
937096516984
937096417444
937095367248
937097314885
937096294840
937097895177
937095647172
937096663734
937096847857
937096733924
937096478441
937098114262
937096511430
937097544795
937097276860
937098424769
937098161615
937097471990
937097372765
937095677702
937093460721
937098145551
937096500181
937098168173
937097780483
937096047364
937096626899
937096008575
937097518178
937096263865
937096816606
937096844157
937097396898
937094297999
937097585487
937096924891
937095516861
937093694302
937095487300
937095946035
937094492203
937095743404
937095072495
937096323696
937095221883
937096054352
937095802175
937097866442
937096720531
937096600076
937094270499
937096887586
937096748127
937097205899
937095183340
937098471269
937095763632
937096508477
937092585676
937093836877
937093165968
937094417169
937097592522
937097815976
937095215070
937094149022
937094814004
937094729314
937097000268
937097579803
937098490095
937093649113
937093276813
937094229405
937093857105
937098973057
937097298552
937096278507
937094829394
937096777031
937095756986
937097357323
937095109318
937096524797
937096952432
937096580132
937095940587
937097848530
937095973576
937096317733
937096739006
937098228168
937097840468
937097278072
937097840490
937095112262
937095382035
937095692554
937095962327
937098447683
937097461381
937095236761
937096487962
937096999337
937098275653
937095942003
937096597208
937096522295
937095639172
937096568059
937096529832
937097515826
937094979007
937098096118
937095559299
937095927898
937093954349
937095205550
937094534641
937095200887
937097306976
937095516498
937096583743
937097328588
937096182677
937096062222
937093732645
937096349732
937096210273
937096668045
937094645486
937097933415
937095225778
937098370413
937096579935
937094817509
937096768524
937094788850
937097125659
937097278122
937094677216
937093611168
937096167043
937094191460
937093488564
937097440866
937094068856
937095597106
937095675995
937095508646
937095719041
937096902444
937096760698
937095740653
937096750708
937097061227
937097331000
937096791883
937097681953
937095986943
937098231673
937096567235
937097802523
937097310676
937097894890
937095779879
937097084718
937097936732
937096577780
937096740218
937095650968
937094574408
937096194186
937095154700
937098118411
937097909829
937095952601
937094698907
937095950108
937096885171
937097737799
937096748009
937096059354
937097328301
937095101318
937096141798
937095991978
937096977972
937097150420
937097016038
937096550010
937095390044
937097640014
937096186182
937097070547
937092274138
937097168039
937097289925
937096045889
937097870217
937097535716
937095384186
937094857237
937095964478
937095437529
937097301705
937095243893
937096877319
937095824185
937096607975
937097859176
937094279655
937097647002
937096137664
937097045454
937097495266
937095048897
937093472231
937095629189
937094052523
937092950710
937096903012
937093531002
937095702708
937095343092
937094970792
937095580104
937096364590
937096437445
937095943081
937096775550
937096523373
937096971783
937096254029
937097144099
937098066119
937097693819
937097054274
937093227042
937097087263
937097428027
937097667555
937096519278
937098702402
937095350080
937096601281
937095113114
937096945166
937094371224
937097076014
937096998116
937098132833
937095414747
937094775202
937096601701
937097356556
937097316745
937096210155
937095838382
937096752859
937095393549
937095603944
937097251558
937095601795
937096612566
937096478184
937097041585
937096295996
937097621877
937095648328
937096314574
937091736284
937096630185
937097304766
937092534185
937098404161
937093114477
937094846332
937094319383
937095426624
937094899675
937097532730
937094762513
937096339465
937096195866
937096070121
937097321322
937096650413
937097109148
937098235125
937096687639
937097622702
937095927639
937092934377
937095305147
937093514669
937096915662
937095182543
937097133558
937096074389
937097713850
937096654681
937095042250
937096346453
937096532077
937098028174
937095739897
937098444687
937097625890
937097994489
937096783420
937098232525
937096760041
937097267478
937092689188
937096563336
937097207055
937099035742
937095981424
937098176596
937094812226
937095890512
937096746645
937096470804
937093833370
937096516568
937096460262
937096375572
937095812594
937094209762
937096392886
937094790054
937097402064
937097398994
937095503363
937096215005
937094855695
937095465007
937096317635
937095063941
937097593198
937097663697
937093681154
937097113043
937097084023
937095635830
937095776720
937097881924
937096357012
937097286015
937091996331
937097154913
937092576623
937095966703
937097351347
937096551216
937098958486
937097338812
937094224659
937096937872
937096410923
937096142120
937097393321
937097872509
937097185443
937097250017
937096368663
937097790156
937097095613
937096742876
937095166210
937093886350
937096377808
937094644689
937097205557
937095935452
937097350097
937096515744
937095413931
937095808599
937095994223
937097889237
937095202043
937094606146
937097367716
937097456635
937096770922
937096267411
937096222187
937094340729
937094774281
937094921021
937096872036
937097005207
937096823383
937096463767
937096422317
937095352658
937097002609
937095484911
937096323474
937095978714
937096903766
937095837718
937095344618
937093671908
937095715114
937094252200
937095067446
937096952069
937096925455
937096301302
937096717631
937094927153
937095779781
937098203300
937097055344
937097721590
937093143300
937096575189
937098262071
937095097976
937095758583
937097344070
937095895877
937094875832
937096476169
937094228164
937096233201
937095428849
937096813493
937096013362
937097877518
937096800958
937097484176
937097309553
937092899219
937096959314
937093479511
937097334655
937096620003
937095930378
937097200295
937096510670
937096589559
937097636084
937094628356
937097045008
937096118183
937096202538
937095085287
937095397598
937097271551
937095977890
937097460140
937097645764
937097591970
937096853584
937097692147
937094068292
937098272439
937096693443
937096233068
937095729557
937097083787
937093802875
937094635344
937094383167
937096602730
937096467353
937095181068
937095925913
937096283380
937096506205
937095786891
937094947057
937095677169
937095527349
937097106194
937095698781
937095326481
937097576451
937095177260
937096173514
937094529592
937096617050
937096387601
937095763448
937096578694
937095581260
937096177628
937097071087
937096757920
937094794841
937097016387
937094837887
937097955687
937097527162
937095220729
937097299051
937095358023
937094337978
937095938315
937093690310
937097080390
937095548319
937097560914
937096921369
937096453960
937096940097
937097287620
937097520389
937092361365
937096421460
937092941657
937097001752
937096082149
937095392524
937096662441
937095972816
937096051705
937097098230
937095000037
937096507154
937095580329
937095664684
937094547433
937095482496
937096733697
937095345334
937096922286
937095925626
937097054116
937096315730
937097045842
937095575297
937094760735
937096155589
937096328037
937097072882
937093781879
937095887968
937094097490
937096468260
937096989063
937097821097
937094643214
937098033294
937095745526
937095660836
937095249037
937094928920
937095139315
937096206560
937096951405
937095160927
937094788627
937096828801
937095365887
937095706651
937097306988
937097814478
937096688508
937096135129
937096040840
937092069556
937096621132
937092649848
937096504992
937094256987
937096478533
937094300033
937097099389
937098817900
937095635180
937096761197
937098031114
937095480776
937095372875
937096061068
937096542536
937097179115
937097023060
937096383515
937095916106
937096963807
937096260911
937096714007
937096841203
937094593198
937097293939
937096436312
937096064012
937096035372
937097060288
937096939833
937096490821
937096408947
937097370795
937097256641
937095466163
937096318791
937097134037
937095840376
937097091577
937094807480
937094722790
937095387772
937097694491
937096297593
937096507988
937097587251
937094222881
937097346755
937095790183
937097927047
937093244025
937095749031
937095870917
937096329323
937096451209
937097677628
937096354073
937093438229
937096934365
937094018521
937096697499
937094391066
937095000378
937095668706
937095188967
937095936608
937095546102
937096290947
937097230855
937096871239
937096741548
937095046485
937097417295
937096812888
937097471228
937091531702
937096690284
937092111994
937096181710
937096627745
937096515771
937094161096
937096561535
937098482881
937095097326
937096496288
937098089594
937095552775
937094835021
937096086222
937097874481
937096641261
937096884123
937096244578
937096483057
937096398367
937095723057
937096176153
937096303349
937094055344
937096756085
937095898458
937095526158
937096407053
937097086503
937096987345
937098211917
937095871093
937097426039
937097117704
937096668994
937097697996
937096596183
937095678066
937095999389
937096363436
937094184936
937098990328
937094182787
937094062332
937096369051
937095874422
937095832972
937096454714
937096413264
937094895566
937097287320
937095211177
937097867612
937095791469
937098785968
937097649478
937095125769
937092900375
937096560711
937093480667
937097354815
937096253002
937094462524
937095529769
937094651113
937095902314
937095008248
937096482606
937097092434
937097447856
937096203694
937094508631
937096879441
937096673951
937095306532
937098215662
937093763535
937095714550
937095643856
937096294842
937096224148
937093623242
937097534860
937095113069
937096894831
937095936842
937097204316
937096486562
937096624928
937097066854
937097336627
937095341033
937095848470
937095706724
937096000214
937095860513
937098512948
937096455663
937095737909
937097909615
937095957954
937095431005
937097315628
937097757991
937097743152
937097409706
937097605990
937097079041
937098186282
937095523806
937096131140
937096104098
937096711432
937095140212
937095461535
937095836477
937094045999
937094898627
937093644933
937093524478
937095831197
937095336568
937095694035
937095916860
937096274327
937094357712
937095087824
937094938004
937098584941
937096163150
937095735905
937097562401
937094587915
937098048052
937095132208
937097811186
937096816961
937096114065
937097661031
937094991915
937097050295
937096481742
937096453501
937096854287
937097463599
937097114953
937096742653
937095676605
937098232480
937096136097
937094768678
937097625924
937093225681
937096593028
937097741432
937095991480
937097106582
937093994923
937096789381
937094575215
937097314130
937095398988
937096666462
937095948708
937096289472
937096529000
937096869764
937094803179
937095310616
937095383471
937095462360
937095721576
937097975094
937095917809
937095200055
937096267300
937095420100
937094893151
937097249157
937097220137
937097829449
937097747909
937097068136
937096541187
937097648428
937094296106
937098444847
937093648438
937096791753
937095506447
937097166755
937095298623
937093508145
937094360773
937095176019
937095876766
937095756311
937096262771
937095156181
937096843063
937095736473
937094339575
937094549970
937098610065
937097385999
937096444255
937095198051
937096239456
937096922674
937096819748
937094594354
937097681630
937097188642
937095576211
937097889622
937091480211
937098651525
937092060503
937095915647
937097533939
937096925745
937097317381
937097114334
937095170551
937097694626
937096117960
937095016147
937097000511
937094783530
937096055174
937094601342
937095852543
937096568728
937098324949
937096226756
937098008518
937095671566
937097975581
937096251858
937096864472
937097067706
937096910236
937097859445
937095664779
937095292479
937097542449
937096974200
937095183722
937097554492
937096851596
937097121369
937095729446
937096544692
937097980176
937096436661
937094258161
937097291595
937097852484
937097480184
937096445592
937098174380
937093758252
937096322988
937093110584
937096253899
937094968593
937096834191
937095159686
937096743584
937094758620
937094638165
937095338912
937095218457
937096906095
937096136813
937097388014
937096108154
937093801721
937094411033
937096781803
937094599622
937096539224
937095179914
937095701602
937096384820
937096281894
937096965112
937097423847
937096827950
937097927104
937098261303
937090942357
937096100939
937091522649
937096416550
937096996085
937097906377
937099132098
937096058679
937094632697
937097370584
937095580106
937095088146
937096462657
937094245676
937098139826
937094063488
937095314689
937097107687
937097787095
937095688902
937097122116
937095133712
937095626834
937095714004
937097845104
937098376002
937096458871
937098340918
937095126925
937094754625
937097004595
937096835263
937097105036
937097031496
937096313742
937096654506
937096806969
937096006838
937098117681
937095898807
937093720307
937097663276
937098320209
937095055454
937095769409
937095409793
937096349701
937095785134
937098485875
937096504146
937095269500
937096869837
937094621832
937096859847
937095202124
937097415561
937097060133
937095746591
937094013472
937095598959
937096850160
937097785223
937095663657
937093873179
937096243949
937094061768
937096001370
937094642060
937096904338
937095760107
937098616653
937097563519
937097450062
937096290096
937094841903
937098476360
937095422195
937093174190
937097029334
937096788231
937096857148
937097368523
937098594244
937095520825
937097827544
937097231647
937095951787
937097259559
937095897217
937096166990
937095715029
937096599394
937096295321
937097179686
937098153330
937095574736
937096584262
937096155028
937095088980
937095148564
937097307250
937094966376
937097138082
937096778466
937096406166
937096616561
937096696898
937096297409
937096638173
937096852448
937097218465
937097432740
937097418095
937097870465
937097550348
937095371848
937093581370
937095952140
937097782355
937094517600
937094127094
937094871939
937095811847
937095452231
937096791572
937095966292
937096045181
937096662572
937096052220
937097845218
937095271276
937096850121
937096210576
937095208737
937093475618
937096176359
937097163413
937094273519
937095524720
937094853811
937096105012
937096889498
937096293601
937096149065
937097494286
937095222253
937097954866
937097935200
937098866395
937097797101
937094304049
937094964656
937094884341
937092636336
937097352190
937098109772
937096319294
937097313959
937096861998
937097869673
937099000226
937096693793
937096007031
937096721705
937095359363
937097150724
937095177175
937097580026
937095757467
937096423713
937097615476
937097924510
937097587691
937092643324
937094950043
937094610710
937097904174
937094428522
937096600228
937094291360
937095868312
937094871652
937096448604
937097057916
937097413854
937097246505
937093706761
937097920656
937096639949
937097852328
937097012494
937094833994
937093043516
937095414286
937096169141
937097693524
937093589240
937097242697
937095673426
937096028848
937096253718
937096609140
937095712278
937096216362
937097646697
937095420488
937094733422
937096312267
937095672722
937096892559
937096253014
937096869180
937098408192
937093735665
937094986866
937094315957
937095567158
937097456449
937095755747
937096365059
937095999651
937095963993
937096045415
937098519397
937094581206
937098937853
937097174557
937094426802
937094318901
937095007094
937096927841
937094011997
937095969086
937098146703
937096324144
937096866755
937098492521
937095660033
937097386236
937096240325
937096985170
937095156179
937096407380
937097042172
937097410771
937095885859
937097991063
937096804215
937096683760
937092105470
937094412189
937096532024
937096080063
937094786402
937096660355
937093753506
937093668816
937094333798
937098150918
937096520062
937097080951
937096708651
937093168907
937097810963
937096102095
937097314474
937097295963
937094695057
937096278955
937095275349
937095631287
937097155670
937095674333
937096925534
937096044591
937097459236
937097079979
937096980821
937097368324
937095678508
937094134993
937094882634
937094715285
937097360262
937096322424
937096737770
937095687574
937096331326
937096615166
937097700617
937095967498
937098668239
937095938839
937097215155
937097262752
937095827205
937095461797
937097317032
937095507561
937097981543
937094043352
937097714133
937097035620
937094498801
937093781047
937096514099
937096820507
937093474143
937095830149
937097608849
937096410441
937096328901
937098171335
937095122179
937096848382
937095702471
937097717224
937094618325
937095869526
937097245217
937096872917
937096667427
937097453209
937096266361
937093757011
937096063730
937094337303
937096288318
937095542209
937097855620
937096122501
937095309462
937093130962
937096920402
937098171603
937093008358
937097068453
937094820448
937095503666
937095400740
937096083958
937098158646
937096758109
937094157203
937097133120
937094737495
937097983839
937097611539
937095535396
937097297215
937095506737
937097367405
937097111922
937097322317
937096830470
937096455286
937093597139
937097801286
937094177431
937098105471
937096314993
937096393882
937095149720
937096974174
937096077312
937097162763
937094252558
937098130385
937094832850
937096677301
937098151659
937096198886
937098679431
937096638059
937097245393
937097739394
937098053001
937097176279
937096150342
937095432588
937095702361
937096012880
937095125684
937097893201
937095292295
937097663065
937095872587
937096687833
937097936530
937096286767
937096917534
937097787564
937094903980
937094377031
937096850158
937098064826
937097590378
937096129573
937097408190
937096248224
937093219157
937095525876
937093799449
937095521213
937095657458
937097407206
937096904069
937094782503
937092992025
937095362795
937097633749
937092470504
937096530599
937094282594
937094965812
937094862886
937095546104
937097620792
937095660787
937096527961
937097530967
937095109176
937094681931
937097073685
937094997542
937097158278
937096487369
937097738570
937096574068
937097183380
937096607057
937095917432
937095996321
937095828972
937096039367
937097222770
937097295625
937096060979
937095688679
937097345855
937097178506
937096517910
937093714704
937095870242
937094294996
937097728251
937098909134
937096575484
937097406470
937096100205
937095735407
937097201540
937096315699
937097060544
937095612488
937094894734
937095235498
937095475026
937094587830
937096990681
937095168122
937097524128
937096244268
937096149979
937098399181
937097068335
937096379680
937097648627
937094366126
937093839177
937096312304
937095164027
937097052524
937095744319
937096870336
937095710370
937095589915
937097529517
937097390873
937092594464
937097982297
937097610251
937096366215
937094244649
937092454171
937094824941
937094122045
937096822786
937094702337
937096653352
937095564219
937097197645
937096144511
937098499619
937095122933
937098513013
937097057352
937096565392
937094144077
937097145684
937095369223
937096620424
937095949515
937097200716
937098436004
937096645526
937097998617
937096023034
937097597551
937095291118
937095900430
937096479965
937096757771
937096263407
937096060360
937096843699
937096640652
937095980056
937097464425
937095332388
937093729556
937097190397
937093547368
937098935201
937096868616
937097376053
937095197553
937097527797
937095777845
937096532700
937095433440
937097112992
937096013732
937097396340
937096805471
937096452827
937095735073
937096986274
937096922027
937097541313
937097861327
937096530481
937096361543
937096290849
937095490718
937095924270
937096071010
937094626173
937096932892
937095206465
937096426210
937097241456
937097942203
937097821748
937096189519
937092056610
937096769811
937097801910
937092854511
937094105712
937093434803
937094686004
937093584191
937096284932
937094164483
937096865224
937095082839
937094962384
937096516192
937097848638
937097641648
937097975159
937093545648
937097678804
937094125940
937096887510
937096247965
937097601056
937097324448
937097045866
937096025821
937097626158
937097460763
937096394715
937098208277
937096848967
937095362576
937095942111
937096852403
937098128375
937095004705
937098292193
937097631597
937097737003
937097103746
937095408683
937093191702
937097587804
937093009514
937096883662
937096471863
937097019504
937095058616
937097269764
937095638908
937095994846
937097723094
937096575138
937097181654
937096836894
937097556995
937097867113
937096202798
937097357955
937096783090
937095415671
937097722390
937097383057
937095823689
937095752995
937094952864
937095785333
937095533156
937097643999
937096858006
937096331057
937094001480
937096703602
937096479108
937097283894
937095651665
937098202250
937095450172
937095529061
937092316657
937093567858
937092896949
937094148150
937096361587
937098517125
937094946051
937097659138
937094544985
937094424530
937096731249
937097310784
937097518845
937097111764
937093007794
937098166376
937093588086
937098481987
937098546998
937097063202
937098496416
937096508012
937095487967
937097088304
937097803625
937096255778
937097670423
937096311113
937095445707
937095803174
937096314549
937098486255
937094466851
937097754339
937097093743
937095264752
937097091248
937094843243
937095113016
937094661055
937095693308
937095241347
937097192362
937097121668
937094520762
937096731910
937095101054
937095672984
937096328189
937096253276
937096495323
937096299040
937097075615
937097728176
937095664944
937098035714
937096245236
937094877817
937097184536
937097475230
937097404536
937096600184
937097037957
937095247479
937096100107
937097106145
937096320152
937095793203
937093463626
937096775601
937095941254
937097475807
937095512728
937097664396
937094912318
937094991207
937097729094
937094548490
937097890966
937094519831
937095796147
937097979271
937094408197
937097121284
937095898024
937097629879
937093219545
937097171847
937093799837
937096573910
937095835524
937095239627
937095095091
937096633425
937098459921
937096900892
937097958562
937097586262
937095407762
937096522864
937095405613
937095717924
937097591877
937096298216
937097055798
937095265320
937097636090
937098390945
937096815699
937097640173
937097825797
937094726898
937096553394
937094305389
937096348595
937094123201
937096526052
937094703493
937095683582
937096787679
937095501394
937096752595
937091589350
937098474818
937095790335
937097390672
937095957469
937098144274
937096537761
937097190322
937095646807
937097634798
937096280991
937096359880
937096192531
937096937376
937096866682
937096062330
937096899020
937097573601
937095903309
937096540705
937097425173
937095115167
937097336713
937095158213
937097847754
937097847488
937094974874
937096563859
937095555166
937094658304
937097223040
937094010636
937097377983
937095868645
937095258293
937098214502
937094779878
937096653831
937095360170
937097780394
937092681691
937096633993
937093261983
937097120229
937096402475
937094701773
937095311085
937096095571
937097922067
937096363038
937097646277
937097778175
937095268825
937095985010
937094867759
937098323899
937097054023
937095665660
937092958023
937096245952
937097497153
937097853091
937096250259
937097896137
937095081061
937094708761
937096648363
937096676147
937094102205
937096493959
937095988198
937096356797
937095145728
937096937089
937094963540
937095629786
937091051496
937096210078
937095569363
937097149378
937098705386
937096526886
937097618465
937096899431
937095108953
937097096944
937095991504
937096026977
937095654677
937096813983
937097008834
937096455455
937096361166
937097035747
937095764372
937096002851
937096902669
937094577313
937096798859
937094620359
937097419715
937097635233
937095955506
937096026005
937095926847
937095801102
937096685186
937096381394
937096840129
937097140635
937096637498
937097490126
937096236432
937096115977
937098110852
937097034333
937096646643
937094913524
937097614265
937097102092
937096384338
937096208778
937094773231
937096077434
937096263058
937096729273
937097179414
937097804390
937094730971
937097725470
937096588980
937098305762
937097411903
937095127806
937092420169
937095708098
937096959299
937097894362
937095712405
937097755611
937094543207
937094170907
937096110509
937097150989
937093564351
937096851839
937096191243
937095818943
937095613453
937096399235
937096193745
937092703037
937097418891
937093283329
937095234344
937096611524
937097964615
937095989032
937096048616
937096760494
937095866428
937097340786
937097469346
937097974970
937096006356
937095366811
937097864365
937098509308
937097791554
937097016996
937095226518
937097597288
937096502036
937096948071
937096836097
937094481422
937096881861
937097069793
937095417652
937096668853
937097225265
937095873101
937097124302
937096406548
937096747312
937096961587
937096099644
937096952272
937097400682
937096473857
937097572998
937096496479
937096108789
937094375670
937097076411
937096564238
937095846484
937097929781
937095144912
937095539580
937095725204
937096191419
937097049117
937098176071
937096122305
937097187616
937096501903
937095998392
937096319715
937094071710
937094505262
937094652002
937097330980
937094382658
937095633859
937096194748
937095822448
937096032843
937096402740
937095215892
937096054455
937095796184
937096634747
937097644802
937095075599
937097446369
937095446095
937092165183
937096881037
937092745475
937097096280
937097263342
937093543376
937095850095
937095510762
937096222640
937095328574
937096802932
937097412760
937096545062
937095468502
937094828957
937097326511
937097955696
937095626858
937094606813
937096207150
937097031848
937095964182
937096849660
937096544474
937093943568
937097855186
937095433395
937096709367
937096349751
937096687411
937097083580
937096317995
937097560092
937096350984
937095661359
937096168796
937096241651
937096320540
937098472835
937098184019
937096775989
937097615794
937098229941
937094816268
937095751331
937097002532
937098078317
937095782565
937096137987
937097357732
937097399367
937097938024
937095844132
937096451466
937096424424
937095964049
937095460538
937095781861
937093533856
937094366325
937094114148
937097201424
937093844804
937094912049
937095656894
937095284594
937095893906
937095864886
937094678038
937095408150
937095258330
937094110053
937096847940
937094690345
937097307432
937094908241
937094535941
937096785911
937096348031
937096957343
937096928323
937093005522
937095312241
937097523389
937096802068
937096773827
937095769172
937096747368
937094568868
937097062979
937098720155
937097970108
937097417842
937095089004
937094068959
937095669296
937096493994
937097162684
937096311806
937096371390
937094315249
937097109707
937094895541
937097634456
937098781578
937096791986
937096944643
937095780141
937097768416
937095813130
937095123505
937095630942
937095703797
937095782686
937098165642
937097800844
937096238135
937098190458
937096587626
937094278414
937095213477
937096464678
937095076315
937096653267
937095656607
937097233559
937096861513
937097968754
937095306278
937095478726
937095886570
937096059018
937096266617
937096431563
937095618949
937093828471
937094681099
937095496345
937097552078
937094374195
937097764275
937095476507
937095356052
937096056799
937094659901
937094870296
937097748434
937093572199
937096310086
937094152491
937096559782
937096187482
937097140074
937096767774
937097654135
937096419489
937098019826
937096999781
937091800537
937097188370
937092380829
937096235973
937095231318
937096209514
937094031014
937096830370
937098440198
937093908410
937096765123
937098256676
937096776566
937095103856
937096355057
937096624830
937096172869
937095833536
937098424602
937096547082
937096631437
937095991892
937097211729
937096572184
937096406789
937097840003
937097230562
937095794993
937094929587
937095612805
937096670814
937098701338
937096139928
937097262990
937097215045
937097512686
937096049772
937096865018
937097749383
937097031629
937094538461
937097251674
937095118753
937097800510
937096765918
937096215790
937097499245
937094940872
937097077736
937095521164
937096127680
937097154517
937095480012
937097063910
937096060304
937094958491
937097271902
937094361697
937097226421
937096665346
937097682174
937096428480
937094122047
937094731359
937097102129
937094919948
937095804032
937095277083
937096021928
937095649628
937096602220
937096229920
937097116281
937095234823
937097027821
937097092832
937091262683
937096421265
937091842975
937096882859
937097316411
937096246752
937093892077
937096292516
937099336206
937093370556
937096227269
937097718822
937096238712
937094566002
937095817203
937097457574
937095635015
937096615104
937097886748
937096009228
937096093583
937095454038
937094891642
937096034330
937098485965
937097302149
937097474120
937095257139
937094391733
937095074951
937097324921
937095189634
937095602074
937095769926
937097586726
937094210778
937097127295
937094791070
937098438007
937095730370
937098701356
937096770294
937098775331
937097970979
937093793313
937095677936
937096670027
937096105460
937097172705
937096824472
937095441349
937097018301
937094942158
937097180173
937095522450
937097735887
937097380459
937093823843
937098082170
937096291692
937097144320
937097050031
937095983983
937094193505
937096564275
937094382094
937095266178
937094739229
937096213587
937095721627
937097607385
937097011488
937096519528
937094696969
937096489967
937096554978
937098304726
937093494516
937097349660
937096345005
937096260315
937096925297
937093354223
937095841151
937094844050
937097582965
937095760406
937097553404
937096217543
937096487316
937096797835
937096919720
937098318809
937095579451
937097868611
937095895062
937096904588
937096475354
937094353788
937095468890
937097330189
937095151689
937096908680
937095731981
937096726492
937096936887
937097306784
937094651780
937096958499
937095232072
937097538791
937093672924
937097738421
937094253216
937096215126
937095192516
937096795418
937096232440
937094629608
937097730381
937093255459
937097315554
937096132173
937096887028
937096634851
937096286618
937094903495
937097090300
937095483787
937098165544
937095894131
937097170447
937095475384
937095529063
937096055676
937097616660
937097542167
937097421712
937095845046
937096977755
937095806257
937097190901
937096386549
937096469391
937096585268
937095542579
937098275192
937096473634
937095981674
937097591681
937096561966
937095284982
937098527911
937092956662
937096324009
937097545020
937095722461
937097160528
937093725904
937095599857
937094306196
937097045111
937096327357
937097042031
937095679689
937096020453
937096259981
937096600745
937098117990
937095041597
937097330757
937095621889
937097908017
937092963650
937094214851
937094931036
937096687257
937094613835
937096370826
937094611686
937096188638
937095191978
937096768930
937096799117
937096883613
937096842163
937094027087
937093654787
937095904757
937097855772
937095677272
937097277609
937096257564
937095554668
937094091754
937094907000
937093909566
937095487292
937095993752
937096349174
937096574044
937096929466
937098127767
937096536688
937098293860
937097116980
937097350347
937096632593
937094937530
937097212885
937095517822
937095760009
937097985671
937096315723
937095307192
937097620603
937095268403
937096653047
937095848695
937096685385
937096103985
937096656726
937096365741
937096845315
937094901532
937097053827
937096765011
937094747128
937098248957
937095327420
937095786155
937094332323
937095583524
937097167422
937096869704
937095062003
937097464854
937095980359
937095859904
937096560651
937096440196
937096933196
937096727706
937097590426
937097731097
937095023460
937097273430
937097706982
937096532997
937092425796
937093676997
937096852350
937096149403
937094474898
937096845668
937094073832
937093989142
937094654124
937098471244
937096840388
937096345759
937096703226
937093489233
937093116933
937095366903
937096097015
937095538335
937097138672
937096118627
937095016814
937096617151
937094369146
937097069887
937094949438
937096364917
937096807447
937097400305
937097301147
937096910641
937095998834
937097734414
937096579126
937098068288
937097680588
937096642750
937097252062
937094952382
937095222155
937097718897
937095777869
937097658085
937097992284
937096259165
937097500236
937097583078
937096147531
937095782123
937096437328
937095827887
937095789660
937094363678
937097647669
937096841306
937094819127
937096978961
937096834425
937095812370
937093794469
937095045670
937096838668
937096346708
937095419883
937096927000
937095442505
937095322050
937096022797
937095902342
937098535397
937096189852
937098071899
937097193243
937094485606
937096735576
937097465688
937094077337
937097717433
937094657629
937096385487
937096515638
937093937044
937096307814
937094517336
937093451288
937097394257
937098136225
937093328684
937095500390
937095140774
937094768474
937094978869
937095348766
937095559161
937095000481
937096600818
937095580773
937096590828
937097248647
937097146542
937098390600
937097617541
937095827063
937097687731
937097432248
937097642643
937092489402
937096344546
937097007269
937096924838
937097776852
937096417900
937096635319
937095491088
937094414528
937097294500
937097181043
937095212429
937094572884
937095792721
937095153176
937096962382
937098003665
937096519212
937096588129
937095899474
937098325225
937095251806
937097293371
937097109815
937096275866
937096990540
937096093678
937096899842
937095446010
937096330375
937095612621
937096910667
937096192913
937095305717
937097130045
937095886009
937097674338
937097553883
937095224306
937094697357
937097701934
937097534045
937096137147
937095084013
937096717439
937096927834
937093539483
937097699296
937094119775
937097263090
937095977784
937097955460
937096168877
937094889017
937093312351
937095683121
937097954075
937092790830
937093858075
937094602920
937094230620
937094839932
937094810912
937095420224
937095776162
937095608813
937095783201
937097423572
937095002257
937096581102
937097852746
937097161394
937097906239
937097533939
937096894394
937097503706
937091951548
937097268147
937096469415
937096359398
937097434921
937095880046
937098015213
937094953234
937096009005
937096840385
937096916134
937094674575
937094035030
937095254867
937094615322
937098048577
937097196676
937096895810
937096050275
937096902903
937096055733
937096142903
937096636025
937097727604
937095738012
937096452686
937095555824
937096881705
937094908156
937097311007
937095488448
937096154694
937096564594
937096470305
937097537550
937092374305
937097136484
937097016029
937094686452
937094159503
937097164080
937094022341
937095599293
937094602633
937096179585
937096788897
937095910241
937096977486
937097494953
937097563417
937097959343
937098231929
937095631023
937094564975
937092774497
937095145267
937094442371
937096755782
937093320221
937096973678
937095914509
937094302078
937096672848
937094882370
937095443259
937095070959
937097377678
937096885718
937094464403
937096043248
937097834609
937096623540
937096634305
937096600161
937097107598
937096965852
937098295570
937097154441
937096134396
937095821544
937097531587
937096800291
937095730632
937098329298
937095776396
937096701448
937096356688
937096300382
937096906408
937095652714
937094049882
937096782934
937096658822
937097701816
937095700067
937097696379
937095517879
937095577463
937096098171
937096157755
937098104227
937097433318
937097503817
937096343851
937096953163
937096773153
937097141752
937095616840
937097647364
937097861639
937096414741
937091836451
937096995033
937096611175
937095811044
937098124455
937096391336
937093484487
937096197700
937094064779
937096746536
937096251043
937097220471
937096439632
937096509845
937097025563
937097090137
937098100897
937096002704
937094426038
937096009936
937095006330
937093904517
937096217928
937094484809
937096656515
937095775572
937095282710
937096533911
937095254051
937097391252
937097066141
937093865974
937097646433
937094446266
937097207836
937097296755
937097091265
937096096451
937096062307
937094180849
937095973847
937097757716
937099040955
937097473085
937096663503
937096303887
937096262437
937095192778
937097898973
937095238542
937096163594
937095818834
937097445114
937096368554
937095184738
937093512028
937096245080
937096551488
937097163962
937095561130
937097205419
937095378942
937095039609
937095959234
937095619901
937097566373
937096895464
937097561710
937097249803
937096415309
937097763864
937096603898
937097678281
937094135660
937095735997
937093487992
937097703383
937094068284
937096073321
937095273190
937097384033
937095853482
937097964325
937095716320
937096651383
937097149673
937092739339
937096682617
937096427134
937095971991
937096460123
937095770498
937095849387
937098373462
937093888184
937096864101
937094468476
937096681913
937097342520
937095266377
937097028196
937095237718
937094744856
937095996057
937097300260
937097485884
937097432090
937093328120
937097532267
937093908412
937098948296
937097737227
937096553411
937095957514
937095465554
937093642995
937095435993
937097618779
937094440896
937096935231
937095021188
937095766033
937096123500
937097624042
937097424611
937094787177
937096669224
937097414069
937095585078
937096836279
937095163569
937095433342
937095743861
937096013634
937097815555
937095023276
937097066482
937094841088
937096418814
937095421380
937096017748
937096648515
937096276215
937094097715
937096856507
937094678007
937097795807
937098216987
937097828796
937093597806
937095198143
937092950138
937097743373
937093530430
937096920510
937095388439
937096846179
937096761489
937097426471
937095178466
937096113529
937097364730
937092201485
937096261580
937095889280
937095833054
937095922269
937095232644
937095311533
937098049420
937095891825
937097281746
937094840157
937096116473
937096804666
937094728523
937096889259
937096218350
937097469551
937095185454
937096762406
937096948030
937096894236
937096155850
937095559953
937095415417
937095587865
937097724729
937097221218
937095419660
937094927700
937095728088
937095507992
937097080925
937093903042
937097777190
937094483334
937097376124
937095585646
937097956416
937096886757
937095466388
937096131370
937096046680
937095047224
937096298425
937094625715
937094966479
937095206007
937095546771
937097676618
937096003908
937096528628
937095975249
937095880960
937091909676
937097297509
937096110661
937095738361
937093559861
937096318653
937094140153
937094895008
937098658020
937095475300
937096601317
937095829639
937095320896
937097260498
937097187008
937096382656
937097767300
937096863180
937096223635
937096861031
937097549224
937096101031
937093853026
937096553767
937094433318
937097134059
937095295200
937096884185
937095875492
937097464477
937097543366
937098589891
937096743892
937096296373
937095578619
937096876665
937095100204
937096351405
937095680496
937096931697
937094647600
937096954319
937096833864
937097440555
937097328532
937095022099
937095631411
937095050011
937097186875
937096683364
937095791341
937097665294
937095589151
937095711037
937097447160
937097897301
937096134875
937096194193
937093278349
937098666182
937096740698
937097107034
937094928534
937097687326
937095508826
937094805930
937096280288
937095386222
937096131067
937096679272
937096536452
937096677123
937095466054
937096717255
937096653008
937095950112
937091371822
937096530404
937096092524
937096021830
937093420924
937095791694
937094001216
937094357154
937098202201
937094937446
937096157191
937095291785
937095975003
937097134309
937097818456
937096502126
937098514721
937096724243
937096084698
937096323177
937097222995
937095563177
937093315172
937096015913
937093895464
937096596205
937097035956
937094693365
937096247173
937096926623
937097005512
937098052037
937097160455
937097266159
937096957824
937096509114
937098080225
937096436303
937098431178
937096299141
937094723895
937096879433
937097191744
937097422418
937097999649
937096529104
937095093557
937095673092
937096583384
937097859356
937094735686
937097127440
937095051297
937098027214
937096909306
937098626088
937095597021
937097318785
937092740495
937096614643
937096202844
937097705441
937094789597
937097000745
937095369889
937094268076
937095742434
937094848368
937096912635
937096540335
937097287976
937096139269
937095933779
937096719561
937096514071
937093023363
937098411196
937093603655
937095554670
937095483976
937092883070
937095253840
937093463362
937097374980
937096588987
937097082251
937097664196
937096434583
937096326682
937096596455
937097427147
937098132922
937095181153
937095260042
937095546844
937095840334
937097214718
937097667814
937096092568
937097811628
937097749735
937097074425
937097017819
937094155511
937097545591
937097843306
937097249826
937097446110
937096919161
937098242529
937095363926
937095971260
937097721008
937096794183
937096324265
937095761287
937094158455
937096341579
937094738747
937096884564
937097461795
937098250107
937095176688
937095534155
937096045530
937098784445
937094197832
937097485320
937096442631
937094995733
937096822229
937095576025
937097307880
937094392036
937097888172
937094972328
937097651306
937097224061
937094251743
937096462891
937094832035
937096353169
937096499909
937096933461
937096374781
937096002481
937096955073
937096582773
937095395925
937097766695
937095976217
937092485509
937097198710
937093065801
937097135517
937097044306
937093863702
937095114903
937093835043
937096629501
937096051133
937097154250
937097909142
937096506582
937095788828
937096129592
937097288210
937097595068
937094643299
937094722188
937094554839
937095302480
937096676864
937097129960
937095527128
937097273774
937096107420
937096852265
937096479965
937097089277
937097007737
937097277866
937096638321
937096908256
937096381307
937097704675
937094826072
937098284967
937098203093
937096631873
937095786411
937097317243
937093620601
937097121558
937094200893
937095016139
937097322858
937096142702
937096102891
937094996301
937097367071
937096664175
937098151993
937096645827
937097556778
937094457879
937096284375
937095038171
937096079576
937093854182
937096257033
937094434474
937097521750
937096686207
937095232375
937096483576
937091320331
937096214232
937095962055
937096794524
937097805169
937098401663
937094430379
937096954454
937095010671
937097365779
937096260339
937094856267
937095923512
937096668357
937096597663
937096905369
937093325848
937094577049
937097841599
937096066876
937097848638
937095511686
937097067694
937094889194
937097578735
937097739683
937096750356
937096294840
937096802277
937094389285
937094016985
937096814320
937097155084
937097409470
937094989274
937096961489
937095569566
937096384812
937098269435
937096551423
937097112312
937096740012
937096100467
937097320304
937096133456
937096477613
937096713748
937097057905
937097665239
937096094019
937095647474
937098018244
937094999806
937095852434
937094598740
937094478285
937096785004
937095396641
937096647842
937095976933
937097228134
937096126321
937096041631
937096107973
937095799052
937094439742
937096379344
937098157075
937095541722
937096224940
937095719179
937096087778
937097613435
937096668070
937094694521
937095360767
937090782477
937095676378
937096870062
937096256670
937097450354
937098068760
937093892525
937096630412
937094472817
937096827925
937095722485
937097408217
937095385658
937096544964
937096739815
937096367515
937097046923
937094948730
937097508696
937095529022
937098267937
937094973832
937096326923
937094351340
937097150696
937097600746
937094228736
937095756986
937096264423
937096337278
937096416167
937096675383
937096945156
937096871616
937096153862
937096494626
937097490880
937095846958
937097841833
937097532055
937098422125
937096727115
937098160329
937097494994
937095609529
937095249913
937098635062
937096520051
937097765504
937096460254
937095109620
937097480390
937094461952
937095314580
937096319961
937097255681
937097256389
937094858787
937096109988
937095439079
937096690280
937097625343
937095503777
937097486592
937095261198
937093901888
937095841490
937096881970
937097876481
937096823347
937096709890
937095549924
937097290182
937096130216
937094682023
937092434018
937097149872
937093014310
937096332208
937096628351
