0
293384072123
293382046204
293384376023
293384469830
293383520294
293383073534
293382434832
293383479416
293383133563
293381805719
293384865147
293384418387
293384391064
293383501195
293384545779
293384039852
293384787898
293384472122
293384309642
293385354226
293382984829
293383466554
293382282930
293383863425
293383854651
293383366052
293382520352
293382726800
293383064054
293384475902
293383460925
293383667373
293383132829
293382411607
293385674935
293384532993
293381249712
293384527288
293383843263
293383583890
293383477970
293385267602
293383630681
293382316075
293384733177
293384286417
293383602778
293383185897
293382069731
293383990875
293383840200
293382950331
293382863024
293383116280
293384274730
293385335728
293381742853
293383731455
293383644148
293384391301
293382713780
293385332903
293384835166
293384317411
293383971281
293383411931
293383115552
293382668792
293382562872
293383607456
293383800559
293381400977
293383322121
293383046771
293385498498
293384414399
293382331707
293384549994
293383252504
293384039768
293383062701
293385712178
293384510005
293384501231
293384033628
293383866790
293385003079
293384653277
293384206517
293384330509
293383548155
293383988640
293383882720
293383092327
293382645567
293382865045
293384329279
293383777334
293381377752
293382606971
293383651555
293385768340
293385003146
293383626865
293384465851
293380102003
293383832477
293385342370
293383198036
293384486780
293384693228
293383586133
293383435458
293384128766
293384466733
293384316058
293382423573
293381976813
293383965415
293384184893
293384144696
293384928535
293383913558
293384085962
293385115623
293386003576
293382583746
293385090933
293384598677
293381421851
293384481279
293384034519
293383928599
293384973183
293382917379
293383174811
293384404030
293383571682
293383778130
293385699274
293383697434
293383296661
293381899062
293384579103
293384638007
293385629657
293385233406
293384446869
293385170415
293381914992
293384422179
293385478937
293385572244
293382885919
293383773872
293384617503
293384170743
293384064823
293384011294
293385339187
293385024020
293382894154
293384951867
293383972698
293385017282
293383754905
293383218910
293384992592
293385541719
293383853754
293386770242
293384614782
293382479156
293385625156
293385368741
293384466231
293384255317
293385494493
293385093720
293385812611
293384279235
293385384671
293384594278
293384147518
293384353966
293384214002
293383712051
293385485733
293384108922
293385153506
293383949473
293386115079
293382938253
293385113836
293385432164
293385343388
293383799004
293383450968
293384691213
293383834498
293385088084
293385294532
293385143857
293384232092
293384813063
293386170876
293384766047
293385467366
293384828664
293384276215
293383164287
293382221015
293385621957
293385606977
293386000947
293384085697
293384292145
293386076294
293383361777
293384406236
293385263072
293384770816
293384619278
293385210996
293386407932
293385905981
293385874485
293385280081
293385271307
293384735312
293385136977
293385423980
293385028156
293385596063
293384484135
293383540863
293382357239
293385952433
293385485449
293385831958
293384785456
293385977722
293384681625
293384594318
293384542460
293385702102
293384058056
293383491138
293384018074
293384596053
293384414945
293384748764
293385820182
293384223807
293384977276
293384768860
293385027422
293385113752
293385948203
293384836284
293383677087
293383981107
293384025893
293386093785
293384195679
293385757268
293385956438
293384762231
293382686789
293385062624
293385377904
293384194280
293383627362
293384154298
293383467913
293385451781
293385406697
293383680955
293384725539
293384319694
293384905084
293385231870
293384745635
293384366074
293383890595
293385300955
293386393112
293386108445
293384764693
293383469886
293386020866
293385674736
293384006637
293386377400
293384187443
293385010123
293382267740
293383995548
293385057265
293383604137
293383525241
293385000803
293382880217
293386389609
293382393154
293384377234
293384137718
293384881859
293385210443
293384026819
293384342849
293385264972
293384542985
293384789734
293383606110
293384807943
293384937923
293383067100
293385155462
293383450630
293383587588
293384672473
293382363627
293384915958
293383621151
293385927680
293384200065
293383502016
293385169516
293382529378
293384513458
293385325440
293385238089
293384064799
293385792607
293385560007
293384421333
293385322300
293384925958
293383943771
293385095744
293384190213
293386174293
293384587084
293383586854
293385992321
293384736413
293380437087
293384940999
293383249120
293384892733
293383597926
293386196895
293385391512
293383601895
293382586918
293381973371
293383616984
293383546115
293384160686
293384790660
293383199395
293386390026
293383039734
293384079995
293384733670
293383723987
293384294941
293383848181
293385491794
293384563859
293386247586
293380573311
293383839939
293384872988
293384917774
293383734150
293384780512
293384971837
293383738119
293383293219
293383578670
293383182846
293385103990
293382234146
293384519243
293382631017
293384359582
293382302921
293382439879
293385043835
293382124636
293383243494
293383697380
293385366129
293383052356
293386404333
293384952587
293383976163
293384309857
293383786360
293385330024
293385223784
293384330078
293384106305
293385168022
293381083667
293383319070
293384952581
293382370370
293385636998
293383865578
293383622769
293382439145
293385844066
293383444484
293381883872
293385090278
293382101411
293383220269
293383141373
293385822845
293384918700
293382950235
293384760715
293384099980
293383961677
293383890808
293383758682
293382474384
293382403515
293385095079
293384115910
293385267883
293380168569
293385039717
293381939038
293383758993
293384553346
293384908552
293383203720
293382020096
293382551515
293382880726
293384382624
293383277597
293384956680
293383118148
293382759057
293382145510
293383829237
293382035137
293383499371
293383680931
293380547844
293383490363
293384609221
293384252134
293381488417
293384418083
293383696861
293380145344
293384649256
293384861224
293384954362
293383339944
293384271443
293384200574
293384668314
293383373507
293382449394
293381965628
293383254372
293383348179
293385293305
293382203050
293382171361
293383635595
293382011912
293380684068
293383626587
293384745445
293382952485
293384585996
293383696127
293381465192
293383942569
293384077860
293383832196
293385090586
293384911232
293382344903
293380189443
293382741774
293383769242
293382585618
293383350282
293384780684
293381534296
293381255806
293382339274
293384819751
293383331760
293382148136
293382064253
293383385823
293384589261
293383405637
293384722220
293382056011
293385145238
293383998300
293384000109
293383234915
293384279499
293383808971
293382481127
293382064246
293383976335
293382681528
293382718549
293383004819
293382854144
293381670520
293383659122
293381511071
293383331026
293380340708
293384856346
293381986502
293384538833
293383481710
293383713515
293384739234
293382192235
293383331355
293383052865
293384136333
293383449736
293383230853
293383211690
293383384094
293382200470
293382049795
293384152263
293383930087
293383824167
293382990368
293382981594
293382662272
293381647295
293384883569
293383921098
293385224501
293380317483
293385773394
293381555170
293384515608
293384169478
293383610128
293383467579
293383978340
293383308130
293382621533
293382137767
293383426511
293383207628
293383513863
293382375189
293384681718
293384234958
293383255789
293383957798
293383511038
293382967143
293384842070
293385027912
293382243223
293384662619
293383212674
293383846854
293381691394
293385421868
293384234951
293383746352
293384370546
293384431454
293383444354
293382757757
293383063242
293384047673
293381706435
293383888224
293382511413
293384913293
293385966537
293381787493
293383251727
293383557962
293380300200
293383242719
293385502060
293384815463
293384532522
293384170439
293383449217
293383566197
293384109063
293383477499
293384706718
293382621770
293382175010
293384178674
293383457452
293383306777
293382201750
293381842659
293383325218
293381683210
293380793341
293383107341
293384582719
293384076792
293381764268
293384562567
293384232716
293384126796
293383021769
293383115576
293384217536
293383902369
293384276976
293383402992
293382851047
293383895631
293383639078
293382097259
293384483545
293383592467
293383443001
293383600482
293383493131
293385246276
293381286652
293384620376
293384725857
293381095514
293383084116
293383972069
293384053567
293382353015
293384263020
293383998809
293383639718
293383608222
293383092351
293382590400
293383877140
293382987271
293383379767
293382827822
293384617454
293381816602
293381665927
293382824377
293384129937
293383683177
293382606500
293385683817
293384814944
293381263427
293384834758
293383384813
293384138172
293383672863
293383540737
293383644396
293382329790
293384565193
293384481310
293383083711
293383584997
293383138237
293382159068
293384147670
293382964046
293383136450
293383099641
293381802151
293385532625
293386226028
293384070568
293384481303
293385583263
293382583275
293384784330
293384768719
293384624881
293385011260
293383613661
293383462986
293383649638
293384959403
293384746731
293383362484
293381414692
293383629591
293383060486
293382295292
293384283894
293383663805
293384449843
293383266219
293383182336
293383076416
293385628747
293384523720
293384617527
293385382056
293384458078
293383956127
293384904943
293384352998
293384745494
293383855625
293383599210
293383182329
293385329715
293384826552
293382734540
293384043080
293384380334
293383615140
293383931764
293383665270
293384635617
293381458791
293383640580
293385057139
293385761966
293385010123
293384831598
293383211751
293384794250
293384594302
293384092351
293385540080
293383780361
293383333601
293384329773
293384502177
293383318553
293385666597
293385270346
293385476794
293384179304
293384546426
293382996516
293386166379
293383059133
293382971826
293384960428
293384612392
293381435566
293385166040
293385146347
293384125496
293384878886
293384520267
293385412199
293384552896
293383879152
293383791845
293383255850
293383757136
293383310376
293384925701
293384838394
293384786536
293385643372
293385524831
293385453569
293385392074
293384523201
293384291674
293385130660
293385932240
293385780702
293385115612
293384924973
293384478213
293385408456
293384250942
293384656491
293383210398
293385131542
293384856192
293384768885
293384181325
293384141128
293383232625
293385006307
293384882446
293383835944
293386634593
293385661055
293383871438
293385843049
293385676211
293385148757
293384476976
293385554195
293385107435
293384563770
293384492901
293385475946
293384901748
293384454988
293384674466
293383739853
293383293093
293383187173
293384575535
293385167221
293385373669
293386157508
293384443301
293385018670
293381911424
293385357103
293383812719
293384239624
293386296201
293383848213
293385395554
293385244879
293385157572
293384233659
293384699994
293384232994
293383786234
293384521075
293383577803
293385203921
293384757161
293386650649
293385895383
293385211468
293385527498
293384718565
293385763149
293386289960
293383231272
293383143965
293385493327
293384251749
293382607703
293384726800
293384060611
293385857122
293384444141
293385293796
293385318112
293382773454
293383892312
293383708483
293386573319
293383714027
293384497850
293383385931
293385645272
293384958675
293385170034
293385696970
293385188243
293384631024
293384695340
293385414844
293385782511
293385374862
293383927551
293382743927
293384228524
293384809495
293384703575
293384580365
293385833897
293384093302
293385564326
293384782575
293384941024
293385678417
293385337895
293384404762
293383690802
293384288577
293386530198
293382966882
293384402668
293384043577
293384570513
293384224383
293385551068
293385918319
293384908636
293383559770
293380817387
293385321299
293385579861
293385956976
293385420412
293385024588
293381429864
293385933776
293383537295
293384747674
293385814641
293384379789
293384540986
293384763319
293384826674
293384286730
293384590750
293384538892
293384411763
293385277187
293383487570
293383624528
293384201158
293383296432
293382137235
293384885411
293386085636
293384237005
293384030436
293385556636
293382749712
293385692231
293385001363
293383673519
293385383607
293384022325
293385224158
293382614446
293384899543
293384109654
293384739882
293384634802
293384423888
293382779842
293384807418
293383623794
293385521006
293383464345
293383432656
293386205259
293383286060
293384929673
293384316126
293384166660
293384213780
293384134884
293384929510
293385137587
293382647591
293385339155
293385093491
293383659033
293385490362
293385267729
293384134695
293384003069
293384939673
293384546771
293382916066
293384215753
293382795591
293384784193
293383600569
293385473254
293384605908
293384909928
293384954714
293382389586
293385525601
293384666932
293384271108
293383330159
293383615610
293382783815
293383139021
293384496210
293381732493
293383653637
293383635808
293384264396
293385383254
293384440705
293383731909
293380989526
293384115439
293382360059
293384920417
293384841521
293385196727
293381602003
293384650383
293383709434
293382525810
293385260724
293384367018
293383879671
293384681629
293382879725
293383306934
293384950547
293383196561
293381868717
293384226627
293381709268
293384186645
293384373297
293385167200
293385334662
293385057550
293383679907
293380433519
293384163993
293386076082
293383529552
293384818296
293385024760
293383845658
293381182954
293383735285
293384151700
293382511324
293382440455
293382308329
293385181737
293384347762
293383332785
293383399062
293384362851
293381845492
293384173048
293383636484
293383240660
293385676730
293383458199
293381753367
293380569743
293384300217
293384149542
293383665776
293383248895
293383506327
293382819730
293381636106
293384762019
293383831172
293380584784
293382891313
293382230578
293382417230
293383725786
293384356014
293384324537
293382436311
293382967730
293382246508
293383772708
293383376884
293383410871
293383048788
293381889591
293384396127
293384245452
293384306289
293383782792
293383385119
293383234444
293382955954
293385114736
293383842952
293381904632
293380721008
293383550426
293380561559
293385045634
293383862010
293385657602
293381502132
293384914609
293382532198
293382382732
293385013660
293382548681
293382381843
293383353659
293383764394
293383806182
293384381676
293384611160
293384051810
293384233370
293383887240
293383361894
293383211219
293382399947
293382040856
293384112342
293381881407
293380697783
293383823696
293381935470
293385506801
293385182178
293384861777
293380605658
293384336132
293382547947
293382684905
293382518067
293384771552
293382358618
293383942406
293382755489
293383614310
293382893088
293382927228
293382480468
293384179791
293383367966
293383504924
293385138435
293384248566
293381484849
293383405993
293383255318
293381293711
293383910832
293382263162
293384950794
293380741882
293383867795
293384197006
293383837915
293383421034
293383359659
293382086735
293384075337
293383732529
293383919181
293383351417
293383063452
293382402717
293381977990
293383022574
293383748459
293385568414
293382948917
293384912822
293384550739
293381461624
293384360936
293383583010
293384724287
293384015280
293385121158
293384674398
293382527987
293383916349
293383557258
293383281908
293383397809
293383336434
293382063510
293381252238
293383487641
293384019060
293382538941
293382507445
293382060685
293381954765
293384268765
293385156718
293380792870
293384925100
293383573808
293383127048
293383783292
293384860511
293383623843
293383775049
293384819633
293385097933
293384564416
293383901898
293381612889
293383001251
293382850576
293382493489
293382810113
293382659438
293384761906
293380337140
293383380533
293382107609
293385713408
293384569462
293382256938
293384876061
293384530741
293382720086
293381998864
293384551195
293382658710
293382211950
293384304504
293383380526
293383343717
293383065227
293384148695
293382589929
293384063477
293382986800
293381874865
293382827351
293382795662
293381656988
293383765113
293383865432
293380313915
293384044389
293383576786
293383409948
293384546237
293384647635
293384290548
293383873667
293383932571
293382301037
293382134199
293382635485
293382188725
293383479941
293383426412
293383320492
293383367400
293382150129
293383194713
293383795923
293382963575
293383121056
293384009009
293379645161
293381633763
293384576282
293384246431
293384029938
293385259157
293383129291
293382978616
293383671924
293384009891
293383859216
293382754189
293383909346
293383508573
293381702867
293384009396
293383562636
293383456716
293383629120
293382679584
293382232824
293382126904
293384634091
293383364591
293380965009
293384024437
293383577677
293384314522
293384382655
293385117551
293384430954
293383947188
293383114840
293384503202
293384760634
293383240592
293383855154
293381442220
293383022715
293381839091
293384882484
293381679642
293385093188
293384926350
293384052644
293382620215
293385022095
293385656275
293382429077
293385048200
293384160661
293383499926
293383686578
293383554452
293385253775
293383399424
293384476643
293384029883
293383515856
293384560440
293383376816
293382762068
293384486783
293383158939
293383150165
293382999490
293381815866
293382022314
293385898999
293384911899
293384495018
293384900567
293385037651
293385375618
293384970449
293384819774
293383636150
293384137436
293383476701
293384719272
293385964479
293384080020
293383376199
293383652080
293383598551
293383492631
293385999818
293382481411
293384656994
293384975322
293383135714
293383342162
293385196483
293382411794
293384831190
293383381245
293386026957
293383669295
293385590439
293385212413
293384955998
293384539117
293384477742
293383612925
293383819373
293382707445
293384216244
293385243712
293384056795
293383734775
293383096073
293384140657
293384997368
293382904935
293384893537
293384806230
293385816473
293384162436
293385207020
293384701093
293385449139
293385007692
293384901772
293384960676
293383646070
293384680135
293384675341
293384932773
293384515892
293383626023
293383475348
293383388041
293385178304
293384193019
293384415921
293384328614
293385520880
293383072848
293386336176
293385194234
293385245260
293384969111
293384504504
293383757967
293384139211
293383958103
293384291922
293384893132
293385394418
293384885823
293384701994
293384570580
293382730972
293384652116
293384858564
293383611572
293383524265
293385512867
293385879989
293384939584
293384788947
293384392696
293384305389
293385052542
293384605782
293385994144
293385105335
293385222035
293385185100
293385277951
293383776793
293383330033
293383224113
293384268697
293384869907
293384183310
293384775028
293385473226
293384547355
293385075640
293382992948
293385936270
293385651603
293384307851
293383013044
293385760759
293386267499
293385162472
293385920558
293384528031
293386225853
293385314518
293384867758
293384991750
293385096641
293384649881
293384543961
293383753568
293383306808
293384530806
293385741185
293385474691
293385867203
293383268212
293384312796
293385820185
293385274369
293384288106
293384332892
293383149268
293385045340
293384481081
293382610258
293385729593
293382993788
293384247374
293385657817
293384790007
293385127974
293385108125
293386104910
293384810103
293384626656
293385206974
293384667030
293385909542
293384667964
293384781247
293385015813
293385819451
293383244987
293383964491
293385259918
293384469116
293385550627
293384638902
293383930106
293384489333
293384130242
293383130012
293385065271
293385566557
293384439371
293385309637
293384742719
293385604458
293384946327
293385370101
293386278140
293384407317
293385183749
293381516529
293383160142
293383089273
293387539625
293384333818
293384100715
293385585312
293383772619
293383701750
293385394174
293384985491
293384625557
293384594080
293386130721
293383574235
293385903439
293384979472
293383383097
293384416146
293385645365
293384719494
293384323670
293384514995
293386286392
293382836377
293383140397
293383185183
293384780963
293385127472
293384916558
293382174175
293385092467
293381846079
293384940476
293385335014
293383353570
293382786652
293383313588
293384894083
293383710459
293385947491
293383551010
293383519321
293384638179
293384064374
293385498809
293384776822
293385895680
293384300445
293384460245
293384112209
293383321407
293383923983
293383491193
293385180156
293386213205
293383165927
293381982303
293385387224
293384089734
293381427030
293384633436
293384937456
293382763427
293382684531
293384702211
293383687234
293383971234
293385528442
293383643138
293385829626
293384040009
293384417124
293383186109
293385432057
293385966262
293383702275
293384060207
293382765400
293384582875
293384629995
293383302151
293385345725
293385523448
293382746878
293381563254
293385715624
293384075248
293384004379
293382820755
293384640210
293382661306
293384896709
293381688668
293383672748
293384631968
293384408195
293383224089
293384016784
293383620960
293384152379
293383838499
293382133667
293385076186
293384797696
293384233437
293384687323
293383746374
293382746144
293382883102
293384983168
293383852553
293384211472
293382916665
293384008477
293383812507
293382797530
293384856920
293384992596
293381746208
293384620954
293382776274
293382626808
293384940808
293384855521
293383716847
293383597735
293384129154
293383239285
293385553285
293383485727
293384949043
293383882598
293384651084
293383723149
293385236459
293379732601
293382284932
293385472545
293383930726
293382893440
293385425934
293384131127
293382897409
293381882432
293384096122
293382912498
293382841629
293385649612
293382928981
293381790307
293385520781
293383693622
293381599169
293384951146
293383541458
293383543267
293382856670
293384573333
293383859373
293385543100
293383749000
293383135453
293385004090
293382261707
293383650069
293384392954
293384267351
293383202280
293385077207
293382874184
293380985958
293384111871
293381529660
293384081991
293381926531
293385577199
293381598435
293381735393
293384861306
293384163257
293383679491
293382992894
293382860768
293382833445
293385068848
293384248101
293383587366
293383920005
293383473245
293383396228
293385580676
293383793099
293384369729
293384463536
293382305806
293383464256
293384248095
293382455135
293384199007
293381098328
293382918283
293381903306
293385139580
293384259167
293381179386
293384413811
293384180616
293382783017
293382436887
293384278225
293384207356
293381918347
293384224876
293383395494
293382798947
293383500956
293383054196
293383963310
293383769874
293384657827
293383411424
293385918611
293385027375
293384335231
293381234552
293384303455
293383778109
293385579015
293382499234
293383974612
293383468685
293383827604
293383678138
293383624609
293383518689
293382413662
293382054571
293384535048
293383292258
293381330651
293382794885
293382242940
293379843358
293382785877
293383904735
293384233946
293384735232
293383713597
293382992375
293385544706
293384439679
293384320745
293384249876
293382952386
293384852591
293384991319
293381901064
293383059514
293381744908
293383654913
293383971537
293383031611
293385050081
293381498564
293384284010
293383100386
293381307426
293384105725
293382545113
293385475197
293382564927
293383881510
293383802614
293383445527
293383820134
293383373374
293382394205
293383438789
293384039999
293381640417
293383365132
293382037288
293383064756
293381877839
293383036289
293384789434
293380829810
293382818412
293384926537
293384420234
293382627274
293383611705
293383596725
293382681337
293383884775
293383541967
293385043865
293381351525
293385081999
293383779389
293383295623
293382530429
293382476900
293382370980
293384160612
293381359760
293381209085
293383311553
293382014063
293383226335
293382149658
293385617193
293384358102
293380806585
293385163080
293383080388
293384468788
293384001185
293383834347
293383417466
293383674898
293384034748
293384146751
293382626869
293383915613
293383850277
293383059884
293382613124
293382507204
293382679608
293382673153
293381345309
293383841008
293383394248
293382415079
293384922266
293384357368
293382126433
293384327488
293384273959
293384168039
293385116855
293383156819
293383006144
293380850684
293383403015
293383394241
293382905642
293384011523
293385314345
293382603644
293381917047
293383000515
293383206963
293383993001
293382809377
293381670703
293384072583
293385250502
293382551303
293385058490
293382717252
293385647336
293384807192
293384410183
293383896156
293384476667
293383992273
293383142368
293382725487
293384714089
293383530465
293383379790
293383586238
293383923492
293385397040
293384320363
293383208428
293383992267
293381001949
293383183738
293382647743
293385200074
293385191300
293384374756
293384443328
293382853476
293385028712
293383714106
293384797574
293384110977
293383892094
293383872931
293383061659
293382861711
293384850313
293384348362
293384316866
293383722462
293384089584
293383642835
293383579358
293382602291
293386273098
293384503586
293384936469
293380978724
293385539184
293384542669
293385176849
293384422044
293383227837
293383974990
293383528230
293383422310
293384810672
293382799008
293384087752
293383868869
293384468859
293383036430
293382146561
293383191145
293383917030
293384619039
293384172279
293384066359
293385908036
293385094405
293384529507
293384858718
293384658770
293384468131
293384021371
293385065955
293384896192
293384199649
293384992298
293385092695
293383951765
293383505005
293383724483
293383684286
293382775783
293384549465
293383172654
293383379102
293386219103
293382123336
293383912968
293385325289
293380961441
293384691915
293385230629
293385884811
293385665928
293384979331
293384110458
293383943620
293384444906
293383998146
293384732987
293383283011
293382836251
293385176821
293384118693
293384177597
293386013782
293384772996
293383986459
293384710005
293381454582
293383443184
293383355877
293384738033
293382425509
293385044632
293384893957
293384788037
293383683010
293383776817
293384878777
293384563610
293384938217
293384064233
293383512288
293384556872
293384300319
293382758500
293385438541
293384489005
293384042245
293384261723
293384154372
293385907517
293382774430
293385281617
293385387098
293383794907
293383745357
293384633310
293384714808
293385030181
293384924261
293384870732
293385646434
293385050013
293383435470
293383251641
293384832136
293383648512
293384041008
293383489063
293385771848
293382477843
293384713192
293384429636
293384791178
293383338594
293384238498
293386325899
293385325669
293385114755
293384639276
293385363873
293383771682
293384352653
293386253429
293384305637
293385006956
293385213404
293385186237
293384571489
293386296204
293384968360
293384881053
293384808911
293383625287
293383797691
293385829388
293385797699
293383945826
293384802662
293384310406
293384957268
293386462123
293385947522
293385445571
293384775500
293385091530
293385672501
293384274902
293385625485
293384963570
293384567746
293385135653
293383815781
293383080453
293384290832
293384349736
293385421154
293384945135
293384325046
293384369832
293384221215
293384133908
293384082050
293385774474
293384820345
293383030728
293386125125
293384934043
293385906116
293385682349
293385422346
293385594750
293384516866
293384663596
293385099794
293384703970
293385487793
293384544521
293383216677
293385862771
293383565483
293385802022
293384326511
293385296858
293384506056
293384301821
293384177960
293383967046
293384917494
293384350576
293383166952
293385455491
293383007503
293386101900
293385818573
293385083245
293385775063
293383859284
293383788415
293384771460
293385482351
293384472668
293384680745
293384840545
293384885331
293385143893
293384370758
293385033520
293384588620
293385621669
293383546227
293384482831
293385767524
293384652617
293383758911
293383535138
293384327351
293383143727
293385016412
293384540393
293384453086
293385179132
293381932744
293383051602
293385764105
293385863635
293382873317
293384516930
293385816617
293384804562
293384117965
293384329324
293385401706
293384347533
293385010295
293384926412
293385726025
293385586214
293383127178
293384854986
293381903217
293384463575
293384384679
293384739885
293383739655
293384993187
293383252592
293382068968
293383187826
293386689580
293385543687
293384497185
293385332197
293382850092
293383960923
293384254189
293384465548
293383769785
293383202867
293383729803
293384848661
293384126674
293385154142
293384670376
293383223065
293379976677
293384480589
293384739151
293384876109
293384361454
293384716660
293383388816
293385372896
293384078089
293385974161
293384924237
293383085705
293383700276
293384473960
293384097147
293385929616
293383937698
293383698182
293383339091
293383866027
293383179642
293382783818
293385290366
293384103449
293381296525
293380112901
293384616813
293385044022
293384457364
293384715926
293384320102
293385723597
293383446356
293382832809
293384476422
293383181615
293384643580
293381773736
293384058833
293382170607
293383899172
293384073922
293381979469
293383707277
293384768994
293382783084
293382920042
293384553553
293382591946
293381432749
293384375268
293384045417
293383849447
293383325950
293384969563
293384898694
293385104654
293384296877
293384580877
293384501463
293383317839
293383093584
293381909960
293383490455
293383405168
293383162359
293382147382
293385383656
293382075356
293384102932
293384556818
293385639409
293382759859
293382896817
293384881245
293384835601
293383967666
293384154318
293384022192
293383776528
293383430398
293385063909
293384133062
293381943105
293384634669
293383655500
293383229808
293382812927
293384725016
293381478628
293383298583
293385973766
293384448142
293380148816
293385360431
293382091105
293384079707
293384000811
293385908624
293385904126
293383809673
293382298647
293381685100
293383944441
293383257844
293383038961
293384502389
293382911124
293384513051
293384066291
293383791724
293381028007
293382949151
293382798476
293383559910
293384678768
293384572848
293384493952
293380285040
293383410953
293383740164
293385464879
293384137035
293384492241
293383977586
293383618495
293383004948
293384915348
293382894575
293384358809
293381945875
293384230972
293382342746
293385468659
293384246061
293382492075
293384125586
293383522141
293381004782
293383482159
293385590914
293384779642
293384630176
293384576647
293384217556
293379729033
293383459507
293383308832
293382825066
293384113810
293384320274
293385356969
293380795396
293383030799
293384495033
293382082099
293382050603
293381603843
293384477251
293382319521
293385445434
293384261810
293381595601
293384802007
293384937298
293382931998
293382536174
293384972244
293384712871
293381048881
293383991400
293383661549
293383445056
293383602537
293382544409
293382393734
293382115244
293383198712
293384410984
293385320098
293379880298
293382923691
293381526092
293385032525
293383021300
293385581658
293382915449
293381731825
293382263244
293381542022
293384094353
293382989326
293384668409
293382512949
293382923684
293384244533
293383540966
293383691853
293383211100
293383392660
293382529958
293382521184
293382370509
293383599728
293381200146
293383460688
293382845940
293379857073
293384341148
293381094760
293384666091
293383051673
293384190793
293383912303
293384995771
293383475729
293381844195
293381677357
293382966101
293383059908
293383101696
293381914779
293384221308
293383347324
293382795379
293383841032
293383339081
293382506733
293382664214
293384297725
293383407856
293381176921
293382565283
293382414608
293381230984
293384802315
293384670189
293384327017
293379901172
293383631646
293383480971
293382297347
293383452504
293384067066
293381246025
293383234627
293382051003
293383078471
293384115227
293382222742
293381775982
293383097552
293384825360
293382907749
293384433949
293383712727
293384072112
293383710029
293382550832
293385057368
293385094389
293384592438
293384246308
293384046360
293383833688
293383617195
293384772352
293382716548
293382565873
293381382249
293383370851
293381222800
293385579295
293382646931
293384111165
293381698231
293383471913
293383193439
293383043973
293385249563
293385456018
293383043084
293384014900
293383848062
293384875530
293382942582
293384019801
293383573041
293384416672
293383969912
293383863992
293383810463
293383061188
293382702097
293382693323
293382542648
293381359024
293384595298
293383632827
293384936230
293382623706
293383608137
293381266899
293384997373
293383881207
293384362932
293383179308
293384761807
293383019859
293384262430
293383416730
293383623178
293382919357
293383588469
293383141709
293384393447
293383946687
293383307985
293383669527
293383222767
293382146090
293384067234
293384354534
293381954952
293384374348
293382924403
293384913005
293381403123
293385133597
293384858247
293384499156
293384082275
293384020900
293383156083
293384736578
293383846709
293383759402
293383687260
293383599953
293382676040
293382639231
293383683815
293384540526
293382963456
293383610158
293385421126
293385359631
293382122865
293385420237
293384244251
293384457043
293383160946
293385782399
293384503834
293383189228
293384418447
293384218499
293383943149
293384059050
293383169181
293383018506
293381913479
293383823484
293383736177
293383200182
293383168686
293382721926
293382616006
293384930006
293383644052
293385899457
293385549655
293384235049
293383788289
293384444533
293385397012
293384285084
293383988705
293383541945
293385759174
293384760515
293384422545
293382274130
293383662492
293383919924
293383154730
293383471354
293383204860
293384958005
293380998381
293384041774
293383935854
293385301556
293385324660
293383780276
293385537302
293384966240
293384815565
293382660105
293385079670
293383319951
293382873191
293384861793
293384041767
293384413065
293383726468
293384809936
293384329183
293384724718
293384618798
293382536106
293384524708
293385495055
293382318229
293384500018
293384526673
293380975156
293384705630
293385691036
293384071189
293385459551
293384059857
293384951789
293384534908
293384593812
293384193039
293382795440
293383296726
293382849966
293385024348
293385123769
293385017849
293384465407
293382811370
293383855954
293384457164
293386090711
293383782297
293384670250
293384134612
293382295004
293385354432
293384907672
293386235565
293385738324
293383790532
293384196081
293384333165
293384671132
293384651283
293384115288
293384570587
293384169814
293382772215
293385452256
293385388779
293383375534
293386384269
293383340825
293382894065
293382788145
293385295332
293385990098
293386062649
293385093785
293384647025
293384975763
293384032491
293385250344
293385110380
293384608429
293385653013
293385678290
293386049884
293384845851
293385764971
293383834631
293384092063
293385865745
293385741884
293384695382
293384347346
293385587591
293383352309
293387082783
293386468191
293385339384
293385128470
293385709441
293385966873
293385423208
293385152388
293384168715
293385172593
293384060665
293383117393
293384691124
293384585204
293386358886
293384045113
293385188523
293386233107
293384258155
293383811406
293385829550
293382770862
293382683555
293384672157
293384324121
293386035283
293384707651
293384771006
293385804192
293384940792
293384231996
293385559432
293384264625
293383431902
293385380513
293384437241
293383253617
293384037440
293383094168
293385795880
293384181337
293385717978
293385236560
293385165298
293385064807
293384234930
293384003403
293385857724
293384914452
293383467141
293385586238
293384920049
293385842172
293385120185
293385077016
293384368220
293383632892
293384751750
293384567921
293384480614
293384573465
293384877485
293384245369
293383230392
293385092057
293386977755
293386556408
293385372784
293383583167
293383138267
293385228961
293385090658
293385534442
293384931209
293383603365
293382308558
293384204630
293385244891
293385621917
293384888883
293385096960
293385013077
293385642013
293385800462
293384287264
293386197333
293385264200
293384550240
293384854260
293384366264
293383826320
293385068832
293384175126
293383951353
293383274491
293383559942
293383164118
293384891926
293384419208
293381676825
293384619344
293384340854
293383776595
293386034790
293383289532
293382289302
293384935326
293385778237
293385607112
293384923197
293385239227
293384763748
293384105617
293385686112
293384502488
293385450188
293384343039
293383963478
293382319432
293382248563
293384483966
293384900381
293383260005
293383140893
293384868701
293385761771
293383604041
293384398394
293383784847
293383425756
293385478783
293383266307
293385357001
293384961177
293384881763
293385943329
293383473884
293385119767
293384969092
293383674285
293385494240
293384479263
293383639280
293382455656
293382384787
293385651415
293384323783
293381333465
293385545626
293383236780
293385789111
293384494304
293385026098
293385073218
293383184992
293384116491
293382869749
293384513362
293384442493
293382678611
293383797469
293384251355
293383193227
293383936112
293383810509
293384922844
293384620365
293383271499
293380529116
293383655029
293385460237
293384460007
293381469689
293384736317
293381141593
293385814152
293383249024
293384407474
293385526370
293385130546
293384189597
293384181846
293384538403
293382846524
293383130524
293384250621
293384513075
293384988916
293383199299
293383336257
293383912887
293384591347
293381848964
293384597140
293383219497
293383948734
293383742165
293384861023
293382461441
293381446464
293384682738
293383385248
293380722544
293385226456
293384739109
293382326175
293381980045
293383821383
293383750514
293383266748
293384995059
293382938652
293384519147
293383335523
293383712638
293383176074
293382780250
293385286798
293382997789
293381292957
293384235476
293383878389
293383925509
293383846613
293384641239
293384849316
293382042392
293384659513
293383011843
293383370762
293383299893
293383167767
293383846424
293381956820
293384192223
293384258500
293382835416
293383927482
293382507320
293381786098
293383312298
293382916474
293383447893
293382757025
293381429181
293384371700
293385514861
293384014526
293383982837
293383041888
293383823388
293382495544
293384395749
293384577309
293381444222
293383365366
293383090016
293383276668
293384585224
293384152434
293384593239
293381041722
293383827168
293382071788
293381922322
293384236322
293382088271
293383908226
293382893249
293383424668
293383345772
293385165727
293384150750
293383591400
293384393358
293383946598
293383018663
293384531973
293382908290
293381580446
293384554084
293381420997
293382809359
293384721448
293383426641
293382361570
293384675934
293383391636
293380145248
293383558794
293383408119
293382224495
293381085821
293384736489
293384665620
293380894683
293384246660
293383322547
293382838781
293382152184
293382020058
293383719381
293384228138
293383044514
293382960631
293383956803
293381557221
293382945583
293382794908
293382952389
293385258918
293384569280
293381465096
293380281472
293383407385
293383544343
293383377505
293382960624
293383218056
293381062596
293383614927
293384473748
293383458771
293383786666
293382603042
293381942307
293382128959
293383437515
293383288049
293382882880
293383384166
293382937406
293381958237
293384465424
293383088613
293383122600
293382929164
293381601320
293384543839
293384213988
293384108068
293383494521
293380393842
293382946173
293382937399
293384591967
293383554681
293385250734
293383876903
293383262155
293382078531
293384757363
293383573739
293383502870
293381213861
293384626338
293382451548
293382094461
293384354863
293382260410
293385583725
293383065388
293383953341
293383517911
293385234574
293384322889
293384104006
293384410241
293383598969
293383073623
293382922948
293382111676
293384803240
293384407416
293383398379
293382981498
293382920123
293381647199
293385060745
293382190901
293384743232
293382587772
293384070331
293382259676
293381538454
293385268928
293384483281
293384340732
293383654135
293383522009
293383494686
293382604817
293384784602
293383207532
293383891520
293383575744
293383413264
293384148105
293384128942
293381196578
293383117722
293382967047
293384125497
293385428900
293383116376
293384345595
293384085827
293383579524
293382564547
293382770995
293383518148
293381840627
293384778557
293384353830
293383444258
293383098128
293385008133
293384221596
293382579588
293381689719
293382734303
293383335513
293384162197
293382660646
293384124880
293384431115
293381173353
293384072665
293384401876
293385113914
293384798747
293385043592
293384322370
293384439350
293383628078
293383160475
293382993637
293383494923
293383048163
293384339379
293384285850
293384179930
293383074903
293382715812
293382219174
293381772414
293381666494
293383456126
293382904181
293380504599
293384636829
293384773787
293384895187
293385396473
293384949713
293383653616
293383486778
293384531362
293384869329
293384276145
293383613627
293384768784
293382712980
293382562305
293383720755
293384422074
293384316154
293384473635
293383539022
293383092262
293382159805
293384374704
293384224029
293381968667
293384587790
293384242470
293385173960
293381710593
293384217780
293384871962
293384106768
293384016233
293383569473
293383055446
293384100030
293383860424
293382301658
293384026373
293382698529
293382689755
293382539080
293383697530
293385003090
293384556330
293383479653
293385881533
293385519450
293383288515
293384272946
293384257966
293384359364
293384546016
293384413890
293385189592
293382012766
293385336081
293384525969
293383956864
293383191670
293383138141
293383032221
293385315006
293382021001
293384009603
293383507652
293382675304
293382881752
293385824271
293386278434
293385354456
293384852505
293385824321
293383741629
293385130029
293384752003
293384495588
293384078707
293384336139
293385494589
293384807992
293384939458
293384235637
293384511518
293383721125
293383274365
293383168445
293383340849
293384536958
293385834760
293384433127
293384055489
293383076320
293385583507
293385690628
293384240683
293384988729
293384935200
293384829280
293385778096
293383818060
293384834698
293384214931
293384472363
293384055482
293383358939
293385075682
293385975586
293383892894
293384594213
293383955511
293383868204
293385856806
293383764373
293382331944
293384733824
293385930292
293383212544
293385627559
293385416645
293385540744
293385449274
293384389919
293384965504
293385137908
293384425413
293384206754
293385515294
293385375330
293384191706
293384398154
293384247479
293386037742
293384550827
293385419579
293383869669
293386058318
293383932286
293383844979
293386011990
293384612296
293385629219
293385155998
293385104569
293384998649
293383908823
293385224773
293385361731
293385426049
293385318221
293385037506
293383722900
293384314618
293385511554
293385009603
293384978107
293384383703
293386879402
293384687051
293384240599
293385075050
293384131778
293385164827
293385597710
293385460148
293385389279
293385765443
293385798126
293385083285
293383889078
293384636231
293384189471
293384083551
293385471913
293384805724
293385042748
293382594760
293385014281
293385406793
293382807802
293383852386
293384709097
293385136002
293385560447
293383872482
293384131044
293384268002
293385703788
293385519959
293385269183
293385129372
293384682612
293385197407
293385851188
293384860890
293385653539
293386037658
293384239874
293384166246
293386506816
293384345527
293382730984
293385997612
293384127650
293384040343
293385891823
293382784577
293383504081
293385336550
293384008706
293385904778
293385340519
293383469696
293384391819
293383669832
293384788690
293384604861
293383934790
293384597552
293385394228
293384282309
293385669541
293385481022
293385331556
293385665375
293386084621
293385527402
293385591718
293384651313
293382628863
293384104425
293384017118
293383640305
293385124902
293383480856
293383241340
293384933764
293385348771
293384528043
293385380649
293385156876
293383646607
293384765465
293384581636
293385301140
293384041545
293385184955
293384259084
293383863260
293384703486
293385436004
293382375967
293384019580
293382724773
293385731849
293386119350
293384456148
293381713765
293384632057
293383617080
293386129408
293385605601
293385484995
293382326242
293385516873
293383524955
293384425922
293384977863
293384242535
293385361393
293384177769
293385277915
293383690706
293385161730
293385435270
293383840035
293383999835
293384044621
293382860997
293385097536
293384192810
293383033613
293385781789
293382705517
293381690540
293384926814
293384213008
293383646090
293384173026
293385816639
293382303017
293386806929
293384410448
293384378759
293383510824
293385348210
293384492976
293384727542
293385531180
293384607067
293383676220
293384971647
293384180845
293386150340
293384350631
293384329034
293383884134
293384169585
293382841741
293384885315
293385063038
293382286468
293384903589
293384950497
293383622865
293381734639
293385465113
293384546672
293384830672
293384895478
293381228258
293382347116
293382801002
293384982807
293384045547
293383812444
293384056209
293383609449
293383413479
293383624838
293384697220
293384337286
293384305809
293384221926
293383285964
293385592493
293382422692
293385039813
293383392143
293385008037
293383680193
293384035399
293383520744
293384947688
293382548106
293384532186
293384221919
293385267633
293384083527
293382244995
293381885904
293384896813
293383256437
293385088906
293383668744
293383065299
293382498381
293383025317
293384144175
293383422188
293384449656
293383262739
293384711991
293379272191
293383776103
293384203312
293385421897
293383656968
293384012174
293385123005
293382605646
293384358143
293383635712
293383486246
293382381219
293385189202
293384420152
293381329897
293384988592
293383233212
293381138759
293384345165
293386069880
293382475156
293382079332
293383712843
293383398963
293380592039
293383534558
293383204707
293385554782
293383752878
293384128853
293384057984
293385259229
293382741870
293385056234
293383771936
293382477129
293383939094
293381069250
293382649745
293381466121
293384553060
293381306672
293381274983
293384400896
293384064508
293383716108
293382532484
293383849067
293382056107
293384608438
293383787691
293383126956
293383313608
293383181482
293382935818
293384194208
293383332689
293383864108
293383142886
293381845396
293383003846
293382389098
293383945166
293382785969
293380637918
293382457873
293381442896
293384679170
293383564282
293384538929
293383852332
293383720206
293383692883
293382509259
293385061552
293383746946
293381457937
293383764466
293383103731
293382338537
293384598939
293384359423
293383428576
293383279110
293383225581
293382951014
293385265014
293382108441
293381957766
293380774142
293382762744
293384291944
293384948188
293379444330
293384655945
293383008275
293383642455
293383296325
293385137663
293383842856
293382777785
293381594161
293384074638
293382831848
293382553358
293382334475
293382640710
293381502036
293383808565
293383361805
293383255885
293385717666
293383253187
293382093990
293385153418
293384637547
293384135596
293383789466
293383823606
293383376846
293385076169
293384760393
293383361798
293385162704
293383273100
293382914009
293382571201
293384151696
293382190089
293383654323
293381241389
293383015071
293381638260
293384764173
293381478811
293385209285
293383421100
293383558058
293383391220
293384821264
293384628907
293384350417
293384131534
293383872161
293383299095
293383800381
293383353621
293382604346
293385295910
293384316741
293383891049
293383474168
293382358002
293383175985
293383959824
293382166864
293383151295
293380810057
293385823947
293381615035
293384740948
293384662052
293380891115
293384294187
293384232812
293382959888
293382148616
293384605682
293383919085
293383435319
293383403823
293382957063
293382851143
293383212685
293382765925
293381689248
293383610392
293383897692
293384023426
293384702670
293382619978
293384456163
293380946281
293384328039
293384401405
293385547551
293382210963
293383686341
293383180414
293384155061
293383389867
293383336338
293383230418
293382125391
293382219198
293384276911
293383003987
293383380598
293382506614
293381954669
293385055224
293384183382
293381666023
293382895242
293383939826
293384000201
293382704104
293385200882
293384276904
293380390274
293383961605
293383829479
293383486307
293384775051
293384853935
293382771243
293381456637
293383366642
293383683266
293382743340
293382711844
293381210293
293384253686
293382980762
293382090893
293384977473
293382256842
293385186926
293384770045
293383593239
293382872017
293384016257
293383531863
293381710122
293384769550
293384253679
293383751728
293383938380
293383205650
293383463082
293382776485
293383859953
293382748018
293384501163
293380541539
293382530141
293382187333
293384738585
293383410741
293383323434
293383576690
293382393066
293384568302
293382203263
293384755594
293383650567
293384805724
293383174190
293383007352
293384905774
293384389903
293383887952
293383872341
293383575962
293383129202
293383023282
293384067866
293383953399
293381861387
293384043176
293383507181
293380518314
293384874809
293382792117
293385327332
293383712914
293382767427
293384573544
293385435724
293384136970
293384751532
293382338598
293383627342
293383721149
293384567506
293382576020
293384790919
293384008565
293383456620
293384502273
293383552737
293383105977
293383325455
293384633995
293384069097
293381838162
293383226524
293384450830
293385187675
293385281482
293384087275
293383739239
293380562413
293384292887
293384273194
293383658446
293384113745
293384728307
293382315373
293383895868
293382712244
293382918692
293384776468
293382883983
293382437223
293384925797
293385934029
293385895248
293384770219
293384373968
293384580416
293384518921
293383650048
293386270231
293385551343
293385059087
293384272577
293384941689
293384494929
293384389009
293385433593
293383377789
293383635221
293385023583
293384032092
293384238540
293386240536
293382982774
293382895467
293382359472
293384133154
293386070253
293385773720
293385910804
293385701694
293385437499
293384969896
293384509303
293384715751
293383603823
293384681042
293384234282
293384953173
293384631153
293384525233
293384028595
293383581835
293383801313
293383354564
293385447107
293382314020
293385402023
293384215315
293385124555
293383284947
293384269378
293384254398
293385903405
293384483950
293382939566
293385738215
293385423048
293382975060
293384522401
293384371726
293384284419
293383580598
293384739645
293385311438
293385054688
293384607928
293383969226
293384330768
293383884008
293383778088
293385520141
293385400882
293384654345
293384178866
293385589226
293385574246
293386322292
293385803798
293384620174
293383911378
293385151623
293384294908
293384111079
293385754942
293384507950
293384420643
293384348501
293384261194
293383337281
293385685325
293385289074
293384736625
293383624697
293382681425
293384772119
293386001713
293386118413
293385498714
293384315090
293384631120
293383822187
293384831256
293385165075
293385766285
293385079688
293384947562
293383355371
293385443733
293383830422
293383889326
293384960744
293384484725
293384397418
293383909422
293386657137
293384805264
293385662100
293385676941
293382817649
293386654655
293385760949
293385537176
293385634938
293385221939
293386058253
293385073739
293384649946
293384203186
293384518466
293385421756
293384478484
293385056463
293384875355
293385209174
293384547259
293384684217
293383866101
293385229270
293384045646
293384993346
293383886197
293383506636
293385679783
293383890166
293385811310
293385627481
293383905255
293386024352
293385358163
293385864903
293383147199
293385523034
293383328005
293384654690
293385021941
293384012258
293385677625
293385912191
293384424921
293384141365
293385185949
293386156296
293384128210
293385161259
293385037398
293384022421
293384351005
293385354234
293383483411
293385194573
293383866941
293383930296
293385878826
293385663160
293386001127
293384718722
293384647853
293382591192
293382728150
293385332106
293382412907
293384056520
293383985651
293385654400
293383340627
293385892958
293385448058
293384264434
293384598128
293384466002
293385718244
293384487229
293384618349
293384394576
293385003395
293384003165
293384066520
293384279475
293384236306
293383527510
293382792182
293383911040
293382727416
293385132883
293383732755
293384036775
293384081561
293382389682
293384033295
293383793779
293385849080
293384532074
293382742457
293385048986
293384388251
293384249948
293384693732
293384209966
293382762655
293384593984
293386321792
293384404181
293384415699
293385534557
293384256250
293382928406
293384047264
293386553800
293385196823
293385356623
293384576876
293383709530
293384013550
293384058336
293386076534
293384629223
293384062305
293382878681
293382433781
293382719232
293382323408
293384829956
293384226723
293380836115
293383778634
293383500144
293384540405
293385194080
293384184397
293384392474
293384308591
293384937527
293385313502
293384082487
293383945143
293384300349
293385333398
293384956585
293383661778
293384797136
293384364346
293383470640
293383246867
293384039080
293382855456
293382459632
293384093143
293382300183
293380972339
293383914858
293382763331
293383557684
293385575364
293382585046
293384438284
293384230840
293384516291
293384120467
293384041053
293385199503
293382633174
293384279057
293383030045
293385790434
293384933360
293382838907
293384566715
293381614946
293381544077
293383779480
293385412991
293383451384
293382436407
293384420835
293384904855
293382899555
293383693908
293385513363
293382344282
293385043926
293382561821
293383672652
293383523186
293384177277
293384097242
293382769398
293382352517
293384264606
293382969799
293383006820
293384219092
293382934794
293379688406
293385547462
293384619527
293383619297
293380628979
293385448214
293384725706
293384827104
293383789818
293384001786
293384635966
293382480506
293383412005
293383341136
293383808876
293383738007
293383605881
293383409911
293383546869
293382488741
293382338066
293382495547
293384218358
293384112438
293381008254
293379824630
293382950543
293384755751
293385524237
293385284721
293384031831
293380605754
293383158085
293382544538
293384803879
293384117282
293383898399
293381485465
293383770562
293381882336
293382909804
293382426038
293383714782
293383808589
293383802134
293382494813
293382631771
293384265282
293382472322
293381144478
293384086997
293383757146
293383729823
293383037679
293384156537
293384610423
293384285800
293384008606
293384292606
293385538199
293383420061
293382805313
293381621689
293383202184
293383116897
293383046028
293381859111
293384985024
293381994706
293383814661
293382799684
293385201564
293382471588
293382075764
293385436085
293383846233
293380588471
293383530990
293383733921
293385103734
293383142127
293384458710
293384054416
293381654834
293384346398
293383950574
293382941537
293382524656
293382463281
293381190357
293383178959
293384337409
293385121248
293382130930
293383613489
293381802834
293381081612
293383395612
293384870990
293384365063
293382052539
293384850838
293384173925
293383656170
293383310040
293382750690
293384505807
293383118902
293384224780
293383691263
293383139318
293380739736
293382660880
293382385530
293384837257
293383880738
293384284577
293383888753
293382591263
293383122682
293382107705
293385176608
293383848764
293381383785
293383372387
293384260340
293382987416
293382641286
293384551291
293384070538
293382886914
293384286550
293383380622
293382878671
293383996764
293382203804
293383668038
293383116093
293380716511
293382104873
293381954198
293385107099
293384341905
293383971448
293383865528
293379440762
293383171236
293382703633
293382536795
293383673084
293384032003
293383961134
293382774217
293383932667
293382618061
293383654817
293381762332
293381315572
293384588723
293383523652
293382447339
293383973539
293383252317
293383424721
293383418266
293382090422
293382247903
293384683973
293384424600
293380760610
293383703129
293383373278
293383156785
293384311942
293382256138
293382105463
293383901932
293382910441
293383937909
293385118885
293383036193
293382635420
293381237821
293383917862
293382733029
293382583563
293384572165
293383785628
293384569467
293381253751
293383760938
293384415120
293384911003
293382224678
293383112631
293383956262
293383509502
293383403582
293383350053
293383569531
293382241687
293382232913
293382082238
293383311457
293384356041
293383172417
293382557669
293384331351
293384052877
293380806489
293384220035
293383953541
293383902522
293381747062
293384707500
293384290619
293381555924
293384833252
293384432479
293383500022
293382813425
293382681299
293383933037
293383486277
293383705755
293383552761
293383050810
293382218462
293383447681
293384492265
293383288232
293385795419
293382277012
293382126337
293380942713
293384673187
293385366590
293384038746
293383621865
293383879297
293381723837
293384276168
293384482616
293383778795
293384151822
293383264283
293382603548
293382790200
293384167423
293384080116
293382503046
293383976285
293383598647
293382619478
293385126665
293383424456
293383783841
293383590405
293382262561
293385321989
293384875229
293384769309
293383958037
293383758089
293384015521
293383598640
293385213244
293384618840
293385811068
293384074071
293383923396
293382739772
293385419813
293385399964
293383822894
293381875102
293383183642
293383520896
293382755702
293385170717
293384124215
293385316481
293383726629
293383933077
293384587259
293385964482
293384984130
293384300105
293385058452
293383934812
293383734864
293384087523
293382772917
293385190019
293384316035
293384059620
293383642739
293383581364
293383475444
293385755096
293384503490
293383319866
293385395699
293384731572
293384647727
293382199695
293385295197
293384100990
293384848143
293384401383
293385470533
293384580664
293383266058
293384980701
293383868773
293384552761
293384236985
293383019714
293384064298
293384790183
293381857819
293383778963
293384066263
293386160994
293385967558
293384639714
293385006836
293385447204
293385341284
293383519543
293383432236
293384179389
293383732629
293385439798
293385015071
293384348882
293384585906
293384663359
293384557439
293384004997
293382350960
293383395544
293383996754
293386620091
293383321887
293384786121
293383674202
293381834594
293385246946
293385063117
293385775155
293385459988
293384919295
293384983611
293384816773
293384289319
293385196697
293383654878
293384156164
293383709404
293384938623
293384991846
293385050750
293385324845
293383670808
293382880415
293382433655
293382327735
293384641735
293384601538
293384994050
293385298070
293384576848
293385767110
293386460418
293384898766
293384331848
293384148019
293385192603
293385530570
293384937386
293384385441
293385430025
293383374221
293383631653
293385868132
293385362158
293384234972
293385134876
293384200263
293383753503
293383647583
293385035945
293385036389
293384668060
293385249031
293384903711
293385479080
293382371834
293384879021
293384923807
293384700034
293384677474
293384230714
293384124794
293385705289
293383584703
293384694069
293385160404
293384693404
293383350996
293385586345
293385206784
293384731305
293384211747
293386435697
293386949155
293385671878
293384310596
293385343782
293385171280
293383771586
293385225806
293385028153
293384923073
293384712159
293383068113
293385187210
293384521021
293384736077
293384904551
293383720927
293385257568
293383233864
293384670844
293384168893
293385942575
293383542993
293386497093
293383846341
293385830421
293386421246
293385630444
293385381762
293385648653
293385091434
293383907810
293384924733
293384291340
293386384171
293385440899
293383204337
293384688934
293383953606
293385163985
293385040775
293386294307
293386010226
293385198199
293385074338
293382677857
293385007061
293384955203
293384865172
293385495146
293383903881
293386533136
293383427292
293384784481
293385438156
293384428473
293384684793
293384552667
293386378729
293385340052
293384020180
293381277797
293385728149
293384089830
293385693429
293384438636
293385484998
293381890274
293384442605
293383997705
293382814081
293385051113
293384655289
293384431516
293385223729
293383167996
293385064068
293383880444
293384999302
293385574380
293382829122
293383947980
293384474916
293384661568
293383756842
293385059395
293385345821
293384680649
293385014343
293384490846
293386017046
293385243911
293385034564
293384810791
293384133929
293381788153
293384023556
293384439971
293382799595
293384632064
293384408291
293385200292
293383143631
293385889565
293383687333
293382965346
293384084204
293382805897
293383924755
293383893066
293386228575
293383746470
293384965055
293384776536
293384627070
293384666163
293384595294
293384626181
293383178870
293383108001
293381924377
293385553901
293384119443
293380873055
293385728139
293382776370
293384463479
293385257832
293384644285
293384285194
293382724582
293383256001
293382942121
293384060979
293383982083
293384596654
293383337059
293383790945
293382849996
293384533723
293384594560
293384731518
293384599392
293383315094
293382020287
293385721814
293384956620
293382192903
293381009279
293384096218
293380849830
293385353742
293384901115
293385749262
293384044430
293384975929
293382820469
293383721436
293384077993
293383538049
293382670114
293383958858
293384052665
293382986220
293384669947
293382875847
293384340081
293384130937
293381388554
293384331073
293385449931
293383488324
293382329127
293384400613
293382001031
293380986054
293384222328
293385266912
293385795072
293385615718
293385112153
293380893929
293384624403
293383705962
293383290104
293382806338
293385485170
293382646889
293381960292
293383043760
293383902581
293382971734
293382852622
293382768739
293385642147
293383656237
293383793195
293383496576
293383465099
293382305902
293384180829
293384751783
293381581982
293384199103
293382551433
293383185613
293381030153
293384680821
293383386014
293384126186
293383709305
293383798090
293382375006
293382096516
293384278321
293384035512
293381045194
293383351723
293382690988
293384976085
293384186196
293384737827
293384784947
293382896721
293385500677
293382581478
293384840819
293384154222
293383871281
293383509198
293384303551
293382904956
293384705862
293382816258
293384243202
293383845529
293383694854
293383517433
293383366758
293382351781
293381540509
293381181418
293384307331
293381021969
293385993818
293382964258
293384119203
293384873964
293384842275
293383901326
293383893575
293383862079
293382558253
293382842253
293384130997
293383912114
293385375542
293383407077
293385056288
293384770797
293384418519
293381901160
293383822304
293382931226
293382781760
293383098384
293382947709
293385367105
293380625411
293384284106
293382395880
293380434273
293385010188
293384450838
293385252796
293381691774
293383008357
293383337568
293382978477
293382946981
293382500221
293384648328
293383215899
293383424367
293383353498
293382491979
293383956213
293384351748
293381004686
293382163136
293385868622
293383083933
293381945259
293384053384
293384153703
293380602186
293384332660
293382723572
293383698219
293383011622
293382879496
293384578819
293381668549
293383903952
293382906236
293382422470
293382923756
293382476996
293381497827
293383811827
293382628203
293383159622
293382438400
293381140910
293384083429
293385227806
293383409327
293383820062
293379933432
293381922034
293384864553
293384107478
293384289038
293384475690
293383417562
293382801745
293382988397
293384296953
293384147487
293383042460
293380753451
293383796844
293381991138
293381634051
293383894453
293381800000
293383788602
293382604978
293382521095
293382415175
293384967506
293383862479
293381253280
293384312708
293383796837
293383294886
293384243702
293383691757
293384084253
293384235459
293382937969
293382521088
293384433177
293383138370
293382073299
293381730491
293383310986
293382127362
293383270523
293381967913
293381936224
293380797550
293384528024
293384377349
293383193725
293384348882
293382717348
293382550510
293384448932
293383788197
293383431110
293383842723
293383119120
293382672360
293383668532
293383840936
293382657312
293382506637
293383665087
293383050339
293384281009
293383447210
293382335275
293383119114
293382104137
293382310585
293384225523
293384978882
293380774325
293384381447
293384354124
293383170500
293385258720
293384066970
293382119178
293384334077
293383764972
293382999778
293382594609
293383095895
293382649135
293383940351
293383886822
293383612255
293385600857
293382769682
293384945265
293384583182
293383423985
293383630433
293384469419
293380105571
293385119461
293383669516
293384303696
293383957566
293385878710
293383589701
293383439026
293382255402
293384470301
293383901196
293383214599
293382995716
293384504515
293382163277
293384345066
293384023046
293383917126
293385973352
293385658185
293383193206
293385181808
293385094501
293384487516
293383815735
293384484847
293384038087
293384696335
293384843065
293384023039
293384565905
293383934341
293383575250
293383078612
293382631852
293382525932
293383914294
293381902630
293383676312
293382299501
293383782060
293382140052
293381250183
293384980657
293384513054
293384052461
293385482505
293385547653
293385011658
293384583638
293384496331
293383572418
293384461622
293383571753
293383124993
293383859834
293385333073
293384542680
293384095920
293383019243
293383837226
293385140629
293382828105
293383812536
293383797556
293386234021
293382276276
293382482724
293385182699
293381552356
293384875671
293384065559
293383914884
293382809857
293384719862
293384632555
293384096560
293384065064
293383549193
293383047242
293383873926
293383427166
293383836609
293385063299
293385131427
293384684667
293385363911
293383281219
293385117404
293385870763
293384034099
293384922052
293385656893
293382872204
293384347582
293383841655
293384595014
293384051108
293383997579
293383891659
293382786632
293382880439
293384938152
293384073335
293384041839
293383167855
293382615910
293385716465
293384517205
293385711943
293383556483
293384601067
293384661442
293383365345
293385862123
293384938145
293385309443
293384622846
293384490720
293382898529
293385295698
293385468102
293383432484
293384133803
293384027883
293384344507
293385396396
293385423051
293381871534
293384086433
293383935758
293382752134
293385638714
293384653429
293385080334
293385431286
293383929509
293383533258
293384677498
293384193104
293383746344
293385429521
293384914920
293384218377
293384599621
293384418513
293384752332
293384090417
293385804319
293383409259
293385162404
293385030990
293383191382
293385593262
293385399826
293384071982
293383984675
293386276083
293385092459
293383448413
293384933010
293384901321
293385408061
293385284851
293385066192
293383668593
293385565745
293385051144
293384549193
293385996922
293384237203
293383790443
293383684523
293384729107
293384614640
293383671368
293384704417
293385543403
293385007765
293384928869
293383453358
293386396680
293385613122
293383428668
293383473454
293385069234
293385206318
293385544285
293385430447
293384582338
293382134350
293385228747
293385328168
293385009738
293385390785
293384248687
293385245472
293384213978
293383767218
293384991216
293383807592
293385243378
293385857949
293385981673
293385065093
293385848916
293384905644
293384748516
293384400480
293383609678
293386526166
293383779464
293383070668
293386046406
293383454198
293382270574
293385786412
293383667240
293383579933
293385568535
293385220499
293385270513
293385604029
293384990482
293385127440
293385339288
293385128374
293383931409
293385161003
293384328280
293386056845
293383474380
293384137142
293384933818
293383990546
293385099312
293385020612
293384871146
293384918266
293383590422
293385633996
293385131308
293384899781
293384120034
293383644015
293383556708
293385406737
293385816427
293385340948
293384867727
293385475512
293381976939
293383620552
293384920239
293384696466
293384794228
293384305055
293386177740
293384233029
293384126770
293385986602
293385156836
293384689836
293384243076
293384975594
293384034645
293385510751
293383488301
293383843507
293384876556
293384499743
293383204936
293384340294
293384100778
293385793202
293385145191
293383600807
293384970600
293385056463
293383064545
293385183642
293384517453
293385353767
293382306489
293385400886
293385118522
293383230296
293385562924
293383773998
293384847731
293384170869
293383584211
293383842773
293383979731
293385315586
293382573203
293385923829
293384476518
293383181711
293385077783
293385281415
293383185680
293385106824
293384384393
293383200769
293385640566
293386673615
293385160417
293382442713
293386137353
293384550144
293381887440
293385239417
293384699473
293383215810
293383144941
293383720435
293384147644
293385052248
293384037271
293383423724
293385067337
293382549978
293384877534
293383646519
293384649748
293386041897
293384162685
293383162455
293381274229
293385004703
293385745294
293384370262
293386016145
293385352414
293381886706
293382023664
293385375641
293384535658
293383352034
293383281165
293383149039
293382953069
293385188472
293384743572
293384133158
293384208276
293383761516
293383684499
293384477194
293384081370
293384658000
293383753274
293382594077
293385100613
293383574989
293384693847
293384487278
293382087696
293383206554
293383660440
293385443578
293384547438
293384167877
293381425494
293384468887
293383071288
293383257940
293384566496
293385196724
293382037971
293385081364
293383236684
293383087218
293383989246
293385315931
293384251581
293383889498
293384946098
293383699695
293385086162
293385146999
293383551764
293384670622
293384591726
293384066380
293384809265
293383104433
293382745342
293385493518
293384115875
293381402269
293384528182
293383924737
293383357819
293382342842
293384823319
293382014746
293381618922
293383252433
293383389391
293380131629
293383074148
293384717761
293384646892
293385411556
293384001868
293383597574
293385123774
293384727950
293384609016
293384072452
293383240657
293383595863
293384953052
293382189335
293384110479
293384092650
293381998197
293384615318
293384897547
293383334594
293381446368
293384572281
293383388657
293381595697
293384393996
293384064145
293382058845
293382853198
293384694536
293383883264
293383733798
293383767938
293383321178
293382682476
293383336567
293384585791
293381928688
293383653403
293382325559
293385085948
293382166110
293382134421
293384751542
293383103872
293384719766
293383391922
293384708505
293382915545
293384620835
293383884996
293383986394
293384173046
293384040920
293383795256
293381639796
293384192127
293384608542
293382968166
293382818700
293382765171
293382659251
293382706159
293381648031
293381497356
293384650257
293382302334
293383514606
293384423720
293378983920
293384842976
293383915041
293385133626
293383368697
293384743728
293384606384
293382317375
293383705737
293383963169
293383197975
293382092948
293384900931
293384131881
293381041626
293383348155
293382901395
293382795475
293382967879
293382961424
293381633580
293381791061
293383424572
293382703350
293380303768
293383246287
293382916436
293384615759
293384562230
293384456310
293383769713
293383445090
293382453599
293383841961
293383691286
293382579351
293383193913
293380780979
293382361474
293381177850
293382205318
293381018401
293384431947
293384112625
293383097648
293381958974
293384360854
293383560796
293381767836
293384683044
293383005523
293382838685
293383025337
293382893211
293384184427
293383905937
293384280544
293383430639
293382854615
293383899199
293382715575
293382100827
293383825542
293382497698
293380349647
293382338249
293381154625
293384280538
293381290220
293384250658
293383833777
293385318619
293384376410
293384663027
293384731599
293383141747
293382974909
293383476195
293382815460
293384399248
293384267122
293384071152
293383349930
293382990839
293382937310
293382831390
293384879599
293381820170
293381669495
293380485871
293382474473
293384702080
293385087141
293381750553
293384367674
293381266995
293383819326
293383008054
293384929198
293384710315
293384294757
293382146706
293383816501
