0
-1
-1
129557060
-1
-1
259114120
-1
-1
388671180
-1
-1
518228240
-1
-1
647785300
-1
-1
777342360
-1
-1
906899420
-1
-1
1036456480
-1
-1
1166013540
-1
-1
1295570600
-1
-1
1425127660
-1
-1
22568004
-1
-1
152125064
-1
-1
281682124
-1
-1
411239184
-1
-1
540796244
-1
-1
670353304
-1
-1
799910364
-1
-1
929467424
-1
-1
1059024484
-1
-1
1188581544
-1
-1
1318138604
-1
-1
1447695664
-1
-1
45136008
-1
-1
174693068
-1
-1
304250128
-1
-1
433807188
-1
-1
563364248
-1
-1
692921308
-1
-1
822478368
-1
-1
952035428
-1
-1
1081592488
-1
-1
1211149548
-1
-1
1340706608
-1
-1
1470263668
-1
-1
67704012
-1
-1
197261072
-1
-1
326818132
-1
-1
456375192
-1
-1
585932252
-1
-1
715489312
-1
-1
845046372
-1
-1
974603432
-1
-1
1104160492
-1
-1
1233717552
-1
-1
1363274612
-1
-1
1492831672
-1
-1
90272016
-1
-1
219829076
-1
-1
349386136
-1
-1
478943196
-1
-1
608500256
-1
-1
738057316
-1
-1
867614376
-1
-1
997171436
-1
-1
1126728496
-1
-1
1256285556
-1
-1
1385842616
-1
-1
1515399676
-1
-1
112840020
-1
-1
242397080
-1
-1
371954140
-1
-1
501511200
-1
-1
631068260
-1
-1
760625320
-1
-1
890182380
-1
-1
1019739440
-1
-1
1149296500
-1
-1
1278853560
-1
-1
1408410620
-1
-1
5850964
-1
-1
135408024
-1
-1
264965084
-1
-1
394522144
-1
-1
524079204
-1
-1
653636264
-1
-1
783193324
-1
-1
912750384
-1
-1
1042307444
-1
-1
1171864504
-1
-1
1301421564
-1
-1
1430978624
-1
-1
28418968
-1
-1
157976028
-1
-1
287533088
-1
-1
417090148
-1
-1
546647208
-1
-1
676204268
-1
-1
805761328
-1
-1
935318388
-1
-1
1064875448
-1
-1
1194432508
-1
-1
1323989568
-1
-1
1453546628
-1
-1
50986972
-1
-1
180544032
-1
-1
310101092
-1
-1
439658152
-1
-1
569215212
-1
-1
698772272
-1
-1
828329332
-1
-1
957886392
-1
-1
1087443452
-1
-1
1217000512
-1
-1
1346557572
-1
-1
1476114632
-1
-1
73554976
-1
-1
203112036
-1
-1
332669096
-1
-1
462226156
-1
-1
591783216
-1
-1
721340276
-1
-1
850897336
-1
-1
980454396
-1
-1
1110011456
-1
-1
1239568516
-1
-1
1369125576
-1
-1
1498682636
-1
-1
96122980
-1
-1
225680040
-1
-1
355237100
-1
-1
484794160
-1
-1
614351220
-1
-1
743908280
-1
-1
873465340
-1
-1
1003022400
-1
-1
1132579460
-1
-1
1262136520
-1
-1
1391693580
-1
-1
1521250640
-1
-1
118690984
-1
-1
248248044
-1
-1
377805104
-1
-1
507362164
-1
-1
636919224
-1
-1
766476284
-1
-1
896033344
-1
-1
1025590404
-1
-1
1155147464
-1
-1
1284704524
-1
-1
1414261584
-1
-1
11701928
-1
-1
141258988
-1
-1
270816048
-1
-1
400373108
-1
-1
529930168
-1
-1
659487228
-1
-1
789044288
-1
-1
918601348
-1
-1
1048158408
-1
-1
1177715468
-1
-1
1307272528
-1
-1
1436829588
-1
-1
34269932
-1
-1
163826992
-1
-1
293384052
-1
-1
422941112
-1
-1
552498172
-1
-1
682055232
-1
-1
811612292
-1
-1
941169352
-1
-1
1070726412
-1
-1
1200283472
-1
-1
1329840532
-1
-1
1459397592
-1
-1
56837936
-1
-1
186394996
-1
-1
315952056
-1
-1
445509116
-1
-1
575066176
-1
-1
704623236
-1
-1
834180296
-1
-1
963737356
-1
-1
1093294416
-1
-1
1222851476
-1
-1
1352408536
-1
-1
1481965596
-1
-1
79405940
-1
-1
208963000
-1
-1
338520060
-1
-1
468077120
-1
-1
597634180
-1
-1
727191240
-1
-1
856748300
-1
-1
986305360
-1
-1
1115862420
-1
-1
1245419480
-1
-1
1374976540
-1
-1
1504533600
-1
-1
101973944
-1
-1
231531004
-1
-1
361088064
-1
-1
490645124
-1
-1
620202184
-1
-1
749759244
-1
-1
879316304
-1
-1
1008873364
-1
-1
1138430424
-1
-1
1267987484
-1
-1
1397544544
-1
-1
1527101604
-1
-1
124541948
-1
-1
254099008
-1
-1
383656068
-1
-1
513213128
-1
-1
642770188
-1
-1
772327248
-1
-1
901884308
-1
-1
1031441368
-1
-1
1160998428
-1
-1
1290555488
-1
-1
1420112548
-1
-1
17552892
-1
-1
147109952
-1
-1
276667012
-1
-1
406224072
-1
-1
535781132
-1
-1
665338192
-1
-1
794895252
-1
-1
924452312
-1
-1
1054009372
-1
-1
1183566432
-1
-1
1313123492
-1
-1
1442680552
-1
-1
40120896
-1
-1
169677956
-1
-1
299235016
-1
-1
428792076
-1
-1
558349136
-1
-1
687906196
-1
-1
817463256
-1
-1
947020316
-1
-1
1076577376
-1
-1
1206134436
-1
-1
1335691496
-1
-1
1465248556
-1
-1
62688900
-1
-1
192245960
-1
-1
321803020
-1
-1
451360080
-1
-1
580917140
-1
-1
710474200
-1
-1
840031260
-1
-1
969588320
-1
-1
1099145380
-1
-1
1228702440
-1
-1
1358259500
-1
-1
1487816560
-1
-1
85256904
-1
-1
214813964
-1
-1
344371024
-1
-1
473928084
-1
-1
603485144
-1
-1
733042204
-1
-1
862599264
-1
-1
992156324
-1
-1
1121713384
-1
-1
1251270444
-1
-1
1380827504
-1
-1
1510384564
-1
-1
107824908
-1
-1
237381968
-1
-1
366939028
-1
-1
496496088
-1
-1
626053148
-1
-1
755610208
-1
-1
885167268
-1
-1
1014724328
-1
-1
1144281388
-1
-1
1273838448
-1
-1
1403395508
-1
-1
835852
-1
-1
130392912
-1
-1
259949972
-1
-1
389507032
-1
-1
519064092
-1
-1
648621152
-1
-1
778178212
-1
-1
907735272
-1
-1
1037292332
-1
-1
1166849392
-1
-1
1296406452
-1
-1
1425963512
-1
-1
23403856
-1
-1
152960916
-1
-1
282517976
-1
-1
412075036
-1
-1
541632096
-1
-1
671189156
-1
-1
800746216
-1
-1
930303276
-1
-1
1059860336
-1
-1
1189417396
-1
-1
1318974456
-1
-1
1448531516
-1
-1
45971860
-1
-1
175528920
-1
-1
305085980
-1
-1
434643040
-1
-1
564200100
-1
-1
693757160
-1
-1
823314220
-1
-1
952871280
-1
-1
1082428340
-1
-1
1211985400
-1
-1
1341542460
-1
-1
1471099520
-1
-1
68539864
-1
-1
198096924
-1
-1
327653984
-1
-1
457211044
-1
-1
586768104
-1
-1
716325164
-1
-1
845882224
-1
-1
975439284
-1
-1
1104996344
-1
-1
1234553404
-1
-1
1364110464
-1
-1
1493667524
-1
-1
91107868
-1
-1
220664928
-1
-1
350221988
-1
-1
479779048
-1
-1
609336108
-1
-1
738893168
-1
-1
868450228
-1
-1
998007288
-1
-1
1127564348
-1
-1
1257121408
-1
-1
1386678468
-1
-1
1516235528
-1
-1
113675872
-1
-1
243232932
-1
-1
372789992
-1
-1
502347052
-1
-1
631904112
-1
-1
761461172
-1
-1
891018232
-1
-1
1020575292
-1
-1
1150132352
-1
-1
1279689412
-1
-1
1409246472
-1
-1
6686816
-1
-1
136243876
-1
-1
265800936
-1
-1
395357996
-1
-1
524915056
-1
-1
654472116
-1
-1
784029176
-1
-1
913586236
-1
-1
1043143296
-1
-1
1172700356
-1
-1
1302257416
-1
-1
1431814476
-1
-1
29254820
-1
-1
158811880
-1
-1
288368940
-1
-1
417926000
-1
-1
547483060
-1
-1
677040120
-1
-1
806597180
-1
-1
936154240
-1
-1
1065711300
-1
-1
1195268360
-1
-1
1324825420
-1
-1
1454382480
-1
-1
51822824
-1
-1
181379884
-1
-1
310936944
-1
-1
440494004
-1
-1
570051064
-1
-1
699608124
-1
-1
829165184
-1
-1
958722244
-1
-1
1088279304
-1
-1
1217836364
-1
-1
1347393424
-1
-1
1476950484
-1
-1
74390828
-1
-1
203947888
-1
-1
333504948
-1
-1
463062008
-1
-1
592619068
-1
-1
722176128
-1
-1
851733188
-1
-1
981290248
-1
-1
1110847308
-1
-1
1240404368
-1
-1
1369961428
-1
-1
1499518488
-1
-1
96958832
-1
-1
226515892
-1
-1
356072952
-1
-1
485630012
-1
-1
615187072
-1
-1
744744132
-1
-1
874301192
-1
-1
1003858252
-1
-1
1133415312
-1
-1
1262972372
-1
-1
1392529432
-1
-1
1522086492
-1
-1
119526836
-1
-1
249083896
-1
-1
378640956
-1
-1
508198016
-1
-1
637755076
-1
-1
767312136
-1
-1
896869196
-1
-1
1026426256
-1
-1
1155983316
-1
-1
1285540376
-1
-1
1415097436
-1
-1
12537780
-1
-1
142094840
-1
-1
271651900
-1
-1
401208960
-1
-1
530766020
-1
-1
660323080
-1
-1
789880140
-1
-1
919437200
-1
-1
1048994260
-1
-1
1178551320
-1
-1
1308108380
-1
-1
1437665440
-1
-1
35105784
-1
-1
164662844
-1
-1
294219904
-1
-1
423776964
-1
-1
553334024
-1
-1
682891084
-1
-1
812448144
-1
-1
942005204
-1
-1
1071562264
-1
-1
1201119324
-1
-1
1330676384
-1
-1
1460233444
-1
-1
57673788
-1
-1
187230848
-1
-1
316787908
-1
-1
446344968
-1
-1
575902028
-1
-1
705459088
-1
-1
835016148
-1
-1
964573208
-1
-1
1094130268
-1
-1
1223687328
-1
-1
1353244388
-1
-1
1482801448
-1
-1
80241792
-1
-1
209798852
-1
-1
339355912
-1
-1
468912972
-1
-1
598470032
-1
-1
728027092
-1
-1
857584152
-1
-1
987141212
-1
-1
1116698272
-1
-1
1246255332
-1
-1
1375812392
-1
-1
1505369452
-1
-1
102809796
-1
-1
232366856
-1
-1
361923916
-1
-1
491480976
-1
-1
621038036
-1
-1
750595096
-1
-1
880152156
-1
-1
1009709216
-1
-1
1139266276
-1
-1
1268823336
-1
-1
1398380396
-1
-1
1527937456
-1
-1
125377800
-1
-1
254934860
-1
-1
384491920
-1
-1
514048980
-1
-1
643606040
-1
-1
773163100
-1
-1
902720160
-1
-1
1032277220
-1
-1
1161834280
-1
-1
1291391340
-1
-1
1420948400
-1
-1
18388744
-1
-1
147945804
-1
-1
277502864
-1
-1
407059924
-1
-1
536616984
-1
-1
666174044
-1
-1
795731104
-1
-1
925288164
-1
-1
1054845224
-1
-1
1184402284
-1
-1
1313959344
-1
-1
1443516404
-1
-1
40956748
-1
-1
170513808
-1
-1
300070868
-1
-1
429627928
-1
-1
559184988
-1
-1
688742048
-1
-1
818299108
-1
-1
947856168
-1
-1
1077413228
-1
-1
1206970288
-1
-1
1336527348
-1
-1
1466084408
-1
-1
63524752
-1
-1
193081812
-1
-1
322638872
-1
-1
452195932
-1
-1
581752992
-1
-1
711310052
-1
-1
840867112
-1
-1
970424172
-1
-1
1099981232
-1
-1
1229538292
-1
-1
1359095352
-1
-1
1488652412
-1
-1
86092756
-1
-1
215649816
-1
-1
345206876
-1
-1
474763936
-1
-1
604320996
-1
-1
733878056
-1
-1
863435116
-1
-1
992992176
-1
-1
1122549236
-1
-1
1252106296
-1
-1
1381663356
-1
-1
1511220416
-1
-1
108660760
-1
-1
238217820
-1
-1
367774880
-1
-1
497331940
-1
-1
626889000
-1
-1
756446060
-1
-1
886003120
-1
-1
1015560180
-1
-1
1145117240
-1
-1
1274674300
-1
-1
1404231360
-1
-1
1671704
-1
-1
131228764
-1
-1
260785824
-1
-1
390342884
-1
-1
519899944
-1
-1
649457004
-1
-1
779014064
-1
-1
908571124
-1
-1
1038128184
-1
-1
1167685244
-1
-1
1297242304
-1
-1
1426799364
-1
-1
24239708
-1
-1
153796768
-1
-1
283353828
-1
-1
412910888
-1
-1
542467948
-1
-1
672025008
-1
-1
801582068
-1
-1
931139128
-1
-1
1060696188
-1
-1
1190253248
-1
-1
1319810308
-1
-1
1449367368
-1
-1
46807712
-1
-1
176364772
-1
-1
305921832
-1
-1
435478892
-1
-1
565035952
-1
-1
694593012
-1
-1
824150072
-1
-1
953707132
-1
-1
1083264192
-1
-1
1212821252
-1
-1
1342378312
-1
-1
1471935372
-1
-1
69375716
-1
-1
198932776
-1
-1
328489836
-1
-1
458046896
-1
-1
587603956
-1
-1
717161016
-1
-1
846718076
-1
-1
976275136
-1
-1
1105832196
-1
-1
1235389256
-1
-1
1364946316
-1
-1
1494503376
-1
-1
91943720
-1
-1
221500780
-1
-1
351057840
-1
-1
480614900
-1
-1
610171960
-1
-1
739729020
-1
-1
869286080
-1
-1
998843140
-1
-1
1128400200
-1
-1
1257957260
-1
-1
1387514320
-1
-1
1517071380
-1
-1
114511724
-1
-1
244068784
-1
-1
373625844
-1
-1
503182904
-1
-1
632739964
-1
-1
762297024
-1
-1
891854084
-1
-1
1021411144
-1
-1
1150968204
-1
-1
1280525264
-1
-1
1410082324
-1
-1
7522668
-1
-1
137079728
-1
-1
266636788
-1
-1
396193848
-1
-1
525750908
-1
-1
655307968
-1
-1
784865028
-1
-1
914422088
-1
-1
1043979148
-1
-1
1173536208
-1
-1
1303093268
-1
-1
1432650328
-1
-1
30090672
-1
-1
159647732
-1
-1
289204792
-1
-1
418761852
-1
-1
548318912
-1
-1
677875972
-1
-1
807433032
-1
-1
936990092
-1
-1
1066547152
-1
-1
1196104212
-1
-1
1325661272
-1
-1
1455218332
-1
-1
52658676
-1
-1
182215736
-1
-1
311772796
-1
-1
441329856
-1
-1
570886916
-1
-1
700443976
-1
-1
830001036
-1
-1
959558096
-1
-1
1089115156
-1
-1
1218672216
-1
-1
1348229276
-1
-1
1477786336
-1
-1
75226680
-1
-1
204783740
-1
-1
334340800
-1
-1
463897860
-1
-1
593454920
-1
-1
723011980
-1
-1
852569040
-1
-1
982126100
-1
-1
1111683160
-1
-1
1241240220
-1
-1
1370797280
-1
-1
1500354340
-1
-1
97794684
-1
-1
227351744
-1
-1
356908804
-1
-1
486465864
-1
-1
616022924
-1
-1
745579984
-1
-1
875137044
-1
-1
1004694104
-1
-1
1134251164
-1
-1
1263808224
-1
-1
1393365284
-1
-1
1522922344
-1
-1
120362688
-1
-1
249919748
-1
-1
379476808
-1
-1
509033868
-1
-1
638590928
-1
-1
768147988
-1
-1
897705048
-1
-1
1027262108
-1
-1
1156819168
-1
-1
1286376228
-1
-1
1415933288
-1
-1
13373632
-1
-1
142930692
-1
-1
272487752
-1
-1
402044812
-1
-1
531601872
-1
-1
661158932
-1
-1
790715992
-1
-1
920273052
-1
-1
1049830112
-1
-1
1179387172
-1
-1
1308944232
-1
-1
1438501292
-1
-1
35941636
-1
-1
165498696
-1
-1
295055756
-1
-1
424612816
-1
-1
554169876
-1
-1
683726936
-1
-1
813283996
-1
-1
942841056
-1
-1
1072398116
-1
-1
1201955176
-1
-1
1331512236
-1
-1
1461069296
-1
-1
58509640
-1
-1
188066700
-1
-1
317623760
-1
-1
447180820
-1
-1
576737880
-1
-1
706294940
-1
-1
835852000
-1
-1
965409060
-1
-1
1094966120
-1
-1
1224523180
-1
-1
1354080240
-1
-1
1483637300
-1
-1
81077644
-1
-1
210634704
-1
-1
340191764
-1
-1
469748824
-1
-1
599305884
-1
-1
728862944
-1
-1
858420004
-1
-1
987977064
-1
-1
1117534124
-1
-1
1247091184
-1
-1
1376648244
-1
-1
1506205304
-1
-1
103645648
-1
-1
233202708
-1
-1
362759768
-1
-1
492316828
-1
-1
621873888
-1
-1
751430948
-1
-1
880988008
-1
-1
1010545068
-1
-1
1140102128
-1
-1
1269659188
-1
-1
1399216248
-1
-1
1528773308
-1
-1
126213652
-1
-1
255770712
-1
-1
385327772
-1
-1
514884832
-1
-1
644441892
-1
-1
773998952
-1
-1
903556012
-1
-1
1033113072
-1
-1
1162670132
-1
-1
1292227192
-1
-1
1421784252
-1
-1
19224596
-1
-1
148781656
-1
-1
278338716
-1
-1
407895776
-1
-1
537452836
-1
-1
667009896
-1
-1
796566956
-1
-1
926124016
-1
-1
1055681076
-1
-1
1185238136
-1
-1
1314795196
-1
-1
1444352256
-1
-1
41792600
-1
-1
171349660
-1
-1
300906720
-1
-1
430463780
-1
-1
560020840
-1
-1
689577900
-1
-1
819134960
-1
-1
948692020
-1
-1
1078249080
-1
-1
1207806140
-1
-1
1337363200
-1
-1
1466920260
-1
-1
64360604
-1
-1
193917664
-1
-1
323474724
-1
-1
453031784
-1
-1
582588844
-1
-1
712145904
-1
-1
841702964
-1
-1
971260024
-1
-1
1100817084
-1
-1
1230374144
-1
-1
1359931204
-1
-1
1489488264
-1
-1
86928608
-1
-1
216485668
-1
-1
346042728
-1
-1
475599788
-1
-1
605156848
-1
-1
734713908
-1
-1
864270968
-1
-1
993828028
-1
-1
1123385088
-1
-1
1252942148
-1
-1
1382499208
-1
-1
1512056268
-1
-1
109496612
-1
-1
239053672
-1
-1
368610732
-1
-1
498167792
-1
-1
627724852
-1
-1
757281912
-1
-1
886838972
-1
-1
1016396032
-1
-1
1145953092
-1
-1
1275510152
-1
-1
1405067212
-1
-1
2507556
-1
-1
132064616
-1
-1
261621676
-1
-1
391178736
-1
-1
520735796
-1
-1
650292856
-1
-1
779849916
-1
-1
909406976
-1
-1
1038964036
-1
-1
1168521096
-1
-1
1298078156
-1
-1
1427635216
-1
-1
25075560
-1
-1
154632620
-1
-1
284189680
-1
-1
413746740
-1
-1
543303800
-1
-1
672860860
-1
-1
802417920
-1
-1
931974980
-1
-1
1061532040
-1
-1
1191089100
-1
-1
1320646160
-1
-1
1450203220
-1
-1
47643564
-1
-1
177200624
-1
-1
306757684
-1
-1
436314744
-1
-1
565871804
-1
-1
695428864
-1
-1
824985924
-1
-1
954542984
-1
-1
1084100044
-1
-1
1213657104
-1
-1
1343214164
-1
-1
1472771224
-1
-1
70211568
-1
-1
199768628
-1
-1
329325688
-1
-1
458882748
-1
-1
588439808
-1
-1
717996868
-1
-1
847553928
-1
-1
977110988
-1
-1
1106668048
-1
-1
1236225108
-1
-1
1365782168
-1
-1
1495339228
-1
-1
92779572
-1
-1
222336632
-1
-1
351893692
-1
-1
481450752
-1
-1
611007812
-1
-1
740564872
-1
-1
870121932
-1
-1
999678992
-1
-1
1129236052
-1
-1
1258793112
-1
-1
1388350172
-1
-1
1517907232
-1
-1
115347576
-1
-1
244904636
-1
-1
374461696
-1
-1
504018756
-1
-1
633575816
-1
-1
763132876
-1
-1
892689936
-1
-1
1022246996
-1
-1
1151804056
-1
-1
1281361116
-1
-1
1410918176
-1
-1
8358520
-1
-1
137915580
-1
-1
267472640
-1
-1
397029700
-1
-1
526586760
-1
-1
656143820
-1
-1
785700880
-1
-1
915257940
-1
-1
1044815000
-1
-1
1174372060
-1
-1
1303929120
-1
-1
1433486180
-1
-1
30926524
-1
-1
160483584
-1
-1
290040644
-1
-1
419597704
-1
-1
549154764
-1
-1
678711824
-1
-1
808268884
-1
-1
937825944
-1
-1
1067383004
-1
-1
1196940064
-1
-1
1326497124
-1
-1
1456054184
-1
-1
53494528
-1
-1
183051588
-1
-1
312608648
-1
-1
442165708
-1
-1
571722768
-1
-1
701279828
-1
-1
830836888
-1
-1
960393948
-1
-1
1089951008
-1
-1
1219508068
-1
-1
1349065128
-1
-1
1478622188
-1
-1
76062532
-1
-1
205619592
-1
-1
335176652
-1
-1
464733712
-1
-1
594290772
-1
-1
723847832
-1
-1
853404892
-1
-1
982961952
-1
-1
1112519012
-1
-1
1242076072
-1
-1
1371633132
-1
-1
1501190192
-1
-1
98630536
-1
-1
228187596
-1
-1
357744656
-1
-1
487301716
-1
-1
616858776
-1
-1
746415836
-1
-1
875972896
-1
-1
1005529956
-1
-1
1135087016
-1
-1
1264644076
-1
-1
1394201136
-1
-1
1523758196
-1
-1
121198540
-1
-1
250755600
-1
-1
380312660
-1
-1
509869720
-1
-1
639426780
-1
-1
768983840
-1
-1
898540900
-1
-1
1028097960
-1
-1
1157655020
-1
-1
1287212080
-1
-1
1416769140
-1
-1
14209484
-1
-1
143766544
-1
-1
273323604
-1
-1
402880664
-1
-1
532437724
-1
-1
661994784
-1
-1
791551844
-1
-1
921108904
-1
-1
1050665964
-1
-1
1180223024
-1
-1
1309780084
-1
-1
1439337144
-1
-1
36777488
-1
-1
166334548
-1
-1
295891608
-1
-1
425448668
-1
-1
555005728
-1
-1
684562788
-1
-1
814119848
-1
-1
943676908
-1
-1
1073233968
-1
-1
1202791028
-1
-1
1332348088
-1
-1
1461905148
-1
-1
59345492
-1
-1
188902552
-1
-1
318459612
-1
-1
448016672
-1
-1
577573732
-1
-1
707130792
-1
-1
836687852
-1
-1
966244912
-1
-1
1095801972
-1
-1
1225359032
-1
-1
1354916092
-1
-1
1484473152
-1
-1
81913496
-1
-1
211470556
-1
-1
341027616
-1
-1
470584676
-1
-1
600141736
-1
-1
729698796
-1
-1
859255856
-1
-1
988812916
-1
-1
1118369976
-1
-1
1247927036
-1
-1
1377484096
-1
-1
1507041156
-1
-1
104481500
-1
-1
234038560
-1
-1
363595620
-1
-1
493152680
-1
-1
622709740
-1
-1
752266800
-1
-1
881823860
-1
-1
1011380920
-1
-1
1140937980
-1
-1
1270495040
-1
-1
1400052100
-1
-1
1529609160
-1
-1
127049504
-1
-1
256606564
-1
-1
386163624
-1
-1
515720684
-1
-1
645277744
-1
-1
774834804
-1
-1
904391864
-1
-1
1033948924
-1
-1
1163505984
-1
-1
1293063044
-1
-1
1422620104
-1
-1
20060448
-1
-1
149617508
-1
-1
279174568
-1
-1
408731628
-1
-1
538288688
-1
-1
667845748
-1
-1
797402808
-1
-1
926959868
-1
-1
1056516928
-1
-1
1186073988
-1
-1
1315631048
-1
-1
1445188108
-1
-1
42628452
-1
-1
172185512
-1
-1
301742572
-1
-1
431299632
-1
-1
560856692
-1
-1
690413752
-1
-1
819970812
-1
-1
949527872
-1
-1
1079084932
-1
-1
1208641992
-1
-1
1338199052
-1
-1
1467756112
-1
-1
65196456
-1
-1
194753516
-1
-1
324310576
-1
-1
453867636
-1
-1
583424696
-1
-1
712981756
-1
-1
842538816
-1
-1
972095876
-1
-1
1101652936
-1
-1
1231209996
-1
-1
1360767056
-1
-1
1490324116
-1
-1
87764460
-1
-1
217321520
-1
-1
346878580
-1
-1
476435640
-1
-1
605992700
-1
-1
735549760
-1
-1
865106820
-1
-1
994663880
-1
-1
1124220940
-1
-1
1253778000
-1
-1
1383335060
-1
-1
1512892120
-1
-1
110332464
-1
-1
239889524
-1
-1
369446584
-1
-1
499003644
-1
-1
628560704
-1
-1
758117764
-1
-1
887674824
-1
-1
1017231884
-1
-1
1146788944
-1
-1
1276346004
-1
-1
1405903064
-1
-1
3343408
-1
-1
132900468
-1
-1
262457528
-1
-1
392014588
-1
-1
521571648
-1
-1
651128708
-1
-1
780685768
-1
-1
910242828
-1
-1
1039799888
-1
-1
1169356948
-1
-1
1298914008
-1
-1
1428471068
-1
-1
25911412
-1
-1
155468472
-1
-1
285025532
-1
-1
414582592
-1
-1
544139652
-1
-1
673696712
-1
-1
803253772
-1
-1
932810832
-1
-1
1062367892
-1
-1
1191924952
-1
-1
1321482012
-1
-1
1451039072
-1
-1
48479416
-1
-1
178036476
-1
-1
307593536
-1
-1
437150596
-1
-1
566707656
-1
-1
696264716
-1
-1
825821776
-1
-1
955378836
-1
-1
1084935896
-1
-1
1214492956
-1
-1
1344050016
-1
-1
1473607076
-1
-1
71047420
-1
-1
200604480
-1
-1
330161540
-1
-1
459718600
-1
-1
589275660
-1
-1
718832720
-1
-1
848389780
-1
-1
977946840
-1
-1
1107503900
-1
-1
1237060960
-1
-1
1366618020
-1
-1
1496175080
-1
-1
93615424
-1
-1
223172484
-1
-1
352729544
-1
-1
482286604
-1
-1
611843664
-1
-1
741400724
-1
-1
870957784
-1
-1
1000514844
-1
-1
1130071904
-1
-1
1259628964
-1
-1
1389186024
-1
-1
1518743084
-1
-1
116183428
-1
-1
245740488
-1
-1
375297548
-1
-1
504854608
-1
-1
634411668
-1
-1
763968728
-1
-1
893525788
-1
-1
1023082848
-1
-1
1152639908
-1
-1
1282196968
-1
-1
1411754028
-1
-1
9194372
-1
-1
138751432
-1
-1
268308492
-1
-1
397865552
-1
-1
527422612
-1
-1
656979672
-1
-1
786536732
-1
-1
916093792
-1
-1
1045650852
-1
-1
1175207912
-1
-1
1304764972
-1
-1
1434322032
-1
-1
31762376
-1
-1
161319436
-1
-1
290876496
-1
-1
420433556
-1
-1
549990616
-1
-1
679547676
-1
-1
809104736
-1
-1
938661796
-1
-1
1068218856
-1
-1
1197775916
-1
-1
1327332976
-1
-1
1456890036
-1
-1
54330380
-1
-1
183887440
-1
-1
313444500
-1
-1
443001560
-1
-1
572558620
-1
-1
702115680
-1
-1
831672740
-1
-1
961229800
-1
-1
1090786860
-1
-1
1220343920
-1
-1
1349900980
-1
-1
1479458040
-1
-1
76898384
-1
-1
206455444
-1
-1
336012504
-1
-1
465569564
-1
-1
595126624
-1
-1
724683684
-1
-1
854240744
-1
-1
983797804
-1
-1
1113354864
-1
-1
1242911924
-1
-1
1372468984
-1
-1
1502026044
-1
-1
99466388
-1
-1
229023448
-1
-1
358580508
-1
-1
488137568
-1
-1
617694628
-1
-1
747251688
-1
-1
876808748
-1
-1
1006365808
-1
-1
1135922868
-1
-1
1265479928
-1
-1
1395036988
-1
-1
1524594048
-1
-1
122034392
-1
-1
251591452
-1
-1
381148512
-1
-1
510705572
-1
-1
640262632
-1
-1
769819692
-1
-1
899376752
-1
-1
1028933812
-1
-1
1158490872
-1
-1
1288047932
-1
-1
1417604992
-1
-1
15045336
-1
-1
144602396
-1
-1
274159456
-1
-1
403716516
-1
-1
533273576
-1
-1
662830636
-1
-1
792387696
-1
-1
921944756
-1
-1
1051501816
-1
-1
1181058876
-1
-1
1310615936
-1
-1
1440172996
-1
-1
37613340
-1
-1
167170400
-1
-1
296727460
-1
-1
426284520
-1
-1
555841580
-1
-1
685398640
-1
-1
814955700
-1
-1
944512760
-1
-1
1074069820
-1
-1
1203626880
-1
-1
1333183940
-1
-1
1462741000
-1
-1
60181344
-1
-1
189738404
-1
-1
319295464
-1
-1
448852524
-1
-1
578409584
-1
-1
707966644
-1
-1
837523704
-1
-1
967080764
-1
-1
1096637824
-1
-1
1226194884
-1
-1
1355751944
-1
-1
1485309004
-1
-1
82749348
-1
-1
212306408
-1
-1
341863468
-1
-1
471420528
-1
-1
600977588
-1
-1
730534648
-1
-1
860091708
-1
-1
989648768
-1
-1
1119205828
-1
-1
1248762888
-1
-1
1378319948
-1
-1
1507877008
-1
-1
105317352
-1
-1
234874412
-1
-1
364431472
-1
-1
493988532
-1
-1
623545592
-1
-1
753102652
-1
-1
882659712
-1
-1
1012216772
-1
-1
1141773832
-1
-1
1271330892
-1
-1
1400887952
-1
-1
1530445012
-1
-1
127885356
-1
-1
257442416
-1
-1
386999476
-1
-1
516556536
-1
-1
646113596
-1
-1
775670656
-1
-1
905227716
-1
-1
1034784776
-1
-1
1164341836
-1
-1
1293898896
-1
-1
1423455956
-1
-1
20896300
-1
-1
150453360
-1
-1
280010420
-1
-1
409567480
-1
-1
539124540
-1
-1
668681600
-1
-1
798238660
-1
-1
927795720
-1
-1
1057352780
-1
-1
1186909840
-1
-1
1316466900
-1
-1
1446023960
-1
-1
43464304
-1
-1
173021364
-1
-1
302578424
-1
-1
432135484
-1
-1
561692544
-1
-1
691249604
-1
-1
820806664
-1
-1
950363724
-1
-1
1079920784
-1
-1
1209477844
-1
-1
1339034904
-1
-1
1468591964
-1
-1
66032308
-1
-1
195589368
-1
-1
325146428
-1
-1
454703488
-1
-1
584260548
-1
-1
713817608
-1
-1
843374668
-1
-1
972931728
-1
-1
1102488788
-1
-1
1232045848
-1
-1
1361602908
-1
-1
1491159968
-1
-1
88600312
-1
-1
218157372
-1
-1
347714432
-1
-1
477271492
-1
-1
606828552
-1
-1
736385612
-1
-1
865942672
-1
-1
995499732
-1
-1
1125056792
-1
-1
1254613852
-1
-1
1384170912
-1
-1
1513727972
-1
-1
111168316
-1
-1
240725376
-1
-1
370282436
-1
-1
499839496
-1
-1
629396556
-1
-1
758953616
-1
-1
888510676
-1
-1
1018067736
-1
-1
1147624796
-1
-1
1277181856
-1
-1
1406738916
-1
-1
4179260
-1
-1
133736320
-1
-1
263293380
-1
-1
392850440
-1
-1
522407500
-1
-1
651964560
-1
-1
781521620
-1
-1
911078680
-1
-1
1040635740
-1
-1
1170192800
-1
-1
1299749860
-1
-1
1429306920
-1
-1
26747264
-1
-1
156304324
-1
-1
285861384
-1
-1
415418444
-1
-1
544975504
-1
-1
674532564
-1
-1
804089624
-1
-1
933646684
-1
-1
1063203744
-1
-1
1192760804
-1
-1
1322317864
-1
-1
1451874924
-1
-1
49315268
-1
-1
178872328
-1
-1
308429388
-1
-1
437986448
-1
-1
567543508
-1
-1
697100568
-1
-1
826657628
-1
-1
956214688
-1
-1
1085771748
-1
-1
1215328808
-1
-1
1344885868
-1
-1
1474442928
-1
-1
71883272
-1
-1
201440332
-1
-1
330997392
-1
-1
460554452
-1
-1
590111512
-1
-1
719668572
-1
-1
849225632
-1
-1
978782692
-1
-1
1108339752
-1
-1
1237896812
-1
-1
1367453872
-1
-1
1497010932
-1
-1
94451276
-1
-1
224008336
-1
-1
353565396
-1
-1
483122456
-1
-1
612679516
-1
-1
742236576
-1
-1
871793636
-1
-1
1001350696
-1
-1
1130907756
-1
-1
1260464816
-1
-1
1390021876
-1
-1
1519578936
-1
-1
117019280
-1
-1
246576340
-1
-1
376133400
-1
-1
505690460
-1
-1
635247520
-1
-1
764804580
-1
-1
894361640
-1
-1
1023918700
-1
-1
1153475760
-1
-1
1283032820
-1
-1
1412589880
-1
-1
10030224
-1
-1
139587284
-1
-1
269144344
-1
-1
398701404
-1
-1
528258464
-1
-1
657815524
-1
-1
787372584
-1
-1
916929644
-1
-1
1046486704
-1
-1
1176043764
-1
-1
1305600824
-1
-1
1435157884
-1
-1
32598228
-1
-1
162155288
-1
-1
291712348
-1
-1
421269408
-1
-1
550826468
-1
-1
680383528
-1
-1
809940588
-1
-1
939497648
-1
-1
1069054708
-1
-1
1198611768
-1
-1
1328168828
-1
-1
1457725888
-1
-1
55166232
-1
-1
184723292
-1
-1
314280352
-1
-1
443837412
-1
-1
573394472
-1
-1
702951532
-1
-1
832508592
-1
-1
962065652
-1
-1
1091622712
-1
-1
1221179772
-1
-1
1350736832
-1
-1
1480293892
-1
-1
77734236
-1
-1
207291296
-1
-1
336848356
-1
-1
466405416
-1
-1
595962476
-1
-1
725519536
-1
-1
855076596
-1
-1
984633656
-1
-1
1114190716
-1
-1
1243747776
-1
-1
1373304836
-1
-1
1502861896
-1
-1
100302240
-1
-1
229859300
-1
-1
359416360
-1
-1
488973420
-1
-1
618530480
-1
-1
748087540
-1
-1
877644600
-1
-1
1007201660
-1
-1
1136758720
-1
-1
1266315780
-1
-1
1395872840
-1
-1
1525429900
-1
-1
122870244
-1
-1
252427304
-1
-1
381984364
-1
-1
511541424
-1
-1
641098484
-1
-1
770655544
-1
-1
900212604
-1
-1
1029769664
-1
-1
1159326724
-1
-1
1288883784
-1
-1
1418440844
-1
-1
15881188
-1
-1
145438248
-1
-1
274995308
-1
-1
404552368
-1
-1
534109428
-1
-1
663666488
-1
-1
793223548
-1
-1
922780608
-1
-1
1052337668
-1
-1
1181894728
-1
-1
1311451788
-1
-1
1441008848
-1
-1
38449192
-1
-1
168006252
-1
-1
297563312
-1
-1
427120372
-1
-1
556677432
-1
-1
686234492
-1
-1
815791552
-1
-1
945348612
-1
-1
1074905672
-1
-1
1204462732
-1
-1
1334019792
-1
-1
1463576852
-1
-1
61017196
-1
-1
190574256
-1
-1
320131316
-1
-1
449688376
-1
-1
579245436
-1
-1
708802496
-1
-1
838359556
-1
-1
967916616
-1
-1
1097473676
-1
-1
1227030736
-1
-1
1356587796
-1
-1
1486144856
-1
-1
83585200
-1
-1
213142260
-1
-1
342699320
-1
-1
472256380
-1
-1
601813440
-1
-1
731370500
-1
-1
860927560
-1
-1
990484620
-1
-1
1120041680
-1
-1
1249598740
-1
-1
1379155800
-1
-1
1508712860
-1
-1
106153204
-1
-1
235710264
-1
-1
365267324
-1
-1
494824384
-1
-1
624381444
-1
-1
753938504
-1
-1
883495564
-1
-1
1013052624
-1
-1
1142609684
-1
-1
1272166744
-1
-1
1401723804
-1
-1
1531280864
-1
-1
128721208
-1
-1
258278268
-1
-1
387835328
-1
-1
517392388
-1
-1
646949448
-1
-1
776506508
-1
-1
906063568
-1
-1
1035620628
-1
-1
1165177688
-1
-1
1294734748
-1
-1
1424291808
-1
-1
21732152
-1
-1
151289212
-1
-1
280846272
-1
-1
410403332
-1
-1
539960392
-1
-1
669517452
-1
-1
799074512
-1
-1
928631572
-1
-1
1058188632
-1
-1
1187745692
-1
-1
1317302752
-1
-1
1446859812
-1
-1
44300156
-1
-1
173857216
-1
-1
303414276
-1
-1
432971336
-1
-1
562528396
-1
-1
692085456
-1
-1
821642516
-1
-1
951199576
-1
-1
1080756636
-1
-1
1210313696
-1
-1
1339870756
-1
-1
1469427816
-1
-1
66868160
-1
-1
196425220
-1
-1
325982280
-1
-1
455539340
-1
-1
585096400
-1
-1
714653460
-1
-1
844210520
-1
-1
973767580
-1
-1
1103324640
-1
-1
1232881700
-1
-1
1362438760
-1
-1
1491995820
-1
-1
89436164
-1
-1
218993224
-1
-1
348550284
-1
-1
478107344
-1
-1
607664404
-1
-1
737221464
-1
-1
866778524
-1
-1
996335584
-1
-1
1125892644
-1
-1
1255449704
-1
-1
1385006764
-1
-1
1514563824
-1
-1
112004168
-1
-1
241561228
-1
-1
371118288
-1
-1
500675348
-1
-1
630232408
-1
-1
759789468
-1
-1
889346528
-1
-1
1018903588
-1
-1
1148460648
-1
-1
1278017708
-1
-1
1407574768
-1
-1
5015112
-1
-1
134572172
-1
-1
264129232
-1
-1
393686292
-1
-1
523243352
-1
-1
652800412
-1
-1
782357472
-1
-1
911914532
-1
-1
1041471592
-1
-1
1171028652
-1
-1
1300585712
-1
-1
1430142772
-1
-1
27583116
-1
-1
157140176
-1
-1
286697236
-1
-1
416254296
-1
-1
545811356
-1
-1
675368416
-1
-1
804925476
-1
-1
934482536
-1
-1
1064039596
-1
-1
1193596656
-1
-1
1323153716
-1
-1
1452710776
-1
-1
50151120
-1
-1
179708180
-1
-1
309265240
-1
-1
438822300
-1
-1
568379360
-1
-1
697936420
-1
-1
827493480
-1
-1
957050540
-1
-1
1086607600
-1
-1
1216164660
-1
-1
1345721720
-1
-1
1475278780
-1
-1
72719124
-1
-1
202276184
-1
-1
331833244
-1
-1
461390304
-1
-1
590947364
-1
-1
720504424
-1
-1
850061484
-1
-1
979618544
-1
-1
1109175604
-1
-1
1238732664
-1
-1
1368289724
-1
-1
1497846784
-1
-1
95287128
-1
-1
224844188
-1
-1
354401248
-1
-1
483958308
-1
-1
613515368
-1
-1
743072428
-1
-1
872629488
-1
-1
1002186548
-1
-1
1131743608
-1
-1
1261300668
-1
-1
1390857728
-1
-1
1520414788
-1
-1
117855132
-1
-1
247412192
-1
-1
376969252
-1
-1
506526312
-1
-1
636083372
-1
-1
765640432
-1
-1
895197492
-1
-1
1024754552
-1
-1
1154311612
-1
-1
1283868672
-1
-1
1413425732
-1
-1
10866076
-1
-1
140423136
-1
-1
269980196
-1
-1
399537256
-1
-1
529094316
-1
-1
658651376
-1
-1
788208436
-1
-1
917765496
-1
-1
1047322556
-1
-1
1176879616
-1
-1
1306436676
-1
-1
1435993736
-1
-1
33434080
-1
-1
162991140
-1
-1
292548200
-1
-1
422105260
-1
-1
551662320
-1
-1
681219380
-1
-1
810776440
-1
-1
940333500
-1
-1
1069890560
-1
-1
1199447620
-1
-1
1329004680
-1
-1
1458561740
-1
-1
56002084
-1
-1
185559144
-1
-1
315116204
-1
-1
444673264
-1
-1
574230324
-1
-1
703787384
-1
-1
833344444
-1
-1
962901504
-1
-1
1092458564
-1
-1
1222015624
-1
-1
1351572684
-1
-1
1481129744
-1
-1
78570088
-1
-1
208127148
-1
-1
337684208
-1
-1
467241268
-1
-1
596798328
-1
-1
726355388
-1
-1
855912448
-1
-1
985469508
-1
-1
1115026568
-1
-1
1244583628
-1
-1
1374140688
-1
-1
1503697748
-1
-1
101138092
-1
-1
230695152
-1
-1
360252212
-1
-1
489809272
-1
-1
619366332
-1
-1
748923392
-1
-1
878480452
-1
-1
1008037512
-1
-1
1137594572
-1
-1
1267151632
-1
-1
1396708692
-1
-1
1526265752
-1
-1
123706096
-1
-1
253263156
-1
-1
382820216
-1
-1
512377276
-1
-1
641934336
-1
-1
771491396
-1
-1
901048456
-1
-1
1030605516
-1
-1
1160162576
-1
-1
1289719636
-1
-1
1419276696
-1
-1
16717040
-1
-1
146274100
-1
-1
275831160
-1
-1
405388220
-1
-1
534945280
-1
-1
664502340
-1
-1
794059400
-1
-1
923616460
-1
-1
1053173520
-1
-1
1182730580
-1
-1
1312287640
-1
-1
1441844700
-1
-1
39285044
-1
-1
168842104
-1
-1
298399164
-1
-1
427956224
-1
-1
557513284
-1
-1
687070344
-1
-1
816627404
-1
-1
946184464
-1
-1
1075741524
-1
-1
1205298584
-1
-1
1334855644
-1
-1
1464412704
-1
-1
61853048
-1
-1
191410108
-1
-1
320967168
-1
-1
450524228
-1
-1
580081288
-1
-1
709638348
-1
-1
839195408
-1
-1
968752468
-1
-1
1098309528
-1
-1
1227866588
-1
-1
1357423648
-1
-1
1486980708
-1
-1
84421052
-1
-1
213978112
-1
-1
343535172
-1
-1
473092232
-1
-1
602649292
-1
-1
732206352
-1
-1
861763412
-1
-1
991320472
-1
-1
1120877532
-1
-1
1250434592
-1
-1
1379991652
-1
-1
1509548712
-1
-1
106989056
-1
-1
236546116
-1
-1
366103176
-1
-1
495660236
-1
-1
625217296
-1
-1
754774356
-1
-1
884331416
-1
-1
1013888476
-1
-1
1143445536
-1
-1
1273002596
-1
-1
1402559656
-1
-1
