0
7439019
5728027
7289622
6318710
6479443
5398891
7319284
4792277
7208535
8190654
7118981
6829609
8270844
6918644
7664161
7279195
5478018
7075784
5388464
5099092
5507680
7189229
7985604
7099675
5298498
7810243
6953810
7616254
5988398
5176687
5898844
4097667
5695433
4008113
2206936
7570665
7934963
6605253
6969551
7245310
4714522
5078820
6220107
5715096
6205813
6425733
8796231
5514793
7435186
7115633
6640419
7299907
5224902
6824978
7186966
3334171
5704669
5415297
7096846
7505434
5495487
5206115
6206055
7422602
6185387
5260068
6095833
4294656
5444627
4413872
2403925
4324318
8131952
8336975
5802456
6921458
7285756
8293533
5480832
6712276
6402802
6031301
5751596
7192043
6476857
5822119
8221486
6215769
5421891
6512019
5541107
7141183
4621288
4100481
6020874
7702423
7413051
6341378
5811692
7965750
6522260
7086761
6501592
5576273
6412038
4610861
4321489
6151011
2720130
7619608
8448157
5941829
6829075
7687768
8119021
5592014
6808561
7223035
6719007
4917830
8029055
7508248
7243167
6147203
5827650
7299066
5738096
5448724
6307417
6738670
7063647
4416686
6098235
6538367
4737190
4207504
6127897
2846459
6698581
7607445
3972085
4807850
6728243
4156644
6149499
6954885
3036335
6845336
5064154
7434652
7798950
7681590
7755156
5908219
7124766
5864425
5057203
7936672
6990051
7825816
7222875
7174610
6593960
7025213
6054301
5764929
5134482
8023146
8745303
6944126
6414440
6854572
5053395
8006435
7104340
6179021
7014786
5213609
6363580
5124055
3322878
5243271
6924820
7271090
7704274
5034089
5830464
7750857
7351845
6831038
7321755
6224424
7905973
5431024
8542249
6015242
7306256
8142021
6340844
6705142
6980901
4450113
4814411
6531239
5450687
2923680
6611429
7260331
5250384
7170777
7821193
6376010
6086638
5930462
6560569
5529814
7127580
5440260
5150888
5320632
7178707
5231078
7151471
8179281
7776312
6682979
8268350
6040194
7171756
7857880
5570397
5281025
7428778
7648698
7622461
5538047
6657049
7021347
8171318
4766318
5130616
7768097
8528993
4557136
6927634
8848027
5566589
8002500
7617534
6692215
7527980
5726803
5437431
6483033
3836072
5756465
5467093
7148642
8148582
5547283
5257911
6257851
6822352
6237183
4436006
6033772
4346452
8129795
5886602
2455721
6943592
8183748
6854038
6564666
6973254
5692918
5327605
5532628
6764072
7654309
4653421
6502984
7243839
6978758
5882794
5563241
5088027
7008420
3672510
6043008
7192979
6799238
4152277
5833826
6180096
7373976
3943095
5863488
5598407
6434172
5831231
3707676
4543441
6463834
3892235
4282414
7660445
5751011
8230626
7796107
7170243
6880871
7245169
7939377
5643810
6860357
7530382
6770803
6169337
8089730
7560044
6958466
7680623
5879446
7350862
5789892
4438820
6359213
7141680
7115443
4468482
6150031
7300002
7805343
4259300
6839931
5914612
6750377
4949200
6099171
4859646
3058469
4208440
5770139
1167738
7968805
6895765
5566055
7486448
7080324
6566629
7057346
5960015
8376273
5166615
4877243
7967166
7041847
7877612
6076435
5787063
6645756
4185704
6556202
6266830
5186278
6876706
6347020
8267413
4985975
6201155
8121548
6111601
5822229
6344425
6296160
5265405
6415376
5175851
3374674
7203670
7403595
7772991
8137289
6403067
5882260
6246558
7387845
6882834
5395542
7084179
7328390
5482820
8602924
5437659
7808157
8193817
6392640
7273998
7932790
4501909
6872407
6529728
7723608
7192911
6663225
6373853
5302180
7738091
7353125
5551948
5847360
5462394
5173022
5581610
3571663
3282291
9299690
5372428
6970194
8089196
7436932
7169377
6648570
6734775
7570540
5769363
6919334
7909676
3878632
6989857
6679183
7383507
6589629
4788452
6708845
7073143
5789026
5268219
6554135
3898295
8461727
6738694
6979430
6714349
7689998
6268801
4823618
6744011
7480816
5778599
5489227
7318749
3887868
5569417
5915687
7109567
3678686
6916261
8376947
6378533
5566822
7709913
4487802
6085568
7448886
4018005
7396036
7314941
6995388
7359686
6905834
6616462
7475155
7906408
5379401
5584424
7265973
7706105
5904928
5375242
7295635
4014197
7866319
6065142
5139823
5975588
4174411
5324382
7244775
2283680
4204073
5885622
6231892
6596190
3994891
6575522
6335102
6694738
4684791
6282557
4869065
2794060
7693538
8522087
903329
8282505
6631356
5301646
7222039
6815915
6302220
6012848
4991760
8102985
7582178
8022310
6221133
5901580
7372996
6781995
6011951
6381347
7402658
6291793
4490616
6411009
7319826
6082611
8003004
6201827
5936746
7362500
7681375
4046015
6080016
5790644
5000996
6598762
4911442
3110265
8473994
8838292
7508582
7872880
6947561
5617851
5982149
7123436
6618425
4091418
7329062
7489795
6409243
6128750
8018962
7543748
7254376
6128231
7728307
6697552
4237500
6607998
6318626
6488370
8086136
5127325
6109444
7109384
6252951
7088716
5287539
6437510
5197985
3396808
5317201
3307254
3017882
6744754
7705571
6705785
7824787
8189085
6904968
5934056
6298354
5014237
5504954
5724874
7045104
3614223
6725448
6414774
5489455
6325220
4524043
5674014
6605169
2633312
5003810
6924203
6634831
8225509
7244707
6715021
6425649
7425589
6682764
4559209
5603744
4792033
5514190
5224818
7054340
3623459
3334087
5651278
6845158
7021990
8096702
6860656
6495343
6205971
7931810
7622336
5821159
6491184
8411577
5130139
7050532
6730979
6255765
6641425
4840248
6440324
6802312
4579160
5320015
7001564
7347834
5640519
5110833
7031226
3749788
7601910
5800733
4875414
5711179
3910002
5059973
5450152
2019271
3939664
7747298
5967483
8337981
8048609
5884540
7908879
6811548
7839427
6018148
5960532
6602366
7893380
7604008
6927968
8018096
7047184
5037237
6127365
5606558
6037811
5748439
8283181
5636220
7317769
7757901
5956724
5427038
7108587
6517586
7744794
5217856
5191619
6027384
4226207
5376178
6937877
2335476
8607603
5937418
6283688
6716872
5363869
7734367
5207360
7127753
6157521
6334353
6044981
6918571
8209585
8370318
7244173
6954801
7522590
5353442
5717740
7434568
6354016
3827009
6243267
6641322
6153713
5864341
8204658
7279339
6989967
6313927
7463898
6433143
4423196
6343589
4542412
6223961
7373932
6134407
4333230
6913861
7049998
7414296
5023130
6943523
6563280
3132399
5479771
6184354
1241668
6605397
6969695
6441376
6789956
7721111
6640559
5669647
6033945
4749828
6960120
5460465
7830963
7541591
6469918
6180546
7621781
6719686
7015098
6630132
5799784
6749348
4739401
4450029
6370422
6540166
8137932
6450612
6161240
7161180
6418355
7140512
5339335
4527624
5249781
3448604
5046370
3359050
7846921
7371707
7757367
5956190
6320488
6596247
5695102
5941562
7667401
5066033
5556750
5776670
8147168
4865730
6786123
6466570
5991356
6827121
4575839
6175915
6537903
7702567
5055606
6737155
6447783
7447723
4846424
6766817
5556992
7337501
5536324
4611005
5446770
3645593
4795564
5185743
1754862
6654340
7482889
8527424
7715713
6722500
6808705
7644470
6547139
6257767
5753739
7674132
7063787
6542980
7457437
5181935
7753687
6782775
4772828
5862956
5342149
6492120
3972225
3451418
5371811
7053360
7399630
5862960
5162629
7743260
6047519
7480385
5852529
5563157
5762975
3961798
5111769
5501948
2071067
8070743
7799094
5292766
6833682
7974969
7469958
4942951
6159498
7522816
6069944
5780572
7388871
7069318
8105909
6979764
6690392
7258181
5089033
4799661
5658354
6089607
7780035
5978858
5449172
5889304
4088127
7940249
5478834
5213753
6049518
6958382
5269652
4158787
6079180
4278003
8087004
6305822
7499702
6196273
6044734
6785589
7149887
8157664
7106093
5259156
7896637
5215362
6386149
7296488
6340988
7176753
8131040
6525547
6915726
6376150
5405238
5565971
4485419
7374083
8096240
6295063
7277182
6205509
7420689
7357372
6455277
6750689
6365723
4564546
6162312
4474992
4185620
7912492
6275757
7072132
7503385
7712189
7346876
7101794
7466092
6181975
6672692
6892612
7256910
4781961
7893186
7582512
6657193
7492958
5691781
6056079
7772907
3801050
4165348
7457464
4801624
6492052
5962366
7882759
4601321
7328306
7172130
5726947
6562712
5281399
5911506
6301685
6562300
4791197
4501825
6819016
8012896
4582015
6736073
7530218
7281862
6470151
7619287
5391131
6522693
7658922
4921334
5098166
6779715
7898717
7423503
4888984
6007986
6372284
7970050
4567360
5798804
7119034
8515572
6808257
6278571
8198964
4917526
8769648
6968471
6043152
6878917
5077740
6227711
5833970
3187009
5107402
6788951
6499579
7499519
4898220
7052278
5608788
6173289
5588120
7185886
5772394
3697389
8185260
8480672
1806658
7095920
7534685
6204975
5915603
6774296
7205549
4678542
5895089
6803958
7005246
8220426
7124462
6594776
6329695
7685324
4914178
6385594
6359357
4653090
5393945
6543916
6150175
3503214
5184763
6334734
6840075
3294032
6531607
4949344
5785109
6693973
3058613
3894378
5814771
3243172
9302856
7292909
8411911
8122539
7850890
6521180
6885478
8026765
7521754
4994747
7411005
7809060
7312572
7032079
8922291
7121114
6309403
7031560
5680488
7600881
5140829
5301562
5710150
7109674
8541670
6030654
5500968
8012713
7156280
7992045
6190868
5265549
6101314
4300137
5450108
4210583
2409406
7648083
8137433
6357618
7957694
7447780
4916992
6837385
7201683
5917566
6408283
5310952
7948433
4517552
7628777
7318103
6392784
7228549
5427372
6577343
6967522
3536641
5907139
5617767
6715252
6227643
5697957
7618350
4336912
7063897
7472485
5462538
5173166
5695362
5647097
4616342
6214108
4526788
4237416
6554607
7644735
7123928
7488226
7763985
6862840
5769507
7517888
6233771
6724488
6944408
6679327
6024589
7953861
6861576
7159094
7544754
5743577
6624935
7705641
3852846
6223344
7904893
7615521
6543848
6014162
7934555
4653117
7089028
6704062
5778743
6614508
4813331
4523959
6353481
2922600
4842993
8650627
6479499
8205079
7890238
6787869
8032119
7011031
7425505
6921477
5120300
7505695
7710718
7952215
6349673
6030120
7501536
5940566
5651194
6059782
6941140
5139963
4619156
5905072
6740837
7812664
6089631
6330367
6065286
7215257
7809915
4174555
6094948
6930713
5129536
6279507
6669686
3238805
4920354
5266624
6460504
3029623
6267198
7727884
5729470
7327236
7060850
5259673
6948310
7067469
3368942
6746973
8147502
7858130
8266718
6256771
5967399
6826092
7257345
4730338
7146596
6616910
7057042
5255865
9107987
6646572
6381491
7217256
5416079
6437390
5326525
3525348
5445741
6668174
7473560
3555010
5236559
7212472
7576770
3345828
5926459
7524225
6110733
4035728
5633494
5575878
2144997
7508726
7873024
6543314
7693285
5982293
4652583
6572976
6166852
5653157
7863449
6363794
7462801
7143248
7373247
7083875
6578480
7623015
6132932
7533461
5732284
7330050
5642730
5353358
5761946
7443495
5433548
7353941
5552764
5287683
7321684
7032312
6242664
5430953
6153110
4351933
5949699
4262379
7851168
7824931
8189229
6859519
7223817
7499576
4968788
5333086
7800308
5969362
6460079
6679999
8401365
5760180
7689452
7369899
6894685
7730450
5479168
7079244
7441232
4038542
5958935
5669563
7351112
7759700
5749753
5460381
6460321
7676868
6439653
4638476
6350099
4548922
4259550
6089072
2658191
2368819
8386218
7056508
6056722
7175724
7540022
6255905
5735098
6966542
6657068
4855891
6705454
7446309
2965160
6085264
5765711
6915682
5676157
3874980
6245478
7395449
4875554
4354747
6275140
7186267
7576446
6766289
6065958
5800877
6776526
6033701
3910146
6466486
6666304
4865127
4575755
6405277
2974396
8263658
5002215
6196095
7083341
7447639
8141847
5846280
7062827
7732852
6973273
5172096
6928112
7762514
7160936
6401469
6081916
7553332
5992362
5702990
6561683
6992936
7317913
4670952
6352501
6792633
4991456
4461770
6382163
6117082
6952847
5151670
4226351
5062116
3260939
4410910
8988966
1370208
8171275
7098235
5318420
7688918
7849651
6769099
7259816
6162485
7379032
5369085
7289478
5953303
7244317
8080082
6278905
7369033
6848226
4388174
6308567
6469300
5388748
5099376
8229147
7198392
6668706
7108838
7759254
6314071
6459524
5868523
7269052
5467875
6617846
5378321
3577144
7406140
7179086
7525356
7958540
6605537
6084730
6449028
7590315
7085304
7576021
6478690
5508458
5685290
8796515
6269508
7560522
8396287
6595110
6959408
8135260
4704379
5068677
6785505
5704953
3177946
6865695
6576323
5504650
5215278
7555595
6630276
6340904
5664864
6814835
5784080
3774133
5694526
5405154
5574898
7172664
5485344
5811619
6264798
6851040
6937245
4374067
6294460
7121804
2483336
5824663
6001495
7683044
7585977
6792099
5792313
6911315
7275613
5991496
5020584
5384882
4100765
8783259
4811402
7181900
8837746
5820855
8256766
6972718
6946481
7782246
5981069
5691697
6737299
4090338
6010731
6921858
7312037
8199283
5801549
7955607
6512117
5769292
6491449
4690272
3878561
4600718
8384061
8613375
2709987
7197858
7562156
7108304
6818932
7183230
7591818
5581871
5292499
7018338
7908575
6107398
5577712
7498105
4216667
7892512
5817507
5342293
6178058
3926776
5526852
5888840
7053504
4406543
6088092
6434362
6798660
4197361
6777992
5852673
6688438
4887261
3961942
4797707
2996530
4146501
4536680
1105799
6005277
6833826
8050373
7424509
7135137
6504690
6995407
5898076
6925955
5104676
8215901
6423603
7839135
7814310
6014496
7104624
6133712
4123765
5213893
4693086
6613479
7395946
8641298
4722748
6404297
7200672
7289187
4513566
7094197
6168878
6831322
5203466
6353437
5113912
3312735
8212213
6024405
1422004
8075350
7150031
5820321
6184619
7325906
6820895
4293888
6214281
8630539
5420881
8532106
8221432
7296113
7456846
6330701
6041329
6900022
4439970
5780241
6521096
6690840
7130972
5329795
6311914
5240241
6455421
7291186
6365867
6076495
5400455
6550426
5519671
3509724
5430117
3628940
7437941
6908255
8027257
8391555
8667314
6136526
6500824
7508601
6457030
5649808
7247574
4566299
6927918
8857190
5691925
6527690
7617818
5876484
6807639
5727087
4756175
6492196
3836356
6725020
7447177
6917491
6628119
5556446
7992357
6708309
5806214
6101626
5716660
5427288
5835876
3825929
3536557
8745053
5626694
7224460
6854322
7063126
6697813
6902836
7856744
7824806
6023629
7173600
8614047
4132898
7244123
6933449
6458235
6843895
5042718
5407016
7844469
4781630
5522485
6808401
7550304
5842989
5313303
7233696
3952258
7804380
6523067
5077884
5913649
7735082
5262443
5652622
7573015
4142134
5823683
6169953
7363833
3932952
6087010
8631213
6632799
7764361
6970224
6163002
6339834
7970798
4272271
7650302
6130652
7249654
7613952
6802241
5809028
6240281
8160674
5633667
5838690
7520239
7960371
6159194
5629508
7549901
4268463
8120585
6319408
5394089
6229854
4428677
5578648
5184907
2537946
4458339
6139888
6486158
6850456
4249157
6829788
6018077
6566913
4939057
6536823
6247451
3048326
8337588
8776353
7446643
7157271
6885622
5555912
5920210
7061497
6556486
4029479
5246026
6843792
6356183
7571363
6475399
6155846
7192437
7036261
5894758
6635613
7785584
6546059
4744882
6426431
7576402
6336877
4535700
6456093
6191012
7026777
7512187
4300281
5136046
7056439
4484840
3245315
5165708
6682815
8728260
6643846
7762848
8127146
8402905
5872117
6236415
7386386
6872691
4345684
6983165
7744061
6663509
6383016
8273228
6922156
7217568
6382497
6002254
6951818
4941871
4652499
6572892
6742636
8340402
6653082
6363710
7363650
6507217
7342982
5541805
6691776
5452251
3651074
5248840
3561520
3272148
8753715
7959837
6158660
8079053
6798717
6433404
6188322
6552620
5268503
5759220
5979140
8349638
3868489
6988593
6669040
6193826
6579486
4778309
5928280
6859435
2887578
5258076
6939625
6889097
5578580
5048894
6969287
3687849
6414834
6937030
4813475
5649240
5046299
4998034
5388213
7308606
3877725
8365596
5905544
7099424
7986670
7011175
7114922
6749609
6460237
8186076
7876602
6075425
6745450
8031366
5384405
7304798
6985245
6510031
6895691
5094514
5975872
7056578
3653888
5574281
7255830
7602100
5894785
5365099
7285492
7020411
7856176
6054999
5129680
5965445
4164268
5314239
5704418
2273537
7173015
8001564
6221749
8592247
8186123
7672428
7383056
6361968
8093693
6272414
5983042
6856632
7271788
7858274
7182234
6892862
7301450
5291503
5002131
5860824
6292077
6002705
7452819
5890486
6091774
7306954
8328265
5681304
5416223
6771852
7160852
5472122
7521175
6281650
4480473
5630444
6508292
2589742
4271291
7508866
6988059
2380560
5618135
7078821
5461626
7382019
6411787
4610610
6299247
6418406
8463851
8624584
7498439
7209067
7776856
5607708
5972006
7635527
6608282
4081275
6497533
7479652
6407979
6118607
8458924
6657747
6953159
6568193
4767016
6687409
4677462
4388090
4796678
6478227
7628198
6388673
4587496
7168127
7304264
7352401
5277396
6875162
5461670
3386665
4984431
6904824
1495934
6859663
7223961
5894251
7044222
6534308
4003520
5923913
6288211
5004094
7892758
5714731
8085229
7795857
6724184
7374600
5929417
6973952
5483869
6884398
6595026
7003614
4993667
4704295
7021486
6794432
4784485
6704878
7732688
7415446
6672621
7394778
5593601
4781890
5504047
3702870
5300636
3613316
8101187
7625973
8011633
6210456
6574754
7716041
5949368
6195828
7921667
5320299
7001848
6481041
7752302
5111117
8795841
6720836
6245622
7081387
4830105
6430181
6792169
3389479
5309872
6991421
6702049
7701989
5100690
7254748
5811258
7591767
5790590
4865271
5701036
3899859
3610487
5440009
2009128
6908606
7737155
6407445
7497573
6976766
7408019
7118647
6097559
6512033
6008005
4206828
7318053
6797246
7711703
5436201
5116648
6588064
5027094
5227019
5596415
6746386
6352645
3705684
5626077
6537204
7042545
6117226
5416895
5151814
6301785
6896443
3261083
5817423
6017241
4216064
9115542
6243883
2325333
8325009
4353152
6723650
7087948
8229235
7492784
5197217
6413764
8011530
6324210
7234549
6279049
7323584
6511873
7234030
6944658
7803351
5343299
5053927
5912620
7594169
8034301
6233124
5703438
6143570
4342393
8194515
6393338
5468019
6303784
4502607
5652578
4413053
2611876
4532269
8339903
6560088
8160164
8395802
6299000
7039855
7404153
6120036
6610753
5513422
7194971
4720022
7831247
5304240
6595254
7431019
5629842
6779813
7169992
3739111
5659504
5820237
4739685
7628349
7580084
6549329
7531448
6459775
7110191
5665008
6709543
5219460
6619989
4818812
6416578
4729258
4439886
6757077
6530023
7326398
7690696
7957576
7065310
7311770
7720358
6436241
6926958
7146878
4859395
5036227
8147452
6937696
6911459
7747224
5946047
6310345
7908111
4055316
4419614
7711730
7817991
6746318
6216632
8137025
4855587
7582572
6906532
5981213
6816978
5015801
6165772
6555951
3125070
5045463
4756091
6681969
7506466
4836281
6990339
5615735
7536128
7627975
3725004
7066331
6776959
7913188
5175600
6552143
7033981
8152983
6143036
7233164
6262252
6626550
5342433
4821626
6053070
8423568
8769838
5791982
6532837
8214386
5171792
8850593
6323655
6297418
7133183
5332006
6481977
6088236
3441275
5361668
6272795
6662974
7753785
5152486
7306544
5931940
5120229
5842386
7440152
6612114
3951655
8439526
8734938
5040009
7519624
7788951
6459241
6169869
6534167
7228375
4932808
6149355
6819380
7259512
5458335
7378728
6849042
6247464
7419726
5168444
6639860
5528995
7449388
5648211
6798182
6404441
3757480
5439029
6589000
7094341
3548298
6128929
5203610
6039375
4238198
5388169
4148644
2347467
3497438
8075494
456736
7257803
6184763
7746358
6775446
6936179
5855627
6346344
5249013
7665271
4455613
7566838
7256164
8346292
7375380
5365433
6455561
5934754
3474702
5845200
5555828
5964416
7117316
8442340
7556411
5755234
8266979
7410546
5400599
6445134
5633423
6355580
4554403
5704374
4464849
2663672
8027401
8391699
7061989
7426287
7702046
5171258
5535556
6676843
6171832
6662549
6373177
9252967
4771818
7891922
7572369
7097155
7482815
5681638
6831609
7221788
3790907
6161405
5872033
7553582
6481909
5952223
5662851
4591178
7318163
6642123
5716804
5427432
4751392
5901363
4870608
2860661
4781054
8588688
6788878
6259192
7378194
7742492
8018251
5937568
6023773
6859538
5807967
6208332
7198674
6933593
6278855
8208127
6672505
5878627
6968755
5997843
6879201
5078024
4557217
5843133
3187293
7869787
6798114
6268428
7949977
6978996
7343294
6059246
6033009
6868774
5067597
4778225
6607747
3176866
8076344
8095990
6398565
7285811
6205259
8230709
6048750
7265297
7679771
7175743
5374566
6737884
7964984
7699903
6603939
6284386
6648684
6194832
5905460
6764153
7195406
5394229
4873422
6554971
6995103
5193926
4664240
6584633
3303195
7155317
8064181
4428821
5264586
7184979
4613380
6533773
6923952
3493071
5174620
5520890
6714770
3283889
6521464
7982150
5983736
7581502
6321161
5513939
7202576
7321735
8282552
7001239
7631346
7050696
7481949
6511037
6221665
5591218
7511611
4984604
7400862
6871176
7311308
5510131
6925663
6900838
6635757
7471522
5670345
6691656
5580791
3779614
5700007
7381556
7727826
7292002
5490825
6287200
7259745
7808581
6180725
5369014
6364999
4289994
5887760
7808153
2399263
7762992
8127290
6797580
7161878
6236559
4906849
5271147
6412434
5907423
3380416
6618060
7717067
5707120
7627513
8277929
6832746
6543374
6387198
7017305
5986550
7584316
5896996
5607624
5777368
7635443
5687814
5398442
6398382
5541949
6377714
7286578
5726508
4486983
6407376
4606199
2596252
4516645
6033752
8079197
5994783
7113785
7478083
7870015
5223054
5587352
8054574
6223628
5013872
6334102
8655631
6014446
8459236
7624165
7148951
7984716
5733434
5894167
6939769
4292808
6213201
5923829
7605378
8605318
6004019
5714647
6714587
7279088
6693919
4892742
6490508
4803188
4513816
6343338
2912457
2623085
8640484
7310774
6310988
7429990
6149654
5784341
5989364
7220808
6911334
5110157
6959720
7700575
6985389
6339530
6019977
5544763
5930423
4129246
6499744
7649715
3868158
4609013
6290562
6636832
4929517
4399831
6320224
3038786
6890908
6287967
4164412
5000177
6920570
4348971
4739150
7147212
3228662
8517924
5256481
7626979
7337607
7701905
8396113
6100546
7317093
7987118
7227539
6626073
7182378
8016780
7415202
7366937
6336182
7217540
6246628
4895556
5326809
7598416
7572179
4925218
6606767
7046899
5245722
4716036
7296667
6371348
7207113
5405936
4480617
5316382
3515205
4665176
6226875
1624474
8425541
7352501
5572686
7943184
7537060
7023365
7514082
6416751
8098300
5623351
5333979
6207569
7498583
8334348
6533171
6243799
7102492
4642440
6562833
6723566
5643014
7333442
6803756
5930320
5442711
6657891
8013520
6568337
6278965
6122789
6752896
5722141
6872112
5632587
3831410
5512959
7371034
7779622
3622228
6859803
6338996
6703294
7844581
7339570
5852278
6732956
5762724
5939556
9050781
5894395
7814788
8292694
6849376
7213674
8389526
4958645
5322943
6986464
8137256
7649647
7119961
6830589
5758916
5469544
7809861
6008684
6304096
5919130
5088782
6038346
4028399
3739027
5659420
5829164
7426930
5739610
7893668
6519064
7014679
6703338
4628333
6226099
7376070
2737602
4335368
7446593
7135919
7840243
7046365
5245188
7165581
5885245
5519932
5274850
6956399
4355031
8918463
5065668
7436166
7171085
6075121
6725537
5280354
7200747
7937552
6235335
5945963
6991565
4344604
6026153
6372423
7566303
4135422
6055815
8209873
6835269
6023558
6745715
4944538
6542304
4854984
4474741
7852772
5943338
7452124
7816422
7362570
7073198
7437496
8131704
5836137
5546765
7272604
8162841
6352785
5831978
7752371
4470933
8323055
6071773
5596559
6432324
4631147
5781118
6143106
2740416
4660809
6342358
6688628
7052926
4451627
7032258
6106939
6942704
5141527
4852155
5051973
3250796
4400767
4790946
1360065
8161132
7088092
5758382
7678775
7272651
6758956
6469584
5448496
7180221
5358942
8470167
6677869
6358316
7829732
6268762
6468687
6838083
4378031
5468159
4947352
6867745
7650212
6539347
4977014
6658563
6393482
7543453
4767832
4502751
6536752
6247380
4685000
6607703
5368178
3567001
8930730
5594820
6788700
8329616
7404297
6074587
6438885
7580172
6843721
4548154
7276506
7520717
5675147
6585486
5629986
8000484
7711112
6584967
6295595
7154288
4694236
7064734
6775362
6945106
7385238
5584061
6566180
5494507
6709687
7545452
5744275
6330761
5654721
3853544
5773937
3763990
3474618
7201490
7692207
7162521
8281523
8645821
7361704
6390792
6755090
5470973
5961690
6181610
6545908
4070959
7182184
6871510
5946191
6781956
4980779
6130750
7061905
3090048
5460546
6746462
4090622
8682245
6931021
7171757
6882385
7882325
6461128
5015945
6060480
4570397
5970926
5681554
6831525
4080195
3790823
6108014
7301894
7478726
7108588
7317392
6952079
6662707
8388546
6101063
6277895
6947920
4210332
4387164
7507268
7187715
6712501
7098161
5296984
5661282
7259048
5035896
5776751
7458300
7804570
6097255
5567569
7487962
4206524
8058646
6257469
5332150
6167915
4366738
5516709
5906888
2476007
4396400
6077949
6424219
6857403
4187218
6341276
4966672
6887065
8018627
6474884
6417268
6594100
8225064
8060744
7384704
6384918
7503920
5493973
6584101
6063294
6494547
6205175
5887933
6092956
7774505
8214637
6413460
5883774
7565323
6974322
8201530
5674592
5648355
6484120
4682943
5832914
5439173
2792212
8195331
5623732
6740424
7104722
5820605
7084054
5664096
7268328
5193323
6791089
6501717
3302592
8591854
8827054
7700909
7411537
7139888
5810178
6174476
7315763
6810752
4283745
6700003
7098058
6610449
6321077
8661394
6410112
5598401
6770663
6149024
6889879
4879932
6800325
4999148
6680697
7830668
6591143
4789966
7301711
6445278
7281043
5479866
4554547
5390312
3589135
4739106
3499581
1698404
6937081
7426431
6898112
7246692
7608680
7097295
6126383
6490681
5206564
5697281
4599950
7237431
3806550
6917775
6607101
7697229
7176422
4716370
6636763
6256520
2825639
5196137
4906765
6827158
6996902
8594668
6907348
6617976
7617916
6761483
4751536
5796071
4984360
5706517
3905340
5503106
3815786
3526414
7828443
8214103
6412926
6777224
7052983
6151838
6398298
6806886
5522769
6013486
6233406
8603904
5322466
7242859
6923306
6448092
6833752
5032575
6632651
6994639
3141844
5512342
7193891
6904519
5832846
5303160
7223553
3942115
6669100
5993060
5067741
5903506
4102329
5252300
5642479
2211598
4131991
7939625
6159810
7494077
7179236
7265441
8101206
7003875
6714503
6210475
8130868
7520523
6999716
7914173
5638671
8210423
7239511
5229564
6319692
5348780
6230138
4428961
3908154
5194070
7510096
7856366
6149051
5619365
7300914
6504255
7937121
5410183
5383946
6219711
4418534
5568505
5958684
2527803
7427281
7446927
5749502
7290418
5556196
7926694
5399687
6616234
7979552
6526680
6237308
7110898
7526054
7890352
7436500
7147128
7555716
5545769
5256397
6115090
6546343
8236771
6435594
5905908
6346040
4544863
8396985
5935570
5670489
6506254
7415118
5726388
4615523
6535916
4734739
5957172
6762558
2844008
4525557
6501470
7242325
2634826
8614400
7562829
5715892
7636285
5672098
4864876
7753224
6797724
7633489
7981819
6982283
7372462
6832886
5861974
6022707
4942155
7830819
8552976
6751799
7733918
6662245
6372873
7814108
6912013
7207425
6822459
5021282
6619048
4931728
4642356
5050944
6732493
7528868
6642939
4841762
7422393
6610682
7159518
5531662
4719951
7071812
3640931
5238697
8349922
8039248
7113929
7478227
6148517
6512815
6788574
4257786
4622084
7859728
5258360
6948788
5968997
8339495
5058057
6978450
7628866
6183683
7019448
5738135
6368242
6730230
7019036
5247933
4958561
6640110
7048698
5038751
4749379
5749319
6968176
5728651
7649044
5847867
3837920
5758313
5378070
1947189
6846667
7675216
7880239
5345720
6464722
6829020
8426786
5024096
6255540
7575770
8972308
7256114
6735307
8006568
5374262
9226384
6975102
6499888
7335653
5534476
6684447
6290706
3643745
5564138
7245687
6956315
7956255
5354956
7509014
6065524
6630025
6044856
5755484
5955302
4154125
3864753
5694275
2263394
7552656
7991421
6661711
6372339
7231032
7662285
5135278
6351825
7260694
6262271
4461094
7581198
7051512
6786431
5690467
5370914
6842330
5281360
5109826
5850681
7000652
6606911
3959950
5641499
6791470
4280454
3750768
5671161
5406080
6241845
7150709
3515349
4351114
6271507
3699908
8573154
6498149
7692029
8333863
4607418
6977916
7342214
8349991
7747050
5451483
6668030
8265796
6578476
7479936
6533315
7369080
6766139
6717874
6137224
6568477
5597565
5758298
4677746
7566410
8288567
6487390
5957704
6397836
7613016
8448781
6647604
5722285
6558050
4756873
5906844
4667319
2866142
8104819
7889018
6814354
8414430
7904516
5373728
7294121
7658419
6374302
6865019
5767688
7449237
4974288
8085513
5558506
6849520
7685285
5884108
7034079
7424258
3993377
6363875
6074503
4993951
6684379
6154693
8075086
4793648
7520633
7364457
5919274
5629902
5473726
6103833
5073078
6670844
4983524
4694152
4863896
6721971
7580664
6928400
7840383
7319576
6226243
7811614
6690507
7181224
7401144
5113661
5290493
8410597
7191962
7615830
7643631
6200313
6564611
8162377
4309582
4673880
7311361
8072257
7000584
6470898
8391291
5109853
7545764
7160798
6235479
7071244
5270067
4980695
6810217
3379336
5299729
6981278
6936235
7760732
5090547
7244605
5870001
6365616
7882241
3979270
5577036
7497429
7673059
8408951
6806409
6486856
7958272
6397302
6107930
6516518
6880816
4870869
5075892
6307336
7197573
8269400
6546367
6787103
6522022
7671993
7588279
4631291
6551684
7387449
5586272
6736243
6342502
3695541
5377090
5723360
6917240
3486359
6723934
7987383
6186206
5374495
6096652
5716409
6866380
4205921
3825678
7203709
5294275
8314866
8043217
6713507
6424135
6788433
7714081
5187074
7594453
7073646
7513778
5712601
9388446
7103308
6501730
7673992
5422710
6894126
5783261
3982084
5902477
7052448
7930296
4011746
5693295
6843266
7348607
3802564
6383195
5457876
6293641
4492464
5642435
4402910
2601733
7501211
5313403
711002
7512069
6439029
5109319
7029712
6623588
6109893
6600610
5503279
7919537
4709879
7821104
7510430
7035216
7629646
5619699
6709827
6189020
3728968
6099466
5810094
6218682
7371582
5890284
7810677
6009500
5744419
7664812
5654865
5926668
5887689
5839424
4808669
6406435
4719115
2917938
8281667
6946859
7316255
7680553
7956312
5425524
5789822
6931109
6426098
6916815
7136735
6871654
6216916
8146188
4980923
7351421
7737081
5935904
7276175
7897968
4045173
6415671
6126299
7807848
6736175
6206489
5917117
4845444
7572429
6896389
5095212
5681698
5005658
4716286
5124874
3114927
2825555
8842954
7063139
6513458
7632460
7996758
6712641
6191834
7145742
7113804
5312627
6462598
7903045
3421896
6533121
6222447
6926771
6132893
4331716
6252109
7133467
5332290
4811483
6097399
6933164
8033182
6281958
6522694
6257613
7233262
5812065
4366882
6287275
7123040
5321863
5032491
6862013
3431132
8330610
5458951
6652831
7540077
6459525
8598583
6303016
7519563
7934037
5452000
5628832
7384848
3561269
7617672
6858205
6538652
6902950
6449098
6159726
7018419
7449672
7774649
5127688
6809237
7249369
5448192
4918506
6838899
3557461
7409583
5608406
4683087
5518852
3717675
4867646
6860501
1826944
3747337
5428886
5775156
6208340
3538155
7225835
7716552
6619221
7835768
5825821
5768205
6410039
7626586
8536818
6735641
7825769
7304962
4844910
6765303
6475931
5845484
5556112
8217955
7655128
7125442
7565574
5764397
6770807
6916260
6325259
7725788
5924611
7074582
5835057
4033880
5954273
6865400
5625875
7546268
5745091
6541466
6905764
8047051
6434991
5623280
6935426
4544260
6142026
9253251
6726244
8017258
8381556
7051846
7416144
7691903
5161115
5525413
6675384
6161689
3634682
6872326
7033059
5961386
5672014
8012331
7087012
6797640
6121600
7271571
6240816
4230869
6151262
5861890
6031634
7629400
5942080
5652708
6652648
5796215
6631980
4830803
5980774
4741249
2940072
6281399
2850518
7749996
8042713
7248835
6249049
7368051
7732349
6448232
5477320
5841618
4557501
5048218
5268138
7638636
3157487
6277591
5958038
7429454
7403217
4067307
6437805
6148433
2176576
4547074
6467467
6178095
7768773
8656019
6258285
5968913
6968853
6226028
4102473
5147008
4335297
5057454
4768082
6597604
3166723
7654594
8018892
7565040
7275668
7639966
6403920
6038607
5749235
7475074
7165600
5364423
6034448
7954841
4673403
6593796
6274243
5799029
6184689
4383512
5983588
6345576
7510240
4863279
6544828
6891098
5183783
4654097
6574490
6309409
7145174
5343997
4418678
5254443
3453266
4603237
4993416
1562535
6462013
7290562
5510747
7881245
7591873
6961426
7452143
6354812
7382691
5561412
7481805
6880339
7436644
8271046
6471232
7561360
6590448
4580501
5670629
5149822
5581075
7852682
7826445
5179484
6861033
7301165
7743613
4970302
6651851
6625614
7288058
4761120
6810173
5570648
3769471
4919442
6481141
1878740
8532086
6797864
6277057
6641355
4907133
7277631
4750624
6671017
8352566
5877617
5588245
6461835
7752849
7913582
6787437
6498065
7065854
4896706
6236977
6977832
5897280
7587708
5786531
6768650
5696977
5407605
7747922
6822603
6533231
5857191
7007162
5976407
3966460
5886853
4085676
5767225
7364991
8483993
3876494
7114069
6593262
6957560
7965337
6913766
6106544
7704310
5023035
6193822
9223487
6148661
6984426
8074554
6333220
7264375
6183823
5212911
5577209
4293092
7181756
7903913
7374227
7084855
6013182
8449093
7165045
6262950
6558362
6173396
5884024
6292612
4282665
3993293
7884607
6083430
7681196
5993876
7519862
6773330
5961619
6957604
4882599
4070888
7630336
2991868
4589634
7700859
7390185
6914971
7300631
5499454
5863752
7005039
5238366
5979221
7210665
4609297
6299725
5770039
7690432
4408994
8261116
6979803
5534620
6370385
8191818
5719179
6081167
7245831
4598870
6280419
5991047
6990987
4389688
6543746
5100256
7089535
5079588
6999981
5198804
3188857
5109250
4729007
1298126
6197604
7026153
8070688
7258977
6265764
6697017
8617410
6090403
5801031
7976975
8417107
6607051
6086244
8006637
4725199
8577321
6326039
5850825
6686590
4885413
6035384
5641643
2994682
4915075
6596624
6942894
7307192
4705893
7286524
6361205
7023649
5395793
5106421
5306239
3505062
8404540
6216732
1614331
7614007
7342358
6012648
6376946
7518233
7013222
4486215
5702762
7300528
5613208
8028099
6932135
6612582
7649173
6523028
6351494
7092349
4632297
7002795
5201618
6883167
7904478
5522122
4992436
6912829
3631391
7483513
6558194
4757017
5592782
6501646
4941576
3702051
5622444
3821267
9184996
5849086
8219584
7684800
5587998
6328853
6693151
7700928
7329427
4802420
7439901
7774983
7120245
6839752
5884252
6720017
7674304
6068811
6458990
5919414
4948502
5109235
4028683
6917347
7639504
5838327
6820446
5748773
6963953
7799718
5998541
6585027
5908987
4107810
5705576
4018256
3728884
7455756
7239955
6615396
8535789
7255453
6890140
6645058
7009356
5725239
6215956
6435876
6800174
4325225
7436450
7125776
6200457
7036222
5235045
6385016
7316171
3344314
5714812
7000728
7292526
6035316
5505630
7426023
4144585
6871570
6715394
5270211
6105976
4824663
5454770
5844949
6105564
4334461
4045089
6362280
7556160
7732992
6279337
7571658
7206345
6916973
7162551
6355329
6532161
7202186
4464598
5841141
7761534
7441981
6966767
6994568
5551250
5915548
7513314
4110624
6031017
7712566
8058836
6351521
5821835
7742228
4460790
8312912
6511735
5586416
6422181
4621004
5770975
6161154
2730273
4650666
6332215
6678485
7111669
4441484
6595542
5220938
5716553
8272893
6729150
6439778
7313368
7728524
8023936
7638970
7349598
7758186
5748239
5458867
6317560
6748813
4221806
7909555
6347222
6548510
7763690
6667726
6138040
5872959
7228588
6939216
5928858
5902621
6738386
4937209
6087180
5693439
3046478
4728027
5877998
6994690
2837296
6074871
7338320
5918362
7838755
5447589
5067346
6755983
6535943
8920587
6836173
7955175
7665803
8030101
6064444
6428742
7578713
7065018
4538011
6954269
7352324
6864715
6575343
8915660
6664378
7409895
7024929
5223752
7144145
5134198
4844826
5253414
6934963
8084934
6845409
5044232
7555977
6699544
7535309
5734132
6884103
5644578
3843401
4993372
3753847
1952670
7316399
7680697
6350987
7500958
6991044
4460256
6380649
6744947
5460830
5951547
6171467
8541965
4060816
7180920
6861367
6386153
7045641
4970636
7341134
6510786
3079905
5450403
5161031
7081424
7251168
5241221
7161614
6872242
7168336
7129357
5005802
5841567
5238626
5190361
4159606
5757372
4070052
8557923
8082709
8468369
6667192
7031490
7307249
6406104
5312771
7869111
5777035
6267752
6487672
6222591
5567853
7497125
7177572
6702358
7088018
5286841
6886917
7248905
3846215
5766608
7448157
7158785
6087112
5557426
7477819
6267994
6923366
6247326
5322007
6157772
4356595
4067223
5896745
2465864
7365342
8193891
6414076
7748343
7433502
7519707
7575383
6554295
6968769
6464741
4663564
7774789
7253982
8168439
5892937
5573384
7044800
5483830
5194458
6053151
6484404
4683227
4162420
6082813
6284101
7499281
5632895
5873631
5608550
6758521
7353179
3717819
6274159
6473977
4672800
5822771
6212950
2782069
8781745
4809888
6003768
7544684
5810462
7949520
5653953
6870500
8233818
4802937
6491574
6735785
7780320
6968609
7690766
7401394
7969183
5800035
5510663
6369356
6800609
8491037
6689860
6160174
6600306
4799129
8651251
6189836
5924755
6760520
4959343
5980654
4869789
3068612
4989005
6670554
7016824
7450008
4779823
6755736
7496591
7479670
6576772
7067489
5970158
7651707
5176758
7097151
5760976
7051990
7887755
6086578
7236549
6726635
4195847
6116240
6276973
5196421
8085085
8036820
7006065
7988184
6916511
7566927
6121744
7166279
5676196
7076725
5275548
6873314
5185994
4896622
7213813
6986759
4976812
6897205
7925015
7522046
6864948
7860933
5785928
4974217
7603614
3895197
5492963
8604188
7394432
7368195
7732493
6402783
6767081
7908368
4512052
4876350
8113994
5512626
7203054
6673368
8593761
5312323
8039308
7363268
6437949
7273714
5472537
6622508
6984496
3581806
5502199
5212827
6894376
7894316
5293017
5003645
6003585
7222442
5982917
4181740
6102133
4092186
6012579
5632336
2201455
7100933
7929482
6599772
5599986
6718988
7083286
5799169
5278362
6509806
7830036
4399155
6248718
6989573
8671122
5628528
5308975
6780391
6754154
3418244
5788742
6938713
6544972
3898011
5818404
6729531
7119710
8210521
5609222
5344141
6319790
5576965
3453410
6009750
6209568
4408391
4119019
7120061
2517660
7806922
8245687
6915977
6626605
6990903
7685111
5389544
6606091
7276116
6516537
5915071
7835464
7305778
6704200
7426357
5625180
7096596
5535626
5364092
6104947
7254918
6861177
4214216
5895765
7045736
4534720
4005034
6585665
5660346
6496111
4694934
3769615
4605380
2804203
3954174
8532230
913472
7714539
6641499
4861684
7232182
7392915
6312363
6803080
5705749
8122007
4912349
8023574
7712900
6787581
7623346
5822169
6912297
6391490
3931438
5851831
6012564
4932012
7574052
8542833
6741656
6211970
6652102
7867282
5857335
6002788
5976551
6812316
5011139
6161110
4921585
3120408
6949404
8039532
7068620
7883023
6148801
5627994
5992292
7133579
6628568
7119285
6021954
7703503
5228554
8339779
5812772
7103786
7939551
6138374
7288345
7678524
4247643
6618141
6328769
7426254
6938645
6408959
6119587
5047914
4758542
7098859
6173540
5884168
5208128
6358099
5327344
3317397
5237790
4948418
5118162
6715928
7834930
7182666
8474987
6394304
6480509
7316274
6264703
6665068
7655410
5367927
6735591
8664863
7129241
6335363
7425491
6454579
6818877
5534760
4563848
6299869
3644029
8326523
7254850
6725164
8406713
5364119
7800030
6515982
6489745
7325510
5524333
5234961
7064483
3633602
5553995
7235544
6855301
7742547
5344813
7498871
6124267
5312556
7455647
4233536
5831302
7194620
7927325
8156639
7060675
6741122
7105420
6651568
6362196
6770784
7652142
5125135
5330158
6561602
7451839
5650662
5120976
7041369
3759931
7612053
7842545
4885557
5721322
7641715
5070116
5432104
6596768
3949807
5631356
5977626
6341924
3740625
6321256
8241649
6440472
4430525
6350918
5970675
2539794
7439272
4079944
649063
8088082
6377090
7938685
6967773
6678401
6047954
7968347
5441340
7848719
7327912
7768044
5966867
7382399
7357574
7092493
7928258
6127081
7148392
6037527
4236350
6156743
7065560
8184562
4266012
5947561
6743936
7602873
4056830
6637461
5825750
6374586
4746730
5896701
4657176
2855999
8219728
8584026
7254316
7618614
6693295
5363585
5727883
6869170
6364159
3837152
7074796
8173803
4964145
8084249
7764696
7289482
7000110
5873965
6964093
6443286
3983234
6353732
6064360
6234104
8092179
4873059
5855178
6263766
5998685
6834450
5909131
6180934
4943719
6093690
5062935
3052988
4973381
6490488
8535933
6451519
7570521
7934819
8210578
5679790
6044088
7051865
6680364
5470608
6790838
7125920
6471182
8400454
5235189
6070954
7161082
5419748
6350903
5270351
4749544
6669937
3379620
8062114
6990441
6460755
6171383
7171323
7735824
7150655
5349478
6947244
5259924
4970552
6120523
3369193
3079821
9097220
6590892
6767724
7886726
6606390
6241077
6446100
7677544
7368070
5566893
6930211
8157311
3676162
6796266
6476713
6001499
6387159
4585982
6956480
7387733
4324894
5065749
6747298
7093568
5386253
4856567
6776960
3495522
7347644
6066331
4621148
5456913
7347232
4805707
5195886
7116279
3685398
7494399
5713217
6907097
7794343
5630274
8404219
6557282
7773829
6513488
5706266
5883098
7639114
7349742
7871938
7112471
6792918
7157216
6345505
5352292
5783545
7703938
8028915
5381954
7063503
7503635
5702458
5172772
7093165
6828084
7663849
5862672
4937353
5773118
3971941
5121912
6683611
2081210
8353337
5683152
6029422
6462606
6958221
7480101
7970818
6873487
8090034
6080087
5790715
6664305
7880852
8791084
6989907
6700535
7559228
5099176
5463474
7180302
6099750
3572743
7260492
6387056
5899447
7114627
8470256
7025073
6735701
6579525
7209632
6178877
7328848
6089323
4288146
5969695
7119666
5880141
4078964
7316539
6795732
7160030
7055451
6689257
5877546
7189692
4798526
5930088
8077841
6226079
8271524
6187110
7306112
7670410
8811697
5415381
5779679
7443200
6415955
3888948
6526429
7287325
6215652
5926280
8266597
6465420
6760832
6375866
5545518
6495082
4485135
4195763
6116156
6285900
7883666
6196346
5906974
6906914
6050481
6886246
5085069
6235040
4995515
3194338
4792104
3104784
7592655
8296979
7503101
5701924
7622317
6341981
5976668
5731586
6095884
4811767
5302484
5522404
7892902
7627821
6531857
6212304
5737090
6396578
4321573
6692071
6402699
2430842
4801340
6482889
6829159
8023039
4592158
6512551
6247470
7083235
6480294
4356739
5192504
4589563
4541298
4931477
8023390
3420989
7908860
8273158
7819306
7529934
6554439
8302820
6292873
6003501
7729340
7419866
6809521
6288714
7574630
4927669
8329686
6528509
6053295
6438955
4637778
6237854
6599842
3197152
5117545
6799094
7145364
5438049
4908363
7488994
6563675
7399440
5598263
4672944
5508709
3707532
4857503
5247682
1816801
6716279
7544828
5765013
8135511
7729387
7215692
6926320
5905232
7636957
5815678
5526306
7134605
6815052
8286468
6725498
6436126
6844714
4834767
4545395
5404088
5835341
7525769
6996083
5433750
5635038
6850218
8000189
5224568
4959487
6879880
6704116
5015386
7064439
5824914
4023737
5246170
6051556
2133006
8786352
7052130
6531323
6895621
8036908
7300457
5004890
6925283
7977453
4153874
7042222
6086722
8007115
8167848
7041703
6752331
7611024
5150972
6491243
7178791
7401842
7841974
6040797
7022916
5951243
5661871
8002188
6201011
6496423
6111457
4310280
6230673
4220726
3931354
4339942
6021491
7619257
8738259
4130760
7736316
6847528
7211826
5927709
6418426
6360810
7002644
4527695
7638920
7328246
6402927
7238692
5437515
6587486
6077572
3546784
5467177
7203198
4547358
7436022
7387757
7628493
7339121
6267448
6917864
5472681
6517216
5027133
6427662
6138290
6546878
4536931
4247559
6564750
6337696
4327749
6248142
7275952
7027596
6215885
8358976
5136865
6734631
7404656
4667068
4843900
7955125
7644451
7169237
7554897
5753720
6118018
7715784
5492632
6233487
7464931
8261306
6553991
6024305
7944698
4663260
8515382
6714205
5788886
6624651
4823474
5973445
6335433
2932743
4853136
6534685
6245313
7245253
4643954
6798012
5354522
7343801
5333854
6931620
5518128
3443123
8342601
4983273
1552392
6841654
7280419
5950709
7040837
6520030
6951283
6661911
5640823
6549692
8231241
3750092
6870196
6340510
8022059
4979465
4659912
6131328
6105091
4770283
5139679
6289650
5895909
3248948
5169341
6080468
6585809
7561458
4960159
4695078
6120832
6439707
2804347
5360687
5560505
3759328
9048590
9283790
8157645
7868273
7596624
6266914
6631212
7772499
7036048
4740481
5957028
7554794
5867474
6777813
7186401
6866848
6055137
6777294
6605760
7346615
4886563
7257061
5455884
7137433
8287404
5776388
5246702
7167095
6902014
7737779
5936602
5011283
5847048
4045871
5195842
3956317
2155140
7393817
7883167
6103352
7703428
7939066
7554031
6583119
6947417
5663300
6154017
5056686
7694167
4263286
7374511
7063837
6138518
6974283
5173106
6323077
6713256
3282375
5652873
5363501
4282949
7453638
7893770
7364084
7074712
7244456
7218219
5208272
6252807
5441096
6163253
4362076
5959842
4272522
3983150
6300341
7390469
6869662
7233960
7509719
6608574
6855034
7263622
5979505
6470222
6690142
7054440
4579491
7699595
7380042
6904828
7290488
5489311
6639282
7451375
3598580
5969078
7650627
7361255
6289582
5759896
7680289
4398851
7125836
6449796
5524477
6360242
4559065
5709036
6099215
2668334
4588727
8396361
6225233
7810426
7635972
6533603
7825924
7460611
7171239
6667211
6609595
6786427
7456452
8253071
6095407
8015800
7696247
5686300
6776428
5805516
6169814
4885697
4364890
5650806
7966832
8313102
6605787
6076101
7757650
6960991
8393857
5866919
5840682
6676447
4875270
6025241
6415420
2984539
7884017
6586481
6206238
7365935
6012932
8383430
5475204
4663493
6806584
6983416
6155378
7567634
7982790
8278202
7893236
7603864
8012452
6002505
5713133
6571826
7003079
4476072
6892330
6362644
6802776
5001599
8853721
6392306
6127225
6962990
7193482
6183124
5072259
6992652
5191475
6341446
7219294
3300744
4982293
6132264
7693963
3091562
5672193
7592586
6172628
3781462
5701855
5321612
1890731
6790209
7618758
