0
12312661689
9362839878
6413018067
3463196256
513374445
12826036134
9876214323
6926392512
3976570701
1026748890
13339410579
10389588768
7439766957
4489945146
1540123335
13852785024
10902963213
7953141402
5003319591
2053497780
14366159469
11416337658
8466515847
5516694036
2566872225
14879533914
11929712103
8979890292
6030068481
3080246670
130424859
12443086548
9493264737
6543442926
3593621115
643799304
12956460993
10006639182
7056817371
4106995560
1157173749
13469835438
10520013627
7570191816
4620370005
1670548194
13983209883
11033388072
8083566261
5133744450
2183922639
14496584328
11546762517
8596940706
5647118895
2697297084
15009958773
12060136962
9110315151
6160493340
3210671529
260849718
12573511407
9623689596
6673867785
3724045974
774224163
13086885852
10137064041
7187242230
4237420419
1287598608
13600260297
10650438486
7700616675
4750794864
1800973053
14113634742
11163812931
8213991120
5264169309
2314347498
14627009187
11677187376
8727365565
5777543754
2827721943
15140383632
12190561821
9240740010
6290918199
3341096388
391274577
12703936266
9754114455
6804292644
3854470833
904649022
13217310711
10267488900
7317667089
4367845278
1418023467
13730685156
10780863345
7831041534
4881219723
1931397912
14244059601
11294237790
8344415979
5394594168
2444772357
14757434046
11807612235
8857790424
5907968613
2958146802
8324991
12320986680
9371164869
6421343058
3471521247
521699436
12834361125
9884539314
6934717503
3984895692
1035073881
13347735570
10397913759
7448091948
4498270137
1548448326
13861110015
10911288204
7961466393
5011644582
2061822771
14374484460
11424662649
8474840838
5525019027
2575197216
14887858905
11938037094
8988215283
6038393472
3088571661
138749850
12451411539
9501589728
6551767917
3601946106
652124295
12964785984
10014964173
7065142362
4115320551
1165498740
13478160429
10528338618
7578516807
4628694996
1678873185
13991534874
11041713063
8091891252
5142069441
2192247630
14504909319
11555087508
8605265697
5655443886
2705622075
15018283764
12068461953
9118640142
6168818331
3218996520
269174709
12581836398
9632014587
6682192776
3732370965
782549154
13095210843
10145389032
7195567221
4245745410
1295923599
13608585288
10658763477
7708941666
4759119855
1809298044
14121959733
11172137922
8222316111
5272494300
2322672489
14635334178
11685512367
8735690556
5785868745
2836046934
15148708623
12198886812
9249065001
6299243190
3349421379
399599568
12712261257
9762439446
6812617635
3862795824
912974013
13225635702
10275813891
7325992080
4376170269
1426348458
13739010147
10789188336
7839366525
4889544714
1939722903
14252384592
11302562781
8352740970
5402919159
2453097348
14765759037
11815937226
8866115415
5916293604
2966471793
16649982
12329311671
9379489860
6429668049
3479846238
530024427
12842686116
9892864305
6943042494
3993220683
1043398872
13356060561
10406238750
7456416939
4506595128
1556773317
13869435006
10919613195
7969791384
5019969573
2070147762
14382809451
11432987640
8483165829
5533344018
2583522207
14896183896
11946362085
8996540274
6046718463
3096896652
147074841
12459736530
9509914719
6560092908
3610271097
660449286
12973110975
10023289164
7073467353
4123645542
1173823731
13486485420
10536663609
7586841798
4637019987
1687198176
13999859865
11050038054
8100216243
5150394432
2200572621
14513234310
11563412499
8613590688
5663768877
2713947066
15026608755
12076786944
9126965133
6177143322
3227321511
277499700
12590161389
9640339578
6690517767
3740695956
790874145
13103535834
10153714023
7203892212
4254070401
1304248590
13616910279
10667088468
7717266657
4767444846
1817623035
14130284724
11180462913
8230641102
5280819291
2330997480
14643659169
11693837358
8744015547
5794193736
2844371925
15157033614
12207211803
9257389992
6307568181
3357746370
407924559
12720586248
9770764437
6820942626
3871120815
921299004
13233960693
10284138882
7334317071
4384495260
1434673449
13747335138
10797513327
7847691516
4897869705
1948047894
14260709583
11310887772
8361065961
5411244150
2461422339
14774084028
11824262217
8874440406
5924618595
2974796784
24974973
12337636662
9387814851
6437993040
3488171229
538349418
12851011107
9901189296
6951367485
4001545674
1051723863
13364385552
10414563741
7464741930
4514920119
1565098308
13877759997
10927938186
7978116375
5028294564
2078472753
14391134442
11441312631
8491490820
5541669009
2591847198
14904508887
11954687076
9004865265
6055043454
3105221643
155399832
12468061521
9518239710
6568417899
3618596088
668774277
12981435966
10031614155
7081792344
4131970533
1182148722
13494810411
10544988600
7595166789
4645344978
1695523167
14008184856
11058363045
8108541234
5158719423
2208897612
14521559301
11571737490
8621915679
5672093868
2722272057
15034933746
12085111935
9135290124
6185468313
3235646502
285824691
12598486380
9648664569
6698842758
3749020947
799199136
13111860825
10162039014
7212217203
4262395392
1312573581
13625235270
10675413459
7725591648
4775769837
1825948026
14138609715
11188787904
8238966093
5289144282
2339322471
14651984160
11702162349
8752340538
5802518727
2852696916
15165358605
12215536794
9265714983
6315893172
3366071361
416249550
12728911239
9779089428
6829267617
3879445806
929623995
13242285684
10292463873
7342642062
4392820251
1442998440
13755660129
10805838318
7856016507
4906194696
1956372885
14269034574
11319212763
8369390952
5419569141
2469747330
14782409019
11832587208
8882765397
5932943586
2983121775
33299964
12345961653
9396139842
6446318031
3496496220
546674409
12859336098
9909514287
6959692476
4009870665
1060048854
13372710543
10422888732
7473066921
4523245110
1573423299
13886084988
10936263177
7986441366
5036619555
2086797744
14399459433
11449637622
8499815811
5549994000
2600172189
14912833878
11963012067
9013190256
6063368445
3113546634
163724823
12476386512
9526564701
6576742890
3626921079
677099268
12989760957
10039939146
7090117335
4140295524
1190473713
13503135402
10553313591
7603491780
4653669969
1703848158
14016509847
11066688036
8116866225
5167044414
2217222603
14529884292
11580062481
8630240670
5680418859
2730597048
15043258737
12093436926
9143615115
6193793304
3243971493
294149682
12606811371
9656989560
6707167749
3757345938
807524127
13120185816
10170364005
7220542194
4270720383
1320898572
13633560261
10683738450
7733916639
4784094828
1834273017
14146934706
11197112895
8247291084
5297469273
2347647462
14660309151
11710487340
8760665529
5810843718
2861021907
15173683596
12223861785
9274039974
6324218163
3374396352
424574541
12737236230
9787414419
6837592608
3887770797
937948986
13250610675
10300788864
7350967053
4401145242
1451323431
13763985120
10814163309
7864341498
4914519687
1964697876
14277359565
11327537754
8377715943
5427894132
2478072321
14790734010
11840912199
8891090388
5941268577
2991446766
41624955
12354286644
9404464833
6454643022
3504821211
554999400
12867661089
9917839278
6968017467
4018195656
1068373845
13381035534
10431213723
7481391912
4531570101
1581748290
13894409979
10944588168
7994766357
5044944546
2095122735
14407784424
11457962613
8508140802
5558318991
2608497180
14921158869
11971337058
9021515247
6071693436
3121871625
172049814
12484711503
9534889692
6585067881
3635246070
685424259
12998085948
10048264137
7098442326
4148620515
1198798704
13511460393
10561638582
7611816771
4661994960
1712173149
14024834838
11075013027
8125191216
5175369405
2225547594
14538209283
11588387472
8638565661
5688743850
2738922039
15051583728
12101761917
9151940106
6202118295
3252296484
302474673
12615136362
9665314551
6715492740
3765670929
815849118
13128510807
10178688996
7228867185
4279045374
1329223563
13641885252
10692063441
7742241630
4792419819
1842598008
14155259697
11205437886
8255616075
5305794264
2355972453
14668634142
11718812331
8768990520
5819168709
2869346898
15182008587
12232186776
9282364965
6332543154
3382721343
432899532
12745561221
9795739410
6845917599
3896095788
946273977
13258935666
10309113855
7359292044
4409470233
1459648422
13772310111
10822488300
7872666489
4922844678
1973022867
14285684556
11335862745
8386040934
5436219123
2486397312
14799059001
11849237190
8899415379
5949593568
2999771757
49949946
12362611635
9412789824
6462968013
3513146202
563324391
12875986080
9926164269
6976342458
4026520647
1076698836
13389360525
10439538714
7489716903
4539895092
1590073281
13902734970
10952913159
8003091348
5053269537
2103447726
14416109415
11466287604
8516465793
5566643982
2616822171
14929483860
11979662049
9029840238
6080018427
3130196616
180374805
12493036494
9543214683
6593392872
3643571061
693749250
13006410939
10056589128
7106767317
4156945506
1207123695
13519785384
10569963573
7620141762
4670319951
1720498140
14033159829
11083338018
8133516207
5183694396
2233872585
14546534274
11596712463
8646890652
5697068841
2747247030
15059908719
12110086908
9160265097
6210443286
3260621475
310799664
12623461353
9673639542
6723817731
3773995920
824174109
13136835798
10187013987
7237192176
4287370365
1337548554
13650210243
10700388432
7750566621
4800744810
1850922999
14163584688
11213762877
8263941066
5314119255
2364297444
14676959133
11727137322
8777315511
5827493700
2877671889
15190333578
12240511767
9290689956
6340868145
3391046334
441224523
12753886212
9804064401
6854242590
3904420779
954598968
13267260657
10317438846
7367617035
4417795224
1467973413
13780635102
10830813291
7880991480
4931169669
1981347858
14294009547
11344187736
8394365925
5444544114
2494722303
14807383992
11857562181
8907740370
5957918559
3008096748
58274937
12370936626
9421114815
6471293004
3521471193
571649382
12884311071
9934489260
6984667449
4034845638
1085023827
13397685516
10447863705
7498041894
4548220083
1598398272
13911059961
10961238150
8011416339
5061594528
2111772717
14424434406
11474612595
8524790784
5574968973
2625147162
14937808851
11987987040
9038165229
6088343418
3138521607
188699796
12501361485
9551539674
6601717863
3651896052
702074241
13014735930
10064914119
7115092308
4165270497
1215448686
13528110375
10578288564
7628466753
4678644942
1728823131
14041484820
11091663009
8141841198
5192019387
2242197576
14554859265
11605037454
8655215643
5705393832
2755572021
15068233710
12118411899
9168590088
6218768277
3268946466
319124655
12631786344
9681964533
6732142722
3782320911
832499100
13145160789
10195338978
7245517167
4295695356
1345873545
13658535234
10708713423
7758891612
4809069801
1859247990
14171909679
11222087868
8272266057
5322444246
2372622435
14685284124
11735462313
8785640502
5835818691
2885996880
15198658569
12248836758
9299014947
6349193136
3399371325
449549514
12762211203
9812389392
6862567581
3912745770
962923959
13275585648
10325763837
7375942026
4426120215
1476298404
13788960093
10839138282
7889316471
4939494660
1989672849
14302334538
11352512727
8402690916
5452869105
2503047294
14815708983
11865887172
8916065361
5966243550
3016421739
66599928
12379261617
9429439806
6479617995
3529796184
579974373
12892636062
9942814251
6992992440
4043170629
1093348818
13406010507
10456188696
7506366885
4556545074
1606723263
13919384952
10969563141
8019741330
5069919519
2120097708
14432759397
11482937586
8533115775
5583293964
2633472153
14946133842
11996312031
9046490220
6096668409
3146846598
197024787
12509686476
9559864665
6610042854
3660221043
710399232
13023060921
10073239110
7123417299
4173595488
1223773677
13536435366
10586613555
7636791744
4686969933
1737148122
14049809811
11099988000
8150166189
5200344378
2250522567
14563184256
11613362445
8663540634
5713718823
2763897012
15076558701
12126736890
9176915079
6227093268
3277271457
327449646
12640111335
9690289524
6740467713
3790645902
840824091
13153485780
10203663969
7253842158
4304020347
1354198536
13666860225
10717038414
7767216603
4817394792
1867572981
14180234670
11230412859
8280591048
5330769237
2380947426
14693609115
11743787304
8793965493
5844143682
2894321871
15206983560
12257161749
9307339938
6357518127
3407696316
457874505
12770536194
9820714383
6870892572
3921070761
971248950
13283910639
10334088828
7384267017
4434445206
1484623395
13797285084
10847463273
7897641462
4947819651
1997997840
14310659529
11360837718
8411015907
5461194096
2511372285
14824033974
11874212163
8924390352
5974568541
3024746730
74924919
12387586608
9437764797
6487942986
3538121175
588299364
12900961053
9951139242
7001317431
4051495620
1101673809
13414335498
10464513687
7514691876
4564870065
1615048254
13927709943
10977888132
8028066321
5078244510
2128422699
14441084388
11491262577
8541440766
5591618955
2641797144
14954458833
12004637022
9054815211
6104993400
3155171589
205349778
12518011467
9568189656
6618367845
3668546034
718724223
13031385912
10081564101
7131742290
4181920479
1232098668
13544760357
10594938546
7645116735
4695294924
1745473113
14058134802
11108312991
8158491180
5208669369
2258847558
14571509247
11621687436
8671865625
5722043814
2772222003
15084883692
12135061881
9185240070
6235418259
3285596448
335774637
12648436326
9698614515
6748792704
3798970893
849149082
13161810771
10211988960
7262167149
4312345338
1362523527
13675185216
10725363405
7775541594
4825719783
1875897972
14188559661
11238737850
8288916039
5339094228
2389272417
14701934106
11752112295
8802290484
5852468673
2902646862
15215308551
12265486740
9315664929
6365843118
3416021307
466199496
12778861185
9829039374
6879217563
3929395752
979573941
13292235630
10342413819
7392592008
4442770197
1492948386
13805610075
10855788264
7905966453
4956144642
2006322831
14318984520
11369162709
8419340898
5469519087
2519697276
14832358965
11882537154
8932715343
5982893532
3033071721
83249910
12395911599
9446089788
6496267977
3546446166
596624355
12909286044
9959464233
7009642422
4059820611
1109998800
13422660489
10472838678
7523016867
4573195056
1623373245
13936034934
10986213123
8036391312
5086569501
2136747690
14449409379
11499587568
8549765757
5599943946
2650122135
14962783824
12012962013
9063140202
6113318391
3163496580
213674769
12526336458
9576514647
6626692836
3676871025
727049214
13039710903
10089889092
7140067281
4190245470
1240423659
13553085348
10603263537
7653441726
4703619915
1753798104
14066459793
11116637982
8166816171
5216994360
2267172549
14579834238
11630012427
8680190616
5730368805
2780546994
15093208683
12143386872
9193565061
6243743250
3293921439
344099628
12656761317
9706939506
6757117695
3807295884
857474073
13170135762
10220313951
7270492140
4320670329
1370848518
13683510207
10733688396
7783866585
4834044774
1884222963
14196884652
11247062841
8297241030
5347419219
2397597408
14710259097
11760437286
8810615475
5860793664
2910971853
15223633542
12273811731
9323989920
6374168109
3424346298
474524487
12787186176
9837364365
6887542554
3937720743
987898932
13300560621
10350738810
7400916999
4451095188
1501273377
13813935066
10864113255
7914291444
4964469633
2014647822
14327309511
11377487700
8427665889
5477844078
2528022267
14840683956
11890862145
8941040334
5991218523
3041396712
91574901
12404236590
9454414779
6504592968
3554771157
604949346
12917611035
9967789224
7017967413
4068145602
1118323791
13430985480
10481163669
7531341858
4581520047
1631698236
13944359925
10994538114
8044716303
5094894492
2145072681
14457734370
11507912559
8558090748
5608268937
2658447126
14971108815
12021287004
9071465193
6121643382
3171821571
221999760
12534661449
9584839638
6635017827
3685196016
735374205
13048035894
10098214083
7148392272
4198570461
1248748650
13561410339
10611588528
7661766717
4711944906
1762123095
14074784784
11124962973
8175141162
5225319351
2275497540
14588159229
11638337418
8688515607
5738693796
2788871985
15101533674
12151711863
9201890052
6252068241
3302246430
352424619
12665086308
9715264497
6765442686
3815620875
865799064
13178460753
10228638942
7278817131
4328995320
1379173509
13691835198
10742013387
7792191576
4842369765
1892547954
14205209643
11255387832
8305566021
5355744210
2405922399
14718584088
11768762277
8818940466
5869118655
2919296844
15231958533
12282136722
9332314911
6382493100
3432671289
482849478
12795511167
9845689356
6895867545
3946045734
996223923
13308885612
10359063801
7409241990
4459420179
1509598368
13822260057
10872438246
7922616435
4972794624
2022972813
14335634502
11385812691
8435990880
5486169069
2536347258
14849008947
11899187136
8949365325
5999543514
3049721703
99899892
12412561581
9462739770
6512917959
3563096148
613274337
12925936026
9976114215
7026292404
4076470593
1126648782
13439310471
10489488660
7539666849
4589845038
1640023227
13952684916
11002863105
8053041294
5103219483
2153397672
14466059361
11516237550
8566415739
5616593928
2666772117
14979433806
12029611995
9079790184
6129968373
3180146562
230324751
12542986440
9593164629
6643342818
3693521007
743699196
13056360885
10106539074
7156717263
4206895452
1257073641
13569735330
10619913519
7670091708
4720269897
1770448086
14083109775
11133287964
8183466153
5233644342
2283822531
14596484220
11646662409
8696840598
5747018787
2797196976
15109858665
12160036854
9210215043
6260393232
3310571421
360749610
12673411299
9723589488
6773767677
3823945866
874124055
13186785744
10236963933
7287142122
4337320311
1387498500
13700160189
10750338378
7800516567
4850694756
1900872945
14213534634
11263712823
8313891012
5364069201
2414247390
14726909079
11777087268
8827265457
5877443646
2927621835
15240283524
12290461713
9340639902
6390818091
3440996280
491174469
12803836158
9854014347
6904192536
3954370725
1004548914
13317210603
10367388792
7417566981
4467745170
1517923359
13830585048
10880763237
7930941426
4981119615
2031297804
14343959493
11394137682
8444315871
5494494060
2544672249
14857333938
11907512127
8957690316
6007868505
3058046694
108224883
12420886572
9471064761
6521242950
3571421139
621599328
12934261017
9984439206
7034617395
4084795584
1134973773
13447635462
10497813651
7547991840
4598170029
1648348218
13961009907
11011188096
8061366285
5111544474
2161722663
14474384352
11524562541
8574740730
5624918919
2675097108
14987758797
12037936986
9088115175
6138293364
3188471553
238649742
12551311431
9601489620
6651667809
3701845998
752024187
13064685876
10114864065
7165042254
4215220443
1265398632
13578060321
10628238510
7678416699
4728594888
1778773077
14091434766
11141612955
8191791144
5241969333
2292147522
14604809211
11654987400
8705165589
5755343778
2805521967
15118183656
12168361845
9218540034
6268718223
3318896412
369074601
12681736290
9731914479
6782092668
3832270857
882449046
13195110735
10245288924
7295467113
4345645302
1395823491
13708485180
10758663369
7808841558
4859019747
1909197936
14221859625
11272037814
8322216003
5372394192
2422572381
14735234070
11785412259
8835590448
5885768637
2935946826
15248608515
12298786704
9348964893
6399143082
3449321271
499499460
12812161149
9862339338
6912517527
3962695716
1012873905
13325535594
10375713783
7425891972
4476070161
1526248350
13838910039
10889088228
7939266417
4989444606
2039622795
14352284484
11402462673
8452640862
5502819051
2552997240
14865658929
11915837118
8966015307
6016193496
3066371685
116549874
12429211563
9479389752
6529567941
3579746130
629924319
12942586008
9992764197
7042942386
4093120575
1143298764
13455960453
10506138642
7556316831
4606495020
1656673209
13969334898
11019513087
8069691276
5119869465
2170047654
14482709343
11532887532
8583065721
5633243910
2683422099
14996083788
12046261977
9096440166
6146618355
3196796544
246974733
12559636422
9609814611
6659992800
3710170989
760349178
13073010867
10123189056
7173367245
4223545434
1273723623
13586385312
10636563501
7686741690
4736919879
1787098068
14099759757
11149937946
8200116135
5250294324
2300472513
14613134202
11663312391
8713490580
5763668769
2813846958
15126508647
12176686836
9226865025
6277043214
3327221403
377399592
12690061281
9740239470
6790417659
3840595848
890774037
13203435726
10253613915
7303792104
4353970293
1404148482
13716810171
10766988360
7817166549
4867344738
1917522927
14230184616
11280362805
8330540994
5380719183
2430897372
14743559061
11793737250
8843915439
5894093628
2944271817
15256933506
12307111695
9357289884
6407468073
3457646262
507824451
12820486140
9870664329
6920842518
3971020707
1021198896
13333860585
10384038774
7434216963
4484395152
1534573341
13847235030
10897413219
7947591408
4997769597
2047947786
14360609475
11410787664
8460965853
5511144042
2561322231
14873983920
11924162109
8974340298
6024518487
3074696676
124874865
12437536554
9487714743
6537892932
3588071121
638249310
12950910999
10001089188
7051267377
4101445566
1151623755
13464285444
10514463633
7564641822
4614820011
1664998200
13977659889
11027838078
8078016267
5128194456
2178372645
14491034334
11541212523
8591390712
5641568901
2691747090
15004408779
12054586968
9104765157
6154943346
3205121535
255299724
12567961413
9618139602
6668317791
3718495980
768674169
13081335858
10131514047
7181692236
4231870425
1282048614
13594710303
10644888492
7695066681
4745244870
1795423059
14108084748
11158262937
8208441126
5258619315
2308797504
14621459193
11671637382
8721815571
5771993760
2822171949
15134833638
12185011827
9235190016
6285368205
3335546394
385724583
12698386272
9748564461
6798742650
3848920839
899099028
13211760717
10261938906
7312117095
4362295284
1412473473
13725135162
10775313351
7825491540
4875669729
1925847918
14238509607
11288687796
8338865985
5389044174
2439222363
14751884052
11802062241
8852240430
5902418619
2952596808
2774997
12315436686
9365614875
6415793064
3465971253
516149442
12828811131
9878989320
6929167509
3979345698
1029523887
13342185576
10392363765
7442541954
4492720143
1542898332
13855560021
10905738210
7955916399
5006094588
2056272777
14368934466
11419112655
8469290844
5519469033
2569647222
14882308911
11932487100
8982665289
6032843478
3083021667
133199856
12445861545
9496039734
6546217923
3596396112
646574301
12959235990
10009414179
7059592368
4109770557
1159948746
13472610435
10522788624
7572966813
4623145002
1673323191
13985984880
11036163069
8086341258
5136519447
2186697636
14499359325
11549537514
8599715703
5649893892
2700072081
15012733770
12062911959
9113090148
6163268337
3213446526
263624715
12576286404
9626464593
6676642782
3726820971
776999160
13089660849
10139839038
7190017227
4240195416
1290373605
13603035294
10653213483
7703391672
4753569861
1803748050
14116409739
11166587928
8216766117
5266944306
2317122495
14629784184
11679962373
8730140562
5780318751
2830496940
15143158629
12193336818
9243515007
6293693196
3343871385
394049574
12706711263
9756889452
6807067641
3857245830
907424019
13220085708
10270263897
7320442086
4370620275
1420798464
13733460153
10783638342
7833816531
4883994720
1934172909
14246834598
11297012787
8347190976
5397369165
2447547354
14760209043
11810387232
8860565421
5910743610
2960921799
11099988
12323761677
9373939866
6424118055
3474296244
524474433
12837136122
9887314311
6937492500
3987670689
1037848878
13350510567
10400688756
7450866945
4501045134
1551223323
13863885012
10914063201
7964241390
5014419579
2064597768
14377259457
11427437646
8477615835
5527794024
2577972213
14890633902
11940812091
8990990280
6041168469
3091346658
141524847
12454186536
9504364725
6554542914
3604721103
654899292
12967560981
10017739170
7067917359
4118095548
1168273737
13480935426
10531113615
7581291804
4631469993
1681648182
13994309871
11044488060
8094666249
5144844438
2195022627
14507684316
11557862505
8608040694
5658218883
2708397072
15021058761
12071236950
9121415139
6171593328
3221771517
271949706
12584611395
9634789584
6684967773
3735145962
785324151
13097985840
10148164029
7198342218
4248520407
1298698596
13611360285
10661538474
7711716663
4761894852
1812073041
14124734730
11174912919
8225091108
5275269297
2325447486
14638109175
11688287364
8738465553
5788643742
2838821931
15151483620
12201661809
9251839998
6302018187
3352196376
402374565
12715036254
9765214443
6815392632
3865570821
915749010
13228410699
10278588888
7328767077
4378945266
1429123455
13741785144
10791963333
7842141522
4892319711
1942497900
14255159589
11305337778
8355515967
5405694156
2455872345
14768534034
11818712223
8868890412
5919068601
2969246790
19424979
12332086668
9382264857
6432443046
3482621235
532799424
12845461113
9895639302
6945817491
3995995680
1046173869
13358835558
10409013747
7459191936
4509370125
1559548314
13872210003
10922388192
7972566381
5022744570
2072922759
14385584448
11435762637
8485940826
5536119015
2586297204
14898958893
11949137082
8999315271
6049493460
3099671649
149849838
12462511527
9512689716
6562867905
3613046094
663224283
12975885972
10026064161
7076242350
4126420539
1176598728
13489260417
10539438606
7589616795
4639794984
1689973173
14002634862
11052813051
8102991240
5153169429
2203347618
14516009307
11566187496
8616365685
5666543874
2716722063
15029383752
12079561941
9129740130
6179918319
3230096508
280274697
12592936386
9643114575
6693292764
3743470953
793649142
13106310831
10156489020
7206667209
4256845398
1307023587
13619685276
10669863465
7720041654
4770219843
1820398032
14133059721
11183237910
8233416099
5283594288
2333772477
14646434166
11696612355
8746790544
5796968733
2847146922
15159808611
12209986800
9260164989
6310343178
3360521367
410699556
12723361245
9773539434
6823717623
3873895812
924074001
13236735690
10286913879
7337092068
4387270257
1437448446
13750110135
10800288324
7850466513
4900644702
1950822891
14263484580
11313662769
8363840958
5414019147
2464197336
14776859025
11827037214
8877215403
5927393592
2977571781
27749970
12340411659
9390589848
6440768037
3490946226
541124415
12853786104
9903964293
6954142482
4004320671
1054498860
13367160549
10417338738
7467516927
4517695116
1567873305
13880534994
10930713183
7980891372
5031069561
2081247750
14393909439
11444087628
8494265817
5544444006
2594622195
14907283884
11957462073
9007640262
6057818451
3107996640
158174829
12470836518
9521014707
6571192896
3621371085
671549274
12984210963
10034389152
7084567341
4134745530
1184923719
13497585408
10547763597
7597941786
4648119975
1698298164
14010959853
11061138042
8111316231
5161494420
2211672609
14524334298
11574512487
8624690676
5674868865
2725047054
15037708743
12087886932
9138065121
6188243310
3238421499
288599688
12601261377
9651439566
6701617755
3751795944
801974133
13114635822
10164814011
7214992200
4265170389
1315348578
13628010267
10678188456
7728366645
4778544834
1828723023
14141384712
11191562901
8241741090
5291919279
2342097468
14654759157
11704937346
8755115535
5805293724
2855471913
15168133602
12218311791
9268489980
6318668169
3368846358
419024547
12731686236
9781864425
6832042614
3882220803
932398992
13245060681
10295238870
7345417059
4395595248
1445773437
13758435126
10808613315
7858791504
4908969693
1959147882
14271809571
11321987760
8372165949
5422344138
2472522327
14785184016
11835362205
8885540394
5935718583
2985896772
36074961
12348736650
9398914839
6449093028
3499271217
549449406
12862111095
9912289284
6962467473
4012645662
1062823851
13375485540
10425663729
7475841918
4526020107
1576198296
13888859985
10939038174
7989216363
5039394552
2089572741
14402234430
11452412619
8502590808
5552768997
2602947186
14915608875
11965787064
9015965253
6066143442
3116321631
166499820
12479161509
9529339698
6579517887
3629696076
679874265
12992535954
10042714143
7092892332
4143070521
1193248710
13505910399
10556088588
7606266777
4656444966
1706623155
14019284844
11069463033
8119641222
5169819411
2219997600
14532659289
11582837478
8633015667
5683193856
2733372045
15046033734
12096211923
9146390112
6196568301
3246746490
296924679
12609586368
9659764557
6709942746
3760120935
810299124
13122960813
10173139002
7223317191
4273495380
1323673569
13636335258
10686513447
7736691636
4786869825
1837048014
14149709703
11199887892
8250066081
5300244270
2350422459
14663084148
11713262337
8763440526
5813618715
2863796904
15176458593
12226636782
9276814971
6326993160
3377171349
427349538
12740011227
9790189416
6840367605
3890545794
940723983
13253385672
10303563861
7353742050
4403920239
1454098428
13766760117
10816938306
7867116495
4917294684
1967472873
14280134562
11330312751
8380490940
5430669129
2480847318
14793509007
11843687196
8893865385
5944043574
2994221763
44399952
12357061641
9407239830
6457418019
3507596208
557774397
12870436086
9920614275
6970792464
4020970653
1071148842
13383810531
10433988720
7484166909
4534345098
1584523287
13897184976
10947363165
7997541354
5047719543
2097897732
14410559421
11460737610
8510915799
5561093988
2611272177
14923933866
11974112055
9024290244
6074468433
3124646622
174824811
12487486500
9537664689
6587842878
3638021067
688199256
13000860945
10051039134
7101217323
4151395512
1201573701
13514235390
10564413579
7614591768
4664769957
1714948146
14027609835
11077788024
8127966213
5178144402
2228322591
14540984280
11591162469
8641340658
5691518847
2741697036
15054358725
12104536914
9154715103
6204893292
3255071481
305249670
12617911359
9668089548
6718267737
3768445926
818624115
13131285804
10181463993
7231642182
4281820371
1331998560
13644660249
10694838438
7745016627
4795194816
1845373005
14158034694
11208212883
8258391072
5308569261
2358747450
14671409139
11721587328
8771765517
5821943706
2872121895
15184783584
12234961773
9285139962
6335318151
3385496340
435674529
12748336218
9798514407
6848692596
3898870785
949048974
13261710663
10311888852
7362067041
4412245230
1462423419
13775085108
10825263297
7875441486
4925619675
1975797864
14288459553
11338637742
8388815931
5438994120
2489172309
14801833998
11852012187
8902190376
5952368565
3002546754
52724943
12365386632
9415564821
6465743010
3515921199
566099388
12878761077
9928939266
6979117455
4029295644
1079473833
13392135522
10442313711
7492491900
4542670089
1592848278
13905509967
10955688156
8005866345
5056044534
2106222723
14418884412
11469062601
8519240790
5569418979
2619597168
14932258857
11982437046
9032615235
6082793424
3132971613
183149802
12495811491
9545989680
6596167869
3646346058
696524247
13009185936
10059364125
7109542314
4159720503
1209898692
13522560381
10572738570
7622916759
4673094948
1723273137
14035934826
11086113015
8136291204
5186469393
2236647582
14549309271
11599487460
8649665649
5699843838
2750022027
15062683716
12112861905
9163040094
6213218283
3263396472
313574661
12626236350
9676414539
6726592728
3776770917
826949106
13139610795
10189788984
7239967173
4290145362
1340323551
13652985240
10703163429
7753341618
4803519807
1853697996
14166359685
11216537874
8266716063
5316894252
2367072441
14679734130
11729912319
8780090508
5830268697
2880446886
15193108575
12243286764
9293464953
6343643142
3393821331
443999520
12756661209
9806839398
6857017587
3907195776
957373965
13270035654
10320213843
7370392032
4420570221
1470748410
13783410099
10833588288
7883766477
4933944666
1984122855
14296784544
11346962733
8397140922
5447319111
2497497300
14810158989
11860337178
8910515367
5960693556
3010871745
61049934
12373711623
9423889812
6474068001
3524246190
574424379
12887086068
9937264257
6987442446
4037620635
1087798824
13400460513
10450638702
7500816891
4550995080
1601173269
13913834958
10964013147
8014191336
5064369525
2114547714
14427209403
11477387592
8527565781
5577743970
2627922159
14940583848
11990762037
9040940226
6091118415
3141296604
191474793
12504136482
9554314671
6604492860
3654671049
704849238
13017510927
10067689116
7117867305
4168045494
1218223683
13530885372
10581063561
7631241750
4681419939
1731598128
14044259817
11094438006
8144616195
5194794384
2244972573
14557634262
11607812451
8657990640
5708168829
2758347018
15071008707
12121186896
9171365085
6221543274
3271721463
321899652
12634561341
9684739530
6734917719
3785095908
835274097
13147935786
10198113975
7248292164
4298470353
1348648542
13661310231
10711488420
7761666609
4811844798
1862022987
14174684676
11224862865
8275041054
5325219243
2375397432
14688059121
11738237310
8788415499
5838593688
2888771877
15201433566
12251611755
9301789944
6351968133
3402146322
452324511
12764986200
9815164389
6865342578
3915520767
965698956
13278360645
10328538834
7378717023
4428895212
1479073401
13791735090
10841913279
7892091468
4942269657
1992447846
14305109535
11355287724
8405465913
5455644102
2505822291
14818483980
11868662169
8918840358
5969018547
3019196736
69374925
12382036614
9432214803
6482392992
3532571181
582749370
12895411059
9945589248
6995767437
4045945626
1096123815
13408785504
10458963693
7509141882
4559320071
1609498260
13922159949
10972338138
8022516327
5072694516
2122872705
14435534394
11485712583
8535890772
5586068961
2636247150
14948908839
11999087028
9049265217
6099443406
3149621595
199799784
12512461473
9562639662
6612817851
3662996040
713174229
13025835918
10076014107
7126192296
4176370485
1226548674
13539210363
10589388552
7639566741
4689744930
1739923119
14052584808
11102762997
8152941186
5203119375
2253297564
14565959253
11616137442
8666315631
5716493820
2766672009
15079333698
12129511887
9179690076
6229868265
3280046454
330224643
12642886332
9693064521
6743242710
3793420899
843599088
13156260777
10206438966
7256617155
4306795344
1356973533
13669635222
10719813411
7769991600
4820169789
1870347978
14183009667
11233187856
8283366045
5333544234
2383722423
14696384112
11746562301
8796740490
5846918679
2897096868
15209758557
12259936746
9310114935
6360293124
3410471313
460649502
12773311191
9823489380
6873667569
3923845758
974023947
13286685636
10336863825
7387042014
4437220203
1487398392
13800060081
10850238270
7900416459
4950594648
2000772837
14313434526
11363612715
8413790904
5463969093
2514147282
14826808971
11876987160
8927165349
5977343538
3027521727
77699916
12390361605
9440539794
6490717983
3540896172
591074361
12903736050
9953914239
7004092428
4054270617
1104448806
13417110495
10467288684
7517466873
4567645062
1617823251
13930484940
10980663129
8030841318
5081019507
2131197696
14443859385
11494037574
8544215763
5594393952
2644572141
14957233830
12007412019
9057590208
6107768397
3157946586
208124775
12520786464
9570964653
6621142842
3671321031
721499220
13034160909
10084339098
7134517287
4184695476
1234873665
13547535354
10597713543
7647891732
4698069921
1748248110
14060909799
11111087988
8161266177
5211444366
2261622555
14574284244
11624462433
8674640622
5724818811
2774997000
15087658689
12137836878
9188015067
6238193256
3288371445
338549634
12651211323
9701389512
6751567701
3801745890
851924079
13164585768
10214763957
7264942146
4315120335
1365298524
13677960213
10728138402
7778316591
4828494780
1878672969
14191334658
11241512847
8291691036
5341869225
2392047414
14704709103
11754887292
8805065481
5855243670
2905421859
15218083548
12268261737
9318439926
6368618115
3418796304
468974493
12781636182
9831814371
6881992560
3932170749
982348938
13295010627
10345188816
7395367005
4445545194
1495723383
13808385072
10858563261
7908741450
4958919639
2009097828
14321759517
11371937706
8422115895
5472294084
2522472273
14835133962
11885312151
8935490340
5985668529
3035846718
86024907
12398686596
9448864785
6499042974
3549221163
599399352
12912061041
9962239230
7012417419
4062595608
1112773797
13425435486
10475613675
7525791864
4575970053
1626148242
13938809931
10988988120
8039166309
5089344498
2139522687
14452184376
11502362565
8552540754
5602718943
2652897132
14965558821
12015737010
9065915199
6116093388
3166271577
216449766
12529111455
9579289644
6629467833
3679646022
729824211
13042485900
10092664089
7142842278
4193020467
1243198656
13555860345
10606038534
7656216723
4706394912
1756573101
14069234790
11119412979
8169591168
5219769357
2269947546
14582609235
11632787424
8682965613
5733143802
2783321991
15095983680
12146161869
9196340058
6246518247
3296696436
346874625
12659536314
9709714503
6759892692
3810070881
860249070
13172910759
10223088948
7273267137
4323445326
1373623515
13686285204
10736463393
7786641582
4836819771
1886997960
14199659649
11249837838
8300016027
5350194216
2400372405
14713034094
11763212283
8813390472
5863568661
2913746850
15226408539
12276586728
9326764917
6376943106
3427121295
477299484
12789961173
9840139362
6890317551
3940495740
990673929
13303335618
10353513807
7403691996
4453870185
1504048374
13816710063
10866888252
7917066441
4967244630
2017422819
14330084508
11380262697
8430440886
5480619075
2530797264
14843458953
11893637142
8943815331
5993993520
3044171709
94349898
12407011587
9457189776
6507367965
3557546154
607724343
12920386032
9970564221
7020742410
4070920599
1121098788
13433760477
10483938666
7534116855
4584295044
1634473233
13947134922
10997313111
8047491300
5097669489
2147847678
14460509367
11510687556
8560865745
5611043934
2661222123
14973883812
12024062001
9074240190
6124418379
3174596568
224774757
12537436446
9587614635
6637792824
3687971013
738149202
13050810891
10100989080
7151167269
4201345458
1251523647
13564185336
10614363525
7664541714
4714719903
1764898092
14077559781
11127737970
8177916159
5228094348
2278272537
14590934226
11641112415
8691290604
5741468793
2791646982
15104308671
12154486860
9204665049
6254843238
3305021427
355199616
12667861305
9718039494
6768217683
3818395872
868574061
13181235750
10231413939
7281592128
4331770317
1381948506
13694610195
10744788384
7794966573
4845144762
1895322951
14207984640
11258162829
8308341018
5358519207
2408697396
14721359085
11771537274
8821715463
5871893652
2922071841
15234733530
12284911719
9335089908
6385268097
3435446286
485624475
12798286164
9848464353
6898642542
3948820731
998998920
13311660609
10361838798
7412016987
4462195176
1512373365
13825035054
10875213243
7925391432
4975569621
2025747810
14338409499
11388587688
8438765877
5488944066
2539122255
14851783944
11901962133
8952140322
6002318511
3052496700
102674889
12415336578
9465514767
6515692956
3565871145
616049334
12928711023
9978889212
7029067401
4079245590
1129423779
13442085468
10492263657
7542441846
4592620035
1642798224
13955459913
11005638102
8055816291
5105994480
2156172669
14468834358
11519012547
8569190736
5619368925
2669547114
14982208803
12032386992
9082565181
6132743370
3182921559
233099748
12545761437
9595939626
6646117815
3696296004
746474193
13059135882
10109314071
7159492260
4209670449
1259848638
13572510327
10622688516
7672866705
4723044894
1773223083
14085884772
11136062961
8186241150
5236419339
2286597528
14599259217
11649437406
8699615595
5749793784
2799971973
15112633662
12162811851
9212990040
6263168229
3313346418
363524607
12676186296
9726364485
6776542674
3826720863
876899052
13189560741
10239738930
7289917119
4340095308
1390273497
13702935186
10753113375
7803291564
4853469753
1903647942
14216309631
11266487820
8316666009
5366844198
2417022387
14729684076
11779862265
8830040454
5880218643
2930396832
15243058521
12293236710
9343414899
6393593088
3443771277
493949466
12806611155
9856789344
6906967533
3957145722
1007323911
13319985600
10370163789
7420341978
4470520167
1520698356
13833360045
10883538234
7933716423
4983894612
2034072801
14346734490
11396912679
8447090868
5497269057
2547447246
14860108935
11910287124
8960465313
6010643502
3060821691
110999880
12423661569
9473839758
6524017947
3574196136
624374325
12937036014
9987214203
7037392392
4087570581
1137748770
13450410459
10500588648
7550766837
4600945026
1651123215
13963784904
11013963093
8064141282
5114319471
2164497660
14477159349
11527337538
8577515727
5627693916
2677872105
14990533794
12040711983
9090890172
6141068361
3191246550
241424739
12554086428
9604264617
6654442806
3704620995
754799184
13067460873
10117639062
7167817251
4217995440
1268173629
13580835318
10631013507
7681191696
4731369885
1781548074
14094209763
11144387952
8194566141
5244744330
2294922519
14607584208
11657762397
8707940586
5758118775
2808296964
15120958653
12171136842
9221315031
6271493220
3321671409
371849598
12684511287
9734689476
6784867665
3835045854
885224043
13197885732
10248063921
7298242110
4348420299
1398598488
13711260177
10761438366
7811616555
4861794744
1911972933
14224634622
11274812811
8324991000
5375169189
2425347378
14738009067
11788187256
8838365445
5888543634
2938721823
15251383512
12301561701
9351739890
6401918079
3452096268
502274457
12814936146
9865114335
6915292524
3965470713
1015648902
13328310591
10378488780
7428666969
4478845158
1529023347
13841685036
10891863225
7942041414
4992219603
2042397792
14355059481
11405237670
8455415859
5505594048
2555772237
14868433926
11918612115
8968790304
6018968493
3069146682
119324871
12431986560
9482164749
6532342938
3582521127
632699316
12945361005
9995539194
7045717383
4095895572
1146073761
13458735450
10508913639
7559091828
4609270017
1659448206
13972109895
11022288084
8072466273
5122644462
2172822651
14485484340
11535662529
8585840718
5636018907
2686197096
14998858785
12049036974
9099215163
6149393352
3199571541
249749730
12562411419
9612589608
6662767797
3712945986
763124175
13075785864
10125964053
7176142242
4226320431
1276498620
13589160309
10639338498
7689516687
4739694876
1789873065
14102534754
11152712943
8202891132
5253069321
2303247510
14615909199
11666087388
8716265577
5766443766
2816621955
15129283644
12179461833
9229640022
6279818211
3329996400
380174589
12692836278
9743014467
6793192656
3843370845
893549034
13206210723
10256388912
7306567101
4356745290
1406923479
13719585168
10769763357
7819941546
4870119735
1920297924
14232959613
11283137802
8333315991
5383494180
2433672369
14746334058
11796512247
8846690436
5896868625
2947046814
15259708503
12309886692
9360064881
6410243070
3460421259
510599448
12823261137
9873439326
6923617515
3973795704
1023973893
13336635582
10386813771
7436991960
4487170149
1537348338
13850010027
10900188216
7950366405
5000544594
2050722783
14363384472
11413562661
8463740850
5513919039
2564097228
14876758917
11926937106
8977115295
6027293484
3077471673
127649862
12440311551
9490489740
6540667929
3590846118
641024307
12953685996
10003864185
7054042374
4104220563
1154398752
13467060441
10517238630
7567416819
4617595008
1667773197
13980434886
11030613075
8080791264
5130969453
2181147642
14493809331
11543987520
8594165709
5644343898
2694522087
15007183776
12057361965
9107540154
6157718343
3207896532
258074721
12570736410
9620914599
6671092788
3721270977
771449166
13084110855
10134289044
7184467233
4234645422
1284823611
13597485300
10647663489
7697841678
4748019867
1798198056
14110859745
11161037934
8211216123
5261394312
2311572501
14624234190
11674412379
8724590568
5774768757
2824946946
15137608635
12187786824
9237965013
6288143202
3338321391
388499580
12701161269
9751339458
6801517647
3851695836
901874025
13214535714
10264713903
7314892092
4365070281
1415248470
13727910159
10778088348
7828266537
4878444726
1928622915
14241284604
11291462793
8341640982
5391819171
2441997360
14754659049
11804837238
8855015427
5905193616
2955371805
5549994
12318211683
9368389872
6418568061
3468746250
518924439
12831586128
9881764317
6931942506
3982120695
1032298884
13344960573
10395138762
7445316951
4495495140
1545673329
13858335018
10908513207
7958691396
5008869585
2059047774
14371709463
11421887652
8472065841
5522244030
2572422219
14885083908
11935262097
8985440286
6035618475
3085796664
135974853
12448636542
9498814731
6548992920
3599171109
649349298
12962010987
10012189176
7062367365
4112545554
1162723743
13475385432
10525563621
7575741810
4625919999
1676098188
13988759877
11038938066
8089116255
5139294444
2189472633
14502134322
11552312511
8602490700
5652668889
2702847078
15015508767
12065686956
9115865145
6166043334
3216221523
266399712
12579061401
9629239590
6679417779
3729595968
779774157
13092435846
10142614035
7192792224
4242970413
1293148602
13605810291
10655988480
7706166669
4756344858
1806523047
14119184736
11169362925
8219541114
5269719303
2319897492
14632559181
11682737370
8732915559
5783093748
2833271937
15145933626
12196111815
9246290004
6296468193
3346646382
396824571
12709486260
9759664449
6809842638
3860020827
910199016
13222860705
10273038894
7323217083
4373395272
1423573461
13736235150
10786413339
7836591528
4886769717
1936947906
14249609595
11299787784
8349965973
5400144162
2450322351
14762984040
11813162229
8863340418
5913518607
2963696796
13874985
12326536674
9376714863
6426893052
3477071241
527249430
12839911119
9890089308
6940267497
3990445686
1040623875
13353285564
10403463753
7453641942
4503820131
1553998320
13866660009
10916838198
7967016387
5017194576
2067372765
14380034454
11430212643
8480390832
5530569021
2580747210
14893408899
11943587088
8993765277
6043943466
3094121655
144299844
12456961533
9507139722
6557317911
3607496100
657674289
12970335978
10020514167
7070692356
4120870545
1171048734
13483710423
10533888612
7584066801
4634244990
1684423179
13997084868
11047263057
8097441246
5147619435
2197797624
14510459313
11560637502
8610815691
5660993880
2711172069
15023833758
12074011947
9124190136
6174368325
3224546514
274724703
12587386392
9637564581
6687742770
3737920959
788099148
13100760837
10150939026
7201117215
4251295404
1301473593
13614135282
10664313471
7714491660
4764669849
1814848038
14127509727
11177687916
8227866105
5278044294
2328222483
14640884172
11691062361
8741240550
5791418739
2841596928
15154258617
12204436806
9254614995
6304793184
3354971373
405149562
12717811251
9767989440
6818167629
3868345818
918524007
13231185696
10281363885
7331542074
4381720263
1431898452
13744560141
10794738330
7844916519
4895094708
1945272897
14257934586
11308112775
8358290964
5408469153
2458647342
14771309031
11821487220
8871665409
5921843598
2972021787
22199976
12334861665
9385039854
6435218043
3485396232
535574421
12848236110
9898414299
6948592488
3998770677
1048948866
13361610555
10411788744
7461966933
4512145122
1562323311
13874985000
10925163189
7975341378
5025519567
2075697756
14388359445
11438537634
8488715823
5538894012
2589072201
14901733890
11951912079
9002090268
6052268457
3102446646
152624835
12465286524
9515464713
6565642902
3615821091
665999280
12978660969
10028839158
7079017347
4129195536
1179373725
13492035414
10542213603
7592391792
4642569981
1692748170
14005409859
11055588048
8105766237
5155944426
2206122615
14518784304
11568962493
8619140682
5669318871
2719497060
15032158749
12082336938
9132515127
6182693316
3232871505
283049694
12595711383
9645889572
6696067761
3746245950
796424139
13109085828
10159264017
7209442206
4259620395
1309798584
13622460273
10672638462
7722816651
4772994840
1823173029
14135834718
11186012907
8236191096
5286369285
2336547474
14649209163
11699387352
8749565541
5799743730
2849921919
15162583608
12212761797
9262939986
6313118175
3363296364
413474553
12726136242
9776314431
6826492620
3876670809
926848998
13239510687
10289688876
7339867065
4390045254
1440223443
13752885132
10803063321
7853241510
4903419699
1953597888
14266259577
11316437766
8366615955
5416794144
2466972333
14779634022
11829812211
8879990400
5930168589
2980346778
30524967
12343186656
9393364845
6443543034
3493721223
543899412
12856561101
9906739290
6956917479
4007095668
1057273857
13369935546
10420113735
7470291924
4520470113
1570648302
13883309991
10933488180
7983666369
5033844558
2084022747
14396684436
11446862625
8497040814
5547219003
2597397192
14910058881
11960237070
9010415259
6060593448
3110771637
160949826
12473611515
9523789704
6573967893
3624146082
674324271
12986985960
10037164149
7087342338
4137520527
1187698716
13500360405
10550538594
7600716783
4650894972
1701073161
14013734850
11063913039
8114091228
5164269417
2214447606
14527109295
11577287484
8627465673
5677643862
2727822051
15040483740
12090661929
9140840118
6191018307
3241196496
291374685
12604036374
9654214563
6704392752
3754570941
804749130
13117410819
10167589008
7217767197
4267945386
1318123575
13630785264
10680963453
7731141642
4781319831
1831498020
14144159709
11194337898
8244516087
5294694276
2344872465
14657534154
11707712343
8757890532
5808068721
2858246910
15170908599
12221086788
9271264977
6321443166
3371621355
421799544
12734461233
9784639422
6834817611
3884995800
935173989
13247835678
10298013867
7348192056
4398370245
1448548434
13761210123
10811388312
7861566501
4911744690
1961922879
14274584568
11324762757
8374940946
5425119135
2475297324
14787959013
11838137202
8888315391
5938493580
2988671769
38849958
12351511647
9401689836
6451868025
3502046214
552224403
12864886092
9915064281
6965242470
4015420659
1065598848
13378260537
10428438726
7478616915
4528795104
1578973293
13891634982
10941813171
7991991360
5042169549
2092347738
14405009427
11455187616
8505365805
5555543994
2605722183
14918383872
11968562061
9018740250
6068918439
3119096628
169274817
12481936506
9532114695
6582292884
3632471073
682649262
12995310951
10045489140
7095667329
4145845518
1196023707
13508685396
10558863585
7609041774
4659219963
1709398152
14022059841
11072238030
8122416219
5172594408
2222772597
14535434286
11585612475
8635790664
5685968853
2736147042
15048808731
12098986920
9149165109
6199343298
3249521487
299699676
12612361365
9662539554
6712717743
3762895932
813074121
13125735810
10175913999
7226092188
4276270377
1326448566
13639110255
10689288444
7739466633
4789644822
1839823011
14152484700
11202662889
8252841078
5303019267
2353197456
14665859145
11716037334
8766215523
5816393712
2866571901
15179233590
12229411779
9279589968
6329768157
3379946346
430124535
12742786224
9792964413
6843142602
3893320791
943498980
13256160669
10306338858
7356517047
4406695236
1456873425
13769535114
10819713303
7869891492
4920069681
1970247870
14282909559
11333087748
8383265937
5433444126
2483622315
14796284004
11846462193
8896640382
5946818571
2996996760
47174949
12359836638
9410014827
6460193016
3510371205
560549394
12873211083
9923389272
6973567461
4023745650
1073923839
13386585528
10436763717
7486941906
4537120095
1587298284
13899959973
10950138162
8000316351
5050494540
2100672729
14413334418
11463512607
8513690796
5563868985
2614047174
14926708863
11976887052
9027065241
6077243430
3127421619
177599808
12490261497
9540439686
6590617875
3640796064
690974253
13003635942
10053814131
7103992320
4154170509
1204348698
13517010387
10567188576
7617366765
4667544954
1717723143
14030384832
11080563021
8130741210
5180919399
2231097588
14543759277
11593937466
8644115655
5694293844
2744472033
15057133722
12107311911
9157490100
6207668289
3257846478
308024667
12620686356
9670864545
6721042734
3771220923
821399112
13134060801
10184238990
7234417179
4284595368
1334773557
13647435246
10697613435
7747791624
4797969813
1848148002
14160809691
11210987880
8261166069
5311344258
2361522447
14674184136
11724362325
8774540514
5824718703
2874896892
15187558581
12237736770
9287914959
6338093148
3388271337
438449526
12751111215
9801289404
6851467593
3901645782
951823971
13264485660
10314663849
7364842038
4415020227
1465198416
13777860105
10828038294
7878216483
4928394672
1978572861
14291234550
11341412739
8391590928
5441769117
2491947306
14804608995
11854787184
8904965373
5955143562
3005321751
55499940
12368161629
9418339818
6468518007
3518696196
568874385
12881536074
9931714263
6981892452
4032070641
1082248830
13394910519
10445088708
7495266897
4545445086
1595623275
13908284964
10958463153
8008641342
5058819531
2108997720
14421659409
11471837598
8522015787
5572193976
2622372165
14935033854
11985212043
9035390232
6085568421
3135746610
185924799
12498586488
9548764677
6598942866
3649121055
699299244
13011960933
10062139122
7112317311
4162495500
1212673689
13525335378
10575513567
7625691756
4675869945
1726048134
14038709823
11088888012
8139066201
5189244390
2239422579
14552084268
11602262457
8652440646
5702618835
2752797024
15065458713
12115636902
9165815091
6215993280
3266171469
316349658
12629011347
9679189536
6729367725
3779545914
829724103
13142385792
10192563981
7242742170
4292920359
1343098548
13655760237
10705938426
7756116615
4806294804
1856472993
14169134682
11219312871
8269491060
5319669249
2369847438
14682509127
11732687316
8782865505
5833043694
2883221883
15195883572
12246061761
9296239950
6346418139
3396596328
446774517
12759436206
9809614395
6859792584
3909970773
960148962
13272810651
10322988840
7373167029
4423345218
1473523407
13786185096
10836363285
7886541474
4936719663
1986897852
14299559541
11349737730
8399915919
5450094108
2500272297
14812933986
11863112175
8913290364
5963468553
3013646742
63824931
12376486620
9426664809
6476842998
3527021187
577199376
12889861065
9940039254
6990217443
4040395632
1090573821
13403235510
10453413699
7503591888
4553770077
1603948266
13916609955
10966788144
8016966333
5067144522
2117322711
14429984400
11480162589
8530340778
5580518967
2630697156
14943358845
11993537034
9043715223
6093893412
3144071601
194249790
12506911479
9557089668
6607267857
3657446046
707624235
13020285924
10070464113
7120642302
4170820491
1220998680
13533660369
10583838558
7634016747
4684194936
1734373125
14047034814
11097213003
8147391192
5197569381
2247747570
14560409259
11610587448
8660765637
5710943826
2761122015
15073783704
12123961893
9174140082
6224318271
3274496460
324674649
12637336338
9687514527
6737692716
3787870905
838049094
13150710783
10200888972
7251067161
4301245350
1351423539
13664085228
10714263417
7764441606
4814619795
1864797984
14177459673
11227637862
8277816051
5327994240
2378172429
14690834118
11741012307
8791190496
5841368685
2891546874
15204208563
12254386752
9304564941
6354743130
3404921319
455099508
12767761197
9817939386
6868117575
3918295764
968473953
13281135642
10331313831
7381492020
4431670209
1481848398
13794510087
10844688276
7894866465
4945044654
1995222843
14307884532
11358062721
8408240910
5458419099
2508597288
14821258977
11871437166
8921615355
5971793544
3021971733
72149922
12384811611
9434989800
6485167989
3535346178
585524367
12898186056
9948364245
6998542434
4048720623
1098898812
13411560501
10461738690
7511916879
4562095068
1612273257
13924934946
10975113135
8025291324
5075469513
2125647702
14438309391
11488487580
8538665769
5588843958
2639022147
14951683836
12001862025
9052040214
6102218403
3152396592
202574781
12515236470
9565414659
6615592848
3665771037
715949226
13028610915
10078789104
7128967293
4179145482
1229323671
13541985360
10592163549
7642341738
4692519927
1742698116
14055359805
11105537994
8155716183
5205894372
2256072561
14568734250
11618912439
8669090628
5719268817
2769447006
15082108695
12132286884
9182465073
6232643262
3282821451
332999640
12645661329
9695839518
6746017707
3796195896
846374085
13159035774
10209213963
7259392152
4309570341
1359748530
13672410219
10722588408
7772766597
4822944786
1873122975
14185784664
11235962853
8286141042
5336319231
2386497420
14699159109
11749337298
8799515487
5849693676
2899871865
15212533554
12262711743
9312889932
6363068121
3413246310
463424499
12776086188
9826264377
6876442566
3926620755
976798944
13289460633
10339638822
7389817011
4439995200
1490173389
13802835078
10853013267
7903191456
4953369645
2003547834
14316209523
11366387712
8416565901
5466744090
2516922279
14829583968
11879762157
8929940346
5980118535
3030296724
80474913
12393136602
9443314791
6493492980
3543671169
593849358
12906511047
9956689236
7006867425
4057045614
1107223803
13419885492
10470063681
7520241870
4570420059
1620598248
13933259937
10983438126
8033616315
5083794504
2133972693
14446634382
11496812571
8546990760
5597168949
2647347138
14960008827
12010187016
9060365205
6110543394
3160721583
210899772
12523561461
9573739650
6623917839
3674096028
724274217
13036935906
10087114095
7137292284
4187470473
1237648662
13550310351
10600488540
7650666729
4700844918
1751023107
14063684796
11113862985
8164041174
5214219363
2264397552
14577059241
11627237430
8677415619
5727593808
2777771997
15090433686
12140611875
9190790064
6240968253
3291146442
341324631
12653986320
9704164509
6754342698
3804520887
854699076
13167360765
10217538954
7267717143
4317895332
1368073521
13680735210
10730913399
7781091588
4831269777
1881447966
14194109655
11244287844
8294466033
5344644222
2394822411
14707484100
11757662289
8807840478
5858018667
2908196856
15220858545
12271036734
9321214923
6371393112
3421571301
471749490
12784411179
9834589368
6884767557
3934945746
985123935
13297785624
10347963813
7398142002
4448320191
1498498380
13811160069
10861338258
7911516447
4961694636
2011872825
14324534514
11374712703
8424890892
5475069081
2525247270
14837908959
11888087148
8938265337
5988443526
3038621715
88799904
12401461593
9451639782
6501817971
3551996160
602174349
12914836038
9965014227
7015192416
4065370605
1115548794
13428210483
10478388672
7528566861
4578745050
1628923239
13941584928
10991763117
8041941306
5092119495
2142297684
14454959373
11505137562
8555315751
5605493940
2655672129
14968333818
12018512007
9068690196
6118868385
3169046574
219224763
12531886452
9582064641
6632242830
3682421019
732599208
13045260897
10095439086
7145617275
4195795464
1245973653
13558635342
10608813531
7658991720
4709169909
1759348098
14072009787
11122187976
8172366165
5222544354
2272722543
14585384232
11635562421
8685740610
5735918799
2786096988
15098758677
12148936866
9199115055
6249293244
3299471433
349649622
12662311311
9712489500
6762667689
3812845878
863024067
13175685756
10225863945
7276042134
4326220323
1376398512
13689060201
10739238390
7789416579
4839594768
1889772957
14202434646
11252612835
8302791024
5352969213
2403147402
14715809091
11765987280
8816165469
5866343658
2916521847
15229183536
12279361725
9329539914
6379718103
3429896292
480074481
12792736170
9842914359
6893092548
3943270737
993448926
13306110615
10356288804
7406466993
4456645182
1506823371
13819485060
10869663249
7919841438
4970019627
2020197816
14332859505
11383037694
8433215883
5483394072
2533572261
14846233950
11896412139
8946590328
5996768517
3046946706
97124895
12409786584
9459964773
6510142962
3560321151
610499340
12923161029
9973339218
7023517407
4073695596
1123873785
13436535474
10486713663
7536891852
4587070041
1637248230
13949909919
11000088108
8050266297
5100444486
2150622675
14463284364
11513462553
8563640742
5613818931
2663997120
14976658809
12026836998
9077015187
6127193376
3177371565
227549754
12540211443
9590389632
6640567821
3690746010
740924199
13053585888
10103764077
7153942266
4204120455
1254298644
13566960333
10617138522
7667316711
4717494900
1767673089
14080334778
11130512967
8180691156
5230869345
2281047534
14593709223
11643887412
8694065601
5744243790
2794421979
15107083668
12157261857
9207440046
6257618235
3307796424
357974613
12670636302
9720814491
6770992680
3821170869
871349058
13184010747
10234188936
7284367125
4334545314
1384723503
13697385192
10747563381
7797741570
4847919759
1898097948
14210759637
11260937826
8311116015
5361294204
2411472393
14724134082
11774312271
8824490460
5874668649
2924846838
15237508527
12287686716
9337864905
6388043094
3438221283
488399472
12801061161
9851239350
6901417539
3951595728
1001773917
13314435606
10364613795
7414791984
4464970173
1515148362
13827810051
10877988240
7928166429
4978344618
2028522807
14341184496
11391362685
8441540874
5491719063
2541897252
14854558941
11904737130
8954915319
6005093508
3055271697
105449886
12418111575
9468289764
6518467953
3568646142
618824331
12931486020
9981664209
7031842398
4082020587
1132198776
13444860465
10495038654
7545216843
4595395032
1645573221
13958234910
11008413099
8058591288
5108769477
2158947666
14471609355
11521787544
8571965733
5622143922
2672322111
14984983800
12035161989
9085340178
6135518367
3185696556
235874745
12548536434
9598714623
6648892812
3699071001
749249190
13061910879
10112089068
7162267257
4212445446
1262623635
13575285324
10625463513
7675641702
4725819891
1775998080
14088659769
11138837958
8189016147
5239194336
2289372525
14602034214
11652212403
8702390592
5752568781
2802746970
15115408659
12165586848
9215765037
6265943226
3316121415
366299604
12678961293
9729139482
6779317671
3829495860
879674049
13192335738
10242513927
7292692116
4342870305
1393048494
13705710183
10755888372
7806066561
4856244750
1906422939
14219084628
11269262817
8319441006
5369619195
2419797384
14732459073
11782637262
8832815451
5882993640
2933171829
15245833518
12296011707
9346189896
6396368085
3446546274
496724463
12809386152
9859564341
6909742530
3959920719
1010098908
13322760597
10372938786
7423116975
4473295164
1523473353
13836135042
10886313231
7936491420
4986669609
2036847798
14349509487
11399687676
8449865865
5500044054
2550222243
14862883932
11913062121
8963240310
6013418499
3063596688
113774877
12426436566
9476614755
6526792944
3576971133
627149322
12939811011
9989989200
7040167389
4090345578
1140523767
13453185456
10503363645
7553541834
4603720023
1653898212
13966559901
11016738090
8066916279
5117094468
2167272657
14479934346
11530112535
8580290724
5630468913
2680647102
14993308791
12043486980
9093665169
6143843358
3194021547
244199736
12556861425
9607039614
6657217803
3707395992
757574181
13070235870
10120414059
7170592248
4220770437
1270948626
13583610315
10633788504
7683966693
4734144882
1784323071
14096984760
11147162949
8197341138
5247519327
2297697516
14610359205
11660537394
8710715583
5760893772
2811071961
15123733650
12173911839
9224090028
6274268217
3324446406
374624595
12687286284
9737464473
6787642662
3837820851
887999040
13200660729
10250838918
7301017107
4351195296
1401373485
13714035174
10764213363
7814391552
4864569741
1914747930
14227409619
11277587808
8327765997
5377944186
2428122375
14740784064
11790962253
8841140442
5891318631
2941496820
15254158509
12304336698
9354514887
6404693076
3454871265
505049454
12817711143
9867889332
6918067521
3968245710
1018423899
13331085588
10381263777
7431441966
4481620155
1531798344
13844460033
10894638222
7944816411
4994994600
2045172789
14357834478
11408012667
8458190856
5508369045
2558547234
14871208923
11921387112
8971565301
6021743490
3071921679
122099868
12434761557
9484939746
6535117935
3585296124
635474313
12948136002
9998314191
7048492380
4098670569
1148848758
13461510447
10511688636
7561866825
4612045014
1662223203
13974884892
11025063081
8075241270
5125419459
2175597648
14488259337
11538437526
8588615715
5638793904
2688972093
15001633782
12051811971
9101990160
6152168349
3202346538
252524727
12565186416
9615364605
6665542794
3715720983
765899172
13078560861
10128739050
7178917239
4229095428
1279273617
13591935306
10642113495
7692291684
4742469873
1792648062
14105309751
11155487940
8205666129
5255844318
2306022507
14618684196
11668862385
8719040574
5769218763
2819396952
15132058641
12182236830
9232415019
6282593208
3332771397
382949586
12695611275
9745789464
6795967653
3846145842
896324031
13208985720
10259163909
7309342098
4359520287
1409698476
13722360165
10772538354
7822716543
4872894732
1923072921
14235734610
11285912799
8336090988
5386269177
2436447366
14749109055
11799287244
8849465433
5899643622
2949821811
