0
1012969113
517873941
22778769
1035747882
540652710
45557538
1058526651
563431479
68336307
1081305420
586210248
91115076
1104084189
608989017
113893845
1126862958
631767786
136672614
1149641727
654546555
159451383
1172420496
677325324
182230152
1195199265
700104093
205008921
1217978034
722882862
227787690
1240756803
745661631
250566459
1263535572
768440400
273345228
1286314341
791219169
296123997
1309093110
813997938
318902766
1331871879
836776707
341681535
1354650648
859555476
364460304
1377429417
882334245
387239073
1400208186
905113014
410017842
1422986955
927891783
432796611
1445765724
950670552
455575380
1468544493
973449321
478354149
1491323262
996228090
501132918
6037746
1019006859
523911687
28816515
1041785628
546690456
51595284
1064564397
569469225
74374053
1087343166
592247994
97152822
1110121935
615026763
119931591
1132900704
637805532
142710360
1155679473
660584301
165489129
1178458242
683363070
188267898
1201237011
706141839
211046667
1224015780
728920608
233825436
1246794549
751699377
256604205
1269573318
774478146
279382974
1292352087
797256915
302161743
1315130856
820035684
324940512
1337909625
842814453
347719281
1360688394
865593222
370498050
1383467163
888371991
393276819
1406245932
911150760
416055588
1429024701
933929529
438834357
1451803470
956708298
461613126
1474582239
979487067
484391895
1497361008
1002265836
507170664
12075492
1025044605
529949433
34854261
1047823374
552728202
57633030
1070602143
575506971
80411799
1093380912
598285740
103190568
1116159681
621064509
125969337
1138938450
643843278
148748106
1161717219
666622047
171526875
1184495988
689400816
194305644
1207274757
712179585
217084413
1230053526
734958354
239863182
1252832295
757737123
262641951
1275611064
780515892
285420720
1298389833
803294661
308199489
1321168602
826073430
330978258
1343947371
848852199
353757027
1366726140
871630968
376535796
1389504909
894409737
399314565
1412283678
917188506
422093334
1435062447
939967275
444872103
1457841216
962746044
467650872
1480619985
985524813
490429641
1503398754
1008303582
513208410
18113238
1031082351
535987179
40892007
1053861120
558765948
63670776
1076639889
581544717
86449545
1099418658
604323486
109228314
1122197427
627102255
132007083
1144976196
649881024
154785852
1167754965
672659793
177564621
1190533734
695438562
200343390
1213312503
718217331
223122159
1236091272
740996100
245900928
1258870041
763774869
268679697
1281648810
786553638
291458466
1304427579
809332407
314237235
1327206348
832111176
337016004
1349985117
854889945
359794773
1372763886
877668714
382573542
1395542655
900447483
405352311
1418321424
923226252
428131080
1441100193
946005021
450909849
1463878962
968783790
473688618
1486657731
991562559
496467387
1372215
1014341328
519246156
24150984
1037120097
542024925
46929753
1059898866
564803694
69708522
1082677635
587582463
92487291
1105456404
610361232
115266060
1128235173
633140001
138044829
1151013942
655918770
160823598
1173792711
678697539
183602367
1196571480
701476308
206381136
1219350249
724255077
229159905
1242129018
747033846
251938674
1264907787
769812615
274717443
1287686556
792591384
297496212
1310465325
815370153
320274981
1333244094
838148922
343053750
1356022863
860927691
365832519
1378801632
883706460
388611288
1401580401
906485229
411390057
1424359170
929263998
434168826
1447137939
952042767
456947595
1469916708
974821536
479726364
1492695477
997600305
502505133
7409961
1020379074
525283902
30188730
1043157843
548062671
52967499
1065936612
570841440
75746268
1088715381
593620209
98525037
1111494150
616398978
121303806
1134272919
639177747
144082575
1157051688
661956516
166861344
1179830457
684735285
189640113
1202609226
707514054
212418882
1225387995
730292823
235197651
1248166764
753071592
257976420
1270945533
775850361
280755189
1293724302
798629130
303533958
1316503071
821407899
326312727
1339281840
844186668
349091496
1362060609
866965437
371870265
1384839378
889744206
394649034
1407618147
912522975
417427803
1430396916
935301744
440206572
1453175685
958080513
462985341
1475954454
980859282
485764110
1498733223
1003638051
508542879
13447707
1026416820
531321648
36226476
1049195589
554100417
59005245
1071974358
576879186
81784014
1094753127
599657955
104562783
1117531896
622436724
127341552
1140310665
645215493
150120321
1163089434
667994262
172899090
1185868203
690773031
195677859
1208646972
713551800
218456628
1231425741
736330569
241235397
1254204510
759109338
264014166
1276983279
781888107
286792935
1299762048
804666876
309571704
1322540817
827445645
332350473
1345319586
850224414
355129242
1368098355
873003183
377908011
1390877124
895781952
400686780
1413655893
918560721
423465549
1436434662
941339490
446244318
1459213431
964118259
469023087
1481992200
986897028
491801856
1504770969
1009675797
514580625
19485453
1032454566
537359394
42264222
1055233335
560138163
65042991
1078012104
582916932
87821760
1100790873
605695701
110600529
1123569642
628474470
133379298
1146348411
651253239
156158067
1169127180
674032008
178936836
1191905949
696810777
201715605
1214684718
719589546
224494374
1237463487
742368315
247273143
1260242256
765147084
270051912
1283021025
787925853
292830681
1305799794
810704622
315609450
1328578563
833483391
338388219
1351357332
856262160
361166988
1374136101
879040929
383945757
1396914870
901819698
406724526
1419693639
924598467
429503295
1442472408
947377236
452282064
1465251177
970156005
475060833
1488029946
992934774
497839602
2744430
1015713543
520618371
25523199
1038492312
543397140
48301968
1061271081
566175909
71080737
1084049850
588954678
93859506
1106828619
611733447
116638275
1129607388
634512216
139417044
1152386157
657290985
162195813
1175164926
680069754
184974582
1197943695
702848523
207753351
1220722464
725627292
230532120
1243501233
748406061
253310889
1266280002
771184830
276089658
1289058771
793963599
298868427
1311837540
816742368
321647196
1334616309
839521137
344425965
1357395078
862299906
367204734
1380173847
885078675
389983503
1402952616
907857444
412762272
1425731385
930636213
435541041
1448510154
953414982
458319810
1471288923
976193751
481098579
1494067692
998972520
503877348
8782176
1021751289
526656117
31560945
1044530058
549434886
54339714
1067308827
572213655
77118483
1090087596
594992424
99897252
1112866365
617771193
122676021
1135645134
640549962
145454790
1158423903
663328731
168233559
1181202672
686107500
191012328
1203981441
708886269
213791097
1226760210
731665038
236569866
1249538979
754443807
259348635
1272317748
777222576
282127404
1295096517
800001345
304906173
1317875286
822780114
327684942
1340654055
845558883
350463711
1363432824
868337652
373242480
1386211593
891116421
396021249
1408990362
913895190
418800018
1431769131
936673959
441578787
1454547900
959452728
464357556
1477326669
982231497
487136325
1500105438
1005010266
509915094
14819922
1027789035
532693863
37598691
1050567804
555472632
60377460
1073346573
578251401
83156229
1096125342
601030170
105934998
1118904111
623808939
128713767
1141682880
646587708
151492536
1164461649
669366477
174271305
1187240418
692145246
197050074
1210019187
714924015
219828843
1232797956
737702784
242607612
1255576725
760481553
265386381
1278355494
783260322
288165150
1301134263
806039091
310943919
1323913032
828817860
333722688
1346691801
851596629
356501457
1369470570
874375398
379280226
1392249339
897154167
402058995
1415028108
919932936
424837764
1437806877
942711705
447616533
1460585646
965490474
470395302
1483364415
988269243
493174071
1506143184
1011048012
515952840
20857668
1033826781
538731609
43636437
1056605550
561510378
66415206
1079384319
584289147
89193975
1102163088
607067916
111972744
1124941857
629846685
134751513
1147720626
652625454
157530282
1170499395
675404223
180309051
1193278164
698182992
203087820
1216056933
720961761
225866589
1238835702
743740530
248645358
1261614471
766519299
271424127
1284393240
789298068
294202896
1307172009
812076837
316981665
1329950778
834855606
339760434
1352729547
857634375
362539203
1375508316
880413144
385317972
1398287085
903191913
408096741
1421065854
925970682
430875510
1443844623
948749451
453654279
1466623392
971528220
476433048
1489402161
994306989
499211817
4116645
1017085758
521990586
26895414
1039864527
544769355
49674183
1062643296
567548124
72452952
1085422065
590326893
95231721
1108200834
613105662
118010490
1130979603
635884431
140789259
1153758372
658663200
163568028
1176537141
681441969
186346797
1199315910
704220738
209125566
1222094679
726999507
231904335
1244873448
749778276
254683104
1267652217
772557045
277461873
1290430986
795335814
300240642
1313209755
818114583
323019411
1335988524
840893352
345798180
1358767293
863672121
368576949
1381546062
886450890
391355718
1404324831
909229659
414134487
1427103600
932008428
436913256
1449882369
954787197
459692025
1472661138
977565966
482470794
1495439907
1000344735
505249563
10154391
1023123504
528028332
32933160
1045902273
550807101
55711929
1068681042
573585870
78490698
1091459811
596364639
101269467
1114238580
619143408
124048236
1137017349
641922177
146827005
1159796118
664700946
169605774
1182574887
687479715
192384543
1205353656
710258484
215163312
1228132425
733037253
237942081
1250911194
755816022
260720850
1273689963
778594791
283499619
1296468732
801373560
306278388
1319247501
824152329
329057157
1342026270
846931098
351835926
1364805039
869709867
374614695
1387583808
892488636
397393464
1410362577
915267405
420172233
1433141346
938046174
442951002
1455920115
960824943
465729771
1478698884
983603712
488508540
1501477653
1006382481
511287309
16192137
1029161250
534066078
38970906
1051940019
556844847
61749675
1074718788
579623616
84528444
1097497557
602402385
107307213
1120276326
625181154
130085982
1143055095
647959923
152864751
1165833864
670738692
175643520
1188612633
693517461
198422289
1211391402
716296230
221201058
1234170171
739074999
243979827
1256948940
761853768
266758596
1279727709
784632537
289537365
1302506478
807411306
312316134
1325285247
830190075
335094903
1348064016
852968844
357873672
1370842785
875747613
380652441
1393621554
898526382
403431210
1416400323
921305151
426209979
1439179092
944083920
448988748
1461957861
966862689
471767517
1484736630
989641458
494546286
1507515399
1012420227
517325055
22229883
1035198996
540103824
45008652
1057977765
562882593
67787421
1080756534
585661362
90566190
1103535303
608440131
113344959
1126314072
631218900
136123728
1149092841
653997669
158902497
1171871610
676776438
181681266
1194650379
699555207
204460035
1217429148
722333976
227238804
1240207917
745112745
250017573
1262986686
767891514
272796342
1285765455
790670283
295575111
1308544224
813449052
318353880
1331322993
836227821
341132649
1354101762
859006590
363911418
1376880531
881785359
386690187
1399659300
904564128
409468956
1422438069
927342897
432247725
1445216838
950121666
455026494
1467995607
972900435
477805263
1490774376
995679204
500584032
5488860
1018457973
523362801
28267629
1041236742
546141570
51046398
1064015511
568920339
73825167
1086794280
591699108
96603936
1109573049
614477877
119382705
1132351818
637256646
142161474
1155130587
660035415
164940243
1177909356
682814184
187719012
1200688125
705592953
210497781
1223466894
728371722
233276550
1246245663
751150491
256055319
1269024432
773929260
278834088
1291803201
796708029
301612857
1314581970
819486798
324391626
1337360739
842265567
347170395
1360139508
865044336
369949164
1382918277
887823105
392727933
1405697046
910601874
415506702
1428475815
933380643
438285471
1451254584
956159412
461064240
1474033353
978938181
483843009
1496812122
1001716950
506621778
11526606
1024495719
529400547
34305375
1047274488
552179316
57084144
1070053257
574958085
79862913
1092832026
597736854
102641682
1115610795
620515623
125420451
1138389564
643294392
148199220
1161168333
666073161
170977989
1183947102
688851930
193756758
1206725871
711630699
216535527
1229504640
734409468
239314296
1252283409
757188237
262093065
1275062178
779967006
284871834
1297840947
802745775
307650603
1320619716
825524544
330429372
1343398485
848303313
353208141
1366177254
871082082
375986910
1388956023
893860851
398765679
1411734792
916639620
421544448
1434513561
939418389
444323217
1457292330
962197158
467101986
1480071099
984975927
489880755
1502849868
1007754696
512659524
17564352
1030533465
535438293
40343121
1053312234
558217062
63121890
1076091003
580995831
85900659
1098869772
603774600
108679428
1121648541
626553369
131458197
1144427310
649332138
154236966
1167206079
672110907
177015735
1189984848
694889676
199794504
1212763617
717668445
222573273
1235542386
740447214
245352042
1258321155
763225983
268130811
1281099924
786004752
290909580
1303878693
808783521
313688349
1326657462
831562290
336467118
1349436231
854341059
359245887
1372215000
877119828
382024656
1394993769
899898597
404803425
1417772538
922677366
427582194
1440551307
945456135
450360963
1463330076
968234904
473139732
1486108845
991013673
495918501
823329
1013792442
518697270
23602098
1036571211
541476039
46380867
1059349980
564254808
69159636
1082128749
587033577
91938405
1104907518
609812346
114717174
1127686287
632591115
137495943
1150465056
655369884
160274712
1173243825
678148653
183053481
1196022594
700927422
205832250
1218801363
723706191
228611019
1241580132
746484960
251389788
1264358901
769263729
274168557
1287137670
792042498
296947326
1309916439
814821267
319726095
1332695208
837600036
342504864
1355473977
860378805
365283633
1378252746
883157574
388062402
1401031515
905936343
410841171
1423810284
928715112
433619940
1446589053
951493881
456398709
1469367822
974272650
479177478
1492146591
997051419
501956247
6861075
1019830188
524735016
29639844
1042608957
547513785
52418613
1065387726
570292554
75197382
1088166495
593071323
97976151
1110945264
615850092
120754920
1133724033
638628861
143533689
1156502802
661407630
166312458
1179281571
684186399
189091227
1202060340
706965168
211869996
1224839109
729743937
234648765
1247617878
752522706
257427534
1270396647
775301475
280206303
1293175416
798080244
302985072
1315954185
820859013
325763841
1338732954
843637782
348542610
1361511723
866416551
371321379
1384290492
889195320
394100148
1407069261
911974089
416878917
1429848030
934752858
439657686
1452626799
957531627
462436455
1475405568
980310396
485215224
1498184337
1003089165
507993993
12898821
1025867934
530772762
35677590
1048646703
553551531
58456359
1071425472
576330300
81235128
1094204241
599109069
104013897
1116983010
621887838
126792666
1139761779
644666607
149571435
1162540548
667445376
172350204
1185319317
690224145
195128973
1208098086
713002914
217907742
1230876855
735781683
240686511
1253655624
758560452
263465280
1276434393
781339221
286244049
1299213162
804117990
309022818
1321991931
826896759
331801587
1344770700
849675528
354580356
1367549469
872454297
377359125
1390328238
895233066
400137894
1413107007
918011835
422916663
1435885776
940790604
445695432
1458664545
963569373
468474201
1481443314
986348142
491252970
1504222083
1009126911
514031739
18936567
1031905680
536810508
41715336
1054684449
559589277
64494105
1077463218
582368046
87272874
1100241987
605146815
110051643
1123020756
627925584
132830412
1145799525
650704353
155609181
1168578294
673483122
178387950
1191357063
696261891
201166719
1214135832
719040660
223945488
1236914601
741819429
246724257
1259693370
764598198
269503026
1282472139
787376967
292281795
1305250908
810155736
315060564
1328029677
832934505
337839333
1350808446
855713274
360618102
1373587215
878492043
383396871
1396365984
901270812
406175640
1419144753
924049581
428954409
1441923522
946828350
451733178
1464702291
969607119
474511947
1487481060
992385888
497290716
2195544
1015164657
520069485
24974313
1037943426
542848254
47753082
1060722195
565627023
70531851
1083500964
588405792
93310620
1106279733
611184561
116089389
1129058502
633963330
138868158
1151837271
656742099
161646927
1174616040
679520868
184425696
1197394809
702299637
207204465
1220173578
725078406
229983234
1242952347
747857175
252762003
1265731116
770635944
275540772
1288509885
793414713
298319541
1311288654
816193482
321098310
1334067423
838972251
343877079
1356846192
861751020
366655848
1379624961
884529789
389434617
1402403730
907308558
412213386
1425182499
930087327
434992155
1447961268
952866096
457770924
1470740037
975644865
480549693
1493518806
998423634
503328462
8233290
1021202403
526107231
31012059
1043981172
548886000
53790828
1066759941
571664769
76569597
1089538710
594443538
99348366
1112317479
617222307
122127135
1135096248
640001076
144905904
1157875017
662779845
167684673
1180653786
685558614
190463442
1203432555
708337383
213242211
1226211324
731116152
236020980
1248990093
753894921
258799749
1271768862
776673690
281578518
1294547631
799452459
304357287
1317326400
822231228
327136056
1340105169
845009997
349914825
1362883938
867788766
372693594
1385662707
890567535
395472363
1408441476
913346304
418251132
1431220245
936125073
441029901
1453999014
958903842
463808670
1476777783
981682611
486587439
1499556552
1004461380
509366208
14271036
1027240149
532144977
37049805
1050018918
554923746
59828574
1072797687
577702515
82607343
1095576456
600481284
105386112
1118355225
623260053
128164881
1141133994
646038822
150943650
1163912763
668817591
173722419
1186691532
691596360
196501188
1209470301
714375129
219279957
1232249070
737153898
242058726
1255027839
759932667
264837495
1277806608
782711436
287616264
1300585377
805490205
310395033
1323364146
828268974
333173802
1346142915
851047743
355952571
1368921684
873826512
378731340
1391700453
896605281
401510109
1414479222
919384050
424288878
1437257991
942162819
447067647
1460036760
964941588
469846416
1482815529
987720357
492625185
1505594298
1010499126
515403954
20308782
1033277895
538182723
43087551
1056056664
560961492
65866320
1078835433
583740261
88645089
1101614202
606519030
111423858
1124392971
629297799
134202627
1147171740
652076568
156981396
1169950509
674855337
179760165
1192729278
697634106
202538934
1215508047
720412875
225317703
1238286816
743191644
248096472
1261065585
765970413
270875241
1283844354
788749182
293654010
1306623123
811527951
316432779
1329401892
834306720
339211548
1352180661
857085489
361990317
1374959430
879864258
384769086
1397738199
902643027
407547855
1420516968
925421796
430326624
1443295737
948200565
453105393
1466074506
970979334
475884162
1488853275
993758103
498662931
3567759
1016536872
521441700
26346528
1039315641
544220469
49125297
1062094410
566999238
71904066
1084873179
589778007
94682835
1107651948
612556776
117461604
1130430717
635335545
140240373
1153209486
658114314
163019142
1175988255
680893083
185797911
1198767024
703671852
208576680
1221545793
726450621
231355449
1244324562
749229390
254134218
1267103331
772008159
276912987
1289882100
794786928
299691756
1312660869
817565697
322470525
1335439638
840344466
345249294
1358218407
863123235
368028063
1380997176
885902004
390806832
1403775945
908680773
413585601
1426554714
931459542
436364370
1449333483
954238311
459143139
1472112252
977017080
481921908
1494891021
999795849
504700677
9605505
1022574618
527479446
32384274
1045353387
550258215
55163043
1068132156
573036984
77941812
1090910925
595815753
100720581
1113689694
618594522
123499350
1136468463
641373291
146278119
1159247232
664152060
169056888
1182026001
686930829
191835657
1204804770
709709598
214614426
1227583539
732488367
237393195
1250362308
755267136
260171964
1273141077
778045905
282950733
1295919846
800824674
305729502
1318698615
823603443
328508271
1341477384
846382212
351287040
1364256153
869160981
374065809
1387034922
891939750
396844578
1409813691
914718519
419623347
1432592460
937497288
442402116
1455371229
960276057
465180885
1478149998
983054826
487959654
1500928767
1005833595
510738423
15643251
1028612364
533517192
38422020
1051391133
556295961
61200789
1074169902
579074730
83979558
1096948671
601853499
106758327
1119727440
624632268
129537096
1142506209
647411037
152315865
1165284978
670189806
175094634
1188063747
692968575
197873403
1210842516
715747344
220652172
1233621285
738526113
243430941
1256400054
761304882
266209710
1279178823
784083651
288988479
1301957592
806862420
311767248
1324736361
829641189
334546017
1347515130
852419958
357324786
1370293899
875198727
380103555
1393072668
897977496
402882324
1415851437
920756265
425661093
1438630206
943535034
448439862
1461408975
966313803
471218631
1484187744
989092572
493997400
1506966513
1011871341
516776169
21680997
1034650110
539554938
44459766
1057428879
562333707
67238535
1080207648
585112476
90017304
1102986417
607891245
112796073
1125765186
630670014
135574842
1148543955
653448783
158353611
1171322724
676227552
181132380
1194101493
699006321
203911149
1216880262
721785090
226689918
1239659031
744563859
249468687
1262437800
767342628
272247456
1285216569
790121397
295026225
1307995338
812900166
317804994
1330774107
835678935
340583763
1353552876
858457704
363362532
1376331645
881236473
386141301
1399110414
904015242
408920070
1421889183
926794011
431698839
1444667952
949572780
454477608
1467446721
972351549
477256377
1490225490
995130318
500035146
4939974
1017909087
522813915
27718743
1040687856
545592684
50497512
1063466625
568371453
73276281
1086245394
591150222
96055050
1109024163
613928991
118833819
1131802932
636707760
141612588
1154581701
659486529
164391357
1177360470
682265298
187170126
1200139239
705044067
209948895
1222918008
727822836
232727664
1245696777
750601605
255506433
1268475546
773380374
278285202
1291254315
796159143
301063971
1314033084
818937912
323842740
1336811853
841716681
346621509
1359590622
864495450
369400278
1382369391
887274219
392179047
1405148160
910052988
414957816
1427926929
932831757
437736585
1450705698
955610526
460515354
1473484467
978389295
483294123
1496263236
1001168064
506072892
10977720
1023946833
528851661
33756489
1046725602
551630430
56535258
1069504371
574409199
79314027
1092283140
597187968
102092796
1115061909
619966737
124871565
1137840678
642745506
147650334
1160619447
665524275
170429103
1183398216
688303044
193207872
1206176985
711081813
215986641
1228955754
733860582
238765410
1251734523
756639351
261544179
1274513292
779418120
284322948
1297292061
802196889
307101717
1320070830
824975658
329880486
1342849599
847754427
352659255
1365628368
870533196
375438024
1388407137
893311965
398216793
1411185906
916090734
420995562
1433964675
938869503
443774331
1456743444
961648272
466553100
1479522213
984427041
489331869
1502300982
1007205810
512110638
17015466
1029984579
534889407
39794235
1052763348
557668176
62573004
1075542117
580446945
85351773
1098320886
603225714
108130542
1121099655
626004483
130909311
1143878424
648783252
153688080
1166657193
671562021
176466849
1189435962
694340790
199245618
1212214731
717119559
222024387
1234993500
739898328
244803156
1257772269
762677097
267581925
1280551038
785455866
290360694
1303329807
808234635
313139463
1326108576
831013404
335918232
1348887345
853792173
358697001
1371666114
876570942
381475770
1394444883
899349711
404254539
1417223652
922128480
427033308
1440002421
944907249
449812077
1462781190
967686018
472590846
1485559959
990464787
495369615
274443
1013243556
518148384
23053212
1036022325
540927153
45831981
1058801094
563705922
68610750
1081579863
586484691
91389519
1104358632
609263460
114168288
1127137401
632042229
136947057
1149916170
654820998
159725826
1172694939
677599767
182504595
1195473708
700378536
205283364
1218252477
723157305
228062133
1241031246
745936074
250840902
1263810015
768714843
273619671
1286588784
791493612
296398440
1309367553
814272381
319177209
1332146322
837051150
341955978
1354925091
859829919
364734747
1377703860
882608688
387513516
1400482629
905387457
410292285
1423261398
928166226
433071054
1446040167
950944995
455849823
1468818936
973723764
478628592
1491597705
996502533
501407361
6312189
1019281302
524186130
29090958
1042060071
546964899
51869727
1064838840
569743668
74648496
1087617609
592522437
97427265
1110396378
615301206
120206034
1133175147
638079975
142984803
1155953916
660858744
165763572
1178732685
683637513
188542341
1201511454
706416282
211321110
1224290223
729195051
234099879
1247068992
751973820
256878648
1269847761
774752589
279657417
1292626530
797531358
302436186
1315405299
820310127
325214955
1338184068
843088896
347993724
1360962837
865867665
370772493
1383741606
888646434
393551262
1406520375
911425203
416330031
1429299144
934203972
439108800
1452077913
956982741
461887569
1474856682
979761510
484666338
1497635451
1002540279
507445107
12349935
1025319048
530223876
35128704
1048097817
553002645
57907473
1070876586
575781414
80686242
1093655355
598560183
103465011
1116434124
621338952
126243780
1139212893
644117721
149022549
1161991662
666896490
171801318
1184770431
689675259
194580087
1207549200
712454028
217358856
1230327969
735232797
240137625
1253106738
758011566
262916394
1275885507
780790335
285695163
1298664276
803569104
308473932
1321443045
826347873
331252701
1344221814
849126642
354031470
1367000583
871905411
376810239
1389779352
894684180
399589008
1412558121
917462949
422367777
1435336890
940241718
445146546
1458115659
963020487
467925315
1480894428
985799256
490704084
1503673197
1008578025
513482853
18387681
1031356794
536261622
41166450
1054135563
559040391
63945219
1076914332
581819160
86723988
1099693101
604597929
109502757
1122471870
627376698
132281526
1145250639
650155467
155060295
1168029408
672934236
177839064
1190808177
695713005
200617833
1213586946
718491774
223396602
1236365715
741270543
246175371
1259144484
764049312
268954140
1281923253
786828081
291732909
1304702022
809606850
314511678
1327480791
832385619
337290447
1350259560
855164388
360069216
1373038329
877943157
382847985
1395817098
900721926
405626754
1418595867
923500695
428405523
1441374636
946279464
451184292
1464153405
969058233
473963061
1486932174
991837002
496741830
1646658
1014615771
519520599
24425427
1037394540
542299368
47204196
1060173309
565078137
69982965
1082952078
587856906
92761734
1105730847
610635675
115540503
1128509616
633414444
138319272
1151288385
656193213
161098041
1174067154
678971982
183876810
1196845923
701750751
206655579
1219624692
724529520
229434348
1242403461
747308289
252213117
1265182230
770087058
274991886
1287960999
792865827
297770655
1310739768
815644596
320549424
1333518537
838423365
343328193
1356297306
861202134
366106962
1379076075
883980903
388885731
1401854844
906759672
411664500
1424633613
929538441
434443269
1447412382
952317210
457222038
1470191151
975095979
480000807
1492969920
997874748
502779576
7684404
1020653517
525558345
30463173
1043432286
548337114
53241942
1066211055
571115883
76020711
1088989824
593894652
98799480
1111768593
616673421
121578249
1134547362
639452190
144357018
1157326131
662230959
167135787
1180104900
685009728
189914556
1202883669
707788497
212693325
1225662438
730567266
235472094
1248441207
753346035
258250863
1271219976
776124804
281029632
1293998745
798903573
303808401
1316777514
821682342
326587170
1339556283
844461111
349365939
1362335052
867239880
372144708
1385113821
890018649
394923477
1407892590
912797418
417702246
1430671359
935576187
440481015
1453450128
958354956
463259784
1476228897
981133725
486038553
1499007666
1003912494
508817322
13722150
1026691263
531596091
36500919
1049470032
554374860
59279688
1072248801
577153629
82058457
1095027570
599932398
104837226
1117806339
622711167
127615995
1140585108
645489936
150394764
1163363877
668268705
173173533
1186142646
691047474
195952302
1208921415
713826243
218731071
1231700184
736605012
241509840
1254478953
759383781
264288609
1277257722
782162550
287067378
1300036491
804941319
309846147
1322815260
827720088
332624916
1345594029
850498857
355403685
1368372798
873277626
378182454
1391151567
896056395
400961223
1413930336
918835164
423739992
1436709105
941613933
446518761
1459487874
964392702
469297530
1482266643
987171471
492076299
1505045412
1009950240
514855068
19759896
1032729009
537633837
42538665
1055507778
560412606
65317434
1078286547
583191375
88096203
1101065316
605970144
110874972
1123844085
628748913
133653741
1146622854
651527682
156432510
1169401623
674306451
179211279
1192180392
697085220
201990048
1214959161
719863989
224768817
1237737930
742642758
247547586
1260516699
765421527
270326355
1283295468
788200296
293105124
1306074237
810979065
315883893
1328853006
833757834
338662662
1351631775
856536603
361441431
1374410544
879315372
384220200
1397189313
902094141
406998969
1419968082
924872910
429777738
1442746851
947651679
452556507
1465525620
970430448
475335276
1488304389
993209217
498114045
3018873
1015987986
520892814
25797642
1038766755
543671583
48576411
1061545524
566450352
71355180
1084324293
589229121
94133949
1107103062
612007890
116912718
1129881831
634786659
139691487
1152660600
657565428
162470256
1175439369
680344197
185249025
1198218138
703122966
208027794
1220996907
725901735
230806563
1243775676
748680504
253585332
1266554445
771459273
276364101
1289333214
794238042
299142870
1312111983
817016811
321921639
1334890752
839795580
344700408
1357669521
862574349
367479177
1380448290
885353118
390257946
1403227059
908131887
413036715
1426005828
930910656
435815484
1448784597
953689425
458594253
1471563366
976468194
481373022
1494342135
999246963
504151791
9056619
1022025732
526930560
31835388
1044804501
549709329
54614157
1067583270
572488098
77392926
1090362039
595266867
100171695
1113140808
618045636
122950464
1135919577
640824405
145729233
1158698346
663603174
168508002
1181477115
686381943
191286771
1204255884
709160712
214065540
1227034653
731939481
236844309
1249813422
754718250
259623078
1272592191
777497019
282401847
1295370960
800275788
305180616
1318149729
823054557
327959385
1340928498
845833326
350738154
1363707267
868612095
373516923
1386486036
891390864
396295692
1409264805
914169633
419074461
1432043574
936948402
441853230
1454822343
959727171
464631999
1477601112
982505940
487410768
1500379881
1005284709
510189537
15094365
1028063478
532968306
37873134
1050842247
555747075
60651903
1073621016
578525844
83430672
1096399785
601304613
106209441
1119178554
624083382
128988210
1141957323
646862151
151766979
1164736092
669640920
174545748
1187514861
692419689
197324517
1210293630
715198458
220103286
1233072399
737977227
242882055
1255851168
760755996
265660824
1278629937
783534765
288439593
1301408706
806313534
311218362
1324187475
829092303
333997131
1346966244
851871072
356775900
1369745013
874649841
379554669
1392523782
897428610
402333438
1415302551
920207379
425112207
1438081320
942986148
447890976
1460860089
965764917
470669745
1483638858
988543686
493448514
1506417627
1011322455
516227283
21132111
1034101224
539006052
43910880
1056879993
561784821
66689649
1079658762
584563590
89468418
1102437531
607342359
112247187
1125216300
630121128
135025956
1147995069
652899897
157804725
1170773838
675678666
180583494
1193552607
698457435
203362263
1216331376
721236204
226141032
1239110145
744014973
248919801
1261888914
766793742
271698570
1284667683
789572511
294477339
1307446452
812351280
317256108
1330225221
835130049
340034877
1353003990
857908818
362813646
1375782759
880687587
385592415
1398561528
903466356
408371184
1421340297
926245125
431149953
1444119066
949023894
453928722
1466897835
971802663
476707491
1489676604
994581432
499486260
4391088
1017360201
522265029
27169857
1040138970
545043798
49948626
1062917739
567822567
72727395
1085696508
590601336
95506164
1108475277
613380105
118284933
1131254046
636158874
141063702
1154032815
658937643
163842471
1176811584
681716412
186621240
1199590353
704495181
209400009
1222369122
727273950
232178778
1245147891
750052719
254957547
1267926660
772831488
277736316
1290705429
795610257
300515085
1313484198
818389026
323293854
1336262967
841167795
346072623
1359041736
863946564
368851392
1381820505
886725333
391630161
1404599274
909504102
414408930
1427378043
932282871
437187699
1450156812
955061640
459966468
1472935581
977840409
482745237
1495714350
1000619178
505524006
10428834
1023397947
528302775
33207603
1046176716
551081544
55986372
1068955485
573860313
78765141
1091734254
596639082
101543910
1114513023
619417851
124322679
1137291792
642196620
147101448
1160070561
664975389
169880217
1182849330
687754158
192658986
1205628099
710532927
215437755
1228406868
733311696
238216524
1251185637
756090465
260995293
1273964406
778869234
283774062
1296743175
801648003
306552831
1319521944
824426772
329331600
1342300713
847205541
352110369
1365079482
869984310
374889138
1387858251
892763079
397667907
1410637020
915541848
420446676
1433415789
938320617
443225445
1456194558
961099386
466004214
1478973327
983878155
488782983
1501752096
1006656924
511561752
16466580
1029435693
534340521
39245349
1052214462
557119290
62024118
1074993231
579898059
84802887
1097772000
602676828
107581656
1120550769
625455597
130360425
1143329538
648234366
153139194
1166108307
671013135
175917963
1188887076
693791904
198696732
1211665845
716570673
221475501
1234444614
739349442
244254270
1257223383
762128211
267033039
1280002152
784906980
289811808
1302780921
807685749
312590577
1325559690
830464518
335369346
1348338459
853243287
358148115
1371117228
876022056
380926884
1393895997
898800825
403705653
1416674766
921579594
426484422
1439453535
944358363
449263191
1462232304
967137132
472041960
1485011073
989915901
494820729
1507789842
1012694670
517599498
22504326
1035473439
540378267
45283095
1058252208
563157036
68061864
1081030977
585935805
90840633
1103809746
608714574
113619402
1126588515
631493343
136398171
1149367284
654272112
159176940
1172146053
677050881
181955709
1194924822
699829650
204734478
1217703591
722608419
227513247
1240482360
745387188
250292016
1263261129
768165957
273070785
1286039898
790944726
295849554
1308818667
813723495
318628323
1331597436
836502264
341407092
1354376205
859281033
364185861
1377154974
882059802
386964630
1399933743
904838571
409743399
1422712512
927617340
432522168
1445491281
950396109
455300937
1468270050
973174878
478079706
1491048819
995953647
500858475
5763303
1018732416
523637244
28542072
1041511185
546416013
51320841
1064289954
569194782
74099610
1087068723
591973551
96878379
1109847492
614752320
119657148
1132626261
637531089
142435917
1155405030
660309858
165214686
1178183799
683088627
187993455
1200962568
705867396
210772224
1223741337
728646165
233550993
1246520106
751424934
256329762
1269298875
774203703
279108531
1292077644
796982472
301887300
1314856413
819761241
324666069
1337635182
842540010
347444838
1360413951
865318779
370223607
1383192720
888097548
393002376
1405971489
910876317
415781145
1428750258
933655086
438559914
1451529027
956433855
461338683
1474307796
979212624
484117452
1497086565
1001991393
506896221
11801049
1024770162
529674990
34579818
1047548931
552453759
57358587
1070327700
575232528
80137356
1093106469
598011297
102916125
1115885238
620790066
125694894
1138664007
643568835
148473663
1161442776
666347604
171252432
1184221545
689126373
194031201
1207000314
711905142
216809970
1229779083
734683911
239588739
1252557852
757462680
262367508
1275336621
780241449
285146277
1298115390
803020218
307925046
1320894159
825798987
330703815
1343672928
848577756
353482584
1366451697
871356525
376261353
1389230466
894135294
399040122
1412009235
916914063
421818891
1434788004
939692832
444597660
1457566773
962471601
467376429
1480345542
985250370
490155198
1503124311
1008029139
512933967
17838795
1030807908
535712736
40617564
1053586677
558491505
63396333
1076365446
581270274
86175102
1099144215
604049043
108953871
1121922984
626827812
131732640
1144701753
649606581
154511409
1167480522
672385350
177290178
1190259291
695164119
200068947
1213038060
717942888
222847716
1235816829
740721657
245626485
1258595598
763500426
268405254
1281374367
786279195
291184023
1304153136
809057964
313962792
1326931905
831836733
336741561
1349710674
854615502
359520330
1372489443
877394271
382299099
1395268212
900173040
405077868
1418046981
922951809
427856637
1440825750
945730578
450635406
1463604519
968509347
473414175
1486383288
991288116
496192944
1097772
1014066885
518971713
23876541
1036845654
541750482
46655310
1059624423
564529251
69434079
1082403192
587308020
92212848
1105181961
610086789
114991617
1127960730
632865558
137770386
1150739499
655644327
160549155
1173518268
678423096
183327924
1196297037
701201865
206106693
1219075806
723980634
228885462
1241854575
746759403
251664231
1264633344
769538172
274443000
1287412113
792316941
297221769
1310190882
815095710
320000538
1332969651
837874479
342779307
1355748420
860653248
365558076
1378527189
883432017
388336845
1401305958
906210786
411115614
1424084727
928989555
433894383
1446863496
951768324
456673152
1469642265
974547093
479451921
1492421034
997325862
502230690
7135518
1020104631
525009459
29914287
1042883400
547788228
52693056
1065662169
570566997
75471825
1088440938
593345766
98250594
1111219707
616124535
121029363
1133998476
638903304
143808132
1156777245
661682073
166586901
1179556014
684460842
189365670
1202334783
707239611
212144439
1225113552
730018380
234923208
1247892321
752797149
257701977
1270671090
775575918
280480746
1293449859
798354687
303259515
1316228628
821133456
326038284
1339007397
843912225
348817053
1361786166
866690994
371595822
1384564935
889469763
394374591
1407343704
912248532
417153360
1430122473
935027301
439932129
1452901242
957806070
462710898
1475680011
980584839
485489667
1498458780
1003363608
508268436
13173264
1026142377
531047205
35952033
1048921146
553825974
58730802
1071699915
576604743
81509571
1094478684
599383512
104288340
1117257453
622162281
127067109
1140036222
644941050
149845878
1162814991
667719819
172624647
1185593760
690498588
195403416
1208372529
713277357
218182185
1231151298
736056126
240960954
1253930067
758834895
263739723
1276708836
781613664
286518492
1299487605
804392433
309297261
1322266374
827171202
332076030
1345045143
849949971
354854799
1367823912
872728740
377633568
1390602681
895507509
400412337
1413381450
918286278
423191106
1436160219
941065047
445969875
1458938988
963843816
468748644
1481717757
986622585
491527413
1504496526
1009401354
514306182
19211010
1032180123
537084951
41989779
1054958892
559863720
64768548
1077737661
582642489
87547317
1100516430
605421258
110326086
1123295199
628200027
133104855
1146073968
650978796
155883624
1168852737
673757565
178662393
1191631506
696536334
201441162
1214410275
719315103
224219931
1237189044
742093872
246998700
1259967813
764872641
269777469
1282746582
787651410
292556238
1305525351
810430179
315335007
1328304120
833208948
338113776
1351082889
855987717
360892545
1373861658
878766486
383671314
1396640427
901545255
406450083
1419419196
924324024
429228852
1442197965
947102793
452007621
1464976734
969881562
474786390
1487755503
992660331
497565159
2469987
1015439100
520343928
25248756
1038217869
543122697
48027525
1060996638
565901466
70806294
1083775407
588680235
93585063
1106554176
611459004
116363832
1129332945
634237773
139142601
1152111714
657016542
161921370
1174890483
679795311
184700139
1197669252
702574080
207478908
1220448021
725352849
230257677
1243226790
748131618
253036446
1266005559
770910387
275815215
1288784328
793689156
298593984
1311563097
816467925
321372753
1334341866
839246694
344151522
1357120635
862025463
366930291
1379899404
884804232
389709060
1402678173
907583001
412487829
1425456942
930361770
435266598
1448235711
953140539
458045367
1471014480
975919308
480824136
1493793249
998698077
503602905
8507733
1021476846
526381674
31286502
1044255615
549160443
54065271
1067034384
571939212
76844040
1089813153
594717981
99622809
1112591922
617496750
122401578
1135370691
640275519
145180347
1158149460
663054288
167959116
1180928229
685833057
190737885
1203706998
708611826
213516654
1226485767
731390595
236295423
1249264536
754169364
259074192
1272043305
776948133
281852961
1294822074
799726902
304631730
1317600843
822505671
327410499
1340379612
845284440
350189268
1363158381
868063209
372968037
1385937150
890841978
395746806
1408715919
913620747
418525575
1431494688
936399516
441304344
1454273457
959178285
464083113
1477052226
981957054
486861882
1499830995
1004735823
509640651
14545479
1027514592
532419420
37324248
1050293361
555198189
60103017
1073072130
577976958
82881786
1095850899
600755727
105660555
1118629668
623534496
128439324
1141408437
646313265
151218093
1164187206
669092034
173996862
1186965975
691870803
196775631
1209744744
714649572
219554400
1232523513
737428341
242333169
1255302282
760207110
265111938
1278081051
782985879
287890707
1300859820
805764648
310669476
1323638589
828543417
333448245
1346417358
851322186
356227014
1369196127
874100955
379005783
1391974896
896879724
401784552
1414753665
919658493
424563321
1437532434
942437262
447342090
1460311203
965216031
470120859
1483089972
987994800
492899628
1505868741
1010773569
515678397
20583225
1033552338
538457166
43361994
1056331107
561235935
66140763
1079109876
584014704
88919532
1101888645
606793473
111698301
1124667414
629572242
134477070
1147446183
652351011
157255839
1170224952
675129780
180034608
1193003721
697908549
202813377
1215782490
720687318
225592146
1238561259
743466087
248370915
1261340028
766244856
271149684
1284118797
789023625
293928453
1306897566
811802394
316707222
1329676335
834581163
339485991
1352455104
857359932
362264760
1375233873
880138701
385043529
1398012642
902917470
407822298
1420791411
925696239
430601067
1443570180
948475008
453379836
1466348949
971253777
476158605
1489127718
994032546
498937374
3842202
1016811315
521716143
26620971
1039590084
544494912
49399740
1062368853
567273681
72178509
1085147622
590052450
94957278
1107926391
612831219
117736047
1130705160
635609988
140514816
1153483929
658388757
163293585
1176262698
681167526
186072354
1199041467
703946295
208851123
1221820236
726725064
231629892
1244599005
749503833
254408661
1267377774
772282602
277187430
1290156543
795061371
299966199
1312935312
817840140
322744968
1335714081
840618909
345523737
1358492850
863397678
368302506
1381271619
886176447
391081275
1404050388
908955216
413860044
1426829157
931733985
436638813
1449607926
954512754
459417582
1472386695
977291523
482196351
1495165464
1000070292
504975120
9879948
1022849061
527753889
32658717
1045627830
550532658
55437486
1068406599
573311427
78216255
1091185368
596090196
100995024
1113964137
618868965
123773793
1136742906
641647734
146552562
1159521675
664426503
169331331
1182300444
687205272
192110100
1205079213
709984041
214888869
1227857982
732762810
237667638
1250636751
755541579
260446407
1273415520
778320348
283225176
1296194289
801099117
306003945
1318973058
823877886
328782714
1341751827
846656655
351561483
1364530596
869435424
374340252
1387309365
892214193
397119021
1410088134
914992962
419897790
1432866903
937771731
442676559
1455645672
960550500
465455328
1478424441
983329269
488234097
1501203210
1006108038
511012866
15917694
1028886807
533791635
38696463
1051665576
556570404
61475232
1074444345
579349173
84254001
1097223114
602127942
107032770
1120001883
624906711
129811539
1142780652
647685480
152590308
1165559421
670464249
175369077
1188338190
693243018
198147846
1211116959
716021787
220926615
1233895728
738800556
243705384
1256674497
761579325
266484153
1279453266
784358094
289262922
1302232035
807136863
312041691
1325010804
829915632
334820460
1347789573
852694401
357599229
1370568342
875473170
380377998
1393347111
898251939
403156767
1416125880
921030708
425935536
1438904649
943809477
448714305
1461683418
966588246
471493074
1484462187
989367015
494271843
1507240956
1012145784
517050612
21955440
1034924553
539829381
44734209
1057703322
562608150
67512978
1080482091
585386919
90291747
1103260860
608165688
113070516
1126039629
630944457
135849285
1148818398
653723226
158628054
1171597167
676501995
181406823
1194375936
699280764
204185592
1217154705
722059533
226964361
1239933474
744838302
249743130
1262712243
767617071
272521899
1285491012
790395840
295300668
1308269781
813174609
318079437
1331048550
835953378
340858206
1353827319
858732147
363636975
1376606088
881510916
386415744
1399384857
904289685
409194513
1422163626
927068454
431973282
1444942395
949847223
454752051
1467721164
972625992
477530820
1490499933
995404761
500309589
5214417
1018183530
523088358
27993186
1040962299
545867127
50771955
1063741068
568645896
73550724
1086519837
591424665
96329493
1109298606
614203434
119108262
1132077375
636982203
141887031
1154856144
659760972
164665800
1177634913
682539741
187444569
1200413682
705318510
210223338
1223192451
728097279
233002107
1245971220
750876048
255780876
1268749989
773654817
278559645
1291528758
796433586
301338414
1314307527
819212355
324117183
1337086296
841991124
346895952
1359865065
864769893
369674721
1382643834
887548662
392453490
1405422603
910327431
415232259
1428201372
933106200
438011028
1450980141
955884969
460789797
1473758910
978663738
483568566
1496537679
1001442507
506347335
11252163
1024221276
529126104
34030932
1047000045
551904873
56809701
1069778814
574683642
79588470
1092557583
597462411
102367239
1115336352
620241180
125146008
1138115121
643019949
147924777
1160893890
665798718
170703546
1183672659
688577487
193482315
1206451428
711356256
216261084
1229230197
734135025
239039853
1252008966
756913794
261818622
1274787735
779692563
284597391
1297566504
802471332
307376160
1320345273
825250101
330154929
1343124042
848028870
352933698
1365902811
870807639
375712467
1388681580
893586408
398491236
1411460349
916365177
421270005
1434239118
939143946
444048774
1457017887
961922715
466827543
1479796656
984701484
489606312
1502575425
1007480253
512385081
17289909
1030259022
535163850
40068678
1053037791
557942619
62847447
1075816560
580721388
85626216
1098595329
603500157
108404985
1121374098
626278926
131183754
1144152867
649057695
153962523
1166931636
671836464
176741292
1189710405
694615233
199520061
1212489174
717394002
222298830
1235267943
740172771
245077599
1258046712
762951540
267856368
1280825481
785730309
290635137
1303604250
808509078
313413906
1326383019
831287847
336192675
1349161788
854066616
358971444
1371940557
876845385
381750213
1394719326
899624154
404528982
1417498095
922402923
427307751
1440276864
945181692
450086520
1463055633
967960461
472865289
1485834402
990739230
495644058
548886
1013517999
518422827
23327655
1036296768
541201596
46106424
1059075537
563980365
68885193
1081854306
586759134
91663962
1104633075
609537903
114442731
1127411844
632316672
137221500
1150190613
655095441
160000269
1172969382
677874210
182779038
1195748151
700652979
205557807
1218526920
723431748
228336576
1241305689
746210517
251115345
1264084458
768989286
273894114
1286863227
791768055
296672883
1309641996
814546824
319451652
1332420765
837325593
342230421
1355199534
860104362
365009190
1377978303
882883131
387787959
1400757072
905661900
410566728
1423535841
928440669
433345497
1446314610
951219438
456124266
1469093379
973998207
478903035
1491872148
996776976
501681804
6586632
1019555745
524460573
29365401
1042334514
547239342
52144170
1065113283
570018111
74922939
1087892052
592796880
97701708
1110670821
615575649
120480477
1133449590
638354418
143259246
1156228359
661133187
166038015
1179007128
683911956
188816784
1201785897
706690725
211595553
1224564666
729469494
234374322
1247343435
752248263
257153091
1270122204
775027032
279931860
1292900973
797805801
302710629
1315679742
820584570
325489398
1338458511
843363339
348268167
1361237280
866142108
371046936
1384016049
888920877
393825705
1406794818
911699646
416604474
1429573587
934478415
439383243
1452352356
957257184
462162012
1475131125
980035953
484940781
1497909894
1002814722
507719550
12624378
1025593491
530498319
35403147
1048372260
553277088
58181916
1071151029
576055857
80960685
1093929798
598834626
103739454
1116708567
621613395
126518223
1139487336
644392164
149296992
1162266105
667170933
172075761
1185044874
689949702
194854530
1207823643
712728471
217633299
1230602412
735507240
240412068
1253381181
758286009
263190837
1276159950
781064778
285969606
1298938719
803843547
308748375
1321717488
826622316
331527144
1344496257
849401085
354305913
1367275026
872179854
377084682
1390053795
894958623
399863451
1412832564
917737392
422642220
1435611333
940516161
445420989
1458390102
963294930
468199758
1481168871
986073699
490978527
1503947640
1008852468
513757296
18662124
1031631237
536536065
41440893
1054410006
559314834
64219662
1077188775
582093603
86998431
1099967544
604872372
109777200
1122746313
627651141
132555969
1145525082
650429910
155334738
1168303851
673208679
178113507
1191082620
695987448
200892276
1213861389
718766217
223671045
1236640158
741544986
246449814
1259418927
764323755
269228583
1282197696
787102524
292007352
1304976465
809881293
314786121
1327755234
832660062
337564890
1350534003
855438831
360343659
1373312772
878217600
383122428
1396091541
900996369
405901197
1418870310
923775138
428679966
1441649079
946553907
451458735
1464427848
969332676
474237504
1487206617
992111445
497016273
1921101
1014890214
519795042
24699870
1037668983
542573811
47478639
1060447752
565352580
70257408
1083226521
588131349
93036177
1106005290
610910118
115814946
1128784059
633688887
138593715
1151562828
656467656
161372484
1174341597
679246425
184151253
1197120366
702025194
206930022
1219899135
724803963
229708791
1242677904
747582732
252487560
1265456673
770361501
275266329
1288235442
793140270
298045098
1311014211
815919039
320823867
1333792980
838697808
343602636
1356571749
861476577
366381405
1379350518
884255346
389160174
1402129287
907034115
411938943
1424908056
929812884
434717712
1447686825
952591653
457496481
1470465594
975370422
480275250
1493244363
998149191
503054019
7958847
1020927960
525832788
30737616
1043706729
548611557
53516385
1066485498
571390326
76295154
1089264267
594169095
99073923
1112043036
616947864
121852692
1134821805
639726633
144631461
1157600574
662505402
167410230
1180379343
685284171
190188999
1203158112
708062940
212967768
1225936881
730841709
235746537
1248715650
753620478
258525306
1271494419
776399247
281304075
1294273188
799178016
304082844
1317051957
821956785
326861613
1339830726
844735554
349640382
1362609495
867514323
372419151
1385388264
890293092
395197920
1408167033
913071861
417976689
1430945802
935850630
440755458
1453724571
958629399
463534227
1476503340
981408168
486312996
1499282109
1004186937
509091765
13996593
1026965706
531870534
36775362
1049744475
554649303
59554131
1072523244
577428072
82332900
1095302013
600206841
105111669
1118080782
622985610
127890438
1140859551
645764379
150669207
1163638320
668543148
173447976
1186417089
691321917
196226745
1209195858
714100686
219005514
1231974627
736879455
241784283
1254753396
759658224
264563052
1277532165
782436993
287341821
1300310934
805215762
310120590
1323089703
827994531
332899359
1345868472
850773300
355678128
1368647241
873552069
378456897
1391426010
896330838
401235666
1414204779
919109607
424014435
1436983548
941888376
446793204
1459762317
964667145
469571973
1482541086
987445914
492350742
1505319855
1010224683
515129511
20034339
1033003452
537908280
42813108
1055782221
560687049
65591877
1078560990
583465818
88370646
1101339759
606244587
111149415
1124118528
629023356
133928184
1146897297
651802125
156706953
1169676066
674580894
179485722
1192454835
697359663
202264491
1215233604
720138432
225043260
1238012373
742917201
247822029
1260791142
765695970
270600798
1283569911
788474739
293379567
1306348680
811253508
316158336
1329127449
834032277
338937105
1351906218
856811046
361715874
1374684987
879589815
384494643
1397463756
902368584
407273412
1420242525
925147353
430052181
1443021294
947926122
452830950
1465800063
970704891
475609719
1488578832
993483660
498388488
3293316
1016262429
521167257
26072085
1039041198
543946026
48850854
1061819967
566724795
71629623
1084598736
589503564
94408392
1107377505
612282333
117187161
1130156274
635061102
139965930
1152935043
657839871
162744699
1175713812
680618640
185523468
1198492581
703397409
208302237
1221271350
726176178
231081006
1244050119
748954947
253859775
1266828888
771733716
276638544
1289607657
794512485
299417313
1312386426
817291254
322196082
1335165195
840070023
344974851
1357943964
862848792
367753620
1380722733
885627561
390532389
1403501502
908406330
413311158
1426280271
931185099
436089927
1449059040
953963868
458868696
1471837809
976742637
481647465
1494616578
999521406
504426234
9331062
1022300175
527205003
32109831
1045078944
549983772
54888600
1067857713
572762541
77667369
1090636482
595541310
100446138
1113415251
618320079
123224907
1136194020
641098848
146003676
1158972789
663877617
168782445
1181751558
686656386
191561214
1204530327
709435155
214339983
1227309096
732213924
237118752
1250087865
754992693
259897521
1272866634
777771462
282676290
1295645403
800550231
305455059
1318424172
823329000
328233828
1341202941
846107769
351012597
1363981710
868886538
373791366
1386760479
891665307
396570135
1409539248
914444076
419348904
1432318017
937222845
442127673
1455096786
960001614
464906442
1477875555
982780383
487685211
1500654324
1005559152
510463980
15368808
1028337921
533242749
38147577
1051116690
556021518
60926346
1073895459
578800287
83705115
1096674228
601579056
106483884
1119452997
624357825
129262653
1142231766
647136594
152041422
1165010535
669915363
174820191
1187789304
692694132
197598960
1210568073
715472901
220377729
1233346842
738251670
243156498
1256125611
761030439
265935267
1278904380
783809208
288714036
1301683149
806587977
311492805
1324461918
829366746
334271574
1347240687
852145515
357050343
1370019456
874924284
379829112
1392798225
897703053
402607881
1415576994
920481822
425386650
1438355763
943260591
448165419
1461134532
966039360
470944188
1483913301
988818129
493722957
1506692070
1011596898
516501726
21406554
1034375667
539280495
44185323
1057154436
562059264
66964092
1079933205
584838033
89742861
1102711974
607616802
112521630
1125490743
630395571
135300399
1148269512
653174340
158079168
1171048281
675953109
180857937
1193827050
698731878
203636706
1216605819
721510647
226415475
1239384588
744289416
249194244
1262163357
767068185
271973013
1284942126
789846954
294751782
1307720895
812625723
317530551
1330499664
835404492
340309320
1353278433
858183261
363088089
1376057202
880962030
385866858
1398835971
903740799
408645627
1421614740
926519568
431424396
1444393509
949298337
454203165
1467172278
972077106
476981934
1489951047
994855875
499760703
4665531
1017634644
522539472
27444300
1040413413
545318241
50223069
1063192182
568097010
73001838
1085970951
590875779
95780607
1108749720
613654548
118559376
1131528489
636433317
141338145
1154307258
659212086
164116914
1177086027
681990855
186895683
1199864796
704769624
209674452
1222643565
727548393
232453221
1245422334
750327162
255231990
1268201103
773105931
278010759
1290979872
795884700
300789528
1313758641
818663469
323568297
1336537410
841442238
346347066
1359316179
864221007
369125835
1382094948
886999776
391904604
1404873717
909778545
414683373
1427652486
932557314
437462142
1450431255
955336083
460240911
1473210024
978114852
483019680
1495988793
1000893621
505798449
10703277
1023672390
528577218
33482046
1046451159
551355987
56260815
1069229928
574134756
79039584
1092008697
596913525
101818353
1114787466
619692294
124597122
1137566235
642471063
147375891
1160345004
665249832
170154660
1183123773
688028601
192933429
1205902542
710807370
215712198
1228681311
733586139
238490967
1251460080
756364908
261269736
1274238849
779143677
284048505
1297017618
801922446
306827274
1319796387
824701215
329606043
1342575156
847479984
352384812
1365353925
870258753
375163581
1388132694
893037522
397942350
1410911463
915816291
420721119
1433690232
938595060
443499888
1456469001
961373829
466278657
1479247770
984152598
489057426
1502026539
1006931367
511836195
16741023
1029710136
534614964
39519792
1052488905
557393733
62298561
1075267674
580172502
85077330
1098046443
602951271
107856099
1120825212
625730040
130634868
1143603981
648508809
153413637
1166382750
671287578
176192406
1189161519
694066347
198971175
1211940288
716845116
221749944
1234719057
739623885
244528713
1257497826
762402654
267307482
1280276595
785181423
290086251
1303055364
807960192
312865020
1325834133
830738961
335643789
1348612902
853517730
358422558
1371391671
876296499
381201327
1394170440
899075268
403980096
1416949209
921854037
426758865
1439727978
944632806
449537634
1462506747
967411575
472316403
1485285516
990190344
495095172
