0
5499000000000
10998000000000
16497000000000
21996000000000
27495000000000
32994000000000
38493000000000
43992000000000
49491000000000
54990000000000
60489000000000
65988000000000
71487000000000
76986000000000
82485000000000
87984000000000
93483000000000
98982000000000
104481000000000
109980000000000
115479000000000
120978000000000
126477000000000
131976000000000
137475000000000
142974000000000
148473000000000
153972000000000
159471000000000
164970000000000
170469000000000
175968000000000
181467000000000
186966000000000
192465000000000
197964000000000
203463000000000
208962000000000
214461000000000
219960000000000
225459000000000
230958000000000
236457000000000
241956000000000
247455000000000
252954000000000
258453000000000
263952000000000
269451000000000
274950000000000
280449000000000
285948000000000
291447000000000
296946000000000
302445000000000
307944000000000
313443000000000
318942000000000
324441000000000
329940000000000
335439000000000
340938000000000
346437000000000
351936000000000
357435000000000
362934000000000
368433000000000
373932000000000
379431000000000
384930000000000
390429000000000
395928000000000
401427000000000
406926000000000
412425000000000
417924000000000
423423000000000
428922000000000
434421000000000
439920000000000
445419000000000
450918000000000
456417000000000
461916000000000
467415000000000
472914000000000
478413000000000
483912000000000
489411000000000
494910000000000
500409000000000
505908000000000
511407000000000
516906000000000
522405000000000
527904000000000
533403000000000
538902000000000
544401000000000
549900000000000
555399000000000
560898000000000
566397000000000
571896000000000
577395000000000
582894000000000
588393000000000
593892000000000
599391000000000
604890000000000
610389000000000
615888000000000
621387000000000
626886000000000
632385000000000
637884000000000
643383000000000
648882000000000
654381000000000
659880000000000
665379000000000
670878000000000
676377000000000
681876000000000
687375000000000
692874000000000
698373000000000
703872000000000
709371000000000
714870000000000
720369000000000
725868000000000
731367000000000
736866000000000
742365000000000
747864000000000
753363000000000
758862000000000
764361000000000
769860000000000
775359000000000
780858000000000
786357000000000
791856000000000
797355000000000
802854000000000
808353000000000
813852000000000
819351000000000
824850000000000
830349000000000
835848000000000
841347000000000
846846000000000
852345000000000
857844000000000
863343000000000
868842000000000
874341000000000
879840000000000
885339000000000
890838000000000
896337000000000
901836000000000
907335000000000
912834000000000
918333000000000
923832000000000
929331000000000
934830000000000
940329000000000
945828000000000
951327000000000
956826000000000
962325000000000
967824000000000
973323000000000
978822000000000
984321000000000
989820000000000
995319000000000
1000818000000000
1006317000000000
1011816000000000
1017315000000000
1022814000000000
1028313000000000
1033812000000000
1039311000000000
1044810000000000
1050309000000000
1055808000000000
1061307000000000
1066806000000000
1072305000000000
1077804000000000
1083303000000000
1088802000000000
1094301000000000
1099800000000000
1105299000000000
1110798000000000
1116297000000000
1121796000000000
1127295000000000
1132794000000000
1138293000000000
1143792000000000
1149291000000000
1154790000000000
1160289000000000
1165788000000000
1171287000000000
1176786000000000
1182285000000000
1187784000000000
1193283000000000
1198782000000000
1204281000000000
1209780000000000
1215279000000000
1220778000000000
1226277000000000
1231776000000000
1237275000000000
1242774000000000
1248273000000000
1253772000000000
1259271000000000
1264770000000000
1270269000000000
1275768000000000
1281267000000000
1286766000000000
1292265000000000
1297764000000000
1303263000000000
1308762000000000
1314261000000000
1319760000000000
1325259000000000
1330758000000000
1336257000000000
1341756000000000
1347255000000000
1352754000000000
1358253000000000
1363752000000000
1369251000000000
1374750000000000
1380249000000000
1385748000000000
1391247000000000
1396746000000000
1402245000000000
1407744000000000
1413243000000000
1418742000000000
1424241000000000
1429740000000000
1435239000000000
1440738000000000
1446237000000000
1451736000000000
1457235000000000
1462734000000000
1468233000000000
1473732000000000
1479231000000000
1484730000000000
1490229000000000
1495728000000000
1501227000000000
1506726000000000
1512225000000000
1517724000000000
1523223000000000
1528722000000000
1534221000000000
1539720000000000
1545219000000000
1550718000000000
1556217000000000
1561716000000000
1567215000000000
1572714000000000
1578213000000000
1583712000000000
1589211000000000
1594710000000000
1600209000000000
1605708000000000
1611207000000000
1616706000000000
1622205000000000
1627704000000000
1633203000000000
1638702000000000
1644201000000000
1649700000000000
1655199000000000
1660698000000000
1666197000000000
1671696000000000
1677195000000000
1682694000000000
1688193000000000
1693692000000000
1699191000000000
1704690000000000
1710189000000000
1715688000000000
1721187000000000
1726686000000000
1732185000000000
1737684000000000
1743183000000000
1748682000000000
1754181000000000
1759680000000000
1765179000000000
1770678000000000
1776177000000000
1781676000000000
1787175000000000
1792674000000000
1798173000000000
1803672000000000
1809171000000000
1814670000000000
1820169000000000
1825668000000000
1831167000000000
1836666000000000
1842165000000000
1847664000000000
1853163000000000
1858662000000000
1864161000000000
1869660000000000
1875159000000000
1880658000000000
1886157000000000
1891656000000000
1897155000000000
1902654000000000
1908153000000000
1913652000000000
1919151000000000
1924650000000000
1930149000000000
1935648000000000
1941147000000000
1946646000000000
1952145000000000
1957644000000000
1963143000000000
1968642000000000
1974141000000000
1979640000000000
1985139000000000
1990638000000000
1996137000000000
2001636000000000
2007135000000000
2012634000000000
2018133000000000
2023632000000000
2029131000000000
2034630000000000
2040129000000000
2045628000000000
2051127000000000
2056626000000000
2062125000000000
2067624000000000
2073123000000000
2078622000000000
2084121000000000
2089620000000000
2095119000000000
2100618000000000
2106117000000000
2111616000000000
2117115000000000
2122614000000000
2128113000000000
2133612000000000
2139111000000000
2144610000000000
2150109000000000
2155608000000000
2161107000000000
2166606000000000
2172105000000000
2177604000000000
2183103000000000
2188602000000000
2194101000000000
2199600000000000
2205099000000000
2210598000000000
2216097000000000
2221596000000000
2227095000000000
2232594000000000
2238093000000000
2243592000000000
2249091000000000
2254590000000000
2260089000000000
2265588000000000
2271087000000000
2276586000000000
2282085000000000
2287584000000000
2293083000000000
2298582000000000
2304081000000000
2309580000000000
2315079000000000
2320578000000000
2326077000000000
2331576000000000
2337075000000000
2342574000000000
2348073000000000
2353572000000000
2359071000000000
2364570000000000
2370069000000000
2375568000000000
2381067000000000
2386566000000000
2392065000000000
2397564000000000
2403063000000000
2408562000000000
2414061000000000
2419560000000000
2425059000000000
2430558000000000
2436057000000000
2441556000000000
2447055000000000
2452554000000000
2458053000000000
2463552000000000
2469051000000000
2474550000000000
2480049000000000
2485548000000000
2491047000000000
2496546000000000
2502045000000000
2507544000000000
2513043000000000
2518542000000000
2524041000000000
2529540000000000
2535039000000000
2540538000000000
2546037000000000
2551536000000000
2557035000000000
2562534000000000
2568033000000000
2573532000000000
2579031000000000
2584530000000000
2590029000000000
2595528000000000
2601027000000000
2606526000000000
2612025000000000
2617524000000000
2623023000000000
2628522000000000
2634021000000000
2639520000000000
2645019000000000
2650518000000000
2656017000000000
2661516000000000
2667015000000000
2672514000000000
2678013000000000
2683512000000000
2689011000000000
2694510000000000
2700009000000000
2705508000000000
2711007000000000
2716506000000000
2722005000000000
2727504000000000
2733003000000000
2738502000000000
2744001000000000
2749500000000000
2754999000000000
2760498000000000
2765997000000000
2771496000000000
2776995000000000
2782494000000000
2787993000000000
2793492000000000
2798991000000000
2804490000000000
2809989000000000
2815488000000000
2820987000000000
2826486000000000
2831985000000000
2837484000000000
2842983000000000
2848482000000000
2853981000000000
2859480000000000
2864979000000000
2870478000000000
2875977000000000
2881476000000000
2886975000000000
2892474000000000
2897973000000000
2903472000000000
2908971000000000
2914470000000000
2919969000000000
2925468000000000
2930967000000000
2936466000000000
2941965000000000
2947464000000000
2952963000000000
2958462000000000
2963961000000000
2969460000000000
2974959000000000
2980458000000000
2985957000000000
2991456000000000
2996955000000000
3002454000000000
3007953000000000
3013452000000000
3018951000000000
3024450000000000
3029949000000000
3035448000000000
3040947000000000
3046446000000000
3051945000000000
3057444000000000
3062943000000000
3068442000000000
3073941000000000
3079440000000000
3084939000000000
3090438000000000
3095937000000000
3101436000000000
3106935000000000
3112434000000000
3117933000000000
3123432000000000
3128931000000000
3134430000000000
3139929000000000
3145428000000000
3150927000000000
3156426000000000
3161925000000000
3167424000000000
3172923000000000
3178422000000000
3183921000000000
3189420000000000
3194919000000000
3200418000000000
3205917000000000
3211416000000000
3216915000000000
3222414000000000
3227913000000000
3233412000000000
3238911000000000
3244410000000000
3249909000000000
3255408000000000
3260907000000000
3266406000000000
3271905000000000
3277404000000000
3282903000000000
3288402000000000
3293901000000000
3299400000000000
3304899000000000
3310398000000000
3315897000000000
3321396000000000
3326895000000000
3332394000000000
3337893000000000
3343392000000000
3348891000000000
3354390000000000
3359889000000000
3365388000000000
3370887000000000
3376386000000000
3381885000000000
3387384000000000
3392883000000000
3398382000000000
3403881000000000
3409380000000000
3414879000000000
3420378000000000
3425877000000000
3431376000000000
3436875000000000
3442374000000000
3447873000000000
3453372000000000
3458871000000000
3464370000000000
3469869000000000
3475368000000000
3480867000000000
3486366000000000
3491865000000000
3497364000000000
3502863000000000
3508362000000000
3513861000000000
3519360000000000
3524859000000000
3530358000000000
3535857000000000
3541356000000000
3546855000000000
3552354000000000
3557853000000000
3563352000000000
3568851000000000
3574350000000000
3579849000000000
3585348000000000
3590847000000000
3596346000000000
3601845000000000
3607344000000000
3612843000000000
3618342000000000
3623841000000000
3629340000000000
3634839000000000
3640338000000000
3645837000000000
3651336000000000
3656835000000000
3662334000000000
3667833000000000
3673332000000000
3678831000000000
3684330000000000
3689829000000000
3695328000000000
3700827000000000
3706326000000000
3711825000000000
3717324000000000
3722823000000000
3728322000000000
3733821000000000
3739320000000000
3744819000000000
3750318000000000
3755817000000000
3761316000000000
3766815000000000
3772314000000000
3777813000000000
3783312000000000
3788811000000000
3794310000000000
3799809000000000
3805308000000000
3810807000000000
3816306000000000
3821805000000000
3827304000000000
3832803000000000
3838302000000000
3843801000000000
3849300000000000
3854799000000000
3860298000000000
3865797000000000
3871296000000000
3876795000000000
3882294000000000
3887793000000000
3893292000000000
3898791000000000
3904290000000000
3909789000000000
3915288000000000
3920787000000000
3926286000000000
3931785000000000
3937284000000000
3942783000000000
3948282000000000
3953781000000000
3959280000000000
3964779000000000
3970278000000000
3975777000000000
3981276000000000
3986775000000000
3992274000000000
3997773000000000
4003272000000000
4008771000000000
4014270000000000
4019769000000000
4025268000000000
4030767000000000
4036266000000000
4041765000000000
4047264000000000
4052763000000000
4058262000000000
4063761000000000
4069260000000000
4074759000000000
4080258000000000
4085757000000000
4091256000000000
4096755000000000
4102254000000000
4107753000000000
4113252000000000
4118751000000000
4124250000000000
4129749000000000
4135248000000000
4140747000000000
4146246000000000
4151745000000000
4157244000000000
4162743000000000
4168242000000000
4173741000000000
4179240000000000
4184739000000000
4190238000000000
4195737000000000
4201236000000000
4206735000000000
4212234000000000
4217733000000000
4223232000000000
4228731000000000
4234230000000000
4239729000000000
4245228000000000
4250727000000000
4256226000000000
4261725000000000
4267224000000000
4272723000000000
4278222000000000
4283721000000000
4289220000000000
4294719000000000
4300218000000000
4305717000000000
4311216000000000
4316715000000000
4322214000000000
4327713000000000
4333212000000000
4338711000000000
4344210000000000
4349709000000000
4355208000000000
4360707000000000
4366206000000000
4371705000000000
4377204000000000
4382703000000000
4388202000000000
4393701000000000
4399200000000000
4404699000000000
4410198000000000
4415697000000000
4421196000000000
4426695000000000
4432194000000000
4437693000000000
4443192000000000
4448691000000000
4454190000000000
4459689000000000
4465188000000000
4470687000000000
4476186000000000
4481685000000000
4487184000000000
4492683000000000
4498182000000000
4503681000000000
4509180000000000
4514679000000000
4520178000000000
4525677000000000
4531176000000000
4536675000000000
4542174000000000
4547673000000000
4553172000000000
4558671000000000
4564170000000000
4569669000000000
4575168000000000
4580667000000000
4586166000000000
4591665000000000
4597164000000000
4602663000000000
4608162000000000
4613661000000000
4619160000000000
4624659000000000
4630158000000000
4635657000000000
4641156000000000
4646655000000000
4652154000000000
4657653000000000
4663152000000000
4668651000000000
4674150000000000
4679649000000000
4685148000000000
4690647000000000
4696146000000000
4701645000000000
4707144000000000
4712643000000000
4718142000000000
4723641000000000
4729140000000000
4734639000000000
4740138000000000
4745637000000000
4751136000000000
4756635000000000
4762134000000000
4767633000000000
4773132000000000
4778631000000000
4784130000000000
4789629000000000
4795128000000000
4800627000000000
4806126000000000
4811625000000000
4817124000000000
4822623000000000
4828122000000000
4833621000000000
4839120000000000
4844619000000000
4850118000000000
4855617000000000
4861116000000000
4866615000000000
4872114000000000
4877613000000000
4883112000000000
4888611000000000
4894110000000000
4899609000000000
4905108000000000
4910607000000000
4916106000000000
4921605000000000
4927104000000000
4932603000000000
4938102000000000
4943601000000000
4949100000000000
4954599000000000
4960098000000000
4965597000000000
4971096000000000
4976595000000000
4982094000000000
4987593000000000
4993092000000000
4998591000000000
5004090000000000
5009589000000000
5015088000000000
5020587000000000
5026086000000000
5031585000000000
5037084000000000
5042583000000000
5048082000000000
5053581000000000
5059080000000000
5064579000000000
5070078000000000
5075577000000000
5081076000000000
5086575000000000
5092074000000000
5097573000000000
5103072000000000
5108571000000000
5114070000000000
5119569000000000
5125068000000000
5130567000000000
5136066000000000
5141565000000000
5147064000000000
5152563000000000
5158062000000000
5163561000000000
5169060000000000
5174559000000000
5180058000000000
5185557000000000
5191056000000000
5196555000000000
5202054000000000
5207553000000000
5213052000000000
5218551000000000
5224050000000000
5229549000000000
5235048000000000
5240547000000000
5246046000000000
5251545000000000
5257044000000000
5262543000000000
5268042000000000
5273541000000000
5279040000000000
5284539000000000
5290038000000000
5295537000000000
5301036000000000
5306535000000000
5312034000000000
5317533000000000
5323032000000000
5328531000000000
5334030000000000
5339529000000000
5345028000000000
5350527000000000
5356026000000000
5361525000000000
5367024000000000
5372523000000000
5378022000000000
5383521000000000
5389020000000000
5394519000000000
5400018000000000
5405517000000000
5411016000000000
5416515000000000
5422014000000000
5427513000000000
5433012000000000
5438511000000000
5444010000000000
5449509000000000
5455008000000000
5460507000000000
5466006000000000
5471505000000000
5477004000000000
5482503000000000
5488002000000000
5493501000000000
5499000000000000
5504499000000000
5509998000000000
5515497000000000
5520996000000000
5526495000000000
5531994000000000
5537493000000000
5542992000000000
5548491000000000
5553990000000000
5559489000000000
5564988000000000
5570487000000000
5575986000000000
5581485000000000
5586984000000000
5592483000000000
5597982000000000
5603481000000000
5608980000000000
5614479000000000
5619978000000000
5625477000000000
5630976000000000
5636475000000000
5641974000000000
5647473000000000
5652972000000000
5658471000000000
5663970000000000
5669469000000000
5674968000000000
5680467000000000
5685966000000000
5691465000000000
5696964000000000
5702463000000000
5707962000000000
5713461000000000
5718960000000000
5724459000000000
5729958000000000
5735457000000000
5740956000000000
5746455000000000
5751954000000000
5757453000000000
5762952000000000
5768451000000000
5773950000000000
5779449000000000
5784948000000000
5790447000000000
5795946000000000
5801445000000000
5806944000000000
5812443000000000
5817942000000000
5823441000000000
5828940000000000
5834439000000000
5839938000000000
5845437000000000
5850936000000000
5856435000000000
5861934000000000
5867433000000000
5872932000000000
5878431000000000
5883930000000000
5889429000000000
5894928000000000
5900427000000000
5905926000000000
5911425000000000
5916924000000000
5922423000000000
5927922000000000
5933421000000000
5938920000000000
5944419000000000
5949918000000000
5955417000000000
5960916000000000
5966415000000000
5971914000000000
5977413000000000
5982912000000000
5988411000000000
5993910000000000
5999409000000000
6004908000000000
6010407000000000
6015906000000000
6021405000000000
6026904000000000
6032403000000000
6037902000000000
6043401000000000
6048900000000000
6054399000000000
6059898000000000
6065397000000000
6070896000000000
6076395000000000
6081894000000000
6087393000000000
6092892000000000
6098391000000000
6103890000000000
6109389000000000
6114888000000000
6120387000000000
6125886000000000
6131385000000000
6136884000000000
6142383000000000
6147882000000000
6153381000000000
6158880000000000
6164379000000000
6169878000000000
6175377000000000
6180876000000000
6186375000000000
6191874000000000
6197373000000000
6202872000000000
6208371000000000
6213870000000000
6219369000000000
6224868000000000
6230367000000000
6235866000000000
6241365000000000
6246864000000000
6252363000000000
6257862000000000
6263361000000000
6268860000000000
6274359000000000
6279858000000000
6285357000000000
6290856000000000
6296355000000000
6301854000000000
6307353000000000
6312852000000000
6318351000000000
6323850000000000
6329349000000000
6334848000000000
6340347000000000
6345846000000000
6351345000000000
6356844000000000
6362343000000000
6367842000000000
6373341000000000
6378840000000000
6384339000000000
6389838000000000
6395337000000000
6400836000000000
6406335000000000
6411834000000000
6417333000000000
6422832000000000
6428331000000000
6433830000000000
6439329000000000
6444828000000000
6450327000000000
6455826000000000
6461325000000000
6466824000000000
6472323000000000
6477822000000000
6483321000000000
6488820000000000
6494319000000000
6499818000000000
6505317000000000
6510816000000000
6516315000000000
6521814000000000
6527313000000000
6532812000000000
6538311000000000
6543810000000000
6549309000000000
6554808000000000
6560307000000000
6565806000000000
6571305000000000
6576804000000000
6582303000000000
6587802000000000
6593301000000000
6598800000000000
6604299000000000
6609798000000000
6615297000000000
6620796000000000
6626295000000000
6631794000000000
6637293000000000
6642792000000000
6648291000000000
6653790000000000
6659289000000000
6664788000000000
6670287000000000
6675786000000000
6681285000000000
6686784000000000
6692283000000000
6697782000000000
6703281000000000
6708780000000000
6714279000000000
6719778000000000
6725277000000000
6730776000000000
6736275000000000
6741774000000000
6747273000000000
6752772000000000
6758271000000000
6763770000000000
6769269000000000
6774768000000000
6780267000000000
6785766000000000
6791265000000000
6796764000000000
6802263000000000
6807762000000000
6813261000000000
6818760000000000
6824259000000000
6829758000000000
6835257000000000
6840756000000000
6846255000000000
6851754000000000
6857253000000000
6862752000000000
6868251000000000
6873750000000000
6879249000000000
6884748000000000
6890247000000000
6895746000000000
6901245000000000
6906744000000000
6912243000000000
6917742000000000
6923241000000000
6928740000000000
6934239000000000
6939738000000000
6945237000000000
6950736000000000
6956235000000000
6961734000000000
6967233000000000
6972732000000000
6978231000000000
6983730000000000
6989229000000000
6994728000000000
7000227000000000
7005726000000000
7011225000000000
7016724000000000
7022223000000000
7027722000000000
7033221000000000
7038720000000000
7044219000000000
7049718000000000
7055217000000000
7060716000000000
7066215000000000
7071714000000000
7077213000000000
7082712000000000
7088211000000000
7093710000000000
7099209000000000
7104708000000000
7110207000000000
7115706000000000
7121205000000000
7126704000000000
7132203000000000
7137702000000000
7143201000000000
7148700000000000
7154199000000000
7159698000000000
7165197000000000
7170696000000000
7176195000000000
7181694000000000
7187193000000000
7192692000000000
7198191000000000
7203690000000000
7209189000000000
7214688000000000
7220187000000000
7225686000000000
7231185000000000
7236684000000000
7242183000000000
7247682000000000
7253181000000000
7258680000000000
7264179000000000
7269678000000000
7275177000000000
7280676000000000
7286175000000000
7291674000000000
7297173000000000
7302672000000000
7308171000000000
7313670000000000
7319169000000000
7324668000000000
7330167000000000
7335666000000000
7341165000000000
7346664000000000
7352163000000000
7357662000000000
7363161000000000
7368660000000000
7374159000000000
7379658000000000
7385157000000000
7390656000000000
7396155000000000
7401654000000000
7407153000000000
7412652000000000
7418151000000000
7423650000000000
7429149000000000
7434648000000000
7440147000000000
7445646000000000
7451145000000000
7456644000000000
7462143000000000
7467642000000000
7473141000000000
7478640000000000
7484139000000000
7489638000000000
7495137000000000
7500636000000000
7506135000000000
7511634000000000
7517133000000000
7522632000000000
7528131000000000
7533630000000000
7539129000000000
7544628000000000
7550127000000000
7555626000000000
7561125000000000
7566624000000000
7572123000000000
7577622000000000
7583121000000000
7588620000000000
7594119000000000
7599618000000000
7605117000000000
7610616000000000
7616115000000000
7621614000000000
7627113000000000
7632612000000000
7638111000000000
7643610000000000
7649109000000000
7654608000000000
7660107000000000
7665606000000000
7671105000000000
7676604000000000
7682103000000000
7687602000000000
7693101000000000
7698600000000000
7704099000000000
7709598000000000
7715097000000000
7720596000000000
7726095000000000
7731594000000000
7737093000000000
7742592000000000
7748091000000000
7753590000000000
7759089000000000
7764588000000000
7770087000000000
7775586000000000
7781085000000000
7786584000000000
7792083000000000
7797582000000000
7803081000000000
7808580000000000
7814079000000000
7819578000000000
7825077000000000
7830576000000000
7836075000000000
7841574000000000
7847073000000000
7852572000000000
7858071000000000
7863570000000000
7869069000000000
7874568000000000
7880067000000000
7885566000000000
7891065000000000
7896564000000000
7902063000000000
7907562000000000
7913061000000000
7918560000000000
7924059000000000
7929558000000000
7935057000000000
7940556000000000
7946055000000000
7951554000000000
7957053000000000
7962552000000000
7968051000000000
7973550000000000
7979049000000000
7984548000000000
7990047000000000
7995546000000000
8001045000000000
8006544000000000
8012043000000000
8017542000000000
8023041000000000
8028540000000000
8034039000000000
8039538000000000
8045037000000000
8050536000000000
8056035000000000
8061534000000000
8067033000000000
8072532000000000
8078031000000000
8083530000000000
8089029000000000
8094528000000000
8100027000000000
8105526000000000
8111025000000000
8116524000000000
8122023000000000
8127522000000000
8133021000000000
8138520000000000
8144019000000000
8149518000000000
8155017000000000
8160516000000000
8166015000000000
8171514000000000
8177013000000000
8182512000000000
8188011000000000
8193510000000000
8199009000000000
8204508000000000
8210007000000000
8215506000000000
8221005000000000
8226504000000000
8232003000000000
8237502000000000
8243001000000000
8248500000000000
8253999000000000
8259498000000000
8264997000000000
8270496000000000
8275995000000000
8281494000000000
8286993000000000
8292492000000000
8297991000000000
8303490000000000
8308989000000000
8314488000000000
8319987000000000
8325486000000000
8330985000000000
8336484000000000
8341983000000000
8347482000000000
8352981000000000
8358480000000000
8363979000000000
8369478000000000
8374977000000000
8380476000000000
8385975000000000
8391474000000000
8396973000000000
8402472000000000
8407971000000000
8413470000000000
8418969000000000
8424468000000000
8429967000000000
8435466000000000
8440965000000000
8446464000000000
8451963000000000
8457462000000000
8462961000000000
8468460000000000
8473959000000000
8479458000000000
8484957000000000
8490456000000000
8495955000000000
8501454000000000
8506953000000000
8512452000000000
8517951000000000
8523450000000000
8528949000000000
8534448000000000
8539947000000000
8545446000000000
8550945000000000
8556444000000000
8561943000000000
8567442000000000
8572941000000000
8578440000000000
8583939000000000
8589438000000000
8594937000000000
8600436000000000
8605935000000000
8611434000000000
8616933000000000
8622432000000000
8627931000000000
8633430000000000
8638929000000000
8644428000000000
8649927000000000
8655426000000000
8660925000000000
8666424000000000
8671923000000000
8677422000000000
8682921000000000
8688420000000000
8693919000000000
8699418000000000
8704917000000000
8710416000000000
8715915000000000
8721414000000000
8726913000000000
8732412000000000
8737911000000000
8743410000000000
8748909000000000
8754408000000000
8759907000000000
8765406000000000
8770905000000000
8776404000000000
8781903000000000
8787402000000000
8792901000000000
8798400000000000
8803899000000000
8809398000000000
8814897000000000
8820396000000000
8825895000000000
8831394000000000
8836893000000000
8842392000000000
8847891000000000
8853390000000000
8858889000000000
8864388000000000
8869887000000000
8875386000000000
8880885000000000
8886384000000000
8891883000000000
8897382000000000
8902881000000000
8908380000000000
8913879000000000
8919378000000000
8924877000000000
8930376000000000
8935875000000000
8941374000000000
8946873000000000
8952372000000000
8957871000000000
8963370000000000
8968869000000000
8974368000000000
8979867000000000
8985366000000000
8990865000000000
8996364000000000
9001863000000000
9007362000000000
9012861000000000
9018360000000000
9023859000000000
9029358000000000
9034857000000000
9040356000000000
9045855000000000
9051354000000000
9056853000000000
9062352000000000
9067851000000000
9073350000000000
9078849000000000
9084348000000000
9089847000000000
9095346000000000
9100845000000000
9106344000000000
9111843000000000
9117342000000000
9122841000000000
9128340000000000
9133839000000000
9139338000000000
9144837000000000
9150336000000000
9155835000000000
9161334000000000
9166833000000000
9172332000000000
9177831000000000
9183330000000000
9188829000000000
9194328000000000
9199827000000000
9205326000000000
9210825000000000
9216324000000000
9221823000000000
9227322000000000
9232821000000000
9238320000000000
9243819000000000
9249318000000000
9254817000000000
9260316000000000
9265815000000000
9271314000000000
9276813000000000
9282312000000000
9287811000000000
9293310000000000
9298809000000000
9304308000000000
9309807000000000
9315306000000000
9320805000000000
9326304000000000
9331803000000000
9337302000000000
9342801000000000
9348300000000000
9353799000000000
9359298000000000
9364797000000000
9370296000000000
9375795000000000
9381294000000000
9386793000000000
9392292000000000
9397791000000000
9403290000000000
9408789000000000
9414288000000000
9419787000000000
9425286000000000
9430785000000000
9436284000000000
9441783000000000
9447282000000000
9452781000000000
9458280000000000
9463779000000000
9469278000000000
9474777000000000
9480276000000000
9485775000000000
9491274000000000
9496773000000000
9502272000000000
9507771000000000
9513270000000000
9518769000000000
9524268000000000
9529767000000000
9535266000000000
9540765000000000
9546264000000000
9551763000000000
9557262000000000
9562761000000000
9568260000000000
9573759000000000
9579258000000000
9584757000000000
9590256000000000
9595755000000000
9601254000000000
9606753000000000
9612252000000000
9617751000000000
9623250000000000
9628749000000000
9634248000000000
9639747000000000
9645246000000000
9650745000000000
9656244000000000
9661743000000000
9667242000000000
9672741000000000
9678240000000000
9683739000000000
9689238000000000
9694737000000000
9700236000000000
9705735000000000
9711234000000000
9716733000000000
9722232000000000
9727731000000000
9733230000000000
9738729000000000
9744228000000000
9749727000000000
9755226000000000
9760725000000000
9766224000000000
9771723000000000
9777222000000000
9782721000000000
9788220000000000
9793719000000000
9799218000000000
9804717000000000
9810216000000000
9815715000000000
9821214000000000
9826713000000000
9832212000000000
9837711000000000
9843210000000000
9848709000000000
9854208000000000
9859707000000000
9865206000000000
9870705000000000
9876204000000000
9881703000000000
9887202000000000
9892701000000000
9898200000000000
9903699000000000
9909198000000000
9914697000000000
9920196000000000
9925695000000000
9931194000000000
9936693000000000
9942192000000000
9947691000000000
9953190000000000
9958689000000000
9964188000000000
9969687000000000
9975186000000000
9980685000000000
9986184000000000
9991683000000000
9997182000000000
10002681000000000
10008180000000000
10013679000000000
10019178000000000
10024677000000000
10030176000000000
10035675000000000
10041174000000000
10046673000000000
10052172000000000
10057671000000000
10063170000000000
10068669000000000
10074168000000000
10079667000000000
10085166000000000
10090665000000000
10096164000000000
10101663000000000
10107162000000000
10112661000000000
10118160000000000
10123659000000000
10129158000000000
10134657000000000
10140156000000000
10145655000000000
10151154000000000
10156653000000000
10162152000000000
10167651000000000
10173150000000000
10178649000000000
10184148000000000
10189647000000000
10195146000000000
10200645000000000
10206144000000000
10211643000000000
10217142000000000
10222641000000000
10228140000000000
10233639000000000
10239138000000000
10244637000000000
10250136000000000
10255635000000000
10261134000000000
10266633000000000
10272132000000000
10277631000000000
10283130000000000
10288629000000000
10294128000000000
10299627000000000
10305126000000000
10310625000000000
10316124000000000
10321623000000000
10327122000000000
10332621000000000
10338120000000000
10343619000000000
10349118000000000
10354617000000000
10360116000000000
10365615000000000
10371114000000000
10376613000000000
10382112000000000
10387611000000000
10393110000000000
10398609000000000
10404108000000000
10409607000000000
10415106000000000
10420605000000000
10426104000000000
10431603000000000
10437102000000000
10442601000000000
10448100000000000
10453599000000000
10459098000000000
10464597000000000
10470096000000000
10475595000000000
10481094000000000
10486593000000000
10492092000000000
10497591000000000
10503090000000000
10508589000000000
10514088000000000
10519587000000000
10525086000000000
10530585000000000
10536084000000000
10541583000000000
10547082000000000
10552581000000000
10558080000000000
10563579000000000
10569078000000000
10574577000000000
10580076000000000
10585575000000000
10591074000000000
10596573000000000
10602072000000000
10607571000000000
10613070000000000
10618569000000000
10624068000000000
10629567000000000
10635066000000000
10640565000000000
10646064000000000
10651563000000000
10657062000000000
10662561000000000
10668060000000000
10673559000000000
10679058000000000
10684557000000000
10690056000000000
10695555000000000
10701054000000000
10706553000000000
10712052000000000
10717551000000000
10723050000000000
10728549000000000
10734048000000000
10739547000000000
10745046000000000
10750545000000000
10756044000000000
10761543000000000
10767042000000000
10772541000000000
10778040000000000
10783539000000000
10789038000000000
10794537000000000
10800036000000000
10805535000000000
10811034000000000
10816533000000000
10822032000000000
10827531000000000
10833030000000000
10838529000000000
10844028000000000
10849527000000000
10855026000000000
10860525000000000
10866024000000000
10871523000000000
10877022000000000
10882521000000000
10888020000000000
10893519000000000
10899018000000000
10904517000000000
10910016000000000
10915515000000000
10921014000000000
10926513000000000
10932012000000000
10937511000000000
10943010000000000
10948509000000000
10954008000000000
10959507000000000
10965006000000000
10970505000000000
10976004000000000
10981503000000000
10987002000000000
10992501000000000
10998000000000000
11003499000000000
11008998000000000
11014497000000000
11019996000000000
11025495000000000
11030994000000000
11036493000000000
11041992000000000
11047491000000000
11052990000000000
11058489000000000
11063988000000000
11069487000000000
11074986000000000
11080485000000000
11085984000000000
11091483000000000
11096982000000000
11102481000000000
11107980000000000
11113479000000000
11118978000000000
11124477000000000
11129976000000000
11135475000000000
11140974000000000
11146473000000000
11151972000000000
11157471000000000
11162970000000000
11168469000000000
11173968000000000
11179467000000000
11184966000000000
11190465000000000
11195964000000000
11201463000000000
11206962000000000
11212461000000000
11217960000000000
11223459000000000
11228958000000000
11234457000000000
11239956000000000
11245455000000000
11250954000000000
11256453000000000
11261952000000000
11267451000000000
11272950000000000
11278449000000000
11283948000000000
11289447000000000
11294946000000000
11300445000000000
11305944000000000
11311443000000000
11316942000000000
11322441000000000
11327940000000000
11333439000000000
11338938000000000
11344437000000000
11349936000000000
11355435000000000
11360934000000000
11366433000000000
11371932000000000
11377431000000000
11382930000000000
11388429000000000
11393928000000000
11399427000000000
11404926000000000
11410425000000000
11415924000000000
11421423000000000
11426922000000000
11432421000000000
11437920000000000
11443419000000000
11448918000000000
11454417000000000
11459916000000000
11465415000000000
11470914000000000
11476413000000000
11481912000000000
11487411000000000
11492910000000000
11498409000000000
11503908000000000
11509407000000000
11514906000000000
11520405000000000
11525904000000000
11531403000000000
11536902000000000
11542401000000000
11547900000000000
11553399000000000
11558898000000000
11564397000000000
11569896000000000
11575395000000000
11580894000000000
11586393000000000
11591892000000000
11597391000000000
11602890000000000
11608389000000000
11613888000000000
11619387000000000
11624886000000000
11630385000000000
11635884000000000
11641383000000000
11646882000000000
11652381000000000
11657880000000000
11663379000000000
11668878000000000
11674377000000000
11679876000000000
11685375000000000
11690874000000000
11696373000000000
11701872000000000
11707371000000000
11712870000000000
11718369000000000
11723868000000000
11729367000000000
11734866000000000
11740365000000000
11745864000000000
11751363000000000
11756862000000000
11762361000000000
11767860000000000
11773359000000000
11778858000000000
11784357000000000
11789856000000000
11795355000000000
11800854000000000
11806353000000000
11811852000000000
11817351000000000
11822850000000000
11828349000000000
11833848000000000
11839347000000000
11844846000000000
11850345000000000
11855844000000000
11861343000000000
11866842000000000
11872341000000000
11877840000000000
11883339000000000
11888838000000000
11894337000000000
11899836000000000
11905335000000000
11910834000000000
11916333000000000
11921832000000000
11927331000000000
11932830000000000
11938329000000000
11943828000000000
11949327000000000
11954826000000000
11960325000000000
11965824000000000
11971323000000000
11976822000000000
11982321000000000
11987820000000000
11993319000000000
11998818000000000
12004317000000000
12009816000000000
12015315000000000
12020814000000000
12026313000000000
12031812000000000
12037311000000000
12042810000000000
12048309000000000
12053808000000000
12059307000000000
12064806000000000
12070305000000000
12075804000000000
12081303000000000
12086802000000000
12092301000000000
12097800000000000
12103299000000000
12108798000000000
12114297000000000
12119796000000000
12125295000000000
12130794000000000
12136293000000000
12141792000000000
12147291000000000
12152790000000000
12158289000000000
12163788000000000
12169287000000000
12174786000000000
12180285000000000
12185784000000000
12191283000000000
12196782000000000
12202281000000000
12207780000000000
12213279000000000
12218778000000000
12224277000000000
12229776000000000
12235275000000000
12240774000000000
12246273000000000
12251772000000000
12257271000000000
12262770000000000
12268269000000000
12273768000000000
12279267000000000
12284766000000000
12290265000000000
12295764000000000
12301263000000000
12306762000000000
12312261000000000
12317760000000000
12323259000000000
12328758000000000
12334257000000000
12339756000000000
12345255000000000
12350754000000000
12356253000000000
12361752000000000
12367251000000000
12372750000000000
12378249000000000
12383748000000000
12389247000000000
12394746000000000
12400245000000000
12405744000000000
12411243000000000
12416742000000000
12422241000000000
12427740000000000
12433239000000000
12438738000000000
12444237000000000
12449736000000000
12455235000000000
12460734000000000
12466233000000000
12471732000000000
12477231000000000
12482730000000000
12488229000000000
12493728000000000
12499227000000000
12504726000000000
12510225000000000
12515724000000000
12521223000000000
12526722000000000
12532221000000000
12537720000000000
12543219000000000
12548718000000000
12554217000000000
12559716000000000
12565215000000000
12570714000000000
12576213000000000
12581712000000000
12587211000000000
12592710000000000
12598209000000000
12603708000000000
12609207000000000
12614706000000000
12620205000000000
12625704000000000
12631203000000000
12636702000000000
12642201000000000
12647700000000000
12653199000000000
12658698000000000
12664197000000000
12669696000000000
12675195000000000
12680694000000000
12686193000000000
12691692000000000
12697191000000000
12702690000000000
12708189000000000
12713688000000000
12719187000000000
12724686000000000
12730185000000000
12735684000000000
12741183000000000
12746682000000000
12752181000000000
12757680000000000
12763179000000000
12768678000000000
12774177000000000
12779676000000000
12785175000000000
12790674000000000
12796173000000000
12801672000000000
12807171000000000
12812670000000000
12818169000000000
12823668000000000
12829167000000000
12834666000000000
12840165000000000
12845664000000000
12851163000000000
12856662000000000
12862161000000000
12867660000000000
12873159000000000
12878658000000000
12884157000000000
12889656000000000
12895155000000000
12900654000000000
12906153000000000
12911652000000000
12917151000000000
12922650000000000
12928149000000000
12933648000000000
12939147000000000
12944646000000000
12950145000000000
12955644000000000
12961143000000000
12966642000000000
12972141000000000
12977640000000000
12983139000000000
12988638000000000
12994137000000000
12999636000000000
13005135000000000
13010634000000000
13016133000000000
13021632000000000
13027131000000000
13032630000000000
13038129000000000
13043628000000000
13049127000000000
13054626000000000
13060125000000000
13065624000000000
13071123000000000
13076622000000000
13082121000000000
13087620000000000
13093119000000000
13098618000000000
13104117000000000
13109616000000000
13115115000000000
13120614000000000
13126113000000000
13131612000000000
13137111000000000
13142610000000000
13148109000000000
13153608000000000
13159107000000000
13164606000000000
13170105000000000
13175604000000000
13181103000000000
13186602000000000
13192101000000000
13197600000000000
13203099000000000
13208598000000000
13214097000000000
13219596000000000
13225095000000000
13230594000000000
13236093000000000
13241592000000000
13247091000000000
13252590000000000
13258089000000000
13263588000000000
13269087000000000
13274586000000000
13280085000000000
13285584000000000
13291083000000000
13296582000000000
13302081000000000
13307580000000000
13313079000000000
13318578000000000
13324077000000000
13329576000000000
13335075000000000
13340574000000000
13346073000000000
13351572000000000
13357071000000000
13362570000000000
13368069000000000
13373568000000000
13379067000000000
13384566000000000
13390065000000000
13395564000000000
13401063000000000
13406562000000000
13412061000000000
13417560000000000
13423059000000000
13428558000000000
13434057000000000
13439556000000000
13445055000000000
13450554000000000
13456053000000000
13461552000000000
13467051000000000
13472550000000000
13478049000000000
13483548000000000
13489047000000000
13494546000000000
13500045000000000
13505544000000000
13511043000000000
13516542000000000
13522041000000000
13527540000000000
13533039000000000
13538538000000000
13544037000000000
13549536000000000
13555035000000000
13560534000000000
13566033000000000
13571532000000000
13577031000000000
13582530000000000
13588029000000000
13593528000000000
13599027000000000
13604526000000000
13610025000000000
13615524000000000
13621023000000000
13626522000000000
13632021000000000
13637520000000000
13643019000000000
13648518000000000
13654017000000000
13659516000000000
13665015000000000
13670514000000000
13676013000000000
13681512000000000
13687011000000000
13692510000000000
13698009000000000
13703508000000000
13709007000000000
13714506000000000
13720005000000000
13725504000000000
13731003000000000
13736502000000000
13742001000000000
13747500000000000
13752999000000000
13758498000000000
13763997000000000
13769496000000000
13774995000000000
13780494000000000
13785993000000000
13791492000000000
13796991000000000
13802490000000000
13807989000000000
13813488000000000
13818987000000000
13824486000000000
13829985000000000
13835484000000000
13840983000000000
13846482000000000
13851981000000000
13857480000000000
13862979000000000
13868478000000000
13873977000000000
13879476000000000
13884975000000000
13890474000000000
13895973000000000
13901472000000000
13906971000000000
13912470000000000
13917969000000000
13923468000000000
13928967000000000
13934466000000000
13939965000000000
13945464000000000
13950963000000000
13956462000000000
13961961000000000
13967460000000000
13972959000000000
13978458000000000
13983957000000000
13989456000000000
13994955000000000
14000454000000000
14005953000000000
14011452000000000
14016951000000000
14022450000000000
14027949000000000
14033448000000000
14038947000000000
14044446000000000
14049945000000000
14055444000000000
14060943000000000
14066442000000000
14071941000000000
14077440000000000
14082939000000000
14088438000000000
14093937000000000
14099436000000000
14104935000000000
14110434000000000
14115933000000000
14121432000000000
14126931000000000
14132430000000000
14137929000000000
14143428000000000
14148927000000000
14154426000000000
14159925000000000
14165424000000000
14170923000000000
14176422000000000
14181921000000000
14187420000000000
14192919000000000
14198418000000000
14203917000000000
14209416000000000
14214915000000000
14220414000000000
14225913000000000
14231412000000000
14236911000000000
14242410000000000
14247909000000000
14253408000000000
14258907000000000
14264406000000000
14269905000000000
14275404000000000
14280903000000000
14286402000000000
14291901000000000
14297400000000000
14302899000000000
14308398000000000
14313897000000000
14319396000000000
14324895000000000
14330394000000000
14335893000000000
14341392000000000
14346891000000000
14352390000000000
14357889000000000
14363388000000000
14368887000000000
14374386000000000
14379885000000000
14385384000000000
14390883000000000
14396382000000000
14401881000000000
14407380000000000
14412879000000000
14418378000000000
14423877000000000
14429376000000000
14434875000000000
14440374000000000
14445873000000000
14451372000000000
14456871000000000
14462370000000000
14467869000000000
14473368000000000
14478867000000000
14484366000000000
14489865000000000
14495364000000000
14500863000000000
14506362000000000
14511861000000000
14517360000000000
14522859000000000
14528358000000000
14533857000000000
14539356000000000
14544855000000000
14550354000000000
14555853000000000
14561352000000000
14566851000000000
14572350000000000
14577849000000000
14583348000000000
14588847000000000
14594346000000000
14599845000000000
14605344000000000
14610843000000000
14616342000000000
14621841000000000
14627340000000000
14632839000000000
14638338000000000
14643837000000000
14649336000000000
14654835000000000
14660334000000000
14665833000000000
14671332000000000
14676831000000000
14682330000000000
14687829000000000
14693328000000000
14698827000000000
14704326000000000
14709825000000000
14715324000000000
14720823000000000
14726322000000000
14731821000000000
14737320000000000
14742819000000000
14748318000000000
14753817000000000
14759316000000000
14764815000000000
14770314000000000
14775813000000000
14781312000000000
14786811000000000
14792310000000000
14797809000000000
14803308000000000
14808807000000000
14814306000000000
14819805000000000
14825304000000000
14830803000000000
14836302000000000
14841801000000000
14847300000000000
14852799000000000
14858298000000000
14863797000000000
14869296000000000
14874795000000000
14880294000000000
14885793000000000
14891292000000000
14896791000000000
14902290000000000
14907789000000000
14913288000000000
14918787000000000
14924286000000000
14929785000000000
14935284000000000
14940783000000000
14946282000000000
14951781000000000
14957280000000000
14962779000000000
14968278000000000
14973777000000000
14979276000000000
14984775000000000
14990274000000000
14995773000000000
15001272000000000
15006771000000000
15012270000000000
15017769000000000
15023268000000000
15028767000000000
15034266000000000
15039765000000000
15045264000000000
15050763000000000
15056262000000000
15061761000000000
15067260000000000
15072759000000000
15078258000000000
15083757000000000
15089256000000000
15094755000000000
15100254000000000
15105753000000000
15111252000000000
15116751000000000
15122250000000000
15116751000000000
15111252000000000
15105753000000000
15100254000000000
15094755000000000
15089256000000000
15083757000000000
15078258000000000
15072759000000000
15067260000000000
15061761000000000
15056262000000000
15050763000000000
15045264000000000
15039765000000000
15034266000000000
15028767000000000
15023268000000000
15017769000000000
15012270000000000
15006771000000000
15001272000000000
14995773000000000
14990274000000000
14984775000000000
14979276000000000
14973777000000000
14968278000000000
14962779000000000
14957280000000000
14951781000000000
14946282000000000
14940783000000000
14935284000000000
14929785000000000
14924286000000000
14918787000000000
14913288000000000
14907789000000000
14902290000000000
14896791000000000
14891292000000000
14885793000000000
14880294000000000
14874795000000000
14869296000000000
14863797000000000
14858298000000000
14852799000000000
14847300000000000
14841801000000000
14836302000000000
14830803000000000
14825304000000000
14819805000000000
14814306000000000
14808807000000000
14803308000000000
14797809000000000
14792310000000000
14786811000000000
14781312000000000
14775813000000000
14770314000000000
14764815000000000
14759316000000000
14753817000000000
14748318000000000
14742819000000000
14737320000000000
14731821000000000
14726322000000000
14720823000000000
14715324000000000
14709825000000000
14704326000000000
14698827000000000
14693328000000000
14687829000000000
14682330000000000
14676831000000000
14671332000000000
14665833000000000
14660334000000000
14654835000000000
14649336000000000
14643837000000000
14638338000000000
14632839000000000
14627340000000000
14621841000000000
14616342000000000
14610843000000000
14605344000000000
14599845000000000
14594346000000000
14588847000000000
14583348000000000
14577849000000000
14572350000000000
14566851000000000
14561352000000000
14555853000000000
14550354000000000
14544855000000000
14539356000000000
14533857000000000
14528358000000000
14522859000000000
14517360000000000
14511861000000000
14506362000000000
14500863000000000
14495364000000000
14489865000000000
14484366000000000
14478867000000000
14473368000000000
14467869000000000
14462370000000000
14456871000000000
14451372000000000
14445873000000000
14440374000000000
14434875000000000
14429376000000000
14423877000000000
14418378000000000
14412879000000000
14407380000000000
14401881000000000
14396382000000000
14390883000000000
14385384000000000
14379885000000000
14374386000000000
14368887000000000
14363388000000000
14357889000000000
14352390000000000
14346891000000000
14341392000000000
14335893000000000
14330394000000000
14324895000000000
14319396000000000
14313897000000000
14308398000000000
14302899000000000
14297400000000000
14291901000000000
14286402000000000
14280903000000000
14275404000000000
14269905000000000
14264406000000000
14258907000000000
14253408000000000
14247909000000000
14242410000000000
14236911000000000
14231412000000000
14225913000000000
14220414000000000
14214915000000000
14209416000000000
14203917000000000
14198418000000000
14192919000000000
14187420000000000
14181921000000000
14176422000000000
14170923000000000
14165424000000000
14159925000000000
14154426000000000
14148927000000000
14143428000000000
14137929000000000
14132430000000000
14126931000000000
14121432000000000
14115933000000000
14110434000000000
14104935000000000
14099436000000000
14093937000000000
14088438000000000
14082939000000000
14077440000000000
14071941000000000
14066442000000000
14060943000000000
14055444000000000
14049945000000000
14044446000000000
14038947000000000
14033448000000000
14027949000000000
14022450000000000
14016951000000000
14011452000000000
14005953000000000
14000454000000000
13994955000000000
13989456000000000
13983957000000000
13978458000000000
13972959000000000
13967460000000000
13961961000000000
13956462000000000
13950963000000000
13945464000000000
13939965000000000
13934466000000000
13928967000000000
13923468000000000
13917969000000000
13912470000000000
13906971000000000
13901472000000000
13895973000000000
13890474000000000
13884975000000000
13879476000000000
13873977000000000
13868478000000000
13862979000000000
13857480000000000
13851981000000000
13846482000000000
13840983000000000
13835484000000000
13829985000000000
13824486000000000
13818987000000000
13813488000000000
13807989000000000
13802490000000000
13796991000000000
13791492000000000
13785993000000000
13780494000000000
13774995000000000
13769496000000000
13763997000000000
13758498000000000
13752999000000000
13747500000000000
13742001000000000
13736502000000000
13731003000000000
13725504000000000
13720005000000000
13714506000000000
13709007000000000
13703508000000000
13698009000000000
13692510000000000
13687011000000000
13681512000000000
13676013000000000
13670514000000000
13665015000000000
13659516000000000
13654017000000000
13648518000000000
13643019000000000
13637520000000000
13632021000000000
13626522000000000
13621023000000000
13615524000000000
13610025000000000
13604526000000000
13599027000000000
13593528000000000
13588029000000000
13582530000000000
13577031000000000
13571532000000000
13566033000000000
13560534000000000
13555035000000000
13549536000000000
13544037000000000
13538538000000000
13533039000000000
13527540000000000
13522041000000000
13516542000000000
13511043000000000
13505544000000000
13500045000000000
13494546000000000
13489047000000000
13483548000000000
13478049000000000
13472550000000000
13467051000000000
13461552000000000
13456053000000000
13450554000000000
13445055000000000
13439556000000000
13434057000000000
13428558000000000
13423059000000000
13417560000000000
13412061000000000
13406562000000000
13401063000000000
13395564000000000
13390065000000000
13384566000000000
13379067000000000
13373568000000000
13368069000000000
13362570000000000
13357071000000000
13351572000000000
13346073000000000
13340574000000000
13335075000000000
13329576000000000
13324077000000000
13318578000000000
13313079000000000
13307580000000000
13302081000000000
13296582000000000
13291083000000000
13285584000000000
13280085000000000
13274586000000000
13269087000000000
13263588000000000
13258089000000000
13252590000000000
13247091000000000
13241592000000000
13236093000000000
13230594000000000
13225095000000000
13219596000000000
13214097000000000
13208598000000000
13203099000000000
13197600000000000
13192101000000000
13186602000000000
13181103000000000
13175604000000000
13170105000000000
13164606000000000
13159107000000000
13153608000000000
13148109000000000
13142610000000000
13137111000000000
13131612000000000
13126113000000000
13120614000000000
13115115000000000
13109616000000000
13104117000000000
13098618000000000
13093119000000000
13087620000000000
13082121000000000
13076622000000000
13071123000000000
13065624000000000
13060125000000000
13054626000000000
13049127000000000
13043628000000000
13038129000000000
13032630000000000
13027131000000000
13021632000000000
13016133000000000
13010634000000000
13005135000000000
12999636000000000
12994137000000000
12988638000000000
12983139000000000
12977640000000000
12972141000000000
12966642000000000
12961143000000000
12955644000000000
12950145000000000
12944646000000000
12939147000000000
12933648000000000
12928149000000000
12922650000000000
12917151000000000
12911652000000000
12906153000000000
12900654000000000
12895155000000000
12889656000000000
12884157000000000
12878658000000000
12873159000000000
12867660000000000
12862161000000000
12856662000000000
12851163000000000
12845664000000000
12840165000000000
12834666000000000
12829167000000000
12823668000000000
12818169000000000
12812670000000000
12807171000000000
12801672000000000
12796173000000000
12790674000000000
12785175000000000
12779676000000000
12774177000000000
12768678000000000
12763179000000000
12757680000000000
12752181000000000
12746682000000000
12741183000000000
12735684000000000
12730185000000000
12724686000000000
12719187000000000
12713688000000000
12708189000000000
12702690000000000
12697191000000000
12691692000000000
12686193000000000
12680694000000000
12675195000000000
12669696000000000
12664197000000000
12658698000000000
12653199000000000
12647700000000000
12642201000000000
12636702000000000
12631203000000000
12625704000000000
12620205000000000
12614706000000000
12609207000000000
12603708000000000
12598209000000000
12592710000000000
12587211000000000
12581712000000000
12576213000000000
12570714000000000
12565215000000000
12559716000000000
12554217000000000
12548718000000000
12543219000000000
12537720000000000
12532221000000000
12526722000000000
12521223000000000
12515724000000000
12510225000000000
12504726000000000
12499227000000000
12493728000000000
12488229000000000
12482730000000000
12477231000000000
12471732000000000
12466233000000000
12460734000000000
12455235000000000
12449736000000000
12444237000000000
12438738000000000
12433239000000000
12427740000000000
12422241000000000
12416742000000000
12411243000000000
12405744000000000
12400245000000000
12394746000000000
12389247000000000
12383748000000000
12378249000000000
12372750000000000
12367251000000000
12361752000000000
12356253000000000
12350754000000000
12345255000000000
12339756000000000
12334257000000000
12328758000000000
12323259000000000
12317760000000000
12312261000000000
12306762000000000
12301263000000000
12295764000000000
12290265000000000
12284766000000000
12279267000000000
12273768000000000
12268269000000000
12262770000000000
12257271000000000
12251772000000000
12246273000000000
12240774000000000
12235275000000000
12229776000000000
12224277000000000
12218778000000000
12213279000000000
12207780000000000
12202281000000000
12196782000000000
12191283000000000
12185784000000000
12180285000000000
12174786000000000
12169287000000000
12163788000000000
12158289000000000
12152790000000000
12147291000000000
12141792000000000
12136293000000000
12130794000000000
12125295000000000
12119796000000000
12114297000000000
12108798000000000
12103299000000000
12097800000000000
12092301000000000
12086802000000000
12081303000000000
12075804000000000
12070305000000000
12064806000000000
12059307000000000
12053808000000000
12048309000000000
12042810000000000
12037311000000000
12031812000000000
12026313000000000
12020814000000000
12015315000000000
12009816000000000
12004317000000000
11998818000000000
11993319000000000
11987820000000000
11982321000000000
11976822000000000
11971323000000000
11965824000000000
11960325000000000
11954826000000000
11949327000000000
11943828000000000
11938329000000000
11932830000000000
11927331000000000
11921832000000000
11916333000000000
11910834000000000
11905335000000000
11899836000000000
11894337000000000
11888838000000000
11883339000000000
11877840000000000
11872341000000000
11866842000000000
11861343000000000
11855844000000000
11850345000000000
11844846000000000
11839347000000000
11833848000000000
11828349000000000
11822850000000000
11817351000000000
11811852000000000
11806353000000000
11800854000000000
11795355000000000
11789856000000000
11784357000000000
11778858000000000
11773359000000000
11767860000000000
11762361000000000
11756862000000000
11751363000000000
11745864000000000
11740365000000000
11734866000000000
11729367000000000
11723868000000000
11718369000000000
11712870000000000
11707371000000000
11701872000000000
11696373000000000
11690874000000000
11685375000000000
11679876000000000
11674377000000000
11668878000000000
11663379000000000
11657880000000000
11652381000000000
11646882000000000
11641383000000000
11635884000000000
11630385000000000
11624886000000000
11619387000000000
11613888000000000
11608389000000000
11602890000000000
11597391000000000
11591892000000000
11586393000000000
11580894000000000
11575395000000000
11569896000000000
11564397000000000
11558898000000000
11553399000000000
11547900000000000
11542401000000000
11536902000000000
11531403000000000
11525904000000000
11520405000000000
11514906000000000
11509407000000000
11503908000000000
11498409000000000
11492910000000000
11487411000000000
11481912000000000
11476413000000000
11470914000000000
11465415000000000
11459916000000000
11454417000000000
11448918000000000
11443419000000000
11437920000000000
11432421000000000
11426922000000000
11421423000000000
11415924000000000
11410425000000000
11404926000000000
11399427000000000
11393928000000000
11388429000000000
11382930000000000
11377431000000000
11371932000000000
11366433000000000
11360934000000000
11355435000000000
11349936000000000
11344437000000000
11338938000000000
11333439000000000
11327940000000000
11322441000000000
11316942000000000
11311443000000000
11305944000000000
11300445000000000
11294946000000000
11289447000000000
11283948000000000
11278449000000000
11272950000000000
11267451000000000
11261952000000000
11256453000000000
11250954000000000
11245455000000000
11239956000000000
11234457000000000
11228958000000000
11223459000000000
11217960000000000
11212461000000000
11206962000000000
11201463000000000
11195964000000000
11190465000000000
11184966000000000
11179467000000000
11173968000000000
11168469000000000
11162970000000000
11157471000000000
11151972000000000
11146473000000000
11140974000000000
11135475000000000
11129976000000000
11124477000000000
11118978000000000
11113479000000000
11107980000000000
11102481000000000
11096982000000000
11091483000000000
11085984000000000
11080485000000000
11074986000000000
11069487000000000
11063988000000000
11058489000000000
11052990000000000
11047491000000000
11041992000000000
11036493000000000
11030994000000000
11025495000000000
11019996000000000
11014497000000000
11008998000000000
11003499000000000
10998000000000000
10992501000000000
10987002000000000
10981503000000000
10976004000000000
10970505000000000
10965006000000000
10959507000000000
10954008000000000
10948509000000000
10943010000000000
10937511000000000
10932012000000000
10926513000000000
10921014000000000
10915515000000000
10910016000000000
10904517000000000
10899018000000000
10893519000000000
10888020000000000
10882521000000000
10877022000000000
10871523000000000
10866024000000000
10860525000000000
10855026000000000
10849527000000000
10844028000000000
10838529000000000
10833030000000000
10827531000000000
10822032000000000
10816533000000000
10811034000000000
10805535000000000
10800036000000000
10794537000000000
10789038000000000
10783539000000000
10778040000000000
10772541000000000
10767042000000000
10761543000000000
10756044000000000
10750545000000000
10745046000000000
10739547000000000
10734048000000000
10728549000000000
10723050000000000
10717551000000000
10712052000000000
10706553000000000
10701054000000000
10695555000000000
10690056000000000
10684557000000000
10679058000000000
10673559000000000
10668060000000000
10662561000000000
10657062000000000
10651563000000000
10646064000000000
10640565000000000
10635066000000000
10629567000000000
10624068000000000
10618569000000000
10613070000000000
10607571000000000
10602072000000000
10596573000000000
10591074000000000
10585575000000000
10580076000000000
10574577000000000
10569078000000000
10563579000000000
10558080000000000
10552581000000000
10547082000000000
10541583000000000
10536084000000000
10530585000000000
10525086000000000
10519587000000000
10514088000000000
10508589000000000
10503090000000000
10497591000000000
10492092000000000
10486593000000000
10481094000000000
10475595000000000
10470096000000000
10464597000000000
10459098000000000
10453599000000000
10448100000000000
10442601000000000
10437102000000000
10431603000000000
10426104000000000
10420605000000000
10415106000000000
10409607000000000
10404108000000000
10398609000000000
10393110000000000
10387611000000000
10382112000000000
10376613000000000
10371114000000000
10365615000000000
10360116000000000
10354617000000000
10349118000000000
10343619000000000
10338120000000000
10332621000000000
10327122000000000
10321623000000000
10316124000000000
10310625000000000
10305126000000000
10299627000000000
10294128000000000
10288629000000000
10283130000000000
10277631000000000
10272132000000000
10266633000000000
10261134000000000
10255635000000000
10250136000000000
10244637000000000
10239138000000000
10233639000000000
10228140000000000
10222641000000000
10217142000000000
10211643000000000
10206144000000000
10200645000000000
10195146000000000
10189647000000000
10184148000000000
10178649000000000
10173150000000000
10167651000000000
10162152000000000
10156653000000000
10151154000000000
10145655000000000
10140156000000000
10134657000000000
10129158000000000
10123659000000000
10118160000000000
10112661000000000
10107162000000000
10101663000000000
10096164000000000
10090665000000000
10085166000000000
10079667000000000
10074168000000000
10068669000000000
10063170000000000
10057671000000000
10052172000000000
10046673000000000
10041174000000000
10035675000000000
10030176000000000
10024677000000000
10019178000000000
10013679000000000
10008180000000000
10002681000000000
9997182000000000
9991683000000000
9986184000000000
9980685000000000
9975186000000000
9969687000000000
9964188000000000
9958689000000000
9953190000000000
9947691000000000
9942192000000000
9936693000000000
9931194000000000
9925695000000000
9920196000000000
9914697000000000
9909198000000000
9903699000000000
9898200000000000
9892701000000000
9887202000000000
9881703000000000
9876204000000000
9870705000000000
9865206000000000
9859707000000000
9854208000000000
9848709000000000
9843210000000000
9837711000000000
9832212000000000
9826713000000000
9821214000000000
9815715000000000
9810216000000000
9804717000000000
9799218000000000
9793719000000000
9788220000000000
9782721000000000
9777222000000000
9771723000000000
9766224000000000
9760725000000000
9755226000000000
9749727000000000
9744228000000000
9738729000000000
9733230000000000
9727731000000000
9722232000000000
9716733000000000
9711234000000000
9705735000000000
9700236000000000
9694737000000000
9689238000000000
9683739000000000
9678240000000000
9672741000000000
9667242000000000
9661743000000000
9656244000000000
9650745000000000
9645246000000000
9639747000000000
9634248000000000
9628749000000000
9623250000000000
9617751000000000
9612252000000000
9606753000000000
9601254000000000
9595755000000000
9590256000000000
9584757000000000
9579258000000000
9573759000000000
9568260000000000
9562761000000000
9557262000000000
9551763000000000
9546264000000000
9540765000000000
9535266000000000
9529767000000000
9524268000000000
9518769000000000
9513270000000000
9507771000000000
9502272000000000
9496773000000000
9491274000000000
9485775000000000
9480276000000000
9474777000000000
9469278000000000
9463779000000000
9458280000000000
9452781000000000
9447282000000000
9441783000000000
9436284000000000
9430785000000000
9425286000000000
9419787000000000
9414288000000000
9408789000000000
9403290000000000
9397791000000000
9392292000000000
9386793000000000
9381294000000000
9375795000000000
9370296000000000
9364797000000000
9359298000000000
9353799000000000
9348300000000000
9342801000000000
9337302000000000
9331803000000000
9326304000000000
9320805000000000
9315306000000000
9309807000000000
9304308000000000
9298809000000000
9293310000000000
9287811000000000
9282312000000000
9276813000000000
9271314000000000
9265815000000000
9260316000000000
9254817000000000
9249318000000000
9243819000000000
9238320000000000
9232821000000000
9227322000000000
9221823000000000
9216324000000000
9210825000000000
9205326000000000
9199827000000000
9194328000000000
9188829000000000
9183330000000000
9177831000000000
9172332000000000
9166833000000000
9161334000000000
9155835000000000
9150336000000000
9144837000000000
9139338000000000
9133839000000000
9128340000000000
9122841000000000
9117342000000000
9111843000000000
9106344000000000
9100845000000000
9095346000000000
9089847000000000
9084348000000000
9078849000000000
9073350000000000
9067851000000000
9062352000000000
9056853000000000
9051354000000000
9045855000000000
9040356000000000
9034857000000000
9029358000000000
9023859000000000
9018360000000000
9012861000000000
9007362000000000
9001863000000000
8996364000000000
8990865000000000
8985366000000000
8979867000000000
8974368000000000
8968869000000000
8963370000000000
8957871000000000
8952372000000000
8946873000000000
8941374000000000
8935875000000000
8930376000000000
8924877000000000
8919378000000000
8913879000000000
8908380000000000
8902881000000000
8897382000000000
8891883000000000
8886384000000000
8880885000000000
8875386000000000
8869887000000000
8864388000000000
8858889000000000
8853390000000000
8847891000000000
8842392000000000
8836893000000000
8831394000000000
8825895000000000
8820396000000000
8814897000000000
8809398000000000
8803899000000000
8798400000000000
8792901000000000
8787402000000000
8781903000000000
8776404000000000
8770905000000000
8765406000000000
8759907000000000
8754408000000000
8748909000000000
8743410000000000
8737911000000000
8732412000000000
8726913000000000
8721414000000000
8715915000000000
8710416000000000
8704917000000000
8699418000000000
8693919000000000
8688420000000000
8682921000000000
8677422000000000
8671923000000000
8666424000000000
8660925000000000
8655426000000000
8649927000000000
8644428000000000
8638929000000000
8633430000000000
8627931000000000
8622432000000000
8616933000000000
8611434000000000
8605935000000000
8600436000000000
8594937000000000
8589438000000000
8583939000000000
8578440000000000
8572941000000000
8567442000000000
8561943000000000
8556444000000000
8550945000000000
8545446000000000
8539947000000000
8534448000000000
8528949000000000
8523450000000000
8517951000000000
8512452000000000
8506953000000000
8501454000000000
8495955000000000
8490456000000000
8484957000000000
8479458000000000
8473959000000000
8468460000000000
8462961000000000
8457462000000000
8451963000000000
8446464000000000
8440965000000000
8435466000000000
8429967000000000
8424468000000000
8418969000000000
8413470000000000
8407971000000000
8402472000000000
8396973000000000
8391474000000000
8385975000000000
8380476000000000
8374977000000000
8369478000000000
8363979000000000
8358480000000000
8352981000000000
8347482000000000
8341983000000000
8336484000000000
8330985000000000
8325486000000000
8319987000000000
8314488000000000
8308989000000000
8303490000000000
8297991000000000
8292492000000000
8286993000000000
8281494000000000
8275995000000000
8270496000000000
8264997000000000
8259498000000000
8253999000000000
8248500000000000
8243001000000000
8237502000000000
8232003000000000
8226504000000000
8221005000000000
8215506000000000
8210007000000000
8204508000000000
8199009000000000
8193510000000000
8188011000000000
8182512000000000
8177013000000000
8171514000000000
8166015000000000
8160516000000000
8155017000000000
8149518000000000
8144019000000000
8138520000000000
8133021000000000
8127522000000000
8122023000000000
8116524000000000
8111025000000000
8105526000000000
8100027000000000
8094528000000000
8089029000000000
8083530000000000
8078031000000000
8072532000000000
8067033000000000
8061534000000000
8056035000000000
8050536000000000
8045037000000000
8039538000000000
8034039000000000
8028540000000000
8023041000000000
8017542000000000
8012043000000000
8006544000000000
8001045000000000
7995546000000000
7990047000000000
7984548000000000
7979049000000000
7973550000000000
7968051000000000
7962552000000000
7957053000000000
7951554000000000
7946055000000000
7940556000000000
7935057000000000
7929558000000000
7924059000000000
7918560000000000
7913061000000000
7907562000000000
7902063000000000
7896564000000000
7891065000000000
7885566000000000
7880067000000000
7874568000000000
7869069000000000
7863570000000000
7858071000000000
7852572000000000
7847073000000000
7841574000000000
7836075000000000
7830576000000000
7825077000000000
7819578000000000
7814079000000000
7808580000000000
7803081000000000
7797582000000000
7792083000000000
7786584000000000
7781085000000000
7775586000000000
7770087000000000
7764588000000000
7759089000000000
7753590000000000
7748091000000000
7742592000000000
7737093000000000
7731594000000000
7726095000000000
7720596000000000
7715097000000000
7709598000000000
7704099000000000
7698600000000000
7693101000000000
7687602000000000
7682103000000000
7676604000000000
7671105000000000
7665606000000000
7660107000000000
7654608000000000
7649109000000000
7643610000000000
7638111000000000
7632612000000000
7627113000000000
7621614000000000
7616115000000000
7610616000000000
7605117000000000
7599618000000000
7594119000000000
7588620000000000
7583121000000000
7577622000000000
7572123000000000
7566624000000000
7561125000000000
7555626000000000
7550127000000000
7544628000000000
7539129000000000
7533630000000000
7528131000000000
7522632000000000
7517133000000000
7511634000000000
7506135000000000
7500636000000000
7495137000000000
7489638000000000
7484139000000000
7478640000000000
7473141000000000
7467642000000000
7462143000000000
7456644000000000
7451145000000000
7445646000000000
7440147000000000
7434648000000000
7429149000000000
7423650000000000
7418151000000000
7412652000000000
7407153000000000
7401654000000000
7396155000000000
7390656000000000
7385157000000000
7379658000000000
7374159000000000
7368660000000000
7363161000000000
7357662000000000
7352163000000000
7346664000000000
7341165000000000
7335666000000000
7330167000000000
7324668000000000
7319169000000000
7313670000000000
7308171000000000
7302672000000000
7297173000000000
7291674000000000
7286175000000000
7280676000000000
7275177000000000
7269678000000000
7264179000000000
7258680000000000
7253181000000000
7247682000000000
7242183000000000
7236684000000000
7231185000000000
7225686000000000
7220187000000000
7214688000000000
7209189000000000
7203690000000000
7198191000000000
7192692000000000
7187193000000000
7181694000000000
7176195000000000
7170696000000000
7165197000000000
7159698000000000
7154199000000000
7148700000000000
7143201000000000
7137702000000000
7132203000000000
7126704000000000
7121205000000000
7115706000000000
7110207000000000
7104708000000000
7099209000000000
7093710000000000
7088211000000000
7082712000000000
7077213000000000
7071714000000000
7066215000000000
7060716000000000
7055217000000000
7049718000000000
7044219000000000
7038720000000000
7033221000000000
7027722000000000
7022223000000000
7016724000000000
7011225000000000
7005726000000000
7000227000000000
6994728000000000
6989229000000000
6983730000000000
6978231000000000
6972732000000000
6967233000000000
6961734000000000
6956235000000000
6950736000000000
6945237000000000
6939738000000000
6934239000000000
6928740000000000
6923241000000000
6917742000000000
6912243000000000
6906744000000000
6901245000000000
6895746000000000
6890247000000000
6884748000000000
6879249000000000
6873750000000000
6868251000000000
6862752000000000
6857253000000000
6851754000000000
6846255000000000
6840756000000000
6835257000000000
6829758000000000
6824259000000000
6818760000000000
6813261000000000
6807762000000000
6802263000000000
6796764000000000
6791265000000000
6785766000000000
6780267000000000
6774768000000000
6769269000000000
6763770000000000
6758271000000000
6752772000000000
6747273000000000
6741774000000000
6736275000000000
6730776000000000
6725277000000000
6719778000000000
6714279000000000
6708780000000000
6703281000000000
6697782000000000
6692283000000000
6686784000000000
6681285000000000
6675786000000000
6670287000000000
6664788000000000
6659289000000000
6653790000000000
6648291000000000
6642792000000000
6637293000000000
6631794000000000
6626295000000000
6620796000000000
6615297000000000
6609798000000000
6604299000000000
6598800000000000
6593301000000000
6587802000000000
6582303000000000
6576804000000000
6571305000000000
6565806000000000
6560307000000000
6554808000000000
6549309000000000
6543810000000000
6538311000000000
6532812000000000
6527313000000000
6521814000000000
6516315000000000
6510816000000000
6505317000000000
6499818000000000
6494319000000000
6488820000000000
6483321000000000
6477822000000000
6472323000000000
6466824000000000
6461325000000000
6455826000000000
6450327000000000
6444828000000000
6439329000000000
6433830000000000
6428331000000000
6422832000000000
6417333000000000
6411834000000000
6406335000000000
6400836000000000
6395337000000000
6389838000000000
6384339000000000
6378840000000000
6373341000000000
6367842000000000
6362343000000000
6356844000000000
6351345000000000
6345846000000000
6340347000000000
6334848000000000
6329349000000000
6323850000000000
6318351000000000
6312852000000000
6307353000000000
6301854000000000
6296355000000000
6290856000000000
6285357000000000
6279858000000000
6274359000000000
6268860000000000
6263361000000000
6257862000000000
6252363000000000
6246864000000000
6241365000000000
6235866000000000
6230367000000000
6224868000000000
6219369000000000
6213870000000000
6208371000000000
6202872000000000
6197373000000000
6191874000000000
6186375000000000
6180876000000000
6175377000000000
6169878000000000
6164379000000000
6158880000000000
6153381000000000
6147882000000000
6142383000000000
6136884000000000
6131385000000000
6125886000000000
6120387000000000
6114888000000000
6109389000000000
6103890000000000
6098391000000000
6092892000000000
6087393000000000
6081894000000000
6076395000000000
6070896000000000
6065397000000000
6059898000000000
6054399000000000
6048900000000000
6043401000000000
6037902000000000
6032403000000000
6026904000000000
6021405000000000
6015906000000000
6010407000000000
6004908000000000
5999409000000000
5993910000000000
5988411000000000
5982912000000000
5977413000000000
5971914000000000
5966415000000000
5960916000000000
5955417000000000
5949918000000000
5944419000000000
5938920000000000
5933421000000000
5927922000000000
5922423000000000
5916924000000000
5911425000000000
5905926000000000
5900427000000000
5894928000000000
5889429000000000
5883930000000000
5878431000000000
5872932000000000
5867433000000000
5861934000000000
5856435000000000
5850936000000000
5845437000000000
5839938000000000
5834439000000000
5828940000000000
5823441000000000
5817942000000000
5812443000000000
5806944000000000
5801445000000000
5795946000000000
5790447000000000
5784948000000000
5779449000000000
5773950000000000
5768451000000000
5762952000000000
5757453000000000
5751954000000000
5746455000000000
5740956000000000
5735457000000000
5729958000000000
5724459000000000
5718960000000000
5713461000000000
5707962000000000
5702463000000000
5696964000000000
5691465000000000
5685966000000000
5680467000000000
5674968000000000
5669469000000000
5663970000000000
5658471000000000
5652972000000000
5647473000000000
5641974000000000
5636475000000000
5630976000000000
5625477000000000
5619978000000000
5614479000000000
5608980000000000
5603481000000000
5597982000000000
5592483000000000
5586984000000000
5581485000000000
5575986000000000
5570487000000000
5564988000000000
5559489000000000
5553990000000000
5548491000000000
5542992000000000
5537493000000000
5531994000000000
5526495000000000
5520996000000000
5515497000000000
5509998000000000
5504499000000000
5499000000000000
5493501000000000
5488002000000000
5482503000000000
5477004000000000
5471505000000000
5466006000000000
5460507000000000
5455008000000000
5449509000000000
5444010000000000
5438511000000000
5433012000000000
5427513000000000
5422014000000000
5416515000000000
5411016000000000
5405517000000000
5400018000000000
5394519000000000
5389020000000000
5383521000000000
5378022000000000
5372523000000000
5367024000000000
5361525000000000
5356026000000000
5350527000000000
5345028000000000
5339529000000000
5334030000000000
5328531000000000
5323032000000000
5317533000000000
5312034000000000
5306535000000000
5301036000000000
5295537000000000
5290038000000000
5284539000000000
5279040000000000
5273541000000000
5268042000000000
5262543000000000
5257044000000000
5251545000000000
5246046000000000
5240547000000000
5235048000000000
5229549000000000
5224050000000000
5218551000000000
5213052000000000
5207553000000000
5202054000000000
5196555000000000
5191056000000000
5185557000000000
5180058000000000
5174559000000000
5169060000000000
5163561000000000
5158062000000000
5152563000000000
5147064000000000
5141565000000000
5136066000000000
5130567000000000
5125068000000000
5119569000000000
5114070000000000
5108571000000000
5103072000000000
5097573000000000
5092074000000000
5086575000000000
5081076000000000
5075577000000000
5070078000000000
5064579000000000
5059080000000000
5053581000000000
5048082000000000
5042583000000000
5037084000000000
5031585000000000
5026086000000000
5020587000000000
5015088000000000
5009589000000000
5004090000000000
4998591000000000
4993092000000000
4987593000000000
4982094000000000
4976595000000000
4971096000000000
4965597000000000
4960098000000000
4954599000000000
4949100000000000
4943601000000000
4938102000000000
4932603000000000
4927104000000000
4921605000000000
4916106000000000
4910607000000000
4905108000000000
4899609000000000
4894110000000000
4888611000000000
4883112000000000
4877613000000000
4872114000000000
4866615000000000
4861116000000000
4855617000000000
4850118000000000
4844619000000000
4839120000000000
4833621000000000
4828122000000000
4822623000000000
4817124000000000
4811625000000000
4806126000000000
4800627000000000
4795128000000000
4789629000000000
4784130000000000
4778631000000000
4773132000000000
4767633000000000
4762134000000000
4756635000000000
4751136000000000
4745637000000000
4740138000000000
4734639000000000
4729140000000000
4723641000000000
4718142000000000
4712643000000000
4707144000000000
4701645000000000
4696146000000000
4690647000000000
4685148000000000
4679649000000000
4674150000000000
4668651000000000
4663152000000000
4657653000000000
4652154000000000
4646655000000000
4641156000000000
4635657000000000
4630158000000000
4624659000000000
4619160000000000
4613661000000000
4608162000000000
4602663000000000
4597164000000000
4591665000000000
4586166000000000
4580667000000000
4575168000000000
4569669000000000
4564170000000000
4558671000000000
4553172000000000
4547673000000000
4542174000000000
4536675000000000
4531176000000000
4525677000000000
4520178000000000
4514679000000000
4509180000000000
4503681000000000
4498182000000000
4492683000000000
4487184000000000
4481685000000000
4476186000000000
4470687000000000
4465188000000000
4459689000000000
4454190000000000
4448691000000000
4443192000000000
4437693000000000
4432194000000000
4426695000000000
4421196000000000
4415697000000000
4410198000000000
4404699000000000
4399200000000000
4393701000000000
4388202000000000
4382703000000000
4377204000000000
4371705000000000
4366206000000000
4360707000000000
4355208000000000
4349709000000000
4344210000000000
4338711000000000
4333212000000000
4327713000000000
4322214000000000
4316715000000000
4311216000000000
4305717000000000
4300218000000000
4294719000000000
4289220000000000
4283721000000000
4278222000000000
4272723000000000
4267224000000000
4261725000000000
4256226000000000
4250727000000000
4245228000000000
4239729000000000
4234230000000000
4228731000000000
4223232000000000
4217733000000000
4212234000000000
4206735000000000
4201236000000000
4195737000000000
4190238000000000
4184739000000000
4179240000000000
4173741000000000
4168242000000000
4162743000000000
4157244000000000
4151745000000000
4146246000000000
4140747000000000
4135248000000000
4129749000000000
4124250000000000
4118751000000000
4113252000000000
4107753000000000
4102254000000000
4096755000000000
4091256000000000
4085757000000000
4080258000000000
4074759000000000
4069260000000000
4063761000000000
4058262000000000
4052763000000000
4047264000000000
4041765000000000
4036266000000000
4030767000000000
4025268000000000
4019769000000000
4014270000000000
4008771000000000
4003272000000000
3997773000000000
3992274000000000
3986775000000000
3981276000000000
3975777000000000
3970278000000000
3964779000000000
3959280000000000
3953781000000000
3948282000000000
3942783000000000
3937284000000000
3931785000000000
3926286000000000
3920787000000000
3915288000000000
3909789000000000
3904290000000000
3898791000000000
3893292000000000
3887793000000000
3882294000000000
3876795000000000
3871296000000000
3865797000000000
3860298000000000
3854799000000000
3849300000000000
3843801000000000
3838302000000000
3832803000000000
3827304000000000
3821805000000000
3816306000000000
3810807000000000
3805308000000000
3799809000000000
3794310000000000
3788811000000000
3783312000000000
3777813000000000
3772314000000000
3766815000000000
3761316000000000
3755817000000000
3750318000000000
3744819000000000
3739320000000000
3733821000000000
3728322000000000
3722823000000000
3717324000000000
3711825000000000
3706326000000000
3700827000000000
3695328000000000
3689829000000000
3684330000000000
3678831000000000
3673332000000000
3667833000000000
3662334000000000
3656835000000000
3651336000000000
3645837000000000
3640338000000000
3634839000000000
3629340000000000
3623841000000000
3618342000000000
3612843000000000
3607344000000000
3601845000000000
3596346000000000
3590847000000000
3585348000000000
3579849000000000
3574350000000000
3568851000000000
3563352000000000
3557853000000000
3552354000000000
3546855000000000
3541356000000000
3535857000000000
3530358000000000
3524859000000000
3519360000000000
3513861000000000
3508362000000000
3502863000000000
3497364000000000
3491865000000000
3486366000000000
3480867000000000
3475368000000000
3469869000000000
3464370000000000
3458871000000000
3453372000000000
3447873000000000
3442374000000000
3436875000000000
3431376000000000
3425877000000000
3420378000000000
3414879000000000
3409380000000000
3403881000000000
3398382000000000
3392883000000000
3387384000000000
3381885000000000
3376386000000000
3370887000000000
3365388000000000
3359889000000000
3354390000000000
3348891000000000
3343392000000000
3337893000000000
3332394000000000
3326895000000000
3321396000000000
3315897000000000
3310398000000000
3304899000000000
3299400000000000
3293901000000000
3288402000000000
3282903000000000
3277404000000000
3271905000000000
3266406000000000
3260907000000000
3255408000000000
3249909000000000
3244410000000000
3238911000000000
3233412000000000
3227913000000000
3222414000000000
3216915000000000
3211416000000000
3205917000000000
3200418000000000
3194919000000000
3189420000000000
3183921000000000
3178422000000000
3172923000000000
3167424000000000
3161925000000000
3156426000000000
3150927000000000
3145428000000000
3139929000000000
3134430000000000
3128931000000000
3123432000000000
3117933000000000
3112434000000000
3106935000000000
3101436000000000
3095937000000000
3090438000000000
3084939000000000
3079440000000000
3073941000000000
3068442000000000
3062943000000000
3057444000000000
3051945000000000
3046446000000000
3040947000000000
3035448000000000
3029949000000000
3024450000000000
3018951000000000
3013452000000000
3007953000000000
3002454000000000
2996955000000000
2991456000000000
2985957000000000
2980458000000000
2974959000000000
2969460000000000
2963961000000000
2958462000000000
2952963000000000
2947464000000000
2941965000000000
2936466000000000
2930967000000000
2925468000000000
2919969000000000
2914470000000000
2908971000000000
2903472000000000
2897973000000000
2892474000000000
2886975000000000
2881476000000000
2875977000000000
2870478000000000
2864979000000000
2859480000000000
2853981000000000
2848482000000000
2842983000000000
2837484000000000
2831985000000000
2826486000000000
2820987000000000
2815488000000000
2809989000000000
2804490000000000
2798991000000000
2793492000000000
2787993000000000
2782494000000000
2776995000000000
2771496000000000
2765997000000000
2760498000000000
2754999000000000
2749500000000000
2744001000000000
2738502000000000
2733003000000000
2727504000000000
2722005000000000
2716506000000000
2711007000000000
2705508000000000
2700009000000000
2694510000000000
2689011000000000
2683512000000000
2678013000000000
2672514000000000
2667015000000000
2661516000000000
2656017000000000
2650518000000000
2645019000000000
2639520000000000
2634021000000000
2628522000000000
2623023000000000
2617524000000000
2612025000000000
2606526000000000
2601027000000000
2595528000000000
2590029000000000
2584530000000000
2579031000000000
2573532000000000
2568033000000000
2562534000000000
2557035000000000
2551536000000000
2546037000000000
2540538000000000
2535039000000000
2529540000000000
2524041000000000
2518542000000000
2513043000000000
2507544000000000
2502045000000000
2496546000000000
2491047000000000
2485548000000000
2480049000000000
2474550000000000
2469051000000000
2463552000000000
2458053000000000
2452554000000000
2447055000000000
2441556000000000
2436057000000000
2430558000000000
2425059000000000
2419560000000000
2414061000000000
2408562000000000
2403063000000000
2397564000000000
2392065000000000
2386566000000000
2381067000000000
2375568000000000
2370069000000000
2364570000000000
2359071000000000
2353572000000000
2348073000000000
2342574000000000
2337075000000000
2331576000000000
2326077000000000
2320578000000000
2315079000000000
2309580000000000
2304081000000000
2298582000000000
2293083000000000
2287584000000000
2282085000000000
2276586000000000
2271087000000000
2265588000000000
2260089000000000
2254590000000000
2249091000000000
2243592000000000
2238093000000000
2232594000000000
2227095000000000
2221596000000000
2216097000000000
2210598000000000
2205099000000000
2199600000000000
2194101000000000
2188602000000000
2183103000000000
2177604000000000
2172105000000000
2166606000000000
2161107000000000
2155608000000000
2150109000000000
2144610000000000
2139111000000000
2133612000000000
2128113000000000
2122614000000000
2117115000000000
2111616000000000
2106117000000000
2100618000000000
2095119000000000
2089620000000000
2084121000000000
2078622000000000
2073123000000000
2067624000000000
2062125000000000
2056626000000000
2051127000000000
2045628000000000
2040129000000000
2034630000000000
2029131000000000
2023632000000000
2018133000000000
2012634000000000
2007135000000000
2001636000000000
1996137000000000
1990638000000000
1985139000000000
1979640000000000
1974141000000000
1968642000000000
1963143000000000
1957644000000000
1952145000000000
1946646000000000
1941147000000000
1935648000000000
1930149000000000
1924650000000000
1919151000000000
1913652000000000
1908153000000000
1902654000000000
1897155000000000
1891656000000000
1886157000000000
1880658000000000
1875159000000000
1869660000000000
1864161000000000
1858662000000000
1853163000000000
1847664000000000
1842165000000000
1836666000000000
1831167000000000
1825668000000000
1820169000000000
1814670000000000
1809171000000000
1803672000000000
1798173000000000
1792674000000000
1787175000000000
1781676000000000
1776177000000000
1770678000000000
1765179000000000
1759680000000000
1754181000000000
1748682000000000
1743183000000000
1737684000000000
1732185000000000
1726686000000000
1721187000000000
1715688000000000
1710189000000000
1704690000000000
1699191000000000
1693692000000000
1688193000000000
1682694000000000
1677195000000000
1671696000000000
1666197000000000
1660698000000000
1655199000000000
1649700000000000
1644201000000000
1638702000000000
1633203000000000
1627704000000000
1622205000000000
1616706000000000
1611207000000000
1605708000000000
1600209000000000
1594710000000000
1589211000000000
1583712000000000
1578213000000000
1572714000000000
1567215000000000
1561716000000000
1556217000000000
1550718000000000
1545219000000000
1539720000000000
1534221000000000
1528722000000000
1523223000000000
1517724000000000
1512225000000000
1506726000000000
1501227000000000
1495728000000000
1490229000000000
1484730000000000
1479231000000000
1473732000000000
1468233000000000
1462734000000000
1457235000000000
1451736000000000
1446237000000000
1440738000000000
1435239000000000
1429740000000000
1424241000000000
1418742000000000
1413243000000000
1407744000000000
1402245000000000
1396746000000000
1391247000000000
1385748000000000
1380249000000000
1374750000000000
1369251000000000
1363752000000000
1358253000000000
1352754000000000
1347255000000000
1341756000000000
1336257000000000
1330758000000000
1325259000000000
1319760000000000
1314261000000000
1308762000000000
1303263000000000
1297764000000000
1292265000000000
1286766000000000
1281267000000000
1275768000000000
1270269000000000
1264770000000000
1259271000000000
1253772000000000
1248273000000000
1242774000000000
1237275000000000
1231776000000000
1226277000000000
1220778000000000
1215279000000000
1209780000000000
1204281000000000
1198782000000000
1193283000000000
1187784000000000
1182285000000000
1176786000000000
1171287000000000
1165788000000000
1160289000000000
1154790000000000
1149291000000000
1143792000000000
1138293000000000
1132794000000000
1127295000000000
1121796000000000
1116297000000000
1110798000000000
1105299000000000
1099800000000000
1094301000000000
1088802000000000
1083303000000000
1077804000000000
1072305000000000
1066806000000000
1061307000000000
1055808000000000
1050309000000000
1044810000000000
1039311000000000
1033812000000000
1028313000000000
1022814000000000
1017315000000000
1011816000000000
1006317000000000
1000818000000000
995319000000000
989820000000000
984321000000000
978822000000000
973323000000000
967824000000000
962325000000000
956826000000000
951327000000000
945828000000000
940329000000000
934830000000000
929331000000000
923832000000000
918333000000000
912834000000000
907335000000000
901836000000000
896337000000000
890838000000000
885339000000000
879840000000000
874341000000000
868842000000000
863343000000000
857844000000000
852345000000000
846846000000000
841347000000000
835848000000000
830349000000000
824850000000000
819351000000000
813852000000000
808353000000000
802854000000000
797355000000000
791856000000000
786357000000000
780858000000000
775359000000000
769860000000000
764361000000000
758862000000000
753363000000000
747864000000000
742365000000000
736866000000000
731367000000000
725868000000000
720369000000000
714870000000000
709371000000000
703872000000000
698373000000000
692874000000000
687375000000000
681876000000000
676377000000000
670878000000000
665379000000000
659880000000000
654381000000000
648882000000000
643383000000000
637884000000000
632385000000000
626886000000000
621387000000000
615888000000000
610389000000000
604890000000000
599391000000000
593892000000000
588393000000000
582894000000000
577395000000000
571896000000000
566397000000000
560898000000000
555399000000000
549900000000000
544401000000000
538902000000000
533403000000000
527904000000000
522405000000000
516906000000000
511407000000000
505908000000000
500409000000000
494910000000000
489411000000000
483912000000000
478413000000000
472914000000000
467415000000000
461916000000000
456417000000000
450918000000000
445419000000000
439920000000000
434421000000000
428922000000000
423423000000000
417924000000000
412425000000000
406926000000000
401427000000000
395928000000000
390429000000000
384930000000000
379431000000000
373932000000000
368433000000000
362934000000000
357435000000000
351936000000000
346437000000000
340938000000000
335439000000000
329940000000000
324441000000000
318942000000000
313443000000000
307944000000000
302445000000000
296946000000000
291447000000000
285948000000000
280449000000000
274950000000000
269451000000000
263952000000000
258453000000000
252954000000000
247455000000000
241956000000000
236457000000000
230958000000000
225459000000000
219960000000000
214461000000000
208962000000000
203463000000000
197964000000000
192465000000000
186966000000000
181467000000000
175968000000000
170469000000000
164970000000000
159471000000000
153972000000000
148473000000000
142974000000000
137475000000000
131976000000000
126477000000000
120978000000000
115479000000000
109980000000000
104481000000000
98982000000000
93483000000000
87984000000000
82485000000000
76986000000000
71487000000000
65988000000000
60489000000000
54990000000000
49491000000000
43992000000000
38493000000000
32994000000000
27495000000000
21996000000000
16497000000000
10998000000000
5499000000000
