180
+ 1 22
+ 1 12
+ 1 7
+ 1 20
+ 1 9
+ 1 19
+ 1 24
+ 1 27
+ 1 28
+ 1 5
+ 1 30
+ 1 2
+ 1 3
+ 1 25
+ 1 16
+ 1 8
+ 1 26
+ 1 6
+ 1 18
+ 1 4
+ 1 14
+ 1 29
+ 1 13
+ 1 21
+ 1 15
- 2 3
- 2 29
- 2 13
- 2 14
- 2 24
- 3 25
- 3 14
- 3 29
- 3 13
- 4 25
- 5 9
- 5 27
- 5 28
- 5 24
- 5 30
- 5 19
- 6 26
- 6 16
- 6 8
- 6 25
- 6 18
- 7 12
- 7 20
- 7 15
- 7 22
- 7 21
- 8 16
- 8 26
- 8 25
- 8 18
- 9 19
- 9 20
- 9 28
- 9 24
- 9 27
- 9 30
- 10 23
- 10 11
- 10 22
- 10 17
- 11 23
- 11 17
- 12 22
- 12 21
- 12 20
- 12 15
- 13 14
- 13 29
- 14 29
- 15 22
- 15 20
- 15 21
- 16 18
- 16 25
- 16 26
- 17 23
- 18 26
- 18 25
- 19 24
- 19 27
- 19 30
- 19 28
- 20 21
- 20 22
- 21 22
- 24 27
- 24 28
- 24 30
- 25 26
- 27 28
- 27 30
- 28 30
+ 29 30
+ 25 26
+ 24 26
+ 23 30
+ 23 29
+ 22 24
+ 22 26
+ 21 22
+ 21 24
+ 21 26
+ 20 28
+ 19 29
+ 19 23
+ 19 30
+ 18 27
+ 17 25
+ 16 19
+ 16 27
+ 16 18
+ 15 28
+ 15 20
+ 14 28
+ 13 21
+ 13 24
+ 13 26
+ 13 22
+ 11 12
+ 10 15
+ 10 20
+ 10 28
+ 9 25
+ 9 17
+ 8 20
+ 8 10
+ 8 28
+ 8 15
+ 7 18
+ 7 16
+ 7 27
+ 6 19
+ 6 23
+ 6 30
+ 6 29
+ 6 12
+ 5 11
+ 5 12
+ 4 16
+ 4 18
+ 4 27
+ 4 7
+ 3 5
+ 3 11
+ 3 12
+ 2 24
+ 2 26
+ 2 21
+ 2 18
+ 2 22
+ 2 13
- 1 9
- 1 17
- 1 25
- 1 24
- 1 21
- 1 26
- 1 22
- 1 13
- 1 2
- 1 7
- 1 4
- 1 27
- 1 18
- 1 16
- 1 23
- 1 19
- 1 30
- 1 29
- 1 6
- 1 14
- 1 10
- 1 20
- 1 28
- 8 1
