386
+ 1 21
+ 1 11
+ 1 6
+ 1 12
+ 1 16
+ 1 26
+ 1 15
+ 1 23
- 2 21
- 2 9
- 2 25
- 2 20
- 2 4
- 2 22
- 2 23
- 2 24
- 2 16
- 2 13
- 2 18
- 2 12
- 2 6
- 2 15
- 2 14
- 2 7
- 2 11
- 2 8
- 2 5
- 2 10
- 3 22
- 3 6
- 3 25
- 3 12
- 3 4
- 3 13
- 3 10
- 3 23
- 3 5
- 3 20
- 3 7
- 3 8
- 4 22
- 4 13
- 4 5
- 4 25
- 4 9
- 4 23
- 4 12
- 4 16
- 4 15
- 4 17
- 4 14
- 4 26
- 5 13
- 5 20
- 5 24
- 5 17
- 5 12
- 5 22
- 5 9
- 5 18
- 5 26
- 5 10
- 6 21
- 6 14
- 6 13
- 6 23
- 6 17
- 6 7
- 6 22
- 6 18
- 6 11
- 6 8
- 6 10
- 6 19
- 7 21
- 7 11
- 7 25
- 7 24
- 7 23
- 7 18
- 7 17
- 7 20
- 7 22
- 7 16
- 8 22
- 8 23
- 8 17
- 8 11
- 8 21
- 8 9
- 8 25
- 8 13
- 8 24
- 8 16
- 8 26
- 9 24
- 9 14
- 9 22
- 9 16
- 9 25
- 9 10
- 9 15
- 9 13
- 9 11
- 9 12
- 10 15
- 10 21
- 10 25
- 10 17
- 10 22
- 10 12
- 10 20
- 10 11
- 10 13
- 10 19
- 11 14
- 11 25
- 11 16
- 11 26
- 11 17
- 11 13
- 11 22
- 11 12
- 11 19
- 12 18
- 12 19
- 12 14
- 12 26
- 12 20
- 12 17
- 12 24
- 12 21
- 12 25
- 12 15
- 12 16
- 12 23
- 13 15
- 13 25
- 13 20
- 13 19
- 13 22
- 13 21
- 14 17
- 14 15
- 14 24
- 14 16
- 15 20
- 15 26
- 15 17
- 15 21
- 15 24
- 15 22
- 15 25
- 16 25
- 16 18
- 16 19
- 16 26
- 16 22
- 16 24
- 16 20
- 16 17
- 16 23
- 17 21
- 17 25
- 17 23
- 17 19
- 17 18
- 17 24
- 17 22
- 18 22
- 18 21
- 18 23
- 18 24
- 19 22
- 19 25
- 19 21
- 19 20
- 20 21
- 20 25
- 20 24
- 20 22
- 21 23
- 21 24
- 21 25
- 21 26
- 21 22
- 22 26
- 22 23
- 23 26
- 24 25
- 25 26
+ 24 26
+ 23 24
+ 23 26
+ 22 23
+ 22 25
+ 22 26
+ 21 22
+ 21 25
+ 20 21
+ 20 25
+ 20 23
+ 20 24
+ 19 23
+ 19 24
+ 19 21
+ 19 25
+ 19 20
+ 18 22
+ 18 19
+ 18 20
+ 18 26
+ 18 25
+ 18 21
+ 18 23
+ 17 19
+ 17 21
+ 17 26
+ 17 22
+ 17 24
+ 17 23
+ 17 18
+ 16 26
+ 16 22
+ 16 17
+ 16 19
+ 16 21
+ 16 23
+ 16 20
+ 16 18
+ 15 19
+ 15 26
+ 15 23
+ 15 22
+ 15 16
+ 15 24
+ 15 18
+ 15 17
+ 15 25
+ 14 20
+ 14 19
+ 14 24
+ 14 25
+ 14 21
+ 14 18
+ 14 15
+ 14 22
+ 13 16
+ 13 26
+ 13 20
+ 13 17
+ 13 22
+ 13 18
+ 13 21
+ 13 19
+ 13 24
+ 13 14
+ 12 15
+ 12 20
+ 12 23
+ 12 22
+ 12 21
+ 12 26
+ 12 16
+ 12 14
+ 12 13
+ 11 13
+ 11 15
+ 11 20
+ 11 23
+ 11 26
+ 11 19
+ 11 14
+ 11 16
+ 11 25
+ 10 21
+ 10 18
+ 10 17
+ 10 19
+ 10 13
+ 10 24
+ 10 14
+ 10 23
+ 10 20
+ 9 12
+ 9 13
+ 9 25
+ 9 14
+ 9 10
+ 9 22
+ 9 21
+ 8 14
+ 8 24
+ 8 22
+ 8 26
+ 8 13
+ 8 21
+ 8 19
+ 8 15
+ 8 12
+ 7 8
+ 7 14
+ 7 18
+ 7 24
+ 7 10
+ 7 17
+ 7 25
+ 7 22
+ 7 23
+ 7 11
+ 6 15
+ 6 12
+ 6 9
+ 6 17
+ 6 10
+ 6 20
+ 6 16
+ 6 8
+ 6 22
+ 6 24
+ 5 15
+ 5 13
+ 5 12
+ 5 6
+ 5 16
+ 5 18
+ 5 8
+ 5 24
+ 5 10
+ 5 17
+ 5 14
+ 5 7
+ 5 11
+ 4 9
+ 4 22
+ 4 24
+ 4 19
+ 4 7
+ 4 16
+ 4 15
+ 4 10
+ 4 12
+ 4 14
+ 4 26
+ 3 18
+ 3 19
+ 3 24
+ 3 21
+ 3 9
+ 3 13
+ 3 12
+ 3 15
+ 3 4
+ 3 5
+ 3 8
+ 3 17
+ 3 26
+ 3 20
+ 3 22
+ 2 23
+ 2 16
+ 2 24
+ 2 17
+ 2 4
+ 2 14
+ 2 3
+ 2 10
+ 2 13
+ 2 18
+ 2 25
+ 2 15
+ 2 19
+ 2 7
+ 2 6
+ 2 12
+ 2 21
- 1 15
- 1 8
- 1 5
- 1 13
- 1 12
- 1 17
- 1 7
- 1 24
- 1 6
- 9 1
