147
+ 1 14
+ 1 8
+ 1 30
+ 1 7
+ 1 23
+ 1 26
+ 1 10
+ 1 17
+ 1 9
+ 1 3
+ 1 2
+ 1 22
+ 1 12
+ 1 29
+ 1 28
+ 1 15
+ 1 24
+ 1 5
+ 1 4
+ 1 11
+ 1 25
+ 1 21
+ 1 6
+ 1 19
+ 1 16
+ 1 27
- 2 3
- 2 9
- 2 22
- 2 12
- 3 9
- 3 22
- 3 12
- 4 11
- 4 5
- 4 25
- 4 21
- 5 25
- 5 21
- 5 11
- 5 14
- 6 19
- 6 16
- 6 14
- 6 27
- 7 30
- 7 8
- 7 23
- 8 14
- 8 30
- 8 23
- 9 22
- 9 12
- 9 14
- 10 17
- 10 26
- 11 25
- 11 21
- 12 22
- 13 18
- 13 20
- 13 14
- 14 26
- 14 29
- 15 28
- 15 29
- 15 24
- 16 19
- 16 27
- 17 26
- 18 20
- 19 27
- 21 25
- 23 30
- 24 28
- 24 29
- 28 29
+ 26 30
+ 25 28
+ 25 30
+ 24 27
+ 24 29
+ 23 25
+ 20 30
+ 19 21
+ 19 23
+ 17 18
+ 16 27
+ 15 22
+ 14 25
+ 14 28
+ 13 21
+ 12 22
+ 12 15
+ 11 18
+ 11 17
+ 10 27
+ 10 16
+ 10 13
+ 9 21
+ 9 13
+ 8 23
+ 8 19
+ 7 15
+ 7 22
+ 7 12
+ 6 18
+ 6 24
+ 6 29
+ 5 17
+ 5 11
+ 5 18
+ 4 30
+ 4 20
+ 3 5
+ 3 22
+ 3 7
+ 3 15
+ 3 12
+ 2 16
+ 2 10
+ 2 27
- 1 16
- 1 14
- 1 28
- 1 4
- 1 20
- 1 26
- 1 30
- 1 25
- 1 23
- 1 8
- 1 19
- 1 9
- 1 21
- 1 13
- 1 10
- 1 2
- 1 27
- 1 24
- 1 29
- 1 6
- 1 15
- 1 22
- 1 7
- 1 12
- 3 1
