93
+ 1 3
+ 1 4
+ 1 5
+ 1 6
+ 1 7
+ 1 8
+ 1 9
+ 1 10
+ 1 15
+ 1 20
+ 1 11
+ 1 17
+ 1 18
+ 1 14
+ 1 12
+ 1 19
+ 1 16
+ 1 13
+ 1 21
+ 1 22
+ 1 23
+ 1 24
+ 1 25
+ 1 26
+ 1 27
+ 1 28
+ 1 29
+ 1 30
- 2 3
- 3 4
- 4 5
- 5 6
- 6 7
- 7 8
- 8 9
- 9 10
- 10 15
- 11 20
- 11 17
- 12 14
- 12 19
- 13 16
- 13 21
- 14 18
- 15 20
- 16 19
- 17 18
+ 19 21
+ 18 19
+ 17 18
+ 16 20
+ 15 16
+ 14 17
+ 14 15
+ 12 13
+ 11 20
+ 11 13
+ 10 12
+ 9 10
+ 8 9
+ 7 8
+ 6 7
+ 5 6
+ 4 5
+ 3 4
+ 2 3
- 1 29
- 1 28
- 1 27
- 1 26
- 1 25
- 1 24
- 1 23
- 1 22
- 1 21
- 1 19
- 1 18
- 1 17
- 1 14
- 1 15
- 1 16
- 1 20
- 1 11
- 1 13
- 1 12
- 1 10
- 1 9
- 1 8
- 1 7
- 1 6
- 1 5
- 1 4
- 3 1
