415
+ 1 13
+ 1 25
+ 1 19
+ 1 11
+ 1 6
+ 1 9
+ 1 14
+ 1 28
+ 1 22
+ 1 26
+ 1 12
+ 1 8
+ 1 18
+ 1 2
+ 1 20
+ 1 5
+ 1 27
+ 1 29
+ 1 3
+ 1 17
+ 1 7
+ 1 10
+ 1 16
+ 1 15
+ 1 23
+ 1 30
+ 1 24
- 2 18
- 2 20
- 2 26
- 2 14
- 2 27
- 2 12
- 2 5
- 2 22
- 2 7
- 2 11
- 2 6
- 2 3
- 2 9
- 2 19
- 2 28
- 2 17
- 2 8
- 2 29
- 3 9
- 3 6
- 3 29
- 3 27
- 3 8
- 3 18
- 3 17
- 3 28
- 3 19
- 3 14
- 3 7
- 3 26
- 3 25
- 3 20
- 3 22
- 3 5
- 3 12
- 3 11
- 4 13
- 5 27
- 5 7
- 5 29
- 5 22
- 5 28
- 5 12
- 5 18
- 5 26
- 5 20
- 5 14
- 5 8
- 5 9
- 5 25
- 5 6
- 5 11
- 5 17
- 5 19
- 6 9
- 6 11
- 6 20
- 6 17
- 6 28
- 6 19
- 6 22
- 6 8
- 6 27
- 6 7
- 6 26
- 6 12
- 6 29
- 6 18
- 6 14
- 6 25
- 7 11
- 7 9
- 7 29
- 7 27
- 7 25
- 7 12
- 7 26
- 7 28
- 7 18
- 7 17
- 7 19
- 7 14
- 7 22
- 7 20
- 7 8
- 8 18
- 8 22
- 8 14
- 8 25
- 8 20
- 8 29
- 8 9
- 8 28
- 8 12
- 8 26
- 8 19
- 8 11
- 8 17
- 8 27
- 9 14
- 9 20
- 9 22
- 9 27
- 9 19
- 9 26
- 9 12
- 9 29
- 9 28
- 9 25
- 9 18
- 9 11
- 9 17
- 10 21
- 10 16
- 11 19
- 11 25
- 11 27
- 11 22
- 11 14
- 11 12
- 11 28
- 11 17
- 11 26
- 11 18
- 11 20
- 11 29
- 12 26
- 12 19
- 12 22
- 12 25
- 12 29
- 12 20
- 12 28
- 12 17
- 12 27
- 12 14
- 12 18
- 13 25
- 14 28
- 14 18
- 14 25
- 14 29
- 14 19
- 14 26
- 14 22
- 14 17
- 14 27
- 14 20
- 15 23
- 15 16
- 17 19
- 17 25
- 17 29
- 17 26
- 17 28
- 17 27
- 17 22
- 17 20
- 17 18
- 18 22
- 18 27
- 18 25
- 18 28
- 18 19
- 18 29
- 18 20
- 18 26
- 19 25
- 19 22
- 19 26
- 19 28
- 19 27
- 19 29
- 19 20
- 20 22
- 20 29
- 20 26
- 20 25
- 20 28
- 20 27
- 22 28
- 22 26
- 22 27
- 22 25
- 22 29
- 23 30
- 24 30
- 25 26
- 25 28
- 25 29
- 25 27
- 26 28
- 26 27
- 26 29
- 27 29
- 27 28
- 28 29
+ 28 30
+ 27 28
+ 27 30
+ 25 30
+ 25 28
+ 25 27
+ 24 27
+ 24 28
+ 24 30
+ 24 25
+ 23 24
+ 23 27
+ 23 30
+ 23 25
+ 23 28
+ 22 23
+ 22 28
+ 22 27
+ 22 25
+ 22 24
+ 22 30
+ 21 26
+ 20 23
+ 20 24
+ 20 22
+ 20 25
+ 20 30
+ 20 27
+ 20 28
+ 19 27
+ 19 25
+ 19 28
+ 19 24
+ 19 30
+ 19 20
+ 19 23
+ 19 22
+ 18 30
+ 18 22
+ 18 28
+ 18 27
+ 18 23
+ 18 20
+ 18 19
+ 18 24
+ 18 25
+ 17 26
+ 16 20
+ 16 18
+ 16 30
+ 16 22
+ 16 25
+ 16 23
+ 16 24
+ 16 28
+ 16 27
+ 16 19
+ 15 17
+ 14 19
+ 14 30
+ 14 28
+ 14 20
+ 14 24
+ 14 25
+ 14 23
+ 14 27
+ 14 16
+ 14 22
+ 14 18
+ 13 22
+ 13 24
+ 13 16
+ 13 19
+ 13 14
+ 13 30
+ 13 20
+ 13 25
+ 13 27
+ 13 18
+ 13 28
+ 13 23
+ 12 29
+ 12 27
+ 11 16
+ 11 28
+ 11 20
+ 11 27
+ 11 22
+ 11 23
+ 11 19
+ 11 30
+ 11 25
+ 11 14
+ 11 13
+ 11 18
+ 11 24
+ 10 25
+ 10 23
+ 10 28
+ 10 18
+ 10 27
+ 10 11
+ 10 14
+ 10 16
+ 10 20
+ 10 13
+ 10 30
+ 10 22
+ 10 24
+ 10 19
+ 8 21
+ 7 29
+ 7 15
+ 6 13
+ 6 28
+ 6 18
+ 6 23
+ 6 25
+ 6 11
+ 6 22
+ 6 30
+ 6 24
+ 6 16
+ 6 27
+ 6 10
+ 6 20
+ 6 14
+ 6 19
+ 5 9
+ 5 8
+ 4 27
+ 4 13
+ 4 23
+ 4 24
+ 4 20
+ 4 19
+ 4 14
+ 4 16
+ 4 6
+ 4 11
+ 4 28
+ 4 25
+ 4 22
+ 4 10
+ 4 30
+ 4 18
+ 3 28
+ 3 16
+ 3 10
+ 3 6
+ 3 4
+ 3 11
+ 3 14
+ 3 24
+ 3 13
+ 3 20
+ 3 30
+ 3 22
+ 3 27
+ 3 25
+ 3 19
+ 3 23
+ 3 18
+ 2 3
+ 2 30
+ 2 24
+ 2 16
+ 2 6
+ 2 13
+ 2 18
+ 2 23
+ 2 25
+ 2 22
+ 2 4
+ 2 27
+ 2 28
+ 2 20
+ 2 10
+ 2 14
+ 2 11
+ 2 19
- 1 9
- 1 5
- 1 8
- 1 21
- 1 26
- 1 17
- 1 15
- 1 7
- 1 29
- 12 1
