106
+ 1 10
+ 1 27
+ 1 23
+ 1 9
+ 1 6
+ 1 30
+ 1 26
+ 1 15
+ 1 2
+ 1 13
+ 1 4
+ 1 21
+ 1 14
+ 1 25
+ 1 11
+ 1 20
+ 1 17
+ 1 18
+ 1 19
+ 1 12
+ 1 3
+ 1 7
+ 1 28
+ 1 22
+ 1 16
- 2 15
- 3 24
- 4 13
- 4 21
- 4 14
- 5 10
- 5 6
- 5 13
- 6 30
- 6 15
- 7 28
- 7 24
- 7 22
- 9 23
- 10 27
- 10 23
- 11 20
- 11 18
- 11 12
- 11 13
- 14 25
- 16 24
- 17 20
- 18 19
- 26 30
+ 29 30
+ 28 30
+ 27 30
+ 25 30
+ 22 30
+ 21 29
+ 20 30
+ 19 23
+ 18 29
+ 16 19
+ 15 24
+ 14 15
+ 14 26
+ 11 15
+ 10 30
+ 10 12
+ 10 14
+ 10 13
+ 8 27
+ 7 26
+ 6 26
+ 5 19
+ 5 9
+ 4 17
+ 4 23
+ 4 10
+ 3 5
+ 2 25
- 1 22
- 1 28
- 1 17
- 1 16
- 1 3
- 1 9
- 1 5
- 1 19
- 1 23
- 1 4
- 1 12
- 1 24
- 1 11
- 1 15
- 1 6
- 1 7
- 1 26
- 1 14
- 1 13
- 1 10
- 1 8
- 1 27
- 1 20
- 1 21
- 1 18
- 1 29
- 1 30
- 25 1
