202
+ 1 4
+ 1 27
+ 1 9
+ 1 30
+ 1 24
+ 1 26
+ 1 17
+ 1 7
+ 1 22
+ 1 6
+ 1 10
+ 1 11
+ 1 18
+ 1 23
+ 1 5
+ 1 16
+ 1 12
+ 1 2
+ 1 3
+ 1 19
+ 1 20
+ 1 8
+ 1 15
- 2 3
- 2 12
- 2 19
- 2 8
- 2 20
- 2 16
- 3 10
- 3 19
- 3 23
- 3 5
- 3 16
- 4 21
- 4 14
- 4 27
- 4 13
- 4 9
- 5 23
- 5 11
- 5 16
- 5 10
- 5 19
- 6 10
- 6 11
- 6 18
- 6 17
- 6 22
- 6 7
- 7 26
- 7 17
- 7 22
- 7 11
- 7 18
- 8 12
- 8 20
- 9 27
- 9 14
- 10 11
- 10 18
- 10 23
- 11 18
- 11 23
- 12 16
- 12 20
- 13 14
- 13 25
- 13 27
- 13 21
- 14 21
- 14 27
- 15 24
- 15 17
- 15 26
- 15 22
- 15 29
- 15 30
- 16 20
- 16 19
- 17 26
- 17 22
- 17 18
- 18 23
- 19 20
- 19 23
- 21 28
- 21 25
- 22 30
- 22 26
- 24 26
- 24 28
- 24 30
- 24 29
- 24 25
- 25 29
- 25 28
- 26 30
- 28 29
- 28 30
- 29 30
+ 27 29
+ 26 28
+ 25 26
+ 24 28
+ 24 26
+ 24 25
+ 23 27
+ 23 30
+ 23 29
+ 22 27
+ 22 29
+ 21 22
+ 20 28
+ 19 30
+ 18 24
+ 18 25
+ 17 20
+ 17 26
+ 17 28
+ 16 19
+ 16 30
+ 15 21
+ 15 29
+ 15 22
+ 14 22
+ 14 21
+ 14 15
+ 14 29
+ 13 18
+ 13 24
+ 13 25
+ 12 13
+ 12 25
+ 12 26
+ 12 28
+ 12 24
+ 11 23
+ 11 19
+ 11 30
+ 11 27
+ 10 21
+ 10 15
+ 10 14
+ 9 17
+ 9 20
+ 8 17
+ 8 9
+ 8 20
+ 7 19
+ 7 18
+ 7 16
+ 7 30
+ 6 20
+ 6 17
+ 6 9
+ 6 26
+ 6 12
+ 6 28
+ 5 23
+ 5 22
+ 5 14
+ 5 29
+ 5 11
+ 5 27
+ 4 11
+ 4 19
+ 4 30
+ 4 16
+ 4 23
+ 4 27
+ 3 10
+ 3 15
+ 3 21
+ 2 18
+ 2 7
+ 2 13
+ 2 16
+ 2 25
- 1 9
- 1 8
- 1 20
- 1 26
- 1 17
- 1 28
- 1 6
- 1 12
- 1 24
- 1 23
- 1 3
- 1 21
- 1 22
- 1 15
- 1 10
- 1 14
- 1 29
- 1 5
- 1 11
- 1 27
- 1 4
- 1 30
- 25 1
