94
+ 1 3
+ 1 4
+ 1 5
+ 1 6
+ 1 7
+ 1 8
+ 1 9
+ 1 10
+ 1 16
+ 1 14
+ 1 13
+ 1 19
+ 1 18
+ 1 20
+ 1 11
+ 1 15
+ 1 17
+ 1 12
+ 1 21
+ 1 22
+ 1 23
+ 1 24
+ 1 25
+ 1 26
+ 1 27
+ 1 28
+ 1 29
+ 1 30
- 2 3
- 3 4
- 4 5
- 5 6
- 6 7
- 7 8
- 8 9
- 9 10
- 10 16
- 11 20
- 11 15
- 12 17
- 12 21
- 13 14
- 13 19
- 14 16
- 15 17
- 18 19
- 18 20
+ 19 20
+ 16 17
+ 15 18
+ 14 16
+ 13 15
+ 13 17
+ 12 21
+ 12 18
+ 11 14
+ 11 19
+ 10 20
+ 9 10
+ 8 9
+ 7 8
+ 6 7
+ 5 6
+ 4 5
+ 3 4
+ 2 3
- 1 30
- 1 29
- 1 28
- 1 27
- 1 26
- 1 25
- 1 24
- 1 23
- 1 22
- 1 21
- 1 12
- 1 18
- 1 15
- 1 13
- 1 17
- 1 16
- 1 14
- 1 11
- 1 19
- 1 20
- 1 10
- 1 9
- 1 8
- 1 7
- 1 6
- 1 5
- 1 4
- 3 1
