108
+ 1 16
+ 1 8
+ 1 6
+ 1 20
+ 1 10
+ 1 12
+ 1 11
+ 1 23
+ 1 25
+ 1 5
+ 1 14
+ 1 17
+ 1 24
+ 1 22
+ 1 4
+ 1 29
+ 1 13
+ 1 3
+ 1 27
+ 1 28
+ 1 9
+ 1 15
+ 1 18
+ 1 21
+ 1 30
+ 1 2
+ 1 26
- 2 30
- 2 26
- 3 13
- 3 27
- 4 22
- 4 29
- 5 25
- 5 14
- 6 8
- 6 20
- 7 12
- 8 16
- 9 15
- 9 28
- 10 20
- 11 23
- 11 12
- 13 29
- 14 17
- 15 18
- 16 19
- 17 24
- 18 21
- 21 30
- 22 24
- 23 25
- 27 28
+ 23 26
+ 22 28
+ 21 22
+ 18 23
+ 15 27
+ 14 19
+ 14 30
+ 13 24
+ 13 29
+ 12 18
+ 12 27
+ 11 21
+ 10 17
+ 10 16
+ 9 11
+ 9 24
+ 8 29
+ 7 28
+ 6 26
+ 6 20
+ 5 19
+ 4 17
+ 4 7
+ 3 15
+ 3 25
+ 2 20
+ 2 5
- 1 30
- 1 14
- 1 19
- 1 5
- 1 2
- 1 20
- 1 6
- 1 26
- 1 23
- 1 18
- 1 12
- 1 27
- 1 15
- 1 3
- 1 8
- 1 29
- 1 13
- 1 24
- 1 9
- 1 11
- 1 21
- 1 22
- 1 28
- 1 7
- 1 4
- 1 17
- 10 1
