414
+ 1 28
+ 1 11
+ 1 27
+ 1 14
+ 1 17
+ 1 2
+ 1 8
+ 1 7
+ 1 3
+ 1 20
+ 1 6
+ 1 13
+ 1 26
+ 1 25
+ 1 9
+ 1 21
+ 1 30
+ 1 22
+ 1 10
- 2 19
- 2 15
- 2 26
- 2 27
- 2 3
- 2 17
- 2 5
- 2 23
- 2 8
- 2 21
- 2 18
- 3 20
- 3 10
- 3 28
- 3 7
- 3 29
- 3 16
- 3 26
- 3 13
- 3 17
- 3 27
- 3 9
- 3 15
- 3 19
- 3 14
- 3 30
- 3 21
- 3 22
- 3 5
- 4 19
- 4 15
- 4 5
- 4 23
- 4 29
- 4 22
- 4 24
- 4 17
- 4 27
- 5 26
- 5 27
- 5 13
- 5 22
- 5 12
- 5 24
- 5 30
- 5 11
- 5 6
- 5 17
- 5 25
- 5 14
- 5 8
- 5 9
- 6 11
- 6 7
- 6 24
- 6 20
- 6 19
- 6 13
- 6 25
- 6 29
- 6 18
- 6 9
- 6 27
- 6 15
- 7 27
- 7 8
- 7 23
- 7 10
- 7 26
- 7 29
- 7 22
- 7 25
- 7 16
- 8 29
- 8 24
- 8 10
- 8 23
- 8 15
- 8 13
- 8 20
- 8 26
- 8 19
- 8 14
- 8 25
- 8 30
- 8 11
- 8 28
- 9 27
- 9 19
- 9 25
- 9 14
- 9 23
- 9 21
- 9 18
- 9 20
- 10 25
- 10 24
- 10 27
- 10 12
- 10 22
- 10 26
- 11 28
- 11 27
- 11 21
- 11 18
- 11 20
- 11 19
- 11 16
- 11 23
- 11 15
- 11 22
- 12 19
- 12 27
- 12 15
- 12 14
- 12 23
- 12 29
- 12 26
- 12 18
- 12 24
- 13 24
- 13 18
- 13 22
- 13 28
- 13 29
- 13 16
- 13 30
- 13 14
- 13 23
- 13 21
- 14 27
- 14 17
- 14 16
- 14 29
- 14 24
- 14 23
- 14 21
- 14 28
- 14 26
- 14 30
- 15 29
- 15 25
- 15 26
- 15 28
- 15 22
- 15 19
- 15 27
- 16 23
- 16 24
- 16 22
- 16 21
- 16 27
- 16 26
- 16 28
- 17 27
- 17 19
- 17 29
- 17 26
- 18 28
- 18 26
- 18 29
- 18 27
- 18 22
- 19 23
- 19 28
- 19 20
- 19 26
- 19 21
- 20 24
- 20 28
- 20 23
- 20 21
- 21 24
- 21 30
- 21 27
- 22 28
- 22 25
- 23 28
- 23 25
- 23 27
- 24 28
- 24 29
- 25 26
- 25 27
- 25 28
- 25 30
- 26 30
- 28 29
- 28 30
- 29 30
+ 28 30
+ 28 29
+ 25 29
+ 25 30
+ 25 27
+ 24 30
+ 23 30
+ 23 25
+ 23 29
+ 23 24
+ 22 28
+ 22 25
+ 22 27
+ 22 23
+ 21 28
+ 21 27
+ 21 30
+ 21 22
+ 21 24
+ 21 25
+ 20 22
+ 20 21
+ 20 26
+ 20 23
+ 20 28
+ 20 30
+ 19 25
+ 19 24
+ 19 28
+ 19 21
+ 18 25
+ 18 19
+ 18 29
+ 18 22
+ 18 30
+ 18 20
+ 17 28
+ 17 20
+ 17 29
+ 17 18
+ 17 22
+ 16 17
+ 16 19
+ 16 27
+ 16 30
+ 16 22
+ 16 26
+ 16 20
+ 16 24
+ 15 24
+ 15 22
+ 15 20
+ 15 25
+ 15 27
+ 15 17
+ 15 16
+ 15 26
+ 14 22
+ 14 15
+ 14 16
+ 14 26
+ 14 25
+ 14 18
+ 14 27
+ 14 17
+ 14 24
+ 13 29
+ 13 18
+ 13 23
+ 13 28
+ 13 16
+ 13 21
+ 13 15
+ 13 24
+ 12 18
+ 12 25
+ 12 29
+ 12 21
+ 12 23
+ 12 17
+ 12 27
+ 12 13
+ 11 28
+ 11 25
+ 11 26
+ 11 27
+ 11 30
+ 11 14
+ 11 19
+ 11 17
+ 11 22
+ 11 23
+ 10 19
+ 10 24
+ 10 26
+ 10 25
+ 10 13
+ 10 28
+ 10 15
+ 10 23
+ 9 30
+ 9 12
+ 9 23
+ 9 25
+ 9 26
+ 9 27
+ 9 21
+ 9 13
+ 9 22
+ 8 13
+ 8 23
+ 8 21
+ 8 9
+ 8 15
+ 8 11
+ 8 10
+ 8 16
+ 8 26
+ 8 28
+ 8 24
+ 8 18
+ 7 27
+ 7 14
+ 7 12
+ 7 25
+ 7 15
+ 6 30
+ 6 16
+ 6 12
+ 6 28
+ 6 24
+ 6 17
+ 6 26
+ 6 27
+ 6 9
+ 6 8
+ 6 14
+ 5 24
+ 5 19
+ 5 30
+ 5 18
+ 5 17
+ 5 14
+ 5 11
+ 5 12
+ 5 7
+ 5 21
+ 5 28
+ 5 26
+ 5 9
+ 5 13
+ 5 23
+ 5 15
+ 4 22
+ 4 14
+ 4 16
+ 4 19
+ 4 17
+ 4 6
+ 4 13
+ 4 12
+ 4 8
+ 3 14
+ 3 15
+ 3 23
+ 3 9
+ 3 16
+ 3 8
+ 3 18
+ 3 29
+ 3 28
+ 3 20
+ 3 13
+ 3 12
+ 3 5
+ 2 20
+ 2 22
+ 2 28
+ 2 4
+ 2 14
+ 2 7
+ 2 23
+ 2 3
+ 2 18
+ 2 24
+ 2 9
+ 2 11
+ 2 25
- 1 7
- 1 2
- 1 25
- 1 27
- 1 17
- 1 29
- 1 28
- 1 19
- 1 21
- 1 22
- 1 9
- 1 16
- 1 4
- 1 13
- 1 24
- 1 23
- 5 1
