348
+ 1 17
+ 1 3
+ 1 26
+ 1 8
+ 1 18
+ 1 15
+ 1 2
+ 1 19
+ 1 7
+ 1 20
+ 1 28
+ 1 21
+ 1 24
+ 1 22
+ 1 5
+ 1 25
+ 1 4
+ 1 27
+ 1 14
+ 1 29
- 2 19
- 2 24
- 2 15
- 2 23
- 2 4
- 2 7
- 2 10
- 2 28
- 2 6
- 2 5
- 3 10
- 3 13
- 3 16
- 3 19
- 3 26
- 3 24
- 3 29
- 3 28
- 3 23
- 3 17
- 3 4
- 3 22
- 3 15
- 3 20
- 3 25
- 3 6
- 3 30
- 4 7
- 4 23
- 4 25
- 4 5
- 4 15
- 4 20
- 4 12
- 4 14
- 4 18
- 5 22
- 5 25
- 5 29
- 5 23
- 5 6
- 5 19
- 5 13
- 6 17
- 6 30
- 6 12
- 6 20
- 6 18
- 6 13
- 6 24
- 6 27
- 6 21
- 6 9
- 6 15
- 7 20
- 7 19
- 7 17
- 7 15
- 7 27
- 7 21
- 7 13
- 7 8
- 8 18
- 8 11
- 8 22
- 8 28
- 8 10
- 8 27
- 8 20
- 8 14
- 8 24
- 8 9
- 8 23
- 8 26
- 9 10
- 9 25
- 9 29
- 9 28
- 9 26
- 9 18
- 10 30
- 10 12
- 10 20
- 10 24
- 10 11
- 10 14
- 10 13
- 11 26
- 11 22
- 11 23
- 11 18
- 11 14
- 11 16
- 12 18
- 12 15
- 12 24
- 12 25
- 12 14
- 12 17
- 12 22
- 13 30
- 13 26
- 13 14
- 13 25
- 13 16
- 14 27
- 14 25
- 14 26
- 14 28
- 14 18
- 14 30
- 14 15
- 14 22
- 15 28
- 15 24
- 15 26
- 15 22
- 15 25
- 15 23
- 16 22
- 16 23
- 16 17
- 16 19
- 16 21
- 16 18
- 16 30
- 17 30
- 17 27
- 17 29
- 17 20
- 17 26
- 17 19
- 17 25
- 17 28
- 17 18
- 17 23
- 18 20
- 18 22
- 18 24
- 19 23
- 19 27
- 19 20
- 19 30
- 20 28
- 20 25
- 20 22
- 20 24
- 20 30
- 21 28
- 21 24
- 21 27
- 21 23
- 22 24
- 22 30
- 22 25
- 23 28
- 23 27
- 23 25
- 24 25
- 24 30
- 24 29
- 24 28
- 25 29
- 26 29
- 26 30
- 27 30
+ 29 30
+ 27 30
+ 25 30
+ 24 28
+ 24 29
+ 24 30
+ 23 25
+ 22 26
+ 22 25
+ 22 23
+ 22 29
+ 22 28
+ 21 23
+ 21 29
+ 21 28
+ 21 25
+ 20 26
+ 19 28
+ 19 30
+ 19 26
+ 19 23
+ 18 26
+ 18 29
+ 18 20
+ 18 27
+ 18 24
+ 18 30
+ 17 20
+ 17 26
+ 17 25
+ 17 30
+ 17 23
+ 17 29
+ 16 19
+ 16 25
+ 16 22
+ 16 28
+ 16 20
+ 16 23
+ 15 17
+ 15 30
+ 15 25
+ 15 26
+ 15 19
+ 14 24
+ 14 26
+ 14 27
+ 14 18
+ 14 29
+ 14 23
+ 14 15
+ 13 29
+ 13 22
+ 13 24
+ 13 23
+ 13 30
+ 13 21
+ 13 15
+ 13 25
+ 12 23
+ 12 27
+ 12 14
+ 12 25
+ 12 22
+ 11 13
+ 11 26
+ 11 22
+ 11 28
+ 11 30
+ 11 17
+ 11 21
+ 11 24
+ 11 12
+ 10 20
+ 10 26
+ 10 19
+ 10 21
+ 10 12
+ 10 18
+ 9 13
+ 9 24
+ 9 16
+ 9 17
+ 9 30
+ 9 11
+ 9 12
+ 9 27
+ 9 14
+ 8 14
+ 8 22
+ 8 17
+ 8 11
+ 8 19
+ 8 27
+ 7 8
+ 7 25
+ 7 13
+ 7 21
+ 7 22
+ 7 29
+ 7 16
+ 7 28
+ 6 15
+ 6 26
+ 6 25
+ 6 9
+ 6 11
+ 6 14
+ 6 19
+ 5 12
+ 5 29
+ 5 9
+ 5 26
+ 5 11
+ 4 16
+ 4 7
+ 4 21
+ 4 11
+ 4 8
+ 4 9
+ 4 20
+ 4 25
+ 4 6
+ 4 13
+ 4 10
+ 3 14
+ 3 12
+ 3 23
+ 3 4
+ 3 9
+ 3 5
+ 3 29
+ 3 17
+ 3 20
+ 2 21
+ 2 11
+ 2 29
+ 2 8
+ 2 25
+ 2 13
+ 2 3
+ 2 22
+ 2 6
+ 2 27
+ 2 16
- 1 23
- 1 24
- 1 30
- 1 6
- 1 26
- 1 20
- 1 29
- 1 12
- 1 11
- 1 15
- 1 8
- 1 27
- 1 16
- 1 28
- 1 21
- 1 25
- 4 1
