394
+ 1 13
+ 1 29
+ 1 28
+ 1 9
+ 1 2
+ 1 30
+ 1 19
+ 1 17
+ 1 14
+ 1 21
+ 1 5
+ 1 3
+ 1 22
+ 1 27
+ 1 16
+ 1 15
+ 1 11
- 2 9
- 2 4
- 2 30
- 2 27
- 2 11
- 2 17
- 2 5
- 2 19
- 2 15
- 2 13
- 2 22
- 2 16
- 3 8
- 3 25
- 3 5
- 3 6
- 3 22
- 3 13
- 3 10
- 3 30
- 3 28
- 3 29
- 3 21
- 4 8
- 4 25
- 4 11
- 4 10
- 4 14
- 4 26
- 4 29
- 4 12
- 4 5
- 4 15
- 4 30
- 5 18
- 5 21
- 5 26
- 5 30
- 5 27
- 5 15
- 5 10
- 5 23
- 6 7
- 6 23
- 6 26
- 6 22
- 6 21
- 6 11
- 6 30
- 6 28
- 6 15
- 6 25
- 6 24
- 6 10
- 6 19
- 6 18
- 6 16
- 7 29
- 7 22
- 7 15
- 7 12
- 7 11
- 7 21
- 7 17
- 7 23
- 7 13
- 7 14
- 8 15
- 8 18
- 8 27
- 8 20
- 8 29
- 8 23
- 8 24
- 9 23
- 9 28
- 9 13
- 9 25
- 9 18
- 9 20
- 9 30
- 9 11
- 9 27
- 9 14
- 10 19
- 10 18
- 10 17
- 10 22
- 10 23
- 10 16
- 10 20
- 10 24
- 10 30
- 10 27
- 11 28
- 11 23
- 11 19
- 11 21
- 11 29
- 11 27
- 11 15
- 12 13
- 12 29
- 12 15
- 12 27
- 12 18
- 12 21
- 12 26
- 12 19
- 12 22
- 13 18
- 13 20
- 13 29
- 13 26
- 13 28
- 13 22
- 13 24
- 13 19
- 13 17
- 13 23
- 13 16
- 14 17
- 14 21
- 14 15
- 15 27
- 15 19
- 15 21
- 15 18
- 15 30
- 15 29
- 15 26
- 16 27
- 16 28
- 16 30
- 16 25
- 16 26
- 17 29
- 17 19
- 17 30
- 17 20
- 17 18
- 17 22
- 17 27
- 17 26
- 18 20
- 18 30
- 18 19
- 18 28
- 19 24
- 19 28
- 19 27
- 19 30
- 20 25
- 20 30
- 20 27
- 21 22
- 21 26
- 21 30
- 22 23
- 22 28
- 22 27
- 22 29
- 22 24
- 23 28
- 23 25
- 23 29
- 24 30
- 24 25
- 24 26
- 24 28
- 25 26
- 25 30
- 26 27
- 26 30
+ 27 29
+ 26 27
+ 25 29
+ 24 25
+ 24 26
+ 24 30
+ 23 27
+ 23 28
+ 23 30
+ 23 25
+ 23 24
+ 22 27
+ 22 26
+ 22 25
+ 22 23
+ 22 28
+ 21 24
+ 21 23
+ 21 29
+ 21 28
+ 21 22
+ 20 22
+ 20 30
+ 20 23
+ 20 29
+ 19 25
+ 19 26
+ 19 24
+ 19 27
+ 19 22
+ 19 30
+ 18 23
+ 18 20
+ 18 19
+ 18 30
+ 18 21
+ 18 24
+ 18 27
+ 18 26
+ 17 20
+ 17 30
+ 17 18
+ 17 24
+ 17 23
+ 17 29
+ 17 22
+ 17 26
+ 16 28
+ 16 24
+ 16 23
+ 16 29
+ 16 20
+ 16 17
+ 16 26
+ 15 17
+ 15 22
+ 15 26
+ 15 28
+ 14 30
+ 14 15
+ 14 26
+ 14 20
+ 14 23
+ 14 27
+ 14 18
+ 14 29
+ 14 28
+ 13 22
+ 13 29
+ 13 23
+ 13 28
+ 13 16
+ 13 20
+ 13 19
+ 13 14
+ 13 17
+ 12 25
+ 12 28
+ 12 21
+ 12 16
+ 12 26
+ 12 15
+ 11 14
+ 11 29
+ 11 26
+ 11 28
+ 11 15
+ 11 18
+ 11 30
+ 10 26
+ 10 24
+ 10 16
+ 10 13
+ 10 15
+ 10 17
+ 10 22
+ 10 14
+ 10 18
+ 10 29
+ 9 30
+ 9 25
+ 9 24
+ 9 17
+ 9 15
+ 9 10
+ 9 11
+ 9 26
+ 9 16
+ 9 23
+ 8 24
+ 8 19
+ 8 21
+ 8 13
+ 8 23
+ 8 29
+ 8 18
+ 8 11
+ 8 30
+ 8 28
+ 7 26
+ 7 11
+ 7 9
+ 7 25
+ 7 23
+ 7 17
+ 7 22
+ 7 19
+ 7 14
+ 7 16
+ 7 13
+ 6 19
+ 6 14
+ 6 29
+ 6 13
+ 6 28
+ 6 22
+ 6 21
+ 6 12
+ 6 18
+ 5 17
+ 5 15
+ 5 23
+ 5 7
+ 5 27
+ 5 22
+ 5 12
+ 5 26
+ 5 20
+ 5 8
+ 5 6
+ 5 13
+ 5 14
+ 5 25
+ 4 5
+ 4 28
+ 4 23
+ 4 29
+ 4 20
+ 4 15
+ 4 19
+ 4 9
+ 4 30
+ 4 6
+ 3 17
+ 3 4
+ 3 28
+ 3 16
+ 3 22
+ 3 11
+ 3 14
+ 3 13
+ 3 25
+ 3 12
+ 2 22
+ 2 19
+ 2 8
+ 2 25
+ 2 15
+ 2 18
+ 2 26
+ 2 4
+ 2 20
+ 2 5
+ 2 12
+ 2 9
- 1 21
- 1 19
- 1 27
- 1 10
- 1 24
- 1 23
- 1 25
- 1 3
- 1 22
- 1 17
- 1 26
- 1 16
- 1 7
- 1 20
- 1 14
- 1 8
- 1 11
- 6 1
