373
+ 1 3
+ 1 4
+ 1 5
+ 1 6
+ 1 7
+ 1 8
+ 1 9
+ 1 10
+ 1 42
+ 1 34
+ 1 23
+ 1 24
+ 1 47
+ 1 30
+ 1 73
+ 1 31
+ 1 55
+ 1 75
+ 1 40
+ 1 35
+ 1 27
+ 1 83
+ 1 63
+ 1 20
+ 1 51
+ 1 21
+ 1 50
+ 1 19
+ 1 64
+ 1 71
+ 1 57
+ 1 76
+ 1 45
+ 1 77
+ 1 11
+ 1 59
+ 1 56
+ 1 48
+ 1 86
+ 1 29
+ 1 32
+ 1 36
+ 1 54
+ 1 81
+ 1 90
+ 1 68
+ 1 60
+ 1 39
+ 1 84
+ 1 28
+ 1 37
+ 1 43
+ 1 13
+ 1 89
+ 1 67
+ 1 78
+ 1 69
+ 1 61
+ 1 44
+ 1 74
+ 1 88
+ 1 62
+ 1 87
+ 1 65
+ 1 52
+ 1 12
+ 1 85
+ 1 16
+ 1 41
+ 1 72
+ 1 82
+ 1 26
+ 1 18
+ 1 66
+ 1 80
+ 1 70
+ 1 38
+ 1 15
+ 1 58
+ 1 25
+ 1 17
+ 1 14
+ 1 33
+ 1 79
+ 1 46
+ 1 49
+ 1 22
+ 1 53
+ 1 91
+ 1 92
+ 1 93
+ 1 94
+ 1 95
+ 1 96
+ 1 97
+ 1 98
+ 1 99
+ 1 100
- 2 3
- 3 4
- 4 5
- 5 6
- 6 7
- 7 8
- 8 9
- 9 10
- 10 42
- 11 77
- 11 59
- 12 52
- 12 85
- 13 43
- 13 89
- 14 17
- 14 33
- 15 38
- 15 58
- 16 85
- 16 41
- 17 25
- 18 26
- 18 66
- 19 50
- 19 64
- 20 63
- 20 51
- 21 51
- 21 50
- 22 49
- 22 53
- 23 34
- 23 24
- 24 47
- 25 58
- 26 82
- 27 35
- 27 83
- 28 84
- 28 37
- 29 86
- 29 32
- 30 47
- 30 73
- 31 73
- 31 55
- 32 36
- 33 79
- 34 42
- 35 40
- 36 54
- 37 43
- 38 70
- 39 60
- 39 84
- 40 75
- 41 72
- 44 61
- 44 74
- 45 76
- 45 77
- 46 79
- 46 49
- 48 56
- 48 86
- 52 65
- 53 91
- 54 81
- 55 75
- 56 59
- 57 71
- 57 76
- 60 68
- 61 69
- 62 88
- 62 87
- 63 83
- 64 71
- 65 87
- 66 80
- 67 89
- 67 78
- 68 90
- 69 78
- 70 80
- 72 82
- 74 88
- 81 90
+ 83 84
+ 80 82
+ 78 91
+ 77 85
+ 74 88
+ 73 82
+ 73 86
+ 71 72
+ 67 74
+ 66 87
+ 65 76
+ 62 86
+ 62 87
+ 59 64
+ 59 67
+ 57 63
+ 57 81
+ 56 90
+ 54 85
+ 53 61
+ 51 68
+ 50 60
+ 50 75
+ 49 70
+ 48 81
+ 48 58
+ 46 84
+ 45 72
+ 45 60
+ 44 78
+ 44 77
+ 43 80
+ 42 79
+ 41 51
+ 40 89
+ 38 53
+ 37 76
+ 36 47
+ 34 69
+ 33 88
+ 32 71
+ 31 75
+ 31 64
+ 30 52
+ 30 49
+ 29 42
+ 29 65
+ 28 41
+ 28 63
+ 27 66
+ 26 89
+ 25 54
+ 25 90
+ 24 37
+ 24 52
+ 23 58
+ 23 39
+ 22 26
+ 21 47
+ 21 32
+ 20 40
+ 20 36
+ 19 33
+ 19 38
+ 18 70
+ 18 55
+ 17 35
+ 17 34
+ 16 69
+ 16 83
+ 15 55
+ 15 43
+ 14 46
+ 14 68
+ 13 61
+ 13 35
+ 12 27
+ 12 22
+ 11 56
+ 11 79
+ 10 39
+ 9 10
+ 8 9
+ 7 8
+ 6 7
+ 5 6
+ 4 5
+ 3 4
+ 2 3
- 1 99
- 1 98
- 1 97
- 1 96
- 1 95
- 1 94
- 1 93
- 1 92
- 1 91
- 1 78
- 1 44
- 1 77
- 1 85
- 1 54
- 1 25
- 1 90
- 1 56
- 1 11
- 1 79
- 1 42
- 1 29
- 1 65
- 1 76
- 1 37
- 1 24
- 1 52
- 1 30
- 1 49
- 1 70
- 1 18
- 1 55
- 1 15
- 1 43
- 1 80
- 1 82
- 1 73
- 1 86
- 1 62
- 1 87
- 1 66
- 1 27
- 1 12
- 1 22
- 1 26
- 1 89
- 1 40
- 1 20
- 1 36
- 1 47
- 1 21
- 1 32
- 1 71
- 1 72
- 1 45
- 1 60
- 1 50
- 1 75
- 1 31
- 1 64
- 1 59
- 1 67
- 1 74
- 1 88
- 1 33
- 1 19
- 1 38
- 1 53
- 1 61
- 1 13
- 1 35
- 1 17
- 1 34
- 1 69
- 1 16
- 1 83
- 1 84
- 1 46
- 1 14
- 1 68
- 1 51
- 1 41
- 1 28
- 1 63
- 1 57
- 1 81
- 1 48
- 1 58
- 1 23
- 1 39
- 1 10
- 1 9
- 1 8
- 1 7
- 1 6
- 1 5
- 1 4
- 3 1
