556
+ 1 16
+ 1 5
+ 1 78
+ 1 97
+ 1 22
+ 1 91
+ 1 71
+ 1 40
+ 1 80
+ 1 32
+ 1 68
+ 1 60
+ 1 20
+ 1 96
+ 1 98
+ 1 12
+ 1 38
+ 1 37
+ 1 61
+ 1 94
+ 1 29
+ 1 89
+ 1 81
+ 1 23
+ 1 58
+ 1 34
+ 1 28
+ 1 53
+ 1 66
+ 1 52
+ 1 76
+ 1 25
+ 1 59
+ 1 35
+ 1 41
+ 1 75
+ 1 44
+ 1 7
+ 1 17
+ 1 13
+ 1 85
+ 1 18
+ 1 39
+ 1 83
+ 1 69
+ 1 88
+ 1 79
+ 1 90
+ 1 57
+ 1 19
+ 1 49
+ 1 27
+ 1 15
+ 1 47
+ 1 65
+ 1 55
+ 1 36
+ 1 82
+ 1 33
+ 1 8
+ 1 42
+ 1 62
+ 1 48
+ 1 11
+ 1 72
+ 1 86
+ 1 10
+ 1 21
+ 1 77
+ 1 99
+ 1 67
+ 1 9
+ 1 93
+ 1 73
+ 1 50
+ 1 43
+ 1 56
+ 1 70
+ 1 87
+ 1 84
+ 1 46
+ 1 3
+ 1 74
+ 1 95
+ 1 14
+ 1 31
+ 1 26
+ 1 45
+ 1 63
+ 1 24
+ 1 6
+ 1 100
+ 1 30
+ 1 2
+ 1 51
+ 1 64
+ 1 54
+ 1 4
- 2 30
- 2 100
- 2 51
- 3 46
- 3 84
- 3 87
- 4 54
- 4 64
- 5 16
- 5 78
- 6 24
- 6 26
- 6 63
- 6 45
- 7 44
- 7 17
- 7 13
- 8 42
- 8 11
- 8 92
- 8 48
- 8 62
- 9 67
- 9 93
- 9 50
- 9 73
- 10 86
- 10 72
- 11 42
- 11 48
- 11 62
- 12 38
- 12 98
- 12 37
- 12 96
- 13 44
- 13 17
- 14 95
- 14 31
- 14 74
- 15 27
- 15 47
- 15 19
- 15 49
- 16 92
- 16 78
- 17 44
- 18 85
- 18 39
- 18 83
- 19 49
- 19 27
- 19 47
- 19 92
- 20 32
- 20 60
- 20 68
- 20 80
- 21 77
- 21 99
- 21 92
- 22 91
- 22 97
- 22 71
- 22 40
- 23 58
- 23 81
- 24 45
- 24 63
- 24 26
- 25 59
- 25 35
- 25 92
- 25 41
- 25 75
- 26 45
- 26 63
- 26 92
- 27 49
- 27 47
- 28 53
- 28 34
- 29 89
- 29 94
- 29 61
- 30 100
- 30 51
- 31 95
- 31 74
- 32 68
- 32 80
- 32 60
- 33 55
- 33 65
- 33 82
- 33 36
- 34 92
- 34 53
- 35 59
- 35 41
- 35 75
- 36 82
- 36 65
- 36 55
- 37 38
- 37 96
- 37 98
- 38 98
- 38 96
- 39 83
- 39 85
- 40 71
- 40 97
- 40 91
- 41 75
- 41 59
- 42 62
- 42 48
- 43 56
- 43 70
- 43 92
- 44 92
- 45 63
- 46 84
- 46 87
- 47 49
- 48 62
- 50 93
- 50 67
- 50 73
- 51 100
- 52 66
- 52 76
- 54 64
- 55 65
- 55 82
- 56 70
- 57 88
- 57 79
- 57 90
- 57 69
- 58 81
- 59 75
- 60 68
- 60 80
- 61 94
- 61 92
- 61 89
- 64 92
- 65 92
- 65 82
- 66 76
- 66 92
- 67 73
- 67 92
- 67 93
- 68 80
- 69 92
- 69 88
- 69 79
- 69 90
- 71 91
- 71 97
- 72 92
- 72 86
- 73 93
- 74 95
- 74 92
- 77 99
- 79 90
- 79 88
- 80 92
- 81 92
- 83 85
- 84 87
- 85 92
- 87 92
- 88 90
- 89 94
- 91 97
- 92 97
- 92 96
- 92 100
- 96 98
+ 92 95
+ 89 90
+ 87 94
+ 80 90
+ 79 89
+ 78 96
+ 77 89
+ 77 79
+ 76 100
+ 75 84
+ 74 83
+ 72 78
+ 71 74
+ 71 83
+ 70 97
+ 69 100
+ 69 76
+ 68 80
+ 68 90
+ 67 85
+ 66 72
+ 65 93
+ 64 67
+ 64 85
+ 63 82
+ 62 91
+ 61 80
+ 61 68
+ 61 90
+ 60 78
+ 60 72
+ 59 91
+ 59 61
+ 59 82
+ 59 63
+ 58 86
+ 57 96
+ 56 88
+ 54 66
+ 54 65
+ 53 54
+ 53 66
+ 52 62
+ 52 91
+ 51 98
+ 50 70
+ 50 97
+ 49 65
+ 49 93
+ 48 55
+ 48 95
+ 47 92
+ 47 81
+ 46 76
+ 46 100
+ 46 69
+ 45 81
+ 45 47
+ 44 58
+ 44 86
+ 43 81
+ 43 45
+ 43 47
+ 42 96
+ 42 57
+ 41 73
+ 41 84
+ 40 64
+ 38 73
+ 38 41
+ 37 45
+ 37 81
+ 37 43
+ 37 47
+ 36 64
+ 35 67
+ 35 85
+ 35 64
+ 34 87
+ 34 51
+ 34 98
+ 33 70
+ 33 50
+ 33 97
+ 32 62
+ 32 91
+ 32 55
+ 32 52
+ 31 44
+ 31 58
+ 31 86
+ 30 94
+ 30 87
+ 29 86
+ 29 83
+ 29 74
+ 29 71
+ 28 97
+ 28 75
+ 28 84
+ 26 62
+ 26 91
+ 26 32
+ 26 52
+ 25 84
+ 25 28
+ 25 75
+ 24 89
+ 24 73
+ 24 79
+ 24 77
+ 23 27
+ 22 95
+ 22 92
+ 21 44
+ 21 86
+ 21 47
+ 21 31
+ 21 58
+ 20 39
+ 19 36
+ 18 20
+ 18 39
+ 17 66
+ 17 54
+ 17 53
+ 16 18
+ 16 39
+ 16 20
+ 16 74
+ 15 71
+ 15 83
+ 15 74
+ 15 29
+ 14 96
+ 14 42
+ 14 57
+ 13 50
+ 13 97
+ 13 33
+ 13 70
+ 12 36
+ 12 19
+ 12 76
+ 11 95
+ 11 92
+ 11 22
+ 10 55
+ 10 48
+ 9 88
+ 9 56
+ 8 36
+ 8 12
+ 8 19
+ 7 88
+ 7 56
+ 7 57
+ 7 9
+ 6 9
+ 6 88
+ 6 7
+ 6 56
+ 5 56
+ 5 20
+ 5 16
+ 5 39
+ 5 18
+ 4 57
+ 4 42
+ 4 96
+ 4 14
+ 3 27
+ 3 23
+ 3 94
+ 3 33
+ 2 93
+ 2 65
+ 2 100
+ 2 49
- 1 27
- 1 23
- 1 25
- 1 75
- 1 38
- 1 80
- 1 68
- 1 10
- 1 40
- 1 67
- 1 85
- 1 35
- 1 64
- 1 36
- 1 8
- 1 19
- 1 12
- 1 46
- 1 69
- 1 76
- 1 100
- 1 49
- 1 2
- 1 93
- 1 65
- 1 54
- 1 17
- 1 53
- 1 66
- 1 72
- 1 60
- 1 78
- 1 96
- 1 14
- 1 4
- 1 42
- 1 57
- 1 88
- 1 9
- 1 7
- 1 6
- 1 56
- 1 18
- 1 5
- 1 39
- 1 20
- 1 16
- 1 74
- 1 15
- 1 83
- 1 71
- 1 29
- 1 44
- 1 31
- 1 86
- 1 58
- 1 21
- 1 81
- 1 45
- 1 43
- 1 37
- 1 47
- 1 92
- 1 11
- 1 22
- 1 95
- 1 48
- 1 55
- 1 26
- 1 32
- 1 52
- 1 62
- 1 91
- 1 82
- 1 63
- 1 59
- 1 61
- 1 90
- 1 89
- 1 79
- 1 77
- 1 24
- 1 73
- 1 41
- 1 84
- 1 28
- 1 97
- 1 50
- 1 70
- 1 13
- 1 33
- 1 3
- 1 94
- 1 30
- 87 1
