382
+ 1 81
+ 1 52
+ 1 46
+ 1 79
+ 1 84
+ 1 36
+ 1 74
+ 1 71
+ 1 45
+ 1 47
+ 1 86
+ 1 90
+ 1 95
+ 1 22
+ 1 62
+ 1 73
+ 1 12
+ 1 35
+ 1 16
+ 1 30
+ 1 32
+ 1 39
+ 1 50
+ 1 14
+ 1 2
+ 1 10
+ 1 97
+ 1 82
+ 1 44
+ 1 55
+ 1 70
+ 1 94
+ 1 3
+ 1 93
+ 1 48
+ 1 6
+ 1 96
+ 1 78
+ 1 66
+ 1 31
+ 1 83
+ 1 61
+ 1 85
+ 1 98
+ 1 60
+ 1 29
+ 1 23
+ 1 20
+ 1 72
+ 1 15
+ 1 99
+ 1 19
+ 1 88
+ 1 92
+ 1 25
+ 1 77
+ 1 53
+ 1 63
+ 1 38
+ 1 75
+ 1 51
+ 1 18
+ 1 21
+ 1 4
+ 1 9
+ 1 8
+ 1 26
+ 1 64
+ 1 43
+ 1 54
+ 1 76
+ 1 87
+ 1 24
+ 1 13
+ 1 17
+ 1 80
+ 1 27
+ 1 41
+ 1 40
+ 1 34
+ 1 69
+ 1 56
+ 1 37
+ 1 89
+ 1 91
+ 1 58
+ 1 42
+ 1 100
+ 1 49
+ 1 65
+ 1 28
+ 1 59
+ 1 5
+ 1 67
+ 1 11
+ 1 33
- 2 10
- 2 83
- 2 61
- 2 50
- 3 93
- 3 94
- 3 6
- 4 9
- 4 21
- 5 59
- 6 96
- 7 81
- 8 26
- 8 76
- 8 77
- 10 97
- 10 82
- 11 67
- 11 33
- 12 73
- 13 24
- 13 17
- 14 50
- 15 72
- 16 30
- 16 50
- 16 85
- 16 57
- 17 80
- 17 27
- 17 56
- 18 51
- 19 88
- 19 99
- 20 72
- 20 99
- 20 29
- 21 63
- 22 36
- 23 29
- 24 76
- 25 99
- 26 64
- 26 43
- 27 41
- 27 40
- 27 34
- 28 65
- 29 85
- 30 32
- 31 66
- 32 39
- 34 69
- 35 84
- 36 74
- 36 84
- 36 47
- 36 86
- 37 89
- 37 85
- 38 63
- 38 75
- 42 100
- 42 58
- 42 49
- 43 54
- 44 55
- 44 82
- 44 70
- 45 71
- 46 79
- 46 52
- 48 93
- 49 65
- 51 75
- 52 81
- 53 77
- 58 91
- 59 68
- 59 67
- 60 98
- 62 73
- 62 84
- 63 77
- 66 94
- 68 91
- 70 94
- 71 74
- 76 87
- 77 99
- 78 96
- 79 84
- 85 98
- 86 90
- 86 95
- 92 99
+ 92 93
+ 88 95
+ 83 93
+ 81 100
+ 76 97
+ 73 86
+ 72 73
+ 71 88
+ 70 78
+ 69 84
+ 68 92
+ 68 74
+ 67 74
+ 66 92
+ 65 96
+ 62 79
+ 62 89
+ 61 67
+ 60 93
+ 59 63
+ 58 87
+ 56 65
+ 54 84
+ 52 57
+ 50 66
+ 49 94
+ 48 70
+ 47 64
+ 47 77
+ 45 63
+ 44 63
+ 43 100
+ 42 94
+ 41 80
+ 41 67
+ 39 77
+ 37 38
+ 35 88
+ 34 46
+ 34 61
+ 33 79
+ 33 98
+ 33 50
+ 32 91
+ 32 48
+ 31 65
+ 30 87
+ 29 97
+ 28 97
+ 27 71
+ 26 35
+ 25 78
+ 24 74
+ 24 76
+ 23 37
+ 23 65
+ 23 71
+ 22 95
+ 22 44
+ 21 44
+ 21 52
+ 20 45
+ 19 98
+ 17 34
+ 16 82
+ 16 93
+ 15 40
+ 15 52
+ 15 51
+ 15 53
+ 14 15
+ 13 69
+ 13 55
+ 12 36
+ 12 24
+ 11 90
+ 11 18
+ 11 20
+ 10 78
+ 9 85
+ 9 74
+ 9 32
+ 8 99
+ 8 40
+ 8 75
+ 7 55
+ 7 87
+ 7 94
+ 7 50
+ 6 14
+ 5 48
+ 4 69
+ 4 44
+ 3 22
+ 2 35
- 1 43
- 1 100
- 1 64
- 1 47
- 1 77
- 1 86
- 1 72
- 1 99
- 1 75
- 1 8
- 1 40
- 1 51
- 1 53
- 1 6
- 1 14
- 1 15
- 1 57
- 1 52
- 1 21
- 1 27
- 1 38
- 1 37
- 1 31
- 1 56
- 1 96
- 1 65
- 1 23
- 1 71
- 1 26
- 1 2
- 1 35
- 1 88
- 1 95
- 1 3
- 1 22
- 1 59
- 1 90
- 1 18
- 1 11
- 1 20
- 1 45
- 1 63
- 1 44
- 1 4
- 1 54
- 1 84
- 1 69
- 1 13
- 1 55
- 1 49
- 1 42
- 1 94
- 1 83
- 1 82
- 1 16
- 1 60
- 1 93
- 1 36
- 1 12
- 1 29
- 1 28
- 1 97
- 1 76
- 1 24
- 1 85
- 1 91
- 1 5
- 1 25
- 1 10
- 1 78
- 1 70
- 1 48
- 1 32
- 1 9
- 1 80
- 1 41
- 1 46
- 1 17
- 1 34
- 1 61
- 1 67
- 1 74
- 1 68
- 1 92
- 1 66
- 1 89
- 1 62
- 1 79
- 1 19
- 1 98
- 1 33
- 1 50
- 1 7
- 1 30
- 87 1
