910
+ 1 22
+ 1 41
+ 1 47
+ 1 12
+ 1 72
+ 1 76
+ 1 10
+ 1 18
+ 1 27
+ 1 99
+ 1 32
+ 1 48
+ 1 82
+ 1 40
+ 1 100
+ 1 85
+ 1 84
+ 1 55
+ 1 64
+ 1 45
+ 1 4
+ 1 63
+ 1 35
+ 1 77
+ 1 6
+ 1 57
+ 1 80
+ 1 61
+ 1 52
+ 1 29
+ 1 38
+ 1 30
+ 1 26
+ 1 3
+ 1 66
+ 1 92
+ 1 93
+ 1 54
+ 1 68
+ 1 31
+ 1 2
+ 1 60
+ 1 96
+ 1 81
+ 1 71
+ 1 24
+ 1 19
+ 1 20
+ 1 78
+ 1 23
+ 1 9
+ 1 7
+ 1 83
+ 1 21
+ 1 94
+ 1 79
+ 1 67
+ 1 28
+ 1 91
+ 1 53
+ 1 58
+ 1 65
+ 1 46
+ 1 86
+ 1 87
+ 1 95
+ 1 43
+ 1 98
+ 1 56
+ 1 88
+ 1 89
+ 1 13
+ 1 25
+ 1 75
+ 1 5
+ 1 50
+ 1 59
+ 1 16
+ 1 97
+ 1 49
+ 1 17
+ 1 51
+ 1 36
+ 1 39
+ 1 34
+ 1 42
+ 1 90
+ 1 8
+ 1 14
+ 1 73
+ 1 15
+ 1 33
+ 1 74
+ 1 11
- 2 31
- 2 60
- 2 86
- 2 23
- 2 4
- 2 35
- 2 69
- 2 78
- 2 24
- 2 45
- 3 66
- 3 31
- 3 26
- 3 37
- 3 99
- 3 86
- 3 17
- 3 47
- 4 63
- 4 39
- 4 45
- 4 5
- 4 78
- 4 80
- 4 75
- 4 85
- 5 78
- 5 77
- 5 50
- 5 39
- 5 47
- 5 40
- 5 71
- 5 75
- 5 98
- 6 57
- 6 77
- 6 66
- 6 33
- 6 93
- 6 12
- 6 74
- 6 54
- 7 9
- 7 83
- 7 40
- 7 20
- 7 10
- 7 26
- 8 96
- 8 42
- 8 90
- 8 23
- 8 92
- 9 23
- 9 81
- 9 84
- 9 13
- 9 30
- 10 18
- 10 60
- 10 82
- 10 76
- 10 45
- 10 59
- 10 87
- 11 80
- 11 96
- 12 47
- 12 72
- 12 59
- 12 23
- 13 61
- 13 77
- 13 89
- 13 25
- 13 20
- 13 67
- 13 59
- 14 26
- 14 62
- 14 22
- 14 73
- 14 55
- 14 42
- 14 41
- 14 60
- 14 46
- 15 63
- 15 48
- 15 86
- 15 30
- 15 27
- 15 79
- 16 59
- 16 84
- 16 89
- 17 66
- 17 82
- 17 44
- 17 41
- 17 70
- 17 65
- 18 27
- 18 79
- 18 39
- 18 91
- 18 22
- 19 20
- 19 70
- 19 24
- 19 22
- 19 27
- 20 78
- 20 25
- 20 62
- 20 26
- 20 22
- 21 83
- 21 94
- 21 70
- 21 75
- 21 47
- 21 29
- 21 51
- 22 37
- 22 41
- 22 78
- 22 64
- 22 98
- 22 100
- 22 39
- 22 66
- 22 48
- 22 61
- 23 78
- 23 40
- 23 81
- 23 74
- 23 43
- 24 71
- 24 47
- 24 26
- 24 97
- 24 88
- 24 31
- 24 62
- 25 75
- 25 77
- 25 38
- 25 34
- 26 50
- 26 39
- 26 30
- 26 59
- 26 62
- 26 84
- 27 99
- 27 73
- 27 84
- 27 46
- 27 90
- 27 34
- 27 32
- 27 80
- 27 71
- 27 77
- 28 67
- 28 91
- 28 97
- 28 65
- 28 55
- 28 47
- 29 70
- 29 52
- 29 58
- 29 75
- 30 64
- 30 38
- 30 48
- 30 66
- 31 92
- 31 83
- 31 68
- 31 33
- 31 87
- 31 61
- 31 42
- 32 48
- 32 36
- 32 99
- 32 43
- 32 71
- 32 52
- 32 57
- 32 97
- 33 65
- 33 60
- 33 61
- 35 77
- 35 63
- 35 89
- 35 47
- 35 98
- 35 44
- 35 49
- 36 40
- 36 50
- 36 46
- 37 87
- 37 90
- 37 69
- 37 79
- 38 93
- 38 96
- 38 70
- 38 43
- 38 55
- 38 72
- 38 75
- 39 98
- 39 96
- 39 85
- 39 80
- 39 52
- 39 45
- 39 67
- 40 82
- 40 100
- 40 66
- 40 78
- 41 47
- 41 50
- 41 80
- 41 93
- 42 90
- 42 92
- 42 69
- 43 95
- 43 64
- 43 78
- 43 62
- 43 85
- 44 49
- 44 70
- 45 64
- 45 67
- 45 87
- 45 63
- 45 59
- 46 65
- 46 84
- 46 77
- 46 86
- 46 96
- 46 68
- 46 81
- 46 76
- 47 49
- 47 81
- 47 67
- 47 96
- 47 94
- 47 66
- 47 71
- 48 82
- 48 73
- 48 64
- 48 49
- 48 90
- 49 61
- 49 51
- 49 65
- 49 95
- 49 97
- 49 86
- 49 52
- 50 59
- 50 82
- 50 99
- 51 77
- 52 61
- 52 54
- 52 53
- 52 92
- 52 56
- 52 70
- 52 93
- 53 91
- 53 84
- 53 58
- 54 93
- 54 77
- 54 68
- 55 84
- 55 64
- 55 96
- 55 76
- 56 98
- 56 88
- 56 84
- 56 81
- 57 80
- 57 64
- 57 92
- 57 79
- 57 59
- 58 65
- 58 80
- 58 67
- 58 97
- 59 95
- 59 84
- 59 97
- 59 63
- 59 86
- 60 96
- 60 81
- 60 75
- 60 68
- 60 92
- 61 80
- 61 65
- 61 69
- 61 62
- 61 67
- 62 100
- 62 85
- 62 77
- 62 65
- 62 81
- 62 93
- 63 97
- 63 80
- 64 78
- 64 85
- 65 100
- 65 80
- 65 76
- 65 73
- 66 92
- 66 91
- 66 90
- 66 67
- 67 79
- 67 97
- 67 72
- 67 82
- 68 89
- 69 99
- 69 88
- 69 98
- 69 89
- 69 72
- 70 80
- 70 98
- 71 81
- 71 91
- 72 76
- 72 82
- 72 91
- 73 82
- 73 95
- 73 80
- 74 85
- 75 80
- 75 85
- 75 79
- 76 83
- 77 85
- 78 94
- 79 94
- 79 95
- 79 81
- 79 87
- 80 92
- 81 96
- 82 100
- 82 92
- 83 86
- 83 100
- 84 85
- 85 100
- 86 87
- 86 93
- 86 88
- 87 95
- 88 98
- 90 95
- 90 91
- 90 100
- 92 93
- 93 94
- 93 96
- 95 98
+ 92 95
+ 90 100
+ 89 90
+ 89 96
+ 85 88
+ 84 91
+ 81 92
+ 81 95
+ 80 93
+ 80 96
+ 79 85
+ 79 90
+ 79 80
+ 78 92
+ 77 96
+ 77 100
+ 77 85
+ 76 100
+ 76 93
+ 75 93
+ 75 92
+ 75 91
+ 74 75
+ 73 84
+ 73 75
+ 72 82
+ 72 97
+ 71 73
+ 70 71
+ 70 81
+ 69 92
+ 69 82
+ 68 77
+ 67 83
+ 66 68
+ 66 89
+ 66 93
+ 66 85
+ 66 87
+ 66 94
+ 65 89
+ 65 90
+ 65 93
+ 65 71
+ 65 88
+ 64 79
+ 64 90
+ 64 85
+ 63 70
+ 63 99
+ 62 68
+ 62 77
+ 61 78
+ 61 96
+ 60 77
+ 59 83
+ 59 71
+ 59 70
+ 59 77
+ 59 100
+ 58 60
+ 58 85
+ 57 62
+ 57 59
+ 57 93
+ 57 70
+ 57 79
+ 56 66
+ 56 60
+ 55 73
+ 55 87
+ 54 80
+ 54 57
+ 54 78
+ 53 83
+ 53 72
+ 53 77
+ 52 94
+ 52 99
+ 52 84
+ 51 100
+ 51 83
+ 51 68
+ 50 57
+ 50 90
+ 50 62
+ 50 53
+ 50 87
+ 49 71
+ 49 75
+ 48 98
+ 48 77
+ 48 64
+ 48 71
+ 47 87
+ 47 75
+ 47 69
+ 46 88
+ 46 87
+ 46 53
+ 45 77
+ 45 84
+ 45 98
+ 44 53
+ 44 52
+ 43 57
+ 43 52
+ 43 85
+ 42 63
+ 42 54
+ 41 70
+ 41 91
+ 40 55
+ 40 92
+ 39 60
+ 39 57
+ 39 40
+ 39 50
+ 39 85
+ 38 40
+ 38 92
+ 38 49
+ 38 94
+ 37 84
+ 37 71
+ 36 37
+ 36 67
+ 36 84
+ 36 91
+ 35 75
+ 35 46
+ 35 88
+ 35 58
+ 35 78
+ 35 77
+ 34 61
+ 34 63
+ 34 58
+ 34 86
+ 34 60
+ 34 71
+ 33 49
+ 33 36
+ 33 60
+ 33 80
+ 33 77
+ 32 65
+ 32 42
+ 32 89
+ 32 97
+ 32 38
+ 31 74
+ 31 86
+ 31 46
+ 30 60
+ 30 63
+ 30 61
+ 29 51
+ 29 93
+ 29 77
+ 29 74
+ 29 61
+ 28 51
+ 28 37
+ 28 93
+ 28 68
+ 28 76
+ 28 95
+ 27 46
+ 27 75
+ 27 42
+ 26 50
+ 26 53
+ 26 92
+ 26 44
+ 26 89
+ 26 65
+ 25 63
+ 25 79
+ 25 70
+ 25 55
+ 24 96
+ 24 68
+ 24 31
+ 24 61
+ 24 53
+ 24 69
+ 23 25
+ 23 67
+ 23 45
+ 23 66
+ 23 44
+ 23 47
+ 22 35
+ 22 91
+ 22 54
+ 22 82
+ 22 100
+ 22 68
+ 21 57
+ 21 43
+ 21 77
+ 20 76
+ 20 95
+ 20 82
+ 20 77
+ 20 47
+ 19 36
+ 19 45
+ 19 42
+ 18 77
+ 18 48
+ 18 49
+ 18 94
+ 18 57
+ 18 65
+ 18 54
+ 18 42
+ 17 77
+ 17 24
+ 17 80
+ 17 86
+ 17 48
+ 17 70
+ 17 83
+ 17 79
+ 16 69
+ 16 75
+ 16 50
+ 16 18
+ 16 80
+ 15 52
+ 15 58
+ 15 66
+ 15 97
+ 14 51
+ 14 36
+ 14 16
+ 14 58
+ 14 82
+ 14 50
+ 13 84
+ 13 68
+ 13 89
+ 13 33
+ 13 57
+ 13 28
+ 13 34
+ 13 95
+ 12 46
+ 12 75
+ 12 23
+ 12 74
+ 12 19
+ 12 41
+ 12 93
+ 11 77
+ 11 93
+ 11 55
+ 11 75
+ 11 99
+ 11 68
+ 11 43
+ 11 63
+ 11 21
+ 11 27
+ 10 59
+ 10 82
+ 10 56
+ 10 88
+ 10 35
+ 10 55
+ 10 48
+ 9 35
+ 9 60
+ 9 94
+ 9 67
+ 9 90
+ 8 19
+ 8 54
+ 8 34
+ 7 54
+ 7 61
+ 7 8
+ 7 88
+ 7 44
+ 7 55
+ 7 32
+ 7 65
+ 7 50
+ 7 33
+ 7 77
+ 6 96
+ 6 51
+ 6 22
+ 6 24
+ 6 26
+ 6 16
+ 6 48
+ 6 92
+ 5 34
+ 5 27
+ 5 31
+ 5 74
+ 5 85
+ 5 72
+ 5 44
+ 4 54
+ 4 9
+ 4 86
+ 4 17
+ 4 42
+ 3 5
+ 3 28
+ 3 82
+ 3 51
+ 3 72
+ 3 45
+ 3 92
+ 3 48
+ 3 10
+ 3 73
+ 3 37
+ 3 71
+ 3 9
+ 2 18
+ 2 9
+ 2 66
+ 2 59
- 1 81
- 1 73
- 1 99
- 1 4
- 1 86
- 1 31
- 1 24
- 1 69
- 1 82
- 1 51
- 1 83
- 1 2
- 1 59
- 1 100
- 1 22
- 1 68
- 1 62
- 1 40
- 1 39
- 1 87
- 1 50
- 1 14
- 1 58
- 1 56
- 1 60
- 1 30
- 1 63
- 1 21
- 1 27
- 1 11
- 1 52
- 1 84
- 1 36
- 1 91
- 1 41
- 1 12
- 1 93
- 1 76
- 1 28
- 1 95
- 1 13
- 1 8
- 1 34
- 1 71
- 1 49
- 1 75
- 1 74
- 1 29
- 1 61
- 1 96
- 1 32
- 1 38
- 1 94
- 1 66
- 1 15
- 1 72
- 1 53
- 1 46
- 1 88
- 1 65
- 1 26
- 1 6
- 1 92
- 1 78
- 1 54
- 1 57
- 1 79
- 1 17
- 1 70
- 1 25
- 1 55
- 1 10
- 1 48
- 1 98
- 1 45
- 1 19
- 1 42
- 1 18
- 1 16
- 1 80
- 1 33
- 1 7
- 1 77
- 1 20
- 1 47
- 1 44
- 1 5
- 1 85
- 1 64
- 1 90
- 1 9
- 3 1
