542
+ 1 29
+ 1 89
+ 1 61
+ 1 94
+ 1 43
+ 1 30
+ 1 84
+ 1 13
+ 1 65
+ 1 66
+ 1 85
+ 1 79
+ 1 2
+ 1 91
+ 1 33
+ 1 99
+ 1 72
+ 1 63
+ 1 87
+ 1 4
+ 1 77
+ 1 31
+ 1 71
+ 1 12
+ 1 46
+ 1 69
+ 1 7
+ 1 23
+ 1 58
+ 1 96
+ 1 36
+ 1 55
+ 1 26
+ 1 82
+ 1 62
+ 1 78
+ 1 70
+ 1 64
+ 1 57
+ 1 24
+ 1 32
+ 1 54
+ 1 93
+ 1 19
+ 1 25
+ 1 16
+ 1 28
+ 1 49
+ 1 86
+ 1 8
+ 1 20
+ 1 6
+ 1 74
+ 1 18
+ 1 56
+ 1 17
+ 1 44
+ 1 95
+ 1 75
+ 1 22
+ 1 90
+ 1 10
+ 1 51
+ 1 48
+ 1 27
+ 1 60
+ 1 52
+ 1 47
+ 1 39
+ 1 3
+ 1 38
+ 1 73
+ 1 53
+ 1 100
+ 1 37
+ 1 88
+ 1 5
+ 1 21
+ 1 68
+ 1 35
+ 1 81
+ 1 92
+ 1 50
+ 1 67
+ 1 40
+ 1 97
+ 1 45
+ 1 34
+ 1 11
+ 1 98
+ 1 41
+ 1 80
+ 1 76
+ 1 15
+ 1 83
- 2 85
- 2 79
- 3 38
- 3 98
- 3 39
- 3 73
- 3 53
- 4 77
- 4 87
- 4 63
- 4 31
- 4 72
- 5 88
- 5 37
- 5 100
- 6 74
- 6 20
- 7 23
- 7 96
- 7 31
- 7 58
- 8 99
- 8 33
- 8 86
- 8 91
- 9 42
- 9 59
- 10 51
- 10 90
- 10 27
- 10 48
- 10 60
- 11 21
- 11 68
- 11 35
- 12 71
- 12 31
- 12 46
- 12 69
- 13 84
- 13 30
- 13 65
- 13 66
- 14 29
- 14 89
- 15 83
- 15 18
- 15 56
- 15 17
- 16 28
- 16 25
- 16 49
- 17 44
- 17 56
- 17 83
- 17 18
- 18 56
- 18 74
- 18 83
- 19 54
- 19 93
- 19 32
- 19 24
- 20 59
- 20 74
- 21 68
- 21 37
- 21 35
- 22 44
- 22 75
- 22 90
- 22 95
- 23 58
- 23 96
- 24 57
- 24 32
- 24 54
- 24 93
- 25 49
- 25 54
- 26 82
- 26 62
- 26 55
- 26 36
- 27 90
- 27 51
- 27 48
- 29 89
- 29 61
- 30 84
- 30 66
- 30 65
- 30 61
- 31 71
- 31 46
- 31 69
- 32 54
- 32 93
- 33 91
- 33 99
- 33 86
- 34 81
- 34 92
- 34 50
- 35 81
- 35 68
- 36 55
- 36 82
- 36 58
- 36 62
- 37 100
- 37 88
- 38 73
- 38 98
- 38 53
- 39 52
- 39 41
- 39 76
- 39 80
- 40 67
- 40 97
- 40 45
- 41 80
- 41 76
- 42 59
- 43 94
- 43 61
- 44 95
- 44 75
- 45 67
- 45 97
- 46 71
- 46 69
- 47 60
- 47 52
- 48 51
- 48 90
- 50 92
- 50 67
- 50 81
- 51 90
- 52 60
- 53 73
- 53 100
- 53 98
- 54 93
- 55 62
- 55 82
- 56 83
- 57 64
- 57 70
- 57 78
- 58 96
- 61 94
- 62 82
- 63 72
- 63 87
- 63 77
- 64 70
- 64 78
- 65 66
- 65 84
- 66 85
- 66 84
- 67 97
- 69 71
- 70 78
- 72 99
- 72 77
- 72 87
- 73 98
- 75 95
- 76 80
- 77 87
- 78 82
- 79 85
- 81 92
- 85 91
- 86 99
- 86 91
- 88 100
- 91 99
+ 96 99
+ 91 94
+ 86 89
+ 85 98
+ 82 97
+ 80 83
+ 77 91
+ 77 94
+ 75 79
+ 74 84
+ 70 76
+ 69 72
+ 66 73
+ 65 95
+ 64 84
+ 64 74
+ 63 75
+ 63 79
+ 62 75
+ 62 79
+ 62 63
+ 61 90
+ 60 84
+ 60 64
+ 60 74
+ 59 71
+ 58 92
+ 57 73
+ 57 66
+ 56 94
+ 56 91
+ 56 77
+ 55 88
+ 54 58
+ 54 92
+ 53 93
+ 52 82
+ 52 97
+ 51 54
+ 51 58
+ 51 92
+ 50 67
+ 49 73
+ 49 57
+ 49 66
+ 47 87
+ 46 67
+ 46 50
+ 45 80
+ 45 83
+ 44 90
+ 44 61
+ 43 81
+ 42 65
+ 42 95
+ 41 99
+ 41 96
+ 40 89
+ 40 86
+ 39 100
+ 38 55
+ 38 88
+ 37 97
+ 37 52
+ 37 82
+ 35 85
+ 35 98
+ 34 36
+ 33 68
+ 31 34
+ 31 36
+ 30 92
+ 30 54
+ 30 51
+ 30 58
+ 29 72
+ 29 69
+ 28 34
+ 28 31
+ 28 36
+ 27 42
+ 27 95
+ 27 65
+ 26 78
+ 25 48
+ 24 61
+ 24 44
+ 24 90
+ 23 91
+ 23 56
+ 23 77
+ 23 94
+ 22 71
+ 22 59
+ 21 32
+ 20 78
+ 20 26
+ 19 100
+ 19 39
+ 18 63
+ 18 62
+ 18 79
+ 18 75
+ 17 43
+ 17 81
+ 16 35
+ 16 85
+ 16 98
+ 15 67
+ 15 46
+ 15 50
+ 14 47
+ 14 87
+ 13 66
+ 13 73
+ 13 57
+ 13 49
+ 12 53
+ 12 93
+ 11 22
+ 11 59
+ 11 71
+ 10 95
+ 10 42
+ 10 65
+ 10 27
+ 9 48
+ 9 25
+ 8 76
+ 8 70
+ 7 69
+ 7 75
+ 7 21
+ 7 39
+ 7 81
+ 7 76
+ 7 20
+ 7 98
+ 7 86
+ 7 74
+ 7 59
+ 7 44
+ 7 30
+ 7 36
+ 7 66
+ 7 27
+ 7 88
+ 7 96
+ 7 91
+ 7 15
+ 7 93
+ 7 97
+ 7 68
+ 7 47
+ 7 45
+ 7 25
+ 6 32
+ 6 21
+ 5 60
+ 5 84
+ 5 64
+ 5 74
+ 4 41
+ 4 96
+ 4 99
+ 3 48
+ 3 9
+ 3 25
+ 2 68
+ 2 33
- 1 72
- 1 29
- 1 69
- 1 62
- 1 18
- 1 79
- 1 63
- 1 75
- 1 32
- 1 6
- 1 21
- 1 19
- 1 100
- 1 39
- 1 43
- 1 17
- 1 81
- 1 8
- 1 70
- 1 76
- 1 78
- 1 26
- 1 20
- 1 16
- 1 35
- 1 85
- 1 98
- 1 89
- 1 40
- 1 86
- 1 84
- 1 5
- 1 64
- 1 60
- 1 74
- 1 61
- 1 90
- 1 24
- 1 44
- 1 54
- 1 92
- 1 51
- 1 58
- 1 30
- 1 34
- 1 31
- 1 28
- 1 36
- 1 73
- 1 57
- 1 13
- 1 49
- 1 66
- 1 10
- 1 42
- 1 95
- 1 65
- 1 27
- 1 55
- 1 38
- 1 88
- 1 41
- 1 99
- 1 4
- 1 96
- 1 23
- 1 94
- 1 77
- 1 56
- 1 91
- 1 67
- 1 46
- 1 50
- 1 15
- 1 53
- 1 12
- 1 93
- 1 37
- 1 82
- 1 52
- 1 97
- 1 2
- 1 33
- 1 68
- 1 14
- 1 87
- 1 47
- 1 80
- 1 83
- 1 45
- 1 3
- 1 9
- 1 48
- 1 25
- 7 1
