388
+ 1 34
+ 1 66
+ 1 75
+ 1 45
+ 1 94
+ 1 22
+ 1 2
+ 1 84
+ 1 11
+ 1 58
+ 1 71
+ 1 63
+ 1 20
+ 1 100
+ 1 96
+ 1 89
+ 1 52
+ 1 95
+ 1 7
+ 1 91
+ 1 43
+ 1 92
+ 1 5
+ 1 26
+ 1 6
+ 1 13
+ 1 50
+ 1 30
+ 1 88
+ 1 98
+ 1 51
+ 1 36
+ 1 72
+ 1 61
+ 1 25
+ 1 17
+ 1 74
+ 1 21
+ 1 3
+ 1 48
+ 1 37
+ 1 65
+ 1 67
+ 1 81
+ 1 83
+ 1 28
+ 1 12
+ 1 99
+ 1 39
+ 1 69
+ 1 29
+ 1 59
+ 1 80
+ 1 49
+ 1 33
+ 1 73
+ 1 82
+ 1 18
+ 1 47
+ 1 42
+ 1 57
+ 1 79
+ 1 70
+ 1 4
+ 1 41
+ 1 90
+ 1 10
+ 1 62
+ 1 76
+ 1 23
+ 1 53
+ 1 19
+ 1 44
+ 1 35
+ 1 85
+ 1 55
+ 1 77
+ 1 31
+ 1 97
+ 1 87
+ 1 46
+ 1 64
+ 1 27
+ 1 78
+ 1 93
+ 1 32
+ 1 68
+ 1 54
+ 1 40
+ 1 24
+ 1 56
+ 1 16
+ 1 15
+ 1 8
+ 1 9
+ 1 86
+ 1 38
- 2 22
- 2 84
- 3 21
- 3 48
- 4 70
- 4 41
- 5 92
- 5 26
- 6 26
- 6 13
- 7 95
- 7 91
- 8 15
- 8 9
- 9 86
- 10 90
- 10 62
- 11 84
- 11 58
- 12 28
- 12 99
- 13 50
- 14 34
- 15 16
- 16 56
- 17 74
- 17 25
- 18 82
- 18 47
- 19 44
- 19 53
- 20 100
- 20 63
- 21 74
- 22 94
- 23 53
- 23 76
- 24 56
- 24 40
- 25 61
- 27 78
- 27 64
- 28 83
- 29 59
- 29 69
- 30 50
- 30 88
- 31 77
- 31 97
- 32 93
- 32 68
- 33 73
- 33 49
- 34 66
- 35 44
- 36 72
- 36 51
- 37 48
- 37 65
- 38 86
- 39 69
- 39 99
- 40 54
- 41 90
- 42 57
- 42 47
- 43 92
- 43 91
- 45 75
- 45 94
- 46 64
- 46 87
- 49 80
- 51 98
- 52 89
- 52 95
- 54 68
- 55 85
- 55 77
- 57 79
- 58 71
- 59 80
- 60 85
- 61 72
- 62 76
- 63 71
- 65 67
- 66 75
- 67 81
- 70 79
- 73 82
- 78 93
- 81 83
- 87 97
- 88 98
- 89 96
- 96 100
+ 89 98
+ 88 93
+ 86 91
+ 78 95
+ 75 80
+ 74 99
+ 73 81
+ 72 84
+ 71 82
+ 68 81
+ 66 80
+ 63 97
+ 62 85
+ 61 79
+ 59 76
+ 58 84
+ 57 100
+ 55 89
+ 54 65
+ 53 70
+ 53 69
+ 52 56
+ 52 63
+ 51 94
+ 51 79
+ 49 61
+ 48 69
+ 48 95
+ 47 93
+ 47 77
+ 45 71
+ 45 73
+ 42 92
+ 40 44
+ 40 92
+ 39 90
+ 39 59
+ 38 70
+ 38 57
+ 37 67
+ 37 82
+ 36 56
+ 35 85
+ 33 74
+ 32 77
+ 32 36
+ 30 98
+ 30 83
+ 29 50
+ 29 43
+ 28 31
+ 28 87
+ 27 43
+ 27 100
+ 25 67
+ 25 91
+ 24 46
+ 24 90
+ 23 76
+ 23 50
+ 22 33
+ 21 22
+ 21 26
+ 20 55
+ 20 58
+ 19 26
+ 18 68
+ 18 41
+ 17 60
+ 17 66
+ 15 64
+ 14 78
+ 14 88
+ 13 31
+ 13 96
+ 12 60
+ 12 94
+ 11 96
+ 11 72
+ 10 44
+ 10 41
+ 9 54
+ 9 99
+ 8 16
+ 8 86
+ 7 97
+ 7 75
+ 6 46
+ 6 34
+ 5 19
+ 5 64
+ 4 15
+ 4 87
+ 3 62
+ 3 42
+ 2 16
+ 2 65
- 1 83
- 1 30
- 1 98
- 1 89
- 1 55
- 1 20
- 1 58
- 1 84
- 1 72
- 1 11
- 1 96
- 1 13
- 1 31
- 1 28
- 1 87
- 1 4
- 1 15
- 1 64
- 1 5
- 1 19
- 1 26
- 1 21
- 1 22
- 1 33
- 1 74
- 1 99
- 1 9
- 1 54
- 1 65
- 1 2
- 1 16
- 1 8
- 1 86
- 1 91
- 1 25
- 1 67
- 1 37
- 1 82
- 1 71
- 1 45
- 1 73
- 1 81
- 1 68
- 1 18
- 1 41
- 1 10
- 1 44
- 1 40
- 1 92
- 1 42
- 1 3
- 1 62
- 1 85
- 1 34
- 1 6
- 1 46
- 1 24
- 1 90
- 1 39
- 1 59
- 1 76
- 1 23
- 1 50
- 1 29
- 1 43
- 1 27
- 1 100
- 1 57
- 1 38
- 1 70
- 1 53
- 1 69
- 1 48
- 1 95
- 1 78
- 1 14
- 1 88
- 1 93
- 1 47
- 1 77
- 1 32
- 1 36
- 1 56
- 1 52
- 1 63
- 1 97
- 1 7
- 1 75
- 1 80
- 1 66
- 1 17
- 1 60
- 1 12
- 1 94
- 1 51
- 1 79
- 61 1
