388
+ 1 26
+ 1 43
+ 1 54
+ 1 2
+ 1 79
+ 1 56
+ 1 87
+ 1 66
+ 1 14
+ 1 47
+ 1 7
+ 1 35
+ 1 84
+ 1 58
+ 1 90
+ 1 64
+ 1 49
+ 1 86
+ 1 48
+ 1 82
+ 1 78
+ 1 57
+ 1 62
+ 1 94
+ 1 41
+ 1 99
+ 1 45
+ 1 5
+ 1 10
+ 1 91
+ 1 33
+ 1 8
+ 1 16
+ 1 15
+ 1 69
+ 1 85
+ 1 100
+ 1 9
+ 1 53
+ 1 74
+ 1 44
+ 1 52
+ 1 95
+ 1 25
+ 1 27
+ 1 19
+ 1 83
+ 1 65
+ 1 4
+ 1 18
+ 1 31
+ 1 32
+ 1 89
+ 1 61
+ 1 24
+ 1 93
+ 1 96
+ 1 88
+ 1 37
+ 1 40
+ 1 60
+ 1 3
+ 1 68
+ 1 81
+ 1 12
+ 1 13
+ 1 20
+ 1 51
+ 1 76
+ 1 21
+ 1 73
+ 1 55
+ 1 50
+ 1 98
+ 1 11
+ 1 63
+ 1 22
+ 1 72
+ 1 28
+ 1 34
+ 1 17
+ 1 23
+ 1 38
+ 1 75
+ 1 70
+ 1 29
+ 1 36
+ 1 42
+ 1 39
+ 1 67
+ 1 6
+ 1 92
+ 1 46
+ 1 97
+ 1 59
+ 1 77
+ 1 71
- 2 26
- 3 60
- 4 18
- 4 65
- 5 41
- 6 67
- 7 47
- 7 35
- 8 16
- 8 69
- 8 10
- 9 85
- 10 91
- 10 33
- 10 82
- 11 98
- 12 81
- 13 68
- 13 20
- 14 66
- 15 16
- 17 34
- 19 27
- 20 51
- 20 98
- 20 63
- 21 73
- 21 51
- 21 55
- 22 68
- 23 38
- 23 34
- 24 61
- 25 95
- 25 27
- 26 43
- 26 80
- 26 79
- 26 64
- 28 72
- 28 34
- 29 36
- 29 42
- 29 72
- 30 85
- 30 53
- 31 32
- 31 89
- 31 96
- 31 65
- 34 75
- 34 70
- 37 65
- 39 67
- 39 92
- 39 77
- 39 53
- 40 60
- 40 68
- 40 53
- 40 72
- 41 99
- 41 82
- 41 45
- 43 54
- 44 74
- 46 92
- 47 84
- 47 66
- 48 86
- 49 64
- 50 55
- 51 76
- 52 95
- 52 74
- 53 74
- 53 65
- 56 79
- 56 87
- 57 82
- 57 62
- 58 84
- 59 97
- 61 89
- 61 93
- 66 79
- 68 81
- 71 77
- 74 83
- 78 82
- 80 86
- 80 82
- 82 94
- 84 90
- 85 100
- 88 96
- 92 97
+ 93 99
+ 90 95
+ 88 90
+ 81 91
+ 80 100
+ 77 96
+ 76 82
+ 74 85
+ 74 75
+ 73 89
+ 72 79
+ 72 92
+ 71 82
+ 70 93
+ 69 88
+ 69 87
+ 68 74
+ 65 85
+ 63 84
+ 60 98
+ 60 84
+ 59 76
+ 58 62
+ 57 94
+ 55 68
+ 53 69
+ 53 96
+ 48 57
+ 47 62
+ 46 48
+ 45 49
+ 44 62
+ 43 96
+ 40 78
+ 39 94
+ 38 98
+ 37 80
+ 37 41
+ 37 40
+ 37 92
+ 36 56
+ 34 61
+ 32 91
+ 32 61
+ 32 68
+ 31 54
+ 31 83
+ 31 59
+ 31 53
+ 30 38
+ 29 64
+ 29 80
+ 29 97
+ 28 74
+ 28 51
+ 27 35
+ 27 94
+ 27 67
+ 26 50
+ 26 69
+ 25 42
+ 25 94
+ 25 45
+ 24 58
+ 24 40
+ 23 80
+ 22 84
+ 22 74
+ 22 93
+ 22 86
+ 21 61
+ 21 66
+ 21 52
+ 20 45
+ 20 22
+ 19 21
+ 17 98
+ 15 84
+ 14 18
+ 13 25
+ 12 69
+ 11 58
+ 10 76
+ 9 42
+ 8 33
+ 8 14
+ 8 32
+ 8 56
+ 7 81
+ 6 16
+ 6 32
+ 6 69
+ 6 89
+ 6 37
+ 5 59
+ 4 6
+ 3 69
- 1 30
- 1 38
- 1 17
- 1 98
- 1 15
- 1 9
- 1 42
- 1 35
- 1 67
- 1 27
- 1 39
- 1 46
- 1 48
- 1 57
- 1 94
- 1 13
- 1 25
- 1 49
- 1 45
- 1 20
- 1 55
- 1 7
- 1 81
- 1 91
- 1 16
- 1 4
- 1 95
- 1 90
- 1 88
- 1 54
- 1 83
- 1 5
- 1 71
- 1 82
- 1 10
- 1 76
- 1 59
- 1 31
- 1 77
- 1 43
- 1 96
- 1 53
- 1 3
- 1 50
- 1 26
- 1 12
- 1 87
- 1 69
- 1 73
- 1 89
- 1 23
- 1 100
- 1 64
- 1 97
- 1 29
- 1 80
- 1 41
- 1 78
- 1 11
- 1 47
- 1 44
- 1 62
- 1 58
- 1 24
- 1 40
- 1 79
- 1 72
- 1 92
- 1 37
- 1 6
- 1 33
- 1 18
- 1 14
- 1 36
- 1 56
- 1 8
- 1 66
- 1 19
- 1 52
- 1 21
- 1 34
- 1 61
- 1 32
- 1 68
- 1 51
- 1 28
- 1 65
- 1 85
- 1 75
- 1 74
- 1 99
- 1 70
- 1 93
- 1 86
- 1 22
- 1 63
- 84 1
