916
+ 1 44
+ 1 11
+ 1 2
+ 1 76
+ 1 69
+ 1 13
+ 1 4
+ 1 17
+ 1 73
+ 1 37
+ 1 68
+ 1 53
+ 1 29
+ 1 64
+ 1 39
+ 1 61
+ 1 71
+ 1 22
+ 1 23
+ 1 67
+ 1 18
+ 1 55
+ 1 28
+ 1 36
+ 1 34
+ 1 46
+ 1 15
+ 1 21
+ 1 31
+ 1 48
+ 1 58
+ 1 32
+ 1 60
+ 1 43
+ 1 45
+ 1 10
+ 1 42
+ 1 5
+ 1 35
+ 1 30
+ 1 33
+ 1 24
+ 1 7
+ 1 50
+ 1 57
+ 1 54
+ 1 6
+ 1 20
+ 1 26
+ 1 72
+ 1 74
+ 1 19
+ 1 47
+ 1 62
+ 1 27
+ 1 51
+ 1 70
+ 1 56
+ 1 40
+ 1 59
+ 1 8
+ 1 38
+ 1 65
+ 1 41
+ 1 12
+ 1 52
- 2 11
- 2 76
- 2 22
- 2 59
- 2 60
- 2 18
- 2 6
- 2 31
- 2 7
- 2 13
- 2 50
- 2 32
- 2 20
- 2 4
- 2 16
- 3 75
- 3 68
- 3 28
- 3 47
- 3 55
- 3 46
- 3 23
- 3 14
- 4 69
- 4 17
- 4 13
- 4 73
- 4 43
- 4 72
- 4 40
- 4 71
- 4 53
- 4 18
- 5 35
- 5 22
- 5 57
- 5 42
- 5 28
- 6 54
- 6 71
- 6 20
- 6 66
- 7 50
- 7 35
- 7 24
- 7 26
- 7 19
- 7 41
- 7 40
- 7 66
- 7 8
- 7 14
- 7 63
- 7 61
- 7 75
- 7 28
- 7 36
- 7 58
- 7 9
- 7 53
- 8 72
- 8 71
- 8 54
- 8 58
- 8 24
- 8 38
- 8 16
- 8 28
- 8 56
- 9 61
- 9 71
- 9 27
- 9 32
- 9 52
- 9 72
- 9 66
- 9 74
- 9 57
- 9 33
- 9 37
- 9 24
- 9 17
- 10 49
- 10 30
- 10 36
- 10 58
- 10 45
- 10 43
- 10 71
- 10 16
- 10 14
- 11 44
- 11 66
- 11 20
- 11 56
- 11 40
- 11 73
- 11 28
- 11 45
- 11 24
- 12 52
- 12 29
- 12 68
- 12 60
- 12 35
- 12 28
- 12 49
- 13 69
- 13 31
- 13 71
- 13 15
- 13 46
- 13 20
- 13 30
- 13 28
- 13 19
- 13 41
- 13 59
- 14 67
- 14 32
- 14 49
- 14 75
- 14 57
- 14 69
- 14 76
- 14 70
- 14 44
- 15 75
- 15 46
- 15 21
- 15 41
- 15 62
- 15 24
- 15 35
- 15 59
- 16 37
- 16 59
- 16 68
- 16 40
- 16 22
- 16 31
- 16 60
- 16 51
- 17 73
- 17 31
- 17 51
- 17 37
- 17 45
- 17 26
- 18 67
- 18 55
- 18 63
- 18 53
- 18 66
- 18 25
- 18 34
- 18 72
- 18 58
- 18 26
- 19 74
- 19 66
- 19 47
- 19 55
- 19 67
- 19 56
- 19 37
- 19 24
- 20 26
- 20 71
- 20 67
- 20 63
- 20 66
- 20 65
- 20 40
- 21 31
- 21 60
- 21 59
- 21 39
- 21 26
- 21 24
- 21 66
- 21 42
- 21 33
- 22 23
- 22 71
- 22 49
- 22 64
- 22 40
- 22 61
- 22 54
- 22 68
- 23 67
- 23 59
- 23 43
- 23 75
- 23 62
- 23 53
- 23 29
- 23 63
- 23 60
- 23 68
- 24 28
- 24 70
- 24 33
- 24 68
- 24 42
- 24 50
- 25 30
- 25 39
- 25 48
- 25 76
- 25 33
- 25 66
- 25 45
- 25 63
- 25 67
- 25 49
- 26 49
- 26 37
- 26 61
- 26 73
- 26 72
- 26 39
- 27 36
- 27 51
- 27 62
- 27 46
- 28 36
- 28 55
- 28 63
- 28 68
- 28 62
- 28 45
- 28 38
- 29 64
- 29 53
- 29 40
- 29 50
- 29 46
- 29 75
- 30 35
- 30 36
- 30 56
- 31 48
- 31 66
- 31 76
- 31 61
- 31 73
- 31 68
- 31 74
- 31 37
- 31 72
- 31 65
- 31 54
- 31 33
- 31 40
- 31 46
- 32 37
- 32 58
- 32 60
- 32 34
- 32 56
- 32 51
- 33 70
- 33 51
- 33 49
- 33 76
- 33 42
- 33 61
- 33 44
- 34 36
- 34 46
- 34 37
- 35 49
- 35 76
- 35 51
- 35 38
- 35 45
- 35 75
- 35 53
- 36 40
- 37 73
- 37 75
- 37 54
- 37 61
- 37 45
- 37 46
- 37 42
- 37 50
- 38 65
- 38 71
- 38 44
- 38 69
- 39 61
- 39 68
- 39 64
- 39 71
- 39 44
- 39 53
- 39 73
- 40 75
- 40 56
- 40 73
- 40 68
- 40 60
- 40 61
- 40 69
- 41 68
- 41 46
- 41 58
- 41 60
- 41 70
- 42 49
- 42 66
- 42 71
- 43 60
- 43 45
- 43 74
- 44 66
- 44 73
- 44 62
- 45 68
- 46 54
- 46 70
- 46 75
- 46 72
- 46 58
- 46 68
- 47 55
- 47 63
- 47 62
- 47 69
- 48 58
- 48 74
- 48 59
- 48 75
- 48 50
- 49 73
- 49 51
- 49 54
- 49 74
- 50 66
- 50 57
- 51 70
- 51 65
- 51 60
- 52 53
- 52 58
- 53 68
- 53 69
- 53 61
- 53 66
- 53 76
- 53 74
- 53 59
- 53 55
- 54 66
- 54 57
- 55 71
- 55 73
- 55 57
- 55 76
- 55 65
- 56 71
- 56 70
- 56 61
- 57 66
- 57 71
- 57 68
- 58 75
- 58 61
- 59 76
- 61 63
- 62 68
- 62 72
- 63 75
- 63 68
- 64 69
- 65 72
- 66 76
- 66 67
- 67 74
- 67 76
- 68 74
- 68 71
- 69 76
- 70 71
- 70 76
- 72 74
- 73 76
- 74 75
+ 72 76
+ 66 67
+ 65 72
+ 65 74
+ 64 71
+ 63 67
+ 63 64
+ 62 65
+ 61 72
+ 61 68
+ 61 64
+ 60 66
+ 59 61
+ 59 74
+ 58 76
+ 58 72
+ 57 61
+ 57 75
+ 57 67
+ 57 72
+ 57 66
+ 56 76
+ 55 67
+ 55 71
+ 55 57
+ 55 76
+ 55 60
+ 55 59
+ 54 67
+ 54 74
+ 54 65
+ 53 60
+ 53 67
+ 53 58
+ 52 75
+ 52 57
+ 52 67
+ 51 69
+ 51 61
+ 51 75
+ 50 52
+ 50 68
+ 50 58
+ 50 66
+ 50 65
+ 50 54
+ 50 64
+ 49 67
+ 49 74
+ 49 52
+ 49 57
+ 49 69
+ 47 73
+ 47 58
+ 47 61
+ 46 54
+ 46 63
+ 46 69
+ 45 68
+ 45 72
+ 45 48
+ 44 54
+ 44 69
+ 44 67
+ 44 46
+ 44 61
+ 44 68
+ 43 74
+ 43 53
+ 43 47
+ 42 56
+ 42 54
+ 42 74
+ 41 63
+ 41 53
+ 41 46
+ 41 55
+ 41 48
+ 41 64
+ 41 66
+ 40 76
+ 40 72
+ 40 68
+ 40 45
+ 40 52
+ 39 42
+ 39 55
+ 39 68
+ 39 69
+ 39 54
+ 39 43
+ 39 63
+ 39 47
+ 38 42
+ 38 49
+ 38 57
+ 38 70
+ 38 41
+ 37 67
+ 37 51
+ 36 40
+ 36 64
+ 35 48
+ 35 58
+ 35 46
+ 35 44
+ 34 61
+ 34 63
+ 34 36
+ 34 65
+ 34 70
+ 34 35
+ 34 67
+ 33 39
+ 33 66
+ 33 67
+ 33 58
+ 33 41
+ 33 62
+ 33 57
+ 33 63
+ 32 75
+ 32 71
+ 32 55
+ 32 48
+ 31 43
+ 31 59
+ 31 34
+ 31 47
+ 31 64
+ 31 37
+ 31 65
+ 31 44
+ 31 33
+ 31 60
+ 30 33
+ 30 52
+ 30 75
+ 30 45
+ 30 53
+ 30 60
+ 30 51
+ 30 56
+ 30 37
+ 29 52
+ 29 74
+ 29 33
+ 29 67
+ 29 31
+ 28 69
+ 28 41
+ 28 42
+ 28 70
+ 28 48
+ 28 29
+ 28 33
+ 28 36
+ 28 39
+ 27 46
+ 27 30
+ 27 57
+ 27 69
+ 27 55
+ 27 71
+ 27 45
+ 26 50
+ 26 58
+ 26 53
+ 26 69
+ 26 75
+ 26 35
+ 26 36
+ 26 34
+ 25 40
+ 25 53
+ 25 37
+ 25 67
+ 24 42
+ 24 45
+ 24 34
+ 24 49
+ 24 50
+ 24 44
+ 24 65
+ 24 76
+ 23 47
+ 23 46
+ 23 66
+ 23 42
+ 23 52
+ 23 54
+ 23 38
+ 23 70
+ 23 59
+ 22 62
+ 22 26
+ 22 25
+ 22 74
+ 22 34
+ 22 39
+ 22 29
+ 22 51
+ 22 36
+ 22 72
+ 22 55
+ 21 65
+ 21 67
+ 21 73
+ 21 30
+ 21 55
+ 21 32
+ 20 58
+ 20 57
+ 20 47
+ 20 74
+ 20 71
+ 20 67
+ 20 25
+ 20 32
+ 19 26
+ 19 72
+ 18 33
+ 18 56
+ 18 22
+ 18 58
+ 18 28
+ 18 62
+ 18 51
+ 17 20
+ 17 58
+ 17 47
+ 17 60
+ 17 19
+ 17 74
+ 17 65
+ 17 72
+ 17 48
+ 17 26
+ 16 73
+ 16 76
+ 16 18
+ 16 40
+ 16 47
+ 16 31
+ 16 68
+ 16 56
+ 16 51
+ 16 64
+ 16 62
+ 16 34
+ 16 55
+ 16 26
+ 15 61
+ 15 36
+ 15 37
+ 15 16
+ 15 30
+ 15 59
+ 15 54
+ 14 24
+ 14 65
+ 14 66
+ 14 33
+ 14 41
+ 14 52
+ 14 61
+ 14 75
+ 13 45
+ 13 28
+ 13 51
+ 13 20
+ 13 50
+ 13 24
+ 13 48
+ 13 73
+ 13 41
+ 13 49
+ 12 72
+ 12 61
+ 12 57
+ 12 70
+ 12 30
+ 12 71
+ 12 67
+ 12 26
+ 12 55
+ 12 35
+ 12 41
+ 12 22
+ 12 36
+ 12 47
+ 12 32
+ 12 13
+ 11 29
+ 11 65
+ 11 37
+ 11 74
+ 11 62
+ 11 76
+ 11 25
+ 11 63
+ 10 18
+ 10 65
+ 10 64
+ 10 74
+ 10 41
+ 10 23
+ 10 60
+ 9 45
+ 9 33
+ 9 22
+ 9 12
+ 9 25
+ 9 64
+ 9 24
+ 8 15
+ 8 14
+ 8 12
+ 8 44
+ 8 47
+ 8 20
+ 8 53
+ 8 17
+ 8 74
+ 7 56
+ 7 57
+ 7 53
+ 7 45
+ 7 66
+ 7 36
+ 7 19
+ 7 52
+ 7 27
+ 7 51
+ 6 58
+ 6 74
+ 6 28
+ 6 65
+ 6 50
+ 6 48
+ 6 45
+ 6 59
+ 6 17
+ 6 34
+ 6 18
+ 6 44
+ 6 70
+ 6 53
+ 5 64
+ 5 27
+ 5 60
+ 5 18
+ 5 54
+ 5 34
+ 5 7
+ 5 23
+ 5 43
+ 5 33
+ 5 42
+ 4 23
+ 4 19
+ 4 13
+ 4 43
+ 4 6
+ 4 69
+ 4 27
+ 4 7
+ 4 75
+ 4 30
+ 4 10
+ 4 73
+ 3 10
+ 3 40
+ 3 58
+ 3 76
+ 3 65
+ 3 53
+ 3 32
+ 3 68
+ 3 70
+ 3 4
+ 2 39
+ 2 50
+ 2 44
+ 2 37
+ 2 54
+ 2 47
+ 2 76
+ 2 12
+ 2 48
+ 2 46
+ 2 9
- 1 19
- 1 40
- 1 36
- 1 73
- 1 21
- 1 56
- 1 46
- 1 9
- 1 2
- 1 43
- 1 29
- 1 31
- 1 37
- 1 30
- 1 60
- 1 10
- 1 23
- 1 38
- 1 57
- 1 66
- 1 41
- 1 64
- 1 61
- 1 68
- 1 44
- 1 35
- 1 58
- 1 53
- 1 6
- 1 70
- 1 3
- 1 4
- 1 14
- 1 67
- 1 34
- 1 26
- 1 16
- 1 62
- 1 18
- 1 51
- 1 7
- 1 27
- 1 45
- 1 48
- 1 32
- 1 20
- 1 25
- 1 11
- 1 63
- 1 33
- 1 5
- 1 42
- 1 74
- 1 17
- 1 65
- 1 54
- 1 15
- 1 59
- 1 55
- 1 22
- 1 72
- 1 24
- 1 49
- 1 13
- 1 12
- 1 47
- 39 1
