574
+ 1 82
+ 1 54
+ 1 56
+ 1 19
+ 1 79
+ 1 27
+ 1 59
+ 1 75
+ 1 76
+ 1 87
+ 1 80
+ 1 21
+ 1 65
+ 1 44
+ 1 10
+ 1 86
+ 1 32
+ 1 3
+ 1 39
+ 1 64
+ 1 88
+ 1 35
+ 1 31
+ 1 57
+ 1 34
+ 1 62
+ 1 78
+ 1 81
+ 1 99
+ 1 72
+ 1 17
+ 1 67
+ 1 7
+ 1 92
+ 1 42
+ 1 90
+ 1 9
+ 1 22
+ 1 49
+ 1 63
+ 1 52
+ 1 73
+ 1 28
+ 1 16
+ 1 89
+ 1 14
+ 1 6
+ 1 94
+ 1 36
+ 1 97
+ 1 4
+ 1 69
+ 1 46
+ 1 55
+ 1 85
+ 1 2
+ 1 84
+ 1 50
+ 1 45
+ 1 37
+ 1 51
+ 1 33
+ 1 30
+ 1 38
+ 1 11
+ 1 53
+ 1 25
+ 1 12
+ 1 20
+ 1 26
+ 1 98
+ 1 24
+ 1 77
+ 1 60
+ 1 91
+ 1 23
+ 1 47
+ 1 74
+ 1 15
+ 1 71
+ 1 13
+ 1 95
+ 1 83
+ 1 48
+ 1 58
+ 1 93
+ 1 18
+ 1 40
+ 1 43
+ 1 61
+ 1 8
+ 1 96
+ 1 68
+ 1 41
- 2 84
- 2 24
- 2 85
- 2 77
- 3 32
- 3 39
- 3 95
- 3 13
- 4 97
- 4 69
- 4 60
- 4 55
- 5 70
- 5 82
- 5 66
- 6 14
- 6 16
- 6 73
- 6 28
- 7 67
- 7 92
- 7 17
- 7 72
- 8 96
- 8 61
- 8 43
- 8 68
- 9 22
- 9 90
- 9 49
- 9 42
- 10 86
- 10 44
- 10 32
- 10 95
- 11 38
- 11 53
- 11 98
- 11 25
- 12 20
- 12 25
- 12 26
- 12 53
- 13 71
- 13 39
- 13 64
- 14 89
- 14 16
- 14 94
- 15 88
- 15 74
- 15 35
- 15 31
- 16 89
- 16 28
- 17 67
- 17 72
- 17 81
- 18 93
- 18 40
- 18 43
- 18 41
- 19 79
- 19 54
- 19 27
- 19 56
- 20 53
- 20 26
- 21 80
- 21 76
- 21 65
- 21 83
- 22 49
- 22 63
- 22 91
- 23 47
- 23 62
- 23 78
- 23 99
- 24 84
- 24 45
- 24 50
- 25 53
- 25 38
- 27 59
- 27 79
- 27 48
- 28 73
- 28 52
- 29 70
- 29 58
- 29 40
- 30 38
- 30 33
- 30 51
- 30 98
- 31 35
- 31 57
- 31 74
- 32 86
- 32 95
- 33 51
- 33 98
- 33 37
- 34 57
- 34 62
- 34 74
- 34 47
- 35 88
- 35 71
- 36 97
- 36 94
- 36 60
- 36 89
- 37 45
- 37 50
- 37 51
- 38 98
- 39 64
- 39 95
- 40 58
- 40 93
- 41 43
- 41 61
- 41 93
- 42 92
- 42 90
- 42 67
- 43 61
- 44 65
- 44 86
- 44 83
- 45 50
- 45 51
- 46 69
- 46 55
- 46 85
- 46 77
- 47 62
- 47 57
- 48 79
- 48 75
- 48 59
- 49 90
- 49 63
- 50 84
- 52 63
- 52 73
- 52 91
- 54 56
- 54 82
- 54 79
- 55 85
- 55 69
- 56 82
- 56 66
- 57 74
- 58 93
- 58 70
- 59 75
- 59 87
- 60 97
- 60 69
- 61 68
- 62 78
- 63 91
- 64 88
- 64 71
- 65 83
- 65 80
- 66 82
- 67 92
- 68 96
- 71 88
- 72 81
- 72 99
- 73 91
- 75 76
- 75 87
- 76 87
- 76 80
- 77 85
- 77 84
- 78 81
- 78 99
- 80 87
- 81 99
- 83 86
- 89 94
- 90 92
- 94 97
+ 95 99
+ 93 95
+ 93 99
+ 89 96
+ 85 88
+ 80 93
+ 80 95
+ 77 91
+ 75 87
+ 74 83
+ 73 86
+ 71 85
+ 70 90
+ 69 89
+ 69 92
+ 68 83
+ 68 74
+ 67 98
+ 66 72
+ 65 95
+ 65 80
+ 64 75
+ 64 82
+ 63 80
+ 63 65
+ 62 91
+ 61 69
+ 61 92
+ 61 89
+ 60 63
+ 59 78
+ 58 71
+ 57 73
+ 57 86
+ 56 67
+ 56 98
+ 55 58
+ 55 64
+ 55 82
+ 54 68
+ 54 87
+ 54 83
+ 52 86
+ 52 76
+ 51 74
+ 51 79
+ 49 84
+ 49 76
+ 48 49
+ 48 52
+ 48 76
+ 48 84
+ 47 50
+ 47 59
+ 47 78
+ 46 98
+ 46 67
+ 45 92
+ 44 77
+ 44 72
+ 44 66
+ 43 57
+ 43 73
+ 43 60
+ 42 63
+ 42 60
+ 42 65
+ 41 99
+ 40 50
+ 40 45
+ 39 69
+ 39 40
+ 39 45
+ 39 92
+ 38 66
+ 38 96
+ 38 72
+ 37 88
+ 37 85
+ 36 84
+ 36 49
+ 35 53
+ 34 53
+ 34 78
+ 34 59
+ 33 81
+ 33 97
+ 32 91
+ 32 62
+ 32 77
+ 31 94
+ 31 36
+ 30 33
+ 30 81
+ 30 97
+ 29 88
+ 29 81
+ 29 37
+ 28 44
+ 28 72
+ 28 77
+ 28 32
+ 27 94
+ 27 35
+ 26 75
+ 26 87
+ 26 68
+ 26 54
+ 25 27
+ 25 35
+ 24 35
+ 24 25
+ 24 53
+ 23 43
+ 23 42
+ 23 57
+ 23 60
+ 22 51
+ 22 74
+ 22 79
+ 22 83
+ 21 47
+ 21 50
+ 21 59
+ 20 75
+ 20 64
+ 20 87
+ 20 82
+ 19 29
+ 19 33
+ 19 37
+ 19 81
+ 18 58
+ 18 71
+ 18 55
+ 18 82
+ 17 56
+ 17 67
+ 16 24
+ 16 53
+ 16 78
+ 16 34
+ 15 71
+ 15 85
+ 15 88
+ 15 58
+ 14 89
+ 14 96
+ 14 61
+ 13 94
+ 13 84
+ 13 31
+ 13 36
+ 12 79
+ 12 51
+ 12 17
+ 11 70
+ 11 41
+ 11 90
+ 10 30
+ 10 62
+ 10 97
+ 9 62
+ 9 97
+ 9 10
+ 9 91
+ 8 11
+ 8 41
+ 8 70
+ 7 45
+ 7 21
+ 7 50
+ 7 40
+ 6 99
+ 6 8
+ 6 41
+ 6 93
+ 5 94
+ 5 27
+ 5 31
+ 5 25
+ 4 38
+ 4 14
+ 4 96
+ 4 66
+ 3 79
+ 3 17
+ 3 12
+ 3 56
+ 2 52
+ 2 73
+ 2 76
+ 2 86
- 1 74
- 1 68
- 1 26
- 1 75
- 1 64
- 1 58
- 1 15
- 1 88
- 1 30
- 1 35
- 1 27
- 1 94
- 1 2
- 1 6
- 1 11
- 1 90
- 1 70
- 1 8
- 1 41
- 1 99
- 1 93
- 1 95
- 1 80
- 1 63
- 1 65
- 1 42
- 1 23
- 1 60
- 1 43
- 1 73
- 1 57
- 1 86
- 1 52
- 1 49
- 1 76
- 1 48
- 1 84
- 1 13
- 1 36
- 1 31
- 1 5
- 1 25
- 1 24
- 1 53
- 1 47
- 1 78
- 1 16
- 1 34
- 1 59
- 1 21
- 1 50
- 1 7
- 1 40
- 1 45
- 1 39
- 1 92
- 1 69
- 1 89
- 1 61
- 1 14
- 1 38
- 1 96
- 1 4
- 1 44
- 1 66
- 1 72
- 1 28
- 1 77
- 1 32
- 1 62
- 1 91
- 1 9
- 1 10
- 1 97
- 1 33
- 1 19
- 1 81
- 1 29
- 1 37
- 1 85
- 1 71
- 1 18
- 1 55
- 1 82
- 1 20
- 1 87
- 1 54
- 1 83
- 1 22
- 1 79
- 1 51
- 1 67
- 1 17
- 1 12
- 1 3
- 56 1
