699
+ 1 96
+ 1 77
+ 1 85
+ 1 20
+ 1 23
+ 1 24
+ 1 45
+ 1 10
+ 1 81
+ 1 31
+ 1 65
+ 1 73
+ 1 37
+ 1 91
+ 1 35
+ 1 98
+ 1 48
+ 1 17
+ 1 94
+ 1 32
+ 1 14
+ 1 79
+ 1 6
+ 1 22
+ 1 2
+ 1 8
+ 1 90
+ 1 68
+ 1 62
+ 1 29
+ 1 27
+ 1 72
+ 1 16
+ 1 44
+ 1 82
+ 1 76
+ 1 100
+ 1 86
+ 1 21
+ 1 15
+ 1 4
+ 1 26
+ 1 56
+ 1 66
+ 1 5
+ 1 52
+ 1 11
+ 1 9
+ 1 58
+ 1 84
+ 1 60
+ 1 12
+ 1 33
+ 1 87
+ 1 61
+ 1 80
+ 1 92
+ 1 74
+ 1 69
+ 1 93
+ 1 64
+ 1 67
+ 1 54
+ 1 53
+ 1 19
+ 1 40
+ 1 38
+ 1 75
+ 1 34
+ 1 28
+ 1 18
+ 1 99
+ 1 63
+ 1 47
+ 1 43
+ 1 46
+ 1 39
+ 1 89
+ 1 55
+ 1 88
+ 1 95
+ 1 36
+ 1 57
+ 1 7
+ 1 30
+ 1 59
+ 1 78
+ 1 41
+ 1 49
+ 1 51
+ 1 70
+ 1 50
+ 1 3
- 2 8
- 2 90
- 2 22
- 2 62
- 2 68
- 3 43
- 3 39
- 3 89
- 3 46
- 4 15
- 4 86
- 4 100
- 4 76
- 4 21
- 5 66
- 5 52
- 5 56
- 5 26
- 6 22
- 6 32
- 6 79
- 6 14
- 7 30
- 7 57
- 7 59
- 7 78
- 7 41
- 8 90
- 8 62
- 8 68
- 9 11
- 9 58
- 9 12
- 9 60
- 9 84
- 10 81
- 10 45
- 10 64
- 10 65
- 10 31
- 10 73
- 11 60
- 11 84
- 11 58
- 11 12
- 11 56
- 12 60
- 12 84
- 12 58
- 13 97
- 13 71
- 13 25
- 13 83
- 13 42
- 14 32
- 14 79
- 14 22
- 15 100
- 15 21
- 15 76
- 15 86
- 16 44
- 16 72
- 16 93
- 16 29
- 16 82
- 16 27
- 17 94
- 17 48
- 17 98
- 17 35
- 17 91
- 17 37
- 18 99
- 18 28
- 18 63
- 18 34
- 18 47
- 19 53
- 19 54
- 19 40
- 19 38
- 19 75
- 19 67
- 20 23
- 20 85
- 20 24
- 20 96
- 20 77
- 21 76
- 21 86
- 21 100
- 22 32
- 22 79
- 23 24
- 23 85
- 23 96
- 23 77
- 24 85
- 24 96
- 24 77
- 24 45
- 25 42
- 25 97
- 25 71
- 25 67
- 25 83
- 26 56
- 26 66
- 26 76
- 26 52
- 27 29
- 27 72
- 27 44
- 27 82
- 27 93
- 28 63
- 28 34
- 28 43
- 28 47
- 28 99
- 29 72
- 29 44
- 29 93
- 29 68
- 29 82
- 30 59
- 30 41
- 30 78
- 31 81
- 31 45
- 31 65
- 31 64
- 31 73
- 32 94
- 32 79
- 33 87
- 33 80
- 33 69
- 33 92
- 33 74
- 33 84
- 33 61
- 34 54
- 34 47
- 34 63
- 34 99
- 35 91
- 35 98
- 35 94
- 35 37
- 35 48
- 36 95
- 36 57
- 36 55
- 36 50
- 36 88
- 37 91
- 37 73
- 37 94
- 37 48
- 37 98
- 38 54
- 38 53
- 38 40
- 38 75
- 38 67
- 39 89
- 39 46
- 39 43
- 40 67
- 40 54
- 40 75
- 40 53
- 41 49
- 41 78
- 41 59
- 42 71
- 42 97
- 42 83
- 43 46
- 43 89
- 44 82
- 44 93
- 44 72
- 45 65
- 45 73
- 45 81
- 45 64
- 46 89
- 47 99
- 47 63
- 48 91
- 48 98
- 48 94
- 49 51
- 49 70
- 50 88
- 50 57
- 50 95
- 50 55
- 51 70
- 52 66
- 52 56
- 53 54
- 53 75
- 53 67
- 54 67
- 54 75
- 55 88
- 55 89
- 55 57
- 55 95
- 56 66
- 57 95
- 57 88
- 58 84
- 58 60
- 59 78
- 60 84
- 61 80
- 61 74
- 61 87
- 61 92
- 62 90
- 62 68
- 63 99
- 64 65
- 64 73
- 64 81
- 65 73
- 65 81
- 67 75
- 68 90
- 71 97
- 71 83
- 72 93
- 72 82
- 73 81
- 74 87
- 74 92
- 74 80
- 76 82
- 76 100
- 76 86
- 77 85
- 77 96
- 80 92
- 80 87
- 82 93
- 83 97
- 83 96
- 85 96
- 86 100
- 87 92
- 88 95
- 91 94
- 91 98
- 94 98
+ 98 99
+ 92 94
+ 91 95
+ 90 97
+ 87 100
+ 86 88
+ 86 100
+ 84 89
+ 83 92
+ 83 94
+ 81 99
+ 81 98
+ 79 96
+ 75 78
+ 74 92
+ 74 90
+ 74 79
+ 74 97
+ 73 75
+ 72 82
+ 71 77
+ 70 93
+ 69 80
+ 68 74
+ 68 90
+ 68 97
+ 67 78
+ 66 79
+ 66 96
+ 65 89
+ 65 84
+ 64 73
+ 64 75
+ 62 80
+ 62 69
+ 61 98
+ 61 99
+ 61 81
+ 60 76
+ 59 87
+ 59 100
+ 58 73
+ 58 75
+ 58 64
+ 57 71
+ 57 63
+ 57 77
+ 56 71
+ 56 59
+ 56 77
+ 56 57
+ 55 78
+ 55 67
+ 54 63
+ 53 85
+ 52 95
+ 52 91
+ 51 88
+ 51 86
+ 50 95
+ 50 52
+ 50 91
+ 49 54
+ 49 63
+ 48 66
+ 48 79
+ 48 96
+ 47 84
+ 47 89
+ 47 65
+ 46 58
+ 46 75
+ 46 73
+ 46 64
+ 45 51
+ 45 76
+ 45 60
+ 44 76
+ 44 60
+ 44 45
+ 43 70
+ 43 93
+ 42 82
+ 42 72
+ 41 93
+ 40 85
+ 40 53
+ 39 63
+ 39 49
+ 39 54
+ 38 68
+ 38 90
+ 38 97
+ 38 74
+ 37 55
+ 37 67
+ 37 78
+ 36 88
+ 36 51
+ 36 86
+ 35 70
+ 35 43
+ 35 93
+ 34 66
+ 34 79
+ 34 48
+ 34 96
+ 33 84
+ 33 65
+ 33 47
+ 33 89
+ 32 85
+ 32 40
+ 32 53
+ 31 72
+ 31 42
+ 31 82
+ 30 76
+ 30 44
+ 30 45
+ 30 60
+ 29 54
+ 29 49
+ 29 63
+ 29 39
+ 28 94
+ 28 92
+ 28 83
+ 27 83
+ 27 28
+ 27 92
+ 27 94
+ 26 68
+ 26 97
+ 26 38
+ 26 90
+ 26 74
+ 25 33
+ 25 47
+ 25 84
+ 25 89
+ 25 65
+ 24 82
+ 24 31
+ 24 72
+ 24 42
+ 23 80
+ 23 69
+ 23 42
+ 23 62
+ 22 80
+ 22 92
+ 22 62
+ 22 23
+ 22 69
+ 21 88
+ 21 86
+ 21 36
+ 21 51
+ 20 44
+ 20 45
+ 20 30
+ 20 60
+ 20 76
+ 19 51
+ 19 88
+ 19 21
+ 19 36
+ 19 86
+ 18 56
+ 18 77
+ 18 57
+ 18 71
+ 17 55
+ 17 78
+ 17 67
+ 17 37
+ 16 24
+ 16 81
+ 16 61
+ 16 99
+ 16 98
+ 15 91
+ 15 95
+ 15 50
+ 15 47
+ 15 76
+ 15 52
+ 14 43
+ 14 70
+ 14 35
+ 14 93
+ 13 97
+ 13 74
+ 13 38
+ 13 90
+ 13 68
+ 13 26
+ 12 59
+ 12 87
+ 12 100
+ 11 55
+ 11 67
+ 11 37
+ 11 78
+ 11 17
+ 10 63
+ 10 37
+ 10 78
+ 10 67
+ 10 11
+ 10 55
+ 10 17
+ 9 96
+ 9 34
+ 9 48
+ 9 79
+ 9 66
+ 8 69
+ 8 62
+ 8 22
+ 8 80
+ 8 23
+ 7 12
+ 7 87
+ 7 59
+ 7 100
+ 6 31
+ 6 24
+ 6 72
+ 6 42
+ 6 82
+ 5 84
+ 5 9
+ 5 89
+ 5 47
+ 5 25
+ 5 65
+ 5 33
+ 4 15
+ 4 95
+ 4 50
+ 4 91
+ 4 52
+ 3 64
+ 3 73
+ 3 75
+ 3 58
+ 3 46
+ 2 57
+ 2 71
+ 2 56
+ 2 77
+ 2 18
- 1 41
- 1 70
- 1 14
- 1 35
- 1 43
- 1 7
- 1 73
- 1 58
- 1 3
- 1 46
- 1 64
- 1 75
- 1 55
- 1 67
- 1 78
- 1 11
- 1 37
- 1 17
- 1 10
- 1 49
- 1 29
- 1 39
- 1 54
- 1 63
- 1 71
- 1 18
- 1 2
- 1 77
- 1 57
- 1 56
- 1 59
- 1 87
- 1 12
- 1 100
- 1 88
- 1 21
- 1 19
- 1 36
- 1 86
- 1 51
- 1 20
- 1 44
- 1 45
- 1 30
- 1 60
- 1 76
- 1 95
- 1 50
- 1 91
- 1 4
- 1 52
- 1 15
- 1 47
- 1 25
- 1 65
- 1 84
- 1 89
- 1 33
- 1 5
- 1 48
- 1 34
- 1 96
- 1 66
- 1 9
- 1 79
- 1 90
- 1 26
- 1 13
- 1 68
- 1 97
- 1 38
- 1 74
- 1 28
- 1 83
- 1 94
- 1 27
- 1 92
- 1 22
- 1 8
- 1 80
- 1 69
- 1 62
- 1 23
- 1 72
- 1 31
- 1 82
- 1 6
- 1 42
- 1 24
- 1 99
- 1 16
- 1 98
- 81 1
