992
+ 1 185
+ 1 236
+ 1 199
+ 1 195
+ 1 52
+ 1 216
+ 1 48
+ 1 206
+ 1 231
+ 1 182
+ 1 168
+ 1 95
+ 1 103
+ 1 97
+ 1 70
+ 1 149
+ 1 140
+ 1 201
+ 1 67
+ 1 20
+ 1 36
+ 1 189
+ 1 31
+ 1 35
+ 1 237
+ 1 41
+ 1 23
+ 1 165
+ 1 80
+ 1 71
+ 1 8
+ 1 104
+ 1 154
+ 1 84
+ 1 200
+ 1 141
+ 1 75
+ 1 98
+ 1 30
+ 1 40
+ 1 124
+ 1 167
+ 1 194
+ 1 37
+ 1 239
+ 1 191
+ 1 186
+ 1 208
+ 1 118
+ 1 198
+ 1 87
+ 1 56
+ 1 114
+ 1 60
+ 1 44
+ 1 188
+ 1 214
+ 1 212
+ 1 151
+ 1 176
+ 1 65
+ 1 2
+ 1 17
+ 1 21
+ 1 6
+ 1 22
+ 1 26
+ 1 5
+ 1 131
+ 1 15
+ 1 9
+ 1 33
+ 1 147
+ 1 79
+ 1 137
+ 1 28
+ 1 222
+ 1 207
+ 1 89
+ 1 174
+ 1 74
+ 1 157
+ 1 160
+ 1 105
+ 1 203
+ 1 53
+ 1 215
+ 1 142
+ 1 225
+ 1 38
+ 1 88
+ 1 57
+ 1 112
+ 1 78
+ 1 19
+ 1 101
+ 1 115
+ 1 64
+ 1 43
+ 1 77
+ 1 130
+ 1 59
+ 1 178
+ 1 92
+ 1 63
+ 1 100
+ 1 247
+ 1 11
+ 1 120
+ 1 144
+ 1 240
+ 1 213
+ 1 159
+ 1 96
+ 1 49
+ 1 111
+ 1 139
+ 1 193
+ 1 170
+ 1 50
+ 1 113
+ 1 99
+ 1 32
+ 1 155
+ 1 135
+ 1 152
+ 1 110
+ 1 187
+ 1 122
+ 1 169
+ 1 161
+ 1 34
+ 1 13
+ 1 184
+ 1 68
+ 1 232
+ 1 172
+ 1 219
+ 1 223
+ 1 86
+ 1 69
+ 1 249
+ 1 134
+ 1 171
+ 1 91
+ 1 250
+ 1 238
+ 1 211
+ 1 27
+ 1 145
+ 1 109
+ 1 121
+ 1 190
+ 1 158
+ 1 197
+ 1 54
+ 1 246
+ 1 163
+ 1 150
+ 1 177
+ 1 42
+ 1 129
+ 1 12
+ 1 217
+ 1 55
+ 1 14
+ 1 128
+ 1 132
+ 1 123
+ 1 82
+ 1 156
+ 1 224
+ 1 220
+ 1 241
+ 1 94
+ 1 16
+ 1 83
+ 1 39
+ 1 93
+ 1 164
+ 1 228
+ 1 181
+ 1 175
+ 1 45
+ 1 76
+ 1 24
+ 1 72
+ 1 117
+ 1 235
+ 1 179
+ 1 25
+ 1 4
+ 1 125
+ 1 218
+ 1 85
+ 1 242
+ 1 119
+ 1 234
+ 1 7
+ 1 192
+ 1 46
+ 1 227
+ 1 196
+ 1 143
+ 1 127
+ 1 138
+ 1 244
+ 1 226
+ 1 245
+ 1 106
+ 1 133
+ 1 107
+ 1 209
+ 1 58
+ 1 102
+ 1 62
+ 1 221
+ 1 10
+ 1 248
+ 1 126
+ 1 233
+ 1 243
+ 1 204
+ 1 230
+ 1 229
+ 1 210
+ 1 18
+ 1 73
+ 1 205
+ 1 116
+ 1 146
+ 1 173
+ 1 66
+ 1 90
+ 1 180
+ 1 61
+ 1 136
+ 1 29
+ 1 166
+ 1 153
+ 1 108
+ 1 183
+ 1 51
+ 1 47
+ 1 81
+ 1 202
+ 1 162
+ 1 3
- 2 17
- 2 65
- 3 185
- 4 25
- 4 125
- 5 26
- 5 131
- 6 22
- 6 21
- 7 55
- 8 104
- 8 154
- 8 20
- 8 200
- 9 33
- 9 75
- 9 89
- 10 248
- 10 221
- 11 120
- 11 96
- 11 49
- 11 201
- 11 111
- 12 110
- 13 122
- 14 55
- 14 128
- 14 156
- 15 26
- 16 241
- 16 83
- 16 39
- 18 73
- 18 140
- 19 78
- 20 201
- 20 36
- 20 35
- 20 71
- 21 176
- 23 41
- 23 165
- 24 45
- 25 179
- 25 218
- 25 242
- 26 87
- 27 211
- 28 222
- 28 33
- 29 166
- 29 183
- 29 140
- 29 47
- 29 81
- 29 162
- 30 98
- 30 40
- 30 124
- 31 189
- 32 99
- 32 155
- 33 147
- 33 207
- 34 161
- 35 237
- 36 189
- 37 194
- 38 225
- 41 237
- 42 246
- 43 101
- 44 60
- 44 188
- 44 214
- 45 76
- 45 175
- 46 192
- 48 206
- 48 231
- 48 216
- 50 193
- 51 183
- 52 185
- 53 215
- 53 142
- 53 75
- 53 78
- 53 101
- 53 100
- 54 246
- 54 145
- 55 224
- 55 72
- 55 152
- 56 114
- 56 87
- 57 112
- 57 142
- 58 209
- 59 77
- 60 87
- 61 180
- 62 102
- 63 77
- 64 115
- 65 176
- 66 173
- 66 90
- 67 201
- 68 232
- 68 187
- 69 86
- 70 97
- 72 117
- 72 235
- 72 179
- 73 205
- 74 174
- 75 98
- 75 201
- 75 157
- 75 105
- 77 130
- 77 178
- 77 101
- 79 137
- 79 147
- 80 237
- 81 202
- 82 128
- 84 154
- 85 218
- 86 249
- 86 110
- 87 98
- 87 176
- 88 225
- 89 174
- 91 171
- 92 178
- 93 241
- 94 241
- 95 216
- 97 149
- 97 216
- 98 194
- 98 239
- 99 113
- 100 247
- 101 115
- 102 209
- 103 216
- 105 203
- 106 245
- 106 133
- 107 245
- 107 209
- 108 166
- 109 145
- 110 152
- 110 187
- 110 223
- 110 171
- 110 250
- 110 145
- 111 139
- 113 135
- 113 152
- 113 227
- 113 226
- 113 126
- 113 201
- 116 140
- 116 146
- 116 173
- 116 136
- 118 186
- 118 198
- 119 179
- 120 144
- 120 240
- 121 145
- 121 190
- 122 169
- 122 161
- 122 187
- 123 132
- 124 167
- 127 138
- 127 227
- 128 132
- 129 246
- 134 249
- 138 244
- 140 201
- 140 204
- 140 185
- 141 200
- 142 225
- 143 196
- 145 158
- 145 197
- 148 185
- 150 177
- 150 163
- 151 212
- 152 217
- 152 192
- 153 166
- 157 160
- 159 213
- 163 246
- 164 228
- 164 241
- 168 231
- 170 193
- 172 232
- 173 180
- 175 181
- 179 234
- 181 224
- 182 231
- 184 187
- 185 236
- 185 216
- 186 208
- 186 239
- 187 219
- 191 239
- 193 201
- 195 236
- 196 227
- 199 236
- 201 233
- 204 230
- 204 210
- 211 238
- 212 214
- 213 240
- 220 224
- 221 226
- 224 241
- 226 245
- 229 230
- 233 243
- 238 250
+ 235 238
+ 227 250
+ 226 230
+ 226 228
+ 219 248
+ 199 217
+ 191 195
+ 191 209
+ 187 214
+ 186 212
+ 185 210
+ 184 241
+ 181 220
+ 181 217
+ 179 207
+ 179 181
+ 178 238
+ 173 246
+ 172 213
+ 172 181
+ 167 220
+ 166 180
+ 166 200
+ 160 165
+ 160 225
+ 158 216
+ 158 228
+ 155 220
+ 154 183
+ 153 184
+ 153 231
+ 153 190
+ 152 232
+ 151 159
+ 151 206
+ 149 192
+ 148 237
+ 148 174
+ 146 147
+ 144 159
+ 143 180
+ 143 240
+ 142 229
+ 139 201
+ 136 225
+ 134 139
+ 134 176
+ 132 231
+ 131 149
+ 129 219
+ 129 168
+ 128 183
+ 128 181
+ 126 132
+ 125 204
+ 124 203
+ 124 216
+ 123 183
+ 122 140
+ 121 142
+ 121 134
+ 121 192
+ 119 179
+ 118 123
+ 117 227
+ 116 148
+ 115 248
+ 114 212
+ 112 225
+ 111 176
+ 109 134
+ 106 157
+ 106 158
+ 105 168
+ 105 198
+ 105 164
+ 104 168
+ 103 145
+ 102 202
+ 102 159
+ 102 108
+ 102 170
+ 102 162
+ 102 181
+ 101 105
+ 100 102
+ 99 232
+ 99 220
+ 99 180
+ 98 184
+ 97 177
+ 96 146
+ 95 183
+ 95 120
+ 95 242
+ 94 142
+ 93 184
+ 92 145
+ 92 172
+ 91 193
+ 87 158
+ 86 189
+ 86 182
+ 85 223
+ 85 234
+ 83 182
+ 81 132
+ 78 84
+ 78 135
+ 77 142
+ 76 245
+ 76 198
+ 75 156
+ 75 227
+ 74 247
+ 74 88
+ 74 187
+ 73 239
+ 73 82
+ 73 211
+ 72 76
+ 70 190
+ 69 224
+ 69 187
+ 68 220
+ 67 122
+ 67 116
+ 67 168
+ 66 226
+ 65 109
+ 65 221
+ 64 230
+ 64 141
+ 64 75
+ 63 107
+ 63 128
+ 62 147
+ 61 219
+ 60 83
+ 59 167
+ 58 99
+ 57 244
+ 57 246
+ 56 243
+ 56 85
+ 56 222
+ 56 57
+ 56 183
+ 55 142
+ 54 62
+ 54 153
+ 54 161
+ 54 178
+ 54 188
+ 54 79
+ 52 233
+ 51 86
+ 49 89
+ 49 97
+ 48 90
+ 47 192
+ 46 243
+ 45 225
+ 45 204
+ 44 71
+ 44 215
+ 44 86
+ 43 140
+ 42 138
+ 42 110
+ 41 55
+ 40 124
+ 40 121
+ 40 137
+ 40 194
+ 39 56
+ 39 163
+ 38 73
+ 37 80
+ 37 122
+ 37 205
+ 36 84
+ 36 39
+ 35 220
+ 34 146
+ 33 145
+ 32 113
+ 32 142
+ 31 208
+ 31 168
+ 29 124
+ 28 170
+ 27 249
+ 27 197
+ 27 54
+ 25 39
+ 24 150
+ 24 32
+ 23 48
+ 23 110
+ 22 53
+ 22 26
+ 22 218
+ 22 73
+ 22 130
+ 21 121
+ 20 191
+ 20 196
+ 20 105
+ 20 171
+ 19 88
+ 18 86
+ 18 142
+ 18 128
+ 18 67
+ 18 225
+ 18 22
+ 18 132
+ 17 34
+ 17 50
+ 16 198
+ 15 37
+ 14 169
+ 14 40
+ 13 177
+ 13 40
+ 12 175
+ 12 225
+ 12 52
+ 12 30
+ 12 88
+ 11 127
+ 11 184
+ 10 179
+ 9 201
+ 8 133
+ 8 124
+ 7 79
+ 6 138
+ 6 124
+ 6 236
+ 6 210
+ 6 193
+ 5 103
+ 4 109
+ 3 212
+ 3 54
+ 2 74
- 1 195
- 1 209
- 1 191
- 1 196
- 1 171
- 1 20
- 1 101
- 1 72
- 1 245
- 1 76
- 1 16
- 1 198
- 1 164
- 1 105
- 1 104
- 1 43
- 1 140
- 1 15
- 1 80
- 1 205
- 1 37
- 1 122
- 1 237
- 1 174
- 1 148
- 1 116
- 1 189
- 1 60
- 1 83
- 1 182
- 1 51
- 1 71
- 1 215
- 1 44
- 1 86
- 1 229
- 1 21
- 1 203
- 1 29
- 1 90
- 1 48
- 1 23
- 1 110
- 1 42
- 1 138
- 1 236
- 1 185
- 1 210
- 1 91
- 1 193
- 1 6
- 1 66
- 1 141
- 1 156
- 1 250
- 1 117
- 1 227
- 1 75
- 1 64
- 1 230
- 1 226
- 1 228
- 1 157
- 1 106
- 1 87
- 1 158
- 1 216
- 1 133
- 1 8
- 1 124
- 1 137
- 1 194
- 1 169
- 1 14
- 1 89
- 1 49
- 1 97
- 1 177
- 1 13
- 1 40
- 1 9
- 1 201
- 1 139
- 1 111
- 1 176
- 1 4
- 1 221
- 1 65
- 1 109
- 1 134
- 1 131
- 1 149
- 1 47
- 1 192
- 1 121
- 1 94
- 1 41
- 1 55
- 1 77
- 1 113
- 1 150
- 1 24
- 1 32
- 1 142
- 1 107
- 1 63
- 1 120
- 1 242
- 1 95
- 1 154
- 1 118
- 1 123
- 1 163
- 1 135
- 1 78
- 1 84
- 1 36
- 1 25
- 1 39
- 1 46
- 1 243
- 1 223
- 1 234
- 1 85
- 1 222
- 1 244
- 1 173
- 1 246
- 1 57
- 1 56
- 1 183
- 1 207
- 1 119
- 1 10
- 1 179
- 1 68
- 1 152
- 1 232
- 1 58
- 1 200
- 1 166
- 1 240
- 1 143
- 1 180
- 1 99
- 1 59
- 1 167
- 1 155
- 1 35
- 1 220
- 1 199
- 1 217
- 1 202
- 1 206
- 1 151
- 1 144
- 1 159
- 1 108
- 1 28
- 1 170
- 1 100
- 1 162
- 1 102
- 1 213
- 1 5
- 1 103
- 1 33
- 1 145
- 1 92
- 1 172
- 1 181
- 1 128
- 1 125
- 1 204
- 1 45
- 1 136
- 1 112
- 1 165
- 1 160
- 1 175
- 1 233
- 1 52
- 1 30
- 1 247
- 1 224
- 1 69
- 1 214
- 1 187
- 1 2
- 1 74
- 1 19
- 1 88
- 1 12
- 1 225
- 1 53
- 1 26
- 1 218
- 1 239
- 1 82
- 1 211
- 1 38
- 1 73
- 1 130
- 1 22
- 1 81
- 1 126
- 1 50
- 1 17
- 1 34
- 1 96
- 1 146
- 1 147
- 1 62
- 1 161
- 1 235
- 1 238
- 1 178
- 1 114
- 1 186
- 1 212
- 1 3
- 1 188
- 1 7
- 1 79
- 1 249
- 1 197
- 1 27
- 1 54
- 1 98
- 1 241
- 1 93
- 1 127
- 1 11
- 1 184
- 1 70
- 1 190
- 1 153
- 1 231
- 1 132
- 1 18
- 1 67
- 1 208
- 1 31
- 1 168
- 1 129
- 1 61
- 1 115
- 248 1
