972
+ 1 3
+ 1 4
+ 1 5
+ 1 6
+ 1 7
+ 1 8
+ 1 9
+ 1 10
+ 1 26
+ 1 28
+ 1 166
+ 1 182
+ 1 112
+ 1 153
+ 1 149
+ 1 218
+ 1 125
+ 1 239
+ 1 155
+ 1 174
+ 1 76
+ 1 17
+ 1 58
+ 1 199
+ 1 69
+ 1 143
+ 1 136
+ 1 27
+ 1 211
+ 1 83
+ 1 230
+ 1 186
+ 1 60
+ 1 77
+ 1 234
+ 1 37
+ 1 39
+ 1 207
+ 1 227
+ 1 117
+ 1 34
+ 1 164
+ 1 134
+ 1 135
+ 1 126
+ 1 100
+ 1 61
+ 1 138
+ 1 104
+ 1 213
+ 1 119
+ 1 72
+ 1 65
+ 1 97
+ 1 188
+ 1 130
+ 1 184
+ 1 185
+ 1 228
+ 1 206
+ 1 52
+ 1 157
+ 1 148
+ 1 176
+ 1 33
+ 1 190
+ 1 178
+ 1 75
+ 1 214
+ 1 67
+ 1 193
+ 1 172
+ 1 150
+ 1 90
+ 1 141
+ 1 167
+ 1 103
+ 1 106
+ 1 115
+ 1 233
+ 1 240
+ 1 48
+ 1 194
+ 1 98
+ 1 154
+ 1 114
+ 1 197
+ 1 49
+ 1 133
+ 1 220
+ 1 63
+ 1 29
+ 1 24
+ 1 236
+ 1 183
+ 1 30
+ 1 84
+ 1 82
+ 1 109
+ 1 93
+ 1 116
+ 1 36
+ 1 201
+ 1 73
+ 1 215
+ 1 118
+ 1 189
+ 1 169
+ 1 139
+ 1 124
+ 1 22
+ 1 208
+ 1 70
+ 1 31
+ 1 123
+ 1 224
+ 1 222
+ 1 129
+ 1 51
+ 1 198
+ 1 216
+ 1 165
+ 1 144
+ 1 175
+ 1 235
+ 1 160
+ 1 111
+ 1 226
+ 1 15
+ 1 146
+ 1 223
+ 1 87
+ 1 55
+ 1 177
+ 1 54
+ 1 159
+ 1 102
+ 1 205
+ 1 110
+ 1 40
+ 1 202
+ 1 74
+ 1 210
+ 1 19
+ 1 108
+ 1 107
+ 1 62
+ 1 11
+ 1 57
+ 1 140
+ 1 238
+ 1 219
+ 1 200
+ 1 156
+ 1 42
+ 1 192
+ 1 16
+ 1 163
+ 1 101
+ 1 80
+ 1 78
+ 1 171
+ 1 181
+ 1 35
+ 1 14
+ 1 25
+ 1 131
+ 1 92
+ 1 44
+ 1 191
+ 1 32
+ 1 151
+ 1 204
+ 1 64
+ 1 137
+ 1 173
+ 1 127
+ 1 46
+ 1 180
+ 1 91
+ 1 56
+ 1 203
+ 1 105
+ 1 21
+ 1 168
+ 1 71
+ 1 229
+ 1 79
+ 1 41
+ 1 179
+ 1 20
+ 1 81
+ 1 195
+ 1 158
+ 1 66
+ 1 18
+ 1 99
+ 1 95
+ 1 209
+ 1 89
+ 1 128
+ 1 152
+ 1 225
+ 1 232
+ 1 237
+ 1 162
+ 1 47
+ 1 86
+ 1 85
+ 1 13
+ 1 38
+ 1 142
+ 1 12
+ 1 113
+ 1 170
+ 1 88
+ 1 96
+ 1 45
+ 1 43
+ 1 161
+ 1 121
+ 1 50
+ 1 196
+ 1 23
+ 1 53
+ 1 59
+ 1 145
+ 1 231
+ 1 212
+ 1 68
+ 1 94
+ 1 221
+ 1 147
+ 1 187
+ 1 120
+ 1 217
+ 1 132
+ 1 122
+ 1 241
+ 1 242
+ 1 243
+ 1 244
+ 1 245
+ 1 246
+ 1 247
+ 1 248
+ 1 249
+ 1 250
- 2 3
- 3 4
- 4 5
- 5 6
- 6 7
- 7 8
- 8 9
- 9 10
- 10 26
- 11 62
- 11 57
- 12 142
- 12 113
- 13 85
- 13 38
- 14 35
- 14 25
- 15 226
- 15 146
- 16 192
- 16 163
- 17 76
- 17 58
- 18 66
- 18 99
- 19 210
- 19 108
- 20 179
- 20 81
- 21 105
- 21 168
- 22 124
- 22 208
- 23 196
- 23 53
- 24 29
- 24 236
- 25 131
- 26 28
- 27 136
- 27 211
- 28 166
- 29 63
- 30 183
- 30 84
- 31 70
- 31 123
- 32 191
- 32 151
- 33 176
- 33 190
- 34 117
- 34 164
- 35 181
- 36 116
- 36 201
- 37 234
- 37 39
- 38 142
- 39 207
- 40 110
- 40 202
- 41 79
- 41 179
- 42 156
- 42 192
- 43 45
- 43 161
- 44 92
- 44 191
- 45 96
- 46 127
- 46 180
- 47 162
- 47 86
- 48 240
- 48 194
- 49 197
- 49 133
- 50 121
- 50 196
- 51 129
- 51 198
- 52 206
- 52 157
- 53 59
- 54 177
- 54 159
- 55 87
- 55 177
- 56 91
- 56 203
- 57 140
- 58 199
- 59 145
- 60 186
- 60 77
- 61 100
- 61 138
- 62 107
- 63 220
- 64 204
- 64 137
- 65 72
- 65 97
- 66 158
- 67 214
- 67 193
- 68 212
- 68 94
- 69 199
- 69 143
- 70 208
- 71 168
- 71 229
- 72 119
- 73 201
- 73 215
- 74 202
- 74 210
- 75 178
- 75 214
- 76 174
- 77 234
- 78 80
- 78 171
- 79 229
- 80 101
- 81 195
- 82 84
- 82 109
- 83 211
- 83 230
- 85 86
- 87 223
- 88 170
- 88 96
- 89 209
- 89 128
- 90 150
- 90 141
- 91 180
- 92 131
- 93 109
- 93 116
- 94 221
- 95 99
- 95 209
- 97 188
- 98 194
- 98 154
- 100 126
- 101 163
- 102 159
- 102 205
- 103 167
- 103 106
- 104 138
- 104 213
- 105 203
- 106 115
- 107 108
- 110 205
- 111 160
- 111 226
- 112 182
- 112 153
- 113 170
- 114 154
- 114 197
- 115 233
- 117 227
- 118 215
- 118 189
- 119 213
- 120 187
- 120 217
- 121 161
- 122 132
- 122 241
- 123 224
- 124 139
- 125 218
- 125 239
- 126 135
- 127 173
- 128 152
- 129 222
- 130 188
- 130 184
- 132 217
- 133 220
- 134 164
- 134 135
- 136 143
- 137 173
- 139 169
- 140 238
- 141 167
- 144 165
- 144 175
- 145 231
- 146 223
- 147 221
- 147 187
- 148 157
- 148 176
- 149 153
- 149 218
- 150 172
- 151 204
- 152 225
- 155 239
- 155 174
- 156 200
- 158 195
- 160 235
- 162 237
- 165 216
- 166 182
- 169 189
- 171 181
- 172 193
- 175 235
- 178 190
- 183 236
- 184 185
- 185 228
- 186 230
- 198 216
- 200 219
- 206 228
- 207 227
- 212 231
- 219 238
- 222 224
- 225 232
- 232 237
+ 218 219
+ 216 233
+ 211 223
+ 209 225
+ 206 227
+ 206 223
+ 200 205
+ 199 226
+ 191 210
+ 188 204
+ 187 238
+ 182 217
+ 181 212
+ 180 196
+ 177 194
+ 176 224
+ 175 177
+ 173 216
+ 172 189
+ 170 186
+ 169 198
+ 167 234
+ 167 213
+ 165 212
+ 165 222
+ 164 184
+ 163 229
+ 162 210
+ 161 185
+ 159 241
+ 159 191
+ 158 178
+ 156 221
+ 154 214
+ 152 179
+ 151 168
+ 150 201
+ 150 203
+ 149 197
+ 149 200
+ 144 188
+ 144 181
+ 142 171
+ 137 199
+ 137 235
+ 135 186
+ 134 143
+ 133 226
+ 132 221
+ 132 148
+ 131 215
+ 130 220
+ 129 136
+ 127 190
+ 126 189
+ 125 195
+ 123 174
+ 123 185
+ 122 146
+ 122 193
+ 121 147
+ 120 140
+ 119 174
+ 118 153
+ 118 224
+ 117 238
+ 116 166
+ 116 183
+ 115 213
+ 113 219
+ 112 197
+ 111 117
+ 111 134
+ 110 202
+ 108 232
+ 108 141
+ 107 230
+ 106 228
+ 105 155
+ 104 109
+ 104 232
+ 103 178
+ 103 124
+ 101 115
+ 100 162
+ 100 166
+ 99 222
+ 99 156
+ 98 127
+ 97 204
+ 96 215
+ 96 157
+ 95 126
+ 95 192
+ 94 190
+ 93 183
+ 93 207
+ 92 211
+ 92 112
+ 91 109
+ 90 114
+ 89 97
+ 88 209
+ 87 121
+ 87 240
+ 86 139
+ 85 155
+ 84 207
+ 84 182
+ 83 145
+ 83 135
+ 82 107
+ 81 148
+ 81 230
+ 80 217
+ 79 237
+ 78 94
+ 77 196
+ 77 119
+ 76 158
+ 75 173
+ 75 239
+ 74 147
+ 73 193
+ 72 198
+ 72 114
+ 71 218
+ 71 160
+ 70 160
+ 69 141
+ 69 131
+ 68 89
+ 67 236
+ 66 133
+ 65 157
+ 65 201
+ 64 128
+ 64 106
+ 63 151
+ 63 129
+ 62 184
+ 61 161
+ 61 229
+ 60 68
+ 59 231
+ 59 179
+ 58 85
+ 58 172
+ 57 192
+ 57 237
+ 56 202
+ 55 235
+ 54 143
+ 54 128
+ 53 225
+ 52 228
+ 52 113
+ 51 136
+ 51 146
+ 50 102
+ 50 194
+ 49 88
+ 49 231
+ 48 236
+ 47 62
+ 46 205
+ 46 142
+ 45 70
+ 45 60
+ 44 73
+ 43 163
+ 43 153
+ 42 90
+ 42 208
+ 41 139
+ 40 195
+ 39 120
+ 39 187
+ 38 125
+ 38 74
+ 37 154
+ 37 40
+ 36 130
+ 35 53
+ 34 239
+ 34 66
+ 33 80
+ 33 102
+ 32 203
+ 32 98
+ 31 47
+ 31 220
+ 30 44
+ 30 145
+ 29 171
+ 29 76
+ 28 170
+ 27 56
+ 27 214
+ 26 124
+ 26 105
+ 25 101
+ 25 110
+ 24 36
+ 24 180
+ 23 79
+ 22 152
+ 22 164
+ 21 176
+ 21 168
+ 20 23
+ 20 138
+ 19 86
+ 19 48
+ 18 138
+ 18 35
+ 17 67
+ 16 175
+ 16 91
+ 15 82
+ 15 234
+ 14 55
+ 14 227
+ 13 28
+ 13 41
+ 12 208
+ 12 140
+ 11 78
+ 11 169
+ 10 17
+ 9 10
+ 8 9
+ 7 8
+ 6 7
+ 5 6
+ 4 5
+ 3 4
+ 2 3
- 1 250
- 1 249
- 1 248
- 1 247
- 1 246
- 1 245
- 1 244
- 1 243
- 1 242
- 1 241
- 1 159
- 1 191
- 1 210
- 1 162
- 1 100
- 1 166
- 1 116
- 1 183
- 1 93
- 1 207
- 1 84
- 1 182
- 1 217
- 1 80
- 1 33
- 1 102
- 1 50
- 1 194
- 1 177
- 1 175
- 1 16
- 1 91
- 1 109
- 1 104
- 1 232
- 1 108
- 1 141
- 1 69
- 1 131
- 1 215
- 1 96
- 1 157
- 1 65
- 1 201
- 1 150
- 1 203
- 1 32
- 1 98
- 1 127
- 1 190
- 1 94
- 1 78
- 1 11
- 1 169
- 1 198
- 1 72
- 1 114
- 1 90
- 1 42
- 1 208
- 1 12
- 1 140
- 1 120
- 1 39
- 1 187
- 1 238
- 1 117
- 1 111
- 1 134
- 1 143
- 1 54
- 1 128
- 1 64
- 1 106
- 1 228
- 1 52
- 1 113
- 1 219
- 1 218
- 1 71
- 1 160
- 1 70
- 1 45
- 1 60
- 1 68
- 1 89
- 1 97
- 1 204
- 1 188
- 1 144
- 1 181
- 1 212
- 1 165
- 1 222
- 1 99
- 1 156
- 1 221
- 1 132
- 1 148
- 1 81
- 1 230
- 1 107
- 1 82
- 1 15
- 1 234
- 1 167
- 1 213
- 1 115
- 1 101
- 1 25
- 1 110
- 1 202
- 1 56
- 1 27
- 1 214
- 1 154
- 1 37
- 1 40
- 1 195
- 1 125
- 1 38
- 1 74
- 1 147
- 1 121
- 1 87
- 1 240
- 1 233
- 1 216
- 1 173
- 1 75
- 1 239
- 1 34
- 1 66
- 1 133
- 1 226
- 1 199
- 1 137
- 1 235
- 1 55
- 1 14
- 1 227
- 1 206
- 1 223
- 1 211
- 1 92
- 1 112
- 1 197
- 1 149
- 1 200
- 1 205
- 1 46
- 1 142
- 1 171
- 1 29
- 1 76
- 1 158
- 1 178
- 1 103
- 1 124
- 1 26
- 1 105
- 1 155
- 1 85
- 1 58
- 1 172
- 1 189
- 1 126
- 1 95
- 1 192
- 1 57
- 1 237
- 1 79
- 1 23
- 1 20
- 1 138
- 1 18
- 1 35
- 1 53
- 1 225
- 1 209
- 1 88
- 1 49
- 1 231
- 1 59
- 1 179
- 1 152
- 1 22
- 1 164
- 1 184
- 1 62
- 1 47
- 1 31
- 1 220
- 1 130
- 1 36
- 1 24
- 1 180
- 1 196
- 1 77
- 1 119
- 1 174
- 1 123
- 1 185
- 1 161
- 1 61
- 1 229
- 1 163
- 1 43
- 1 153
- 1 118
- 1 224
- 1 176
- 1 21
- 1 168
- 1 151
- 1 63
- 1 129
- 1 136
- 1 51
- 1 146
- 1 122
- 1 193
- 1 73
- 1 44
- 1 30
- 1 145
- 1 83
- 1 135
- 1 186
- 1 170
- 1 28
- 1 13
- 1 41
- 1 139
- 1 86
- 1 19
- 1 48
- 1 236
- 1 67
- 1 17
- 1 10
- 1 9
- 1 8
- 1 7
- 1 6
- 1 5
- 1 4
- 3 1
