1066
+ 1 186
+ 1 77
+ 1 89
+ 1 202
+ 1 247
+ 1 66
+ 1 155
+ 1 34
+ 1 152
+ 1 59
+ 1 234
+ 1 109
+ 1 140
+ 1 245
+ 1 208
+ 1 216
+ 1 151
+ 1 227
+ 1 2
+ 1 225
+ 1 223
+ 1 210
+ 1 10
+ 1 126
+ 1 16
+ 1 105
+ 1 193
+ 1 15
+ 1 123
+ 1 188
+ 1 184
+ 1 205
+ 1 206
+ 1 243
+ 1 114
+ 1 30
+ 1 36
+ 1 72
+ 1 146
+ 1 141
+ 1 175
+ 1 111
+ 1 6
+ 1 103
+ 1 215
+ 1 20
+ 1 61
+ 1 64
+ 1 190
+ 1 37
+ 1 125
+ 1 32
+ 1 219
+ 1 82
+ 1 238
+ 1 54
+ 1 191
+ 1 98
+ 1 209
+ 1 39
+ 1 232
+ 1 127
+ 1 115
+ 1 157
+ 1 143
+ 1 160
+ 1 51
+ 1 52
+ 1 171
+ 1 237
+ 1 172
+ 1 144
+ 1 58
+ 1 106
+ 1 194
+ 1 5
+ 1 99
+ 1 185
+ 1 33
+ 1 246
+ 1 57
+ 1 45
+ 1 162
+ 1 91
+ 1 226
+ 1 110
+ 1 179
+ 1 203
+ 1 142
+ 1 189
+ 1 69
+ 1 65
+ 1 71
+ 1 21
+ 1 8
+ 1 25
+ 1 129
+ 1 48
+ 1 170
+ 1 214
+ 1 38
+ 1 112
+ 1 183
+ 1 164
+ 1 27
+ 1 230
+ 1 107
+ 1 42
+ 1 159
+ 1 149
+ 1 120
+ 1 177
+ 1 102
+ 1 18
+ 1 134
+ 1 248
+ 1 41
+ 1 78
+ 1 3
+ 1 49
+ 1 197
+ 1 70
+ 1 74
+ 1 235
+ 1 22
+ 1 182
+ 1 201
+ 1 14
+ 1 249
+ 1 29
+ 1 180
+ 1 83
+ 1 43
+ 1 198
+ 1 68
+ 1 168
+ 1 167
+ 1 228
+ 1 158
+ 1 229
+ 1 176
+ 1 9
+ 1 199
+ 1 128
+ 1 244
+ 1 218
+ 1 4
+ 1 12
+ 1 101
+ 1 154
+ 1 46
+ 1 23
+ 1 131
+ 1 55
+ 1 132
+ 1 92
+ 1 212
+ 1 76
+ 1 75
+ 1 88
+ 1 100
+ 1 204
+ 1 165
+ 1 217
+ 1 84
+ 1 178
+ 1 242
+ 1 26
+ 1 213
+ 1 95
+ 1 96
+ 1 17
+ 1 236
+ 1 97
+ 1 224
+ 1 145
+ 1 116
+ 1 87
+ 1 60
+ 1 119
+ 1 79
+ 1 113
+ 1 181
+ 1 50
+ 1 11
+ 1 63
+ 1 62
+ 1 192
+ 1 147
+ 1 104
+ 1 44
+ 1 13
+ 1 222
+ 1 73
+ 1 148
+ 1 241
+ 1 233
+ 1 137
+ 1 124
+ 1 207
+ 1 47
+ 1 122
+ 1 40
+ 1 163
+ 1 28
+ 1 220
+ 1 200
+ 1 90
+ 1 161
+ 1 173
+ 1 117
+ 1 35
+ 1 231
+ 1 118
+ 1 153
+ 1 187
+ 1 174
+ 1 221
+ 1 80
+ 1 67
+ 1 85
+ 1 81
+ 1 135
+ 1 108
+ 1 150
+ 1 19
+ 1 195
+ 1 86
+ 1 250
+ 1 94
+ 1 133
+ 1 130
+ 1 156
+ 1 136
+ 1 139
+ 1 239
+ 1 196
+ 1 211
+ 1 121
+ 1 166
+ 1 24
+ 1 138
+ 1 53
+ 1 240
+ 1 169
+ 1 31
+ 1 7
- 2 227
- 2 225
- 3 78
- 4 186
- 4 12
- 5 194
- 5 99
- 6 186
- 6 103
- 7 31
- 7 169
- 8 186
- 9 176
- 10 210
- 10 223
- 11 186
- 13 44
- 13 104
- 14 201
- 14 182
- 15 193
- 15 105
- 16 126
- 17 96
- 17 95
- 18 102
- 19 195
- 19 86
- 19 186
- 20 215
- 20 61
- 21 186
- 22 74
- 22 235
- 23 131
- 23 186
- 24 166
- 24 121
- 25 129
- 25 186
- 25 48
- 26 242
- 26 213
- 27 186
- 27 230
- 27 107
- 28 186
- 29 186
- 30 114
- 30 36
- 31 169
- 32 219
- 32 125
- 33 186
- 33 246
- 34 155
- 35 186
- 35 231
- 36 114
- 37 186
- 38 186
- 39 209
- 40 122
- 41 134
- 41 248
- 42 186
- 42 159
- 43 198
- 43 186
- 44 104
- 45 57
- 46 154
- 46 101
- 47 186
- 48 129
- 49 186
- 50 113
- 50 181
- 51 52
- 51 160
- 52 160
- 53 186
- 54 186
- 55 186
- 55 132
- 56 186
- 56 93
- 57 186
- 58 144
- 58 106
- 59 186
- 60 87
- 60 116
- 61 215
- 62 186
- 63 186
- 64 186
- 64 190
- 65 189
- 65 69
- 66 247
- 67 85
- 67 81
- 67 186
- 68 168
- 68 186
- 68 167
- 69 189
- 70 197
- 71 186
- 72 186
- 72 146
- 73 222
- 74 235
- 74 186
- 75 88
- 75 100
- 75 186
- 76 212
- 76 92
- 77 186
- 77 89
- 77 202
- 78 186
- 79 119
- 80 221
- 81 85
- 82 186
- 82 238
- 83 186
- 84 217
- 86 195
- 87 116
- 88 100
- 89 202
- 90 200
- 90 161
- 91 162
- 91 226
- 92 212
- 92 186
- 94 250
- 94 133
- 95 96
- 95 186
- 97 224
- 97 145
- 97 186
- 98 186
- 99 194
- 101 154
- 101 186
- 102 186
- 104 186
- 105 193
- 105 186
- 106 144
- 107 230
- 108 135
- 108 150
- 109 186
- 110 179
- 110 186
- 111 186
- 112 183
- 112 186
- 113 181
- 113 186
- 114 186
- 115 157
- 115 186
- 115 143
- 116 186
- 117 173
- 118 153
- 118 186
- 119 186
- 120 149
- 120 177
- 121 166
- 121 186
- 122 186
- 123 186
- 124 207
- 124 186
- 125 186
- 125 219
- 126 186
- 127 232
- 128 199
- 128 244
- 130 156
- 130 186
- 133 250
- 134 248
- 134 186
- 135 150
- 135 186
- 136 139
- 136 186
- 137 233
- 138 186
- 140 186
- 140 245
- 141 186
- 141 175
- 142 203
- 143 157
- 144 186
- 145 224
- 147 192
- 148 186
- 148 241
- 149 186
- 149 177
- 151 186
- 152 186
- 155 186
- 158 186
- 158 229
- 160 186
- 161 200
- 162 186
- 162 226
- 163 186
- 164 186
- 165 204
- 167 168
- 169 186
- 170 214
- 170 186
- 171 186
- 171 237
- 172 186
- 173 186
- 174 186
- 176 186
- 178 186
- 180 186
- 182 186
- 182 201
- 184 205
- 184 188
- 185 186
- 186 247
- 186 234
- 186 208
- 186 227
- 186 223
- 186 188
- 186 206
- 186 215
- 186 191
- 186 209
- 186 232
- 186 194
- 186 203
- 186 189
- 186 197
- 186 249
- 186 228
- 186 199
- 186 218
- 186 204
- 186 217
- 186 242
- 186 236
- 186 192
- 186 222
- 186 233
- 186 220
- 186 200
- 186 187
- 186 221
- 186 250
- 186 239
- 186 240
- 188 205
- 196 239
- 196 211
- 199 244
- 206 243
- 208 216
- 210 223
- 211 239
- 213 242
- 225 227
+ 228 236
+ 218 250
+ 217 242
+ 205 209
+ 202 231
+ 201 211
+ 196 222
+ 195 213
+ 183 200
+ 177 235
+ 176 216
+ 175 187
+ 174 230
+ 172 194
+ 169 212
+ 168 184
+ 162 213
+ 162 195
+ 161 197
+ 159 165
+ 157 219
+ 153 247
+ 152 236
+ 152 228
+ 143 164
+ 140 208
+ 138 154
+ 137 170
+ 135 148
+ 134 151
+ 132 158
+ 131 165
+ 131 159
+ 129 142
+ 125 232
+ 124 243
+ 121 122
+ 120 182
+ 118 130
+ 117 188
+ 116 225
+ 115 214
+ 114 146
+ 113 145
+ 111 239
+ 109 221
+ 108 242
+ 108 217
+ 107 157
+ 107 219
+ 106 246
+ 102 141
+ 101 123
+ 100 133
+ 99 103
+ 96 114
+ 96 146
+ 95 198
+ 94 98
+ 93 150
+ 92 129
+ 92 142
+ 89 207
+ 88 141
+ 88 102
+ 87 97
+ 85 147
+ 84 178
+ 83 248
+ 82 112
+ 81 223
+ 80 100
+ 80 133
+ 79 224
+ 74 115
+ 74 214
+ 71 193
+ 70 179
+ 69 221
+ 69 109
+ 64 120
+ 64 182
+ 62 197
+ 62 161
+ 61 82
+ 61 112
+ 59 86
+ 58 174
+ 58 230
+ 57 119
+ 54 180
+ 52 189
+ 51 67
+ 50 160
+ 49 212
+ 49 169
+ 48 89
+ 48 207
+ 47 204
+ 43 51
+ 43 67
+ 41 97
+ 41 87
+ 40 193
+ 40 71
+ 38 147
+ 38 85
+ 37 42
+ 36 66
+ 35 128
+ 34 128
+ 34 35
+ 33 199
+ 32 106
+ 32 246
+ 31 60
+ 29 235
+ 29 177
+ 28 78
+ 27 39
+ 26 84
+ 26 178
+ 25 63
+ 24 126
+ 23 151
+ 23 134
+ 22 196
+ 22 222
+ 21 241
+ 20 152
+ 20 223
+ 20 36
+ 20 22
+ 20 72
+ 20 176
+ 20 186
+ 20 78
+ 20 110
+ 20 231
+ 20 70
+ 20 156
+ 20 32
+ 20 148
+ 20 166
+ 20 192
+ 20 76
+ 20 103
+ 20 64
+ 20 46
+ 20 134
+ 20 171
+ 20 240
+ 20 183
+ 20 21
+ 20 160
+ 20 213
+ 20 125
+ 20 205
+ 20 101
+ 20 105
+ 20 86
+ 20 144
+ 20 229
+ 20 245
+ 20 61
+ 20 194
+ 20 84
+ 20 43
+ 20 226
+ 20 87
+ 20 163
+ 20 95
+ 20 181
+ 20 244
+ 20 191
+ 20 185
+ 20 175
+ 20 44
+ 20 92
+ 20 45
+ 20 206
+ 20 168
+ 20 207
+ 20 68
+ 20 173
+ 20 204
+ 20 190
+ 20 34
+ 20 188
+ 20 115
+ 20 237
+ 20 242
+ 20 126
+ 20 104
+ 20 208
+ 20 233
+ 20 239
+ 20 62
+ 20 118
+ 20 71
+ 20 98
+ 20 121
+ 20 158
+ 20 100
+ 20 227
+ 20 102
+ 20 164
+ 20 114
+ 20 248
+ 20 137
+ 20 155
+ 20 42
+ 20 57
+ 20 38
+ 20 234
+ 20 79
+ 20 203
+ 20 69
+ 20 136
+ 20 169
+ 20 113
+ 20 53
+ 20 77
+ 20 56
+ 20 177
+ 20 174
+ 20 54
+ 20 73
+ 20 60
+ 20 199
+ 20 215
+ 20 139
+ 20 90
+ 20 238
+ 20 159
+ 20 210
+ 20 167
+ 20 220
+ 20 65
+ 20 249
+ 20 55
+ 20 127
+ 20 93
+ 20 116
+ 20 153
+ 20 52
+ 20 243
+ 20 75
+ 20 138
+ 20 219
+ 20 201
+ 20 149
+ 19 63
+ 19 25
+ 19 20
+ 18 36
+ 18 66
+ 17 20
+ 17 91
+ 16 33
+ 16 199
+ 15 57
+ 15 119
+ 14 30
+ 14 20
+ 13 191
+ 12 113
+ 12 145
+ 11 20
+ 10 138
+ 10 154
+ 9 20
+ 9 218
+ 9 250
+ 8 194
+ 8 172
+ 7 149
+ 6 104
+ 5 163
+ 4 7
+ 4 149
+ 3 136
+ 2 20
+ 2 27
+ 2 39
- 1 236
- 1 228
- 1 152
- 1 81
- 1 223
- 1 27
- 1 39
- 1 2
- 1 18
- 1 66
- 1 36
- 1 196
- 1 222
- 1 22
- 1 72
- 1 216
- 1 176
- 1 186
- 1 28
- 1 78
- 1 110
- 1 202
- 1 231
- 1 179
- 1 70
- 1 156
- 1 106
- 1 246
- 1 32
- 1 135
- 1 148
- 1 218
- 1 250
- 1 9
- 1 166
- 1 192
- 1 76
- 1 99
- 1 103
- 1 120
- 1 182
- 1 64
- 1 46
- 1 151
- 1 23
- 1 134
- 1 171
- 1 240
- 1 200
- 1 183
- 1 241
- 1 21
- 1 50
- 1 160
- 1 162
- 1 195
- 1 213
- 1 232
- 1 125
- 1 209
- 1 205
- 1 123
- 1 101
- 1 105
- 1 59
- 1 86
- 1 144
- 1 229
- 1 245
- 1 82
- 1 112
- 1 61
- 1 8
- 1 172
- 1 194
- 1 178
- 1 26
- 1 84
- 1 51
- 1 67
- 1 43
- 1 226
- 1 41
- 1 97
- 1 87
- 1 5
- 1 163
- 1 198
- 1 95
- 1 181
- 1 244
- 1 13
- 1 191
- 1 185
- 1 187
- 1 175
- 1 63
- 1 25
- 1 19
- 1 44
- 1 129
- 1 142
- 1 92
- 1 45
- 1 206
- 1 184
- 1 168
- 1 48
- 1 89
- 1 207
- 1 68
- 1 173
- 1 47
- 1 204
- 1 190
- 1 128
- 1 35
- 1 34
- 1 117
- 1 188
- 1 74
- 1 214
- 1 115
- 1 237
- 1 108
- 1 217
- 1 242
- 1 24
- 1 126
- 1 6
- 1 104
- 1 140
- 1 208
- 1 233
- 1 111
- 1 239
- 1 197
- 1 161
- 1 62
- 1 130
- 1 118
- 1 193
- 1 40
- 1 71
- 1 94
- 1 98
- 1 122
- 1 121
- 1 132
- 1 158
- 1 30
- 1 14
- 1 133
- 1 80
- 1 100
- 1 227
- 1 141
- 1 88
- 1 102
- 1 143
- 1 164
- 1 96
- 1 146
- 1 114
- 1 83
- 1 248
- 1 170
- 1 137
- 1 155
- 1 37
- 1 42
- 1 119
- 1 15
- 1 57
- 1 147
- 1 85
- 1 38
- 1 234
- 1 224
- 1 79
- 1 203
- 1 221
- 1 109
- 1 69
- 1 3
- 1 136
- 1 212
- 1 49
- 1 169
- 1 12
- 1 145
- 1 113
- 1 53
- 1 77
- 1 56
- 1 235
- 1 29
- 1 177
- 1 58
- 1 230
- 1 174
- 1 180
- 1 54
- 1 73
- 1 31
- 1 60
- 1 33
- 1 16
- 1 199
- 1 215
- 1 139
- 1 90
- 1 238
- 1 131
- 1 165
- 1 159
- 1 210
- 1 167
- 1 220
- 1 65
- 1 249
- 1 55
- 1 127
- 1 150
- 1 93
- 1 225
- 1 116
- 1 247
- 1 153
- 1 189
- 1 52
- 1 11
- 1 124
- 1 243
- 1 75
- 1 10
- 1 154
- 1 138
- 1 107
- 1 157
- 1 219
- 1 211
- 1 201
- 1 7
- 1 4
- 1 149
- 20 1
