2377
+ 1 103
+ 1 245
+ 1 194
+ 1 120
+ 1 124
+ 1 87
+ 1 82
+ 1 70
+ 1 127
+ 1 97
+ 1 69
+ 1 85
+ 1 148
+ 1 241
+ 1 155
+ 1 77
+ 1 66
+ 1 218
+ 1 196
+ 1 58
+ 1 17
+ 1 222
+ 1 247
+ 1 248
+ 1 134
+ 1 158
+ 1 106
+ 1 28
+ 1 224
+ 1 2
+ 1 135
+ 1 149
+ 1 99
+ 1 110
+ 1 204
+ 1 125
+ 1 219
+ 1 43
+ 1 162
+ 1 159
+ 1 60
+ 1 244
+ 1 57
+ 1 11
+ 1 25
+ 1 190
+ 1 171
+ 1 214
+ 1 183
+ 1 139
+ 1 94
+ 1 168
+ 1 203
+ 1 91
+ 1 93
+ 1 146
+ 1 15
+ 1 117
+ 1 226
+ 1 74
+ 1 202
+ 1 176
+ 1 186
+ 1 221
+ 1 9
+ 1 189
+ 1 96
+ 1 184
+ 1 234
+ 1 119
+ 1 36
+ 1 129
+ 1 6
+ 1 220
+ 1 42
+ 1 211
+ 1 61
+ 1 128
+ 1 118
+ 1 79
+ 1 24
+ 1 217
+ 1 133
+ 1 10
+ 1 105
+ 1 246
+ 1 63
+ 1 156
+ 1 26
+ 1 243
+ 1 239
+ 1 154
+ 1 227
+ 1 95
+ 1 89
+ 1 78
+ 1 151
+ 1 191
+ 1 51
+ 1 195
+ 1 201
+ 1 41
+ 1 88
+ 1 180
+ 1 44
+ 1 49
+ 1 47
+ 1 54
+ 1 242
+ 1 32
+ 1 233
+ 1 140
+ 1 143
+ 1 64
+ 1 232
+ 1 208
+ 1 3
+ 1 187
+ 1 141
+ 1 114
+ 1 112
+ 1 65
+ 1 21
+ 1 235
+ 1 55
+ 1 209
+ 1 193
+ 1 86
+ 1 185
+ 1 122
+ 1 16
+ 1 50
+ 1 20
+ 1 238
+ 1 90
+ 1 53
+ 1 152
+ 1 67
+ 1 81
+ 1 52
+ 1 98
+ 1 8
+ 1 37
+ 1 137
+ 1 229
+ 1 142
+ 1 164
+ 1 126
+ 1 59
+ 1 39
+ 1 40
+ 1 188
+ 1 7
+ 1 71
+ 1 100
+ 1 167
+ 1 177
+ 1 19
+ 1 113
+ 1 115
+ 1 62
+ 1 84
+ 1 144
+ 1 206
+ 1 181
+ 1 174
+ 1 199
+ 1 147
+ 1 169
+ 1 231
+ 1 46
+ 1 249
+ 1 157
+ 1 68
+ 1 228
+ 1 108
+ 1 132
+ 1 33
+ 1 216
+ 1 109
+ 1 178
+ 1 173
+ 1 38
+ 1 22
+ 1 80
+ 1 210
+ 1 200
+ 1 240
+ 1 225
+ 1 75
+ 1 212
+ 1 145
+ 1 165
+ 1 130
+ 1 205
+ 1 138
+ 1 121
+ 1 182
+ 1 153
+ 1 31
+ 1 161
+ 1 83
+ 1 4
+ 1 12
+ 1 35
+ 1 92
+ 1 29
+ 1 175
+ 1 56
+ 1 116
+ 1 213
+ 1 76
+ 1 45
+ 1 13
+ 1 172
+ 1 48
+ 1 27
+ 1 170
+ 1 136
+ 1 192
+ 1 23
+ 1 237
+ 1 18
+ 1 30
+ 1 198
+ 1 163
+ 1 179
+ 1 107
+ 1 5
+ 1 150
+ 1 250
+ 1 72
+ 1 123
+ 1 104
+ 1 236
+ 1 73
+ 1 14
+ 1 160
- 2 135
- 2 224
- 2 86
- 2 154
- 2 215
- 2 150
- 3 187
- 3 146
- 3 61
- 3 123
- 3 208
- 3 16
- 3 45
- 3 246
- 4 83
- 4 119
- 4 67
- 4 248
- 4 195
- 5 187
- 5 248
- 5 229
- 6 220
- 6 36
- 6 178
- 6 246
- 6 25
- 7 188
- 7 71
- 7 153
- 7 36
- 7 43
- 8 37
- 8 98
- 8 154
- 8 18
- 8 245
- 8 241
- 8 140
- 9 189
- 9 221
- 9 57
- 9 102
- 9 171
- 9 28
- 9 144
- 9 128
- 9 198
- 9 216
- 9 76
- 10 248
- 10 133
- 10 171
- 10 105
- 10 190
- 10 68
- 11 57
- 11 25
- 11 241
- 11 178
- 11 26
- 11 20
- 11 174
- 11 51
- 12 87
- 12 35
- 12 134
- 12 29
- 12 67
- 12 101
- 12 83
- 12 136
- 13 219
- 13 197
- 13 118
- 13 49
- 14 186
- 14 73
- 14 101
- 15 146
- 15 117
- 15 29
- 15 35
- 15 215
- 15 23
- 15 176
- 15 159
- 15 202
- 15 189
- 15 83
- 15 68
- 16 50
- 16 122
- 16 121
- 16 191
- 16 62
- 16 120
- 16 61
- 16 57
- 16 48
- 17 222
- 17 58
- 17 211
- 17 176
- 17 238
- 17 192
- 17 189
- 17 250
- 17 120
- 17 115
- 17 170
- 17 247
- 17 177
- 17 69
- 18 148
- 18 249
- 18 82
- 19 113
- 19 102
- 19 29
- 19 219
- 19 138
- 19 167
- 19 66
- 19 125
- 19 227
- 19 192
- 19 90
- 20 223
- 20 50
- 20 238
- 21 65
- 21 49
- 21 235
- 21 63
- 21 118
- 21 105
- 21 95
- 21 136
- 21 200
- 21 25
- 21 201
- 22 36
- 22 114
- 22 38
- 22 32
- 22 55
- 22 235
- 22 88
- 23 54
- 23 43
- 23 246
- 23 237
- 23 200
- 24 79
- 24 99
- 24 217
- 24 246
- 24 28
- 24 81
- 24 239
- 24 158
- 24 58
- 24 51
- 24 169
- 24 231
- 25 190
- 25 206
- 25 41
- 25 39
- 25 83
- 26 243
- 26 221
- 26 90
- 26 156
- 26 207
- 26 84
- 26 213
- 27 48
- 27 228
- 27 119
- 27 63
- 27 103
- 27 64
- 27 185
- 27 191
- 27 158
- 27 220
- 27 93
- 28 224
- 28 106
- 28 237
- 28 204
- 28 245
- 28 71
- 28 132
- 28 142
- 29 168
- 29 175
- 30 231
- 30 198
- 30 242
- 30 135
- 30 118
- 31 91
- 31 247
- 31 40
- 31 153
- 31 49
- 31 44
- 31 60
- 32 242
- 32 58
- 32 233
- 32 195
- 32 147
- 33 108
- 33 70
- 33 180
- 33 141
- 34 43
- 34 162
- 34 141
- 34 107
- 34 45
- 34 238
- 34 146
- 35 41
- 35 214
- 35 184
- 35 246
- 35 92
- 35 134
- 35 68
- 35 199
- 35 102
- 36 129
- 36 119
- 36 66
- 36 170
- 36 242
- 36 190
- 36 101
- 37 137
- 37 167
- 37 66
- 37 53
- 37 84
- 37 44
- 37 195
- 38 137
- 38 173
- 38 97
- 39 94
- 39 96
- 39 42
- 39 112
- 39 59
- 40 188
- 40 46
- 40 229
- 40 105
- 40 141
- 41 88
- 41 201
- 41 63
- 41 137
- 41 238
- 41 101
- 41 161
- 41 126
- 41 99
- 42 211
- 42 220
- 42 198
- 42 52
- 42 201
- 43 161
- 43 249
- 43 219
- 43 98
- 43 218
- 43 150
- 43 160
- 43 145
- 44 49
- 44 246
- 44 178
- 44 134
- 44 180
- 44 196
- 44 79
- 44 192
- 44 127
- 45 76
- 45 180
- 45 144
- 45 135
- 45 195
- 45 197
- 46 231
- 46 223
- 46 195
- 46 249
- 46 210
- 46 229
- 47 49
- 47 222
- 47 54
- 47 130
- 48 176
- 48 86
- 48 122
- 48 170
- 48 175
- 48 152
- 49 195
- 49 55
- 49 66
- 49 230
- 49 142
- 49 198
- 50 77
- 50 225
- 51 191
- 51 195
- 51 91
- 51 237
- 51 238
- 52 234
- 52 81
- 52 202
- 52 120
- 52 235
- 52 98
- 52 88
- 53 204
- 53 158
- 53 90
- 53 152
- 53 169
- 53 244
- 53 107
- 54 242
- 55 235
- 55 209
- 55 211
- 55 218
- 56 200
- 56 195
- 56 175
- 56 94
- 56 116
- 57 244
- 57 235
- 57 215
- 57 116
- 57 80
- 57 137
- 58 196
- 58 82
- 58 233
- 58 225
- 58 152
- 58 214
- 58 199
- 59 248
- 59 110
- 59 69
- 59 126
- 59 96
- 59 95
- 59 232
- 59 60
- 60 159
- 60 244
- 60 169
- 60 104
- 60 235
- 61 102
- 61 248
- 61 128
- 61 141
- 61 122
- 61 109
- 61 164
- 61 94
- 61 75
- 61 108
- 62 115
- 62 84
- 62 229
- 63 156
- 63 246
- 63 66
- 63 73
- 63 230
- 64 232
- 64 200
- 64 183
- 64 143
- 64 140
- 64 128
- 64 162
- 64 67
- 65 203
- 65 112
- 65 70
- 65 204
- 66 77
- 66 218
- 66 185
- 66 150
- 66 69
- 67 131
- 67 119
- 67 163
- 67 152
- 67 188
- 67 80
- 68 218
- 68 157
- 68 228
- 68 89
- 68 243
- 68 208
- 69 97
- 69 85
- 69 185
- 69 159
- 69 194
- 70 82
- 70 127
- 70 107
- 70 173
- 70 92
- 70 134
- 71 100
- 71 107
- 71 161
- 71 102
- 72 114
- 72 93
- 72 168
- 73 166
- 73 135
- 74 202
- 74 226
- 74 198
- 74 91
- 74 224
- 74 109
- 74 225
- 74 217
- 74 227
- 74 168
- 74 110
- 75 225
- 75 226
- 75 196
- 75 194
- 75 212
- 75 86
- 75 118
- 76 175
- 77 155
- 77 78
- 77 203
- 77 194
- 78 89
- 78 151
- 78 222
- 78 185
- 78 227
- 78 191
- 79 118
- 79 186
- 79 145
- 79 204
- 80 210
- 80 178
- 80 200
- 80 243
- 81 195
- 81 131
- 81 235
- 81 223
- 81 203
- 81 190
- 81 220
- 81 229
- 82 87
- 82 143
- 82 133
- 82 156
- 82 182
- 82 233
- 83 84
- 83 151
- 83 101
- 83 165
- 84 190
- 84 144
- 84 172
- 84 216
- 84 125
- 85 148
- 85 188
- 85 135
- 85 211
- 86 185
- 86 193
- 86 196
- 86 120
- 86 92
- 86 166
- 87 153
- 87 124
- 87 138
- 87 219
- 87 102
- 87 123
- 88 154
- 88 220
- 88 94
- 88 180
- 88 230
- 88 185
- 88 96
- 88 236
- 88 237
- 89 95
- 89 221
- 89 173
- 89 133
- 89 147
- 89 115
- 89 172
- 90 117
- 90 238
- 90 246
- 91 203
- 91 93
- 91 105
- 91 140
- 91 153
- 91 107
- 93 146
- 93 107
- 93 147
- 93 184
- 94 168
- 94 225
- 94 215
- 94 105
- 94 182
- 94 197
- 94 136
- 94 174
- 94 203
- 95 227
- 95 213
- 95 122
- 95 202
- 96 184
- 96 200
- 96 189
- 96 226
- 96 146
- 96 248
- 96 243
- 97 129
- 97 127
- 97 118
- 97 133
- 97 208
- 97 213
- 99 110
- 99 149
- 100 167
- 100 113
- 100 118
- 100 168
- 100 153
- 101 118
- 101 128
- 101 203
- 101 149
- 102 211
- 102 157
- 102 188
- 102 128
- 102 143
- 103 223
- 103 245
- 103 234
- 103 187
- 104 123
- 104 244
- 104 159
- 105 246
- 105 143
- 105 118
- 106 158
- 106 119
- 107 246
- 107 144
- 107 152
- 108 228
- 108 132
- 108 188
- 108 216
- 108 176
- 108 120
- 108 169
- 109 216
- 109 196
- 109 178
- 110 204
- 110 221
- 110 234
- 110 200
- 110 151
- 111 204
- 111 125
- 111 134
- 111 133
- 111 116
- 112 114
- 112 209
- 112 203
- 112 139
- 112 241
- 112 220
- 113 241
- 113 115
- 114 141
- 114 191
- 115 155
- 115 141
- 115 210
- 115 184
- 115 231
- 115 203
- 116 213
- 117 226
- 117 188
- 117 242
- 117 186
- 117 230
- 117 222
- 118 231
- 118 167
- 118 119
- 118 230
- 118 147
- 118 200
- 119 234
- 119 221
- 119 242
- 119 218
- 119 220
- 120 194
- 120 124
- 120 229
- 120 130
- 120 215
- 120 248
- 121 182
- 121 211
- 121 205
- 121 159
- 121 194
- 122 185
- 122 183
- 122 209
- 124 227
- 125 194
- 125 219
- 125 199
- 125 207
- 125 191
- 126 164
- 127 161
- 128 220
- 128 142
- 129 134
- 130 165
- 130 205
- 130 239
- 130 153
- 130 243
- 130 180
- 130 161
- 131 138
- 131 220
- 132 218
- 133 217
- 133 223
- 133 240
- 134 248
- 134 158
- 134 138
- 134 140
- 135 149
- 135 196
- 135 153
- 137 229
- 137 239
- 137 237
- 137 215
- 137 214
- 138 235
- 138 205
- 139 215
- 139 183
- 139 153
- 139 224
- 139 246
- 139 247
- 139 192
- 140 143
- 140 233
- 140 188
- 140 199
- 141 184
- 141 187
- 141 199
- 141 219
- 142 164
- 142 229
- 142 195
- 143 198
- 144 206
- 144 199
- 144 163
- 144 218
- 144 168
- 144 196
- 145 165
- 145 197
- 145 222
- 145 221
- 145 212
- 146 246
- 147 207
- 147 199
- 148 241
- 148 181
- 148 213
- 148 158
- 148 168
- 150 246
- 150 224
- 150 230
- 151 191
- 151 154
- 153 221
- 153 229
- 154 166
- 154 168
- 154 227
- 154 165
- 155 241
- 155 240
- 156 223
- 157 242
- 157 249
- 157 215
- 158 240
- 158 217
- 158 243
- 158 201
- 158 160
- 159 162
- 159 219
- 159 197
- 159 198
- 160 222
- 160 186
- 160 239
- 161 218
- 161 247
- 162 181
- 163 214
- 163 179
- 164 195
- 165 202
- 165 192
- 166 239
- 166 192
- 166 187
- 166 170
- 167 177
- 167 187
- 167 168
- 167 189
- 167 228
- 168 203
- 168 222
- 168 172
- 169 207
- 169 231
- 169 228
- 170 188
- 170 215
- 170 222
- 171 190
- 171 214
- 171 193
- 171 229
- 172 188
- 172 197
- 172 225
- 173 246
- 173 178
- 174 206
- 175 204
- 175 234
- 175 190
- 176 186
- 176 202
- 176 177
- 176 223
- 176 207
- 176 242
- 177 214
- 177 238
- 177 247
- 177 215
- 177 209
- 177 184
- 178 248
- 178 235
- 178 247
- 179 190
- 179 241
- 181 241
- 181 196
- 181 206
- 181 245
- 181 202
- 182 193
- 183 214
- 183 230
- 183 196
- 183 208
- 184 234
- 184 209
- 185 250
- 185 225
- 186 221
- 186 225
- 187 242
- 189 215
- 189 202
- 190 250
- 191 199
- 192 225
- 192 245
- 193 209
- 194 245
- 194 217
- 195 201
- 196 218
- 196 210
- 197 218
- 197 233
- 199 207
- 199 242
- 199 243
- 200 240
- 200 214
- 201 238
- 201 230
- 201 245
- 202 205
- 202 213
- 202 229
- 203 232
- 203 210
- 204 248
- 205 247
- 207 224
- 207 240
- 207 225
- 208 232
- 208 230
- 210 241
- 210 242
- 210 232
- 212 234
- 213 225
- 214 242
- 214 219
- 215 230
- 215 243
- 217 250
- 220 240
- 220 238
- 221 231
- 222 247
- 223 226
- 223 234
- 225 247
- 225 240
- 228 231
- 230 238
- 233 235
- 236 239
- 238 245
- 239 243
- 247 248
+ 243 245
+ 240 241
+ 237 243
+ 232 246
+ 231 241
+ 230 232
+ 227 239
+ 227 247
+ 227 228
+ 226 232
+ 225 227
+ 225 245
+ 225 229
+ 222 237
+ 222 248
+ 222 228
+ 220 228
+ 218 244
+ 218 231
+ 215 237
+ 215 249
+ 215 236
+ 214 217
+ 214 235
+ 213 229
+ 213 233
+ 211 242
+ 211 220
+ 209 235
+ 208 220
+ 207 209
+ 206 227
+ 205 214
+ 205 224
+ 205 218
+ 203 236
+ 203 205
+ 202 214
+ 202 216
+ 201 235
+ 200 231
+ 200 228
+ 199 218
+ 199 239
+ 198 222
+ 197 207
+ 197 227
+ 197 220
+ 196 208
+ 196 232
+ 196 211
+ 196 224
+ 194 208
+ 194 211
+ 194 222
+ 192 239
+ 191 240
+ 191 196
+ 191 241
+ 190 215
+ 190 211
+ 189 248
+ 188 247
+ 188 191
+ 187 220
+ 187 188
+ 185 200
+ 185 240
+ 184 212
+ 184 229
+ 184 227
+ 183 196
+ 183 237
+ 182 224
+ 182 222
+ 180 231
+ 180 244
+ 179 223
+ 178 227
+ 177 184
+ 177 185
+ 177 235
+ 176 225
+ 175 180
+ 175 189
+ 174 221
+ 174 180
+ 173 233
+ 172 194
+ 172 182
+ 171 225
+ 171 236
+ 170 206
+ 170 218
+ 170 173
+ 170 231
+ 170 185
+ 169 171
+ 168 244
+ 168 209
+ 168 214
+ 167 188
+ 167 213
+ 167 193
+ 166 188
+ 166 167
+ 166 218
+ 166 197
+ 166 210
+ 165 208
+ 165 176
+ 165 175
+ 165 207
+ 165 180
+ 164 233
+ 164 186
+ 164 177
+ 164 221
+ 164 203
+ 164 201
+ 164 182
+ 163 175
+ 163 198
+ 162 188
+ 162 247
+ 162 195
+ 161 241
+ 161 214
+ 161 180
+ 160 191
+ 160 175
+ 160 214
+ 159 215
+ 159 198
+ 159 162
+ 158 198
+ 157 246
+ 157 220
+ 155 184
+ 155 232
+ 154 201
+ 154 220
+ 154 190
+ 153 182
+ 152 224
+ 152 200
+ 152 210
+ 152 241
+ 151 194
+ 151 192
+ 151 181
+ 151 244
+ 151 234
+ 151 241
+ 151 232
+ 150 240
+ 150 194
+ 150 151
+ 150 229
+ 149 153
+ 148 157
+ 148 184
+ 148 183
+ 148 195
+ 147 217
+ 147 238
+ 146 168
+ 146 217
+ 146 164
+ 145 213
+ 144 248
+ 144 247
+ 144 171
+ 144 151
+ 143 198
+ 143 203
+ 143 220
+ 142 152
+ 142 179
+ 142 185
+ 142 240
+ 141 219
+ 141 145
+ 140 166
+ 140 185
+ 140 202
+ 140 169
+ 139 206
+ 138 207
+ 137 229
+ 136 168
+ 135 182
+ 135 246
+ 135 189
+ 135 157
+ 135 181
+ 135 193
+ 134 194
+ 134 150
+ 133 217
+ 133 239
+ 133 225
+ 132 245
+ 132 205
+ 131 167
+ 130 203
+ 130 184
+ 130 218
+ 130 164
+ 130 235
+ 129 162
+ 129 141
+ 129 142
+ 129 130
+ 129 175
+ 128 204
+ 128 185
+ 128 203
+ 127 224
+ 127 201
+ 127 221
+ 127 222
+ 126 242
+ 126 215
+ 126 213
+ 125 197
+ 125 179
+ 125 248
+ 125 210
+ 124 146
+ 124 202
+ 123 152
+ 123 159
+ 123 215
+ 123 243
+ 122 218
+ 122 163
+ 121 126
+ 121 216
+ 121 174
+ 121 248
+ 120 133
+ 120 229
+ 119 194
+ 119 234
+ 119 169
+ 119 122
+ 118 157
+ 118 131
+ 118 244
+ 117 199
+ 116 143
+ 116 218
+ 116 138
+ 116 191
+ 116 240
+ 116 141
+ 115 162
+ 115 140
+ 115 193
+ 115 212
+ 115 184
+ 114 245
+ 114 165
+ 114 159
+ 114 238
+ 114 181
+ 114 120
+ 113 188
+ 113 203
+ 112 168
+ 112 177
+ 112 161
+ 111 123
+ 111 145
+ 111 179
+ 111 133
+ 111 241
+ 110 248
+ 110 215
+ 110 162
+ 110 173
+ 110 153
+ 110 172
+ 110 204
+ 110 226
+ 110 144
+ 109 200
+ 109 131
+ 109 208
+ 109 239
+ 109 238
+ 109 130
+ 109 145
+ 108 121
+ 108 209
+ 107 128
+ 107 119
+ 107 202
+ 107 162
+ 107 199
+ 107 126
+ 107 143
+ 106 138
+ 106 153
+ 106 248
+ 106 142
+ 106 107
+ 105 148
+ 105 181
+ 105 242
+ 105 124
+ 104 200
+ 104 199
+ 104 203
+ 104 207
+ 104 118
+ 103 177
+ 103 135
+ 103 232
+ 103 199
+ 103 152
+ 103 184
+ 102 130
+ 102 207
+ 102 249
+ 102 215
+ 102 219
+ 101 229
+ 101 130
+ 101 235
+ 101 228
+ 100 117
+ 100 184
+ 100 146
+ 100 234
+ 100 207
+ 100 185
+ 100 118
+ 100 200
+ 100 203
+ 100 211
+ 99 196
+ 99 125
+ 99 119
+ 99 216
+ 99 235
+ 99 116
+ 98 115
+ 98 241
+ 97 207
+ 97 109
+ 97 220
+ 96 98
+ 96 111
+ 96 208
+ 96 199
+ 96 145
+ 96 129
+ 96 218
+ 95 176
+ 95 125
+ 95 213
+ 95 195
+ 94 125
+ 94 107
+ 94 230
+ 94 202
+ 93 231
+ 93 229
+ 93 98
+ 93 166
+ 93 184
+ 93 123
+ 92 204
+ 92 234
+ 92 222
+ 92 201
+ 92 239
+ 91 138
+ 91 250
+ 91 182
+ 91 189
+ 90 188
+ 90 112
+ 90 186
+ 90 249
+ 90 233
+ 90 159
+ 89 114
+ 89 211
+ 89 229
+ 89 158
+ 88 247
+ 88 184
+ 88 93
+ 88 194
+ 88 96
+ 88 148
+ 88 217
+ 88 108
+ 87 247
+ 87 129
+ 87 134
+ 87 241
+ 87 178
+ 86 193
+ 86 214
+ 86 151
+ 86 217
+ 86 174
+ 85 176
+ 85 213
+ 85 150
+ 85 132
+ 85 242
+ 85 208
+ 85 113
+ 85 135
+ 85 216
+ 84 106
+ 84 127
+ 84 244
+ 84 110
+ 83 143
+ 83 157
+ 83 158
+ 83 167
+ 83 114
+ 83 118
+ 83 229
+ 83 169
+ 82 193
+ 82 85
+ 82 173
+ 81 218
+ 81 236
+ 81 165
+ 81 160
+ 80 211
+ 80 175
+ 80 246
+ 80 99
+ 80 222
+ 80 221
+ 80 233
+ 80 220
+ 79 190
+ 79 215
+ 79 194
+ 79 102
+ 79 225
+ 79 123
+ 79 154
+ 78 113
+ 78 239
+ 78 170
+ 78 198
+ 78 94
+ 78 232
+ 78 119
+ 78 117
+ 78 243
+ 78 178
+ 78 237
+ 77 161
+ 77 217
+ 77 229
+ 76 145
+ 76 137
+ 75 174
+ 75 224
+ 75 246
+ 75 161
+ 74 170
+ 74 188
+ 74 122
+ 74 198
+ 74 218
+ 74 229
+ 73 147
+ 73 241
+ 73 183
+ 73 84
+ 73 222
+ 73 215
+ 73 221
+ 72 131
+ 72 147
+ 72 83
+ 71 88
+ 71 130
+ 71 164
+ 71 224
+ 70 124
+ 70 160
+ 70 237
+ 70 88
+ 70 106
+ 70 244
+ 69 237
+ 69 164
+ 69 227
+ 69 87
+ 69 140
+ 68 176
+ 68 79
+ 68 242
+ 68 123
+ 67 73
+ 67 176
+ 67 169
+ 67 115
+ 67 229
+ 67 168
+ 67 149
+ 67 89
+ 66 169
+ 66 98
+ 66 69
+ 66 158
+ 66 203
+ 66 88
+ 66 229
+ 66 245
+ 65 80
+ 65 186
+ 65 99
+ 65 179
+ 65 161
+ 64 91
+ 64 230
+ 64 124
+ 64 98
+ 64 72
+ 64 109
+ 64 173
+ 64 226
+ 64 196
+ 64 242
+ 64 205
+ 63 80
+ 63 84
+ 63 213
+ 63 150
+ 63 188
+ 63 228
+ 63 225
+ 63 102
+ 62 175
+ 62 85
+ 62 64
+ 62 185
+ 62 132
+ 62 196
+ 61 206
+ 61 88
+ 61 106
+ 61 182
+ 61 245
+ 61 205
+ 61 63
+ 60 239
+ 60 238
+ 60 206
+ 59 110
+ 59 69
+ 59 179
+ 58 208
+ 58 158
+ 57 81
+ 57 175
+ 57 107
+ 57 87
+ 57 98
+ 57 118
+ 57 169
+ 56 115
+ 56 239
+ 56 93
+ 56 68
+ 56 191
+ 56 140
+ 55 93
+ 55 225
+ 55 176
+ 55 194
+ 55 189
+ 55 157
+ 55 119
+ 54 143
+ 54 148
+ 54 180
+ 54 206
+ 54 127
+ 53 77
+ 53 213
+ 53 113
+ 53 55
+ 53 99
+ 53 93
+ 53 179
+ 52 115
+ 52 230
+ 52 123
+ 52 246
+ 52 114
+ 52 147
+ 52 113
+ 52 134
+ 52 169
+ 51 71
+ 51 85
+ 51 80
+ 51 60
+ 51 84
+ 51 133
+ 51 125
+ 50 62
+ 50 181
+ 50 224
+ 50 225
+ 50 147
+ 50 137
+ 50 174
+ 50 235
+ 49 59
+ 49 213
+ 49 191
+ 49 119
+ 48 236
+ 48 233
+ 48 128
+ 48 95
+ 48 55
+ 47 136
+ 47 111
+ 47 248
+ 47 216
+ 47 160
+ 46 83
+ 46 123
+ 46 184
+ 46 92
+ 46 49
+ 46 174
+ 46 68
+ 46 74
+ 45 69
+ 45 72
+ 45 81
+ 45 107
+ 45 162
+ 45 192
+ 44 208
+ 44 229
+ 44 192
+ 44 138
+ 44 124
+ 44 152
+ 44 158
+ 43 188
+ 43 166
+ 43 62
+ 43 145
+ 43 125
+ 43 83
+ 43 204
+ 43 59
+ 43 84
+ 43 85
+ 43 175
+ 43 222
+ 42 186
+ 42 147
+ 42 224
+ 42 149
+ 42 187
+ 42 66
+ 42 207
+ 42 125
+ 42 199
+ 41 60
+ 41 116
+ 41 230
+ 41 75
+ 41 94
+ 41 219
+ 41 81
+ 40 222
+ 40 246
+ 40 82
+ 40 135
+ 40 248
+ 40 167
+ 40 78
+ 40 151
+ 40 204
+ 40 176
+ 40 210
+ 40 226
+ 39 99
+ 39 213
+ 39 112
+ 39 148
+ 39 124
+ 39 208
+ 39 53
+ 39 57
+ 39 155
+ 38 55
+ 38 239
+ 38 153
+ 38 60
+ 38 63
+ 38 199
+ 38 248
+ 38 195
+ 38 47
+ 37 64
+ 37 66
+ 37 219
+ 37 235
+ 37 245
+ 36 220
+ 36 193
+ 36 156
+ 36 201
+ 36 132
+ 36 94
+ 36 185
+ 35 193
+ 35 235
+ 35 172
+ 35 111
+ 34 162
+ 34 188
+ 34 138
+ 34 46
+ 34 239
+ 34 200
+ 34 229
+ 34 166
+ 33 65
+ 33 51
+ 33 76
+ 33 41
+ 33 88
+ 33 128
+ 33 81
+ 33 249
+ 33 105
+ 32 159
+ 32 176
+ 32 120
+ 32 187
+ 32 39
+ 32 107
+ 32 104
+ 32 51
+ 32 198
+ 32 62
+ 31 206
+ 31 52
+ 31 67
+ 31 211
+ 31 45
+ 31 222
+ 31 226
+ 31 160
+ 30 128
+ 30 240
+ 30 223
+ 30 242
+ 29 31
+ 29 148
+ 29 213
+ 29 117
+ 29 116
+ 28 161
+ 28 183
+ 28 33
+ 28 74
+ 28 96
+ 28 109
+ 28 121
+ 28 179
+ 28 124
+ 28 49
+ 27 134
+ 27 143
+ 27 191
+ 27 83
+ 27 214
+ 27 142
+ 27 85
+ 27 103
+ 26 107
+ 26 81
+ 26 103
+ 26 167
+ 26 210
+ 26 233
+ 26 188
+ 26 173
+ 26 75
+ 25 169
+ 25 144
+ 25 62
+ 25 78
+ 25 211
+ 24 169
+ 24 145
+ 24 34
+ 24 68
+ 24 80
+ 24 25
+ 24 65
+ 23 91
+ 23 222
+ 23 62
+ 23 204
+ 23 43
+ 23 58
+ 23 88
+ 22 105
+ 22 244
+ 22 227
+ 22 210
+ 22 74
+ 21 224
+ 21 128
+ 21 150
+ 21 136
+ 20 118
+ 20 89
+ 20 189
+ 20 177
+ 20 24
+ 20 96
+ 20 234
+ 20 107
+ 19 169
+ 19 223
+ 19 82
+ 19 157
+ 19 177
+ 19 133
+ 19 58
+ 19 92
+ 19 199
+ 19 130
+ 19 119
+ 18 56
+ 18 178
+ 18 156
+ 18 211
+ 18 182
+ 18 24
+ 18 216
+ 18 81
+ 18 236
+ 18 128
+ 18 65
+ 18 59
+ 17 137
+ 17 62
+ 17 112
+ 17 97
+ 17 157
+ 17 240
+ 17 139
+ 17 171
+ 17 124
+ 17 228
+ 16 71
+ 16 135
+ 16 98
+ 16 234
+ 16 180
+ 16 113
+ 15 156
+ 15 48
+ 15 197
+ 15 160
+ 15 177
+ 14 222
+ 14 149
+ 14 241
+ 14 208
+ 14 54
+ 14 132
+ 14 120
+ 14 53
+ 14 16
+ 13 107
+ 13 53
+ 13 18
+ 13 28
+ 13 185
+ 13 242
+ 13 216
+ 13 243
+ 13 211
+ 12 235
+ 12 54
+ 12 43
+ 12 223
+ 12 218
+ 12 208
+ 12 69
+ 11 236
+ 11 85
+ 11 13
+ 11 55
+ 11 45
+ 11 247
+ 11 173
+ 10 29
+ 10 221
+ 10 130
+ 10 93
+ 10 164
+ 10 188
+ 9 242
+ 9 56
+ 9 18
+ 9 184
+ 9 218
+ 9 158
+ 9 17
+ 8 17
+ 8 89
+ 8 114
+ 8 189
+ 8 210
+ 8 64
+ 8 218
+ 7 162
+ 7 27
+ 7 39
+ 7 170
+ 7 228
+ 7 155
+ 7 15
+ 7 180
+ 6 201
+ 6 202
+ 6 218
+ 6 212
+ 6 220
+ 6 100
+ 6 133
+ 5 243
+ 5 51
+ 5 42
+ 5 65
+ 5 188
+ 5 63
+ 5 239
+ 5 160
+ 5 118
+ 4 94
+ 4 221
+ 4 74
+ 4 249
+ 4 107
+ 4 148
+ 4 216
+ 4 32
+ 4 165
+ 4 100
+ 3 147
+ 3 209
+ 3 54
+ 3 60
+ 3 249
+ 2 197
+ 2 22
+ 2 108
+ 2 106
+ 2 36
+ 2 51
+ 2 50
+ 2 142
+ 2 59
- 1 186
- 1 187
- 1 13
- 1 97
- 1 231
- 1 170
- 1 77
- 1 101
- 1 130
- 1 141
- 1 37
- 1 181
- 1 143
- 1 72
- 1 83
- 1 57
- 1 98
- 1 146
- 1 84
- 1 5
- 1 190
- 1 154
- 1 79
- 1 176
- 1 225
- 1 138
- 1 250
- 1 91
- 1 149
- 1 153
- 1 182
- 1 61
- 1 63
- 1 38
- 1 121
- 1 248
- 1 189
- 1 234
- 1 20
- 1 89
- 1 67
- 1 204
- 1 208
- 1 69
- 1 12
- 1 223
- 1 128
- 1 21
- 1 136
- 1 168
- 1 214
- 1 156
- 1 132
- 1 36
- 1 230
- 1 94
- 1 202
- 1 6
- 1 212
- 1 115
- 1 193
- 1 135
- 1 246
- 1 75
- 1 26
- 1 81
- 1 41
- 1 219
- 1 102
- 1 215
- 1 221
- 1 73
- 1 183
- 1 148
- 1 54
- 1 3
- 1 249
- 1 33
- 1 76
- 1 137
- 1 50
- 1 174
- 1 86
- 1 217
- 1 147
- 1 238
- 1 60
- 1 206
- 1 139
- 1 9
- 1 17
- 1 124
- 1 105
- 1 22
- 1 74
- 1 46
- 1 49
- 1 28
- 1 179
- 1 53
- 1 14
- 1 113
- 1 203
- 1 104
- 1 207
- 1 197
- 1 15
- 1 7
- 1 180
- 1 165
- 1 4
- 1 100
- 1 200
- 1 152
- 1 44
- 1 158
- 1 58
- 1 23
- 1 43
- 1 175
- 1 129
- 1 96
- 1 145
- 1 109
- 1 131
- 1 118
- 1 244
- 1 70
- 1 106
- 1 107
- 1 213
- 1 29
- 1 117
- 1 199
- 1 42
- 1 125
- 1 51
- 1 133
- 1 120
- 1 114
- 1 159
- 1 90
- 1 233
- 1 80
- 1 116
- 1 240
- 1 185
- 1 177
- 1 112
- 1 161
- 1 65
- 1 24
- 1 25
- 1 211
- 1 194
- 1 222
- 1 127
- 1 201
- 1 235
- 1 209
- 1 108
- 1 88
- 1 66
- 1 245
- 1 243
- 1 237
- 1 78
- 1 178
- 1 87
- 1 247
- 1 11
- 1 173
- 1 82
- 1 85
- 1 47
- 1 160
- 1 31
- 1 226
- 1 40
- 1 210
- 1 8
- 1 218
- 1 205
- 1 64
- 1 242
- 1 68
- 1 123
- 1 93
- 1 166
- 1 34
- 1 229
- 1 150
- 1 134
- 1 52
- 1 169
- 1 140
- 1 56
- 1 191
- 1 188
- 1 10
- 1 71
- 1 224
- 1 196
- 1 62
- 1 32
- 1 198
- 1 163
- 1 122
- 1 119
- 1 19
- 1 92
- 1 239
- 1 192
- 1 45
- 1 162
- 1 195
- 1 95
- 1 48
- 1 55
- 1 157
- 1 220
- 1 228
- 1 227
- 1 184
- 1 103
- 1 27
- 1 142
- 1 2
- 1 59
- 1 18
- 1 236
- 1 171
- 1 144
- 1 110
- 1 35
- 1 111
- 1 241
- 1 151
- 1 232
- 155 1
