2408
+ 1 173
+ 1 188
+ 1 135
+ 1 192
+ 1 114
+ 1 43
+ 1 213
+ 1 4
+ 1 93
+ 1 212
+ 1 209
+ 1 230
+ 1 77
+ 1 205
+ 1 233
+ 1 82
+ 1 120
+ 1 106
+ 1 123
+ 1 95
+ 1 51
+ 1 163
+ 1 137
+ 1 244
+ 1 74
+ 1 68
+ 1 111
+ 1 218
+ 1 139
+ 1 152
+ 1 23
+ 1 246
+ 1 178
+ 1 10
+ 1 207
+ 1 52
+ 1 131
+ 1 11
+ 1 97
+ 1 103
+ 1 202
+ 1 187
+ 1 150
+ 1 172
+ 1 58
+ 1 199
+ 1 88
+ 1 141
+ 1 220
+ 1 29
+ 1 216
+ 1 238
+ 1 70
+ 1 236
+ 1 19
+ 1 189
+ 1 166
+ 1 44
+ 1 39
+ 1 198
+ 1 75
+ 1 183
+ 1 3
+ 1 221
+ 1 148
+ 1 42
+ 1 9
+ 1 36
+ 1 149
+ 1 156
+ 1 162
+ 1 38
+ 1 115
+ 1 197
+ 1 60
+ 1 109
+ 1 40
+ 1 196
+ 1 76
+ 1 194
+ 1 96
+ 1 153
+ 1 159
+ 1 54
+ 1 174
+ 1 81
+ 1 112
+ 1 73
+ 1 222
+ 1 206
+ 1 98
+ 1 12
+ 1 8
+ 1 211
+ 1 232
+ 1 208
+ 1 78
+ 1 176
+ 1 83
+ 1 142
+ 1 72
+ 1 143
+ 1 167
+ 1 245
+ 1 132
+ 1 32
+ 1 119
+ 1 62
+ 1 85
+ 1 21
+ 1 105
+ 1 147
+ 1 116
+ 1 151
+ 1 190
+ 1 157
+ 1 184
+ 1 33
+ 1 5
+ 1 7
+ 1 225
+ 1 138
+ 1 223
+ 1 63
+ 1 136
+ 1 155
+ 1 25
+ 1 49
+ 1 210
+ 1 59
+ 1 67
+ 1 237
+ 1 133
+ 1 121
+ 1 170
+ 1 160
+ 1 101
+ 1 15
+ 1 128
+ 1 48
+ 1 35
+ 1 217
+ 1 127
+ 1 27
+ 1 92
+ 1 227
+ 1 17
+ 1 100
+ 1 14
+ 1 242
+ 1 102
+ 1 86
+ 1 55
+ 1 130
+ 1 118
+ 1 16
+ 1 164
+ 1 200
+ 1 22
+ 1 179
+ 1 24
+ 1 191
+ 1 158
+ 1 30
+ 1 124
+ 1 94
+ 1 64
+ 1 71
+ 1 91
+ 1 201
+ 1 31
+ 1 224
+ 1 214
+ 1 53
+ 1 104
+ 1 168
+ 1 37
+ 1 126
+ 1 186
+ 1 171
+ 1 234
+ 1 45
+ 1 66
+ 1 13
+ 1 79
+ 1 226
+ 1 231
+ 1 2
+ 1 18
+ 1 247
+ 1 89
+ 1 180
+ 1 65
+ 1 144
+ 1 26
+ 1 34
+ 1 228
+ 1 185
+ 1 122
+ 1 154
+ 1 240
+ 1 241
+ 1 169
+ 1 145
+ 1 181
+ 1 99
+ 1 215
+ 1 50
+ 1 84
+ 1 193
+ 1 129
+ 1 219
+ 1 69
+ 1 61
+ 1 87
+ 1 229
+ 1 177
+ 1 165
+ 1 113
+ 1 41
+ 1 107
+ 1 235
+ 1 108
+ 1 125
+ 1 117
+ 1 195
+ 1 90
+ 1 161
+ 1 57
+ 1 175
+ 1 46
+ 1 243
+ 1 239
+ 1 249
+ 1 80
+ 1 6
+ 1 110
+ 1 56
+ 1 248
+ 1 47
+ 1 182
+ 1 140
+ 1 203
+ 1 204
+ 1 28
+ 1 20
- 2 231
- 2 18
- 3 183
- 3 221
- 3 174
- 3 36
- 3 206
- 3 8
- 3 38
- 3 12
- 3 96
- 3 40
- 3 73
- 3 153
- 3 112
- 3 78
- 3 197
- 3 109
- 3 142
- 3 156
- 3 83
- 3 54
- 3 211
- 3 143
- 3 148
- 3 194
- 3 60
- 3 9
- 3 232
- 3 98
- 3 176
- 3 115
- 3 72
- 3 42
- 3 159
- 3 81
- 3 208
- 3 162
- 3 196
- 3 76
- 3 149
- 3 222
- 4 213
- 4 93
- 5 7
- 5 33
- 6 110
- 6 80
- 7 225
- 8 12
- 8 76
- 8 194
- 8 221
- 8 81
- 8 211
- 8 115
- 8 73
- 8 109
- 8 149
- 8 156
- 8 143
- 8 112
- 8 98
- 8 206
- 8 38
- 8 197
- 8 54
- 8 9
- 8 42
- 8 183
- 8 36
- 8 148
- 8 153
- 8 159
- 8 176
- 8 232
- 8 40
- 8 208
- 8 222
- 8 174
- 8 196
- 8 72
- 8 78
- 8 162
- 8 60
- 8 96
- 8 142
- 8 83
- 9 36
- 9 42
- 9 73
- 9 78
- 9 174
- 9 54
- 9 60
- 9 96
- 9 112
- 9 142
- 9 38
- 9 153
- 9 211
- 9 109
- 9 162
- 9 81
- 9 208
- 9 149
- 9 222
- 9 221
- 9 148
- 9 115
- 9 83
- 9 76
- 9 194
- 9 197
- 9 72
- 9 98
- 9 12
- 9 232
- 9 176
- 9 159
- 9 156
- 9 143
- 9 196
- 9 206
- 9 40
- 10 178
- 10 207
- 11 97
- 11 131
- 12 40
- 12 148
- 12 112
- 12 194
- 12 42
- 12 109
- 12 60
- 12 98
- 12 96
- 12 208
- 12 206
- 12 81
- 12 83
- 12 149
- 12 36
- 12 222
- 12 143
- 12 76
- 12 142
- 12 232
- 12 221
- 12 196
- 12 156
- 12 153
- 12 197
- 12 211
- 12 38
- 12 159
- 12 54
- 12 73
- 12 72
- 12 78
- 12 174
- 12 115
- 12 162
- 12 176
- 13 66
- 13 79
- 14 242
- 14 100
- 15 128
- 15 101
- 16 118
- 16 164
- 17 100
- 17 227
- 18 247
- 19 189
- 19 236
- 20 28
- 21 105
- 21 85
- 22 200
- 22 179
- 23 246
- 23 152
- 24 179
- 24 191
- 25 155
- 25 49
- 26 144
- 26 34
- 27 92
- 27 127
- 28 204
- 29 220
- 29 216
- 30 158
- 30 124
- 31 201
- 31 224
- 32 132
- 32 119
- 33 184
- 34 228
- 35 217
- 35 48
- 36 149
- 36 148
- 36 40
- 36 208
- 36 115
- 36 78
- 36 81
- 36 162
- 36 232
- 36 60
- 36 156
- 36 42
- 36 98
- 36 176
- 36 96
- 36 83
- 36 112
- 36 222
- 36 197
- 36 76
- 36 153
- 36 211
- 36 194
- 36 54
- 36 196
- 36 73
- 36 174
- 36 72
- 36 38
- 36 206
- 36 221
- 36 143
- 36 142
- 36 109
- 36 159
- 36 183
- 37 168
- 37 126
- 38 162
- 38 115
- 38 148
- 38 112
- 38 232
- 38 153
- 38 72
- 38 183
- 38 222
- 38 40
- 38 156
- 38 73
- 38 211
- 38 96
- 38 81
- 38 98
- 38 142
- 38 78
- 38 197
- 38 159
- 38 60
- 38 54
- 38 149
- 38 42
- 38 76
- 38 196
- 38 221
- 38 174
- 38 83
- 38 176
- 38 194
- 38 143
- 38 109
- 38 206
- 38 208
- 39 44
- 39 198
- 40 196
- 40 148
- 40 194
- 40 176
- 40 112
- 40 109
- 40 162
- 40 142
- 40 232
- 40 83
- 40 197
- 40 42
- 40 98
- 40 153
- 40 143
- 40 211
- 40 81
- 40 115
- 40 96
- 40 156
- 40 54
- 40 78
- 40 221
- 40 206
- 40 159
- 40 222
- 40 149
- 40 60
- 40 208
- 40 72
- 40 76
- 40 73
- 40 174
- 41 113
- 41 107
- 42 148
- 42 174
- 42 83
- 42 156
- 42 76
- 42 78
- 42 112
- 42 72
- 42 142
- 42 211
- 42 221
- 42 96
- 42 222
- 42 98
- 42 208
- 42 176
- 42 206
- 42 232
- 42 115
- 42 54
- 42 73
- 42 60
- 42 194
- 42 81
- 42 143
- 42 196
- 42 153
- 42 109
- 42 197
- 42 162
- 42 159
- 42 149
- 43 213
- 43 114
- 44 166
- 45 234
- 45 66
- 46 175
- 46 243
- 47 182
- 47 248
- 48 128
- 49 210
- 50 84
- 50 215
- 51 163
- 51 95
- 52 207
- 52 131
- 53 104
- 53 214
- 54 159
- 54 174
- 54 76
- 54 206
- 54 221
- 54 81
- 54 222
- 54 98
- 54 83
- 54 60
- 54 112
- 54 115
- 54 96
- 54 156
- 54 149
- 54 232
- 54 153
- 54 194
- 54 162
- 54 142
- 54 208
- 54 73
- 54 197
- 54 211
- 54 78
- 54 148
- 54 176
- 54 72
- 54 109
- 54 143
- 54 196
- 55 130
- 55 86
- 56 110
- 56 248
- 57 175
- 57 161
- 58 172
- 58 199
- 59 210
- 59 67
- 60 109
- 60 197
- 60 162
- 60 232
- 60 176
- 60 222
- 60 142
- 60 156
- 60 83
- 60 115
- 60 196
- 60 194
- 60 211
- 60 98
- 60 78
- 60 183
- 60 72
- 60 221
- 60 143
- 60 73
- 60 159
- 60 208
- 60 206
- 60 81
- 60 76
- 60 96
- 60 153
- 60 112
- 60 174
- 60 149
- 60 148
- 61 87
- 61 69
- 62 119
- 62 85
- 63 136
- 63 223
- 64 94
- 64 71
- 65 144
- 65 180
- 67 237
- 68 111
- 68 74
- 69 219
- 70 236
- 70 238
- 71 91
- 72 112
- 72 76
- 72 183
- 72 142
- 72 221
- 72 232
- 72 197
- 72 153
- 72 109
- 72 222
- 72 96
- 72 206
- 72 83
- 72 211
- 72 149
- 72 98
- 72 174
- 72 115
- 72 73
- 72 194
- 72 81
- 72 208
- 72 162
- 72 143
- 72 176
- 72 148
- 72 196
- 72 159
- 72 156
- 72 78
- 73 112
- 73 222
- 73 78
- 73 153
- 73 206
- 73 149
- 73 176
- 73 76
- 73 98
- 73 211
- 73 183
- 73 208
- 73 96
- 73 148
- 73 81
- 73 162
- 73 83
- 73 159
- 73 196
- 73 221
- 73 142
- 73 109
- 73 174
- 73 115
- 73 232
- 73 197
- 73 156
- 73 194
- 73 143
- 74 244
- 75 198
- 75 183
- 76 196
- 76 194
- 76 222
- 76 174
- 76 149
- 76 98
- 76 159
- 76 109
- 76 206
- 76 232
- 76 156
- 76 142
- 76 153
- 76 208
- 76 78
- 76 115
- 76 221
- 76 81
- 76 83
- 76 112
- 76 143
- 76 162
- 76 148
- 76 211
- 76 96
- 76 197
- 76 176
- 77 205
- 77 230
- 78 194
- 78 112
- 78 148
- 78 232
- 78 149
- 78 208
- 78 211
- 78 81
- 78 176
- 78 109
- 78 96
- 78 115
- 78 83
- 78 156
- 78 159
- 78 206
- 78 162
- 78 196
- 78 174
- 78 153
- 78 98
- 78 221
- 78 222
- 78 143
- 78 197
- 78 142
- 79 226
- 80 249
- 81 112
- 81 174
- 81 211
- 81 149
- 81 159
- 81 232
- 81 196
- 81 162
- 81 83
- 81 194
- 81 115
- 81 222
- 81 96
- 81 98
- 81 197
- 81 156
- 81 176
- 81 142
- 81 206
- 81 208
- 81 153
- 81 221
- 81 148
- 81 109
- 81 143
- 82 233
- 82 120
- 83 96
- 83 197
- 83 222
- 83 176
- 83 115
- 83 142
- 83 162
- 83 109
- 83 194
- 83 98
- 83 149
- 83 232
- 83 221
- 83 211
- 83 153
- 83 148
- 83 112
- 83 174
- 83 156
- 83 143
- 83 159
- 83 206
- 83 183
- 83 208
- 83 196
- 84 193
- 86 102
- 87 229
- 88 199
- 88 141
- 89 180
- 89 247
- 90 161
- 90 195
- 91 201
- 92 227
- 93 212
- 94 124
- 95 123
- 96 153
- 96 194
- 96 176
- 96 109
- 96 149
- 96 112
- 96 222
- 96 232
- 96 159
- 96 143
- 96 206
- 96 156
- 96 142
- 96 162
- 96 115
- 96 148
- 96 197
- 96 221
- 96 196
- 96 98
- 96 208
- 96 174
- 96 211
- 97 103
- 98 206
- 98 194
- 98 174
- 98 159
- 98 156
- 98 149
- 98 112
- 98 208
- 98 176
- 98 142
- 98 143
- 98 196
- 98 162
- 98 115
- 98 211
- 98 109
- 98 232
- 98 221
- 98 222
- 98 148
- 98 153
- 98 197
- 99 215
- 99 181
- 101 160
- 102 242
- 103 202
- 104 168
- 105 147
- 106 123
- 106 120
- 107 235
- 108 235
- 108 125
- 109 148
- 109 162
- 109 149
- 109 206
- 109 159
- 109 222
- 109 221
- 109 194
- 109 197
- 109 156
- 109 174
- 109 208
- 109 232
- 109 153
- 109 211
- 109 142
- 109 196
- 109 115
- 109 112
- 109 176
- 109 143
- 111 218
- 112 194
- 112 159
- 112 142
- 112 143
- 112 232
- 112 208
- 112 222
- 112 149
- 112 162
- 112 156
- 112 174
- 112 196
- 112 211
- 112 115
- 112 153
- 112 176
- 112 197
- 112 221
- 112 148
- 112 206
- 113 165
- 114 192
- 115 197
- 115 153
- 115 222
- 115 206
- 115 211
- 115 159
- 115 174
- 115 156
- 115 196
- 115 162
- 115 208
- 115 143
- 115 232
- 115 149
- 115 221
- 115 176
- 115 142
- 115 194
- 115 183
- 115 148
- 116 147
- 116 151
- 117 125
- 117 195
- 118 130
- 121 133
- 121 170
- 122 185
- 122 154
- 126 186
- 127 217
- 129 219
- 129 193
- 132 245
- 133 237
- 134 167
- 135 188
- 135 192
- 136 155
- 137 163
- 137 244
- 138 223
- 138 225
- 139 152
- 139 218
- 140 203
- 140 182
- 141 220
- 142 197
- 142 143
- 142 176
- 142 196
- 142 162
- 142 149
- 142 221
- 142 206
- 142 148
- 142 222
- 142 159
- 142 194
- 142 156
- 142 211
- 142 174
- 142 208
- 142 153
- 142 232
- 143 148
- 143 183
- 143 162
- 143 197
- 143 153
- 143 174
- 143 221
- 143 208
- 143 176
- 143 196
- 143 156
- 143 211
- 143 222
- 143 206
- 143 232
- 143 149
- 143 194
- 143 159
- 145 169
- 145 181
- 146 173
- 148 196
- 148 221
- 148 174
- 148 206
- 148 156
- 148 149
- 148 194
- 148 208
- 148 153
- 148 211
- 148 232
- 148 197
- 148 222
- 148 176
- 148 162
- 148 159
- 149 156
- 149 162
- 149 197
- 149 159
- 149 153
- 149 232
- 149 194
- 149 222
- 149 196
- 149 174
- 149 211
- 149 206
- 149 176
- 149 208
- 149 221
- 150 172
- 150 187
- 151 190
- 153 159
- 153 206
- 153 232
- 153 176
- 153 197
- 153 221
- 153 174
- 153 162
- 153 222
- 153 211
- 153 196
- 153 208
- 153 156
- 153 194
- 154 240
- 156 162
- 156 232
- 156 159
- 156 206
- 156 221
- 156 197
- 156 208
- 156 196
- 156 174
- 156 194
- 156 211
- 156 176
- 156 222
- 157 190
- 157 184
- 158 191
- 159 194
- 159 221
- 159 232
- 159 222
- 159 208
- 159 174
- 159 211
- 159 176
- 159 162
- 159 197
- 159 206
- 159 196
- 160 170
- 162 197
- 162 196
- 162 206
- 162 174
- 162 211
- 162 222
- 162 232
- 162 194
- 162 176
- 162 221
- 162 208
- 164 200
- 165 177
- 166 189
- 167 245
- 169 241
- 171 234
- 171 186
- 173 188
- 174 194
- 174 197
- 174 196
- 174 232
- 174 176
- 174 206
- 174 222
- 174 221
- 174 211
- 174 208
- 176 194
- 176 196
- 176 211
- 176 222
- 176 206
- 176 221
- 176 197
- 176 232
- 176 208
- 177 229
- 178 246
- 183 197
- 183 196
- 185 228
- 187 202
- 194 211
- 194 208
- 194 196
- 194 197
- 194 221
- 194 206
- 194 232
- 194 222
- 196 206
- 196 221
- 196 232
- 196 211
- 196 222
- 196 197
- 196 208
- 197 208
- 197 222
- 197 232
- 197 221
- 197 211
- 197 206
- 203 204
- 205 233
- 206 222
- 206 208
- 206 221
- 206 232
- 206 211
- 208 232
- 208 221
- 208 211
- 208 222
- 209 230
- 209 212
- 211 232
- 211 221
- 211 222
- 214 224
- 216 238
- 221 232
- 221 222
- 222 232
- 226 231
- 239 249
- 239 243
- 240 241
+ 239 248
+ 235 248
+ 235 239
+ 234 247
+ 231 239
+ 231 235
+ 231 248
+ 228 236
+ 228 247
+ 224 239
+ 224 235
+ 224 231
+ 224 248
+ 223 239
+ 223 231
+ 223 224
+ 223 235
+ 223 248
+ 221 248
+ 221 224
+ 221 223
+ 221 231
+ 221 239
+ 221 235
+ 218 231
+ 218 224
+ 218 248
+ 218 221
+ 218 223
+ 218 235
+ 218 239
+ 214 248
+ 214 218
+ 214 221
+ 214 223
+ 214 235
+ 214 224
+ 214 231
+ 214 239
+ 212 227
+ 211 235
+ 211 231
+ 211 224
+ 211 248
+ 211 223
+ 211 214
+ 211 239
+ 211 218
+ 211 221
+ 210 245
+ 210 217
+ 207 214
+ 207 211
+ 207 223
+ 207 221
+ 207 248
+ 207 218
+ 207 239
+ 207 224
+ 207 231
+ 207 235
+ 204 234
+ 201 248
+ 201 224
+ 201 221
+ 201 239
+ 201 231
+ 201 223
+ 201 207
+ 201 218
+ 201 235
+ 201 214
+ 201 211
+ 197 230
+ 196 243
+ 194 229
+ 190 196
+ 190 203
+ 189 240
+ 186 198
+ 184 244
+ 183 221
+ 183 211
+ 183 214
+ 183 218
+ 183 231
+ 183 224
+ 183 223
+ 183 235
+ 183 239
+ 183 201
+ 183 207
+ 183 248
+ 178 226
+ 176 235
+ 176 221
+ 176 211
+ 176 201
+ 176 207
+ 176 231
+ 176 239
+ 176 223
+ 176 218
+ 176 248
+ 176 224
+ 176 214
+ 176 183
+ 175 223
+ 175 214
+ 175 176
+ 175 248
+ 175 231
+ 175 207
+ 175 183
+ 175 239
+ 175 211
+ 175 221
+ 175 218
+ 175 235
+ 175 201
+ 175 224
+ 173 238
+ 171 235
+ 171 176
+ 171 239
+ 171 201
+ 171 175
+ 171 231
+ 171 211
+ 171 221
+ 171 183
+ 171 214
+ 171 223
+ 171 218
+ 171 248
+ 171 224
+ 171 207
+ 170 185
+ 170 226
+ 167 176
+ 167 211
+ 167 171
+ 167 223
+ 167 207
+ 167 224
+ 167 201
+ 167 218
+ 167 248
+ 167 183
+ 167 221
+ 167 235
+ 167 239
+ 167 231
+ 167 175
+ 167 214
+ 166 203
+ 165 237
+ 163 230
+ 160 167
+ 160 175
+ 160 224
+ 160 183
+ 160 207
+ 160 223
+ 160 221
+ 160 248
+ 160 218
+ 160 214
+ 160 201
+ 160 231
+ 160 176
+ 160 239
+ 160 211
+ 160 235
+ 160 171
+ 158 193
+ 156 199
+ 155 218
+ 155 214
+ 155 175
+ 155 201
+ 155 171
+ 155 211
+ 155 248
+ 155 160
+ 155 221
+ 155 231
+ 155 235
+ 155 224
+ 155 176
+ 155 183
+ 155 223
+ 155 167
+ 155 207
+ 155 239
+ 154 180
+ 153 231
+ 153 207
+ 153 183
+ 153 224
+ 153 211
+ 153 218
+ 153 160
+ 153 155
+ 153 167
+ 153 235
+ 153 175
+ 153 239
+ 153 176
+ 153 214
+ 153 201
+ 153 171
+ 153 248
+ 153 223
+ 153 221
+ 152 219
+ 150 246
+ 150 192
+ 149 152
+ 148 201
+ 148 155
+ 148 160
+ 148 224
+ 148 218
+ 148 171
+ 148 235
+ 148 183
+ 148 239
+ 148 153
+ 148 211
+ 148 207
+ 148 214
+ 148 231
+ 148 223
+ 148 176
+ 148 221
+ 148 167
+ 148 175
+ 148 248
+ 147 213
+ 147 181
+ 146 216
+ 145 221
+ 145 235
+ 145 207
+ 145 214
+ 145 211
+ 145 160
+ 145 223
+ 145 218
+ 145 183
+ 145 167
+ 145 155
+ 145 176
+ 145 201
+ 145 231
+ 145 175
+ 145 224
+ 145 239
+ 145 153
+ 145 248
+ 145 171
+ 145 148
+ 144 191
+ 143 158
+ 141 183
+ 141 175
+ 141 207
+ 141 221
+ 141 160
+ 141 248
+ 141 167
+ 141 218
+ 141 224
+ 141 214
+ 141 211
+ 141 171
+ 141 235
+ 141 153
+ 141 201
+ 141 155
+ 141 148
+ 141 223
+ 141 145
+ 141 176
+ 141 231
+ 141 239
+ 140 193
+ 139 248
+ 139 145
+ 139 201
+ 139 214
+ 139 160
+ 139 183
+ 139 235
+ 139 223
+ 139 218
+ 139 224
+ 139 153
+ 139 231
+ 139 141
+ 139 221
+ 139 171
+ 139 167
+ 139 148
+ 139 175
+ 139 211
+ 139 176
+ 139 239
+ 139 155
+ 139 207
+ 138 139
+ 138 155
+ 138 141
+ 138 183
+ 138 231
+ 138 160
+ 138 176
+ 138 218
+ 138 248
+ 138 224
+ 138 167
+ 138 221
+ 138 207
+ 138 239
+ 138 171
+ 138 175
+ 138 148
+ 138 153
+ 138 211
+ 138 201
+ 138 214
+ 138 223
+ 138 235
+ 138 145
+ 136 208
+ 135 220
+ 135 180
+ 134 188
+ 134 219
+ 133 179
+ 133 137
+ 131 162
+ 129 164
+ 128 197
+ 127 194
+ 126 240
+ 126 245
+ 124 142
+ 124 215
+ 122 185
+ 121 202
+ 121 187
+ 119 166
+ 117 238
+ 114 144
+ 113 115
+ 113 208
+ 111 181
+ 111 118
+ 110 162
+ 110 249
+ 109 131
+ 108 151
+ 106 222
+ 106 159
+ 105 209
+ 105 156
+ 104 199
+ 103 201
+ 103 221
+ 103 155
+ 103 207
+ 103 239
+ 103 175
+ 103 218
+ 103 214
+ 103 138
+ 103 145
+ 103 141
+ 103 224
+ 103 171
+ 103 231
+ 103 148
+ 103 176
+ 103 235
+ 103 223
+ 103 183
+ 103 160
+ 103 248
+ 103 211
+ 103 139
+ 103 167
+ 103 153
+ 102 189
+ 102 157
+ 101 205
+ 100 153
+ 100 145
+ 100 160
+ 100 201
+ 100 176
+ 100 218
+ 100 141
+ 100 148
+ 100 155
+ 100 239
+ 100 223
+ 100 139
+ 100 248
+ 100 211
+ 100 207
+ 100 175
+ 100 221
+ 100 235
+ 100 167
+ 100 103
+ 100 231
+ 100 138
+ 100 171
+ 100 224
+ 100 183
+ 100 214
+ 99 125
+ 99 118
+ 98 201
+ 98 148
+ 98 175
+ 98 218
+ 98 214
+ 98 167
+ 98 211
+ 98 176
+ 98 221
+ 98 145
+ 98 138
+ 98 224
+ 98 248
+ 98 235
+ 98 103
+ 98 153
+ 98 160
+ 98 231
+ 98 239
+ 98 207
+ 98 183
+ 98 141
+ 98 100
+ 98 171
+ 98 155
+ 98 139
+ 98 223
+ 97 168
+ 97 213
+ 96 186
+ 96 108
+ 95 206
+ 95 177
+ 94 229
+ 93 246
+ 92 163
+ 90 248
+ 90 139
+ 90 207
+ 90 103
+ 90 148
+ 90 176
+ 90 155
+ 90 239
+ 90 141
+ 90 211
+ 90 224
+ 90 171
+ 90 167
+ 90 145
+ 90 98
+ 90 223
+ 90 218
+ 90 231
+ 90 201
+ 90 138
+ 90 221
+ 90 175
+ 90 183
+ 90 153
+ 90 235
+ 90 214
+ 90 100
+ 90 160
+ 89 115
+ 89 109
+ 88 90
+ 88 138
+ 88 201
+ 88 139
+ 88 167
+ 88 155
+ 88 175
+ 88 153
+ 88 248
+ 88 231
+ 88 160
+ 88 214
+ 88 211
+ 88 224
+ 88 235
+ 88 148
+ 88 207
+ 88 176
+ 88 183
+ 88 141
+ 88 239
+ 88 223
+ 88 145
+ 88 98
+ 88 218
+ 88 221
+ 88 103
+ 88 171
+ 88 100
+ 87 145
+ 87 155
+ 87 160
+ 87 183
+ 87 201
+ 87 90
+ 87 141
+ 87 223
+ 87 207
+ 87 176
+ 87 153
+ 87 218
+ 87 224
+ 87 248
+ 87 100
+ 87 211
+ 87 138
+ 87 175
+ 87 148
+ 87 167
+ 87 103
+ 87 98
+ 87 231
+ 87 239
+ 87 139
+ 87 235
+ 87 88
+ 87 221
+ 87 171
+ 87 214
+ 86 172
+ 85 188
+ 85 94
+ 83 225
+ 82 179
+ 82 233
+ 81 232
+ 81 137
+ 80 142
+ 80 93
+ 79 88
+ 79 100
+ 79 221
+ 79 207
+ 79 176
+ 79 138
+ 79 139
+ 79 235
+ 79 87
+ 79 153
+ 79 155
+ 79 224
+ 79 175
+ 79 148
+ 79 211
+ 79 145
+ 79 167
+ 79 248
+ 79 218
+ 79 231
+ 79 223
+ 79 98
+ 79 239
+ 79 171
+ 79 160
+ 79 183
+ 79 214
+ 79 141
+ 79 103
+ 79 90
+ 79 201
+ 78 91
+ 76 241
+ 74 242
+ 74 225
+ 73 235
+ 73 221
+ 73 87
+ 73 183
+ 73 176
+ 73 103
+ 73 145
+ 73 138
+ 73 153
+ 73 175
+ 73 141
+ 73 239
+ 73 148
+ 73 88
+ 73 211
+ 73 171
+ 73 218
+ 73 98
+ 73 224
+ 73 139
+ 73 90
+ 73 79
+ 73 223
+ 73 201
+ 73 207
+ 73 100
+ 73 214
+ 73 167
+ 73 155
+ 73 231
+ 73 160
+ 73 248
+ 72 130
+ 71 86
+ 70 92
+ 70 123
+ 69 244
+ 69 116
+ 68 198
+ 67 231
+ 67 223
+ 67 184
+ 67 175
+ 67 235
+ 67 221
+ 66 122
+ 66 146
+ 65 112
+ 65 236
+ 64 84
+ 63 98
+ 63 141
+ 63 175
+ 63 239
+ 63 167
+ 63 183
+ 63 176
+ 63 100
+ 63 79
+ 63 223
+ 63 201
+ 63 248
+ 63 171
+ 63 153
+ 63 73
+ 63 139
+ 63 214
+ 63 235
+ 63 218
+ 63 88
+ 63 148
+ 63 87
+ 63 231
+ 63 138
+ 63 224
+ 63 207
+ 63 103
+ 63 221
+ 63 67
+ 63 155
+ 63 211
+ 63 160
+ 63 90
+ 63 145
+ 62 242
+ 61 84
+ 60 159
+ 59 161
+ 58 222
+ 57 117
+ 56 119
+ 56 172
+ 55 233
+ 55 161
+ 54 216
+ 54 241
+ 53 71
+ 53 182
+ 52 107
+ 52 202
+ 51 62
+ 51 169
+ 50 215
+ 50 195
+ 49 151
+ 49 77
+ 48 177
+ 47 116
+ 46 73
+ 46 87
+ 46 139
+ 46 176
+ 46 100
+ 46 223
+ 46 231
+ 46 88
+ 46 207
+ 46 148
+ 46 221
+ 46 214
+ 46 235
+ 46 98
+ 46 138
+ 46 155
+ 46 79
+ 46 239
+ 46 145
+ 46 141
+ 46 218
+ 46 183
+ 46 201
+ 46 175
+ 46 224
+ 46 167
+ 46 211
+ 46 248
+ 46 90
+ 46 160
+ 46 153
+ 46 63
+ 46 103
+ 46 171
+ 45 77
+ 45 173
+ 44 200
+ 42 205
+ 42 154
+ 41 114
+ 41 64
+ 40 58
+ 40 243
+ 39 72
+ 38 232
+ 37 140
+ 37 237
+ 36 187
+ 36 191
+ 35 169
+ 35 57
+ 34 171
+ 34 223
+ 34 145
+ 34 248
+ 34 138
+ 34 183
+ 34 88
+ 34 46
+ 34 167
+ 34 103
+ 34 239
+ 34 211
+ 34 231
+ 34 235
+ 34 175
+ 34 207
+ 34 100
+ 34 63
+ 34 79
+ 34 214
+ 34 98
+ 34 87
+ 34 201
+ 34 224
+ 34 153
+ 34 73
+ 34 141
+ 34 139
+ 34 90
+ 34 160
+ 34 155
+ 34 218
+ 34 148
+ 34 176
+ 34 221
+ 33 75
+ 33 120
+ 32 209
+ 32 120
+ 31 112
+ 31 127
+ 30 220
+ 30 136
+ 29 76
+ 29 182
+ 28 249
+ 28 61
+ 27 59
+ 27 206
+ 26 200
+ 25 132
+ 25 43
+ 24 107
+ 24 129
+ 23 143
+ 22 174
+ 22 44
+ 21 165
+ 21 83
+ 20 178
+ 19 91
+ 19 128
+ 18 78
+ 18 212
+ 17 192
+ 17 104
+ 16 101
+ 16 23
+ 15 174
+ 15 39
+ 14 148
+ 14 176
+ 14 218
+ 14 224
+ 14 46
+ 14 211
+ 14 155
+ 14 231
+ 14 103
+ 14 214
+ 14 139
+ 14 248
+ 14 88
+ 14 175
+ 14 90
+ 14 207
+ 14 160
+ 14 239
+ 14 34
+ 14 221
+ 14 201
+ 14 98
+ 14 167
+ 14 63
+ 14 87
+ 14 138
+ 14 73
+ 14 223
+ 14 183
+ 14 171
+ 14 79
+ 14 100
+ 14 235
+ 14 145
+ 14 141
+ 14 153
+ 13 168
+ 13 132
+ 12 123
+ 12 20
+ 11 125
+ 11 75
+ 10 38
+ 10 60
+ 9 204
+ 9 195
+ 8 26
+ 8 43
+ 7 130
+ 7 217
+ 6 139
+ 6 160
+ 6 224
+ 6 218
+ 6 155
+ 6 201
+ 6 176
+ 6 235
+ 6 167
+ 6 231
+ 6 73
+ 6 223
+ 6 239
+ 6 141
+ 6 63
+ 6 221
+ 6 211
+ 6 171
+ 6 100
+ 6 88
+ 6 103
+ 6 175
+ 6 46
+ 6 153
+ 6 183
+ 6 90
+ 6 148
+ 6 87
+ 6 207
+ 6 138
+ 6 145
+ 6 14
+ 6 248
+ 6 98
+ 6 79
+ 6 34
+ 6 214
+ 5 164
+ 5 157
+ 4 48
+ 4 149
+ 3 227
+ 3 47
+ 2 46
+ 2 141
+ 2 223
+ 2 211
+ 2 103
+ 2 160
+ 2 176
+ 2 167
+ 2 207
+ 2 88
+ 2 63
+ 2 148
+ 2 90
+ 2 14
+ 2 87
+ 2 201
+ 2 214
+ 2 235
+ 2 231
+ 2 248
+ 2 183
+ 2 79
+ 2 139
+ 2 155
+ 2 171
+ 2 224
+ 2 100
+ 2 218
+ 2 153
+ 2 73
+ 2 6
+ 2 239
+ 2 175
+ 2 138
+ 2 145
+ 2 34
+ 2 221
+ 2 98
- 1 68
- 1 198
- 1 186
- 1 96
- 1 108
- 1 151
- 1 49
- 1 77
- 1 45
- 1 173
- 1 238
- 1 117
- 1 57
- 1 35
- 1 169
- 1 51
- 1 62
- 1 242
- 1 74
- 1 225
- 1 83
- 1 21
- 1 165
- 1 237
- 1 37
- 1 140
- 1 193
- 1 158
- 1 143
- 1 23
- 1 16
- 1 101
- 1 205
- 1 42
- 1 154
- 1 180
- 1 135
- 1 220
- 1 30
- 1 136
- 1 208
- 1 113
- 1 115
- 1 89
- 1 109
- 1 131
- 1 162
- 1 110
- 1 249
- 1 28
- 1 61
- 1 84
- 1 64
- 1 41
- 1 114
- 1 144
- 1 191
- 1 36
- 1 187
- 1 121
- 1 202
- 1 52
- 1 107
- 1 24
- 1 129
- 1 164
- 1 5
- 1 157
- 1 102
- 1 189
- 1 240
- 1 126
- 1 245
- 1 210
- 1 217
- 1 7
- 1 130
- 1 72
- 1 39
- 1 15
- 1 174
- 1 22
- 1 44
- 1 200
- 1 26
- 1 8
- 1 43
- 1 25
- 1 132
- 1 13
- 1 168
- 1 97
- 1 213
- 1 147
- 1 181
- 1 111
- 1 118
- 1 99
- 1 125
- 1 11
- 1 75
- 1 33
- 1 120
- 1 32
- 1 209
- 1 105
- 1 156
- 1 199
- 1 104
- 1 17
- 1 192
- 1 150
- 1 246
- 1 93
- 1 80
- 1 142
- 1 124
- 1 215
- 1 50
- 1 195
- 1 9
- 1 204
- 1 234
- 1 247
- 1 228
- 1 236
- 1 65
- 1 112
- 1 31
- 1 127
- 1 194
- 1 229
- 1 94
- 1 85
- 1 188
- 1 134
- 1 219
- 1 152
- 1 149
- 1 4
- 1 48
- 1 177
- 1 95
- 1 206
- 1 27
- 1 59
- 1 161
- 1 55
- 1 233
- 1 82
- 1 179
- 1 133
- 1 137
- 1 81
- 1 232
- 1 38
- 1 10
- 1 60
- 1 159
- 1 106
- 1 222
- 1 58
- 1 40
- 1 243
- 1 196
- 1 190
- 1 203
- 1 166
- 1 119
- 1 56
- 1 172
- 1 86
- 1 71
- 1 53
- 1 182
- 1 29
- 1 76
- 1 241
- 1 54
- 1 216
- 1 146
- 1 66
- 1 122
- 1 185
- 1 170
- 1 226
- 1 178
- 1 20
- 1 12
- 1 123
- 1 70
- 1 92
- 1 163
- 1 230
- 1 197
- 1 128
- 1 19
- 1 91
- 1 78
- 1 18
- 1 212
- 1 227
- 1 3
- 1 47
- 1 116
- 1 69
- 1 244
- 1 184
- 67 1
