1476
+ 1 25
+ 1 166
+ 1 61
+ 1 136
+ 1 161
+ 1 40
+ 1 31
+ 1 69
+ 1 211
+ 1 228
+ 1 178
+ 1 47
+ 1 9
+ 1 125
+ 1 74
+ 1 80
+ 1 225
+ 1 32
+ 1 216
+ 1 212
+ 1 28
+ 1 3
+ 1 57
+ 1 59
+ 1 38
+ 1 132
+ 1 62
+ 1 98
+ 1 219
+ 1 51
+ 1 94
+ 1 235
+ 1 198
+ 1 34
+ 1 170
+ 1 214
+ 1 44
+ 1 188
+ 1 173
+ 1 131
+ 1 237
+ 1 76
+ 1 29
+ 1 222
+ 1 114
+ 1 145
+ 1 100
+ 1 231
+ 1 103
+ 1 247
+ 1 56
+ 1 24
+ 1 189
+ 1 96
+ 1 156
+ 1 77
+ 1 18
+ 1 157
+ 1 180
+ 1 133
+ 1 63
+ 1 238
+ 1 27
+ 1 36
+ 1 142
+ 1 41
+ 1 224
+ 1 149
+ 1 220
+ 1 158
+ 1 126
+ 1 43
+ 1 4
+ 1 101
+ 1 150
+ 1 204
+ 1 196
+ 1 163
+ 1 92
+ 1 129
+ 1 107
+ 1 236
+ 1 139
+ 1 177
+ 1 167
+ 1 245
+ 1 208
+ 1 218
+ 1 239
+ 1 206
+ 1 17
+ 1 202
+ 1 127
+ 1 153
+ 1 110
+ 1 169
+ 1 78
+ 1 128
+ 1 20
+ 1 58
+ 1 23
+ 1 134
+ 1 130
+ 1 19
+ 1 7
+ 1 89
+ 1 99
+ 1 135
+ 1 162
+ 1 141
+ 1 176
+ 1 54
+ 1 97
+ 1 179
+ 1 5
+ 1 64
+ 1 73
+ 1 49
+ 1 197
+ 1 183
+ 1 210
+ 1 138
+ 1 148
+ 1 46
+ 1 26
+ 1 187
+ 1 234
+ 1 52
+ 1 75
+ 1 203
+ 1 242
+ 1 122
+ 1 246
+ 1 21
+ 1 244
+ 1 250
+ 1 193
+ 1 106
+ 1 45
+ 1 42
+ 1 215
+ 1 140
+ 1 124
+ 1 48
+ 1 8
+ 1 226
+ 1 115
+ 1 137
+ 1 71
+ 1 181
+ 1 93
+ 1 117
+ 1 111
+ 1 151
+ 1 102
+ 1 191
+ 1 37
+ 1 86
+ 1 229
+ 1 192
+ 1 175
+ 1 60
+ 1 165
+ 1 14
+ 1 143
+ 1 116
+ 1 190
+ 1 12
+ 1 35
+ 1 155
+ 1 195
+ 1 200
+ 1 209
+ 1 205
+ 1 2
+ 1 13
+ 1 85
+ 1 120
+ 1 168
+ 1 72
+ 1 121
+ 1 15
+ 1 22
+ 1 39
+ 1 67
+ 1 227
+ 1 249
+ 1 199
+ 1 146
+ 1 33
+ 1 105
+ 1 118
+ 1 104
+ 1 147
+ 1 194
+ 1 144
+ 1 53
+ 1 68
+ 1 207
+ 1 230
+ 1 232
+ 1 65
+ 1 240
+ 1 123
+ 1 112
+ 1 66
+ 1 79
+ 1 159
+ 1 88
+ 1 154
+ 1 108
+ 1 182
+ 1 152
+ 1 171
+ 1 223
+ 1 82
+ 1 248
+ 1 213
+ 1 243
+ 1 221
+ 1 87
+ 1 90
+ 1 164
+ 1 113
+ 1 81
+ 1 160
+ 1 241
+ 1 174
+ 1 109
+ 1 6
+ 1 95
+ 1 91
+ 1 185
+ 1 201
+ 1 70
+ 1 172
+ 1 50
+ 1 233
+ 1 55
+ 1 119
+ 1 186
+ 1 83
+ 1 11
+ 1 84
+ 1 16
- 2 13
- 2 164
- 2 85
- 2 205
- 3 28
- 3 212
- 3 216
- 3 57
- 4 220
- 4 101
- 4 158
- 4 150
- 5 179
- 5 64
- 5 49
- 5 73
- 6 191
- 6 37
- 6 102
- 6 86
- 7 19
- 7 58
- 7 134
- 7 130
- 8 48
- 8 226
- 8 115
- 8 140
- 9 125
- 9 10
- 9 184
- 9 74
- 10 184
- 10 74
- 11 103
- 11 247
- 11 231
- 11 56
- 12 35
- 12 190
- 12 155
- 12 160
- 13 85
- 13 113
- 13 205
- 14 165
- 14 143
- 14 35
- 14 116
- 15 121
- 15 22
- 15 227
- 15 221
- 16 32
- 16 125
- 16 225
- 16 80
- 17 206
- 17 202
- 17 218
- 17 153
- 18 157
- 18 63
- 18 77
- 18 133
- 19 130
- 19 89
- 19 141
- 20 169
- 20 128
- 20 78
- 20 110
- 21 244
- 21 91
- 21 246
- 21 185
- 22 39
- 22 227
- 22 221
- 23 58
- 23 134
- 23 128
- 23 78
- 24 56
- 24 189
- 24 96
- 24 247
- 25 166
- 25 30
- 25 61
- 25 217
- 26 183
- 26 197
- 26 64
- 26 46
- 27 238
- 27 133
- 27 36
- 27 63
- 28 212
- 28 57
- 28 59
- 29 76
- 29 222
- 29 131
- 29 237
- 30 217
- 30 61
- 31 40
- 31 69
- 31 211
- 31 178
- 32 216
- 32 225
- 32 84
- 33 146
- 33 105
- 33 104
- 33 118
- 34 170
- 34 198
- 34 173
- 34 214
- 35 116
- 35 190
- 36 142
- 36 238
- 36 41
- 37 191
- 37 86
- 37 109
- 38 59
- 38 57
- 38 132
- 38 62
- 39 67
- 39 249
- 39 227
- 40 69
- 40 161
- 40 47
- 41 142
- 41 224
- 41 43
- 42 45
- 42 215
- 42 140
- 42 124
- 43 126
- 43 142
- 43 224
- 44 214
- 44 51
- 44 198
- 44 235
- 45 106
- 45 124
- 45 215
- 46 148
- 46 210
- 46 183
- 47 136
- 47 166
- 47 161
- 48 115
- 48 124
- 48 140
- 49 73
- 49 97
- 49 179
- 50 176
- 50 54
- 50 179
- 50 97
- 51 94
- 51 219
- 51 235
- 52 234
- 52 187
- 52 138
- 52 75
- 53 144
- 53 68
- 53 194
- 53 230
- 54 176
- 54 135
- 54 97
- 55 233
- 55 92
- 55 107
- 55 129
- 56 247
- 56 96
- 57 59
- 58 134
- 58 128
- 59 132
- 60 175
- 60 165
- 60 143
- 60 241
- 61 166
- 61 136
- 62 98
- 62 219
- 62 132
- 63 133
- 63 238
- 64 73
- 64 197
- 65 232
- 65 240
- 65 213
- 65 207
- 66 79
- 66 240
- 66 112
- 66 123
- 67 227
- 67 249
- 67 243
- 68 207
- 68 230
- 68 194
- 69 161
- 69 211
- 70 201
- 70 242
- 70 172
- 70 122
- 71 137
- 71 181
- 71 93
- 71 226
- 72 168
- 72 121
- 72 87
- 72 90
- 73 197
- 74 80
- 74 125
- 75 203
- 75 234
- 75 172
- 76 145
- 76 222
- 76 237
- 77 156
- 77 180
- 77 157
- 78 169
- 78 128
- 79 159
- 79 88
- 79 112
- 80 225
- 80 125
- 81 200
- 81 195
- 81 209
- 81 113
- 82 248
- 82 223
- 82 171
- 83 101
- 83 150
- 83 204
- 83 196
- 84 225
- 84 212
- 84 216
- 85 120
- 85 164
- 86 229
- 86 109
- 87 121
- 87 90
- 87 221
- 88 154
- 88 159
- 88 108
- 89 99
- 89 141
- 89 130
- 90 168
- 90 120
- 91 250
- 91 244
- 91 193
- 92 129
- 92 163
- 92 119
- 93 117
- 93 181
- 93 95
- 94 219
- 94 235
- 94 98
- 95 181
- 95 151
- 95 117
- 96 189
- 96 156
- 97 179
- 98 219
- 98 132
- 99 135
- 99 162
- 99 141
- 100 145
- 100 231
- 100 103
- 100 114
- 101 150
- 101 220
- 102 111
- 102 151
- 102 191
- 103 247
- 103 231
- 104 118
- 104 147
- 104 144
- 105 118
- 105 146
- 105 199
- 106 193
- 106 215
- 106 250
- 107 129
- 107 236
- 107 233
- 108 154
- 108 182
- 108 159
- 109 192
- 109 229
- 110 127
- 110 153
- 110 169
- 111 151
- 111 117
- 111 191
- 112 123
- 112 159
- 113 209
- 113 205
- 114 145
- 114 222
- 114 231
- 115 137
- 115 226
- 116 190
- 116 143
- 117 151
- 118 147
- 119 186
- 119 163
- 119 129
- 120 168
- 120 164
- 121 221
- 122 242
- 122 246
- 122 201
- 123 213
- 123 240
- 124 140
- 126 158
- 126 149
- 126 224
- 127 153
- 127 169
- 127 202
- 130 134
- 131 237
- 131 188
- 131 173
- 133 157
- 135 162
- 135 176
- 136 161
- 136 166
- 137 181
- 137 226
- 138 210
- 138 148
- 138 187
- 139 177
- 139 236
- 139 233
- 139 245
- 141 162
- 142 238
- 143 165
- 144 194
- 144 147
- 145 222
- 146 243
- 146 199
- 147 194
- 148 187
- 148 210
- 149 224
- 149 220
- 149 158
- 150 204
- 152 171
- 152 182
- 152 154
- 152 223
- 153 202
- 154 182
- 155 195
- 155 200
- 155 160
- 156 189
- 156 180
- 157 180
- 158 220
- 160 195
- 160 190
- 162 176
- 163 196
- 163 186
- 164 168
- 165 241
- 167 245
- 167 177
- 167 208
- 167 239
- 170 214
- 170 188
- 170 173
- 171 223
- 171 248
- 172 242
- 172 203
- 173 188
- 174 241
- 174 229
- 174 175
- 174 192
- 175 192
- 175 241
- 177 245
- 177 236
- 178 228
- 178 211
- 180 189
- 182 223
- 183 210
- 183 197
- 184 217
- 185 201
- 185 246
- 185 244
- 186 196
- 186 204
- 187 234
- 188 237
- 192 229
- 193 250
- 193 215
- 195 200
- 196 204
- 198 235
- 198 214
- 199 249
- 199 243
- 200 209
- 201 246
- 202 206
- 203 234
- 203 242
- 205 209
- 206 239
- 206 218
- 207 230
- 207 232
- 208 245
- 208 218
- 208 239
- 211 228
- 212 216
- 213 232
- 213 240
- 218 239
- 230 232
- 233 236
- 243 249
- 244 250
+ 247 248
+ 241 243
+ 236 249
+ 235 242
+ 218 226
+ 218 227
+ 217 239
+ 216 245
+ 215 235
+ 209 212
+ 207 226
+ 206 250
+ 205 243
+ 204 207
+ 204 226
+ 202 238
+ 199 238
+ 198 229
+ 194 249
+ 193 218
+ 193 227
+ 192 225
+ 191 197
+ 190 248
+ 189 196
+ 189 228
+ 188 206
+ 187 216
+ 186 241
+ 185 242
+ 185 235
+ 185 215
+ 183 185
+ 183 242
+ 180 235
+ 180 215
+ 180 224
+ 178 203
+ 177 247
+ 177 190
+ 177 248
+ 175 210
+ 175 203
+ 174 179
+ 173 213
+ 172 250
+ 172 219
+ 171 195
+ 171 222
+ 169 249
+ 169 194
+ 168 200
+ 168 232
+ 167 245
+ 164 244
+ 163 198
+ 163 166
+ 162 186
+ 161 170
+ 160 195
+ 160 222
+ 160 171
+ 159 227
+ 159 193
+ 158 208
+ 157 165
+ 156 174
+ 156 220
+ 155 172
+ 155 206
+ 155 250
+ 154 186
+ 154 162
+ 154 241
+ 153 181
+ 152 242
+ 152 183
+ 151 197
+ 150 234
+ 150 240
+ 149 164
+ 149 244
+ 148 214
+ 146 170
+ 146 161
+ 146 230
+ 145 232
+ 145 200
+ 145 168
+ 144 182
+ 143 221
+ 142 217
+ 141 223
+ 140 191
+ 140 197
+ 140 158
+ 139 187
+ 139 142
+ 138 219
+ 138 164
+ 137 160
+ 137 237
+ 137 222
+ 135 201
+ 135 212
+ 134 176
+ 134 144
+ 132 165
+ 132 214
+ 131 147
+ 130 153
+ 129 231
+ 128 246
+ 128 133
+ 127 178
+ 127 211
+ 126 243
+ 126 241
+ 126 186
+ 125 222
+ 125 137
+ 125 237
+ 124 178
+ 124 203
+ 123 161
+ 122 234
+ 121 205
+ 120 239
+ 120 142
+ 120 217
+ 119 225
+ 118 233
+ 117 219
+ 117 155
+ 117 172
+ 116 141
+ 115 211
+ 115 199
+ 115 238
+ 114 169
+ 114 236
+ 114 249
+ 113 114
+ 113 236
+ 113 143
+ 111 119
+ 110 163
+ 110 166
+ 110 209
+ 109 240
+ 108 111
+ 107 131
+ 107 224
+ 106 203
+ 106 124
+ 106 210
+ 106 175
+ 105 245
+ 105 167
+ 105 216
+ 104 136
+ 103 104
+ 103 136
+ 103 116
+ 102 195
+ 102 171
+ 102 152
+ 101 123
+ 101 161
+ 101 170
+ 100 239
+ 100 159
+ 100 227
+ 99 150
+ 99 234
+ 99 122
+ 98 166
+ 98 198
+ 98 163
+ 97 181
+ 96 199
+ 96 238
+ 96 202
+ 95 237
+ 94 128
+ 94 213
+ 94 246
+ 93 168
+ 93 232
+ 93 196
+ 92 131
+ 92 107
+ 92 147
+ 91 144
+ 91 182
+ 90 97
+ 89 110
+ 89 209
+ 89 212
+ 89 166
+ 88 103
+ 88 141
+ 88 116
+ 88 104
+ 87 125
+ 87 237
+ 87 95
+ 86 240
+ 86 109
+ 86 99
+ 86 150
+ 85 121
+ 85 112
+ 84 229
+ 84 188
+ 83 225
+ 83 192
+ 83 204
+ 82 217
+ 82 239
+ 82 100
+ 82 159
+ 81 92
+ 81 147
+ 81 230
+ 80 248
+ 80 190
+ 79 229
+ 79 84
+ 78 231
+ 78 129
+ 77 213
+ 77 173
+ 76 105
+ 76 167
+ 76 231
+ 75 179
+ 75 174
+ 75 210
+ 74 246
+ 74 128
+ 74 133
+ 73 196
+ 73 228
+ 73 189
+ 72 176
+ 72 148
+ 71 73
+ 71 228
+ 70 229
+ 70 98
+ 70 79
+ 70 198
+ 69 102
+ 69 152
+ 69 183
+ 69 195
+ 68 146
+ 68 230
+ 68 170
+ 67 130
+ 67 181
+ 67 153
+ 66 202
+ 66 190
+ 66 80
+ 65 122
+ 65 184
+ 64 176
+ 64 134
+ 64 144
+ 64 182
+ 63 154
+ 63 162
+ 62 124
+ 62 127
+ 62 178
+ 61 200
+ 61 63
+ 61 145
+ 60 111
+ 60 108
+ 60 133
+ 59 62
+ 59 211
+ 59 127
+ 58 112
+ 58 85
+ 58 121
+ 57 71
+ 57 129
+ 57 228
+ 56 224
+ 56 180
+ 56 215
+ 55 219
+ 55 138
+ 55 117
+ 54 205
+ 54 85
+ 54 121
+ 53 191
+ 53 197
+ 53 151
+ 52 118
+ 52 130
+ 52 233
+ 51 94
+ 51 246
+ 51 213
+ 51 173
+ 50 220
+ 50 95
+ 50 87
+ 49 225
+ 49 119
+ 49 192
+ 48 78
+ 48 231
+ 48 76
+ 48 167
+ 47 206
+ 47 188
+ 47 250
+ 46 136
+ 46 201
+ 46 135
+ 45 95
+ 45 50
+ 45 220
+ 45 156
+ 44 208
+ 44 157
+ 44 158
+ 43 189
+ 43 93
+ 43 196
+ 43 232
+ 42 123
+ 42 90
+ 42 97
+ 41 244
+ 41 177
+ 41 247
+ 40 112
+ 40 58
+ 40 118
+ 39 221
+ 39 223
+ 38 65
+ 38 91
+ 38 184
+ 37 83
+ 37 192
+ 37 204
+ 37 207
+ 36 101
+ 36 90
+ 36 123
+ 36 42
+ 35 212
+ 35 201
+ 35 209
+ 35 135
+ 34 188
+ 34 79
+ 34 47
+ 34 84
+ 33 199
+ 33 211
+ 33 59
+ 33 115
+ 32 40
+ 32 118
+ 32 112
+ 32 233
+ 31 193
+ 31 218
+ 31 226
+ 31 207
+ 30 129
+ 30 71
+ 30 78
+ 30 57
+ 29 200
+ 29 162
+ 29 61
+ 29 63
+ 28 187
+ 28 139
+ 28 216
+ 28 245
+ 27 224
+ 27 56
+ 27 107
+ 27 131
+ 26 194
+ 26 109
+ 25 26
+ 25 240
+ 25 109
+ 24 66
+ 24 80
+ 24 202
+ 24 96
+ 23 67
+ 23 233
+ 23 130
+ 23 52
+ 22 25
+ 22 194
+ 22 26
+ 22 169
+ 21 221
+ 21 236
+ 21 113
+ 21 143
+ 20 38
+ 20 184
+ 20 182
+ 20 91
+ 19 39
+ 19 143
+ 19 223
+ 19 221
+ 18 176
+ 18 148
+ 18 134
+ 18 72
+ 17 108
+ 17 119
+ 17 111
+ 17 49
+ 16 60
+ 16 108
+ 16 74
+ 16 133
+ 15 90
+ 15 181
+ 15 153
+ 15 97
+ 14 116
+ 14 141
+ 14 223
+ 14 39
+ 13 205
+ 13 243
+ 13 126
+ 13 54
+ 12 148
+ 12 214
+ 12 72
+ 12 132
+ 11 104
+ 11 136
+ 11 201
+ 11 46
+ 10 184
+ 10 234
+ 10 122
+ 10 65
+ 9 179
+ 9 75
+ 9 210
+ 9 175
+ 8 140
+ 8 158
+ 8 191
+ 8 208
+ 7 220
+ 7 179
+ 7 156
+ 7 174
+ 6 138
+ 6 149
+ 6 164
+ 6 55
+ 5 41
+ 5 247
+ 5 244
+ 5 149
+ 4 157
+ 4 132
+ 4 214
+ 4 165
+ 3 165
+ 3 44
+ 3 157
+ 3 208
+ 2 139
+ 2 142
+ 2 187
+ 2 120
- 1 131
- 1 27
- 1 56
- 1 185
- 1 152
- 1 102
- 1 125
- 1 220
- 1 41
- 1 155
- 1 206
- 1 188
- 1 166
- 1 89
- 1 104
- 1 88
- 1 14
- 1 39
- 1 194
- 1 25
- 1 234
- 1 10
- 1 176
- 1 44
- 1 8
- 1 191
- 1 53
- 1 151
- 1 197
- 1 140
- 1 158
- 1 208
- 1 3
- 1 157
- 1 165
- 1 4
- 1 148
- 1 214
- 1 132
- 1 12
- 1 72
- 1 18
- 1 134
- 1 144
- 1 64
- 1 182
- 1 20
- 1 91
- 1 38
- 1 184
- 1 65
- 1 122
- 1 99
- 1 86
- 1 150
- 1 240
- 1 109
- 1 26
- 1 22
- 1 169
- 1 114
- 1 249
- 1 236
- 1 21
- 1 113
- 1 143
- 1 221
- 1 19
- 1 223
- 1 141
- 1 116
- 1 103
- 1 136
- 1 46
- 1 11
- 1 201
- 1 35
- 1 135
- 1 212
- 1 209
- 1 110
- 1 163
- 1 98
- 1 70
- 1 198
- 1 229
- 1 79
- 1 84
- 1 34
- 1 47
- 1 250
- 1 138
- 1 219
- 1 172
- 1 117
- 1 55
- 1 6
- 1 164
- 1 244
- 1 149
- 1 5
- 1 247
- 1 248
- 1 177
- 1 190
- 1 66
- 1 80
- 1 199
- 1 96
- 1 24
- 1 202
- 1 238
- 1 115
- 1 33
- 1 59
- 1 211
- 1 127
- 1 62
- 1 178
- 1 203
- 1 124
- 1 106
- 1 175
- 1 9
- 1 210
- 1 75
- 1 179
- 1 174
- 1 7
- 1 156
- 1 45
- 1 50
- 1 87
- 1 95
- 1 237
- 1 137
- 1 222
- 1 160
- 1 171
- 1 195
- 1 69
- 1 183
- 1 242
- 1 235
- 1 215
- 1 180
- 1 224
- 1 107
- 1 92
- 1 170
- 1 101
- 1 90
- 1 23
- 1 29
- 1 200
- 1 73
- 1 71
- 1 48
- 1 77
- 1 213
- 1 173
- 1 51
- 1 94
- 1 246
- 1 16
- 1 74
- 1 128
- 1 133
- 1 60
- 1 108
- 1 225
- 1 119
- 1 111
- 1 17
- 1 49
- 1 192
- 1 83
- 1 226
- 1 204
- 1 37
- 1 207
- 1 31
- 1 218
- 1 239
- 1 100
- 1 227
- 1 193
- 1 159
- 1 82
- 1 217
- 1 120
- 1 2
- 1 142
- 1 139
- 1 187
- 1 105
- 1 216
- 1 28
- 1 245
- 1 167
- 1 76
- 1 231
- 1 129
- 1 78
- 1 30
- 1 57
- 1 228
- 1 189
- 1 93
- 1 196
- 1 43
- 1 232
- 1 168
- 1 145
- 1 61
- 1 63
- 1 118
- 1 40
- 1 58
- 1 121
- 1 205
- 1 243
- 1 241
- 1 154
- 1 162
- 1 186
- 1 126
- 1 13
- 1 54
- 1 85
- 1 112
- 1 32
- 1 233
- 1 52
- 1 130
- 1 181
- 1 67
- 1 153
- 1 15
- 1 97
- 1 42
- 1 36
- 1 123
- 1 161
- 146 1
