2482
+ 1 11
+ 1 95
+ 1 225
+ 1 29
+ 1 75
+ 1 67
+ 1 99
+ 1 22
+ 1 184
+ 1 106
+ 1 135
+ 1 187
+ 1 181
+ 1 105
+ 1 154
+ 1 159
+ 1 180
+ 1 91
+ 1 128
+ 1 157
+ 1 190
+ 1 25
+ 1 161
+ 1 89
+ 1 172
+ 1 245
+ 1 173
+ 1 76
+ 1 87
+ 1 131
+ 1 44
+ 1 117
+ 1 237
+ 1 73
+ 1 151
+ 1 213
+ 1 162
+ 1 219
+ 1 35
+ 1 160
+ 1 48
+ 1 224
+ 1 191
+ 1 33
+ 1 114
+ 1 59
+ 1 60
+ 1 178
+ 1 188
+ 1 57
+ 1 185
+ 1 158
+ 1 132
+ 1 148
+ 1 9
+ 1 137
+ 1 51
+ 1 133
+ 1 103
+ 1 232
+ 1 93
+ 1 34
+ 1 136
+ 1 129
+ 1 63
+ 1 119
+ 1 19
+ 1 14
+ 1 83
+ 1 234
+ 1 249
+ 1 38
+ 1 200
+ 1 216
+ 1 143
+ 1 222
+ 1 100
+ 1 97
+ 1 3
+ 1 152
+ 1 77
+ 1 194
+ 1 82
+ 1 179
+ 1 193
+ 1 233
+ 1 26
+ 1 21
+ 1 15
+ 1 150
+ 1 90
+ 1 72
+ 1 16
+ 1 198
+ 1 49
+ 1 197
+ 1 146
+ 1 140
+ 1 79
+ 1 39
+ 1 201
+ 1 65
+ 1 217
+ 1 112
+ 1 204
+ 1 202
+ 1 69
+ 1 61
+ 1 165
+ 1 118
+ 1 226
+ 1 115
+ 1 123
+ 1 8
+ 1 4
+ 1 53
+ 1 17
+ 1 206
+ 1 41
+ 1 186
+ 1 164
+ 1 242
+ 1 199
+ 1 182
+ 1 86
+ 1 43
+ 1 68
+ 1 24
+ 1 110
+ 1 47
+ 1 215
+ 1 37
+ 1 66
+ 1 94
+ 1 58
+ 1 141
+ 1 54
+ 1 78
+ 1 227
+ 1 85
+ 1 163
+ 1 81
+ 1 111
+ 1 2
+ 1 40
+ 1 248
+ 1 169
+ 1 138
+ 1 240
+ 1 56
+ 1 52
+ 1 124
+ 1 30
+ 1 243
+ 1 102
+ 1 236
+ 1 223
+ 1 113
+ 1 32
+ 1 96
+ 1 247
+ 1 55
+ 1 210
+ 1 228
+ 1 177
+ 1 84
+ 1 130
+ 1 13
+ 1 214
+ 1 174
+ 1 170
+ 1 18
+ 1 241
+ 1 98
+ 1 20
+ 1 229
+ 1 189
+ 1 6
+ 1 145
+ 1 166
+ 1 88
+ 1 42
+ 1 144
+ 1 211
+ 1 45
+ 1 239
+ 1 218
+ 1 212
+ 1 134
+ 1 156
+ 1 196
+ 1 153
+ 1 176
+ 1 101
+ 1 142
+ 1 122
+ 1 28
+ 1 36
+ 1 46
+ 1 220
+ 1 168
+ 1 27
+ 1 127
+ 1 203
+ 1 230
+ 1 70
+ 1 7
+ 1 147
+ 1 12
+ 1 64
+ 1 139
+ 1 62
+ 1 235
+ 1 104
+ 1 171
+ 1 23
+ 1 195
+ 1 238
+ 1 149
+ 1 183
+ 1 175
+ 1 10
+ 1 192
+ 1 208
+ 1 121
+ 1 116
+ 1 108
+ 1 250
+ 1 244
+ 1 109
+ 1 126
+ 1 207
+ 1 167
+ 1 5
+ 1 155
+ 1 107
+ 1 125
+ 1 205
+ 1 92
+ 1 31
+ 1 246
+ 1 221
+ 1 231
+ 1 120
+ 1 209
- 2 111
- 2 227
- 2 40
- 2 42
- 2 57
- 2 35
- 2 56
- 2 38
- 2 147
- 3 152
- 3 97
- 3 116
- 3 87
- 3 46
- 3 210
- 3 170
- 3 212
- 3 106
- 4 8
- 4 53
- 4 82
- 4 81
- 4 14
- 4 48
- 4 212
- 4 49
- 5 32
- 5 95
- 5 245
- 5 174
- 6 189
- 6 40
- 6 228
- 6 173
- 6 138
- 6 83
- 6 14
- 7 154
- 7 132
- 7 21
- 7 133
- 7 147
- 7 70
- 7 26
- 7 143
- 8 170
- 8 123
- 8 239
- 8 147
- 8 205
- 8 246
- 9 137
- 9 113
- 9 191
- 9 87
- 9 11
- 9 148
- 9 110
- 9 111
- 9 208
- 9 170
- 10 192
- 10 175
- 10 171
- 10 189
- 10 164
- 10 14
- 11 95
- 11 110
- 11 155
- 11 74
- 11 61
- 12 64
- 12 217
- 12 147
- 12 228
- 12 105
- 12 63
- 13 130
- 13 188
- 13 214
- 13 174
- 13 141
- 13 184
- 13 150
- 13 71
- 13 238
- 13 16
- 14 19
- 14 245
- 14 184
- 14 83
- 14 84
- 14 100
- 14 131
- 15 21
- 15 150
- 15 117
- 15 88
- 15 94
- 15 219
- 15 19
- 15 201
- 15 155
- 16 72
- 16 198
- 16 96
- 16 21
- 16 109
- 16 27
- 16 230
- 16 116
- 16 112
- 17 53
- 17 206
- 17 166
- 17 196
- 17 189
- 17 232
- 18 170
- 18 162
- 18 141
- 18 40
- 18 52
- 18 194
- 18 38
- 18 248
- 19 119
- 19 145
- 19 68
- 19 227
- 19 35
- 19 112
- 19 114
- 19 43
- 19 151
- 19 83
- 19 89
- 19 226
- 19 189
- 20 229
- 20 126
- 20 98
- 20 41
- 20 184
- 20 243
- 20 232
- 20 151
- 20 167
- 20 191
- 20 36
- 21 26
- 21 93
- 21 118
- 21 107
- 21 123
- 21 31
- 22 99
- 22 184
- 22 241
- 22 23
- 22 44
- 22 27
- 22 26
- 23 171
- 23 249
- 23 195
- 23 183
- 23 175
- 23 29
- 23 213
- 24 68
- 24 178
- 24 110
- 24 245
- 24 92
- 24 58
- 25 161
- 25 94
- 25 190
- 25 53
- 25 58
- 25 49
- 25 66
- 25 28
- 25 201
- 26 106
- 26 46
- 26 212
- 26 197
- 26 69
- 26 171
- 26 233
- 26 63
- 26 182
- 26 237
- 27 193
- 27 127
- 27 83
- 27 47
- 27 116
- 27 237
- 27 44
- 27 168
- 27 219
- 27 79
- 28 123
- 28 100
- 28 122
- 28 241
- 28 36
- 28 45
- 28 108
- 29 225
- 29 75
- 29 174
- 29 161
- 30 71
- 30 102
- 30 155
- 30 124
- 30 239
- 30 70
- 30 154
- 30 42
- 31 223
- 31 219
- 31 34
- 31 33
- 31 41
- 31 95
- 32 96
- 32 173
- 32 47
- 32 167
- 32 113
- 32 243
- 32 92
- 33 191
- 33 114
- 33 111
- 33 142
- 33 82
- 33 202
- 33 62
- 34 93
- 34 136
- 34 247
- 34 218
- 34 45
- 34 55
- 34 207
- 34 241
- 34 90
- 35 160
- 35 219
- 35 78
- 35 116
- 35 126
- 35 178
- 35 111
- 35 110
- 35 46
- 36 46
- 36 87
- 36 213
- 36 176
- 36 195
- 36 95
- 36 52
- 36 85
- 36 50
- 37 87
- 37 66
- 37 215
- 37 40
- 37 57
- 37 226
- 38 200
- 38 249
- 38 239
- 38 124
- 38 132
- 38 138
- 39 79
- 39 146
- 39 201
- 39 66
- 39 173
- 39 126
- 39 124
- 39 189
- 39 61
- 39 132
- 39 105
- 40 248
- 40 158
- 41 186
- 41 206
- 41 222
- 41 241
- 42 144
- 42 197
- 42 211
- 42 105
- 42 51
- 42 240
- 42 88
- 42 45
- 43 86
- 43 68
- 43 119
- 43 138
- 44 117
- 44 131
- 44 133
- 44 189
- 44 121
- 44 191
- 44 118
- 44 46
- 44 150
- 44 166
- 45 124
- 45 239
- 45 218
- 45 116
- 46 220
- 46 53
- 46 168
- 46 147
- 46 93
- 46 69
- 46 151
- 47 110
- 47 215
- 47 64
- 47 135
- 47 53
- 47 101
- 47 128
- 47 216
- 47 213
- 47 207
- 47 191
- 48 160
- 48 224
- 48 60
- 48 87
- 48 153
- 48 107
- 48 227
- 48 202
- 49 198
- 49 197
- 49 53
- 49 120
- 49 148
- 49 146
- 49 133
- 50 131
- 50 86
- 50 91
- 50 218
- 50 80
- 50 203
- 50 89
- 50 125
- 51 137
- 51 133
- 51 228
- 51 83
- 51 92
- 51 206
- 51 203
- 51 63
- 51 136
- 51 235
- 51 134
- 52 213
- 52 56
- 52 173
- 52 180
- 52 124
- 52 136
- 52 188
- 53 174
- 53 58
- 53 241
- 53 97
- 53 72
- 54 157
- 54 99
- 54 219
- 54 141
- 54 67
- 54 119
- 54 78
- 55 135
- 55 247
- 55 210
- 55 205
- 55 188
- 55 220
- 55 137
- 55 204
- 55 83
- 56 240
- 56 167
- 56 139
- 56 201
- 56 182
- 56 62
- 57 188
- 57 185
- 57 103
- 57 62
- 57 136
- 57 227
- 58 141
- 58 250
- 58 87
- 58 94
- 58 207
- 58 136
- 58 228
- 58 238
- 58 157
- 59 114
- 59 60
- 59 115
- 59 168
- 59 242
- 59 204
- 60 178
- 60 249
- 60 142
- 60 216
- 60 228
- 60 94
- 60 240
- 61 165
- 61 246
- 61 115
- 61 69
- 61 113
- 61 132
- 61 111
- 62 131
- 62 185
- 62 223
- 62 102
- 62 224
- 62 154
- 62 70
- 63 129
- 63 119
- 63 100
- 63 135
- 63 165
- 63 105
- 64 139
- 64 163
- 64 228
- 64 185
- 64 127
- 65 201
- 65 217
- 65 69
- 65 174
- 65 71
- 65 110
- 65 132
- 66 94
- 66 86
- 66 152
- 66 104
- 66 114
- 67 99
- 67 200
- 67 227
- 67 112
- 67 160
- 67 75
- 67 185
- 67 246
- 68 205
- 68 173
- 68 137
- 68 80
- 68 168
- 69 91
- 69 202
- 69 111
- 69 78
- 70 191
- 70 230
- 71 243
- 71 240
- 71 170
- 71 143
- 71 150
- 71 187
- 71 145
- 72 90
- 72 199
- 72 235
- 72 124
- 72 236
- 73 237
- 73 117
- 73 181
- 73 151
- 73 85
- 73 188
- 73 111
- 73 180
- 73 139
- 73 234
- 73 100
- 73 152
- 74 94
- 74 118
- 74 240
- 74 204
- 75 194
- 75 192
- 75 159
- 75 217
- 76 173
- 76 87
- 76 180
- 76 166
- 76 162
- 77 152
- 77 194
- 77 164
- 77 174
- 78 227
- 78 154
- 78 132
- 78 84
- 78 158
- 79 92
- 79 140
- 79 166
- 79 128
- 79 231
- 79 102
- 79 219
- 79 151
- 79 180
- 80 143
- 80 87
- 80 102
- 80 171
- 80 235
- 81 111
- 81 187
- 81 93
- 81 163
- 82 179
- 82 215
- 82 132
- 82 194
- 82 90
- 82 88
- 82 223
- 83 234
- 83 159
- 83 242
- 83 153
- 83 155
- 84 159
- 84 177
- 84 106
- 84 130
- 84 194
- 84 189
- 85 227
- 85 148
- 85 163
- 85 187
- 85 134
- 86 182
- 86 137
- 86 174
- 86 194
- 86 154
- 86 168
- 86 171
- 87 106
- 87 142
- 87 241
- 87 147
- 88 166
- 88 133
- 88 170
- 88 200
- 88 182
- 89 172
- 89 183
- 89 112
- 89 161
- 89 134
- 89 156
- 90 248
- 90 150
- 90 213
- 90 160
- 90 125
- 90 200
- 90 208
- 91 128
- 91 180
- 91 97
- 91 93
- 91 99
- 91 111
- 91 126
- 91 248
- 92 160
- 92 245
- 93 232
- 93 169
- 93 126
- 93 96
- 93 101
- 93 187
- 93 221
- 93 155
- 93 227
- 94 223
- 94 97
- 94 220
- 95 225
- 95 120
- 95 114
- 96 247
- 96 131
- 96 142
- 96 126
- 97 100
- 97 200
- 97 163
- 97 103
- 98 241
- 98 182
- 98 106
- 98 179
- 98 160
- 98 112
- 100 222
- 100 157
- 100 220
- 101 176
- 101 111
- 101 142
- 101 249
- 101 189
- 101 199
- 101 244
- 102 243
- 102 186
- 102 236
- 103 133
- 103 232
- 103 201
- 103 229
- 103 135
- 103 165
- 103 115
- 104 171
- 104 235
- 105 181
- 105 154
- 105 130
- 105 118
- 106 184
- 106 135
- 106 150
- 106 178
- 106 161
- 106 132
- 106 236
- 106 171
- 106 165
- 107 125
- 107 242
- 107 148
- 107 110
- 107 205
- 107 155
- 108 117
- 108 216
- 109 176
- 109 150
- 109 126
- 110 246
- 110 198
- 112 217
- 112 204
- 112 202
- 113 223
- 114 162
- 114 198
- 114 238
- 115 123
- 115 127
- 115 182
- 115 219
- 115 177
- 115 179
- 115 226
- 115 167
- 115 199
- 116 199
- 117 237
- 117 198
- 117 229
- 117 144
- 117 155
- 117 226
- 117 221
- 117 200
- 118 165
- 118 226
- 118 162
- 118 167
- 118 247
- 118 132
- 118 181
- 118 134
- 118 245
- 118 139
- 119 190
- 119 206
- 119 235
- 119 189
- 119 234
- 120 180
- 120 237
- 120 146
- 120 209
- 120 249
- 121 160
- 121 242
- 121 216
- 121 175
- 122 183
- 122 142
- 122 198
- 122 230
- 123 249
- 123 199
- 123 218
- 126 198
- 126 217
- 127 203
- 127 230
- 127 160
- 127 235
- 128 157
- 128 186
- 128 183
- 128 187
- 128 213
- 128 178
- 128 160
- 129 136
- 129 145
- 129 148
- 129 178
- 129 248
- 129 240
- 130 170
- 130 182
- 130 168
- 130 178
- 131 151
- 131 223
- 132 148
- 132 243
- 132 249
- 132 183
- 132 158
- 132 175
- 132 223
- 133 242
- 133 196
- 134 212
- 134 156
- 134 220
- 135 187
- 135 216
- 135 235
- 135 239
- 135 189
- 136 172
- 136 186
- 136 234
- 136 238
- 137 149
- 137 228
- 137 217
- 137 176
- 137 197
- 138 169
- 138 180
- 138 161
- 138 215
- 138 240
- 138 245
- 138 233
- 138 190
- 139 216
- 139 223
- 139 177
- 139 166
- 140 146
- 140 194
- 140 231
- 140 247
- 141 250
- 141 224
- 142 243
- 142 230
- 142 162
- 142 250
- 142 149
- 143 216
- 143 172
- 143 222
- 143 166
- 143 228
- 144 225
- 144 247
- 144 223
- 144 191
- 145 189
- 145 198
- 145 166
- 146 197
- 146 245
- 146 193
- 146 247
- 146 219
- 147 232
- 149 238
- 150 221
- 150 228
- 150 199
- 151 213
- 151 183
- 151 177
- 151 194
- 151 186
- 152 177
- 153 159
- 153 156
- 154 159
- 154 184
- 154 225
- 155 191
- 155 210
- 155 242
- 156 196
- 156 157
- 156 176
- 156 207
- 157 190
- 157 191
- 157 178
- 158 185
- 159 180
- 159 177
- 160 222
- 161 180
- 162 219
- 162 213
- 162 173
- 162 184
- 163 179
- 163 173
- 164 242
- 164 205
- 164 186
- 164 198
- 165 179
- 167 187
- 167 177
- 168 225
- 168 191
- 169 180
- 169 183
- 169 215
- 169 211
- 169 216
- 169 248
- 170 174
- 170 241
- 170 199
- 170 204
- 170 247
- 171 173
- 171 185
- 172 245
- 172 242
- 172 248
- 173 245
- 173 174
- 173 179
- 173 195
- 173 246
- 174 214
- 174 247
- 175 208
- 176 235
- 177 228
- 177 193
- 178 188
- 179 193
- 179 241
- 181 187
- 181 194
- 182 199
- 182 212
- 183 219
- 183 202
- 183 218
- 184 220
- 185 226
- 185 211
- 185 210
- 185 240
- 185 188
- 185 206
- 186 218
- 187 244
- 188 191
- 189 201
- 189 222
- 189 226
- 189 229
- 191 224
- 191 222
- 193 233
- 193 247
- 194 198
- 194 204
- 195 238
- 196 210
- 198 250
- 198 211
- 199 242
- 199 216
- 199 211
- 200 216
- 200 232
- 200 209
- 202 204
- 202 250
- 202 246
- 203 222
- 204 236
- 206 240
- 206 241
- 208 224
- 208 223
- 210 228
- 212 213
- 212 217
- 212 218
- 212 236
- 213 244
- 213 221
- 214 236
- 215 240
- 215 228
- 217 233
- 219 249
- 219 223
- 221 227
- 222 237
- 223 250
- 223 246
- 223 236
- 223 228
- 227 250
- 227 231
- 232 244
- 234 249
- 237 248
- 241 250
- 241 247
- 242 249
+ 244 245
+ 242 248
+ 240 248
+ 237 242
+ 235 243
+ 233 242
+ 230 249
+ 229 246
+ 227 228
+ 226 242
+ 226 233
+ 226 227
+ 225 235
+ 223 227
+ 222 240
+ 220 238
+ 219 242
+ 219 245
+ 219 246
+ 219 228
+ 218 221
+ 218 234
+ 218 231
+ 218 232
+ 218 230
+ 215 240
+ 215 245
+ 214 250
+ 212 223
+ 211 232
+ 210 224
+ 209 233
+ 209 240
+ 209 239
+ 207 246
+ 207 210
+ 206 244
+ 206 233
+ 206 237
+ 206 236
+ 205 225
+ 203 235
+ 203 213
+ 202 210
+ 201 248
+ 200 228
+ 200 209
+ 199 226
+ 198 215
+ 198 204
+ 198 210
+ 197 242
+ 197 209
+ 196 208
+ 196 225
+ 196 207
+ 195 212
+ 194 229
+ 194 200
+ 194 206
+ 193 227
+ 193 231
+ 192 231
+ 192 241
+ 191 199
+ 191 230
+ 191 245
+ 190 202
+ 190 207
+ 190 250
+ 190 216
+ 189 214
+ 189 198
+ 188 240
+ 187 236
+ 187 244
+ 187 193
+ 187 234
+ 187 198
+ 186 246
+ 185 200
+ 185 247
+ 184 201
+ 184 228
+ 183 197
+ 182 191
+ 182 210
+ 182 201
+ 182 206
+ 181 238
+ 180 234
+ 179 225
+ 178 236
+ 177 249
+ 177 220
+ 176 200
+ 176 182
+ 175 241
+ 174 231
+ 173 184
+ 172 219
+ 172 221
+ 171 201
+ 170 229
+ 170 231
+ 170 175
+ 170 244
+ 169 244
+ 169 196
+ 168 236
+ 168 216
+ 168 184
+ 168 210
+ 168 179
+ 167 250
+ 167 210
+ 166 178
+ 166 216
+ 165 231
+ 165 239
+ 165 201
+ 164 182
+ 164 187
+ 163 201
+ 163 176
+ 163 204
+ 163 235
+ 162 169
+ 162 193
+ 161 181
+ 161 233
+ 160 175
+ 160 218
+ 160 184
+ 159 227
+ 159 214
+ 159 224
+ 159 171
+ 159 200
+ 159 188
+ 159 197
+ 158 210
+ 158 183
+ 158 159
+ 158 206
+ 157 208
+ 157 212
+ 156 188
+ 155 216
+ 155 230
+ 155 233
+ 154 232
+ 153 228
+ 153 156
+ 153 179
+ 153 238
+ 152 213
+ 152 211
+ 152 210
+ 151 152
+ 151 247
+ 151 232
+ 150 218
+ 150 191
+ 150 199
+ 150 155
+ 149 202
+ 149 213
+ 149 162
+ 149 248
+ 149 242
+ 149 188
+ 148 250
+ 148 176
+ 148 201
+ 148 249
+ 147 199
+ 147 165
+ 147 208
+ 147 172
+ 146 214
+ 145 150
+ 145 175
+ 144 210
+ 144 147
+ 143 221
+ 143 245
+ 143 208
+ 141 153
+ 141 171
+ 141 223
+ 141 178
+ 141 179
+ 140 241
+ 140 160
+ 140 156
+ 139 214
+ 139 242
+ 138 232
+ 138 190
+ 138 205
+ 138 185
+ 138 145
+ 137 152
+ 137 155
+ 137 250
+ 136 140
+ 135 237
+ 135 194
+ 135 192
+ 135 156
+ 134 136
+ 134 221
+ 133 156
+ 133 192
+ 132 225
+ 132 235
+ 131 243
+ 130 212
+ 130 209
+ 130 187
+ 130 163
+ 130 151
+ 129 149
+ 129 136
+ 129 156
+ 128 181
+ 128 210
+ 128 137
+ 127 129
+ 127 170
+ 127 227
+ 127 238
+ 127 229
+ 127 192
+ 126 214
+ 126 233
+ 126 250
+ 126 197
+ 125 227
+ 125 175
+ 125 176
+ 125 210
+ 124 219
+ 124 205
+ 124 239
+ 123 242
+ 123 179
+ 123 149
+ 122 212
+ 122 190
+ 122 160
+ 122 220
+ 122 226
+ 122 134
+ 121 191
+ 121 222
+ 121 129
+ 121 154
+ 121 157
+ 120 177
+ 120 248
+ 120 238
+ 120 217
+ 120 250
+ 119 195
+ 119 182
+ 119 206
+ 119 204
+ 118 133
+ 118 144
+ 118 221
+ 118 231
+ 118 152
+ 118 155
+ 118 201
+ 118 216
+ 117 145
+ 117 129
+ 117 186
+ 116 182
+ 116 221
+ 116 238
+ 116 244
+ 116 247
+ 115 228
+ 115 204
+ 115 177
+ 115 246
+ 115 160
+ 114 123
+ 114 223
+ 114 166
+ 114 173
+ 114 185
+ 114 118
+ 113 250
+ 113 178
+ 113 116
+ 113 192
+ 113 149
+ 113 196
+ 113 144
+ 113 176
+ 112 215
+ 112 220
+ 112 241
+ 112 162
+ 112 114
+ 111 220
+ 111 181
+ 111 238
+ 111 222
+ 111 112
+ 110 215
+ 110 128
+ 110 116
+ 110 144
+ 110 213
+ 110 207
+ 110 249
+ 110 191
+ 110 232
+ 109 191
+ 109 133
+ 109 194
+ 109 247
+ 109 167
+ 109 225
+ 109 164
+ 109 163
+ 108 237
+ 108 150
+ 108 130
+ 108 159
+ 108 214
+ 108 194
+ 108 115
+ 107 192
+ 107 228
+ 107 156
+ 107 118
+ 106 231
+ 106 109
+ 106 139
+ 106 213
+ 105 183
+ 105 229
+ 105 243
+ 105 112
+ 104 207
+ 104 225
+ 104 193
+ 104 250
+ 104 134
+ 104 118
+ 103 248
+ 103 244
+ 103 203
+ 103 223
+ 103 236
+ 103 213
+ 102 160
+ 102 171
+ 102 155
+ 102 118
+ 101 156
+ 101 109
+ 101 198
+ 101 211
+ 101 128
+ 100 249
+ 100 212
+ 100 221
+ 100 228
+ 100 178
+ 100 189
+ 100 182
+ 99 114
+ 99 224
+ 99 204
+ 99 219
+ 99 130
+ 99 142
+ 98 241
+ 98 192
+ 98 178
+ 98 137
+ 98 234
+ 98 231
+ 98 237
+ 98 183
+ 97 110
+ 97 170
+ 96 189
+ 96 120
+ 96 136
+ 96 108
+ 95 121
+ 95 198
+ 95 144
+ 95 174
+ 95 225
+ 94 188
+ 94 182
+ 94 140
+ 94 136
+ 93 234
+ 93 158
+ 93 103
+ 93 212
+ 93 138
+ 93 149
+ 93 132
+ 92 202
+ 92 249
+ 92 104
+ 92 100
+ 91 107
+ 91 112
+ 91 209
+ 91 126
+ 91 239
+ 90 190
+ 90 104
+ 90 182
+ 90 240
+ 89 188
+ 89 179
+ 89 151
+ 89 126
+ 88 220
+ 88 240
+ 87 209
+ 87 128
+ 87 123
+ 87 213
+ 87 208
+ 86 89
+ 86 115
+ 86 223
+ 86 128
+ 85 146
+ 85 208
+ 85 102
+ 85 107
+ 85 89
+ 85 150
+ 84 161
+ 84 120
+ 84 121
+ 84 137
+ 83 142
+ 83 207
+ 83 107
+ 83 85
+ 83 139
+ 83 181
+ 83 189
+ 82 109
+ 81 182
+ 81 101
+ 81 229
+ 80 227
+ 80 171
+ 80 116
+ 80 169
+ 80 97
+ 80 232
+ 80 157
+ 80 173
+ 79 134
+ 79 206
+ 79 250
+ 79 110
+ 79 105
+ 79 161
+ 78 109
+ 78 159
+ 78 149
+ 78 245
+ 78 162
+ 78 220
+ 78 196
+ 78 142
+ 77 160
+ 77 78
+ 77 195
+ 77 190
+ 77 174
+ 77 187
+ 76 119
+ 76 203
+ 76 134
+ 76 146
+ 76 202
+ 76 206
+ 76 186
+ 76 115
+ 75 183
+ 75 113
+ 75 144
+ 75 140
+ 74 118
+ 73 85
+ 73 220
+ 73 235
+ 73 209
+ 73 89
+ 72 76
+ 72 192
+ 72 147
+ 72 236
+ 72 229
+ 72 158
+ 72 210
+ 72 244
+ 71 124
+ 71 236
+ 71 112
+ 71 140
+ 71 209
+ 70 95
+ 70 173
+ 70 157
+ 70 144
+ 70 234
+ 69 210
+ 69 248
+ 69 170
+ 69 247
+ 69 84
+ 69 130
+ 69 146
+ 69 143
+ 69 124
+ 69 71
+ 68 227
+ 68 231
+ 68 184
+ 68 209
+ 68 82
+ 67 83
+ 67 212
+ 67 94
+ 67 234
+ 67 115
+ 67 114
+ 67 245
+ 66 92
+ 66 190
+ 66 200
+ 66 207
+ 66 224
+ 66 110
+ 65 191
+ 65 146
+ 65 150
+ 65 98
+ 65 230
+ 65 219
+ 64 221
+ 64 130
+ 64 248
+ 64 74
+ 63 77
+ 63 179
+ 63 230
+ 63 162
+ 62 238
+ 62 117
+ 62 96
+ 62 92
+ 62 125
+ 62 233
+ 62 163
+ 62 192
+ 61 110
+ 61 224
+ 61 63
+ 61 188
+ 61 118
+ 61 161
+ 61 78
+ 61 117
+ 61 147
+ 60 76
+ 60 220
+ 60 217
+ 59 191
+ 59 147
+ 59 194
+ 59 104
+ 59 119
+ 59 215
+ 58 174
+ 58 151
+ 58 153
+ 58 168
+ 58 96
+ 58 228
+ 57 104
+ 57 67
+ 57 107
+ 57 111
+ 57 140
+ 56 248
+ 56 129
+ 55 164
+ 55 234
+ 55 228
+ 55 230
+ 55 223
+ 55 71
+ 54 117
+ 54 227
+ 54 153
+ 54 89
+ 54 72
+ 54 103
+ 54 150
+ 54 128
+ 54 138
+ 54 240
+ 54 97
+ 53 213
+ 53 175
+ 53 171
+ 53 195
+ 52 119
+ 52 106
+ 52 246
+ 52 192
+ 52 146
+ 52 118
+ 52 183
+ 52 247
+ 52 180
+ 51 74
+ 51 107
+ 51 241
+ 51 217
+ 51 78
+ 51 228
+ 51 60
+ 51 175
+ 51 131
+ 51 243
+ 51 207
+ 50 166
+ 50 197
+ 50 177
+ 50 94
+ 50 172
+ 50 233
+ 50 146
+ 50 130
+ 50 87
+ 50 55
+ 50 149
+ 49 113
+ 49 86
+ 49 128
+ 49 212
+ 48 53
+ 48 81
+ 48 73
+ 48 133
+ 47 209
+ 47 200
+ 47 78
+ 47 187
+ 47 233
+ 47 68
+ 47 137
+ 46 59
+ 46 152
+ 46 249
+ 46 174
+ 46 83
+ 45 216
+ 45 98
+ 45 111
+ 45 144
+ 45 179
+ 45 73
+ 45 226
+ 44 167
+ 44 89
+ 44 163
+ 44 193
+ 44 156
+ 44 50
+ 43 64
+ 43 217
+ 43 75
+ 43 209
+ 43 134
+ 42 132
+ 42 160
+ 42 93
+ 42 74
+ 42 78
+ 41 182
+ 41 204
+ 41 215
+ 41 223
+ 41 145
+ 41 191
+ 41 243
+ 41 239
+ 41 78
+ 41 72
+ 40 102
+ 40 101
+ 40 150
+ 40 136
+ 40 195
+ 40 43
+ 40 211
+ 39 130
+ 39 90
+ 39 242
+ 39 75
+ 39 113
+ 39 85
+ 39 86
+ 39 190
+ 39 88
+ 38 63
+ 38 122
+ 38 71
+ 38 134
+ 38 154
+ 38 64
+ 38 66
+ 37 38
+ 37 56
+ 37 117
+ 37 134
+ 37 152
+ 37 154
+ 37 104
+ 36 162
+ 36 84
+ 36 196
+ 36 179
+ 36 145
+ 36 245
+ 36 239
+ 36 142
+ 36 249
+ 36 71
+ 36 153
+ 36 158
+ 36 56
+ 35 194
+ 35 127
+ 35 130
+ 35 48
+ 35 45
+ 35 166
+ 35 44
+ 34 135
+ 34 149
+ 34 174
+ 34 212
+ 33 63
+ 33 183
+ 33 113
+ 33 229
+ 33 78
+ 33 185
+ 33 236
+ 33 247
+ 32 135
+ 32 76
+ 32 128
+ 32 127
+ 32 116
+ 32 131
+ 32 161
+ 32 235
+ 31 139
+ 31 82
+ 31 169
+ 31 46
+ 31 233
+ 31 67
+ 31 68
+ 31 239
+ 31 110
+ 30 37
+ 30 107
+ 30 205
+ 30 67
+ 30 150
+ 30 236
+ 30 163
+ 29 44
+ 29 92
+ 29 247
+ 29 217
+ 29 178
+ 29 227
+ 28 117
+ 28 103
+ 28 239
+ 28 215
+ 28 39
+ 27 57
+ 27 136
+ 27 212
+ 27 158
+ 27 165
+ 27 62
+ 27 208
+ 26 157
+ 26 192
+ 26 87
+ 26 126
+ 26 62
+ 26 105
+ 26 245
+ 26 235
+ 25 128
+ 25 235
+ 25 193
+ 25 72
+ 25 29
+ 24 212
+ 24 61
+ 24 96
+ 24 121
+ 24 233
+ 24 143
+ 23 229
+ 23 120
+ 23 188
+ 23 112
+ 22 108
+ 22 229
+ 22 160
+ 22 227
+ 22 210
+ 22 212
+ 22 29
+ 21 133
+ 21 112
+ 21 131
+ 20 119
+ 20 42
+ 20 106
+ 20 58
+ 20 109
+ 20 147
+ 20 246
+ 20 232
+ 20 177
+ 20 65
+ 20 202
+ 20 234
+ 20 206
+ 20 53
+ 20 219
+ 19 35
+ 19 203
+ 19 243
+ 19 164
+ 19 227
+ 19 192
+ 19 95
+ 19 39
+ 18 29
+ 18 156
+ 18 153
+ 18 120
+ 18 216
+ 18 178
+ 18 55
+ 17 196
+ 17 240
+ 17 49
+ 17 132
+ 17 220
+ 16 236
+ 16 146
+ 16 85
+ 16 20
+ 16 208
+ 16 56
+ 16 58
+ 15 189
+ 15 143
+ 15 93
+ 15 38
+ 15 64
+ 15 204
+ 15 196
+ 15 117
+ 14 212
+ 14 28
+ 14 57
+ 14 153
+ 13 177
+ 13 22
+ 13 138
+ 13 54
+ 13 236
+ 13 39
+ 13 30
+ 13 94
+ 13 26
+ 12 227
+ 12 211
+ 12 157
+ 12 197
+ 12 66
+ 12 212
+ 12 124
+ 12 101
+ 12 71
+ 12 208
+ 12 221
+ 12 244
+ 12 158
+ 12 250
+ 12 248
+ 12 167
+ 12 236
+ 12 32
+ 11 102
+ 11 77
+ 11 24
+ 11 54
+ 11 208
+ 11 72
+ 11 215
+ 11 192
+ 10 190
+ 10 53
+ 10 105
+ 10 227
+ 10 54
+ 9 149
+ 9 155
+ 9 188
+ 8 248
+ 8 224
+ 8 115
+ 8 227
+ 8 204
+ 8 139
+ 8 202
+ 8 150
+ 7 23
+ 7 159
+ 7 174
+ 7 204
+ 7 68
+ 6 163
+ 6 74
+ 6 71
+ 6 106
+ 6 13
+ 6 150
+ 6 120
+ 6 63
+ 5 53
+ 5 171
+ 5 235
+ 5 27
+ 4 51
+ 4 77
+ 4 72
+ 4 188
+ 4 116
+ 4 207
+ 4 127
+ 3 219
+ 3 9
+ 3 196
+ 3 130
+ 3 113
+ 3 208
+ 3 170
+ 3 26
+ 3 228
+ 3 35
+ 3 64
+ 3 75
+ 2 213
+ 2 155
+ 2 68
+ 2 85
+ 2 116
- 1 107
- 1 151
- 1 168
- 1 37
- 1 125
- 1 203
- 1 84
- 1 60
- 1 217
- 1 169
- 1 25
- 1 165
- 1 199
- 1 10
- 1 9
- 1 155
- 1 102
- 1 171
- 1 195
- 1 53
- 1 101
- 1 23
- 1 166
- 1 114
- 1 185
- 1 33
- 1 246
- 1 181
- 1 238
- 1 4
- 1 127
- 1 229
- 1 81
- 1 45
- 1 73
- 1 48
- 1 133
- 1 21
- 1 131
- 1 243
- 1 41
- 1 191
- 1 167
- 1 250
- 1 214
- 1 146
- 1 65
- 1 218
- 1 230
- 1 177
- 1 249
- 1 148
- 1 201
- 1 248
- 1 222
- 1 90
- 1 88
- 1 240
- 1 54
- 1 97
- 1 170
- 1 231
- 1 193
- 1 162
- 1 63
- 1 6
- 1 120
- 1 18
- 1 55
- 1 86
- 1 223
- 1 103
- 1 213
- 1 106
- 1 139
- 1 242
- 1 233
- 1 47
- 1 137
- 1 128
- 1 49
- 1 34
- 1 212
- 1 22
- 1 29
- 1 227
- 1 226
- 1 122
- 1 220
- 1 17
- 1 132
- 1 93
- 1 42
- 1 74
- 1 64
- 1 224
- 1 66
- 1 38
- 1 154
- 1 121
- 1 157
- 1 80
- 1 184
- 1 160
- 1 115
- 1 76
- 1 186
- 1 117
- 1 15
- 1 143
- 1 24
- 1 61
- 1 147
- 1 172
- 1 221
- 1 134
- 1 43
- 1 75
- 1 3
- 1 35
- 1 44
- 1 50
- 1 130
- 1 99
- 1 142
- 1 78
- 1 196
- 1 207
- 1 51
- 1 241
- 1 175
- 1 145
- 1 138
- 1 205
- 1 124
- 1 69
- 1 71
- 1 140
- 1 57
- 1 111
- 1 112
- 1 105
- 1 79
- 1 161
- 1 32
- 1 12
- 1 158
- 1 36
- 1 153
- 1 14
- 1 28
- 1 215
- 1 59
- 1 119
- 1 204
- 1 7
- 1 68
- 1 82
- 1 109
- 1 164
- 1 187
- 1 77
- 1 174
- 1 46
- 1 152
- 1 210
- 1 198
- 1 189
- 1 85
- 1 89
- 1 126
- 1 91
- 1 239
- 1 31
- 1 110
- 1 232
- 1 211
- 1 40
- 1 136
- 1 96
- 1 108
- 1 194
- 1 135
- 1 156
- 1 129
- 1 56
- 1 16
- 1 58
- 1 228
- 1 219
- 1 20
- 1 202
- 1 8
- 1 150
- 1 30
- 1 163
- 1 62
- 1 192
- 1 11
- 1 72
- 1 244
- 1 245
- 1 67
- 1 94
- 1 13
- 1 26
- 1 235
- 1 5
- 1 27
- 1 208
- 1 87
- 1 123
- 1 149
- 1 188
- 1 159
- 1 200
- 1 209
- 1 197
- 1 183
- 1 98
- 1 237
- 1 206
- 1 236
- 1 178
- 1 141
- 1 179
- 1 225
- 1 95
- 1 19
- 1 39
- 1 190
- 1 216
- 1 118
- 1 104
- 1 92
- 1 100
- 1 182
- 1 176
- 1 113
- 1 144
- 1 234
- 1 180
- 1 52
- 1 247
- 116 1
