2426
+ 1 45
+ 1 200
+ 1 172
+ 1 64
+ 1 153
+ 1 171
+ 1 83
+ 1 113
+ 1 2
+ 1 151
+ 1 181
+ 1 40
+ 1 90
+ 1 84
+ 1 247
+ 1 141
+ 1 105
+ 1 168
+ 1 18
+ 1 220
+ 1 135
+ 1 87
+ 1 14
+ 1 112
+ 1 170
+ 1 238
+ 1 242
+ 1 204
+ 1 225
+ 1 146
+ 1 182
+ 1 34
+ 1 102
+ 1 5
+ 1 31
+ 1 140
+ 1 93
+ 1 94
+ 1 186
+ 1 114
+ 1 233
+ 1 19
+ 1 95
+ 1 50
+ 1 210
+ 1 244
+ 1 38
+ 1 66
+ 1 7
+ 1 85
+ 1 81
+ 1 121
+ 1 52
+ 1 48
+ 1 47
+ 1 191
+ 1 109
+ 1 65
+ 1 108
+ 1 156
+ 1 98
+ 1 205
+ 1 15
+ 1 126
+ 1 86
+ 1 100
+ 1 133
+ 1 35
+ 1 176
+ 1 41
+ 1 42
+ 1 187
+ 1 21
+ 1 9
+ 1 77
+ 1 237
+ 1 24
+ 1 115
+ 1 17
+ 1 161
+ 1 39
+ 1 143
+ 1 203
+ 1 136
+ 1 122
+ 1 209
+ 1 239
+ 1 131
+ 1 196
+ 1 214
+ 1 80
+ 1 150
+ 1 236
+ 1 99
+ 1 127
+ 1 25
+ 1 162
+ 1 163
+ 1 51
+ 1 97
+ 1 119
+ 1 165
+ 1 184
+ 1 234
+ 1 157
+ 1 189
+ 1 20
+ 1 10
+ 1 82
+ 1 227
+ 1 206
+ 1 197
+ 1 62
+ 1 67
+ 1 240
+ 1 54
+ 1 71
+ 1 4
+ 1 72
+ 1 110
+ 1 32
+ 1 33
+ 1 137
+ 1 148
+ 1 44
+ 1 145
+ 1 56
+ 1 6
+ 1 212
+ 1 245
+ 1 30
+ 1 46
+ 1 167
+ 1 55
+ 1 91
+ 1 179
+ 1 195
+ 1 149
+ 1 79
+ 1 63
+ 1 118
+ 1 201
+ 1 69
+ 1 144
+ 1 125
+ 1 226
+ 1 107
+ 1 29
+ 1 89
+ 1 11
+ 1 43
+ 1 75
+ 1 92
+ 1 134
+ 1 124
+ 1 223
+ 1 36
+ 1 73
+ 1 3
+ 1 178
+ 1 70
+ 1 174
+ 1 232
+ 1 58
+ 1 49
+ 1 180
+ 1 129
+ 1 37
+ 1 117
+ 1 216
+ 1 218
+ 1 160
+ 1 16
+ 1 213
+ 1 202
+ 1 183
+ 1 246
+ 1 217
+ 1 154
+ 1 103
+ 1 207
+ 1 68
+ 1 23
+ 1 190
+ 1 198
+ 1 241
+ 1 159
+ 1 101
+ 1 169
+ 1 215
+ 1 96
+ 1 111
+ 1 120
+ 1 130
+ 1 248
+ 1 88
+ 1 60
+ 1 158
+ 1 138
+ 1 199
+ 1 123
+ 1 78
+ 1 61
+ 1 243
+ 1 164
+ 1 192
+ 1 8
+ 1 222
+ 1 106
+ 1 224
+ 1 155
+ 1 13
+ 1 74
+ 1 177
+ 1 211
+ 1 57
+ 1 235
+ 1 175
+ 1 104
+ 1 166
- 2 188
- 2 113
- 2 18
- 2 45
- 2 140
- 2 94
- 2 53
- 2 12
- 2 193
- 2 84
- 2 112
- 2 147
- 2 102
- 2 152
- 2 200
- 2 90
- 2 76
- 2 186
- 3 178
- 3 73
- 4 71
- 4 72
- 5 45
- 5 225
- 5 142
- 5 116
- 5 220
- 5 40
- 5 102
- 5 18
- 5 34
- 5 22
- 5 153
- 5 219
- 5 31
- 5 186
- 5 64
- 5 139
- 5 93
- 5 221
- 5 59
- 5 87
- 5 204
- 5 233
- 5 242
- 5 114
- 5 151
- 6 212
- 6 56
- 7 66
- 7 85
- 8 192
- 8 222
- 9 21
- 9 77
- 10 20
- 10 82
- 11 89
- 11 43
- 12 188
- 12 112
- 12 221
- 12 76
- 12 204
- 12 200
- 12 208
- 12 14
- 12 247
- 12 242
- 12 22
- 12 45
- 12 185
- 12 182
- 12 140
- 12 132
- 12 153
- 12 220
- 12 146
- 12 90
- 12 151
- 12 225
- 13 74
- 13 155
- 14 87
- 14 112
- 14 31
- 14 247
- 14 233
- 14 105
- 14 45
- 14 194
- 14 230
- 14 114
- 14 219
- 14 34
- 14 59
- 14 90
- 14 113
- 14 28
- 14 204
- 14 242
- 14 238
- 14 225
- 14 229
- 14 142
- 14 170
- 14 228
- 14 94
- 15 126
- 15 205
- 16 213
- 16 160
- 17 161
- 17 115
- 18 168
- 18 220
- 18 28
- 18 53
- 18 64
- 18 233
- 18 153
- 18 31
- 18 182
- 18 93
- 18 87
- 18 22
- 18 172
- 18 45
- 18 135
- 18 152
- 18 128
- 18 200
- 18 242
- 18 247
- 18 186
- 19 168
- 19 95
- 20 189
- 21 187
- 22 132
- 22 242
- 22 219
- 22 193
- 22 247
- 22 139
- 22 208
- 22 27
- 22 26
- 22 31
- 22 229
- 22 114
- 22 146
- 22 152
- 22 171
- 22 128
- 22 204
- 22 230
- 22 185
- 22 116
- 22 221
- 22 238
- 22 93
- 23 190
- 23 68
- 24 115
- 24 237
- 25 162
- 25 127
- 26 147
- 26 231
- 26 151
- 26 90
- 26 238
- 26 40
- 26 247
- 26 28
- 26 230
- 26 153
- 26 204
- 26 94
- 26 139
- 26 220
- 26 34
- 26 84
- 26 185
- 26 170
- 26 221
- 26 193
- 27 113
- 27 140
- 27 93
- 27 173
- 27 208
- 27 59
- 27 141
- 27 116
- 27 228
- 27 230
- 27 53
- 27 188
- 27 45
- 27 242
- 27 200
- 27 146
- 27 34
- 27 186
- 27 182
- 27 102
- 28 64
- 28 152
- 28 230
- 28 31
- 28 139
- 28 128
- 28 228
- 28 194
- 28 231
- 28 146
- 28 34
- 28 76
- 28 193
- 28 132
- 28 242
- 28 172
- 28 219
- 29 89
- 29 107
- 30 245
- 30 46
- 31 171
- 31 53
- 31 45
- 31 221
- 31 40
- 31 185
- 31 182
- 31 76
- 31 105
- 31 116
- 31 247
- 31 152
- 31 208
- 31 64
- 31 173
- 31 142
- 31 188
- 31 146
- 31 194
- 31 93
- 31 186
- 31 225
- 32 33
- 32 110
- 33 137
- 34 102
- 34 231
- 34 64
- 34 84
- 34 83
- 34 225
- 34 90
- 34 181
- 34 193
- 34 152
- 34 146
- 34 170
- 34 242
- 34 113
- 34 204
- 34 45
- 34 132
- 34 153
- 34 230
- 34 135
- 34 140
- 34 238
- 34 112
- 34 94
- 35 133
- 35 176
- 36 73
- 36 223
- 37 117
- 37 129
- 38 66
- 38 244
- 39 143
- 39 161
- 40 181
- 40 188
- 40 90
- 40 84
- 40 53
- 40 194
- 40 142
- 40 247
- 40 228
- 40 116
- 40 172
- 40 170
- 40 135
- 40 242
- 40 151
- 40 112
- 40 208
- 40 238
- 40 141
- 40 221
- 40 93
- 41 176
- 41 42
- 42 187
- 43 75
- 44 145
- 44 148
- 45 231
- 45 173
- 45 83
- 45 200
- 45 228
- 45 221
- 45 135
- 45 170
- 45 242
- 45 87
- 45 76
- 45 146
- 45 225
- 45 153
- 45 186
- 45 64
- 45 171
- 45 59
- 46 167
- 47 48
- 47 191
- 48 52
- 49 180
- 49 58
- 50 95
- 50 210
- 51 97
- 51 163
- 52 121
- 53 173
- 53 152
- 53 114
- 53 182
- 53 219
- 53 105
- 53 228
- 53 208
- 53 142
- 53 200
- 53 87
- 53 247
- 53 231
- 53 76
- 53 225
- 53 220
- 53 146
- 53 204
- 54 71
- 54 240
- 55 91
- 55 167
- 56 145
- 57 211
- 57 235
- 58 232
- 59 204
- 59 225
- 59 128
- 59 93
- 59 105
- 59 247
- 59 172
- 59 233
- 59 140
- 59 141
- 59 186
- 59 76
- 59 84
- 59 153
- 59 132
- 59 116
- 59 228
- 59 64
- 59 114
- 59 181
- 60 158
- 60 88
- 61 243
- 61 78
- 62 197
- 62 67
- 63 79
- 63 118
- 64 172
- 64 142
- 64 233
- 64 102
- 64 90
- 64 182
- 64 204
- 64 113
- 64 112
- 64 194
- 64 141
- 64 170
- 64 238
- 64 153
- 64 221
- 64 242
- 64 151
- 64 168
- 64 181
- 64 220
- 64 132
- 64 139
- 64 84
- 64 105
- 65 108
- 65 109
- 67 240
- 68 207
- 69 201
- 69 144
- 70 174
- 70 178
- 72 110
- 74 177
- 75 92
- 76 116
- 76 219
- 76 186
- 76 94
- 76 242
- 76 194
- 76 233
- 76 90
- 76 182
- 76 208
- 76 247
- 76 200
- 76 105
- 76 204
- 76 230
- 76 153
- 76 83
- 77 237
- 78 123
- 79 149
- 80 214
- 80 150
- 81 85
- 81 121
- 82 227
- 83 171
- 83 113
- 83 221
- 83 141
- 83 229
- 83 140
- 83 219
- 83 132
- 83 94
- 83 225
- 83 242
- 83 173
- 83 84
- 83 200
- 83 112
- 83 182
- 83 147
- 83 228
- 83 231
- 83 116
- 84 247
- 84 172
- 84 168
- 84 128
- 84 139
- 84 93
- 84 105
- 84 94
- 84 170
- 84 151
- 84 114
- 84 204
- 84 173
- 84 188
- 84 87
- 84 231
- 84 186
- 84 229
- 84 152
- 86 126
- 86 100
- 87 135
- 87 152
- 87 200
- 87 112
- 87 219
- 87 182
- 87 170
- 87 147
- 87 151
- 87 114
- 87 142
- 87 171
- 87 105
- 87 153
- 88 248
- 90 181
- 90 228
- 90 128
- 90 146
- 90 193
- 90 186
- 90 112
- 90 153
- 90 151
- 90 140
- 90 229
- 90 171
- 90 132
- 90 221
- 91 179
- 92 134
- 93 172
- 93 94
- 93 200
- 93 132
- 93 153
- 93 116
- 93 219
- 93 105
- 93 186
- 93 230
- 93 114
- 93 228
- 93 142
- 93 139
- 93 204
- 93 242
- 93 146
- 94 221
- 94 116
- 94 141
- 94 230
- 94 168
- 94 238
- 94 152
- 94 170
- 94 193
- 96 215
- 96 111
- 97 119
- 98 156
- 98 205
- 99 127
- 99 236
- 100 133
- 101 159
- 101 169
- 102 247
- 102 185
- 102 142
- 102 135
- 102 200
- 102 220
- 102 128
- 102 238
- 102 153
- 102 229
- 102 181
- 102 230
- 102 225
- 103 154
- 103 207
- 104 166
- 104 175
- 105 141
- 105 168
- 105 193
- 105 230
- 105 233
- 105 139
- 105 247
- 105 228
- 105 153
- 105 147
- 105 204
- 105 231
- 105 171
- 106 222
- 106 224
- 107 226
- 108 156
- 109 191
- 111 120
- 112 194
- 112 141
- 112 228
- 112 186
- 112 193
- 112 152
- 112 140
- 112 208
- 112 229
- 112 221
- 112 220
- 112 171
- 112 204
- 112 139
- 112 168
- 113 200
- 113 230
- 113 142
- 113 221
- 113 171
- 113 188
- 113 147
- 113 152
- 113 225
- 113 128
- 113 170
- 113 186
- 113 233
- 113 229
- 113 193
- 114 228
- 114 200
- 114 185
- 114 168
- 114 225
- 114 172
- 114 173
- 114 247
- 114 208
- 114 116
- 114 204
- 114 132
- 114 219
- 114 141
- 116 132
- 116 238
- 116 242
- 116 188
- 116 230
- 116 173
- 116 128
- 116 208
- 116 233
- 116 200
- 116 204
- 116 231
- 116 181
- 116 229
- 117 216
- 118 201
- 119 165
- 120 130
- 122 136
- 122 209
- 123 199
- 124 223
- 124 134
- 125 226
- 125 144
- 128 181
- 128 141
- 128 238
- 128 147
- 128 220
- 128 233
- 128 170
- 128 135
- 128 182
- 128 208
- 128 185
- 128 231
- 129 180
- 130 248
- 131 196
- 131 239
- 132 242
- 132 153
- 132 247
- 132 220
- 132 219
- 132 200
- 132 151
- 132 181
- 132 173
- 132 172
- 132 238
- 132 182
- 132 225
- 132 170
- 132 186
- 135 229
- 135 170
- 135 242
- 135 152
- 135 168
- 135 230
- 135 208
- 135 193
- 135 147
- 135 141
- 135 181
- 135 221
- 136 203
- 137 148
- 138 199
- 138 158
- 139 231
- 139 247
- 139 142
- 139 188
- 139 173
- 139 185
- 139 171
- 139 204
- 140 231
- 140 171
- 140 221
- 140 219
- 140 185
- 140 225
- 140 229
- 140 153
- 140 147
- 140 194
- 140 152
- 140 146
- 140 151
- 140 238
- 140 220
- 140 188
- 141 247
- 141 142
- 141 221
- 141 238
- 141 171
- 141 152
- 141 182
- 141 186
- 141 219
- 141 153
- 141 146
- 141 170
- 142 221
- 142 228
- 142 171
- 142 147
- 142 172
- 142 200
- 142 231
- 142 233
- 142 185
- 142 153
- 142 173
- 142 225
- 143 203
- 146 182
- 146 204
- 146 208
- 146 171
- 146 186
- 146 228
- 146 194
- 146 242
- 146 231
- 146 153
- 146 170
- 146 181
- 146 168
- 147 188
- 147 172
- 147 238
- 147 208
- 147 151
- 147 220
- 147 186
- 147 204
- 147 193
- 149 195
- 150 236
- 151 228
- 151 225
- 151 170
- 151 171
- 151 182
- 151 204
- 151 220
- 151 242
- 151 194
- 151 233
- 151 221
- 152 220
- 152 170
- 152 181
- 152 242
- 152 231
- 152 221
- 152 182
- 152 194
- 152 230
- 153 171
- 153 225
- 153 186
- 153 221
- 153 173
- 153 208
- 153 242
- 153 220
- 153 200
- 153 229
- 153 219
- 153 233
- 153 188
- 153 231
- 153 204
- 154 217
- 155 224
- 157 189
- 157 234
- 159 241
- 160 218
- 162 163
- 164 243
- 164 192
- 165 184
- 168 228
- 168 170
- 168 220
- 168 208
- 169 215
- 170 194
- 170 173
- 170 220
- 170 181
- 170 171
- 170 231
- 170 221
- 170 233
- 170 172
- 170 225
- 170 208
- 170 228
- 171 193
- 171 200
- 171 230
- 171 231
- 172 200
- 172 233
- 172 228
- 172 173
- 172 219
- 172 182
- 173 182
- 173 219
- 173 186
- 173 225
- 173 238
- 173 204
- 173 193
- 173 220
- 173 181
- 174 232
- 175 235
- 177 211
- 179 195
- 181 228
- 181 204
- 181 186
- 181 230
- 181 219
- 181 208
- 181 188
- 181 247
- 181 238
- 181 221
- 181 225
- 181 229
- 182 238
- 182 193
- 182 200
- 182 230
- 182 219
- 182 194
- 182 188
- 182 242
- 182 221
- 183 202
- 183 246
- 184 234
- 185 238
- 185 233
- 185 230
- 185 188
- 185 229
- 185 200
- 185 225
- 186 225
- 186 220
- 186 242
- 186 231
- 186 204
- 186 188
- 186 194
- 188 231
- 188 233
- 188 225
- 188 247
- 190 198
- 193 233
- 193 225
- 194 220
- 194 225
- 194 247
- 196 214
- 197 206
- 198 241
- 200 231
- 200 225
- 200 204
- 200 242
- 202 213
- 204 219
- 204 238
- 204 233
- 204 225
- 206 227
- 208 225
- 208 238
- 208 242
- 208 229
- 208 233
- 209 239
- 210 244
- 212 245
- 216 218
- 217 246
- 219 231
- 219 225
- 219 229
- 219 228
- 219 233
- 219 242
- 220 229
- 220 233
- 220 242
- 220 228
- 220 225
- 220 221
- 221 231
- 221 242
- 221 238
- 225 229
- 225 231
- 228 233
- 228 242
- 229 231
- 229 233
- 229 238
- 230 247
- 238 242
+ 245 246
+ 243 244
+ 242 246
+ 240 247
+ 240 246
+ 240 242
+ 239 242
+ 239 245
+ 238 247
+ 238 240
+ 229 242
+ 225 246
+ 225 240
+ 215 225
+ 215 247
+ 215 246
+ 211 236
+ 210 224
+ 210 240
+ 210 239
+ 210 229
+ 210 242
+ 209 212
+ 209 217
+ 208 224
+ 208 210
+ 208 245
+ 208 229
+ 207 245
+ 207 229
+ 207 239
+ 207 240
+ 207 238
+ 204 225
+ 204 238
+ 204 246
+ 204 240
+ 204 242
+ 203 207
+ 203 224
+ 203 204
+ 203 229
+ 202 248
+ 198 207
+ 198 239
+ 198 203
+ 198 225
+ 193 246
+ 193 242
+ 193 225
+ 193 204
+ 193 245
+ 193 238
+ 192 242
+ 192 193
+ 192 239
+ 192 215
+ 192 224
+ 192 208
+ 192 204
+ 192 247
+ 192 245
+ 192 246
+ 192 207
+ 190 221
+ 189 222
+ 188 240
+ 188 239
+ 188 204
+ 188 229
+ 188 210
+ 188 192
+ 188 242
+ 188 245
+ 188 224
+ 188 247
+ 188 246
+ 188 193
+ 188 225
+ 186 215
+ 186 229
+ 186 210
+ 186 198
+ 186 224
+ 186 238
+ 186 246
+ 186 207
+ 186 208
+ 184 246
+ 184 208
+ 184 245
+ 184 210
+ 184 188
+ 184 239
+ 184 242
+ 182 240
+ 182 208
+ 182 186
+ 182 229
+ 182 247
+ 182 184
+ 182 246
+ 180 235
+ 178 183
+ 177 180
+ 175 222
+ 175 181
+ 173 221
+ 172 237
+ 171 246
+ 171 242
+ 171 238
+ 171 240
+ 171 245
+ 171 239
+ 171 186
+ 171 193
+ 171 229
+ 169 224
+ 169 225
+ 169 247
+ 169 182
+ 169 184
+ 166 218
+ 165 238
+ 165 215
+ 165 242
+ 165 204
+ 165 182
+ 165 239
+ 165 229
+ 165 245
+ 165 240
+ 165 169
+ 165 198
+ 165 208
+ 165 193
+ 164 219
+ 163 170
+ 162 236
+ 160 176
+ 159 212
+ 158 239
+ 158 184
+ 158 192
+ 158 182
+ 158 198
+ 158 208
+ 158 238
+ 158 171
+ 158 225
+ 158 247
+ 157 182
+ 157 184
+ 157 215
+ 157 188
+ 157 242
+ 156 247
+ 156 239
+ 156 225
+ 156 208
+ 156 246
+ 155 197
+ 155 178
+ 154 194
+ 153 204
+ 153 171
+ 153 186
+ 153 246
+ 153 208
+ 153 210
+ 153 182
+ 152 228
+ 151 248
+ 149 232
+ 148 223
+ 147 154
+ 146 162
+ 145 203
+ 145 184
+ 145 247
+ 145 240
+ 145 153
+ 145 215
+ 145 186
+ 145 158
+ 145 225
+ 145 156
+ 144 244
+ 143 215
+ 143 203
+ 143 169
+ 143 198
+ 143 156
+ 143 239
+ 143 182
+ 143 192
+ 143 242
+ 143 208
+ 143 193
+ 143 245
+ 143 153
+ 143 207
+ 143 246
+ 143 158
+ 142 150
+ 141 196
+ 140 164
+ 139 246
+ 139 247
+ 139 210
+ 139 207
+ 139 157
+ 139 188
+ 139 153
+ 139 192
+ 139 203
+ 139 171
+ 139 208
+ 139 229
+ 139 204
+ 139 145
+ 138 200
+ 138 226
+ 134 144
+ 134 177
+ 133 156
+ 133 198
+ 133 208
+ 133 215
+ 133 188
+ 133 158
+ 133 171
+ 133 192
+ 133 239
+ 133 184
+ 133 245
+ 133 210
+ 133 203
+ 133 246
+ 131 160
+ 130 187
+ 130 211
+ 129 142
+ 128 151
+ 126 182
+ 126 242
+ 126 210
+ 126 208
+ 126 139
+ 126 239
+ 126 204
+ 126 171
+ 126 186
+ 126 215
+ 126 192
+ 124 184
+ 124 139
+ 124 153
+ 124 145
+ 124 156
+ 124 203
+ 124 210
+ 124 157
+ 124 204
+ 124 158
+ 124 246
+ 124 165
+ 124 188
+ 122 157
+ 122 193
+ 122 229
+ 122 169
+ 122 245
+ 122 156
+ 122 143
+ 122 133
+ 122 165
+ 122 247
+ 122 182
+ 122 192
+ 119 137
+ 118 199
+ 118 183
+ 117 174
+ 117 125
+ 116 246
+ 116 208
+ 116 242
+ 116 207
+ 116 245
+ 116 126
+ 116 239
+ 116 224
+ 116 158
+ 116 225
+ 115 185
+ 115 181
+ 114 169
+ 114 224
+ 114 215
+ 114 204
+ 114 239
+ 114 157
+ 114 246
+ 114 184
+ 114 198
+ 114 165
+ 114 240
+ 114 203
+ 114 225
+ 114 139
+ 113 121
+ 113 161
+ 112 193
+ 112 169
+ 112 186
+ 112 116
+ 112 124
+ 112 239
+ 112 188
+ 112 153
+ 112 207
+ 112 143
+ 112 133
+ 112 238
+ 112 114
+ 112 229
+ 111 219
+ 111 234
+ 110 114
+ 110 169
+ 110 203
+ 110 215
+ 110 153
+ 110 158
+ 110 139
+ 110 245
+ 110 239
+ 110 182
+ 110 247
+ 110 193
+ 110 143
+ 110 242
+ 110 157
+ 109 213
+ 108 198
+ 108 182
+ 108 238
+ 108 192
+ 108 239
+ 108 184
+ 108 145
+ 108 186
+ 108 207
+ 108 240
+ 108 215
+ 108 139
+ 107 240
+ 107 153
+ 107 198
+ 107 158
+ 107 108
+ 107 224
+ 107 247
+ 107 210
+ 107 114
+ 107 122
+ 107 139
+ 107 145
+ 107 112
+ 107 203
+ 106 230
+ 105 152
+ 105 233
+ 104 176
+ 103 215
+ 103 198
+ 103 239
+ 103 114
+ 103 110
+ 103 133
+ 103 126
+ 103 208
+ 103 240
+ 103 143
+ 103 165
+ 103 108
+ 103 156
+ 103 192
+ 103 124
+ 103 229
+ 102 186
+ 102 124
+ 102 145
+ 102 114
+ 102 239
+ 102 192
+ 102 240
+ 102 165
+ 102 224
+ 102 188
+ 102 215
+ 102 182
+ 102 126
+ 102 169
+ 102 122
+ 102 158
+ 102 156
+ 102 238
+ 102 247
+ 101 174
+ 100 194
+ 98 220
+ 97 120
+ 97 121
+ 96 108
+ 96 102
+ 96 192
+ 96 156
+ 96 133
+ 96 169
+ 96 203
+ 96 198
+ 96 110
+ 96 157
+ 96 246
+ 96 247
+ 96 171
+ 96 208
+ 96 153
+ 96 124
+ 96 112
+ 96 103
+ 96 158
+ 96 204
+ 96 126
+ 95 216
+ 95 179
+ 94 161
+ 93 163
+ 92 214
+ 91 167
+ 90 208
+ 90 182
+ 90 242
+ 90 102
+ 90 203
+ 90 133
+ 90 112
+ 90 124
+ 90 215
+ 90 145
+ 90 114
+ 90 184
+ 89 104
+ 88 185
+ 87 206
+ 86 100
+ 86 167
+ 84 201
+ 83 172
+ 83 241
+ 82 156
+ 82 103
+ 82 153
+ 82 112
+ 82 157
+ 82 143
+ 82 198
+ 82 210
+ 82 110
+ 82 208
+ 82 184
+ 82 114
+ 82 182
+ 82 240
+ 82 193
+ 82 204
+ 82 215
+ 82 102
+ 82 165
+ 81 125
+ 80 93
+ 80 123
+ 79 241
+ 78 127
+ 78 187
+ 77 233
+ 77 99
+ 76 191
+ 76 94
+ 75 190
+ 74 168
+ 74 179
+ 73 191
+ 73 201
+ 72 223
+ 72 173
+ 70 200
+ 69 149
+ 68 79
+ 68 195
+ 67 139
+ 67 215
+ 67 102
+ 67 224
+ 67 112
+ 67 184
+ 67 208
+ 67 192
+ 67 210
+ 67 207
+ 67 171
+ 67 96
+ 67 116
+ 67 242
+ 66 168
+ 66 202
+ 65 205
+ 65 195
+ 64 71
+ 64 136
+ 63 227
+ 62 99
+ 62 98
+ 61 224
+ 61 186
+ 61 165
+ 61 139
+ 61 245
+ 61 184
+ 61 122
+ 61 238
+ 61 215
+ 61 229
+ 61 143
+ 61 96
+ 61 208
+ 61 102
+ 61 110
+ 61 169
+ 60 106
+ 59 214
+ 59 148
+ 58 92
+ 58 101
+ 57 205
+ 57 150
+ 56 70
+ 55 192
+ 55 165
+ 55 110
+ 55 215
+ 55 238
+ 55 242
+ 55 229
+ 55 102
+ 55 207
+ 55 245
+ 55 156
+ 55 158
+ 55 143
+ 54 132
+ 54 81
+ 52 169
+ 52 67
+ 52 193
+ 52 207
+ 52 143
+ 52 158
+ 52 182
+ 52 108
+ 52 157
+ 52 126
+ 52 245
+ 52 96
+ 52 192
+ 52 246
+ 52 112
+ 52 242
+ 51 166
+ 50 229
+ 50 240
+ 50 124
+ 50 208
+ 50 108
+ 50 184
+ 50 192
+ 50 82
+ 50 139
+ 50 169
+ 50 116
+ 49 237
+ 49 53
+ 48 56
+ 48 228
+ 47 247
+ 47 116
+ 47 145
+ 47 186
+ 47 158
+ 47 239
+ 47 52
+ 47 242
+ 47 204
+ 47 102
+ 47 107
+ 47 184
+ 47 245
+ 47 193
+ 47 124
+ 47 215
+ 47 207
+ 46 231
+ 46 128
+ 45 135
+ 45 140
+ 44 208
+ 44 108
+ 44 52
+ 44 239
+ 44 225
+ 44 50
+ 44 133
+ 44 165
+ 44 103
+ 44 158
+ 44 102
+ 44 55
+ 44 245
+ 44 143
+ 44 153
+ 44 67
+ 44 114
+ 44 182
+ 44 90
+ 43 197
+ 43 71
+ 42 231
+ 42 69
+ 41 216
+ 40 196
+ 40 75
+ 39 53
+ 38 189
+ 38 159
+ 37 123
+ 37 227
+ 36 137
+ 35 41
+ 35 199
+ 34 147
+ 34 39
+ 33 116
+ 33 182
+ 33 224
+ 33 229
+ 33 139
+ 33 90
+ 33 156
+ 33 124
+ 33 114
+ 33 44
+ 33 186
+ 33 207
+ 33 192
+ 33 67
+ 33 165
+ 33 204
+ 33 240
+ 32 234
+ 32 63
+ 31 239
+ 31 103
+ 31 246
+ 31 245
+ 31 193
+ 31 182
+ 31 126
+ 31 114
+ 31 210
+ 31 207
+ 31 110
+ 31 116
+ 31 153
+ 31 188
+ 31 55
+ 31 186
+ 31 50
+ 31 192
+ 30 247
+ 30 224
+ 30 182
+ 30 145
+ 30 103
+ 30 225
+ 30 139
+ 30 107
+ 30 156
+ 30 82
+ 30 171
+ 30 192
+ 30 193
+ 30 229
+ 30 188
+ 30 33
+ 30 55
+ 30 208
+ 30 50
+ 30 242
+ 30 239
+ 29 218
+ 29 85
+ 28 84
+ 27 247
+ 27 122
+ 27 110
+ 27 242
+ 27 182
+ 27 156
+ 27 108
+ 27 246
+ 27 52
+ 27 33
+ 27 186
+ 27 103
+ 27 82
+ 27 204
+ 27 193
+ 27 107
+ 27 169
+ 26 119
+ 26 28
+ 25 184
+ 25 102
+ 25 242
+ 25 225
+ 25 143
+ 25 153
+ 25 246
+ 25 139
+ 25 96
+ 25 31
+ 25 215
+ 25 27
+ 25 108
+ 25 67
+ 25 145
+ 25 210
+ 25 114
+ 25 186
+ 25 158
+ 25 157
+ 25 50
+ 25 33
+ 25 245
+ 25 112
+ 25 82
+ 25 247
+ 25 240
+ 25 193
+ 25 52
+ 25 204
+ 24 109
+ 23 235
+ 23 122
+ 22 203
+ 22 90
+ 22 215
+ 22 55
+ 22 145
+ 22 245
+ 22 184
+ 22 61
+ 22 158
+ 22 82
+ 22 224
+ 22 108
+ 22 204
+ 22 124
+ 22 156
+ 22 31
+ 22 102
+ 22 143
+ 22 157
+ 22 112
+ 22 210
+ 22 96
+ 21 217
+ 21 129
+ 20 204
+ 20 158
+ 20 67
+ 20 133
+ 20 139
+ 20 171
+ 20 165
+ 20 116
+ 20 203
+ 20 186
+ 20 188
+ 20 47
+ 20 157
+ 20 198
+ 20 182
+ 20 238
+ 20 247
+ 20 145
+ 20 240
+ 20 224
+ 20 107
+ 20 112
+ 20 90
+ 19 213
+ 19 141
+ 18 47
+ 18 184
+ 18 239
+ 18 124
+ 18 158
+ 18 44
+ 18 30
+ 18 31
+ 18 122
+ 18 247
+ 18 238
+ 18 156
+ 18 245
+ 18 52
+ 18 33
+ 18 50
+ 18 27
+ 18 139
+ 18 22
+ 18 110
+ 18 215
+ 18 242
+ 18 133
+ 18 171
+ 18 145
+ 18 107
+ 18 165
+ 18 203
+ 18 224
+ 18 186
+ 18 169
+ 18 112
+ 17 88
+ 17 89
+ 16 60
+ 15 16
+ 15 132
+ 14 146
+ 14 136
+ 13 31
+ 13 20
+ 13 239
+ 13 44
+ 13 116
+ 13 215
+ 13 203
+ 13 133
+ 13 246
+ 13 224
+ 13 61
+ 13 82
+ 13 112
+ 13 27
+ 13 192
+ 13 247
+ 13 153
+ 13 242
+ 13 225
+ 13 245
+ 13 55
+ 13 198
+ 13 158
+ 13 33
+ 13 47
+ 12 135
+ 12 243
+ 11 52
+ 11 33
+ 11 239
+ 11 145
+ 11 207
+ 11 50
+ 11 156
+ 11 61
+ 11 158
+ 11 30
+ 11 107
+ 11 169
+ 11 126
+ 11 247
+ 11 124
+ 11 165
+ 11 203
+ 11 47
+ 11 114
+ 11 184
+ 11 90
+ 10 184
+ 10 182
+ 10 67
+ 10 61
+ 10 242
+ 10 18
+ 10 108
+ 10 157
+ 10 30
+ 10 239
+ 10 165
+ 10 114
+ 10 124
+ 10 47
+ 10 25
+ 10 96
+ 10 13
+ 10 156
+ 10 112
+ 9 24
+ 9 206
+ 8 131
+ 8 220
+ 7 226
+ 7 120
+ 6 210
+ 6 103
+ 6 50
+ 6 11
+ 6 198
+ 6 245
+ 6 18
+ 6 114
+ 6 27
+ 6 156
+ 6 47
+ 6 238
+ 6 242
+ 6 90
+ 6 192
+ 6 96
+ 6 239
+ 6 182
+ 6 225
+ 6 247
+ 6 25
+ 6 203
+ 6 133
+ 6 240
+ 6 143
+ 6 31
+ 6 171
+ 6 184
+ 5 170
+ 5 87
+ 4 232
+ 4 230
+ 3 31
+ 3 229
+ 3 11
+ 3 153
+ 3 203
+ 3 20
+ 3 182
+ 3 107
+ 3 82
+ 3 246
+ 3 103
+ 3 13
+ 3 133
+ 3 44
+ 3 96
+ 3 110
+ 3 90
+ 3 245
+ 3 114
+ 3 224
+ 3 240
+ 3 47
+ 3 10
+ 3 22
+ 3 247
+ 3 157
+ 3 165
+ 3 139
+ 2 36
+ 2 51
- 1 198
- 1 103
- 1 67
- 1 224
- 1 61
- 1 11
- 1 145
- 1 156
- 1 10
- 1 3
- 1 157
- 1 110
- 1 242
- 1 52
- 1 245
- 1 239
- 1 30
- 1 50
- 1 31
- 1 55
- 1 143
- 1 153
- 1 210
- 1 22
- 1 96
- 1 126
- 1 215
- 1 108
- 1 139
- 1 114
- 1 44
- 1 182
- 1 246
- 1 133
- 1 203
- 1 107
- 1 27
- 1 169
- 1 18
- 1 186
- 1 208
- 1 229
- 1 112
- 1 20
- 1 90
- 1 184
- 1 6
- 1 171
- 1 193
- 1 238
- 1 102
- 1 247
- 1 158
- 1 116
- 1 225
- 1 188
- 1 124
- 1 165
- 1 82
- 1 204
- 1 25
- 1 240
- 1 33
- 1 13
- 1 47
- 1 207
- 1 192
- 1 122
- 1 23
- 1 235
- 1 180
- 1 177
- 1 134
- 1 144
- 1 244
- 1 243
- 1 12
- 1 135
- 1 45
- 1 140
- 1 164
- 1 219
- 1 111
- 1 234
- 1 32
- 1 63
- 1 227
- 1 37
- 1 123
- 1 80
- 1 93
- 1 163
- 1 170
- 1 5
- 1 87
- 1 206
- 1 9
- 1 24
- 1 109
- 1 213
- 1 19
- 1 141
- 1 196
- 1 40
- 1 75
- 1 190
- 1 221
- 1 173
- 1 72
- 1 223
- 1 148
- 1 59
- 1 214
- 1 92
- 1 58
- 1 101
- 1 174
- 1 117
- 1 125
- 1 81
- 1 54
- 1 132
- 1 15
- 1 16
- 1 60
- 1 106
- 1 230
- 1 4
- 1 232
- 1 149
- 1 69
- 1 42
- 1 231
- 1 46
- 1 128
- 1 151
- 1 248
- 1 202
- 1 66
- 1 168
- 1 74
- 1 179
- 1 95
- 1 216
- 1 41
- 1 35
- 1 199
- 1 118
- 1 183
- 1 178
- 1 155
- 1 197
- 1 43
- 1 71
- 1 64
- 1 136
- 1 14
- 1 146
- 1 162
- 1 236
- 1 211
- 1 130
- 1 187
- 1 78
- 1 85
- 1 29
- 1 218
- 1 166
- 1 51
- 1 2
- 1 36
- 1 137
- 1 119
- 1 26
- 1 28
- 1 84
- 1 201
- 1 73
- 1 191
- 1 76
- 1 94
- 1 161
- 1 113
- 1 121
- 1 97
- 1 120
- 1 7
- 1 226
- 1 138
- 1 200
- 1 70
- 1 56
- 1 48
- 1 228
- 1 152
- 1 105
- 1 233
- 1 77
- 1 99
- 1 62
- 1 98
- 1 220
- 1 8
- 1 131
- 1 160
- 1 176
- 1 104
- 1 89
- 1 17
- 1 88
- 1 185
- 1 115
- 1 181
- 1 175
- 1 222
- 1 189
- 1 38
- 1 159
- 1 212
- 1 209
- 1 217
- 1 21
- 1 129
- 1 142
- 1 150
- 1 57
- 1 205
- 1 65
- 1 195
- 1 68
- 1 79
- 1 241
- 1 83
- 1 172
- 1 237
- 1 49
- 1 53
- 1 39
- 1 34
- 1 147
- 1 154
- 1 194
- 1 100
- 1 86
- 167 1
