2214
+ 1 131
+ 1 71
+ 1 50
+ 1 111
+ 1 203
+ 1 17
+ 1 123
+ 1 40
+ 1 3
+ 1 213
+ 1 45
+ 1 188
+ 1 211
+ 1 30
+ 1 8
+ 1 119
+ 1 47
+ 1 171
+ 1 219
+ 1 104
+ 1 91
+ 1 166
+ 1 121
+ 1 92
+ 1 149
+ 1 4
+ 1 212
+ 1 36
+ 1 60
+ 1 109
+ 1 69
+ 1 59
+ 1 139
+ 1 187
+ 1 96
+ 1 49
+ 1 183
+ 1 170
+ 1 19
+ 1 13
+ 1 87
+ 1 41
+ 1 2
+ 1 141
+ 1 6
+ 1 182
+ 1 186
+ 1 196
+ 1 178
+ 1 151
+ 1 106
+ 1 43
+ 1 217
+ 1 191
+ 1 80
+ 1 138
+ 1 84
+ 1 189
+ 1 108
+ 1 133
+ 1 199
+ 1 16
+ 1 120
+ 1 172
+ 1 99
+ 1 162
+ 1 78
+ 1 77
+ 1 122
+ 1 107
+ 1 159
+ 1 132
+ 1 88
+ 1 113
+ 1 56
+ 1 42
+ 1 103
+ 1 28
+ 1 176
+ 1 179
+ 1 214
+ 1 140
+ 1 157
+ 1 21
+ 1 83
+ 1 158
+ 1 63
+ 1 90
+ 1 208
+ 1 105
+ 1 98
+ 1 185
+ 1 150
+ 1 48
+ 1 129
+ 1 97
+ 1 18
+ 1 58
+ 1 73
+ 1 89
+ 1 142
+ 1 136
+ 1 62
+ 1 168
+ 1 57
+ 1 100
+ 1 201
+ 1 70
+ 1 130
+ 1 155
+ 1 205
+ 1 135
+ 1 202
+ 1 125
+ 1 23
+ 1 126
+ 1 181
+ 1 216
+ 1 29
+ 1 7
+ 1 152
+ 1 128
+ 1 12
+ 1 210
+ 1 81
+ 1 74
+ 1 14
+ 1 163
+ 1 75
+ 1 82
+ 1 124
+ 1 85
+ 1 169
+ 1 195
+ 1 93
+ 1 116
+ 1 9
+ 1 145
+ 1 154
+ 1 167
+ 1 204
+ 1 147
+ 1 115
+ 1 68
+ 1 173
+ 1 160
+ 1 110
+ 1 118
+ 1 25
+ 1 127
+ 1 94
+ 1 198
+ 1 35
+ 1 101
+ 1 76
+ 1 95
+ 1 20
+ 1 79
+ 1 44
+ 1 11
+ 1 117
+ 1 61
+ 1 37
+ 1 184
+ 1 220
+ 1 143
+ 1 53
+ 1 15
+ 1 34
+ 1 27
+ 1 156
+ 1 165
+ 1 54
+ 1 161
+ 1 193
+ 1 164
+ 1 22
+ 1 39
+ 1 215
+ 1 177
+ 1 51
+ 1 102
+ 1 146
+ 1 24
+ 1 180
+ 1 31
+ 1 218
+ 1 86
+ 1 33
+ 1 52
+ 1 64
+ 1 67
+ 1 38
+ 1 200
+ 1 144
+ 1 32
+ 1 65
+ 1 148
+ 1 5
+ 1 197
+ 1 112
+ 1 192
+ 1 114
+ 1 55
+ 1 190
+ 1 26
+ 1 72
+ 1 194
+ 1 207
+ 1 206
+ 1 174
+ 1 66
+ 1 137
- 2 41
- 2 141
- 2 32
- 2 76
- 2 118
- 2 80
- 2 132
- 2 146
- 2 203
- 3 213
- 3 40
- 3 184
- 3 130
- 3 180
- 3 22
- 3 125
- 4 149
- 4 212
- 4 139
- 4 150
- 4 125
- 4 46
- 4 132
- 4 108
- 4 97
- 4 45
- 4 62
- 5 71
- 5 162
- 5 51
- 5 123
- 6 182
- 6 141
- 6 165
- 6 106
- 6 65
- 6 169
- 6 133
- 6 111
- 6 22
- 6 160
- 6 122
- 7 29
- 7 138
- 7 152
- 7 99
- 7 75
- 7 135
- 7 82
- 8 30
- 8 119
- 8 132
- 8 214
- 8 206
- 8 15
- 8 37
- 8 171
- 9 145
- 9 212
- 9 192
- 9 161
- 9 18
- 9 116
- 9 114
- 9 144
- 9 11
- 9 104
- 10 131
- 10 30
- 10 110
- 10 205
- 10 15
- 10 105
- 10 170
- 10 112
- 10 42
- 10 68
- 11 56
- 11 18
- 11 44
- 11 88
- 11 83
- 11 94
- 11 150
- 11 40
- 11 117
- 12 128
- 12 210
- 12 77
- 12 14
- 12 103
- 12 150
- 12 213
- 13 19
- 13 87
- 13 152
- 13 185
- 13 66
- 13 78
- 13 27
- 13 160
- 13 130
- 14 212
- 14 121
- 14 69
- 14 122
- 14 163
- 14 215
- 14 74
- 14 97
- 14 46
- 15 187
- 15 157
- 15 105
- 15 172
- 15 217
- 15 80
- 15 143
- 15 62
- 15 34
- 16 199
- 16 120
- 16 177
- 16 179
- 16 43
- 16 187
- 16 93
- 16 38
- 16 138
- 17 123
- 17 203
- 17 161
- 17 122
- 17 104
- 17 51
- 18 58
- 18 97
- 18 132
- 18 61
- 18 65
- 18 110
- 18 54
- 18 78
- 18 159
- 18 148
- 18 88
- 18 87
- 18 44
- 18 51
- 18 25
- 19 52
- 19 157
- 19 170
- 19 113
- 19 117
- 19 75
- 19 204
- 19 77
- 20 95
- 20 46
- 20 79
- 20 205
- 20 98
- 20 54
- 20 162
- 20 165
- 21 157
- 21 83
- 21 146
- 21 201
- 21 39
- 22 138
- 22 136
- 22 123
- 22 193
- 22 39
- 22 143
- 22 121
- 23 126
- 23 125
- 23 104
- 23 118
- 23 154
- 23 28
- 23 196
- 23 91
- 23 191
- 24 120
- 24 146
- 24 58
- 24 105
- 24 149
- 24 119
- 24 150
- 24 213
- 24 135
- 24 180
- 25 118
- 25 103
- 25 127
- 25 120
- 25 82
- 25 163
- 25 183
- 25 218
- 26 118
- 26 188
- 26 99
- 26 128
- 26 100
- 26 172
- 26 147
- 27 156
- 27 162
- 27 106
- 27 77
- 27 38
- 27 124
- 27 204
- 27 143
- 28 103
- 28 176
- 28 186
- 28 29
- 28 137
- 28 145
- 29 109
- 29 163
- 29 180
- 29 216
- 29 113
- 30 166
- 30 153
- 30 91
- 30 55
- 30 40
- 30 84
- 30 120
- 30 68
- 30 125
- 31 218
- 31 33
- 31 51
- 31 175
- 31 185
- 31 49
- 31 170
- 31 38
- 31 205
- 31 116
- 31 103
- 31 32
- 31 150
- 31 188
- 32 163
- 32 65
- 32 176
- 32 170
- 32 94
- 33 84
- 33 52
- 33 56
- 33 64
- 33 138
- 33 98
- 34 209
- 34 152
- 34 188
- 34 78
- 34 185
- 34 217
- 34 41
- 34 87
- 34 157
- 35 101
- 35 64
- 35 198
- 35 190
- 35 111
- 35 213
- 35 149
- 35 99
- 35 61
- 35 39
- 36 60
- 36 200
- 36 212
- 36 154
- 36 94
- 36 98
- 37 61
- 37 184
- 37 128
- 37 220
- 37 138
- 38 189
- 38 199
- 38 208
- 38 200
- 38 144
- 38 120
- 38 96
- 38 149
- 38 210
- 39 182
- 39 92
- 39 157
- 39 215
- 39 52
- 39 197
- 40 123
- 40 120
- 40 160
- 40 191
- 40 55
- 40 142
- 40 54
- 40 172
- 40 144
- 40 181
- 41 87
- 41 144
- 41 96
- 41 76
- 41 92
- 41 127
- 42 56
- 42 103
- 42 45
- 42 206
- 42 140
- 42 78
- 43 106
- 43 217
- 43 85
- 43 153
- 43 159
- 43 186
- 43 98
- 43 50
- 43 198
- 44 62
- 44 79
- 44 61
- 44 117
- 45 213
- 45 188
- 45 110
- 45 187
- 45 123
- 45 175
- 45 207
- 45 88
- 45 72
- 46 171
- 46 57
- 46 207
- 46 85
- 46 47
- 46 203
- 46 134
- 46 68
- 46 81
- 47 119
- 47 88
- 47 81
- 47 50
- 47 57
- 47 78
- 47 152
- 47 121
- 48 150
- 48 129
- 48 69
- 48 190
- 48 220
- 48 88
- 48 53
- 48 210
- 48 199
- 48 154
- 48 104
- 48 109
- 48 52
- 48 218
- 49 183
- 49 96
- 49 208
- 49 98
- 49 118
- 50 111
- 50 58
- 50 99
- 50 71
- 50 93
- 50 189
- 51 102
- 51 148
- 51 177
- 52 128
- 52 96
- 52 210
- 53 143
- 53 166
- 53 123
- 53 125
- 53 96
- 53 219
- 54 161
- 54 149
- 54 183
- 54 165
- 54 109
- 54 68
- 55 109
- 55 171
- 55 95
- 55 91
- 55 128
- 56 113
- 56 141
- 56 87
- 56 91
- 56 63
- 56 68
- 56 159
- 56 88
- 57 168
- 57 100
- 57 192
- 57 71
- 57 195
- 57 107
- 57 108
- 57 143
- 58 73
- 58 169
- 58 151
- 58 66
- 58 175
- 58 79
- 58 212
- 58 142
- 59 139
- 59 69
- 59 192
- 59 138
- 59 170
- 59 158
- 59 217
- 59 206
- 59 188
- 59 200
- 59 95
- 60 109
- 60 209
- 60 64
- 60 152
- 60 102
- 60 84
- 60 165
- 60 138
- 60 115
- 60 199
- 60 105
- 60 160
- 61 63
- 61 192
- 61 97
- 61 213
- 61 197
- 61 89
- 62 168
- 62 136
- 62 131
- 62 69
- 62 165
- 63 90
- 63 209
- 63 114
- 63 88
- 63 123
- 63 167
- 63 95
- 63 213
- 64 85
- 64 67
- 64 189
- 64 143
- 65 90
- 65 178
- 66 89
- 66 92
- 66 153
- 66 105
- 67 211
- 67 189
- 67 217
- 67 176
- 67 187
- 67 147
- 67 82
- 67 85
- 68 166
- 68 173
- 68 115
- 68 194
- 68 125
- 69 109
- 69 187
- 69 174
- 69 220
- 70 201
- 70 130
- 70 217
- 70 213
- 70 87
- 70 136
- 70 89
- 70 80
- 70 122
- 71 175
- 71 87
- 71 169
- 71 193
- 71 194
- 72 104
- 72 119
- 72 173
- 72 73
- 73 89
- 73 192
- 73 128
- 73 93
- 74 125
- 74 81
- 74 126
- 74 135
- 74 129
- 74 173
- 75 82
- 75 163
- 75 209
- 75 129
- 75 112
- 75 188
- 75 111
- 75 124
- 75 104
- 76 101
- 76 106
- 76 95
- 76 82
- 76 146
- 76 77
- 76 197
- 76 81
- 76 168
- 77 78
- 77 122
- 77 105
- 78 162
- 78 218
- 78 158
- 78 213
- 78 156
- 78 121
- 80 138
- 80 191
- 80 202
- 80 137
- 81 210
- 81 147
- 81 158
- 81 167
- 81 114
- 82 124
- 82 134
- 82 219
- 82 102
- 83 158
- 83 192
- 83 173
- 83 93
- 83 166
- 83 95
- 83 135
- 83 150
- 84 189
- 84 138
- 84 205
- 84 210
- 84 154
- 84 173
- 84 206
- 85 169
- 85 152
- 85 124
- 85 212
- 85 156
- 85 100
- 85 165
- 85 102
- 85 150
- 85 196
- 86 149
- 86 156
- 86 218
- 86 185
- 86 132
- 86 219
- 87 213
- 87 114
- 87 164
- 87 186
- 88 113
- 88 132
- 88 104
- 88 94
- 88 97
- 89 142
- 89 105
- 89 117
- 89 158
- 90 196
- 90 208
- 90 99
- 90 94
- 90 114
- 90 177
- 90 220
- 90 130
- 90 203
- 90 201
- 90 218
- 91 104
- 91 166
- 91 135
- 91 106
- 91 167
- 91 147
- 91 150
- 91 141
- 92 121
- 92 149
- 92 141
- 92 214
- 92 209
- 92 115
- 93 178
- 93 195
- 93 139
- 93 116
- 93 219
- 93 148
- 93 126
- 94 198
- 94 127
- 94 102
- 94 106
- 94 150
- 95 154
- 95 114
- 95 156
- 96 187
- 96 116
- 96 217
- 96 97
- 97 129
- 97 209
- 97 136
- 98 162
- 98 105
- 98 185
- 98 169
- 98 130
- 98 161
- 98 209
- 98 174
- 99 162
- 99 141
- 99 142
- 99 172
- 99 187
- 99 125
- 99 146
- 99 145
- 99 174
- 100 201
- 100 132
- 100 202
- 100 188
- 101 171
- 101 138
- 101 215
- 101 108
- 102 146
- 102 122
- 102 195
- 102 188
- 103 194
- 103 218
- 103 212
- 104 211
- 104 158
- 104 168
- 104 219
- 104 210
- 105 208
- 105 111
- 105 154
- 105 156
- 105 138
- 105 169
- 105 193
- 106 151
- 106 117
- 106 152
- 106 196
- 106 126
- 106 183
- 107 122
- 107 182
- 107 159
- 107 203
- 107 146
- 107 184
- 107 169
- 108 189
- 108 133
- 108 201
- 108 124
- 108 200
- 108 144
- 109 215
- 109 145
- 109 153
- 109 157
- 109 170
- 110 118
- 110 160
- 110 138
- 110 184
- 110 167
- 111 203
- 111 193
- 111 136
- 111 140
- 111 152
- 111 188
- 111 124
- 111 113
- 112 185
- 112 159
- 112 208
- 112 154
- 112 165
- 113 185
- 113 127
- 113 126
- 113 139
- 113 118
- 113 174
- 114 213
- 114 157
- 114 191
- 114 151
- 115 147
- 115 129
- 115 142
- 115 214
- 115 197
- 116 128
- 116 201
- 116 180
- 116 143
- 117 136
- 117 163
- 118 166
- 118 168
- 118 132
- 118 149
- 119 203
- 119 162
- 120 172
- 120 121
- 120 218
- 120 151
- 120 171
- 120 145
- 120 147
- 121 166
- 121 187
- 121 154
- 122 137
- 123 177
- 123 181
- 123 190
- 123 145
- 124 182
- 124 207
- 124 151
- 124 187
- 124 147
- 125 202
- 125 153
- 125 192
- 125 147
- 125 142
- 126 181
- 126 156
- 126 200
- 126 176
- 126 213
- 126 144
- 126 180
- 127 142
- 127 143
- 127 169
- 127 138
- 128 152
- 128 148
- 128 206
- 128 181
- 129 152
- 129 175
- 129 183
- 129 176
- 129 212
- 129 210
- 130 201
- 131 175
- 131 216
- 132 159
- 132 169
- 132 204
- 132 163
- 133 199
- 133 205
- 133 219
- 134 157
- 134 136
- 134 193
- 134 160
- 134 205
- 134 173
- 135 205
- 135 202
- 135 144
- 135 216
- 135 157
- 136 142
- 136 155
- 137 166
- 137 214
- 137 178
- 138 149
- 138 150
- 138 188
- 138 162
- 138 151
- 139 187
- 139 192
- 139 198
- 140 157
- 140 190
- 140 214
- 140 177
- 140 163
- 140 203
- 141 180
- 141 160
- 141 165
- 142 187
- 142 210
- 142 177
- 143 171
- 143 220
- 143 205
- 144 163
- 144 201
- 145 154
- 145 164
- 145 219
- 146 187
- 147 148
- 147 204
- 147 214
- 148 149
- 148 189
- 148 202
- 149 182
- 149 201
- 149 212
- 150 185
- 150 179
- 150 182
- 150 198
- 150 177
- 151 178
- 151 195
- 151 177
- 152 197
- 152 183
- 152 181
- 152 167
- 152 156
- 153 211
- 153 166
- 153 155
- 153 192
- 154 167
- 154 218
- 154 214
- 154 201
- 155 201
- 155 183
- 155 205
- 155 176
- 156 165
- 157 200
- 157 178
- 157 202
- 157 191
- 157 188
- 158 196
- 158 209
- 158 210
- 159 199
- 160 188
- 160 208
- 160 173
- 160 183
- 161 189
- 161 217
- 161 172
- 162 198
- 162 164
- 162 175
- 163 177
- 164 193
- 165 193
- 166 194
- 167 204
- 169 195
- 169 194
- 170 183
- 170 215
- 171 219
- 171 208
- 172 183
- 172 208
- 173 188
- 173 210
- 174 206
- 175 201
- 176 179
- 177 215
- 177 214
- 178 196
- 178 188
- 178 219
- 178 203
- 179 214
- 179 191
- 179 195
- 180 188
- 181 216
- 181 202
- 181 217
- 182 186
- 182 194
- 183 202
- 183 210
- 184 217
- 186 196
- 187 194
- 188 211
- 188 218
- 190 208
- 190 196
- 191 217
- 191 194
- 192 202
- 193 208
- 196 211
- 196 199
- 199 214
- 199 203
- 201 207
- 211 218
- 212 217
- 212 215
- 213 215
+ 200 210
+ 198 204
+ 198 213
+ 198 206
+ 196 206
+ 193 209
+ 192 218
+ 192 209
+ 188 190
+ 188 192
+ 186 188
+ 185 192
+ 184 192
+ 184 216
+ 183 200
+ 182 220
+ 182 212
+ 180 218
+ 178 203
+ 177 187
+ 176 219
+ 175 197
+ 174 185
+ 174 202
+ 174 189
+ 173 180
+ 173 193
+ 173 179
+ 172 185
+ 172 219
+ 171 217
+ 170 191
+ 170 180
+ 169 217
+ 169 185
+ 169 183
+ 169 195
+ 168 169
+ 168 211
+ 168 187
+ 167 177
+ 167 189
+ 167 210
+ 166 210
+ 164 187
+ 163 196
+ 163 211
+ 162 212
+ 161 178
+ 161 182
+ 161 205
+ 160 188
+ 160 205
+ 159 219
+ 159 160
+ 157 202
+ 157 209
+ 157 212
+ 156 211
+ 156 157
+ 155 181
+ 155 200
+ 155 183
+ 153 199
+ 153 196
+ 153 193
+ 152 212
+ 151 199
+ 151 177
+ 150 174
+ 148 199
+ 148 213
+ 147 198
+ 146 195
+ 145 168
+ 145 147
+ 145 213
+ 144 154
+ 144 201
+ 144 161
+ 143 144
+ 143 161
+ 143 177
+ 142 150
+ 142 175
+ 142 154
+ 142 220
+ 141 161
+ 141 213
+ 141 193
+ 141 144
+ 140 154
+ 139 215
+ 138 210
+ 137 171
+ 137 209
+ 137 187
+ 136 197
+ 136 201
+ 136 142
+ 135 193
+ 135 176
+ 135 214
+ 134 162
+ 134 187
+ 134 194
+ 134 186
+ 133 198
+ 133 181
+ 132 211
+ 132 149
+ 132 200
+ 132 166
+ 131 196
+ 131 175
+ 130 194
+ 129 207
+ 129 182
+ 129 208
+ 129 164
+ 129 209
+ 129 205
+ 128 211
+ 128 215
+ 128 174
+ 127 203
+ 127 194
+ 127 172
+ 127 184
+ 127 178
+ 126 182
+ 126 196
+ 126 151
+ 126 176
+ 126 215
+ 126 204
+ 125 148
+ 125 129
+ 125 126
+ 124 166
+ 124 158
+ 124 194
+ 124 129
+ 123 144
+ 123 166
+ 123 146
+ 122 216
+ 122 177
+ 122 135
+ 122 146
+ 121 209
+ 121 217
+ 121 148
+ 121 138
+ 120 219
+ 120 180
+ 120 168
+ 120 213
+ 119 193
+ 119 172
+ 119 212
+ 118 148
+ 118 187
+ 117 122
+ 117 196
+ 116 200
+ 116 203
+ 116 162
+ 116 179
+ 115 121
+ 114 155
+ 114 145
+ 114 122
+ 114 126
+ 113 215
+ 113 180
+ 113 199
+ 113 172
+ 112 129
+ 112 205
+ 111 181
+ 111 150
+ 111 180
+ 110 119
+ 109 202
+ 109 126
+ 109 138
+ 109 195
+ 109 159
+ 108 172
+ 108 160
+ 108 167
+ 108 220
+ 108 122
+ 107 110
+ 107 177
+ 107 156
+ 107 181
+ 107 200
+ 107 109
+ 106 196
+ 106 131
+ 106 176
+ 106 163
+ 106 145
+ 106 107
+ 106 200
+ 105 106
+ 104 183
+ 104 173
+ 103 178
+ 103 207
+ 103 171
+ 103 197
+ 102 130
+ 102 203
+ 102 220
+ 102 196
+ 101 205
+ 101 210
+ 101 103
+ 100 177
+ 100 124
+ 100 149
+ 99 184
+ 99 211
+ 99 138
+ 99 194
+ 99 214
+ 98 102
+ 98 163
+ 98 139
+ 98 154
+ 98 207
+ 98 193
+ 97 205
+ 97 206
+ 97 166
+ 97 179
+ 96 182
+ 96 98
+ 96 191
+ 96 137
+ 96 194
+ 96 147
+ 96 170
+ 96 203
+ 95 148
+ 95 200
+ 95 182
+ 95 137
+ 95 155
+ 94 116
+ 94 181
+ 94 199
+ 93 179
+ 93 133
+ 93 107
+ 93 115
+ 92 197
+ 92 172
+ 92 185
+ 92 116
+ 92 187
+ 91 173
+ 90 107
+ 90 135
+ 89 96
+ 89 136
+ 89 138
+ 88 127
+ 88 151
+ 88 172
+ 88 138
+ 88 134
+ 88 152
+ 87 193
+ 87 160
+ 87 202
+ 87 213
+ 85 137
+ 84 96
+ 84 142
+ 84 216
+ 84 177
+ 84 193
+ 84 110
+ 84 166
+ 83 132
+ 83 155
+ 83 202
+ 83 103
+ 82 140
+ 82 181
+ 82 142
+ 82 192
+ 81 157
+ 81 174
+ 81 205
+ 81 116
+ 81 114
+ 81 163
+ 80 95
+ 80 124
+ 80 85
+ 79 194
+ 79 142
+ 79 180
+ 79 107
+ 78 125
+ 78 111
+ 78 119
+ 78 200
+ 77 175
+ 77 181
+ 77 160
+ 77 82
+ 76 104
+ 76 163
+ 76 115
+ 76 155
+ 75 187
+ 75 107
+ 74 150
+ 74 85
+ 74 101
+ 74 191
+ 74 132
+ 74 139
+ 73 138
+ 73 133
+ 73 118
+ 73 136
+ 72 188
+ 72 126
+ 72 167
+ 72 177
+ 71 85
+ 71 130
+ 71 120
+ 71 111
+ 71 182
+ 70 202
+ 70 134
+ 70 168
+ 70 150
+ 70 144
+ 70 161
+ 69 138
+ 69 166
+ 69 210
+ 68 176
+ 68 100
+ 68 124
+ 68 220
+ 68 121
+ 68 103
+ 68 173
+ 68 122
+ 68 74
+ 67 132
+ 67 176
+ 67 214
+ 67 213
+ 67 153
+ 67 73
+ 67 158
+ 66 87
+ 66 165
+ 66 206
+ 66 122
+ 66 76
+ 65 166
+ 65 169
+ 65 104
+ 65 89
+ 65 160
+ 65 127
+ 65 75
+ 64 166
+ 64 82
+ 64 131
+ 64 137
+ 64 138
+ 64 211
+ 64 139
+ 63 208
+ 63 196
+ 63 88
+ 62 83
+ 62 159
+ 62 125
+ 62 140
+ 62 184
+ 62 165
+ 62 218
+ 61 166
+ 61 68
+ 61 217
+ 61 183
+ 60 78
+ 60 82
+ 60 180
+ 60 95
+ 59 60
+ 59 144
+ 59 111
+ 59 104
+ 59 85
+ 59 206
+ 58 201
+ 58 191
+ 58 169
+ 57 174
+ 57 135
+ 57 198
+ 57 90
+ 57 107
+ 57 181
+ 57 126
+ 57 176
+ 57 60
+ 57 70
+ 56 202
+ 56 90
+ 56 69
+ 56 201
+ 56 172
+ 56 149
+ 56 164
+ 56 199
+ 55 128
+ 55 58
+ 55 160
+ 55 122
+ 55 106
+ 55 117
+ 54 162
+ 54 101
+ 54 157
+ 54 103
+ 54 107
+ 54 91
+ 54 142
+ 54 186
+ 53 161
+ 53 180
+ 53 102
+ 53 195
+ 53 187
+ 53 91
+ 53 213
+ 52 166
+ 52 79
+ 52 140
+ 52 66
+ 52 89
+ 52 200
+ 52 205
+ 51 66
+ 51 131
+ 51 87
+ 51 123
+ 51 207
+ 50 142
+ 50 71
+ 50 183
+ 50 145
+ 50 125
+ 49 212
+ 49 134
+ 49 78
+ 49 88
+ 49 108
+ 49 126
+ 49 63
+ 49 131
+ 49 119
+ 49 111
+ 48 84
+ 48 139
+ 48 129
+ 48 93
+ 47 214
+ 47 50
+ 47 53
+ 47 216
+ 47 65
+ 47 150
+ 47 148
+ 47 168
+ 47 182
+ 47 80
+ 47 199
+ 46 213
+ 46 153
+ 46 121
+ 46 169
+ 46 102
+ 45 56
+ 45 142
+ 45 165
+ 45 140
+ 45 157
+ 45 92
+ 45 50
+ 45 201
+ 45 170
+ 44 216
+ 44 102
+ 44 104
+ 44 59
+ 43 67
+ 43 103
+ 43 183
+ 43 140
+ 43 56
+ 42 99
+ 42 113
+ 42 88
+ 42 171
+ 42 121
+ 42 147
+ 42 175
+ 41 80
+ 41 134
+ 41 167
+ 41 102
+ 41 144
+ 41 84
+ 41 87
+ 41 62
+ 40 112
+ 40 111
+ 40 185
+ 40 45
+ 39 70
+ 39 154
+ 39 177
+ 39 98
+ 38 116
+ 38 104
+ 38 89
+ 37 123
+ 37 38
+ 37 144
+ 37 151
+ 37 45
+ 36 69
+ 36 51
+ 36 56
+ 36 67
+ 36 116
+ 36 140
+ 36 46
+ 36 141
+ 35 144
+ 35 215
+ 35 155
+ 35 77
+ 35 151
+ 35 209
+ 35 106
+ 35 149
+ 34 113
+ 34 98
+ 34 114
+ 34 197
+ 34 133
+ 34 59
+ 34 154
+ 33 210
+ 33 207
+ 33 213
+ 33 62
+ 33 148
+ 33 129
+ 33 59
+ 33 139
+ 33 87
+ 32 107
+ 32 33
+ 32 213
+ 32 67
+ 32 170
+ 32 39
+ 32 89
+ 32 78
+ 31 137
+ 31 187
+ 31 107
+ 31 70
+ 31 162
+ 31 81
+ 31 174
+ 31 100
+ 31 103
+ 31 83
+ 30 114
+ 30 185
+ 30 217
+ 30 63
+ 30 215
+ 30 200
+ 30 32
+ 30 140
+ 30 38
+ 30 193
+ 30 51
+ 30 86
+ 30 214
+ 30 117
+ 30 216
+ 29 61
+ 29 133
+ 29 203
+ 29 216
+ 29 191
+ 29 170
+ 29 115
+ 29 161
+ 28 114
+ 28 148
+ 28 198
+ 28 127
+ 27 128
+ 27 192
+ 27 98
+ 27 80
+ 27 219
+ 27 189
+ 26 126
+ 26 109
+ 26 30
+ 26 189
+ 26 35
+ 26 206
+ 26 50
+ 25 114
+ 25 201
+ 25 105
+ 25 31
+ 25 106
+ 25 55
+ 24 58
+ 24 152
+ 24 69
+ 24 157
+ 24 217
+ 24 175
+ 24 161
+ 24 61
+ 23 153
+ 23 73
+ 23 36
+ 23 168
+ 23 134
+ 23 40
+ 23 154
+ 23 47
+ 22 126
+ 22 38
+ 22 60
+ 22 204
+ 22 49
+ 22 151
+ 22 177
+ 21 121
+ 21 65
+ 21 163
+ 21 123
+ 21 33
+ 20 105
+ 20 213
+ 20 189
+ 20 38
+ 20 161
+ 20 205
+ 20 153
+ 20 28
+ 20 120
+ 20 71
+ 19 103
+ 19 28
+ 19 38
+ 19 193
+ 19 153
+ 19 155
+ 19 73
+ 18 120
+ 18 72
+ 18 86
+ 17 136
+ 17 181
+ 17 112
+ 17 86
+ 17 120
+ 17 146
+ 17 40
+ 16 25
+ 16 33
+ 16 99
+ 16 194
+ 16 53
+ 16 49
+ 16 102
+ 16 158
+ 15 180
+ 15 54
+ 15 49
+ 15 53
+ 15 24
+ 15 28
+ 14 63
+ 14 195
+ 14 15
+ 14 168
+ 14 169
+ 13 94
+ 13 137
+ 13 22
+ 13 200
+ 13 181
+ 13 202
+ 12 149
+ 12 80
+ 12 103
+ 12 116
+ 12 130
+ 12 185
+ 12 90
+ 11 13
+ 11 42
+ 11 202
+ 11 173
+ 11 94
+ 11 187
+ 10 74
+ 10 80
+ 10 48
+ 10 176
+ 10 81
+ 10 216
+ 9 18
+ 9 182
+ 9 94
+ 9 157
+ 9 192
+ 9 131
+ 9 136
+ 9 81
+ 9 112
+ 9 33
+ 8 32
+ 8 105
+ 8 158
+ 8 150
+ 8 124
+ 7 76
+ 7 178
+ 7 208
+ 7 189
+ 7 107
+ 6 206
+ 6 50
+ 6 213
+ 6 35
+ 6 38
+ 6 132
+ 5 166
+ 5 151
+ 5 7
+ 5 206
+ 5 35
+ 5 19
+ 4 11
+ 4 99
+ 4 17
+ 4 200
+ 4 132
+ 4 157
+ 4 112
+ 4 117
+ 4 82
+ 3 207
+ 3 170
+ 3 115
+ 3 54
+ 3 22
+ 3 96
+ 2 153
+ 2 140
+ 2 171
+ 2 91
+ 2 183
- 1 156
- 1 63
- 1 86
- 1 18
- 1 190
- 1 188
- 1 162
- 1 131
- 1 99
- 1 184
- 1 165
- 1 130
- 1 90
- 1 143
- 1 210
- 1 69
- 1 137
- 1 171
- 1 2
- 1 23
- 1 168
- 1 26
- 1 125
- 1 50
- 1 145
- 1 114
- 1 92
- 1 197
- 1 34
- 1 154
- 1 39
- 1 98
- 1 193
- 1 153
- 1 46
- 1 36
- 1 141
- 1 144
- 1 191
- 1 58
- 1 201
- 1 164
- 1 56
- 1 43
- 1 140
- 1 205
- 1 52
- 1 79
- 1 180
- 1 218
- 1 62
- 1 41
- 1 87
- 1 51
- 1 207
- 1 3
- 1 54
- 1 186
- 1 134
- 1 68
- 1 105
- 1 150
- 1 8
- 1 124
- 1 194
- 1 16
- 1 158
- 1 67
- 1 176
- 1 215
- 1 204
- 1 126
- 1 72
- 1 167
- 1 108
- 1 122
- 1 135
- 1 30
- 1 216
- 1 10
- 1 163
- 1 76
- 1 66
- 1 206
- 1 97
- 1 179
- 1 116
- 1 203
- 1 96
- 1 170
- 1 45
- 1 37
- 1 151
- 1 177
- 1 22
- 1 13
- 1 202
- 1 157
- 1 209
- 1 192
- 1 185
- 1 195
- 1 169
- 1 14
- 1 15
- 1 28
- 1 148
- 1 118
- 1 11
- 1 94
- 1 181
- 1 133
- 1 198
- 1 147
- 1 42
- 1 175
- 1 24
- 1 152
- 1 88
- 1 138
- 1 121
- 1 217
- 1 61
- 1 183
- 1 155
- 1 95
- 1 60
- 1 57
- 1 70
- 1 161
- 1 29
- 1 115
- 1 48
- 1 129
- 1 208
- 1 7
- 1 178
- 1 127
- 1 65
- 1 75
- 1 107
- 1 109
- 1 159
- 1 160
- 1 77
- 1 82
- 1 4
- 1 112
- 1 9
- 1 33
- 1 21
- 1 123
- 1 146
- 1 17
- 1 40
- 1 111
- 1 49
- 1 119
- 1 212
- 1 182
- 1 71
- 1 20
- 1 120
- 1 213
- 1 53
- 1 91
- 1 173
- 1 104
- 1 44
- 1 59
- 1 85
- 1 80
- 1 47
- 1 199
- 1 113
- 1 172
- 1 219
- 1 27
- 1 189
- 1 174
- 1 128
- 1 211
- 1 64
- 1 139
- 1 74
- 1 101
- 1 103
- 1 83
- 1 31
- 1 100
- 1 149
- 1 35
- 1 5
- 1 19
- 1 73
- 1 142
- 1 220
- 1 102
- 1 196
- 1 117
- 1 55
- 1 25
- 1 106
- 1 200
- 1 78
- 1 32
- 1 89
- 1 38
- 1 6
- 1 132
- 1 166
- 84 1
