4748
+ 1 224
+ 1 300
+ 1 398
+ 1 32
+ 1 242
+ 1 114
+ 1 86
+ 1 217
+ 1 257
+ 1 65
+ 1 76
+ 1 347
+ 1 106
+ 1 290
+ 1 216
+ 1 206
+ 1 120
+ 1 102
+ 1 38
+ 1 212
+ 1 12
+ 1 215
+ 1 222
+ 1 105
+ 1 16
+ 1 182
+ 1 272
+ 1 167
+ 1 26
+ 1 378
+ 1 199
+ 1 229
+ 1 200
+ 1 395
+ 1 166
+ 1 112
+ 1 299
+ 1 157
+ 1 180
+ 1 54
+ 1 121
+ 1 390
+ 1 287
+ 1 238
+ 1 139
+ 1 107
+ 1 279
+ 1 298
+ 1 186
+ 1 115
+ 1 322
+ 1 235
+ 1 273
+ 1 51
+ 1 225
+ 1 190
+ 1 382
+ 1 296
+ 1 9
+ 1 124
+ 1 231
+ 1 4
+ 1 125
+ 1 374
+ 1 168
+ 1 376
+ 1 301
+ 1 282
+ 1 368
+ 1 75
+ 1 20
+ 1 203
+ 1 275
+ 1 122
+ 1 96
+ 1 350
+ 1 370
+ 1 284
+ 1 239
+ 1 110
+ 1 93
+ 1 226
+ 1 108
+ 1 357
+ 1 345
+ 1 67
+ 1 249
+ 1 243
+ 1 391
+ 1 375
+ 1 132
+ 1 335
+ 1 333
+ 1 211
+ 1 319
+ 1 223
+ 1 39
+ 1 320
+ 1 339
+ 1 151
+ 1 367
+ 1 252
+ 1 83
+ 1 150
+ 1 295
+ 1 324
+ 1 37
+ 1 355
+ 1 316
+ 1 130
+ 1 305
+ 1 79
+ 1 41
+ 1 118
+ 1 80
+ 1 330
+ 1 74
+ 1 276
+ 1 33
+ 1 400
+ 1 185
+ 1 361
+ 1 343
+ 1 91
+ 1 328
+ 1 70
+ 1 66
+ 1 169
+ 1 373
+ 1 191
+ 1 266
+ 1 22
+ 1 334
+ 1 265
+ 1 129
+ 1 205
+ 1 177
+ 1 23
+ 1 111
+ 1 362
+ 1 3
+ 1 57
+ 1 269
+ 1 140
+ 1 89
+ 1 349
+ 1 228
+ 1 134
+ 1 268
+ 1 142
+ 1 104
+ 1 60
+ 1 250
+ 1 136
+ 1 220
+ 1 366
+ 1 232
+ 1 31
+ 1 5
+ 1 281
+ 1 317
+ 1 381
+ 1 372
+ 1 101
+ 1 302
+ 1 338
+ 1 280
+ 1 58
+ 1 109
+ 1 87
+ 1 113
+ 1 221
+ 1 202
+ 1 213
+ 1 158
+ 1 244
+ 1 341
+ 1 36
+ 1 25
+ 1 346
+ 1 188
+ 1 127
+ 1 64
+ 1 359
+ 1 178
+ 1 371
+ 1 246
+ 1 363
+ 1 321
+ 1 135
+ 1 153
+ 1 55
+ 1 360
+ 1 99
+ 1 173
+ 1 271
+ 1 45
+ 1 73
+ 1 236
+ 1 49
+ 1 197
+ 1 308
+ 1 354
+ 1 344
+ 1 233
+ 1 100
+ 1 15
+ 1 59
+ 1 313
+ 1 365
+ 1 184
+ 1 251
+ 1 21
+ 1 175
+ 1 193
+ 1 187
+ 1 170
+ 1 117
+ 1 194
+ 1 88
+ 1 340
+ 1 98
+ 1 201
+ 1 47
+ 1 146
+ 1 183
+ 1 325
+ 1 11
+ 1 392
+ 1 315
+ 1 90
+ 1 318
+ 1 258
+ 1 288
+ 1 195
+ 1 384
+ 1 128
+ 1 274
+ 1 207
+ 1 28
+ 1 171
+ 1 179
+ 1 312
+ 1 95
+ 1 297
+ 1 97
+ 1 331
+ 1 138
+ 1 40
+ 1 259
+ 1 241
+ 1 192
+ 1 240
+ 1 77
+ 1 237
+ 1 53
+ 1 286
+ 1 247
+ 1 337
+ 1 245
+ 1 161
+ 1 84
+ 1 141
+ 1 294
+ 1 2
+ 1 27
+ 1 29
+ 1 163
+ 1 148
+ 1 62
+ 1 44
+ 1 181
+ 1 369
+ 1 81
+ 1 18
+ 1 327
+ 1 50
+ 1 61
+ 1 352
+ 1 78
+ 1 208
+ 1 52
+ 1 94
+ 1 19
+ 1 388
+ 1 248
+ 1 270
+ 1 13
+ 1 144
+ 1 234
+ 1 364
+ 1 8
+ 1 256
+ 1 159
+ 1 133
+ 1 332
+ 1 56
+ 1 387
+ 1 218
+ 1 48
+ 1 267
+ 1 189
+ 1 156
+ 1 348
+ 1 198
+ 1 309
+ 1 174
+ 1 145
+ 1 383
+ 1 143
+ 1 394
+ 1 85
+ 1 263
+ 1 261
+ 1 6
+ 1 34
+ 1 7
+ 1 342
+ 1 278
+ 1 329
+ 1 397
+ 1 283
+ 1 377
+ 1 14
+ 1 356
+ 1 43
+ 1 291
+ 1 393
+ 1 126
+ 1 227
+ 1 314
+ 1 379
+ 1 264
+ 1 307
+ 1 152
+ 1 17
+ 1 304
+ 1 399
+ 1 176
+ 1 24
+ 1 155
+ 1 262
+ 1 386
+ 1 292
+ 1 196
+ 1 389
+ 1 164
+ 1 30
+ 1 311
+ 1 210
+ 1 10
+ 1 42
+ 1 255
+ 1 63
+ 1 92
+ 1 303
+ 1 353
+ 1 323
+ 1 306
+ 1 253
+ 1 160
+ 1 46
+ 1 385
+ 1 162
+ 1 358
+ 1 71
+ 1 285
+ 1 214
+ 1 131
+ 1 204
+ 1 147
+ 1 209
+ 1 289
+ 1 219
+ 1 310
+ 1 149
+ 1 69
+ 1 137
+ 1 123
+ 1 154
+ 1 260
+ 1 172
+ 1 103
- 2 294
- 2 76
- 2 121
- 2 54
- 2 27
- 2 180
- 2 369
- 2 65
- 3 57
- 3 214
- 3 362
- 3 205
- 3 280
- 3 277
- 3 327
- 3 391
- 3 172
- 3 55
- 3 117
- 3 46
- 4 231
- 4 125
- 4 305
- 4 223
- 4 51
- 4 31
- 4 219
- 4 66
- 4 158
- 4 63
- 4 313
- 4 237
- 4 308
- 4 115
- 4 350
- 5 281
- 5 398
- 5 31
- 5 380
- 5 59
- 5 366
- 5 284
- 5 243
- 5 367
- 5 87
- 5 376
- 5 223
- 5 232
- 5 125
- 6 34
- 6 261
- 6 366
- 6 231
- 6 206
- 6 278
- 6 300
- 6 323
- 6 203
- 6 28
- 6 311
- 6 164
- 6 143
- 6 141
- 7 55
- 7 342
- 7 34
- 7 335
- 7 385
- 7 361
- 8 54
- 8 256
- 8 345
- 8 291
- 8 207
- 8 364
- 8 181
- 8 134
- 9 296
- 9 124
- 9 350
- 9 209
- 9 220
- 9 304
- 9 42
- 9 293
- 9 100
- 9 72
- 9 76
- 10 179
- 10 210
- 10 320
- 10 290
- 10 224
- 10 312
- 10 102
- 10 42
- 10 367
- 10 166
- 10 324
- 10 239
- 11 392
- 11 325
- 11 186
- 11 380
- 11 326
- 11 300
- 11 197
- 11 102
- 11 169
- 12 212
- 12 114
- 12 215
- 12 16
- 12 316
- 12 310
- 12 14
- 12 253
- 12 82
- 12 368
- 12 194
- 12 388
- 12 154
- 12 400
- 12 240
- 13 144
- 13 188
- 13 353
- 13 41
- 13 330
- 13 309
- 13 87
- 13 347
- 13 351
- 13 270
- 14 98
- 14 377
- 14 380
- 14 356
- 14 135
- 14 148
- 15 100
- 15 166
- 15 277
- 15 257
- 15 184
- 15 195
- 15 126
- 15 161
- 15 233
- 15 117
- 15 213
- 16 182
- 16 175
- 16 384
- 16 176
- 16 105
- 16 29
- 16 324
- 16 223
- 16 332
- 16 354
- 16 34
- 16 158
- 17 152
- 17 276
- 17 242
- 17 215
- 17 383
- 17 195
- 17 287
- 18 101
- 18 139
- 18 327
- 18 81
- 18 297
- 18 60
- 18 323
- 18 221
- 18 111
- 18 122
- 18 288
- 18 316
- 18 252
- 19 388
- 19 257
- 19 94
- 19 334
- 19 80
- 19 359
- 19 81
- 20 203
- 20 75
- 20 332
- 20 318
- 21 251
- 21 175
- 21 42
- 21 188
- 21 360
- 21 37
- 21 270
- 21 227
- 21 385
- 21 344
- 22 65
- 22 266
- 22 334
- 22 231
- 22 252
- 22 148
- 22 100
- 23 177
- 23 111
- 23 324
- 23 344
- 23 290
- 23 204
- 23 188
- 23 250
- 23 83
- 23 34
- 23 309
- 23 351
- 24 176
- 24 48
- 24 347
- 24 125
- 25 72
- 25 346
- 25 267
- 25 161
- 25 93
- 25 357
- 25 315
- 25 98
- 26 378
- 26 167
- 26 103
- 26 349
- 26 326
- 26 77
- 26 296
- 27 29
- 27 388
- 27 234
- 27 266
- 27 188
- 27 162
- 27 45
- 28 171
- 28 354
- 28 207
- 28 344
- 28 194
- 28 320
- 28 318
- 28 75
- 28 140
- 28 260
- 28 273
- 29 163
- 29 332
- 29 279
- 29 311
- 29 215
- 30 211
- 30 89
- 30 362
- 30 311
- 30 349
- 30 344
- 30 164
- 30 195
- 30 208
- 30 297
- 30 81
- 30 331
- 30 246
- 31 232
- 31 79
- 31 180
- 31 357
- 31 204
- 31 315
- 31 394
- 32 242
- 32 279
- 32 286
- 32 276
- 32 398
- 32 394
- 32 174
- 32 341
- 32 170
- 32 149
- 32 222
- 32 114
- 32 71
- 32 64
- 33 276
- 33 400
- 33 152
- 33 129
- 33 226
- 33 336
- 33 203
- 33 294
- 33 290
- 34 309
- 34 220
- 34 341
- 34 333
- 34 250
- 34 80
- 34 375
- 34 314
- 34 358
- 35 313
- 35 365
- 35 51
- 35 205
- 35 391
- 35 378
- 35 301
- 35 318
- 35 127
- 35 326
- 35 367
- 35 354
- 36 199
- 36 182
- 36 341
- 36 72
- 36 108
- 36 131
- 36 192
- 36 298
- 36 163
- 36 314
- 36 198
- 36 380
- 36 274
- 37 355
- 37 324
- 37 187
- 37 121
- 37 338
- 37 171
- 37 254
- 37 59
- 37 287
- 37 264
- 37 71
- 37 231
- 38 102
- 38 212
- 38 126
- 38 247
- 38 93
- 38 231
- 38 117
- 38 269
- 39 320
- 39 182
- 39 223
- 39 165
- 39 224
- 39 218
- 39 374
- 39 172
- 39 82
- 39 310
- 40 259
- 40 329
- 40 138
- 40 355
- 40 399
- 40 315
- 40 110
- 40 82
- 41 79
- 41 118
- 41 193
- 41 84
- 41 303
- 41 206
- 42 182
- 43 346
- 43 225
- 43 356
- 43 190
- 43 200
- 43 122
- 44 181
- 44 62
- 44 157
- 44 164
- 44 123
- 44 271
- 44 301
- 44 313
- 45 73
- 45 271
- 45 195
- 45 335
- 45 370
- 45 338
- 45 250
- 45 277
- 46 166
- 46 329
- 46 361
- 46 206
- 46 211
- 46 205
- 47 201
- 47 146
- 47 196
- 47 140
- 47 80
- 47 70
- 47 88
- 47 349
- 47 101
- 47 167
- 47 93
- 48 218
- 48 267
- 48 350
- 48 82
- 48 165
- 48 146
- 48 324
- 48 199
- 48 159
- 48 99
- 48 354
- 48 95
- 49 236
- 49 197
- 49 339
- 49 72
- 49 281
- 49 199
- 49 398
- 50 212
- 50 372
- 50 141
- 50 327
- 50 124
- 50 61
- 50 350
- 51 273
- 51 225
- 51 245
- 51 283
- 51 334
- 51 310
- 51 378
- 51 271
- 51 322
- 51 102
- 51 287
- 51 114
- 51 335
- 52 208
- 52 202
- 52 108
- 52 94
- 52 291
- 52 114
- 53 293
- 53 237
- 53 226
- 53 211
- 53 266
- 53 272
- 53 168
- 54 180
- 54 121
- 54 395
- 54 55
- 54 380
- 54 327
- 55 360
- 55 153
- 55 288
- 55 187
- 55 179
- 55 289
- 55 263
- 55 248
- 55 352
- 56 332
- 56 65
- 56 236
- 56 222
- 56 167
- 56 387
- 56 319
- 56 315
- 56 370
- 56 72
- 56 248
- 57 269
- 57 319
- 57 90
- 57 107
- 57 322
- 57 215
- 57 109
- 58 280
- 58 109
- 58 195
- 58 188
- 58 351
- 58 378
- 58 370
- 58 214
- 59 82
- 59 277
- 59 221
- 59 312
- 59 114
- 59 85
- 59 187
- 59 197
- 59 326
- 59 340
- 59 106
- 60 104
- 60 362
- 60 250
- 60 286
- 60 145
- 60 232
- 60 265
- 60 172
- 60 76
- 60 70
- 61 328
- 61 375
- 61 276
- 61 352
- 61 363
- 61 183
- 61 78
- 61 213
- 61 371
- 62 167
- 62 240
- 62 279
- 62 148
- 62 291
- 62 383
- 62 123
- 62 183
- 62 130
- 62 89
- 62 236
- 63 309
- 63 321
- 63 377
- 63 156
- 63 166
- 63 360
- 63 295
- 63 174
- 64 359
- 64 210
- 64 283
- 64 211
- 64 373
- 64 127
- 64 294
- 64 92
- 64 289
- 64 125
- 64 342
- 65 396
- 65 76
- 65 222
- 65 126
- 65 93
- 65 234
- 65 204
- 65 184
- 65 356
- 65 265
- 65 133
- 65 273
- 65 138
- 65 363
- 66 169
- 66 213
- 66 227
- 66 179
- 66 116
- 66 70
- 66 199
- 66 196
- 66 303
- 67 345
- 67 180
- 67 93
- 67 249
- 67 291
- 67 359
- 67 273
- 67 316
- 68 322
- 68 235
- 68 382
- 68 260
- 68 337
- 68 75
- 68 91
- 68 201
- 69 332
- 69 235
- 69 98
- 69 96
- 69 203
- 69 274
- 69 388
- 69 375
- 69 109
- 69 150
- 69 294
- 69 102
- 69 137
- 69 325
- 69 79
- 70 279
- 70 328
- 70 225
- 70 275
- 70 284
- 70 102
- 70 309
- 70 256
- 70 178
- 70 259
- 70 175
- 70 172
- 71 238
- 71 193
- 71 245
- 71 261
- 71 327
- 71 133
- 71 139
- 71 396
- 72 236
- 72 385
- 72 132
- 72 382
- 72 350
- 73 236
- 73 215
- 73 93
- 73 140
- 74 330
- 74 276
- 74 291
- 74 211
- 75 368
- 75 276
- 75 117
- 75 307
- 75 400
- 75 295
- 75 87
- 76 347
- 76 382
- 76 400
- 76 201
- 76 316
- 76 253
- 76 122
- 77 240
- 77 237
- 77 151
- 77 124
- 77 218
- 77 211
- 77 328
- 77 248
- 77 191
- 77 163
- 78 208
- 78 379
- 78 290
- 78 328
- 78 353
- 78 179
- 78 228
- 79 373
- 79 305
- 79 317
- 79 302
- 79 393
- 79 288
- 79 264
- 80 330
- 80 122
- 80 118
- 80 168
- 80 290
- 80 241
- 80 278
- 81 369
- 81 195
- 81 179
- 81 95
- 81 88
- 81 182
- 81 349
- 81 264
- 81 227
- 81 263
- 82 313
- 82 164
- 82 375
- 82 84
- 82 259
- 82 231
- 82 196
- 83 150
- 83 252
- 83 380
- 83 329
- 83 240
- 83 318
- 83 184
- 83 336
- 83 126
- 83 382
- 83 372
- 83 312
- 83 299
- 83 385
- 83 302
- 84 141
- 84 161
- 84 369
- 84 208
- 84 157
- 84 154
- 85 336
- 85 122
- 85 347
- 85 263
- 85 150
- 85 392
- 85 396
- 86 114
- 86 217
- 86 306
- 86 335
- 86 168
- 86 216
- 86 231
- 86 290
- 86 187
- 87 109
- 87 113
- 87 252
- 87 239
- 87 88
- 87 196
- 87 218
- 87 387
- 87 392
- 87 160
- 87 291
- 87 331
- 88 340
- 88 101
- 88 194
- 88 390
- 88 214
- 88 155
- 88 140
- 88 233
- 88 236
- 89 349
- 89 140
- 89 153
- 89 173
- 90 318
- 90 315
- 90 95
- 90 328
- 91 343
- 91 105
- 91 150
- 91 328
- 91 254
- 92 283
- 92 231
- 92 122
- 92 303
- 92 349
- 93 226
- 93 98
- 93 110
- 93 142
- 93 191
- 93 398
- 93 285
- 93 130
- 93 370
- 93 354
- 94 373
- 94 173
- 95 297
- 95 242
- 95 161
- 95 258
- 95 312
- 95 166
- 95 374
- 96 122
- 96 350
- 96 279
- 96 343
- 96 286
- 96 328
- 97 333
- 97 297
- 97 153
- 97 331
- 97 136
- 97 382
- 97 275
- 97 176
- 97 344
- 97 298
- 98 201
- 98 340
- 98 249
- 98 161
- 98 215
- 98 155
- 98 299
- 99 173
- 99 360
- 99 245
- 99 330
- 99 140
- 99 166
- 99 141
- 99 381
- 99 122
- 99 270
- 100 219
- 100 363
- 100 307
- 100 233
- 100 253
- 100 193
- 100 142
- 100 249
- 101 372
- 101 302
- 101 291
- 101 130
- 101 205
- 101 232
- 102 338
- 102 120
- 102 280
- 102 153
- 102 217
- 102 114
- 103 273
- 103 281
- 103 180
- 103 109
- 104 142
- 104 297
- 104 190
- 104 196
- 104 249
- 104 248
- 105 222
- 105 144
- 105 172
- 105 301
- 105 196
- 106 347
- 106 290
- 106 384
- 106 143
- 106 125
- 106 283
- 106 333
- 106 227
- 106 319
- 106 181
- 107 293
- 107 347
- 107 279
- 107 179
- 107 250
- 107 210
- 108 166
- 108 226
- 108 357
- 108 207
- 108 156
- 108 183
- 108 182
- 108 150
- 108 124
- 108 278
- 109 213
- 109 263
- 109 147
- 109 198
- 109 389
- 109 277
- 109 252
- 109 374
- 110 239
- 110 387
- 110 192
- 110 153
- 110 358
- 111 362
- 111 168
- 111 248
- 111 181
- 111 286
- 111 281
- 111 174
- 111 360
- 111 158
- 111 396
- 111 192
- 112 166
- 112 299
- 112 293
- 112 157
- 112 138
- 112 240
- 112 167
- 112 124
- 113 221
- 113 240
- 113 209
- 113 127
- 113 235
- 113 379
- 114 242
- 114 302
- 114 139
- 114 250
- 114 194
- 114 371
- 115 186
- 115 322
- 115 397
- 115 144
- 115 163
- 115 228
- 115 232
- 116 235
- 116 373
- 116 230
- 116 271
- 116 355
- 116 197
- 116 183
- 116 156
- 116 144
- 116 131
- 116 274
- 116 285
- 117 170
- 117 194
- 117 345
- 117 352
- 117 398
- 118 193
- 118 344
- 118 365
- 119 151
- 119 367
- 119 188
- 119 347
- 119 289
- 119 399
- 119 311
- 119 340
- 120 206
- 120 255
- 120 382
- 120 307
- 120 126
- 120 122
- 120 278
- 120 121
- 120 329
- 121 390
- 121 224
- 121 146
- 121 396
- 121 170
- 121 394
- 121 135
- 121 263
- 122 278
- 122 275
- 122 349
- 122 169
- 122 307
- 122 361
- 122 295
- 122 136
- 122 191
- 122 323
- 122 378
- 122 235
- 123 313
- 123 359
- 123 395
- 123 222
- 123 339
- 123 247
- 123 246
- 124 231
- 124 142
- 124 371
- 124 185
- 124 136
- 124 357
- 124 166
- 124 367
- 124 244
- 124 347
- 124 369
- 125 374
- 125 203
- 125 181
- 125 322
- 125 195
- 125 370
- 126 393
- 126 208
- 126 129
- 126 168
- 126 227
- 126 308
- 126 262
- 126 127
- 127 188
- 127 202
- 127 380
- 128 384
- 128 315
- 128 158
- 128 274
- 128 189
- 128 360
- 129 265
- 129 205
- 129 188
- 129 255
- 129 228
- 129 189
- 129 204
- 130 316
- 130 305
- 130 254
- 130 158
- 130 350
- 130 132
- 130 287
- 130 207
- 131 320
- 131 220
- 131 199
- 131 383
- 132 375
- 132 335
- 132 265
- 132 362
- 132 267
- 132 164
- 133 159
- 133 391
- 133 288
- 133 375
- 133 166
- 133 332
- 133 289
- 133 250
- 134 268
- 134 228
- 134 216
- 134 141
- 135 321
- 135 153
- 135 146
- 135 337
- 135 224
- 135 298
- 135 360
- 136 396
- 136 250
- 136 220
- 136 268
- 136 189
- 136 280
- 137 376
- 137 229
- 137 188
- 137 335
- 138 283
- 138 294
- 138 242
- 138 362
- 138 331
- 138 168
- 138 219
- 138 318
- 138 149
- 139 238
- 139 293
- 139 267
- 139 322
- 139 242
- 139 393
- 139 337
- 139 376
- 139 226
- 140 269
- 140 190
- 140 315
- 140 324
- 140 282
- 140 371
- 140 392
- 141 294
- 141 257
- 141 289
- 141 168
- 141 349
- 141 351
- 141 364
- 142 268
- 142 193
- 142 257
- 142 382
- 142 321
- 142 164
- 142 219
- 142 314
- 142 377
- 143 383
- 143 177
- 143 218
- 143 298
- 143 394
- 143 311
- 143 292
- 143 356
- 143 185
- 144 246
- 144 234
- 144 362
- 144 341
- 144 263
- 145 239
- 145 383
- 145 275
- 145 213
- 145 240
- 145 397
- 145 174
- 145 225
- 145 301
- 145 203
- 145 164
- 145 313
- 146 231
- 146 183
- 146 189
- 146 400
- 146 236
- 146 300
- 146 153
- 146 330
- 146 356
- 146 308
- 146 328
- 146 188
- 146 315
- 146 229
- 147 209
- 147 178
- 147 290
- 147 233
- 147 198
- 148 163
- 148 395
- 148 325
- 148 238
- 148 289
- 148 362
- 148 184
- 149 240
- 149 257
- 149 250
- 149 206
- 149 219
- 150 295
- 150 325
- 150 273
- 150 396
- 150 212
- 150 229
- 151 339
- 151 152
- 151 342
- 151 171
- 151 216
- 151 199
- 152 307
- 152 203
- 152 304
- 152 370
- 152 174
- 153 178
- 153 391
- 153 231
- 153 193
- 153 172
- 154 212
- 154 375
- 154 396
- 155 399
- 155 191
- 155 200
- 156 348
- 156 219
- 156 249
- 156 189
- 156 296
- 156 212
- 157 180
- 157 299
- 157 262
- 157 224
- 157 312
- 157 186
- 157 256
- 158 213
- 158 244
- 158 330
- 158 216
- 158 261
- 159 256
- 159 296
- 159 394
- 159 267
- 159 285
- 160 253
- 160 288
- 160 363
- 161 238
- 161 245
- 161 243
- 161 299
- 162 385
- 162 350
- 162 331
- 163 306
- 163 362
- 163 341
- 163 327
- 163 198
- 163 281
- 163 184
- 163 247
- 163 385
- 164 244
- 164 293
- 164 389
- 164 197
- 164 299
- 165 341
- 165 384
- 165 170
- 165 189
- 165 372
- 166 395
- 166 394
- 166 231
- 166 186
- 166 218
- 166 379
- 167 374
- 167 272
- 167 216
- 168 374
- 168 376
- 168 385
- 168 365
- 168 222
- 168 241
- 168 323
- 168 221
- 168 350
- 168 369
- 168 169
- 169 373
- 169 250
- 170 187
- 170 388
- 170 367
- 170 329
- 170 274
- 170 344
- 170 317
- 171 179
- 171 362
- 171 176
- 172 381
- 172 373
- 173 333
- 173 271
- 173 254
- 173 383
- 173 272
- 174 309
- 174 178
- 174 288
- 174 218
- 174 303
- 174 296
- 175 398
- 175 193
- 175 291
- 176 399
- 176 305
- 176 359
- 176 371
- 176 221
- 176 194
- 177 205
- 177 289
- 177 393
- 178 371
- 178 359
- 178 348
- 178 311
- 178 393
- 178 315
- 178 324
- 179 312
- 179 317
- 179 289
- 179 392
- 179 259
- 179 342
- 179 394
- 180 197
- 180 251
- 181 350
- 181 301
- 181 369
- 181 185
- 182 272
- 182 361
- 182 269
- 182 235
- 182 324
- 182 222
- 182 391
- 182 314
- 183 325
- 183 209
- 184 370
- 184 251
- 184 219
- 184 365
- 185 400
- 185 361
- 185 208
- 185 391
- 185 267
- 185 292
- 185 195
- 185 344
- 185 325
- 186 298
- 186 290
- 186 390
- 186 215
- 186 373
- 186 310
- 187 346
- 187 193
- 187 356
- 187 307
- 187 295
- 187 352
- 187 257
- 187 203
- 187 212
- 187 200
- 187 335
- 188 346
- 188 197
- 188 391
- 188 215
- 188 321
- 188 330
- 188 245
- 188 293
- 188 200
- 189 243
- 189 330
- 189 354
- 189 247
- 189 338
- 190 382
- 190 303
- 190 225
- 190 257
- 190 360
- 190 314
- 191 266
- 191 230
- 191 247
- 191 212
- 192 240
- 192 372
- 192 241
- 192 235
- 192 313
- 192 204
- 192 247
- 192 294
- 192 248
- 193 338
- 194 392
- 194 394
- 195 288
- 195 271
- 195 254
- 195 205
- 195 201
- 195 304
- 195 358
- 196 238
- 196 280
- 196 309
- 196 322
- 196 305
- 196 292
- 196 341
- 197 308
- 197 245
- 197 262
- 197 298
- 198 348
- 198 309
- 198 349
- 198 282
- 199 229
- 199 209
- 199 316
- 199 223
- 199 378
- 199 277
- 199 322
- 199 385
- 199 200
- 199 342
- 200 229
- 200 395
- 200 296
- 202 221
- 202 213
- 202 314
- 202 320
- 203 275
- 203 388
- 203 279
- 204 309
- 204 256
- 204 234
- 205 344
- 205 218
- 205 318
- 205 397
- 205 363
- 206 216
- 206 283
- 206 297
- 207 274
- 207 354
- 207 223
- 207 308
- 207 356
- 208 257
- 208 360
- 208 329
- 208 320
- 208 313
- 208 235
- 209 354
- 209 315
- 209 289
- 209 322
- 210 235
- 210 393
- 210 255
- 211 319
- 211 333
- 211 308
- 211 381
- 211 400
- 211 269
- 211 322
- 212 276
- 212 375
- 212 323
- 212 319
- 212 232
- 213 371
- 213 285
- 213 317
- 213 306
- 213 294
- 213 354
- 213 296
- 214 285
- 214 308
- 214 235
- 215 222
- 215 378
- 215 295
- 216 290
- 216 264
- 216 293
- 216 241
- 216 231
- 216 273
- 217 257
- 217 298
- 217 285
- 217 343
- 217 260
- 217 267
- 217 387
- 217 351
- 218 332
- 218 326
- 219 310
- 220 366
- 220 286
- 220 311
- 220 377
- 221 359
- 221 316
- 221 398
- 221 283
- 221 228
- 221 352
- 222 303
- 222 348
- 222 291
- 222 292
- 222 399
- 222 263
- 223 344
- 223 315
- 223 319
- 223 278
- 223 293
- 223 342
- 223 388
- 223 324
- 224 300
- 224 354
- 224 326
- 224 288
- 224 296
- 224 340
- 225 308
- 225 312
- 225 376
- 226 341
- 226 392
- 226 315
- 226 328
- 226 374
- 227 234
- 227 229
- 227 298
- 227 314
- 227 378
- 228 361
- 228 349
- 228 335
- 228 317
- 229 334
- 229 333
- 229 299
- 229 241
- 230 231
- 230 338
- 230 400
- 230 290
- 230 388
- 231 288
- 231 237
- 231 305
- 231 272
- 231 397
- 231 258
- 232 366
- 232 380
- 232 234
- 233 344
- 234 364
- 234 307
- 234 249
- 234 374
- 234 302
- 234 360
- 235 273
- 235 348
- 236 350
- 236 292
- 236 250
- 236 237
- 236 306
- 237 338
- 237 298
- 237 286
- 238 324
- 238 301
- 238 287
- 238 258
- 238 247
- 238 311
- 238 362
- 239 312
- 239 284
- 239 379
- 239 261
- 239 332
- 240 281
- 240 393
- 240 392
- 240 338
- 241 259
- 241 290
- 241 276
- 241 338
- 242 308
- 242 273
- 242 350
- 242 314
- 242 335
- 242 309
- 243 350
- 243 391
- 243 249
- 243 244
- 244 341
- 244 271
- 244 392
- 245 293
- 245 254
- 245 271
- 245 277
- 245 337
- 246 363
- 246 258
- 246 371
- 246 376
- 246 314
- 246 255
- 246 380
- 246 277
- 246 347
- 246 276
- 247 337
- 247 286
- 248 388
- 248 270
- 248 284
- 249 370
- 249 262
- 249 317
- 250 253
- 250 366
- 250 288
- 250 353
- 251 256
- 252 367
- 253 344
- 253 280
- 253 323
- 253 312
- 254 345
- 254 384
- 254 265
- 254 358
- 254 385
- 255 363
- 255 319
- 255 265
- 255 394
- 256 339
- 256 386
- 256 275
- 256 359
- 257 396
- 257 323
- 258 288
- 258 318
- 258 366
- 259 357
- 260 271
- 260 395
- 260 312
- 260 315
- 261 263
- 261 286
- 262 386
- 262 324
- 262 317
- 263 335
- 264 266
- 264 379
- 264 338
- 265 334
- 265 353
- 265 322
- 265 270
- 265 348
- 266 269
- 266 386
- 266 296
- 266 274
- 267 321
- 267 367
- 268 389
- 269 388
- 269 337
- 269 284
- 270 363
- 270 370
- 270 358
- 271 378
- 271 384
- 271 350
- 273 367
- 274 340
- 274 317
- 274 335
- 274 353
- 274 364
- 275 379
- 275 375
- 275 394
- 275 324
- 275 301
- 276 377
- 276 288
- 276 395
- 277 352
- 277 373
- 277 399
- 277 333
- 277 310
- 278 342
- 278 293
- 278 346
- 278 394
- 278 365
- 279 298
- 279 282
- 279 281
- 280 338
- 281 317
- 281 369
- 281 373
- 281 328
- 281 301
- 281 349
- 281 333
- 282 301
- 282 368
- 282 369
- 282 377
- 282 320
- 282 347
- 283 377
- 283 397
- 283 284
- 284 370
- 284 382
- 284 368
- 284 359
- 285 383
- 285 349
- 285 388
- 286 287
- 287 390
- 287 388
- 288 395
- 288 348
- 288 346
- 290 391
- 290 353
- 291 322
- 291 393
- 291 356
- 291 363
- 292 373
- 292 386
- 292 370
- 292 340
- 293 326
- 293 348
- 294 326
- 294 354
- 294 331
- 295 324
- 295 317
- 295 391
- 296 382
- 296 332
- 296 336
- 298 364
- 298 359
- 298 360
- 298 326
- 300 398
- 300 330
- 300 363
- 301 376
- 301 386
- 301 384
- 301 373
- 301 320
- 302 338
- 302 359
- 302 337
- 302 370
- 303 353
- 303 346
- 303 348
- 303 323
- 304 349
- 304 399
- 305 354
- 305 330
- 305 398
- 305 382
- 306 323
- 306 351
- 306 354
- 307 321
- 307 399
- 307 314
- 307 345
- 308 354
- 309 389
- 309 398
- 309 323
- 310 362
- 310 372
- 311 332
- 311 390
- 313 386
- 314 348
- 314 379
- 315 392
- 316 355
- 317 381
- 317 344
- 317 378
- 317 327
- 317 376
- 318 355
- 318 338
- 319 330
- 319 391
- 319 351
- 320 339
- 320 329
- 320 370
- 320 384
- 321 363
- 321 358
- 321 391
- 321 370
- 321 372
- 321 376
- 322 342
- 323 330
- 323 336
- 324 329
- 324 388
- 324 344
- 324 386
- 325 351
- 325 360
- 325 328
- 326 357
- 327 343
- 328 341
- 329 397
- 329 342
- 329 393
- 329 394
- 330 377
- 331 343
- 331 346
- 331 387
- 333 335
- 333 367
- 333 364
- 334 387
- 334 363
- 334 385
- 334 373
- 335 374
- 336 351
- 337 361
- 338 394
- 338 379
- 339 394
- 341 381
- 343 361
- 343 400
- 344 354
- 345 400
- 345 357
- 345 384
- 345 373
- 346 382
- 346 396
- 347 375
- 348 357
- 349 360
- 350 370
- 350 364
- 351 394
- 351 368
- 351 385
- 354 380
- 356 386
- 356 382
- 357 369
- 357 358
- 359 360
- 362 366
- 363 386
- 364 372
- 365 375
- 369 394
- 369 383
- 370 394
- 371 382
- 372 381
- 374 397
- 375 391
- 376 379
- 379 381
- 381 389
- 381 400
- 384 395
- 386 389
+ 394 396
+ 390 397
+ 385 393
+ 382 383
+ 382 400
+ 380 383
+ 375 399
+ 373 389
+ 372 385
+ 371 378
+ 369 389
+ 367 395
+ 365 367
+ 365 368
+ 364 378
+ 361 379
+ 361 362
+ 361 375
+ 358 396
+ 358 363
+ 358 390
+ 358 392
+ 357 377
+ 356 379
+ 356 397
+ 353 380
+ 352 379
+ 351 361
+ 347 390
+ 345 386
+ 345 392
+ 344 347
+ 343 368
+ 343 374
+ 342 350
+ 341 391
+ 341 379
+ 341 388
+ 340 345
+ 340 366
+ 340 379
+ 339 400
+ 338 367
+ 338 398
+ 336 344
+ 336 396
+ 336 381
+ 336 341
+ 336 355
+ 336 365
+ 335 371
+ 335 389
+ 335 387
+ 333 341
+ 333 335
+ 333 374
+ 331 371
+ 331 358
+ 330 348
+ 330 339
+ 329 387
+ 329 361
+ 329 397
+ 328 361
+ 327 338
+ 327 331
+ 327 375
+ 326 368
+ 326 366
+ 326 377
+ 325 379
+ 325 380
+ 324 394
+ 324 381
+ 324 375
+ 324 359
+ 323 386
+ 323 396
+ 322 373
+ 321 324
+ 321 333
+ 320 367
+ 319 387
+ 319 357
+ 318 371
+ 318 379
+ 317 360
+ 316 360
+ 315 322
+ 315 337
+ 315 354
+ 314 339
+ 314 334
+ 314 394
+ 313 346
+ 313 333
+ 312 326
+ 308 343
+ 308 345
+ 307 338
+ 307 313
+ 306 348
+ 305 376
+ 304 317
+ 304 341
+ 303 316
+ 303 323
+ 303 382
+ 302 324
+ 302 337
+ 302 348
+ 301 353
+ 301 318
+ 300 305
+ 300 389
+ 300 383
+ 299 327
+ 298 313
+ 297 364
+ 296 303
+ 296 348
+ 296 313
+ 295 350
+ 295 296
+ 294 299
+ 294 399
+ 293 309
+ 293 388
+ 292 333
+ 291 301
+ 290 389
+ 290 345
+ 289 326
+ 289 307
+ 289 388
+ 289 325
+ 289 331
+ 288 341
+ 287 312
+ 287 296
+ 286 386
+ 286 339
+ 286 354
+ 285 348
+ 285 310
+ 285 356
+ 284 338
+ 284 345
+ 284 376
+ 283 341
+ 283 334
+ 283 396
+ 282 316
+ 282 338
+ 282 283
+ 282 307
+ 281 310
+ 279 290
+ 279 357
+ 279 325
+ 278 380
+ 277 287
+ 277 299
+ 277 363
+ 277 389
+ 276 290
+ 276 293
+ 275 277
+ 275 391
+ 275 300
+ 275 309
+ 275 325
+ 274 277
+ 274 345
+ 274 317
+ 274 388
+ 274 373
+ 273 279
+ 273 396
+ 272 331
+ 271 381
+ 271 379
+ 271 374
+ 270 324
+ 270 315
+ 269 304
+ 269 289
+ 269 301
+ 269 376
+ 269 360
+ 269 277
+ 268 333
+ 268 342
+ 268 334
+ 267 324
+ 267 274
+ 267 327
+ 267 317
+ 267 323
+ 267 354
+ 266 370
+ 265 281
+ 265 316
+ 265 298
+ 265 388
+ 264 309
+ 264 332
+ 264 298
+ 264 281
+ 263 303
+ 263 312
+ 263 346
+ 263 395
+ 263 265
+ 263 342
+ 262 354
+ 262 335
+ 261 307
+ 261 347
+ 260 346
+ 260 322
+ 260 374
+ 260 271
+ 259 309
+ 259 357
+ 259 297
+ 258 298
+ 257 298
+ 256 370
+ 256 322
+ 256 284
+ 256 393
+ 256 327
+ 256 288
+ 256 259
+ 255 302
+ 255 364
+ 255 328
+ 254 265
+ 254 303
+ 254 382
+ 254 282
+ 254 299
+ 253 350
+ 253 256
+ 252 324
+ 251 374
+ 251 346
+ 251 364
+ 251 338
+ 251 378
+ 250 395
+ 250 318
+ 250 393
+ 249 332
+ 249 305
+ 248 327
+ 248 274
+ 248 382
+ 248 295
+ 247 279
+ 247 287
+ 247 261
+ 247 340
+ 246 347
+ 246 292
+ 246 258
+ 245 328
+ 245 276
+ 245 396
+ 245 269
+ 244 379
+ 244 254
+ 244 276
+ 244 380
+ 243 331
+ 243 336
+ 243 369
+ 243 352
+ 243 245
+ 243 330
+ 242 348
+ 242 338
+ 242 247
+ 242 271
+ 242 302
+ 241 276
+ 241 268
+ 241 365
+ 241 280
+ 241 317
+ 241 259
+ 240 389
+ 240 369
+ 239 273
+ 239 267
+ 239 276
+ 239 287
+ 238 312
+ 238 344
+ 238 262
+ 237 387
+ 237 289
+ 237 290
+ 237 273
+ 237 265
+ 237 346
+ 236 389
+ 236 264
+ 236 344
+ 235 260
+ 235 336
+ 235 373
+ 235 242
+ 234 282
+ 234 367
+ 234 290
+ 234 265
+ 234 343
+ 233 348
+ 233 387
+ 233 394
+ 233 298
+ 233 352
+ 232 336
+ 232 366
+ 232 272
+ 232 233
+ 232 365
+ 232 259
+ 231 244
+ 231 284
+ 231 335
+ 231 350
+ 230 242
+ 230 250
+ 230 308
+ 230 249
+ 229 381
+ 229 250
+ 229 274
+ 229 272
+ 229 281
+ 229 384
+ 228 231
+ 228 376
+ 228 338
+ 227 348
+ 227 333
+ 227 273
+ 226 312
+ 226 238
+ 226 388
+ 225 325
+ 225 265
+ 225 271
+ 225 313
+ 225 280
+ 225 372
+ 224 246
+ 224 317
+ 224 367
+ 224 289
+ 224 365
+ 224 244
+ 223 368
+ 223 371
+ 223 370
+ 223 292
+ 222 226
+ 222 388
+ 222 359
+ 222 316
+ 222 332
+ 221 282
+ 221 390
+ 221 268
+ 221 320
+ 221 274
+ 221 262
+ 221 241
+ 220 260
+ 220 310
+ 220 343
+ 220 361
+ 220 347
+ 220 397
+ 219 350
+ 219 224
+ 218 263
+ 218 295
+ 218 374
+ 218 225
+ 217 298
+ 217 306
+ 217 283
+ 216 317
+ 216 329
+ 216 370
+ 216 383
+ 216 346
+ 216 398
+ 216 367
+ 215 389
+ 215 350
+ 215 398
+ 215 335
+ 215 386
+ 215 316
+ 215 225
+ 214 398
+ 214 378
+ 213 360
+ 213 311
+ 213 331
+ 213 300
+ 212 378
+ 212 307
+ 212 302
+ 212 233
+ 212 360
+ 211 344
+ 211 329
+ 211 250
+ 210 362
+ 210 259
+ 210 277
+ 210 218
+ 210 400
+ 209 361
+ 209 380
+ 209 331
+ 208 333
+ 208 338
+ 207 334
+ 207 249
+ 207 363
+ 207 254
+ 207 327
+ 206 246
+ 206 242
+ 206 390
+ 206 250
+ 205 349
+ 205 366
+ 204 306
+ 204 244
+ 204 213
+ 204 245
+ 204 265
+ 204 234
+ 203 386
+ 203 279
+ 203 290
+ 202 395
+ 202 329
+ 202 287
+ 202 289
+ 202 312
+ 202 265
+ 201 246
+ 201 323
+ 201 372
+ 201 357
+ 200 376
+ 200 377
+ 200 374
+ 200 315
+ 200 295
+ 199 274
+ 199 373
+ 199 364
+ 199 237
+ 199 265
+ 199 290
+ 199 320
+ 198 400
+ 198 315
+ 197 329
+ 197 265
+ 197 292
+ 197 279
+ 196 230
+ 196 397
+ 196 199
+ 196 265
+ 196 263
+ 195 399
+ 195 243
+ 195 359
+ 195 314
+ 195 349
+ 195 265
+ 194 359
+ 194 257
+ 194 272
+ 194 208
+ 194 220
+ 194 268
+ 193 226
+ 193 272
+ 193 358
+ 193 219
+ 192 261
+ 192 222
+ 192 369
+ 192 267
+ 192 385
+ 192 297
+ 191 397
+ 191 377
+ 191 310
+ 190 347
+ 190 303
+ 190 289
+ 190 375
+ 190 203
+ 190 319
+ 189 232
+ 189 357
+ 189 253
+ 189 271
+ 189 293
+ 189 268
+ 188 268
+ 188 380
+ 188 279
+ 187 211
+ 187 300
+ 187 261
+ 187 206
+ 186 199
+ 186 281
+ 186 251
+ 186 255
+ 186 226
+ 185 249
+ 185 346
+ 185 234
+ 185 213
+ 185 339
+ 185 223
+ 185 193
+ 185 353
+ 184 298
+ 184 198
+ 184 209
+ 184 284
+ 184 384
+ 184 341
+ 183 221
+ 183 305
+ 183 321
+ 183 194
+ 183 359
+ 183 193
+ 182 357
+ 182 313
+ 182 314
+ 182 285
+ 182 362
+ 182 268
+ 182 185
+ 182 394
+ 181 373
+ 181 270
+ 181 324
+ 181 329
+ 181 340
+ 181 375
+ 180 224
+ 180 241
+ 180 239
+ 180 205
+ 180 291
+ 179 309
+ 179 269
+ 179 328
+ 179 320
+ 179 185
+ 179 373
+ 178 353
+ 178 200
+ 178 295
+ 178 316
+ 178 266
+ 178 296
+ 178 310
+ 178 380
+ 177 352
+ 177 192
+ 177 271
+ 177 377
+ 177 336
+ 177 367
+ 177 321
+ 177 180
+ 177 218
+ 177 289
+ 176 323
+ 176 220
+ 176 239
+ 176 278
+ 176 301
+ 175 244
+ 175 271
+ 175 382
+ 175 357
+ 175 258
+ 175 270
+ 174 289
+ 174 264
+ 174 297
+ 174 306
+ 174 243
+ 174 359
+ 173 298
+ 173 179
+ 173 295
+ 173 275
+ 173 392
+ 172 238
+ 172 298
+ 172 374
+ 172 340
+ 172 240
+ 172 249
+ 171 172
+ 171 296
+ 171 180
+ 171 306
+ 170 217
+ 170 181
+ 170 199
+ 170 339
+ 170 368
+ 170 243
+ 170 396
+ 169 275
+ 169 307
+ 169 289
+ 169 328
+ 169 284
+ 169 340
+ 169 397
+ 168 395
+ 168 279
+ 168 259
+ 168 237
+ 167 329
+ 167 185
+ 167 397
+ 167 343
+ 167 333
+ 167 173
+ 166 208
+ 166 243
+ 166 339
+ 165 350
+ 165 236
+ 165 284
+ 165 268
+ 165 233
+ 164 315
+ 164 313
+ 164 398
+ 163 310
+ 163 174
+ 163 213
+ 162 374
+ 162 391
+ 162 313
+ 161 356
+ 161 364
+ 161 281
+ 161 344
+ 161 391
+ 161 261
+ 161 352
+ 161 201
+ 161 264
+ 160 242
+ 160 275
+ 159 308
+ 159 355
+ 159 240
+ 159 293
+ 159 377
+ 159 367
+ 159 366
+ 159 236
+ 159 343
+ 159 180
+ 159 328
+ 158 387
+ 158 340
+ 158 396
+ 158 273
+ 158 356
+ 158 258
+ 157 295
+ 157 248
+ 157 251
+ 157 323
+ 156 349
+ 156 375
+ 156 248
+ 156 240
+ 156 317
+ 156 337
+ 156 262
+ 155 206
+ 155 358
+ 155 205
+ 155 217
+ 155 297
+ 155 368
+ 154 320
+ 154 307
+ 154 212
+ 154 167
+ 154 265
+ 154 283
+ 154 227
+ 153 398
+ 153 219
+ 153 176
+ 153 331
+ 153 300
+ 153 384
+ 153 353
+ 153 284
+ 152 335
+ 152 399
+ 152 271
+ 152 341
+ 152 293
+ 152 175
+ 152 347
+ 152 214
+ 151 383
+ 151 304
+ 151 365
+ 151 382
+ 151 156
+ 151 215
+ 151 197
+ 151 366
+ 151 353
+ 150 226
+ 150 318
+ 150 225
+ 150 397
+ 150 312
+ 150 344
+ 150 316
+ 150 245
+ 150 376
+ 150 219
+ 149 168
+ 149 397
+ 149 173
+ 149 341
+ 149 366
+ 149 235
+ 149 174
+ 148 193
+ 148 216
+ 148 283
+ 148 304
+ 148 226
+ 148 227
+ 148 268
+ 148 301
+ 148 169
+ 147 391
+ 147 215
+ 147 386
+ 147 355
+ 147 356
+ 147 148
+ 146 354
+ 146 279
+ 146 238
+ 146 353
+ 146 277
+ 146 182
+ 146 334
+ 146 271
+ 146 319
+ 146 150
+ 145 372
+ 145 329
+ 145 347
+ 144 335
+ 144 158
+ 144 343
+ 144 147
+ 144 325
+ 144 283
+ 144 340
+ 144 198
+ 144 318
+ 144 281
+ 144 280
+ 144 271
+ 144 354
+ 144 166
+ 144 207
+ 143 351
+ 143 229
+ 143 147
+ 143 299
+ 143 162
+ 143 164
+ 143 372
+ 142 299
+ 142 148
+ 142 293
+ 142 194
+ 142 333
+ 142 288
+ 142 310
+ 142 334
+ 142 349
+ 142 382
+ 142 390
+ 142 250
+ 141 385
+ 141 178
+ 141 191
+ 141 326
+ 141 176
+ 141 348
+ 140 179
+ 140 219
+ 140 165
+ 140 216
+ 140 293
+ 140 256
+ 140 395
+ 140 349
+ 140 294
+ 139 353
+ 139 217
+ 139 265
+ 138 274
+ 138 179
+ 138 153
+ 138 215
+ 138 163
+ 138 142
+ 138 281
+ 138 154
+ 137 168
+ 137 219
+ 137 163
+ 137 329
+ 137 321
+ 136 324
+ 136 201
+ 136 352
+ 136 231
+ 135 300
+ 135 225
+ 135 282
+ 135 354
+ 135 384
+ 135 221
+ 135 237
+ 135 212
+ 135 229
+ 135 147
+ 135 391
+ 134 394
+ 134 311
+ 134 249
+ 134 170
+ 134 342
+ 134 284
+ 133 171
+ 133 345
+ 133 303
+ 133 333
+ 133 183
+ 133 374
+ 133 304
+ 132 232
+ 132 226
+ 132 331
+ 132 274
+ 132 250
+ 131 313
+ 131 381
+ 131 310
+ 131 365
+ 131 360
+ 131 379
+ 131 261
+ 131 321
+ 130 363
+ 130 151
+ 130 326
+ 130 305
+ 130 297
+ 129 311
+ 129 249
+ 129 133
+ 129 356
+ 129 344
+ 129 309
+ 128 395
+ 128 276
+ 128 354
+ 128 129
+ 128 400
+ 128 151
+ 128 344
+ 128 321
+ 128 145
+ 128 138
+ 127 302
+ 127 270
+ 127 250
+ 127 192
+ 127 285
+ 127 354
+ 127 281
+ 127 274
+ 127 312
+ 127 202
+ 127 179
+ 126 354
+ 126 290
+ 126 287
+ 126 298
+ 126 255
+ 126 168
+ 126 322
+ 126 294
+ 126 202
+ 126 216
+ 126 141
+ 125 347
+ 125 249
+ 125 304
+ 125 285
+ 125 270
+ 124 360
+ 124 192
+ 124 165
+ 124 317
+ 124 193
+ 124 319
+ 124 341
+ 123 397
+ 123 395
+ 123 156
+ 123 330
+ 123 306
+ 123 270
+ 123 131
+ 123 373
+ 123 291
+ 123 202
+ 123 243
+ 123 247
+ 122 239
+ 122 330
+ 122 269
+ 122 357
+ 122 387
+ 122 382
+ 121 272
+ 121 129
+ 121 229
+ 121 138
+ 121 250
+ 120 391
+ 120 214
+ 120 358
+ 120 313
+ 120 318
+ 120 282
+ 120 166
+ 120 386
+ 120 292
+ 120 258
+ 119 163
+ 119 127
+ 119 173
+ 119 207
+ 118 184
+ 118 128
+ 118 368
+ 118 391
+ 118 259
+ 118 163
+ 117 203
+ 117 166
+ 117 382
+ 117 326
+ 117 257
+ 116 204
+ 116 134
+ 116 393
+ 116 328
+ 116 296
+ 116 317
+ 116 349
+ 116 192
+ 116 201
+ 115 309
+ 115 190
+ 114 130
+ 114 385
+ 114 389
+ 114 345
+ 114 279
+ 114 116
+ 113 378
+ 113 374
+ 113 339
+ 113 245
+ 113 228
+ 113 254
+ 112 243
+ 112 125
+ 112 185
+ 112 363
+ 112 297
+ 112 327
+ 112 219
+ 112 313
+ 112 116
+ 112 385
+ 112 398
+ 112 136
+ 112 359
+ 112 266
+ 111 221
+ 111 154
+ 111 124
+ 111 153
+ 111 312
+ 111 122
+ 110 162
+ 110 297
+ 110 300
+ 110 287
+ 110 117
+ 110 154
+ 110 274
+ 109 333
+ 109 169
+ 109 324
+ 109 339
+ 109 323
+ 109 370
+ 109 165
+ 109 355
+ 109 378
+ 108 167
+ 108 239
+ 108 281
+ 108 186
+ 108 388
+ 108 144
+ 108 131
+ 108 249
+ 108 375
+ 108 175
+ 107 223
+ 107 354
+ 107 377
+ 107 200
+ 107 188
+ 107 341
+ 107 214
+ 107 360
+ 106 269
+ 106 212
+ 106 354
+ 106 367
+ 106 279
+ 105 224
+ 105 142
+ 105 329
+ 105 157
+ 105 214
+ 105 252
+ 105 140
+ 105 207
+ 104 255
+ 104 338
+ 104 180
+ 104 231
+ 104 110
+ 103 350
+ 103 171
+ 103 375
+ 103 248
+ 103 235
+ 103 319
+ 103 324
+ 102 313
+ 102 228
+ 102 229
+ 102 192
+ 102 169
+ 102 378
+ 101 238
+ 101 361
+ 101 109
+ 101 213
+ 101 273
+ 101 351
+ 100 204
+ 100 303
+ 100 341
+ 100 394
+ 99 366
+ 99 148
+ 99 155
+ 99 164
+ 99 304
+ 99 222
+ 99 131
+ 99 229
+ 98 230
+ 98 174
+ 98 192
+ 98 155
+ 98 332
+ 98 220
+ 97 278
+ 97 171
+ 97 235
+ 97 118
+ 97 281
+ 97 369
+ 96 355
+ 96 283
+ 96 393
+ 96 364
+ 96 360
+ 95 235
+ 95 291
+ 95 161
+ 95 315
+ 95 308
+ 95 372
+ 95 348
+ 95 188
+ 95 199
+ 94 202
+ 94 175
+ 94 177
+ 94 203
+ 93 289
+ 93 128
+ 93 114
+ 93 318
+ 93 151
+ 92 212
+ 92 108
+ 92 198
+ 91 291
+ 91 288
+ 91 147
+ 91 260
+ 91 314
+ 91 200
+ 91 278
+ 91 290
+ 90 140
+ 90 103
+ 90 347
+ 90 150
+ 90 369
+ 90 268
+ 90 193
+ 90 127
+ 89 296
+ 89 239
+ 89 334
+ 89 400
+ 89 387
+ 89 368
+ 89 307
+ 89 94
+ 89 320
+ 88 314
+ 88 242
+ 88 368
+ 88 381
+ 88 316
+ 88 297
+ 88 369
+ 88 346
+ 87 221
+ 87 367
+ 87 233
+ 87 88
+ 87 313
+ 87 167
+ 87 275
+ 87 259
+ 87 107
+ 87 362
+ 87 116
+ 87 299
+ 87 290
+ 87 235
+ 87 111
+ 86 231
+ 86 385
+ 86 169
+ 86 156
+ 86 340
+ 86 386
+ 86 238
+ 86 122
+ 85 388
+ 85 278
+ 85 375
+ 85 144
+ 85 229
+ 85 292
+ 85 355
+ 85 132
+ 84 383
+ 84 337
+ 84 289
+ 84 302
+ 84 372
+ 84 293
+ 84 377
+ 84 296
+ 83 360
+ 83 94
+ 83 155
+ 83 252
+ 83 218
+ 83 262
+ 83 181
+ 83 195
+ 82 390
+ 82 298
+ 82 148
+ 82 183
+ 82 343
+ 82 212
+ 82 137
+ 82 223
+ 82 287
+ 82 220
+ 82 165
+ 81 167
+ 81 134
+ 81 258
+ 81 190
+ 81 87
+ 81 135
+ 81 328
+ 81 160
+ 81 289
+ 81 145
+ 81 195
+ 80 286
+ 80 277
+ 80 318
+ 80 263
+ 80 228
+ 79 308
+ 79 340
+ 79 266
+ 79 121
+ 79 260
+ 79 87
+ 79 382
+ 79 264
+ 78 182
+ 78 208
+ 78 240
+ 78 300
+ 78 250
+ 78 387
+ 77 213
+ 77 229
+ 77 157
+ 77 150
+ 77 196
+ 77 249
+ 77 393
+ 77 306
+ 77 310
+ 77 107
+ 77 218
+ 77 124
+ 76 186
+ 76 263
+ 76 283
+ 76 396
+ 76 287
+ 76 279
+ 76 373
+ 76 268
+ 76 395
+ 76 105
+ 76 249
+ 76 383
+ 75 326
+ 75 186
+ 75 354
+ 75 138
+ 75 102
+ 75 189
+ 75 219
+ 74 236
+ 74 100
+ 74 346
+ 74 249
+ 74 243
+ 74 255
+ 74 359
+ 74 356
+ 74 399
+ 74 368
+ 74 178
+ 73 286
+ 73 141
+ 73 157
+ 73 183
+ 73 273
+ 73 202
+ 73 200
+ 73 238
+ 72 115
+ 72 386
+ 72 279
+ 72 135
+ 72 122
+ 72 207
+ 72 151
+ 72 325
+ 71 215
+ 71 332
+ 71 399
+ 71 145
+ 71 165
+ 71 117
+ 70 176
+ 70 207
+ 70 163
+ 70 364
+ 70 254
+ 70 136
+ 69 377
+ 69 275
+ 69 125
+ 69 115
+ 69 192
+ 69 226
+ 69 293
+ 69 258
+ 68 301
+ 68 82
+ 68 99
+ 68 269
+ 68 332
+ 68 228
+ 68 179
+ 68 311
+ 67 230
+ 67 203
+ 67 124
+ 67 152
+ 67 311
+ 67 378
+ 67 315
+ 67 355
+ 67 220
+ 67 170
+ 67 336
+ 66 335
+ 66 106
+ 66 89
+ 66 258
+ 66 76
+ 66 287
+ 66 309
+ 66 322
+ 66 75
+ 66 345
+ 66 352
+ 65 232
+ 65 247
+ 65 284
+ 65 212
+ 65 95
+ 65 109
+ 65 228
+ 65 315
+ 65 99
+ 65 306
+ 65 66
+ 65 263
+ 65 243
+ 64 121
+ 64 72
+ 64 141
+ 64 240
+ 64 300
+ 64 270
+ 64 362
+ 64 78
+ 64 288
+ 63 341
+ 63 363
+ 63 220
+ 63 290
+ 63 384
+ 63 237
+ 63 312
+ 63 84
+ 63 275
+ 63 183
+ 62 239
+ 62 224
+ 62 302
+ 62 66
+ 62 82
+ 62 168
+ 62 257
+ 62 308
+ 61 95
+ 61 371
+ 61 178
+ 61 385
+ 61 110
+ 61 318
+ 61 224
+ 61 86
+ 61 327
+ 61 179
+ 60 368
+ 60 202
+ 60 334
+ 60 320
+ 60 266
+ 60 352
+ 60 389
+ 59 346
+ 59 163
+ 59 157
+ 59 378
+ 59 352
+ 59 153
+ 59 147
+ 59 353
+ 59 150
+ 59 69
+ 59 317
+ 59 287
+ 59 263
+ 59 316
+ 59 371
+ 58 88
+ 58 228
+ 58 128
+ 58 67
+ 58 272
+ 57 207
+ 57 268
+ 57 163
+ 57 292
+ 57 280
+ 57 303
+ 57 114
+ 57 119
+ 56 58
+ 56 330
+ 56 124
+ 56 111
+ 56 294
+ 56 119
+ 56 240
+ 56 397
+ 56 331
+ 55 252
+ 55 358
+ 55 260
+ 55 118
+ 55 160
+ 55 168
+ 54 361
+ 54 256
+ 54 92
+ 54 336
+ 54 355
+ 53 181
+ 53 350
+ 53 68
+ 53 172
+ 53 212
+ 53 112
+ 52 117
+ 52 142
+ 52 344
+ 52 147
+ 52 143
+ 52 177
+ 52 376
+ 52 95
+ 52 122
+ 52 336
+ 51 148
+ 51 352
+ 51 311
+ 51 216
+ 51 272
+ 51 340
+ 51 167
+ 50 300
+ 50 93
+ 50 236
+ 50 102
+ 50 143
+ 50 59
+ 50 287
+ 50 100
+ 50 267
+ 50 206
+ 49 365
+ 49 143
+ 49 86
+ 49 356
+ 49 320
+ 48 330
+ 48 189
+ 48 285
+ 48 82
+ 48 247
+ 47 238
+ 47 383
+ 47 371
+ 47 150
+ 47 364
+ 47 115
+ 47 186
+ 47 302
+ 47 259
+ 46 201
+ 46 360
+ 46 151
+ 46 128
+ 46 219
+ 46 333
+ 46 316
+ 45 370
+ 45 268
+ 45 219
+ 45 366
+ 45 113
+ 45 116
+ 45 275
+ 45 188
+ 45 329
+ 45 380
+ 45 232
+ 45 194
+ 45 339
+ 44 56
+ 44 116
+ 44 74
+ 44 365
+ 44 251
+ 44 391
+ 44 140
+ 44 45
+ 44 243
+ 43 354
+ 43 347
+ 43 152
+ 43 236
+ 43 50
+ 43 106
+ 43 85
+ 43 341
+ 42 175
+ 42 259
+ 42 195
+ 42 137
+ 42 390
+ 42 50
+ 42 274
+ 42 54
+ 42 201
+ 42 166
+ 42 93
+ 42 60
+ 42 152
+ 42 189
+ 42 64
+ 42 332
+ 42 287
+ 42 394
+ 41 43
+ 41 135
+ 41 230
+ 41 117
+ 41 287
+ 41 82
+ 40 332
+ 40 384
+ 40 67
+ 40 363
+ 40 330
+ 39 398
+ 39 238
+ 39 262
+ 39 395
+ 39 140
+ 39 66
+ 38 89
+ 38 166
+ 38 138
+ 38 280
+ 38 183
+ 38 254
+ 38 168
+ 38 208
+ 38 245
+ 38 91
+ 38 187
+ 37 400
+ 37 255
+ 37 349
+ 37 94
+ 37 376
+ 37 83
+ 37 358
+ 37 312
+ 37 398
+ 37 201
+ 37 85
+ 37 249
+ 37 126
+ 36 142
+ 36 105
+ 36 50
+ 36 359
+ 36 322
+ 36 250
+ 36 133
+ 36 85
+ 36 207
+ 35 244
+ 35 102
+ 35 163
+ 35 308
+ 35 93
+ 35 107
+ 35 130
+ 35 97
+ 34 278
+ 34 372
+ 34 44
+ 34 223
+ 34 290
+ 34 196
+ 34 139
+ 34 114
+ 34 315
+ 33 208
+ 33 288
+ 33 324
+ 33 346
+ 32 198
+ 32 274
+ 32 314
+ 32 384
+ 32 59
+ 32 244
+ 32 41
+ 32 349
+ 31 258
+ 31 239
+ 31 117
+ 31 273
+ 31 106
+ 31 207
+ 31 233
+ 31 105
+ 31 156
+ 31 104
+ 31 90
+ 31 225
+ 31 108
+ 30 216
+ 30 139
+ 30 126
+ 30 33
+ 30 342
+ 30 64
+ 30 45
+ 30 208
+ 30 44
+ 30 317
+ 30 82
+ 30 269
+ 29 352
+ 29 366
+ 29 57
+ 29 181
+ 29 110
+ 29 54
+ 29 229
+ 28 325
+ 28 336
+ 28 198
+ 28 281
+ 28 361
+ 28 340
+ 28 276
+ 28 144
+ 27 347
+ 27 214
+ 27 54
+ 27 95
+ 27 257
+ 27 234
+ 27 371
+ 27 44
+ 26 386
+ 26 130
+ 26 134
+ 26 144
+ 26 397
+ 26 29
+ 26 388
+ 26 140
+ 26 277
+ 26 321
+ 26 245
+ 26 235
+ 25 201
+ 25 370
+ 25 198
+ 25 43
+ 25 120
+ 25 280
+ 25 141
+ 25 124
+ 25 42
+ 24 119
+ 24 96
+ 24 41
+ 24 235
+ 24 51
+ 24 72
+ 24 102
+ 24 192
+ 23 327
+ 23 354
+ 23 313
+ 23 40
+ 23 141
+ 23 37
+ 23 376
+ 23 102
+ 23 231
+ 23 105
+ 23 258
+ 23 234
+ 23 307
+ 23 150
+ 23 368
+ 23 129
+ 23 278
+ 23 397
+ 22 201
+ 22 264
+ 22 244
+ 22 399
+ 22 139
+ 21 191
+ 21 233
+ 21 311
+ 21 132
+ 21 79
+ 21 105
+ 21 269
+ 21 167
+ 21 264
+ 20 284
+ 20 361
+ 20 228
+ 20 347
+ 20 283
+ 20 106
+ 20 102
+ 20 333
+ 20 58
+ 19 296
+ 19 238
+ 19 78
+ 19 51
+ 19 83
+ 19 271
+ 19 294
+ 19 343
+ 19 156
+ 19 59
+ 19 268
+ 19 306
+ 19 391
+ 19 171
+ 19 258
+ 19 165
+ 18 176
+ 18 302
+ 18 188
+ 18 99
+ 18 364
+ 18 61
+ 18 363
+ 18 169
+ 18 214
+ 18 22
+ 18 349
+ 18 357
+ 18 156
+ 17 386
+ 17 397
+ 17 219
+ 17 256
+ 17 100
+ 17 327
+ 17 318
+ 17 392
+ 17 243
+ 16 281
+ 16 243
+ 16 339
+ 16 289
+ 16 232
+ 16 169
+ 16 33
+ 16 237
+ 16 228
+ 16 356
+ 16 346
+ 16 392
+ 16 352
+ 16 65
+ 16 44
+ 16 300
+ 15 227
+ 15 170
+ 15 219
+ 15 400
+ 15 102
+ 15 395
+ 14 251
+ 14 146
+ 14 265
+ 14 226
+ 14 326
+ 14 356
+ 14 347
+ 14 197
+ 14 105
+ 14 342
+ 13 222
+ 13 135
+ 13 346
+ 13 269
+ 13 101
+ 13 223
+ 13 313
+ 13 155
+ 13 235
+ 12 64
+ 12 359
+ 12 68
+ 12 103
+ 12 101
+ 12 290
+ 12 90
+ 12 244
+ 12 69
+ 12 25
+ 12 284
+ 12 77
+ 12 367
+ 12 286
+ 11 276
+ 11 343
+ 11 380
+ 11 303
+ 11 117
+ 11 74
+ 10 115
+ 10 90
+ 10 166
+ 10 53
+ 10 119
+ 10 142
+ 10 18
+ 10 283
+ 10 204
+ 10 273
+ 9 52
+ 9 79
+ 9 367
+ 9 344
+ 9 161
+ 9 297
+ 9 327
+ 9 180
+ 9 213
+ 8 334
+ 8 396
+ 8 134
+ 8 347
+ 8 20
+ 8 51
+ 8 27
+ 7 311
+ 7 246
+ 7 159
+ 7 211
+ 7 45
+ 7 351
+ 7 221
+ 7 34
+ 7 134
+ 7 180
+ 7 28
+ 7 384
+ 6 61
+ 6 396
+ 6 252
+ 6 278
+ 6 246
+ 6 95
+ 6 180
+ 6 326
+ 6 395
+ 6 330
+ 6 331
+ 5 212
+ 5 14
+ 5 345
+ 5 62
+ 5 356
+ 5 39
+ 5 388
+ 5 278
+ 5 202
+ 5 125
+ 5 162
+ 4 179
+ 4 358
+ 4 257
+ 4 298
+ 4 363
+ 4 366
+ 4 13
+ 4 345
+ 4 245
+ 3 174
+ 3 165
+ 3 392
+ 3 83
+ 3 41
+ 3 43
+ 3 287
+ 3 316
+ 3 38
+ 3 214
+ 2 20
+ 2 181
+ 2 254
+ 2 301
+ 2 341
+ 2 3
+ 2 176
+ 2 350
- 1 49
- 1 337
- 1 211
- 1 280
- 1 96
- 1 71
- 1 230
- 1 33
- 1 208
- 1 46
- 1 164
- 1 39
- 1 252
- 1 362
- 1 153
- 1 371
- 1 59
- 1 32
- 1 92
- 1 198
- 1 158
- 1 121
- 1 381
- 1 88
- 1 89
- 1 307
- 1 253
- 1 75
- 1 189
- 1 232
- 1 132
- 1 21
- 1 311
- 1 68
- 1 172
- 1 53
- 1 10
- 1 343
- 1 234
- 1 204
- 1 100
- 1 17
- 1 80
- 1 26
- 1 277
- 1 299
- 1 327
- 1 9
- 1 161
- 1 261
- 1 390
- 1 347
- 1 152
- 1 43
- 1 85
- 1 36
- 1 322
- 1 373
- 1 383
- 1 76
- 1 188
- 1 197
- 1 279
- 1 106
- 1 20
- 1 58
- 1 272
- 1 51
- 1 340
- 1 28
- 1 361
- 1 375
- 1 181
- 1 83
- 1 218
- 1 210
- 1 400
- 1 382
- 1 303
- 1 11
- 1 74
- 1 178
- 1 310
- 1 191
- 1 377
- 1 326
- 1 312
- 1 202
- 1 5
- 1 162
- 1 313
- 1 333
- 1 167
- 1 173
- 1 392
- 1 358
- 1 363
- 1 40
- 1 330
- 1 339
- 1 45
- 1 194
- 1 220
- 1 98
- 1 332
- 1 222
- 1 316
- 1 3
- 1 214
- 1 107
- 1 360
- 1 212
- 1 99
- 1 304
- 1 133
- 1 374
- 1 271
- 1 260
- 1 160
- 1 55
- 1 168
- 1 62
- 1 308
- 1 345
- 1 66
- 1 352
- 1 233
- 1 298
- 1 257
- 1 117
- 1 104
- 1 110
- 1 274
- 1 221
- 1 241
- 1 317
- 1 30
- 1 269
- 1 245
- 1 4
- 1 205
- 1 366
- 1 149
- 1 174
- 1 359
- 1 324
- 1 103
- 1 248
- 1 157
- 1 323
- 1 267
- 1 50
- 1 206
- 1 187
- 1 91
- 1 314
- 1 195
- 1 81
- 1 289
- 1 177
- 1 52
- 1 95
- 1 348
- 1 141
- 1 25
- 1 42
- 1 394
- 1 182
- 1 185
- 1 353
- 1 139
- 1 22
- 1 399
- 1 140
- 1 349
- 1 18
- 1 156
- 1 262
- 1 335
- 1 387
- 1 78
- 1 64
- 1 288
- 1 256
- 1 393
- 1 250
- 1 142
- 1 334
- 1 268
- 1 90
- 1 127
- 1 179
- 1 61
- 1 385
- 1 372
- 1 143
- 1 147
- 1 356
- 1 129
- 1 309
- 1 115
- 1 190
- 1 203
- 1 94
- 1 175
- 1 270
- 1 125
- 1 285
- 1 48
- 1 247
- 1 123
- 1 243
- 1 44
- 1 27
- 1 8
- 1 134
- 1 284
- 1 376
- 1 228
- 1 113
- 1 254
- 1 282
- 1 283
- 1 217
- 1 306
- 1 171
- 1 19
- 1 391
- 1 135
- 1 72
- 1 325
- 1 275
- 1 63
- 1 183
- 1 193
- 1 124
- 1 77
- 1 196
- 1 263
- 1 14
- 1 105
- 1 207
- 1 144
- 1 166
- 1 120
- 1 386
- 1 86
- 1 238
- 1 73
- 1 200
- 1 295
- 1 84
- 1 293
- 1 276
- 1 239
- 1 287
- 1 41
- 1 82
- 1 165
- 1 236
- 1 344
- 1 128
- 1 145
- 1 329
- 1 137
- 1 321
- 1 131
- 1 379
- 1 318
- 1 93
- 1 151
- 1 215
- 1 225
- 1 31
- 1 108
- 1 249
- 1 37
- 1 126
- 1 216
- 1 370
- 1 223
- 1 292
- 1 246
- 1 258
- 1 69
- 1 226
- 1 186
- 1 255
- 1 328
- 1 159
- 1 180
- 1 291
- 1 301
- 1 176
- 1 2
- 1 350
- 1 231
- 1 136
- 1 70
- 1 364
- 1 297
- 1 130
- 1 35
- 1 97
- 1 369
- 1 240
- 1 56
- 1 119
- 1 57
- 1 114
- 1 34
- 1 315
- 1 354
- 1 286
- 1 12
- 1 367
- 1 320
- 1 199
- 1 290
- 1 389
- 1 60
- 1 266
- 1 112
- 1 398
- 1 338
- 1 251
- 1 378
- 1 109
- 1 355
- 1 54
- 1 29
- 1 229
- 1 384
- 1 7
- 1 351
- 1 101
- 1 273
- 1 396
- 1 170
- 1 67
- 1 365
- 1 368
- 1 155
- 1 13
- 1 235
- 1 242
- 1 302
- 1 47
- 1 259
- 1 118
- 1 163
- 1 213
- 1 16
- 1 346
- 1 237
- 1 265
- 1 388
- 1 341
- 1 184
- 1 209
- 1 331
- 1 6
- 1 395
- 1 15
- 1 102
- 1 24
- 1 192
- 1 116
- 1 201
- 1 357
- 1 319
- 1 146
- 1 150
- 1 219
- 1 224
- 1 244
- 1 380
- 1 278
- 1 23
- 1 397
- 1 169
- 1 148
- 1 227
- 1 154
- 1 138
- 1 281
- 1 264
- 1 79
- 1 87
- 111 1
