4718
+ 1 103
+ 1 251
+ 1 207
+ 1 156
+ 1 165
+ 1 75
+ 1 255
+ 1 225
+ 1 102
+ 1 8
+ 1 73
+ 1 88
+ 1 25
+ 1 352
+ 1 2
+ 1 217
+ 1 69
+ 1 330
+ 1 127
+ 1 70
+ 1 80
+ 1 66
+ 1 53
+ 1 47
+ 1 11
+ 1 279
+ 1 305
+ 1 54
+ 1 83
+ 1 229
+ 1 327
+ 1 87
+ 1 324
+ 1 270
+ 1 283
+ 1 289
+ 1 52
+ 1 317
+ 1 307
+ 1 354
+ 1 147
+ 1 234
+ 1 146
+ 1 171
+ 1 260
+ 1 108
+ 1 155
+ 1 237
+ 1 178
+ 1 56
+ 1 10
+ 1 76
+ 1 266
+ 1 257
+ 1 184
+ 1 203
+ 1 202
+ 1 72
+ 1 194
+ 1 228
+ 1 62
+ 1 286
+ 1 298
+ 1 175
+ 1 332
+ 1 262
+ 1 308
+ 1 26
+ 1 313
+ 1 129
+ 1 233
+ 1 112
+ 1 134
+ 1 274
+ 1 287
+ 1 3
+ 1 37
+ 1 335
+ 1 258
+ 1 242
+ 1 303
+ 1 65
+ 1 306
+ 1 276
+ 1 107
+ 1 162
+ 1 59
+ 1 41
+ 1 164
+ 1 366
+ 1 114
+ 1 272
+ 1 92
+ 1 331
+ 1 214
+ 1 16
+ 1 340
+ 1 239
+ 1 312
+ 1 367
+ 1 285
+ 1 267
+ 1 278
+ 1 78
+ 1 271
+ 1 135
+ 1 362
+ 1 281
+ 1 43
+ 1 226
+ 1 320
+ 1 213
+ 1 6
+ 1 280
+ 1 179
+ 1 15
+ 1 117
+ 1 205
+ 1 200
+ 1 118
+ 1 249
+ 1 40
+ 1 48
+ 1 167
+ 1 149
+ 1 176
+ 1 316
+ 1 145
+ 1 153
+ 1 275
+ 1 61
+ 1 24
+ 1 269
+ 1 132
+ 1 360
+ 1 245
+ 1 60
+ 1 174
+ 1 368
+ 1 346
+ 1 139
+ 1 218
+ 1 101
+ 1 294
+ 1 304
+ 1 9
+ 1 121
+ 1 323
+ 1 50
+ 1 33
+ 1 224
+ 1 193
+ 1 137
+ 1 321
+ 1 46
+ 1 231
+ 1 35
+ 1 189
+ 1 82
+ 1 261
+ 1 309
+ 1 319
+ 1 27
+ 1 208
+ 1 339
+ 1 355
+ 1 19
+ 1 240
+ 1 290
+ 1 44
+ 1 328
+ 1 288
+ 1 199
+ 1 168
+ 1 215
+ 1 227
+ 1 36
+ 1 143
+ 1 364
+ 1 254
+ 1 68
+ 1 247
+ 1 350
+ 1 302
+ 1 45
+ 1 220
+ 1 344
+ 1 216
+ 1 359
+ 1 90
+ 1 297
+ 1 342
+ 1 256
+ 1 105
+ 1 357
+ 1 361
+ 1 212
+ 1 124
+ 1 34
+ 1 172
+ 1 13
+ 1 341
+ 1 38
+ 1 12
+ 1 336
+ 1 51
+ 1 188
+ 1 30
+ 1 196
+ 1 140
+ 1 49
+ 1 160
+ 1 209
+ 1 356
+ 1 222
+ 1 311
+ 1 14
+ 1 186
+ 1 264
+ 1 100
+ 1 120
+ 1 349
+ 1 191
+ 1 94
+ 1 7
+ 1 97
+ 1 348
+ 1 157
+ 1 334
+ 1 292
+ 1 232
+ 1 333
+ 1 89
+ 1 177
+ 1 106
+ 1 293
+ 1 310
+ 1 4
+ 1 130
+ 1 109
+ 1 150
+ 1 86
+ 1 185
+ 1 181
+ 1 198
+ 1 230
+ 1 246
+ 1 326
+ 1 211
+ 1 343
+ 1 77
+ 1 21
+ 1 204
+ 1 182
+ 1 363
+ 1 295
+ 1 259
+ 1 210
+ 1 122
+ 1 338
+ 1 154
+ 1 93
+ 1 183
+ 1 163
+ 1 192
+ 1 64
+ 1 138
+ 1 299
+ 1 110
+ 1 235
+ 1 28
+ 1 296
+ 1 244
+ 1 159
+ 1 113
+ 1 148
+ 1 85
+ 1 219
+ 1 180
+ 1 119
+ 1 55
+ 1 32
+ 1 161
+ 1 79
+ 1 314
+ 1 195
+ 1 197
+ 1 325
+ 1 42
+ 1 99
+ 1 158
+ 1 263
+ 1 81
+ 1 152
+ 1 111
+ 1 273
+ 1 201
+ 1 39
+ 1 369
+ 1 284
+ 1 221
+ 1 322
+ 1 67
+ 1 74
+ 1 23
+ 1 95
+ 1 96
+ 1 347
+ 1 131
+ 1 300
+ 1 268
+ 1 241
+ 1 282
+ 1 291
+ 1 18
+ 1 63
+ 1 351
+ 1 277
+ 1 173
+ 1 315
+ 1 238
+ 1 91
+ 1 126
+ 1 144
+ 1 318
+ 1 142
+ 1 20
+ 1 329
+ 1 337
+ 1 57
+ 1 98
+ 1 141
+ 1 5
+ 1 58
+ 1 372
+ 1 31
+ 1 243
+ 1 248
+ 1 128
+ 1 169
+ 1 370
+ 1 71
+ 1 236
+ 1 371
+ 1 358
+ 1 123
+ 1 345
+ 1 84
+ 1 253
+ 1 301
+ 1 116
+ 1 166
+ 1 187
+ 1 353
+ 1 190
+ 1 365
+ 1 104
+ 1 250
+ 1 125
+ 1 223
+ 1 115
+ 1 17
+ 1 265
+ 1 151
+ 1 133
+ 1 29
- 2 352
- 2 217
- 2 116
- 2 248
- 2 193
- 2 287
- 2 304
- 2 132
- 2 8
- 2 177
- 2 72
- 3 37
- 3 287
- 3 95
- 3 356
- 3 163
- 3 29
- 3 366
- 3 42
- 3 25
- 4 310
- 4 130
- 4 47
- 4 278
- 4 250
- 4 143
- 4 110
- 4 264
- 4 292
- 4 291
- 4 7
- 4 265
- 4 262
- 4 61
- 5 327
- 5 177
- 5 58
- 5 25
- 5 131
- 5 64
- 5 340
- 5 98
- 5 20
- 5 28
- 6 213
- 6 280
- 6 229
- 6 282
- 6 257
- 6 328
- 6 249
- 6 175
- 6 143
- 6 334
- 6 119
- 6 61
- 7 97
- 7 263
- 7 94
- 7 98
- 7 338
- 7 71
- 7 302
- 7 176
- 7 52
- 7 236
- 8 102
- 8 73
- 8 120
- 8 133
- 8 300
- 8 266
- 8 125
- 8 177
- 8 227
- 8 126
- 9 121
- 9 304
- 9 277
- 9 242
- 9 203
- 9 170
- 9 149
- 9 185
- 9 334
- 10 56
- 10 76
- 10 163
- 10 333
- 10 164
- 10 358
- 10 154
- 10 274
- 10 370
- 10 34
- 11 47
- 11 279
- 11 84
- 11 137
- 11 26
- 11 306
- 11 107
- 11 299
- 11 351
- 11 308
- 12 38
- 12 336
- 12 327
- 12 51
- 12 103
- 12 245
- 12 42
- 12 160
- 12 37
- 12 162
- 13 25
- 13 341
- 13 310
- 13 331
- 13 172
- 13 24
- 13 353
- 13 118
- 13 35
- 13 107
- 13 256
- 14 186
- 14 55
- 14 125
- 14 311
- 14 45
- 14 277
- 14 230
- 14 213
- 15 179
- 15 117
- 15 71
- 15 45
- 15 20
- 15 34
- 15 315
- 15 360
- 15 181
- 15 69
- 15 326
- 15 138
- 15 258
- 15 332
- 15 158
- 15 253
- 16 214
- 16 225
- 16 203
- 16 22
- 16 343
- 16 207
- 16 253
- 16 77
- 16 127
- 16 368
- 17 65
- 17 121
- 17 193
- 17 225
- 17 138
- 17 143
- 17 140
- 17 115
- 17 80
- 17 341
- 17 105
- 18 63
- 18 270
- 18 351
- 18 24
- 18 121
- 18 149
- 18 219
- 18 210
- 18 239
- 18 273
- 18 291
- 18 34
- 19 307
- 19 240
- 19 366
- 19 261
- 19 355
- 19 347
- 19 211
- 19 160
- 19 191
- 20 329
- 20 248
- 20 288
- 20 142
- 20 266
- 20 45
- 20 35
- 21 204
- 21 182
- 21 82
- 21 274
- 21 321
- 21 368
- 21 343
- 21 267
- 21 246
- 21 235
- 22 340
- 22 43
- 22 333
- 22 256
- 22 119
- 22 24
- 23 95
- 23 89
- 23 348
- 23 45
- 23 138
- 23 74
- 23 131
- 24 269
- 24 159
- 24 110
- 24 64
- 24 61
- 24 74
- 24 203
- 24 95
- 24 26
- 24 321
- 24 129
- 24 251
- 24 156
- 25 88
- 25 352
- 25 222
- 25 288
- 25 305
- 25 115
- 25 150
- 25 134
- 25 362
- 25 260
- 25 225
- 25 35
- 25 256
- 25 246
- 25 208
- 26 313
- 26 308
- 26 193
- 26 248
- 26 304
- 26 252
- 26 274
- 26 187
- 27 319
- 27 208
- 27 122
- 27 268
- 27 281
- 27 315
- 27 278
- 28 110
- 28 298
- 28 296
- 28 179
- 28 256
- 28 323
- 28 353
- 28 264
- 28 127
- 28 303
- 28 273
- 28 81
- 28 107
- 28 345
- 28 209
- 29 53
- 29 66
- 29 129
- 29 262
- 29 191
- 29 317
- 29 307
- 30 188
- 30 196
- 30 81
- 30 218
- 30 327
- 30 77
- 30 179
- 30 145
- 30 349
- 30 221
- 31 297
- 31 372
- 31 342
- 31 215
- 31 349
- 31 61
- 31 44
- 31 88
- 31 202
- 31 243
- 31 193
- 32 80
- 32 55
- 32 161
- 32 230
- 32 54
- 33 50
- 33 224
- 33 368
- 33 201
- 33 282
- 33 252
- 33 362
- 33 310
- 33 345
- 33 196
- 33 197
- 34 139
- 34 172
- 34 70
- 34 252
- 34 194
- 34 149
- 34 291
- 34 157
- 34 298
- 35 231
- 35 189
- 35 359
- 35 319
- 35 123
- 36 227
- 36 143
- 36 309
- 36 249
- 36 224
- 36 226
- 36 231
- 36 214
- 36 317
- 36 289
- 36 195
- 36 301
- 37 335
- 37 183
- 37 314
- 37 205
- 37 367
- 37 179
- 37 338
- 37 339
- 38 351
- 38 259
- 38 291
- 38 341
- 38 279
- 38 333
- 38 307
- 38 192
- 38 304
- 39 369
- 39 193
- 39 202
- 39 296
- 39 367
- 39 178
- 39 322
- 39 261
- 39 61
- 39 43
- 39 242
- 39 201
- 39 282
- 39 68
- 40 249
- 40 48
- 40 327
- 40 82
- 40 328
- 40 188
- 40 111
- 40 259
- 41 164
- 41 181
- 41 62
- 41 59
- 41 346
- 41 296
- 41 128
- 41 231
- 41 321
- 41 338
- 41 352
- 42 325
- 42 292
- 42 327
- 42 99
- 42 231
- 42 116
- 42 371
- 42 167
- 43 226
- 43 281
- 43 97
- 43 71
- 43 355
- 43 359
- 43 167
- 43 296
- 43 308
- 44 290
- 44 360
- 44 274
- 44 328
- 44 226
- 44 304
- 44 318
- 44 201
- 44 197
- 44 205
- 44 313
- 44 184
- 45 220
- 45 333
- 45 361
- 45 302
- 45 88
- 45 297
- 45 304
- 45 282
- 45 117
- 45 108
- 45 357
- 45 287
- 45 255
- 46 231
- 46 81
- 46 212
- 46 331
- 46 190
- 46 321
- 46 294
- 46 307
- 46 91
- 46 137
- 46 166
- 46 308
- 46 74
- 46 143
- 47 53
- 47 303
- 47 95
- 47 325
- 47 318
- 47 333
- 47 98
- 47 110
- 47 210
- 48 167
- 48 168
- 48 286
- 48 287
- 48 370
- 48 87
- 48 90
- 48 179
- 48 150
- 48 264
- 49 140
- 49 160
- 49 196
- 49 357
- 49 281
- 49 344
- 49 168
- 49 284
- 49 329
- 49 200
- 50 323
- 50 333
- 50 90
- 50 305
- 50 372
- 50 93
- 50 65
- 50 186
- 50 347
- 50 118
- 51 188
- 51 233
- 51 321
- 51 150
- 51 221
- 51 296
- 52 317
- 52 280
- 52 289
- 52 233
- 52 205
- 52 293
- 52 117
- 52 109
- 52 74
- 52 67
- 52 215
- 52 247
- 53 66
- 53 197
- 53 121
- 53 213
- 53 331
- 53 363
- 53 360
- 53 343
- 53 181
- 53 77
- 53 244
- 54 83
- 54 113
- 54 305
- 54 58
- 54 322
- 54 332
- 54 366
- 54 124
- 54 250
- 54 364
- 54 132
- 55 119
- 55 111
- 55 220
- 55 131
- 55 338
- 55 202
- 55 79
- 55 354
- 56 178
- 56 291
- 56 337
- 56 108
- 56 273
- 56 368
- 56 159
- 56 280
- 56 264
- 56 80
- 56 312
- 56 58
- 57 340
- 57 108
- 57 310
- 57 337
- 57 67
- 57 297
- 57 97
- 57 98
- 58 192
- 58 300
- 58 372
- 58 161
- 58 124
- 58 355
- 59 162
- 59 65
- 59 146
- 59 295
- 59 151
- 59 308
- 60 174
- 60 245
- 60 164
- 60 74
- 60 337
- 60 65
- 60 95
- 60 186
- 60 180
- 60 256
- 61 275
- 61 279
- 61 193
- 61 215
- 61 218
- 61 177
- 61 306
- 61 264
- 61 205
- 62 228
- 62 286
- 62 159
- 62 146
- 62 184
- 62 65
- 62 319
- 62 70
- 62 175
- 63 184
- 63 64
- 63 278
- 63 73
- 63 157
- 63 256
- 63 148
- 63 356
- 64 138
- 64 166
- 64 192
- 64 300
- 64 110
- 64 73
- 64 242
- 64 364
- 65 306
- 65 303
- 65 172
- 65 96
- 65 340
- 65 177
- 65 128
- 65 210
- 65 135
- 65 171
- 66 80
- 66 85
- 66 371
- 66 195
- 66 312
- 66 324
- 66 363
- 66 153
- 66 93
- 66 206
- 67 74
- 67 86
- 67 191
- 67 323
- 67 84
- 67 317
- 67 168
- 67 316
- 67 137
- 67 206
- 67 355
- 67 322
- 67 291
- 67 203
- 68 254
- 68 247
- 68 119
- 68 144
- 68 282
- 68 337
- 68 239
- 68 178
- 68 230
- 68 191
- 68 184
- 68 330
- 69 217
- 69 330
- 69 111
- 69 135
- 69 133
- 69 219
- 69 273
- 69 354
- 69 142
- 69 80
- 70 80
- 70 127
- 70 333
- 70 83
- 70 145
- 70 358
- 70 134
- 71 310
- 71 194
- 71 361
- 71 142
- 71 207
- 72 202
- 72 194
- 72 316
- 72 368
- 72 91
- 72 182
- 72 232
- 72 248
- 72 178
- 72 350
- 72 260
- 72 73
- 72 196
- 73 88
- 73 364
- 73 155
- 73 363
- 73 269
- 73 156
- 73 248
- 74 225
- 74 112
- 74 289
- 74 213
- 74 292
- 74 297
- 75 165
- 75 255
- 75 254
- 75 256
- 75 280
- 76 266
- 76 323
- 76 360
- 77 227
- 77 343
- 77 270
- 77 237
- 77 171
- 78 228
- 78 271
- 78 278
- 78 182
- 78 342
- 78 147
- 78 321
- 78 347
- 78 194
- 78 261
- 78 133
- 78 281
- 78 301
- 79 287
- 79 161
- 79 314
- 79 342
- 79 237
- 79 95
- 79 372
- 79 272
- 79 247
- 79 263
- 79 351
- 79 185
- 80 262
- 80 192
- 80 184
- 80 185
- 80 167
- 80 306
- 80 321
- 80 235
- 81 317
- 81 99
- 81 225
- 81 152
- 81 111
- 81 229
- 81 168
- 81 130
- 81 82
- 82 242
- 82 261
- 82 183
- 82 159
- 82 368
- 82 189
- 82 253
- 82 294
- 82 166
- 82 200
- 82 304
- 82 329
- 82 207
- 82 168
- 82 287
- 83 229
- 83 347
- 83 330
- 83 140
- 84 345
- 84 254
- 84 120
- 84 234
- 84 292
- 84 135
- 84 282
- 84 217
- 84 308
- 85 331
- 85 310
- 85 191
- 85 148
- 85 101
- 85 124
- 85 176
- 85 267
- 85 324
- 85 232
- 85 239
- 85 302
- 85 233
- 85 219
- 86 171
- 86 287
- 86 185
- 86 318
- 86 162
- 86 90
- 86 150
- 86 285
- 86 121
- 86 254
- 86 197
- 86 341
- 86 99
- 87 327
- 87 324
- 87 116
- 87 229
- 87 308
- 87 307
- 87 209
- 87 234
- 87 151
- 88 356
- 88 95
- 88 327
- 89 177
- 89 333
- 89 236
- 89 183
- 89 330
- 89 332
- 89 99
- 89 257
- 89 286
- 89 151
- 89 182
- 90 303
- 90 127
- 90 297
- 90 359
- 90 311
- 90 291
- 90 370
- 90 123
- 90 307
- 90 287
- 90 281
- 91 238
- 91 227
- 91 160
- 91 134
- 91 188
- 91 344
- 91 136
- 92 272
- 92 331
- 92 360
- 92 204
- 93 154
- 93 246
- 93 297
- 93 206
- 93 357
- 93 183
- 93 152
- 93 251
- 93 242
- 93 329
- 94 340
- 94 191
- 94 290
- 94 231
- 94 207
- 94 247
- 94 261
- 94 144
- 94 219
- 95 96
- 95 145
- 95 167
- 95 261
- 95 215
- 95 197
- 95 298
- 96 266
- 96 347
- 96 131
- 96 341
- 96 145
- 96 101
- 97 348
- 97 310
- 97 230
- 97 147
- 97 215
- 97 327
- 98 141
- 98 309
- 98 248
- 98 169
- 98 257
- 99 158
- 99 349
- 99 144
- 99 314
- 99 302
- 99 124
- 99 215
- 99 284
- 99 362
- 99 352
- 100 264
- 100 120
- 100 240
- 100 243
- 100 296
- 100 150
- 100 273
- 100 178
- 100 282
- 100 116
- 101 294
- 101 218
- 101 322
- 101 347
- 101 158
- 101 204
- 101 284
- 101 118
- 101 297
- 101 245
- 101 346
- 101 144
- 102 130
- 102 225
- 102 210
- 102 169
- 102 127
- 102 171
- 102 219
- 102 115
- 102 345
- 102 309
- 102 147
- 102 226
- 103 251
- 103 206
- 103 187
- 103 267
- 103 288
- 103 129
- 103 199
- 104 226
- 104 250
- 104 274
- 104 289
- 104 161
- 104 285
- 105 328
- 105 256
- 105 357
- 105 217
- 105 358
- 105 275
- 105 186
- 105 184
- 105 323
- 106 293
- 106 177
- 106 156
- 106 365
- 106 194
- 106 191
- 106 184
- 106 240
- 106 151
- 106 344
- 106 310
- 106 115
- 107 276
- 107 162
- 107 317
- 107 169
- 107 123
- 107 200
- 107 369
- 108 260
- 108 155
- 108 129
- 108 124
- 108 203
- 108 336
- 108 167
- 109 262
- 109 121
- 109 130
- 109 328
- 109 172
- 109 310
- 109 280
- 110 235
- 110 166
- 110 219
- 110 141
- 110 157
- 110 163
- 110 214
- 110 250
- 110 121
- 110 370
- 110 296
- 110 239
- 110 311
- 110 192
- 110 252
- 110 325
- 110 299
- 110 164
- 111 205
- 111 273
- 111 326
- 111 122
- 111 319
- 111 317
- 111 256
- 111 294
- 112 134
- 112 233
- 112 228
- 112 363
- 112 297
- 112 236
- 112 368
- 113 159
- 113 227
- 113 278
- 113 287
- 113 218
- 113 229
- 114 366
- 114 272
- 114 188
- 114 246
- 114 270
- 114 160
- 114 141
- 115 272
- 115 162
- 115 342
- 115 223
- 115 249
- 115 354
- 116 308
- 116 366
- 116 124
- 116 123
- 117 205
- 117 176
- 117 343
- 117 157
- 117 266
- 117 151
- 118 200
- 118 249
- 118 366
- 118 307
- 118 305
- 118 363
- 118 175
- 118 277
- 119 288
- 119 188
- 119 209
- 119 219
- 119 169
- 119 273
- 119 177
- 119 223
- 120 237
- 120 349
- 120 136
- 120 347
- 120 145
- 121 276
- 121 323
- 121 151
- 121 239
- 122 200
- 122 258
- 122 210
- 122 338
- 122 185
- 122 245
- 122 147
- 122 354
- 122 240
- 122 349
- 122 252
- 123 345
- 123 253
- 123 358
- 123 302
- 123 136
- 124 252
- 124 212
- 124 210
- 124 202
- 124 243
- 124 356
- 124 360
- 125 256
- 125 233
- 125 332
- 125 161
- 125 289
- 126 238
- 126 319
- 126 210
- 126 206
- 126 221
- 126 228
- 127 330
- 127 370
- 127 298
- 127 183
- 127 135
- 127 335
- 127 356
- 127 219
- 127 216
- 128 227
- 128 309
- 128 333
- 128 248
- 129 233
- 129 344
- 129 313
- 129 223
- 129 205
- 129 281
- 129 145
- 129 231
- 130 234
- 130 249
- 130 324
- 130 150
- 130 157
- 131 316
- 131 300
- 131 172
- 131 301
- 131 138
- 132 360
- 132 269
- 132 349
- 132 159
- 132 191
- 132 249
- 132 185
- 132 294
- 133 232
- 133 227
- 133 267
- 134 274
- 134 356
- 134 315
- 134 195
- 134 156
- 134 345
- 134 343
- 135 271
- 135 362
- 135 245
- 135 300
- 135 295
- 135 238
- 135 334
- 135 178
- 136 202
- 136 364
- 136 290
- 136 254
- 136 215
- 136 139
- 136 141
- 137 321
- 137 193
- 137 155
- 137 212
- 137 264
- 137 208
- 137 303
- 137 174
- 138 335
- 138 299
- 138 154
- 138 201
- 138 189
- 138 196
- 139 218
- 139 346
- 139 360
- 139 278
- 139 317
- 139 351
- 139 169
- 140 196
- 140 167
- 140 183
- 140 212
- 140 342
- 141 195
- 141 320
- 141 316
- 141 149
- 141 154
- 141 285
- 141 175
- 141 225
- 141 157
- 141 341
- 141 231
- 142 318
- 142 147
- 142 254
- 142 268
- 143 364
- 143 345
- 143 267
- 143 200
- 143 182
- 143 218
- 143 197
- 144 315
- 144 318
- 144 359
- 145 316
- 145 153
- 145 360
- 145 359
- 145 268
- 145 362
- 145 353
- 145 305
- 145 168
- 145 261
- 145 227
- 145 236
- 145 284
- 145 266
- 146 171
- 146 234
- 146 350
- 146 236
- 146 333
- 146 172
- 146 340
- 146 149
- 146 276
- 147 354
- 147 234
- 147 338
- 147 310
- 148 155
- 148 159
- 148 278
- 148 353
- 148 287
- 148 256
- 148 227
- 149 170
- 149 176
- 149 162
- 149 272
- 149 188
- 149 203
- 149 324
- 149 222
- 149 269
- 150 224
- 150 227
- 150 226
- 150 164
- 151 170
- 151 366
- 151 357
- 151 258
- 151 220
- 151 200
- 152 161
- 152 323
- 152 210
- 152 245
- 152 154
- 152 339
- 153 275
- 153 312
- 153 341
- 153 354
- 153 278
- 153 358
- 153 177
- 154 338
- 154 179
- 154 232
- 154 368
- 154 224
- 154 314
- 155 352
- 155 237
- 155 256
- 155 323
- 156 165
- 156 184
- 156 292
- 156 207
- 156 320
- 156 358
- 156 325
- 156 366
- 156 293
- 157 334
- 157 348
- 157 370
- 157 244
- 157 188
- 157 161
- 157 271
- 158 260
- 158 283
- 158 263
- 158 193
- 158 368
- 159 170
- 159 245
- 159 351
- 159 244
- 159 318
- 159 326
- 160 209
- 160 235
- 160 307
- 160 367
- 160 365
- 161 239
- 161 301
- 161 274
- 162 344
- 162 246
- 162 350
- 162 238
- 162 278
- 162 174
- 162 320
- 162 254
- 162 168
- 162 181
- 162 252
- 162 259
- 163 192
- 163 258
- 163 235
- 163 183
- 163 363
- 163 310
- 163 319
- 163 200
- 163 313
- 163 358
- 163 232
- 164 217
- 164 366
- 164 280
- 164 256
- 164 201
- 164 222
- 164 316
- 165 288
- 165 321
- 165 315
- 165 314
- 165 247
- 166 309
- 166 261
- 166 202
- 166 230
- 166 176
- 166 240
- 166 358
- 167 170
- 167 220
- 167 283
- 167 168
- 167 180
- 168 215
- 168 338
- 168 228
- 168 199
- 168 189
- 169 323
- 169 280
- 169 170
- 169 246
- 169 327
- 169 254
- 169 351
- 170 312
- 170 194
- 170 346
- 170 288
- 170 291
- 170 209
- 170 192
- 171 260
- 171 258
- 171 221
- 171 248
- 171 219
- 172 250
- 172 211
- 172 217
- 172 334
- 173 277
- 173 319
- 173 349
- 173 247
- 173 285
- 173 267
- 174 317
- 174 239
- 174 368
- 174 369
- 174 272
- 174 253
- 174 293
- 174 187
- 175 332
- 175 298
- 175 258
- 175 271
- 175 321
- 175 341
- 175 187
- 175 177
- 175 191
- 175 197
- 176 316
- 176 181
- 176 184
- 176 370
- 177 219
- 177 231
- 177 227
- 178 237
- 178 228
- 178 281
- 178 350
- 178 216
- 178 250
- 178 314
- 178 203
- 179 280
- 179 343
- 179 271
- 179 222
- 179 246
- 179 312
- 179 201
- 179 368
- 179 273
- 179 297
- 179 367
- 179 236
- 179 272
- 180 219
- 180 216
- 180 312
- 181 198
- 181 185
- 181 268
- 181 363
- 182 363
- 182 251
- 182 367
- 182 334
- 183 286
- 183 310
- 183 190
- 183 257
- 183 370
- 184 203
- 184 197
- 184 257
- 184 283
- 185 350
- 185 216
- 185 218
- 185 251
- 186 316
- 186 281
- 186 264
- 186 358
- 186 294
- 186 245
- 186 232
- 186 354
- 186 301
- 186 248
- 187 241
- 187 364
- 187 194
- 188 211
- 188 252
- 188 238
- 188 220
- 189 194
- 189 316
- 189 260
- 189 360
- 189 307
- 190 309
- 190 202
- 190 214
- 190 325
- 191 254
- 191 349
- 191 363
- 191 327
- 192 320
- 192 306
- 192 240
- 192 354
- 192 247
- 192 232
- 193 224
- 193 234
- 193 328
- 193 286
- 194 228
- 194 336
- 194 264
- 195 303
- 195 197
- 195 314
- 195 249
- 195 243
- 195 355
- 196 226
- 196 290
- 196 263
- 196 206
- 196 341
- 196 200
- 196 301
- 197 213
- 197 198
- 197 325
- 197 241
- 197 271
- 197 365
- 197 299
- 198 230
- 198 369
- 199 288
- 199 361
- 199 291
- 200 365
- 200 205
- 200 214
- 200 346
- 200 275
- 200 231
- 200 291
- 200 249
- 201 344
- 201 273
- 201 260
- 201 294
- 202 203
- 202 269
- 202 257
- 203 340
- 203 220
- 203 297
- 203 291
- 203 226
- 204 280
- 204 245
- 204 342
- 205 266
- 205 372
- 206 311
- 206 341
- 206 276
- 207 251
- 207 245
- 207 242
- 207 349
- 208 339
- 208 366
- 208 342
- 208 353
- 209 356
- 209 290
- 209 318
- 209 309
- 210 324
- 210 298
- 210 344
- 210 219
- 210 280
- 210 217
- 210 241
- 210 262
- 210 295
- 210 235
- 210 294
- 211 326
- 211 311
- 211 229
- 211 343
- 211 245
- 212 361
- 212 235
- 212 367
- 212 294
- 213 320
- 213 234
- 213 346
- 213 300
- 214 331
- 214 220
- 214 248
- 214 218
- 214 365
- 214 276
- 214 240
- 215 233
- 215 227
- 215 248
- 215 237
- 215 257
- 216 344
- 216 359
- 216 365
- 216 366
- 217 293
- 217 362
- 217 224
- 217 277
- 217 263
- 217 312
- 217 242
- 217 353
- 218 307
- 218 278
- 218 247
- 218 347
- 218 312
- 218 352
- 219 287
- 220 344
- 220 296
- 220 230
- 220 223
- 221 335
- 221 369
- 221 322
- 221 308
- 221 367
- 221 301
- 221 268
- 221 292
- 222 356
- 222 311
- 222 241
- 222 223
- 222 307
- 222 277
- 222 246
- 222 269
- 222 367
- 222 274
- 223 287
- 223 226
- 224 311
- 224 261
- 224 306
- 224 276
- 225 255
- 225 229
- 225 364
- 225 248
- 225 330
- 225 321
- 225 336
- 225 338
- 225 259
- 226 320
- 226 341
- 226 302
- 226 268
- 227 230
- 227 275
- 227 361
- 228 364
- 228 261
- 228 330
- 228 244
- 229 327
- 229 254
- 229 370
- 230 246
- 231 340
- 231 246
- 232 292
- 232 333
- 232 342
- 232 321
- 233 301
- 233 318
- 233 352
- 234 283
- 234 331
- 234 263
- 234 237
- 234 328
- 234 272
- 235 362
- 236 245
- 236 357
- 236 371
- 236 335
- 236 351
- 236 289
- 236 275
- 237 316
- 237 252
- 237 288
- 237 262
- 237 260
- 237 309
- 237 297
- 238 315
- 238 335
- 239 340
- 239 312
- 239 345
- 239 309
- 240 290
- 240 284
- 240 287
- 240 330
- 240 324
- 241 268
- 241 282
- 241 257
- 241 323
- 242 258
- 242 303
- 242 327
- 242 323
- 242 352
- 243 366
- 243 311
- 244 296
- 244 278
- 244 293
- 244 301
- 245 360
- 245 329
- 245 249
- 245 268
- 246 326
- 246 272
- 247 350
- 247 273
- 247 329
- 248 317
- 249 372
- 250 296
- 250 338
- 251 289
- 251 280
- 251 337
- 252 279
- 252 289
- 253 301
- 253 297
- 253 294
- 253 280
- 253 368
- 254 333
- 254 329
- 255 352
- 255 341
- 255 297
- 255 289
- 255 283
- 256 342
- 256 306
- 256 268
- 256 345
- 256 289
- 257 266
- 257 346
- 257 301
- 257 315
- 257 328
- 257 312
- 258 335
- 258 370
- 259 295
- 259 287
- 260 369
- 260 334
- 261 309
- 261 301
- 261 314
- 261 347
- 261 276
- 261 295
- 262 308
- 262 332
- 262 334
- 262 276
- 262 347
- 262 342
- 263 303
- 264 329
- 264 308
- 264 337
- 266 290
- 266 294
- 267 285
- 267 278
- 267 271
- 268 300
- 268 345
- 268 296
- 268 361
- 268 322
- 269 313
- 270 324
- 270 283
- 270 318
- 270 335
- 270 334
- 271 359
- 271 338
- 271 297
- 271 325
- 272 300
- 273 334
- 273 315
- 273 314
- 274 287
- 274 371
- 274 281
- 274 308
- 274 339
- 276 290
- 276 306
- 276 320
- 276 314
- 276 288
- 276 319
- 276 348
- 277 351
- 277 315
- 277 354
- 277 279
- 279 305
- 280 287
- 281 362
- 281 367
- 281 319
- 282 291
- 282 372
- 282 327
- 283 289
- 283 285
- 283 287
- 283 307
- 284 369
- 284 324
- 284 317
- 285 367
- 285 321
- 285 313
- 286 298
- 286 315
- 286 314
- 287 333
- 287 322
- 288 328
- 288 356
- 288 320
- 288 348
- 288 352
- 289 323
- 289 334
- 290 307
- 290 361
- 290 299
- 291 310
- 291 358
- 292 334
- 292 343
- 292 356
- 293 310
- 293 303
- 294 304
- 294 345
- 294 370
- 295 363
- 296 370
- 296 314
- 297 342
- 297 348
- 297 298
- 299 348
- 299 312
- 300 371
- 300 353
- 302 350
- 302 311
- 303 370
- 303 369
- 303 339
- 304 320
- 304 308
- 305 322
- 307 354
- 307 317
- 308 317
- 308 368
- 309 319
- 309 346
- 309 314
- 309 344
- 309 354
- 310 320
- 310 319
- 311 347
- 311 352
- 311 360
- 312 367
- 312 324
- 312 362
- 313 347
- 315 351
- 317 357
- 317 350
- 319 321
- 320 338
- 320 353
- 322 334
- 323 369
- 323 327
- 324 327
- 325 327
- 325 328
- 329 337
- 329 334
- 329 330
- 329 370
- 331 343
- 331 363
- 332 360
- 339 355
- 339 348
- 340 352
- 342 369
- 345 350
- 346 368
- 347 369
- 348 371
- 349 353
- 350 366
- 350 370
- 352 360
- 357 361
- 357 363
- 367 372
+ 364 371
+ 362 372
+ 358 367
+ 357 370
+ 351 360
+ 350 354
+ 348 366
+ 347 359
+ 345 365
+ 345 353
+ 344 362
+ 343 346
+ 342 358
+ 341 345
+ 339 369
+ 339 363
+ 338 369
+ 336 347
+ 336 344
+ 336 352
+ 334 371
+ 334 361
+ 334 343
+ 332 371
+ 331 359
+ 331 350
+ 331 346
+ 329 332
+ 329 334
+ 329 333
+ 328 361
+ 328 335
+ 328 343
+ 327 363
+ 325 352
+ 324 361
+ 323 337
+ 323 335
+ 323 359
+ 321 341
+ 321 358
+ 319 362
+ 318 341
+ 318 325
+ 318 332
+ 318 371
+ 317 356
+ 317 333
+ 316 338
+ 316 345
+ 316 353
+ 316 358
+ 315 358
+ 314 330
+ 314 350
+ 313 349
+ 312 317
+ 310 336
+ 309 355
+ 309 317
+ 308 313
+ 308 335
+ 307 322
+ 306 349
+ 306 370
+ 306 340
+ 305 355
+ 304 360
+ 304 363
+ 304 335
+ 303 363
+ 303 328
+ 302 344
+ 302 362
+ 301 309
+ 300 353
+ 300 362
+ 300 361
+ 299 332
+ 298 366
+ 298 327
+ 297 371
+ 297 369
+ 297 311
+ 297 359
+ 297 318
+ 297 351
+ 297 345
+ 296 340
+ 296 353
+ 294 349
+ 293 304
+ 293 358
+ 292 316
+ 292 315
+ 292 355
+ 291 336
+ 290 319
+ 290 367
+ 289 353
+ 289 327
+ 289 290
+ 289 362
+ 288 349
+ 288 338
+ 287 319
+ 287 328
+ 287 324
+ 287 330
+ 286 325
+ 286 347
+ 286 353
+ 286 358
+ 285 364
+ 285 360
+ 284 372
+ 284 361
+ 283 358
+ 283 330
+ 283 300
+ 283 303
+ 283 331
+ 282 308
+ 282 300
+ 282 295
+ 282 343
+ 282 327
+ 281 284
+ 281 312
+ 281 343
+ 280 360
+ 280 371
+ 280 294
+ 280 317
+ 280 363
+ 280 344
+ 278 303
+ 278 361
+ 278 279
+ 278 340
+ 278 311
+ 277 320
+ 277 370
+ 277 323
+ 276 331
+ 276 318
+ 275 299
+ 275 323
+ 274 351
+ 274 369
+ 274 278
+ 274 284
+ 274 306
+ 274 371
+ 273 334
+ 273 369
+ 273 320
+ 273 367
+ 272 331
+ 272 370
+ 271 336
+ 271 323
+ 271 287
+ 270 277
+ 270 332
+ 270 319
+ 269 314
+ 269 333
+ 269 356
+ 269 272
+ 269 366
+ 268 358
+ 268 343
+ 268 328
+ 267 350
+ 266 296
+ 266 276
+ 266 363
+ 264 338
+ 264 349
+ 264 345
+ 264 321
+ 264 347
+ 264 290
+ 264 287
+ 263 326
+ 262 312
+ 262 297
+ 262 295
+ 262 344
+ 262 313
+ 262 316
+ 262 272
+ 262 363
+ 261 271
+ 260 328
+ 260 352
+ 260 285
+ 260 313
+ 260 302
+ 260 357
+ 259 270
+ 259 322
+ 259 303
+ 258 288
+ 258 339
+ 258 360
+ 258 279
+ 258 263
+ 257 359
+ 257 343
+ 256 317
+ 256 305
+ 256 366
+ 256 360
+ 256 270
+ 255 331
+ 255 348
+ 255 291
+ 255 340
+ 255 326
+ 255 292
+ 254 332
+ 254 303
+ 254 365
+ 254 277
+ 254 367
+ 253 267
+ 253 332
+ 253 339
+ 253 338
+ 252 371
+ 252 297
+ 252 274
+ 252 342
+ 252 334
+ 251 323
+ 251 278
+ 251 350
+ 251 316
+ 251 285
+ 250 276
+ 250 361
+ 250 363
+ 249 368
+ 249 358
+ 249 325
+ 248 341
+ 248 285
+ 248 316
+ 247 278
+ 247 296
+ 247 348
+ 247 268
+ 247 334
+ 247 328
+ 246 335
+ 246 256
+ 246 354
+ 245 327
+ 245 268
+ 244 255
+ 244 346
+ 244 323
+ 244 296
+ 243 267
+ 243 344
+ 243 296
+ 243 367
+ 243 317
+ 242 356
+ 241 263
+ 241 344
+ 241 313
+ 241 337
+ 240 329
+ 240 286
+ 240 262
+ 240 280
+ 240 349
+ 239 269
+ 239 264
+ 239 357
+ 238 246
+ 237 258
+ 237 312
+ 237 372
+ 237 330
+ 237 301
+ 237 337
+ 236 289
+ 236 268
+ 236 364
+ 236 287
+ 236 276
+ 236 366
+ 235 314
+ 235 265
+ 235 358
+ 235 258
+ 235 267
+ 235 346
+ 234 335
+ 234 320
+ 234 293
+ 234 336
+ 233 285
+ 232 345
+ 232 278
+ 232 324
+ 232 267
+ 232 310
+ 232 233
+ 231 260
+ 231 268
+ 231 360
+ 231 368
+ 231 346
+ 230 331
+ 230 302
+ 229 349
+ 229 346
+ 229 243
+ 229 348
+ 229 370
+ 229 274
+ 228 348
+ 228 244
+ 228 240
+ 228 366
+ 228 317
+ 228 271
+ 228 325
+ 228 316
+ 228 307
+ 228 306
+ 227 239
+ 226 334
+ 226 315
+ 226 360
+ 225 347
+ 224 285
+ 224 267
+ 223 294
+ 223 292
+ 223 317
+ 223 315
+ 223 263
+ 222 341
+ 222 240
+ 222 331
+ 221 253
+ 221 367
+ 221 240
+ 221 267
+ 221 295
+ 220 340
+ 220 272
+ 220 329
+ 220 316
+ 220 342
+ 220 302
+ 220 289
+ 220 259
+ 219 282
+ 219 315
+ 219 259
+ 219 220
+ 217 251
+ 217 224
+ 217 240
+ 217 357
+ 217 307
+ 216 339
+ 216 289
+ 216 308
+ 216 271
+ 216 369
+ 216 307
+ 215 268
+ 215 292
+ 214 230
+ 214 363
+ 214 350
+ 213 258
+ 213 369
+ 213 333
+ 213 247
+ 213 348
+ 213 334
+ 212 370
+ 212 238
+ 212 319
+ 211 307
+ 211 342
+ 211 281
+ 211 214
+ 211 277
+ 211 336
+ 211 254
+ 210 341
+ 210 314
+ 210 358
+ 210 307
+ 210 342
+ 210 321
+ 209 308
+ 209 217
+ 209 248
+ 209 306
+ 209 251
+ 208 222
+ 208 349
+ 208 370
+ 208 292
+ 207 350
+ 207 285
+ 207 364
+ 207 262
+ 207 226
+ 206 354
+ 206 301
+ 206 351
+ 206 359
+ 206 248
+ 205 299
+ 205 348
+ 205 249
+ 205 268
+ 204 337
+ 204 345
+ 204 329
+ 204 321
+ 204 367
+ 204 362
+ 203 307
+ 203 274
+ 203 338
+ 203 218
+ 203 212
+ 202 265
+ 202 273
+ 202 352
+ 202 279
+ 202 359
+ 201 367
+ 201 283
+ 200 264
+ 200 263
+ 200 305
+ 200 335
+ 200 352
+ 199 333
+ 199 274
+ 199 359
+ 199 255
+ 199 292
+ 198 207
+ 198 359
+ 198 226
+ 198 347
+ 198 353
+ 197 262
+ 197 285
+ 197 290
+ 197 328
+ 196 220
+ 196 201
+ 196 324
+ 196 303
+ 196 251
+ 196 372
+ 196 279
+ 196 212
+ 196 333
+ 195 220
+ 195 353
+ 195 319
+ 195 343
+ 195 235
+ 195 339
+ 195 221
+ 195 292
+ 194 262
+ 194 297
+ 194 357
+ 194 245
+ 194 259
+ 193 331
+ 193 275
+ 193 289
+ 192 349
+ 192 310
+ 191 295
+ 191 237
+ 190 244
+ 190 318
+ 190 303
+ 190 360
+ 190 309
+ 189 249
+ 189 272
+ 189 263
+ 189 290
+ 189 316
+ 188 366
+ 188 281
+ 188 353
+ 188 249
+ 188 279
+ 188 199
+ 188 362
+ 187 299
+ 187 297
+ 187 331
+ 187 334
+ 187 363
+ 187 296
+ 187 272
+ 187 203
+ 187 249
+ 186 244
+ 185 289
+ 185 340
+ 185 337
+ 184 229
+ 184 369
+ 183 300
+ 183 275
+ 183 221
+ 183 365
+ 183 222
+ 183 340
+ 182 284
+ 182 190
+ 182 291
+ 181 268
+ 181 281
+ 181 273
+ 181 232
+ 181 352
+ 181 316
+ 180 348
+ 180 259
+ 180 206
+ 180 305
+ 179 284
+ 179 336
+ 179 184
+ 179 204
+ 179 182
+ 179 312
+ 179 343
+ 178 262
+ 178 295
+ 178 342
+ 178 316
+ 178 323
+ 178 367
+ 177 256
+ 177 266
+ 176 239
+ 176 199
+ 176 224
+ 175 292
+ 175 198
+ 175 266
+ 175 231
+ 175 310
+ 175 358
+ 175 254
+ 175 244
+ 174 209
+ 174 336
+ 174 317
+ 174 293
+ 174 178
+ 174 224
+ 174 315
+ 173 353
+ 173 214
+ 173 273
+ 173 371
+ 172 245
+ 172 372
+ 172 268
+ 172 191
+ 172 318
+ 172 174
+ 171 271
+ 171 273
+ 170 305
+ 170 260
+ 170 199
+ 170 190
+ 170 266
+ 170 298
+ 170 335
+ 169 203
+ 169 285
+ 169 294
+ 169 233
+ 169 170
+ 169 274
+ 168 303
+ 168 178
+ 168 330
+ 168 270
+ 168 235
+ 167 178
+ 167 214
+ 167 221
+ 166 261
+ 166 324
+ 166 355
+ 165 289
+ 165 357
+ 165 261
+ 165 343
+ 165 364
+ 165 251
+ 165 299
+ 165 214
+ 165 335
+ 165 169
+ 165 287
+ 164 334
+ 164 199
+ 164 357
+ 164 218
+ 164 258
+ 163 169
+ 163 235
+ 163 354
+ 163 328
+ 163 234
+ 162 351
+ 162 336
+ 162 278
+ 161 304
+ 161 360
+ 161 168
+ 160 263
+ 160 248
+ 160 273
+ 160 302
+ 159 245
+ 159 226
+ 159 235
+ 159 313
+ 159 204
+ 159 238
+ 159 305
+ 159 247
+ 158 235
+ 158 337
+ 158 206
+ 158 287
+ 157 189
+ 157 361
+ 157 340
+ 157 291
+ 156 218
+ 156 244
+ 156 210
+ 156 241
+ 155 198
+ 155 251
+ 155 268
+ 155 342
+ 154 178
+ 154 248
+ 154 343
+ 154 317
+ 153 195
+ 153 310
+ 153 162
+ 153 361
+ 153 268
+ 153 351
+ 153 154
+ 152 236
+ 152 317
+ 152 233
+ 152 160
+ 152 273
+ 152 257
+ 152 172
+ 152 348
+ 152 262
+ 151 334
+ 151 152
+ 151 260
+ 151 294
+ 150 241
+ 150 268
+ 150 176
+ 150 371
+ 150 287
+ 150 326
+ 150 319
+ 150 271
+ 150 229
+ 150 313
+ 149 208
+ 149 201
+ 149 354
+ 149 180
+ 149 325
+ 149 249
+ 149 308
+ 148 237
+ 148 274
+ 148 171
+ 148 267
+ 148 174
+ 148 188
+ 148 362
+ 148 236
+ 147 233
+ 147 312
+ 147 325
+ 147 240
+ 147 369
+ 147 254
+ 147 299
+ 146 209
+ 146 291
+ 146 154
+ 146 230
+ 146 365
+ 146 169
+ 146 280
+ 146 368
+ 146 166
+ 145 298
+ 145 260
+ 145 267
+ 145 319
+ 144 344
+ 144 347
+ 144 201
+ 144 253
+ 144 304
+ 144 235
+ 144 249
+ 144 341
+ 144 160
+ 143 206
+ 143 358
+ 143 145
+ 143 167
+ 143 251
+ 143 276
+ 142 154
+ 142 231
+ 141 212
+ 141 318
+ 141 320
+ 141 361
+ 141 195
+ 141 172
+ 141 321
+ 141 276
+ 140 180
+ 140 349
+ 140 292
+ 140 316
+ 140 223
+ 140 144
+ 140 283
+ 140 249
+ 139 266
+ 139 222
+ 139 280
+ 139 231
+ 139 227
+ 139 365
+ 139 358
+ 139 320
+ 138 315
+ 138 322
+ 138 263
+ 138 310
+ 138 258
+ 137 257
+ 137 340
+ 137 152
+ 137 288
+ 137 362
+ 137 245
+ 137 255
+ 137 248
+ 137 329
+ 137 273
+ 137 308
+ 137 280
+ 136 176
+ 136 317
+ 136 295
+ 135 170
+ 135 283
+ 135 337
+ 135 361
+ 135 162
+ 135 355
+ 134 312
+ 134 344
+ 134 351
+ 134 176
+ 134 241
+ 133 178
+ 133 345
+ 133 230
+ 133 218
+ 133 293
+ 132 206
+ 132 241
+ 131 186
+ 131 315
+ 131 175
+ 131 225
+ 131 141
+ 131 176
+ 131 209
+ 131 196
+ 130 186
+ 130 360
+ 130 136
+ 130 174
+ 130 189
+ 130 237
+ 130 190
+ 130 323
+ 130 342
+ 129 273
+ 129 157
+ 129 228
+ 129 156
+ 129 349
+ 128 324
+ 128 248
+ 128 353
+ 128 245
+ 128 200
+ 128 165
+ 128 164
+ 127 256
+ 127 252
+ 127 342
+ 127 292
+ 127 203
+ 127 150
+ 127 268
+ 127 348
+ 126 252
+ 126 228
+ 126 131
+ 126 346
+ 125 199
+ 125 154
+ 125 247
+ 125 142
+ 125 294
+ 125 303
+ 125 254
+ 124 149
+ 124 142
+ 124 193
+ 124 266
+ 124 141
+ 124 370
+ 124 342
+ 124 290
+ 123 238
+ 122 192
+ 122 303
+ 121 322
+ 121 243
+ 121 189
+ 121 304
+ 121 298
+ 121 251
+ 121 209
+ 121 238
+ 121 241
+ 121 366
+ 121 328
+ 121 211
+ 121 227
+ 121 279
+ 121 335
+ 120 282
+ 120 361
+ 120 303
+ 120 212
+ 120 221
+ 119 241
+ 119 236
+ 119 127
+ 119 244
+ 119 165
+ 118 147
+ 118 275
+ 118 139
+ 118 326
+ 118 347
+ 118 156
+ 118 328
+ 118 372
+ 117 250
+ 117 230
+ 117 205
+ 117 282
+ 117 294
+ 117 288
+ 117 304
+ 117 138
+ 116 198
+ 116 220
+ 116 119
+ 116 125
+ 116 347
+ 116 292
+ 115 353
+ 115 243
+ 115 127
+ 115 186
+ 115 352
+ 115 235
+ 115 134
+ 114 242
+ 114 164
+ 114 369
+ 113 250
+ 113 301
+ 113 276
+ 113 220
+ 113 264
+ 113 126
+ 113 316
+ 113 260
+ 112 155
+ 112 296
+ 112 216
+ 112 169
+ 112 120
+ 112 237
+ 112 308
+ 112 236
+ 112 300
+ 111 250
+ 111 275
+ 111 205
+ 111 162
+ 111 285
+ 111 278
+ 111 147
+ 111 224
+ 111 119
+ 111 249
+ 111 291
+ 111 231
+ 110 310
+ 110 272
+ 110 358
+ 110 334
+ 110 325
+ 110 163
+ 110 187
+ 109 268
+ 109 213
+ 109 292
+ 108 290
+ 108 314
+ 108 126
+ 108 327
+ 108 268
+ 107 214
+ 107 255
+ 107 198
+ 107 306
+ 107 366
+ 107 304
+ 107 276
+ 107 275
+ 107 340
+ 107 365
+ 106 197
+ 106 243
+ 106 203
+ 106 218
+ 106 182
+ 106 154
+ 106 238
+ 106 332
+ 106 126
+ 106 160
+ 105 170
+ 105 337
+ 105 295
+ 105 279
+ 105 204
+ 105 194
+ 105 324
+ 105 331
+ 104 358
+ 104 336
+ 104 149
+ 104 332
+ 104 164
+ 104 159
+ 104 282
+ 103 136
+ 103 127
+ 103 338
+ 102 166
+ 102 369
+ 102 316
+ 102 327
+ 102 112
+ 102 291
+ 102 204
+ 102 223
+ 102 310
+ 102 233
+ 102 216
+ 101 283
+ 101 277
+ 101 346
+ 101 313
+ 101 315
+ 101 206
+ 100 262
+ 100 293
+ 100 150
+ 100 364
+ 100 125
+ 100 343
+ 100 279
+ 100 146
+ 100 297
+ 99 213
+ 99 231
+ 99 249
+ 99 312
+ 99 239
+ 99 367
+ 98 247
+ 98 352
+ 98 262
+ 97 256
+ 97 110
+ 97 194
+ 96 258
+ 96 203
+ 96 129
+ 96 154
+ 96 110
+ 96 132
+ 96 99
+ 96 139
+ 96 296
+ 96 353
+ 96 354
+ 96 348
+ 95 222
+ 95 211
+ 95 125
+ 95 279
+ 95 214
+ 95 167
+ 95 275
+ 95 370
+ 94 180
+ 94 245
+ 94 209
+ 94 157
+ 93 329
+ 93 313
+ 93 246
+ 93 134
+ 93 359
+ 93 356
+ 93 208
+ 92 143
+ 92 299
+ 92 114
+ 92 139
+ 92 153
+ 92 170
+ 92 146
+ 92 233
+ 91 356
+ 91 366
+ 91 118
+ 91 172
+ 91 274
+ 91 122
+ 91 192
+ 90 297
+ 90 204
+ 90 103
+ 90 189
+ 90 229
+ 90 110
+ 90 180
+ 90 224
+ 89 178
+ 89 273
+ 89 131
+ 89 353
+ 88 319
+ 88 330
+ 88 117
+ 88 345
+ 88 302
+ 88 155
+ 87 285
+ 87 302
+ 87 222
+ 87 243
+ 87 244
+ 87 185
+ 87 166
+ 87 233
+ 86 240
+ 86 114
+ 86 346
+ 86 293
+ 86 216
+ 86 126
+ 86 265
+ 86 168
+ 86 351
+ 86 232
+ 85 203
+ 85 186
+ 85 176
+ 85 160
+ 85 205
+ 85 171
+ 85 222
+ 85 128
+ 85 278
+ 84 362
+ 84 145
+ 84 296
+ 84 222
+ 84 139
+ 84 292
+ 84 200
+ 84 109
+ 84 247
+ 84 227
+ 84 203
+ 83 164
+ 83 154
+ 83 281
+ 83 321
+ 83 113
+ 83 112
+ 83 227
+ 83 177
+ 82 319
+ 82 133
+ 82 360
+ 82 342
+ 81 289
+ 81 337
+ 81 171
+ 81 93
+ 81 313
+ 81 363
+ 81 350
+ 81 269
+ 81 371
+ 81 360
+ 81 305
+ 80 134
+ 80 342
+ 80 139
+ 80 371
+ 80 297
+ 80 118
+ 80 343
+ 80 280
+ 80 169
+ 80 124
+ 80 160
+ 80 317
+ 79 158
+ 79 318
+ 79 232
+ 79 207
+ 79 282
+ 79 304
+ 79 191
+ 79 286
+ 79 225
+ 78 281
+ 78 121
+ 78 293
+ 78 233
+ 78 104
+ 78 334
+ 78 118
+ 77 106
+ 77 229
+ 77 127
+ 77 223
+ 77 155
+ 77 240
+ 77 172
+ 77 313
+ 76 151
+ 76 292
+ 76 365
+ 76 241
+ 76 367
+ 76 347
+ 76 300
+ 76 181
+ 76 81
+ 76 152
+ 76 193
+ 76 357
+ 75 209
+ 75 269
+ 75 326
+ 75 178
+ 75 287
+ 75 198
+ 75 275
+ 75 356
+ 75 258
+ 75 274
+ 74 265
+ 74 293
+ 74 222
+ 74 112
+ 73 335
+ 73 352
+ 73 77
+ 73 198
+ 73 334
+ 73 221
+ 73 269
+ 73 338
+ 73 85
+ 73 209
+ 73 295
+ 73 126
+ 73 279
+ 73 106
+ 72 105
+ 72 348
+ 72 238
+ 72 255
+ 72 183
+ 72 360
+ 72 243
+ 72 116
+ 71 89
+ 71 199
+ 71 96
+ 71 165
+ 71 269
+ 71 183
+ 71 345
+ 71 244
+ 71 135
+ 71 284
+ 71 222
+ 71 100
+ 70 125
+ 70 230
+ 70 103
+ 70 159
+ 70 339
+ 70 132
+ 70 247
+ 69 108
+ 69 372
+ 69 262
+ 69 81
+ 69 164
+ 69 86
+ 69 124
+ 69 334
+ 69 103
+ 69 327
+ 69 135
+ 69 94
+ 69 358
+ 69 209
+ 68 195
+ 68 213
+ 68 184
+ 68 252
+ 68 101
+ 68 158
+ 68 96
+ 67 251
+ 67 362
+ 67 341
+ 67 168
+ 67 327
+ 67 154
+ 67 100
+ 67 187
+ 67 206
+ 67 165
+ 67 197
+ 66 91
+ 66 371
+ 66 290
+ 66 121
+ 66 72
+ 66 219
+ 66 234
+ 66 201
+ 66 368
+ 65 75
+ 65 209
+ 65 216
+ 65 134
+ 65 213
+ 65 219
+ 65 124
+ 65 276
+ 64 362
+ 64 371
+ 64 173
+ 64 305
+ 64 278
+ 64 370
+ 64 319
+ 64 320
+ 64 99
+ 64 196
+ 64 138
+ 64 214
+ 64 328
+ 64 207
+ 63 257
+ 63 301
+ 63 130
+ 63 305
+ 63 72
+ 63 331
+ 63 294
+ 63 274
+ 63 237
+ 63 185
+ 63 320
+ 63 108
+ 63 225
+ 63 365
+ 63 188
+ 63 144
+ 63 122
+ 63 315
+ 63 256
+ 63 207
+ 63 212
+ 63 200
+ 62 110
+ 62 168
+ 62 118
+ 62 87
+ 62 148
+ 62 98
+ 62 65
+ 62 349
+ 62 209
+ 61 103
+ 61 88
+ 61 128
+ 61 129
+ 61 305
+ 61 312
+ 61 278
+ 60 122
+ 60 197
+ 60 332
+ 60 163
+ 60 191
+ 60 334
+ 60 275
+ 60 366
+ 60 255
+ 60 128
+ 60 223
+ 60 214
+ 60 263
+ 60 181
+ 60 346
+ 60 221
+ 59 127
+ 59 106
+ 59 93
+ 59 229
+ 59 177
+ 59 253
+ 59 298
+ 59 188
+ 58 208
+ 58 372
+ 58 89
+ 58 140
+ 58 351
+ 58 74
+ 58 346
+ 58 206
+ 58 178
+ 58 216
+ 58 94
+ 58 186
+ 58 191
+ 58 198
+ 58 342
+ 57 315
+ 57 193
+ 57 184
+ 57 185
+ 57 169
+ 57 318
+ 56 208
+ 56 222
+ 56 337
+ 56 127
+ 56 283
+ 56 226
+ 55 367
+ 55 199
+ 55 300
+ 55 348
+ 55 144
+ 55 317
+ 55 268
+ 55 107
+ 55 291
+ 55 274
+ 55 261
+ 55 109
+ 55 188
+ 55 87
+ 55 197
+ 55 171
+ 54 123
+ 54 337
+ 54 100
+ 54 225
+ 54 132
+ 54 324
+ 54 279
+ 54 239
+ 54 174
+ 53 245
+ 53 291
+ 53 317
+ 53 84
+ 53 364
+ 53 283
+ 53 285
+ 53 222
+ 53 145
+ 53 192
+ 53 344
+ 53 370
+ 53 154
+ 52 294
+ 52 307
+ 52 110
+ 52 324
+ 52 169
+ 52 290
+ 51 314
+ 51 109
+ 51 367
+ 51 322
+ 51 239
+ 51 207
+ 51 283
+ 51 190
+ 50 102
+ 50 77
+ 50 224
+ 50 103
+ 50 183
+ 50 69
+ 50 343
+ 50 360
+ 50 63
+ 50 204
+ 50 197
+ 50 281
+ 50 201
+ 50 82
+ 50 199
+ 50 324
+ 49 311
+ 49 354
+ 49 306
+ 49 294
+ 49 109
+ 49 100
+ 49 207
+ 49 357
+ 49 284
+ 49 260
+ 49 61
+ 49 335
+ 49 121
+ 49 259
+ 48 351
+ 48 320
+ 48 306
+ 48 298
+ 48 219
+ 48 309
+ 48 109
+ 48 141
+ 48 250
+ 47 152
+ 47 195
+ 47 216
+ 47 211
+ 46 193
+ 46 308
+ 46 270
+ 46 221
+ 46 108
+ 46 55
+ 46 119
+ 46 311
+ 46 153
+ 46 219
+ 46 66
+ 46 99
+ 46 157
+ 45 89
+ 45 132
+ 45 283
+ 45 244
+ 45 68
+ 45 305
+ 45 144
+ 45 59
+ 45 302
+ 45 308
+ 44 332
+ 44 283
+ 44 290
+ 44 249
+ 44 277
+ 44 79
+ 44 269
+ 44 260
+ 44 164
+ 44 186
+ 44 180
+ 44 119
+ 43 318
+ 43 332
+ 43 138
+ 43 100
+ 43 172
+ 43 54
+ 43 360
+ 43 260
+ 42 260
+ 42 164
+ 42 330
+ 42 100
+ 42 45
+ 42 349
+ 42 353
+ 42 302
+ 42 214
+ 42 333
+ 42 225
+ 42 314
+ 42 157
+ 41 372
+ 41 174
+ 41 255
+ 41 281
+ 41 232
+ 41 154
+ 41 194
+ 41 369
+ 41 265
+ 41 233
+ 41 204
+ 41 291
+ 40 359
+ 40 91
+ 40 320
+ 40 316
+ 40 105
+ 40 76
+ 40 180
+ 40 217
+ 40 367
+ 40 329
+ 40 326
+ 40 336
+ 40 361
+ 39 294
+ 39 266
+ 39 347
+ 39 301
+ 39 147
+ 39 327
+ 39 119
+ 39 161
+ 39 324
+ 38 137
+ 38 269
+ 38 231
+ 38 342
+ 38 200
+ 38 97
+ 38 242
+ 37 155
+ 37 367
+ 37 173
+ 37 88
+ 37 343
+ 37 214
+ 37 113
+ 36 358
+ 36 118
+ 36 170
+ 36 310
+ 36 229
+ 36 50
+ 36 235
+ 36 192
+ 36 86
+ 36 354
+ 35 114
+ 35 319
+ 35 279
+ 35 322
+ 35 62
+ 35 220
+ 34 141
+ 34 43
+ 34 337
+ 34 318
+ 34 179
+ 34 298
+ 34 281
+ 34 146
+ 34 216
+ 33 217
+ 33 223
+ 33 159
+ 33 117
+ 33 60
+ 33 98
+ 33 168
+ 33 194
+ 33 330
+ 32 164
+ 32 158
+ 32 193
+ 32 42
+ 32 312
+ 32 99
+ 32 141
+ 32 86
+ 32 351
+ 32 233
+ 32 229
+ 32 43
+ 32 131
+ 32 195
+ 32 237
+ 31 353
+ 31 302
+ 31 209
+ 31 300
+ 31 205
+ 31 74
+ 31 175
+ 31 122
+ 31 162
+ 31 160
+ 31 91
+ 31 328
+ 30 349
+ 30 108
+ 30 50
+ 30 304
+ 30 203
+ 30 34
+ 30 152
+ 30 359
+ 30 74
+ 30 151
+ 30 277
+ 30 265
+ 30 214
+ 30 77
+ 29 285
+ 29 325
+ 29 164
+ 29 265
+ 29 73
+ 29 56
+ 29 109
+ 29 321
+ 29 63
+ 29 59
+ 29 309
+ 29 347
+ 29 57
+ 29 290
+ 29 168
+ 28 312
+ 28 240
+ 28 199
+ 28 209
+ 28 268
+ 28 306
+ 28 37
+ 28 327
+ 28 119
+ 28 145
+ 28 113
+ 27 151
+ 27 51
+ 27 193
+ 27 298
+ 27 167
+ 27 340
+ 27 324
+ 27 236
+ 27 299
+ 27 60
+ 27 74
+ 27 113
+ 27 186
+ 26 221
+ 26 343
+ 26 146
+ 26 109
+ 26 279
+ 25 225
+ 25 144
+ 25 47
+ 25 36
+ 25 363
+ 25 30
+ 25 299
+ 25 227
+ 25 303
+ 24 25
+ 24 326
+ 24 291
+ 24 346
+ 24 94
+ 24 271
+ 24 266
+ 24 328
+ 24 66
+ 23 114
+ 23 142
+ 23 237
+ 23 116
+ 23 270
+ 23 89
+ 23 143
+ 23 56
+ 23 25
+ 23 348
+ 23 305
+ 23 161
+ 23 329
+ 23 310
+ 22 310
+ 22 161
+ 22 268
+ 22 211
+ 22 108
+ 22 233
+ 22 259
+ 22 50
+ 22 240
+ 21 123
+ 21 284
+ 21 237
+ 21 291
+ 21 41
+ 21 92
+ 21 350
+ 21 179
+ 21 144
+ 21 278
+ 21 224
+ 21 117
+ 21 197
+ 21 106
+ 20 328
+ 20 55
+ 20 38
+ 20 44
+ 20 353
+ 20 173
+ 20 192
+ 20 238
+ 20 330
+ 19 242
+ 19 149
+ 19 237
+ 19 53
+ 19 311
+ 19 224
+ 19 173
+ 18 32
+ 18 64
+ 18 333
+ 18 344
+ 18 188
+ 18 173
+ 18 345
+ 18 289
+ 18 248
+ 18 205
+ 18 75
+ 18 56
+ 17 343
+ 17 56
+ 17 336
+ 17 73
+ 17 228
+ 17 334
+ 17 134
+ 17 46
+ 17 34
+ 17 227
+ 16 87
+ 16 253
+ 16 31
+ 16 177
+ 16 126
+ 16 18
+ 15 311
+ 15 36
+ 15 341
+ 15 278
+ 15 107
+ 15 329
+ 15 159
+ 15 219
+ 15 338
+ 15 108
+ 15 214
+ 15 31
+ 14 96
+ 14 332
+ 14 18
+ 14 67
+ 14 228
+ 13 93
+ 13 105
+ 13 198
+ 13 112
+ 13 88
+ 13 261
+ 13 106
+ 13 42
+ 13 215
+ 12 297
+ 12 67
+ 12 171
+ 12 285
+ 12 335
+ 12 337
+ 12 193
+ 12 359
+ 11 365
+ 11 361
+ 11 104
+ 11 117
+ 11 222
+ 11 185
+ 11 253
+ 11 35
+ 11 127
+ 11 273
+ 11 160
+ 11 113
+ 11 336
+ 11 82
+ 10 234
+ 10 105
+ 10 58
+ 10 274
+ 10 93
+ 10 364
+ 10 317
+ 10 75
+ 10 42
+ 9 69
+ 9 349
+ 9 29
+ 9 286
+ 9 200
+ 9 70
+ 9 125
+ 9 280
+ 9 181
+ 9 165
+ 9 115
+ 9 271
+ 9 333
+ 8 261
+ 8 126
+ 8 132
+ 8 220
+ 8 86
+ 8 217
+ 8 234
+ 8 38
+ 8 295
+ 8 24
+ 8 263
+ 7 242
+ 7 235
+ 7 21
+ 7 91
+ 7 365
+ 7 334
+ 7 238
+ 7 68
+ 7 317
+ 7 33
+ 7 54
+ 7 220
+ 6 329
+ 6 39
+ 6 145
+ 6 32
+ 6 140
+ 6 278
+ 6 355
+ 6 319
+ 6 14
+ 5 283
+ 5 336
+ 5 17
+ 5 108
+ 5 300
+ 5 311
+ 5 23
+ 5 158
+ 4 55
+ 4 320
+ 4 10
+ 4 106
+ 4 252
+ 4 29
+ 4 66
+ 4 110
+ 4 186
+ 4 74
+ 4 259
+ 3 12
+ 3 354
+ 3 306
+ 3 235
+ 3 164
+ 3 260
+ 3 134
+ 3 237
+ 3 208
+ 2 300
+ 2 15
+ 2 73
+ 2 280
+ 2 111
+ 2 71
+ 2 253
+ 2 84
+ 2 16
+ 2 163
+ 2 272
+ 2 240
- 1 98
- 1 12
- 1 248
- 1 245
- 1 191
- 1 189
- 1 312
- 1 181
- 1 205
- 1 288
- 1 218
- 1 277
- 1 142
- 1 296
- 1 64
- 1 294
- 1 151
- 1 162
- 1 351
- 1 301
- 1 230
- 1 326
- 1 255
- 1 331
- 1 105
- 1 26
- 1 279
- 1 202
- 1 265
- 1 213
- 1 267
- 1 43
- 1 219
- 1 282
- 1 104
- 1 329
- 1 6
- 1 14
- 1 332
- 1 253
- 1 195
- 1 339
- 1 311
- 1 19
- 1 97
- 1 38
- 1 242
- 1 114
- 1 369
- 1 184
- 1 57
- 1 309
- 1 250
- 1 48
- 1 136
- 1 176
- 1 89
- 1 131
- 1 186
- 1 27
- 1 74
- 1 4
- 1 252
- 1 364
- 1 371
- 1 173
- 1 37
- 1 155
- 1 88
- 1 261
- 1 215
- 1 13
- 1 112
- 1 120
- 1 25
- 1 122
- 1 303
- 1 125
- 1 254
- 1 175
- 1 244
- 1 129
- 1 156
- 1 241
- 1 132
- 1 70
- 1 103
- 1 338
- 1 161
- 1 22
- 1 108
- 1 15
- 1 31
- 1 16
- 1 177
- 1 83
- 1 281
- 1 182
- 1 284
- 1 372
- 1 118
- 1 78
- 1 293
- 1 133
- 1 82
- 1 11
- 1 35
- 1 322
- 1 51
- 1 190
- 1 130
- 1 174
- 1 172
- 1 152
- 1 257
- 1 343
- 1 179
- 1 204
- 1 41
- 1 291
- 1 24
- 1 8
- 1 263
- 1 223
- 1 315
- 1 101
- 1 206
- 1 359
- 1 198
- 1 58
- 1 342
- 1 210
- 1 287
- 1 264
- 1 239
- 1 227
- 1 17
- 1 34
- 1 298
- 1 327
- 1 28
- 1 145
- 1 319
- 1 362
- 1 188
- 1 59
- 1 45
- 1 308
- 1 149
- 1 325
- 1 352
- 1 200
- 1 63
- 1 246
- 1 256
- 1 270
- 1 168
- 1 235
- 1 115
- 1 134
- 1 3
- 1 208
- 1 93
- 1 356
- 1 269
- 1 366
- 1 236
- 1 148
- 1 171
- 1 55
- 1 87
- 1 185
- 1 337
- 1 237
- 1 32
- 1 229
- 1 370
- 1 95
- 1 167
- 1 143
- 1 251
- 1 285
- 1 360
- 1 81
- 1 305
- 1 159
- 1 247
- 1 334
- 1 7
- 1 54
- 1 123
- 1 238
- 1 20
- 1 192
- 1 91
- 1 274
- 1 169
- 1 52
- 1 290
- 1 124
- 1 65
- 1 276
- 1 318
- 1 341
- 1 144
- 1 140
- 1 249
- 1 368
- 1 66
- 1 201
- 1 283
- 1 300
- 1 361
- 1 40
- 1 217
- 1 307
- 1 228
- 1 306
- 1 340
- 1 183
- 1 222
- 1 85
- 1 278
- 1 61
- 1 49
- 1 121
- 1 170
- 1 266
- 1 363
- 1 262
- 1 207
- 1 226
- 1 56
- 1 18
- 1 289
- 1 193
- 1 76
- 1 357
- 1 260
- 1 113
- 1 126
- 1 346
- 1 231
- 1 111
- 1 119
- 1 44
- 1 180
- 1 90
- 1 224
- 1 21
- 1 106
- 1 73
- 1 295
- 1 221
- 1 60
- 1 214
- 1 30
- 1 77
- 1 313
- 1 150
- 1 271
- 1 9
- 1 333
- 1 196
- 1 212
- 1 203
- 1 84
- 1 109
- 1 292
- 1 199
- 1 50
- 1 324
- 1 39
- 1 147
- 1 299
- 1 275
- 1 323
- 1 178
- 1 367
- 1 99
- 1 46
- 1 153
- 1 154
- 1 53
- 1 344
- 1 280
- 1 137
- 1 320
- 1 139
- 1 365
- 1 107
- 1 304
- 1 117
- 1 138
- 1 258
- 1 164
- 1 128
- 1 165
- 1 67
- 1 197
- 1 328
- 1 268
- 1 127
- 1 348
- 1 96
- 1 68
- 1 158
- 1 5
- 1 23
- 1 310
- 1 232
- 1 86
- 1 36
- 1 354
- 1 350
- 1 314
- 1 330
- 1 33
- 1 194
- 1 259
- 1 220
- 1 302
- 1 160
- 1 80
- 1 317
- 1 243
- 1 72
- 1 116
- 1 347
- 1 225
- 1 79
- 1 286
- 1 358
- 1 316
- 1 353
- 1 345
- 1 297
- 1 100
- 1 71
- 1 135
- 1 355
- 1 166
- 1 146
- 1 92
- 1 233
- 1 102
- 1 216
- 1 47
- 1 211
- 1 336
- 1 234
- 1 163
- 1 110
- 1 187
- 1 272
- 1 240
- 1 349
- 1 62
- 1 209
- 1 69
- 1 94
- 1 157
- 1 42
- 10 1
