3162
+ 1 397
+ 1 22
+ 1 259
+ 1 344
+ 1 351
+ 1 153
+ 1 116
+ 1 145
+ 1 267
+ 1 266
+ 1 152
+ 1 270
+ 1 230
+ 1 141
+ 1 371
+ 1 340
+ 1 72
+ 1 338
+ 1 240
+ 1 375
+ 1 307
+ 1 275
+ 1 345
+ 1 205
+ 1 115
+ 1 382
+ 1 10
+ 1 370
+ 1 19
+ 1 394
+ 1 257
+ 1 261
+ 1 208
+ 1 162
+ 1 194
+ 1 365
+ 1 361
+ 1 178
+ 1 76
+ 1 66
+ 1 239
+ 1 27
+ 1 386
+ 1 343
+ 1 3
+ 1 350
+ 1 75
+ 1 359
+ 1 274
+ 1 92
+ 1 64
+ 1 335
+ 1 24
+ 1 341
+ 1 276
+ 1 117
+ 1 200
+ 1 105
+ 1 163
+ 1 327
+ 1 333
+ 1 57
+ 1 28
+ 1 14
+ 1 93
+ 1 195
+ 1 281
+ 1 49
+ 1 225
+ 1 383
+ 1 137
+ 1 182
+ 1 160
+ 1 91
+ 1 54
+ 1 363
+ 1 198
+ 1 289
+ 1 127
+ 1 384
+ 1 157
+ 1 104
+ 1 67
+ 1 120
+ 1 88
+ 1 263
+ 1 298
+ 1 297
+ 1 139
+ 1 387
+ 1 256
+ 1 102
+ 1 389
+ 1 357
+ 1 321
+ 1 305
+ 1 125
+ 1 150
+ 1 203
+ 1 148
+ 1 243
+ 1 360
+ 1 336
+ 1 110
+ 1 168
+ 1 173
+ 1 210
+ 1 44
+ 1 170
+ 1 46
+ 1 106
+ 1 202
+ 1 234
+ 1 392
+ 1 385
+ 1 324
+ 1 83
+ 1 134
+ 1 174
+ 1 325
+ 1 186
+ 1 58
+ 1 79
+ 1 255
+ 1 367
+ 1 221
+ 1 226
+ 1 292
+ 1 133
+ 1 229
+ 1 118
+ 1 390
+ 1 34
+ 1 199
+ 1 177
+ 1 379
+ 1 328
+ 1 265
+ 1 269
+ 1 35
+ 1 109
+ 1 56
+ 1 231
+ 1 293
+ 1 314
+ 1 271
+ 1 288
+ 1 399
+ 1 181
+ 1 376
+ 1 135
+ 1 222
+ 1 252
+ 1 113
+ 1 236
+ 1 40
+ 1 107
+ 1 201
+ 1 151
+ 1 398
+ 1 352
+ 1 8
+ 1 62
+ 1 242
+ 1 123
+ 1 232
+ 1 140
+ 1 197
+ 1 278
+ 1 285
+ 1 13
+ 1 32
+ 1 185
+ 1 154
+ 1 38
+ 1 215
+ 1 214
+ 1 31
+ 1 291
+ 1 43
+ 1 164
+ 1 112
+ 1 159
+ 1 77
+ 1 304
+ 1 358
+ 1 219
+ 1 290
+ 1 155
+ 1 302
+ 1 37
+ 1 301
+ 1 129
+ 1 295
+ 1 248
+ 1 264
+ 1 59
+ 1 233
+ 1 378
+ 1 103
+ 1 184
+ 1 51
+ 1 169
+ 1 349
+ 1 380
+ 1 315
+ 1 17
+ 1 146
+ 1 258
+ 1 244
+ 1 100
+ 1 318
+ 1 98
+ 1 81
+ 1 60
+ 1 207
+ 1 167
+ 1 355
+ 1 21
+ 1 142
+ 1 313
+ 1 108
+ 1 25
+ 1 70
+ 1 310
+ 1 126
+ 1 330
+ 1 282
+ 1 329
+ 1 193
+ 1 158
+ 1 94
+ 1 362
+ 1 95
+ 1 396
+ 1 251
+ 1 260
+ 1 138
+ 1 156
+ 1 280
+ 1 26
+ 1 217
+ 1 237
+ 1 400
+ 1 377
+ 1 273
+ 1 61
+ 1 90
+ 1 309
+ 1 73
+ 1 395
+ 1 63
+ 1 166
+ 1 188
+ 1 216
+ 1 364
+ 1 144
+ 1 36
+ 1 213
+ 1 223
+ 1 296
+ 1 311
+ 1 82
+ 1 4
+ 1 165
+ 1 41
+ 1 130
+ 1 287
+ 1 238
+ 1 245
+ 1 179
+ 1 323
+ 1 212
+ 1 211
+ 1 30
+ 1 206
+ 1 320
+ 1 124
+ 1 268
+ 1 65
+ 1 122
+ 1 18
+ 1 300
+ 1 128
+ 1 68
+ 1 48
+ 1 147
+ 1 249
+ 1 111
+ 1 283
+ 1 176
+ 1 192
+ 1 347
+ 1 171
+ 1 204
+ 1 262
+ 1 272
+ 1 317
+ 1 189
+ 1 319
+ 1 187
+ 1 191
+ 1 322
+ 1 294
+ 1 20
+ 1 334
+ 1 220
+ 1 7
+ 1 180
+ 1 143
+ 1 5
+ 1 53
+ 1 250
+ 1 348
+ 1 312
+ 1 277
+ 1 254
+ 1 284
+ 1 241
+ 1 6
+ 1 96
+ 1 218
+ 1 80
+ 1 286
+ 1 15
+ 1 337
+ 1 183
+ 1 55
+ 1 12
+ 1 235
+ 1 366
+ 1 196
+ 1 369
+ 1 52
+ 1 84
+ 1 190
+ 1 246
+ 1 346
+ 1 114
+ 1 119
+ 1 11
+ 1 99
+ 1 303
+ 1 47
+ 1 74
+ 1 368
+ 1 224
+ 1 23
+ 1 388
+ 1 161
+ 1 86
+ 1 16
+ 1 85
+ 1 87
+ 1 373
+ 1 136
+ 1 374
+ 1 339
+ 1 331
+ 1 132
+ 1 42
+ 1 381
+ 1 353
+ 1 97
+ 1 227
+ 1 89
+ 1 78
+ 1 131
+ 1 393
+ 1 121
+ 1 50
+ 1 308
+ 1 391
+ 1 372
+ 1 172
+ 1 175
+ 1 354
+ 1 9
+ 1 342
+ 1 228
+ 1 326
+ 1 306
+ 1 356
+ 1 39
+ 1 71
+ 1 316
+ 1 29
+ 1 69
+ 1 101
+ 1 149
+ 1 299
+ 1 279
+ 1 247
- 2 45
- 2 397
- 2 209
- 2 253
- 2 332
- 3 350
- 3 343
- 3 76
- 3 75
- 3 386
- 3 274
- 4 165
- 4 287
- 4 41
- 4 130
- 4 82
- 4 346
- 5 53
- 5 250
- 5 220
- 5 143
- 5 7
- 5 334
- 6 96
- 6 241
- 6 218
- 6 284
- 6 277
- 6 254
- 7 220
- 7 180
- 7 53
- 7 143
- 7 312
- 8 35
- 8 109
- 8 269
- 8 352
- 8 265
- 8 56
- 9 360
- 9 305
- 9 336
- 9 354
- 9 110
- 9 168
- 10 382
- 10 370
- 10 394
- 10 19
- 10 29
- 10 257
- 11 311
- 11 119
- 11 223
- 11 36
- 11 82
- 11 213
- 12 15
- 12 337
- 12 286
- 12 183
- 13 285
- 13 32
- 13 185
- 13 278
- 13 38
- 13 154
- 14 28
- 14 93
- 14 281
- 14 356
- 14 333
- 14 57
- 15 286
- 15 337
- 16 108
- 16 224
- 16 142
- 16 368
- 16 313
- 16 25
- 17 146
- 17 315
- 17 85
- 17 258
- 17 244
- 17 380
- 18 122
- 18 300
- 18 206
- 18 48
- 18 68
- 18 128
- 19 382
- 19 370
- 19 394
- 19 69
- 19 29
- 20 334
- 20 191
- 20 187
- 20 250
- 20 322
- 20 294
- 21 355
- 21 142
- 21 388
- 21 224
- 21 86
- 21 23
- 22 397
- 22 259
- 22 247
- 22 153
- 22 344
- 22 351
- 23 224
- 23 388
- 23 313
- 23 142
- 23 86
- 24 64
- 24 341
- 24 335
- 24 163
- 24 276
- 24 117
- 25 108
- 25 70
- 25 368
- 25 74
- 25 330
- 26 280
- 26 217
- 26 237
- 26 260
- 26 251
- 26 309
- 27 66
- 27 386
- 27 178
- 27 75
- 27 76
- 27 239
- 28 356
- 28 93
- 28 333
- 28 39
- 28 57
- 29 316
- 29 370
- 29 394
- 29 257
- 30 206
- 30 65
- 30 320
- 30 211
- 30 268
- 30 124
- 31 214
- 31 291
- 31 164
- 31 381
- 31 353
- 31 112
- 32 285
- 32 185
- 32 38
- 32 154
- 32 97
- 33 332
- 33 266
- 33 45
- 33 116
- 33 145
- 34 229
- 34 199
- 34 390
- 34 177
- 34 328
- 34 379
- 35 109
- 35 328
- 35 269
- 35 265
- 35 352
- 36 144
- 36 213
- 36 296
- 36 119
- 36 223
- 37 302
- 37 301
- 37 155
- 37 374
- 37 339
- 37 219
- 38 154
- 38 215
- 38 227
- 38 97
- 39 105
- 39 71
- 39 327
- 39 333
- 39 57
- 40 236
- 40 107
- 40 271
- 40 288
- 40 201
- 40 314
- 41 165
- 41 311
- 41 130
- 41 82
- 41 119
- 42 77
- 42 159
- 42 291
- 42 43
- 42 112
- 42 132
- 43 164
- 43 159
- 43 291
- 43 132
- 43 112
- 44 210
- 44 170
- 44 202
- 44 234
- 44 46
- 44 173
- 45 116
- 45 332
- 45 253
- 46 106
- 46 170
- 46 202
- 46 385
- 46 234
- 47 188
- 47 364
- 47 303
- 47 166
- 47 63
- 47 99
- 48 147
- 48 84
- 48 249
- 48 128
- 48 300
- 49 225
- 49 54
- 49 281
- 49 195
- 49 356
- 49 93
- 50 226
- 50 229
- 50 121
- 50 133
- 50 292
- 50 118
- 51 184
- 51 169
- 51 349
- 51 315
- 51 378
- 51 103
- 52 192
- 52 196
- 52 369
- 52 283
- 52 176
- 52 347
- 53 180
- 53 143
- 53 220
- 53 250
- 54 91
- 54 195
- 54 281
- 54 160
- 54 225
- 55 286
- 55 183
- 55 80
- 55 96
- 55 337
- 55 218
- 56 109
- 56 231
- 56 151
- 56 352
- 56 398
- 57 333
- 57 105
- 57 327
- 58 79
- 58 221
- 58 186
- 58 367
- 58 226
- 58 255
- 59 264
- 59 233
- 59 103
- 59 87
- 59 248
- 59 184
- 60 100
- 60 81
- 60 207
- 60 146
- 60 258
- 60 244
- 61 400
- 61 273
- 61 377
- 61 237
- 61 90
- 61 73
- 62 242
- 62 376
- 62 123
- 62 393
- 62 222
- 62 135
- 63 395
- 63 273
- 63 166
- 63 303
- 63 73
- 64 335
- 64 92
- 64 359
- 64 117
- 64 276
- 65 268
- 65 122
- 65 320
- 65 124
- 65 206
- 66 239
- 66 76
- 66 178
- 66 361
- 66 194
- 67 120
- 67 342
- 67 104
- 67 298
- 67 326
- 67 263
- 68 320
- 68 300
- 68 128
- 68 122
- 68 206
- 69 370
- 69 382
- 69 115
- 69 101
- 69 345
- 70 310
- 70 330
- 70 282
- 70 74
- 70 108
- 71 335
- 71 105
- 71 341
- 71 163
- 71 327
- 72 338
- 72 279
- 72 299
- 72 340
- 72 371
- 72 240
- 73 377
- 73 400
- 73 395
- 73 273
- 74 108
- 74 310
- 74 330
- 74 368
- 75 350
- 75 343
- 75 76
- 75 386
- 76 178
- 76 386
- 77 159
- 77 304
- 77 132
- 77 358
- 77 290
- 78 197
- 78 89
- 78 285
- 78 131
- 78 278
- 78 140
- 79 255
- 79 186
- 79 325
- 79 367
- 79 221
- 80 286
- 80 218
- 80 284
- 80 183
- 80 96
- 81 98
- 81 100
- 81 167
- 81 318
- 81 207
- 82 311
- 82 165
- 82 119
- 83 134
- 83 324
- 83 172
- 83 391
- 83 372
- 83 175
- 84 192
- 84 147
- 84 176
- 84 111
- 84 249
- 85 380
- 85 315
- 85 146
- 85 258
- 85 169
- 86 161
- 86 98
- 86 355
- 86 388
- 87 373
- 87 295
- 87 248
- 87 233
- 87 264
- 88 263
- 88 387
- 88 120
- 88 297
- 88 256
- 88 298
- 89 278
- 89 197
- 89 131
- 89 285
- 89 185
- 90 237
- 90 400
- 90 377
- 90 217
- 90 309
- 91 160
- 91 225
- 91 383
- 91 195
- 91 182
- 92 276
- 92 200
- 92 274
- 92 117
- 92 359
- 93 195
- 93 356
- 93 281
- 94 362
- 94 158
- 94 329
- 94 156
- 94 95
- 94 193
- 95 362
- 95 396
- 95 156
- 95 158
- 95 138
- 96 218
- 96 183
- 96 284
- 97 353
- 97 227
- 97 215
- 97 154
- 98 318
- 98 161
- 98 355
- 98 167
- 99 303
- 99 364
- 99 144
- 99 188
- 99 216
- 100 244
- 100 318
- 100 207
- 100 167
- 101 115
- 101 382
- 101 345
- 101 275
- 101 205
- 102 389
- 102 256
- 102 139
- 102 297
- 102 243
- 102 387
- 103 264
- 103 378
- 103 233
- 103 184
- 104 157
- 104 342
- 104 263
- 104 326
- 104 120
- 105 163
- 105 341
- 105 327
- 106 202
- 106 234
- 106 385
- 106 392
- 106 175
- 107 201
- 107 314
- 107 293
- 107 271
- 107 151
- 108 313
- 108 368
- 109 398
- 109 352
- 109 231
- 110 336
- 110 168
- 110 354
- 110 173
- 110 360
- 111 249
- 111 283
- 111 192
- 111 147
- 111 176
- 112 291
- 112 159
- 112 164
- 113 252
- 113 376
- 113 181
- 113 236
- 113 288
- 113 399
- 114 346
- 114 246
- 114 245
- 114 287
- 114 130
- 114 238
- 115 382
- 115 370
- 115 345
- 115 205
- 116 145
- 116 266
- 116 152
- 116 332
- 117 200
- 117 359
- 117 276
- 118 229
- 118 390
- 118 121
- 118 379
- 118 133
- 119 311
- 119 223
- 120 256
- 120 263
- 120 298
- 121 221
- 121 226
- 121 133
- 121 292
- 122 320
- 122 206
- 122 128
- 123 242
- 123 232
- 123 393
- 123 140
- 123 131
- 124 320
- 124 212
- 124 268
- 124 211
- 125 150
- 125 203
- 125 305
- 125 360
- 125 321
- 125 336
- 126 310
- 126 330
- 126 329
- 126 193
- 126 282
- 126 158
- 127 384
- 127 228
- 127 289
- 127 198
- 127 363
- 127 306
- 128 300
- 128 147
- 129 301
- 129 295
- 129 136
- 129 374
- 129 331
- 129 339
- 130 287
- 130 165
- 130 346
- 131 197
- 131 140
- 131 232
- 132 159
- 132 358
- 132 290
- 133 292
- 133 229
- 133 379
- 134 174
- 134 325
- 134 308
- 134 372
- 134 391
- 135 376
- 135 222
- 135 242
- 135 181
- 135 393
- 136 373
- 136 374
- 136 339
- 136 295
- 136 331
- 137 383
- 137 182
- 137 306
- 137 160
- 137 363
- 137 198
- 138 156
- 138 260
- 138 251
- 138 396
- 138 362
- 139 387
- 139 148
- 139 243
- 139 389
- 139 297
- 140 232
- 140 197
- 140 393
- 141 371
- 141 259
- 141 247
- 141 344
- 141 279
- 141 340
- 142 313
- 142 224
- 142 388
- 143 180
- 143 348
- 143 312
- 144 364
- 144 213
- 144 216
- 144 296
- 145 267
- 145 266
- 145 332
- 145 152
- 146 258
- 146 244
- 146 380
- 147 249
- 147 300
- 148 150
- 148 203
- 148 243
- 148 389
- 148 357
- 149 240
- 149 307
- 149 299
- 149 375
- 149 275
- 149 205
- 150 203
- 150 357
- 150 305
- 150 321
- 151 293
- 151 201
- 151 231
- 151 398
- 152 266
- 152 267
- 152 270
- 152 230
- 153 253
- 153 397
- 153 259
- 153 209
- 153 351
- 154 185
- 154 227
- 155 302
- 155 304
- 155 290
- 155 301
- 155 219
- 156 158
- 156 362
- 156 329
- 157 326
- 157 342
- 157 228
- 157 289
- 157 384
- 158 193
- 158 329
- 159 358
- 160 182
- 160 225
- 160 383
- 161 318
- 161 388
- 161 167
- 161 355
- 162 208
- 162 194
- 162 261
- 162 361
- 162 316
- 162 365
- 163 335
- 163 327
- 163 341
- 164 214
- 164 291
- 164 381
- 165 287
- 165 311
- 166 395
- 166 188
- 166 303
- 166 273
- 167 355
- 167 318
- 168 173
- 168 170
- 168 210
- 168 354
- 169 349
- 169 380
- 169 315
- 169 378
- 170 210
- 170 173
- 170 202
- 171 204
- 171 369
- 171 347
- 171 196
- 171 262
- 171 366
- 172 391
- 172 324
- 172 175
- 172 392
- 172 372
- 173 210
- 173 354
- 174 325
- 174 372
- 174 186
- 174 255
- 174 308
- 175 392
- 175 324
- 175 385
- 176 283
- 176 192
- 176 249
- 177 199
- 177 379
- 177 328
- 177 265
- 177 390
- 178 361
- 178 239
- 178 386
- 179 323
- 179 190
- 179 245
- 179 246
- 179 212
- 179 238
- 180 235
- 180 312
- 180 348
- 181 399
- 181 376
- 181 252
- 181 222
- 182 363
- 182 306
- 182 383
- 183 337
- 183 286
- 184 349
- 184 233
- 184 378
- 185 278
- 185 285
- 186 325
- 186 308
- 186 255
- 187 319
- 187 191
- 187 317
- 187 294
- 187 322
- 188 216
- 188 303
- 188 364
- 189 319
- 189 294
- 189 262
- 189 317
- 189 272
- 189 204
- 190 212
- 190 323
- 190 246
- 190 211
- 190 245
- 191 322
- 191 334
- 191 250
- 191 220
- 192 347
- 192 283
- 193 329
- 193 282
- 193 310
- 194 365
- 194 361
- 194 261
- 194 239
- 195 281
- 195 225
- 196 369
- 196 366
- 196 283
- 196 347
- 197 278
- 197 232
- 198 289
- 198 384
- 198 306
- 198 363
- 199 328
- 199 265
- 199 390
- 199 269
- 200 359
- 200 350
- 200 274
- 200 343
- 201 293
- 201 314
- 201 231
- 202 210
- 202 234
- 203 389
- 203 321
- 203 357
- 204 262
- 204 366
- 204 369
- 204 272
- 205 345
- 205 375
- 205 275
- 206 320
- 207 244
- 207 258
- 207 318
- 208 261
- 208 394
- 208 316
- 208 257
- 208 365
- 209 397
- 209 253
- 209 351
- 210 354
- 211 212
- 211 268
- 211 323
- 212 323
- 212 268
- 213 223
- 213 296
- 213 216
- 214 215
- 214 381
- 214 227
- 214 353
- 215 353
- 215 381
- 215 227
- 216 364
- 216 296
- 217 237
- 217 251
- 217 309
- 217 280
- 218 241
- 218 284
- 219 358
- 219 290
- 219 302
- 219 304
- 220 334
- 220 250
- 221 226
- 221 367
- 221 292
- 222 252
- 222 376
- 222 242
- 223 296
- 223 311
- 224 368
- 224 313
- 225 383
- 226 292
- 226 367
- 227 353
- 228 342
- 228 326
- 228 384
- 228 289
- 229 390
- 229 379
- 230 266
- 230 267
- 230 270
- 231 293
- 231 398
- 232 242
- 232 393
- 233 378
- 233 264
- 234 392
- 234 385
- 235 312
- 235 348
- 235 277
- 235 241
- 235 254
- 236 288
- 236 252
- 236 271
- 236 399
- 237 400
- 237 309
- 238 287
- 238 245
- 238 346
- 238 246
- 239 361
- 239 365
- 240 375
- 240 299
- 240 307
- 240 338
- 241 284
- 241 254
- 241 277
- 242 393
- 243 389
- 243 357
- 243 387
- 244 258
- 245 246
- 245 323
- 246 346
- 247 259
- 247 371
- 247 344
- 247 340
- 248 295
- 248 264
- 248 331
- 248 373
- 249 300
- 250 334
- 251 260
- 251 280
- 251 396
- 252 376
- 252 399
- 253 397
- 254 277
- 254 348
- 254 284
- 255 367
- 255 325
- 256 387
- 256 298
- 256 297
- 257 261
- 257 316
- 257 394
- 259 344
- 259 351
- 260 280
- 260 362
- 260 396
- 261 316
- 261 365
- 262 272
- 262 319
- 262 366
- 263 298
- 263 342
- 264 373
- 265 328
- 265 269
- 266 267
- 267 270
- 268 323
- 269 328
- 269 352
- 271 314
- 271 288
- 271 399
- 272 317
- 272 366
- 272 319
- 273 377
- 273 395
- 274 359
- 274 343
- 274 350
- 275 375
- 275 345
- 275 307
- 276 341
- 276 335
- 277 312
- 277 348
- 278 285
- 279 299
- 279 340
- 279 338
- 279 371
- 280 396
- 280 309
- 281 356
- 282 330
- 282 329
- 282 310
- 283 347
- 286 337
- 287 346
- 288 399
- 288 314
- 289 326
- 289 384
- 290 304
- 290 358
- 291 381
- 292 367
- 293 314
- 293 398
- 294 322
- 294 319
- 294 317
- 295 373
- 295 331
- 296 364
- 297 298
- 297 387
- 299 338
- 299 307
- 301 339
- 301 302
- 301 374
- 302 374
- 302 304
- 303 395
- 304 358
- 305 360
- 305 321
- 305 336
- 306 363
- 306 383
- 307 375
- 307 338
- 308 391
- 308 325
- 308 372
- 309 400
- 310 330
- 312 348
- 313 368
- 315 380
- 315 349
- 316 394
- 317 319
- 317 322
- 321 357
- 321 360
- 322 334
- 324 385
- 324 392
- 324 391
- 326 342
- 327 333
- 331 339
- 331 373
- 333 356
- 335 341
- 336 360
- 336 354
- 338 340
- 339 374
- 340 371
- 343 350
- 343 386
- 344 351
- 344 371
- 345 375
- 347 369
- 349 380
- 349 378
- 350 359
- 351 397
- 352 398
- 353 381
- 355 388
- 357 389
- 361 365
- 362 396
- 363 384
- 366 369
- 370 382
- 372 391
- 377 400
- 377 395
- 379 390
- 385 392
+ 395 397
+ 386 397
+ 383 384
+ 383 399
+ 373 390
+ 370 381
+ 369 375
+ 366 371
+ 354 386
+ 349 395
+ 349 397
+ 347 388
+ 346 355
+ 345 362
+ 344 350
+ 343 367
+ 342 390
+ 342 373
+ 340 391
+ 340 360
+ 337 351
+ 336 368
+ 335 381
+ 335 370
+ 334 353
+ 334 348
+ 332 382
+ 331 393
+ 330 379
+ 325 375
+ 325 333
+ 323 382
+ 321 359
+ 320 394
+ 318 331
+ 317 323
+ 317 345
+ 316 377
+ 315 343
+ 315 363
+ 314 339
+ 311 374
+ 311 354
+ 310 377
+ 310 394
+ 310 320
+ 309 328
+ 308 363
+ 307 395
+ 307 349
+ 306 388
+ 306 347
+ 305 389
+ 304 383
+ 304 396
+ 304 384
+ 303 329
+ 302 391
+ 302 400
+ 300 310
+ 300 394
+ 300 320
+ 300 316
+ 300 377
+ 299 322
+ 299 324
+ 298 397
+ 298 354
+ 298 386
+ 297 301
+ 296 376
+ 295 389
+ 295 305
+ 294 392
+ 293 400
+ 292 367
+ 291 340
+ 291 332
+ 291 360
+ 290 353
+ 290 339
+ 289 352
+ 288 394
+ 288 320
+ 288 338
+ 287 390
+ 287 373
+ 286 337
+ 286 351
+ 285 344
+ 285 355
+ 285 346
+ 284 329
+ 284 303
+ 283 297
+ 282 318
+ 282 284
+ 281 389
+ 281 365
+ 281 295
+ 280 292
+ 280 367
+ 279 352
+ 279 289
+ 278 281
+ 278 365
+ 278 389
+ 277 350
+ 277 378
+ 276 389
+ 276 281
+ 276 295
+ 276 365
+ 276 278
+ 276 305
+ 275 378
+ 275 319
+ 274 327
+ 273 306
+ 272 387
+ 272 366
+ 271 305
+ 270 299
+ 270 322
+ 270 324
+ 269 292
+ 269 280
+ 269 301
+ 268 270
+ 268 324
+ 268 299
+ 266 330
+ 266 379
+ 265 277
+ 265 319
+ 265 275
+ 265 378
+ 264 385
+ 264 328
+ 263 335
+ 263 370
+ 263 381
+ 262 309
+ 262 328
+ 262 337
+ 261 368
+ 261 336
+ 261 371
+ 260 316
+ 259 392
+ 259 294
+ 258 357
+ 258 341
+ 257 293
+ 257 400
+ 257 302
+ 256 396
+ 255 341
+ 254 350
+ 254 344
+ 254 285
+ 254 355
+ 253 346
+ 252 381
+ 252 263
+ 252 370
+ 251 272
+ 251 387
+ 250 287
+ 250 267
+ 249 327
+ 249 387
+ 248 259
+ 248 294
+ 248 392
+ 247 336
+ 247 368
+ 247 321
+ 246 293
+ 245 335
+ 245 364
+ 244 311
+ 244 374
+ 243 301
+ 243 297
+ 243 283
+ 242 358
+ 241 362
+ 240 362
+ 240 398
+ 240 241
+ 239 356
+ 239 380
+ 238 376
+ 238 296
+ 237 338
+ 236 359
+ 235 323
+ 235 317
+ 234 321
+ 234 247
+ 234 336
+ 233 326
+ 232 399
+ 232 274
+ 231 245
+ 231 364
+ 231 351
+ 230 241
+ 230 362
+ 230 345
+ 229 319
+ 229 275
+ 229 265
+ 229 378
+ 228 272
+ 228 366
+ 228 251
+ 227 231
+ 227 364
+ 227 351
+ 226 333
+ 226 325
+ 225 385
+ 225 259
+ 225 392
+ 224 308
+ 223 385
+ 223 225
+ 223 264
+ 222 292
+ 222 269
+ 222 297
+ 222 301
+ 221 247
+ 221 336
+ 221 368
+ 221 234
+ 220 361
+ 220 242
+ 220 358
+ 219 250
+ 219 287
+ 219 390
+ 218 366
+ 218 228
+ 218 371
+ 217 374
+ 217 244
+ 216 312
+ 215 303
+ 215 284
+ 215 282
+ 214 294
+ 213 284
+ 213 282
+ 213 329
+ 213 303
+ 213 215
+ 212 392
+ 212 223
+ 212 259
+ 212 248
+ 212 225
+ 211 359
+ 211 236
+ 210 347
+ 210 306
+ 210 273
+ 210 388
+ 209 360
+ 209 340
+ 209 391
+ 208 237
+ 208 288
+ 208 338
+ 207 266
+ 207 379
+ 207 330
+ 206 382
+ 206 332
+ 206 360
+ 206 291
+ 205 317
+ 205 345
+ 205 235
+ 205 230
+ 205 323
+ 204 216
+ 204 237
+ 204 338
+ 203 314
+ 202 268
+ 201 353
+ 201 290
+ 201 339
+ 200 316
+ 200 300
+ 200 320
+ 200 377
+ 200 310
+ 199 218
+ 199 371
+ 199 366
+ 198 247
+ 198 321
+ 198 221
+ 198 234
+ 197 211
+ 197 236
+ 197 359
+ 196 217
+ 196 244
+ 195 363
+ 195 308
+ 194 396
+ 194 256
+ 194 384
+ 194 304
+ 194 383
+ 193 286
+ 193 309
+ 193 262
+ 193 337
+ 192 197
+ 192 372
+ 192 236
+ 191 209
+ 191 302
+ 191 340
+ 191 391
+ 190 274
+ 190 399
+ 190 232
+ 189 339
+ 189 314
+ 188 318
+ 188 393
+ 188 331
+ 187 363
+ 187 195
+ 187 343
+ 187 315
+ 186 280
+ 186 222
+ 186 269
+ 186 292
+ 185 256
+ 185 396
+ 185 384
+ 185 194
+ 185 304
+ 184 378
+ 184 277
+ 184 344
+ 184 350
+ 183 245
+ 183 335
+ 183 364
+ 183 381
+ 182 314
+ 182 189
+ 182 203
+ 181 305
+ 181 271
+ 181 295
+ 180 255
+ 180 341
+ 179 324
+ 179 270
+ 179 322
+ 179 299
+ 178 233
+ 178 398
+ 178 240
+ 177 246
+ 177 293
+ 176 238
+ 176 365
+ 176 376
+ 176 296
+ 175 344
+ 175 350
+ 175 184
+ 175 277
+ 175 254
+ 174 374
+ 174 217
+ 174 244
+ 174 311
+ 173 396
+ 173 256
+ 173 313
+ 172 297
+ 172 301
+ 172 283
+ 172 243
+ 171 279
+ 171 352
+ 171 347
+ 171 289
+ 170 242
+ 170 358
+ 170 220
+ 169 243
+ 169 172
+ 169 283
+ 169 376
+ 168 370
+ 168 252
+ 168 357
+ 168 263
+ 167 400
+ 167 302
+ 167 257
+ 167 191
+ 166 316
+ 166 377
+ 166 260
+ 165 386
+ 165 397
+ 165 298
+ 165 395
+ 164 167
+ 164 400
+ 164 257
+ 164 293
+ 164 246
+ 163 210
+ 163 273
+ 163 306
+ 163 388
+ 162 179
+ 162 299
+ 162 322
+ 161 290
+ 161 339
+ 161 189
+ 161 201
+ 161 353
+ 160 372
+ 160 267
+ 159 348
+ 159 334
+ 159 271
+ 158 359
+ 158 198
+ 158 211
+ 158 234
+ 158 321
+ 157 375
+ 157 369
+ 156 229
+ 156 275
+ 156 242
+ 156 319
+ 155 199
+ 155 218
+ 155 272
+ 155 366
+ 155 228
+ 154 329
+ 154 303
+ 154 213
+ 153 373
+ 153 224
+ 153 342
+ 152 308
+ 152 195
+ 152 224
+ 151 171
+ 151 388
+ 151 210
+ 151 279
+ 151 347
+ 150 317
+ 150 323
+ 150 332
+ 150 235
+ 150 382
+ 149 267
+ 149 219
+ 149 250
+ 148 380
+ 148 239
+ 148 356
+ 147 390
+ 147 250
+ 147 219
+ 147 149
+ 147 287
+ 146 154
+ 145 216
+ 145 312
+ 144 312
+ 144 162
+ 144 145
+ 144 216
+ 143 201
+ 143 353
+ 143 290
+ 143 334
+ 142 232
+ 142 190
+ 142 399
+ 141 346
+ 141 285
+ 141 253
+ 141 355
+ 140 313
+ 140 356
+ 139 200
+ 139 166
+ 139 377
+ 139 260
+ 139 316
+ 138 260
+ 138 166
+ 138 307
+ 137 203
+ 137 163
+ 137 306
+ 137 273
+ 136 219
+ 136 153
+ 136 390
+ 136 287
+ 136 342
+ 136 373
+ 135 178
+ 135 326
+ 135 398
+ 135 233
+ 134 286
+ 134 309
+ 134 193
+ 134 337
+ 134 262
+ 133 361
+ 132 226
+ 132 196
+ 132 333
+ 131 159
+ 131 271
+ 131 181
+ 131 348
+ 130 361
+ 130 255
+ 130 133
+ 129 363
+ 129 224
+ 129 152
+ 129 195
+ 129 308
+ 128 393
+ 128 188
+ 128 318
+ 128 331
+ 127 226
+ 127 333
+ 127 325
+ 127 132
+ 126 211
+ 126 192
+ 126 372
+ 126 236
+ 126 197
+ 125 153
+ 125 129
+ 125 342
+ 125 152
+ 125 224
+ 124 199
+ 124 261
+ 124 218
+ 124 371
+ 123 183
+ 123 245
+ 123 364
+ 123 335
+ 123 263
+ 123 381
+ 122 312
+ 122 216
+ 122 204
+ 122 145
+ 121 246
+ 121 177
+ 120 180
+ 120 341
+ 120 357
+ 120 255
+ 120 258
+ 119 245
+ 119 183
+ 119 227
+ 119 364
+ 119 231
+ 118 223
+ 118 264
+ 118 385
+ 118 328
+ 117 203
+ 117 137
+ 117 182
+ 117 273
+ 116 170
+ 116 220
+ 116 358
+ 116 361
+ 115 130
+ 115 255
+ 115 341
+ 115 133
+ 115 180
+ 114 274
+ 114 232
+ 114 190
+ 114 142
+ 113 345
+ 113 317
+ 113 235
+ 113 230
+ 113 205
+ 112 148
+ 112 380
+ 111 146
+ 111 303
+ 111 154
+ 111 329
+ 110 181
+ 110 271
+ 110 295
+ 110 389
+ 110 305
+ 109 167
+ 109 191
+ 109 209
+ 109 391
+ 109 400
+ 109 302
+ 108 336
+ 108 221
+ 108 261
+ 108 124
+ 108 368
+ 107 309
+ 107 262
+ 107 193
+ 107 328
+ 107 264
+ 106 117
+ 106 203
+ 106 137
+ 106 163
+ 106 182
+ 106 273
+ 105 147
+ 105 250
+ 105 149
+ 105 267
+ 104 251
+ 104 249
+ 104 387
+ 104 327
+ 103 315
+ 103 187
+ 103 343
+ 103 367
+ 102 253
+ 102 289
+ 102 352
+ 101 120
+ 101 357
+ 101 341
+ 101 180
+ 101 258
+ 100 380
+ 100 148
+ 100 140
+ 100 356
+ 100 239
+ 99 256
+ 99 185
+ 99 396
+ 99 313
+ 99 173
+ 98 318
+ 98 284
+ 98 215
+ 98 282
+ 98 331
+ 97 158
+ 97 211
+ 97 321
+ 97 359
+ 97 197
+ 97 198
+ 96 244
+ 96 217
+ 96 174
+ 96 196
+ 95 294
+ 95 214
+ 95 248
+ 95 259
+ 94 324
+ 94 270
+ 94 202
+ 94 268
+ 93 279
+ 93 151
+ 93 289
+ 93 388
+ 93 347
+ 93 171
+ 92 361
+ 92 220
+ 92 116
+ 92 358
+ 92 133
+ 91 126
+ 91 192
+ 91 236
+ 91 160
+ 91 372
+ 90 285
+ 90 175
+ 90 346
+ 90 344
+ 90 254
+ 90 355
+ 89 116
+ 89 92
+ 89 130
+ 89 133
+ 89 361
+ 88 277
+ 88 184
+ 88 350
+ 88 378
+ 88 265
+ 88 275
+ 87 242
+ 87 156
+ 87 229
+ 87 319
+ 87 170
+ 86 112
+ 86 246
+ 86 121
+ 86 177
+ 85 238
+ 85 296
+ 85 376
+ 85 283
+ 85 169
+ 84 267
+ 84 149
+ 84 160
+ 84 105
+ 83 330
+ 83 233
+ 83 326
+ 82 332
+ 82 360
+ 82 206
+ 82 291
+ 82 382
+ 81 399
+ 81 384
+ 81 142
+ 81 232
+ 81 383
+ 80 278
+ 80 365
+ 80 176
+ 80 238
+ 80 296
+ 79 337
+ 79 351
+ 79 134
+ 79 227
+ 79 286
+ 78 246
+ 78 257
+ 78 164
+ 78 177
+ 78 121
+ 78 293
+ 77 352
+ 77 102
+ 77 253
+ 77 141
+ 76 115
+ 76 130
+ 76 89
+ 76 255
+ 76 133
+ 76 180
+ 75 369
+ 75 157
+ 75 214
+ 74 81
+ 74 384
+ 74 142
+ 74 304
+ 74 399
+ 74 383
+ 73 326
+ 73 207
+ 73 83
+ 73 330
+ 72 286
+ 72 231
+ 72 227
+ 72 79
+ 72 119
+ 72 351
+ 71 157
+ 71 214
+ 71 369
+ 71 75
+ 70 380
+ 70 112
+ 70 86
+ 70 121
+ 69 178
+ 69 398
+ 69 240
+ 69 241
+ 68 104
+ 68 249
+ 68 387
+ 68 251
+ 68 327
+ 67 313
+ 67 173
+ 67 99
+ 67 140
+ 67 256
+ 66 307
+ 66 349
+ 66 138
+ 66 395
+ 65 374
+ 65 354
+ 65 174
+ 65 311
+ 64 323
+ 64 332
+ 64 206
+ 64 382
+ 64 150
+ 64 235
+ 63 87
+ 63 242
+ 63 358
+ 63 319
+ 63 170
+ 63 156
+ 62 216
+ 62 312
+ 62 122
+ 62 237
+ 62 204
+ 61 146
+ 60 327
+ 60 274
+ 60 249
+ 60 114
+ 60 104
+ 59 214
+ 59 95
+ 59 75
+ 59 248
+ 59 294
+ 58 66
+ 58 138
+ 58 307
+ 58 349
+ 58 260
+ 57 385
+ 57 118
+ 57 264
+ 57 309
+ 57 328
+ 57 107
+ 56 252
+ 56 168
+ 56 258
+ 56 357
+ 56 101
+ 55 311
+ 55 386
+ 55 65
+ 55 374
+ 55 354
+ 54 61
+ 54 111
+ 54 146
+ 53 357
+ 53 56
+ 53 252
+ 53 370
+ 53 258
+ 53 168
+ 52 338
+ 52 237
+ 52 208
+ 52 204
+ 52 62
+ 52 122
+ 51 368
+ 51 199
+ 51 124
+ 51 261
+ 51 371
+ 51 108
+ 50 132
+ 50 226
+ 50 196
+ 50 333
+ 50 96
+ 49 54
+ 49 61
+ 49 202
+ 48 145
+ 48 162
+ 48 144
+ 48 322
+ 48 179
+ 47 91
+ 47 160
+ 47 372
+ 47 192
+ 47 84
+ 46 202
+ 46 49
+ 46 268
+ 46 324
+ 46 94
+ 45 138
+ 45 66
+ 45 139
+ 45 58
+ 45 166
+ 45 260
+ 44 314
+ 44 161
+ 44 201
+ 44 339
+ 44 189
+ 43 160
+ 43 47
+ 43 267
+ 43 372
+ 43 84
+ 43 105
+ 42 112
+ 42 70
+ 42 177
+ 42 121
+ 42 86
+ 41 59
+ 41 214
+ 41 71
+ 41 95
+ 41 157
+ 41 75
+ 40 241
+ 40 362
+ 40 113
+ 40 345
+ 40 230
+ 39 376
+ 39 169
+ 39 283
+ 39 238
+ 39 243
+ 39 85
+ 38 369
+ 38 157
+ 38 71
+ 38 375
+ 37 102
+ 37 253
+ 37 346
+ 37 141
+ 37 77
+ 37 355
+ 36 102
+ 36 253
+ 36 77
+ 36 352
+ 36 279
+ 36 289
+ 35 241
+ 35 240
+ 35 362
+ 35 40
+ 35 398
+ 35 69
+ 34 159
+ 34 110
+ 34 271
+ 34 348
+ 34 131
+ 34 181
+ 33 42
+ 33 112
+ 33 380
+ 33 239
+ 33 148
+ 33 70
+ 32 140
+ 32 356
+ 32 313
+ 32 100
+ 32 239
+ 31 117
+ 31 203
+ 31 44
+ 31 189
+ 31 314
+ 31 182
+ 30 61
+ 30 146
+ 30 154
+ 30 111
+ 30 54
+ 30 329
+ 29 61
+ 29 49
+ 29 202
+ 29 54
+ 29 146
+ 28 327
+ 28 274
+ 28 60
+ 28 114
+ 28 190
+ 28 249
+ 27 237
+ 27 288
+ 27 394
+ 27 208
+ 27 338
+ 26 188
+ 26 128
+ 26 393
+ 25 397
+ 25 395
+ 25 349
+ 25 165
+ 25 307
+ 25 298
+ 24 73
+ 24 83
+ 24 207
+ 24 266
+ 24 330
+ 23 73
+ 23 326
+ 23 24
+ 23 135
+ 23 233
+ 23 83
+ 22 365
+ 22 281
+ 22 296
+ 22 80
+ 22 176
+ 22 278
+ 21 393
+ 21 26
+ 21 128
+ 20 222
+ 20 301
+ 20 186
+ 20 269
+ 20 172
+ 20 297
+ 19 367
+ 19 292
+ 19 103
+ 19 280
+ 19 186
+ 18 325
+ 18 127
+ 18 38
+ 18 226
+ 18 375
+ 17 18
+ 17 369
+ 17 375
+ 17 325
+ 17 127
+ 17 38
+ 16 32
+ 16 140
+ 16 67
+ 16 173
+ 16 356
+ 16 313
+ 15 118
+ 15 385
+ 15 392
+ 15 223
+ 15 225
+ 15 212
+ 14 96
+ 14 132
+ 14 196
+ 14 333
+ 14 50
+ 14 217
+ 13 228
+ 13 387
+ 13 251
+ 13 155
+ 13 68
+ 13 272
+ 12 69
+ 12 233
+ 12 398
+ 12 178
+ 12 326
+ 12 135
+ 11 208
+ 11 310
+ 11 320
+ 11 394
+ 11 27
+ 11 288
+ 10 353
+ 10 348
+ 10 290
+ 10 334
+ 10 143
+ 9 360
+ 9 82
+ 9 209
+ 9 391
+ 9 291
+ 9 340
+ 8 61
+ 8 46
+ 8 202
+ 8 49
+ 8 94
+ 8 29
+ 7 55
+ 7 298
+ 7 65
+ 7 354
+ 7 165
+ 7 386
+ 6 103
+ 6 343
+ 6 315
+ 6 367
+ 6 280
+ 6 19
+ 5 315
+ 5 308
+ 5 187
+ 5 363
+ 5 343
+ 5 195
+ 4 131
+ 4 334
+ 4 348
+ 4 10
+ 4 143
+ 4 159
+ 3 144
+ 3 145
+ 3 162
+ 3 312
+ 3 322
+ 3 48
+ 2 153
+ 2 125
+ 2 342
+ 2 152
+ 2 224
+ 2 373
- 1 284
- 1 111
- 1 162
- 1 144
- 1 145
- 1 237
- 1 66
- 1 395
- 1 132
- 1 226
- 1 18
- 1 127
- 1 17
- 1 38
- 1 286
- 1 151
- 1 137
- 1 106
- 1 203
- 1 187
- 1 152
- 1 153
- 1 147
- 1 149
- 1 160
- 1 43
- 1 372
- 1 91
- 1 126
- 1 74
- 1 194
- 1 396
- 1 256
- 1 67
- 1 140
- 1 100
- 1 356
- 1 148
- 1 33
- 1 70
- 1 246
- 1 164
- 1 332
- 1 24
- 1 207
- 1 379
- 1 266
- 1 330
- 1 73
- 1 83
- 1 23
- 1 233
- 1 326
- 1 12
- 1 135
- 1 398
- 1 178
- 1 240
- 1 362
- 1 241
- 1 69
- 1 35
- 1 40
- 1 230
- 1 345
- 1 317
- 1 323
- 1 205
- 1 113
- 1 235
- 1 64
- 1 150
- 1 382
- 1 82
- 1 206
- 1 360
- 1 291
- 1 9
- 1 340
- 1 209
- 1 391
- 1 191
- 1 167
- 1 257
- 1 302
- 1 109
- 1 400
- 1 293
- 1 78
- 1 121
- 1 177
- 1 86
- 1 42
- 1 112
- 1 380
- 1 239
- 1 32
- 1 313
- 1 16
- 1 173
- 1 99
- 1 185
- 1 304
- 1 384
- 1 274
- 1 249
- 1 28
- 1 190
- 1 232
- 1 81
- 1 383
- 1 399
- 1 142
- 1 114
- 1 60
- 1 104
- 1 327
- 1 68
- 1 251
- 1 387
- 1 158
- 1 321
- 1 247
- 1 336
- 1 261
- 1 51
- 1 199
- 1 366
- 1 272
- 1 13
- 1 155
- 1 228
- 1 218
- 1 371
- 1 124
- 1 108
- 1 368
- 1 221
- 1 234
- 1 198
- 1 97
- 1 197
- 1 359
- 1 211
- 1 236
- 1 192
- 1 47
- 1 84
- 1 105
- 1 267
- 1 250
- 1 287
- 1 219
- 1 390
- 1 342
- 1 136
- 1 373
- 1 2
- 1 224
- 1 125
- 1 129
- 1 308
- 1 195
- 1 5
- 1 363
- 1 315
- 1 343
- 1 103
- 1 19
- 1 6
- 1 280
- 1 367
- 1 292
- 1 186
- 1 269
- 1 301
- 1 222
- 1 297
- 1 20
- 1 172
- 1 243
- 1 283
- 1 376
- 1 169
- 1 85
- 1 39
- 1 365
- 1 80
- 1 238
- 1 296
- 1 176
- 1 22
- 1 281
- 1 34
- 1 44
- 1 189
- 1 161
- 1 353
- 1 334
- 1 348
- 1 131
- 1 181
- 1 295
- 1 389
- 1 278
- 1 276
- 1 305
- 1 110
- 1 271
- 1 159
- 1 4
- 1 143
- 1 10
- 1 290
- 1 201
- 1 339
- 1 314
- 1 31
- 1 182
- 1 117
- 1 273
- 1 210
- 1 388
- 1 163
- 1 306
- 1 347
- 1 93
- 1 171
- 1 36
- 1 289
- 1 279
- 1 352
- 1 102
- 1 37
- 1 141
- 1 77
- 1 253
- 1 346
- 1 285
- 1 350
- 1 184
- 1 344
- 1 90
- 1 355
- 1 254
- 1 175
- 1 277
- 1 242
- 1 87
- 1 229
- 1 378
- 1 265
- 1 88
- 1 275
- 1 319
- 1 156
- 1 63
- 1 170
- 1 220
- 1 115
- 1 245
- 1 335
- 1 370
- 1 252
- 1 101
- 1 56
- 1 357
- 1 120
- 1 255
- 1 130
- 1 89
- 1 361
- 1 116
- 1 358
- 1 92
- 1 133
- 1 76
- 1 180
- 1 341
- 1 258
- 1 53
- 1 168
- 1 263
- 1 123
- 1 381
- 1 183
- 1 364
- 1 231
- 1 119
- 1 227
- 1 351
- 1 72
- 1 79
- 1 134
- 1 262
- 1 337
- 1 193
- 1 309
- 1 385
- 1 118
- 1 328
- 1 57
- 1 107
- 1 264
- 1 223
- 1 214
- 1 294
- 1 59
- 1 248
- 1 392
- 1 225
- 1 15
- 1 212
- 1 259
- 1 95
- 1 41
- 1 75
- 1 71
- 1 369
- 1 157
- 1 375
- 1 325
- 1 333
- 1 65
- 1 311
- 1 174
- 1 217
- 1 14
- 1 50
- 1 96
- 1 196
- 1 244
- 1 374
- 1 55
- 1 354
- 1 7
- 1 386
- 1 298
- 1 25
- 1 165
- 1 397
- 1 349
- 1 307
- 1 138
- 1 166
- 1 45
- 1 58
- 1 260
- 1 139
- 1 316
- 1 300
- 1 377
- 1 310
- 1 200
- 1 320
- 1 394
- 1 11
- 1 288
- 1 208
- 1 27
- 1 338
- 1 204
- 1 62
- 1 52
- 1 122
- 1 216
- 1 312
- 1 3
- 1 48
- 1 61
- 1 202
- 1 49
- 1 46
- 1 324
- 1 270
- 1 322
- 1 179
- 1 299
- 1 268
- 1 94
- 1 8
- 1 29
- 1 146
- 1 54
- 1 30
- 1 329
- 1 303
- 1 154
- 1 213
- 1 21
- 1 393
- 1 26
- 128 1
