2376
+ 1 347
+ 1 277
+ 1 337
+ 1 47
+ 1 21
+ 1 45
+ 1 332
+ 1 171
+ 1 261
+ 1 56
+ 1 319
+ 1 105
+ 1 93
+ 1 166
+ 1 259
+ 1 315
+ 1 124
+ 1 109
+ 1 368
+ 1 388
+ 1 296
+ 1 369
+ 1 54
+ 1 300
+ 1 193
+ 1 334
+ 1 245
+ 1 375
+ 1 98
+ 1 293
+ 1 39
+ 1 398
+ 1 212
+ 1 99
+ 1 131
+ 1 188
+ 1 209
+ 1 60
+ 1 191
+ 1 61
+ 1 218
+ 1 243
+ 1 155
+ 1 97
+ 1 380
+ 1 248
+ 1 64
+ 1 204
+ 1 241
+ 1 121
+ 1 100
+ 1 33
+ 1 142
+ 1 63
+ 1 175
+ 1 304
+ 1 329
+ 1 91
+ 1 379
+ 1 114
+ 1 128
+ 1 252
+ 1 372
+ 1 35
+ 1 250
+ 1 316
+ 1 356
+ 1 190
+ 1 26
+ 1 58
+ 1 181
+ 1 34
+ 1 145
+ 1 244
+ 1 37
+ 1 17
+ 1 278
+ 1 32
+ 1 197
+ 1 264
+ 1 132
+ 1 103
+ 1 22
+ 1 74
+ 1 325
+ 1 211
+ 1 310
+ 1 283
+ 1 214
+ 1 42
+ 1 344
+ 1 239
+ 1 52
+ 1 13
+ 1 253
+ 1 23
+ 1 291
+ 1 274
+ 1 96
+ 1 127
+ 1 167
+ 1 88
+ 1 260
+ 1 38
+ 1 339
+ 1 180
+ 1 199
+ 1 303
+ 1 43
+ 1 194
+ 1 112
+ 1 184
+ 1 65
+ 1 355
+ 1 156
+ 1 186
+ 1 307
+ 1 389
+ 1 164
+ 1 182
+ 1 158
+ 1 328
+ 1 20
+ 1 19
+ 1 12
+ 1 6
+ 1 31
+ 1 276
+ 1 135
+ 1 14
+ 1 228
+ 1 15
+ 1 66
+ 1 346
+ 1 169
+ 1 210
+ 1 338
+ 1 49
+ 1 323
+ 1 84
+ 1 280
+ 1 327
+ 1 126
+ 1 257
+ 1 28
+ 1 268
+ 1 354
+ 1 176
+ 1 7
+ 1 168
+ 1 394
+ 1 309
+ 1 16
+ 1 198
+ 1 370
+ 1 27
+ 1 400
+ 1 294
+ 1 185
+ 1 390
+ 1 287
+ 1 292
+ 1 146
+ 1 159
+ 1 298
+ 1 213
+ 1 139
+ 1 89
+ 1 24
+ 1 41
+ 1 11
+ 1 79
+ 1 281
+ 1 345
+ 1 314
+ 1 82
+ 1 246
+ 1 9
+ 1 51
+ 1 200
+ 1 161
+ 1 44
+ 1 67
+ 1 30
+ 1 273
+ 1 221
+ 1 192
+ 1 55
+ 1 301
+ 1 116
+ 1 59
+ 1 85
+ 1 233
+ 1 163
+ 1 322
+ 1 224
+ 1 80
+ 1 326
+ 1 172
+ 1 143
+ 1 333
+ 1 373
+ 1 226
+ 1 2
+ 1 255
+ 1 352
+ 1 384
+ 1 267
+ 1 242
+ 1 342
+ 1 153
+ 1 196
+ 1 106
+ 1 46
+ 1 107
+ 1 351
+ 1 154
+ 1 234
+ 1 195
+ 1 18
+ 1 133
+ 1 170
+ 1 343
+ 1 95
+ 1 122
+ 1 117
+ 1 140
+ 1 71
+ 1 361
+ 1 69
+ 1 240
+ 1 48
+ 1 308
+ 1 134
+ 1 179
+ 1 331
+ 1 311
+ 1 208
+ 1 349
+ 1 25
+ 1 341
+ 1 254
+ 1 230
+ 1 397
+ 1 90
+ 1 335
+ 1 376
+ 1 136
+ 1 92
+ 1 399
+ 1 348
+ 1 225
+ 1 75
+ 1 223
+ 1 382
+ 1 138
+ 1 86
+ 1 357
+ 1 295
+ 1 313
+ 1 271
+ 1 68
+ 1 3
+ 1 365
+ 1 78
+ 1 285
+ 1 115
+ 1 108
+ 1 265
+ 1 229
+ 1 173
+ 1 151
+ 1 50
+ 1 367
+ 1 119
+ 1 40
+ 1 236
+ 1 360
+ 1 183
+ 1 396
+ 1 227
+ 1 297
+ 1 4
+ 1 77
+ 1 231
+ 1 113
+ 1 263
+ 1 362
+ 1 125
+ 1 318
+ 1 87
+ 1 152
+ 1 279
+ 1 336
+ 1 363
+ 1 371
+ 1 203
+ 1 350
+ 1 215
+ 1 73
+ 1 381
+ 1 288
+ 1 174
+ 1 160
+ 1 392
+ 1 150
+ 1 219
+ 1 330
+ 1 286
+ 1 262
+ 1 101
+ 1 5
+ 1 275
+ 1 393
+ 1 364
+ 1 377
+ 1 149
+ 1 340
+ 1 72
+ 1 249
+ 1 120
+ 1 148
+ 1 386
+ 1 324
+ 1 387
+ 1 144
+ 1 270
+ 1 177
+ 1 206
+ 1 111
+ 1 256
+ 1 258
+ 1 157
+ 1 104
+ 1 10
+ 1 359
+ 1 385
+ 1 207
+ 1 130
+ 1 312
+ 1 306
+ 1 36
+ 1 391
+ 1 102
+ 1 141
+ 1 123
+ 1 53
+ 1 29
+ 1 237
+ 1 247
+ 1 147
+ 1 110
+ 1 162
+ 1 222
+ 1 353
+ 1 378
+ 1 269
+ 1 289
+ 1 129
+ 1 272
+ 1 251
+ 1 238
+ 1 187
+ 1 358
+ 1 118
+ 1 366
+ 1 217
+ 1 94
+ 1 137
+ 1 70
+ 1 220
+ 1 165
+ 1 232
+ 1 317
+ 1 266
+ 1 290
+ 1 282
+ 1 395
+ 1 305
+ 1 202
+ 1 205
+ 1 62
+ 1 81
+ 1 235
+ 1 383
+ 1 8
+ 1 284
+ 1 178
+ 1 76
+ 1 299
+ 1 302
+ 1 321
+ 1 189
+ 1 57
+ 1 374
- 2 226
- 2 255
- 2 352
- 2 178
- 3 365
- 3 68
- 3 285
- 3 115
- 4 297
- 4 77
- 4 263
- 4 231
- 5 101
- 5 330
- 5 286
- 5 262
- 6 131
- 6 12
- 6 188
- 6 99
- 7 176
- 7 168
- 7 28
- 7 268
- 8 343
- 8 383
- 8 95
- 8 170
- 9 246
- 9 51
- 9 302
- 9 299
- 10 359
- 10 220
- 10 104
- 10 157
- 11 41
- 11 24
- 11 79
- 11 345
- 12 209
- 12 188
- 12 19
- 13 52
- 13 253
- 13 65
- 13 355
- 14 228
- 14 171
- 14 332
- 14 45
- 15 277
- 15 337
- 15 47
- 15 66
- 16 394
- 16 198
- 16 185
- 16 309
- 17 37
- 17 145
- 17 181
- 17 244
- 18 195
- 18 234
- 18 133
- 18 284
- 19 209
- 19 61
- 19 60
- 20 97
- 20 328
- 20 248
- 20 380
- 21 47
- 21 337
- 21 45
- 21 228
- 22 74
- 22 325
- 22 264
- 22 197
- 23 253
- 23 291
- 23 65
- 23 184
- 24 41
- 24 321
- 24 89
- 25 341
- 25 349
- 25 254
- 25 205
- 26 58
- 26 186
- 26 34
- 26 190
- 27 370
- 27 400
- 27 292
- 27 390
- 28 268
- 28 354
- 28 257
- 29 53
- 29 237
- 29 187
- 29 147
- 30 273
- 30 67
- 30 116
- 30 59
- 31 109
- 31 315
- 31 259
- 31 124
- 32 197
- 32 278
- 32 132
- 32 264
- 33 100
- 33 142
- 33 63
- 33 164
- 34 181
- 34 145
- 34 58
- 35 372
- 35 250
- 35 316
- 35 389
- 36 391
- 36 306
- 36 366
- 36 102
- 37 244
- 37 278
- 37 103
- 38 260
- 38 339
- 38 112
- 38 167
- 39 293
- 39 98
- 39 398
- 39 212
- 40 236
- 40 119
- 40 367
- 40 151
- 41 79
- 41 89
- 42 214
- 42 344
- 42 310
- 42 239
- 43 194
- 43 303
- 44 161
- 44 200
- 44 67
- 44 51
- 45 332
- 45 228
- 46 106
- 46 196
- 46 153
- 46 107
- 47 337
- 47 228
- 48 308
- 48 240
- 48 179
- 48 235
- 49 323
- 49 338
- 49 169
- 49 84
- 50 265
- 50 151
- 50 367
- 50 173
- 51 200
- 51 299
- 52 239
- 52 156
- 52 355
- 53 123
- 53 358
- 53 187
- 54 300
- 54 334
- 54 369
- 54 388
- 55 192
- 55 301
- 55 85
- 55 221
- 56 319
- 56 261
- 56 105
- 56 93
- 57 298
- 57 213
- 57 159
- 57 189
- 58 181
- 58 186
- 59 116
- 59 67
- 59 161
- 60 209
- 60 191
- 60 61
- 61 191
- 61 218
- 62 81
- 62 349
- 62 208
- 62 205
- 63 142
- 63 100
- 63 175
- 64 204
- 64 248
- 64 328
- 64 158
- 65 291
- 65 253
- 66 83
- 66 347
- 66 277
- 67 161
- 68 271
- 68 365
- 68 285
- 69 361
- 69 240
- 69 235
- 69 71
- 70 220
- 70 137
- 70 385
- 70 359
- 71 361
- 71 140
- 71 117
- 72 149
- 72 249
- 72 120
- 72 340
- 73 215
- 73 381
- 73 288
- 73 174
- 74 325
- 74 211
- 74 197
- 75 223
- 75 225
- 75 86
- 75 382
- 76 178
- 76 226
- 76 373
- 76 172
- 77 297
- 77 396
- 77 231
- 78 365
- 78 313
- 78 295
- 78 271
- 79 281
- 79 345
- 80 326
- 80 333
- 80 224
- 80 143
- 81 311
- 81 331
- 81 208
- 82 246
- 82 314
- 82 302
- 82 281
- 83 347
- 83 320
- 84 323
- 84 280
- 84 327
- 85 233
- 85 322
- 85 192
- 86 138
- 86 357
- 86 382
- 87 318
- 87 152
- 87 371
- 87 290
- 88 167
- 88 274
- 88 96
- 88 127
- 89 139
- 89 321
- 90 335
- 90 376
- 90 230
- 90 397
- 91 175
- 91 329
- 91 142
- 91 304
- 92 399
- 92 136
- 92 202
- 92 335
- 93 166
- 93 105
- 93 135
- 94 312
- 94 130
- 94 217
- 94 207
- 95 122
- 95 343
- 95 383
- 96 127
- 96 184
- 96 274
- 97 380
- 97 155
- 97 243
- 98 293
- 98 375
- 98 245
- 99 131
- 99 212
- 99 398
- 100 121
- 100 164
- 101 275
- 101 262
- 101 393
- 102 141
- 102 391
- 102 366
- 103 132
- 103 244
- 103 278
- 104 157
- 104 256
- 104 111
- 105 135
- 105 261
- 106 196
- 106 107
- 106 154
- 107 351
- 107 154
- 108 265
- 108 229
- 108 115
- 108 285
- 109 124
- 109 368
- 109 296
- 110 147
- 110 162
- 110 247
- 110 238
- 111 206
- 111 256
- 111 258
- 112 260
- 112 339
- 112 180
- 113 263
- 113 362
- 113 231
- 113 125
- 114 379
- 114 128
- 114 329
- 114 252
- 115 285
- 115 229
- 116 301
- 116 273
- 117 122
- 117 140
- 117 361
- 118 141
- 118 123
- 118 391
- 118 358
- 119 367
- 119 236
- 119 282
- 120 148
- 120 249
- 120 324
- 121 241
- 121 164
- 121 182
- 122 383
- 122 140
- 123 358
- 123 141
- 124 315
- 124 296
- 125 318
- 125 362
- 125 290
- 126 327
- 126 280
- 126 257
- 126 354
- 127 167
- 127 260
- 128 252
- 128 250
- 128 379
- 129 272
- 129 289
- 130 312
- 130 207
- 130 137
- 131 188
- 131 212
- 132 264
- 132 278
- 133 170
- 133 284
- 133 343
- 134 179
- 134 311
- 134 331
- 134 308
- 135 276
- 135 166
- 136 376
- 136 335
- 136 202
- 137 385
- 137 207
- 138 295
- 138 382
- 138 357
- 139 321
- 139 213
- 139 189
- 140 383
- 141 391
- 142 175
- 143 333
- 143 172
- 143 326
- 144 270
- 144 387
- 144 317
- 144 232
- 145 244
- 145 181
- 146 292
- 146 159
- 146 374
- 146 287
- 147 247
- 147 237
- 148 386
- 148 324
- 148 387
- 149 377
- 149 340
- 149 266
- 150 219
- 150 330
- 150 392
- 150 286
- 151 367
- 151 173
- 152 279
- 152 363
- 152 371
- 153 242
- 153 342
- 153 196
- 154 351
- 154 234
- 155 243
- 155 218
- 155 191
- 156 355
- 156 344
- 156 239
- 157 220
- 157 256
- 158 241
- 158 204
- 158 182
- 159 298
- 159 374
- 160 174
- 160 392
- 160 288
- 160 219
- 161 200
- 162 222
- 162 238
- 162 353
- 163 233
- 163 322
- 163 224
- 163 333
- 164 182
- 165 232
- 165 206
- 165 270
- 165 177
- 166 259
- 166 276
- 167 260
- 168 394
- 168 309
- 168 176
- 169 210
- 169 346
- 169 338
- 170 343
- 170 284
- 171 332
- 171 261
- 171 319
- 172 373
- 172 326
- 173 229
- 173 265
- 174 288
- 174 392
- 175 304
- 176 309
- 176 268
- 177 206
- 177 270
- 177 258
- 178 226
- 178 255
- 179 331
- 179 308
- 180 339
- 180 199
- 180 194
- 182 241
- 183 396
- 183 360
- 183 282
- 183 227
- 184 291
- 184 274
- 185 294
- 185 394
- 185 198
- 186 307
- 186 190
- 187 358
- 187 237
- 188 209
- 189 213
- 189 321
- 190 356
- 190 307
- 191 218
- 192 233
- 192 221
- 193 334
- 193 375
- 193 245
- 193 300
- 194 303
- 194 199
- 195 234
- 195 284
- 195 351
- 196 342
- 197 264
- 198 370
- 198 294
- 199 303
- 199 339
- 200 299
- 201 216
- 201 346
- 201 210
- 202 305
- 202 399
- 203 350
- 203 336
- 203 215
- 203 381
- 204 241
- 204 328
- 205 341
- 205 349
- 206 258
- 207 385
- 208 349
- 208 311
- 210 346
- 210 338
- 211 325
- 211 310
- 211 283
- 212 398
- 213 298
- 214 344
- 214 310
- 214 283
- 215 350
- 215 381
- 216 320
- 216 346
- 217 366
- 217 306
- 217 312
- 218 243
- 219 330
- 219 392
- 220 359
- 221 273
- 221 301
- 222 353
- 222 378
- 222 251
- 223 382
- 223 395
- 223 225
- 224 322
- 224 333
- 225 348
- 225 395
- 226 373
- 227 396
- 227 297
- 227 360
- 229 265
- 230 254
- 230 397
- 230 376
- 231 263
- 232 317
- 232 270
- 233 322
- 234 351
- 235 240
- 235 308
- 236 360
- 236 282
- 237 247
- 238 247
- 238 353
- 239 344
- 240 361
- 242 342
- 242 384
- 242 267
- 243 380
- 245 375
- 245 334
- 246 299
- 246 302
- 248 380
- 248 328
- 249 340
- 249 324
- 250 252
- 250 372
- 251 269
- 251 272
- 251 378
- 252 372
- 253 355
- 254 341
- 254 397
- 255 352
- 255 267
- 256 258
- 257 280
- 257 354
- 259 315
- 259 276
- 261 319
- 262 286
- 262 393
- 263 362
- 266 377
- 266 364
- 266 340
- 267 384
- 267 352
- 268 354
- 269 289
- 269 378
- 269 272
- 271 313
- 271 365
- 272 289
- 273 301
- 274 291
- 275 393
- 275 377
- 275 364
- 276 315
- 277 347
- 277 337
- 279 336
- 279 350
- 279 363
- 280 327
- 281 345
- 281 314
- 282 360
- 283 310
- 283 325
- 286 330
- 287 292
- 287 390
- 287 374
- 288 381
- 290 362
- 290 318
- 292 390
- 293 375
- 293 398
- 294 400
- 294 370
- 295 313
- 295 357
- 296 388
- 296 368
- 297 396
- 298 374
- 300 334
- 300 369
- 302 314
- 304 329
- 304 379
- 305 395
- 305 348
- 305 399
- 306 312
- 306 366
- 307 389
- 307 356
- 309 394
- 311 331
- 313 357
- 314 345
- 316 356
- 316 372
- 316 389
- 317 387
- 317 386
- 318 371
- 319 332
- 320 347
- 323 327
- 323 338
- 324 386
- 326 373
- 329 379
- 335 376
- 336 363
- 336 350
- 341 397
- 342 384
- 348 395
- 348 399
- 352 384
- 353 378
- 356 389
- 359 385
- 363 371
- 364 377
- 364 393
- 368 388
- 368 369
- 369 388
- 370 400
- 386 387
- 390 400
+ 394 400
+ 386 398
+ 378 387
+ 375 385
+ 374 382
+ 371 379
+ 368 381
+ 367 396
+ 366 371
+ 363 389
+ 358 389
+ 357 399
+ 356 390
+ 354 361
+ 354 363
+ 353 361
+ 350 381
+ 348 373
+ 341 367
+ 341 396
+ 339 393
+ 335 355
+ 335 396
+ 334 355
+ 333 336
+ 333 391
+ 332 386
+ 332 398
+ 330 375
+ 329 385
+ 328 364
+ 325 328
+ 324 365
+ 322 373
+ 322 348
+ 321 342
+ 320 395
+ 319 344
+ 318 390
+ 316 337
+ 315 367
+ 314 370
+ 312 377
+ 308 326
+ 307 384
+ 306 387
+ 305 349
+ 304 314
+ 302 359
+ 301 349
+ 298 346
+ 297 345
+ 295 310
+ 294 380
+ 293 318
+ 291 397
+ 290 368
+ 290 350
+ 290 381
+ 288 352
+ 288 319
+ 287 369
+ 285 309
+ 284 305
+ 284 349
+ 283 356
+ 282 325
+ 280 383
+ 279 304
+ 279 280
+ 278 310
+ 277 322
+ 274 299
+ 274 305
+ 273 353
+ 273 362
+ 271 372
+ 271 379
+ 270 272
+ 269 296
+ 268 324
+ 267 323
+ 266 371
+ 266 366
+ 265 370
+ 264 292
+ 263 376
+ 262 323
+ 262 267
+ 260 270
+ 260 365
+ 260 272
+ 259 358
+ 259 262
+ 258 275
+ 257 388
+ 256 343
+ 254 397
+ 252 388
+ 252 257
+ 252 340
+ 251 338
+ 250 331
+ 250 340
+ 249 347
+ 248 308
+ 246 343
+ 246 320
+ 244 353
+ 244 361
+ 244 354
+ 243 325
+ 243 278
+ 243 282
+ 242 376
+ 240 339
+ 240 303
+ 239 368
+ 239 303
+ 238 254
+ 238 242
+ 237 281
+ 236 373
+ 236 348
+ 235 291
+ 235 399
+ 235 357
+ 234 351
+ 234 372
+ 233 374
+ 233 382
+ 233 263
+ 231 375
+ 231 385
+ 231 329
+ 230 341
+ 230 396
+ 230 335
+ 229 309
+ 229 285
+ 228 245
+ 227 269
+ 227 296
+ 226 380
+ 226 294
+ 226 323
+ 224 248
+ 224 281
+ 224 237
+ 223 286
+ 223 344
+ 222 334
+ 222 355
+ 221 397
+ 221 291
+ 219 229
+ 219 309
+ 218 341
+ 218 315
+ 218 367
+ 217 258
+ 217 275
+ 216 295
+ 216 278
+ 216 310
+ 215 288
+ 215 223
+ 215 319
+ 215 344
+ 214 377
+ 214 312
+ 213 272
+ 213 286
+ 212 326
+ 211 212
+ 211 326
+ 210 298
+ 210 346
+ 209 310
+ 209 243
+ 209 278
+ 209 282
+ 208 382
+ 208 263
+ 208 233
+ 208 376
+ 207 344
+ 207 286
+ 207 223
+ 206 391
+ 206 275
+ 205 392
+ 204 283
+ 202 393
+ 201 303
+ 201 240
+ 201 393
+ 201 339
+ 200 247
+ 199 234
+ 199 351
+ 198 389
+ 198 363
+ 198 354
+ 198 361
+ 197 212
+ 197 241
+ 196 287
+ 196 369
+ 195 343
+ 195 312
+ 195 256
+ 194 380
+ 194 311
+ 193 247
+ 192 362
+ 191 400
+ 190 307
+ 190 384
+ 189 326
+ 189 308
+ 189 211
+ 188 200
+ 188 297
+ 187 241
+ 187 197
+ 186 334
+ 186 222
+ 185 336
+ 185 300
+ 184 240
+ 184 303
+ 184 239
+ 183 317
+ 182 392
+ 182 205
+ 182 265
+ 181 331
+ 181 357
+ 181 399
+ 180 186
+ 180 222
+ 180 261
+ 179 287
+ 179 295
+ 179 196
+ 178 299
+ 178 274
+ 177 270
+ 177 260
+ 177 365
+ 176 352
+ 176 288
+ 176 319
+ 175 315
+ 175 352
+ 174 317
+ 173 360
+ 172 347
+ 172 249
+ 171 225
+ 170 283
+ 170 204
+ 169 202
+ 169 268
+ 168 225
+ 168 171
+ 167 386
+ 167 332
+ 166 347
+ 166 219
+ 166 229
+ 165 327
+ 165 311
+ 164 227
+ 164 269
+ 163 228
+ 162 284
+ 162 301
+ 162 349
+ 161 162
+ 161 301
+ 160 314
+ 160 304
+ 160 279
+ 159 191
+ 159 245
+ 158 193
+ 158 338
+ 157 289
+ 157 228
+ 157 163
+ 156 191
+ 156 400
+ 156 159
+ 155 203
+ 155 313
+ 154 330
+ 153 345
+ 153 188
+ 153 200
+ 153 297
+ 152 267
+ 152 358
+ 152 262
+ 152 259
+ 151 391
+ 151 275
+ 151 258
+ 151 206
+ 150 207
+ 150 213
+ 150 286
+ 149 276
+ 149 300
+ 148 261
+ 148 203
+ 147 238
+ 147 221
+ 147 397
+ 147 254
+ 146 216
+ 146 295
+ 146 179
+ 146 287
+ 145 316
+ 145 346
+ 144 192
+ 143 168
+ 143 225
+ 142 332
+ 142 167
+ 141 217
+ 141 374
+ 140 328
+ 140 364
+ 140 164
+ 139 241
+ 139 232
+ 138 292
+ 138 307
+ 137 140
+ 137 164
+ 137 269
+ 137 364
+ 136 148
+ 136 261
+ 136 203
+ 135 173
+ 135 183
+ 135 360
+ 134 264
+ 134 292
+ 134 277
+ 133 329
+ 133 225
+ 133 171
+ 132 142
+ 132 232
+ 132 139
+ 131 247
+ 131 200
+ 131 188
+ 130 182
+ 130 370
+ 130 205
+ 130 265
+ 129 342
+ 129 253
+ 128 315
+ 128 218
+ 128 175
+ 127 251
+ 127 327
+ 127 338
+ 126 311
+ 126 380
+ 126 194
+ 126 294
+ 125 248
+ 125 308
+ 125 189
+ 124 378
+ 124 255
+ 123 387
+ 123 124
+ 123 378
+ 123 255
+ 122 276
+ 122 383
+ 121 298
+ 121 145
+ 121 346
+ 121 316
+ 120 372
+ 120 234
+ 120 271
+ 120 351
+ 119 249
+ 118 388
+ 118 252
+ 118 340
+ 117 311
+ 117 327
+ 117 194
+ 117 165
+ 116 350
+ 116 298
+ 116 210
+ 115 304
+ 115 265
+ 115 370
+ 115 314
+ 114 321
+ 114 342
+ 113 301
+ 113 161
+ 113 154
+ 112 313
+ 112 394
+ 111 277
+ 111 264
+ 111 134
+ 110 197
+ 110 211
+ 110 187
+ 110 212
+ 108 334
+ 108 335
+ 108 230
+ 108 355
+ 107 391
+ 107 333
+ 107 206
+ 106 250
+ 106 118
+ 106 340
+ 106 331
+ 105 258
+ 105 141
+ 105 217
+ 104 285
+ 104 306
+ 103 136
+ 103 313
+ 103 203
+ 103 155
+ 102 219
+ 102 172
+ 102 347
+ 102 166
+ 101 338
+ 101 251
+ 101 158
+ 100 400
+ 100 112
+ 100 394
+ 100 191
+ 99 390
+ 99 204
+ 99 356
+ 99 283
+ 98 268
+ 98 202
+ 98 169
+ 97 302
+ 97 384
+ 96 337
+ 96 199
+ 95 382
+ 95 374
+ 95 141
+ 95 105
+ 94 376
+ 94 263
+ 94 242
+ 93 363
+ 93 358
+ 93 259
+ 93 389
+ 92 109
+ 91 190
+ 91 307
+ 91 138
+ 90 392
+ 90 205
+ 89 154
+ 89 113
+ 89 330
+ 89 161
+ 88 97
+ 88 190
+ 88 384
+ 87 122
+ 87 383
+ 87 276
+ 87 280
+ 86 253
+ 86 129
+ 86 109
+ 85 232
+ 85 241
+ 85 187
+ 85 139
+ 84 324
+ 84 98
+ 84 268
+ 83 395
+ 82 114
+ 82 388
+ 82 257
+ 81 330
+ 81 375
+ 81 385
+ 81 154
+ 80 163
+ 80 289
+ 80 157
+ 79 366
+ 79 266
+ 78 317
+ 78 183
+ 78 174
+ 77 277
+ 77 348
+ 77 111
+ 77 322
+ 76 235
+ 76 221
+ 76 399
+ 76 291
+ 75 183
+ 75 135
+ 75 78
+ 75 173
+ 74 271
+ 74 379
+ 74 372
+ 73 193
+ 73 101
+ 73 158
+ 72 83
+ 72 395
+ 71 294
+ 71 323
+ 71 267
+ 71 226
+ 70 282
+ 70 364
+ 70 328
+ 70 325
+ 69 247
+ 69 193
+ 69 131
+ 69 73
+ 68 90
+ 68 144
+ 68 392
+ 67 114
+ 67 82
+ 67 257
+ 67 321
+ 66 220
+ 66 345
+ 65 163
+ 65 245
+ 65 228
+ 64 119
+ 64 72
+ 63 327
+ 63 127
+ 63 251
+ 63 165
+ 62 387
+ 62 378
+ 62 306
+ 61 72
+ 61 83
+ 61 119
+ 61 64
+ 60 138
+ 60 292
+ 60 91
+ 60 264
+ 59 273
+ 59 362
+ 59 192
+ 59 144
+ 58 232
+ 58 167
+ 58 132
+ 58 142
+ 57 242
+ 57 254
+ 57 238
+ 57 94
+ 56 175
+ 56 176
+ 56 128
+ 56 352
+ 55 196
+ 55 214
+ 55 369
+ 54 245
+ 54 156
+ 54 65
+ 54 159
+ 53 199
+ 53 96
+ 53 337
+ 53 351
+ 52 88
+ 52 302
+ 52 97
+ 52 359
+ 51 255
+ 51 124
+ 50 170
+ 50 204
+ 49 224
+ 49 281
+ 49 248
+ 49 125
+ 48 149
+ 48 300
+ 47 239
+ 47 381
+ 47 184
+ 47 368
+ 46 181
+ 46 357
+ 46 331
+ 46 250
+ 45 109
+ 45 253
+ 45 92
+ 45 86
+ 44 306
+ 44 62
+ 44 104
+ 43 317
+ 43 50
+ 43 174
+ 42 379
+ 42 371
+ 42 74
+ 42 266
+ 41 220
+ 41 360
+ 41 66
+ 40 116
+ 40 350
+ 40 290
+ 40 210
+ 39 398
+ 39 386
+ 38 227
+ 38 296
+ 37 214
+ 37 55
+ 37 377
+ 37 369
+ 36 38
+ 36 281
+ 36 237
+ 35 36
+ 35 38
+ 35 237
+ 35 296
+ 34 360
+ 34 173
+ 34 41
+ 34 220
+ 33 393
+ 33 202
+ 33 169
+ 33 339
+ 32 51
+ 32 255
+ 32 236
+ 31 84
+ 31 365
+ 31 177
+ 31 324
+ 30 172
+ 30 119
+ 30 64
+ 30 249
+ 29 366
+ 29 79
+ 28 231
+ 28 133
+ 28 171
+ 28 329
+ 27 80
+ 27 289
+ 27 92
+ 26 244
+ 26 273
+ 26 362
+ 26 353
+ 25 359
+ 25 178
+ 25 302
+ 24 236
+ 24 51
+ 24 373
+ 24 32
+ 23 149
+ 23 276
+ 23 48
+ 23 122
+ 22 150
+ 22 270
+ 22 272
+ 22 213
+ 21 318
+ 21 390
+ 21 356
+ 20 309
+ 20 285
+ 20 104
+ 20 44
+ 19 170
+ 19 174
+ 19 43
+ 19 50
+ 18 274
+ 18 284
+ 18 305
+ 18 299
+ 17 160
+ 17 280
+ 17 279
+ 17 383
+ 16 29
+ 16 39
+ 16 79
+ 15 318
+ 15 293
+ 15 21
+ 14 155
+ 14 112
+ 14 394
+ 14 313
+ 13 16
+ 13 29
+ 13 39
+ 13 398
+ 12 92
+ 12 27
+ 12 109
+ 12 289
+ 11 256
+ 11 343
+ 11 320
+ 11 246
+ 10 145
+ 10 316
+ 10 96
+ 10 337
+ 9 256
+ 9 377
+ 9 195
+ 9 312
+ 8 25
+ 8 359
+ 8 299
+ 8 178
+ 7 333
+ 7 185
+ 7 336
+ 7 107
+ 6 253
+ 6 321
+ 6 129
+ 6 342
+ 5 68
+ 5 192
+ 5 144
+ 5 90
+ 4 220
+ 4 297
+ 4 66
+ 4 345
+ 3 185
+ 3 336
+ 3 300
+ 3 48
+ 2 261
+ 2 148
+ 2 186
+ 2 180
- 1 119
- 1 387
- 1 77
- 1 190
- 1 97
- 1 302
- 1 25
- 1 113
- 1 375
- 1 143
- 1 168
- 1 225
- 1 133
- 1 171
- 1 28
- 1 329
- 1 231
- 1 385
- 1 81
- 1 154
- 1 330
- 1 89
- 1 161
- 1 301
- 1 162
- 1 349
- 1 284
- 1 299
- 1 18
- 1 305
- 1 274
- 1 178
- 1 8
- 1 359
- 1 52
- 1 88
- 1 384
- 1 307
- 1 138
- 1 91
- 1 60
- 1 292
- 1 264
- 1 111
- 1 134
- 1 277
- 1 322
- 1 373
- 1 348
- 1 236
- 1 32
- 1 24
- 1 51
- 1 124
- 1 255
- 1 123
- 1 378
- 1 62
- 1 306
- 1 104
- 1 44
- 1 20
- 1 219
- 1 309
- 1 285
- 1 229
- 1 166
- 1 102
- 1 347
- 1 172
- 1 249
- 1 30
- 1 72
- 1 64
- 1 61
- 1 243
- 1 35
- 1 248
- 1 308
- 1 16
- 1 366
- 1 371
- 1 379
- 1 271
- 1 53
- 1 240
- 1 150
- 1 207
- 1 288
- 1 315
- 1 400
- 1 156
- 1 54
- 1 65
- 1 80
- 1 12
- 1 114
- 1 252
- 1 235
- 1 221
- 1 141
- 1 333
- 1 276
- 1 87
- 1 280
- 1 90
- 1 5
- 1 358
- 1 380
- 1 311
- 1 327
- 1 127
- 1 338
- 1 317
- 1 19
- 1 170
- 1 390
- 1 318
- 1 293
- 1 15
- 1 21
- 1 356
- 1 99
- 1 283
- 1 204
- 1 50
- 1 43
- 1 174
- 1 75
- 1 78
- 1 183
- 1 135
- 1 360
- 1 173
- 1 220
- 1 34
- 1 41
- 1 66
- 1 4
- 1 345
- 1 193
- 1 247
- 1 200
- 1 153
- 1 297
- 1 188
- 1 131
- 1 69
- 1 73
- 1 158
- 1 101
- 1 251
- 1 63
- 1 165
- 1 117
- 1 194
- 1 126
- 1 294
- 1 323
- 1 226
- 1 71
- 1 267
- 1 262
- 1 152
- 1 259
- 1 93
- 1 389
- 1 363
- 1 361
- 1 198
- 1 354
- 1 244
- 1 26
- 1 353
- 1 273
- 1 362
- 1 192
- 1 59
- 1 144
- 1 68
- 1 392
- 1 182
- 1 205
- 1 130
- 1 265
- 1 115
- 1 370
- 1 314
- 1 304
- 1 160
- 1 279
- 1 17
- 1 383
- 1 122
- 1 23
- 1 149
- 1 3
- 1 48
- 1 300
- 1 185
- 1 336
- 1 7
- 1 107
- 1 391
- 1 258
- 1 151
- 1 206
- 1 275
- 1 217
- 1 105
- 1 95
- 1 374
- 1 382
- 1 263
- 1 233
- 1 208
- 1 376
- 1 238
- 1 242
- 1 94
- 1 57
- 1 254
- 1 147
- 1 397
- 1 291
- 1 76
- 1 181
- 1 399
- 1 357
- 1 250
- 1 46
- 1 331
- 1 106
- 1 340
- 1 118
- 1 388
- 1 82
- 1 257
- 1 67
- 1 321
- 1 342
- 1 6
- 1 129
- 1 253
- 1 45
- 1 86
- 1 109
- 1 92
- 1 27
- 1 289
- 1 157
- 1 163
- 1 228
- 1 245
- 1 159
- 1 191
- 1 100
- 1 112
- 1 394
- 1 14
- 1 313
- 1 155
- 1 103
- 1 2
- 1 148
- 1 203
- 1 136
- 1 261
- 1 180
- 1 222
- 1 186
- 1 334
- 1 108
- 1 355
- 1 335
- 1 230
- 1 396
- 1 341
- 1 367
- 1 218
- 1 128
- 1 175
- 1 352
- 1 56
- 1 176
- 1 319
- 1 215
- 1 344
- 1 223
- 1 286
- 1 213
- 1 22
- 1 270
- 1 272
- 1 260
- 1 365
- 1 177
- 1 31
- 1 324
- 1 393
- 1 202
- 1 98
- 1 84
- 1 268
- 1 169
- 1 33
- 1 339
- 1 201
- 1 303
- 1 239
- 1 184
- 1 47
- 1 368
- 1 350
- 1 381
- 1 290
- 1 40
- 1 210
- 1 116
- 1 298
- 1 145
- 1 346
- 1 121
- 1 316
- 1 337
- 1 10
- 1 96
- 1 199
- 1 351
- 1 120
- 1 234
- 1 372
- 1 74
- 1 42
- 1 266
- 1 79
- 1 29
- 1 13
- 1 39
- 1 386
- 1 398
- 1 332
- 1 167
- 1 142
- 1 58
- 1 132
- 1 232
- 1 139
- 1 85
- 1 241
- 1 197
- 1 187
- 1 110
- 1 212
- 1 326
- 1 211
- 1 189
- 1 125
- 1 49
- 1 281
- 1 224
- 1 237
- 1 36
- 1 38
- 1 296
- 1 227
- 1 140
- 1 164
- 1 269
- 1 137
- 1 364
- 1 70
- 1 328
- 1 325
- 1 282
- 1 209
- 1 216
- 1 278
- 1 310
- 1 295
- 1 287
- 1 146
- 1 179
- 1 196
- 1 214
- 1 55
- 1 369
- 1 37
- 1 377
- 1 312
- 1 9
- 1 195
- 1 256
- 1 343
- 11 1
