1573
+ 1 3
+ 1 4
+ 1 5
+ 1 6
+ 1 7
+ 1 8
+ 1 9
+ 1 10
+ 1 365
+ 1 340
+ 1 13
+ 1 90
+ 1 147
+ 1 122
+ 1 248
+ 1 387
+ 1 309
+ 1 284
+ 1 37
+ 1 264
+ 1 298
+ 1 379
+ 1 108
+ 1 292
+ 1 247
+ 1 209
+ 1 31
+ 1 95
+ 1 127
+ 1 161
+ 1 333
+ 1 265
+ 1 47
+ 1 220
+ 1 171
+ 1 290
+ 1 258
+ 1 206
+ 1 294
+ 1 241
+ 1 249
+ 1 24
+ 1 163
+ 1 272
+ 1 158
+ 1 329
+ 1 238
+ 1 236
+ 1 275
+ 1 321
+ 1 136
+ 1 146
+ 1 51
+ 1 260
+ 1 367
+ 1 221
+ 1 369
+ 1 366
+ 1 49
+ 1 312
+ 1 23
+ 1 20
+ 1 101
+ 1 63
+ 1 240
+ 1 142
+ 1 180
+ 1 36
+ 1 324
+ 1 109
+ 1 338
+ 1 68
+ 1 94
+ 1 126
+ 1 307
+ 1 154
+ 1 21
+ 1 196
+ 1 207
+ 1 174
+ 1 257
+ 1 364
+ 1 116
+ 1 42
+ 1 319
+ 1 54
+ 1 332
+ 1 271
+ 1 390
+ 1 263
+ 1 355
+ 1 191
+ 1 322
+ 1 237
+ 1 193
+ 1 38
+ 1 359
+ 1 361
+ 1 148
+ 1 276
+ 1 168
+ 1 239
+ 1 339
+ 1 378
+ 1 336
+ 1 104
+ 1 297
+ 1 11
+ 1 57
+ 1 295
+ 1 285
+ 1 99
+ 1 187
+ 1 88
+ 1 243
+ 1 129
+ 1 216
+ 1 251
+ 1 315
+ 1 347
+ 1 320
+ 1 227
+ 1 262
+ 1 102
+ 1 351
+ 1 17
+ 1 349
+ 1 376
+ 1 222
+ 1 70
+ 1 385
+ 1 261
+ 1 138
+ 1 282
+ 1 167
+ 1 15
+ 1 368
+ 1 246
+ 1 210
+ 1 230
+ 1 140
+ 1 205
+ 1 157
+ 1 346
+ 1 40
+ 1 386
+ 1 164
+ 1 32
+ 1 86
+ 1 299
+ 1 80
+ 1 84
+ 1 277
+ 1 201
+ 1 348
+ 1 245
+ 1 83
+ 1 85
+ 1 113
+ 1 152
+ 1 121
+ 1 266
+ 1 30
+ 1 155
+ 1 139
+ 1 125
+ 1 377
+ 1 170
+ 1 107
+ 1 69
+ 1 166
+ 1 289
+ 1 308
+ 1 313
+ 1 300
+ 1 213
+ 1 66
+ 1 172
+ 1 194
+ 1 72
+ 1 343
+ 1 318
+ 1 330
+ 1 363
+ 1 274
+ 1 64
+ 1 217
+ 1 208
+ 1 328
+ 1 131
+ 1 381
+ 1 18
+ 1 223
+ 1 111
+ 1 92
+ 1 124
+ 1 306
+ 1 357
+ 1 214
+ 1 103
+ 1 117
+ 1 105
+ 1 106
+ 1 65
+ 1 231
+ 1 184
+ 1 314
+ 1 370
+ 1 52
+ 1 173
+ 1 291
+ 1 182
+ 1 186
+ 1 203
+ 1 326
+ 1 337
+ 1 55
+ 1 162
+ 1 45
+ 1 175
+ 1 98
+ 1 235
+ 1 53
+ 1 41
+ 1 149
+ 1 132
+ 1 134
+ 1 181
+ 1 350
+ 1 279
+ 1 199
+ 1 354
+ 1 360
+ 1 316
+ 1 190
+ 1 242
+ 1 177
+ 1 93
+ 1 253
+ 1 195
+ 1 301
+ 1 317
+ 1 303
+ 1 39
+ 1 22
+ 1 145
+ 1 141
+ 1 27
+ 1 188
+ 1 382
+ 1 120
+ 1 288
+ 1 89
+ 1 59
+ 1 71
+ 1 73
+ 1 198
+ 1 211
+ 1 310
+ 1 252
+ 1 304
+ 1 250
+ 1 218
+ 1 97
+ 1 123
+ 1 76
+ 1 82
+ 1 29
+ 1 372
+ 1 34
+ 1 25
+ 1 255
+ 1 331
+ 1 115
+ 1 352
+ 1 151
+ 1 81
+ 1 270
+ 1 362
+ 1 144
+ 1 143
+ 1 334
+ 1 226
+ 1 91
+ 1 87
+ 1 293
+ 1 383
+ 1 183
+ 1 269
+ 1 14
+ 1 118
+ 1 215
+ 1 58
+ 1 204
+ 1 61
+ 1 178
+ 1 353
+ 1 19
+ 1 287
+ 1 114
+ 1 384
+ 1 244
+ 1 156
+ 1 35
+ 1 342
+ 1 373
+ 1 75
+ 1 44
+ 1 128
+ 1 212
+ 1 305
+ 1 254
+ 1 159
+ 1 48
+ 1 46
+ 1 380
+ 1 278
+ 1 192
+ 1 232
+ 1 268
+ 1 325
+ 1 228
+ 1 96
+ 1 375
+ 1 43
+ 1 225
+ 1 281
+ 1 62
+ 1 345
+ 1 137
+ 1 229
+ 1 176
+ 1 110
+ 1 150
+ 1 273
+ 1 302
+ 1 112
+ 1 79
+ 1 335
+ 1 341
+ 1 26
+ 1 283
+ 1 50
+ 1 358
+ 1 256
+ 1 224
+ 1 344
+ 1 233
+ 1 388
+ 1 28
+ 1 130
+ 1 356
+ 1 74
+ 1 202
+ 1 267
+ 1 296
+ 1 189
+ 1 259
+ 1 77
+ 1 100
+ 1 16
+ 1 160
+ 1 165
+ 1 327
+ 1 119
+ 1 78
+ 1 286
+ 1 133
+ 1 200
+ 1 12
+ 1 323
+ 1 280
+ 1 135
+ 1 197
+ 1 67
+ 1 234
+ 1 185
+ 1 153
+ 1 374
+ 1 56
+ 1 179
+ 1 371
+ 1 389
+ 1 33
+ 1 311
+ 1 169
+ 1 60
+ 1 219
+ 1 391
+ 1 392
+ 1 393
+ 1 394
+ 1 395
+ 1 396
+ 1 397
+ 1 398
+ 1 399
+ 1 400
- 2 3
- 3 4
- 4 5
- 5 6
- 6 7
- 7 8
- 8 9
- 9 10
- 10 365
- 11 297
- 11 57
- 12 200
- 12 323
- 13 340
- 13 90
- 14 269
- 14 118
- 15 167
- 15 368
- 16 100
- 16 160
- 17 351
- 17 349
- 18 381
- 18 223
- 19 353
- 19 287
- 20 23
- 20 101
- 21 154
- 21 196
- 22 39
- 22 145
- 23 312
- 24 249
- 24 163
- 25 34
- 25 255
- 26 341
- 26 283
- 27 141
- 27 188
- 28 388
- 28 130
- 29 82
- 29 372
- 30 266
- 30 155
- 31 209
- 31 95
- 32 164
- 32 86
- 33 389
- 33 311
- 34 372
- 35 156
- 35 342
- 36 180
- 36 324
- 37 284
- 37 264
- 38 193
- 38 359
- 39 303
- 40 346
- 40 386
- 41 53
- 41 149
- 42 116
- 42 319
- 43 375
- 43 225
- 44 75
- 44 128
- 45 162
- 45 175
- 46 48
- 46 380
- 47 265
- 47 220
- 48 159
- 49 366
- 49 312
- 50 283
- 50 358
- 51 146
- 51 260
- 52 370
- 52 173
- 53 235
- 54 319
- 54 332
- 55 337
- 55 162
- 56 374
- 56 179
- 57 295
- 58 215
- 58 204
- 59 89
- 59 71
- 60 169
- 60 219
- 61 204
- 61 178
- 62 281
- 62 345
- 63 101
- 63 240
- 64 274
- 64 217
- 65 106
- 65 231
- 66 213
- 66 172
- 67 197
- 67 234
- 68 338
- 68 94
- 69 107
- 69 166
- 70 222
- 70 385
- 71 73
- 72 194
- 72 343
- 73 198
- 74 356
- 74 202
- 75 373
- 76 123
- 76 82
- 77 259
- 77 100
- 78 119
- 78 286
- 79 112
- 79 335
- 80 299
- 80 84
- 81 151
- 81 270
- 83 245
- 83 85
- 84 277
- 85 113
- 86 299
- 87 91
- 87 293
- 88 187
- 88 243
- 89 288
- 90 147
- 91 226
- 92 111
- 92 124
- 93 177
- 93 253
- 94 126
- 95 127
- 96 228
- 96 375
- 97 218
- 97 123
- 98 175
- 98 235
- 99 285
- 99 187
- 102 262
- 102 351
- 103 214
- 103 117
- 104 336
- 104 297
- 105 117
- 105 106
- 107 170
- 108 379
- 108 292
- 109 324
- 109 338
- 110 176
- 110 150
- 111 223
- 112 302
- 113 152
- 114 287
- 114 384
- 115 331
- 115 352
- 116 364
- 118 215
- 119 327
- 120 382
- 120 288
- 121 152
- 121 266
- 122 147
- 122 248
- 124 306
- 125 139
- 125 377
- 126 307
- 127 161
- 128 212
- 129 243
- 129 216
- 130 356
- 131 328
- 131 381
- 132 149
- 132 134
- 133 286
- 133 200
- 134 181
- 135 280
- 135 197
- 136 321
- 136 146
- 137 345
- 137 229
- 138 261
- 138 282
- 139 155
- 140 230
- 140 205
- 141 145
- 142 240
- 142 180
- 143 144
- 143 334
- 144 362
- 148 361
- 148 276
- 150 273
- 151 352
- 153 185
- 153 374
- 154 307
- 156 244
- 157 205
- 157 346
- 158 272
- 158 329
- 159 254
- 160 165
- 161 333
- 163 272
- 164 386
- 165 327
- 166 289
- 167 282
- 168 276
- 168 239
- 169 311
- 170 377
- 171 220
- 171 290
- 172 194
- 173 291
- 174 207
- 174 257
- 176 229
- 177 242
- 178 353
- 179 371
- 181 350
- 182 291
- 182 186
- 183 383
- 183 269
- 184 231
- 184 314
- 185 234
- 186 203
- 188 382
- 189 296
- 189 259
- 190 316
- 190 242
- 191 355
- 191 322
- 192 278
- 192 232
- 193 237
- 195 253
- 195 301
- 196 207
- 198 211
- 199 279
- 199 354
- 201 277
- 201 348
- 202 267
- 203 326
- 206 258
- 206 294
- 208 217
- 208 328
- 209 247
- 210 246
- 210 230
- 211 310
- 212 305
- 213 300
- 214 357
- 216 251
- 218 250
- 219 391
- 221 367
- 221 369
- 222 376
- 224 256
- 224 344
- 225 281
- 226 334
- 227 320
- 227 262
- 228 325
- 232 268
- 233 344
- 233 388
- 236 238
- 236 275
- 237 322
- 238 329
- 239 339
- 241 294
- 241 249
- 244 384
- 245 348
- 246 368
- 247 292
- 248 387
- 250 304
- 251 315
- 252 310
- 252 304
- 254 305
- 255 331
- 256 358
- 257 364
- 258 290
- 260 367
- 261 385
- 263 390
- 263 355
- 264 298
- 265 333
- 267 296
- 268 325
- 270 362
- 271 332
- 271 390
- 273 302
- 274 363
- 275 321
- 278 380
- 279 350
- 280 323
- 284 309
- 285 295
- 289 308
- 293 383
- 298 379
- 300 313
- 301 317
- 303 317
- 306 357
- 308 313
- 309 387
- 314 370
- 315 347
- 316 360
- 318 343
- 318 330
- 320 347
- 326 337
- 330 363
- 335 341
- 336 378
- 339 378
- 340 365
- 342 373
- 349 376
- 354 360
- 359 361
- 366 369
- 371 389
+ 377 383
+ 365 375
+ 361 371
+ 355 391
+ 340 390
+ 337 341
+ 335 376
+ 334 384
+ 330 385
+ 327 329
+ 325 356
+ 322 367
+ 319 336
+ 315 371
+ 315 349
+ 314 320
+ 312 339
+ 302 380
+ 301 363
+ 301 386
+ 296 366
+ 295 375
+ 293 297
+ 292 309
+ 288 379
+ 287 300
+ 286 368
+ 285 298
+ 280 324
+ 279 370
+ 278 313
+ 275 304
+ 274 321
+ 273 317
+ 272 308
+ 270 362
+ 270 351
+ 268 322
+ 265 281
+ 263 291
+ 260 318
+ 257 284
+ 256 346
+ 255 378
+ 254 282
+ 251 374
+ 250 359
+ 248 331
+ 247 325
+ 246 381
+ 246 334
+ 245 381
+ 244 273
+ 243 320
+ 238 294
+ 238 373
+ 237 252
+ 235 357
+ 234 369
+ 234 310
+ 233 267
+ 231 263
+ 231 377
+ 230 358
+ 225 269
+ 224 388
+ 223 310
+ 223 328
+ 221 346
+ 220 221
+ 220 338
+ 219 389
+ 219 368
+ 218 254
+ 217 372
+ 216 228
+ 216 265
+ 215 317
+ 215 369
+ 214 294
+ 213 271
+ 212 266
+ 211 229
+ 210 366
+ 210 232
+ 208 261
+ 207 312
+ 206 333
+ 205 258
+ 203 278
+ 203 251
+ 202 275
+ 201 213
+ 200 284
+ 199 350
+ 199 353
+ 197 230
+ 197 316
+ 196 373
+ 196 311
+ 195 338
+ 195 241
+ 194 222
+ 192 247
+ 189 319
+ 189 283
+ 188 198
+ 186 226
+ 185 351
+ 185 249
+ 184 187
+ 184 305
+ 182 289
+ 180 372
+ 178 285
+ 177 208
+ 177 302
+ 176 290
+ 176 262
+ 174 235
+ 171 308
+ 170 305
+ 169 178
+ 168 279
+ 167 306
+ 167 172
+ 166 173
+ 164 205
+ 164 385
+ 163 165
+ 163 388
+ 162 297
+ 161 191
+ 160 355
+ 159 201
+ 159 307
+ 158 364
+ 157 211
+ 155 311
+ 155 298
+ 154 380
+ 154 291
+ 153 256
+ 152 187
+ 151 330
+ 151 158
+ 150 354
+ 149 352
+ 148 248
+ 147 262
+ 147 362
+ 146 268
+ 145 345
+ 144 345
+ 144 153
+ 143 252
+ 142 250
+ 142 271
+ 141 217
+ 141 227
+ 140 352
+ 140 193
+ 139 344
+ 138 336
+ 137 224
+ 136 342
+ 135 347
+ 135 280
+ 134 237
+ 133 374
+ 133 309
+ 132 222
+ 130 292
+ 130 314
+ 129 170
+ 129 131
+ 128 202
+ 128 389
+ 127 324
+ 126 364
+ 126 207
+ 125 227
+ 125 360
+ 124 225
+ 124 242
+ 123 253
+ 122 357
+ 121 303
+ 121 229
+ 120 264
+ 119 242
+ 118 122
+ 117 186
+ 117 343
+ 116 253
+ 116 356
+ 115 367
+ 113 131
+ 113 344
+ 112 327
+ 112 272
+ 111 277
+ 111 269
+ 110 233
+ 109 299
+ 108 137
+ 107 384
+ 107 200
+ 106 175
+ 106 341
+ 105 192
+ 105 239
+ 104 337
+ 104 358
+ 103 386
+ 103 118
+ 102 390
+ 101 326
+ 101 161
+ 100 193
+ 100 260
+ 99 289
+ 99 277
+ 98 173
+ 97 114
+ 96 299
+ 95 332
+ 95 236
+ 94 146
+ 93 139
+ 93 323
+ 92 160
+ 92 179
+ 91 343
+ 90 348
+ 90 304
+ 89 156
+ 88 276
+ 87 287
+ 86 382
+ 86 149
+ 85 212
+ 84 134
+ 84 244
+ 83 370
+ 82 174
+ 82 296
+ 81 331
+ 81 303
+ 80 239
+ 80 347
+ 79 360
+ 78 281
+ 78 114
+ 77 282
+ 77 138
+ 76 98
+ 76 335
+ 75 266
+ 74 179
+ 74 288
+ 73 243
+ 73 88
+ 72 286
+ 71 85
+ 71 96
+ 70 295
+ 70 152
+ 69 204
+ 69 267
+ 68 83
+ 68 115
+ 67 94
+ 67 214
+ 66 323
+ 66 226
+ 65 342
+ 65 180
+ 64 249
+ 64 166
+ 62 183
+ 62 313
+ 61 321
+ 61 290
+ 60 172
+ 60 204
+ 59 162
+ 59 332
+ 58 383
+ 58 188
+ 57 91
+ 57 240
+ 56 169
+ 55 349
+ 55 326
+ 54 259
+ 54 300
+ 53 378
+ 53 145
+ 52 150
+ 52 293
+ 51 198
+ 51 75
+ 50 328
+ 50 361
+ 49 257
+ 49 354
+ 48 339
+ 48 63
+ 47 191
+ 47 175
+ 46 171
+ 46 143
+ 45 316
+ 45 165
+ 44 63
+ 44 218
+ 43 333
+ 43 209
+ 42 123
+ 41 72
+ 41 261
+ 40 156
+ 40 136
+ 39 379
+ 39 306
+ 38 209
+ 38 245
+ 37 148
+ 36 97
+ 36 183
+ 35 190
+ 35 181
+ 34 264
+ 34 168
+ 33 241
+ 33 274
+ 32 387
+ 32 37
+ 31 127
+ 31 259
+ 30 194
+ 30 182
+ 29 206
+ 28 232
+ 28 258
+ 27 376
+ 27 132
+ 26 340
+ 26 348
+ 25 109
+ 25 350
+ 24 87
+ 24 190
+ 23 119
+ 23 387
+ 22 318
+ 22 89
+ 21 157
+ 21 120
+ 20 56
+ 20 29
+ 19 283
+ 19 102
+ 18 108
+ 18 42
+ 17 181
+ 17 382
+ 16 79
+ 16 255
+ 15 236
+ 15 363
+ 14 110
+ 14 359
+ 13 276
+ 13 365
+ 12 240
+ 12 329
+ 11 307
+ 11 228
+ 10 353
+ 9 10
+ 8 9
+ 7 8
+ 6 7
+ 5 6
+ 4 5
+ 3 4
+ 2 3
- 1 399
- 1 398
- 1 397
- 1 396
- 1 395
- 1 394
- 1 393
- 1 392
- 1 391
- 1 355
- 1 160
- 1 92
- 1 179
- 1 74
- 1 288
- 1 379
- 1 39
- 1 306
- 1 167
- 1 172
- 1 60
- 1 204
- 1 69
- 1 267
- 1 233
- 1 110
- 1 14
- 1 359
- 1 250
- 1 142
- 1 271
- 1 213
- 1 201
- 1 159
- 1 307
- 1 11
- 1 228
- 1 216
- 1 265
- 1 281
- 1 78
- 1 114
- 1 97
- 1 36
- 1 183
- 1 62
- 1 313
- 1 278
- 1 203
- 1 251
- 1 374
- 1 133
- 1 309
- 1 292
- 1 130
- 1 314
- 1 320
- 1 243
- 1 73
- 1 88
- 1 276
- 1 13
- 1 365
- 1 375
- 1 295
- 1 70
- 1 152
- 1 187
- 1 184
- 1 305
- 1 170
- 1 129
- 1 131
- 1 113
- 1 344
- 1 139
- 1 93
- 1 323
- 1 66
- 1 226
- 1 186
- 1 117
- 1 343
- 1 91
- 1 57
- 1 240
- 1 12
- 1 329
- 1 327
- 1 112
- 1 272
- 1 308
- 1 171
- 1 46
- 1 143
- 1 252
- 1 237
- 1 134
- 1 84
- 1 244
- 1 273
- 1 317
- 1 215
- 1 369
- 1 234
- 1 310
- 1 223
- 1 328
- 1 50
- 1 361
- 1 371
- 1 315
- 1 349
- 1 55
- 1 326
- 1 101
- 1 161
- 1 191
- 1 47
- 1 175
- 1 106
- 1 341
- 1 337
- 1 104
- 1 358
- 1 230
- 1 197
- 1 316
- 1 45
- 1 165
- 1 163
- 1 388
- 1 224
- 1 137
- 1 108
- 1 18
- 1 42
- 1 123
- 1 253
- 1 116
- 1 356
- 1 325
- 1 247
- 1 192
- 1 105
- 1 239
- 1 80
- 1 347
- 1 135
- 1 280
- 1 324
- 1 127
- 1 31
- 1 259
- 1 54
- 1 300
- 1 287
- 1 87
- 1 24
- 1 190
- 1 35
- 1 181
- 1 17
- 1 382
- 1 86
- 1 149
- 1 352
- 1 140
- 1 193
- 1 100
- 1 260
- 1 318
- 1 22
- 1 89
- 1 156
- 1 40
- 1 136
- 1 342
- 1 65
- 1 180
- 1 372
- 1 217
- 1 141
- 1 227
- 1 125
- 1 360
- 1 79
- 1 16
- 1 255
- 1 378
- 1 53
- 1 145
- 1 345
- 1 144
- 1 153
- 1 256
- 1 346
- 1 221
- 1 220
- 1 338
- 1 195
- 1 241
- 1 33
- 1 274
- 1 321
- 1 61
- 1 290
- 1 176
- 1 262
- 1 147
- 1 362
- 1 270
- 1 351
- 1 185
- 1 249
- 1 64
- 1 166
- 1 173
- 1 98
- 1 76
- 1 335
- 1 376
- 1 27
- 1 132
- 1 222
- 1 194
- 1 30
- 1 182
- 1 289
- 1 99
- 1 277
- 1 111
- 1 269
- 1 225
- 1 124
- 1 242
- 1 119
- 1 23
- 1 387
- 1 32
- 1 37
- 1 148
- 1 248
- 1 331
- 1 81
- 1 303
- 1 121
- 1 229
- 1 211
- 1 157
- 1 21
- 1 120
- 1 264
- 1 34
- 1 168
- 1 279
- 1 370
- 1 83
- 1 68
- 1 115
- 1 367
- 1 322
- 1 268
- 1 146
- 1 94
- 1 67
- 1 214
- 1 294
- 1 238
- 1 373
- 1 196
- 1 311
- 1 155
- 1 298
- 1 285
- 1 178
- 1 169
- 1 56
- 1 20
- 1 29
- 1 206
- 1 333
- 1 43
- 1 209
- 1 38
- 1 245
- 1 381
- 1 246
- 1 334
- 1 384
- 1 107
- 1 200
- 1 284
- 1 257
- 1 49
- 1 354
- 1 150
- 1 52
- 1 293
- 1 297
- 1 162
- 1 59
- 1 332
- 1 95
- 1 236
- 1 15
- 1 363
- 1 301
- 1 386
- 1 103
- 1 118
- 1 122
- 1 357
- 1 235
- 1 174
- 1 82
- 1 296
- 1 366
- 1 210
- 1 232
- 1 28
- 1 258
- 1 205
- 1 164
- 1 385
- 1 330
- 1 151
- 1 158
- 1 364
- 1 126
- 1 207
- 1 312
- 1 339
- 1 48
- 1 63
- 1 44
- 1 218
- 1 254
- 1 282
- 1 77
- 1 138
- 1 336
- 1 319
- 1 189
- 1 283
- 1 19
- 1 102
- 1 390
- 1 340
- 1 26
- 1 348
- 1 90
- 1 304
- 1 275
- 1 202
- 1 128
- 1 389
- 1 219
- 1 368
- 1 286
- 1 72
- 1 41
- 1 261
- 1 208
- 1 177
- 1 302
- 1 380
- 1 154
- 1 291
- 1 263
- 1 231
- 1 377
- 1 383
- 1 58
- 1 188
- 1 198
- 1 51
- 1 75
- 1 266
- 1 212
- 1 85
- 1 71
- 1 96
- 1 299
- 1 109
- 1 25
- 1 350
- 1 199
- 1 353
- 1 10
- 1 9
- 1 8
- 1 7
- 1 6
- 1 5
- 1 4
- 3 1
