1588
+ 1 123
+ 1 265
+ 1 276
+ 1 232
+ 1 388
+ 1 78
+ 1 350
+ 1 375
+ 1 219
+ 1 329
+ 1 22
+ 1 267
+ 1 171
+ 1 304
+ 1 4
+ 1 72
+ 1 101
+ 1 119
+ 1 285
+ 1 159
+ 1 275
+ 1 353
+ 1 76
+ 1 258
+ 1 292
+ 1 32
+ 1 20
+ 1 70
+ 1 347
+ 1 358
+ 1 194
+ 1 263
+ 1 164
+ 1 253
+ 1 339
+ 1 126
+ 1 218
+ 1 113
+ 1 182
+ 1 280
+ 1 216
+ 1 7
+ 1 370
+ 1 381
+ 1 202
+ 1 181
+ 1 157
+ 1 277
+ 1 323
+ 1 166
+ 1 165
+ 1 318
+ 1 222
+ 1 203
+ 1 382
+ 1 248
+ 1 371
+ 1 400
+ 1 201
+ 1 231
+ 1 29
+ 1 83
+ 1 354
+ 1 48
+ 1 245
+ 1 189
+ 1 361
+ 1 96
+ 1 177
+ 1 385
+ 1 110
+ 1 331
+ 1 312
+ 1 359
+ 1 298
+ 1 172
+ 1 392
+ 1 255
+ 1 266
+ 1 147
+ 1 293
+ 1 325
+ 1 60
+ 1 90
+ 1 169
+ 1 380
+ 1 228
+ 1 13
+ 1 270
+ 1 204
+ 1 310
+ 1 330
+ 1 332
+ 1 33
+ 1 114
+ 1 211
+ 1 273
+ 1 261
+ 1 58
+ 1 54
+ 1 373
+ 1 65
+ 1 129
+ 1 115
+ 1 300
+ 1 364
+ 1 326
+ 1 53
+ 1 336
+ 1 343
+ 1 167
+ 1 59
+ 1 244
+ 1 264
+ 1 127
+ 1 233
+ 1 15
+ 1 243
+ 1 396
+ 1 35
+ 1 250
+ 1 108
+ 1 24
+ 1 238
+ 1 45
+ 1 397
+ 1 134
+ 1 299
+ 1 227
+ 1 241
+ 1 190
+ 1 268
+ 1 80
+ 1 150
+ 1 158
+ 1 282
+ 1 249
+ 1 11
+ 1 319
+ 1 209
+ 1 324
+ 1 314
+ 1 47
+ 1 302
+ 1 398
+ 1 213
+ 1 61
+ 1 178
+ 1 200
+ 1 377
+ 1 34
+ 1 328
+ 1 19
+ 1 18
+ 1 95
+ 1 163
+ 1 97
+ 1 234
+ 1 378
+ 1 221
+ 1 399
+ 1 251
+ 1 215
+ 1 307
+ 1 138
+ 1 262
+ 1 191
+ 1 63
+ 1 278
+ 1 295
+ 1 154
+ 1 103
+ 1 124
+ 1 246
+ 1 66
+ 1 28
+ 1 87
+ 1 85
+ 1 237
+ 1 313
+ 1 294
+ 1 256
+ 1 287
+ 1 303
+ 1 340
+ 1 274
+ 1 112
+ 1 176
+ 1 162
+ 1 308
+ 1 14
+ 1 205
+ 1 346
+ 1 289
+ 1 6
+ 1 217
+ 1 74
+ 1 184
+ 1 30
+ 1 187
+ 1 337
+ 1 21
+ 1 130
+ 1 91
+ 1 136
+ 1 82
+ 1 220
+ 1 286
+ 1 296
+ 1 367
+ 1 142
+ 1 137
+ 1 269
+ 1 356
+ 1 386
+ 1 16
+ 1 26
+ 1 69
+ 1 131
+ 1 259
+ 1 170
+ 1 153
+ 1 384
+ 1 86
+ 1 12
+ 1 210
+ 1 197
+ 1 311
+ 1 174
+ 1 10
+ 1 49
+ 1 132
+ 1 188
+ 1 120
+ 1 348
+ 1 64
+ 1 229
+ 1 341
+ 1 52
+ 1 168
+ 1 254
+ 1 141
+ 1 272
+ 1 185
+ 1 235
+ 1 186
+ 1 334
+ 1 306
+ 1 84
+ 1 106
+ 1 288
+ 1 135
+ 1 148
+ 1 333
+ 1 56
+ 1 92
+ 1 68
+ 1 196
+ 1 89
+ 1 352
+ 1 44
+ 1 39
+ 1 121
+ 1 152
+ 1 111
+ 1 225
+ 1 51
+ 1 116
+ 1 393
+ 1 281
+ 1 365
+ 1 240
+ 1 42
+ 1 291
+ 1 360
+ 1 317
+ 1 156
+ 1 316
+ 1 199
+ 1 357
+ 1 99
+ 1 379
+ 1 143
+ 1 320
+ 1 257
+ 1 23
+ 1 207
+ 1 93
+ 1 279
+ 1 67
+ 1 173
+ 1 193
+ 1 107
+ 1 79
+ 1 271
+ 1 239
+ 1 125
+ 1 214
+ 1 140
+ 1 208
+ 1 387
+ 1 390
+ 1 391
+ 1 9
+ 1 75
+ 1 36
+ 1 195
+ 1 46
+ 1 372
+ 1 175
+ 1 144
+ 1 57
+ 1 224
+ 1 342
+ 1 145
+ 1 376
+ 1 366
+ 1 226
+ 1 183
+ 1 355
+ 1 338
+ 1 100
+ 1 109
+ 1 17
+ 1 322
+ 1 223
+ 1 3
+ 1 161
+ 1 351
+ 1 297
+ 1 369
+ 1 160
+ 1 383
+ 1 38
+ 1 305
+ 1 260
+ 1 88
+ 1 71
+ 1 151
+ 1 105
+ 1 122
+ 1 62
+ 1 321
+ 1 236
+ 1 43
+ 1 77
+ 1 81
+ 1 128
+ 1 31
+ 1 206
+ 1 315
+ 1 102
+ 1 8
+ 1 327
+ 1 301
+ 1 198
+ 1 212
+ 1 5
+ 1 363
+ 1 98
+ 1 117
+ 1 37
+ 1 94
+ 1 362
+ 1 118
+ 1 290
+ 1 55
+ 1 139
+ 1 179
+ 1 104
+ 1 25
+ 1 394
+ 1 345
+ 1 242
+ 1 335
+ 1 309
+ 1 192
+ 1 368
+ 1 230
+ 1 344
+ 1 27
+ 1 2
+ 1 133
+ 1 252
+ 1 247
+ 1 155
+ 1 389
+ 1 40
+ 1 374
+ 1 50
+ 1 73
+ 1 349
+ 1 283
+ 1 180
+ 1 284
+ 1 149
+ 1 395
- 2 27
- 2 133
- 3 161
- 3 223
- 4 304
- 4 72
- 5 212
- 5 363
- 6 217
- 6 289
- 7 216
- 7 370
- 8 327
- 8 102
- 9 391
- 9 75
- 10 174
- 10 49
- 11 319
- 11 249
- 12 210
- 12 86
- 13 228
- 13 270
- 14 205
- 14 308
- 15 243
- 15 233
- 16 26
- 16 386
- 17 322
- 17 109
- 18 19
- 18 95
- 19 328
- 20 70
- 20 32
- 21 130
- 21 337
- 22 267
- 22 329
- 23 257
- 23 207
- 24 238
- 24 108
- 25 394
- 25 104
- 26 69
- 27 344
- 28 87
- 28 66
- 29 231
- 29 83
- 30 184
- 30 187
- 31 206
- 31 128
- 32 292
- 33 114
- 33 332
- 34 328
- 34 377
- 35 396
- 35 250
- 36 75
- 36 195
- 37 94
- 37 117
- 38 383
- 38 305
- 39 44
- 39 121
- 40 389
- 40 374
- 41 123
- 42 240
- 42 291
- 43 236
- 43 77
- 44 352
- 45 397
- 45 238
- 46 195
- 46 372
- 47 302
- 47 314
- 48 245
- 48 354
- 49 132
- 50 374
- 50 73
- 51 225
- 51 116
- 52 341
- 52 168
- 53 336
- 53 326
- 54 373
- 54 58
- 55 139
- 55 290
- 56 333
- 56 92
- 57 144
- 57 224
- 58 261
- 59 244
- 59 167
- 60 325
- 60 90
- 61 178
- 61 213
- 62 321
- 62 122
- 63 278
- 63 191
- 64 229
- 64 348
- 65 129
- 65 373
- 66 246
- 67 279
- 67 173
- 68 196
- 68 92
- 69 131
- 70 347
- 71 88
- 71 151
- 72 101
- 73 349
- 74 217
- 74 184
- 76 258
- 76 353
- 77 81
- 78 388
- 78 350
- 79 107
- 79 271
- 80 268
- 80 150
- 81 128
- 82 220
- 82 136
- 83 354
- 84 306
- 84 106
- 85 87
- 85 237
- 86 384
- 88 260
- 89 352
- 89 196
- 90 169
- 91 130
- 91 136
- 93 279
- 93 207
- 94 362
- 95 163
- 96 361
- 96 177
- 97 234
- 97 163
- 98 117
- 98 363
- 99 357
- 99 379
- 100 109
- 100 338
- 101 119
- 102 315
- 103 124
- 103 154
- 104 179
- 105 151
- 105 122
- 106 288
- 107 193
- 108 250
- 110 385
- 110 331
- 111 225
- 111 152
- 112 274
- 112 176
- 113 218
- 113 182
- 114 211
- 115 129
- 115 300
- 116 393
- 118 362
- 118 290
- 119 285
- 120 348
- 120 188
- 121 152
- 123 265
- 124 246
- 125 239
- 125 214
- 126 218
- 126 339
- 127 264
- 127 233
- 131 259
- 132 188
- 133 252
- 134 397
- 134 299
- 135 148
- 135 288
- 137 269
- 137 142
- 138 307
- 138 262
- 139 179
- 140 208
- 140 214
- 141 272
- 141 254
- 142 367
- 143 320
- 143 379
- 144 175
- 145 376
- 145 342
- 146 149
- 147 266
- 147 293
- 148 333
- 149 395
- 150 158
- 153 384
- 153 170
- 154 295
- 155 247
- 155 389
- 156 317
- 156 316
- 157 277
- 157 181
- 158 282
- 159 285
- 159 275
- 160 369
- 160 383
- 161 351
- 162 308
- 162 176
- 164 263
- 164 253
- 165 166
- 165 318
- 166 323
- 167 343
- 168 254
- 169 380
- 170 259
- 171 304
- 171 267
- 172 298
- 172 392
- 173 193
- 174 311
- 175 372
- 177 385
- 178 200
- 180 283
- 180 284
- 181 202
- 182 280
- 183 355
- 183 226
- 185 272
- 185 235
- 186 334
- 186 235
- 187 337
- 189 361
- 189 245
- 190 268
- 190 241
- 191 262
- 192 368
- 192 309
- 194 263
- 194 358
- 197 210
- 197 311
- 198 301
- 198 212
- 199 316
- 199 357
- 200 377
- 201 400
- 201 231
- 202 381
- 203 222
- 203 382
- 204 270
- 204 310
- 205 346
- 206 315
- 208 387
- 209 319
- 209 324
- 211 273
- 213 398
- 215 307
- 215 251
- 216 280
- 219 329
- 219 375
- 220 286
- 221 378
- 221 399
- 222 318
- 223 322
- 224 342
- 226 366
- 227 241
- 227 299
- 228 380
- 229 341
- 230 344
- 230 368
- 232 388
- 232 276
- 234 378
- 236 321
- 237 313
- 239 271
- 240 365
- 242 335
- 242 345
- 243 396
- 244 264
- 247 252
- 248 371
- 248 382
- 249 282
- 251 399
- 253 339
- 255 266
- 255 392
- 256 294
- 256 287
- 257 320
- 258 292
- 260 305
- 261 273
- 265 276
- 269 356
- 274 340
- 275 353
- 277 323
- 278 295
- 281 365
- 281 393
- 283 349
- 286 296
- 287 303
- 289 346
- 291 360
- 293 325
- 294 313
- 296 367
- 297 369
- 297 351
- 298 359
- 300 364
- 301 327
- 302 398
- 303 340
- 306 334
- 309 335
- 310 330
- 312 331
- 312 359
- 314 324
- 317 360
- 326 364
- 330 332
- 336 343
- 338 355
- 345 394
- 347 358
- 350 375
- 356 386
- 366 376
- 370 381
- 371 400
- 387 390
- 390 391
+ 383 390
+ 374 387
+ 371 398
+ 370 393
+ 369 382
+ 368 392
+ 362 380
+ 362 365
+ 352 367
+ 349 361
+ 349 360
+ 345 357
+ 341 344
+ 336 360
+ 334 337
+ 330 353
+ 330 397
+ 325 375
+ 310 377
+ 309 400
+ 305 356
+ 300 355
+ 300 382
+ 295 332
+ 294 385
+ 294 350
+ 293 379
+ 291 311
+ 290 383
+ 289 350
+ 288 335
+ 285 328
+ 284 389
+ 284 347
+ 283 310
+ 278 313
+ 278 340
+ 275 277
+ 275 302
+ 273 322
+ 272 388
+ 270 399
+ 269 324
+ 265 366
+ 264 286
+ 263 381
+ 261 385
+ 260 386
+ 260 343
+ 259 318
+ 259 304
+ 258 327
+ 257 306
+ 252 279
+ 251 271
+ 249 280
+ 247 299
+ 245 329
+ 245 265
+ 244 314
+ 244 311
+ 243 312
+ 241 315
+ 240 372
+ 238 248
+ 238 384
+ 237 289
+ 236 303
+ 235 343
+ 234 389
+ 233 393
+ 232 355
+ 231 366
+ 230 250
+ 227 251
+ 226 229
+ 224 270
+ 224 264
+ 223 250
+ 223 320
+ 221 376
+ 219 262
+ 218 354
+ 218 381
+ 217 228
+ 216 252
+ 215 258
+ 214 296
+ 213 222
+ 212 396
+ 212 282
+ 211 306
+ 211 341
+ 209 348
+ 209 395
+ 207 225
+ 204 274
+ 203 358
+ 202 351
+ 201 210
+ 200 391
+ 199 276
+ 199 217
+ 198 220
+ 196 276
+ 195 346
+ 194 206
+ 193 296
+ 192 305
+ 191 197
+ 190 254
+ 189 272
+ 188 243
+ 187 283
+ 187 396
+ 186 221
+ 185 295
+ 184 253
+ 183 246
+ 182 196
+ 182 307
+ 181 228
+ 179 255
+ 178 301
+ 178 329
+ 176 321
+ 176 235
+ 175 190
+ 174 230
+ 173 292
+ 172 277
+ 171 388
+ 170 319
+ 170 214
+ 169 325
+ 169 188
+ 167 339
+ 165 246
+ 164 303
+ 163 165
+ 163 177
+ 162 257
+ 161 364
+ 160 386
+ 160 285
+ 159 340
+ 158 323
+ 158 353
+ 157 202
+ 157 269
+ 155 164
+ 154 215
+ 154 317
+ 153 237
+ 153 219
+ 152 308
+ 152 220
+ 151 280
+ 148 347
+ 147 166
+ 146 378
+ 146 267
+ 145 371
+ 144 319
+ 143 206
+ 142 397
+ 141 197
+ 141 309
+ 140 390
+ 140 268
+ 139 159
+ 138 274
+ 137 293
+ 136 229
+ 136 203
+ 135 239
+ 134 198
+ 133 267
+ 131 210
+ 131 222
+ 130 185
+ 129 142
+ 129 373
+ 128 352
+ 128 241
+ 127 213
+ 127 336
+ 126 308
+ 125 171
+ 124 345
+ 123 313
+ 123 279
+ 122 263
+ 121 132
+ 120 156
+ 120 378
+ 118 356
+ 117 376
+ 117 148
+ 116 191
+ 116 226
+ 115 262
+ 115 234
+ 114 236
+ 114 134
+ 113 180
+ 112 316
+ 112 255
+ 111 318
+ 110 239
+ 110 333
+ 109 297
+ 108 113
+ 108 379
+ 107 138
+ 107 354
+ 106 314
+ 106 168
+ 105 242
+ 105 297
+ 104 268
+ 104 335
+ 103 205
+ 102 286
+ 100 377
+ 99 261
+ 99 149
+ 98 137
+ 97 394
+ 97 391
+ 96 400
+ 95 155
+ 95 339
+ 94 231
+ 93 233
+ 93 96
+ 92 357
+ 92 144
+ 91 200
+ 90 147
+ 90 344
+ 89 183
+ 89 282
+ 88 281
+ 87 331
+ 86 102
+ 86 168
+ 85 175
+ 84 266
+ 84 173
+ 83 184
+ 83 100
+ 82 398
+ 82 91
+ 81 323
+ 81 320
+ 80 367
+ 80 365
+ 79 205
+ 79 359
+ 78 249
+ 77 139
+ 76 124
+ 76 372
+ 75 232
+ 75 304
+ 74 361
+ 74 290
+ 73 174
+ 72 150
+ 71 98
+ 71 334
+ 70 132
+ 70 342
+ 69 312
+ 68 130
+ 68 373
+ 67 177
+ 67 101
+ 66 380
+ 65 273
+ 65 166
+ 64 394
+ 64 125
+ 63 291
+ 62 395
+ 61 307
+ 61 126
+ 60 94
+ 60 122
+ 59 324
+ 59 375
+ 58 342
+ 57 358
+ 57 387
+ 56 179
+ 56 271
+ 55 145
+ 54 150
+ 54 121
+ 53 167
+ 53 287
+ 52 298
+ 52 69
+ 51 103
+ 51 298
+ 50 73
+ 50 149
+ 49 256
+ 49 337
+ 48 364
+ 48 346
+ 47 101
+ 47 204
+ 46 143
+ 46 302
+ 45 208
+ 45 85
+ 44 363
+ 44 240
+ 43 162
+ 43 332
+ 42 208
+ 41 181
+ 41 299
+ 40 338
+ 40 247
+ 39 301
+ 39 315
+ 38 62
+ 38 216
+ 37 331
+ 37 88
+ 36 253
+ 35 180
+ 35 193
+ 34 186
+ 33 133
+ 33 201
+ 32 326
+ 32 359
+ 31 192
+ 31 36
+ 30 135
+ 30 368
+ 29 42
+ 28 338
+ 27 72
+ 27 348
+ 26 363
+ 26 316
+ 25 266
+ 25 161
+ 24 118
+ 24 321
+ 23 281
+ 23 55
+ 22 317
+ 22 392
+ 21 66
+ 21 333
+ 20 326
+ 20 227
+ 19 77
+ 19 207
+ 18 172
+ 18 189
+ 17 384
+ 17 225
+ 16 369
+ 16 119
+ 15 156
+ 14 399
+ 14 34
+ 13 287
+ 13 292
+ 12 351
+ 12 194
+ 11 248
+ 10 256
+ 10 370
+ 9 111
+ 9 288
+ 8 254
+ 8 78
+ 7 28
+ 7 242
+ 6 119
+ 6 374
+ 5 322
+ 5 109
+ 4 151
+ 4 195
+ 3 29
+ 3 58
+ 2 328
+ 2 11
- 1 63
- 1 291
- 1 311
- 1 244
- 1 314
- 1 106
- 1 168
- 1 86
- 1 102
- 1 286
- 1 264
- 1 224
- 1 270
- 1 399
- 1 14
- 1 34
- 1 186
- 1 221
- 1 376
- 1 117
- 1 148
- 1 347
- 1 284
- 1 389
- 1 234
- 1 115
- 1 262
- 1 219
- 1 153
- 1 237
- 1 289
- 1 350
- 1 294
- 1 385
- 1 261
- 1 99
- 1 149
- 1 50
- 1 73
- 1 174
- 1 230
- 1 250
- 1 223
- 1 320
- 1 81
- 1 323
- 1 158
- 1 353
- 1 330
- 1 397
- 1 142
- 1 129
- 1 373
- 1 68
- 1 130
- 1 185
- 1 295
- 1 332
- 1 43
- 1 162
- 1 257
- 1 306
- 1 211
- 1 341
- 1 344
- 1 90
- 1 147
- 1 166
- 1 65
- 1 273
- 1 322
- 1 5
- 1 109
- 1 297
- 1 105
- 1 242
- 1 7
- 1 28
- 1 338
- 1 40
- 1 247
- 1 299
- 1 41
- 1 181
- 1 228
- 1 217
- 1 199
- 1 276
- 1 196
- 1 182
- 1 307
- 1 61
- 1 126
- 1 308
- 1 152
- 1 220
- 1 198
- 1 134
- 1 114
- 1 236
- 1 303
- 1 164
- 1 155
- 1 95
- 1 339
- 1 167
- 1 53
- 1 287
- 1 13
- 1 292
- 1 173
- 1 84
- 1 266
- 1 25
- 1 161
- 1 364
- 1 48
- 1 346
- 1 195
- 1 4
- 1 151
- 1 280
- 1 249
- 1 78
- 1 8
- 1 254
- 1 190
- 1 175
- 1 85
- 1 45
- 1 208
- 1 42
- 1 29
- 1 3
- 1 58
- 1 342
- 1 70
- 1 132
- 1 121
- 1 54
- 1 150
- 1 72
- 1 27
- 1 348
- 1 209
- 1 395
- 1 62
- 1 38
- 1 216
- 1 252
- 1 279
- 1 123
- 1 313
- 1 278
- 1 340
- 1 159
- 1 139
- 1 77
- 1 19
- 1 207
- 1 225
- 1 17
- 1 384
- 1 238
- 1 248
- 1 11
- 1 2
- 1 328
- 1 285
- 1 160
- 1 386
- 1 260
- 1 343
- 1 235
- 1 176
- 1 321
- 1 24
- 1 118
- 1 356
- 1 305
- 1 192
- 1 31
- 1 36
- 1 253
- 1 184
- 1 83
- 1 100
- 1 377
- 1 310
- 1 283
- 1 187
- 1 396
- 1 212
- 1 282
- 1 89
- 1 183
- 1 246
- 1 165
- 1 163
- 1 177
- 1 67
- 1 101
- 1 47
- 1 204
- 1 274
- 1 138
- 1 107
- 1 354
- 1 218
- 1 381
- 1 263
- 1 122
- 1 60
- 1 94
- 1 231
- 1 366
- 1 265
- 1 245
- 1 329
- 1 178
- 1 301
- 1 39
- 1 315
- 1 241
- 1 128
- 1 352
- 1 367
- 1 80
- 1 365
- 1 362
- 1 380
- 1 66
- 1 21
- 1 333
- 1 110
- 1 239
- 1 135
- 1 30
- 1 368
- 1 392
- 1 22
- 1 317
- 1 154
- 1 215
- 1 258
- 1 15
- 1 156
- 1 120
- 1 378
- 1 146
- 1 267
- 1 133
- 1 33
- 1 201
- 1 210
- 1 131
- 1 222
- 1 213
- 1 127
- 1 336
- 1 360
- 1 349
- 1 361
- 1 74
- 1 290
- 1 383
- 1 390
- 1 140
- 1 268
- 1 104
- 1 335
- 1 288
- 1 9
- 1 111
- 1 318
- 1 259
- 1 304
- 1 75
- 1 232
- 1 355
- 1 300
- 1 382
- 1 369
- 1 16
- 1 119
- 1 6
- 1 374
- 1 387
- 1 57
- 1 358
- 1 203
- 1 136
- 1 229
- 1 226
- 1 116
- 1 191
- 1 197
- 1 141
- 1 309
- 1 400
- 1 96
- 1 93
- 1 233
- 1 393
- 1 370
- 1 10
- 1 256
- 1 49
- 1 337
- 1 334
- 1 71
- 1 98
- 1 137
- 1 293
- 1 379
- 1 108
- 1 113
- 1 180
- 1 35
- 1 193
- 1 296
- 1 214
- 1 170
- 1 319
- 1 144
- 1 92
- 1 357
- 1 345
- 1 124
- 1 76
- 1 372
- 1 240
- 1 44
- 1 363
- 1 26
- 1 316
- 1 112
- 1 255
- 1 179
- 1 56
- 1 271
- 1 251
- 1 227
- 1 20
- 1 326
- 1 32
- 1 359
- 1 79
- 1 205
- 1 103
- 1 51
- 1 298
- 1 52
- 1 69
- 1 312
- 1 243
- 1 188
- 1 169
- 1 325
- 1 375
- 1 59
- 1 324
- 1 269
- 1 157
- 1 202
- 1 351
- 1 12
- 1 194
- 1 206
- 1 143
- 1 46
- 1 302
- 1 275
- 1 277
- 1 172
- 1 18
- 1 189
- 1 272
- 1 388
- 1 171
- 1 125
- 1 64
- 1 394
- 1 97
- 1 391
- 1 200
- 1 91
- 1 82
- 1 398
- 1 371
- 1 145
- 1 55
- 1 23
- 1 281
- 1 88
- 1 37
- 331 1
