1588
+ 1 189
+ 1 196
+ 1 128
+ 1 51
+ 1 103
+ 1 190
+ 1 174
+ 1 58
+ 1 234
+ 1 52
+ 1 207
+ 1 343
+ 1 267
+ 1 172
+ 1 307
+ 1 176
+ 1 336
+ 1 144
+ 1 227
+ 1 135
+ 1 306
+ 1 107
+ 1 285
+ 1 32
+ 1 18
+ 1 299
+ 1 42
+ 1 158
+ 1 108
+ 1 369
+ 1 101
+ 1 77
+ 1 256
+ 1 287
+ 1 334
+ 1 26
+ 1 183
+ 1 323
+ 1 88
+ 1 240
+ 1 81
+ 1 93
+ 1 79
+ 1 230
+ 1 72
+ 1 95
+ 1 146
+ 1 112
+ 1 49
+ 1 321
+ 1 193
+ 1 309
+ 1 310
+ 1 143
+ 1 261
+ 1 23
+ 1 258
+ 1 324
+ 1 71
+ 1 383
+ 1 237
+ 1 370
+ 1 367
+ 1 89
+ 1 281
+ 1 119
+ 1 155
+ 1 214
+ 1 169
+ 1 118
+ 1 100
+ 1 266
+ 1 250
+ 1 387
+ 1 233
+ 1 282
+ 1 216
+ 1 313
+ 1 246
+ 1 182
+ 1 46
+ 1 278
+ 1 292
+ 1 139
+ 1 305
+ 1 232
+ 1 333
+ 1 197
+ 1 398
+ 1 211
+ 1 3
+ 1 358
+ 1 137
+ 1 163
+ 1 159
+ 1 280
+ 1 276
+ 1 290
+ 1 129
+ 1 33
+ 1 75
+ 1 156
+ 1 173
+ 1 355
+ 1 260
+ 1 365
+ 1 210
+ 1 354
+ 1 202
+ 1 82
+ 1 203
+ 1 337
+ 1 152
+ 1 378
+ 1 96
+ 1 41
+ 1 151
+ 1 111
+ 1 364
+ 1 13
+ 1 288
+ 1 179
+ 1 245
+ 1 132
+ 1 62
+ 1 265
+ 1 320
+ 1 394
+ 1 164
+ 1 390
+ 1 238
+ 1 331
+ 1 296
+ 1 31
+ 1 382
+ 1 322
+ 1 78
+ 1 28
+ 1 87
+ 1 12
+ 1 150
+ 1 229
+ 1 117
+ 1 208
+ 1 181
+ 1 348
+ 1 253
+ 1 5
+ 1 225
+ 1 148
+ 1 60
+ 1 145
+ 1 263
+ 1 274
+ 1 347
+ 1 301
+ 1 140
+ 1 235
+ 1 7
+ 1 192
+ 1 121
+ 1 127
+ 1 220
+ 1 149
+ 1 94
+ 1 110
+ 1 317
+ 1 395
+ 1 308
+ 1 297
+ 1 157
+ 1 153
+ 1 15
+ 1 160
+ 1 115
+ 1 184
+ 1 50
+ 1 21
+ 1 298
+ 1 84
+ 1 114
+ 1 247
+ 1 319
+ 1 133
+ 1 134
+ 1 130
+ 1 44
+ 1 125
+ 1 349
+ 1 35
+ 1 291
+ 1 66
+ 1 332
+ 1 279
+ 1 59
+ 1 356
+ 1 36
+ 1 363
+ 1 350
+ 1 195
+ 1 22
+ 1 10
+ 1 27
+ 1 374
+ 1 335
+ 1 19
+ 1 55
+ 1 277
+ 1 188
+ 1 312
+ 1 86
+ 1 162
+ 1 191
+ 1 4
+ 1 330
+ 1 57
+ 1 65
+ 1 352
+ 1 303
+ 1 142
+ 1 113
+ 1 219
+ 1 70
+ 1 83
+ 1 371
+ 1 244
+ 1 99
+ 1 224
+ 1 366
+ 1 109
+ 1 138
+ 1 294
+ 1 63
+ 1 194
+ 1 97
+ 1 131
+ 1 338
+ 1 316
+ 1 361
+ 1 248
+ 1 252
+ 1 340
+ 1 300
+ 1 201
+ 1 34
+ 1 391
+ 1 186
+ 1 273
+ 1 377
+ 1 25
+ 1 185
+ 1 272
+ 1 295
+ 1 17
+ 1 339
+ 1 215
+ 1 328
+ 1 61
+ 1 166
+ 1 376
+ 1 381
+ 1 239
+ 1 314
+ 1 357
+ 1 268
+ 1 213
+ 1 91
+ 1 187
+ 1 302
+ 1 29
+ 1 271
+ 1 222
+ 1 116
+ 1 269
+ 1 353
+ 1 236
+ 1 48
+ 1 346
+ 1 375
+ 1 136
+ 1 311
+ 1 120
+ 1 67
+ 1 359
+ 1 373
+ 1 90
+ 1 161
+ 1 122
+ 1 344
+ 1 171
+ 1 178
+ 1 200
+ 1 249
+ 1 362
+ 1 154
+ 1 56
+ 1 24
+ 1 270
+ 1 204
+ 1 228
+ 1 304
+ 1 45
+ 1 400
+ 1 392
+ 1 396
+ 1 293
+ 1 69
+ 1 325
+ 1 76
+ 1 38
+ 1 388
+ 1 80
+ 1 329
+ 1 6
+ 1 326
+ 1 30
+ 1 8
+ 1 198
+ 1 16
+ 1 126
+ 1 106
+ 1 85
+ 1 264
+ 1 73
+ 1 372
+ 1 165
+ 1 286
+ 1 384
+ 1 399
+ 1 209
+ 1 141
+ 1 393
+ 1 170
+ 1 289
+ 1 242
+ 1 243
+ 1 397
+ 1 283
+ 1 177
+ 1 74
+ 1 379
+ 1 92
+ 1 318
+ 1 20
+ 1 386
+ 1 199
+ 1 389
+ 1 254
+ 1 223
+ 1 259
+ 1 251
+ 1 315
+ 1 53
+ 1 226
+ 1 341
+ 1 37
+ 1 255
+ 1 275
+ 1 11
+ 1 68
+ 1 47
+ 1 257
+ 1 54
+ 1 351
+ 1 40
+ 1 14
+ 1 180
+ 1 217
+ 1 342
+ 1 212
+ 1 205
+ 1 2
+ 1 98
+ 1 104
+ 1 206
+ 1 168
+ 1 262
+ 1 123
+ 1 39
+ 1 9
+ 1 360
+ 1 327
+ 1 218
+ 1 43
+ 1 124
+ 1 385
+ 1 221
+ 1 368
+ 1 102
+ 1 241
+ 1 380
+ 1 147
+ 1 175
+ 1 167
+ 1 284
+ 1 345
+ 1 105
- 2 205
- 3 169
- 3 358
- 3 159
- 4 191
- 5 253
- 5 225
- 6 38
- 6 326
- 6 30
- 7 192
- 7 121
- 7 347
- 8 30
- 9 360
- 9 327
- 9 218
- 9 262
- 10 27
- 10 374
- 10 55
- 10 267
- 10 277
- 10 188
- 11 213
- 11 68
- 12 150
- 12 28
- 12 117
- 13 364
- 13 288
- 13 390
- 13 238
- 13 322
- 14 180
- 14 217
- 14 342
- 14 257
- 14 212
- 14 205
- 15 395
- 16 304
- 17 339
- 17 391
- 18 299
- 18 172
- 18 101
- 18 334
- 18 81
- 19 335
- 20 386
- 20 318
- 20 223
- 21 50
- 21 298
- 21 291
- 21 66
- 21 279
- 22 50
- 23 267
- 23 258
- 23 71
- 23 364
- 24 56
- 24 270
- 24 304
- 24 126
- 24 106
- 24 85
- 24 165
- 25 273
- 26 183
- 26 334
- 26 323
- 28 87
- 28 78
- 29 302
- 31 296
- 32 285
- 33 129
- 34 300
- 35 125
- 36 50
- 36 363
- 37 255
- 37 187
- 37 275
- 38 388
- 38 304
- 38 198
- 39 123
- 40 54
- 41 96
- 42 299
- 42 158
- 42 108
- 43 124
- 43 257
- 44 247
- 45 304
- 45 400
- 46 182
- 47 68
- 48 346
- 48 375
- 48 236
- 48 67
- 49 112
- 49 321
- 50 267
- 51 128
- 51 103
- 52 234
- 53 226
- 53 315
- 54 257
- 54 351
- 56 286
- 56 399
- 56 362
- 57 343
- 57 65
- 57 109
- 57 316
- 58 189
- 58 234
- 58 207
- 59 279
- 59 356
- 60 145
- 60 364
- 60 263
- 61 166
- 61 239
- 61 328
- 62 132
- 63 294
- 65 352
- 65 219
- 65 244
- 65 99
- 65 224
- 66 332
- 69 392
- 70 219
- 70 83
- 71 383
- 71 169
- 72 95
- 72 193
- 72 309
- 72 81
- 73 372
- 73 85
- 74 379
- 74 177
- 75 129
- 75 156
- 76 304
- 77 101
- 78 322
- 79 93
- 80 388
- 81 93
- 81 230
- 81 143
- 82 290
- 84 298
- 85 264
- 86 312
- 88 323
- 89 367
- 89 281
- 90 373
- 91 213
- 92 399
- 94 149
- 95 146
- 95 112
- 96 378
- 96 151
- 97 294
- 98 257
- 100 169
- 100 266
- 100 250
- 100 387
- 101 256
- 102 368
- 104 206
- 104 168
- 104 257
- 104 262
- 105 231
- 107 227
- 109 138
- 109 131
- 110 220
- 111 152
- 113 142
- 114 298
- 115 184
- 115 364
- 116 222
- 117 208
- 118 169
- 119 383
- 119 155
- 120 311
- 122 344
- 122 269
- 123 262
- 125 349
- 125 247
- 127 347
- 128 196
- 129 290
- 129 355
- 130 247
- 131 338
- 132 179
- 133 134
- 133 319
- 135 227
- 135 306
- 136 375
- 137 358
- 138 294
- 139 292
- 140 347
- 141 209
- 141 393
- 142 303
- 144 227
- 144 285
- 144 336
- 147 380
- 147 175
- 148 322
- 149 220
- 150 229
- 152 378
- 152 337
- 153 157
- 154 362
- 156 173
- 157 308
- 160 364
- 161 373
- 162 188
- 163 358
- 164 394
- 166 376
- 166 381
- 167 175
- 169 233
- 169 216
- 169 246
- 169 278
- 169 280
- 170 209
- 170 289
- 171 178
- 171 344
- 172 307
- 172 267
- 174 196
- 176 307
- 177 243
- 179 245
- 179 288
- 179 265
- 181 322
- 181 348
- 181 253
- 182 246
- 185 272
- 185 391
- 185 295
- 186 391
- 187 302
- 187 222
- 187 269
- 187 213
- 187 362
- 187 318
- 188 312
- 188 191
- 189 196
- 189 343
- 189 231
- 190 196
- 191 330
- 194 294
- 195 350
- 197 333
- 199 386
- 199 389
- 199 254
- 200 344
- 201 300
- 202 354
- 203 276
- 204 270
- 209 399
- 210 354
- 210 260
- 211 278
- 213 343
- 214 383
- 215 328
- 215 343
- 215 268
- 216 313
- 219 371
- 220 347
- 220 317
- 221 385
- 224 366
- 226 341
- 228 270
- 232 278
- 232 333
- 232 398
- 233 282
- 235 347
- 236 353
- 237 383
- 238 331
- 238 296
- 240 334
- 241 368
- 242 289
- 243 399
- 243 397
- 247 319
- 247 298
- 248 252
- 248 316
- 249 344
- 251 318
- 256 287
- 257 343
- 258 324
- 259 318
- 260 290
- 260 365
- 261 267
- 267 343
- 269 353
- 271 302
- 273 391
- 273 377
- 274 347
- 274 364
- 276 290
- 276 280
- 276 337
- 278 292
- 283 397
- 284 380
- 286 384
- 288 320
- 288 394
- 292 305
- 293 396
- 296 382
- 297 308
- 299 369
- 300 340
- 300 391
- 301 347
- 303 352
- 304 392
- 307 336
- 308 395
- 309 310
- 311 375
- 314 328
- 315 318
- 316 361
- 317 395
- 325 392
- 328 357
- 329 388
- 335 374
- 340 343
- 343 385
- 343 345
- 350 363
- 353 359
- 359 373
- 367 370
- 368 385
- 370 383
- 380 385
- 392 396
+ 384 387
+ 367 395
+ 366 390
+ 350 396
+ 349 371
+ 349 353
+ 348 354
+ 341 360
+ 338 345
+ 333 367
+ 329 375
+ 329 399
+ 325 377
+ 321 398
+ 320 377
+ 319 399
+ 318 361
+ 317 345
+ 314 356
+ 304 310
+ 302 377
+ 302 352
+ 300 376
+ 297 351
+ 297 348
+ 294 312
+ 292 366
+ 292 324
+ 292 365
+ 292 380
+ 290 370
+ 290 388
+ 289 366
+ 287 387
+ 286 363
+ 284 350
+ 282 377
+ 279 299
+ 278 348
+ 277 292
+ 276 329
+ 275 283
+ 273 349
+ 272 331
+ 272 337
+ 267 328
+ 267 280
+ 267 357
+ 266 340
+ 265 279
+ 265 388
+ 265 368
+ 264 369
+ 263 338
+ 258 375
+ 258 303
+ 256 350
+ 256 344
+ 256 308
+ 255 323
+ 254 301
+ 254 281
+ 253 264
+ 251 278
+ 250 296
+ 250 338
+ 248 399
+ 247 295
+ 247 353
+ 246 279
+ 244 299
+ 243 336
+ 242 269
+ 242 288
+ 242 367
+ 237 330
+ 233 245
+ 233 269
+ 233 286
+ 233 244
+ 232 254
+ 231 339
+ 230 342
+ 230 282
+ 230 351
+ 230 311
+ 229 259
+ 227 349
+ 226 314
+ 225 349
+ 224 351
+ 224 353
+ 222 326
+ 220 353
+ 219 322
+ 217 292
+ 217 332
+ 216 236
+ 216 280
+ 216 350
+ 214 323
+ 213 388
+ 213 237
+ 212 264
+ 210 388
+ 209 329
+ 208 218
+ 205 271
+ 204 207
+ 204 348
+ 203 249
+ 202 339
+ 201 252
+ 200 289
+ 199 320
+ 198 210
+ 197 276
+ 196 292
+ 195 272
+ 194 346
+ 193 374
+ 192 250
+ 191 349
+ 190 297
+ 186 282
+ 185 213
+ 183 299
+ 180 374
+ 179 315
+ 177 388
+ 177 343
+ 177 272
+ 175 268
+ 175 265
+ 174 251
+ 169 339
+ 169 259
+ 168 171
+ 168 327
+ 168 267
+ 168 184
+ 166 168
+ 165 262
+ 164 310
+ 163 176
+ 162 347
+ 162 335
+ 162 278
+ 161 334
+ 160 279
+ 157 204
+ 156 182
+ 156 360
+ 155 171
+ 154 286
+ 153 290
+ 152 294
+ 152 371
+ 151 201
+ 150 265
+ 143 253
+ 142 271
+ 141 329
+ 141 326
+ 141 230
+ 140 388
+ 139 355
+ 139 310
+ 139 149
+ 138 348
+ 138 362
+ 137 145
+ 137 285
+ 136 247
+ 135 345
+ 135 378
+ 134 252
+ 134 146
+ 132 280
+ 130 289
+ 130 243
+ 130 170
+ 129 274
+ 129 230
+ 129 151
+ 127 196
+ 124 291
+ 124 238
+ 123 280
+ 122 126
+ 121 330
+ 120 165
+ 119 221
+ 119 339
+ 118 246
+ 117 210
+ 116 276
+ 114 291
+ 114 230
+ 114 219
+ 113 228
+ 113 233
+ 112 145
+ 112 241
+ 111 137
+ 110 187
+ 110 114
+ 110 306
+ 109 173
+ 109 292
+ 108 389
+ 108 175
+ 107 279
+ 106 364
+ 105 361
+ 105 372
+ 105 206
+ 104 351
+ 103 181
+ 103 322
+ 102 365
+ 101 247
+ 100 156
+ 99 242
+ 98 106
+ 98 321
+ 97 131
+ 97 394
+ 96 292
+ 96 236
+ 96 230
+ 96 279
+ 95 300
+ 94 188
+ 94 239
+ 94 158
+ 93 349
+ 92 120
+ 92 211
+ 91 136
+ 90 393
+ 90 257
+ 90 189
+ 89 181
+ 88 163
+ 87 224
+ 86 316
+ 85 198
+ 84 219
+ 82 373
+ 82 186
+ 81 362
+ 80 285
+ 79 379
+ 79 340
+ 78 307
+ 76 165
+ 75 369
+ 74 105
+ 74 293
+ 73 283
+ 72 244
+ 72 133
+ 72 205
+ 72 97
+ 71 270
+ 70 103
+ 69 391
+ 68 305
+ 68 96
+ 67 316
+ 67 290
+ 67 314
+ 66 219
+ 65 236
+ 63 311
+ 63 234
+ 63 300
+ 61 244
+ 60 267
+ 59 64
+ 58 338
+ 57 273
+ 56 172
+ 56 261
+ 56 107
+ 56 239
+ 54 179
+ 53 297
+ 52 215
+ 51 272
+ 51 240
+ 50 83
+ 50 230
+ 50 254
+ 49 369
+ 49 400
+ 49 115
+ 49 189
+ 49 215
+ 48 233
+ 47 205
+ 47 148
+ 46 359
+ 45 213
+ 44 293
+ 43 360
+ 43 78
+ 43 244
+ 42 167
+ 42 384
+ 42 323
+ 42 254
+ 41 239
+ 40 55
+ 40 159
+ 40 334
+ 40 309
+ 40 298
+ 40 279
+ 39 385
+ 39 107
+ 38 279
+ 37 204
+ 37 397
+ 37 249
+ 36 353
+ 35 315
+ 35 125
+ 35 324
+ 34 291
+ 33 398
+ 33 358
+ 32 141
+ 31 265
+ 31 62
+ 30 51
+ 30 235
+ 29 208
+ 29 382
+ 29 338
+ 29 56
+ 29 321
+ 28 177
+ 27 189
+ 26 223
+ 26 230
+ 25 107
+ 24 359
+ 24 254
+ 24 73
+ 23 126
+ 23 213
+ 22 79
+ 22 324
+ 22 285
+ 22 139
+ 21 43
+ 20 363
+ 19 71
+ 19 141
+ 18 377
+ 18 105
+ 18 144
+ 18 178
+ 18 374
+ 16 349
+ 15 105
+ 14 74
+ 13 151
+ 12 17
+ 12 112
+ 11 239
+ 11 259
+ 10 128
+ 10 377
+ 9 321
+ 8 196
+ 8 383
+ 8 64
+ 8 346
+ 8 147
+ 7 49
+ 7 165
+ 7 96
+ 7 392
+ 6 165
+ 6 176
+ 5 64
+ 5 313
+ 4 239
+ 4 77
+ 3 199
+ 3 391
+ 2 260
+ 2 224
+ 2 381
- 1 212
- 1 143
- 1 253
- 1 264
- 1 75
- 1 369
- 1 400
- 1 115
- 1 27
- 1 393
- 1 257
- 1 90
- 1 189
- 1 52
- 1 215
- 1 49
- 1 88
- 1 163
- 1 176
- 1 6
- 1 76
- 1 211
- 1 92
- 1 120
- 1 262
- 1 165
- 1 332
- 1 217
- 1 277
- 1 336
- 1 243
- 1 170
- 1 130
- 1 200
- 1 289
- 1 390
- 1 366
- 1 173
- 1 109
- 1 379
- 1 266
- 1 340
- 1 79
- 1 80
- 1 241
- 1 17
- 1 12
- 1 112
- 1 145
- 1 111
- 1 137
- 1 285
- 1 355
- 1 164
- 1 304
- 1 310
- 1 149
- 1 139
- 1 22
- 1 54
- 1 179
- 1 315
- 1 125
- 1 35
- 1 324
- 1 383
- 1 313
- 1 5
- 1 59
- 1 64
- 1 194
- 1 346
- 1 147
- 1 8
- 1 127
- 1 196
- 1 102
- 1 365
- 1 380
- 1 292
- 1 328
- 1 155
- 1 171
- 1 166
- 1 327
- 1 184
- 1 168
- 1 60
- 1 357
- 1 267
- 1 132
- 1 123
- 1 280
- 1 396
- 1 344
- 1 308
- 1 256
- 1 284
- 1 350
- 1 216
- 1 65
- 1 236
- 1 342
- 1 373
- 1 82
- 1 186
- 1 318
- 1 361
- 1 372
- 1 206
- 1 14
- 1 44
- 1 293
- 1 74
- 1 15
- 1 105
- 1 144
- 1 178
- 1 193
- 1 180
- 1 374
- 1 18
- 1 352
- 1 302
- 1 325
- 1 128
- 1 10
- 1 69
- 1 391
- 1 3
- 1 199
- 1 320
- 1 377
- 1 282
- 1 223
- 1 26
- 1 238
- 1 124
- 1 34
- 1 291
- 1 187
- 1 306
- 1 110
- 1 66
- 1 84
- 1 70
- 1 89
- 1 181
- 1 103
- 1 322
- 1 219
- 1 114
- 1 274
- 1 13
- 1 146
- 1 134
- 1 252
- 1 201
- 1 151
- 1 129
- 1 83
- 1 46
- 1 359
- 1 275
- 1 283
- 1 73
- 1 24
- 1 301
- 1 232
- 1 281
- 1 167
- 1 287
- 1 387
- 1 384
- 1 255
- 1 214
- 1 323
- 1 42
- 1 254
- 1 50
- 1 260
- 1 381
- 1 2
- 1 36
- 1 220
- 1 16
- 1 57
- 1 273
- 1 191
- 1 225
- 1 227
- 1 93
- 1 312
- 1 294
- 1 152
- 1 371
- 1 349
- 1 295
- 1 101
- 1 91
- 1 136
- 1 247
- 1 353
- 1 87
- 1 224
- 1 190
- 1 53
- 1 174
- 1 251
- 1 347
- 1 335
- 1 162
- 1 278
- 1 81
- 1 362
- 1 138
- 1 397
- 1 203
- 1 249
- 1 37
- 1 207
- 1 157
- 1 204
- 1 354
- 1 348
- 1 297
- 1 104
- 1 351
- 1 234
- 1 376
- 1 95
- 1 300
- 1 63
- 1 311
- 1 32
- 1 209
- 1 303
- 1 258
- 1 375
- 1 197
- 1 116
- 1 276
- 1 248
- 1 319
- 1 399
- 1 329
- 1 270
- 1 71
- 1 19
- 1 222
- 1 326
- 1 141
- 1 230
- 1 25
- 1 385
- 1 39
- 1 172
- 1 261
- 1 229
- 1 231
- 1 202
- 1 221
- 1 119
- 1 339
- 1 169
- 1 259
- 1 11
- 1 77
- 1 4
- 1 41
- 1 188
- 1 158
- 1 94
- 1 239
- 1 218
- 1 208
- 1 382
- 1 58
- 1 263
- 1 378
- 1 135
- 1 317
- 1 345
- 1 192
- 1 296
- 1 250
- 1 338
- 1 9
- 1 358
- 1 33
- 1 398
- 1 364
- 1 106
- 1 98
- 1 321
- 1 29
- 1 56
- 1 107
- 1 118
- 1 246
- 1 62
- 1 31
- 1 268
- 1 389
- 1 108
- 1 175
- 1 150
- 1 370
- 1 86
- 1 316
- 1 356
- 1 226
- 1 314
- 1 67
- 1 153
- 1 290
- 1 28
- 1 343
- 1 235
- 1 30
- 1 240
- 1 51
- 1 331
- 1 337
- 1 195
- 1 272
- 1 177
- 1 85
- 1 198
- 1 117
- 1 210
- 1 121
- 1 330
- 1 237
- 1 185
- 1 122
- 1 126
- 1 23
- 1 45
- 1 213
- 1 140
- 1 388
- 1 368
- 1 265
- 1 160
- 1 55
- 1 159
- 1 161
- 1 334
- 1 309
- 1 298
- 1 40
- 1 38
- 1 133
- 1 142
- 1 271
- 1 148
- 1 47
- 1 205
- 1 131
- 1 394
- 1 97
- 1 72
- 1 48
- 1 245
- 1 99
- 1 288
- 1 333
- 1 395
- 1 367
- 1 242
- 1 269
- 1 228
- 1 113
- 1 154
- 1 20
- 1 363
- 1 286
- 1 233
- 1 61
- 1 341
- 1 100
- 1 182
- 1 156
- 1 360
- 1 307
- 1 78
- 1 21
- 1 43
- 1 244
- 1 183
- 1 299
- 1 279
- 1 305
- 1 68
- 1 96
- 392 1
