2252
+ 1 356
+ 1 326
+ 1 275
+ 1 189
+ 1 342
+ 1 317
+ 1 313
+ 1 137
+ 1 171
+ 1 165
+ 1 201
+ 1 247
+ 1 236
+ 1 284
+ 1 259
+ 1 184
+ 1 182
+ 1 318
+ 1 384
+ 1 75
+ 1 230
+ 1 28
+ 1 172
+ 1 231
+ 1 341
+ 1 139
+ 1 83
+ 1 77
+ 1 392
+ 1 266
+ 1 13
+ 1 162
+ 1 177
+ 1 400
+ 1 164
+ 1 345
+ 1 330
+ 1 34
+ 1 267
+ 1 161
+ 1 153
+ 1 279
+ 1 102
+ 1 306
+ 1 226
+ 1 282
+ 1 371
+ 1 357
+ 1 183
+ 1 305
+ 1 144
+ 1 256
+ 1 47
+ 1 89
+ 1 383
+ 1 193
+ 1 127
+ 1 53
+ 1 105
+ 1 312
+ 1 271
+ 1 253
+ 1 76
+ 1 78
+ 1 63
+ 1 101
+ 1 110
+ 1 238
+ 1 348
+ 1 155
+ 1 311
+ 1 8
+ 1 58
+ 1 9
+ 1 84
+ 1 314
+ 1 199
+ 1 190
+ 1 204
+ 1 44
+ 1 85
+ 1 79
+ 1 143
+ 1 57
+ 1 68
+ 1 191
+ 1 170
+ 1 104
+ 1 117
+ 1 12
+ 1 141
+ 1 233
+ 1 15
+ 1 54
+ 1 26
+ 1 41
+ 1 219
+ 1 376
+ 1 292
+ 1 148
+ 1 69
+ 1 386
+ 1 196
+ 1 235
+ 1 207
+ 1 20
+ 1 287
+ 1 36
+ 1 93
+ 1 250
+ 1 234
+ 1 232
+ 1 125
+ 1 19
+ 1 377
+ 1 274
+ 1 323
+ 1 188
+ 1 364
+ 1 116
+ 1 385
+ 1 109
+ 1 211
+ 1 307
+ 1 343
+ 1 295
+ 1 6
+ 1 64
+ 1 3
+ 1 10
+ 1 289
+ 1 354
+ 1 261
+ 1 169
+ 1 17
+ 1 336
+ 1 206
+ 1 328
+ 1 270
+ 1 255
+ 1 159
+ 1 399
+ 1 227
+ 1 40
+ 1 321
+ 1 396
+ 1 324
+ 1 130
+ 1 51
+ 1 222
+ 1 378
+ 1 217
+ 1 32
+ 1 30
+ 1 359
+ 1 296
+ 1 290
+ 1 70
+ 1 390
+ 1 351
+ 1 140
+ 1 273
+ 1 350
+ 1 72
+ 1 100
+ 1 228
+ 1 368
+ 1 73
+ 1 278
+ 1 258
+ 1 303
+ 1 319
+ 1 373
+ 1 152
+ 1 293
+ 1 286
+ 1 18
+ 1 50
+ 1 112
+ 1 60
+ 1 320
+ 1 218
+ 1 175
+ 1 331
+ 1 262
+ 1 276
+ 1 297
+ 1 71
+ 1 87
+ 1 202
+ 1 394
+ 1 120
+ 1 55
+ 1 39
+ 1 239
+ 1 7
+ 1 325
+ 1 62
+ 1 260
+ 1 245
+ 1 138
+ 1 335
+ 1 180
+ 1 24
+ 1 174
+ 1 395
+ 1 113
+ 1 393
+ 1 382
+ 1 300
+ 1 220
+ 1 49
+ 1 145
+ 1 223
+ 1 362
+ 1 43
+ 1 142
+ 1 257
+ 1 208
+ 1 391
+ 1 96
+ 1 179
+ 1 349
+ 1 285
+ 1 249
+ 1 11
+ 1 294
+ 1 387
+ 1 149
+ 1 203
+ 1 92
+ 1 269
+ 1 316
+ 1 103
+ 1 114
+ 1 215
+ 1 59
+ 1 375
+ 1 123
+ 1 198
+ 1 42
+ 1 192
+ 1 374
+ 1 52
+ 1 243
+ 1 355
+ 1 131
+ 1 154
+ 1 210
+ 1 80
+ 1 56
+ 1 381
+ 1 134
+ 1 389
+ 1 301
+ 1 288
+ 1 380
+ 1 157
+ 1 322
+ 1 156
+ 1 388
+ 1 14
+ 1 366
+ 1 181
+ 1 197
+ 1 94
+ 1 397
+ 1 209
+ 1 81
+ 1 246
+ 1 129
+ 1 167
+ 1 251
+ 1 66
+ 1 31
+ 1 33
+ 1 329
+ 1 264
+ 1 124
+ 1 334
+ 1 2
+ 1 242
+ 1 302
+ 1 254
+ 1 277
+ 1 205
+ 1 160
+ 1 132
+ 1 216
+ 1 347
+ 1 280
+ 1 21
+ 1 99
+ 1 88
+ 1 178
+ 1 212
+ 1 168
+ 1 74
+ 1 344
+ 1 379
+ 1 367
+ 1 252
+ 1 158
+ 1 25
+ 1 304
+ 1 133
+ 1 237
+ 1 121
+ 1 147
+ 1 61
+ 1 346
+ 1 369
+ 1 370
+ 1 213
+ 1 173
+ 1 265
+ 1 272
+ 1 240
+ 1 332
+ 1 82
+ 1 225
+ 1 150
+ 1 46
+ 1 107
+ 1 358
+ 1 122
+ 1 128
+ 1 339
+ 1 361
+ 1 200
+ 1 310
+ 1 281
+ 1 337
+ 1 187
+ 1 45
+ 1 146
+ 1 48
+ 1 291
+ 1 95
+ 1 65
+ 1 126
+ 1 151
+ 1 91
+ 1 111
+ 1 333
+ 1 268
+ 1 214
+ 1 27
+ 1 67
+ 1 176
+ 1 340
+ 1 97
+ 1 166
+ 1 185
+ 1 186
+ 1 360
+ 1 298
+ 1 35
+ 1 194
+ 1 299
+ 1 195
+ 1 108
+ 1 353
+ 1 4
+ 1 241
+ 1 37
+ 1 86
+ 1 363
+ 1 115
+ 1 5
+ 1 22
+ 1 244
+ 1 308
+ 1 29
+ 1 98
+ 1 338
+ 1 90
+ 1 118
+ 1 327
+ 1 263
+ 1 23
+ 1 283
+ 1 315
+ 1 224
+ 1 372
+ 1 248
+ 1 163
+ 1 365
+ 1 16
+ 1 221
+ 1 398
+ 1 119
+ 1 136
+ 1 352
+ 1 106
- 2 242
- 2 302
- 2 334
- 2 254
- 3 64
- 3 10
- 3 289
- 3 354
- 4 241
- 4 265
- 4 272
- 5 22
- 5 167
- 6 295
- 6 64
- 6 106
- 7 239
- 7 325
- 7 283
- 7 315
- 8 58
- 8 311
- 8 9
- 9 58
- 10 289
- 10 354
- 10 64
- 11 249
- 11 294
- 11 387
- 12 117
- 12 170
- 12 104
- 12 141
- 13 162
- 13 392
- 13 235
- 14 322
- 14 156
- 14 388
- 14 366
- 15 54
- 15 233
- 16 221
- 16 290
- 17 169
- 17 336
- 17 261
- 17 206
- 18 286
- 18 50
- 18 112
- 19 377
- 19 135
- 19 323
- 19 274
- 20 207
- 20 231
- 20 341
- 20 139
- 21 280
- 21 99
- 21 212
- 21 88
- 21 178
- 22 167
- 23 263
- 23 174
- 24 180
- 24 245
- 24 138
- 24 335
- 25 158
- 25 304
- 25 252
- 26 233
- 26 41
- 27 214
- 27 333
- 27 268
- 27 67
- 28 230
- 28 172
- 29 269
- 29 316
- 30 359
- 30 296
- 30 32
- 31 66
- 31 33
- 31 329
- 31 251
- 32 378
- 32 217
- 33 251
- 33 66
- 34 330
- 34 267
- 34 345
- 34 161
- 35 298
- 36 384
- 36 287
- 36 93
- 36 75
- 37 61
- 37 147
- 37 346
- 38 135
- 38 309
- 39 55
- 39 239
- 39 394
- 39 224
- 39 120
- 40 227
- 40 321
- 40 398
- 40 119
- 42 192
- 42 198
- 42 123
- 43 223
- 43 362
- 43 142
- 44 85
- 44 204
- 44 143
- 44 79
- 44 219
- 45 146
- 45 187
- 45 337
- 46 107
- 46 150
- 46 353
- 46 358
- 47 256
- 47 89
- 48 146
- 48 291
- 48 95
- 49 145
- 49 338
- 49 220
- 50 112
- 50 60
- 50 286
- 51 130
- 51 222
- 52 374
- 52 243
- 52 355
- 53 127
- 53 105
- 53 196
- 54 233
- 55 394
- 55 224
- 55 120
- 56 131
- 56 381
- 56 389
- 56 134
- 56 301
- 57 143
- 57 68
- 57 191
- 58 84
- 59 215
- 59 114
- 59 375
- 59 103
- 60 320
- 60 175
- 60 331
- 60 218
- 61 147
- 61 346
- 62 325
- 62 260
- 63 101
- 63 348
- 63 110
- 63 238
- 63 76
- 64 354
- 64 289
- 65 126
- 65 151
- 65 91
- 65 146
- 65 111
- 66 251
- 67 333
- 67 268
- 67 214
- 68 191
- 68 170
- 69 148
- 69 386
- 69 155
- 69 311
- 70 290
- 70 390
- 70 351
- 70 365
- 70 140
- 71 262
- 71 276
- 71 297
- 72 100
- 72 350
- 72 73
- 72 228
- 72 368
- 73 278
- 73 368
- 73 100
- 73 228
- 74 344
- 74 379
- 74 168
- 74 367
- 75 384
- 75 230
- 75 287
- 75 93
- 76 253
- 76 78
- 76 312
- 76 271
- 77 392
- 77 83
- 77 266
- 78 253
- 78 271
- 78 312
- 79 143
- 79 85
- 79 219
- 80 131
- 80 210
- 80 154
- 81 209
- 81 246
- 81 129
- 81 397
- 82 332
- 82 225
- 82 240
- 83 266
- 83 139
- 83 392
- 84 314
- 84 204
- 84 199
- 84 190
- 85 219
- 85 143
- 86 280
- 86 363
- 86 347
- 86 115
- 87 202
- 87 372
- 87 262
- 88 99
- 88 178
- 88 212
- 89 383
- 89 256
- 90 220
- 90 300
- 90 382
- 90 118
- 91 151
- 91 111
- 91 126
- 92 203
- 92 269
- 92 98
- 92 387
- 92 149
- 93 287
- 93 384
- 94 197
- 94 397
- 94 366
- 94 181
- 95 291
- 95 146
- 96 391
- 96 208
- 96 257
- 96 142
- 97 340
- 97 166
- 97 186
- 97 185
- 98 149
- 98 387
- 98 203
- 99 178
- 99 168
- 99 212
- 100 228
- 100 368
- 101 110
- 101 348
- 101 238
- 102 153
- 102 279
- 103 114
- 103 316
- 103 215
- 103 375
- 104 170
- 104 117
- 104 141
- 105 312
- 105 196
- 106 295
- 107 358
- 107 150
- 107 353
- 108 299
- 108 340
- 108 195
- 108 176
- 109 211
- 109 385
- 109 307
- 109 343
- 109 295
- 110 238
- 110 348
- 111 151
- 111 126
- 112 286
- 113 393
- 113 395
- 113 327
- 114 215
- 114 375
- 115 280
- 115 363
- 115 347
- 116 364
- 116 188
- 116 385
- 117 141
- 117 170
- 118 300
- 118 382
- 118 220
- 119 227
- 119 398
- 120 394
- 120 224
- 121 304
- 121 133
- 121 237
- 122 128
- 122 358
- 122 200
- 122 361
- 122 339
- 123 198
- 123 215
- 123 192
- 124 264
- 124 329
- 124 334
- 125 182
- 125 184
- 126 151
- 126 333
- 127 193
- 127 383
- 128 339
- 128 361
- 129 209
- 129 246
- 129 397
- 130 324
- 130 222
- 131 154
- 131 210
- 131 374
- 132 160
- 132 205
- 132 216
- 132 277
- 133 237
- 133 304
- 134 381
- 134 389
- 134 301
- 135 309
- 136 270
- 136 328
- 136 352
- 137 171
- 137 247
- 137 165
- 137 201
- 137 275
- 138 335
- 138 245
- 138 180
- 139 341
- 139 231
- 139 207
- 140 273
- 140 365
- 140 390
- 140 351
- 141 170
- 141 233
- 142 257
- 142 208
- 142 391
- 143 219
- 144 183
- 144 305
- 145 223
- 145 338
- 146 291
- 147 304
- 147 346
- 148 155
- 148 386
- 148 311
- 149 203
- 149 387
- 150 358
- 150 353
- 150 240
- 152 293
- 152 373
- 152 286
- 153 279
- 153 306
- 153 267
- 154 210
- 155 311
- 155 238
- 155 386
- 156 322
- 156 388
- 157 322
- 157 244
- 157 288
- 157 380
- 157 308
- 158 252
- 159 255
- 159 399
- 159 227
- 160 205
- 160 277
- 160 216
- 161 267
- 161 330
- 161 345
- 162 177
- 162 235
- 163 273
- 163 248
- 163 350
- 164 177
- 164 400
- 165 171
- 165 201
- 165 247
- 166 185
- 166 186
- 167 397
- 167 251
- 168 379
- 168 344
- 168 367
- 169 206
- 169 261
- 169 328
- 169 336
- 171 201
- 171 247
- 172 230
- 173 369
- 173 265
- 173 213
- 173 370
- 174 395
- 174 263
- 174 180
- 175 218
- 175 331
- 175 320
- 176 340
- 176 268
- 176 195
- 176 299
- 177 400
- 177 345
- 178 212
- 179 349
- 179 285
- 179 257
- 180 335
- 180 245
- 181 366
- 181 197
- 182 318
- 182 184
- 183 305
- 183 371
- 183 256
- 184 259
- 185 186
- 186 360
- 187 337
- 188 364
- 188 323
- 188 385
- 189 275
- 189 342
- 189 313
- 189 317
- 190 199
- 190 314
- 192 198
- 192 374
- 193 383
- 194 360
- 194 298
- 195 299
- 195 340
- 197 366
- 199 314
- 200 310
- 200 281
- 201 247
- 201 236
- 202 394
- 202 372
- 203 387
- 204 376
- 204 292
- 205 216
- 205 277
- 206 336
- 206 261
- 207 231
- 207 341
- 208 257
- 208 391
- 209 397
- 209 246
- 211 307
- 211 343
- 213 370
- 213 369
- 214 268
- 214 333
- 215 375
- 216 277
- 216 347
- 217 378
- 218 331
- 218 320
- 220 300
- 220 382
- 221 290
- 222 378
- 223 362
- 224 394
- 225 240
- 225 332
- 226 282
- 226 306
- 226 357
- 226 371
- 227 398
- 228 368
- 229 356
- 229 326
- 230 231
- 231 341
- 232 318
- 232 234
- 232 250
- 234 250
- 234 318
- 236 284
- 236 259
- 237 304
- 238 348
- 239 315
- 239 283
- 240 332
- 240 272
- 241 265
- 241 272
- 242 302
- 242 254
- 242 334
- 243 374
- 243 355
- 244 288
- 244 380
- 244 308
- 245 260
- 245 335
- 246 397
- 248 350
- 248 273
- 249 285
- 249 294
- 250 318
- 252 367
- 253 271
- 253 312
- 254 334
- 254 302
- 255 270
- 255 399
- 257 391
- 258 278
- 258 303
- 258 319
- 259 284
- 260 325
- 261 336
- 261 354
- 262 276
- 262 297
- 262 331
- 264 329
- 265 272
- 266 392
- 267 330
- 267 345
- 268 333
- 269 316
- 270 328
- 270 352
- 271 312
- 273 350
- 274 377
- 274 323
- 275 342
- 275 317
- 275 356
- 275 313
- 276 297
- 277 334
- 278 303
- 278 319
- 280 347
- 280 363
- 281 337
- 281 310
- 282 371
- 282 357
- 282 306
- 283 315
- 285 349
- 287 384
- 288 380
- 288 301
- 288 308
- 289 354
- 290 296
- 292 376
- 293 373
- 296 359
- 298 360
- 299 340
- 300 382
- 301 381
- 301 389
- 302 334
- 303 319
- 303 373
- 306 371
- 306 357
- 307 343
- 308 380
- 311 386
- 313 342
- 313 317
- 317 342
- 318 384
- 320 331
- 321 396
- 321 324
- 322 388
- 323 377
- 324 396
- 326 356
- 327 393
- 327 395
- 328 352
- 330 345
- 339 361
- 344 379
- 344 367
- 346 369
- 347 363
- 351 390
- 351 365
- 353 358
- 355 374
- 357 371
- 364 385
- 365 390
- 367 379
- 369 370
- 381 389
- 382 393
- 393 395
+ 390 397
+ 386 390
+ 384 390
+ 376 390
+ 373 390
+ 373 400
+ 371 382
+ 371 390
+ 369 389
+ 366 390
+ 365 398
+ 364 390
+ 363 394
+ 362 390
+ 359 360
+ 356 394
+ 356 363
+ 356 390
+ 352 379
+ 351 396
+ 351 390
+ 349 355
+ 347 390
+ 346 381
+ 343 390
+ 341 390
+ 339 375
+ 338 341
+ 335 393
+ 334 390
+ 331 390
+ 331 372
+ 330 346
+ 330 381
+ 329 345
+ 327 391
+ 326 343
+ 324 390
+ 322 336
+ 320 367
+ 320 390
+ 319 399
+ 317 336
+ 317 322
+ 317 390
+ 316 387
+ 316 390
+ 315 370
+ 313 333
+ 313 390
+ 312 343
+ 312 326
+ 311 384
+ 310 347
+ 309 390
+ 309 360
+ 309 359
+ 308 397
+ 305 395
+ 304 361
+ 302 390
+ 302 383
+ 301 390
+ 298 390
+ 298 358
+ 292 390
+ 292 332
+ 290 357
+ 290 390
+ 289 390
+ 288 390
+ 287 295
+ 286 362
+ 285 390
+ 285 350
+ 283 323
+ 282 390
+ 282 287
+ 282 295
+ 280 318
+ 279 331
+ 279 372
+ 278 362
+ 278 286
+ 277 323
+ 277 283
+ 277 390
+ 276 374
+ 275 300
+ 274 352
+ 274 379
+ 273 296
+ 272 325
+ 271 364
+ 270 390
+ 269 368
+ 268 342
+ 265 300
+ 265 275
+ 264 390
+ 263 390
+ 262 328
+ 262 390
+ 261 338
+ 261 341
+ 260 378
+ 259 337
+ 258 340
+ 257 288
+ 256 377
+ 254 310
+ 254 347
+ 253 353
+ 252 390
+ 252 266
+ 251 390
+ 250 361
+ 250 304
+ 249 284
+ 246 336
+ 246 317
+ 246 322
+ 244 390
+ 243 390
+ 243 256
+ 243 377
+ 242 373
+ 242 400
+ 241 397
+ 241 308
+ 240 259
+ 240 390
+ 240 337
+ 239 297
+ 238 325
+ 238 272
+ 236 390
+ 236 385
+ 235 353
+ 235 253
+ 234 342
+ 234 268
+ 233 270
+ 232 263
+ 231 353
+ 231 253
+ 231 235
+ 230 290
+ 230 357
+ 229 348
+ 228 390
+ 227 375
+ 227 339
+ 226 316
+ 226 387
+ 224 285
+ 224 350
+ 223 378
+ 223 260
+ 223 390
+ 222 263
+ 222 232
+ 221 329
+ 221 390
+ 221 345
+ 220 390
+ 220 269
+ 220 368
+ 219 372
+ 219 331
+ 219 279
+ 218 352
+ 218 274
+ 218 379
+ 217 279
+ 217 219
+ 217 331
+ 217 372
+ 214 220
+ 214 368
+ 214 269
+ 213 324
+ 212 303
+ 210 366
+ 209 293
+ 208 307
+ 207 392
+ 206 299
+ 205 390
+ 205 280
+ 205 318
+ 204 335
+ 204 393
+ 204 390
+ 203 327
+ 203 391
+ 203 390
+ 202 294
+ 201 390
+ 201 245
+ 200 324
+ 200 213
+ 199 390
+ 199 355
+ 199 349
+ 198 237
+ 197 314
+ 196 277
+ 196 283
+ 196 323
+ 195 380
+ 194 225
+ 193 332
+ 193 292
+ 192 300
+ 192 265
+ 192 275
+ 191 197
+ 191 314
+ 190 222
+ 190 263
+ 190 232
+ 189 390
+ 189 272
+ 189 325
+ 189 238
+ 188 351
+ 188 396
+ 187 390
+ 187 194
+ 187 225
+ 186 210
+ 186 366
+ 185 197
+ 185 314
+ 185 390
+ 185 191
+ 184 351
+ 184 188
+ 184 396
+ 183 301
+ 182 281
+ 180 346
+ 180 330
+ 180 381
+ 179 227
+ 179 375
+ 179 339
+ 177 320
+ 177 367
+ 176 211
+ 174 178
+ 173 183
+ 173 301
+ 172 348
+ 172 229
+ 171 397
+ 171 241
+ 171 308
+ 170 326
+ 170 312
+ 170 343
+ 169 390
+ 169 296
+ 169 273
+ 168 357
+ 168 230
+ 168 290
+ 167 215
+ 166 247
+ 165 390
+ 165 176
+ 165 211
+ 164 390
+ 164 181
+ 163 327
+ 163 203
+ 163 391
+ 162 264
+ 161 270
+ 161 233
+ 160 211
+ 160 165
+ 160 176
+ 159 230
+ 159 168
+ 159 357
+ 159 290
+ 158 369
+ 158 389
+ 157 181
+ 157 164
+ 156 321
+ 155 228
+ 154 383
+ 154 302
+ 153 351
+ 153 188
+ 153 396
+ 153 184
+ 152 209
+ 152 293
+ 151 213
+ 151 324
+ 151 200
+ 150 192
+ 150 390
+ 150 265
+ 150 275
+ 150 300
+ 149 215
+ 149 167
+ 149 390
+ 148 248
+ 147 267
+ 146 240
+ 146 337
+ 146 259
+ 145 284
+ 145 390
+ 145 249
+ 144 390
+ 144 208
+ 144 307
+ 143 229
+ 143 348
+ 143 172
+ 142 390
+ 142 291
+ 141 386
+ 140 381
+ 140 330
+ 140 180
+ 140 390
+ 140 346
+ 139 390
+ 139 247
+ 139 166
+ 138 334
+ 137 255
+ 136 202
+ 136 294
+ 135 276
+ 135 374
+ 134 216
+ 133 231
+ 133 253
+ 133 235
+ 133 390
+ 133 353
+ 132 281
+ 132 390
+ 132 182
+ 131 254
+ 131 347
+ 131 310
+ 130 251
+ 129 334
+ 129 138
+ 127 291
+ 127 142
+ 126 244
+ 125 177
+ 125 367
+ 125 320
+ 124 212
+ 124 303
+ 123 382
+ 123 371
+ 122 358
+ 122 298
+ 121 162
+ 121 264
+ 120 147
+ 120 390
+ 120 267
+ 119 400
+ 119 242
+ 119 373
+ 118 138
+ 118 334
+ 118 129
+ 117 341
+ 117 261
+ 117 338
+ 116 135
+ 116 276
+ 116 374
+ 115 289
+ 114 177
+ 114 320
+ 114 125
+ 114 367
+ 113 228
+ 113 155
+ 112 399
+ 112 319
+ 111 178
+ 111 390
+ 111 174
+ 110 302
+ 110 154
+ 110 383
+ 109 175
+ 109 390
+ 108 236
+ 108 385
+ 107 128
+ 106 110
+ 106 302
+ 106 154
+ 106 383
+ 105 278
+ 105 286
+ 105 362
+ 104 322
+ 104 336
+ 104 317
+ 104 246
+ 103 130
+ 103 251
+ 102 266
+ 102 252
+ 101 195
+ 101 380
+ 101 390
+ 100 355
+ 100 349
+ 100 199
+ 99 262
+ 99 328
+ 98 382
+ 98 371
+ 98 123
+ 97 245
+ 97 201
+ 96 289
+ 96 115
+ 95 299
+ 95 390
+ 95 206
+ 94 339
+ 94 179
+ 94 390
+ 94 227
+ 94 375
+ 93 287
+ 93 295
+ 93 282
+ 92 288
+ 92 257
+ 91 376
+ 90 297
+ 90 239
+ 89 390
+ 89 315
+ 89 370
+ 88 141
+ 88 386
+ 87 398
+ 87 365
+ 86 306
+ 85 270
+ 85 161
+ 85 233
+ 84 248
+ 84 148
+ 84 390
+ 83 255
+ 83 390
+ 83 137
+ 82 313
+ 82 333
+ 81 305
+ 81 395
+ 80 84
+ 80 148
+ 80 248
+ 79 202
+ 79 136
+ 79 294
+ 78 237
+ 78 198
+ 77 166
+ 77 247
+ 77 139
+ 76 176
+ 76 165
+ 76 160
+ 76 211
+ 75 209
+ 75 152
+ 75 293
+ 75 390
+ 74 354
+ 73 204
+ 73 393
+ 73 335
+ 72 390
+ 72 158
+ 72 369
+ 72 389
+ 71 166
+ 71 139
+ 71 77
+ 71 247
+ 70 341
+ 70 261
+ 70 338
+ 70 117
+ 69 386
+ 69 88
+ 69 141
+ 68 84
+ 68 248
+ 68 148
+ 68 80
+ 67 299
+ 67 95
+ 67 206
+ 66 371
+ 66 98
+ 66 123
+ 66 382
+ 65 324
+ 65 151
+ 65 213
+ 65 200
+ 64 91
+ 64 376
+ 63 112
+ 63 399
+ 63 390
+ 63 319
+ 62 390
+ 62 156
+ 62 321
+ 61 328
+ 61 262
+ 61 99
+ 60 267
+ 60 147
+ 60 120
+ 59 342
+ 59 234
+ 59 268
+ 59 390
+ 58 262
+ 58 99
+ 58 61
+ 58 328
+ 57 390
+ 57 348
+ 57 229
+ 57 172
+ 57 143
+ 56 197
+ 56 185
+ 56 314
+ 56 191
+ 55 162
+ 55 264
+ 55 121
+ 54 364
+ 54 271
+ 53 390
+ 53 74
+ 53 354
+ 52 285
+ 52 350
+ 52 224
+ 51 340
+ 51 258
+ 50 378
+ 50 260
+ 50 223
+ 49 244
+ 49 126
+ 48 369
+ 48 158
+ 48 72
+ 48 389
+ 47 203
+ 47 391
+ 47 163
+ 47 327
+ 46 250
+ 46 390
+ 46 361
+ 46 304
+ 45 221
+ 45 329
+ 45 345
+ 44 128
+ 44 107
+ 43 198
+ 43 390
+ 43 78
+ 43 237
+ 42 365
+ 42 398
+ 42 390
+ 42 87
+ 41 379
+ 41 352
+ 41 274
+ 41 390
+ 41 218
+ 40 216
+ 40 134
+ 39 112
+ 39 399
+ 39 63
+ 39 319
+ 38 102
+ 38 252
+ 38 266
+ 37 306
+ 37 86
+ 36 37
+ 36 306
+ 36 390
+ 36 86
+ 35 239
+ 35 90
+ 35 297
+ 35 390
+ 34 50
+ 34 378
+ 34 260
+ 34 223
+ 33 113
+ 33 155
+ 33 228
+ 32 93
+ 32 295
+ 32 287
+ 32 282
+ 31 311
+ 31 384
+ 30 380
+ 30 195
+ 30 101
+ 29 111
+ 29 178
+ 29 174
+ 28 202
+ 28 294
+ 28 390
+ 28 136
+ 28 79
+ 27 45
+ 27 345
+ 27 221
+ 27 329
+ 26 388
+ 25 390
+ 25 26
+ 25 388
+ 24 132
+ 24 182
+ 24 281
+ 23 283
+ 23 277
+ 23 196
+ 23 323
+ 22 344
+ 22 390
+ 21 390
+ 21 81
+ 21 305
+ 21 395
+ 20 101
+ 20 30
+ 20 195
+ 20 380
+ 19 390
+ 19 212
+ 19 124
+ 19 303
+ 18 109
+ 18 175
+ 17 385
+ 17 108
+ 17 236
+ 16 46
+ 16 361
+ 16 304
+ 16 250
+ 15 266
+ 15 252
+ 15 102
+ 15 38
+ 14 359
+ 14 309
+ 14 360
+ 13 207
+ 13 392
+ 13 390
+ 12 215
+ 12 167
+ 12 149
+ 11 344
+ 11 22
+ 10 174
+ 10 29
+ 10 178
+ 10 111
+ 9 390
+ 9 51
+ 9 258
+ 9 340
+ 8 135
+ 8 374
+ 8 390
+ 8 276
+ 8 116
+ 7 292
+ 7 193
+ 7 332
+ 6 107
+ 6 390
+ 6 128
+ 6 44
+ 5 134
+ 5 216
+ 5 40
+ 5 390
+ 4 74
+ 4 53
+ 4 354
+ 3 6
+ 3 44
+ 3 128
+ 3 107
+ 2 325
+ 2 238
+ 2 272
+ 2 189
- 1 49
- 1 126
- 1 244
- 1 210
- 1 186
- 1 366
- 1 194
- 1 225
- 1 187
- 1 348
- 1 229
- 1 172
- 1 143
- 1 57
- 1 91
- 1 64
- 1 376
- 1 369
- 1 48
- 1 158
- 1 389
- 1 72
- 1 193
- 1 7
- 1 332
- 1 292
- 1 296
- 1 273
- 1 169
- 1 350
- 1 224
- 1 52
- 1 285
- 1 93
- 1 295
- 1 287
- 1 32
- 1 282
- 1 400
- 1 242
- 1 119
- 1 373
- 1 106
- 1 383
- 1 110
- 1 154
- 1 302
- 1 127
- 1 291
- 1 142
- 1 117
- 1 70
- 1 338
- 1 261
- 1 341
- 1 269
- 1 214
- 1 368
- 1 220
- 1 61
- 1 99
- 1 328
- 1 58
- 1 262
- 1 97
- 1 245
- 1 201
- 1 54
- 1 271
- 1 364
- 1 174
- 1 29
- 1 178
- 1 10
- 1 111
- 1 325
- 1 238
- 1 272
- 1 2
- 1 189
- 1 74
- 1 354
- 1 4
- 1 53
- 1 156
- 1 321
- 1 62
- 1 96
- 1 115
- 1 289
- 1 51
- 1 258
- 1 340
- 1 9
- 1 69
- 1 141
- 1 88
- 1 386
- 1 168
- 1 230
- 1 357
- 1 159
- 1 290
- 1 14
- 1 360
- 1 359
- 1 309
- 1 305
- 1 81
- 1 395
- 1 21
- 1 265
- 1 192
- 1 275
- 1 300
- 1 150
- 1 176
- 1 160
- 1 76
- 1 211
- 1 165
- 1 312
- 1 170
- 1 326
- 1 343
- 1 266
- 1 38
- 1 15
- 1 102
- 1 252
- 1 26
- 1 388
- 1 25
- 1 250
- 1 16
- 1 361
- 1 304
- 1 46
- 1 166
- 1 71
- 1 247
- 1 77
- 1 139
- 1 121
- 1 55
- 1 162
- 1 264
- 1 175
- 1 18
- 1 109
- 1 385
- 1 108
- 1 17
- 1 236
- 1 398
- 1 365
- 1 87
- 1 42
- 1 31
- 1 311
- 1 384
- 1 33
- 1 113
- 1 155
- 1 228
- 1 342
- 1 234
- 1 268
- 1 59
- 1 27
- 1 329
- 1 45
- 1 345
- 1 221
- 1 213
- 1 65
- 1 200
- 1 151
- 1 324
- 1 138
- 1 129
- 1 118
- 1 334
- 1 208
- 1 307
- 1 144
- 1 183
- 1 173
- 1 301
- 1 284
- 1 249
- 1 145
- 1 336
- 1 322
- 1 246
- 1 104
- 1 317
- 1 267
- 1 147
- 1 60
- 1 120
- 1 227
- 1 339
- 1 179
- 1 375
- 1 94
- 1 256
- 1 377
- 1 243
- 1 380
- 1 20
- 1 195
- 1 30
- 1 101
- 1 355
- 1 100
- 1 349
- 1 199
- 1 180
- 1 330
- 1 381
- 1 346
- 1 140
- 1 259
- 1 146
- 1 337
- 1 240
- 1 157
- 1 181
- 1 164
- 1 122
- 1 358
- 1 298
- 1 82
- 1 333
- 1 313
- 1 202
- 1 136
- 1 294
- 1 79
- 1 28
- 1 153
- 1 184
- 1 396
- 1 188
- 1 351
- 1 248
- 1 68
- 1 80
- 1 148
- 1 84
- 1 226
- 1 387
- 1 316
- 1 241
- 1 171
- 1 308
- 1 397
- 1 281
- 1 24
- 1 182
- 1 132
- 1 216
- 1 134
- 1 40
- 1 5
- 1 78
- 1 198
- 1 237
- 1 43
- 1 278
- 1 286
- 1 105
- 1 362
- 1 207
- 1 392
- 1 13
- 1 299
- 1 67
- 1 206
- 1 95
- 1 274
- 1 352
- 1 379
- 1 218
- 1 41
- 1 394
- 1 363
- 1 356
- 1 92
- 1 257
- 1 288
- 1 280
- 1 318
- 1 205
- 1 50
- 1 378
- 1 260
- 1 34
- 1 223
- 1 310
- 1 131
- 1 254
- 1 347
- 1 135
- 1 276
- 1 374
- 1 116
- 1 8
- 1 399
- 1 39
- 1 112
- 1 319
- 1 63
- 1 279
- 1 219
- 1 217
- 1 372
- 1 331
- 1 85
- 1 233
- 1 161
- 1 270
- 1 128
- 1 3
- 1 107
- 1 44
- 1 6
- 1 222
- 1 232
- 1 190
- 1 263
- 1 255
- 1 137
- 1 83
- 1 253
- 1 235
- 1 231
- 1 353
- 1 133
- 1 23
- 1 283
- 1 323
- 1 196
- 1 277
- 1 315
- 1 370
- 1 89
- 1 130
- 1 103
- 1 251
- 1 177
- 1 125
- 1 114
- 1 367
- 1 320
- 1 382
- 1 66
- 1 123
- 1 98
- 1 371
- 1 47
- 1 327
- 1 391
- 1 163
- 1 203
- 1 393
- 1 335
- 1 73
- 1 204
- 1 344
- 1 11
- 1 22
- 1 197
- 1 314
- 1 56
- 1 191
- 1 185
- 1 306
- 1 37
- 1 86
- 1 36
- 1 90
- 1 239
- 1 297
- 1 35
- 1 215
- 1 167
- 1 12
- 1 149
- 1 209
- 1 152
- 1 293
- 1 75
- 390 1
