4771
+ 1 358
+ 1 108
+ 1 247
+ 1 85
+ 1 326
+ 1 232
+ 1 263
+ 1 141
+ 1 104
+ 1 375
+ 1 209
+ 1 228
+ 1 33
+ 1 335
+ 1 275
+ 1 18
+ 1 109
+ 1 172
+ 1 171
+ 1 154
+ 1 323
+ 1 60
+ 1 30
+ 1 176
+ 1 145
+ 1 400
+ 1 244
+ 1 367
+ 1 300
+ 1 383
+ 1 342
+ 1 304
+ 1 83
+ 1 286
+ 1 302
+ 1 156
+ 1 98
+ 1 378
+ 1 137
+ 1 327
+ 1 68
+ 1 2
+ 1 138
+ 1 7
+ 1 192
+ 1 238
+ 1 25
+ 1 13
+ 1 195
+ 1 305
+ 1 12
+ 1 91
+ 1 133
+ 1 193
+ 1 127
+ 1 164
+ 1 170
+ 1 264
+ 1 235
+ 1 322
+ 1 41
+ 1 222
+ 1 16
+ 1 20
+ 1 285
+ 1 22
+ 1 135
+ 1 200
+ 1 325
+ 1 212
+ 1 131
+ 1 290
+ 1 213
+ 1 40
+ 1 371
+ 1 190
+ 1 186
+ 1 221
+ 1 366
+ 1 194
+ 1 15
+ 1 53
+ 1 251
+ 1 204
+ 1 196
+ 1 249
+ 1 144
+ 1 120
+ 1 139
+ 1 39
+ 1 269
+ 1 76
+ 1 365
+ 1 101
+ 1 278
+ 1 31
+ 1 280
+ 1 14
+ 1 17
+ 1 298
+ 1 174
+ 1 51
+ 1 230
+ 1 93
+ 1 84
+ 1 191
+ 1 44
+ 1 62
+ 1 390
+ 1 229
+ 1 38
+ 1 248
+ 1 63
+ 1 236
+ 1 356
+ 1 309
+ 1 111
+ 1 341
+ 1 67
+ 1 124
+ 1 37
+ 1 271
+ 1 211
+ 1 81
+ 1 21
+ 1 163
+ 1 107
+ 1 116
+ 1 315
+ 1 19
+ 1 87
+ 1 113
+ 1 66
+ 1 6
+ 1 181
+ 1 71
+ 1 226
+ 1 312
+ 1 343
+ 1 374
+ 1 24
+ 1 165
+ 1 262
+ 1 157
+ 1 259
+ 1 112
+ 1 355
+ 1 100
+ 1 203
+ 1 361
+ 1 34
+ 1 267
+ 1 217
+ 1 240
+ 1 152
+ 1 218
+ 1 276
+ 1 136
+ 1 318
+ 1 224
+ 1 387
+ 1 311
+ 1 253
+ 1 307
+ 1 256
+ 1 208
+ 1 97
+ 1 122
+ 1 353
+ 1 166
+ 1 391
+ 1 198
+ 1 47
+ 1 272
+ 1 110
+ 1 161
+ 1 42
+ 1 142
+ 1 103
+ 1 279
+ 1 301
+ 1 178
+ 1 125
+ 1 379
+ 1 382
+ 1 28
+ 1 234
+ 1 339
+ 1 160
+ 1 55
+ 1 102
+ 1 364
+ 1 207
+ 1 328
+ 1 180
+ 1 223
+ 1 140
+ 1 11
+ 1 331
+ 1 146
+ 1 317
+ 1 363
+ 1 284
+ 1 369
+ 1 294
+ 1 95
+ 1 372
+ 1 330
+ 1 177
+ 1 333
+ 1 123
+ 1 297
+ 1 314
+ 1 179
+ 1 332
+ 1 151
+ 1 336
+ 1 205
+ 1 260
+ 1 94
+ 1 258
+ 1 210
+ 1 96
+ 1 245
+ 1 394
+ 1 393
+ 1 26
+ 1 345
+ 1 162
+ 1 59
+ 1 227
+ 1 126
+ 1 306
+ 1 273
+ 1 118
+ 1 3
+ 1 184
+ 1 72
+ 1 252
+ 1 29
+ 1 321
+ 1 45
+ 1 237
+ 1 370
+ 1 360
+ 1 246
+ 1 183
+ 1 270
+ 1 265
+ 1 392
+ 1 129
+ 1 46
+ 1 320
+ 1 250
+ 1 159
+ 1 105
+ 1 80
+ 1 241
+ 1 350
+ 1 197
+ 1 10
+ 1 106
+ 1 239
+ 1 395
+ 1 359
+ 1 50
+ 1 282
+ 1 56
+ 1 389
+ 1 386
+ 1 148
+ 1 291
+ 1 373
+ 1 150
+ 1 52
+ 1 216
+ 1 130
+ 1 32
+ 1 86
+ 1 49
+ 1 233
+ 1 347
+ 1 288
+ 1 396
+ 1 77
+ 1 219
+ 1 225
+ 1 189
+ 1 346
+ 1 78
+ 1 214
+ 1 398
+ 1 368
+ 1 114
+ 1 61
+ 1 88
+ 1 206
+ 1 344
+ 1 155
+ 1 357
+ 1 299
+ 1 380
+ 1 319
+ 1 74
+ 1 187
+ 1 293
+ 1 54
+ 1 134
+ 1 337
+ 1 334
+ 1 274
+ 1 99
+ 1 277
+ 1 175
+ 1 281
+ 1 132
+ 1 384
+ 1 329
+ 1 215
+ 1 89
+ 1 147
+ 1 376
+ 1 340
+ 1 27
+ 1 308
+ 1 121
+ 1 8
+ 1 70
+ 1 324
+ 1 173
+ 1 90
+ 1 310
+ 1 303
+ 1 5
+ 1 354
+ 1 185
+ 1 202
+ 1 158
+ 1 36
+ 1 4
+ 1 255
+ 1 388
+ 1 295
+ 1 79
+ 1 316
+ 1 283
+ 1 115
+ 1 296
+ 1 82
+ 1 381
+ 1 64
+ 1 143
+ 1 57
+ 1 149
+ 1 349
+ 1 261
+ 1 254
+ 1 188
+ 1 257
+ 1 287
+ 1 167
+ 1 168
+ 1 69
+ 1 182
+ 1 292
+ 1 352
+ 1 362
+ 1 58
+ 1 35
+ 1 65
+ 1 385
+ 1 117
+ 1 199
+ 1 128
+ 1 348
+ 1 48
+ 1 220
+ 1 23
+ 1 377
+ 1 73
+ 1 75
+ 1 266
+ 1 231
+ 1 201
+ 1 119
+ 1 243
+ 1 338
+ 1 399
+ 1 242
+ 1 268
+ 1 43
+ 1 9
+ 1 92
+ 1 153
+ 1 169
+ 1 313
+ 1 397
- 2 138
- 2 68
- 3 118
- 3 184
- 4 255
- 4 99
- 4 36
- 4 27
- 4 352
- 4 295
- 4 78
- 4 150
- 4 368
- 4 58
- 4 134
- 4 324
- 4 54
- 4 69
- 4 299
- 4 257
- 4 296
- 4 329
- 4 346
- 4 168
- 4 340
- 4 337
- 4 381
- 4 373
- 4 74
- 4 225
- 4 274
- 4 291
- 4 173
- 4 149
- 4 57
- 4 167
- 4 384
- 5 354
- 5 132
- 5 8
- 5 303
- 5 281
- 5 206
- 5 215
- 5 167
- 5 88
- 5 274
- 5 74
- 5 254
- 5 352
- 5 147
- 5 381
- 5 155
- 5 27
- 5 89
- 5 130
- 5 277
- 5 346
- 5 296
- 5 189
- 5 64
- 5 233
- 5 182
- 5 376
- 5 329
- 5 58
- 5 134
- 5 257
- 5 99
- 6 181
- 6 66
- 7 192
- 7 138
- 8 121
- 8 70
- 8 329
- 8 99
- 8 368
- 8 148
- 8 132
- 8 340
- 8 188
- 8 283
- 8 202
- 8 219
- 8 287
- 8 90
- 8 49
- 8 150
- 8 288
- 8 380
- 8 35
- 8 376
- 8 175
- 8 293
- 8 182
- 8 324
- 8 347
- 8 32
- 8 89
- 8 296
- 8 299
- 8 295
- 8 115
- 8 310
- 8 291
- 8 79
- 8 214
- 8 82
- 8 334
- 8 158
- 8 147
- 9 43
- 9 92
- 10 106
- 10 197
- 11 140
- 11 331
- 12 91
- 12 305
- 13 25
- 13 195
- 14 280
- 14 17
- 15 194
- 15 53
- 16 222
- 16 20
- 17 298
- 18 109
- 18 275
- 19 315
- 19 87
- 20 285
- 21 163
- 21 81
- 22 285
- 22 135
- 23 220
- 23 377
- 24 165
- 24 374
- 25 238
- 26 393
- 26 345
- 27 340
- 27 308
- 27 88
- 27 74
- 27 225
- 27 185
- 27 54
- 27 206
- 27 52
- 27 344
- 27 78
- 27 295
- 27 86
- 27 168
- 27 373
- 27 36
- 27 58
- 27 64
- 27 254
- 27 132
- 27 362
- 27 354
- 27 57
- 27 158
- 27 349
- 27 149
- 27 188
- 27 215
- 27 114
- 27 79
- 27 292
- 27 277
- 27 261
- 27 77
- 27 310
- 27 347
- 27 255
- 27 398
- 27 293
- 27 388
- 27 303
- 28 234
- 28 382
- 29 252
- 29 321
- 30 60
- 30 176
- 31 278
- 31 280
- 32 130
- 32 86
- 32 319
- 32 257
- 32 69
- 32 299
- 32 283
- 32 380
- 32 308
- 32 334
- 32 281
- 32 288
- 32 384
- 32 64
- 32 175
- 32 206
- 32 77
- 32 347
- 32 357
- 32 344
- 32 337
- 32 293
- 32 373
- 32 168
- 32 149
- 32 88
- 32 215
- 32 188
- 32 310
- 32 396
- 33 335
- 33 228
- 34 267
- 34 361
- 35 354
- 35 344
- 35 132
- 35 99
- 35 388
- 35 347
- 35 77
- 35 58
- 35 148
- 35 187
- 35 54
- 35 114
- 35 255
- 35 185
- 35 373
- 35 368
- 35 121
- 35 150
- 35 329
- 35 90
- 35 158
- 35 296
- 35 115
- 35 88
- 35 381
- 35 293
- 35 52
- 36 398
- 36 158
- 36 352
- 36 185
- 36 74
- 36 86
- 36 89
- 36 388
- 36 354
- 36 319
- 36 340
- 36 121
- 36 69
- 36 233
- 36 316
- 36 346
- 36 281
- 36 303
- 36 310
- 36 293
- 36 49
- 36 257
- 36 147
- 36 54
- 36 261
- 36 215
- 36 277
- 36 368
- 36 216
- 36 134
- 36 254
- 37 271
- 37 124
- 38 248
- 38 229
- 39 269
- 39 139
- 40 371
- 40 213
- 41 322
- 41 222
- 42 142
- 42 161
- 43 268
- 44 191
- 44 62
- 45 321
- 45 237
- 46 320
- 46 129
- 47 198
- 47 272
- 48 348
- 48 220
- 49 86
- 49 233
- 49 293
- 49 283
- 49 354
- 49 70
- 49 148
- 49 99
- 49 299
- 49 281
- 49 143
- 49 316
- 49 214
- 49 182
- 49 362
- 49 373
- 49 82
- 49 347
- 49 303
- 49 334
- 49 296
- 49 114
- 49 216
- 49 132
- 49 158
- 49 175
- 49 274
- 49 115
- 49 219
- 49 357
- 50 282
- 50 359
- 51 174
- 51 230
- 52 216
- 52 149
- 52 150
- 52 158
- 52 155
- 52 82
- 52 64
- 52 292
- 52 175
- 52 74
- 52 54
- 52 132
- 52 329
- 52 79
- 52 319
- 52 257
- 52 368
- 52 89
- 52 347
- 52 78
- 52 114
- 52 354
- 52 90
- 52 324
- 52 362
- 52 61
- 52 357
- 52 293
- 52 148
- 52 99
- 52 188
- 53 251
- 54 293
- 54 134
- 54 257
- 54 346
- 54 292
- 54 225
- 54 233
- 54 143
- 54 219
- 54 255
- 54 349
- 54 334
- 54 373
- 54 381
- 54 324
- 54 398
- 54 368
- 54 89
- 54 188
- 54 254
- 54 206
- 54 283
- 54 274
- 54 148
- 54 214
- 54 384
- 54 277
- 54 303
- 54 115
- 54 216
- 54 362
- 54 69
- 54 175
- 55 102
- 55 160
- 56 389
- 56 282
- 57 368
- 57 296
- 57 70
- 57 132
- 57 185
- 57 255
- 57 79
- 57 206
- 57 225
- 57 143
- 57 149
- 57 188
- 57 288
- 57 189
- 57 173
- 57 319
- 57 78
- 57 293
- 57 274
- 57 115
- 57 362
- 57 158
- 57 380
- 57 214
- 57 291
- 57 381
- 57 187
- 57 219
- 57 167
- 57 388
- 57 299
- 57 69
- 58 187
- 58 296
- 58 79
- 58 340
- 58 148
- 58 173
- 58 78
- 58 149
- 58 337
- 58 132
- 58 349
- 58 334
- 58 373
- 58 357
- 58 293
- 58 115
- 58 99
- 58 287
- 58 219
- 58 261
- 58 225
- 58 281
- 58 130
- 58 396
- 59 162
- 59 227
- 60 323
- 61 114
- 61 88
- 61 225
- 61 283
- 61 310
- 61 299
- 61 215
- 61 188
- 61 277
- 61 74
- 61 173
- 61 288
- 61 82
- 61 292
- 61 376
- 61 381
- 61 352
- 61 132
- 61 291
- 61 219
- 61 303
- 61 380
- 61 287
- 61 319
- 61 346
- 61 384
- 61 187
- 61 202
- 61 155
- 62 390
- 63 248
- 63 236
- 64 381
- 64 316
- 64 255
- 64 380
- 64 396
- 64 368
- 64 99
- 64 185
- 64 398
- 64 134
- 64 158
- 64 233
- 64 277
- 64 115
- 64 202
- 64 215
- 64 274
- 64 78
- 64 79
- 64 175
- 64 214
- 64 148
- 64 143
- 64 89
- 64 349
- 64 167
- 64 303
- 64 114
- 64 354
- 64 376
- 64 310
- 65 385
- 65 289
- 66 113
- 67 341
- 67 124
- 68 327
- 69 398
- 69 114
- 69 149
- 69 344
- 69 373
- 69 329
- 69 189
- 69 182
- 69 295
- 69 134
- 69 352
- 69 396
- 69 376
- 69 283
- 69 233
- 69 168
- 69 316
- 69 319
- 69 287
- 69 86
- 69 175
- 69 337
- 69 206
- 69 292
- 69 216
- 69 347
- 69 121
- 69 88
- 69 99
- 69 82
- 69 225
- 70 121
- 70 324
- 70 368
- 70 74
- 70 257
- 70 219
- 70 149
- 70 299
- 70 384
- 70 134
- 70 254
- 70 79
- 70 225
- 70 148
- 70 292
- 70 283
- 70 277
- 70 396
- 70 88
- 70 143
- 70 188
- 70 147
- 70 287
- 70 150
- 70 167
- 70 99
- 70 115
- 70 215
- 70 380
- 71 226
- 71 181
- 72 252
- 72 184
- 73 377
- 73 75
- 74 187
- 74 293
- 74 319
- 74 346
- 74 368
- 74 121
- 74 384
- 74 254
- 74 255
- 74 168
- 74 155
- 74 214
- 74 295
- 74 388
- 74 344
- 74 281
- 74 376
- 74 274
- 74 373
- 74 134
- 74 334
- 74 329
- 74 143
- 74 182
- 74 167
- 75 266
- 76 269
- 76 365
- 77 219
- 77 293
- 77 396
- 77 202
- 77 277
- 77 274
- 77 373
- 77 99
- 77 316
- 77 357
- 77 384
- 77 114
- 77 310
- 77 79
- 77 324
- 77 319
- 77 89
- 77 88
- 77 299
- 77 143
- 77 257
- 77 206
- 77 216
- 77 354
- 77 292
- 77 132
- 77 295
- 77 308
- 77 344
- 77 362
- 77 173
- 77 185
- 77 188
- 77 352
- 77 233
- 77 149
- 77 337
- 77 346
- 78 346
- 78 225
- 78 214
- 78 347
- 78 274
- 78 187
- 78 398
- 78 288
- 78 296
- 78 189
- 78 373
- 78 354
- 78 150
- 78 368
- 78 134
- 78 277
- 78 324
- 78 155
- 78 254
- 78 182
- 78 283
- 78 158
- 78 79
- 79 316
- 79 295
- 79 188
- 79 149
- 79 319
- 79 114
- 79 255
- 79 398
- 79 216
- 79 147
- 79 173
- 79 86
- 79 175
- 79 167
- 79 329
- 79 187
- 79 376
- 79 158
- 79 82
- 79 121
- 79 388
- 79 134
- 79 349
- 79 257
- 79 277
- 79 130
- 80 105
- 80 241
- 81 211
- 82 296
- 82 354
- 82 206
- 82 150
- 82 381
- 82 388
- 82 175
- 82 255
- 82 329
- 82 158
- 82 173
- 82 349
- 82 344
- 82 274
- 82 368
- 82 130
- 82 324
- 82 299
- 82 115
- 82 362
- 82 334
- 82 143
- 82 233
- 82 357
- 82 352
- 82 283
- 83 286
- 83 304
- 84 191
- 84 93
- 85 247
- 85 326
- 86 295
- 86 388
- 86 296
- 86 380
- 86 352
- 86 324
- 86 134
- 86 175
- 86 206
- 86 233
- 86 287
- 86 288
- 86 150
- 86 292
- 86 277
- 86 357
- 86 310
- 86 130
- 86 376
- 86 254
- 86 121
- 86 340
- 86 349
- 86 396
- 86 173
- 86 344
- 86 202
- 87 113
- 88 206
- 88 261
- 88 292
- 88 254
- 88 149
- 88 188
- 88 291
- 88 362
- 88 319
- 88 287
- 88 296
- 88 114
- 88 310
- 88 130
- 88 134
- 88 349
- 88 150
- 88 225
- 88 357
- 88 168
- 88 373
- 88 308
- 88 334
- 88 368
- 88 299
- 88 90
- 88 340
- 89 147
- 89 215
- 89 155
- 89 388
- 89 293
- 89 398
- 89 340
- 89 283
- 89 373
- 89 354
- 89 368
- 89 344
- 89 291
- 89 274
- 89 296
- 89 380
- 90 380
- 90 340
- 90 398
- 90 310
- 90 121
- 90 173
- 90 295
- 90 225
- 90 288
- 90 254
- 90 347
- 90 388
- 90 292
- 90 148
- 90 233
- 90 206
- 90 261
- 90 381
- 90 344
- 90 134
- 90 296
- 90 187
- 90 281
- 90 308
- 90 368
- 90 214
- 90 202
- 90 299
- 91 133
- 92 153
- 93 230
- 94 260
- 94 258
- 95 372
- 95 294
- 96 210
- 96 245
- 97 122
- 97 208
- 98 378
- 98 156
- 99 277
- 99 274
- 99 381
- 99 354
- 99 334
- 99 347
- 99 150
- 99 233
- 99 155
- 99 352
- 99 324
- 99 288
- 99 173
- 99 167
- 99 132
- 99 292
- 99 225
- 99 121
- 99 319
- 99 337
- 99 308
- 99 187
- 99 261
- 99 362
- 100 355
- 100 203
- 101 278
- 101 365
- 102 364
- 103 142
- 103 279
- 104 375
- 104 141
- 105 159
- 106 239
- 107 116
- 107 163
- 108 358
- 108 247
- 109 172
- 110 272
- 110 161
- 111 309
- 111 341
- 112 259
- 112 355
- 114 368
- 114 206
- 114 319
- 114 354
- 114 219
- 114 130
- 114 149
- 114 380
- 114 158
- 114 308
- 114 173
- 114 215
- 114 167
- 114 254
- 114 150
- 114 303
- 114 143
- 114 283
- 114 287
- 115 155
- 115 296
- 115 283
- 115 368
- 115 148
- 115 334
- 115 255
- 115 167
- 115 357
- 115 291
- 115 261
- 115 257
- 115 158
- 115 362
- 115 384
- 115 202
- 115 324
- 115 293
- 115 346
- 115 329
- 115 344
- 115 215
- 115 216
- 115 175
- 115 277
- 115 173
- 115 185
- 115 143
- 115 381
- 116 315
- 117 199
- 117 385
- 118 273
- 119 243
- 119 201
- 120 144
- 120 139
- 121 308
- 121 225
- 121 380
- 121 149
- 121 277
- 121 352
- 121 155
- 121 148
- 121 344
- 121 292
- 121 329
- 121 373
- 121 158
- 121 150
- 121 281
- 121 188
- 121 287
- 121 347
- 121 319
- 121 206
- 121 349
- 121 132
- 121 255
- 121 130
- 121 376
- 121 334
- 121 340
- 121 396
- 122 353
- 123 297
- 123 333
- 125 379
- 125 178
- 126 306
- 126 227
- 127 164
- 127 193
- 128 199
- 128 348
- 129 392
- 130 216
- 130 225
- 130 299
- 130 134
- 130 182
- 130 380
- 130 354
- 130 346
- 130 381
- 130 214
- 130 295
- 130 215
- 130 337
- 130 384
- 130 255
- 130 155
- 130 261
- 130 344
- 130 150
- 130 316
- 130 187
- 130 303
- 130 219
- 130 362
- 130 296
- 130 158
- 130 324
- 131 290
- 131 212
- 132 281
- 132 384
- 132 149
- 132 388
- 132 255
- 132 167
- 132 329
- 132 277
- 132 233
- 132 147
- 132 219
- 132 288
- 132 215
- 132 324
- 132 303
- 132 168
- 132 225
- 132 354
- 132 293
- 132 143
- 132 373
- 132 134
- 132 185
- 133 193
- 134 337
- 134 175
- 134 188
- 134 283
- 134 202
- 134 319
- 134 349
- 134 219
- 134 155
- 134 167
- 134 158
- 134 233
- 134 187
- 134 362
- 134 189
- 134 206
- 134 277
- 134 182
- 134 255
- 134 215
- 134 257
- 134 214
- 134 296
- 135 200
- 136 318
- 136 276
- 137 327
- 137 378
- 140 223
- 141 263
- 143 388
- 143 340
- 143 368
- 143 216
- 143 175
- 143 257
- 143 352
- 143 344
- 143 396
- 143 215
- 143 329
- 143 288
- 143 219
- 143 206
- 143 334
- 143 299
- 143 287
- 143 214
- 143 182
- 143 158
- 143 349
- 143 281
- 143 254
- 144 249
- 145 176
- 145 400
- 146 317
- 146 331
- 147 376
- 147 362
- 147 283
- 147 225
- 147 388
- 147 277
- 147 346
- 147 206
- 147 155
- 147 214
- 147 352
- 147 357
- 147 216
- 147 344
- 147 257
- 147 274
- 147 398
- 147 254
- 147 295
- 147 340
- 147 291
- 147 188
- 147 189
- 147 255
- 147 261
- 147 296
- 148 291
- 148 225
- 148 386
- 148 349
- 148 346
- 148 155
- 148 337
- 148 233
- 148 206
- 148 168
- 148 388
- 148 261
- 148 167
- 148 344
- 148 277
- 148 287
- 148 381
- 148 299
- 148 182
- 148 292
- 148 158
- 148 396
- 148 376
- 149 349
- 149 254
- 149 380
- 149 283
- 149 175
- 149 373
- 149 185
- 149 281
- 149 329
- 149 357
- 149 188
- 149 215
- 149 292
- 149 296
- 149 362
- 149 299
- 149 310
- 149 319
- 149 187
- 149 167
- 149 168
- 149 202
- 149 381
- 149 150
- 149 295
- 150 373
- 150 215
- 150 380
- 150 287
- 150 362
- 150 291
- 150 303
- 150 308
- 150 219
- 150 233
- 150 344
- 150 188
- 150 173
- 150 398
- 150 368
- 150 381
- 150 288
- 150 216
- 150 299
- 150 340
- 150 310
- 150 277
- 151 336
- 151 332
- 152 218
- 152 240
- 153 169
- 154 323
- 154 171
- 155 357
- 155 344
- 155 303
- 155 299
- 155 340
- 155 308
- 155 295
- 155 398
- 155 384
- 155 261
- 155 277
- 155 219
- 155 324
- 155 380
- 155 216
- 155 168
- 155 352
- 155 173
- 155 167
- 155 362
- 155 283
- 156 302
- 157 259
- 157 262
- 158 281
- 158 319
- 158 398
- 158 388
- 158 202
- 158 340
- 158 254
- 158 187
- 158 396
- 158 274
- 158 291
- 158 373
- 158 288
- 158 261
- 158 277
- 158 329
- 158 287
- 158 347
- 158 352
- 159 250
- 160 339
- 162 345
- 164 170
- 165 262
- 166 353
- 166 391
- 167 287
- 167 215
- 167 368
- 167 349
- 167 257
- 167 344
- 167 168
- 167 362
- 167 185
- 167 310
- 167 233
- 167 292
- 167 352
- 167 324
- 167 283
- 167 308
- 167 380
- 167 346
- 167 296
- 167 219
- 167 303
- 167 293
- 168 344
- 168 337
- 168 380
- 168 219
- 168 189
- 168 368
- 168 324
- 168 329
- 168 295
- 168 381
- 168 396
- 168 334
- 168 349
- 168 308
- 168 373
- 168 216
- 168 214
- 168 175
- 168 225
- 168 384
- 168 185
- 169 313
- 170 264
- 171 172
- 173 215
- 173 324
- 173 376
- 173 380
- 173 188
- 173 233
- 173 344
- 173 296
- 173 319
- 173 308
- 173 274
- 173 362
- 173 373
- 173 334
- 173 277
- 173 281
- 173 398
- 173 287
- 173 329
- 173 219
- 173 182
- 173 185
- 173 316
- 173 352
- 173 283
- 173 225
- 173 189
- 173 299
- 174 298
- 175 219
- 175 277
- 175 281
- 175 380
- 175 283
- 175 299
- 175 274
- 175 296
- 175 349
- 175 202
- 175 337
- 175 182
- 175 291
- 175 316
- 175 308
- 175 388
- 175 373
- 175 398
- 175 384
- 177 330
- 177 333
- 178 301
- 179 314
- 179 332
- 180 328
- 180 223
- 182 254
- 182 189
- 182 337
- 182 329
- 182 215
- 182 310
- 182 216
- 182 233
- 182 340
- 182 288
- 182 292
- 182 187
- 182 299
- 182 384
- 182 373
- 182 308
- 182 346
- 182 293
- 183 270
- 183 246
- 185 354
- 185 202
- 185 319
- 185 214
- 185 384
- 185 381
- 185 357
- 185 293
- 185 274
- 185 296
- 185 303
- 185 368
- 185 373
- 185 255
- 185 316
- 185 216
- 185 219
- 185 206
- 185 324
- 185 233
- 185 261
- 185 346
- 185 396
- 185 299
- 186 190
- 186 221
- 187 293
- 187 257
- 187 376
- 187 261
- 187 202
- 187 337
- 187 354
- 187 352
- 187 347
- 187 357
- 187 340
- 187 291
- 187 316
- 187 287
- 188 299
- 188 254
- 188 257
- 188 277
- 188 214
- 188 344
- 188 349
- 188 354
- 188 319
- 188 381
- 188 334
- 188 292
- 188 288
- 188 329
- 188 291
- 188 308
- 188 216
- 188 255
- 188 347
- 189 225
- 189 346
- 189 398
- 189 373
- 189 287
- 189 352
- 189 334
- 189 388
- 189 277
- 189 384
- 189 274
- 189 296
- 189 344
- 189 215
- 189 216
- 190 371
- 192 238
- 194 366
- 195 305
- 196 249
- 196 204
- 197 350
- 198 391
- 200 325
- 201 231
- 202 296
- 202 329
- 202 281
- 202 214
- 202 288
- 202 293
- 202 316
- 202 254
- 202 308
- 202 337
- 202 287
- 202 398
- 203 361
- 204 251
- 205 336
- 205 260
- 206 344
- 206 373
- 206 216
- 206 381
- 206 281
- 206 324
- 206 299
- 206 352
- 206 215
- 206 340
- 206 337
- 206 357
- 206 354
- 206 388
- 206 283
- 206 346
- 207 364
- 207 328
- 208 256
- 209 228
- 209 375
- 210 258
- 211 271
- 212 325
- 213 290
- 214 398
- 214 283
- 214 381
- 214 233
- 214 354
- 214 299
- 214 362
- 214 277
- 214 254
- 214 396
- 214 219
- 214 344
- 214 384
- 214 295
- 214 349
- 214 257
- 214 329
- 214 373
- 214 296
- 215 329
- 215 368
- 215 357
- 215 376
- 215 233
- 215 295
- 215 310
- 215 274
- 215 381
- 215 388
- 215 346
- 215 257
- 215 277
- 215 337
- 215 380
- 215 398
- 215 261
- 216 274
- 216 283
- 216 303
- 216 316
- 216 288
- 216 295
- 216 254
- 216 319
- 216 257
- 216 255
- 216 281
- 216 277
- 216 347
- 217 240
- 217 267
- 218 276
- 219 225
- 219 337
- 219 362
- 219 257
- 219 349
- 219 319
- 219 283
- 219 346
- 219 398
- 219 357
- 219 354
- 219 352
- 219 396
- 219 277
- 219 288
- 219 255
- 219 316
- 219 340
- 221 366
- 224 387
- 224 318
- 225 373
- 225 261
- 225 381
- 225 233
- 225 254
- 225 396
- 225 329
- 225 324
- 225 362
- 225 388
- 225 384
- 225 295
- 226 312
- 229 390
- 231 266
- 232 326
- 232 263
- 233 347
- 233 380
- 233 352
- 233 319
- 233 293
- 233 277
- 233 368
- 233 357
- 233 303
- 233 334
- 233 310
- 233 388
- 233 296
- 233 283
- 233 255
- 233 281
- 233 324
- 234 339
- 235 264
- 235 322
- 236 356
- 237 370
- 239 395
- 241 350
- 242 399
- 242 268
- 243 338
- 244 400
- 244 367
- 245 394
- 246 360
- 250 320
- 253 307
- 253 311
- 254 261
- 254 274
- 254 349
- 254 396
- 254 308
- 254 257
- 254 292
- 254 347
- 254 340
- 254 291
- 255 396
- 255 388
- 255 291
- 255 384
- 255 362
- 255 281
- 255 274
- 255 376
- 255 334
- 255 381
- 255 324
- 255 308
- 256 307
- 257 347
- 257 337
- 257 291
- 257 287
- 257 381
- 257 310
- 257 349
- 257 388
- 257 329
- 257 354
- 261 274
- 261 349
- 261 277
- 261 316
- 261 386
- 261 388
- 261 283
- 261 295
- 261 292
- 261 380
- 261 354
- 261 357
- 261 396
- 261 347
- 261 340
- 265 392
- 265 270
- 273 306
- 274 334
- 274 352
- 274 344
- 274 329
- 274 292
- 274 347
- 274 380
- 274 340
- 274 281
- 274 368
- 274 308
- 274 354
- 274 310
- 274 384
- 275 335
- 277 344
- 277 347
- 277 288
- 277 281
- 277 287
- 277 384
- 277 308
- 277 349
- 277 334
- 277 354
- 277 346
- 277 337
- 277 293
- 277 352
- 277 396
- 277 380
- 279 301
- 281 380
- 281 337
- 281 291
- 281 293
- 281 362
- 281 381
- 281 384
- 281 329
- 281 287
- 281 357
- 281 347
- 281 396
- 283 396
- 283 344
- 283 288
- 283 316
- 283 287
- 283 398
- 283 384
- 283 303
- 283 362
- 283 296
- 283 349
- 283 368
- 283 346
- 284 363
- 284 369
- 286 302
- 287 319
- 287 352
- 287 396
- 287 296
- 287 373
- 287 398
- 287 354
- 287 381
- 287 295
- 287 357
- 287 288
- 288 347
- 288 396
- 288 295
- 288 388
- 288 340
- 288 299
- 288 357
- 288 354
- 288 398
- 288 346
- 288 293
- 288 329
- 288 310
- 288 344
- 288 376
- 288 308
- 288 319
- 291 373
- 291 354
- 291 349
- 291 384
- 291 337
- 291 346
- 291 376
- 291 316
- 291 292
- 291 347
- 291 296
- 291 329
- 291 357
- 292 296
- 292 368
- 292 381
- 292 337
- 292 354
- 292 376
- 292 303
- 292 295
- 292 398
- 292 299
- 292 384
- 292 373
- 292 334
- 293 349
- 293 344
- 293 381
- 293 368
- 293 308
- 293 388
- 294 369
- 295 388
- 295 357
- 295 303
- 295 319
- 295 346
- 295 354
- 295 308
- 295 381
- 295 324
- 295 373
- 296 299
- 296 396
- 296 347
- 296 344
- 296 352
- 296 316
- 296 381
- 296 337
- 296 373
- 296 354
- 296 357
- 296 340
- 297 314
- 299 380
- 299 381
- 299 357
- 299 316
- 299 344
- 299 308
- 299 347
- 299 340
- 299 376
- 299 352
- 299 319
- 299 388
- 299 349
- 299 324
- 300 367
- 300 383
- 303 310
- 303 346
- 303 398
- 303 347
- 303 337
- 303 324
- 303 334
- 303 373
- 303 380
- 303 349
- 304 342
- 308 376
- 308 324
- 308 337
- 308 334
- 308 347
- 308 352
- 309 356
- 310 346
- 310 381
- 310 329
- 310 388
- 311 387
- 312 343
- 313 397
- 316 384
- 316 368
- 316 373
- 316 381
- 316 376
- 316 396
- 316 319
- 316 346
- 316 344
- 316 329
- 317 363
- 319 380
- 319 340
- 319 324
- 319 384
- 319 349
- 319 337
- 319 396
- 319 362
- 319 347
- 324 334
- 324 380
- 324 398
- 324 349
- 324 346
- 324 368
- 324 362
- 329 384
- 329 340
- 329 380
- 330 372
- 334 347
- 334 337
- 334 349
- 334 396
- 334 354
- 334 352
- 334 388
- 337 381
- 337 398
- 337 384
- 338 399
- 340 376
- 340 349
- 340 368
- 342 383
- 343 374
- 344 386
- 344 362
- 344 388
- 346 376
- 346 373
- 346 352
- 346 398
- 346 347
- 346 362
- 346 354
- 347 368
- 347 396
- 347 384
- 349 368
- 349 352
- 349 384
- 351 358
- 352 381
- 352 396
- 352 388
- 352 368
- 352 380
- 352 362
- 354 368
- 354 362
- 354 384
- 357 376
- 357 396
- 359 395
- 360 370
- 362 376
- 362 368
- 362 388
- 362 373
- 362 380
- 362 398
- 368 398
- 368 384
- 368 381
- 368 376
- 368 396
- 373 398
- 376 381
- 379 382
- 380 384
- 380 398
- 381 384
- 381 396
- 381 398
- 384 398
- 386 389
- 388 396
- 393 394
+ 389 391
+ 384 389
+ 382 389
+ 381 394
+ 378 389
+ 378 382
+ 378 391
+ 377 384
+ 377 388
+ 377 387
+ 377 382
+ 376 395
+ 370 378
+ 370 387
+ 367 384
+ 367 378
+ 367 382
+ 367 389
+ 367 391
+ 362 366
+ 357 371
+ 355 389
+ 355 378
+ 355 384
+ 355 377
+ 354 355
+ 354 384
+ 354 387
+ 351 382
+ 351 355
+ 348 384
+ 348 370
+ 348 391
+ 348 355
+ 345 384
+ 345 348
+ 340 390
+ 338 346
+ 336 382
+ 336 345
+ 336 377
+ 336 354
+ 336 387
+ 333 379
+ 330 342
+ 328 346
+ 326 373
+ 319 384
+ 319 336
+ 319 345
+ 318 337
+ 316 335
+ 314 378
+ 314 391
+ 314 370
+ 314 355
+ 314 388
+ 314 384
+ 314 351
+ 312 373
+ 311 334
+ 309 371
+ 308 329
+ 303 345
+ 303 378
+ 303 384
+ 303 336
+ 302 343
+ 301 314
+ 301 378
+ 301 384
+ 301 377
+ 301 355
+ 301 345
+ 301 351
+ 301 319
+ 299 386
+ 298 353
+ 296 351
+ 296 378
+ 296 319
+ 296 301
+ 295 384
+ 295 354
+ 295 370
+ 295 345
+ 295 336
+ 295 319
+ 295 389
+ 295 391
+ 291 348
+ 291 296
+ 291 354
+ 291 295
+ 291 367
+ 291 303
+ 291 355
+ 291 345
+ 291 319
+ 291 301
+ 291 351
+ 290 328
+ 288 391
+ 288 303
+ 288 351
+ 288 367
+ 288 345
+ 288 354
+ 288 389
+ 287 380
+ 286 368
+ 285 307
+ 284 299
+ 283 395
+ 281 375
+ 280 345
+ 280 351
+ 280 314
+ 280 384
+ 280 296
+ 280 355
+ 280 391
+ 280 382
+ 280 367
+ 280 377
+ 279 355
+ 279 354
+ 279 301
+ 279 387
+ 279 345
+ 279 391
+ 279 367
+ 279 319
+ 279 336
+ 279 388
+ 278 349
+ 277 345
+ 277 314
+ 277 382
+ 277 388
+ 277 279
+ 277 355
+ 277 301
+ 277 377
+ 277 378
+ 277 351
+ 277 280
+ 277 389
+ 276 360
+ 276 379
+ 274 323
+ 274 386
+ 273 391
+ 273 301
+ 273 377
+ 273 319
+ 273 296
+ 273 279
+ 273 348
+ 273 291
+ 271 382
+ 271 348
+ 271 384
+ 271 355
+ 271 389
+ 271 387
+ 271 301
+ 271 288
+ 271 370
+ 271 314
+ 271 295
+ 271 378
+ 268 392
+ 266 270
+ 264 348
+ 264 273
+ 264 301
+ 264 303
+ 264 389
+ 264 319
+ 264 291
+ 264 345
+ 264 355
+ 264 279
+ 263 389
+ 263 354
+ 263 370
+ 263 301
+ 263 271
+ 263 387
+ 263 288
+ 263 273
+ 263 388
+ 262 322
+ 262 315
+ 261 350
+ 257 320
+ 256 378
+ 256 388
+ 256 291
+ 256 264
+ 256 367
+ 256 273
+ 256 348
+ 256 377
+ 256 295
+ 255 341
+ 254 265
+ 254 365
+ 253 266
+ 252 271
+ 252 295
+ 252 388
+ 252 348
+ 252 263
+ 252 303
+ 252 280
+ 252 345
+ 252 367
+ 252 384
+ 252 355
+ 252 288
+ 250 387
+ 250 367
+ 250 355
+ 250 256
+ 250 348
+ 250 377
+ 250 389
+ 250 273
+ 250 314
+ 250 280
+ 250 277
+ 250 382
+ 250 370
+ 250 378
+ 248 374
+ 247 353
+ 246 327
+ 245 315
+ 244 302
+ 243 253
+ 242 271
+ 242 389
+ 242 277
+ 242 296
+ 242 280
+ 242 355
+ 242 256
+ 242 351
+ 242 354
+ 242 252
+ 242 370
+ 242 336
+ 242 301
+ 241 243
+ 240 305
+ 239 372
+ 238 323
+ 237 310
+ 234 305
+ 233 393
+ 233 363
+ 232 389
+ 232 387
+ 232 391
+ 232 384
+ 232 355
+ 232 319
+ 232 301
+ 232 295
+ 232 354
+ 232 348
+ 232 242
+ 232 277
+ 232 296
+ 232 303
+ 230 236
+ 230 383
+ 229 345
+ 229 256
+ 229 264
+ 229 303
+ 229 314
+ 229 295
+ 229 263
+ 229 370
+ 229 388
+ 229 389
+ 229 319
+ 228 250
+ 228 291
+ 228 367
+ 228 382
+ 228 388
+ 228 229
+ 228 263
+ 228 378
+ 228 314
+ 228 345
+ 228 232
+ 228 296
+ 228 384
+ 228 280
+ 227 356
+ 226 277
+ 226 232
+ 226 228
+ 226 279
+ 226 351
+ 226 296
+ 226 252
+ 226 288
+ 226 378
+ 226 280
+ 226 295
+ 226 250
+ 224 392
+ 222 378
+ 222 252
+ 222 229
+ 222 250
+ 222 226
+ 222 271
+ 222 384
+ 222 232
+ 222 256
+ 222 296
+ 222 228
+ 222 367
+ 221 376
+ 220 245
+ 219 275
+ 219 393
+ 218 306
+ 216 217
+ 215 355
+ 215 264
+ 215 226
+ 215 389
+ 215 232
+ 215 228
+ 215 271
+ 215 301
+ 215 280
+ 215 273
+ 215 319
+ 215 256
+ 215 303
+ 215 314
+ 215 384
+ 215 354
+ 215 279
+ 215 222
+ 214 267
+ 212 336
+ 212 384
+ 212 377
+ 212 256
+ 212 301
+ 212 378
+ 212 277
+ 212 370
+ 211 358
+ 209 252
+ 209 271
+ 209 212
+ 209 242
+ 209 301
+ 209 279
+ 209 296
+ 209 280
+ 209 273
+ 209 288
+ 209 387
+ 209 389
+ 209 336
+ 209 222
+ 209 291
+ 209 228
+ 209 319
+ 209 351
+ 209 215
+ 208 378
+ 208 391
+ 208 256
+ 208 264
+ 208 382
+ 208 215
+ 208 252
+ 208 355
+ 208 389
+ 208 387
+ 208 336
+ 208 291
+ 208 354
+ 208 377
+ 208 250
+ 207 384
+ 207 387
+ 207 277
+ 207 301
+ 207 242
+ 207 288
+ 207 229
+ 207 250
+ 207 212
+ 207 382
+ 207 296
+ 207 351
+ 207 391
+ 207 256
+ 206 391
+ 206 279
+ 206 232
+ 206 296
+ 206 354
+ 206 273
+ 206 277
+ 206 271
+ 206 314
+ 206 288
+ 206 222
+ 206 209
+ 206 212
+ 205 357
+ 204 309
+ 203 215
+ 203 295
+ 203 384
+ 203 229
+ 203 207
+ 203 345
+ 203 277
+ 203 226
+ 203 206
+ 203 252
+ 203 303
+ 203 264
+ 203 242
+ 203 208
+ 203 291
+ 203 351
+ 203 391
+ 203 212
+ 203 296
+ 202 377
+ 202 229
+ 202 345
+ 202 295
+ 202 208
+ 202 296
+ 202 384
+ 202 228
+ 202 314
+ 202 319
+ 202 263
+ 202 354
+ 202 252
+ 202 279
+ 202 288
+ 202 203
+ 202 391
+ 202 271
+ 202 232
+ 200 225
+ 200 397
+ 199 377
+ 199 319
+ 199 215
+ 199 271
+ 199 288
+ 199 336
+ 199 207
+ 199 387
+ 199 314
+ 199 228
+ 199 202
+ 199 351
+ 199 348
+ 199 301
+ 199 303
+ 199 279
+ 198 238
+ 196 259
+ 195 344
+ 195 217
+ 193 396
+ 192 214
+ 191 329
+ 189 320
+ 188 339
+ 187 258
+ 187 193
+ 186 267
+ 185 272
+ 184 331
+ 183 213
+ 182 332
+ 182 289
+ 181 312
+ 180 327
+ 179 310
+ 179 227
+ 178 321
+ 177 394
+ 177 235
+ 176 316
+ 175 268
+ 175 297
+ 174 317
+ 173 339
+ 172 255
+ 172 368
+ 171 351
+ 171 277
+ 171 288
+ 171 319
+ 171 256
+ 171 280
+ 171 295
+ 171 388
+ 171 264
+ 171 208
+ 171 391
+ 171 222
+ 171 271
+ 171 212
+ 171 207
+ 171 291
+ 171 206
+ 171 355
+ 171 226
+ 170 352
+ 170 321
+ 169 334
+ 168 348
+ 168 207
+ 168 279
+ 168 296
+ 168 273
+ 168 222
+ 168 229
+ 168 202
+ 168 378
+ 168 377
+ 168 389
+ 168 345
+ 168 228
+ 168 171
+ 168 208
+ 168 256
+ 168 355
+ 168 291
+ 168 351
+ 168 263
+ 167 176
+ 166 237
+ 165 252
+ 165 391
+ 165 242
+ 165 355
+ 165 388
+ 165 263
+ 165 336
+ 165 229
+ 165 206
+ 165 273
+ 165 168
+ 165 212
+ 165 271
+ 165 199
+ 165 209
+ 162 400
+ 161 338
+ 161 369
+ 160 360
+ 160 248
+ 159 318
+ 159 163
+ 158 337
+ 158 201
+ 157 260
+ 156 398
+ 156 304
+ 155 256
+ 155 199
+ 155 171
+ 155 271
+ 155 208
+ 155 295
+ 155 273
+ 155 348
+ 155 391
+ 155 351
+ 155 264
+ 155 296
+ 155 387
+ 155 301
+ 155 222
+ 155 228
+ 154 333
+ 154 163
+ 153 388
+ 153 367
+ 153 168
+ 153 215
+ 153 250
+ 153 389
+ 153 252
+ 153 291
+ 153 206
+ 153 351
+ 153 165
+ 153 391
+ 153 212
+ 153 203
+ 153 209
+ 153 279
+ 153 222
+ 151 231
+ 151 398
+ 150 330
+ 150 249
+ 149 389
+ 149 301
+ 149 264
+ 149 367
+ 149 271
+ 149 250
+ 149 263
+ 149 384
+ 149 351
+ 149 354
+ 149 273
+ 149 202
+ 149 388
+ 149 370
+ 149 206
+ 149 171
+ 149 153
+ 148 363
+ 148 366
+ 147 399
+ 146 400
+ 146 269
+ 145 185
+ 145 325
+ 144 344
+ 143 293
+ 143 331
+ 142 228
+ 142 202
+ 142 314
+ 142 209
+ 142 226
+ 142 256
+ 142 153
+ 142 168
+ 142 296
+ 142 203
+ 142 279
+ 142 382
+ 142 388
+ 142 319
+ 142 215
+ 142 207
+ 142 288
+ 142 212
+ 141 289
+ 140 203
+ 140 207
+ 140 388
+ 140 155
+ 140 303
+ 140 301
+ 140 391
+ 140 232
+ 140 252
+ 140 377
+ 140 273
+ 140 229
+ 140 209
+ 140 387
+ 140 319
+ 140 354
+ 140 142
+ 139 144
+ 139 362
+ 138 347
+ 138 194
+ 137 281
+ 136 294
+ 136 313
+ 135 226
+ 135 391
+ 135 314
+ 135 279
+ 135 232
+ 135 171
+ 135 296
+ 135 354
+ 135 355
+ 135 367
+ 135 155
+ 135 140
+ 135 273
+ 135 277
+ 135 389
+ 135 303
+ 135 336
+ 135 215
+ 135 206
+ 135 301
+ 135 263
+ 134 283
+ 133 201
+ 133 196
+ 132 361
+ 132 147
+ 131 300
+ 131 164
+ 130 264
+ 130 303
+ 130 252
+ 130 229
+ 130 273
+ 130 279
+ 130 269
+ 130 228
+ 130 389
+ 130 387
+ 130 142
+ 130 168
+ 130 206
+ 130 355
+ 130 149
+ 130 348
+ 130 345
+ 130 199
+ 130 336
+ 130 226
+ 130 388
+ 129 297
+ 127 223
+ 126 301
+ 126 378
+ 126 319
+ 126 387
+ 126 153
+ 126 206
+ 126 155
+ 126 130
+ 126 228
+ 126 135
+ 126 208
+ 126 215
+ 126 367
+ 126 226
+ 126 264
+ 126 256
+ 126 384
+ 126 232
+ 126 336
+ 126 212
+ 126 314
+ 126 252
+ 125 383
+ 125 326
+ 124 365
+ 124 364
+ 123 292
+ 123 251
+ 122 169
+ 121 279
+ 121 142
+ 121 273
+ 121 296
+ 121 319
+ 121 228
+ 121 130
+ 121 208
+ 121 303
+ 121 168
+ 121 242
+ 121 314
+ 121 226
+ 121 222
+ 121 367
+ 121 199
+ 121 384
+ 121 295
+ 120 221
+ 119 384
+ 119 354
+ 119 256
+ 119 228
+ 119 121
+ 119 336
+ 119 345
+ 119 203
+ 119 348
+ 119 378
+ 119 207
+ 119 301
+ 119 226
+ 119 291
+ 119 271
+ 119 288
+ 119 319
+ 119 212
+ 119 277
+ 119 367
+ 119 130
+ 118 278
+ 118 122
+ 117 207
+ 117 273
+ 117 355
+ 117 370
+ 117 228
+ 117 168
+ 117 209
+ 117 232
+ 117 155
+ 117 314
+ 117 206
+ 117 121
+ 117 165
+ 117 226
+ 117 140
+ 117 277
+ 117 171
+ 117 295
+ 117 130
+ 117 382
+ 116 155
+ 116 288
+ 116 256
+ 116 384
+ 116 222
+ 116 140
+ 116 252
+ 116 319
+ 116 149
+ 116 264
+ 116 303
+ 116 142
+ 116 165
+ 116 202
+ 116 389
+ 116 119
+ 116 351
+ 116 296
+ 116 387
+ 115 249
+ 115 240
+ 114 306
+ 114 270
+ 112 126
+ 112 388
+ 112 291
+ 112 207
+ 112 367
+ 112 171
+ 112 209
+ 112 354
+ 112 391
+ 112 351
+ 112 208
+ 112 256
+ 112 130
+ 112 378
+ 112 121
+ 112 295
+ 112 263
+ 112 273
+ 112 199
+ 112 389
+ 112 168
+ 112 229
+ 112 165
+ 112 215
+ 112 119
+ 112 280
+ 111 234
+ 111 359
+ 110 372
+ 110 390
+ 109 190
+ 108 260
+ 107 231
+ 107 313
+ 106 259
+ 105 171
+ 105 142
+ 105 288
+ 105 296
+ 105 279
+ 105 226
+ 105 351
+ 105 388
+ 105 212
+ 105 378
+ 105 303
+ 105 155
+ 105 348
+ 105 117
+ 105 202
+ 105 149
+ 104 206
+ 104 277
+ 104 142
+ 104 296
+ 104 168
+ 104 112
+ 104 303
+ 104 203
+ 104 389
+ 104 271
+ 104 288
+ 104 355
+ 104 370
+ 104 222
+ 104 264
+ 104 367
+ 104 242
+ 104 388
+ 104 250
+ 104 256
+ 104 105
+ 104 348
+ 104 226
+ 104 207
+ 104 165
+ 104 273
+ 104 314
+ 104 116
+ 104 301
+ 104 387
+ 104 153
+ 104 377
+ 103 112
+ 103 263
+ 103 345
+ 103 301
+ 103 142
+ 103 295
+ 103 389
+ 103 135
+ 103 168
+ 103 203
+ 103 280
+ 103 229
+ 103 226
+ 103 119
+ 103 348
+ 103 388
+ 103 104
+ 103 116
+ 103 303
+ 103 171
+ 103 256
+ 103 387
+ 103 202
+ 103 121
+ 103 351
+ 103 155
+ 102 190
+ 102 349
+ 101 209
+ 101 112
+ 101 171
+ 101 199
+ 101 140
+ 101 117
+ 101 263
+ 101 295
+ 101 370
+ 101 215
+ 101 229
+ 101 273
+ 101 149
+ 101 378
+ 101 105
+ 101 222
+ 101 142
+ 101 336
+ 101 277
+ 100 101
+ 100 252
+ 100 103
+ 100 242
+ 100 303
+ 100 370
+ 100 209
+ 100 135
+ 100 222
+ 100 199
+ 100 348
+ 100 345
+ 100 112
+ 100 104
+ 100 336
+ 100 295
+ 100 271
+ 100 367
+ 99 250
+ 99 242
+ 99 391
+ 99 153
+ 99 105
+ 99 142
+ 99 273
+ 99 100
+ 99 203
+ 99 370
+ 99 279
+ 99 355
+ 99 212
+ 99 126
+ 99 271
+ 99 117
+ 99 256
+ 99 303
+ 99 367
+ 99 345
+ 99 168
+ 98 220
+ 97 263
+ 97 209
+ 97 345
+ 97 388
+ 97 384
+ 97 348
+ 97 112
+ 97 319
+ 97 135
+ 97 296
+ 97 165
+ 97 117
+ 97 382
+ 97 228
+ 97 271
+ 97 378
+ 97 153
+ 97 208
+ 97 226
+ 97 295
+ 97 140
+ 97 250
+ 97 354
+ 97 168
+ 97 202
+ 97 256
+ 96 189
+ 96 173
+ 95 223
+ 95 174
+ 94 212
+ 94 103
+ 94 256
+ 94 155
+ 94 291
+ 94 264
+ 94 378
+ 94 116
+ 94 206
+ 94 250
+ 94 388
+ 94 215
+ 94 345
+ 94 149
+ 94 135
+ 94 384
+ 94 209
+ 94 229
+ 94 370
+ 94 367
+ 94 391
+ 94 228
+ 94 226
+ 94 273
+ 93 244
+ 92 350
+ 91 250
+ 91 99
+ 91 117
+ 91 149
+ 91 273
+ 91 209
+ 91 116
+ 91 207
+ 91 153
+ 91 203
+ 91 212
+ 91 206
+ 91 100
+ 91 384
+ 91 348
+ 91 271
+ 91 165
+ 91 135
+ 91 279
+ 91 97
+ 90 197
+ 90 236
+ 89 341
+ 89 137
+ 88 157
+ 88 300
+ 87 308
+ 86 343
+ 85 275
+ 85 293
+ 84 155
+ 84 229
+ 84 256
+ 84 273
+ 84 296
+ 84 387
+ 84 389
+ 84 384
+ 84 242
+ 84 171
+ 84 382
+ 84 202
+ 84 94
+ 84 263
+ 84 355
+ 84 105
+ 84 303
+ 84 208
+ 84 226
+ 84 121
+ 84 153
+ 84 228
+ 84 91
+ 84 280
+ 84 119
+ 84 142
+ 84 370
+ 84 319
+ 83 322
+ 83 127
+ 82 261
+ 81 247
+ 81 340
+ 80 140
+ 80 226
+ 80 280
+ 80 149
+ 80 171
+ 80 104
+ 80 215
+ 80 84
+ 80 155
+ 80 119
+ 80 112
+ 80 153
+ 80 345
+ 80 271
+ 80 291
+ 80 351
+ 80 296
+ 80 295
+ 80 199
+ 80 288
+ 80 130
+ 80 202
+ 80 105
+ 80 229
+ 80 208
+ 80 387
+ 80 378
+ 79 87
+ 79 335
+ 78 287
+ 78 298
+ 77 135
+ 77 94
+ 77 256
+ 77 273
+ 77 140
+ 77 288
+ 77 215
+ 77 199
+ 77 203
+ 77 351
+ 77 384
+ 77 295
+ 77 301
+ 77 97
+ 77 142
+ 77 377
+ 77 370
+ 77 117
+ 77 242
+ 77 171
+ 77 382
+ 77 296
+ 77 345
+ 77 250
+ 77 226
+ 76 165
+ 76 319
+ 76 295
+ 76 99
+ 76 280
+ 76 168
+ 76 354
+ 76 206
+ 76 314
+ 76 384
+ 76 100
+ 76 296
+ 76 207
+ 76 378
+ 76 155
+ 76 103
+ 76 126
+ 76 116
+ 76 208
+ 76 228
+ 76 203
+ 76 97
+ 76 142
+ 76 199
+ 76 105
+ 76 104
+ 75 194
+ 75 251
+ 74 359
+ 74 188
+ 73 218
+ 73 183
+ 72 128
+ 72 241
+ 71 181
+ 71 225
+ 70 307
+ 70 180
+ 69 86
+ 68 286
+ 67 210
+ 66 304
+ 65 385
+ 65 68
+ 64 198
+ 63 129
+ 63 184
+ 62 345
+ 62 105
+ 62 99
+ 62 384
+ 62 263
+ 62 388
+ 62 264
+ 62 354
+ 62 168
+ 62 140
+ 62 228
+ 62 303
+ 62 203
+ 62 142
+ 62 202
+ 62 117
+ 62 336
+ 62 389
+ 62 94
+ 62 155
+ 62 273
+ 62 212
+ 62 370
+ 62 206
+ 61 224
+ 61 342
+ 60 112
+ 60 226
+ 60 348
+ 60 135
+ 60 103
+ 60 271
+ 60 232
+ 60 215
+ 60 140
+ 60 77
+ 60 382
+ 60 209
+ 60 130
+ 60 295
+ 60 391
+ 60 378
+ 60 263
+ 60 76
+ 60 142
+ 60 168
+ 60 354
+ 60 303
+ 60 377
+ 60 273
+ 60 242
+ 60 222
+ 60 355
+ 59 152
+ 59 396
+ 58 113
+ 58 92
+ 57 264
+ 57 263
+ 57 80
+ 57 209
+ 57 119
+ 57 62
+ 57 378
+ 57 370
+ 57 97
+ 57 77
+ 57 104
+ 57 232
+ 57 121
+ 57 76
+ 57 207
+ 57 367
+ 57 389
+ 57 296
+ 57 117
+ 57 116
+ 57 215
+ 57 126
+ 57 384
+ 57 345
+ 57 314
+ 57 336
+ 57 202
+ 57 301
+ 57 388
+ 57 203
+ 57 273
+ 56 97
+ 56 155
+ 56 280
+ 56 165
+ 56 222
+ 56 288
+ 56 296
+ 56 336
+ 56 264
+ 56 126
+ 56 232
+ 56 130
+ 56 101
+ 56 84
+ 56 295
+ 56 149
+ 56 377
+ 56 242
+ 56 117
+ 56 80
+ 56 291
+ 56 303
+ 56 228
+ 56 171
+ 56 103
+ 56 301
+ 56 271
+ 55 108
+ 55 375
+ 54 134
+ 54 164
+ 53 178
+ 52 98
+ 52 290
+ 51 369
+ 51 358
+ 50 113
+ 49 76
+ 49 256
+ 49 104
+ 49 207
+ 49 345
+ 49 355
+ 49 119
+ 49 296
+ 49 377
+ 49 77
+ 49 319
+ 49 91
+ 49 126
+ 49 336
+ 49 348
+ 49 370
+ 49 94
+ 49 264
+ 49 84
+ 49 135
+ 49 277
+ 49 199
+ 49 105
+ 49 203
+ 49 155
+ 49 215
+ 49 140
+ 48 296
+ 48 387
+ 48 212
+ 48 206
+ 48 202
+ 48 256
+ 48 97
+ 48 384
+ 48 222
+ 48 153
+ 48 280
+ 48 91
+ 48 135
+ 48 226
+ 48 389
+ 48 273
+ 48 171
+ 48 354
+ 48 382
+ 48 345
+ 48 391
+ 48 100
+ 48 250
+ 48 370
+ 48 264
+ 48 77
+ 48 62
+ 48 288
+ 48 84
+ 48 168
+ 48 130
+ 48 103
+ 47 211
+ 46 272
+ 46 317
+ 45 204
+ 45 93
+ 44 203
+ 44 370
+ 44 377
+ 44 77
+ 44 222
+ 44 101
+ 44 279
+ 44 209
+ 44 149
+ 44 291
+ 44 228
+ 44 271
+ 44 84
+ 44 388
+ 44 142
+ 44 100
+ 44 348
+ 44 62
+ 44 168
+ 44 242
+ 44 103
+ 44 165
+ 44 232
+ 44 355
+ 44 345
+ 44 389
+ 44 354
+ 44 121
+ 44 155
+ 44 48
+ 44 135
+ 44 384
+ 43 109
+ 43 285
+ 42 332
+ 42 67
+ 41 292
+ 41 166
+ 40 258
+ 40 282
+ 39 235
+ 38 325
+ 38 399
+ 37 380
+ 37 128
+ 36 106
+ 36 82
+ 35 356
+ 35 397
+ 34 279
+ 34 168
+ 34 121
+ 34 226
+ 34 370
+ 34 303
+ 34 155
+ 34 314
+ 34 367
+ 34 76
+ 34 319
+ 34 116
+ 34 140
+ 34 345
+ 34 264
+ 34 277
+ 34 378
+ 34 119
+ 34 202
+ 34 280
+ 34 48
+ 34 348
+ 34 291
+ 34 301
+ 33 171
+ 33 84
+ 33 295
+ 33 80
+ 33 314
+ 33 112
+ 33 378
+ 33 168
+ 33 232
+ 33 104
+ 33 271
+ 33 121
+ 33 101
+ 33 222
+ 33 256
+ 33 97
+ 33 384
+ 33 382
+ 33 367
+ 33 250
+ 33 155
+ 33 76
+ 33 135
+ 33 355
+ 33 119
+ 33 273
+ 32 192
+ 31 141
+ 31 347
+ 30 205
+ 30 282
+ 29 215
+ 29 199
+ 29 226
+ 29 354
+ 29 296
+ 29 56
+ 29 336
+ 29 387
+ 29 252
+ 29 49
+ 29 121
+ 29 256
+ 29 105
+ 29 100
+ 29 212
+ 29 264
+ 29 351
+ 29 44
+ 29 34
+ 29 155
+ 29 130
+ 29 207
+ 29 263
+ 29 62
+ 29 384
+ 29 103
+ 29 94
+ 29 229
+ 29 355
+ 29 97
+ 29 208
+ 29 101
+ 29 303
+ 28 33
+ 28 348
+ 28 389
+ 28 229
+ 28 370
+ 28 112
+ 28 288
+ 28 273
+ 28 351
+ 28 206
+ 28 29
+ 28 280
+ 28 155
+ 28 277
+ 28 49
+ 28 215
+ 28 345
+ 28 153
+ 28 103
+ 28 168
+ 28 355
+ 28 117
+ 28 252
+ 28 84
+ 28 140
+ 28 199
+ 28 48
+ 28 367
+ 28 301
+ 28 384
+ 28 319
+ 28 100
+ 28 91
+ 28 354
+ 28 126
+ 28 207
+ 28 121
+ 28 99
+ 28 291
+ 28 94
+ 28 171
+ 27 381
+ 27 66
+ 26 246
+ 26 216
+ 25 56
+ 25 212
+ 25 271
+ 25 121
+ 25 94
+ 25 354
+ 25 351
+ 25 378
+ 25 250
+ 25 34
+ 25 119
+ 25 44
+ 25 135
+ 25 273
+ 25 91
+ 25 303
+ 25 384
+ 25 208
+ 25 345
+ 25 149
+ 25 382
+ 25 215
+ 25 76
+ 25 279
+ 25 387
+ 25 336
+ 25 264
+ 25 295
+ 25 229
+ 25 388
+ 25 80
+ 25 29
+ 25 228
+ 25 242
+ 25 84
+ 24 284
+ 24 152
+ 23 367
+ 23 94
+ 23 34
+ 23 168
+ 23 291
+ 23 48
+ 23 212
+ 23 209
+ 23 279
+ 23 319
+ 23 121
+ 23 199
+ 23 389
+ 23 252
+ 23 242
+ 23 229
+ 23 77
+ 23 288
+ 23 256
+ 23 273
+ 23 130
+ 23 49
+ 23 135
+ 23 126
+ 23 208
+ 23 250
+ 23 171
+ 23 97
+ 23 296
+ 23 84
+ 23 303
+ 23 222
+ 23 336
+ 23 100
+ 22 263
+ 22 279
+ 22 296
+ 22 291
+ 22 391
+ 22 351
+ 22 49
+ 22 99
+ 22 252
+ 22 76
+ 22 119
+ 22 105
+ 22 165
+ 22 378
+ 22 199
+ 22 117
+ 22 389
+ 22 384
+ 22 382
+ 22 250
+ 22 126
+ 22 345
+ 22 367
+ 22 155
+ 22 319
+ 22 135
+ 22 77
+ 22 121
+ 22 97
+ 22 25
+ 22 206
+ 21 60
+ 21 171
+ 21 215
+ 21 34
+ 21 155
+ 21 222
+ 21 206
+ 21 367
+ 21 49
+ 21 336
+ 21 28
+ 21 384
+ 21 112
+ 21 271
+ 21 153
+ 21 101
+ 21 377
+ 21 207
+ 21 280
+ 21 208
+ 21 105
+ 21 103
+ 21 250
+ 21 100
+ 21 354
+ 21 264
+ 21 291
+ 21 117
+ 21 23
+ 21 84
+ 21 140
+ 20 256
+ 20 142
+ 20 44
+ 20 391
+ 20 91
+ 20 250
+ 20 226
+ 20 354
+ 20 101
+ 20 387
+ 20 56
+ 20 199
+ 20 252
+ 20 99
+ 20 203
+ 20 280
+ 20 126
+ 20 119
+ 20 25
+ 20 355
+ 20 378
+ 20 206
+ 20 232
+ 20 382
+ 20 49
+ 20 80
+ 20 263
+ 20 228
+ 20 336
+ 20 57
+ 20 140
+ 20 377
+ 20 149
+ 20 264
+ 19 69
+ 19 364
+ 18 32
+ 18 210
+ 17 352
+ 17 50
+ 16 324
+ 16 167
+ 15 49
+ 15 288
+ 15 232
+ 15 116
+ 15 207
+ 15 206
+ 15 377
+ 15 153
+ 15 314
+ 15 34
+ 15 389
+ 15 76
+ 15 149
+ 15 117
+ 15 319
+ 15 97
+ 15 250
+ 15 215
+ 15 57
+ 15 378
+ 15 99
+ 15 336
+ 15 388
+ 15 48
+ 15 23
+ 15 22
+ 15 273
+ 15 140
+ 15 226
+ 15 384
+ 14 294
+ 14 120
+ 13 25
+ 13 250
+ 13 271
+ 13 208
+ 13 15
+ 13 100
+ 13 101
+ 13 62
+ 13 153
+ 13 149
+ 13 301
+ 13 121
+ 13 288
+ 13 303
+ 13 354
+ 13 33
+ 13 140
+ 13 296
+ 13 242
+ 13 94
+ 13 80
+ 13 351
+ 13 391
+ 13 105
+ 13 22
+ 13 388
+ 13 226
+ 13 319
+ 13 84
+ 13 295
+ 13 49
+ 13 119
+ 12 64
+ 12 53
+ 11 171
+ 11 314
+ 11 226
+ 11 29
+ 11 101
+ 11 126
+ 11 355
+ 11 250
+ 11 60
+ 11 351
+ 11 57
+ 11 112
+ 11 388
+ 11 279
+ 11 252
+ 11 77
+ 11 23
+ 11 387
+ 11 130
+ 11 303
+ 11 301
+ 11 296
+ 11 384
+ 11 97
+ 11 15
+ 11 203
+ 11 121
+ 11 33
+ 11 168
+ 11 117
+ 11 207
+ 11 295
+ 11 319
+ 11 206
+ 11 391
+ 11 345
+ 11 119
+ 11 377
+ 10 264
+ 10 15
+ 10 319
+ 10 34
+ 10 155
+ 10 121
+ 10 135
+ 10 348
+ 10 295
+ 10 11
+ 10 105
+ 10 370
+ 10 279
+ 10 351
+ 10 116
+ 10 345
+ 10 149
+ 10 242
+ 10 336
+ 10 13
+ 10 271
+ 10 222
+ 10 57
+ 10 168
+ 10 126
+ 10 117
+ 10 199
+ 9 336
+ 9 256
+ 9 389
+ 9 153
+ 9 171
+ 9 208
+ 9 367
+ 9 33
+ 9 370
+ 9 388
+ 9 378
+ 9 76
+ 9 80
+ 9 25
+ 9 226
+ 9 21
+ 9 155
+ 9 263
+ 9 242
+ 9 57
+ 9 100
+ 9 212
+ 9 10
+ 9 77
+ 9 94
+ 9 382
+ 9 354
+ 9 295
+ 9 319
+ 9 29
+ 9 13
+ 8 213
+ 8 361
+ 7 239
+ 7 191
+ 6 94
+ 6 355
+ 6 44
+ 6 209
+ 6 155
+ 6 97
+ 6 103
+ 6 49
+ 6 130
+ 6 378
+ 6 126
+ 6 319
+ 6 112
+ 6 99
+ 6 13
+ 6 222
+ 6 384
+ 6 229
+ 6 57
+ 6 301
+ 6 351
+ 6 135
+ 6 48
+ 6 232
+ 6 391
+ 6 256
+ 5 186
+ 5 39
+ 4 162
+ 4 311
+ 3 197
+ 3 374
+ 2 257
+ 2 324
- 1 15
- 1 207
- 1 354
- 1 62
- 1 370
- 1 229
- 1 165
- 1 91
- 1 100
- 1 367
- 1 252
- 1 288
- 1 56
- 1 271
- 1 314
- 1 57
- 1 203
- 1 296
- 1 116
- 1 387
- 1 336
- 1 101
- 1 277
- 1 389
- 1 382
- 1 117
- 1 21
- 1 23
- 1 222
- 1 155
- 1 103
- 1 48
- 1 34
- 1 348
- 1 355
- 1 60
- 1 242
- 1 301
- 1 199
- 1 10
- 1 126
- 1 212
- 1 206
- 1 22
- 1 25
- 1 228
- 1 94
- 1 28
- 1 171
- 1 226
- 1 77
- 1 345
- 1 99
- 1 168
- 1 263
- 1 135
- 1 44
- 1 384
- 1 121
- 1 295
- 1 13
- 1 9
- 1 319
- 1 84
- 1 142
- 1 140
- 1 49
- 1 215
- 1 209
- 1 351
- 1 291
- 1 273
- 1 33
- 1 119
- 1 112
- 1 280
- 1 377
- 1 11
- 1 391
- 1 6
- 1 256
- 1 97
- 1 202
- 1 232
- 1 303
- 1 29
- 1 208
- 1 250
- 1 378
- 1 80
- 1 105
- 1 76
- 1 104
- 1 153
- 1 149
- 1 20
- 1 264
- 1 279
- 1 388
- 1 130
- 1 269
- 1 146
- 1 400
- 1 162
- 1 4
- 1 311
- 1 334
- 1 169
- 1 122
- 1 118
- 1 278
- 1 349
- 1 102
- 1 190
- 1 109
- 1 43
- 1 285
- 1 307
- 1 70
- 1 180
- 1 327
- 1 246
- 1 26
- 1 216
- 1 217
- 1 195
- 1 344
- 1 144
- 1 139
- 1 362
- 1 366
- 1 148
- 1 363
- 1 233
- 1 393
- 1 219
- 1 275
- 1 85
- 1 293
- 1 143
- 1 331
- 1 184
- 1 63
- 1 129
- 1 297
- 1 175
- 1 268
- 1 392
- 1 224
- 1 61
- 1 342
- 1 330
- 1 150
- 1 249
- 1 115
- 1 240
- 1 305
- 1 234
- 1 111
- 1 359
- 1 74
- 1 188
- 1 339
- 1 173
- 1 96
- 1 189
- 1 320
- 1 257
- 1 2
- 1 324
- 1 16
- 1 167
- 1 176
- 1 316
- 1 335
- 1 79
- 1 87
- 1 308
- 1 329
- 1 191
- 1 7
- 1 239
- 1 372
- 1 110
- 1 390
- 1 340
- 1 81
- 1 247
- 1 353
- 1 298
- 1 78
- 1 287
- 1 380
- 1 37
- 1 128
- 1 72
- 1 241
- 1 243
- 1 253
- 1 266
- 1 270
- 1 114
- 1 306
- 1 218
- 1 73
- 1 183
- 1 213
- 1 8
- 1 361
- 1 132
- 1 147
- 1 399
- 1 38
- 1 325
- 1 145
- 1 185
- 1 272
- 1 46
- 1 317
- 1 174
- 1 95
- 1 223
- 1 127
- 1 83
- 1 322
- 1 262
- 1 315
- 1 245
- 1 220
- 1 98
- 1 52
- 1 290
- 1 328
- 1 346
- 1 338
- 1 161
- 1 369
- 1 51
- 1 358
- 1 211
- 1 265
- 1 254
- 1 365
- 1 124
- 1 364
- 1 19
- 1 69
- 1 86
- 1 343
- 1 302
- 1 244
- 1 93
- 1 45
- 1 204
- 1 309
- 1 371
- 1 357
- 1 205
- 1 30
- 1 282
- 1 40
- 1 258
- 1 187
- 1 193
- 1 396
- 1 59
- 1 152
- 1 24
- 1 284
- 1 299
- 1 386
- 1 274
- 1 323
- 1 238
- 1 198
- 1 64
- 1 12
- 1 53
- 1 178
- 1 321
- 1 170
- 1 352
- 1 17
- 1 50
- 1 113
- 1 58
- 1 92
- 1 350
- 1 261
- 1 82
- 1 36
- 1 106
- 1 259
- 1 196
- 1 133
- 1 201
- 1 158
- 1 337
- 1 318
- 1 159
- 1 163
- 1 154
- 1 333
- 1 379
- 1 276
- 1 360
- 1 160
- 1 248
- 1 374
- 1 3
- 1 197
- 1 90
- 1 236
- 1 230
- 1 383
- 1 125
- 1 326
- 1 373
- 1 312
- 1 181
- 1 71
- 1 225
- 1 200
- 1 397
- 1 35
- 1 356
- 1 227
- 1 179
- 1 310
- 1 237
- 1 166
- 1 41
- 1 292
- 1 123
- 1 251
- 1 75
- 1 194
- 1 138
- 1 347
- 1 31
- 1 141
- 1 289
- 1 182
- 1 332
- 1 42
- 1 67
- 1 210
- 1 18
- 1 32
- 1 192
- 1 214
- 1 267
- 1 186
- 1 5
- 1 39
- 1 235
- 1 177
- 1 394
- 1 381
- 1 27
- 1 66
- 1 304
- 1 156
- 1 398
- 1 151
- 1 231
- 1 107
- 1 313
- 1 136
- 1 294
- 1 14
- 1 120
- 1 221
- 1 376
- 1 395
- 1 283
- 1 134
- 1 54
- 1 164
- 1 131
- 1 300
- 1 88
- 1 157
- 1 260
- 1 108
- 1 55
- 1 375
- 1 281
- 1 137
- 1 89
- 1 341
- 1 255
- 1 172
- 1 368
- 1 286
- 1 68
- 65 1
