1574
+ 1 3
+ 1 4
+ 1 5
+ 1 6
+ 1 7
+ 1 8
+ 1 9
+ 1 10
+ 1 172
+ 1 64
+ 1 100
+ 1 255
+ 1 25
+ 1 151
+ 1 68
+ 1 125
+ 1 364
+ 1 282
+ 1 166
+ 1 272
+ 1 314
+ 1 66
+ 1 56
+ 1 45
+ 1 222
+ 1 62
+ 1 67
+ 1 326
+ 1 187
+ 1 256
+ 1 12
+ 1 181
+ 1 250
+ 1 27
+ 1 184
+ 1 243
+ 1 313
+ 1 31
+ 1 122
+ 1 18
+ 1 322
+ 1 78
+ 1 75
+ 1 220
+ 1 200
+ 1 210
+ 1 300
+ 1 209
+ 1 203
+ 1 34
+ 1 334
+ 1 153
+ 1 367
+ 1 358
+ 1 305
+ 1 20
+ 1 26
+ 1 170
+ 1 294
+ 1 126
+ 1 174
+ 1 37
+ 1 133
+ 1 11
+ 1 165
+ 1 180
+ 1 77
+ 1 177
+ 1 29
+ 1 383
+ 1 346
+ 1 232
+ 1 111
+ 1 19
+ 1 160
+ 1 377
+ 1 156
+ 1 91
+ 1 139
+ 1 224
+ 1 51
+ 1 103
+ 1 190
+ 1 138
+ 1 387
+ 1 336
+ 1 221
+ 1 325
+ 1 54
+ 1 212
+ 1 74
+ 1 38
+ 1 176
+ 1 317
+ 1 145
+ 1 46
+ 1 330
+ 1 340
+ 1 266
+ 1 175
+ 1 350
+ 1 304
+ 1 343
+ 1 141
+ 1 49
+ 1 238
+ 1 60
+ 1 53
+ 1 356
+ 1 204
+ 1 52
+ 1 94
+ 1 335
+ 1 245
+ 1 258
+ 1 228
+ 1 362
+ 1 375
+ 1 120
+ 1 366
+ 1 223
+ 1 83
+ 1 315
+ 1 215
+ 1 308
+ 1 22
+ 1 321
+ 1 211
+ 1 344
+ 1 30
+ 1 118
+ 1 382
+ 1 158
+ 1 191
+ 1 384
+ 1 324
+ 1 219
+ 1 373
+ 1 55
+ 1 193
+ 1 269
+ 1 101
+ 1 341
+ 1 274
+ 1 76
+ 1 285
+ 1 173
+ 1 159
+ 1 43
+ 1 327
+ 1 179
+ 1 108
+ 1 169
+ 1 372
+ 1 225
+ 1 59
+ 1 287
+ 1 82
+ 1 123
+ 1 298
+ 1 301
+ 1 318
+ 1 345
+ 1 319
+ 1 28
+ 1 254
+ 1 262
+ 1 257
+ 1 197
+ 1 213
+ 1 388
+ 1 81
+ 1 95
+ 1 188
+ 1 167
+ 1 252
+ 1 136
+ 1 316
+ 1 253
+ 1 152
+ 1 378
+ 1 381
+ 1 135
+ 1 342
+ 1 347
+ 1 278
+ 1 246
+ 1 121
+ 1 237
+ 1 183
+ 1 109
+ 1 44
+ 1 283
+ 1 260
+ 1 142
+ 1 337
+ 1 14
+ 1 303
+ 1 295
+ 1 24
+ 1 296
+ 1 363
+ 1 247
+ 1 171
+ 1 270
+ 1 35
+ 1 201
+ 1 106
+ 1 102
+ 1 365
+ 1 182
+ 1 205
+ 1 149
+ 1 354
+ 1 192
+ 1 198
+ 1 72
+ 1 40
+ 1 385
+ 1 351
+ 1 368
+ 1 148
+ 1 88
+ 1 114
+ 1 47
+ 1 143
+ 1 279
+ 1 162
+ 1 338
+ 1 360
+ 1 71
+ 1 207
+ 1 50
+ 1 218
+ 1 130
+ 1 348
+ 1 302
+ 1 202
+ 1 281
+ 1 90
+ 1 251
+ 1 310
+ 1 291
+ 1 271
+ 1 332
+ 1 48
+ 1 73
+ 1 309
+ 1 371
+ 1 128
+ 1 87
+ 1 163
+ 1 357
+ 1 312
+ 1 92
+ 1 263
+ 1 154
+ 1 288
+ 1 297
+ 1 241
+ 1 261
+ 1 113
+ 1 80
+ 1 93
+ 1 98
+ 1 214
+ 1 15
+ 1 147
+ 1 311
+ 1 320
+ 1 359
+ 1 112
+ 1 361
+ 1 131
+ 1 157
+ 1 132
+ 1 63
+ 1 244
+ 1 129
+ 1 374
+ 1 168
+ 1 140
+ 1 58
+ 1 230
+ 1 96
+ 1 284
+ 1 57
+ 1 277
+ 1 36
+ 1 349
+ 1 289
+ 1 239
+ 1 306
+ 1 164
+ 1 117
+ 1 369
+ 1 110
+ 1 189
+ 1 13
+ 1 208
+ 1 23
+ 1 185
+ 1 146
+ 1 155
+ 1 97
+ 1 355
+ 1 194
+ 1 249
+ 1 292
+ 1 115
+ 1 389
+ 1 41
+ 1 370
+ 1 105
+ 1 275
+ 1 199
+ 1 134
+ 1 69
+ 1 267
+ 1 328
+ 1 353
+ 1 85
+ 1 226
+ 1 127
+ 1 137
+ 1 144
+ 1 227
+ 1 32
+ 1 286
+ 1 21
+ 1 242
+ 1 307
+ 1 42
+ 1 186
+ 1 380
+ 1 196
+ 1 99
+ 1 273
+ 1 386
+ 1 70
+ 1 234
+ 1 16
+ 1 178
+ 1 231
+ 1 339
+ 1 290
+ 1 124
+ 1 84
+ 1 331
+ 1 293
+ 1 17
+ 1 107
+ 1 352
+ 1 299
+ 1 259
+ 1 323
+ 1 280
+ 1 33
+ 1 333
+ 1 265
+ 1 104
+ 1 86
+ 1 161
+ 1 376
+ 1 329
+ 1 89
+ 1 116
+ 1 268
+ 1 65
+ 1 206
+ 1 390
+ 1 195
+ 1 233
+ 1 229
+ 1 276
+ 1 248
+ 1 150
+ 1 240
+ 1 379
+ 1 217
+ 1 61
+ 1 39
+ 1 216
+ 1 264
+ 1 236
+ 1 79
+ 1 235
+ 1 119
+ 1 391
+ 1 392
+ 1 393
+ 1 394
+ 1 395
+ 1 396
+ 1 397
+ 1 398
+ 1 399
+ 1 400
- 2 3
- 3 4
- 4 5
- 5 6
- 6 7
- 7 8
- 8 9
- 9 10
- 10 172
- 11 133
- 11 165
- 12 256
- 12 181
- 13 189
- 13 208
- 14 337
- 14 303
- 15 214
- 15 147
- 16 234
- 16 178
- 17 293
- 17 107
- 18 122
- 18 322
- 19 111
- 19 160
- 20 305
- 20 26
- 21 286
- 21 242
- 22 308
- 22 321
- 23 208
- 23 185
- 24 295
- 24 296
- 25 255
- 25 151
- 26 170
- 27 250
- 27 184
- 28 319
- 28 254
- 29 177
- 29 383
- 30 344
- 30 118
- 31 313
- 31 122
- 32 227
- 32 286
- 33 280
- 33 333
- 34 203
- 34 334
- 35 270
- 35 201
- 36 277
- 36 349
- 37 174
- 37 133
- 38 74
- 38 176
- 39 61
- 39 216
- 40 72
- 40 385
- 41 389
- 41 370
- 42 307
- 42 186
- 43 159
- 43 327
- 44 109
- 44 283
- 45 56
- 45 222
- 46 145
- 46 330
- 47 114
- 47 143
- 48 332
- 48 73
- 49 141
- 49 238
- 50 207
- 50 218
- 51 224
- 51 103
- 52 204
- 52 94
- 53 60
- 53 356
- 54 325
- 54 212
- 55 373
- 55 193
- 56 66
- 57 284
- 57 277
- 58 140
- 58 230
- 59 225
- 59 287
- 60 238
- 61 217
- 62 222
- 62 67
- 63 132
- 63 244
- 64 172
- 64 100
- 65 268
- 65 206
- 66 314
- 67 326
- 68 151
- 68 125
- 69 134
- 69 267
- 70 386
- 70 234
- 71 360
- 71 207
- 72 198
- 73 309
- 74 212
- 75 78
- 75 220
- 76 274
- 76 285
- 77 180
- 77 177
- 78 322
- 79 236
- 79 235
- 80 113
- 80 93
- 81 388
- 81 95
- 82 287
- 82 123
- 83 223
- 83 315
- 84 124
- 84 331
- 85 353
- 85 226
- 86 104
- 86 161
- 87 128
- 87 163
- 88 148
- 88 114
- 89 329
- 89 116
- 90 281
- 90 251
- 91 156
- 91 139
- 92 312
- 92 263
- 93 98
- 94 335
- 95 188
- 96 230
- 96 284
- 97 155
- 97 355
- 98 214
- 99 196
- 99 273
- 100 255
- 101 269
- 101 341
- 102 106
- 102 365
- 103 190
- 104 265
- 105 370
- 105 275
- 106 201
- 107 352
- 108 179
- 108 169
- 109 183
- 110 369
- 110 189
- 111 232
- 112 359
- 112 361
- 113 261
- 115 292
- 115 389
- 116 268
- 117 164
- 117 369
- 118 382
- 119 235
- 119 391
- 120 375
- 120 366
- 121 246
- 121 237
- 123 298
- 124 290
- 125 364
- 126 294
- 126 174
- 127 226
- 127 137
- 128 371
- 129 244
- 129 374
- 130 218
- 130 348
- 131 361
- 131 157
- 132 157
- 134 199
- 135 381
- 135 342
- 136 252
- 136 316
- 137 144
- 138 190
- 138 387
- 139 224
- 140 168
- 141 343
- 142 260
- 142 337
- 143 279
- 144 227
- 145 317
- 146 185
- 146 155
- 147 311
- 148 368
- 149 205
- 149 354
- 150 248
- 150 240
- 152 253
- 152 378
- 153 334
- 153 367
- 154 263
- 154 288
- 156 377
- 158 382
- 158 191
- 159 173
- 160 377
- 161 376
- 162 279
- 162 338
- 163 357
- 164 306
- 165 180
- 166 282
- 166 272
- 167 188
- 167 252
- 168 374
- 169 372
- 170 294
- 171 247
- 171 270
- 173 285
- 175 266
- 175 350
- 176 317
- 178 231
- 179 327
- 181 250
- 182 365
- 182 205
- 183 237
- 184 243
- 186 380
- 187 326
- 187 256
- 191 384
- 192 354
- 192 198
- 193 269
- 194 355
- 194 249
- 195 390
- 195 233
- 196 380
- 197 257
- 197 213
- 199 275
- 200 220
- 200 210
- 202 302
- 202 281
- 203 209
- 204 356
- 206 390
- 209 300
- 210 300
- 211 321
- 211 344
- 213 388
- 215 315
- 215 308
- 216 264
- 217 379
- 219 324
- 219 373
- 221 336
- 221 325
- 223 366
- 225 372
- 228 258
- 228 362
- 229 233
- 229 276
- 231 339
- 232 346
- 236 264
- 239 289
- 239 306
- 240 379
- 241 297
- 241 261
- 242 307
- 243 313
- 245 335
- 245 258
- 246 278
- 247 363
- 248 276
- 249 292
- 251 310
- 253 316
- 254 262
- 257 262
- 259 299
- 259 323
- 260 283
- 265 333
- 266 340
- 267 328
- 271 291
- 271 332
- 272 314
- 273 386
- 274 341
- 278 347
- 280 323
- 282 364
- 288 297
- 289 349
- 290 339
- 291 310
- 293 331
- 295 303
- 296 363
- 298 301
- 299 352
- 301 318
- 302 348
- 304 350
- 304 343
- 305 358
- 309 371
- 311 320
- 312 357
- 318 345
- 319 345
- 320 359
- 324 384
- 328 353
- 329 376
- 330 340
- 336 387
- 338 360
- 342 347
- 346 383
- 351 385
- 351 368
- 358 367
- 362 375
- 378 381
+ 377 380
+ 363 372
+ 358 376
+ 351 352
+ 347 386
+ 344 374
+ 342 374
+ 342 350
+ 335 381
+ 333 345
+ 332 350
+ 328 385
+ 327 331
+ 326 356
+ 324 363
+ 319 357
+ 315 326
+ 308 359
+ 308 349
+ 303 366
+ 301 334
+ 300 338
+ 300 314
+ 298 368
+ 296 316
+ 296 305
+ 292 368
+ 291 369
+ 291 320
+ 288 297
+ 285 310
+ 283 333
+ 282 385
+ 281 336
+ 280 287
+ 279 384
+ 274 278
+ 273 313
+ 271 375
+ 269 378
+ 269 275
+ 267 343
+ 260 279
+ 259 381
+ 258 265
+ 256 284
+ 254 351
+ 253 389
+ 252 365
+ 251 314
+ 248 370
+ 247 322
+ 243 289
+ 242 272
+ 241 257
+ 240 364
+ 238 383
+ 235 339
+ 234 235
+ 234 377
+ 231 247
+ 231 263
+ 230 246
+ 229 349
+ 229 236
+ 228 318
+ 228 327
+ 227 292
+ 226 262
+ 225 288
+ 224 294
+ 223 251
+ 222 264
+ 221 340
+ 220 289
+ 220 245
+ 219 237
+ 218 312
+ 217 276
+ 216 317
+ 215 320
+ 214 265
+ 210 230
+ 209 286
+ 208 236
+ 207 225
+ 207 321
+ 205 208
+ 204 222
+ 204 293
+ 203 254
+ 202 276
+ 201 341
+ 201 346
+ 200 361
+ 198 202
+ 197 371
+ 196 238
+ 196 348
+ 195 376
+ 195 390
+ 194 299
+ 192 329
+ 191 331
+ 191 261
+ 190 378
+ 189 205
+ 189 365
+ 187 215
+ 187 355
+ 184 325
+ 183 250
+ 182 338
+ 181 192
+ 180 375
+ 179 221
+ 178 209
+ 177 242
+ 177 359
+ 175 275
+ 175 297
+ 174 186
+ 174 277
+ 173 299
+ 172 316
+ 171 253
+ 170 315
+ 170 268
+ 169 223
+ 169 310
+ 167 295
+ 167 176
+ 166 199
+ 163 361
+ 162 323
+ 161 366
+ 160 302
+ 160 172
+ 159 193
+ 156 240
+ 153 217
+ 152 213
+ 151 206
+ 150 210
+ 150 179
+ 148 332
+ 148 272
+ 147 171
+ 146 355
+ 146 190
+ 145 263
+ 144 260
+ 144 278
+ 143 321
+ 143 246
+ 142 390
+ 142 248
+ 141 317
+ 141 328
+ 140 164
+ 139 372
+ 139 233
+ 138 322
+ 137 347
+ 136 391
+ 135 311
+ 135 249
+ 134 227
+ 134 358
+ 132 140
+ 132 137
+ 131 353
+ 130 323
+ 128 161
+ 128 211
+ 127 130
+ 127 330
+ 126 157
+ 125 302
+ 124 360
+ 124 383
+ 123 197
+ 123 216
+ 122 133
+ 121 155
+ 120 319
+ 120 152
+ 119 307
+ 119 266
+ 118 282
+ 118 239
+ 117 274
+ 117 369
+ 115 244
+ 115 356
+ 114 188
+ 113 250
+ 113 318
+ 112 268
+ 111 214
+ 111 286
+ 110 324
+ 109 149
+ 109 168
+ 108 371
+ 107 147
+ 106 181
+ 106 107
+ 105 367
+ 105 138
+ 104 382
+ 104 244
+ 103 357
+ 102 277
+ 102 384
+ 101 380
+ 101 284
+ 100 116
+ 99 360
+ 98 151
+ 97 312
+ 97 388
+ 96 245
+ 96 307
+ 95 280
+ 95 133
+ 94 352
+ 94 339
+ 93 252
+ 93 341
+ 92 176
+ 92 156
+ 91 348
+ 90 270
+ 89 266
+ 89 294
+ 88 122
+ 88 258
+ 87 168
+ 87 226
+ 86 388
+ 85 346
+ 85 354
+ 84 180
+ 84 200
+ 83 387
+ 82 173
+ 82 154
+ 81 337
+ 81 193
+ 80 239
+ 80 212
+ 79 335
+ 79 344
+ 78 283
+ 78 306
+ 77 340
+ 77 110
+ 76 145
+ 76 155
+ 75 259
+ 74 121
+ 74 218
+ 73 162
+ 72 165
+ 72 273
+ 71 154
+ 71 295
+ 70 185
+ 70 345
+ 69 114
+ 69 387
+ 68 249
+ 67 166
+ 66 206
+ 66 309
+ 65 364
+ 65 271
+ 64 136
+ 64 311
+ 63 255
+ 63 281
+ 62 211
+ 62 382
+ 61 306
+ 61 73
+ 60 159
+ 60 186
+ 59 68
+ 59 301
+ 58 304
+ 58 149
+ 57 285
+ 57 304
+ 56 267
+ 56 367
+ 55 233
+ 55 164
+ 54 373
+ 54 75
+ 53 83
+ 53 337
+ 52 163
+ 52 243
+ 51 153
+ 51 194
+ 50 270
+ 50 185
+ 49 203
+ 48 184
+ 48 379
+ 47 309
+ 47 257
+ 46 262
+ 46 373
+ 45 362
+ 45 255
+ 44 264
+ 43 224
+ 43 103
+ 42 334
+ 42 199
+ 41 241
+ 41 188
+ 40 112
+ 40 183
+ 39 178
+ 39 303
+ 38 370
+ 38 99
+ 37 67
+ 37 44
+ 36 213
+ 36 116
+ 35 379
+ 35 49
+ 33 313
+ 33 298
+ 32 131
+ 32 290
+ 31 386
+ 31 343
+ 30 157
+ 30 98
+ 29 293
+ 29 34
+ 28 129
+ 27 330
+ 27 232
+ 26 129
+ 26 362
+ 25 389
+ 25 108
+ 24 353
+ 23 212
+ 23 287
+ 22 261
+ 22 325
+ 21 256
+ 21 198
+ 20 354
+ 20 219
+ 19 290
+ 19 182
+ 18 86
+ 18 125
+ 17 232
+ 17 165
+ 16 305
+ 16 158
+ 15 237
+ 15 329
+ 14 100
+ 14 126
+ 13 91
+ 13 28
+ 12 34
+ 12 24
+ 11 158
+ 11 90
+ 10 336
+ 9 10
+ 8 9
+ 7 8
+ 6 7
+ 5 6
+ 4 5
+ 3 4
+ 2 3
- 1 400
- 1 399
- 1 398
- 1 397
- 1 396
- 1 395
- 1 394
- 1 393
- 1 392
- 1 391
- 1 136
- 1 64
- 1 311
- 1 135
- 1 249
- 1 68
- 1 59
- 1 301
- 1 334
- 1 42
- 1 199
- 1 166
- 1 67
- 1 37
- 1 44
- 1 264
- 1 222
- 1 204
- 1 293
- 1 29
- 1 34
- 1 12
- 1 24
- 1 353
- 1 131
- 1 32
- 1 290
- 1 19
- 1 182
- 1 338
- 1 300
- 1 314
- 1 251
- 1 223
- 1 169
- 1 310
- 1 285
- 1 57
- 1 304
- 1 58
- 1 149
- 1 109
- 1 168
- 1 87
- 1 226
- 1 262
- 1 46
- 1 373
- 1 54
- 1 75
- 1 259
- 1 381
- 1 335
- 1 79
- 1 344
- 1 374
- 1 342
- 1 350
- 1 332
- 1 148
- 1 272
- 1 242
- 1 177
- 1 359
- 1 308
- 1 349
- 1 229
- 1 236
- 1 208
- 1 205
- 1 189
- 1 365
- 1 252
- 1 93
- 1 341
- 1 201
- 1 346
- 1 85
- 1 354
- 1 20
- 1 219
- 1 237
- 1 15
- 1 329
- 1 192
- 1 181
- 1 106
- 1 107
- 1 147
- 1 171
- 1 253
- 1 389
- 1 25
- 1 108
- 1 371
- 1 197
- 1 123
- 1 216
- 1 317
- 1 141
- 1 328
- 1 385
- 1 282
- 1 118
- 1 239
- 1 80
- 1 212
- 1 23
- 1 287
- 1 280
- 1 95
- 1 133
- 1 122
- 1 88
- 1 258
- 1 265
- 1 214
- 1 111
- 1 286
- 1 209
- 1 178
- 1 39
- 1 303
- 1 366
- 1 161
- 1 128
- 1 211
- 1 62
- 1 382
- 1 104
- 1 244
- 1 115
- 1 356
- 1 326
- 1 315
- 1 170
- 1 268
- 1 112
- 1 40
- 1 183
- 1 250
- 1 113
- 1 318
- 1 228
- 1 327
- 1 331
- 1 191
- 1 261
- 1 22
- 1 325
- 1 184
- 1 48
- 1 379
- 1 35
- 1 49
- 1 203
- 1 254
- 1 351
- 1 352
- 1 94
- 1 339
- 1 235
- 1 234
- 1 377
- 1 380
- 1 101
- 1 284
- 1 256
- 1 21
- 1 198
- 1 202
- 1 276
- 1 217
- 1 153
- 1 51
- 1 194
- 1 299
- 1 173
- 1 82
- 1 154
- 1 71
- 1 295
- 1 167
- 1 176
- 1 92
- 1 156
- 1 240
- 1 364
- 1 65
- 1 271
- 1 375
- 1 180
- 1 84
- 1 200
- 1 361
- 1 163
- 1 52
- 1 243
- 1 289
- 1 220
- 1 245
- 1 96
- 1 307
- 1 119
- 1 266
- 1 89
- 1 294
- 1 224
- 1 43
- 1 103
- 1 357
- 1 319
- 1 120
- 1 152
- 1 213
- 1 36
- 1 116
- 1 100
- 1 14
- 1 126
- 1 157
- 1 30
- 1 98
- 1 151
- 1 206
- 1 66
- 1 309
- 1 47
- 1 257
- 1 241
- 1 41
- 1 188
- 1 114
- 1 69
- 1 387
- 1 83
- 1 53
- 1 337
- 1 81
- 1 193
- 1 159
- 1 60
- 1 186
- 1 174
- 1 277
- 1 102
- 1 384
- 1 279
- 1 260
- 1 144
- 1 278
- 1 274
- 1 117
- 1 369
- 1 291
- 1 320
- 1 215
- 1 187
- 1 355
- 1 146
- 1 190
- 1 378
- 1 269
- 1 275
- 1 175
- 1 297
- 1 288
- 1 225
- 1 207
- 1 321
- 1 143
- 1 246
- 1 230
- 1 210
- 1 150
- 1 179
- 1 221
- 1 340
- 1 77
- 1 110
- 1 324
- 1 363
- 1 372
- 1 139
- 1 233
- 1 55
- 1 164
- 1 140
- 1 132
- 1 137
- 1 347
- 1 386
- 1 31
- 1 343
- 1 267
- 1 56
- 1 367
- 1 105
- 1 138
- 1 322
- 1 247
- 1 231
- 1 263
- 1 145
- 1 76
- 1 155
- 1 121
- 1 74
- 1 218
- 1 312
- 1 97
- 1 388
- 1 86
- 1 18
- 1 125
- 1 302
- 1 160
- 1 172
- 1 316
- 1 296
- 1 305
- 1 16
- 1 158
- 1 11
- 1 90
- 1 270
- 1 50
- 1 185
- 1 70
- 1 345
- 1 333
- 1 283
- 1 78
- 1 306
- 1 61
- 1 73
- 1 162
- 1 323
- 1 130
- 1 127
- 1 330
- 1 27
- 1 232
- 1 17
- 1 165
- 1 72
- 1 273
- 1 313
- 1 33
- 1 298
- 1 368
- 1 292
- 1 227
- 1 134
- 1 358
- 1 376
- 1 195
- 1 390
- 1 142
- 1 248
- 1 370
- 1 38
- 1 99
- 1 360
- 1 124
- 1 383
- 1 238
- 1 196
- 1 348
- 1 91
- 1 13
- 1 28
- 1 129
- 1 26
- 1 362
- 1 45
- 1 255
- 1 63
- 1 281
- 1 336
- 1 10
- 1 9
- 1 8
- 1 7
- 1 6
- 1 5
- 1 4
- 3 1
