3561
+ 1 241
+ 1 217
+ 1 295
+ 1 116
+ 1 167
+ 1 193
+ 1 233
+ 1 86
+ 1 141
+ 1 101
+ 1 13
+ 1 183
+ 1 61
+ 1 38
+ 1 307
+ 1 142
+ 1 124
+ 1 223
+ 1 46
+ 1 261
+ 1 194
+ 1 23
+ 1 306
+ 1 112
+ 1 14
+ 1 130
+ 1 209
+ 1 15
+ 1 70
+ 1 63
+ 1 131
+ 1 96
+ 1 228
+ 1 166
+ 1 18
+ 1 110
+ 1 91
+ 1 154
+ 1 161
+ 1 245
+ 1 215
+ 1 240
+ 1 140
+ 1 286
+ 1 186
+ 1 216
+ 1 83
+ 1 174
+ 1 42
+ 1 138
+ 1 281
+ 1 247
+ 1 168
+ 1 134
+ 1 317
+ 1 243
+ 1 115
+ 1 206
+ 1 303
+ 1 244
+ 1 4
+ 1 79
+ 1 2
+ 1 178
+ 1 267
+ 1 52
+ 1 270
+ 1 271
+ 1 181
+ 1 197
+ 1 31
+ 1 322
+ 1 102
+ 1 254
+ 1 238
+ 1 279
+ 1 94
+ 1 258
+ 1 283
+ 1 179
+ 1 272
+ 1 292
+ 1 318
+ 1 108
+ 1 302
+ 1 137
+ 1 25
+ 1 111
+ 1 182
+ 1 260
+ 1 69
+ 1 314
+ 1 273
+ 1 257
+ 1 5
+ 1 324
+ 1 135
+ 1 256
+ 1 229
+ 1 284
+ 1 189
+ 1 89
+ 1 145
+ 1 43
+ 1 264
+ 1 212
+ 1 164
+ 1 250
+ 1 133
+ 1 151
+ 1 188
+ 1 156
+ 1 305
+ 1 9
+ 1 34
+ 1 81
+ 1 114
+ 1 39
+ 1 226
+ 1 117
+ 1 278
+ 1 170
+ 1 225
+ 1 118
+ 1 180
+ 1 77
+ 1 76
+ 1 123
+ 1 24
+ 1 158
+ 1 159
+ 1 232
+ 1 44
+ 1 265
+ 1 6
+ 1 289
+ 1 190
+ 1 72
+ 1 313
+ 1 40
+ 1 288
+ 1 19
+ 1 146
+ 1 147
+ 1 75
+ 1 58
+ 1 66
+ 1 126
+ 1 68
+ 1 320
+ 1 132
+ 1 49
+ 1 316
+ 1 291
+ 1 17
+ 1 153
+ 1 62
+ 1 330
+ 1 149
+ 1 162
+ 1 47
+ 1 300
+ 1 234
+ 1 97
+ 1 294
+ 1 248
+ 1 65
+ 1 82
+ 1 219
+ 1 327
+ 1 280
+ 1 251
+ 1 51
+ 1 310
+ 1 27
+ 1 253
+ 1 220
+ 1 200
+ 1 64
+ 1 319
+ 1 92
+ 1 36
+ 1 329
+ 1 35
+ 1 128
+ 1 155
+ 1 7
+ 1 328
+ 1 221
+ 1 41
+ 1 26
+ 1 285
+ 1 276
+ 1 139
+ 1 323
+ 1 169
+ 1 105
+ 1 213
+ 1 90
+ 1 252
+ 1 136
+ 1 148
+ 1 16
+ 1 113
+ 1 60
+ 1 12
+ 1 98
+ 1 239
+ 1 157
+ 1 210
+ 1 50
+ 1 184
+ 1 55
+ 1 78
+ 1 107
+ 1 11
+ 1 93
+ 1 84
+ 1 214
+ 1 275
+ 1 127
+ 1 85
+ 1 20
+ 1 301
+ 1 311
+ 1 33
+ 1 222
+ 1 177
+ 1 192
+ 1 165
+ 1 218
+ 1 287
+ 1 198
+ 1 290
+ 1 262
+ 1 29
+ 1 321
+ 1 119
+ 1 104
+ 1 325
+ 1 312
+ 1 53
+ 1 80
+ 1 259
+ 1 57
+ 1 224
+ 1 269
+ 1 191
+ 1 274
+ 1 263
+ 1 195
+ 1 201
+ 1 54
+ 1 185
+ 1 207
+ 1 315
+ 1 87
+ 1 22
+ 1 103
+ 1 203
+ 1 48
+ 1 277
+ 1 176
+ 1 120
+ 1 8
+ 1 100
+ 1 204
+ 1 67
+ 1 74
+ 1 326
+ 1 125
+ 1 71
+ 1 3
+ 1 163
+ 1 95
+ 1 56
+ 1 268
+ 1 208
+ 1 129
+ 1 296
+ 1 144
+ 1 171
+ 1 99
+ 1 187
+ 1 298
+ 1 299
+ 1 172
+ 1 199
+ 1 282
+ 1 235
+ 1 237
+ 1 160
+ 1 173
+ 1 106
+ 1 143
+ 1 255
+ 1 152
+ 1 202
+ 1 10
+ 1 196
+ 1 109
+ 1 297
+ 1 308
+ 1 309
+ 1 293
+ 1 121
+ 1 175
+ 1 205
+ 1 28
+ 1 231
+ 1 88
+ 1 230
+ 1 37
+ 1 122
+ 1 242
+ 1 227
+ 1 236
+ 1 30
+ 1 304
+ 1 249
+ 1 32
+ 1 266
- 2 79
- 2 178
- 2 16
- 2 145
- 2 247
- 3 71
- 3 271
- 3 278
- 3 163
- 3 276
- 3 293
- 3 89
- 3 212
- 4 79
- 4 244
- 4 93
- 4 94
- 4 294
- 4 164
- 4 210
- 4 18
- 5 257
- 5 324
- 5 72
- 5 131
- 5 28
- 5 50
- 6 289
- 6 265
- 6 12
- 6 34
- 6 225
- 6 54
- 6 206
- 6 102
- 6 252
- 6 158
- 7 155
- 7 328
- 7 174
- 7 25
- 7 157
- 7 316
- 7 304
- 7 253
- 7 195
- 7 79
- 8 100
- 8 176
- 8 130
- 8 175
- 8 221
- 8 60
- 9 241
- 9 130
- 9 305
- 9 34
- 9 326
- 9 312
- 9 193
- 9 13
- 10 202
- 10 295
- 10 245
- 10 38
- 10 62
- 10 196
- 11 107
- 11 93
- 11 155
- 11 227
- 11 98
- 11 76
- 11 275
- 11 31
- 11 125
- 11 231
- 11 288
- 11 72
- 11 180
- 11 64
- 11 239
- 11 298
- 11 317
- 12 98
- 12 75
- 12 60
- 12 43
- 12 200
- 12 328
- 12 149
- 13 183
- 13 101
- 13 254
- 13 248
- 13 157
- 13 62
- 13 237
- 13 51
- 13 302
- 13 45
- 13 242
- 13 257
- 13 200
- 14 130
- 14 112
- 14 227
- 14 76
- 14 198
- 14 164
- 14 257
- 15 209
- 15 70
- 15 150
- 15 201
- 15 164
- 15 121
- 15 168
- 15 131
- 16 148
- 16 113
- 16 83
- 16 258
- 16 214
- 16 186
- 16 26
- 16 272
- 17 117
- 17 291
- 17 153
- 17 79
- 17 72
- 17 329
- 17 173
- 17 254
- 17 69
- 17 31
- 17 108
- 17 65
- 17 37
- 18 166
- 18 110
- 18 243
- 18 105
- 18 120
- 18 135
- 18 225
- 18 43
- 19 288
- 19 146
- 19 239
- 19 167
- 19 213
- 19 194
- 19 103
- 19 297
- 19 154
- 20 301
- 20 85
- 20 330
- 20 259
- 21 38
- 21 307
- 21 68
- 21 139
- 21 77
- 21 201
- 22 87
- 22 57
- 22 286
- 22 206
- 23 306
- 23 194
- 23 295
- 23 222
- 23 283
- 24 123
- 24 158
- 24 196
- 24 302
- 24 121
- 24 270
- 24 292
- 24 182
- 24 88
- 24 134
- 24 66
- 24 198
- 24 89
- 24 62
- 25 111
- 25 247
- 25 257
- 25 137
- 25 152
- 25 113
- 25 255
- 25 133
- 25 313
- 25 267
- 25 312
- 26 66
- 26 41
- 26 285
- 26 67
- 26 237
- 27 310
- 27 63
- 27 327
- 27 318
- 27 131
- 28 117
- 28 151
- 28 276
- 28 83
- 28 81
- 28 312
- 28 191
- 29 321
- 29 262
- 29 184
- 29 215
- 29 210
- 29 71
- 29 99
- 29 96
- 29 149
- 29 192
- 30 216
- 30 111
- 30 105
- 30 51
- 30 221
- 30 247
- 31 322
- 31 210
- 31 95
- 31 160
- 31 163
- 31 197
- 31 208
- 32 39
- 33 222
- 33 126
- 33 299
- 33 140
- 33 311
- 33 117
- 33 182
- 34 81
- 34 70
- 34 209
- 34 292
- 34 295
- 34 57
- 34 62
- 34 293
- 34 262
- 34 113
- 35 128
- 35 329
- 35 135
- 35 230
- 35 327
- 35 43
- 35 228
- 35 113
- 36 270
- 36 281
- 36 329
- 36 92
- 36 272
- 36 166
- 37 122
- 37 230
- 37 117
- 37 38
- 37 72
- 37 317
- 37 242
- 37 216
- 38 272
- 38 287
- 38 310
- 38 284
- 38 110
- 38 260
- 38 61
- 38 249
- 38 271
- 39 114
- 39 226
- 39 190
- 39 245
- 39 47
- 39 85
- 39 228
- 40 313
- 40 288
- 40 267
- 40 238
- 40 68
- 40 171
- 41 247
- 41 232
- 41 221
- 41 47
- 41 326
- 41 252
- 41 297
- 41 316
- 41 113
- 41 238
- 41 275
- 41 189
- 42 174
- 42 46
- 42 138
- 42 70
- 42 219
- 42 208
- 43 264
- 43 81
- 43 247
- 43 195
- 43 145
- 43 283
- 43 206
- 43 119
- 43 112
- 43 95
- 44 232
- 44 265
- 44 304
- 44 255
- 44 87
- 44 291
- 44 288
- 44 71
- 44 182
- 44 268
- 44 137
- 44 117
- 45 155
- 45 217
- 45 300
- 45 251
- 45 77
- 45 247
- 45 159
- 45 62
- 46 261
- 46 272
- 46 223
- 46 264
- 46 219
- 46 138
- 46 108
- 46 320
- 47 300
- 47 165
- 47 290
- 47 162
- 47 202
- 48 277
- 48 58
- 48 203
- 48 105
- 48 329
- 48 300
- 48 183
- 49 316
- 49 290
- 49 132
- 49 154
- 49 135
- 49 118
- 49 233
- 49 156
- 50 123
- 50 210
- 50 184
- 50 175
- 51 310
- 51 279
- 51 251
- 51 281
- 51 68
- 51 78
- 51 293
- 52 270
- 52 236
- 52 267
- 52 229
- 52 88
- 52 209
- 52 265
- 52 235
- 52 276
- 52 325
- 52 117
- 53 167
- 53 78
- 53 312
- 53 61
- 53 177
- 53 80
- 54 209
- 54 185
- 54 201
- 54 140
- 54 233
- 54 165
- 54 194
- 54 269
- 55 184
- 55 174
- 55 78
- 55 265
- 55 227
- 55 155
- 55 289
- 55 81
- 56 268
- 56 95
- 56 111
- 56 265
- 56 188
- 56 315
- 56 108
- 57 224
- 57 259
- 57 159
- 57 276
- 57 225
- 57 278
- 57 117
- 57 95
- 57 88
- 57 260
- 57 187
- 58 66
- 58 75
- 58 286
- 58 199
- 58 282
- 58 204
- 58 294
- 59 249
- 59 209
- 59 215
- 59 183
- 59 256
- 60 113
- 60 151
- 60 171
- 61 183
- 61 161
- 61 212
- 62 330
- 62 318
- 62 153
- 62 273
- 62 221
- 62 155
- 62 103
- 62 83
- 62 165
- 63 131
- 63 70
- 63 69
- 63 148
- 63 160
- 64 279
- 64 76
- 64 200
- 64 319
- 64 272
- 64 136
- 64 276
- 65 281
- 65 279
- 65 82
- 65 248
- 65 298
- 65 312
- 65 309
- 66 126
- 66 251
- 66 225
- 66 91
- 67 204
- 67 186
- 67 130
- 67 74
- 67 262
- 67 142
- 67 77
- 67 278
- 67 69
- 68 126
- 68 320
- 68 249
- 68 218
- 68 325
- 68 258
- 68 245
- 68 187
- 69 260
- 69 261
- 69 314
- 69 245
- 70 89
- 70 145
- 70 197
- 70 226
- 71 298
- 71 323
- 71 125
- 71 148
- 71 265
- 71 165
- 71 126
- 72 313
- 72 258
- 72 277
- 72 160
- 72 190
- 72 276
- 72 256
- 72 154
- 72 178
- 72 210
- 72 93
- 72 328
- 73 119
- 73 321
- 73 143
- 73 132
- 73 252
- 73 187
- 74 281
- 74 220
- 75 147
- 75 83
- 75 99
- 75 128
- 76 150
- 76 77
- 76 201
- 76 294
- 76 239
- 76 161
- 76 305
- 76 174
- 77 117
- 77 232
- 77 307
- 77 201
- 77 180
- 77 293
- 78 107
- 78 79
- 79 147
- 79 115
- 79 314
- 79 311
- 79 209
- 79 160
- 80 259
- 80 324
- 81 114
- 81 253
- 81 135
- 81 176
- 81 140
- 81 268
- 81 249
- 81 229
- 81 173
- 81 200
- 81 96
- 82 219
- 82 139
- 82 95
- 82 206
- 82 145
- 82 200
- 83 216
- 83 211
- 83 197
- 83 181
- 83 294
- 83 126
- 83 122
- 84 93
- 84 214
- 84 179
- 84 94
- 85 301
- 85 127
- 85 151
- 85 105
- 85 321
- 85 245
- 85 169
- 85 216
- 85 234
- 86 233
- 86 141
- 86 191
- 86 197
- 86 220
- 86 252
- 86 122
- 86 179
- 87 209
- 87 103
- 87 315
- 87 135
- 87 311
- 87 276
- 88 230
- 88 89
- 88 166
- 88 267
- 89 145
- 89 201
- 89 189
- 89 151
- 89 289
- 89 248
- 89 275
- 89 298
- 89 285
- 89 325
- 90 213
- 90 252
- 90 179
- 90 131
- 90 298
- 90 188
- 91 154
- 91 248
- 91 110
- 91 252
- 91 171
- 91 96
- 91 146
- 91 303
- 92 223
- 92 319
- 92 187
- 92 316
- 92 318
- 92 140
- 93 135
- 93 118
- 94 279
- 94 271
- 94 267
- 94 258
- 94 297
- 94 131
- 94 237
- 94 124
- 94 154
- 94 325
- 95 208
- 95 163
- 95 251
- 95 309
- 96 131
- 96 228
- 96 142
- 96 98
- 96 198
- 96 282
- 97 302
- 97 234
- 97 264
- 97 294
- 98 306
- 98 239
- 98 175
- 98 296
- 98 210
- 98 261
- 98 219
- 98 237
- 99 301
- 99 171
- 99 123
- 99 243
- 99 246
- 99 265
- 99 187
- 99 274
- 99 330
- 99 319
- 99 201
- 100 204
- 100 116
- 100 144
- 100 106
- 101 141
- 101 125
- 101 143
- 101 229
- 101 179
- 101 237
- 101 307
- 102 254
- 102 322
- 102 217
- 102 301
- 102 216
- 102 281
- 102 302
- 102 146
- 102 319
- 103 141
- 103 116
- 103 203
- 103 258
- 103 301
- 103 140
- 103 142
- 103 247
- 104 325
- 104 119
- 104 206
- 104 123
- 104 185
- 105 169
- 105 213
- 105 315
- 105 209
- 105 276
- 105 257
- 105 322
- 106 177
- 106 225
- 106 173
- 106 171
- 106 143
- 107 138
- 107 191
- 107 112
- 107 183
- 108 302
- 108 165
- 108 318
- 108 152
- 108 216
- 108 214
- 109 219
- 109 315
- 109 202
- 109 313
- 110 298
- 110 253
- 110 238
- 110 125
- 110 179
- 111 182
- 111 157
- 111 218
- 111 145
- 111 305
- 111 236
- 111 134
- 111 215
- 111 207
- 112 306
- 112 330
- 112 186
- 112 208
- 112 119
- 113 259
- 114 209
- 114 309
- 114 173
- 114 271
- 115 243
- 115 206
- 115 283
- 115 211
- 115 170
- 115 196
- 115 176
- 115 149
- 115 286
- 116 167
- 116 295
- 116 298
- 117 278
- 117 308
- 117 294
- 117 227
- 117 168
- 117 226
- 117 268
- 117 141
- 117 290
- 118 180
- 118 310
- 118 301
- 118 225
- 118 147
- 118 179
- 118 272
- 118 314
- 118 132
- 119 135
- 119 194
- 119 236
- 120 135
- 120 176
- 121 293
- 121 170
- 122 157
- 122 250
- 122 240
- 122 126
- 123 327
- 123 201
- 123 150
- 123 309
- 124 142
- 124 223
- 124 276
- 124 230
- 124 263
- 125 295
- 125 320
- 125 134
- 125 326
- 126 315
- 126 174
- 126 149
- 126 131
- 126 240
- 126 276
- 127 270
- 127 275
- 127 166
- 127 142
- 127 246
- 127 293
- 127 177
- 127 272
- 128 155
- 128 162
- 128 312
- 128 253
- 129 296
- 129 208
- 129 263
- 129 144
- 130 209
- 130 224
- 130 282
- 130 327
- 131 253
- 131 267
- 131 176
- 131 203
- 131 201
- 131 231
- 131 297
- 132 302
- 132 233
- 132 320
- 132 152
- 132 207
- 132 222
- 132 267
- 132 159
- 133 250
- 133 151
- 133 201
- 133 220
- 133 313
- 133 300
- 133 262
- 133 192
- 133 216
- 134 317
- 134 168
- 134 238
- 134 220
- 134 205
- 134 162
- 135 256
- 135 210
- 135 312
- 135 324
- 135 177
- 135 286
- 135 243
- 135 150
- 135 172
- 136 148
- 136 251
- 136 252
- 136 302
- 136 137
- 136 142
- 136 303
- 136 267
- 137 302
- 137 264
- 137 326
- 137 149
- 138 281
- 138 221
- 138 254
- 138 312
- 138 263
- 138 322
- 139 276
- 139 232
- 139 306
- 139 313
- 140 240
- 140 286
- 140 149
- 140 254
- 140 328
- 140 215
- 141 225
- 141 254
- 142 307
- 142 148
- 142 248
- 142 312
- 142 290
- 142 297
- 142 200
- 143 278
- 143 272
- 143 248
- 143 277
- 144 278
- 144 190
- 144 251
- 144 171
- 144 232
- 144 234
- 144 204
- 144 206
- 145 180
- 145 240
- 145 172
- 145 284
- 146 147
- 146 235
- 146 162
- 146 285
- 147 198
- 147 286
- 147 285
- 147 209
- 148 254
- 148 276
- 148 152
- 148 234
- 148 297
- 149 330
- 149 197
- 149 162
- 149 313
- 150 279
- 150 275
- 151 188
- 151 226
- 151 202
- 151 178
- 152 202
- 152 316
- 152 255
- 152 228
- 153 302
- 153 229
- 153 275
- 153 279
- 153 177
- 154 161
- 154 312
- 154 187
- 154 213
- 155 227
- 155 305
- 155 247
- 155 308
- 156 305
- 156 188
- 156 240
- 156 273
- 156 325
- 156 249
- 157 210
- 157 205
- 157 239
- 157 272
- 158 261
- 158 215
- 158 159
- 158 199
- 158 306
- 158 202
- 158 310
- 159 232
- 159 229
- 159 296
- 159 261
- 159 240
- 159 172
- 159 222
- 159 283
- 160 279
- 160 216
- 160 282
- 160 310
- 160 228
- 160 173
- 161 245
- 161 218
- 162 301
- 162 195
- 162 329
- 162 321
- 162 177
- 162 226
- 162 253
- 162 259
- 163 256
- 163 247
- 164 212
- 164 250
- 164 302
- 164 238
- 164 317
- 164 166
- 164 185
- 165 243
- 165 192
- 165 218
- 165 319
- 166 176
- 166 228
- 166 274
- 166 244
- 166 168
- 166 263
- 166 277
- 166 196
- 167 193
- 167 181
- 167 255
- 167 191
- 168 247
- 168 206
- 169 323
- 169 284
- 169 219
- 169 267
- 169 278
- 169 299
- 169 326
- 170 278
- 170 225
- 170 313
- 170 288
- 170 199
- 170 281
- 171 255
- 171 219
- 171 297
- 171 254
- 171 294
- 172 299
- 172 199
- 172 282
- 172 233
- 172 210
- 173 262
- 173 244
- 173 252
- 174 211
- 174 277
- 174 193
- 175 205
- 175 212
- 175 200
- 175 291
- 175 262
- 175 284
- 176 277
- 176 244
- 176 278
- 176 184
- 177 222
- 177 192
- 177 265
- 178 267
- 178 201
- 178 250
- 178 216
- 178 238
- 179 272
- 179 262
- 179 283
- 179 181
- 179 215
- 179 184
- 179 218
- 180 271
- 180 328
- 180 225
- 180 243
- 181 271
- 181 197
- 181 252
- 181 301
- 181 268
- 181 309
- 181 249
- 182 260
- 182 248
- 182 325
- 183 274
- 183 228
- 183 296
- 184 317
- 184 265
- 184 199
- 185 189
- 185 219
- 185 226
- 185 207
- 185 315
- 186 216
- 186 199
- 186 286
- 186 317
- 186 275
- 186 282
- 186 192
- 187 271
- 187 290
- 187 325
- 187 298
- 187 306
- 188 222
- 188 206
- 188 298
- 188 200
- 189 284
- 189 241
- 189 264
- 189 233
- 189 219
- 190 289
- 191 269
- 191 217
- 191 312
- 191 274
- 191 225
- 191 322
- 192 279
- 192 203
- 193 233
- 193 274
- 193 243
- 193 296
- 194 261
- 194 217
- 194 312
- 194 222
- 194 285
- 195 201
- 195 263
- 195 261
- 195 212
- 196 201
- 197 206
- 198 250
- 198 329
- 198 284
- 198 218
- 198 290
- 198 316
- 199 245
- 199 218
- 200 279
- 200 220
- 202 214
- 202 271
- 203 254
- 203 251
- 203 229
- 203 256
- 203 208
- 204 250
- 204 326
- 204 322
- 204 269
- 206 303
- 206 264
- 207 247
- 207 290
- 207 214
- 208 308
- 208 213
- 209 215
- 209 247
- 209 298
- 209 269
- 209 273
- 210 223
- 210 317
- 211 226
- 212 264
- 212 250
- 212 280
- 212 293
- 212 267
- 212 292
- 213 268
- 213 305
- 213 311
- 213 327
- 214 275
- 214 279
- 214 299
- 214 278
- 214 318
- 215 245
- 215 240
- 216 255
- 216 299
- 217 295
- 217 241
- 217 266
- 217 304
- 218 287
- 218 260
- 218 250
- 218 228
- 219 327
- 219 222
- 219 231
- 220 253
- 220 270
- 221 328
- 223 286
- 223 266
- 223 288
- 224 294
- 224 289
- 224 301
- 224 269
- 224 231
- 224 267
- 224 280
- 225 277
- 225 234
- 225 303
- 225 312
- 225 294
- 225 316
- 225 318
- 226 230
- 226 325
- 226 318
- 227 312
- 228 329
- 228 295
- 228 294
- 228 242
- 229 284
- 229 256
- 229 269
- 230 329
- 231 233
- 232 274
- 232 320
- 232 313
- 233 322
- 234 300
- 234 279
- 234 305
- 235 237
- 235 282
- 235 323
- 236 281
- 236 305
- 238 254
- 238 279
- 239 265
- 240 264
- 241 246
- 241 299
- 241 254
- 242 292
- 243 317
- 244 303
- 244 311
- 244 274
- 244 294
- 245 329
- 245 284
- 245 312
- 245 298
- 246 269
- 247 267
- 247 281
- 247 261
- 248 294
- 250 307
- 251 280
- 251 290
- 251 272
- 252 303
- 252 307
- 252 276
- 253 310
- 253 259
- 253 302
- 253 293
- 255 262
- 256 297
- 256 283
- 257 273
- 257 287
- 257 265
- 257 267
- 257 275
- 258 283
- 260 309
- 262 290
- 262 280
- 262 282
- 263 274
- 263 315
- 263 296
- 265 323
- 267 316
- 267 292
- 270 271
- 270 280
- 271 329
- 271 285
- 271 277
- 272 292
- 272 320
- 272 329
- 272 288
- 273 314
- 273 291
- 274 300
- 275 309
- 276 323
- 276 285
- 276 282
- 276 298
- 278 308
- 279 283
- 280 283
- 280 327
- 281 292
- 284 290
- 285 311
- 285 293
- 285 314
- 287 329
- 288 299
- 289 309
- 291 316
- 292 318
- 292 317
- 293 303
- 296 313
- 297 329
- 298 299
- 300 308
- 300 326
- 301 311
- 301 322
- 302 304
- 304 307
- 306 329
- 308 322
- 310 319
- 312 325
- 315 326
- 318 329
- 320 327
+ 324 329
+ 321 325
+ 316 329
+ 311 327
+ 308 325
+ 306 320
+ 305 318
+ 304 309
+ 304 325
+ 303 322
+ 301 329
+ 301 323
+ 299 312
+ 299 310
+ 298 320
+ 296 297
+ 296 309
+ 295 316
+ 294 298
+ 290 303
+ 290 294
+ 289 290
+ 288 315
+ 287 310
+ 287 325
+ 285 286
+ 285 326
+ 283 302
+ 283 284
+ 283 321
+ 283 293
+ 282 328
+ 280 329
+ 278 325
+ 278 298
+ 278 322
+ 277 321
+ 277 305
+ 277 306
+ 274 310
+ 274 318
+ 272 324
+ 272 282
+ 271 297
+ 271 299
+ 271 300
+ 270 281
+ 270 303
+ 268 308
+ 268 291
+ 268 297
+ 266 284
+ 266 300
+ 265 281
+ 265 317
+ 263 275
+ 263 307
+ 263 284
+ 263 329
+ 262 297
+ 261 321
+ 260 297
+ 259 275
+ 259 299
+ 259 329
+ 259 263
+ 259 265
+ 259 294
+ 258 292
+ 257 264
+ 257 258
+ 257 280
+ 257 293
+ 256 291
+ 256 305
+ 256 293
+ 254 306
+ 254 259
+ 254 279
+ 253 316
+ 253 310
+ 252 272
+ 252 259
+ 252 300
+ 251 259
+ 251 279
+ 250 312
+ 250 260
+ 250 301
+ 248 311
+ 248 249
+ 247 282
+ 247 310
+ 247 300
+ 245 312
+ 245 249
+ 244 252
+ 244 300
+ 244 257
+ 242 300
+ 242 299
+ 242 297
+ 240 264
+ 240 251
+ 239 311
+ 239 261
+ 238 295
+ 238 311
+ 237 329
+ 237 241
+ 237 289
+ 236 254
+ 235 264
+ 234 296
+ 234 322
+ 233 281
+ 233 284
+ 233 289
+ 231 302
+ 231 236
+ 231 320
+ 231 310
+ 231 260
+ 230 303
+ 230 236
+ 230 261
+ 229 283
+ 229 294
+ 229 293
+ 229 279
+ 228 327
+ 227 313
+ 227 233
+ 226 321
+ 226 314
+ 226 235
+ 224 240
+ 224 252
+ 224 303
+ 224 282
+ 224 311
+ 224 264
+ 224 305
+ 223 228
+ 223 292
+ 222 284
+ 222 312
+ 222 248
+ 222 291
+ 222 296
+ 221 323
+ 221 317
+ 221 283
+ 221 234
+ 221 295
+ 221 296
+ 220 286
+ 220 314
+ 220 309
+ 220 269
+ 220 324
+ 219 248
+ 219 281
+ 219 277
+ 218 244
+ 218 268
+ 217 293
+ 217 256
+ 217 288
+ 216 254
+ 216 235
+ 216 306
+ 216 282
+ 216 247
+ 216 221
+ 216 329
+ 215 318
+ 215 301
+ 215 256
+ 214 253
+ 214 271
+ 214 321
+ 213 320
+ 213 276
+ 212 259
+ 212 226
+ 212 301
+ 211 328
+ 211 318
+ 211 276
+ 210 316
+ 208 299
+ 208 328
+ 208 297
+ 207 228
+ 207 225
+ 207 306
+ 207 267
+ 207 224
+ 207 229
+ 207 223
+ 207 321
+ 206 283
+ 206 290
+ 206 213
+ 206 268
+ 206 220
+ 205 273
+ 205 213
+ 205 295
+ 205 226
+ 204 276
+ 204 307
+ 204 229
+ 204 263
+ 204 273
+ 204 209
+ 203 269
+ 203 289
+ 203 278
+ 202 212
+ 202 256
+ 202 240
+ 202 216
+ 202 257
+ 201 317
+ 201 253
+ 201 290
+ 201 318
+ 201 230
+ 200 243
+ 200 206
+ 200 253
+ 200 319
+ 200 227
+ 199 305
+ 199 301
+ 199 267
+ 199 250
+ 198 246
+ 198 309
+ 198 289
+ 198 215
+ 198 277
+ 198 329
+ 197 253
+ 197 216
+ 196 207
+ 196 233
+ 196 264
+ 196 318
+ 196 329
+ 196 275
+ 195 294
+ 195 328
+ 195 212
+ 194 289
+ 194 316
+ 193 207
+ 193 244
+ 192 321
+ 192 235
+ 192 264
+ 192 280
+ 191 330
+ 191 317
+ 191 281
+ 191 227
+ 191 260
+ 190 195
+ 190 315
+ 190 279
+ 190 197
+ 190 284
+ 189 297
+ 189 262
+ 189 316
+ 189 305
+ 189 287
+ 188 211
+ 187 289
+ 187 217
+ 187 282
+ 186 315
+ 186 308
+ 185 286
+ 185 188
+ 185 324
+ 185 214
+ 185 202
+ 184 270
+ 184 254
+ 184 249
+ 183 208
+ 183 327
+ 183 294
+ 183 225
+ 183 266
+ 183 324
+ 182 220
+ 182 224
+ 182 231
+ 182 214
+ 181 315
+ 181 289
+ 181 312
+ 181 256
+ 181 205
+ 181 225
+ 180 305
+ 180 298
+ 179 268
+ 179 312
+ 179 277
+ 178 296
+ 178 255
+ 178 326
+ 178 234
+ 178 220
+ 178 195
+ 178 322
+ 178 269
+ 177 313
+ 177 320
+ 177 304
+ 177 241
+ 177 272
+ 176 186
+ 176 281
+ 175 273
+ 175 300
+ 175 311
+ 175 246
+ 174 319
+ 174 181
+ 174 233
+ 174 182
+ 174 305
+ 173 237
+ 173 275
+ 173 223
+ 173 259
+ 173 180
+ 173 215
+ 172 238
+ 172 189
+ 172 215
+ 171 238
+ 171 182
+ 170 306
+ 170 272
+ 170 171
+ 169 172
+ 169 279
+ 169 308
+ 169 307
+ 169 258
+ 169 217
+ 169 301
+ 169 303
+ 169 230
+ 168 238
+ 168 309
+ 168 302
+ 168 187
+ 168 218
+ 168 296
+ 168 279
+ 168 241
+ 167 182
+ 167 304
+ 167 177
+ 166 191
+ 166 204
+ 166 201
+ 166 317
+ 166 318
+ 166 190
+ 166 240
+ 166 239
+ 165 290
+ 165 258
+ 165 312
+ 165 211
+ 165 268
+ 164 243
+ 164 239
+ 163 290
+ 163 193
+ 163 254
+ 163 282
+ 162 249
+ 161 270
+ 161 271
+ 161 261
+ 161 226
+ 160 184
+ 160 327
+ 160 285
+ 160 276
+ 159 276
+ 159 297
+ 159 183
+ 159 225
+ 159 310
+ 159 208
+ 159 280
+ 158 300
+ 158 313
+ 158 192
+ 158 191
+ 158 281
+ 158 268
+ 157 300
+ 157 310
+ 157 260
+ 156 329
+ 156 197
+ 156 280
+ 156 322
+ 155 164
+ 155 289
+ 155 301
+ 155 295
+ 155 173
+ 154 161
+ 154 237
+ 154 211
+ 153 261
+ 153 222
+ 153 298
+ 153 160
+ 153 162
+ 153 262
+ 152 288
+ 152 244
+ 152 322
+ 152 291
+ 152 206
+ 152 215
+ 151 252
+ 151 309
+ 151 249
+ 150 199
+ 150 282
+ 150 328
+ 150 320
+ 149 311
+ 149 256
+ 149 162
+ 149 202
+ 149 198
+ 149 312
+ 149 245
+ 149 257
+ 148 183
+ 148 152
+ 148 307
+ 148 283
+ 148 329
+ 148 150
+ 148 206
+ 147 317
+ 147 224
+ 147 231
+ 147 150
+ 147 316
+ 147 175
+ 147 230
+ 147 252
+ 147 222
+ 146 290
+ 146 220
+ 146 300
+ 146 225
+ 145 215
+ 145 232
+ 145 273
+ 145 179
+ 144 302
+ 144 205
+ 144 224
+ 144 299
+ 143 268
+ 143 183
+ 143 146
+ 143 256
+ 143 326
+ 142 192
+ 142 279
+ 142 262
+ 142 215
+ 142 188
+ 142 253
+ 142 235
+ 141 286
+ 141 330
+ 141 284
+ 141 236
+ 141 252
+ 140 254
+ 140 301
+ 140 172
+ 140 312
+ 140 319
+ 139 200
+ 139 193
+ 139 309
+ 139 273
+ 138 257
+ 138 233
+ 138 239
+ 138 216
+ 138 145
+ 138 262
+ 138 289
+ 137 263
+ 137 273
+ 137 295
+ 137 274
+ 137 207
+ 137 230
+ 137 144
+ 137 201
+ 137 171
+ 137 220
+ 136 286
+ 136 262
+ 136 246
+ 136 197
+ 136 306
+ 136 180
+ 136 273
+ 136 156
+ 136 258
+ 135 282
+ 135 169
+ 135 315
+ 135 243
+ 135 301
+ 135 209
+ 135 231
+ 133 162
+ 133 243
+ 133 296
+ 133 190
+ 133 189
+ 133 235
+ 132 310
+ 131 326
+ 131 310
+ 131 215
+ 131 318
+ 130 222
+ 130 319
+ 130 257
+ 130 325
+ 130 131
+ 129 284
+ 129 161
+ 128 299
+ 128 276
+ 128 329
+ 128 319
+ 128 288
+ 128 297
+ 128 311
+ 128 241
+ 127 239
+ 127 148
+ 127 179
+ 127 257
+ 127 185
+ 127 316
+ 127 254
+ 126 303
+ 126 223
+ 126 242
+ 125 242
+ 125 145
+ 125 174
+ 125 328
+ 125 223
+ 125 203
+ 125 227
+ 124 194
+ 124 165
+ 123 267
+ 123 230
+ 123 294
+ 123 280
+ 123 194
+ 123 150
+ 122 270
+ 122 150
+ 122 242
+ 122 177
+ 122 158
+ 121 289
+ 121 229
+ 120 227
+ 120 230
+ 120 253
+ 119 203
+ 119 168
+ 119 270
+ 119 221
+ 119 313
+ 119 219
+ 118 127
+ 118 267
+ 117 206
+ 117 241
+ 117 131
+ 117 320
+ 117 162
+ 117 128
+ 116 323
+ 116 117
+ 116 283
+ 116 141
+ 116 234
+ 116 209
+ 116 152
+ 115 116
+ 115 169
+ 115 242
+ 115 325
+ 115 269
+ 115 130
+ 114 169
+ 114 304
+ 114 324
+ 114 146
+ 114 182
+ 114 120
+ 114 233
+ 114 147
+ 114 259
+ 114 295
+ 114 135
+ 113 268
+ 113 170
+ 113 248
+ 113 229
+ 113 242
+ 113 260
+ 113 219
+ 113 228
+ 113 166
+ 113 230
+ 113 131
+ 113 318
+ 112 169
+ 112 235
+ 112 248
+ 112 246
+ 112 126
+ 112 272
+ 111 204
+ 111 195
+ 111 172
+ 111 155
+ 111 228
+ 110 321
+ 110 265
+ 110 163
+ 110 121
+ 110 157
+ 109 315
+ 109 261
+ 109 287
+ 108 193
+ 107 283
+ 107 278
+ 107 252
+ 107 233
+ 107 145
+ 107 210
+ 107 250
+ 106 117
+ 106 256
+ 106 196
+ 106 274
+ 106 314
+ 105 122
+ 105 210
+ 105 146
+ 105 302
+ 105 137
+ 104 221
+ 104 295
+ 104 311
+ 103 181
+ 103 236
+ 103 104
+ 103 240
+ 102 123
+ 102 109
+ 102 133
+ 102 271
+ 102 223
+ 101 145
+ 101 293
+ 101 109
+ 101 102
+ 101 288
+ 101 301
+ 101 235
+ 101 224
+ 100 243
+ 100 165
+ 100 240
+ 100 287
+ 100 122
+ 99 161
+ 99 227
+ 99 225
+ 99 285
+ 98 170
+ 98 222
+ 98 166
+ 98 188
+ 98 245
+ 98 171
+ 98 228
+ 98 138
+ 98 159
+ 98 151
+ 98 256
+ 98 112
+ 97 214
+ 97 221
+ 97 323
+ 97 218
+ 97 267
+ 97 109
+ 97 297
+ 96 217
+ 96 204
+ 96 238
+ 96 276
+ 95 107
+ 95 319
+ 94 324
+ 94 322
+ 94 235
+ 94 318
+ 94 236
+ 94 265
+ 93 103
+ 93 143
+ 93 280
+ 93 268
+ 93 330
+ 93 192
+ 92 160
+ 92 173
+ 92 289
+ 92 108
+ 92 175
+ 92 314
+ 92 209
+ 91 213
+ 91 237
+ 91 211
+ 91 329
+ 90 170
+ 90 252
+ 90 232
+ 90 172
+ 90 281
+ 90 108
+ 90 271
+ 89 194
+ 89 264
+ 89 161
+ 89 293
+ 89 165
+ 89 303
+ 89 329
+ 88 223
+ 88 134
+ 88 316
+ 88 198
+ 88 221
+ 88 249
+ 88 109
+ 88 159
+ 88 233
+ 88 144
+ 88 296
+ 87 126
+ 87 144
+ 87 171
+ 87 117
+ 87 248
+ 87 293
+ 87 145
+ 87 260
+ 87 240
+ 87 137
+ 86 319
+ 86 93
+ 86 283
+ 86 158
+ 86 101
+ 86 248
+ 86 200
+ 86 313
+ 86 125
+ 86 164
+ 86 278
+ 85 220
+ 85 95
+ 85 128
+ 85 206
+ 84 153
+ 84 173
+ 84 108
+ 84 271
+ 83 261
+ 83 199
+ 83 193
+ 83 209
+ 83 328
+ 83 163
+ 83 156
+ 83 147
+ 83 223
+ 82 250
+ 82 122
+ 82 325
+ 82 123
+ 82 189
+ 82 222
+ 82 98
+ 81 110
+ 81 211
+ 81 176
+ 81 195
+ 81 112
+ 81 159
+ 80 136
+ 80 171
+ 80 162
+ 80 184
+ 79 291
+ 79 197
+ 79 123
+ 79 81
+ 79 260
+ 79 233
+ 78 260
+ 78 120
+ 78 226
+ 78 107
+ 78 264
+ 78 312
+ 78 91
+ 78 228
+ 78 204
+ 77 318
+ 77 205
+ 77 237
+ 77 293
+ 77 195
+ 77 289
+ 77 162
+ 77 308
+ 77 107
+ 77 311
+ 76 153
+ 76 232
+ 76 80
+ 76 310
+ 76 150
+ 76 265
+ 75 92
+ 75 122
+ 75 217
+ 75 213
+ 75 292
+ 75 189
+ 75 222
+ 75 230
+ 74 134
+ 74 119
+ 74 297
+ 74 80
+ 74 156
+ 74 251
+ 74 136
+ 74 143
+ 73 109
+ 73 207
+ 73 300
+ 73 172
+ 73 270
+ 73 161
+ 73 287
+ 72 217
+ 72 116
+ 72 267
+ 72 308
+ 72 221
+ 72 134
+ 71 172
+ 71 246
+ 71 206
+ 71 123
+ 70 160
+ 70 121
+ 70 109
+ 70 233
+ 70 172
+ 70 252
+ 70 309
+ 70 89
+ 70 274
+ 70 130
+ 70 281
+ 70 102
+ 69 138
+ 69 318
+ 69 134
+ 69 330
+ 69 110
+ 69 325
+ 69 107
+ 69 228
+ 69 108
+ 69 104
+ 69 210
+ 69 198
+ 69 86
+ 68 73
+ 68 188
+ 68 315
+ 68 242
+ 68 287
+ 68 230
+ 68 87
+ 68 222
+ 68 306
+ 67 162
+ 67 79
+ 67 286
+ 67 86
+ 67 290
+ 67 144
+ 67 318
+ 67 68
+ 67 268
+ 66 263
+ 66 257
+ 66 80
+ 66 317
+ 66 126
+ 66 77
+ 66 110
+ 66 99
+ 66 149
+ 66 249
+ 65 247
+ 65 85
+ 65 298
+ 65 263
+ 65 110
+ 65 292
+ 65 228
+ 65 279
+ 64 259
+ 64 163
+ 64 273
+ 64 146
+ 64 185
+ 64 243
+ 64 301
+ 64 286
+ 63 235
+ 63 110
+ 63 271
+ 63 113
+ 63 227
+ 63 119
+ 63 186
+ 63 150
+ 63 77
+ 63 203
+ 63 123
+ 63 154
+ 63 268
+ 62 257
+ 62 158
+ 62 262
+ 62 258
+ 62 326
+ 62 316
+ 62 276
+ 61 159
+ 61 216
+ 61 256
+ 61 304
+ 61 92
+ 61 171
+ 61 310
+ 60 184
+ 60 131
+ 60 201
+ 60 132
+ 60 61
+ 60 222
+ 60 232
+ 59 96
+ 59 250
+ 59 328
+ 59 295
+ 59 317
+ 59 124
+ 59 290
+ 59 188
+ 59 213
+ 59 288
+ 59 89
+ 59 137
+ 58 221
+ 58 129
+ 58 168
+ 58 299
+ 58 273
+ 57 78
+ 57 176
+ 57 299
+ 57 211
+ 57 240
+ 57 126
+ 57 263
+ 57 60
+ 56 167
+ 56 218
+ 56 114
+ 56 285
+ 56 160
+ 56 243
+ 56 111
+ 56 139
+ 56 81
+ 56 138
+ 56 85
+ 55 133
+ 55 325
+ 55 161
+ 55 293
+ 55 190
+ 55 284
+ 55 89
+ 55 154
+ 55 282
+ 54 152
+ 54 242
+ 54 156
+ 54 83
+ 54 223
+ 54 61
+ 54 177
+ 54 171
+ 53 121
+ 53 193
+ 53 229
+ 53 288
+ 53 213
+ 53 267
+ 52 236
+ 52 230
+ 52 317
+ 52 206
+ 52 166
+ 52 326
+ 52 79
+ 52 198
+ 52 131
+ 52 203
+ 51 193
+ 51 291
+ 51 94
+ 51 307
+ 51 177
+ 51 100
+ 51 327
+ 51 119
+ 51 92
+ 50 88
+ 50 140
+ 50 196
+ 49 304
+ 49 245
+ 49 55
+ 49 86
+ 49 58
+ 49 311
+ 49 237
+ 49 187
+ 49 210
+ 49 239
+ 48 73
+ 48 289
+ 48 307
+ 48 300
+ 48 202
+ 48 117
+ 48 303
+ 48 115
+ 48 226
+ 48 205
+ 48 216
+ 47 255
+ 47 313
+ 47 262
+ 47 223
+ 47 108
+ 47 246
+ 47 137
+ 47 87
+ 46 200
+ 46 107
+ 46 129
+ 46 322
+ 46 323
+ 46 139
+ 46 63
+ 46 124
+ 46 240
+ 46 320
+ 46 147
+ 46 77
+ 45 165
+ 45 247
+ 45 69
+ 45 295
+ 45 210
+ 45 51
+ 45 268
+ 45 273
+ 45 319
+ 45 228
+ 45 288
+ 44 278
+ 44 196
+ 44 233
+ 44 286
+ 44 276
+ 44 71
+ 44 78
+ 44 60
+ 44 237
+ 44 156
+ 43 49
+ 43 263
+ 43 172
+ 43 330
+ 43 118
+ 43 50
+ 43 123
+ 43 259
+ 43 255
+ 43 133
+ 43 64
+ 43 178
+ 42 94
+ 42 166
+ 42 247
+ 42 145
+ 42 65
+ 42 106
+ 42 214
+ 41 322
+ 41 93
+ 41 269
+ 41 327
+ 41 68
+ 41 109
+ 41 81
+ 41 317
+ 41 302
+ 41 218
+ 41 298
+ 40 164
+ 40 246
+ 40 294
+ 40 319
+ 40 232
+ 40 216
+ 40 259
+ 40 315
+ 39 51
+ 39 87
+ 39 269
+ 39 170
+ 39 107
+ 39 121
+ 38 82
+ 38 275
+ 38 230
+ 37 102
+ 37 320
+ 37 135
+ 37 166
+ 37 252
+ 36 185
+ 36 182
+ 36 290
+ 36 75
+ 36 298
+ 36 137
+ 36 119
+ 36 272
+ 36 328
+ 35 218
+ 35 107
+ 35 326
+ 35 297
+ 35 219
+ 35 141
+ 35 127
+ 35 191
+ 35 290
+ 34 99
+ 34 115
+ 34 97
+ 34 258
+ 34 108
+ 34 216
+ 34 285
+ 34 314
+ 33 283
+ 33 113
+ 33 289
+ 33 111
+ 33 102
+ 33 174
+ 33 286
+ 32 283
+ 32 309
+ 32 40
+ 31 326
+ 31 268
+ 31 267
+ 31 57
+ 31 127
+ 31 211
+ 30 219
+ 30 326
+ 30 64
+ 30 166
+ 30 239
+ 30 50
+ 30 48
+ 29 177
+ 29 59
+ 29 82
+ 29 245
+ 28 222
+ 28 126
+ 28 148
+ 28 269
+ 28 286
+ 28 61
+ 28 224
+ 27 155
+ 27 30
+ 27 198
+ 27 64
+ 27 234
+ 27 131
+ 27 68
+ 27 32
+ 27 60
+ 26 71
+ 26 324
+ 26 150
+ 26 203
+ 26 171
+ 26 148
+ 26 285
+ 26 44
+ 26 170
+ 26 70
+ 26 131
+ 26 297
+ 26 76
+ 26 29
+ 26 139
+ 25 191
+ 25 190
+ 25 269
+ 25 315
+ 25 98
+ 25 296
+ 25 259
+ 25 107
+ 25 154
+ 25 31
+ 24 208
+ 24 146
+ 24 64
+ 24 63
+ 24 252
+ 24 121
+ 24 111
+ 24 308
+ 24 255
+ 24 183
+ 23 203
+ 23 324
+ 23 172
+ 23 307
+ 23 325
+ 23 226
+ 23 43
+ 23 58
+ 23 96
+ 23 94
+ 23 81
+ 23 330
+ 22 80
+ 22 182
+ 22 209
+ 22 208
+ 22 275
+ 22 101
+ 22 180
+ 22 63
+ 22 278
+ 22 172
+ 22 108
+ 22 306
+ 22 283
+ 22 259
+ 22 298
+ 21 81
+ 21 268
+ 21 22
+ 21 89
+ 21 316
+ 21 65
+ 20 87
+ 20 85
+ 20 209
+ 20 34
+ 20 129
+ 20 140
+ 20 37
+ 19 232
+ 19 89
+ 19 158
+ 19 70
+ 19 167
+ 19 309
+ 19 213
+ 19 320
+ 18 264
+ 18 163
+ 18 179
+ 18 330
+ 18 312
+ 18 324
+ 18 58
+ 18 117
+ 17 24
+ 17 217
+ 17 254
+ 17 325
+ 17 21
+ 17 23
+ 17 50
+ 17 252
+ 17 320
+ 16 149
+ 16 249
+ 16 19
+ 16 110
+ 16 139
+ 16 98
+ 16 60
+ 16 145
+ 16 79
+ 16 203
+ 15 129
+ 15 154
+ 15 259
+ 15 276
+ 15 160
+ 15 52
+ 15 33
+ 15 327
+ 15 26
+ 15 31
+ 15 205
+ 14 140
+ 14 46
+ 14 32
+ 14 320
+ 14 173
+ 14 70
+ 14 115
+ 14 119
+ 14 64
+ 13 54
+ 13 213
+ 13 280
+ 13 114
+ 13 27
+ 13 99
+ 13 214
+ 13 300
+ 13 322
+ 13 298
+ 13 59
+ 13 314
+ 12 292
+ 12 330
+ 12 102
+ 12 255
+ 11 312
+ 11 128
+ 11 226
+ 11 138
+ 11 38
+ 11 323
+ 11 162
+ 11 94
+ 10 270
+ 10 308
+ 10 145
+ 10 205
+ 10 114
+ 10 161
+ 10 12
+ 9 185
+ 9 36
+ 9 266
+ 9 20
+ 9 104
+ 9 222
+ 8 224
+ 8 306
+ 8 26
+ 8 253
+ 8 150
+ 8 283
+ 8 38
+ 8 186
+ 8 115
+ 7 163
+ 7 161
+ 7 167
+ 7 184
+ 7 323
+ 7 209
+ 7 275
+ 7 197
+ 7 79
+ 7 12
+ 7 326
+ 7 145
+ 7 279
+ 7 303
+ 6 117
+ 6 105
+ 6 213
+ 6 306
+ 6 263
+ 6 293
+ 6 132
+ 6 159
+ 6 76
+ 6 108
+ 6 233
+ 6 81
+ 5 83
+ 5 325
+ 5 186
+ 5 303
+ 5 25
+ 5 195
+ 5 141
+ 4 34
+ 4 157
+ 4 138
+ 4 243
+ 4 229
+ 4 320
+ 4 153
+ 3 164
+ 3 5
+ 3 302
+ 3 115
+ 3 165
+ 3 257
+ 3 256
+ 3 176
+ 3 64
+ 3 107
+ 3 178
+ 3 101
+ 2 73
+ 2 151
+ 2 6
+ 2 95
+ 2 264
+ 2 105
+ 2 219
+ 2 222
+ 2 290
+ 2 106
+ 2 7
- 1 129
- 1 270
- 1 210
- 1 313
- 1 291
- 1 197
- 1 164
- 1 243
- 1 200
- 1 247
- 1 132
- 1 6
- 1 201
- 1 317
- 1 236
- 1 176
- 1 308
- 1 186
- 1 17
- 1 71
- 1 188
- 1 151
- 1 9
- 1 208
- 1 226
- 1 212
- 1 195
- 1 126
- 1 242
- 1 232
- 1 145
- 1 180
- 1 75
- 1 189
- 1 83
- 1 326
- 1 269
- 1 25
- 1 31
- 1 118
- 1 53
- 1 267
- 1 199
- 1 305
- 1 174
- 1 125
- 1 328
- 1 36
- 1 170
- 1 272
- 1 112
- 1 98
- 1 82
- 1 123
- 1 194
- 1 124
- 1 312
- 1 165
- 1 89
- 1 264
- 1 275
- 1 196
- 1 50
- 1 48
- 1 130
- 1 115
- 1 8
- 1 38
- 1 323
- 1 162
- 1 11
- 1 94
- 1 265
- 1 76
- 1 150
- 1 148
- 1 307
- 1 238
- 1 96
- 1 204
- 1 78
- 1 91
- 1 211
- 1 154
- 1 55
- 1 187
- 1 282
- 1 163
- 1 244
- 1 193
- 1 139
- 1 26
- 1 29
- 1 245
- 1 149
- 1 198
- 1 52
- 1 79
- 1 16
- 1 203
- 1 278
- 1 86
- 1 69
- 1 134
- 1 72
- 1 221
- 1 234
- 1 27
- 1 60
- 1 57
- 1 263
- 1 329
- 1 216
- 1 34
- 1 99
- 1 285
- 1 160
- 1 184
- 1 80
- 1 251
- 1 74
- 1 93
- 1 192
- 1 280
- 1 159
- 1 81
- 1 23
- 1 330
- 1 12
- 1 10
- 1 161
- 1 73
- 1 172
- 1 111
- 1 155
- 1 173
- 1 84
- 1 108
- 1 90
- 1 281
- 1 219
- 1 113
- 1 131
- 1 318
- 1 67
- 1 68
- 1 306
- 1 277
- 1 179
- 1 127
- 1 185
- 1 202
- 1 257
- 1 293
- 1 283
- 1 302
- 1 105
- 1 146
- 1 225
- 1 181
- 1 205
- 1 15
- 1 33
- 1 286
- 1 64
- 1 119
- 1 168
- 1 241
- 1 128
- 1 117
- 1 18
- 1 58
- 1 273
- 1 175
- 1 246
- 1 47
- 1 87
- 1 137
- 1 59
- 1 295
- 1 104
- 1 103
- 1 240
- 1 166
- 1 239
- 1 49
- 1 304
- 1 177
- 1 54
- 1 171
- 1 182
- 1 214
- 1 42
- 1 106
- 1 314
- 1 13
- 1 322
- 1 303
- 1 7
- 1 2
- 1 95
- 1 319
- 1 140
- 1 20
- 1 37
- 1 252
- 1 141
- 1 5
- 1 325
- 1 321
- 1 207
- 1 229
- 1 121
- 1 39
- 1 107
- 1 250
- 1 301
- 1 135
- 1 114
- 1 120
- 1 253
- 1 142
- 1 235
- 1 133
- 1 190
- 1 284
- 1 266
- 1 300
- 1 271
- 1 299
- 1 144
- 1 88
- 1 233
- 1 227
- 1 191
- 1 35
- 1 290
- 1 294
- 1 259
- 1 254
- 1 279
- 1 65
- 1 21
- 1 316
- 1 62
- 1 276
- 1 213
- 1 19
- 1 320
- 1 4
- 1 153
- 1 262
- 1 297
- 1 97
- 1 218
- 1 41
- 1 298
- 1 22
- 1 63
- 1 268
- 1 158
- 1 122
- 1 100
- 1 287
- 1 109
- 1 261
- 1 230
- 1 169
- 1 256
- 1 215
- 1 152
- 1 116
- 1 92
- 1 51
- 1 327
- 1 228
- 1 45
- 1 288
- 1 315
- 1 40
- 1 32
- 1 309
- 1 296
- 1 222
- 1 147
- 1 46
- 1 77
- 1 311
- 1 248
- 1 249
- 1 66
- 1 110
- 1 157
- 1 260
- 1 231
- 1 310
- 1 61
- 1 28
- 1 224
- 1 101
- 1 3
- 1 178
- 1 43
- 1 255
- 1 24
- 1 183
- 1 324
- 1 220
- 1 206
- 1 85
- 1 56
- 1 138
- 1 289
- 1 237
- 1 44
- 1 156
- 1 136
- 1 258
- 1 292
- 1 223
- 1 102
- 70 1
