4586
+ 1 349
+ 1 170
+ 1 36
+ 1 229
+ 1 186
+ 1 241
+ 1 270
+ 1 62
+ 1 126
+ 1 89
+ 1 245
+ 1 86
+ 1 198
+ 1 4
+ 1 5
+ 1 165
+ 1 61
+ 1 296
+ 1 192
+ 1 14
+ 1 182
+ 1 272
+ 1 395
+ 1 40
+ 1 104
+ 1 260
+ 1 339
+ 1 101
+ 1 83
+ 1 301
+ 1 13
+ 1 213
+ 1 163
+ 1 212
+ 1 97
+ 1 368
+ 1 22
+ 1 362
+ 1 20
+ 1 273
+ 1 96
+ 1 190
+ 1 333
+ 1 31
+ 1 211
+ 1 58
+ 1 188
+ 1 252
+ 1 382
+ 1 356
+ 1 348
+ 1 130
+ 1 216
+ 1 51
+ 1 226
+ 1 320
+ 1 341
+ 1 236
+ 1 137
+ 1 161
+ 1 304
+ 1 57
+ 1 144
+ 1 310
+ 1 127
+ 1 381
+ 1 351
+ 1 231
+ 1 81
+ 1 357
+ 1 254
+ 1 49
+ 1 66
+ 1 197
+ 1 193
+ 1 149
+ 1 243
+ 1 275
+ 1 374
+ 1 306
+ 1 105
+ 1 359
+ 1 71
+ 1 84
+ 1 295
+ 1 355
+ 1 162
+ 1 155
+ 1 187
+ 1 375
+ 1 225
+ 1 336
+ 1 228
+ 1 396
+ 1 384
+ 1 303
+ 1 35
+ 1 217
+ 1 173
+ 1 108
+ 1 313
+ 1 378
+ 1 138
+ 1 234
+ 1 268
+ 1 259
+ 1 201
+ 1 291
+ 1 146
+ 1 132
+ 1 195
+ 1 120
+ 1 3
+ 1 202
+ 1 280
+ 1 32
+ 1 261
+ 1 103
+ 1 148
+ 1 175
+ 1 69
+ 1 157
+ 1 237
+ 1 366
+ 1 227
+ 1 47
+ 1 151
+ 1 55
+ 1 380
+ 1 264
+ 1 239
+ 1 322
+ 1 24
+ 1 125
+ 1 345
+ 1 189
+ 1 21
+ 1 123
+ 1 394
+ 1 392
+ 1 114
+ 1 302
+ 1 346
+ 1 25
+ 1 131
+ 1 60
+ 1 111
+ 1 263
+ 1 311
+ 1 143
+ 1 327
+ 1 80
+ 1 16
+ 1 367
+ 1 117
+ 1 38
+ 1 319
+ 1 221
+ 1 206
+ 1 256
+ 1 133
+ 1 145
+ 1 45
+ 1 314
+ 1 42
+ 1 284
+ 1 204
+ 1 128
+ 1 98
+ 1 208
+ 1 153
+ 1 88
+ 1 287
+ 1 122
+ 1 77
+ 1 158
+ 1 106
+ 1 257
+ 1 324
+ 1 246
+ 1 2
+ 1 92
+ 1 399
+ 1 350
+ 1 335
+ 1 107
+ 1 70
+ 1 220
+ 1 140
+ 1 307
+ 1 286
+ 1 207
+ 1 203
+ 1 181
+ 1 65
+ 1 343
+ 1 292
+ 1 194
+ 1 233
+ 1 258
+ 1 393
+ 1 48
+ 1 46
+ 1 90
+ 1 185
+ 1 147
+ 1 389
+ 1 134
+ 1 7
+ 1 337
+ 1 372
+ 1 387
+ 1 352
+ 1 318
+ 1 214
+ 1 326
+ 1 8
+ 1 317
+ 1 332
+ 1 52
+ 1 152
+ 1 379
+ 1 299
+ 1 112
+ 1 54
+ 1 59
+ 1 94
+ 1 160
+ 1 167
+ 1 178
+ 1 23
+ 1 87
+ 1 67
+ 1 73
+ 1 282
+ 1 247
+ 1 358
+ 1 344
+ 1 249
+ 1 102
+ 1 30
+ 1 169
+ 1 18
+ 1 129
+ 1 33
+ 1 72
+ 1 53
+ 1 164
+ 1 93
+ 1 290
+ 1 199
+ 1 44
+ 1 154
+ 1 370
+ 1 64
+ 1 305
+ 1 124
+ 1 78
+ 1 390
+ 1 19
+ 1 50
+ 1 29
+ 1 288
+ 1 248
+ 1 174
+ 1 141
+ 1 142
+ 1 171
+ 1 180
+ 1 41
+ 1 179
+ 1 297
+ 1 119
+ 1 210
+ 1 139
+ 1 347
+ 1 43
+ 1 267
+ 1 74
+ 1 255
+ 1 82
+ 1 309
+ 1 276
+ 1 115
+ 1 265
+ 1 196
+ 1 34
+ 1 39
+ 1 121
+ 1 400
+ 1 17
+ 1 285
+ 1 373
+ 1 321
+ 1 100
+ 1 118
+ 1 278
+ 1 9
+ 1 338
+ 1 329
+ 1 230
+ 1 250
+ 1 360
+ 1 159
+ 1 253
+ 1 386
+ 1 323
+ 1 184
+ 1 353
+ 1 219
+ 1 11
+ 1 242
+ 1 218
+ 1 376
+ 1 68
+ 1 300
+ 1 156
+ 1 166
+ 1 75
+ 1 222
+ 1 79
+ 1 266
+ 1 177
+ 1 63
+ 1 6
+ 1 354
+ 1 244
+ 1 385
+ 1 238
+ 1 176
+ 1 205
+ 1 76
+ 1 56
+ 1 224
+ 1 85
+ 1 383
+ 1 298
+ 1 283
+ 1 200
+ 1 315
+ 1 110
+ 1 312
+ 1 334
+ 1 15
+ 1 365
+ 1 377
+ 1 269
+ 1 191
+ 1 99
+ 1 168
+ 1 240
+ 1 294
+ 1 235
+ 1 223
+ 1 328
+ 1 274
+ 1 363
+ 1 289
+ 1 316
+ 1 391
+ 1 397
+ 1 281
+ 1 271
+ 1 325
+ 1 279
+ 1 91
+ 1 37
+ 1 388
+ 1 135
+ 1 27
+ 1 369
+ 1 342
+ 1 113
+ 1 209
+ 1 277
+ 1 371
+ 1 109
+ 1 308
+ 1 361
+ 1 12
+ 1 116
+ 1 251
+ 1 10
+ 1 28
+ 1 364
+ 1 150
+ 1 293
+ 1 340
+ 1 232
+ 1 398
- 2 246
- 2 92
- 2 184
- 2 41
- 2 395
- 2 383
- 2 264
- 2 40
- 2 64
- 3 120
- 3 202
- 3 109
- 3 74
- 3 218
- 3 178
- 3 87
- 3 104
- 3 146
- 3 49
- 3 392
- 4 198
- 4 5
- 4 208
- 4 153
- 4 28
- 4 142
- 5 165
- 5 37
- 5 127
- 5 19
- 5 18
- 5 182
- 5 120
- 5 289
- 5 159
- 5 9
- 5 56
- 5 324
- 6 64
- 6 227
- 6 22
- 6 228
- 6 84
- 6 354
- 6 63
- 6 335
- 7 134
- 7 337
- 7 12
- 7 57
- 7 301
- 7 386
- 7 14
- 7 207
- 7 16
- 7 150
- 7 246
- 7 216
- 8 317
- 8 274
- 8 326
- 8 152
- 8 293
- 8 377
- 8 145
- 8 394
- 8 277
- 8 148
- 8 87
- 8 84
- 8 67
- 8 320
- 8 94
- 8 90
- 9 278
- 9 201
- 9 221
- 9 291
- 9 23
- 10 71
- 10 237
- 10 221
- 10 234
- 10 317
- 10 330
- 11 197
- 11 242
- 11 286
- 11 344
- 11 158
- 11 219
- 11 369
- 12 167
- 12 103
- 12 216
- 12 171
- 13 301
- 13 213
- 13 400
- 13 212
- 13 135
- 13 369
- 13 67
- 13 343
- 13 109
- 13 203
- 13 247
- 13 44
- 14 192
- 14 182
- 14 89
- 14 141
- 14 155
- 14 373
- 14 193
- 14 134
- 14 108
- 14 27
- 14 375
- 15 347
- 15 365
- 15 304
- 15 389
- 15 128
- 15 315
- 15 151
- 15 343
- 15 264
- 15 57
- 16 367
- 16 198
- 16 303
- 16 80
- 16 53
- 16 170
- 16 49
- 16 167
- 16 220
- 16 221
- 16 32
- 16 40
- 16 191
- 16 95
- 17 67
- 17 18
- 17 345
- 17 400
- 17 285
- 17 324
- 17 335
- 18 129
- 18 169
- 18 370
- 18 179
- 18 28
- 18 339
- 18 148
- 18 142
- 18 311
- 18 213
- 18 26
- 18 152
- 19 390
- 19 296
- 19 66
- 19 226
- 19 50
- 19 116
- 19 251
- 19 144
- 19 178
- 19 223
- 19 381
- 19 268
- 20 362
- 20 273
- 20 317
- 20 369
- 20 47
- 20 198
- 20 98
- 21 189
- 21 123
- 21 347
- 21 386
- 21 119
- 21 133
- 21 367
- 21 45
- 21 383
- 21 24
- 21 90
- 22 368
- 22 362
- 22 59
- 22 223
- 22 170
- 22 274
- 22 252
- 22 297
- 22 280
- 22 378
- 23 87
- 23 371
- 23 273
- 23 178
- 23 30
- 23 25
- 23 266
- 24 322
- 24 36
- 24 381
- 24 231
- 24 241
- 24 125
- 24 204
- 24 387
- 24 150
- 24 336
- 25 131
- 25 93
- 25 346
- 25 336
- 25 287
- 25 288
- 25 301
- 25 202
- 25 299
- 26 154
- 26 324
- 26 62
- 26 89
- 26 351
- 26 161
- 27 146
- 27 218
- 27 216
- 27 194
- 27 95
- 27 92
- 27 64
- 27 189
- 28 332
- 28 364
- 28 125
- 28 54
- 28 350
- 29 288
- 29 291
- 29 50
- 29 385
- 29 191
- 29 242
- 29 171
- 29 183
- 29 166
- 29 399
- 29 348
- 29 207
- 29 394
- 30 169
- 30 102
- 30 305
- 30 117
- 30 212
- 30 322
- 30 87
- 30 349
- 30 159
- 30 136
- 30 397
- 31 333
- 31 198
- 31 211
- 31 76
- 31 165
- 31 109
- 31 274
- 31 275
- 32 261
- 32 269
- 32 280
- 32 86
- 32 371
- 32 393
- 32 206
- 32 298
- 32 328
- 33 133
- 33 129
- 33 195
- 33 330
- 33 383
- 33 275
- 33 197
- 33 216
- 33 397
- 34 39
- 34 42
- 34 145
- 34 196
- 34 384
- 34 121
- 34 294
- 34 221
- 34 157
- 35 217
- 35 303
- 35 388
- 35 124
- 35 201
- 35 225
- 35 325
- 35 369
- 36 229
- 36 170
- 36 48
- 36 104
- 36 107
- 37 239
- 37 246
- 37 95
- 37 348
- 37 383
- 37 267
- 38 319
- 38 278
- 38 79
- 38 117
- 38 131
- 38 71
- 38 201
- 38 121
- 39 140
- 39 331
- 39 395
- 39 227
- 39 258
- 39 343
- 39 265
- 39 313
- 39 309
- 40 395
- 40 262
- 40 123
- 40 56
- 40 331
- 40 246
- 40 130
- 41 180
- 41 169
- 41 129
- 41 179
- 41 396
- 41 387
- 41 49
- 41 239
- 41 153
- 41 189
- 41 100
- 42 284
- 42 314
- 42 192
- 42 255
- 42 239
- 42 188
- 42 190
- 42 278
- 42 171
- 42 64
- 42 66
- 42 191
- 42 383
- 42 94
- 43 267
- 43 182
- 43 347
- 43 110
- 43 151
- 43 149
- 43 124
- 43 105
- 43 211
- 43 104
- 43 302
- 43 249
- 44 362
- 44 154
- 44 58
- 44 395
- 44 78
- 44 339
- 44 55
- 44 76
- 44 199
- 44 307
- 44 399
- 44 244
- 45 256
- 45 314
- 45 230
- 45 145
- 45 201
- 45 335
- 45 185
- 45 265
- 45 370
- 46 311
- 46 324
- 46 48
- 46 393
- 46 291
- 47 151
- 47 383
- 47 227
- 47 145
- 47 255
- 47 343
- 47 193
- 47 115
- 47 326
- 47 328
- 48 90
- 48 238
- 48 393
- 48 59
- 48 346
- 48 61
- 49 66
- 49 235
- 49 247
- 49 245
- 49 184
- 49 312
- 49 254
- 49 181
- 49 301
- 49 260
- 49 397
- 49 305
- 49 172
- 50 316
- 50 360
- 50 349
- 50 57
- 50 65
- 50 399
- 50 374
- 51 216
- 51 226
- 51 301
- 51 204
- 51 326
- 51 81
- 51 184
- 51 349
- 51 334
- 51 279
- 52 332
- 52 152
- 52 305
- 52 107
- 52 150
- 52 189
- 52 337
- 53 65
- 53 164
- 53 72
- 53 388
- 54 275
- 54 348
- 54 112
- 54 59
- 54 286
- 54 224
- 54 167
- 54 387
- 54 360
- 54 100
- 54 386
- 54 357
- 55 151
- 55 231
- 55 226
- 55 380
- 55 263
- 55 140
- 55 312
- 56 224
- 56 76
- 56 259
- 56 85
- 56 298
- 56 193
- 56 91
- 56 78
- 56 276
- 56 387
- 57 144
- 57 321
- 57 244
- 57 304
- 57 352
- 57 332
- 57 386
- 57 277
- 57 129
- 57 139
- 57 300
- 57 113
- 57 362
- 57 154
- 58 188
- 58 211
- 58 329
- 58 152
- 58 257
- 58 291
- 59 333
- 59 202
- 59 94
- 59 86
- 59 284
- 59 347
- 59 193
- 59 235
- 60 131
- 60 111
- 60 326
- 60 238
- 60 288
- 60 191
- 60 222
- 61 165
- 61 296
- 61 329
- 61 83
- 61 304
- 61 374
- 61 66
- 62 270
- 62 126
- 62 262
- 62 175
- 62 327
- 63 181
- 63 177
- 63 97
- 63 298
- 63 155
- 63 382
- 64 296
- 64 305
- 64 179
- 64 370
- 64 257
- 64 191
- 64 166
- 64 285
- 64 279
- 64 382
- 64 113
- 64 269
- 65 343
- 65 227
- 65 336
- 65 269
- 65 181
- 65 317
- 65 125
- 65 351
- 65 132
- 65 140
- 65 389
- 65 171
- 66 197
- 66 119
- 66 207
- 66 328
- 66 378
- 66 186
- 66 206
- 67 73
- 67 87
- 67 240
- 67 246
- 67 271
- 67 167
- 67 243
- 67 209
- 67 261
- 67 211
- 67 375
- 67 381
- 68 301
- 68 252
- 68 376
- 68 197
- 68 300
- 69 157
- 69 262
- 69 186
- 69 134
- 69 175
- 69 177
- 69 125
- 69 81
- 69 100
- 69 306
- 69 377
- 70 220
- 70 283
- 70 107
- 70 191
- 70 208
- 70 259
- 70 333
- 70 211
- 70 101
- 70 242
- 70 253
- 70 229
- 70 267
- 70 203
- 70 383
- 70 97
- 71 84
- 71 311
- 71 359
- 71 128
- 71 110
- 71 150
- 71 360
- 71 118
- 71 114
- 71 291
- 71 304
- 71 78
- 71 318
- 72 319
- 72 220
- 72 395
- 72 89
- 72 336
- 72 330
- 72 292
- 72 348
- 72 183
- 72 276
- 72 316
- 72 189
- 73 282
- 73 259
- 73 130
- 73 189
- 73 366
- 73 156
- 73 292
- 73 367
- 74 136
- 74 175
- 74 117
- 74 255
- 74 142
- 74 375
- 74 351
- 74 76
- 74 275
- 74 113
- 74 270
- 75 348
- 75 142
- 75 222
- 75 210
- 75 220
- 75 375
- 75 79
- 75 399
- 75 166
- 75 170
- 75 269
- 76 233
- 76 215
- 76 322
- 76 263
- 76 206
- 77 291
- 77 287
- 77 81
- 77 314
- 77 158
- 77 378
- 78 124
- 78 257
- 78 372
- 78 358
- 78 307
- 78 390
- 79 266
- 79 298
- 79 357
- 79 169
- 79 286
- 79 271
- 79 183
- 79 399
- 79 144
- 79 90
- 80 327
- 80 393
- 80 306
- 80 243
- 80 104
- 80 400
- 80 167
- 81 231
- 81 357
- 81 330
- 81 212
- 81 295
- 81 260
- 81 346
- 81 245
- 82 255
- 82 309
- 82 363
- 82 311
- 82 107
- 82 135
- 83 301
- 83 175
- 83 101
- 83 238
- 83 306
- 83 394
- 84 295
- 84 208
- 84 333
- 84 357
- 84 201
- 84 224
- 84 319
- 84 198
- 84 344
- 85 383
- 85 388
- 85 192
- 85 263
- 85 144
- 85 360
- 85 326
- 86 245
- 86 198
- 86 325
- 86 298
- 86 114
- 86 375
- 86 172
- 86 397
- 86 250
- 86 381
- 87 344
- 87 96
- 87 387
- 87 263
- 88 287
- 88 390
- 88 153
- 88 267
- 88 271
- 88 342
- 89 126
- 89 245
- 89 363
- 89 325
- 89 394
- 89 202
- 89 237
- 89 166
- 89 296
- 89 198
- 89 316
- 90 185
- 90 349
- 90 98
- 90 108
- 90 335
- 90 300
- 91 279
- 91 382
- 91 210
- 91 309
- 91 241
- 91 207
- 91 107
- 91 173
- 92 399
- 92 127
- 92 156
- 92 384
- 92 270
- 92 284
- 92 210
- 93 164
- 93 145
- 93 290
- 93 115
- 94 268
- 94 399
- 94 307
- 94 160
- 94 201
- 94 207
- 94 312
- 95 313
- 95 378
- 95 299
- 95 328
- 95 261
- 95 185
- 95 262
- 95 315
- 95 170
- 95 120
- 95 186
- 95 338
- 95 271
- 95 176
- 95 287
- 95 110
- 96 190
- 96 142
- 96 273
- 96 347
- 96 206
- 96 218
- 96 229
- 96 217
- 96 191
- 96 350
- 96 318
- 97 368
- 97 212
- 97 101
- 97 228
- 98 208
- 98 128
- 98 202
- 98 373
- 98 209
- 99 117
- 99 114
- 99 194
- 99 387
- 99 331
- 99 269
- 99 349
- 100 321
- 100 171
- 100 228
- 100 366
- 100 249
- 100 201
- 100 395
- 100 118
- 100 346
- 100 255
- 100 136
- 101 339
- 101 328
- 101 334
- 101 253
- 101 257
- 101 161
- 101 240
- 101 134
- 101 201
- 101 221
- 101 387
- 102 249
- 102 262
- 102 133
- 102 254
- 102 137
- 102 211
- 102 300
- 102 299
- 102 310
- 103 148
- 103 343
- 103 270
- 103 135
- 103 261
- 103 251
- 103 274
- 103 335
- 103 214
- 104 262
- 104 260
- 104 327
- 104 331
- 104 166
- 104 268
- 104 305
- 104 359
- 105 359
- 105 173
- 105 306
- 105 234
- 105 333
- 105 323
- 105 279
- 105 209
- 105 298
- 105 230
- 105 354
- 106 158
- 106 257
- 106 387
- 106 270
- 106 246
- 106 343
- 106 115
- 106 207
- 106 139
- 106 242
- 107 335
- 107 174
- 107 269
- 107 351
- 107 212
- 108 173
- 108 313
- 108 166
- 108 224
- 109 297
- 109 378
- 109 112
- 109 209
- 109 192
- 110 315
- 110 201
- 110 270
- 110 312
- 110 194
- 110 221
- 110 255
- 110 186
- 111 263
- 111 361
- 111 282
- 111 326
- 111 254
- 111 366
- 111 300
- 112 183
- 112 158
- 113 331
- 113 305
- 113 362
- 113 296
- 114 392
- 114 302
- 114 354
- 115 276
- 115 173
- 115 246
- 115 136
- 115 265
- 116 132
- 116 182
- 117 367
- 117 177
- 117 279
- 117 306
- 117 226
- 117 151
- 117 343
- 117 374
- 117 238
- 117 132
- 118 278
- 118 344
- 118 212
- 118 187
- 118 303
- 118 286
- 118 268
- 118 342
- 119 297
- 119 379
- 119 210
- 119 128
- 119 333
- 119 161
- 119 130
- 119 307
- 119 261
- 120 195
- 120 126
- 120 366
- 120 363
- 120 351
- 120 257
- 120 374
- 120 146
- 121 336
- 121 358
- 121 400
- 121 344
- 121 182
- 121 128
- 121 170
- 121 208
- 122 287
- 122 254
- 122 165
- 122 327
- 123 394
- 123 170
- 123 327
- 123 320
- 123 246
- 123 199
- 123 336
- 124 202
- 124 305
- 124 257
- 124 320
- 124 318
- 124 151
- 125 345
- 125 215
- 125 342
- 125 359
- 125 217
- 125 317
- 125 133
- 125 140
- 126 312
- 126 323
- 126 261
- 126 235
- 126 334
- 126 239
- 126 307
- 126 315
- 126 298
- 126 187
- 126 350
- 127 381
- 127 310
- 127 235
- 127 344
- 127 281
- 127 202
- 127 323
- 128 204
- 128 162
- 128 322
- 128 146
- 128 264
- 128 198
- 128 262
- 129 208
- 129 397
- 129 134
- 129 297
- 129 281
- 130 348
- 130 216
- 130 257
- 130 246
- 130 341
- 130 396
- 131 363
- 131 178
- 131 138
- 131 312
- 131 338
- 132 195
- 132 146
- 132 338
- 132 240
- 132 153
- 132 217
- 133 256
- 133 145
- 133 229
- 133 174
- 133 326
- 133 136
- 133 362
- 133 158
- 133 312
- 133 377
- 133 260
- 134 323
- 134 349
- 134 164
- 134 183
- 134 389
- 134 362
- 134 142
- 134 147
- 134 161
- 134 241
- 134 361
- 135 165
- 135 381
- 135 360
- 135 213
- 135 354
- 135 233
- 135 153
- 136 187
- 136 267
- 136 395
- 136 255
- 136 295
- 136 309
- 136 318
- 136 245
- 137 236
- 137 161
- 137 301
- 137 222
- 137 254
- 137 238
- 137 192
- 137 386
- 137 176
- 138 378
- 138 234
- 138 377
- 138 383
- 138 254
- 138 314
- 138 386
- 138 243
- 139 347
- 139 184
- 139 210
- 139 378
- 140 201
- 140 307
- 140 174
- 140 220
- 140 393
- 140 162
- 140 328
- 140 398
- 141 229
- 141 174
- 142 171
- 142 174
- 142 334
- 142 181
- 142 285
- 142 166
- 143 311
- 143 356
- 143 327
- 143 346
- 144 310
- 144 268
- 144 349
- 144 151
- 144 290
- 144 298
- 144 222
- 144 383
- 144 201
- 145 306
- 145 346
- 145 337
- 145 262
- 146 291
- 146 391
- 146 260
- 146 280
- 146 284
- 146 323
- 146 168
- 147 185
- 147 389
- 147 384
- 147 209
- 147 346
- 147 243
- 147 157
- 147 165
- 147 314
- 148 175
- 148 356
- 148 249
- 148 235
- 148 321
- 148 341
- 148 186
- 149 243
- 149 193
- 149 276
- 149 279
- 149 319
- 149 286
- 149 372
- 149 306
- 149 375
- 149 332
- 149 396
- 149 315
- 149 274
- 150 183
- 150 367
- 150 319
- 150 208
- 150 306
- 150 350
- 151 313
- 151 221
- 151 299
- 151 310
- 152 379
- 152 269
- 152 166
- 152 344
- 152 396
- 153 208
- 153 328
- 153 341
- 153 154
- 153 164
- 154 241
- 154 252
- 154 370
- 155 162
- 155 187
- 155 227
- 155 253
- 155 293
- 155 374
- 155 207
- 156 218
- 156 346
- 156 166
- 156 185
- 156 206
- 157 228
- 157 331
- 157 244
- 157 399
- 157 187
- 157 324
- 157 395
- 157 274
- 158 170
- 158 169
- 158 164
- 158 303
- 158 348
- 159 360
- 159 313
- 159 228
- 159 348
- 159 387
- 160 167
- 160 361
- 160 347
- 161 304
- 161 210
- 161 314
- 161 322
- 161 300
- 162 232
- 162 355
- 162 261
- 162 382
- 162 303
- 163 212
- 163 213
- 163 329
- 163 363
- 163 331
- 163 260
- 163 253
- 164 193
- 164 174
- 165 233
- 165 398
- 165 346
- 165 292
- 166 189
- 167 178
- 167 314
- 167 399
- 167 370
- 167 169
- 167 257
- 167 173
- 168 368
- 168 302
- 168 266
- 168 348
- 168 269
- 168 258
- 169 186
- 170 349
- 170 382
- 170 175
- 170 261
- 170 332
- 170 395
- 171 180
- 171 252
- 171 374
- 171 361
- 171 353
- 171 363
- 171 196
- 171 367
- 171 193
- 172 349
- 172 357
- 172 311
- 172 352
- 173 217
- 173 310
- 173 223
- 173 359
- 173 311
- 173 178
- 174 248
- 174 262
- 174 314
- 174 245
- 174 275
- 174 284
- 174 273
- 174 182
- 175 273
- 175 248
- 175 197
- 175 256
- 175 286
- 175 377
- 175 288
- 176 238
- 176 205
- 176 278
- 177 266
- 177 356
- 177 274
- 177 215
- 178 350
- 178 341
- 178 379
- 178 349
- 178 351
- 178 343
- 179 297
- 179 386
- 180 290
- 180 332
- 180 231
- 180 359
- 180 266
- 180 308
- 180 325
- 180 221
- 181 203
- 181 273
- 181 307
- 181 197
- 181 323
- 182 272
- 182 341
- 182 274
- 182 217
- 182 382
- 182 253
- 183 349
- 183 247
- 183 299
- 183 324
- 183 279
- 183 200
- 184 229
- 184 353
- 184 218
- 184 372
- 184 386
- 184 225
- 184 384
- 185 360
- 186 241
- 186 229
- 186 332
- 186 283
- 186 239
- 186 378
- 187 375
- 187 341
- 187 328
- 187 204
- 188 252
- 188 198
- 188 332
- 188 272
- 188 225
- 188 393
- 188 273
- 189 345
- 189 202
- 189 361
- 190 333
- 190 228
- 190 299
- 190 271
- 190 214
- 191 262
- 191 306
- 191 237
- 191 269
- 191 387
- 192 296
- 192 282
- 192 212
- 192 365
- 192 226
- 192 277
- 193 197
- 193 378
- 193 327
- 193 290
- 193 247
- 193 381
- 194 292
- 194 233
- 194 290
- 195 289
- 195 312
- 195 325
- 195 246
- 195 259
- 195 397
- 195 314
- 196 265
- 196 309
- 196 241
- 196 372
- 197 343
- 197 394
- 197 210
- 197 331
- 197 374
- 197 218
- 197 221
- 198 386
- 198 253
- 198 367
- 198 335
- 198 235
- 198 243
- 198 339
- 199 290
- 199 357
- 199 236
- 199 394
- 199 393
- 199 277
- 200 315
- 200 377
- 200 297
- 200 283
- 200 400
- 200 344
- 200 240
- 201 259
- 201 291
- 201 380
- 201 368
- 201 227
- 202 280
- 202 338
- 202 260
- 202 253
- 202 394
- 202 219
- 203 207
- 203 304
- 203 369
- 203 301
- 203 210
- 204 284
- 204 363
- 204 323
- 204 249
- 204 223
- 204 207
- 204 289
- 205 215
- 205 367
- 205 292
- 205 294
- 205 312
- 205 357
- 205 229
- 205 315
- 206 221
- 206 256
- 206 390
- 206 360
- 206 301
- 206 335
- 206 227
- 207 286
- 207 241
- 207 239
- 207 397
- 207 351
- 207 340
- 207 265
- 208 239
- 208 238
- 208 285
- 208 323
- 208 313
- 209 277
- 209 288
- 209 267
- 209 306
- 210 380
- 210 311
- 210 263
- 210 324
- 210 354
- 210 215
- 210 222
- 211 212
- 211 374
- 211 217
- 212 354
- 212 213
- 212 352
- 213 335
- 213 333
- 213 392
- 214 366
- 214 326
- 214 318
- 214 253
- 215 267
- 215 256
- 215 387
- 215 332
- 216 323
- 216 229
- 216 358
- 216 364
- 216 376
- 216 310
- 217 275
- 217 324
- 217 264
- 217 228
- 217 284
- 218 376
- 218 282
- 218 384
- 218 341
- 218 321
- 218 326
- 218 242
- 219 353
- 219 331
- 219 290
- 220 391
- 220 355
- 220 288
- 220 274
- 221 319
- 221 270
- 221 348
- 222 318
- 222 263
- 223 235
- 223 328
- 224 313
- 225 336
- 225 337
- 225 375
- 225 331
- 225 366
- 225 249
- 225 243
- 225 271
- 226 320
- 226 394
- 226 273
- 226 287
- 226 332
- 227 366
- 227 271
- 227 326
- 228 396
- 228 289
- 228 336
- 228 253
- 228 387
- 228 267
- 229 303
- 229 341
- 229 274
- 229 376
- 229 311
- 230 311
- 230 249
- 230 329
- 230 250
- 231 309
- 231 296
- 231 274
- 231 351
- 231 360
- 232 245
- 232 368
- 232 372
- 233 396
- 233 296
- 233 258
- 233 306
- 233 260
- 234 268
- 234 309
- 235 294
- 235 248
- 236 341
- 236 275
- 236 265
- 237 331
- 237 320
- 237 366
- 237 284
- 238 383
- 238 385
- 238 382
- 238 310
- 239 322
- 239 264
- 239 351
- 240 294
- 240 397
- 240 301
- 240 328
- 240 346
- 240 297
- 241 270
- 241 354
- 241 307
- 241 254
- 242 276
- 243 275
- 243 376
- 243 359
- 243 252
- 243 297
- 243 287
- 244 354
- 244 321
- 244 268
- 244 296
- 245 294
- 245 275
- 246 324
- 247 368
- 247 282
- 247 358
- 247 339
- 248 379
- 248 298
- 248 288
- 248 333
- 248 327
- 248 392
- 249 344
- 249 258
- 249 346
- 249 300
- 249 329
- 249 271
- 249 390
- 250 276
- 250 339
- 250 379
- 250 360
- 250 302
- 251 345
- 252 382
- 252 285
- 253 360
- 253 296
- 253 287
- 253 262
- 253 386
- 254 357
- 254 380
- 254 274
- 254 370
- 255 270
- 255 323
- 256 322
- 256 301
- 256 280
- 256 380
- 257 324
- 257 339
- 257 398
- 257 266
- 257 365
- 257 291
- 257 264
- 258 393
- 258 335
- 258 271
- 258 385
- 258 366
- 258 288
- 259 268
- 259 373
- 259 364
- 260 339
- 260 320
- 260 324
- 260 332
- 260 329
- 260 296
- 260 377
- 260 361
- 261 267
- 261 386
- 261 397
- 262 364
- 262 352
- 263 311
- 263 265
- 263 272
- 263 395
- 263 342
- 264 380
- 264 274
- 264 366
- 264 389
- 264 292
- 265 378
- 265 313
- 265 399
- 266 291
- 266 392
- 267 380
- 267 315
- 267 326
- 268 355
- 269 377
- 269 304
- 270 357
- 270 369
- 270 322
- 271 281
- 272 395
- 273 397
- 273 321
- 273 376
- 274 328
- 274 363
- 274 391
- 274 354
- 275 374
- 275 316
- 275 303
- 276 309
- 276 283
- 277 371
- 277 382
- 277 287
- 278 349
- 278 338
- 278 384
- 278 283
- 278 298
- 279 319
- 279 351
- 279 383
- 279 283
- 279 322
- 280 301
- 280 387
- 280 351
- 280 337
- 280 314
- 281 397
- 281 311
- 281 381
- 281 305
- 282 362
- 282 327
- 283 298
- 283 367
- 283 299
- 283 344
- 284 349
- 284 323
- 285 373
- 285 355
- 285 321
- 285 385
- 286 307
- 286 302
- 286 304
- 287 296
- 287 395
- 287 362
- 287 329
- 288 380
- 289 322
- 289 316
- 289 363
- 290 390
- 290 370
- 290 317
- 291 343
- 291 302
- 291 321
- 291 297
- 292 343
- 292 320
- 292 338
- 293 296
- 293 331
- 293 340
- 295 355
- 295 324
- 295 357
- 295 343
- 295 330
- 295 370
- 296 342
- 296 298
- 296 382
- 296 381
- 296 366
- 297 301
- 297 319
- 297 390
- 298 305
- 298 383
- 299 379
- 299 336
- 301 332
- 301 377
- 301 399
- 301 345
- 301 341
- 302 346
- 302 372
- 303 384
- 303 388
- 303 307
- 305 348
- 305 360
- 305 370
- 306 374
- 306 400
- 307 373
- 307 360
- 310 352
- 310 394
- 310 364
- 311 343
- 311 349
- 312 334
- 312 349
- 313 317
- 313 365
- 314 332
- 315 395
- 315 367
- 316 360
- 317 332
- 317 372
- 317 397
- 318 334
- 318 352
- 318 382
- 319 393
- 320 341
- 321 331
- 321 322
- 321 384
- 321 348
- 322 332
- 322 333
- 322 391
- 323 386
- 324 335
- 325 397
- 325 372
- 325 379
- 326 353
- 326 348
- 326 334
- 327 374
- 327 349
- 327 353
- 328 386
- 328 351
- 328 389
- 328 349
- 328 345
- 329 382
- 329 357
- 329 338
- 329 346
- 329 332
- 330 384
- 331 386
- 331 358
- 331 365
- 331 340
- 332 389
- 333 372
- 333 365
- 333 348
- 333 391
- 335 350
- 335 388
- 335 392
- 335 366
- 335 356
- 336 357
- 337 356
- 337 372
- 337 391
- 338 379
- 339 348
- 340 348
- 341 387
- 341 375
- 341 399
- 342 351
- 343 397
- 344 358
- 344 391
- 344 348
- 346 363
- 346 362
- 347 350
- 348 356
- 350 399
- 351 381
- 351 392
- 351 378
- 352 387
- 352 372
- 353 375
- 354 362
- 354 385
- 355 373
- 355 372
- 356 382
- 356 368
- 357 373
- 357 377
- 360 368
- 365 374
- 367 389
- 368 371
- 369 395
- 370 381
- 370 400
- 372 387
- 372 395
- 373 378
- 375 379
- 375 385
- 378 397
- 379 381
- 382 389
- 384 396
- 392 394
- 393 394
+ 396 399
+ 383 392
+ 382 383
+ 379 382
+ 377 391
+ 374 376
+ 373 391
+ 372 381
+ 371 377
+ 370 371
+ 368 372
+ 365 375
+ 364 389
+ 364 367
+ 363 382
+ 363 365
+ 363 398
+ 362 386
+ 362 364
+ 361 365
+ 361 397
+ 361 370
+ 359 373
+ 357 400
+ 357 398
+ 357 358
+ 356 377
+ 356 372
+ 355 393
+ 354 378
+ 354 388
+ 354 389
+ 354 356
+ 353 379
+ 353 399
+ 353 384
+ 350 378
+ 349 384
+ 345 354
+ 345 385
+ 345 368
+ 344 349
+ 342 396
+ 340 361
+ 337 383
+ 337 379
+ 337 345
+ 336 356
+ 336 390
+ 333 391
+ 332 383
+ 332 377
+ 331 400
+ 331 368
+ 329 335
+ 329 388
+ 329 338
+ 328 336
+ 328 347
+ 328 349
+ 327 342
+ 326 353
+ 324 340
+ 323 396
+ 323 377
+ 323 379
+ 322 389
+ 321 390
+ 321 324
+ 321 375
+ 320 360
+ 316 338
+ 315 322
+ 315 328
+ 315 362
+ 313 345
+ 313 378
+ 312 378
+ 312 400
+ 312 347
+ 312 398
+ 310 324
+ 310 374
+ 310 337
+ 309 339
+ 309 398
+ 309 366
+ 309 334
+ 308 314
+ 308 316
+ 308 337
+ 308 323
+ 308 373
+ 307 400
+ 307 315
+ 306 380
+ 305 343
+ 305 385
+ 305 317
+ 304 373
+ 304 360
+ 304 390
+ 303 333
+ 303 384
+ 303 321
+ 302 369
+ 302 357
+ 302 358
+ 302 371
+ 302 312
+ 302 341
+ 302 388
+ 301 330
+ 300 391
+ 300 330
+ 300 309
+ 299 332
+ 298 382
+ 298 388
+ 298 386
+ 297 376
+ 297 357
+ 297 334
+ 296 298
+ 295 320
+ 294 326
+ 293 347
+ 293 400
+ 292 337
+ 292 338
+ 292 357
+ 291 344
+ 291 301
+ 290 292
+ 290 310
+ 289 328
+ 289 333
+ 289 302
+ 289 354
+ 288 359
+ 288 303
+ 288 352
+ 288 393
+ 288 304
+ 287 366
+ 287 400
+ 287 349
+ 287 361
+ 286 318
+ 286 333
+ 286 356
+ 285 294
+ 285 373
+ 284 366
+ 284 293
+ 284 384
+ 282 377
+ 282 364
+ 280 310
+ 280 337
+ 279 396
+ 279 282
+ 278 298
+ 278 389
+ 278 315
+ 278 328
+ 276 289
+ 276 278
+ 276 303
+ 276 328
+ 275 341
+ 275 310
+ 274 357
+ 274 303
+ 273 334
+ 273 383
+ 273 376
+ 273 344
+ 273 380
+ 273 394
+ 273 314
+ 272 355
+ 271 389
+ 271 394
+ 271 307
+ 270 292
+ 269 290
+ 269 326
+ 269 283
+ 268 319
+ 268 372
+ 268 331
+ 268 384
+ 268 375
+ 266 287
+ 266 275
+ 266 313
+ 266 308
+ 265 375
+ 265 386
+ 264 366
+ 264 335
+ 264 341
+ 264 285
+ 264 377
+ 263 289
+ 263 381
+ 263 291
+ 263 316
+ 263 349
+ 262 274
+ 262 268
+ 261 270
+ 260 369
+ 260 380
+ 260 373
+ 260 296
+ 259 357
+ 259 290
+ 259 269
+ 258 397
+ 257 281
+ 257 273
+ 256 333
+ 255 308
+ 255 394
+ 255 366
+ 254 316
+ 254 255
+ 254 324
+ 254 385
+ 254 356
+ 253 274
+ 253 356
+ 252 258
+ 252 320
+ 251 309
+ 251 269
+ 251 328
+ 251 261
+ 251 331
+ 250 392
+ 250 312
+ 249 263
+ 248 394
+ 248 321
+ 248 249
+ 248 315
+ 247 338
+ 247 353
+ 247 369
+ 247 394
+ 247 384
+ 246 259
+ 245 297
+ 245 293
+ 245 319
+ 244 328
+ 243 390
+ 243 274
+ 242 388
+ 242 309
+ 242 278
+ 242 286
+ 241 334
+ 240 362
+ 240 279
+ 240 331
+ 240 391
+ 240 271
+ 239 388
+ 239 269
+ 239 260
+ 239 347
+ 239 272
+ 239 253
+ 238 253
+ 238 259
+ 238 396
+ 237 359
+ 237 271
+ 237 362
+ 236 391
+ 236 272
+ 235 356
+ 235 254
+ 234 384
+ 234 395
+ 234 272
+ 233 266
+ 233 301
+ 233 272
+ 233 238
+ 232 334
+ 232 285
+ 232 313
+ 232 388
+ 232 319
+ 231 384
+ 231 372
+ 231 251
+ 230 352
+ 230 319
+ 230 303
+ 230 342
+ 229 237
+ 228 260
+ 228 389
+ 228 252
+ 228 273
+ 228 388
+ 228 359
+ 228 338
+ 227 272
+ 226 354
+ 226 304
+ 225 267
+ 225 307
+ 225 227
+ 225 342
+ 225 319
+ 224 319
+ 223 368
+ 223 371
+ 223 376
+ 223 374
+ 223 258
+ 223 250
+ 223 335
+ 222 386
+ 222 360
+ 222 223
+ 221 246
+ 221 258
+ 221 265
+ 221 330
+ 221 242
+ 220 394
+ 220 344
+ 220 356
+ 219 354
+ 219 327
+ 218 224
+ 218 328
+ 218 331
+ 218 379
+ 217 392
+ 217 297
+ 217 260
+ 217 332
+ 217 234
+ 217 307
+ 217 262
+ 216 224
+ 216 336
+ 216 275
+ 215 291
+ 215 223
+ 215 303
+ 215 265
+ 214 384
+ 214 255
+ 214 330
+ 213 339
+ 213 217
+ 213 348
+ 213 290
+ 212 290
+ 212 213
+ 212 387
+ 212 234
+ 212 224
+ 212 281
+ 211 217
+ 211 289
+ 211 236
+ 211 332
+ 211 234
+ 210 235
+ 210 334
+ 210 215
+ 210 283
+ 210 291
+ 210 322
+ 210 392
+ 210 270
+ 209 274
+ 208 313
+ 208 344
+ 208 387
+ 208 269
+ 208 300
+ 208 287
+ 207 216
+ 207 220
+ 207 313
+ 207 219
+ 207 266
+ 207 298
+ 207 333
+ 206 344
+ 206 360
+ 206 348
+ 206 289
+ 206 224
+ 206 361
+ 205 389
+ 205 277
+ 205 329
+ 205 365
+ 204 267
+ 204 266
+ 204 349
+ 204 360
+ 204 230
+ 204 272
+ 204 277
+ 203 375
+ 203 400
+ 203 369
+ 203 216
+ 203 220
+ 202 378
+ 202 212
+ 202 238
+ 202 225
+ 201 299
+ 201 263
+ 201 270
+ 201 253
+ 201 203
+ 200 234
+ 200 389
+ 200 269
+ 200 207
+ 200 212
+ 200 204
+ 200 253
+ 200 257
+ 200 292
+ 199 312
+ 199 211
+ 199 295
+ 199 338
+ 199 353
+ 199 343
+ 199 218
+ 199 305
+ 199 229
+ 198 346
+ 198 363
+ 198 302
+ 198 240
+ 198 315
+ 198 295
+ 198 399
+ 197 296
+ 197 319
+ 197 395
+ 197 214
+ 197 391
+ 197 358
+ 196 373
+ 196 383
+ 196 291
+ 196 312
+ 195 301
+ 195 399
+ 195 386
+ 195 267
+ 195 197
+ 194 264
+ 194 239
+ 194 288
+ 193 332
+ 193 346
+ 193 380
+ 193 262
+ 192 396
+ 192 292
+ 191 291
+ 191 214
+ 191 307
+ 191 248
+ 190 354
+ 190 329
+ 190 270
+ 190 229
+ 190 392
+ 189 297
+ 189 245
+ 189 307
+ 189 206
+ 189 354
+ 189 386
+ 189 287
+ 188 295
+ 188 247
+ 188 343
+ 188 366
+ 187 296
+ 187 207
+ 187 240
+ 187 202
+ 187 318
+ 187 279
+ 186 394
+ 186 377
+ 185 377
+ 185 316
+ 184 300
+ 184 384
+ 184 324
+ 184 314
+ 184 212
+ 184 222
+ 183 301
+ 183 299
+ 183 262
+ 183 344
+ 183 400
+ 183 220
+ 182 369
+ 182 293
+ 182 234
+ 182 364
+ 182 237
+ 182 183
+ 182 201
+ 181 312
+ 181 396
+ 181 198
+ 181 394
+ 181 273
+ 181 367
+ 180 295
+ 180 253
+ 180 368
+ 180 243
+ 179 274
+ 179 348
+ 179 228
+ 179 281
+ 178 233
+ 178 338
+ 178 362
+ 178 331
+ 178 288
+ 177 239
+ 177 234
+ 177 214
+ 177 365
+ 177 231
+ 177 308
+ 177 286
+ 177 313
+ 177 378
+ 176 265
+ 176 334
+ 176 216
+ 176 299
+ 176 179
+ 176 284
+ 176 336
+ 176 259
+ 175 323
+ 175 191
+ 175 225
+ 175 327
+ 175 397
+ 175 258
+ 175 399
+ 175 320
+ 175 385
+ 175 332
+ 175 265
+ 175 376
+ 174 296
+ 174 309
+ 174 260
+ 174 386
+ 174 298
+ 174 380
+ 173 283
+ 173 241
+ 173 273
+ 172 193
+ 172 298
+ 172 207
+ 172 217
+ 172 343
+ 171 277
+ 171 242
+ 171 378
+ 171 346
+ 171 271
+ 171 253
+ 171 393
+ 170 325
+ 170 311
+ 170 390
+ 170 200
+ 169 296
+ 169 224
+ 169 226
+ 169 279
+ 169 250
+ 169 390
+ 169 186
+ 168 326
+ 168 329
+ 168 240
+ 168 193
+ 168 325
+ 168 224
+ 167 350
+ 167 200
+ 167 182
+ 167 323
+ 167 338
+ 166 247
+ 166 373
+ 166 347
+ 166 377
+ 166 293
+ 165 231
+ 165 251
+ 165 392
+ 165 246
+ 165 253
+ 165 375
+ 165 229
+ 165 248
+ 165 270
+ 165 196
+ 164 194
+ 164 360
+ 164 345
+ 164 386
+ 163 356
+ 163 228
+ 163 291
+ 163 194
+ 163 373
+ 163 384
+ 162 393
+ 161 169
+ 161 379
+ 161 293
+ 161 333
+ 160 206
+ 160 196
+ 160 161
+ 160 357
+ 160 225
+ 159 384
+ 159 267
+ 159 186
+ 159 174
+ 159 206
+ 159 242
+ 158 380
+ 158 244
+ 158 283
+ 158 297
+ 158 160
+ 158 327
+ 157 260
+ 157 242
+ 157 161
+ 157 206
+ 157 214
+ 156 343
+ 156 390
+ 155 299
+ 155 201
+ 155 379
+ 155 244
+ 155 332
+ 154 315
+ 154 323
+ 154 368
+ 154 283
+ 154 168
+ 154 340
+ 154 371
+ 153 376
+ 153 341
+ 153 210
+ 152 231
+ 152 260
+ 152 226
+ 152 286
+ 152 376
+ 152 205
+ 151 234
+ 151 379
+ 151 375
+ 151 246
+ 151 381
+ 151 202
+ 150 250
+ 150 369
+ 150 193
+ 150 260
+ 150 376
+ 150 332
+ 150 382
+ 150 208
+ 149 218
+ 149 278
+ 149 225
+ 149 266
+ 149 365
+ 149 169
+ 148 300
+ 148 243
+ 148 163
+ 148 333
+ 148 233
+ 147 352
+ 147 245
+ 147 282
+ 147 217
+ 146 311
+ 146 208
+ 146 230
+ 146 288
+ 146 337
+ 145 182
+ 145 257
+ 145 375
+ 145 338
+ 145 314
+ 145 284
+ 145 244
+ 144 168
+ 144 232
+ 144 344
+ 144 195
+ 143 393
+ 143 243
+ 143 315
+ 143 282
+ 143 194
+ 143 305
+ 143 184
+ 142 322
+ 142 191
+ 142 257
+ 142 236
+ 142 342
+ 142 312
+ 142 339
+ 142 152
+ 141 348
+ 141 150
+ 141 204
+ 141 173
+ 141 154
+ 140 225
+ 140 385
+ 140 375
+ 140 265
+ 140 341
+ 139 259
+ 139 142
+ 139 328
+ 139 223
+ 139 267
+ 139 140
+ 139 333
+ 139 207
+ 139 306
+ 138 196
+ 138 212
+ 138 177
+ 138 388
+ 138 262
+ 138 274
+ 137 362
+ 137 245
+ 137 176
+ 137 296
+ 137 235
+ 136 220
+ 136 384
+ 136 334
+ 136 394
+ 136 279
+ 136 293
+ 136 245
+ 136 219
+ 135 264
+ 135 186
+ 135 228
+ 135 350
+ 135 145
+ 134 207
+ 134 268
+ 134 189
+ 134 323
+ 134 190
+ 134 359
+ 134 374
+ 134 196
+ 134 307
+ 133 234
+ 133 184
+ 133 370
+ 133 138
+ 133 143
+ 133 338
+ 133 399
+ 133 136
+ 133 353
+ 133 293
+ 133 176
+ 132 381
+ 132 375
+ 132 232
+ 132 162
+ 132 315
+ 132 163
+ 132 189
+ 131 223
+ 131 248
+ 131 397
+ 130 149
+ 130 258
+ 130 349
+ 130 201
+ 129 171
+ 129 224
+ 129 158
+ 129 198
+ 129 312
+ 128 336
+ 128 258
+ 128 247
+ 128 178
+ 128 371
+ 128 302
+ 127 313
+ 127 199
+ 127 239
+ 127 187
+ 127 292
+ 126 359
+ 126 373
+ 126 221
+ 125 212
+ 125 254
+ 125 362
+ 125 237
+ 125 208
+ 125 358
+ 125 234
+ 125 145
+ 125 318
+ 125 349
+ 125 310
+ 124 178
+ 124 288
+ 124 203
+ 123 193
+ 123 127
+ 123 369
+ 123 168
+ 123 146
+ 123 281
+ 122 175
+ 122 396
+ 122 251
+ 122 382
+ 122 245
+ 122 138
+ 122 249
+ 122 170
+ 122 235
+ 122 218
+ 121 273
+ 121 286
+ 121 289
+ 121 160
+ 121 376
+ 120 277
+ 120 210
+ 120 150
+ 120 207
+ 120 244
+ 119 280
+ 119 225
+ 119 341
+ 119 204
+ 118 160
+ 118 293
+ 118 156
+ 118 158
+ 118 218
+ 118 166
+ 118 247
+ 117 351
+ 117 250
+ 117 273
+ 117 213
+ 117 173
+ 117 321
+ 116 170
+ 116 388
+ 116 178
+ 116 184
+ 116 368
+ 116 126
+ 116 323
+ 115 190
+ 115 333
+ 115 179
+ 115 130
+ 115 268
+ 115 178
+ 115 395
+ 114 361
+ 114 117
+ 114 157
+ 114 247
+ 113 264
+ 113 145
+ 113 297
+ 113 265
+ 113 229
+ 113 201
+ 112 214
+ 112 259
+ 112 187
+ 111 320
+ 111 167
+ 111 349
+ 111 344
+ 111 199
+ 110 282
+ 110 122
+ 110 327
+ 110 195
+ 110 246
+ 109 395
+ 109 232
+ 109 122
+ 109 373
+ 109 399
+ 109 117
+ 109 238
+ 109 221
+ 109 143
+ 109 391
+ 108 277
+ 108 138
+ 108 364
+ 108 156
+ 108 282
+ 107 194
+ 107 231
+ 107 181
+ 107 275
+ 107 388
+ 107 163
+ 107 152
+ 107 118
+ 107 330
+ 107 378
+ 106 153
+ 106 108
+ 106 379
+ 106 377
+ 106 225
+ 106 324
+ 105 270
+ 105 369
+ 105 173
+ 105 306
+ 104 134
+ 104 268
+ 104 197
+ 104 356
+ 104 256
+ 104 302
+ 103 333
+ 103 271
+ 103 256
+ 103 258
+ 103 268
+ 103 374
+ 103 346
+ 103 274
+ 103 175
+ 103 134
+ 102 269
+ 102 312
+ 102 291
+ 102 328
+ 102 120
+ 102 249
+ 102 292
+ 102 226
+ 102 369
+ 102 385
+ 101 256
+ 101 223
+ 101 363
+ 101 388
+ 101 131
+ 101 158
+ 101 213
+ 101 310
+ 100 162
+ 100 253
+ 100 187
+ 100 306
+ 100 352
+ 100 148
+ 100 174
+ 100 331
+ 100 341
+ 100 312
+ 100 244
+ 99 168
+ 99 172
+ 99 281
+ 99 362
+ 99 361
+ 99 394
+ 99 248
+ 98 295
+ 98 128
+ 98 367
+ 98 330
+ 98 163
+ 97 335
+ 97 245
+ 97 227
+ 97 138
+ 97 395
+ 97 289
+ 97 121
+ 97 300
+ 97 165
+ 96 187
+ 96 139
+ 96 125
+ 95 200
+ 95 363
+ 95 389
+ 95 283
+ 95 192
+ 95 182
+ 95 234
+ 94 357
+ 94 369
+ 94 307
+ 94 282
+ 94 294
+ 94 143
+ 94 128
+ 94 382
+ 94 335
+ 94 156
+ 94 370
+ 93 281
+ 93 255
+ 93 321
+ 93 211
+ 93 156
+ 93 209
+ 92 231
+ 92 148
+ 92 261
+ 92 225
+ 92 117
+ 92 241
+ 92 188
+ 92 254
+ 92 281
+ 91 314
+ 91 284
+ 91 100
+ 91 261
+ 91 192
+ 91 199
+ 90 337
+ 90 323
+ 90 173
+ 90 133
+ 90 355
+ 90 333
+ 90 91
+ 90 129
+ 90 397
+ 89 110
+ 89 226
+ 89 331
+ 89 257
+ 88 281
+ 88 168
+ 88 337
+ 88 397
+ 87 285
+ 87 378
+ 87 387
+ 86 138
+ 86 112
+ 86 212
+ 86 156
+ 86 246
+ 86 108
+ 86 88
+ 86 282
+ 86 277
+ 85 206
+ 85 164
+ 85 248
+ 85 142
+ 85 276
+ 85 129
+ 85 369
+ 85 376
+ 85 297
+ 85 327
+ 84 284
+ 84 264
+ 84 294
+ 84 149
+ 84 360
+ 83 198
+ 83 382
+ 83 350
+ 83 320
+ 83 91
+ 82 126
+ 82 348
+ 82 172
+ 82 169
+ 82 303
+ 82 266
+ 81 108
+ 81 158
+ 81 332
+ 81 163
+ 81 294
+ 81 159
+ 81 313
+ 81 131
+ 80 92
+ 80 313
+ 80 211
+ 80 163
+ 79 123
+ 79 144
+ 79 224
+ 79 238
+ 79 392
+ 79 362
+ 79 364
+ 79 399
+ 79 334
+ 79 389
+ 78 173
+ 78 345
+ 78 319
+ 78 242
+ 78 243
+ 78 342
+ 78 335
+ 77 108
+ 77 400
+ 77 338
+ 77 248
+ 77 340
+ 77 103
+ 77 243
+ 77 212
+ 77 357
+ 77 175
+ 77 143
+ 76 347
+ 76 284
+ 76 164
+ 76 119
+ 76 148
+ 76 232
+ 76 120
+ 76 197
+ 76 250
+ 76 99
+ 76 283
+ 76 166
+ 76 313
+ 75 344
+ 75 87
+ 75 85
+ 75 320
+ 75 379
+ 75 245
+ 75 113
+ 75 133
+ 75 196
+ 75 166
+ 74 220
+ 74 309
+ 74 235
+ 74 231
+ 74 135
+ 74 118
+ 73 256
+ 73 171
+ 73 357
+ 73 172
+ 73 293
+ 73 206
+ 73 134
+ 73 136
+ 73 153
+ 73 139
+ 72 263
+ 72 150
+ 71 388
+ 71 83
+ 71 217
+ 71 183
+ 71 155
+ 71 368
+ 71 350
+ 71 361
+ 71 182
+ 71 159
+ 70 395
+ 70 85
+ 70 187
+ 70 367
+ 70 114
+ 70 201
+ 69 270
+ 69 383
+ 69 356
+ 69 353
+ 69 358
+ 69 104
+ 69 87
+ 68 331
+ 68 282
+ 68 199
+ 68 361
+ 68 333
+ 68 256
+ 68 209
+ 67 371
+ 67 342
+ 67 293
+ 67 118
+ 67 203
+ 67 124
+ 67 315
+ 66 262
+ 66 354
+ 66 198
+ 66 175
+ 66 215
+ 66 310
+ 65 168
+ 65 156
+ 65 335
+ 65 182
+ 65 372
+ 65 347
+ 65 331
+ 65 177
+ 65 322
+ 65 185
+ 64 315
+ 64 139
+ 64 245
+ 64 120
+ 64 123
+ 64 349
+ 64 237
+ 63 78
+ 63 118
+ 63 158
+ 63 197
+ 62 201
+ 62 164
+ 62 236
+ 62 278
+ 62 139
+ 62 230
+ 62 159
+ 62 132
+ 61 349
+ 61 301
+ 61 234
+ 61 362
+ 61 263
+ 61 134
+ 61 171
+ 61 268
+ 61 232
+ 60 257
+ 60 157
+ 60 398
+ 60 199
+ 59 384
+ 59 124
+ 59 108
+ 59 352
+ 59 327
+ 58 380
+ 58 122
+ 58 345
+ 58 127
+ 58 68
+ 58 113
+ 58 390
+ 58 208
+ 58 114
+ 57 66
+ 57 333
+ 57 116
+ 57 329
+ 57 177
+ 57 290
+ 57 157
+ 56 169
+ 56 60
+ 56 252
+ 56 66
+ 56 265
+ 56 301
+ 56 355
+ 56 141
+ 56 150
+ 56 267
+ 56 202
+ 55 327
+ 55 138
+ 55 65
+ 55 217
+ 55 74
+ 55 154
+ 55 282
+ 54 81
+ 54 137
+ 54 320
+ 54 99
+ 54 116
+ 54 314
+ 54 296
+ 54 357
+ 54 55
+ 54 291
+ 53 73
+ 53 334
+ 53 266
+ 53 289
+ 53 355
+ 53 98
+ 52 396
+ 52 98
+ 52 299
+ 52 214
+ 52 239
+ 52 112
+ 52 398
+ 52 275
+ 52 153
+ 52 217
+ 51 379
+ 51 72
+ 51 239
+ 51 209
+ 51 257
+ 51 224
+ 51 308
+ 50 323
+ 50 101
+ 50 309
+ 50 243
+ 50 171
+ 50 178
+ 50 136
+ 50 115
+ 49 217
+ 49 366
+ 49 163
+ 49 316
+ 49 223
+ 49 204
+ 48 226
+ 48 349
+ 48 130
+ 48 51
+ 48 356
+ 48 140
+ 48 285
+ 48 351
+ 48 308
+ 47 117
+ 47 237
+ 47 216
+ 47 315
+ 47 295
+ 47 131
+ 47 208
+ 47 48
+ 47 218
+ 47 194
+ 47 170
+ 47 220
+ 46 59
+ 46 243
+ 46 306
+ 46 388
+ 46 397
+ 46 287
+ 46 135
+ 46 66
+ 46 375
+ 46 79
+ 46 142
+ 45 85
+ 45 277
+ 45 77
+ 45 138
+ 45 325
+ 45 87
+ 45 344
+ 45 165
+ 45 393
+ 45 316
+ 45 191
+ 45 386
+ 45 115
+ 44 323
+ 44 264
+ 44 200
+ 44 155
+ 44 327
+ 44 211
+ 44 317
+ 43 298
+ 43 196
+ 43 256
+ 43 244
+ 43 285
+ 43 47
+ 43 157
+ 43 151
+ 43 359
+ 43 253
+ 43 329
+ 42 336
+ 42 46
+ 42 94
+ 42 61
+ 42 380
+ 42 331
+ 42 119
+ 42 137
+ 42 399
+ 42 184
+ 42 206
+ 42 281
+ 42 232
+ 41 330
+ 41 141
+ 41 314
+ 41 341
+ 41 125
+ 40 44
+ 40 261
+ 40 391
+ 40 237
+ 40 289
+ 40 299
+ 40 298
+ 40 107
+ 40 81
+ 39 295
+ 39 117
+ 39 191
+ 39 50
+ 39 207
+ 39 151
+ 39 142
+ 39 384
+ 39 242
+ 39 88
+ 39 362
+ 39 215
+ 39 344
+ 38 359
+ 38 292
+ 38 102
+ 38 396
+ 38 96
+ 38 103
+ 38 289
+ 38 164
+ 38 98
+ 38 213
+ 37 237
+ 37 117
+ 37 239
+ 37 68
+ 37 172
+ 37 344
+ 37 288
+ 36 164
+ 36 305
+ 36 368
+ 36 211
+ 36 133
+ 36 373
+ 36 314
+ 36 263
+ 36 89
+ 36 41
+ 36 78
+ 35 189
+ 35 39
+ 35 157
+ 35 107
+ 35 212
+ 35 257
+ 35 228
+ 35 373
+ 35 148
+ 34 52
+ 34 81
+ 34 318
+ 34 61
+ 34 135
+ 34 188
+ 34 213
+ 34 161
+ 34 312
+ 34 82
+ 34 314
+ 33 219
+ 33 333
+ 33 79
+ 32 127
+ 32 189
+ 32 262
+ 32 149
+ 32 176
+ 32 319
+ 31 305
+ 31 392
+ 31 210
+ 31 134
+ 31 372
+ 31 270
+ 31 226
+ 31 243
+ 31 361
+ 31 140
+ 31 165
+ 30 306
+ 30 180
+ 30 266
+ 30 185
+ 30 133
+ 30 248
+ 30 269
+ 30 48
+ 30 257
+ 30 309
+ 30 322
+ 30 280
+ 29 155
+ 29 151
+ 29 375
+ 29 376
+ 29 177
+ 29 122
+ 29 37
+ 29 230
+ 29 110
+ 29 234
+ 28 73
+ 28 295
+ 28 42
+ 28 245
+ 28 291
+ 28 70
+ 28 163
+ 28 282
+ 27 100
+ 27 239
+ 27 46
+ 27 352
+ 27 44
+ 27 61
+ 27 334
+ 27 47
+ 27 29
+ 27 300
+ 26 34
+ 26 349
+ 26 142
+ 26 374
+ 26 247
+ 26 61
+ 26 126
+ 26 184
+ 26 185
+ 26 398
+ 26 382
+ 26 366
+ 25 72
+ 25 75
+ 25 252
+ 25 335
+ 25 154
+ 25 294
+ 25 138
+ 25 338
+ 25 74
+ 25 105
+ 25 285
+ 25 393
+ 25 269
+ 25 88
+ 25 263
+ 25 229
+ 24 146
+ 24 55
+ 24 78
+ 24 28
+ 23 77
+ 23 245
+ 23 145
+ 23 34
+ 23 96
+ 23 353
+ 23 391
+ 23 394
+ 23 237
+ 23 55
+ 23 248
+ 22 318
+ 22 181
+ 22 202
+ 22 152
+ 22 255
+ 22 132
+ 22 155
+ 22 158
+ 21 26
+ 21 258
+ 21 324
+ 21 251
+ 21 370
+ 21 194
+ 21 207
+ 21 139
+ 21 209
+ 21 149
+ 21 395
+ 21 161
+ 21 160
+ 20 160
+ 20 350
+ 20 376
+ 20 58
+ 20 389
+ 20 342
+ 20 356
+ 20 383
+ 20 247
+ 20 60
+ 20 298
+ 19 186
+ 19 137
+ 19 96
+ 19 385
+ 18 232
+ 18 197
+ 18 144
+ 18 329
+ 17 92
+ 17 75
+ 17 318
+ 17 383
+ 16 173
+ 16 124
+ 16 321
+ 16 262
+ 16 222
+ 16 166
+ 16 257
+ 16 349
+ 15 137
+ 15 152
+ 15 40
+ 15 35
+ 15 289
+ 15 220
+ 15 293
+ 15 396
+ 14 166
+ 14 298
+ 14 271
+ 14 82
+ 14 306
+ 14 40
+ 14 242
+ 13 54
+ 13 363
+ 13 126
+ 13 373
+ 13 104
+ 13 336
+ 13 87
+ 13 378
+ 13 346
+ 12 88
+ 12 163
+ 12 16
+ 12 348
+ 12 105
+ 12 192
+ 12 164
+ 12 363
+ 12 347
+ 12 350
+ 12 219
+ 11 280
+ 11 63
+ 11 193
+ 11 113
+ 11 180
+ 11 356
+ 10 336
+ 10 290
+ 10 322
+ 10 22
+ 10 339
+ 10 295
+ 10 80
+ 10 264
+ 10 273
+ 9 87
+ 9 188
+ 9 66
+ 9 28
+ 9 236
+ 9 92
+ 9 344
+ 9 46
+ 9 179
+ 8 9
+ 8 66
+ 8 381
+ 8 198
+ 7 99
+ 7 333
+ 7 163
+ 7 287
+ 7 57
+ 7 88
+ 7 382
+ 7 110
+ 6 363
+ 6 310
+ 6 327
+ 6 106
+ 6 356
+ 6 395
+ 6 388
+ 6 69
+ 6 328
+ 6 235
+ 5 339
+ 5 119
+ 5 113
+ 5 244
+ 5 324
+ 5 260
+ 5 192
+ 5 153
+ 5 129
+ 4 352
+ 4 384
+ 4 223
+ 4 64
+ 4 276
+ 4 298
+ 3 294
+ 3 225
+ 3 150
+ 3 347
+ 3 348
+ 3 240
+ 3 365
+ 3 391
+ 2 102
+ 2 381
+ 2 264
+ 2 211
+ 2 87
+ 2 40
+ 2 79
+ 2 215
+ 2 201
- 1 33
- 1 374
- 1 147
- 1 340
- 1 284
- 1 63
- 1 24
- 1 311
- 1 227
- 1 339
- 1 108
- 1 304
- 1 194
- 1 32
- 1 127
- 1 370
- 1 94
- 1 326
- 1 294
- 1 120
- 1 2
- 1 267
- 1 258
- 1 252
- 1 37
- 1 51
- 1 48
- 1 351
- 1 117
- 1 250
- 1 392
- 1 190
- 1 8
- 1 66
- 1 289
- 1 354
- 1 192
- 1 95
- 1 363
- 1 101
- 1 388
- 1 359
- 1 148
- 1 35
- 1 228
- 1 260
- 1 296
- 1 137
- 1 19
- 1 96
- 1 14
- 1 105
- 1 306
- 1 73
- 1 139
- 1 62
- 1 278
- 1 4
- 1 276
- 1 328
- 1 261
- 1 251
- 1 231
- 1 372
- 1 381
- 1 49
- 1 316
- 1 263
- 1 72
- 1 150
- 1 348
- 1 3
- 1 347
- 1 239
- 1 253
- 1 238
- 1 233
- 1 191
- 1 255
- 1 214
- 1 330
- 1 301
- 1 299
- 1 275
- 1 216
- 1 67
- 1 124
- 1 203
- 1 400
- 1 183
- 1 220
- 1 47
- 1 295
- 1 399
- 1 198
- 1 346
- 1 13
- 1 336
- 1 390
- 1 156
- 1 93
- 1 209
- 1 68
- 1 256
- 1 104
- 1 69
- 1 75
- 1 318
- 1 17
- 1 383
- 1 382
- 1 246
- 1 110
- 1 7
- 1 57
- 1 157
- 1 60
- 1 398
- 1 309
- 1 322
- 1 30
- 1 280
- 1 119
- 1 341
- 1 140
- 1 31
- 1 270
- 1 210
- 1 291
- 1 54
- 1 116
- 1 126
- 1 221
- 1 109
- 1 391
- 1 236
- 1 272
- 1 204
- 1 277
- 1 86
- 1 88
- 1 325
- 1 168
- 1 123
- 1 146
- 1 337
- 1 345
- 1 368
- 1 71
- 1 182
- 1 167
- 1 338
- 1 247
- 1 118
- 1 74
- 1 235
- 1 6
- 1 395
- 1 70
- 1 114
- 1 58
- 1 208
- 1 287
- 1 189
- 1 132
- 1 162
- 1 393
- 1 171
- 1 271
- 1 279
- 1 187
- 1 112
- 1 259
- 1 176
- 1 133
- 1 353
- 1 384
- 1 268
- 1 61
- 1 232
- 1 42
- 1 206
- 1 361
- 1 99
- 1 394
- 1 181
- 1 367
- 1 364
- 1 362
- 1 237
- 1 64
- 1 245
- 1 297
- 1 85
- 1 369
- 1 102
- 1 226
- 1 89
- 1 257
- 1 16
- 1 349
- 1 130
- 1 201
- 1 113
- 1 229
- 1 25
- 1 269
- 1 283
- 1 76
- 1 313
- 1 177
- 1 286
- 1 159
- 1 174
- 1 380
- 1 172
- 1 343
- 1 44
- 1 317
- 1 305
- 1 385
- 1 254
- 1 356
- 1 11
- 1 180
- 1 243
- 1 77
- 1 143
- 1 184
- 1 222
- 1 223
- 1 335
- 1 78
- 1 36
- 1 41
- 1 125
- 1 310
- 1 290
- 1 213
- 1 38
- 1 164
- 1 386
- 1 298
- 1 20
- 1 389
- 1 79
- 1 334
- 1 241
- 1 173
- 1 141
- 1 154
- 1 371
- 1 128
- 1 302
- 1 197
- 1 195
- 1 144
- 1 18
- 1 329
- 1 43
- 1 151
- 1 202
- 1 56
- 1 355
- 1 53
- 1 98
- 1 163
- 1 28
- 1 282
- 1 55
- 1 23
- 1 248
- 1 315
- 1 307
- 1 134
- 1 103
- 1 175
- 1 376
- 1 121
- 1 160
- 1 21
- 1 161
- 1 333
- 1 207
- 1 266
- 1 82
- 1 34
- 1 314
- 1 273
- 1 10
- 1 264
- 1 285
- 1 373
- 1 308
- 1 323
- 1 379
- 1 218
- 1 122
- 1 170
- 1 200
- 1 292
- 1 357
- 1 274
- 1 138
- 1 262
- 1 217
- 1 52
- 1 153
- 1 5
- 1 129
- 1 90
- 1 397
- 1 131
- 1 81
- 1 40
- 1 107
- 1 378
- 1 87
- 1 387
- 1 212
- 1 224
- 1 319
- 1 225
- 1 106
- 1 324
- 1 321
- 1 230
- 1 342
- 1 396
- 1 15
- 1 293
- 1 166
- 1 377
- 1 186
- 1 169
- 1 149
- 1 84
- 1 360
- 1 320
- 1 83
- 1 91
- 1 199
- 1 111
- 1 344
- 1 39
- 1 215
- 1 265
- 1 375
- 1 365
- 1 205
- 1 152
- 1 142
- 1 46
- 1 9
- 1 179
- 1 281
- 1 92
- 1 188
- 1 366
- 1 26
- 1 185
- 1 65
- 1 331
- 1 178
- 1 288
- 1 352
- 1 59
- 1 327
- 1 158
- 1 22
- 1 155
- 1 332
- 1 211
- 1 234
- 1 29
- 1 27
- 1 300
- 1 97
- 1 165
- 1 196
- 1 312
- 1 100
- 1 244
- 1 145
- 1 135
- 1 350
- 1 12
- 1 219
- 1 136
- 1 50
- 115 1
