4716
+ 1 10
+ 1 141
+ 1 181
+ 1 293
+ 1 315
+ 1 206
+ 1 66
+ 1 248
+ 1 114
+ 1 159
+ 1 110
+ 1 119
+ 1 43
+ 1 259
+ 1 166
+ 1 72
+ 1 168
+ 1 175
+ 1 289
+ 1 276
+ 1 123
+ 1 15
+ 1 303
+ 1 260
+ 1 107
+ 1 219
+ 1 17
+ 1 338
+ 1 359
+ 1 160
+ 1 377
+ 1 3
+ 1 399
+ 1 394
+ 1 5
+ 1 319
+ 1 47
+ 1 229
+ 1 373
+ 1 275
+ 1 369
+ 1 321
+ 1 35
+ 1 170
+ 1 347
+ 1 384
+ 1 23
+ 1 121
+ 1 55
+ 1 69
+ 1 213
+ 1 146
+ 1 7
+ 1 177
+ 1 390
+ 1 252
+ 1 71
+ 1 133
+ 1 250
+ 1 267
+ 1 41
+ 1 247
+ 1 120
+ 1 30
+ 1 128
+ 1 236
+ 1 149
+ 1 42
+ 1 368
+ 1 11
+ 1 301
+ 1 379
+ 1 389
+ 1 197
+ 1 358
+ 1 22
+ 1 163
+ 1 50
+ 1 336
+ 1 249
+ 1 251
+ 1 228
+ 1 79
+ 1 232
+ 1 186
+ 1 265
+ 1 331
+ 1 214
+ 1 89
+ 1 14
+ 1 154
+ 1 311
+ 1 296
+ 1 91
+ 1 239
+ 1 294
+ 1 104
+ 1 76
+ 1 198
+ 1 300
+ 1 164
+ 1 310
+ 1 44
+ 1 387
+ 1 216
+ 1 238
+ 1 343
+ 1 392
+ 1 221
+ 1 155
+ 1 281
+ 1 113
+ 1 37
+ 1 67
+ 1 21
+ 1 271
+ 1 48
+ 1 54
+ 1 144
+ 1 92
+ 1 158
+ 1 130
+ 1 316
+ 1 129
+ 1 80
+ 1 143
+ 1 268
+ 1 8
+ 1 147
+ 1 287
+ 1 217
+ 1 25
+ 1 189
+ 1 192
+ 1 226
+ 1 165
+ 1 112
+ 1 246
+ 1 73
+ 1 345
+ 1 49
+ 1 182
+ 1 95
+ 1 339
+ 1 40
+ 1 257
+ 1 241
+ 1 349
+ 1 90
+ 1 355
+ 1 137
+ 1 27
+ 1 190
+ 1 397
+ 1 299
+ 1 9
+ 1 222
+ 1 342
+ 1 77
+ 1 385
+ 1 178
+ 1 234
+ 1 124
+ 1 285
+ 1 372
+ 1 169
+ 1 195
+ 1 350
+ 1 290
+ 1 341
+ 1 218
+ 1 292
+ 1 2
+ 1 270
+ 1 100
+ 1 237
+ 1 278
+ 1 262
+ 1 46
+ 1 96
+ 1 371
+ 1 208
+ 1 24
+ 1 284
+ 1 135
+ 1 327
+ 1 258
+ 1 138
+ 1 111
+ 1 298
+ 1 253
+ 1 344
+ 1 70
+ 1 103
+ 1 105
+ 1 351
+ 1 313
+ 1 223
+ 1 61
+ 1 167
+ 1 304
+ 1 78
+ 1 187
+ 1 184
+ 1 127
+ 1 98
+ 1 32
+ 1 31
+ 1 273
+ 1 210
+ 1 317
+ 1 174
+ 1 340
+ 1 309
+ 1 367
+ 1 302
+ 1 106
+ 1 274
+ 1 356
+ 1 332
+ 1 325
+ 1 378
+ 1 64
+ 1 364
+ 1 279
+ 1 148
+ 1 334
+ 1 151
+ 1 180
+ 1 264
+ 1 58
+ 1 205
+ 1 176
+ 1 215
+ 1 153
+ 1 201
+ 1 370
+ 1 366
+ 1 360
+ 1 277
+ 1 335
+ 1 117
+ 1 398
+ 1 65
+ 1 157
+ 1 74
+ 1 88
+ 1 220
+ 1 212
+ 1 99
+ 1 68
+ 1 288
+ 1 242
+ 1 256
+ 1 312
+ 1 381
+ 1 337
+ 1 34
+ 1 272
+ 1 346
+ 1 244
+ 1 353
+ 1 171
+ 1 230
+ 1 203
+ 1 179
+ 1 62
+ 1 280
+ 1 29
+ 1 75
+ 1 286
+ 1 320
+ 1 18
+ 1 362
+ 1 200
+ 1 323
+ 1 365
+ 1 263
+ 1 357
+ 1 131
+ 1 231
+ 1 291
+ 1 139
+ 1 188
+ 1 145
+ 1 101
+ 1 52
+ 1 93
+ 1 266
+ 1 33
+ 1 330
+ 1 116
+ 1 269
+ 1 81
+ 1 211
+ 1 383
+ 1 109
+ 1 86
+ 1 318
+ 1 194
+ 1 28
+ 1 243
+ 1 261
+ 1 156
+ 1 307
+ 1 225
+ 1 396
+ 1 282
+ 1 63
+ 1 87
+ 1 322
+ 1 183
+ 1 245
+ 1 380
+ 1 152
+ 1 193
+ 1 254
+ 1 60
+ 1 191
+ 1 136
+ 1 306
+ 1 375
+ 1 142
+ 1 354
+ 1 39
+ 1 227
+ 1 376
+ 1 102
+ 1 374
+ 1 328
+ 1 388
+ 1 185
+ 1 57
+ 1 4
+ 1 240
+ 1 361
+ 1 140
+ 1 255
+ 1 20
+ 1 314
+ 1 51
+ 1 97
+ 1 199
+ 1 83
+ 1 324
+ 1 196
+ 1 308
+ 1 161
+ 1 53
+ 1 235
+ 1 150
+ 1 13
+ 1 122
+ 1 172
+ 1 202
+ 1 82
+ 1 126
+ 1 132
+ 1 45
+ 1 125
+ 1 283
+ 1 19
+ 1 393
+ 1 305
+ 1 295
+ 1 329
+ 1 38
+ 1 85
+ 1 16
+ 1 395
+ 1 233
+ 1 204
+ 1 115
+ 1 207
+ 1 108
+ 1 297
+ 1 12
+ 1 363
+ 1 333
+ 1 94
+ 1 224
+ 1 84
+ 1 162
+ 1 134
+ 1 352
+ 1 56
+ 1 118
+ 1 26
- 2 292
- 2 341
- 2 270
- 2 237
- 2 278
- 2 290
- 2 218
- 2 100
- 3 399
- 3 197
- 3 5
- 3 358
- 3 377
- 3 389
- 3 301
- 3 394
- 3 22
- 3 379
- 4 240
- 4 57
- 4 185
- 4 142
- 4 20
- 4 140
- 4 51
- 4 97
- 4 361
- 4 314
- 5 319
- 5 197
- 5 394
- 5 301
- 5 379
- 5 373
- 5 389
- 5 47
- 5 399
- 6 173
- 6 348
- 6 209
- 6 391
- 6 181
- 6 326
- 6 382
- 6 36
- 6 59
- 7 146
- 7 177
- 7 79
- 7 213
- 7 232
- 7 265
- 7 331
- 7 186
- 7 69
- 7 327
- 8 268
- 8 130
- 8 271
- 8 54
- 8 48
- 8 316
- 8 158
- 8 147
- 8 92
- 8 129
- 9 299
- 9 222
- 9 350
- 9 237
- 9 397
- 9 262
- 9 290
- 9 77
- 9 195
- 9 385
- 10 59
- 10 141
- 10 114
- 10 293
- 10 391
- 10 259
- 10 166
- 10 43
- 10 159
- 10 181
- 11 319
- 11 373
- 11 368
- 11 35
- 11 369
- 11 301
- 11 394
- 11 229
- 11 47
- 11 275
- 12 101
- 12 139
- 12 357
- 12 263
- 12 161
- 12 363
- 12 188
- 12 308
- 12 131
- 12 231
- 13 122
- 13 150
- 13 53
- 13 172
- 13 297
- 13 200
- 13 323
- 13 18
- 13 235
- 13 362
- 14 89
- 14 154
- 14 164
- 14 296
- 14 44
- 14 214
- 14 311
- 14 135
- 14 387
- 14 310
- 15 303
- 15 123
- 15 111
- 15 260
- 15 253
- 15 17
- 15 107
- 15 359
- 15 138
- 15 298
- 16 353
- 16 395
- 16 381
- 16 38
- 16 272
- 16 85
- 16 244
- 16 204
- 16 346
- 16 337
- 17 338
- 17 107
- 17 359
- 17 138
- 17 219
- 17 160
- 17 377
- 17 358
- 17 303
- 18 320
- 18 362
- 18 200
- 18 235
- 18 150
- 18 45
- 18 122
- 18 172
- 18 297
- 19 283
- 19 179
- 19 393
- 19 62
- 19 29
- 19 75
- 19 126
- 19 82
- 19 207
- 19 108
- 20 255
- 20 314
- 20 140
- 20 51
- 20 361
- 21 67
- 21 271
- 21 371
- 21 284
- 21 144
- 21 48
- 21 208
- 21 221
- 21 24
- 21 54
- 22 399
- 22 160
- 22 358
- 22 219
- 22 379
- 22 389
- 22 338
- 22 197
- 22 377
- 23 121
- 23 384
- 23 250
- 23 251
- 23 336
- 23 249
- 23 50
- 23 133
- 23 71
- 23 55
- 24 67
- 24 221
- 24 144
- 24 392
- 24 281
- 24 37
- 24 371
- 24 208
- 24 284
- 25 189
- 25 217
- 25 80
- 25 287
- 25 49
- 25 143
- 25 112
- 25 147
- 25 345
- 25 129
- 26 74
- 26 134
- 26 364
- 26 88
- 26 99
- 26 118
- 26 220
- 26 352
- 26 56
- 26 162
- 27 190
- 27 372
- 27 285
- 27 137
- 27 349
- 27 355
- 27 178
- 27 124
- 27 234
- 27 169
- 28 243
- 28 194
- 28 261
- 28 211
- 28 225
- 28 269
- 28 307
- 28 318
- 28 156
- 28 81
- 29 75
- 29 126
- 29 393
- 29 283
- 29 280
- 29 179
- 29 62
- 29 108
- 29 207
- 30 120
- 30 128
- 30 267
- 30 170
- 30 321
- 30 42
- 30 347
- 30 247
- 30 236
- 30 149
- 31 32
- 31 61
- 31 313
- 31 351
- 31 127
- 31 223
- 31 167
- 31 273
- 31 210
- 31 98
- 32 98
- 32 127
- 32 273
- 32 210
- 32 117
- 32 335
- 32 317
- 32 223
- 32 360
- 33 266
- 33 330
- 33 116
- 33 269
- 33 291
- 33 194
- 33 52
- 33 93
- 33 225
- 33 145
- 34 272
- 34 346
- 34 337
- 34 312
- 34 333
- 34 224
- 34 256
- 34 94
- 34 381
- 34 85
- 35 170
- 35 321
- 35 368
- 35 275
- 35 149
- 35 120
- 35 229
- 35 369
- 35 42
- 36 59
- 36 181
- 36 348
- 36 166
- 36 173
- 36 259
- 36 391
- 36 326
- 37 67
- 37 281
- 37 221
- 37 284
- 37 392
- 37 343
- 37 208
- 37 155
- 37 104
- 38 85
- 38 329
- 38 171
- 38 346
- 38 204
- 38 353
- 38 244
- 38 395
- 38 233
- 39 227
- 39 328
- 39 354
- 39 142
- 39 57
- 39 375
- 39 185
- 39 240
- 39 97
- 39 388
- 40 257
- 40 90
- 40 226
- 40 349
- 40 46
- 40 339
- 40 95
- 40 96
- 40 241
- 40 192
- 41 247
- 41 267
- 41 50
- 41 336
- 41 163
- 41 128
- 41 236
- 41 384
- 41 250
- 41 347
- 42 149
- 42 321
- 42 229
- 42 236
- 42 368
- 42 120
- 42 369
- 42 170
- 43 110
- 43 141
- 43 119
- 43 248
- 43 159
- 43 114
- 43 315
- 43 259
- 43 293
- 44 239
- 44 387
- 44 311
- 44 310
- 44 214
- 44 135
- 44 91
- 44 164
- 44 296
- 45 132
- 45 122
- 45 286
- 45 125
- 45 172
- 45 362
- 45 320
- 45 202
- 45 82
- 46 96
- 46 95
- 46 90
- 46 257
- 46 349
- 46 226
- 46 339
- 46 355
- 46 241
- 47 319
- 47 229
- 47 275
- 47 399
- 47 373
- 47 301
- 47 379
- 47 394
- 48 54
- 48 208
- 48 271
- 48 92
- 48 158
- 48 284
- 48 371
- 48 144
- 49 129
- 49 112
- 49 147
- 49 143
- 49 345
- 49 268
- 49 287
- 49 217
- 49 80
- 50 71
- 50 121
- 50 336
- 50 163
- 50 384
- 50 133
- 50 250
- 50 249
- 51 314
- 51 255
- 51 97
- 51 57
- 51 361
- 51 140
- 51 240
- 52 101
- 52 93
- 52 330
- 52 291
- 52 116
- 52 145
- 52 225
- 52 269
- 52 266
- 53 235
- 53 323
- 53 161
- 53 357
- 53 263
- 53 365
- 53 200
- 53 297
- 53 150
- 54 144
- 54 158
- 54 92
- 54 271
- 54 371
- 54 316
- 54 130
- 55 121
- 55 69
- 55 251
- 55 258
- 55 71
- 55 390
- 55 252
- 55 249
- 55 228
- 56 220
- 56 88
- 56 118
- 56 134
- 56 352
- 56 74
- 56 364
- 56 99
- 56 64
- 57 240
- 57 185
- 57 314
- 57 375
- 57 97
- 57 142
- 57 388
- 58 205
- 58 302
- 58 264
- 58 201
- 58 106
- 58 274
- 58 332
- 58 334
- 58 356
- 58 180
- 59 173
- 59 391
- 59 181
- 59 166
- 59 141
- 59 259
- 60 191
- 60 254
- 60 102
- 60 83
- 60 193
- 60 136
- 60 152
- 60 380
- 60 376
- 60 324
- 61 167
- 61 313
- 61 223
- 61 304
- 61 273
- 61 351
- 61 98
- 61 187
- 61 127
- 62 280
- 62 179
- 62 305
- 62 230
- 62 108
- 62 207
- 62 75
- 62 393
- 63 282
- 63 87
- 63 324
- 63 322
- 63 183
- 63 196
- 63 245
- 63 152
- 63 109
- 63 83
- 64 364
- 64 74
- 64 279
- 64 398
- 64 378
- 64 352
- 64 148
- 64 118
- 64 157
- 65 398
- 65 274
- 65 332
- 65 334
- 65 378
- 65 157
- 65 151
- 65 279
- 65 148
- 65 325
- 66 206
- 66 248
- 66 70
- 66 78
- 66 184
- 66 315
- 66 103
- 66 110
- 66 105
- 66 119
- 67 221
- 67 284
- 67 343
- 67 155
- 67 392
- 67 208
- 67 281
- 68 288
- 68 134
- 68 242
- 68 88
- 68 162
- 68 220
- 68 99
- 68 224
- 68 84
- 68 212
- 69 213
- 69 258
- 69 252
- 69 79
- 69 177
- 69 228
- 69 390
- 69 265
- 70 103
- 70 110
- 70 184
- 70 119
- 70 304
- 70 206
- 70 187
- 70 105
- 70 78
- 71 252
- 71 133
- 71 251
- 71 249
- 71 336
- 71 121
- 71 258
- 72 382
- 72 209
- 72 298
- 72 289
- 72 386
- 72 344
- 72 276
- 72 168
- 72 175
- 72 253
- 73 345
- 73 192
- 73 246
- 73 287
- 73 112
- 73 339
- 73 217
- 73 165
- 73 182
- 73 189
- 74 88
- 74 157
- 74 398
- 74 279
- 74 352
- 74 364
- 74 118
- 75 286
- 75 126
- 75 283
- 75 207
- 75 132
- 75 82
- 75 108
- 76 104
- 76 239
- 76 294
- 76 198
- 76 300
- 76 238
- 76 216
- 76 113
- 76 343
- 76 155
- 77 342
- 77 385
- 77 178
- 77 350
- 77 397
- 77 372
- 77 195
- 77 222
- 77 190
- 78 304
- 78 105
- 78 206
- 78 187
- 78 184
- 78 119
- 78 103
- 78 313
- 79 232
- 79 177
- 79 390
- 79 265
- 79 186
- 79 213
- 79 252
- 79 228
- 80 143
- 80 129
- 80 130
- 80 287
- 80 147
- 80 316
- 80 268
- 80 217
- 81 211
- 81 269
- 81 225
- 81 266
- 81 307
- 81 156
- 81 194
- 81 116
- 81 318
- 82 202
- 82 126
- 82 108
- 82 125
- 82 132
- 82 286
- 82 283
- 83 324
- 83 193
- 83 380
- 83 152
- 83 322
- 83 245
- 83 254
- 83 183
- 84 256
- 84 288
- 84 94
- 84 224
- 84 312
- 84 212
- 84 162
- 84 242
- 84 333
- 85 381
- 85 272
- 85 244
- 85 346
- 85 395
- 85 337
- 85 204
- 86 109
- 86 318
- 86 383
- 86 156
- 86 211
- 86 196
- 86 261
- 86 396
- 86 243
- 86 282
- 87 322
- 87 383
- 87 109
- 87 282
- 87 324
- 87 196
- 87 245
- 87 183
- 87 396
- 88 220
- 88 118
- 88 99
- 88 352
- 88 162
- 88 134
- 89 214
- 89 232
- 89 327
- 89 154
- 89 331
- 89 296
- 89 135
- 89 146
- 89 311
- 90 349
- 90 355
- 90 226
- 90 241
- 90 137
- 90 169
- 90 124
- 90 257
- 91 239
- 91 294
- 91 296
- 91 198
- 91 164
- 91 216
- 91 310
- 91 300
- 91 387
- 92 144
- 92 158
- 92 268
- 92 130
- 92 271
- 92 371
- 92 316
- 93 139
- 93 291
- 93 266
- 93 101
- 93 269
- 93 145
- 93 116
- 93 330
- 94 333
- 94 224
- 94 256
- 94 212
- 94 272
- 94 288
- 94 242
- 94 312
- 95 165
- 95 339
- 95 182
- 95 192
- 95 257
- 95 226
- 95 96
- 95 246
- 96 165
- 96 241
- 96 246
- 96 339
- 96 257
- 96 192
- 96 226
- 97 314
- 97 140
- 97 142
- 97 361
- 97 240
- 97 185
- 98 223
- 98 127
- 98 117
- 98 360
- 98 210
- 98 273
- 98 335
- 99 212
- 99 220
- 99 162
- 99 134
- 99 118
- 99 288
- 100 270
- 100 237
- 100 292
- 100 218
- 100 278
- 100 341
- 101 291
- 101 308
- 101 145
- 101 330
- 101 188
- 101 231
- 101 139
- 102 376
- 102 374
- 102 193
- 102 254
- 102 199
- 102 191
- 102 380
- 102 136
- 102 152
- 103 105
- 103 167
- 103 304
- 103 313
- 103 206
- 103 351
- 103 187
- 104 294
- 104 300
- 104 155
- 104 238
- 104 343
- 104 281
- 104 392
- 104 113
- 105 351
- 105 313
- 105 187
- 105 184
- 105 304
- 105 206
- 106 274
- 106 302
- 106 180
- 106 205
- 106 201
- 106 356
- 106 264
- 106 367
- 106 153
- 107 219
- 107 338
- 107 123
- 107 260
- 107 303
- 107 160
- 107 138
- 107 359
- 108 283
- 108 207
- 108 286
- 108 393
- 108 126
- 109 383
- 109 261
- 109 396
- 109 243
- 109 196
- 109 282
- 109 183
- 110 159
- 110 119
- 110 184
- 110 315
- 110 114
- 110 248
- 110 206
- 111 298
- 111 289
- 111 344
- 111 260
- 111 138
- 111 123
- 111 253
- 111 303
- 111 276
- 112 246
- 112 165
- 112 217
- 112 345
- 112 189
- 112 182
- 112 287
- 113 281
- 113 155
- 113 294
- 113 343
- 113 198
- 113 300
- 113 392
- 113 238
- 114 315
- 114 141
- 114 159
- 114 248
- 114 293
- 114 184
- 114 119
- 115 329
- 115 171
- 115 295
- 115 280
- 115 305
- 115 230
- 115 353
- 115 395
- 115 203
- 115 233
- 116 269
- 116 330
- 116 307
- 116 266
- 116 194
- 116 225
- 117 340
- 117 210
- 117 317
- 117 335
- 117 127
- 117 366
- 117 273
- 117 360
- 118 279
- 118 134
- 118 364
- 118 352
- 119 315
- 119 206
- 119 248
- 119 184
- 120 247
- 120 369
- 120 236
- 120 149
- 120 368
- 120 321
- 120 170
- 121 390
- 121 133
- 121 249
- 121 252
- 121 251
- 121 258
- 122 172
- 122 132
- 122 202
- 122 320
- 122 125
- 122 235
- 122 362
- 123 276
- 123 253
- 123 298
- 123 303
- 123 138
- 123 260
- 123 359
- 124 234
- 124 285
- 124 349
- 124 169
- 124 137
- 124 355
- 124 257
- 124 241
- 125 283
- 125 286
- 125 126
- 125 172
- 125 320
- 125 132
- 125 202
- 126 132
- 126 283
- 126 286
- 126 207
- 127 223
- 127 273
- 127 167
- 127 335
- 127 210
- 128 170
- 128 347
- 128 236
- 128 247
- 128 384
- 128 163
- 128 149
- 128 267
- 129 268
- 129 316
- 129 158
- 129 130
- 129 147
- 129 143
- 130 316
- 130 158
- 130 143
- 130 268
- 130 147
- 131 231
- 131 357
- 131 188
- 131 263
- 131 139
- 131 363
- 131 161
- 131 365
- 131 308
- 132 202
- 132 286
- 132 283
- 132 320
- 133 250
- 133 336
- 133 251
- 133 163
- 133 384
- 133 249
- 134 162
- 134 352
- 134 220
- 134 288
- 135 214
- 135 296
- 135 311
- 135 327
- 135 331
- 135 387
- 135 154
- 136 191
- 136 306
- 136 193
- 136 376
- 136 227
- 136 254
- 136 374
- 136 199
- 137 355
- 137 169
- 137 241
- 137 234
- 137 349
- 137 372
- 137 285
- 138 359
- 138 260
- 138 160
- 138 219
- 138 303
- 139 291
- 139 188
- 139 308
- 139 145
- 139 330
- 139 231
- 140 255
- 140 361
- 140 314
- 141 181
- 141 166
- 141 259
- 141 159
- 141 293
- 141 248
- 142 354
- 142 375
- 142 240
- 142 185
- 142 388
- 142 328
- 143 268
- 143 217
- 143 345
- 143 287
- 143 147
- 144 284
- 144 208
- 144 221
- 144 371
- 144 271
- 145 188
- 145 291
- 145 330
- 145 231
- 145 308
- 146 213
- 146 232
- 146 265
- 146 327
- 146 154
- 146 186
- 146 331
- 146 311
- 147 287
- 147 316
- 147 268
- 148 279
- 148 334
- 148 332
- 148 157
- 148 325
- 148 378
- 148 151
- 148 398
- 149 236
- 149 368
- 149 321
- 149 247
- 149 170
- 150 235
- 150 200
- 150 263
- 150 297
- 150 357
- 150 323
- 150 365
- 151 180
- 151 334
- 151 325
- 151 378
- 151 398
- 151 157
- 151 274
- 151 332
- 152 193
- 152 380
- 152 254
- 152 322
- 152 245
- 152 324
- 153 201
- 153 215
- 153 205
- 153 370
- 153 264
- 153 309
- 153 367
- 153 176
- 153 174
- 154 331
- 154 214
- 154 311
- 154 327
- 154 232
- 154 186
- 155 221
- 155 281
- 155 392
- 155 238
- 155 343
- 156 383
- 156 318
- 156 261
- 156 307
- 156 396
- 156 243
- 156 211
- 157 325
- 157 378
- 157 279
- 157 398
- 157 364
- 158 371
- 158 316
- 158 268
- 158 271
- 159 259
- 159 166
- 159 293
- 159 315
- 159 248
- 160 377
- 160 303
- 160 219
- 160 359
- 160 358
- 160 338
- 161 231
- 161 323
- 161 308
- 161 263
- 161 363
- 161 365
- 161 357
- 162 212
- 162 220
- 162 288
- 162 242
- 163 267
- 163 347
- 163 247
- 163 384
- 163 336
- 163 250
- 164 239
- 164 198
- 164 310
- 164 296
- 164 300
- 164 387
- 164 216
- 165 226
- 165 192
- 165 246
- 165 339
- 165 189
- 165 182
- 166 173
- 166 293
- 166 181
- 166 391
- 166 259
- 167 304
- 167 187
- 167 351
- 167 273
- 167 313
- 167 223
- 168 382
- 168 175
- 168 253
- 168 386
- 168 348
- 168 209
- 168 276
- 168 289
- 168 344
- 169 178
- 169 372
- 169 234
- 169 285
- 169 355
- 169 349
- 170 347
- 170 247
- 170 321
- 170 236
- 171 353
- 171 230
- 171 395
- 171 204
- 171 203
- 171 295
- 171 329
- 171 233
- 172 202
- 172 362
- 172 297
- 172 235
- 172 320
- 173 181
- 173 326
- 173 348
- 173 391
- 173 209
- 174 317
- 174 340
- 174 370
- 174 367
- 174 309
- 174 176
- 174 215
- 174 277
- 174 366
- 175 289
- 175 382
- 175 209
- 175 344
- 175 326
- 175 386
- 175 348
- 175 276
- 176 205
- 176 264
- 176 215
- 176 370
- 176 367
- 176 309
- 176 277
- 176 201
- 177 390
- 177 186
- 177 228
- 177 265
- 177 258
- 177 213
- 177 252
- 178 385
- 178 234
- 178 342
- 178 190
- 178 285
- 178 372
- 178 195
- 179 207
- 179 305
- 179 203
- 179 280
- 179 393
- 179 230
- 179 295
- 180 356
- 180 302
- 180 274
- 180 334
- 180 332
- 180 264
- 180 325
- 181 293
- 181 391
- 181 259
- 182 192
- 182 246
- 182 189
- 182 339
- 182 345
- 182 217
- 183 245
- 183 396
- 183 196
- 183 322
- 183 324
- 183 282
- 184 206
- 184 315
- 184 248
- 185 388
- 185 354
- 185 240
- 185 314
- 185 375
- 186 232
- 186 265
- 186 331
- 186 327
- 186 213
- 187 304
- 187 313
- 187 223
- 187 351
- 188 291
- 188 363
- 188 330
- 188 308
- 188 231
- 189 192
- 189 246
- 189 217
- 189 287
- 189 345
- 190 397
- 190 234
- 190 342
- 190 195
- 190 372
- 190 285
- 190 385
- 191 193
- 191 374
- 191 380
- 191 306
- 191 199
- 191 254
- 191 376
- 192 226
- 192 246
- 192 339
- 193 254
- 193 380
- 193 376
- 193 199
- 194 318
- 194 307
- 194 266
- 194 225
- 194 211
- 194 269
- 195 342
- 195 385
- 195 299
- 195 350
- 195 397
- 195 222
- 196 282
- 196 245
- 196 322
- 196 383
- 196 396
- 197 358
- 197 399
- 197 389
- 197 377
- 197 219
- 197 379
- 197 338
- 198 300
- 198 238
- 198 294
- 198 239
- 198 216
- 198 310
- 199 376
- 199 227
- 199 328
- 199 306
- 199 354
- 199 374
- 200 323
- 200 357
- 200 362
- 200 297
- 200 235
- 200 365
- 201 370
- 201 309
- 201 367
- 201 302
- 201 264
- 201 205
- 202 283
- 202 286
- 202 362
- 202 320
- 203 233
- 203 230
- 203 295
- 203 280
- 203 329
- 203 305
- 203 393
- 204 233
- 204 346
- 204 353
- 204 244
- 204 381
- 204 395
- 205 302
- 205 367
- 205 356
- 205 370
- 205 264
- 206 315
- 206 304
- 207 280
- 207 305
- 207 393
- 208 371
- 208 221
- 208 271
- 208 284
- 209 326
- 209 382
- 209 348
- 209 386
- 210 317
- 210 335
- 210 273
- 210 360
- 210 340
- 211 383
- 211 243
- 211 307
- 211 318
- 211 261
- 212 220
- 212 242
- 212 224
- 212 288
- 212 256
- 213 265
- 213 228
- 213 327
- 213 232
- 214 310
- 214 387
- 214 331
- 214 311
- 214 296
- 215 277
- 215 317
- 215 340
- 215 370
- 215 309
- 215 366
- 215 360
- 216 387
- 216 239
- 216 294
- 216 238
- 216 310
- 216 300
- 217 287
- 217 345
- 218 341
- 218 292
- 218 270
- 218 278
- 219 377
- 219 359
- 219 338
- 219 358
- 220 242
- 220 288
- 221 392
- 221 281
- 221 284
- 222 342
- 222 397
- 222 385
- 222 290
- 222 299
- 222 350
- 222 262
- 223 313
- 223 273
- 223 351
- 224 312
- 224 288
- 224 333
- 224 256
- 224 242
- 225 307
- 225 269
- 225 318
- 225 266
- 226 257
- 226 339
- 226 241
- 227 376
- 227 328
- 227 375
- 227 306
- 227 374
- 227 388
- 227 354
- 228 251
- 228 252
- 228 390
- 228 265
- 228 258
- 229 373
- 229 321
- 229 275
- 229 369
- 229 368
- 229 319
- 230 305
- 230 280
- 230 295
- 230 393
- 230 329
- 231 291
- 231 363
- 231 308
- 232 265
- 232 331
- 232 327
- 233 329
- 233 244
- 233 395
- 233 353
- 233 295
- 234 342
- 234 372
- 234 385
- 234 285
- 235 362
- 235 320
- 235 297
- 236 267
- 236 247
- 236 347
- 237 270
- 237 278
- 237 262
- 237 290
- 237 341
- 237 350
- 237 299
- 238 294
- 238 343
- 238 300
- 238 392
- 239 294
- 239 300
- 239 387
- 239 310
- 240 361
- 240 375
- 240 314
- 241 257
- 241 349
- 241 355
- 242 288
- 242 256
- 242 312
- 243 318
- 243 261
- 243 383
- 243 282
- 243 396
- 244 353
- 244 337
- 244 346
- 244 395
- 244 381
- 245 380
- 245 322
- 245 254
- 245 324
- 246 339
- 246 345
- 247 267
- 247 347
- 248 293
- 248 315
- 249 251
- 249 258
- 249 250
- 249 336
- 250 267
- 250 347
- 250 384
- 250 336
- 251 258
- 251 390
- 251 252
- 252 390
- 252 258
- 253 298
- 253 276
- 253 344
- 253 260
- 253 289
- 254 324
- 254 380
- 255 314
- 255 361
- 256 312
- 256 272
- 256 333
- 256 337
- 257 355
- 257 349
- 258 390
- 259 391
- 259 293
- 260 303
- 260 289
- 260 298
- 260 276
- 261 318
- 261 307
- 261 396
- 261 383
- 262 299
- 262 341
- 262 278
- 262 350
- 262 290
- 262 270
- 262 397
- 263 323
- 263 357
- 263 308
- 263 365
- 263 363
- 264 302
- 264 356
- 264 367
- 265 390
- 266 291
- 266 269
- 266 330
- 267 347
- 267 336
- 267 384
- 268 316
- 269 307
- 270 299
- 270 278
- 270 341
- 270 350
- 270 290
- 271 316
- 271 371
- 272 346
- 272 312
- 272 333
- 272 381
- 272 337
- 273 351
- 274 356
- 274 334
- 274 302
- 274 325
- 274 332
- 275 369
- 275 373
- 275 368
- 275 319
- 275 321
- 275 301
- 276 289
- 276 298
- 276 344
- 277 360
- 277 340
- 277 317
- 277 309
- 277 335
- 277 366
- 277 370
- 278 292
- 278 290
- 278 341
- 279 364
- 279 352
- 279 378
- 279 398
- 280 295
- 280 393
- 280 305
- 281 343
- 281 284
- 281 392
- 282 396
- 282 322
- 282 383
- 283 286
- 284 371
- 285 342
- 285 355
- 285 372
- 286 320
- 287 345
- 289 298
- 289 386
- 289 344
- 290 299
- 290 350
- 290 341
- 291 330
- 292 341
- 293 315
- 294 300
- 294 343
- 295 305
- 295 329
- 295 353
- 296 311
- 296 310
- 296 387
- 297 323
- 297 365
- 297 362
- 298 303
- 298 344
- 299 397
- 299 341
- 299 350
- 301 319
- 301 379
- 301 394
- 301 399
- 301 373
- 302 367
- 302 332
- 302 356
- 303 359
- 304 313
- 304 351
- 305 329
- 305 393
- 306 375
- 306 374
- 306 354
- 306 328
- 306 376
- 306 388
- 307 318
- 308 363
- 309 367
- 309 340
- 309 370
- 309 366
- 310 387
- 311 331
- 311 327
- 312 381
- 312 337
- 312 333
- 313 351
- 314 361
- 317 335
- 317 360
- 317 366
- 317 340
- 319 394
- 319 373
- 319 369
- 319 368
- 320 362
- 321 369
- 321 368
- 322 324
- 322 380
- 323 365
- 323 357
- 323 363
- 324 380
- 325 378
- 325 332
- 325 334
- 325 356
- 326 348
- 326 382
- 326 386
- 326 391
- 327 331
- 328 388
- 328 376
- 328 374
- 328 375
- 328 354
- 329 395
- 329 353
- 332 356
- 332 334
- 333 346
- 333 337
- 333 381
- 334 356
- 334 378
- 335 366
- 335 340
- 335 360
- 336 384
- 337 381
- 337 346
- 338 359
- 338 358
- 338 389
- 338 377
- 340 366
- 340 360
- 342 385
- 342 397
- 342 372
- 343 392
- 344 386
- 344 382
- 346 381
- 347 384
- 348 386
- 348 382
- 349 355
- 350 397
- 352 398
- 352 364
- 353 395
- 354 388
- 354 374
- 354 375
- 357 363
- 357 365
- 358 359
- 358 377
- 358 389
- 360 366
- 363 365
- 364 378
- 364 398
- 366 370
- 367 370
- 368 369
- 369 373
- 372 385
- 373 394
- 373 379
- 374 376
- 374 388
- 375 388
- 377 389
- 377 399
- 378 398
- 379 389
- 379 394
- 379 399
- 382 386
- 383 396
- 385 397
- 389 394
- 389 399
- 394 399
+ 387 388
+ 383 398
+ 382 384
+ 381 398
+ 381 383
+ 380 392
+ 377 396
+ 376 380
+ 375 390
+ 375 382
+ 373 375
+ 373 390
+ 373 382
+ 372 378
+ 369 393
+ 367 386
+ 364 379
+ 362 391
+ 360 380
+ 360 392
+ 360 371
+ 359 368
+ 357 393
+ 357 369
+ 356 384
+ 356 382
+ 355 372
+ 355 378
+ 354 392
+ 354 380
+ 354 376
+ 353 359
+ 352 358
+ 351 363
+ 348 371
+ 347 397
+ 346 395
+ 345 361
+ 344 368
+ 343 366
+ 343 364
+ 342 349
+ 341 383
+ 341 398
+ 340 365
+ 339 391
+ 339 362
+ 339 351
+ 338 378
+ 338 387
+ 338 388
+ 337 342
+ 336 376
+ 335 375
+ 335 390
+ 334 369
+ 334 393
+ 334 341
+ 333 371
+ 333 360
+ 333 392
+ 333 354
+ 333 380
+ 332 385
+ 330 376
+ 330 331
+ 330 336
+ 329 331
+ 329 335
+ 327 393
+ 327 369
+ 327 357
+ 326 350
+ 325 355
+ 324 366
+ 324 343
+ 323 350
+ 322 347
+ 322 399
+ 320 332
+ 320 385
+ 318 334
+ 318 383
+ 318 341
+ 317 327
+ 317 352
+ 316 353
+ 316 359
+ 315 390
+ 315 382
+ 315 373
+ 315 356
+ 315 375
+ 314 356
+ 314 384
+ 311 346
+ 311 394
+ 310 365
+ 310 340
+ 309 350
+ 309 326
+ 309 323
+ 308 344
+ 308 385
+ 307 320
+ 307 385
+ 307 332
+ 306 328
+ 306 319
+ 305 355
+ 305 325
+ 304 381
+ 303 350
+ 303 309
+ 303 323
+ 302 321
+ 302 323
+ 302 309
+ 302 350
+ 302 303
+ 301 374
+ 300 366
+ 300 370
+ 299 330
+ 299 336
+ 299 331
+ 299 329
+ 298 319
+ 298 306
+ 297 349
+ 297 342
+ 297 337
+ 296 319
+ 296 388
+ 296 306
+ 296 298
+ 295 362
+ 295 339
+ 295 391
+ 294 388
+ 294 319
+ 294 296
+ 294 387
+ 293 389
+ 293 321
+ 292 304
+ 292 397
+ 291 367
+ 290 378
+ 290 355
+ 290 372
+ 290 338
+ 289 335
+ 289 373
+ 289 375
+ 289 390
+ 288 324
+ 288 366
+ 288 300
+ 287 351
+ 287 363
+ 286 370
+ 286 300
+ 286 288
+ 286 366
+ 286 324
+ 285 377
+ 285 396
+ 284 386
+ 284 367
+ 284 379
+ 283 338
+ 283 388
+ 283 294
+ 283 387
+ 282 369
+ 282 393
+ 282 357
+ 282 334
+ 281 351
+ 281 287
+ 281 363
+ 279 364
+ 279 324
+ 279 366
+ 279 343
+ 278 321
+ 278 293
+ 278 389
+ 277 363
+ 277 351
+ 277 281
+ 277 287
+ 276 297
+ 276 337
+ 275 367
+ 275 284
+ 275 291
+ 275 386
+ 274 353
+ 273 320
+ 273 307
+ 273 332
+ 272 368
+ 272 344
+ 272 308
+ 271 399
+ 271 322
+ 271 347
+ 270 330
+ 270 299
+ 270 376
+ 270 336
+ 270 354
+ 269 357
+ 269 317
+ 269 327
+ 268 321
+ 268 293
+ 268 278
+ 268 389
+ 267 278
+ 267 389
+ 267 268
+ 266 322
+ 266 347
+ 266 397
+ 265 342
+ 265 337
+ 265 297
+ 265 276
+ 264 369
+ 264 334
+ 264 282
+ 264 393
+ 264 318
+ 263 273
+ 263 332
+ 263 385
+ 263 307
+ 263 320
+ 262 397
+ 262 266
+ 262 304
+ 262 292
+ 261 318
+ 261 398
+ 261 341
+ 261 383
+ 260 359
+ 260 316
+ 260 368
+ 259 349
+ 259 342
+ 259 280
+ 258 289
+ 258 329
+ 258 331
+ 258 335
+ 257 289
+ 257 373
+ 257 390
+ 257 375
+ 257 335
+ 257 258
+ 256 274
+ 256 353
+ 255 271
+ 255 362
+ 255 399
+ 254 271
+ 254 255
+ 254 399
+ 253 355
+ 253 305
+ 253 377
+ 253 325
+ 252 310
+ 252 312
+ 252 340
+ 250 284
+ 250 275
+ 250 367
+ 250 386
+ 249 369
+ 249 357
+ 249 393
+ 249 264
+ 249 282
+ 249 334
+ 248 303
+ 248 321
+ 248 293
+ 248 302
+ 247 251
+ 246 333
+ 246 376
+ 246 380
+ 246 360
+ 246 354
+ 246 392
+ 245 375
+ 245 373
+ 245 382
+ 245 289
+ 245 390
+ 245 315
+ 244 278
+ 244 293
+ 244 248
+ 244 389
+ 244 321
+ 244 268
+ 243 266
+ 243 397
+ 243 292
+ 243 322
+ 243 262
+ 243 347
+ 242 370
+ 242 300
+ 241 254
+ 241 362
+ 241 399
+ 241 255
+ 240 279
+ 240 364
+ 240 324
+ 240 379
+ 240 343
+ 239 322
+ 239 399
+ 239 271
+ 239 347
+ 238 314
+ 238 356
+ 238 384
+ 237 306
+ 237 319
+ 237 298
+ 237 328
+ 236 256
+ 236 353
+ 236 274
+ 235 381
+ 235 304
+ 235 292
+ 235 398
+ 235 383
+ 234 395
+ 234 326
+ 233 319
+ 233 328
+ 233 306
+ 233 298
+ 233 237
+ 233 296
+ 232 234
+ 232 395
+ 231 312
+ 231 252
+ 230 332
+ 230 263
+ 230 320
+ 230 273
+ 229 348
+ 229 276
+ 229 337
+ 228 231
+ 228 312
+ 228 238
+ 228 314
+ 227 251
+ 227 358
+ 227 247
+ 226 287
+ 226 363
+ 225 383
+ 225 341
+ 225 381
+ 225 318
+ 225 398
+ 225 261
+ 224 330
+ 224 258
+ 224 299
+ 224 329
+ 224 336
+ 224 331
+ 223 313
+ 222 236
+ 222 394
+ 222 274
+ 221 361
+ 221 345
+ 220 343
+ 220 324
+ 220 366
+ 220 279
+ 220 286
+ 220 288
+ 219 313
+ 219 223
+ 219 221
+ 219 361
+ 219 345
+ 218 379
+ 218 240
+ 218 364
+ 218 343
+ 217 389
+ 217 267
+ 217 268
+ 216 358
+ 216 227
+ 216 247
+ 216 251
+ 215 328
+ 215 237
+ 215 291
+ 214 298
+ 214 388
+ 214 319
+ 214 296
+ 214 294
+ 214 233
+ 213 223
+ 213 313
+ 212 281
+ 212 339
+ 212 287
+ 212 391
+ 212 351
+ 212 277
+ 212 363
+ 211 303
+ 211 321
+ 211 309
+ 211 302
+ 211 323
+ 211 248
+ 210 312
+ 210 310
+ 210 252
+ 210 231
+ 210 228
+ 209 227
+ 209 352
+ 209 358
+ 209 216
+ 209 247
+ 209 251
+ 208 304
+ 208 381
+ 208 398
+ 208 292
+ 208 383
+ 208 235
+ 207 345
+ 207 221
+ 207 361
+ 206 396
+ 206 285
+ 206 377
+ 205 232
+ 205 395
+ 205 234
+ 204 277
+ 204 363
+ 204 287
+ 204 281
+ 204 226
+ 203 245
+ 203 314
+ 203 315
+ 203 384
+ 203 238
+ 203 356
+ 203 382
+ 202 304
+ 202 243
+ 202 292
+ 202 262
+ 202 266
+ 202 397
+ 201 381
+ 201 208
+ 201 202
+ 201 292
+ 201 304
+ 201 235
+ 201 262
+ 201 397
+ 200 335
+ 200 390
+ 200 289
+ 200 375
+ 200 258
+ 200 257
+ 199 301
+ 199 280
+ 198 221
+ 198 219
+ 198 313
+ 198 223
+ 198 345
+ 197 226
+ 196 199
+ 196 259
+ 196 280
+ 196 349
+ 195 346
+ 195 394
+ 195 311
+ 194 315
+ 194 203
+ 194 245
+ 194 382
+ 194 314
+ 194 384
+ 194 373
+ 194 356
+ 193 207
+ 193 221
+ 193 361
+ 193 345
+ 192 345
+ 192 193
+ 192 207
+ 192 221
+ 192 361
+ 191 279
+ 191 240
+ 191 218
+ 191 220
+ 191 343
+ 191 324
+ 191 379
+ 191 364
+ 190 325
+ 190 253
+ 190 305
+ 190 355
+ 190 372
+ 190 378
+ 189 192
+ 189 206
+ 189 285
+ 189 396
+ 188 397
+ 188 235
+ 188 262
+ 188 304
+ 188 266
+ 188 201
+ 188 292
+ 188 243
+ 188 202
+ 187 347
+ 187 202
+ 187 397
+ 187 239
+ 187 322
+ 187 266
+ 187 243
+ 187 262
+ 186 352
+ 186 358
+ 186 269
+ 186 317
+ 185 236
+ 185 274
+ 185 256
+ 185 353
+ 184 227
+ 184 247
+ 184 216
+ 184 251
+ 183 309
+ 183 303
+ 183 323
+ 183 326
+ 183 350
+ 182 333
+ 182 348
+ 182 392
+ 182 360
+ 182 371
+ 181 247
+ 181 358
+ 181 227
+ 181 352
+ 181 216
+ 181 209
+ 181 251
+ 180 323
+ 180 303
+ 180 211
+ 180 248
+ 180 309
+ 180 302
+ 180 350
+ 179 284
+ 179 379
+ 179 218
+ 179 250
+ 179 386
+ 179 364
+ 178 311
+ 178 346
+ 178 195
+ 178 232
+ 178 395
+ 177 377
+ 177 396
+ 177 189
+ 177 206
+ 177 285
+ 176 255
+ 176 254
+ 176 399
+ 176 239
+ 176 271
+ 176 241
+ 175 325
+ 175 377
+ 175 305
+ 175 253
+ 175 396
+ 175 206
+ 174 354
+ 174 336
+ 174 380
+ 174 376
+ 174 270
+ 174 330
+ 174 299
+ 173 256
+ 173 185
+ 173 359
+ 173 353
+ 173 316
+ 173 260
+ 172 210
+ 172 228
+ 172 231
+ 172 238
+ 172 312
+ 171 311
+ 171 222
+ 171 394
+ 171 195
+ 171 346
+ 170 213
+ 170 251
+ 170 184
+ 170 227
+ 170 247
+ 169 268
+ 169 293
+ 169 278
+ 169 211
+ 169 321
+ 169 248
+ 169 244
+ 168 220
+ 168 288
+ 168 366
+ 168 286
+ 168 279
+ 168 300
+ 168 324
+ 167 314
+ 167 238
+ 167 384
+ 167 228
+ 167 356
+ 167 172
+ 166 184
+ 166 313
+ 166 170
+ 166 213
+ 166 223
+ 165 362
+ 165 241
+ 165 339
+ 165 391
+ 165 295
+ 164 178
+ 164 232
+ 164 205
+ 164 234
+ 164 346
+ 164 395
+ 163 261
+ 163 282
+ 163 341
+ 163 264
+ 163 334
+ 163 225
+ 163 318
+ 162 342
+ 162 297
+ 162 349
+ 162 265
+ 162 259
+ 161 241
+ 161 362
+ 161 295
+ 161 254
+ 161 165
+ 161 255
+ 160 165
+ 160 255
+ 160 176
+ 160 241
+ 160 161
+ 160 254
+ 160 362
+ 159 178
+ 159 394
+ 159 311
+ 159 164
+ 159 171
+ 159 195
+ 159 346
+ 158 317
+ 158 269
+ 158 327
+ 158 186
+ 157 332
+ 157 273
+ 157 307
+ 157 320
+ 157 385
+ 157 263
+ 156 371
+ 156 182
+ 156 229
+ 156 348
+ 155 226
+ 155 197
+ 155 204
+ 154 386
+ 154 218
+ 154 250
+ 154 275
+ 154 179
+ 154 284
+ 154 379
+ 153 185
+ 153 256
+ 153 222
+ 153 236
+ 153 274
+ 152 231
+ 152 340
+ 152 252
+ 152 310
+ 152 365
+ 152 210
+ 151 308
+ 151 157
+ 151 344
+ 151 272
+ 151 385
+ 150 172
+ 150 228
+ 150 384
+ 150 167
+ 150 312
+ 150 314
+ 150 238
+ 149 165
+ 149 161
+ 149 160
+ 149 362
+ 149 295
+ 149 339
+ 149 391
+ 148 360
+ 148 246
+ 148 392
+ 148 371
+ 148 182
+ 148 333
+ 147 260
+ 147 308
+ 147 344
+ 147 272
+ 147 368
+ 146 267
+ 146 389
+ 146 242
+ 146 217
+ 145 291
+ 145 328
+ 145 215
+ 144 316
+ 144 147
+ 144 260
+ 144 368
+ 144 344
+ 144 359
+ 143 205
+ 143 234
+ 143 232
+ 143 326
+ 143 395
+ 143 183
+ 142 370
+ 142 286
+ 142 168
+ 142 300
+ 142 366
+ 142 242
+ 142 288
+ 142 220
+ 141 374
+ 141 230
+ 141 301
+ 140 177
+ 140 192
+ 140 361
+ 140 193
+ 140 285
+ 140 207
+ 140 189
+ 139 348
+ 139 276
+ 139 229
+ 139 156
+ 138 224
+ 138 329
+ 138 335
+ 138 258
+ 138 331
+ 138 200
+ 137 148
+ 137 360
+ 137 348
+ 137 333
+ 137 371
+ 137 392
+ 137 182
+ 136 278
+ 136 389
+ 136 267
+ 136 217
+ 136 244
+ 136 268
+ 136 146
+ 135 379
+ 135 179
+ 135 218
+ 135 154
+ 135 386
+ 135 284
+ 135 250
+ 134 223
+ 134 166
+ 134 170
+ 134 213
+ 134 251
+ 134 184
+ 133 382
+ 133 315
+ 133 289
+ 133 200
+ 133 390
+ 133 257
+ 133 245
+ 133 375
+ 133 373
+ 132 195
+ 132 311
+ 132 346
+ 132 178
+ 132 171
+ 132 394
+ 132 159
+ 132 164
+ 131 276
+ 131 297
+ 131 337
+ 131 229
+ 131 265
+ 130 319
+ 130 294
+ 130 283
+ 130 296
+ 130 214
+ 130 388
+ 130 298
+ 129 269
+ 129 158
+ 129 186
+ 129 352
+ 129 317
+ 128 141
+ 128 332
+ 128 273
+ 128 374
+ 128 230
+ 128 301
+ 127 267
+ 127 242
+ 127 146
+ 127 217
+ 127 370
+ 127 136
+ 126 260
+ 126 359
+ 126 274
+ 126 185
+ 126 256
+ 126 353
+ 126 316
+ 126 173
+ 125 142
+ 125 127
+ 125 242
+ 125 370
+ 125 286
+ 125 288
+ 125 300
+ 124 158
+ 124 269
+ 124 357
+ 124 317
+ 124 129
+ 124 393
+ 124 327
+ 123 380
+ 123 392
+ 123 360
+ 123 376
+ 123 246
+ 123 354
+ 123 137
+ 123 333
+ 123 148
+ 122 277
+ 122 204
+ 122 226
+ 122 363
+ 122 351
+ 122 281
+ 122 287
+ 121 134
+ 121 251
+ 121 170
+ 121 216
+ 121 181
+ 121 247
+ 121 227
+ 121 184
+ 120 396
+ 120 206
+ 120 253
+ 120 177
+ 120 325
+ 120 175
+ 120 377
+ 119 270
+ 119 246
+ 119 336
+ 119 174
+ 119 392
+ 119 376
+ 119 354
+ 119 123
+ 119 380
+ 118 246
+ 118 270
+ 118 380
+ 118 376
+ 118 119
+ 118 330
+ 118 336
+ 118 299
+ 118 174
+ 118 354
+ 117 180
+ 117 248
+ 117 244
+ 117 169
+ 117 302
+ 117 293
+ 117 211
+ 117 278
+ 117 321
+ 116 295
+ 116 351
+ 116 281
+ 116 363
+ 116 391
+ 116 277
+ 116 339
+ 116 212
+ 115 199
+ 115 196
+ 115 280
+ 115 349
+ 115 259
+ 115 162
+ 114 280
+ 114 199
+ 114 196
+ 114 259
+ 114 162
+ 114 342
+ 114 349
+ 114 115
+ 113 317
+ 113 209
+ 113 129
+ 113 358
+ 113 186
+ 113 352
+ 113 158
+ 112 374
+ 112 141
+ 112 273
+ 112 332
+ 112 263
+ 112 128
+ 112 230
+ 111 361
+ 111 285
+ 111 140
+ 111 193
+ 111 192
+ 111 207
+ 111 345
+ 111 189
+ 110 141
+ 110 128
+ 110 112
+ 110 273
+ 110 374
+ 110 230
+ 110 301
+ 109 145
+ 109 291
+ 109 275
+ 109 367
+ 109 250
+ 108 320
+ 108 263
+ 108 157
+ 108 308
+ 108 151
+ 108 307
+ 108 385
+ 107 210
+ 107 310
+ 107 312
+ 107 365
+ 107 152
+ 107 231
+ 107 252
+ 107 340
+ 106 173
+ 106 126
+ 106 236
+ 106 185
+ 106 316
+ 106 256
+ 106 274
+ 106 353
+ 106 153
+ 105 122
+ 105 155
+ 105 287
+ 105 197
+ 105 204
+ 105 226
+ 104 360
+ 104 148
+ 104 371
+ 104 156
+ 104 348
+ 104 139
+ 104 182
+ 104 137
+ 103 331
+ 103 257
+ 103 138
+ 103 335
+ 103 258
+ 103 200
+ 103 329
+ 103 390
+ 103 289
+ 102 131
+ 102 114
+ 102 297
+ 102 342
+ 102 162
+ 102 349
+ 102 259
+ 102 337
+ 102 265
+ 101 363
+ 101 226
+ 101 281
+ 101 155
+ 101 122
+ 101 105
+ 101 204
+ 101 197
+ 101 287
+ 100 146
+ 100 293
+ 100 268
+ 100 169
+ 100 278
+ 100 217
+ 100 244
+ 100 267
+ 100 136
+ 100 389
+ 99 254
+ 99 176
+ 99 347
+ 99 322
+ 99 239
+ 99 399
+ 99 271
+ 98 194
+ 98 315
+ 98 133
+ 98 384
+ 98 203
+ 98 356
+ 98 245
+ 98 382
+ 98 373
+ 97 358
+ 97 186
+ 97 352
+ 97 158
+ 97 113
+ 97 129
+ 97 317
+ 96 394
+ 96 153
+ 96 256
+ 96 222
+ 96 236
+ 96 274
+ 95 301
+ 95 196
+ 95 280
+ 95 141
+ 95 199
+ 95 374
+ 95 115
+ 94 306
+ 94 319
+ 94 130
+ 94 214
+ 94 294
+ 94 233
+ 94 298
+ 94 296
+ 93 107
+ 93 340
+ 93 152
+ 93 365
+ 93 252
+ 93 310
+ 92 231
+ 92 93
+ 92 252
+ 92 172
+ 92 312
+ 92 107
+ 92 310
+ 92 210
+ 92 152
+ 91 225
+ 91 334
+ 91 282
+ 91 249
+ 91 163
+ 91 318
+ 91 264
+ 91 261
+ 91 341
+ 90 305
+ 90 325
+ 90 253
+ 90 355
+ 90 372
+ 90 190
+ 89 353
+ 89 185
+ 89 144
+ 89 126
+ 89 106
+ 89 316
+ 89 359
+ 89 173
+ 89 260
+ 88 242
+ 88 136
+ 88 267
+ 88 389
+ 88 127
+ 88 146
+ 88 217
+ 88 370
+ 87 224
+ 87 299
+ 87 329
+ 87 330
+ 87 270
+ 87 331
+ 87 174
+ 87 138
+ 87 336
+ 86 312
+ 86 314
+ 86 150
+ 86 231
+ 86 167
+ 86 238
+ 86 172
+ 86 228
+ 85 391
+ 85 277
+ 85 339
+ 85 212
+ 85 165
+ 85 149
+ 85 351
+ 85 116
+ 85 295
+ 84 313
+ 84 207
+ 84 345
+ 84 198
+ 84 221
+ 84 219
+ 84 361
+ 83 252
+ 83 167
+ 83 150
+ 83 228
+ 83 86
+ 83 172
+ 83 210
+ 83 231
+ 83 92
+ 83 312
+ 82 223
+ 82 166
+ 82 198
+ 82 213
+ 82 84
+ 82 219
+ 82 313
+ 81 205
+ 81 350
+ 81 234
+ 81 326
+ 81 143
+ 81 183
+ 80 191
+ 80 343
+ 80 366
+ 80 220
+ 80 324
+ 80 168
+ 80 288
+ 80 364
+ 80 279
+ 80 240
+ 79 396
+ 79 120
+ 79 175
+ 79 189
+ 79 177
+ 79 206
+ 79 377
+ 79 285
+ 78 101
+ 78 105
+ 78 226
+ 78 122
+ 78 204
+ 78 155
+ 78 197
+ 77 367
+ 77 291
+ 77 109
+ 77 275
+ 77 145
+ 76 280
+ 76 95
+ 76 301
+ 76 374
+ 76 141
+ 76 196
+ 76 199
+ 75 378
+ 75 387
+ 75 372
+ 75 290
+ 75 338
+ 75 283
+ 74 326
+ 74 309
+ 74 183
+ 74 81
+ 74 350
+ 74 303
+ 74 323
+ 74 180
+ 73 237
+ 73 233
+ 73 215
+ 73 298
+ 73 328
+ 73 94
+ 73 306
+ 73 319
+ 72 264
+ 72 369
+ 72 357
+ 72 327
+ 72 393
+ 72 249
+ 72 282
+ 72 124
+ 72 269
+ 71 235
+ 71 304
+ 71 225
+ 71 398
+ 71 381
+ 71 383
+ 71 208
+ 71 261
+ 70 290
+ 70 387
+ 70 75
+ 70 283
+ 70 388
+ 70 338
+ 69 378
+ 69 290
+ 69 325
+ 69 305
+ 69 90
+ 69 190
+ 69 355
+ 69 372
+ 68 352
+ 68 97
+ 68 216
+ 68 113
+ 68 129
+ 68 181
+ 68 186
+ 68 209
+ 68 358
+ 67 368
+ 67 89
+ 67 147
+ 67 344
+ 67 144
+ 67 316
+ 67 260
+ 67 359
+ 67 173
+ 66 153
+ 66 274
+ 66 96
+ 66 236
+ 66 222
+ 66 256
+ 66 185
+ 65 327
+ 65 393
+ 65 124
+ 65 72
+ 65 357
+ 65 369
+ 65 158
+ 65 249
+ 65 269
+ 64 221
+ 64 198
+ 64 84
+ 64 313
+ 64 82
+ 64 223
+ 64 219
+ 64 213
+ 63 134
+ 63 121
+ 63 213
+ 63 247
+ 63 184
+ 63 166
+ 63 170
+ 63 251
+ 62 70
+ 62 283
+ 62 338
+ 62 75
+ 62 372
+ 62 378
+ 62 387
+ 62 290
+ 61 297
+ 61 337
+ 61 229
+ 61 276
+ 61 131
+ 61 265
+ 61 139
+ 60 242
+ 60 267
+ 60 88
+ 60 370
+ 60 146
+ 60 125
+ 60 127
+ 60 217
+ 59 301
+ 59 112
+ 59 128
+ 59 110
+ 59 374
+ 59 230
+ 59 141
+ 59 76
+ 58 151
+ 58 385
+ 58 307
+ 58 320
+ 58 108
+ 58 272
+ 58 157
+ 58 308
+ 57 311
+ 57 66
+ 57 222
+ 57 394
+ 57 153
+ 57 195
+ 57 96
+ 57 171
+ 56 394
+ 56 311
+ 56 132
+ 56 96
+ 56 195
+ 56 57
+ 56 66
+ 56 222
+ 56 171
+ 55 113
+ 55 68
+ 55 216
+ 55 97
+ 55 247
+ 55 181
+ 55 352
+ 55 227
+ 55 209
+ 55 358
+ 54 195
+ 54 96
+ 54 236
+ 54 171
+ 54 222
+ 54 153
+ 54 66
+ 54 57
+ 54 394
+ 54 56
+ 53 272
+ 53 58
+ 53 307
+ 53 157
+ 53 308
+ 53 108
+ 53 151
+ 53 385
+ 52 397
+ 52 243
+ 52 187
+ 52 347
+ 52 266
+ 52 262
+ 52 239
+ 52 99
+ 52 322
+ 51 140
+ 51 177
+ 51 192
+ 51 207
+ 51 189
+ 51 79
+ 51 285
+ 51 193
+ 51 111
+ 50 71
+ 50 398
+ 50 188
+ 50 201
+ 50 208
+ 50 304
+ 50 202
+ 50 381
+ 50 235
+ 50 292
+ 49 272
+ 49 53
+ 49 147
+ 49 108
+ 49 308
+ 49 58
+ 49 344
+ 49 151
+ 49 368
+ 48 341
+ 48 383
+ 48 163
+ 48 381
+ 48 225
+ 48 261
+ 48 318
+ 48 398
+ 48 208
+ 48 71
+ 47 162
+ 47 196
+ 47 349
+ 47 342
+ 47 280
+ 47 259
+ 47 115
+ 47 199
+ 47 114
+ 46 59
+ 46 332
+ 46 112
+ 46 320
+ 46 128
+ 46 263
+ 46 230
+ 46 307
+ 46 110
+ 46 273
+ 45 253
+ 45 175
+ 45 325
+ 45 90
+ 45 206
+ 45 120
+ 45 190
+ 45 377
+ 45 305
+ 44 266
+ 44 399
+ 44 52
+ 44 347
+ 44 187
+ 44 239
+ 44 176
+ 44 99
+ 44 322
+ 44 271
+ 43 342
+ 43 61
+ 43 297
+ 43 102
+ 43 337
+ 43 265
+ 43 259
+ 43 131
+ 43 162
+ 43 349
+ 42 70
+ 42 62
+ 42 290
+ 42 372
+ 42 75
+ 42 69
+ 42 387
+ 42 338
+ 42 378
+ 41 335
+ 41 224
+ 41 331
+ 41 329
+ 41 257
+ 41 200
+ 41 138
+ 41 103
+ 41 258
+ 40 76
+ 40 95
+ 40 374
+ 40 280
+ 40 199
+ 40 110
+ 40 59
+ 40 301
+ 40 141
+ 39 159
+ 39 395
+ 39 205
+ 39 232
+ 39 164
+ 39 234
+ 39 178
+ 39 346
+ 38 196
+ 38 301
+ 38 95
+ 38 76
+ 38 115
+ 38 374
+ 38 280
+ 38 47
+ 38 199
+ 38 40
+ 37 327
+ 37 317
+ 37 65
+ 37 357
+ 37 158
+ 37 129
+ 37 124
+ 37 269
+ 37 97
+ 37 186
+ 36 139
+ 36 104
+ 36 156
+ 36 148
+ 36 182
+ 36 348
+ 36 137
+ 36 371
+ 35 386
+ 35 135
+ 35 284
+ 35 154
+ 35 250
+ 35 77
+ 35 275
+ 35 109
+ 35 367
+ 34 109
+ 34 145
+ 34 77
+ 34 215
+ 34 328
+ 34 291
+ 33 88
+ 33 127
+ 33 300
+ 33 370
+ 33 125
+ 33 217
+ 33 242
+ 33 146
+ 33 60
+ 32 331
+ 32 336
+ 32 299
+ 32 87
+ 32 224
+ 32 330
+ 32 329
+ 32 41
+ 32 138
+ 32 270
+ 31 272
+ 31 359
+ 31 368
+ 31 67
+ 31 147
+ 31 316
+ 31 144
+ 31 344
+ 31 260
+ 30 183
+ 30 74
+ 30 234
+ 30 326
+ 30 205
+ 30 232
+ 30 143
+ 30 81
+ 29 276
+ 29 61
+ 29 156
+ 29 348
+ 29 139
+ 29 36
+ 29 131
+ 29 229
+ 28 237
+ 28 145
+ 28 215
+ 28 291
+ 28 77
+ 28 328
+ 28 34
+ 27 309
+ 27 74
+ 27 350
+ 27 323
+ 27 30
+ 27 143
+ 27 326
+ 27 183
+ 27 81
+ 26 63
+ 26 170
+ 26 313
+ 26 213
+ 26 121
+ 26 166
+ 26 134
+ 26 223
+ 26 184
+ 25 295
+ 25 149
+ 25 85
+ 25 212
+ 25 281
+ 25 391
+ 25 339
+ 25 277
+ 25 116
+ 25 351
+ 24 130
+ 24 338
+ 24 70
+ 24 387
+ 24 75
+ 24 283
+ 24 388
+ 24 294
+ 24 214
+ 23 160
+ 23 99
+ 23 271
+ 23 254
+ 23 399
+ 23 161
+ 23 239
+ 23 241
+ 23 176
+ 23 255
+ 22 367
+ 22 34
+ 22 35
+ 22 386
+ 22 109
+ 22 291
+ 22 77
+ 22 275
+ 22 250
+ 21 279
+ 21 218
+ 21 179
+ 21 364
+ 21 343
+ 21 191
+ 21 240
+ 21 135
+ 21 379
+ 20 323
+ 20 248
+ 20 293
+ 20 117
+ 20 303
+ 20 169
+ 20 180
+ 20 321
+ 20 211
+ 20 302
+ 19 53
+ 19 272
+ 19 151
+ 19 31
+ 19 49
+ 19 308
+ 19 144
+ 19 368
+ 19 147
+ 19 344
+ 18 193
+ 18 345
+ 18 82
+ 18 361
+ 18 221
+ 18 219
+ 18 198
+ 18 207
+ 18 84
+ 18 64
+ 17 81
+ 17 234
+ 17 30
+ 17 395
+ 17 143
+ 17 27
+ 17 232
+ 17 39
+ 17 205
+ 17 326
+ 16 348
+ 16 139
+ 16 36
+ 16 371
+ 16 29
+ 16 229
+ 16 276
+ 16 104
+ 16 156
+ 15 305
+ 15 69
+ 15 62
+ 15 355
+ 15 378
+ 15 90
+ 15 290
+ 15 372
+ 15 190
+ 15 42
+ 14 90
+ 14 45
+ 14 325
+ 14 377
+ 14 175
+ 14 120
+ 14 253
+ 14 396
+ 14 206
+ 14 305
+ 13 125
+ 13 370
+ 13 286
+ 13 168
+ 13 288
+ 13 60
+ 13 300
+ 13 33
+ 13 242
+ 13 142
+ 12 233
+ 12 298
+ 12 28
+ 12 306
+ 12 73
+ 12 145
+ 12 328
+ 12 237
+ 12 215
+ 11 145
+ 11 34
+ 11 28
+ 11 22
+ 11 291
+ 11 77
+ 11 215
+ 11 109
+ 11 367
+ 10 159
+ 10 164
+ 10 132
+ 10 395
+ 10 311
+ 10 232
+ 10 205
+ 10 39
+ 10 178
+ 10 346
+ 9 203
+ 9 384
+ 9 356
+ 9 150
+ 9 98
+ 9 314
+ 9 86
+ 9 238
+ 9 167
+ 9 194
+ 8 223
+ 8 63
+ 8 313
+ 8 213
+ 8 82
+ 8 64
+ 8 26
+ 8 166
+ 8 134
+ 8 198
+ 7 179
+ 7 379
+ 7 284
+ 7 386
+ 7 364
+ 7 240
+ 7 135
+ 7 218
+ 7 21
+ 7 154
+ 6 34
+ 6 328
+ 6 145
+ 6 73
+ 6 11
+ 6 306
+ 6 237
+ 6 28
+ 6 215
+ 6 12
+ 5 192
+ 5 396
+ 5 189
+ 5 285
+ 5 111
+ 5 51
+ 5 79
+ 5 193
+ 5 177
+ 5 140
+ 4 149
+ 4 165
+ 4 362
+ 4 160
+ 4 255
+ 4 295
+ 4 391
+ 4 241
+ 4 254
+ 4 161
+ 3 94
+ 3 296
+ 3 294
+ 3 387
+ 3 130
+ 3 214
+ 3 70
+ 3 24
+ 3 388
+ 3 283
+ 2 229
+ 2 276
+ 2 337
+ 2 139
+ 2 131
+ 2 156
+ 2 61
+ 2 16
+ 2 29
+ 2 265
- 1 158
- 1 113
- 1 97
- 1 55
- 1 90
- 1 190
- 1 15
- 1 94
- 1 130
- 1 298
- 1 237
- 1 13
- 1 242
- 1 136
- 1 127
- 1 370
- 1 88
- 1 267
- 1 169
- 1 144
- 1 374
- 1 47
- 1 196
- 1 280
- 1 348
- 1 365
- 1 107
- 1 340
- 1 310
- 1 93
- 1 252
- 1 231
- 1 150
- 1 314
- 1 392
- 1 246
- 1 376
- 1 118
- 1 299
- 1 174
- 1 330
- 1 336
- 1 87
- 1 41
- 1 258
- 1 331
- 1 224
- 1 329
- 1 335
- 1 375
- 1 289
- 1 103
- 1 390
- 1 245
- 1 315
- 1 203
- 1 384
- 1 238
- 1 172
- 1 312
- 1 83
- 1 92
- 1 152
- 1 210
- 1 228
- 1 86
- 1 167
- 1 9
- 1 194
- 1 356
- 1 382
- 1 98
- 1 373
- 1 133
- 1 257
- 1 200
- 1 138
- 1 32
- 1 270
- 1 354
- 1 333
- 1 380
- 1 119
- 1 123
- 1 148
- 1 182
- 1 360
- 1 371
- 1 36
- 1 137
- 1 104
- 1 297
- 1 131
- 1 61
- 1 139
- 1 156
- 1 16
- 1 276
- 1 337
- 1 229
- 1 29
- 1 2
- 1 265
- 1 102
- 1 259
- 1 342
- 1 114
- 1 349
- 1 43
- 1 162
- 1 115
- 1 95
- 1 141
- 1 40
- 1 38
- 1 199
- 1 76
- 1 59
- 1 53
- 1 272
- 1 308
- 1 58
- 1 157
- 1 332
- 1 273
- 1 46
- 1 110
- 1 301
- 1 128
- 1 112
- 1 230
- 1 320
- 1 263
- 1 307
- 1 108
- 1 385
- 1 151
- 1 49
- 1 368
- 1 147
- 1 19
- 1 344
- 1 31
- 1 236
- 1 153
- 1 106
- 1 256
- 1 126
- 1 316
- 1 89
- 1 260
- 1 173
- 1 67
- 1 359
- 1 353
- 1 185
- 1 66
- 1 222
- 1 274
- 1 96
- 1 311
- 1 394
- 1 54
- 1 56
- 1 171
- 1 57
- 1 195
- 1 39
- 1 143
- 1 30
- 1 232
- 1 178
- 1 10
- 1 346
- 1 159
- 1 132
- 1 164
- 1 395
- 1 234
- 1 205
- 1 17
- 1 326
- 1 27
- 1 81
- 1 183
- 1 350
- 1 180
- 1 74
- 1 303
- 1 309
- 1 323
- 1 211
- 1 20
- 1 302
- 1 248
- 1 293
- 1 278
- 1 117
- 1 321
- 1 244
- 1 268
- 1 389
- 1 100
- 1 217
- 1 146
- 1 33
- 1 60
- 1 125
- 1 300
- 1 288
- 1 220
- 1 142
- 1 366
- 1 286
- 1 324
- 1 168
- 1 279
- 1 80
- 1 240
- 1 284
- 1 135
- 1 386
- 1 179
- 1 218
- 1 343
- 1 364
- 1 191
- 1 379
- 1 21
- 1 7
- 1 154
- 1 35
- 1 367
- 1 11
- 1 22
- 1 250
- 1 109
- 1 275
- 1 77
- 1 145
- 1 328
- 1 28
- 1 34
- 1 291
- 1 215
- 1 12
- 1 6
- 1 306
- 1 73
- 1 319
- 1 294
- 1 296
- 1 233
- 1 214
- 1 24
- 1 3
- 1 283
- 1 75
- 1 290
- 1 62
- 1 387
- 1 388
- 1 70
- 1 338
- 1 42
- 1 378
- 1 372
- 1 69
- 1 355
- 1 253
- 1 325
- 1 120
- 1 396
- 1 175
- 1 206
- 1 14
- 1 305
- 1 45
- 1 377
- 1 79
- 1 285
- 1 177
- 1 5
- 1 84
- 1 219
- 1 82
- 1 313
- 1 134
- 1 213
- 1 64
- 1 18
- 1 221
- 1 192
- 1 361
- 1 207
- 1 140
- 1 189
- 1 111
- 1 51
- 1 193
- 1 345
- 1 198
- 1 8
- 1 26
- 1 223
- 1 166
- 1 63
- 1 170
- 1 247
- 1 227
- 1 121
- 1 184
- 1 216
- 1 181
- 1 251
- 1 209
- 1 68
- 1 358
- 1 352
- 1 129
- 1 317
- 1 186
- 1 37
- 1 65
- 1 357
- 1 393
- 1 124
- 1 327
- 1 269
- 1 72
- 1 105
- 1 122
- 1 281
- 1 277
- 1 287
- 1 101
- 1 197
- 1 78
- 1 155
- 1 204
- 1 226
- 1 363
- 1 212
- 1 165
- 1 4
- 1 187
- 1 266
- 1 52
- 1 99
- 1 23
- 1 176
- 1 241
- 1 255
- 1 161
- 1 149
- 1 339
- 1 351
- 1 25
- 1 116
- 1 85
- 1 295
- 1 391
- 1 362
- 1 160
- 1 254
- 1 399
- 1 322
- 1 44
- 1 271
- 1 239
- 1 347
- 1 243
- 1 188
- 1 201
- 1 397
- 1 202
- 1 50
- 1 292
- 1 262
- 1 304
- 1 381
- 1 225
- 1 398
- 1 383
- 1 235
- 1 208
- 1 48
- 71 1
