2142
+ 1 262
+ 1 138
+ 1 191
+ 1 87
+ 1 367
+ 1 101
+ 1 338
+ 1 146
+ 1 331
+ 1 293
+ 1 110
+ 1 141
+ 1 299
+ 1 319
+ 1 219
+ 1 43
+ 1 306
+ 1 151
+ 1 377
+ 1 300
+ 1 111
+ 1 324
+ 1 61
+ 1 360
+ 1 38
+ 1 291
+ 1 164
+ 1 318
+ 1 230
+ 1 218
+ 1 374
+ 1 17
+ 1 161
+ 1 322
+ 1 292
+ 1 15
+ 1 46
+ 1 274
+ 1 109
+ 1 182
+ 1 326
+ 1 186
+ 1 55
+ 1 399
+ 1 159
+ 1 86
+ 1 386
+ 1 359
+ 1 242
+ 1 171
+ 1 188
+ 1 160
+ 1 162
+ 1 82
+ 1 134
+ 1 312
+ 1 389
+ 1 221
+ 1 227
+ 1 2
+ 1 317
+ 1 174
+ 1 113
+ 1 97
+ 1 16
+ 1 6
+ 1 396
+ 1 220
+ 1 228
+ 1 313
+ 1 92
+ 1 20
+ 1 129
+ 1 286
+ 1 245
+ 1 136
+ 1 351
+ 1 272
+ 1 156
+ 1 89
+ 1 210
+ 1 158
+ 1 254
+ 1 179
+ 1 241
+ 1 76
+ 1 36
+ 1 201
+ 1 247
+ 1 154
+ 1 117
+ 1 40
+ 1 223
+ 1 266
+ 1 49
+ 1 323
+ 1 352
+ 1 235
+ 1 265
+ 1 224
+ 1 170
+ 1 189
+ 1 375
+ 1 115
+ 1 344
+ 1 329
+ 1 51
+ 1 280
+ 1 305
+ 1 259
+ 1 48
+ 1 88
+ 1 144
+ 1 78
+ 1 348
+ 1 373
+ 1 277
+ 1 365
+ 1 197
+ 1 290
+ 1 21
+ 1 203
+ 1 276
+ 1 33
+ 1 388
+ 1 308
+ 1 337
+ 1 384
+ 1 233
+ 1 243
+ 1 13
+ 1 185
+ 1 287
+ 1 393
+ 1 316
+ 1 358
+ 1 127
+ 1 150
+ 1 44
+ 1 383
+ 1 104
+ 1 251
+ 1 178
+ 1 298
+ 1 321
+ 1 193
+ 1 222
+ 1 65
+ 1 261
+ 1 130
+ 1 114
+ 1 64
+ 1 125
+ 1 335
+ 1 258
+ 1 27
+ 1 112
+ 1 152
+ 1 394
+ 1 18
+ 1 139
+ 1 349
+ 1 339
+ 1 32
+ 1 310
+ 1 236
+ 1 116
+ 1 390
+ 1 52
+ 1 239
+ 1 309
+ 1 226
+ 1 392
+ 1 80
+ 1 131
+ 1 257
+ 1 30
+ 1 354
+ 1 85
+ 1 253
+ 1 395
+ 1 398
+ 1 135
+ 1 246
+ 1 8
+ 1 183
+ 1 137
+ 1 123
+ 1 5
+ 1 94
+ 1 249
+ 1 28
+ 1 382
+ 1 379
+ 1 303
+ 1 217
+ 1 238
+ 1 59
+ 1 278
+ 1 181
+ 1 269
+ 1 67
+ 1 328
+ 1 198
+ 1 194
+ 1 284
+ 1 196
+ 1 39
+ 1 108
+ 1 362
+ 1 77
+ 1 31
+ 1 371
+ 1 267
+ 1 4
+ 1 25
+ 1 24
+ 1 353
+ 1 400
+ 1 149
+ 1 9
+ 1 370
+ 1 41
+ 1 311
+ 1 231
+ 1 357
+ 1 275
+ 1 119
+ 1 122
+ 1 19
+ 1 273
+ 1 176
+ 1 255
+ 1 192
+ 1 120
+ 1 332
+ 1 237
+ 1 56
+ 1 285
+ 1 107
+ 1 60
+ 1 190
+ 1 260
+ 1 333
+ 1 54
+ 1 244
+ 1 145
+ 1 282
+ 1 79
+ 1 391
+ 1 206
+ 1 168
+ 1 11
+ 1 66
+ 1 343
+ 1 12
+ 1 142
+ 1 70
+ 1 75
+ 1 58
+ 1 385
+ 1 378
+ 1 263
+ 1 215
+ 1 153
+ 1 281
+ 1 207
+ 1 187
+ 1 169
+ 1 270
+ 1 100
+ 1 93
+ 1 341
+ 1 118
+ 1 81
+ 1 177
+ 1 302
+ 1 268
+ 1 99
+ 1 140
+ 1 14
+ 1 72
+ 1 45
+ 1 195
+ 1 342
+ 1 63
+ 1 155
+ 1 172
+ 1 132
+ 1 366
+ 1 234
+ 1 363
+ 1 315
+ 1 175
+ 1 102
+ 1 334
+ 1 103
+ 1 95
+ 1 212
+ 1 213
+ 1 369
+ 1 361
+ 1 173
+ 1 166
+ 1 252
+ 1 23
+ 1 372
+ 1 3
+ 1 216
+ 1 62
+ 1 327
+ 1 91
+ 1 205
+ 1 204
+ 1 83
+ 1 256
+ 1 165
+ 1 50
+ 1 294
+ 1 106
+ 1 356
+ 1 199
+ 1 368
+ 1 314
+ 1 211
+ 1 57
+ 1 26
+ 1 124
+ 1 330
+ 1 283
+ 1 29
+ 1 336
+ 1 229
+ 1 126
+ 1 240
+ 1 128
+ 1 10
+ 1 53
+ 1 71
+ 1 35
+ 1 297
+ 1 289
+ 1 397
+ 1 121
+ 1 264
+ 1 345
+ 1 163
+ 1 304
+ 1 34
+ 1 376
+ 1 133
+ 1 105
+ 1 84
+ 1 301
+ 1 74
+ 1 202
+ 1 68
+ 1 296
+ 1 279
+ 1 340
+ 1 37
+ 1 295
+ 1 148
+ 1 320
+ 1 232
+ 1 143
+ 1 250
+ 1 209
+ 1 381
+ 1 208
+ 1 47
+ 1 350
+ 1 157
+ 1 307
+ 1 69
+ 1 200
+ 1 90
+ 1 271
+ 1 73
+ 1 325
+ 1 167
+ 1 42
+ 1 184
+ 1 364
+ 1 96
+ 1 380
+ 1 7
+ 1 355
+ 1 214
+ 1 347
+ 1 288
+ 1 346
+ 1 98
+ 1 248
+ 1 147
- 2 227
- 2 317
- 2 221
- 2 389
- 3 216
- 3 372
- 4 267
- 4 25
- 4 371
- 5 94
- 5 262
- 5 28
- 5 249
- 6 396
- 6 220
- 6 262
- 7 380
- 8 395
- 8 246
- 8 398
- 8 135
- 9 370
- 9 149
- 9 400
- 10 128
- 10 53
- 10 71
- 10 35
- 11 66
- 11 12
- 11 343
- 11 262
- 12 343
- 12 66
- 13 185
- 13 287
- 13 243
- 13 393
- 14 140
- 14 99
- 14 268
- 14 302
- 15 292
- 15 161
- 15 322
- 15 46
- 16 97
- 16 174
- 16 113
- 17 374
- 17 218
- 18 394
- 18 139
- 18 349
- 19 122
- 19 273
- 19 119
- 19 176
- 20 92
- 20 129
- 21 203
- 21 276
- 21 262
- 21 33
- 22 225
- 22 387
- 22 180
- 23 252
- 24 353
- 24 262
- 25 267
- 25 371
- 26 124
- 26 283
- 26 330
- 26 262
- 26 29
- 27 112
- 27 152
- 27 258
- 27 335
- 28 94
- 28 249
- 29 124
- 29 283
- 29 330
- 30 354
- 30 262
- 30 253
- 30 85
- 31 362
- 31 108
- 31 77
- 32 339
- 32 310
- 32 236
- 33 203
- 33 276
- 34 376
- 34 133
- 34 105
- 34 262
- 35 128
- 35 71
- 35 53
- 36 262
- 36 201
- 36 247
- 36 154
- 37 340
- 37 279
- 38 360
- 38 291
- 39 196
- 39 194
- 39 284
- 40 117
- 40 223
- 41 311
- 41 357
- 41 275
- 41 262
- 41 231
- 42 167
- 43 262
- 43 306
- 43 151
- 44 358
- 44 316
- 44 150
- 44 127
- 45 72
- 45 195
- 45 342
- 46 292
- 46 161
- 46 322
- 47 208
- 47 350
- 47 307
- 47 157
- 48 305
- 48 280
- 48 259
- 48 51
- 49 266
- 50 294
- 50 199
- 50 356
- 50 262
- 50 106
- 51 280
- 51 305
- 51 262
- 51 259
- 52 390
- 52 239
- 52 309
- 52 116
- 53 71
- 53 128
- 54 333
- 54 244
- 54 260
- 55 399
- 55 159
- 55 86
- 55 186
- 56 237
- 56 285
- 56 332
- 57 211
- 58 385
- 58 262
- 59 278
- 59 181
- 59 269
- 59 262
- 60 190
- 60 107
- 61 324
- 61 377
- 61 300
- 61 111
- 62 327
- 62 262
- 62 91
- 63 155
- 63 172
- 63 262
- 64 125
- 64 114
- 65 261
- 65 262
- 65 130
- 66 343
- 67 328
- 67 262
- 67 198
- 68 202
- 68 296
- 69 200
- 69 262
- 70 75
- 70 142
- 71 128
- 72 195
- 72 262
- 72 342
- 73 90
- 73 325
- 73 271
- 74 84
- 74 301
- 75 142
- 76 241
- 77 362
- 77 108
- 78 348
- 78 373
- 78 144
- 78 88
- 79 145
- 79 282
- 80 131
- 80 392
- 80 226
- 80 257
- 81 341
- 81 118
- 81 177
- 81 93
- 82 262
- 82 134
- 82 312
- 83 256
- 83 204
- 83 205
- 83 165
- 84 301
- 84 262
- 85 354
- 85 253
- 86 159
- 86 186
- 86 399
- 87 367
- 87 191
- 87 101
- 87 138
- 88 144
- 88 262
- 88 348
- 88 373
- 89 156
- 89 210
- 89 158
- 90 271
- 90 325
- 90 262
- 91 327
- 92 262
- 92 129
- 93 341
- 93 118
- 93 262
- 93 177
- 94 249
- 95 103
- 95 212
- 95 369
- 95 213
- 96 364
- 96 184
- 97 113
- 97 174
- 98 248
- 98 346
- 98 147
- 99 140
- 99 268
- 99 302
- 100 187
- 100 270
- 100 169
- 100 207
- 101 138
- 101 367
- 101 191
- 102 175
- 102 334
- 103 213
- 103 212
- 103 262
- 103 369
- 104 383
- 104 251
- 104 178
- 105 133
- 105 376
- 106 294
- 106 356
- 106 199
- 107 262
- 107 190
- 108 362
- 108 262
- 109 274
- 110 262
- 110 141
- 111 324
- 111 377
- 111 300
- 112 335
- 112 152
- 112 258
- 113 174
- 114 262
- 114 125
- 115 375
- 116 262
- 116 390
- 116 309
- 116 239
- 117 262
- 117 223
- 118 341
- 118 177
- 119 122
- 119 262
- 119 273
- 119 176
- 120 192
- 120 255
- 121 289
- 121 397
- 121 297
- 122 176
- 122 273
- 123 137
- 123 183
- 124 330
- 124 283
- 126 229
- 126 336
- 126 240
- 127 150
- 127 358
- 127 316
- 128 262
- 130 261
- 131 257
- 131 226
- 131 392
- 132 366
- 132 363
- 132 262
- 132 234
- 132 315
- 133 376
- 134 312
- 135 398
- 135 246
- 135 395
- 136 245
- 136 351
- 136 286
- 136 272
- 137 183
- 138 262
- 138 191
- 138 367
- 139 349
- 139 394
- 140 302
- 140 268
- 142 262
- 143 250
- 143 209
- 143 381
- 143 262
- 144 348
- 144 373
- 145 282
- 145 262
- 146 338
- 146 331
- 146 293
- 147 346
- 147 248
- 148 295
- 148 320
- 148 232
- 149 400
- 149 370
- 150 316
- 150 358
- 151 306
- 152 335
- 152 258
- 153 262
- 153 281
- 154 247
- 154 201
- 155 172
- 156 262
- 156 158
- 156 210
- 157 350
- 157 208
- 157 307
- 158 210
- 159 399
- 159 186
- 160 162
- 160 262
- 161 322
- 161 262
- 161 292
- 163 304
- 163 345
- 163 264
- 164 262
- 164 318
- 164 230
- 165 256
- 165 205
- 165 204
- 166 361
- 166 173
- 167 262
- 168 206
- 168 391
- 169 187
- 169 270
- 169 207
- 170 189
- 170 224
- 171 242
- 171 386
- 171 359
- 171 188
- 173 361
- 174 262
- 175 334
- 175 262
- 176 273
- 177 341
- 178 251
- 178 383
- 179 254
- 180 387
- 180 225
- 181 278
- 181 269
- 182 262
- 182 326
- 183 262
- 184 364
- 184 262
- 185 287
- 185 393
- 185 243
- 186 262
- 186 399
- 187 207
- 187 270
- 188 386
- 188 359
- 188 242
- 189 224
- 191 367
- 192 255
- 193 298
- 193 321
- 193 222
- 194 284
- 194 196
- 194 262
- 195 342
- 196 284
- 197 365
- 197 277
- 197 290
- 198 328
- 199 294
- 199 356
- 201 247
- 202 296
- 202 262
- 203 276
- 204 205
- 204 256
- 205 256
- 205 262
- 206 391
- 207 270
- 207 262
- 208 350
- 208 307
- 208 262
- 209 381
- 209 250
- 211 262
- 212 213
- 212 369
- 213 369
- 214 355
- 214 347
- 214 288
- 215 378
- 215 263
- 216 372
- 217 382
- 217 238
- 217 303
- 217 379
- 218 262
- 218 374
- 219 319
- 219 299
- 220 396
- 221 389
- 221 227
- 221 317
- 222 321
- 222 298
- 224 262
- 225 387
- 226 392
- 226 262
- 226 257
- 227 317
- 227 389
- 228 262
- 228 313
- 229 336
- 229 240
- 230 318
- 231 311
- 231 357
- 231 275
- 232 295
- 232 320
- 233 384
- 234 366
- 234 363
- 234 315
- 235 262
- 235 265
- 236 339
- 236 310
- 237 332
- 237 285
- 238 379
- 238 303
- 238 382
- 239 390
- 239 309
- 240 336
- 241 262
- 242 359
- 242 386
- 243 262
- 243 393
- 243 287
- 244 260
- 244 333
- 245 351
- 245 286
- 245 272
- 246 395
- 246 398
- 248 346
- 250 381
- 251 383
- 252 262
- 253 354
- 254 262
- 255 262
- 257 392
- 258 335
- 259 305
- 259 280
- 260 333
- 260 262
- 262 338
- 262 299
- 262 377
- 262 360
- 262 274
- 262 386
- 262 389
- 262 286
- 262 266
- 262 323
- 262 375
- 262 344
- 262 277
- 262 388
- 262 384
- 262 316
- 262 383
- 262 298
- 262 335
- 262 394
- 262 339
- 262 395
- 262 382
- 262 371
- 262 400
- 262 332
- 262 391
- 262 378
- 262 302
- 262 361
- 262 372
- 262 387
- 262 368
- 262 336
- 262 297
- 262 264
- 262 279
- 262 295
- 262 380
- 262 355
- 262 346
- 263 378
- 264 345
- 264 304
- 267 371
- 268 302
- 269 278
- 271 325
- 272 351
- 272 286
- 275 357
- 275 311
- 277 365
- 277 290
- 279 340
- 280 305
- 283 330
- 285 332
- 286 351
- 287 393
- 288 355
- 288 347
- 289 297
- 289 397
- 290 365
- 291 360
- 292 322
- 293 338
- 293 331
- 294 356
- 295 320
- 297 397
- 298 321
- 299 319
- 300 377
- 300 324
- 303 379
- 303 382
- 304 345
- 307 350
- 308 337
- 308 388
- 309 390
- 310 339
- 311 357
- 314 368
- 315 366
- 315 363
- 316 358
- 317 389
- 323 352
- 324 377
- 329 344
- 331 338
- 337 388
- 347 355
- 348 373
- 349 394
- 359 386
- 363 366
- 370 400
- 379 382
- 395 398
+ 385 393
+ 380 388
+ 379 389
+ 377 381
+ 373 386
+ 368 376
+ 366 386
+ 366 373
+ 361 374
+ 356 359
+ 352 355
+ 351 387
+ 349 381
+ 349 377
+ 347 384
+ 345 364
+ 344 397
+ 342 390
+ 342 353
+ 342 364
+ 342 399
+ 342 351
+ 342 397
+ 342 346
+ 342 355
+ 342 358
+ 342 393
+ 342 365
+ 342 378
+ 342 357
+ 342 382
+ 342 361
+ 337 342
+ 335 384
+ 335 347
+ 335 342
+ 332 353
+ 331 342
+ 330 342
+ 329 350
+ 326 371
+ 325 367
+ 323 342
+ 321 357
+ 320 379
+ 320 389
+ 319 331
+ 318 342
+ 318 333
+ 317 360
+ 316 329
+ 316 350
+ 314 342
+ 312 342
+ 311 394
+ 311 342
+ 310 365
+ 309 342
+ 308 361
+ 308 374
+ 307 342
+ 307 400
+ 306 342
+ 305 342
+ 305 343
+ 304 315
+ 304 342
+ 303 369
+ 303 342
+ 302 354
+ 301 342
+ 300 334
+ 299 338
+ 298 327
+ 297 357
+ 297 321
+ 295 338
+ 295 299
+ 292 342
+ 291 324
+ 291 342
+ 288 318
+ 288 333
+ 287 350
+ 287 329
+ 287 316
+ 286 342
+ 284 292
+ 283 342
+ 282 322
+ 280 391
+ 278 342
+ 277 314
+ 275 342
+ 270 342
+ 269 289
+ 268 290
+ 267 285
+ 266 360
+ 266 317
+ 266 342
+ 265 296
+ 264 375
+ 263 342
+ 263 279
+ 262 362
+ 262 342
+ 260 330
+ 259 342
+ 258 358
+ 257 304
+ 257 315
+ 256 348
+ 255 391
+ 255 280
+ 253 343
+ 253 305
+ 252 308
+ 252 361
+ 252 374
+ 251 395
+ 250 342
+ 250 392
+ 249 274
+ 248 342
+ 248 328
+ 247 341
+ 247 342
+ 246 271
+ 246 342
+ 245 399
+ 243 275
+ 242 268
+ 242 290
+ 240 342
+ 239 285
+ 239 267
+ 237 265
+ 237 342
+ 237 296
+ 234 336
+ 233 302
+ 233 354
+ 232 345
+ 232 364
+ 231 342
+ 228 272
+ 226 342
+ 225 342
+ 224 244
+ 223 309
+ 222 312
+ 221 298
+ 221 327
+ 221 342
+ 220 226
+ 219 342
+ 218 371
+ 218 326
+ 217 301
+ 214 231
+ 213 356
+ 213 342
+ 213 359
+ 212 380
+ 212 388
+ 211 318
+ 211 333
+ 211 288
+ 210 388
+ 210 212
+ 210 342
+ 210 380
+ 209 342
+ 208 235
+ 207 241
+ 207 342
+ 205 342
+ 204 327
+ 204 221
+ 204 298
+ 203 349
+ 203 342
+ 203 381
+ 203 377
+ 202 270
+ 201 294
+ 200 342
+ 199 391
+ 199 342
+ 199 255
+ 199 280
+ 197 274
+ 197 249
+ 197 342
+ 196 260
+ 196 330
+ 195 342
+ 195 224
+ 195 244
+ 194 303
+ 194 369
+ 193 324
+ 193 291
+ 192 227
+ 192 342
+ 191 329
+ 191 342
+ 191 350
+ 191 287
+ 191 316
+ 190 372
+ 189 342
+ 189 276
+ 188 240
+ 187 202
+ 187 270
+ 186 360
+ 186 317
+ 186 266
+ 185 294
+ 185 342
+ 185 201
+ 184 342
+ 183 342
+ 183 261
+ 182 209
+ 181 246
+ 181 271
+ 180 259
+ 179 290
+ 179 268
+ 179 242
+ 179 342
+ 177 202
+ 177 270
+ 177 187
+ 176 343
+ 176 253
+ 176 305
+ 175 254
+ 174 292
+ 174 284
+ 173 225
+ 172 342
+ 171 273
+ 170 206
+ 169 282
+ 169 322
+ 167 168
+ 166 342
+ 165 206
+ 165 170
+ 164 301
+ 164 217
+ 163 250
+ 163 392
+ 162 170
+ 162 165
+ 162 206
+ 161 283
+ 160 310
+ 160 365
+ 159 291
+ 159 193
+ 159 324
+ 158 342
+ 157 166
+ 156 236
+ 155 228
+ 155 272
+ 155 342
+ 154 179
+ 154 290
+ 154 268
+ 154 242
+ 153 238
+ 151 342
+ 150 342
+ 150 336
+ 150 234
+ 149 344
+ 149 397
+ 148 363
+ 147 382
+ 146 213
+ 146 359
+ 146 356
+ 145 155
+ 145 272
+ 145 228
+ 144 400
+ 144 307
+ 143 342
+ 143 171
+ 143 273
+ 142 384
+ 142 347
+ 142 335
+ 141 168
+ 141 342
+ 141 167
+ 140 157
+ 140 166
+ 139 184
+ 138 342
+ 137 228
+ 137 145
+ 137 272
+ 137 155
+ 136 254
+ 136 175
+ 136 342
+ 135 339
+ 134 342
+ 134 215
+ 133 205
+ 132 216
+ 132 342
+ 131 254
+ 131 175
+ 131 136
+ 129 166
+ 129 140
+ 129 157
+ 128 297
+ 128 321
+ 128 357
+ 127 227
+ 127 192
+ 126 162
+ 126 206
+ 126 165
+ 126 342
+ 126 170
+ 125 140
+ 125 129
+ 125 166
+ 125 157
+ 124 342
+ 124 340
+ 123 214
+ 123 231
+ 122 256
+ 122 348
+ 122 342
+ 121 376
+ 121 368
+ 120 346
+ 119 217
+ 119 164
+ 119 301
+ 118 159
+ 118 193
+ 118 324
+ 118 291
+ 117 239
+ 117 267
+ 117 285
+ 116 217
+ 116 119
+ 116 301
+ 116 164
+ 115 299
+ 115 338
+ 115 295
+ 115 342
+ 114 379
+ 114 320
+ 114 342
+ 114 389
+ 113 278
+ 112 121
+ 112 368
+ 112 376
+ 111 220
+ 111 226
+ 110 358
+ 110 258
+ 109 353
+ 109 332
+ 108 236
+ 108 156
+ 107 342
+ 107 302
+ 107 233
+ 107 354
+ 106 249
+ 106 197
+ 106 274
+ 105 305
+ 105 253
+ 105 343
+ 105 176
+ 104 121
+ 104 342
+ 104 112
+ 104 376
+ 104 368
+ 103 342
+ 103 229
+ 102 331
+ 102 319
+ 101 342
+ 101 398
+ 100 358
+ 100 258
+ 100 110
+ 99 198
+ 99 342
+ 98 319
+ 98 331
+ 98 102
+ 97 262
+ 97 362
+ 96 238
+ 96 153
+ 96 342
+ 95 286
+ 94 207
+ 94 241
+ 93 383
+ 92 394
+ 92 311
+ 91 138
+ 90 292
+ 90 174
+ 90 284
+ 89 342
+ 89 383
+ 89 93
+ 88 257
+ 88 315
+ 88 304
+ 87 399
+ 87 245
+ 86 328
+ 86 248
+ 85 323
+ 84 306
+ 83 355
+ 83 352
+ 82 221
+ 82 298
+ 82 204
+ 82 327
+ 81 158
+ 80 339
+ 80 135
+ 80 342
+ 79 86
+ 79 328
+ 79 248
+ 78 241
+ 78 94
+ 78 207
+ 77 390
+ 76 340
+ 76 124
+ 75 309
+ 75 223
+ 74 264
+ 74 342
+ 74 375
+ 73 370
+ 73 342
+ 72 293
+ 72 342
+ 71 396
+ 71 342
+ 70 354
+ 70 233
+ 70 107
+ 70 302
+ 69 130
+ 68 342
+ 68 152
+ 67 334
+ 67 300
+ 66 342
+ 66 372
+ 66 190
+ 65 281
+ 65 342
+ 64 99
+ 64 198
+ 63 315
+ 63 304
+ 63 257
+ 63 88
+ 62 385
+ 62 393
+ 61 312
+ 61 222
+ 60 151
+ 59 266
+ 59 317
+ 59 186
+ 59 360
+ 58 342
+ 58 230
+ 57 180
+ 57 259
+ 56 222
+ 56 312
+ 56 61
+ 55 342
+ 54 56
+ 54 312
+ 54 222
+ 54 61
+ 53 218
+ 53 326
+ 53 371
+ 52 245
+ 52 87
+ 52 399
+ 51 72
+ 51 293
+ 50 200
+ 49 334
+ 49 300
+ 49 342
+ 49 67
+ 48 163
+ 48 392
+ 48 250
+ 47 207
+ 47 78
+ 47 94
+ 47 241
+ 46 117
+ 46 239
+ 46 285
+ 46 342
+ 46 267
+ 45 77
+ 45 390
+ 44 342
+ 44 178
+ 43 369
+ 43 303
+ 43 194
+ 42 289
+ 42 269
+ 42 342
+ 41 55
+ 40 172
+ 39 392
+ 39 250
+ 39 48
+ 39 163
+ 38 219
+ 37 254
+ 37 136
+ 37 175
+ 37 131
+ 36 337
+ 35 378
+ 34 226
+ 34 111
+ 34 220
+ 33 168
+ 33 141
+ 33 167
+ 32 264
+ 32 74
+ 32 375
+ 31 377
+ 31 381
+ 31 203
+ 31 349
+ 30 328
+ 30 86
+ 30 79
+ 30 248
+ 29 43
+ 29 194
+ 29 369
+ 29 303
+ 28 69
+ 28 130
+ 28 342
+ 27 297
+ 27 321
+ 27 357
+ 27 128
+ 26 282
+ 26 322
+ 26 342
+ 26 169
+ 25 310
+ 25 365
+ 25 160
+ 24 71
+ 24 396
+ 23 205
+ 23 133
+ 22 393
+ 22 385
+ 22 62
+ 21 366
+ 21 342
+ 21 386
+ 21 373
+ 20 342
+ 20 313
+ 19 58
+ 19 230
+ 18 148
+ 18 363
+ 18 342
+ 17 189
+ 17 276
+ 16 299
+ 16 338
+ 16 295
+ 16 115
+ 15 388
+ 15 380
+ 15 210
+ 15 212
+ 14 208
+ 14 342
+ 14 235
+ 13 60
+ 13 151
+ 12 345
+ 12 364
+ 12 232
+ 11 26
+ 11 169
+ 11 322
+ 11 282
+ 10 251
+ 10 342
+ 10 395
+ 9 281
+ 9 65
+ 8 325
+ 8 342
+ 8 367
+ 7 218
+ 7 326
+ 7 371
+ 7 53
+ 7 342
+ 6 229
+ 6 103
+ 5 396
+ 5 24
+ 5 71
+ 4 34
+ 4 111
+ 4 220
+ 4 226
+ 3 307
+ 3 144
+ 3 400
+ 2 236
+ 2 342
+ 2 156
+ 2 108
- 1 211
- 1 333
- 1 288
- 1 318
- 1 178
- 1 44
- 1 171
- 1 273
- 1 143
- 1 383
- 1 93
- 1 89
- 1 119
- 1 217
- 1 164
- 1 116
- 1 301
- 1 95
- 1 286
- 1 279
- 1 263
- 1 229
- 1 6
- 1 103
- 1 243
- 1 275
- 1 23
- 1 133
- 1 205
- 1 77
- 1 45
- 1 390
- 1 174
- 1 90
- 1 284
- 1 292
- 1 38
- 1 219
- 1 168
- 1 167
- 1 33
- 1 141
- 1 215
- 1 134
- 1 36
- 1 337
- 1 40
- 1 172
- 1 315
- 1 257
- 1 63
- 1 88
- 1 304
- 1 144
- 1 3
- 1 400
- 1 307
- 1 54
- 1 222
- 1 61
- 1 56
- 1 312
- 1 313
- 1 20
- 1 202
- 1 177
- 1 187
- 1 270
- 1 302
- 1 70
- 1 233
- 1 354
- 1 107
- 1 50
- 1 200
- 1 261
- 1 183
- 1 336
- 1 234
- 1 150
- 1 216
- 1 132
- 1 109
- 1 332
- 1 353
- 1 121
- 1 112
- 1 376
- 1 368
- 1 104
- 1 152
- 1 68
- 1 41
- 1 55
- 1 345
- 1 232
- 1 12
- 1 364
- 1 338
- 1 299
- 1 295
- 1 16
- 1 115
- 1 396
- 1 24
- 1 5
- 1 71
- 1 245
- 1 87
- 1 52
- 1 399
- 1 236
- 1 156
- 1 108
- 1 2
- 1 173
- 1 225
- 1 322
- 1 282
- 1 11
- 1 169
- 1 26
- 1 387
- 1 351
- 1 149
- 1 344
- 1 397
- 1 140
- 1 129
- 1 157
- 1 125
- 1 166
- 1 19
- 1 230
- 1 58
- 1 359
- 1 356
- 1 146
- 1 213
- 1 139
- 1 184
- 1 391
- 1 255
- 1 280
- 1 199
- 1 51
- 1 293
- 1 72
- 1 208
- 1 235
- 1 14
- 1 253
- 1 343
- 1 105
- 1 176
- 1 305
- 1 386
- 1 366
- 1 373
- 1 21
- 1 398
- 1 101
- 1 381
- 1 31
- 1 349
- 1 377
- 1 203
- 1 388
- 1 212
- 1 15
- 1 380
- 1 210
- 1 17
- 1 276
- 1 189
- 1 98
- 1 102
- 1 319
- 1 331
- 1 265
- 1 296
- 1 237
- 1 325
- 1 367
- 1 8
- 1 350
- 1 329
- 1 287
- 1 316
- 1 191
- 1 43
- 1 194
- 1 369
- 1 29
- 1 303
- 1 120
- 1 346
- 1 30
- 1 79
- 1 328
- 1 86
- 1 248
- 1 13
- 1 60
- 1 151
- 1 84
- 1 306
- 1 83
- 1 352
- 1 355
- 1 100
- 1 110
- 1 258
- 1 358
- 1 214
- 1 123
- 1 231
- 1 340
- 1 76
- 1 124
- 1 310
- 1 25
- 1 160
- 1 365
- 1 48
- 1 163
- 1 39
- 1 392
- 1 250
- 1 182
- 1 209
- 1 239
- 1 117
- 1 285
- 1 267
- 1 46
- 1 277
- 1 314
- 1 372
- 1 190
- 1 66
- 1 81
- 1 158
- 1 188
- 1 240
- 1 334
- 1 300
- 1 67
- 1 49
- 1 35
- 1 378
- 1 148
- 1 363
- 1 18
- 1 94
- 1 241
- 1 47
- 1 78
- 1 207
- 1 193
- 1 159
- 1 324
- 1 118
- 1 291
- 1 82
- 1 204
- 1 298
- 1 327
- 1 221
- 1 294
- 1 201
- 1 185
- 1 251
- 1 395
- 1 10
- 1 180
- 1 57
- 1 259
- 1 181
- 1 271
- 1 246
- 1 224
- 1 244
- 1 195
- 1 256
- 1 348
- 1 122
- 1 206
- 1 162
- 1 165
- 1 170
- 1 126
- 1 260
- 1 196
- 1 330
- 1 161
- 1 283
- 1 326
- 1 218
- 1 371
- 1 53
- 1 7
- 1 254
- 1 175
- 1 37
- 1 131
- 1 136
- 1 128
- 1 27
- 1 297
- 1 321
- 1 357
- 1 147
- 1 382
- 1 85
- 1 323
- 1 9
- 1 281
- 1 65
- 1 341
- 1 247
- 1 111
- 1 34
- 1 220
- 1 4
- 1 226
- 1 238
- 1 153
- 1 96
- 1 320
- 1 379
- 1 389
- 1 114
- 1 106
- 1 274
- 1 249
- 1 197
- 1 69
- 1 130
- 1 28
- 1 75
- 1 223
- 1 309
- 1 91
- 1 138
- 1 264
- 1 32
- 1 375
- 1 74
- 1 252
- 1 308
- 1 374
- 1 361
- 1 339
- 1 135
- 1 80
- 1 97
- 1 362
- 1 262
- 1 317
- 1 360
- 1 59
- 1 186
- 1 266
- 1 384
- 1 347
- 1 142
- 1 335
- 1 289
- 1 269
- 1 42
- 1 268
- 1 154
- 1 290
- 1 242
- 1 179
- 1 127
- 1 227
- 1 192
- 1 198
- 1 64
- 1 99
- 1 370
- 1 73
- 1 394
- 1 92
- 1 311
- 1 145
- 1 228
- 1 272
- 1 137
- 1 155
- 1 113
- 1 278
- 342 1
