4773
+ 1 379
+ 1 231
+ 1 320
+ 1 302
+ 1 249
+ 1 263
+ 1 304
+ 1 382
+ 1 39
+ 1 274
+ 1 349
+ 1 99
+ 1 192
+ 1 110
+ 1 337
+ 1 307
+ 1 113
+ 1 290
+ 1 5
+ 1 300
+ 1 68
+ 1 368
+ 1 322
+ 1 347
+ 1 272
+ 1 285
+ 1 80
+ 1 177
+ 1 46
+ 1 383
+ 1 183
+ 1 56
+ 1 227
+ 1 54
+ 1 128
+ 1 248
+ 1 257
+ 1 197
+ 1 189
+ 1 283
+ 1 250
+ 1 364
+ 1 301
+ 1 20
+ 1 259
+ 1 268
+ 1 146
+ 1 319
+ 1 62
+ 1 115
+ 1 276
+ 1 175
+ 1 100
+ 1 397
+ 1 387
+ 1 43
+ 1 124
+ 1 338
+ 1 127
+ 1 279
+ 1 85
+ 1 63
+ 1 352
+ 1 375
+ 1 155
+ 1 112
+ 1 356
+ 1 317
+ 1 208
+ 1 378
+ 1 17
+ 1 210
+ 1 94
+ 1 229
+ 1 358
+ 1 16
+ 1 233
+ 1 111
+ 1 273
+ 1 305
+ 1 147
+ 1 303
+ 1 324
+ 1 114
+ 1 199
+ 1 140
+ 1 342
+ 1 223
+ 1 318
+ 1 125
+ 1 328
+ 1 161
+ 1 198
+ 1 42
+ 1 123
+ 1 312
+ 1 323
+ 1 360
+ 1 79
+ 1 181
+ 1 234
+ 1 228
+ 1 232
+ 1 313
+ 1 4
+ 1 35
+ 1 209
+ 1 309
+ 1 109
+ 1 390
+ 1 359
+ 1 6
+ 1 136
+ 1 104
+ 1 226
+ 1 154
+ 1 298
+ 1 245
+ 1 179
+ 1 170
+ 1 230
+ 1 311
+ 1 61
+ 1 52
+ 1 214
+ 1 297
+ 1 47
+ 1 18
+ 1 372
+ 1 122
+ 1 291
+ 1 239
+ 1 316
+ 1 292
+ 1 399
+ 1 184
+ 1 158
+ 1 196
+ 1 264
+ 1 201
+ 1 71
+ 1 275
+ 1 355
+ 1 14
+ 1 219
+ 1 134
+ 1 169
+ 1 211
+ 1 55
+ 1 195
+ 1 133
+ 1 265
+ 1 27
+ 1 386
+ 1 173
+ 1 41
+ 1 247
+ 1 240
+ 1 365
+ 1 190
+ 1 171
+ 1 267
+ 1 204
+ 1 95
+ 1 149
+ 1 243
+ 1 256
+ 1 172
+ 1 51
+ 1 163
+ 1 59
+ 1 148
+ 1 345
+ 1 9
+ 1 138
+ 1 105
+ 1 150
+ 1 22
+ 1 398
+ 1 77
+ 1 91
+ 1 24
+ 1 153
+ 1 261
+ 1 221
+ 1 8
+ 1 377
+ 1 96
+ 1 11
+ 1 120
+ 1 152
+ 1 321
+ 1 98
+ 1 315
+ 1 187
+ 1 97
+ 1 327
+ 1 31
+ 1 339
+ 1 36
+ 1 116
+ 1 216
+ 1 294
+ 1 396
+ 1 400
+ 1 106
+ 1 251
+ 1 29
+ 1 117
+ 1 186
+ 1 75
+ 1 44
+ 1 137
+ 1 374
+ 1 373
+ 1 222
+ 1 188
+ 1 45
+ 1 246
+ 1 310
+ 1 2
+ 1 57
+ 1 225
+ 1 144
+ 1 160
+ 1 253
+ 1 281
+ 1 164
+ 1 103
+ 1 174
+ 1 332
+ 1 13
+ 1 391
+ 1 182
+ 1 295
+ 1 325
+ 1 130
+ 1 244
+ 1 193
+ 1 90
+ 1 202
+ 1 108
+ 1 89
+ 1 357
+ 1 64
+ 1 50
+ 1 176
+ 1 326
+ 1 72
+ 1 329
+ 1 70
+ 1 58
+ 1 121
+ 1 88
+ 1 200
+ 1 393
+ 1 343
+ 1 132
+ 1 262
+ 1 118
+ 1 28
+ 1 296
+ 1 346
+ 1 334
+ 1 102
+ 1 335
+ 1 299
+ 1 207
+ 1 25
+ 1 367
+ 1 7
+ 1 69
+ 1 282
+ 1 252
+ 1 395
+ 1 366
+ 1 76
+ 1 21
+ 1 354
+ 1 151
+ 1 81
+ 1 289
+ 1 67
+ 1 376
+ 1 34
+ 1 278
+ 1 235
+ 1 10
+ 1 203
+ 1 3
+ 1 277
+ 1 37
+ 1 284
+ 1 236
+ 1 371
+ 1 380
+ 1 287
+ 1 92
+ 1 101
+ 1 340
+ 1 217
+ 1 119
+ 1 271
+ 1 162
+ 1 48
+ 1 351
+ 1 19
+ 1 333
+ 1 258
+ 1 30
+ 1 361
+ 1 131
+ 1 348
+ 1 238
+ 1 330
+ 1 66
+ 1 87
+ 1 350
+ 1 32
+ 1 126
+ 1 82
+ 1 381
+ 1 168
+ 1 65
+ 1 167
+ 1 241
+ 1 270
+ 1 254
+ 1 392
+ 1 314
+ 1 206
+ 1 129
+ 1 166
+ 1 288
+ 1 159
+ 1 178
+ 1 255
+ 1 139
+ 1 384
+ 1 165
+ 1 145
+ 1 212
+ 1 157
+ 1 388
+ 1 142
+ 1 205
+ 1 286
+ 1 49
+ 1 269
+ 1 12
+ 1 370
+ 1 74
+ 1 369
+ 1 194
+ 1 336
+ 1 93
+ 1 363
+ 1 15
+ 1 107
+ 1 220
+ 1 394
+ 1 341
+ 1 156
+ 1 308
+ 1 362
+ 1 26
+ 1 331
+ 1 53
+ 1 260
+ 1 280
+ 1 135
+ 1 78
+ 1 389
+ 1 344
+ 1 23
+ 1 38
+ 1 40
+ 1 385
+ 1 33
+ 1 218
+ 1 73
+ 1 293
+ 1 224
+ 1 191
+ 1 60
+ 1 237
+ 1 180
+ 1 215
+ 1 143
+ 1 266
+ 1 306
+ 1 86
+ 1 242
+ 1 141
+ 1 185
+ 1 353
+ 1 213
- 2 310
- 2 57
- 3 203
- 3 277
- 4 313
- 4 35
- 4 372
- 4 196
- 4 297
- 4 298
- 4 6
- 4 360
- 4 184
- 4 291
- 4 170
- 4 71
- 4 275
- 4 316
- 4 52
- 4 219
- 4 209
- 4 14
- 4 232
- 4 134
- 4 55
- 4 239
- 4 234
- 4 245
- 4 104
- 4 181
- 4 323
- 4 201
- 4 47
- 4 309
- 4 292
- 4 169
- 4 195
- 4 158
- 4 211
- 4 399
- 4 79
- 4 230
- 4 390
- 4 226
- 4 228
- 4 355
- 4 386
- 4 265
- 4 179
- 4 27
- 4 18
- 4 359
- 4 154
- 4 136
- 4 264
- 4 133
- 4 311
- 4 109
- 4 61
- 4 122
- 4 214
- 5 290
- 5 300
- 6 136
- 6 109
- 6 359
- 6 316
- 6 169
- 6 196
- 6 323
- 6 181
- 6 298
- 6 234
- 6 309
- 6 14
- 6 360
- 6 195
- 6 219
- 6 239
- 6 297
- 6 275
- 6 313
- 6 372
- 6 311
- 6 154
- 6 104
- 6 79
- 6 55
- 6 71
- 6 27
- 6 399
- 6 158
- 6 122
- 6 264
- 6 292
- 6 211
- 6 386
- 6 355
- 6 390
- 6 52
- 6 184
- 6 47
- 6 209
- 6 61
- 6 18
- 6 35
- 6 134
- 6 232
- 6 179
- 6 265
- 6 230
- 6 291
- 6 214
- 6 245
- 6 228
- 6 226
- 6 201
- 6 133
- 6 170
- 7 367
- 7 69
- 8 377
- 8 221
- 9 345
- 9 138
- 10 235
- 10 203
- 11 120
- 11 96
- 12 370
- 12 269
- 13 332
- 13 391
- 14 219
- 14 52
- 14 228
- 14 355
- 14 184
- 14 104
- 14 27
- 14 169
- 14 309
- 14 35
- 14 311
- 14 316
- 14 133
- 14 298
- 14 292
- 14 179
- 14 264
- 14 71
- 14 214
- 14 209
- 14 275
- 14 181
- 14 291
- 14 79
- 14 372
- 14 136
- 14 313
- 14 359
- 14 170
- 14 61
- 14 245
- 14 265
- 14 134
- 14 109
- 14 297
- 14 195
- 14 232
- 14 158
- 14 323
- 14 196
- 14 234
- 14 47
- 14 201
- 14 18
- 14 122
- 14 390
- 14 386
- 14 154
- 14 360
- 14 399
- 14 211
- 14 230
- 14 226
- 14 55
- 14 239
- 15 363
- 15 107
- 16 233
- 16 358
- 17 378
- 17 210
- 18 214
- 18 47
- 18 372
- 18 234
- 18 323
- 18 275
- 18 239
- 18 27
- 18 297
- 18 386
- 18 316
- 18 399
- 18 226
- 18 195
- 18 201
- 18 136
- 18 390
- 18 109
- 18 360
- 18 313
- 18 169
- 18 170
- 18 104
- 18 298
- 18 52
- 18 35
- 18 232
- 18 245
- 18 158
- 18 61
- 18 264
- 18 134
- 18 309
- 18 211
- 18 79
- 18 209
- 18 230
- 18 291
- 18 71
- 18 311
- 18 181
- 18 355
- 18 196
- 18 179
- 18 133
- 18 219
- 18 265
- 18 154
- 18 228
- 18 55
- 18 292
- 18 359
- 18 122
- 18 184
- 19 333
- 19 351
- 20 259
- 20 301
- 21 76
- 21 354
- 22 398
- 22 150
- 23 38
- 23 344
- 24 153
- 24 91
- 25 207
- 25 367
- 26 331
- 26 362
- 27 71
- 27 265
- 27 134
- 27 136
- 27 360
- 27 316
- 27 79
- 27 35
- 27 359
- 27 201
- 27 154
- 27 47
- 27 196
- 27 109
- 27 228
- 27 184
- 27 275
- 27 313
- 27 291
- 27 311
- 27 390
- 27 232
- 27 170
- 27 239
- 27 169
- 27 323
- 27 52
- 27 158
- 27 133
- 27 298
- 27 195
- 27 355
- 27 234
- 27 61
- 27 297
- 27 230
- 27 226
- 27 104
- 27 309
- 27 179
- 27 214
- 27 211
- 27 292
- 27 399
- 27 245
- 27 372
- 27 181
- 27 122
- 27 386
- 27 264
- 27 55
- 27 219
- 27 209
- 28 296
- 28 118
- 29 251
- 29 117
- 30 361
- 30 258
- 31 327
- 31 339
- 32 350
- 32 126
- 33 385
- 33 218
- 34 376
- 34 278
- 35 209
- 35 201
- 35 61
- 35 230
- 35 316
- 35 136
- 35 122
- 35 245
- 35 239
- 35 154
- 35 219
- 35 158
- 35 214
- 35 55
- 35 52
- 35 313
- 35 181
- 35 292
- 35 196
- 35 134
- 35 170
- 35 360
- 35 47
- 35 133
- 35 275
- 35 265
- 35 399
- 35 264
- 35 309
- 35 355
- 35 228
- 35 390
- 35 386
- 35 291
- 35 311
- 35 104
- 35 312
- 35 169
- 35 232
- 35 297
- 35 71
- 35 195
- 35 179
- 35 109
- 35 211
- 35 79
- 35 226
- 35 298
- 35 372
- 35 323
- 35 184
- 35 359
- 35 234
- 36 116
- 36 339
- 37 284
- 37 277
- 38 40
- 39 274
- 39 382
- 40 385
- 41 247
- 41 173
- 42 123
- 42 198
- 43 124
- 43 387
- 44 137
- 44 75
- 45 246
- 45 188
- 46 383
- 46 177
- 47 170
- 47 297
- 47 201
- 47 313
- 47 311
- 47 323
- 47 228
- 47 211
- 47 292
- 47 104
- 47 109
- 47 275
- 47 154
- 47 219
- 47 71
- 47 298
- 47 195
- 47 52
- 47 169
- 47 133
- 47 309
- 47 232
- 47 179
- 47 399
- 47 214
- 47 291
- 47 134
- 47 61
- 47 372
- 47 230
- 47 360
- 47 209
- 47 390
- 47 316
- 47 359
- 47 264
- 47 184
- 47 79
- 47 239
- 47 122
- 47 55
- 47 265
- 47 226
- 47 245
- 47 234
- 47 181
- 47 136
- 47 158
- 47 196
- 47 355
- 47 386
- 48 351
- 48 162
- 49 269
- 49 286
- 50 64
- 50 176
- 51 163
- 51 172
- 52 179
- 52 61
- 52 214
- 52 386
- 52 228
- 52 169
- 52 104
- 52 245
- 52 399
- 52 313
- 52 309
- 52 234
- 52 184
- 52 232
- 52 71
- 52 136
- 52 209
- 52 311
- 52 239
- 52 323
- 52 181
- 52 134
- 52 158
- 52 298
- 52 265
- 52 359
- 52 219
- 52 390
- 52 122
- 52 360
- 52 297
- 52 109
- 52 292
- 52 230
- 52 79
- 52 195
- 52 170
- 52 291
- 52 355
- 52 264
- 52 154
- 52 226
- 52 196
- 52 316
- 52 211
- 52 133
- 52 55
- 52 275
- 52 201
- 52 372
- 53 260
- 53 331
- 54 128
- 54 227
- 55 359
- 55 323
- 55 313
- 55 211
- 55 195
- 55 61
- 55 136
- 55 134
- 55 170
- 55 239
- 55 179
- 55 245
- 55 104
- 55 399
- 55 386
- 55 291
- 55 184
- 55 226
- 55 264
- 55 209
- 55 292
- 55 122
- 55 181
- 55 298
- 55 372
- 55 219
- 55 230
- 55 360
- 55 79
- 55 196
- 55 316
- 55 297
- 55 71
- 55 201
- 55 158
- 55 265
- 55 309
- 55 154
- 55 232
- 55 228
- 55 311
- 55 133
- 55 234
- 55 390
- 55 109
- 55 355
- 55 214
- 55 275
- 55 169
- 56 183
- 56 227
- 57 225
- 58 121
- 58 70
- 59 148
- 59 163
- 60 191
- 60 237
- 61 311
- 61 239
- 61 234
- 61 196
- 61 275
- 61 133
- 61 158
- 61 359
- 61 134
- 61 181
- 61 292
- 61 309
- 61 109
- 61 232
- 61 372
- 61 228
- 61 211
- 61 230
- 61 291
- 61 298
- 61 355
- 61 316
- 61 214
- 61 104
- 61 360
- 61 390
- 61 184
- 61 169
- 61 201
- 61 245
- 61 209
- 61 265
- 61 386
- 61 297
- 61 323
- 61 179
- 61 154
- 61 226
- 61 170
- 61 79
- 61 313
- 61 136
- 61 219
- 61 264
- 61 399
- 61 195
- 61 71
- 61 122
- 62 319
- 62 115
- 63 85
- 63 352
- 64 357
- 65 167
- 65 168
- 66 330
- 66 87
- 67 376
- 67 289
- 68 300
- 68 368
- 69 282
- 70 329
- 71 275
- 71 201
- 71 265
- 71 209
- 71 219
- 71 297
- 71 232
- 71 122
- 71 195
- 71 181
- 71 245
- 71 390
- 71 234
- 71 311
- 71 214
- 71 359
- 71 309
- 71 239
- 71 158
- 71 179
- 71 228
- 71 79
- 71 226
- 71 154
- 71 399
- 71 169
- 71 230
- 71 323
- 71 292
- 71 134
- 71 360
- 71 133
- 71 316
- 71 170
- 71 313
- 71 298
- 71 386
- 71 291
- 71 264
- 71 109
- 71 355
- 71 372
- 71 196
- 71 184
- 71 104
- 71 136
- 71 211
- 72 329
- 72 326
- 73 293
- 73 218
- 74 369
- 74 370
- 75 186
- 76 366
- 77 398
- 77 91
- 78 135
- 78 389
- 79 360
- 79 181
- 79 239
- 79 201
- 79 390
- 79 158
- 79 170
- 79 228
- 79 311
- 79 399
- 79 196
- 79 313
- 79 292
- 79 184
- 79 211
- 79 136
- 79 214
- 79 264
- 79 275
- 79 323
- 79 291
- 79 109
- 79 372
- 79 386
- 79 133
- 79 316
- 79 234
- 79 219
- 79 209
- 79 245
- 79 104
- 79 179
- 79 230
- 79 195
- 79 298
- 79 309
- 79 134
- 79 297
- 79 226
- 79 232
- 79 122
- 79 359
- 79 169
- 79 154
- 79 265
- 79 355
- 80 177
- 80 285
- 81 151
- 81 289
- 82 126
- 82 381
- 83 379
- 84 173
- 85 279
- 86 306
- 86 242
- 87 350
- 88 121
- 88 200
- 89 108
- 89 357
- 90 202
- 90 193
- 92 101
- 92 287
- 93 363
- 93 336
- 94 210
- 94 229
- 95 204
- 95 149
- 96 377
- 97 187
- 97 327
- 98 321
- 98 315
- 99 349
- 99 192
- 100 175
- 100 397
- 101 340
- 102 335
- 102 334
- 103 164
- 103 174
- 104 313
- 104 226
- 104 136
- 104 181
- 104 209
- 104 122
- 104 170
- 104 309
- 104 134
- 104 211
- 104 386
- 104 292
- 104 291
- 104 219
- 104 355
- 104 275
- 104 179
- 104 239
- 104 234
- 104 201
- 104 297
- 104 265
- 104 323
- 104 230
- 104 184
- 104 245
- 104 298
- 104 316
- 104 311
- 104 214
- 104 133
- 104 158
- 104 228
- 104 390
- 104 360
- 104 154
- 104 109
- 104 372
- 104 232
- 104 359
- 104 169
- 104 264
- 104 195
- 104 196
- 104 399
- 105 150
- 105 138
- 106 251
- 106 400
- 107 220
- 108 202
- 109 390
- 109 355
- 109 399
- 109 179
- 109 134
- 109 122
- 109 309
- 109 234
- 109 154
- 109 170
- 109 230
- 109 292
- 109 195
- 109 360
- 109 291
- 109 133
- 109 214
- 109 239
- 109 245
- 109 158
- 109 275
- 109 323
- 109 359
- 109 311
- 109 264
- 109 226
- 109 386
- 109 313
- 109 372
- 109 297
- 109 181
- 109 219
- 109 211
- 109 316
- 109 265
- 109 201
- 109 298
- 109 184
- 109 209
- 109 232
- 109 228
- 109 136
- 109 196
- 109 169
- 110 192
- 110 337
- 111 273
- 111 233
- 112 155
- 112 356
- 113 290
- 113 307
- 114 199
- 114 324
- 115 276
- 116 216
- 117 186
- 118 262
- 119 271
- 119 217
- 120 152
- 122 291
- 122 386
- 122 372
- 122 234
- 122 158
- 122 265
- 122 214
- 122 228
- 122 226
- 122 309
- 122 239
- 122 169
- 122 209
- 122 323
- 122 360
- 122 313
- 122 181
- 122 399
- 122 179
- 122 136
- 122 230
- 122 195
- 122 134
- 122 196
- 122 311
- 122 297
- 122 390
- 122 245
- 122 232
- 122 201
- 122 211
- 122 133
- 122 184
- 122 154
- 122 275
- 122 292
- 122 298
- 122 264
- 122 219
- 122 170
- 122 316
- 122 359
- 122 355
- 123 312
- 124 338
- 125 328
- 125 318
- 127 279
- 127 338
- 128 248
- 129 166
- 129 206
- 130 325
- 130 244
- 131 348
- 131 361
- 132 343
- 132 262
- 133 265
- 133 134
- 133 228
- 133 230
- 133 170
- 133 359
- 133 355
- 133 311
- 133 169
- 133 234
- 133 179
- 133 195
- 133 211
- 133 209
- 133 323
- 133 291
- 133 196
- 133 297
- 133 154
- 133 264
- 133 292
- 133 136
- 133 390
- 133 360
- 133 181
- 133 158
- 133 298
- 133 201
- 133 309
- 133 386
- 133 313
- 133 226
- 133 316
- 133 399
- 133 184
- 133 245
- 133 214
- 133 232
- 133 275
- 133 219
- 133 239
- 133 372
- 134 169
- 134 239
- 134 181
- 134 219
- 134 275
- 134 214
- 134 323
- 134 265
- 134 399
- 134 390
- 134 154
- 134 228
- 134 179
- 134 372
- 134 291
- 134 245
- 134 226
- 134 298
- 134 309
- 134 360
- 134 195
- 134 209
- 134 170
- 134 211
- 134 184
- 134 232
- 134 264
- 134 313
- 134 158
- 134 201
- 134 196
- 134 386
- 134 316
- 134 359
- 134 311
- 134 292
- 134 355
- 134 234
- 134 136
- 134 297
- 134 230
- 135 280
- 136 226
- 136 209
- 136 232
- 136 179
- 136 264
- 136 239
- 136 297
- 136 309
- 136 230
- 136 323
- 136 292
- 136 355
- 136 170
- 136 265
- 136 291
- 136 399
- 136 311
- 136 390
- 136 372
- 136 196
- 136 219
- 136 386
- 136 195
- 136 211
- 136 360
- 136 158
- 136 154
- 136 201
- 136 316
- 136 275
- 136 214
- 136 313
- 136 298
- 136 245
- 136 184
- 136 169
- 136 181
- 136 228
- 136 359
- 136 234
- 137 374
- 139 384
- 139 255
- 140 199
- 140 342
- 141 242
- 141 185
- 142 205
- 142 388
- 143 215
- 143 266
- 144 225
- 144 160
- 145 212
- 145 165
- 146 268
- 146 319
- 147 305
- 147 303
- 148 345
- 149 243
- 151 354
- 152 321
- 153 261
- 154 226
- 154 390
- 154 359
- 154 298
- 154 309
- 154 179
- 154 169
- 154 230
- 154 292
- 154 219
- 154 195
- 154 245
- 154 181
- 154 360
- 154 386
- 154 311
- 154 313
- 154 316
- 154 196
- 154 158
- 154 265
- 154 232
- 154 372
- 154 239
- 154 234
- 154 211
- 154 323
- 154 201
- 154 312
- 154 355
- 154 214
- 154 170
- 154 399
- 154 264
- 154 275
- 154 184
- 154 291
- 154 209
- 154 297
- 154 228
- 155 375
- 156 341
- 156 308
- 157 212
- 157 388
- 158 184
- 158 309
- 158 399
- 158 234
- 158 311
- 158 196
- 158 323
- 158 226
- 158 275
- 158 230
- 158 209
- 158 170
- 158 360
- 158 372
- 158 219
- 158 359
- 158 292
- 158 195
- 158 179
- 158 298
- 158 291
- 158 390
- 158 386
- 158 181
- 158 355
- 158 265
- 158 313
- 158 214
- 158 245
- 158 228
- 158 239
- 158 169
- 158 201
- 158 232
- 158 316
- 158 264
- 158 297
- 158 211
- 159 178
- 159 288
- 160 253
- 161 328
- 161 198
- 162 271
- 164 281
- 165 384
- 166 288
- 167 241
- 168 381
- 169 181
- 169 211
- 169 219
- 169 386
- 169 316
- 169 323
- 169 201
- 169 230
- 169 309
- 169 372
- 169 245
- 169 196
- 169 399
- 169 228
- 169 390
- 169 234
- 169 195
- 169 214
- 169 297
- 169 355
- 169 360
- 169 312
- 169 226
- 169 179
- 169 298
- 169 264
- 169 239
- 169 184
- 169 292
- 169 359
- 169 232
- 169 313
- 169 170
- 169 311
- 169 265
- 169 291
- 169 209
- 169 275
- 170 179
- 170 230
- 170 311
- 170 196
- 170 355
- 170 316
- 170 275
- 170 234
- 170 386
- 170 264
- 170 228
- 170 214
- 170 201
- 170 372
- 170 309
- 170 226
- 170 245
- 170 399
- 170 265
- 170 390
- 170 298
- 170 239
- 170 313
- 170 292
- 170 359
- 170 184
- 170 219
- 170 195
- 170 181
- 170 323
- 170 211
- 170 209
- 170 291
- 170 360
- 170 297
- 170 232
- 171 190
- 171 267
- 172 256
- 174 332
- 175 276
- 176 326
- 178 255
- 179 230
- 179 245
- 179 201
- 179 214
- 179 386
- 179 234
- 179 219
- 179 309
- 179 239
- 179 312
- 179 313
- 179 209
- 179 372
- 179 292
- 179 196
- 179 297
- 179 399
- 179 390
- 179 298
- 179 228
- 179 195
- 179 232
- 179 360
- 179 211
- 179 323
- 179 359
- 179 355
- 179 265
- 179 181
- 179 184
- 179 226
- 179 316
- 179 264
- 179 311
- 179 275
- 179 291
- 180 237
- 180 215
- 181 234
- 181 195
- 181 209
- 181 311
- 181 214
- 181 355
- 181 390
- 181 372
- 181 245
- 181 292
- 181 184
- 181 359
- 181 226
- 181 316
- 181 291
- 181 196
- 181 297
- 181 309
- 181 313
- 181 232
- 181 239
- 181 264
- 181 399
- 181 360
- 181 219
- 181 323
- 181 298
- 181 211
- 181 386
- 181 265
- 181 275
- 181 228
- 181 230
- 181 201
- 182 391
- 182 295
- 183 383
- 184 297
- 184 399
- 184 201
- 184 245
- 184 219
- 184 226
- 184 275
- 184 265
- 184 316
- 184 195
- 184 298
- 184 355
- 184 291
- 184 311
- 184 196
- 184 323
- 184 211
- 184 232
- 184 372
- 184 239
- 184 309
- 184 209
- 184 228
- 184 230
- 184 360
- 184 359
- 184 390
- 184 234
- 184 214
- 184 292
- 184 264
- 184 386
- 184 313
- 185 353
- 187 315
- 188 222
- 189 197
- 189 283
- 190 365
- 191 224
- 193 244
- 194 369
- 194 336
- 195 372
- 195 219
- 195 230
- 195 297
- 195 234
- 195 226
- 195 245
- 195 239
- 195 214
- 195 309
- 195 232
- 195 399
- 195 360
- 195 275
- 195 359
- 195 264
- 195 323
- 195 292
- 195 298
- 195 316
- 195 355
- 195 386
- 195 313
- 195 211
- 195 196
- 195 311
- 195 209
- 195 265
- 195 291
- 195 228
- 195 201
- 195 390
- 196 390
- 196 245
- 196 232
- 196 297
- 196 264
- 196 214
- 196 211
- 196 313
- 196 209
- 196 230
- 196 355
- 196 291
- 196 265
- 196 372
- 196 309
- 196 226
- 196 292
- 196 311
- 196 228
- 196 386
- 196 201
- 196 360
- 196 234
- 196 359
- 196 239
- 196 275
- 196 219
- 196 399
- 196 316
- 196 323
- 196 298
- 197 257
- 200 393
- 201 264
- 201 359
- 201 230
- 201 316
- 201 298
- 201 214
- 201 313
- 201 234
- 201 226
- 201 239
- 201 219
- 201 232
- 201 372
- 201 291
- 201 297
- 201 309
- 201 399
- 201 228
- 201 311
- 201 265
- 201 386
- 201 275
- 201 292
- 201 323
- 201 211
- 201 245
- 201 209
- 201 360
- 201 355
- 201 390
- 204 267
- 205 286
- 206 314
- 207 299
- 208 317
- 208 378
- 209 309
- 209 297
- 209 239
- 209 214
- 209 291
- 209 245
- 209 359
- 209 298
- 209 386
- 209 360
- 209 265
- 209 228
- 209 211
- 209 264
- 209 234
- 209 292
- 209 311
- 209 390
- 209 323
- 209 355
- 209 230
- 209 226
- 209 219
- 209 275
- 209 316
- 209 313
- 209 372
- 209 399
- 209 232
- 211 239
- 211 275
- 211 291
- 211 323
- 211 292
- 211 230
- 211 360
- 211 355
- 211 219
- 211 386
- 211 297
- 211 359
- 211 264
- 211 265
- 211 313
- 211 298
- 211 399
- 211 245
- 211 228
- 211 232
- 211 311
- 211 316
- 211 390
- 211 226
- 211 372
- 211 234
- 211 214
- 211 309
- 213 353
- 214 297
- 214 245
- 214 309
- 214 311
- 214 230
- 214 291
- 214 226
- 214 298
- 214 360
- 214 355
- 214 399
- 214 390
- 214 228
- 214 386
- 214 232
- 214 264
- 214 372
- 214 292
- 214 313
- 214 316
- 214 323
- 214 275
- 214 265
- 214 234
- 214 219
- 214 359
- 214 239
- 216 294
- 217 340
- 219 239
- 219 264
- 219 298
- 219 230
- 219 323
- 219 313
- 219 399
- 219 297
- 219 386
- 219 309
- 219 226
- 219 291
- 219 228
- 219 390
- 219 265
- 219 316
- 219 372
- 219 275
- 219 359
- 219 311
- 219 355
- 219 232
- 219 245
- 219 234
- 219 360
- 219 292
- 220 394
- 221 261
- 222 373
- 223 342
- 223 318
- 224 293
- 226 297
- 226 228
- 226 355
- 226 360
- 226 275
- 226 316
- 226 390
- 226 399
- 226 292
- 226 309
- 226 265
- 226 298
- 226 230
- 226 239
- 226 323
- 226 264
- 226 311
- 226 313
- 226 245
- 226 359
- 226 232
- 226 386
- 226 372
- 226 291
- 226 234
- 228 232
- 228 234
- 228 291
- 228 275
- 228 323
- 228 298
- 228 245
- 228 386
- 228 292
- 228 264
- 228 313
- 228 355
- 228 239
- 228 360
- 228 265
- 228 309
- 228 372
- 228 316
- 228 390
- 228 311
- 228 399
- 228 230
- 228 297
- 228 359
- 229 358
- 230 311
- 230 372
- 230 298
- 230 360
- 230 297
- 230 390
- 230 386
- 230 239
- 230 292
- 230 234
- 230 291
- 230 359
- 230 316
- 230 313
- 230 309
- 230 264
- 230 275
- 230 323
- 230 265
- 230 355
- 230 232
- 230 399
- 230 245
- 231 320
- 231 379
- 232 313
- 232 390
- 232 372
- 232 298
- 232 275
- 232 309
- 232 265
- 232 245
- 232 360
- 232 386
- 232 297
- 232 399
- 232 311
- 232 292
- 232 316
- 232 264
- 232 234
- 232 239
- 232 323
- 232 355
- 232 291
- 232 359
- 234 297
- 234 291
- 234 359
- 234 313
- 234 298
- 234 372
- 234 360
- 234 390
- 234 264
- 234 323
- 234 316
- 234 275
- 234 311
- 234 386
- 234 399
- 234 309
- 234 265
- 234 292
- 234 355
- 234 239
- 234 245
- 235 278
- 236 371
- 236 284
- 238 348
- 238 330
- 239 316
- 239 313
- 239 291
- 239 372
- 239 245
- 239 311
- 239 399
- 239 390
- 239 264
- 239 297
- 239 309
- 239 275
- 239 292
- 239 355
- 239 323
- 239 359
- 239 360
- 239 265
- 239 298
- 239 386
- 240 365
- 240 247
- 241 270
- 243 256
- 245 298
- 245 291
- 245 275
- 245 359
- 245 311
- 245 355
- 245 264
- 245 372
- 245 265
- 245 313
- 245 316
- 245 360
- 245 309
- 245 399
- 245 390
- 245 323
- 245 386
- 245 297
- 245 292
- 246 310
- 248 257
- 249 263
- 249 302
- 250 364
- 250 283
- 252 282
- 252 395
- 253 281
- 254 270
- 254 392
- 258 333
- 259 268
- 260 280
- 263 304
- 264 372
- 264 297
- 264 275
- 264 386
- 264 323
- 264 399
- 264 298
- 264 316
- 264 390
- 264 291
- 264 313
- 264 309
- 264 292
- 264 359
- 264 311
- 264 355
- 264 265
- 264 360
- 265 297
- 265 399
- 265 292
- 265 360
- 265 323
- 265 309
- 265 372
- 265 316
- 265 390
- 265 359
- 265 386
- 265 355
- 265 311
- 265 291
- 265 275
- 265 313
- 265 298
- 266 306
- 272 285
- 272 347
- 273 305
- 274 349
- 275 355
- 275 323
- 275 372
- 275 298
- 275 390
- 275 297
- 275 313
- 275 359
- 275 311
- 275 386
- 275 360
- 275 316
- 275 399
- 275 291
- 275 309
- 275 292
- 287 380
- 291 311
- 291 359
- 291 292
- 291 297
- 291 360
- 291 390
- 291 316
- 291 323
- 291 309
- 291 313
- 291 372
- 291 355
- 291 386
- 291 298
- 291 399
- 292 313
- 292 316
- 292 372
- 292 399
- 292 309
- 292 297
- 292 360
- 292 298
- 292 390
- 292 311
- 292 323
- 292 355
- 292 359
- 292 386
- 294 396
- 295 325
- 296 346
- 297 309
- 297 399
- 297 386
- 297 390
- 297 323
- 297 298
- 297 311
- 297 313
- 297 359
- 297 360
- 297 372
- 297 355
- 297 316
- 298 316
- 298 360
- 298 390
- 298 372
- 298 313
- 298 386
- 298 355
- 298 323
- 298 311
- 298 309
- 298 359
- 298 399
- 299 335
- 301 364
- 302 320
- 303 324
- 304 382
- 307 337
- 308 362
- 309 372
- 309 390
- 309 386
- 309 399
- 309 316
- 309 355
- 309 360
- 309 359
- 309 313
- 309 311
- 309 323
- 311 399
- 311 316
- 311 386
- 311 372
- 311 323
- 311 360
- 311 390
- 311 313
- 311 359
- 311 355
- 312 323
- 312 360
- 313 390
- 313 316
- 313 360
- 313 355
- 313 323
- 313 386
- 313 359
- 313 372
- 313 399
- 314 392
- 316 359
- 316 399
- 316 355
- 316 323
- 316 372
- 316 386
- 316 360
- 316 390
- 317 356
- 322 368
- 322 347
- 323 360
- 323 390
- 323 372
- 323 399
- 323 359
- 323 386
- 323 355
- 334 346
- 341 394
- 343 393
- 344 389
- 352 375
- 355 360
- 355 372
- 355 390
- 355 359
- 355 386
- 355 399
- 359 390
- 359 372
- 359 399
- 359 360
- 359 386
- 360 399
- 360 390
- 360 386
- 360 372
- 366 395
- 371 380
- 372 386
- 372 390
- 372 399
- 373 374
- 386 390
- 386 399
- 387 397
- 390 399
- 396 400
+ 388 392
+ 385 388
+ 385 392
+ 379 392
+ 379 388
+ 379 385
+ 377 391
+ 375 393
+ 374 400
+ 369 376
+ 367 385
+ 367 392
+ 367 379
+ 367 388
+ 363 376
+ 356 382
+ 354 392
+ 354 379
+ 354 388
+ 354 367
+ 354 385
+ 353 379
+ 353 385
+ 353 392
+ 353 388
+ 353 354
+ 353 367
+ 351 379
+ 351 353
+ 351 388
+ 351 354
+ 351 367
+ 351 385
+ 351 392
+ 349 394
+ 346 379
+ 346 367
+ 346 388
+ 346 385
+ 346 354
+ 346 353
+ 346 351
+ 346 392
+ 344 398
+ 342 361
+ 340 370
+ 339 346
+ 339 353
+ 339 388
+ 339 367
+ 339 385
+ 339 392
+ 339 379
+ 339 354
+ 339 351
+ 335 396
+ 334 383
+ 328 389
+ 326 353
+ 326 339
+ 326 379
+ 326 354
+ 326 351
+ 326 388
+ 326 367
+ 326 392
+ 326 346
+ 326 385
+ 323 345
+ 323 364
+ 322 385
+ 322 339
+ 322 392
+ 322 346
+ 322 388
+ 322 379
+ 322 353
+ 322 367
+ 322 354
+ 322 351
+ 322 326
+ 321 353
+ 321 351
+ 321 346
+ 321 392
+ 321 379
+ 321 339
+ 321 388
+ 321 354
+ 321 326
+ 321 322
+ 321 367
+ 321 385
+ 320 339
+ 320 392
+ 320 367
+ 320 351
+ 320 326
+ 320 354
+ 320 321
+ 320 346
+ 320 353
+ 320 379
+ 320 388
+ 320 385
+ 320 322
+ 319 397
+ 313 365
+ 313 389
+ 311 390
+ 309 375
+ 308 328
+ 306 325
+ 306 400
+ 305 331
+ 303 348
+ 302 372
+ 298 339
+ 298 392
+ 298 346
+ 298 367
+ 298 354
+ 298 351
+ 298 322
+ 298 388
+ 298 353
+ 298 321
+ 298 379
+ 298 320
+ 298 385
+ 298 326
+ 297 398
+ 295 393
+ 294 309
+ 294 303
+ 293 326
+ 293 353
+ 293 379
+ 293 388
+ 293 321
+ 293 354
+ 293 339
+ 293 322
+ 293 367
+ 293 320
+ 293 351
+ 293 346
+ 293 298
+ 293 385
+ 293 392
+ 292 305
+ 291 392
+ 291 320
+ 291 351
+ 291 298
+ 291 321
+ 291 346
+ 291 388
+ 291 353
+ 291 385
+ 291 322
+ 291 354
+ 291 293
+ 291 326
+ 291 339
+ 291 379
+ 291 367
+ 289 331
+ 289 381
+ 288 333
+ 288 366
+ 287 386
+ 285 351
+ 285 346
+ 285 392
+ 285 339
+ 285 353
+ 285 379
+ 285 322
+ 285 320
+ 285 293
+ 285 367
+ 285 291
+ 285 298
+ 285 326
+ 285 388
+ 285 321
+ 285 354
+ 285 385
+ 278 325
+ 278 300
+ 277 281
+ 276 395
+ 275 384
+ 272 372
+ 271 272
+ 270 319
+ 268 295
+ 267 345
+ 264 383
+ 263 291
+ 263 379
+ 263 339
+ 263 346
+ 263 322
+ 263 351
+ 263 326
+ 263 367
+ 263 353
+ 263 388
+ 263 285
+ 263 293
+ 263 392
+ 263 354
+ 263 298
+ 263 320
+ 263 321
+ 263 385
+ 258 314
+ 256 270
+ 255 311
+ 253 258
+ 252 367
+ 252 346
+ 252 320
+ 252 379
+ 252 392
+ 252 322
+ 252 263
+ 252 353
+ 252 293
+ 252 285
+ 252 298
+ 252 351
+ 252 321
+ 252 354
+ 252 385
+ 252 291
+ 252 326
+ 252 339
+ 252 388
+ 251 308
+ 249 290
+ 248 271
+ 247 333
+ 246 252
+ 246 321
+ 246 388
+ 246 385
+ 246 367
+ 246 291
+ 246 354
+ 246 326
+ 246 298
+ 246 346
+ 246 379
+ 246 353
+ 246 351
+ 246 339
+ 246 320
+ 246 293
+ 246 322
+ 246 392
+ 246 285
+ 246 263
+ 245 343
+ 243 262
+ 242 249
+ 240 310
+ 240 265
+ 239 321
+ 239 252
+ 239 293
+ 239 326
+ 239 353
+ 239 388
+ 239 285
+ 239 339
+ 239 379
+ 239 322
+ 239 298
+ 239 263
+ 239 320
+ 239 367
+ 239 392
+ 239 346
+ 239 351
+ 239 385
+ 239 291
+ 239 246
+ 239 354
+ 237 350
+ 237 395
+ 235 251
+ 234 320
+ 234 322
+ 234 321
+ 234 354
+ 234 291
+ 234 385
+ 234 351
+ 234 298
+ 234 379
+ 234 246
+ 234 367
+ 234 388
+ 234 326
+ 234 339
+ 234 392
+ 234 353
+ 234 263
+ 234 285
+ 234 239
+ 234 293
+ 234 346
+ 234 252
+ 233 241
+ 231 280
+ 231 247
+ 229 273
+ 228 378
+ 226 321
+ 226 320
+ 226 354
+ 226 388
+ 226 285
+ 226 385
+ 226 339
+ 226 246
+ 226 234
+ 226 392
+ 226 298
+ 226 351
+ 226 291
+ 226 346
+ 226 379
+ 226 293
+ 226 367
+ 226 326
+ 226 239
+ 226 322
+ 226 353
+ 226 263
+ 226 252
+ 225 397
+ 224 315
+ 224 362
+ 223 252
+ 223 326
+ 223 346
+ 223 321
+ 223 385
+ 223 353
+ 223 298
+ 223 392
+ 223 379
+ 223 320
+ 223 367
+ 223 293
+ 223 322
+ 223 285
+ 223 246
+ 223 388
+ 223 234
+ 223 263
+ 223 291
+ 223 226
+ 223 351
+ 223 354
+ 223 339
+ 223 239
+ 222 399
+ 221 330
+ 220 385
+ 220 246
+ 220 291
+ 220 320
+ 220 298
+ 220 293
+ 220 392
+ 220 354
+ 220 339
+ 220 223
+ 220 285
+ 220 326
+ 220 321
+ 220 388
+ 220 252
+ 220 234
+ 220 263
+ 220 353
+ 220 346
+ 220 367
+ 220 351
+ 220 239
+ 220 226
+ 220 322
+ 220 379
+ 218 341
+ 217 320
+ 217 321
+ 217 367
+ 217 354
+ 217 392
+ 217 263
+ 217 223
+ 217 351
+ 217 285
+ 217 388
+ 217 234
+ 217 322
+ 217 385
+ 217 326
+ 217 293
+ 217 346
+ 217 220
+ 217 353
+ 217 298
+ 217 246
+ 217 291
+ 217 252
+ 217 226
+ 217 339
+ 217 239
+ 217 379
+ 216 382
+ 214 316
+ 213 329
+ 212 279
+ 212 242
+ 211 275
+ 210 329
+ 209 387
+ 207 246
+ 207 351
+ 207 388
+ 207 392
+ 207 367
+ 207 239
+ 207 326
+ 207 322
+ 207 346
+ 207 291
+ 207 354
+ 207 293
+ 207 339
+ 207 379
+ 207 385
+ 207 263
+ 207 298
+ 207 321
+ 207 252
+ 207 285
+ 207 217
+ 207 234
+ 207 223
+ 207 226
+ 207 220
+ 207 353
+ 207 320
+ 206 285
+ 206 339
+ 206 367
+ 206 226
+ 206 385
+ 206 321
+ 206 246
+ 206 388
+ 206 293
+ 206 346
+ 206 392
+ 206 217
+ 206 207
+ 206 326
+ 206 351
+ 206 220
+ 206 234
+ 206 298
+ 206 322
+ 206 291
+ 206 320
+ 206 353
+ 206 223
+ 206 239
+ 206 252
+ 206 263
+ 206 354
+ 206 379
+ 205 220
+ 205 321
+ 205 353
+ 205 388
+ 205 339
+ 205 320
+ 205 322
+ 205 246
+ 205 385
+ 205 351
+ 205 239
+ 205 354
+ 205 346
+ 205 367
+ 205 226
+ 205 298
+ 205 234
+ 205 263
+ 205 207
+ 205 217
+ 205 223
+ 205 379
+ 205 326
+ 205 252
+ 205 285
+ 205 392
+ 205 291
+ 205 293
+ 205 206
+ 204 307
+ 203 292
+ 202 344
+ 201 366
+ 200 312
+ 198 234
+ 198 205
+ 198 354
+ 198 291
+ 198 239
+ 198 326
+ 198 263
+ 198 388
+ 198 320
+ 198 322
+ 198 252
+ 198 298
+ 198 367
+ 198 207
+ 198 206
+ 198 392
+ 198 379
+ 198 351
+ 198 246
+ 198 226
+ 198 339
+ 198 321
+ 198 223
+ 198 385
+ 198 353
+ 198 346
+ 198 285
+ 198 217
+ 198 220
+ 198 293
+ 197 312
+ 196 202
+ 195 360
+ 195 209
+ 194 367
+ 194 220
+ 194 234
+ 194 320
+ 194 207
+ 194 353
+ 194 291
+ 194 339
+ 194 354
+ 194 326
+ 194 285
+ 194 223
+ 194 379
+ 194 226
+ 194 293
+ 194 392
+ 194 322
+ 194 239
+ 194 246
+ 194 206
+ 194 298
+ 194 217
+ 194 321
+ 194 385
+ 194 351
+ 194 252
+ 194 346
+ 194 388
+ 194 263
+ 194 205
+ 194 198
+ 193 213
+ 191 229
+ 190 324
+ 189 280
+ 187 379
+ 187 354
+ 187 353
+ 187 207
+ 187 285
+ 187 223
+ 187 226
+ 187 206
+ 187 234
+ 187 351
+ 187 246
+ 187 194
+ 187 198
+ 187 326
+ 187 239
+ 187 321
+ 187 293
+ 187 322
+ 187 263
+ 187 298
+ 187 392
+ 187 367
+ 187 220
+ 187 346
+ 187 291
+ 187 252
+ 187 320
+ 187 385
+ 187 388
+ 187 217
+ 187 339
+ 187 205
+ 185 188
+ 184 291
+ 184 388
+ 184 205
+ 184 385
+ 184 392
+ 184 263
+ 184 198
+ 184 321
+ 184 339
+ 184 326
+ 184 234
+ 184 207
+ 184 226
+ 184 252
+ 184 239
+ 184 217
+ 184 322
+ 184 298
+ 184 379
+ 184 293
+ 184 223
+ 184 246
+ 184 346
+ 184 351
+ 184 353
+ 183 219
+ 182 201
+ 181 199
+ 180 371
+ 180 378
+ 179 318
+ 177 394
+ 176 368
+ 176 255
+ 175 265
+ 175 260
+ 174 297
+ 174 282
+ 173 182
+ 172 192
+ 171 274
+ 170 399
+ 170 221
+ 169 373
+ 168 332
+ 166 244
+ 165 341
+ 164 282
+ 164 356
+ 163 186
+ 162 259
+ 162 355
+ 161 286
+ 161 264
+ 160 351
+ 160 207
+ 160 346
+ 160 353
+ 160 252
+ 160 385
+ 160 217
+ 160 206
+ 160 388
+ 160 293
+ 160 187
+ 160 291
+ 160 298
+ 160 246
+ 160 285
+ 160 379
+ 160 322
+ 160 339
+ 160 392
+ 160 198
+ 160 320
+ 160 263
+ 160 205
+ 160 220
+ 160 184
+ 160 239
+ 160 226
+ 160 367
+ 160 354
+ 160 223
+ 160 234
+ 160 194
+ 160 321
+ 160 326
+ 158 293
+ 158 207
+ 158 291
+ 158 388
+ 158 320
+ 158 322
+ 158 354
+ 158 223
+ 158 217
+ 158 194
+ 158 206
+ 158 220
+ 158 379
+ 158 351
+ 158 339
+ 158 298
+ 158 326
+ 158 385
+ 158 198
+ 158 321
+ 158 160
+ 158 234
+ 158 187
+ 158 392
+ 158 346
+ 158 353
+ 158 252
+ 158 246
+ 158 205
+ 158 226
+ 158 285
+ 158 263
+ 158 239
+ 158 367
+ 156 352
+ 155 223
+ 155 234
+ 155 367
+ 155 184
+ 155 239
+ 155 205
+ 155 263
+ 155 385
+ 155 158
+ 155 217
+ 155 226
+ 155 353
+ 155 160
+ 155 206
+ 155 194
+ 155 320
+ 155 246
+ 155 321
+ 155 187
+ 155 298
+ 155 326
+ 155 198
+ 155 339
+ 155 379
+ 155 322
+ 155 351
+ 155 252
+ 155 285
+ 155 207
+ 155 354
+ 155 293
+ 155 388
+ 155 220
+ 155 291
+ 155 346
+ 155 392
+ 154 370
+ 153 371
+ 153 381
+ 152 236
+ 152 362
+ 150 301
+ 148 327
+ 147 349
+ 145 227
+ 145 276
+ 144 184
+ 144 194
+ 144 321
+ 144 158
+ 144 220
+ 144 285
+ 144 353
+ 144 293
+ 144 379
+ 144 160
+ 144 320
+ 144 246
+ 144 198
+ 144 252
+ 144 206
+ 144 223
+ 144 346
+ 144 217
+ 144 298
+ 144 326
+ 144 354
+ 144 367
+ 144 392
+ 144 207
+ 144 388
+ 144 187
+ 144 234
+ 144 155
+ 144 351
+ 144 322
+ 144 291
+ 144 385
+ 144 339
+ 144 205
+ 144 226
+ 144 239
+ 144 263
+ 143 357
+ 142 346
+ 142 160
+ 142 158
+ 142 187
+ 142 239
+ 142 252
+ 142 388
+ 142 392
+ 142 194
+ 142 155
+ 142 322
+ 142 367
+ 142 321
+ 142 184
+ 142 320
+ 142 234
+ 142 206
+ 142 144
+ 142 351
+ 142 207
+ 142 198
+ 142 285
+ 142 226
+ 142 326
+ 142 298
+ 142 205
+ 142 353
+ 142 263
+ 142 293
+ 142 339
+ 142 354
+ 142 223
+ 142 217
+ 142 385
+ 142 291
+ 142 246
+ 142 220
+ 142 379
+ 141 261
+ 141 377
+ 140 332
+ 139 208
+ 138 351
+ 138 198
+ 138 207
+ 138 385
+ 138 223
+ 138 239
+ 138 252
+ 138 353
+ 138 220
+ 138 142
+ 138 144
+ 138 321
+ 138 388
+ 138 354
+ 138 155
+ 138 205
+ 138 298
+ 138 367
+ 138 217
+ 138 158
+ 138 379
+ 138 160
+ 138 339
+ 138 246
+ 138 346
+ 138 392
+ 138 293
+ 138 206
+ 138 285
+ 138 194
+ 138 263
+ 138 226
+ 138 326
+ 138 234
+ 138 187
+ 138 184
+ 138 320
+ 138 291
+ 138 322
+ 137 284
+ 136 243
+ 135 358
+ 135 235
+ 133 179
+ 133 304
+ 132 204
+ 131 360
+ 130 283
+ 129 267
+ 128 324
+ 127 172
+ 126 379
+ 126 144
+ 126 142
+ 126 207
+ 126 226
+ 126 184
+ 126 220
+ 126 298
+ 126 339
+ 126 293
+ 126 205
+ 126 158
+ 126 187
+ 126 206
+ 126 392
+ 126 322
+ 126 155
+ 126 263
+ 126 285
+ 126 320
+ 126 194
+ 126 291
+ 126 223
+ 126 321
+ 126 234
+ 126 353
+ 126 346
+ 126 252
+ 126 138
+ 126 198
+ 126 351
+ 126 160
+ 126 217
+ 126 239
+ 126 354
+ 126 367
+ 126 388
+ 126 246
+ 126 385
+ 126 326
+ 125 268
+ 125 335
+ 124 248
+ 124 190
+ 123 134
+ 122 232
+ 121 314
+ 121 380
+ 120 385
+ 120 239
+ 120 320
+ 120 339
+ 120 285
+ 120 321
+ 120 291
+ 120 217
+ 120 158
+ 120 392
+ 120 198
+ 120 126
+ 120 263
+ 120 293
+ 120 223
+ 120 205
+ 120 187
+ 120 252
+ 120 144
+ 120 298
+ 120 220
+ 120 155
+ 120 226
+ 120 326
+ 120 160
+ 120 138
+ 120 322
+ 120 206
+ 120 388
+ 120 351
+ 120 246
+ 120 207
+ 120 367
+ 120 142
+ 120 353
+ 120 379
+ 120 194
+ 120 234
+ 120 354
+ 120 346
+ 119 392
+ 119 220
+ 119 217
+ 119 351
+ 119 206
+ 119 120
+ 119 367
+ 119 263
+ 119 158
+ 119 388
+ 119 252
+ 119 320
+ 119 160
+ 119 354
+ 119 194
+ 119 293
+ 119 385
+ 119 187
+ 119 223
+ 119 205
+ 119 321
+ 119 126
+ 119 144
+ 119 226
+ 119 155
+ 119 234
+ 119 207
+ 119 246
+ 119 138
+ 119 142
+ 119 322
+ 119 291
+ 119 353
+ 119 198
+ 119 184
+ 119 339
+ 119 326
+ 119 346
+ 119 285
+ 119 379
+ 119 298
+ 119 239
+ 118 283
+ 117 163
+ 116 233
+ 116 359
+ 115 197
+ 114 346
+ 114 320
+ 114 339
+ 114 392
+ 114 142
+ 114 144
+ 114 119
+ 114 194
+ 114 379
+ 114 239
+ 114 220
+ 114 321
+ 114 298
+ 114 385
+ 114 207
+ 114 263
+ 114 184
+ 114 138
+ 114 367
+ 114 198
+ 114 322
+ 114 160
+ 114 388
+ 114 223
+ 114 285
+ 114 126
+ 114 155
+ 114 291
+ 114 252
+ 114 226
+ 114 187
+ 114 354
+ 114 326
+ 114 246
+ 114 234
+ 114 293
+ 114 120
+ 114 353
+ 114 205
+ 114 217
+ 114 206
+ 114 158
+ 114 351
+ 113 150
+ 112 234
+ 112 392
+ 112 379
+ 112 205
+ 112 385
+ 112 293
+ 112 246
+ 112 217
+ 112 354
+ 112 285
+ 112 388
+ 112 291
+ 112 226
+ 112 207
+ 112 339
+ 112 353
+ 112 326
+ 112 206
+ 112 351
+ 112 114
+ 112 220
+ 112 160
+ 112 155
+ 112 322
+ 112 144
+ 112 320
+ 112 138
+ 112 158
+ 112 126
+ 112 252
+ 112 198
+ 112 142
+ 112 120
+ 112 187
+ 112 119
+ 112 239
+ 112 367
+ 112 298
+ 112 346
+ 112 223
+ 112 194
+ 112 263
+ 112 321
+ 111 257
+ 111 165
+ 110 327
+ 110 301
+ 109 354
+ 109 322
+ 109 120
+ 109 206
+ 109 126
+ 109 198
+ 109 285
+ 109 112
+ 109 205
+ 109 220
+ 109 119
+ 109 252
+ 109 234
+ 109 246
+ 109 298
+ 109 346
+ 109 339
+ 109 217
+ 109 138
+ 109 239
+ 109 392
+ 109 184
+ 109 351
+ 109 142
+ 109 293
+ 109 144
+ 109 226
+ 109 114
+ 109 155
+ 109 385
+ 109 263
+ 109 388
+ 109 158
+ 109 187
+ 109 223
+ 109 379
+ 109 194
+ 109 291
+ 109 207
+ 109 160
+ 109 367
+ 109 321
+ 109 320
+ 109 326
+ 109 353
+ 108 296
+ 108 338
+ 107 140
+ 106 287
+ 106 363
+ 105 188
+ 104 358
+ 104 250
+ 103 337
+ 102 228
+ 102 254
+ 101 279
+ 101 137
+ 100 352
+ 99 357
+ 99 115
+ 98 317
+ 98 129
+ 97 253
+ 96 167
+ 96 299
+ 95 138
+ 95 187
+ 95 217
+ 95 112
+ 95 119
+ 95 246
+ 95 194
+ 95 339
+ 95 388
+ 95 207
+ 95 109
+ 95 198
+ 95 354
+ 95 392
+ 95 155
+ 95 220
+ 95 293
+ 95 114
+ 95 142
+ 95 320
+ 95 120
+ 95 184
+ 95 206
+ 95 379
+ 95 263
+ 95 326
+ 95 239
+ 95 160
+ 95 226
+ 95 126
+ 95 158
+ 95 385
+ 95 321
+ 95 252
+ 95 144
+ 95 351
+ 95 346
+ 95 234
+ 95 205
+ 95 223
+ 95 285
+ 95 298
+ 95 353
+ 95 367
+ 95 322
+ 95 291
+ 94 250
+ 93 387
+ 93 266
+ 92 215
+ 92 238
+ 91 105
+ 91 281
+ 90 337
+ 90 269
+ 89 350
+ 89 139
+ 88 266
+ 88 391
+ 87 300
+ 87 157
+ 86 178
+ 86 181
+ 85 169
+ 84 348
+ 84 260
+ 83 206
+ 83 293
+ 83 207
+ 83 321
+ 83 205
+ 83 217
+ 83 322
+ 83 112
+ 83 291
+ 83 120
+ 83 119
+ 83 388
+ 83 144
+ 83 234
+ 83 126
+ 83 220
+ 83 252
+ 83 263
+ 83 339
+ 83 392
+ 83 379
+ 83 246
+ 83 158
+ 83 354
+ 83 226
+ 83 351
+ 83 385
+ 83 138
+ 83 298
+ 83 353
+ 83 194
+ 83 114
+ 83 109
+ 83 346
+ 83 155
+ 83 320
+ 83 223
+ 83 184
+ 83 239
+ 83 142
+ 83 95
+ 83 367
+ 83 285
+ 83 187
+ 83 198
+ 83 160
+ 83 326
+ 82 134
+ 82 315
+ 80 148
+ 78 232
+ 78 94
+ 77 342
+ 76 131
+ 76 284
+ 74 227
+ 74 374
+ 73 218
+ 73 215
+ 72 299
+ 72 310
+ 71 343
+ 70 256
+ 70 157
+ 69 336
+ 69 171
+ 68 136
+ 68 396
+ 67 361
+ 67 244
+ 66 151
+ 65 199
+ 64 132
+ 63 390
+ 63 100
+ 62 75
+ 62 85
+ 61 273
+ 61 261
+ 60 222
+ 60 178
+ 59 347
+ 59 146
+ 58 340
+ 58 128
+ 57 285
+ 57 367
+ 57 298
+ 57 184
+ 57 126
+ 57 385
+ 57 160
+ 57 263
+ 57 138
+ 57 120
+ 57 194
+ 57 207
+ 57 326
+ 57 114
+ 57 223
+ 57 95
+ 57 291
+ 57 239
+ 57 217
+ 57 226
+ 57 109
+ 57 339
+ 57 392
+ 57 321
+ 57 206
+ 57 252
+ 57 158
+ 57 198
+ 57 119
+ 57 142
+ 57 155
+ 57 351
+ 57 187
+ 57 388
+ 57 379
+ 57 205
+ 57 320
+ 57 246
+ 57 354
+ 57 346
+ 57 293
+ 57 112
+ 57 83
+ 57 234
+ 57 353
+ 57 144
+ 57 322
+ 57 220
+ 56 81
+ 56 364
+ 55 173
+ 55 210
+ 54 184
+ 54 230
+ 53 203
+ 53 380
+ 52 316
+ 52 254
+ 51 77
+ 51 185
+ 50 138
+ 50 385
+ 50 322
+ 50 119
+ 50 126
+ 50 57
+ 50 320
+ 50 114
+ 50 367
+ 50 252
+ 50 109
+ 50 326
+ 50 223
+ 50 198
+ 50 206
+ 50 346
+ 50 158
+ 50 351
+ 50 142
+ 50 120
+ 50 187
+ 50 207
+ 50 388
+ 50 160
+ 50 144
+ 50 194
+ 50 83
+ 50 217
+ 50 321
+ 50 339
+ 50 239
+ 50 291
+ 50 112
+ 50 298
+ 50 379
+ 50 220
+ 50 155
+ 50 226
+ 50 95
+ 50 205
+ 50 246
+ 50 234
+ 50 353
+ 50 354
+ 50 285
+ 50 293
+ 50 263
+ 50 392
+ 49 208
+ 49 257
+ 48 57
+ 48 119
+ 48 207
+ 48 198
+ 48 385
+ 48 120
+ 48 298
+ 48 206
+ 48 246
+ 48 252
+ 48 320
+ 48 351
+ 48 239
+ 48 354
+ 48 142
+ 48 346
+ 48 223
+ 48 184
+ 48 158
+ 48 263
+ 48 126
+ 48 114
+ 48 234
+ 48 367
+ 48 293
+ 48 321
+ 48 326
+ 48 322
+ 48 205
+ 48 339
+ 48 109
+ 48 155
+ 48 160
+ 48 220
+ 48 50
+ 48 353
+ 48 83
+ 48 291
+ 48 217
+ 48 388
+ 48 226
+ 48 285
+ 48 138
+ 48 392
+ 48 95
+ 48 194
+ 48 379
+ 48 144
+ 48 187
+ 48 112
+ 47 219
+ 47 307
+ 46 117
+ 46 151
+ 45 238
+ 45 127
+ 44 388
+ 44 263
+ 44 321
+ 44 322
+ 44 217
+ 44 57
+ 44 120
+ 44 158
+ 44 207
+ 44 252
+ 44 144
+ 44 293
+ 44 48
+ 44 95
+ 44 346
+ 44 184
+ 44 320
+ 44 119
+ 44 385
+ 44 223
+ 44 246
+ 44 112
+ 44 367
+ 44 354
+ 44 50
+ 44 326
+ 44 379
+ 44 83
+ 44 291
+ 44 114
+ 44 194
+ 44 160
+ 44 239
+ 44 220
+ 44 339
+ 44 109
+ 44 353
+ 44 205
+ 44 155
+ 44 234
+ 44 226
+ 44 198
+ 44 351
+ 44 142
+ 44 138
+ 44 392
+ 44 298
+ 44 126
+ 44 285
+ 44 187
+ 44 206
+ 43 81
+ 43 191
+ 42 50
+ 42 144
+ 42 263
+ 42 158
+ 42 160
+ 42 44
+ 42 239
+ 42 138
+ 42 379
+ 42 293
+ 42 95
+ 42 339
+ 42 114
+ 42 206
+ 42 285
+ 42 392
+ 42 322
+ 42 246
+ 42 126
+ 42 223
+ 42 207
+ 42 353
+ 42 346
+ 42 354
+ 42 48
+ 42 83
+ 42 217
+ 42 198
+ 42 109
+ 42 120
+ 42 112
+ 42 321
+ 42 194
+ 42 326
+ 42 205
+ 42 155
+ 42 234
+ 42 119
+ 42 298
+ 42 57
+ 42 320
+ 42 252
+ 42 291
+ 42 385
+ 42 226
+ 42 142
+ 42 187
+ 42 367
+ 42 388
+ 42 184
+ 42 220
+ 42 351
+ 41 75
+ 41 368
+ 40 262
+ 39 216
+ 39 71
+ 38 118
+ 38 166
+ 37 107
+ 37 66
+ 36 193
+ 36 159
+ 35 386
+ 35 168
+ 34 177
+ 34 80
+ 33 142
+ 33 326
+ 33 155
+ 33 206
+ 33 207
+ 33 246
+ 33 285
+ 33 114
+ 33 298
+ 33 120
+ 33 109
+ 33 321
+ 33 194
+ 33 217
+ 33 354
+ 33 388
+ 33 83
+ 33 50
+ 33 263
+ 33 322
+ 33 160
+ 33 112
+ 33 353
+ 33 198
+ 33 339
+ 33 95
+ 33 293
+ 33 126
+ 33 144
+ 33 187
+ 33 392
+ 33 44
+ 33 158
+ 33 239
+ 33 57
+ 33 379
+ 33 367
+ 33 226
+ 33 385
+ 33 220
+ 33 252
+ 33 346
+ 33 48
+ 33 42
+ 33 184
+ 33 234
+ 33 119
+ 33 205
+ 33 138
+ 33 291
+ 33 351
+ 33 223
+ 33 320
+ 32 302
+ 32 149
+ 31 64
+ 31 373
+ 30 277
+ 30 40
+ 29 367
+ 29 109
+ 29 291
+ 29 83
+ 29 226
+ 29 293
+ 29 120
+ 29 392
+ 29 205
+ 29 95
+ 29 320
+ 29 326
+ 29 298
+ 29 144
+ 29 158
+ 29 57
+ 29 126
+ 29 234
+ 29 138
+ 29 239
+ 29 354
+ 29 114
+ 29 339
+ 29 252
+ 29 155
+ 29 379
+ 29 187
+ 29 322
+ 29 353
+ 29 223
+ 29 346
+ 29 142
+ 29 351
+ 29 119
+ 29 44
+ 29 246
+ 29 48
+ 29 198
+ 29 388
+ 29 385
+ 29 220
+ 29 321
+ 29 42
+ 29 217
+ 29 194
+ 29 285
+ 29 263
+ 29 50
+ 29 207
+ 29 206
+ 29 112
+ 29 160
+ 29 33
+ 29 184
+ 28 147
+ 28 347
+ 27 122
+ 27 154
+ 26 196
+ 26 143
+ 25 334
+ 25 317
+ 24 149
+ 24 290
+ 23 146
+ 23 230
+ 22 225
+ 22 355
+ 21 192
+ 21 159
+ 20 330
+ 20 113
+ 19 369
+ 19 296
+ 18 214
+ 17 304
+ 17 269
+ 16 186
+ 16 167
+ 15 65
+ 15 236
+ 14 286
+ 14 318
+ 13 274
+ 13 130
+ 12 241
+ 12 79
+ 11 259
+ 11 200
+ 10 336
+ 10 123
+ 9 293
+ 9 206
+ 9 160
+ 9 354
+ 9 44
+ 9 379
+ 9 50
+ 9 263
+ 9 322
+ 9 367
+ 9 320
+ 9 339
+ 9 144
+ 9 29
+ 9 48
+ 9 388
+ 9 353
+ 9 198
+ 9 112
+ 9 226
+ 9 194
+ 9 57
+ 9 326
+ 9 158
+ 9 138
+ 9 207
+ 9 246
+ 9 120
+ 9 155
+ 9 385
+ 9 223
+ 9 42
+ 9 346
+ 9 126
+ 9 217
+ 9 205
+ 9 109
+ 9 285
+ 9 83
+ 9 392
+ 9 321
+ 9 119
+ 9 351
+ 9 298
+ 9 95
+ 9 291
+ 9 252
+ 9 239
+ 9 142
+ 9 114
+ 9 220
+ 9 33
+ 9 184
+ 9 234
+ 9 187
+ 8 18
+ 8 189
+ 7 109
+ 7 158
+ 7 48
+ 7 252
+ 7 207
+ 7 291
+ 7 293
+ 7 321
+ 7 385
+ 7 205
+ 7 155
+ 7 367
+ 7 144
+ 7 354
+ 7 346
+ 7 226
+ 7 112
+ 7 29
+ 7 160
+ 7 142
+ 7 223
+ 7 351
+ 7 220
+ 7 246
+ 7 379
+ 7 50
+ 7 194
+ 7 388
+ 7 95
+ 7 320
+ 7 206
+ 7 285
+ 7 126
+ 7 326
+ 7 57
+ 7 114
+ 7 234
+ 7 263
+ 7 33
+ 7 198
+ 7 239
+ 7 353
+ 7 184
+ 7 217
+ 7 120
+ 7 9
+ 7 83
+ 7 119
+ 7 187
+ 7 298
+ 7 42
+ 7 44
+ 7 392
+ 7 322
+ 7 138
+ 7 339
+ 6 359
+ 6 103
+ 5 183
+ 5 79
+ 4 384
+ 4 338
+ 3 97
+ 3 211
+ 2 83
+ 2 205
+ 2 29
+ 2 160
+ 2 379
+ 2 367
+ 2 119
+ 2 298
+ 2 50
+ 2 320
+ 2 198
+ 2 142
+ 2 184
+ 2 351
+ 2 321
+ 2 42
+ 2 354
+ 2 346
+ 2 158
+ 2 339
+ 2 48
+ 2 144
+ 2 112
+ 2 246
+ 2 109
+ 2 126
+ 2 206
+ 2 33
+ 2 388
+ 2 385
+ 2 252
+ 2 217
+ 2 155
+ 2 187
+ 2 223
+ 2 285
+ 2 95
+ 2 226
+ 2 207
+ 2 44
+ 2 114
+ 2 220
+ 2 138
+ 2 353
+ 2 263
+ 2 234
+ 2 392
+ 2 120
+ 2 194
+ 2 9
+ 2 293
+ 2 291
+ 2 7
+ 2 239
+ 2 326
+ 2 322
+ 2 57
- 1 365
- 1 313
- 1 389
- 1 328
- 1 308
- 1 251
- 1 235
- 1 135
- 1 358
- 1 104
- 1 250
- 1 94
- 1 78
- 1 232
- 1 122
- 1 27
- 1 154
- 1 370
- 1 340
- 1 58
- 1 128
- 1 324
- 1 190
- 1 124
- 1 248
- 1 271
- 1 272
- 1 372
- 1 302
- 1 32
- 1 149
- 1 24
- 1 290
- 1 249
- 1 242
- 1 212
- 1 279
- 1 101
- 1 137
- 1 284
- 1 76
- 1 131
- 1 360
- 1 195
- 1 209
- 1 387
- 1 93
- 1 266
- 1 88
- 1 391
- 1 377
- 1 141
- 1 261
- 1 61
- 1 273
- 1 229
- 1 191
- 1 43
- 1 81
- 1 56
- 1 364
- 1 323
- 1 345
- 1 267
- 1 129
- 1 98
- 1 317
- 1 25
- 1 334
- 1 383
- 1 264
- 1 161
- 1 286
- 1 14
- 1 318
- 1 179
- 1 133
- 1 304
- 1 17
- 1 269
- 1 90
- 1 337
- 1 103
- 1 6
- 1 359
- 1 116
- 1 233
- 1 241
- 1 12
- 1 79
- 1 5
- 1 183
- 1 219
- 1 47
- 1 307
- 1 204
- 1 132
- 1 64
- 1 31
- 1 373
- 1 169
- 1 85
- 1 62
- 1 75
- 1 41
- 1 368
- 1 176
- 1 255
- 1 311
- 1 390
- 1 63
- 1 100
- 1 352
- 1 119
- 1 298
- 1 2
- 1 9
- 1 234
- 1 293
- 1 198
- 1 194
- 1 160
- 1 126
- 1 246
- 1 285
- 1 354
- 1 120
- 1 346
- 1 155
- 1 392
- 1 50
- 1 226
- 1 144
- 1 263
- 1 385
- 1 321
- 1 109
- 1 326
- 1 83
- 1 95
- 1 291
- 1 138
- 1 322
- 1 57
- 1 220
- 1 142
- 1 379
- 1 217
- 1 114
- 1 351
- 1 42
- 1 388
- 1 252
- 1 339
- 1 7
- 1 44
- 1 206
- 1 205
- 1 187
- 1 48
- 1 112
- 1 223
- 1 239
- 1 158
- 1 367
- 1 353
- 1 207
- 1 320
- 1 33
- 1 29
- 1 184
- 1 54
- 1 230
- 1 23
- 1 146
- 1 59
- 1 347
- 1 28
- 1 147
- 1 349
- 1 394
- 1 177
- 1 34
- 1 80
- 1 148
- 1 327
- 1 110
- 1 301
- 1 150
- 1 113
- 1 20
- 1 330
- 1 221
- 1 170
- 1 399
- 1 222
- 1 60
- 1 178
- 1 86
- 1 181
- 1 199
- 1 65
- 1 15
- 1 236
- 1 152
- 1 362
- 1 224
- 1 315
- 1 82
- 1 134
- 1 123
- 1 10
- 1 336
- 1 69
- 1 171
- 1 274
- 1 13
- 1 130
- 1 283
- 1 118
- 1 38
- 1 166
- 1 244
- 1 67
- 1 361
- 1 342
- 1 77
- 1 51
- 1 185
- 1 188
- 1 105
- 1 91
- 1 281
- 1 277
- 1 30
- 1 40
- 1 262
- 1 243
- 1 136
- 1 68
- 1 396
- 1 335
- 1 125
- 1 268
- 1 295
- 1 393
- 1 375
- 1 309
- 1 294
- 1 303
- 1 348
- 1 84
- 1 260
- 1 175
- 1 265
- 1 240
- 1 310
- 1 72
- 1 299
- 1 96
- 1 167
- 1 16
- 1 186
- 1 163
- 1 117
- 1 46
- 1 151
- 1 66
- 1 37
- 1 107
- 1 140
- 1 332
- 1 168
- 1 35
- 1 386
- 1 287
- 1 106
- 1 363
- 1 376
- 1 369
- 1 19
- 1 296
- 1 108
- 1 338
- 1 4
- 1 384
- 1 275
- 1 211
- 1 3
- 1 97
- 1 253
- 1 258
- 1 314
- 1 121
- 1 380
- 1 53
- 1 203
- 1 292
- 1 305
- 1 331
- 1 289
- 1 381
- 1 153
- 1 371
- 1 180
- 1 378
- 1 228
- 1 102
- 1 254
- 1 52
- 1 316
- 1 214
- 1 18
- 1 8
- 1 189
- 1 280
- 1 231
- 1 247
- 1 333
- 1 288
- 1 366
- 1 201
- 1 182
- 1 173
- 1 55
- 1 210
- 1 329
- 1 213
- 1 193
- 1 36
- 1 159
- 1 21
- 1 192
- 1 172
- 1 127
- 1 45
- 1 238
- 1 92
- 1 215
- 1 73
- 1 218
- 1 341
- 1 165
- 1 111
- 1 257
- 1 49
- 1 208
- 1 139
- 1 89
- 1 350
- 1 237
- 1 395
- 1 276
- 1 145
- 1 227
- 1 74
- 1 374
- 1 400
- 1 306
- 1 325
- 1 278
- 1 300
- 1 87
- 1 157
- 1 70
- 1 256
- 1 270
- 1 319
- 1 397
- 1 225
- 1 22
- 1 355
- 1 162
- 1 259
- 1 11
- 1 200
- 1 312
- 1 197
- 1 115
- 1 99
- 1 357
- 1 143
- 1 26
- 1 196
- 1 202
- 1 344
- 1 398
- 1 297
- 1 174
- 1 282
- 1 164
- 1 356
- 1 382
- 1 216
- 1 39
- 1 71
- 343 1
