7718
+ 1 4
+ 1 352
+ 1 857
+ 1 541
+ 1 452
+ 1 578
+ 1 774
+ 1 442
+ 1 55
+ 1 500
+ 1 412
+ 1 250
+ 1 112
+ 1 221
+ 1 107
+ 1 588
+ 1 812
+ 1 613
+ 1 829
+ 1 94
+ 1 406
+ 1 497
+ 1 151
+ 1 195
+ 1 661
+ 1 697
+ 1 856
+ 1 430
+ 1 9
+ 1 701
+ 1 631
+ 1 746
+ 1 206
+ 1 565
+ 1 169
+ 1 216
+ 1 42
+ 1 677
+ 1 520
+ 1 706
+ 1 8
+ 1 869
+ 1 238
+ 1 482
+ 1 138
+ 1 57
+ 1 789
+ 1 621
+ 1 397
+ 1 207
+ 1 335
+ 1 787
+ 1 532
+ 1 185
+ 1 626
+ 1 192
+ 1 448
+ 1 586
+ 1 470
+ 1 393
+ 1 119
+ 1 282
+ 1 422
+ 1 99
+ 1 553
+ 1 116
+ 1 98
+ 1 197
+ 1 447
+ 1 315
+ 1 293
+ 1 818
+ 1 820
+ 1 220
+ 1 870
+ 1 77
+ 1 720
+ 1 813
+ 1 217
+ 1 281
+ 1 542
+ 1 760
+ 1 714
+ 1 475
+ 1 606
+ 1 377
+ 1 807
+ 1 641
+ 1 639
+ 1 496
+ 1 489
+ 1 768
+ 1 353
+ 1 604
+ 1 337
+ 1 781
+ 1 180
+ 1 824
+ 1 494
+ 1 336
+ 1 796
+ 1 716
+ 1 653
+ 1 268
+ 1 10
+ 1 596
+ 1 658
+ 1 175
+ 1 106
+ 1 460
+ 1 659
+ 1 267
+ 1 65
+ 1 436
+ 1 652
+ 1 462
+ 1 355
+ 1 810
+ 1 280
+ 1 440
+ 1 101
+ 1 478
+ 1 725
+ 1 519
+ 1 12
+ 1 614
+ 1 624
+ 1 481
+ 1 420
+ 1 123
+ 1 245
+ 1 608
+ 1 291
+ 1 840
+ 1 484
+ 1 555
+ 1 182
+ 1 485
+ 1 134
+ 1 277
+ 1 799
+ 1 399
+ 1 488
+ 1 254
+ 1 737
+ 1 728
+ 1 710
+ 1 75
+ 1 694
+ 1 847
+ 1 109
+ 1 806
+ 1 369
+ 1 798
+ 1 198
+ 1 147
+ 1 511
+ 1 640
+ 1 176
+ 1 816
+ 1 24
+ 1 859
+ 1 263
+ 1 103
+ 1 688
+ 1 83
+ 1 113
+ 1 304
+ 1 704
+ 1 439
+ 1 236
+ 1 317
+ 1 567
+ 1 499
+ 1 240
+ 1 557
+ 1 228
+ 1 700
+ 1 770
+ 1 309
+ 1 471
+ 1 769
+ 1 49
+ 1 536
+ 1 187
+ 1 167
+ 1 709
+ 1 778
+ 1 788
+ 1 318
+ 1 786
+ 1 404
+ 1 271
+ 1 830
+ 1 538
+ 1 214
+ 1 305
+ 1 853
+ 1 132
+ 1 350
+ 1 417
+ 1 537
+ 1 755
+ 1 502
+ 1 431
+ 1 465
+ 1 259
+ 1 330
+ 1 748
+ 1 468
+ 1 97
+ 1 522
+ 1 849
+ 1 833
+ 1 491
+ 1 253
+ 1 114
+ 1 823
+ 1 186
+ 1 14
+ 1 312
+ 1 18
+ 1 752
+ 1 756
+ 1 390
+ 1 68
+ 1 454
+ 1 698
+ 1 662
+ 1 574
+ 1 343
+ 1 136
+ 1 842
+ 1 649
+ 1 585
+ 1 40
+ 1 464
+ 1 776
+ 1 521
+ 1 409
+ 1 687
+ 1 492
+ 1 708
+ 1 817
+ 1 32
+ 1 664
+ 1 120
+ 1 127
+ 1 530
+ 1 740
+ 1 637
+ 1 581
+ 1 722
+ 1 726
+ 1 21
+ 1 682
+ 1 191
+ 1 583
+ 1 256
+ 1 307
+ 1 598
+ 1 593
+ 1 632
+ 1 727
+ 1 209
+ 1 248
+ 1 597
+ 1 686
+ 1 673
+ 1 260
+ 1 601
+ 1 712
+ 1 839
+ 1 476
+ 1 126
+ 1 438
+ 1 3
+ 1 314
+ 1 591
+ 1 258
+ 1 363
+ 1 739
+ 1 656
+ 1 766
+ 1 445
+ 1 749
+ 1 143
+ 1 531
+ 1 469
+ 1 323
+ 1 203
+ 1 338
+ 1 696
+ 1 576
+ 1 679
+ 1 680
+ 1 683
+ 1 837
+ 1 133
+ 1 563
+ 1 161
+ 1 189
+ 1 171
+ 1 266
+ 1 299
+ 1 58
+ 1 595
+ 1 651
+ 1 793
+ 1 31
+ 1 551
+ 1 347
+ 1 559
+ 1 63
+ 1 360
+ 1 650
+ 1 193
+ 1 225
+ 1 62
+ 1 791
+ 1 455
+ 1 320
+ 1 851
+ 1 765
+ 1 743
+ 1 91
+ 1 54
+ 1 669
+ 1 692
+ 1 655
+ 1 832
+ 1 467
+ 1 525
+ 1 862
+ 1 227
+ 1 434
+ 1 441
+ 1 181
+ 1 635
+ 1 13
+ 1 744
+ 1 647
+ 1 618
+ 1 373
+ 1 617
+ 1 801
+ 1 79
+ 1 261
+ 1 270
+ 1 234
+ 1 371
+ 1 611
+ 1 89
+ 1 562
+ 1 340
+ 1 313
+ 1 142
+ 1 852
+ 1 570
+ 1 242
+ 1 814
+ 1 802
+ 1 213
+ 1 158
+ 1 645
+ 1 871
+ 1 400
+ 1 838
+ 1 423
+ 1 157
+ 1 269
+ 1 284
+ 1 738
+ 1 295
+ 1 78
+ 1 805
+ 1 289
+ 1 162
+ 1 560
+ 1 517
+ 1 616
+ 1 405
+ 1 763
+ 1 105
+ 1 331
+ 1 690
+ 1 826
+ 1 67
+ 1 324
+ 1 691
+ 1 483
+ 1 45
+ 1 734
+ 1 368
+ 1 76
+ 1 140
+ 1 303
+ 1 804
+ 1 375
+ 1 535
+ 1 855
+ 1 579
+ 1 137
+ 1 480
+ 1 329
+ 1 384
+ 1 643
+ 1 380
+ 1 546
+ 1 395
+ 1 764
+ 1 160
+ 1 803
+ 1 490
+ 1 201
+ 1 383
+ 1 386
+ 1 745
+ 1 362
+ 1 104
+ 1 424
+ 1 759
+ 1 429
+ 1 544
+ 1 609
+ 1 205
+ 1 379
+ 1 831
+ 1 148
+ 1 529
+ 1 515
+ 1 381
+ 1 130
+ 1 671
+ 1 834
+ 1 592
+ 1 278
+ 1 854
+ 1 292
+ 1 432
+ 1 365
+ 1 493
+ 1 30
+ 1 391
+ 1 594
+ 1 554
+ 1 724
+ 1 90
+ 1 345
+ 1 73
+ 1 272
+ 1 509
+ 1 779
+ 1 705
+ 1 288
+ 1 364
+ 1 311
+ 1 821
+ 1 729
+ 1 367
+ 1 348
+ 1 37
+ 1 513
+ 1 110
+ 1 396
+ 1 461
+ 1 676
+ 1 200
+ 1 87
+ 1 23
+ 1 26
+ 1 339
+ 1 125
+ 1 660
+ 1 473
+ 1 204
+ 1 427
+ 1 457
+ 1 610
+ 1 44
+ 1 247
+ 1 463
+ 1 38
+ 1 684
+ 1 782
+ 1 74
+ 1 666
+ 1 863
+ 1 667
+ 1 410
+ 1 237
+ 1 51
+ 1 385
+ 1 808
+ 1 730
+ 1 848
+ 1 319
+ 1 279
+ 1 39
+ 1 510
+ 1 188
+ 1 255
+ 1 503
+ 1 827
+ 1 501
+ 1 628
+ 1 587
+ 1 84
+ 1 715
+ 1 297
+ 1 479
+ 1 64
+ 1 603
+ 1 47
+ 1 602
+ 1 34
+ 1 580
+ 1 241
+ 1 783
+ 1 636
+ 1 758
+ 1 735
+ 1 163
+ 1 630
+ 1 681
+ 1 61
+ 1 707
+ 1 689
+ 1 88
+ 1 668
+ 1 552
+ 1 607
+ 1 208
+ 1 558
+ 1 742
+ 1 425
+ 1 498
+ 1 86
+ 1 398
+ 1 599
+ 1 505
+ 1 69
+ 1 418
+ 1 117
+ 1 523
+ 1 128
+ 1 561
+ 1 172
+ 1 413
+ 1 612
+ 1 231
+ 1 145
+ 1 66
+ 1 2
+ 1 527
+ 1 732
+ 1 19
+ 1 550
+ 1 619
+ 1 344
+ 1 154
+ 1 719
+ 1 7
+ 1 321
+ 1 421
+ 1 718
+ 1 274
+ 1 828
+ 1 411
+ 1 815
+ 1 433
+ 1 545
+ 1 95
+ 1 584
+ 1 184
+ 1 276
+ 1 868
+ 1 795
+ 1 354
+ 1 223
+ 1 547
+ 1 453
+ 1 224
+ 1 17
+ 1 358
+ 1 865
+ 1 403
+ 1 118
+ 1 569
+ 1 149
+ 1 20
+ 1 835
+ 1 526
+ 1 772
+ 1 60
+ 1 341
+ 1 466
+ 1 370
+ 1 415
+ 1 575
+ 1 178
+ 1 736
+ 1 70
+ 1 771
+ 1 27
+ 1 644
+ 1 124
+ 1 773
+ 1 472
+ 1 6
+ 1 243
+ 1 170
+ 1 685
+ 1 328
+ 1 836
+ 1 750
+ 1 861
+ 1 80
+ 1 159
+ 1 46
+ 1 374
+ 1 657
+ 1 792
+ 1 285
+ 1 675
+ 1 539
+ 1 642
+ 1 419
+ 1 646
+ 1 139
+ 1 638
+ 1 388
+ 1 378
+ 1 703
+ 1 35
+ 1 287
+ 1 678
+ 1 540
+ 1 215
+ 1 394
+ 1 22
+ 1 265
+ 1 229
+ 1 244
+ 1 246
+ 1 414
+ 1 702
+ 1 50
+ 1 41
+ 1 437
+ 1 211
+ 1 822
+ 1 52
+ 1 301
+ 1 487
+ 1 332
+ 1 401
+ 1 286
+ 1 762
+ 1 389
+ 1 156
+ 1 572
+ 1 129
+ 1 625
+ 1 257
+ 1 757
+ 1 615
+ 1 194
+ 1 589
+ 1 33
+ 1 573
+ 1 71
+ 1 741
+ 1 543
+ 1 29
+ 1 308
+ 1 183
+ 1 785
+ 1 506
+ 1 751
+ 1 322
+ 1 306
+ 1 514
+ 1 582
+ 1 153
+ 1 524
+ 1 458
+ 1 222
+ 1 695
+ 1 326
+ 1 376
+ 1 168
+ 1 16
+ 1 155
+ 1 717
+ 1 443
+ 1 407
+ 1 212
+ 1 356
+ 1 577
+ 1 780
+ 1 528
+ 1 629
+ 1 226
+ 1 72
+ 1 177
+ 1 333
+ 1 81
+ 1 846
+ 1 346
+ 1 663
+ 1 435
+ 1 111
+ 1 654
+ 1 141
+ 1 232
+ 1 310
+ 1 841
+ 1 196
+ 1 548
+ 1 249
+ 1 174
+ 1 122
+ 1 850
+ 1 670
+ 1 25
+ 1 534
+ 1 96
+ 1 82
+ 1 620
+ 1 731
+ 1 166
+ 1 723
+ 1 230
+ 1 784
+ 1 300
+ 1 844
+ 1 316
+ 1 809
+ 1 605
+ 1 426
+ 1 674
+ 1 202
+ 1 361
+ 1 15
+ 1 797
+ 1 633
+ 1 357
+ 1 451
+ 1 173
+ 1 290
+ 1 85
+ 1 866
+ 1 634
+ 1 56
+ 1 382
+ 1 825
+ 1 747
+ 1 449
+ 1 845
+ 1 342
+ 1 121
+ 1 387
+ 1 392
+ 1 858
+ 1 486
+ 1 108
+ 1 665
+ 1 59
+ 1 754
+ 1 800
+ 1 428
+ 1 790
+ 1 190
+ 1 275
+ 1 450
+ 1 146
+ 1 860
+ 1 298
+ 1 327
+ 1 533
+ 1 5
+ 1 264
+ 1 623
+ 1 43
+ 1 761
+ 1 351
+ 1 239
+ 1 568
+ 1 296
+ 1 622
+ 1 219
+ 1 218
+ 1 210
+ 1 864
+ 1 251
+ 1 713
+ 1 283
+ 1 416
+ 1 135
+ 1 444
+ 1 252
+ 1 474
+ 1 843
+ 1 627
+ 1 518
+ 1 302
+ 1 53
+ 1 233
+ 1 165
+ 1 273
+ 1 294
+ 1 150
+ 1 235
+ 1 144
+ 1 495
+ 1 28
+ 1 179
+ 1 48
+ 1 564
+ 1 777
+ 1 693
+ 1 408
+ 1 262
+ 1 753
+ 1 372
+ 1 721
+ 1 446
+ 1 504
+ 1 767
+ 1 456
+ 1 516
+ 1 590
+ 1 93
+ 1 556
+ 1 131
+ 1 92
+ 1 733
+ 1 512
+ 1 648
+ 1 115
+ 1 775
+ 1 711
+ 1 349
+ 1 794
+ 1 672
+ 1 566
+ 1 508
+ 1 164
+ 1 102
+ 1 359
+ 1 549
+ 1 811
+ 1 507
+ 1 366
+ 1 334
+ 1 100
+ 1 459
+ 1 402
+ 1 36
+ 1 199
+ 1 819
+ 1 477
- 2 66
- 2 527
- 2 437
- 2 444
- 2 412
- 2 499
- 2 585
- 2 64
- 3 701
- 3 438
- 3 114
- 3 555
- 3 314
- 3 682
- 3 618
- 3 830
- 3 814
- 4 352
- 4 325
- 4 468
- 4 86
- 4 857
- 4 429
- 4 505
- 5 264
- 5 678
- 5 397
- 5 318
- 5 411
- 6 243
- 6 472
- 6 376
- 6 458
- 6 416
- 7 719
- 7 225
- 7 321
- 7 296
- 7 846
- 7 595
- 7 474
- 8 869
- 8 337
- 8 411
- 8 706
- 8 778
- 8 812
- 8 731
- 8 82
- 8 724
- 8 549
- 9 430
- 9 701
- 9 15
- 9 387
- 9 51
- 10 268
- 10 596
- 10 851
- 10 562
- 10 227
- 11 481
- 11 530
- 11 513
- 11 624
- 11 181
- 11 671
- 12 519
- 12 614
- 12 809
- 12 706
- 12 759
- 12 621
- 12 348
- 12 774
- 12 292
- 13 744
- 13 635
- 13 585
- 13 228
- 14 312
- 14 838
- 14 186
- 14 204
- 14 609
- 14 270
- 14 363
- 14 483
- 14 225
- 14 720
- 15 797
- 15 69
- 15 855
- 15 674
- 16 168
- 16 155
- 16 189
- 16 664
- 16 246
- 17 224
- 17 358
- 17 783
- 17 613
- 17 450
- 17 518
- 17 538
- 17 69
- 17 194
- 17 240
- 17 34
- 18 312
- 18 833
- 18 752
- 19 732
- 19 55
- 19 779
- 19 187
- 20 323
- 20 90
- 20 291
- 20 149
- 20 587
- 20 824
- 21 726
- 21 682
- 21 676
- 21 32
- 21 448
- 21 567
- 21 239
- 21 523
- 21 223
- 22 329
- 22 266
- 22 394
- 22 857
- 23 87
- 23 399
- 23 26
- 23 243
- 23 571
- 23 168
- 24 859
- 24 182
- 24 816
- 24 640
- 24 579
- 24 752
- 24 660
- 24 472
- 24 301
- 25 670
- 25 830
- 25 868
- 25 727
- 26 181
- 26 214
- 26 339
- 26 330
- 26 575
- 26 148
- 26 687
- 26 176
- 26 397
- 26 608
- 27 644
- 27 660
- 27 840
- 27 771
- 27 804
- 28 235
- 28 793
- 28 75
- 28 179
- 28 182
- 29 308
- 29 61
- 29 428
- 29 846
- 29 309
- 29 543
- 29 339
- 30 744
- 30 738
- 30 799
- 30 365
- 30 851
- 31 551
- 31 298
- 31 793
- 31 581
- 31 148
- 31 501
- 31 150
- 31 263
- 31 290
- 32 664
- 32 67
- 32 581
- 32 817
- 32 542
- 32 570
- 33 589
- 33 573
- 33 362
- 33 114
- 34 602
- 34 580
- 34 450
- 34 725
- 34 685
- 35 703
- 35 287
- 35 666
- 35 537
- 35 225
- 35 454
- 36 281
- 36 267
- 36 766
- 36 857
- 36 169
- 36 199
- 37 348
- 37 513
- 37 67
- 37 807
- 37 655
- 37 606
- 38 684
- 38 463
- 38 67
- 38 65
- 38 722
- 38 140
- 39 610
- 39 857
- 39 831
- 39 510
- 39 279
- 39 809
- 40 464
- 40 629
- 40 585
- 40 419
- 40 116
- 40 820
- 41 250
- 41 86
- 41 393
- 41 437
- 41 702
- 41 192
- 41 822
- 41 301
- 41 112
- 42 677
- 42 216
- 42 463
- 42 234
- 42 656
- 42 640
- 42 563
- 42 820
- 42 125
- 42 257
- 43 646
- 43 542
- 44 610
- 44 247
- 44 453
- 44 66
- 44 117
- 44 465
- 44 708
- 44 420
- 45 734
- 45 393
- 45 190
- 45 644
- 45 483
- 45 637
- 45 435
- 45 645
- 45 616
- 46 581
- 46 608
- 46 374
- 46 159
- 46 657
- 47 603
- 47 281
- 47 602
- 47 317
- 47 51
- 47 681
- 47 735
- 47 411
- 47 168
- 47 82
- 47 498
- 47 798
- 48 162
- 48 269
- 48 179
- 48 509
- 48 709
- 49 769
- 49 536
- 49 149
- 49 422
- 49 148
- 49 579
- 49 91
- 49 138
- 49 818
- 50 77
- 50 698
- 50 702
- 51 237
- 51 385
- 51 343
- 51 851
- 51 423
- 51 344
- 52 157
- 52 241
- 52 89
- 52 822
- 52 561
- 53 740
- 53 302
- 54 669
- 54 356
- 54 762
- 54 441
- 54 185
- 54 91
- 54 306
- 54 74
- 55 500
- 55 442
- 55 162
- 55 373
- 55 179
- 55 249
- 56 763
- 56 601
- 56 382
- 56 468
- 56 490
- 56 634
- 56 687
- 57 789
- 57 138
- 57 578
- 58 870
- 58 299
- 58 595
- 58 528
- 58 326
- 59 128
- 59 855
- 59 836
- 59 665
- 60 772
- 60 597
- 60 607
- 60 189
- 60 279
- 61 707
- 61 832
- 61 108
- 61 210
- 61 585
- 61 689
- 61 749
- 61 219
- 61 709
- 61 681
- 62 225
- 62 791
- 62 479
- 62 496
- 62 348
- 62 321
- 62 250
- 63 559
- 63 360
- 63 154
- 63 224
- 63 459
- 63 567
- 63 77
- 64 240
- 64 479
- 64 147
- 64 708
- 64 603
- 64 537
- 64 77
- 64 534
- 64 116
- 64 276
- 65 436
- 65 267
- 65 385
- 65 582
- 65 397
- 65 629
- 66 155
- 66 557
- 66 333
- 66 231
- 66 398
- 66 647
- 66 588
- 67 826
- 67 324
- 67 410
- 67 635
- 67 513
- 68 390
- 68 614
- 68 454
- 68 202
- 68 375
- 68 603
- 69 505
- 69 418
- 69 627
- 69 251
- 69 710
- 69 589
- 69 813
- 69 717
- 70 737
- 70 771
- 70 731
- 70 182
- 70 482
- 70 552
- 70 714
- 70 736
- 70 551
- 71 573
- 71 729
- 71 421
- 71 741
- 71 363
- 71 543
- 71 151
- 72 425
- 72 410
- 72 528
- 72 116
- 72 336
- 72 177
- 72 398
- 73 90
- 73 272
- 73 284
- 73 329
- 73 777
- 73 456
- 73 143
- 73 146
- 74 666
- 74 782
- 74 251
- 74 173
- 75 710
- 75 694
- 75 351
- 75 215
- 76 140
- 76 368
- 76 103
- 76 687
- 76 824
- 76 203
- 77 870
- 77 720
- 77 690
- 77 679
- 77 702
- 77 374
- 77 482
- 78 805
- 78 295
- 78 437
- 78 493
- 78 238
- 78 441
- 79 801
- 79 258
- 79 261
- 79 151
- 79 731
- 79 787
- 79 288
- 79 476
- 80 159
- 80 351
- 80 674
- 80 323
- 80 861
- 80 429
- 81 276
- 81 846
- 81 742
- 81 220
- 81 333
- 82 551
- 82 620
- 82 96
- 82 426
- 82 406
- 82 454
- 83 113
- 83 844
- 83 478
- 83 688
- 83 760
- 83 347
- 83 536
- 83 325
- 83 871
- 83 220
- 84 587
- 84 438
- 84 409
- 84 537
- 84 715
- 84 462
- 84 512
- 85 849
- 85 655
- 85 173
- 85 866
- 85 112
- 85 485
- 85 579
- 86 398
- 86 498
- 86 490
- 86 467
- 86 291
- 86 590
- 86 116
- 86 140
- 87 672
- 87 233
- 87 190
- 87 200
- 87 219
- 87 325
- 87 178
- 87 566
- 87 711
- 87 229
- 87 295
- 88 689
- 88 668
- 88 724
- 88 740
- 88 343
- 89 562
- 89 285
- 89 445
- 89 611
- 89 355
- 89 558
- 89 723
- 89 444
- 89 837
- 90 345
- 90 724
- 90 436
- 90 359
- 90 522
- 91 417
- 91 743
- 91 529
- 91 737
- 92 733
- 92 779
- 92 580
- 93 119
- 93 769
- 93 315
- 93 808
- 93 523
- 94 406
- 94 572
- 94 829
- 94 569
- 94 761
- 94 800
- 95 313
- 95 277
- 95 433
- 95 584
- 95 525
- 96 534
- 96 386
- 96 808
- 96 412
- 96 760
- 97 468
- 97 522
- 97 177
- 97 796
- 98 197
- 98 116
- 98 452
- 98 627
- 99 553
- 99 422
- 99 700
- 99 555
- 99 573
- 99 838
- 99 159
- 99 529
- 99 831
- 99 770
- 100 101
- 100 537
- 100 334
- 101 478
- 101 548
- 101 678
- 101 440
- 101 827
- 101 238
- 102 509
- 102 225
- 102 588
- 102 245
- 103 688
- 103 263
- 103 531
- 103 191
- 103 234
- 104 362
- 104 424
- 104 678
- 104 780
- 105 763
- 105 309
- 105 331
- 105 690
- 105 336
- 105 573
- 106 175
- 106 460
- 106 258
- 106 599
- 106 229
- 106 668
- 106 251
- 106 417
- 107 221
- 107 588
- 107 520
- 107 668
- 107 127
- 108 196
- 108 276
- 108 746
- 108 195
- 108 364
- 109 847
- 109 806
- 109 573
- 109 459
- 110 396
- 110 508
- 110 163
- 110 267
- 110 325
- 110 214
- 110 513
- 110 252
- 110 296
- 110 795
- 110 680
- 110 218
- 111 663
- 111 654
- 111 232
- 111 839
- 111 723
- 112 221
- 112 539
- 112 352
- 112 250
- 112 819
- 112 733
- 112 602
- 112 730
- 112 582
- 112 392
- 112 577
- 113 304
- 113 547
- 113 781
- 113 741
- 113 130
- 113 416
- 113 784
- 114 823
- 114 690
- 114 733
- 114 253
- 114 425
- 114 813
- 114 870
- 114 535
- 115 667
- 115 869
- 116 553
- 116 363
- 116 656
- 116 676
- 116 233
- 117 523
- 117 482
- 117 206
- 117 124
- 117 291
- 117 418
- 118 756
- 118 403
- 118 799
- 118 569
- 118 313
- 119 393
- 119 282
- 119 416
- 119 257
- 119 373
- 120 664
- 120 127
- 120 166
- 120 570
- 120 290
- 120 859
- 121 852
- 121 387
- 121 847
- 121 548
- 121 445
- 121 833
- 122 781
- 122 266
- 122 850
- 122 174
- 122 604
- 122 357
- 122 832
- 123 245
- 123 420
- 123 575
- 123 534
- 123 462
- 123 617
- 124 773
- 124 407
- 124 644
- 124 474
- 124 319
- 124 708
- 124 279
- 124 133
- 125 660
- 125 339
- 125 202
- 125 429
- 125 143
- 126 476
- 126 438
- 126 295
- 126 651
- 126 162
- 126 761
- 126 459
- 126 781
- 127 460
- 127 530
- 127 610
- 128 561
- 128 332
- 128 523
- 128 268
- 128 784
- 129 655
- 129 348
- 129 592
- 129 475
- 129 430
- 129 572
- 130 671
- 130 381
- 130 338
- 130 319
- 130 508
- 130 564
- 131 630
- 131 289
- 131 744
- 131 667
- 132 853
- 132 350
- 132 422
- 132 389
- 133 837
- 133 248
- 133 563
- 133 665
- 133 195
- 133 669
- 134 485
- 134 277
- 134 358
- 134 196
- 134 256
- 134 706
- 135 557
- 135 778
- 135 497
- 135 416
- 135 404
- 136 180
- 136 842
- 136 343
- 136 178
- 137 571
- 137 480
- 137 620
- 137 317
- 137 461
- 137 149
- 137 563
- 137 264
- 137 573
- 137 267
- 137 141
- 137 670
- 138 482
- 138 501
- 139 646
- 139 638
- 139 673
- 139 684
- 139 855
- 139 465
- 140 303
- 140 594
- 140 288
- 141 589
- 141 654
- 141 377
- 141 325
- 141 758
- 141 644
- 142 852
- 142 458
- 142 313
- 142 314
- 142 376
- 142 772
- 142 809
- 142 551
- 142 757
- 142 639
- 142 831
- 143 531
- 143 840
- 143 749
- 143 580
- 143 409
- 143 256
- 143 764
- 143 416
- 143 863
- 144 235
- 144 495
- 144 532
- 144 363
- 144 393
- 145 231
- 145 856
- 145 468
- 145 603
- 145 700
- 146 244
- 146 409
- 146 860
- 146 321
- 147 511
- 147 198
- 147 786
- 147 581
- 147 689
- 147 474
- 147 650
- 147 501
- 148 831
- 148 377
- 148 529
- 148 567
- 148 188
- 149 569
- 149 835
- 149 438
- 149 198
- 149 662
- 150 612
- 150 235
- 150 276
- 151 497
- 151 195
- 151 449
- 151 466
- 151 471
- 151 286
- 151 170
- 152 181
- 152 635
- 152 522
- 152 828
- 152 419
- 153 417
- 153 582
- 154 719
- 154 485
- 154 344
- 154 629
- 154 525
- 154 850
- 154 744
- 154 690
- 155 717
- 155 396
- 155 542
- 156 281
- 156 666
- 156 572
- 156 401
- 156 718
- 157 269
- 157 668
- 157 478
- 157 636
- 157 423
- 157 757
- 157 209
- 157 490
- 158 645
- 158 213
- 158 638
- 158 353
- 158 509
- 158 811
- 158 823
- 158 755
- 158 637
- 158 413
- 158 715
- 159 269
- 159 398
- 160 764
- 160 789
- 160 803
- 160 251
- 161 563
- 161 189
- 161 215
- 161 444
- 161 284
- 161 663
- 161 449
- 162 560
- 162 289
- 162 240
- 162 480
- 162 629
- 162 528
- 162 579
- 163 630
- 163 456
- 163 735
- 163 683
- 163 330
- 163 320
- 163 611
- 164 779
- 164 242
- 164 484
- 164 744
- 165 233
- 165 273
- 165 294
- 165 204
- 166 731
- 166 869
- 166 694
- 167 187
- 167 709
- 167 439
- 167 747
- 167 784
- 167 457
- 167 540
- 167 713
- 167 783
- 167 303
- 167 712
- 167 386
- 168 376
- 168 519
- 168 381
- 168 662
- 168 628
- 169 565
- 169 216
- 169 775
- 169 373
- 170 685
- 170 243
- 170 350
- 170 546
- 170 509
- 170 328
- 171 266
- 171 189
- 171 845
- 171 393
- 171 251
- 171 274
- 171 360
- 171 178
- 172 561
- 172 756
- 172 410
- 173 290
- 173 451
- 173 683
- 174 619
- 174 362
- 174 249
- 174 451
- 175 658
- 175 737
- 175 835
- 175 677
- 175 418
- 175 471
- 175 583
- 176 640
- 176 816
- 176 518
- 176 578
- 176 689
- 176 840
- 177 618
- 177 187
- 177 710
- 177 536
- 177 707
- 177 278
- 177 473
- 178 736
- 178 575
- 178 271
- 178 329
- 178 850
- 178 744
- 178 336
- 179 217
- 179 824
- 180 781
- 180 824
- 180 606
- 180 609
- 181 441
- 181 412
- 182 485
- 182 284
- 182 555
- 182 283
- 182 670
- 182 859
- 182 322
- 183 308
- 183 639
- 183 829
- 183 288
- 184 276
- 184 584
- 184 472
- 184 818
- 184 316
- 184 420
- 185 532
- 185 626
- 185 799
- 185 485
- 185 573
- 185 843
- 186 823
- 186 678
- 187 536
- 187 271
- 187 583
- 187 395
- 187 490
- 188 510
- 188 616
- 188 473
- 188 269
- 188 434
- 188 576
- 189 613
- 189 324
- 190 245
- 190 790
- 191 682
- 191 583
- 192 448
- 192 626
- 192 475
- 192 826
- 193 225
- 193 513
- 193 694
- 193 394
- 193 386
- 193 770
- 193 650
- 193 211
- 193 755
- 194 757
- 194 589
- 194 486
- 194 554
- 195 661
- 195 456
- 195 474
- 195 702
- 195 812
- 196 491
- 196 548
- 196 651
- 196 841
- 197 447
- 197 803
- 197 646
- 197 574
- 198 275
- 198 361
- 198 332
- 198 530
- 198 798
- 199 536
- 199 869
- 200 676
- 200 295
- 200 524
- 200 738
- 200 427
- 201 490
- 201 383
- 201 249
- 201 867
- 201 351
- 201 700
- 202 674
- 202 869
- 202 361
- 202 288
- 202 581
- 202 585
- 203 323
- 203 338
- 203 870
- 204 473
- 204 427
- 204 809
- 204 485
- 204 628
- 204 349
- 204 495
- 204 743
- 204 794
- 204 749
- 204 827
- 205 379
- 205 487
- 205 549
- 205 609
- 205 789
- 205 438
- 205 256
- 206 565
- 206 746
- 206 739
- 206 769
- 206 638
- 206 315
- 206 745
- 206 291
- 206 550
- 207 397
- 207 335
- 207 736
- 207 605
- 207 533
- 207 699
- 207 686
- 207 714
- 208 314
- 208 607
- 208 640
- 208 397
- 208 558
- 208 270
- 208 573
- 209 248
- 209 727
- 209 639
- 209 273
- 209 268
- 210 218
- 210 519
- 210 603
- 210 465
- 211 553
- 211 437
- 212 497
- 212 407
- 212 356
- 213 223
- 213 802
- 213 642
- 213 548
- 214 538
- 214 305
- 214 413
- 214 459
- 214 358
- 214 844
- 214 813
- 214 522
- 214 770
- 214 855
- 215 540
- 215 766
- 215 596
- 215 857
- 215 394
- 216 609
- 216 818
- 216 564
- 216 446
- 217 813
- 217 281
- 217 663
- 218 367
- 218 831
- 218 708
- 218 682
- 218 864
- 218 219
- 218 793
- 218 786
- 218 628
- 219 622
- 219 520
- 219 760
- 220 870
- 220 246
- 220 820
- 220 298
- 220 415
- 220 526
- 220 285
- 220 441
- 220 648
- 220 794
- 221 685
- 221 349
- 221 778
- 222 579
- 222 328
- 222 524
- 223 547
- 223 562
- 223 354
- 223 752
- 223 464
- 223 807
- 224 269
- 224 453
- 224 817
- 224 791
- 225 781
- 225 597
- 225 757
- 225 373
- 225 799
- 225 466
- 225 259
- 226 629
- 226 287
- 226 835
- 226 407
- 226 637
- 227 862
- 227 434
- 227 460
- 228 700
- 228 557
- 228 531
- 228 689
- 228 435
- 228 765
- 228 737
- 228 679
- 228 248
- 228 629
- 229 265
- 229 820
- 229 244
- 229 800
- 229 694
- 229 364
- 230 731
- 230 723
- 230 784
- 230 340
- 231 612
- 231 241
- 231 296
- 232 310
- 232 336
- 232 601
- 233 478
- 233 430
- 233 317
- 233 868
- 234 371
- 234 273
- 234 813
- 234 800
- 234 244
- 234 270
- 235 291
- 235 755
- 235 632
- 235 601
- 235 564
- 236 439
- 236 781
- 236 317
- 237 835
- 237 410
- 237 834
- 237 378
- 237 843
- 237 503
- 238 869
- 238 482
- 238 727
- 239 810
- 239 482
- 239 568
- 239 351
- 240 499
- 240 557
- 240 383
- 240 646
- 240 308
- 240 830
- 240 801
- 240 583
- 241 783
- 241 580
- 241 555
- 241 358
- 241 347
- 241 702
- 242 814
- 242 719
- 242 570
- 242 351
- 242 868
- 242 777
- 242 783
- 242 379
- 242 545
- 243 821
- 243 740
- 244 246
- 244 403
- 244 779
- 245 608
- 245 795
- 245 310
- 245 808
- 246 414
- 246 450
- 246 602
- 246 734
- 247 463
- 247 252
- 247 317
- 248 597
- 248 868
- 248 871
- 248 402
- 248 655
- 249 548
- 249 637
- 249 731
- 249 457
- 249 449
- 250 412
- 250 393
- 251 259
- 251 343
- 251 864
- 251 330
- 252 599
- 252 773
- 253 491
- 253 282
- 254 737
- 254 488
- 254 390
- 254 642
- 254 441
- 254 733
- 254 388
- 255 781
- 255 510
- 255 503
- 255 628
- 255 326
- 256 307
- 256 819
- 256 579
- 256 583
- 256 365
- 257 757
- 257 758
- 257 393
- 257 479
- 257 596
- 257 574
- 257 625
- 258 363
- 258 591
- 258 268
- 258 341
- 258 819
- 258 361
- 259 465
- 259 330
- 259 619
- 259 630
- 260 601
- 260 568
- 260 437
- 260 868
- 260 673
- 260 866
- 260 702
- 260 621
- 260 863
- 260 623
- 261 270
- 261 454
- 261 407
- 261 628
- 262 408
- 262 529
- 262 664
- 262 753
- 263 637
- 263 859
- 263 676
- 263 299
- 263 389
- 264 623
- 264 480
- 264 728
- 265 386
- 265 599
- 265 554
- 265 394
- 265 822
- 266 299
- 266 388
- 266 347
- 267 659
- 267 736
- 267 528
- 267 764
- 267 283
- 268 854
- 268 506
- 268 599
- 268 576
- 268 653
- 268 600
- 268 651
- 269 284
- 269 474
- 269 529
- 269 674
- 269 699
- 269 348
- 269 431
- 269 519
- 269 820
- 270 716
- 270 553
- 270 432
- 270 786
- 270 484
- 271 830
- 271 351
- 271 759
- 271 368
- 271 844
- 271 758
- 271 404
- 271 469
- 271 400
- 271 738
- 271 499
- 272 509
- 272 610
- 272 820
- 272 298
- 273 510
- 274 367
- 274 515
- 274 718
- 275 430
- 275 324
- 275 702
- 276 393
- 276 868
- 276 662
- 276 282
- 276 647
- 276 322
- 277 799
- 277 455
- 277 406
- 277 695
- 277 669
- 277 707
- 278 592
- 278 343
- 278 854
- 278 398
- 279 319
- 279 478
- 279 465
- 279 439
- 279 351
- 279 648
- 279 618
- 280 810
- 280 440
- 280 494
- 280 317
- 280 830
- 280 471
- 280 302
- 281 542
- 281 851
- 281 567
- 282 422
- 282 378
- 282 730
- 282 706
- 283 750
- 284 738
- 284 392
- 284 801
- 285 675
- 285 792
- 285 605
- 286 401
- 286 684
- 286 855
- 286 762
- 286 649
- 286 562
- 286 340
- 287 678
- 287 528
- 287 427
- 288 705
- 288 364
- 288 691
- 289 742
- 289 337
- 289 740
- 289 805
- 289 804
- 289 710
- 289 522
- 290 386
- 290 430
- 290 783
- 290 465
- 290 755
- 291 781
- 291 608
- 291 840
- 291 475
- 291 323
- 291 302
- 291 442
- 291 716
- 291 572
- 291 358
- 291 662
- 292 432
- 292 854
- 292 407
- 292 816
- 292 629
- 292 791
- 292 611
- 293 818
- 293 794
- 293 315
- 293 559
- 293 449
- 293 614
- 293 415
- 293 845
- 294 485
- 294 583
- 294 635
- 294 441
- 294 404
- 295 738
- 295 663
- 295 409
- 296 368
- 296 329
- 296 861
- 296 490
- 296 684
- 297 664
- 297 405
- 297 715
- 297 479
- 297 333
- 298 327
- 298 840
- 298 860
- 298 520
- 299 720
- 299 352
- 299 694
- 299 752
- 299 785
- 300 630
- 300 530
- 300 731
- 301 565
- 301 487
- 301 726
- 301 434
- 301 425
- 301 492
- 302 338
- 302 795
- 303 489
- 303 482
- 303 500
- 303 673
- 303 560
- 303 710
- 303 551
- 303 804
- 303 466
- 304 704
- 304 825
- 304 382
- 304 787
- 305 853
- 305 324
- 306 514
- 306 695
- 306 519
- 306 735
- 306 322
- 306 515
- 306 594
- 306 629
- 307 598
- 307 800
- 308 393
- 308 785
- 308 455
- 308 751
- 308 690
- 309 471
- 309 441
- 309 777
- 309 770
- 309 799
- 309 824
- 310 321
- 310 742
- 310 841
- 311 364
- 311 377
- 311 821
- 311 830
- 311 336
- 311 544
- 311 710
- 311 313
- 312 646
- 312 855
- 312 813
- 312 351
- 312 641
- 312 844
- 312 583
- 312 723
- 313 340
- 313 647
- 313 773
- 313 780
- 313 604
- 313 741
- 313 510
- 313 746
- 313 805
- 314 591
- 314 431
- 314 683
- 314 834
- 315 447
- 315 482
- 316 844
- 316 559
- 316 724
- 317 567
- 317 804
- 317 408
- 318 788
- 318 786
- 318 438
- 318 740
- 318 605
- 318 762
- 318 523
- 319 370
- 319 667
- 319 848
- 319 612
- 320 455
- 320 851
- 320 700
- 320 679
- 321 421
- 321 767
- 322 751
- 322 596
- 322 683
- 322 636
- 323 469
- 323 523
- 323 539
- 323 625
- 323 764
- 323 783
- 323 353
- 323 833
- 323 629
- 323 565
- 324 691
- 324 551
- 324 330
- 324 428
- 324 786
- 324 827
- 325 349
- 325 854
- 325 390
- 325 805
- 325 416
- 326 847
- 326 695
- 326 376
- 327 592
- 327 632
- 327 599
- 327 355
- 327 789
- 328 836
- 328 468
- 328 464
- 328 362
- 329 480
- 329 489
- 329 384
- 329 564
- 329 379
- 330 748
- 330 510
- 330 754
- 330 627
- 330 670
- 331 837
- 331 455
- 332 487
- 332 401
- 332 464
- 333 756
- 333 377
- 333 528
- 333 368
- 333 589
- 333 813
- 333 413
- 333 665
- 334 820
- 334 366
- 335 746
- 335 787
- 335 397
- 335 362
- 336 796
- 336 494
- 336 547
- 336 770
- 336 720
- 337 781
- 337 604
- 337 535
- 337 361
- 338 696
- 338 372
- 338 433
- 338 456
- 338 485
- 338 427
- 338 471
- 339 607
- 339 426
- 339 788
- 339 750
- 339 710
- 340 562
- 340 529
- 340 515
- 341 525
- 341 812
- 341 820
- 341 772
- 341 550
- 341 535
- 342 845
- 342 752
- 342 760
- 343 610
- 343 803
- 343 499
- 343 504
- 343 574
- 343 673
- 343 816
- 343 500
- 344 619
- 344 682
- 344 415
- 344 483
- 344 680
- 345 576
- 346 377
- 346 663
- 346 846
- 347 551
- 347 559
- 347 584
- 347 777
- 347 610
- 347 742
- 347 376
- 347 848
- 348 367
- 348 588
- 348 551
- 348 547
- 348 458
- 348 530
- 348 721
- 349 714
- 349 500
- 350 417
- 350 801
- 350 381
- 350 554
- 351 441
- 351 807
- 351 581
- 351 740
- 351 837
- 352 857
- 352 379
- 353 604
- 353 550
- 353 768
- 353 635
- 353 398
- 353 659
- 353 736
- 354 795
- 354 682
- 355 462
- 355 810
- 355 713
- 355 610
- 355 686
- 355 423
- 355 474
- 355 612
- 356 577
- 357 608
- 357 385
- 357 511
- 357 532
- 358 865
- 358 627
- 358 783
- 359 454
- 360 650
- 360 471
- 361 778
- 361 726
- 362 745
- 362 788
- 362 737
- 362 500
- 362 668
- 363 739
- 363 620
- 363 572
- 364 426
- 364 427
- 364 391
- 365 432
- 365 493
- 365 391
- 366 869
- 366 562
- 366 726
- 366 704
- 366 485
- 367 729
- 367 450
- 367 547
- 367 793
- 367 820
- 367 377
- 368 734
- 368 547
- 368 394
- 368 491
- 368 585
- 369 806
- 369 798
- 369 508
- 369 584
- 369 392
- 370 563
- 370 526
- 370 441
- 370 744
- 370 415
- 371 611
- 371 516
- 371 460
- 371 386
- 372 742
- 372 693
- 372 851
- 373 618
- 373 617
- 373 505
- 373 504
- 374 611
- 374 478
- 374 668
- 374 522
- 375 535
- 375 804
- 375 610
- 375 573
- 375 660
- 376 443
- 376 758
- 376 407
- 377 807
- 377 839
- 377 866
- 377 430
- 377 433
- 377 606
- 377 576
- 377 669
- 377 415
- 378 703
- 378 638
- 378 478
- 378 525
- 378 658
- 378 769
- 379 831
- 380 546
- 380 610
- 380 384
- 380 683
- 381 515
- 381 674
- 381 428
- 381 481
- 382 849
- 382 825
- 382 747
- 383 386
- 383 414
- 383 771
- 383 607
- 384 643
- 384 452
- 385 808
- 386 745
- 386 581
- 386 861
- 386 638
- 387 392
- 387 619
- 387 486
- 388 638
- 389 425
- 389 762
- 389 523
- 390 756
- 390 814
- 390 755
- 391 594
- 391 742
- 391 500
- 391 671
- 391 769
- 392 478
- 392 791
- 392 649
- 392 858
- 392 734
- 393 867
- 393 708
- 393 721
- 393 742
- 393 738
- 393 734
- 394 533
- 395 764
- 395 820
- 395 546
- 395 812
- 396 461
- 396 590
- 396 726
- 396 688
- 396 538
- 397 621
- 397 499
- 397 607
- 397 638
- 397 845
- 397 729
- 397 519
- 398 509
- 398 706
- 398 599
- 398 749
- 398 567
- 399 799
- 399 488
- 399 503
- 399 534
- 399 654
- 400 838
- 400 598
- 400 871
- 401 625
- 401 613
- 402 551
- 403 865
- 403 437
- 403 528
- 403 722
- 403 487
- 404 786
- 404 626
- 404 565
- 404 591
- 405 616
- 405 763
- 405 664
- 405 527
- 406 497
- 406 465
- 406 606
- 407 714
- 407 465
- 407 435
- 408 693
- 408 716
- 409 687
- 409 521
- 409 662
- 409 471
- 410 667
- 410 861
- 410 534
- 410 469
- 410 655
- 410 837
- 411 596
- 411 828
- 411 830
- 411 815
- 411 731
- 412 500
- 412 738
- 412 755
- 412 427
- 412 482
- 413 561
- 413 612
- 413 800
- 413 590
- 413 445
- 413 831
- 414 702
- 414 800
- 414 804
- 414 509
- 414 428
- 414 743
- 415 847
- 415 613
- 415 579
- 416 444
- 417 596
- 417 537
- 417 549
- 417 650
- 419 642
- 419 550
- 419 632
- 420 717
- 420 481
- 421 718
- 421 867
- 421 495
- 421 568
- 422 428
- 422 785
- 422 669
- 422 457
- 422 469
- 422 702
- 423 838
- 423 526
- 424 839
- 424 759
- 425 498
- 425 742
- 425 445
- 425 829
- 426 538
- 426 445
- 426 846
- 426 826
- 427 457
- 427 592
- 427 522
- 428 790
- 428 651
- 428 460
- 429 544
- 429 759
- 429 792
- 430 487
- 430 856
- 430 860
- 431 502
- 431 465
- 431 595
- 432 835
- 432 631
- 432 737
- 432 769
- 433 815
- 433 683
- 433 545
- 434 464
- 434 441
- 434 561
- 435 663
- 435 537
- 435 528
- 435 593
- 435 702
- 436 652
- 436 617
- 436 519
- 436 564
- 436 853
- 438 870
- 438 488
- 438 736
- 438 592
- 439 704
- 439 645
- 439 530
- 440 535
- 441 582
- 441 812
- 442 774
- 442 863
- 442 790
- 442 846
- 442 478
- 443 613
- 443 669
- 443 599
- 444 473
- 444 801
- 444 479
- 444 567
- 444 662
- 445 766
- 445 749
- 445 837
- 446 777
- 446 504
- 446 701
- 446 473
- 447 530
- 447 473
- 447 869
- 447 822
- 447 523
- 448 586
- 448 558
- 449 845
- 449 728
- 450 628
- 451 840
- 451 646
- 451 687
- 451 832
- 451 688
- 451 737
- 451 671
- 451 634
- 452 541
- 452 578
- 452 861
- 452 854
- 452 863
- 452 604
- 453 480
- 453 810
- 453 547
- 453 736
- 454 698
- 454 505
- 455 791
- 455 652
- 455 820
- 455 511
- 455 554
- 455 536
- 456 737
- 456 719
- 456 511
- 457 594
- 457 652
- 457 610
- 458 824
- 458 782
- 458 524
- 460 659
- 460 499
- 460 461
- 461 600
- 461 466
- 461 701
- 462 652
- 462 605
- 463 759
- 464 776
- 464 507
- 465 591
- 465 841
- 465 740
- 465 564
- 465 539
- 466 526
- 466 760
- 466 783
- 467 525
- 467 832
- 467 655
- 467 506
- 467 578
- 467 471
- 468 683
- 468 748
- 468 506
- 468 821
- 468 763
- 468 790
- 469 808
- 469 633
- 469 531
- 469 680
- 470 867
- 470 711
- 470 586
- 470 573
- 470 661
- 471 769
- 471 782
- 472 773
- 472 697
- 472 537
- 472 528
- 473 752
- 473 567
- 473 660
- 473 637
- 473 620
- 473 669
- 473 714
- 473 537
- 474 843
- 474 817
- 475 606
- 475 714
- 475 795
- 475 523
- 475 816
- 476 839
- 476 777
- 476 517
- 476 661
- 477 708
- 478 725
- 478 531
- 478 813
- 478 785
- 478 798
- 478 687
- 479 652
- 479 509
- 479 792
- 481 512
- 481 617
- 482 645
- 483 691
- 483 571
- 483 662
- 483 676
- 484 555
- 484 846
- 484 840
- 484 551
- 484 775
- 484 526
- 484 734
- 484 830
- 484 793
- 484 593
- 485 805
- 486 646
- 487 513
- 487 720
- 488 571
- 488 623
- 488 546
- 488 751
- 489 496
- 489 768
- 489 713
- 490 803
- 491 833
- 491 701
- 491 574
- 491 766
- 491 684
- 491 835
- 492 687
- 492 708
- 492 741
- 492 578
- 492 637
- 492 671
- 494 824
- 494 830
- 494 705
- 495 849
- 496 639
- 496 617
- 497 558
- 498 622
- 498 685
- 498 537
- 499 567
- 499 682
- 499 797
- 499 745
- 500 735
- 500 613
- 500 728
- 500 855
- 501 827
- 502 779
- 502 755
- 502 691
- 502 640
- 503 726
- 503 827
- 503 553
- 504 596
- 504 696
- 505 599
- 505 539
- 505 581
- 506 776
- 506 785
- 506 834
- 507 814
- 507 776
- 508 555
- 509 779
- 509 561
- 509 545
- 510 853
- 511 640
- 511 854
- 511 788
- 513 852
- 514 582
- 514 847
- 514 619
- 514 593
- 515 721
- 515 529
- 515 742
- 515 624
- 515 784
- 516 527
- 516 613
- 517 560
- 517 616
- 518 812
- 518 774
- 519 603
- 519 714
- 519 725
- 519 565
- 519 871
- 520 677
- 520 706
- 520 528
- 521 776
- 521 764
- 521 807
- 522 849
- 522 548
- 523 631
- 523 771
- 524 582
- 524 760
- 524 763
- 525 536
- 525 862
- 525 675
- 525 779
- 525 618
- 526 835
- 526 772
- 526 575
- 527 732
- 527 544
- 527 781
- 527 824
- 527 753
- 528 780
- 528 629
- 528 700
- 528 770
- 528 726
- 529 849
- 530 740
- 530 556
- 530 572
- 530 811
- 530 625
- 530 640
- 530 590
- 531 593
- 531 736
- 531 621
- 532 787
- 532 849
- 533 749
- 533 856
- 533 795
- 533 626
- 534 674
- 534 831
- 534 670
- 534 563
- 535 710
- 535 776
- 535 855
- 536 654
- 536 748
- 536 820
- 537 755
- 537 680
- 537 580
- 537 545
- 537 705
- 538 831
- 538 830
- 538 680
- 538 814
- 538 844
- 538 687
- 539 701
- 539 675
- 539 642
- 539 646
- 539 704
- 539 567
- 540 678
- 540 656
- 540 790
- 541 857
- 541 866
- 541 717
- 541 727
- 541 587
- 542 760
- 543 608
- 543 664
- 544 609
- 544 802
- 544 778
- 545 812
- 545 621
- 547 742
- 548 550
- 549 826
- 549 698
- 549 740
- 550 619
- 550 825
- 550 735
- 550 721
- 550 732
- 550 563
- 550 631
- 551 854
- 552 607
- 552 668
- 553 588
- 553 647
- 554 594
- 554 579
- 554 724
- 556 558
- 556 823
- 556 802
- 558 742
- 558 839
- 559 583
- 560 602
- 560 737
- 561 638
- 561 765
- 561 786
- 562 838
- 562 736
- 563 820
- 563 789
- 563 608
- 563 690
- 563 674
- 564 777
- 565 589
- 565 766
- 565 839
- 566 726
- 566 862
- 567 664
- 567 754
- 568 760
- 569 652
- 570 852
- 570 720
- 570 699
- 570 817
- 570 599
- 571 579
- 571 657
- 571 863
- 571 638
- 572 618
- 573 636
- 574 662
- 575 692
- 575 813
- 576 696
- 576 679
- 576 714
- 576 606
- 577 780
- 577 754
- 577 611
- 578 774
- 578 718
- 578 675
- 578 864
- 578 783
- 579 855
- 579 739
- 580 619
- 581 637
- 581 722
- 581 697
- 581 801
- 582 806
- 582 597
- 582 692
- 582 593
- 582 834
- 583 778
- 583 639
- 583 801
- 584 641
- 584 621
- 584 735
- 584 736
- 585 649
- 585 865
- 586 683
- 586 773
- 587 628
- 587 746
- 588 812
- 588 814
- 588 783
- 590 707
- 590 810
- 591 818
- 592 834
- 592 628
- 592 595
- 592 708
- 592 863
- 593 598
- 593 632
- 593 750
- 594 599
- 594 723
- 594 775
- 594 663
- 594 609
- 595 651
- 595 777
- 596 658
- 597 686
- 597 660
- 597 766
- 598 852
- 598 871
- 598 807
- 598 812
- 599 847
- 599 789
- 599 823
- 600 676
- 600 795
- 600 849
- 600 609
- 601 712
- 601 677
- 602 712
- 602 755
- 603 719
- 603 734
- 604 721
- 605 748
- 605 646
- 605 851
- 605 844
- 607 613
- 608 803
- 608 640
- 608 862
- 609 769
- 609 633
- 610 715
- 610 775
- 612 845
- 612 665
- 612 717
- 613 829
- 613 812
- 613 795
- 613 818
- 613 836
- 613 806
- 613 785
- 613 724
- 614 624
- 614 727
- 614 825
- 615 757
- 615 749
- 615 830
- 616 763
- 616 811
- 617 801
- 618 647
- 618 626
- 619 813
- 620 731
- 621 789
- 622 769
- 622 699
- 622 713
- 622 720
- 622 859
- 623 737
- 623 778
- 623 707
- 623 840
- 624 844
- 624 721
- 626 737
- 626 856
- 626 689
- 627 855
- 628 682
- 628 870
- 628 857
- 629 707
- 630 681
- 631 701
- 631 746
- 631 860
- 631 756
- 631 733
- 632 727
- 632 754
- 632 725
- 633 638
- 633 797
- 634 668
- 635 704
- 636 783
- 636 758
- 636 785
- 637 740
- 637 733
- 637 807
- 638 731
- 639 641
- 639 760
- 639 747
- 640 723
- 641 807
- 641 719
- 641 710
- 642 730
- 642 666
- 644 869
- 645 871
- 645 773
- 646 776
- 647 744
- 649 842
- 649 777
- 651 793
- 651 684
- 651 784
- 653 716
- 653 813
- 655 692
- 655 832
- 655 701
- 655 846
- 656 766
- 656 739
- 656 807
- 657 792
- 657 737
- 659 696
- 659 801
- 660 862
- 661 697
- 662 698
- 663 846
- 666 863
- 666 744
- 667 826
- 667 704
- 667 863
- 668 821
- 669 692
- 669 820
- 670 850
- 671 834
- 671 689
- 673 726
- 673 686
- 673 765
- 674 838
- 674 867
- 675 761
- 677 798
- 678 726
- 679 680
- 679 852
- 680 683
- 682 700
- 682 694
- 683 837
- 683 695
- 684 782
- 684 715
- 685 816
- 685 869
- 686 712
- 687 800
- 687 742
- 687 718
- 689 707
- 690 826
- 692 813
- 693 777
- 694 847
- 694 770
- 694 871
- 695 703
- 695 800
- 696 785
- 696 699
- 697 856
- 697 706
- 698 778
- 698 743
- 699 855
- 699 802
- 699 750
- 700 770
- 702 854
- 702 720
- 703 766
- 704 849
- 705 779
- 706 809
- 708 817
- 709 778
- 710 728
- 710 723
- 710 747
- 710 871
- 711 775
- 711 743
- 712 839
- 712 732
- 714 760
- 715 801
- 716 796
- 716 721
- 718 828
- 719 838
- 719 736
- 720 813
- 720 869
- 720 737
- 720 818
- 720 825
- 720 771
- 721 777
- 722 726
- 722 811
- 723 731
- 724 779
- 724 852
- 724 843
- 726 820
- 728 737
- 729 821
- 729 783
- 730 793
- 730 808
- 730 848
- 730 748
- 731 735
- 731 844
- 732 820
- 733 857
- 733 830
- 735 758
- 736 796
- 737 793
- 737 759
- 738 850
- 738 855
- 740 764
- 741 793
- 743 765
- 744 759
- 746 832
- 746 843
- 749 802
- 749 807
- 750 861
- 750 836
- 752 756
- 756 808
- 756 846
- 758 826
- 759 769
- 765 851
- 765 831
- 769 814
- 769 772
- 769 817
- 772 810
- 774 852
- 778 788
- 779 861
- 787 812
- 788 861
- 788 845
- 788 789
- 788 819
- 794 839
- 795 868
- 796 868
- 796 857
- 802 814
- 802 811
- 803 862
- 804 854
- 809 844
- 813 861
- 813 829
- 813 851
- 818 820
- 825 854
- 833 849
- 841 856
- 851 866
+ 851 870
+ 846 854
+ 844 852
+ 843 845
+ 839 865
+ 837 850
+ 837 871
+ 826 832
+ 825 871
+ 824 866
+ 819 853
+ 811 812
+ 808 869
+ 808 817
+ 807 844
+ 805 871
+ 805 867
+ 804 847
+ 803 847
+ 803 833
+ 802 835
+ 802 860
+ 798 804
+ 798 831
+ 798 852
+ 796 805
+ 795 822
+ 794 848
+ 794 867
+ 793 796
+ 793 857
+ 793 830
+ 791 793
+ 789 800
+ 789 817
+ 788 836
+ 787 814
+ 787 803
+ 786 843
+ 783 822
+ 782 848
+ 781 837
+ 780 805
+ 778 855
+ 778 866
+ 776 779
+ 775 831
+ 770 780
+ 769 837
+ 769 817
+ 769 830
+ 768 839
+ 768 778
+ 767 838
+ 765 806
+ 764 767
+ 762 813
+ 759 823
+ 759 776
+ 757 824
+ 757 831
+ 755 838
+ 755 789
+ 755 756
+ 755 780
+ 754 851
+ 753 822
+ 752 870
+ 752 825
+ 751 853
+ 751 768
+ 750 812
+ 749 811
+ 748 839
+ 746 800
+ 745 752
+ 745 853
+ 744 807
+ 742 759
+ 741 786
+ 740 805
+ 739 749
+ 739 819
+ 737 739
+ 736 774
+ 736 755
+ 735 853
+ 733 787
+ 733 791
+ 729 829
+ 728 815
+ 728 823
+ 725 857
+ 725 754
+ 723 817
+ 723 844
+ 721 747
+ 721 743
+ 720 765
+ 719 768
+ 718 785
+ 717 741
+ 717 776
+ 716 808
+ 714 790
+ 712 857
+ 711 780
+ 711 767
+ 711 856
+ 710 803
+ 710 738
+ 709 773
+ 708 726
+ 708 737
+ 707 862
+ 707 820
+ 705 817
+ 705 831
+ 704 753
+ 702 857
+ 701 780
+ 699 777
+ 699 743
+ 698 717
+ 698 801
+ 697 852
+ 697 770
+ 696 789
+ 694 710
+ 691 798
+ 691 704
+ 690 728
+ 690 814
+ 689 745
+ 689 791
+ 688 755
+ 687 763
+ 685 834
+ 685 845
+ 684 700
+ 682 806
+ 682 751
+ 682 752
+ 681 736
+ 680 845
+ 680 859
+ 679 700
+ 679 772
+ 679 684
+ 677 816
+ 675 719
+ 675 790
+ 675 854
+ 675 691
+ 675 843
+ 675 820
+ 674 755
+ 672 764
+ 672 762
+ 671 674
+ 671 819
+ 670 718
+ 670 759
+ 668 685
+ 668 868
+ 667 773
+ 666 705
+ 665 671
+ 664 771
+ 664 704
+ 664 763
+ 664 666
+ 663 829
+ 663 717
+ 662 797
+ 662 746
+ 661 759
+ 660 769
+ 660 748
+ 660 729
+ 659 812
+ 659 839
+ 659 761
+ 659 793
+ 658 870
+ 657 678
+ 657 661
+ 657 719
+ 656 806
+ 656 666
+ 656 709
+ 656 785
+ 655 672
+ 655 667
+ 655 692
+ 654 799
+ 653 758
+ 653 659
+ 653 708
+ 653 676
+ 652 780
+ 652 728
+ 651 748
+ 650 786
+ 650 752
+ 648 725
+ 648 853
+ 648 837
+ 647 725
+ 646 765
+ 645 732
+ 645 657
+ 645 834
+ 644 861
+ 644 865
+ 643 682
+ 642 853
+ 642 767
+ 641 719
+ 641 671
+ 640 822
+ 639 828
+ 639 774
+ 639 663
+ 639 689
+ 638 819
+ 638 695
+ 638 679
+ 637 793
+ 637 736
+ 636 757
+ 635 710
+ 635 802
+ 633 690
+ 633 778
+ 633 856
+ 633 652
+ 633 696
+ 632 820
+ 632 672
+ 631 758
+ 631 674
+ 630 667
+ 630 670
+ 629 683
+ 629 766
+ 628 680
+ 626 765
+ 625 629
+ 625 708
+ 624 681
+ 624 733
+ 623 742
+ 621 734
+ 621 831
+ 621 623
+ 621 863
+ 621 789
+ 620 814
+ 620 625
+ 620 781
+ 619 750
+ 619 720
+ 618 675
+ 618 778
+ 618 715
+ 618 704
+ 618 804
+ 615 852
+ 615 755
+ 614 644
+ 614 856
+ 613 770
+ 613 833
+ 612 857
+ 611 768
+ 611 705
+ 611 684
+ 610 806
+ 610 744
+ 609 616
+ 609 666
+ 608 691
+ 607 825
+ 607 652
+ 606 762
+ 606 610
+ 606 728
+ 604 658
+ 604 704
+ 602 791
+ 602 630
+ 602 761
+ 601 627
+ 601 624
+ 600 794
+ 600 769
+ 599 641
+ 599 630
+ 598 771
+ 598 753
+ 598 781
+ 597 697
+ 597 800
+ 596 755
+ 596 713
+ 594 867
+ 594 626
+ 594 645
+ 593 847
+ 592 858
+ 592 758
+ 592 735
+ 591 781
+ 591 676
+ 591 692
+ 591 798
+ 590 731
+ 590 621
+ 590 649
+ 590 692
+ 589 807
+ 589 728
+ 588 614
+ 588 784
+ 588 650
+ 587 677
+ 586 818
+ 585 596
+ 585 600
+ 585 597
+ 585 672
+ 584 634
+ 584 779
+ 584 691
+ 582 838
+ 582 814
+ 581 692
+ 581 853
+ 580 725
+ 580 720
+ 580 829
+ 579 650
+ 578 805
+ 578 811
+ 577 749
+ 576 696
+ 576 745
+ 575 788
+ 574 781
+ 573 598
+ 570 859
+ 569 765
+ 569 720
+ 568 741
+ 568 856
+ 566 858
+ 566 620
+ 565 815
+ 565 580
+ 565 816
+ 565 772
+ 565 803
+ 564 661
+ 564 648
+ 563 833
+ 562 636
+ 562 576
+ 561 686
+ 561 639
+ 559 839
+ 559 723
+ 559 601
+ 559 692
+ 559 827
+ 558 684
+ 558 820
+ 558 744
+ 558 840
+ 557 691
+ 556 626
+ 556 567
+ 556 605
+ 555 630
+ 555 635
+ 555 732
+ 555 706
+ 554 573
+ 554 664
+ 554 739
+ 554 833
+ 553 634
+ 552 652
+ 552 622
+ 552 649
+ 551 762
+ 551 667
+ 551 858
+ 550 617
+ 550 746
+ 550 732
+ 549 662
+ 549 602
+ 549 587
+ 549 554
+ 549 789
+ 549 568
+ 548 606
+ 548 870
+ 547 573
+ 547 567
+ 547 759
+ 547 686
+ 547 561
+ 547 797
+ 546 817
+ 545 697
+ 544 644
+ 544 693
+ 544 611
+ 544 699
+ 544 688
+ 543 656
+ 543 794
+ 543 649
+ 543 621
+ 543 751
+ 542 727
+ 542 836
+ 542 845
+ 542 577
+ 540 727
+ 539 589
+ 538 604
+ 538 765
+ 538 605
+ 538 706
+ 537 804
+ 537 616
+ 536 726
+ 536 587
+ 535 758
+ 535 766
+ 535 791
+ 535 544
+ 534 563
+ 534 757
+ 533 708
+ 533 569
+ 533 537
+ 533 572
+ 533 684
+ 532 550
+ 532 604
+ 532 846
+ 531 831
+ 529 809
+ 529 654
+ 529 685
+ 529 559
+ 529 535
+ 528 784
+ 528 599
+ 528 832
+ 528 603
+ 528 668
+ 528 800
+ 527 744
+ 527 868
+ 527 851
+ 527 861
+ 527 640
+ 527 767
+ 526 837
+ 526 744
+ 525 853
+ 525 742
+ 525 784
+ 525 779
+ 525 842
+ 525 653
+ 524 684
+ 524 597
+ 523 679
+ 523 862
+ 523 864
+ 523 661
+ 522 626
+ 522 717
+ 521 535
+ 521 679
+ 521 734
+ 521 862
+ 521 538
+ 521 652
+ 521 805
+ 521 547
+ 520 539
+ 520 622
+ 520 668
+ 520 840
+ 519 628
+ 519 603
+ 518 812
+ 518 679
+ 517 816
+ 517 843
+ 517 814
+ 516 774
+ 516 807
+ 516 784
+ 516 750
+ 515 653
+ 515 870
+ 515 569
+ 515 620
+ 515 538
+ 514 699
+ 513 611
+ 513 572
+ 512 617
+ 512 781
+ 512 687
+ 512 761
+ 511 695
+ 510 520
+ 510 547
+ 510 603
+ 510 831
+ 510 675
+ 509 722
+ 509 560
+ 508 859
+ 508 727
+ 508 671
+ 508 575
+ 508 609
+ 507 669
+ 506 795
+ 506 643
+ 506 604
+ 504 714
+ 504 816
+ 503 752
+ 503 740
+ 503 624
+ 503 857
+ 503 850
+ 503 587
+ 503 615
+ 502 676
+ 502 751
+ 502 672
+ 501 687
+ 501 653
+ 501 683
+ 501 704
+ 500 751
+ 500 631
+ 500 600
+ 500 548
+ 499 578
+ 499 734
+ 499 720
+ 498 582
+ 498 779
+ 498 590
+ 498 665
+ 497 862
+ 497 547
+ 497 678
+ 497 786
+ 497 546
+ 497 658
+ 496 555
+ 496 817
+ 496 779
+ 496 629
+ 495 672
+ 495 744
+ 495 673
+ 495 677
+ 494 564
+ 494 724
+ 494 708
+ 494 835
+ 493 523
+ 493 807
+ 493 502
+ 493 604
+ 493 496
+ 493 740
+ 492 502
+ 492 805
+ 492 603
+ 491 747
+ 491 669
+ 490 529
+ 490 591
+ 490 780
+ 490 596
+ 489 552
+ 488 664
+ 488 677
+ 488 553
+ 487 858
+ 487 714
+ 487 739
+ 487 514
+ 487 631
+ 486 863
+ 486 763
+ 486 858
+ 486 594
+ 485 842
+ 485 580
+ 484 708
+ 484 559
+ 483 706
+ 483 584
+ 483 501
+ 482 600
+ 482 691
+ 482 816
+ 482 848
+ 481 626
+ 481 789
+ 480 690
+ 480 484
+ 480 550
+ 480 566
+ 480 865
+ 479 601
+ 479 770
+ 479 803
+ 479 575
+ 479 709
+ 479 838
+ 479 870
+ 478 630
+ 478 599
+ 478 711
+ 477 569
+ 477 550
+ 476 758
+ 476 589
+ 476 694
+ 476 757
+ 476 541
+ 476 626
+ 476 554
+ 475 510
+ 475 832
+ 475 598
+ 474 810
+ 474 785
+ 474 712
+ 474 682
+ 474 672
+ 474 858
+ 473 776
+ 473 808
+ 473 678
+ 472 538
+ 472 610
+ 472 733
+ 472 752
+ 472 765
+ 471 538
+ 471 596
+ 470 585
+ 470 871
+ 470 809
+ 470 679
+ 469 554
+ 469 621
+ 469 739
+ 469 790
+ 469 592
+ 469 729
+ 468 623
+ 468 625
+ 468 577
+ 467 835
+ 467 852
+ 467 848
+ 466 711
+ 466 535
+ 466 806
+ 465 801
+ 465 651
+ 465 612
+ 465 869
+ 465 594
+ 464 512
+ 464 617
+ 464 541
+ 463 655
+ 463 472
+ 463 723
+ 462 636
+ 462 847
+ 462 497
+ 462 664
+ 462 502
+ 461 479
+ 461 731
+ 461 869
+ 461 617
+ 461 673
+ 461 860
+ 461 777
+ 460 777
+ 460 530
+ 460 483
+ 459 657
+ 459 467
+ 459 732
+ 459 757
+ 459 545
+ 459 551
+ 459 747
+ 459 662
+ 459 578
+ 458 762
+ 458 651
+ 458 843
+ 458 864
+ 457 509
+ 457 539
+ 457 475
+ 457 680
+ 457 756
+ 457 490
+ 456 603
+ 456 749
+ 455 738
+ 454 709
+ 454 806
+ 454 559
+ 453 612
+ 453 789
+ 452 562
+ 452 659
+ 451 459
+ 451 775
+ 450 660
+ 450 706
+ 450 531
+ 450 473
+ 449 496
+ 447 516
+ 447 848
+ 447 617
+ 446 518
+ 445 761
+ 443 730
+ 443 751
+ 443 656
+ 443 646
+ 442 697
+ 442 609
+ 441 633
+ 441 650
+ 441 823
+ 440 487
+ 440 582
+ 440 549
+ 440 740
+ 439 637
+ 439 594
+ 439 833
+ 438 489
+ 438 449
+ 438 680
+ 438 520
+ 437 839
+ 437 867
+ 437 632
+ 437 500
+ 436 627
+ 436 749
+ 436 840
+ 435 691
+ 435 441
+ 435 819
+ 434 828
+ 434 610
+ 434 453
+ 433 862
+ 433 610
+ 432 502
+ 432 816
+ 431 806
+ 431 548
+ 431 856
+ 430 702
+ 430 462
+ 429 835
+ 429 807
+ 429 478
+ 428 588
+ 428 676
+ 428 782
+ 428 436
+ 427 535
+ 427 669
+ 426 444
+ 425 574
+ 425 708
+ 425 759
+ 424 702
+ 424 738
+ 424 870
+ 424 630
+ 423 464
+ 423 463
+ 423 702
+ 422 759
+ 422 438
+ 421 551
+ 421 730
+ 421 443
+ 420 639
+ 420 518
+ 419 742
+ 419 678
+ 418 632
+ 418 691
+ 417 518
+ 417 789
+ 417 768
+ 417 675
+ 417 811
+ 417 803
+ 416 536
+ 416 839
+ 415 441
+ 414 748
+ 414 671
+ 414 510
+ 414 505
+ 414 824
+ 414 598
+ 413 533
+ 413 420
+ 413 693
+ 413 708
+ 412 495
+ 412 625
+ 412 590
+ 411 508
+ 411 726
+ 411 715
+ 410 707
+ 408 454
+ 408 768
+ 408 498
+ 408 778
+ 407 500
+ 407 415
+ 407 519
+ 407 489
+ 407 859
+ 407 826
+ 407 762
+ 407 778
+ 406 665
+ 406 869
+ 406 532
+ 406 841
+ 406 515
+ 406 458
+ 405 607
+ 405 651
+ 405 595
+ 404 503
+ 403 508
+ 403 743
+ 403 698
+ 403 470
+ 402 762
+ 401 657
+ 401 444
+ 401 554
+ 401 575
+ 400 517
+ 400 733
+ 400 854
+ 399 488
+ 399 581
+ 398 816
+ 397 735
+ 397 668
+ 397 759
+ 396 492
+ 396 476
+ 396 773
+ 396 521
+ 396 436
+ 396 512
+ 395 727
+ 395 814
+ 395 469
+ 395 484
+ 395 818
+ 395 674
+ 394 584
+ 394 444
+ 394 576
+ 393 665
+ 393 459
+ 393 791
+ 392 806
+ 392 787
+ 392 457
+ 392 641
+ 391 470
+ 391 510
+ 390 403
+ 390 673
+ 389 831
+ 389 666
+ 389 397
+ 389 737
+ 388 562
+ 388 810
+ 388 708
+ 388 579
+ 388 490
+ 387 552
+ 387 432
+ 387 505
+ 387 428
+ 387 794
+ 387 759
+ 387 691
+ 387 862
+ 387 685
+ 387 462
+ 386 477
+ 386 838
+ 386 766
+ 386 616
+ 386 402
+ 386 837
+ 385 673
+ 385 687
+ 385 494
+ 385 458
+ 384 606
+ 384 861
+ 383 822
+ 383 441
+ 383 860
+ 383 674
+ 383 746
+ 382 532
+ 382 824
+ 382 597
+ 381 517
+ 381 762
+ 381 684
+ 380 391
+ 380 685
+ 380 867
+ 380 724
+ 380 839
+ 379 544
+ 379 454
+ 379 832
+ 379 624
+ 379 863
+ 379 633
+ 378 789
+ 378 562
+ 378 490
+ 377 621
+ 377 409
+ 377 494
+ 376 410
+ 375 619
+ 375 654
+ 375 537
+ 375 613
+ 375 643
+ 375 476
+ 375 629
+ 375 836
+ 374 388
+ 374 380
+ 373 572
+ 373 543
+ 373 453
+ 373 715
+ 372 639
+ 372 865
+ 372 755
+ 372 727
+ 372 819
+ 372 620
+ 371 849
+ 371 506
+ 370 716
+ 370 442
+ 369 390
+ 369 767
+ 369 853
+ 369 522
+ 369 503
+ 369 858
+ 369 726
+ 369 398
+ 368 654
+ 368 787
+ 368 867
+ 368 402
+ 368 739
+ 367 450
+ 367 871
+ 367 664
+ 366 396
+ 366 608
+ 366 771
+ 365 594
+ 365 404
+ 365 676
+ 365 729
+ 364 788
+ 364 700
+ 363 397
+ 363 797
+ 363 776
+ 363 637
+ 363 713
+ 362 432
+ 362 799
+ 362 662
+ 362 485
+ 362 498
+ 361 755
+ 361 681
+ 361 573
+ 361 762
+ 361 677
+ 361 577
+ 361 854
+ 360 728
+ 360 830
+ 360 439
+ 360 459
+ 360 364
+ 360 843
+ 359 840
+ 358 612
+ 358 415
+ 358 538
+ 358 848
+ 357 814
+ 357 656
+ 356 868
+ 356 662
+ 355 593
+ 355 614
+ 355 671
+ 355 675
+ 355 702
+ 354 358
+ 354 560
+ 354 660
+ 354 546
+ 353 376
+ 353 423
+ 352 354
+ 352 520
+ 352 569
+ 352 422
+ 351 487
+ 351 647
+ 350 596
+ 350 539
+ 350 426
+ 350 703
+ 350 599
+ 350 633
+ 350 820
+ 350 683
+ 349 640
+ 349 369
+ 348 557
+ 348 762
+ 348 664
+ 348 555
+ 348 791
+ 348 779
+ 348 559
+ 347 742
+ 347 384
+ 347 468
+ 346 500
+ 346 452
+ 346 519
+ 346 366
+ 346 495
+ 346 828
+ 345 474
+ 344 422
+ 344 726
+ 344 352
+ 344 817
+ 344 844
+ 344 806
+ 343 385
+ 343 738
+ 342 738
+ 342 347
+ 342 450
+ 342 371
+ 342 568
+ 342 459
+ 342 845
+ 341 441
+ 340 679
+ 340 422
+ 340 579
+ 339 766
+ 339 487
+ 339 451
+ 339 691
+ 338 498
+ 338 343
+ 338 382
+ 338 485
+ 338 605
+ 337 660
+ 337 357
+ 337 567
+ 337 835
+ 336 732
+ 336 379
+ 336 431
+ 336 795
+ 335 346
+ 335 508
+ 335 423
+ 334 726
+ 334 812
+ 334 848
+ 333 711
+ 333 779
+ 332 672
+ 332 401
+ 332 547
+ 332 712
+ 332 776
+ 332 716
+ 332 497
+ 332 355
+ 332 540
+ 331 428
+ 331 642
+ 331 385
+ 331 627
+ 331 728
+ 331 636
+ 331 735
+ 331 589
+ 330 759
+ 330 699
+ 330 548
+ 330 632
+ 330 344
+ 329 637
+ 329 621
+ 329 412
+ 328 770
+ 328 388
+ 328 494
+ 328 701
+ 327 865
+ 327 591
+ 326 808
+ 325 755
+ 325 737
+ 325 685
+ 325 785
+ 324 838
+ 324 381
+ 324 711
+ 324 860
+ 324 529
+ 323 433
+ 323 440
+ 323 647
+ 323 671
+ 322 756
+ 321 870
+ 320 709
+ 320 563
+ 320 373
+ 320 426
+ 319 513
+ 319 805
+ 318 498
+ 318 405
+ 318 347
+ 318 441
+ 317 440
+ 317 429
+ 317 633
+ 317 584
+ 317 631
+ 317 467
+ 316 579
+ 316 653
+ 316 807
+ 316 608
+ 316 332
+ 316 376
+ 316 383
+ 316 669
+ 316 722
+ 315 749
+ 315 363
+ 315 743
+ 315 326
+ 315 771
+ 315 509
+ 315 425
+ 314 568
+ 314 799
+ 313 405
+ 313 457
+ 313 470
+ 313 508
+ 313 535
+ 313 386
+ 312 357
+ 312 725
+ 312 591
+ 312 334
+ 311 791
+ 311 835
+ 310 328
+ 310 870
+ 309 859
+ 309 748
+ 309 802
+ 309 867
+ 308 754
+ 308 456
+ 308 570
+ 307 482
+ 307 713
+ 307 857
+ 306 821
+ 306 362
+ 306 547
+ 306 417
+ 306 654
+ 306 770
+ 305 832
+ 305 523
+ 305 532
+ 305 590
+ 305 611
+ 304 451
+ 304 634
+ 304 409
+ 303 685
+ 303 389
+ 303 823
+ 303 515
+ 303 470
+ 302 583
+ 302 616
+ 302 767
+ 302 602
+ 301 307
+ 301 469
+ 301 715
+ 301 784
+ 301 633
+ 300 467
+ 300 671
+ 300 569
+ 300 756
+ 300 711
+ 300 871
+ 300 454
+ 300 480
+ 299 718
+ 299 723
+ 299 643
+ 299 565
+ 298 790
+ 298 350
+ 297 305
+ 297 344
+ 297 332
+ 296 790
+ 296 473
+ 296 728
+ 296 377
+ 296 822
+ 296 802
+ 296 311
+ 295 757
+ 295 836
+ 295 821
+ 294 529
+ 294 498
+ 294 331
+ 294 618
+ 293 606
+ 293 841
+ 292 490
+ 292 789
+ 292 818
+ 292 300
+ 291 369
+ 291 525
+ 291 679
+ 291 335
+ 290 602
+ 290 361
+ 290 658
+ 289 586
+ 289 474
+ 288 583
+ 288 447
+ 288 714
+ 288 487
+ 288 815
+ 288 857
+ 288 678
+ 288 390
+ 287 472
+ 287 546
+ 287 588
+ 287 762
+ 286 659
+ 286 593
+ 285 457
+ 285 362
+ 284 513
+ 284 836
+ 284 634
+ 284 810
+ 284 446
+ 283 307
+ 283 521
+ 283 776
+ 283 746
+ 282 515
+ 282 683
+ 282 444
+ 281 857
+ 281 625
+ 281 333
+ 281 488
+ 280 429
+ 280 835
+ 280 612
+ 279 410
+ 279 603
+ 278 285
+ 278 514
+ 278 827
+ 278 357
+ 278 660
+ 278 835
+ 277 665
+ 277 432
+ 277 678
+ 277 330
+ 277 653
+ 277 862
+ 276 312
+ 276 696
+ 276 630
+ 276 834
+ 276 693
+ 276 391
+ 275 339
+ 275 658
+ 275 577
+ 275 715
+ 274 472
+ 274 536
+ 274 771
+ 274 504
+ 274 548
+ 274 835
+ 274 691
+ 274 821
+ 274 736
+ 273 730
+ 273 487
+ 272 682
+ 272 542
+ 272 744
+ 272 515
+ 270 362
+ 270 837
+ 270 601
+ 270 356
+ 269 365
+ 269 568
+ 268 761
+ 268 425
+ 268 730
+ 268 379
+ 268 700
+ 268 405
+ 267 393
+ 267 540
+ 267 627
+ 267 568
+ 267 612
+ 267 801
+ 266 596
+ 266 762
+ 266 522
+ 266 593
+ 266 642
+ 265 495
+ 265 354
+ 265 693
+ 265 469
+ 264 657
+ 264 553
+ 264 640
+ 264 335
+ 264 658
+ 264 693
+ 263 769
+ 263 316
+ 263 685
+ 263 272
+ 263 767
+ 263 851
+ 262 562
+ 262 786
+ 262 447
+ 261 579
+ 261 793
+ 261 783
+ 261 666
+ 261 420
+ 261 321
+ 260 637
+ 260 607
+ 259 798
+ 259 342
+ 259 814
+ 259 763
+ 259 466
+ 259 510
+ 258 507
+ 258 358
+ 257 339
+ 257 796
+ 257 799
+ 257 313
+ 257 648
+ 257 332
+ 256 400
+ 256 415
+ 256 331
+ 256 288
+ 256 367
+ 256 539
+ 256 816
+ 256 731
+ 255 373
+ 255 521
+ 255 819
+ 254 401
+ 254 608
+ 254 381
+ 254 712
+ 254 309
+ 253 679
+ 253 386
+ 252 484
+ 252 465
+ 252 829
+ 251 649
+ 251 530
+ 251 561
+ 250 360
+ 250 410
+ 249 687
+ 249 290
+ 249 389
+ 248 287
+ 248 821
+ 248 596
+ 248 626
+ 248 841
+ 248 501
+ 248 713
+ 248 814
+ 247 687
+ 247 286
+ 247 541
+ 247 315
+ 247 581
+ 246 558
+ 246 756
+ 246 432
+ 246 308
+ 246 254
+ 246 496
+ 246 827
+ 246 365
+ 245 834
+ 245 685
+ 245 539
+ 245 757
+ 245 397
+ 245 801
+ 245 663
+ 244 672
+ 244 471
+ 244 277
+ 244 765
+ 244 678
+ 243 523
+ 243 867
+ 243 320
+ 243 703
+ 243 592
+ 243 766
+ 243 789
+ 243 318
+ 242 637
+ 242 545
+ 242 478
+ 242 598
+ 242 369
+ 242 385
+ 242 695
+ 241 379
+ 241 320
+ 240 871
+ 240 693
+ 240 602
+ 240 441
+ 239 325
+ 239 751
+ 239 404
+ 239 294
+ 239 817
+ 239 435
+ 239 819
+ 239 462
+ 238 518
+ 238 641
+ 237 365
+ 237 310
+ 237 809
+ 236 735
+ 236 573
+ 236 851
+ 236 298
+ 236 248
+ 235 287
+ 235 781
+ 235 529
+ 235 289
+ 235 261
+ 235 580
+ 234 583
+ 234 361
+ 234 493
+ 234 637
+ 234 620
+ 234 349
+ 234 743
+ 233 770
+ 233 597
+ 233 743
+ 233 420
+ 232 661
+ 232 495
+ 232 543
+ 232 807
+ 232 555
+ 232 408
+ 231 314
+ 231 666
+ 231 841
+ 231 464
+ 231 445
+ 231 794
+ 231 590
+ 230 565
+ 230 796
+ 230 848
+ 230 412
+ 229 455
+ 229 694
+ 229 449
+ 229 441
+ 229 504
+ 229 830
+ 229 835
+ 229 672
+ 229 658
+ 229 259
+ 228 799
+ 227 814
+ 227 412
+ 227 780
+ 227 598
+ 227 851
+ 227 408
+ 226 330
+ 226 848
+ 226 236
+ 226 530
+ 225 439
+ 225 708
+ 225 355
+ 225 451
+ 225 252
+ 225 521
+ 225 689
+ 224 642
+ 224 354
+ 224 776
+ 224 366
+ 224 755
+ 224 653
+ 224 724
+ 223 827
+ 223 595
+ 223 504
+ 223 398
+ 222 799
+ 222 767
+ 222 450
+ 222 674
+ 222 541
+ 222 336
+ 222 796
+ 222 664
+ 222 246
+ 221 812
+ 221 306
+ 221 300
+ 221 272
+ 220 379
+ 220 312
+ 220 542
+ 220 451
+ 220 795
+ 220 514
+ 220 275
+ 220 337
+ 219 725
+ 219 789
+ 219 718
+ 219 508
+ 219 734
+ 218 666
+ 218 831
+ 218 427
+ 218 580
+ 217 531
+ 217 660
+ 216 518
+ 216 350
+ 216 479
+ 216 538
+ 216 658
+ 216 624
+ 216 260
+ 215 240
+ 215 604
+ 215 250
+ 214 407
+ 214 531
+ 214 366
+ 214 286
+ 214 306
+ 214 719
+ 213 843
+ 212 852
+ 212 794
+ 212 597
+ 212 798
+ 212 361
+ 212 745
+ 211 264
+ 211 348
+ 211 306
+ 211 464
+ 210 296
+ 210 732
+ 210 696
+ 210 780
+ 210 645
+ 209 405
+ 209 230
+ 209 821
+ 208 444
+ 208 442
+ 208 269
+ 208 849
+ 207 344
+ 207 576
+ 207 852
+ 207 330
+ 207 272
+ 207 247
+ 207 838
+ 207 432
+ 206 559
+ 206 708
+ 206 539
+ 205 313
+ 205 487
+ 205 720
+ 205 224
+ 205 239
+ 205 471
+ 205 568
+ 204 298
+ 204 302
+ 204 652
+ 204 858
+ 203 476
+ 203 400
+ 203 748
+ 203 455
+ 203 809
+ 203 426
+ 203 292
+ 203 361
+ 203 495
+ 203 788
+ 202 845
+ 202 710
+ 202 554
+ 202 769
+ 202 675
+ 202 577
+ 202 817
+ 201 473
+ 201 677
+ 201 831
+ 201 744
+ 201 274
+ 201 765
+ 200 390
+ 200 417
+ 200 201
+ 200 277
+ 200 491
+ 199 349
+ 199 469
+ 199 428
+ 199 591
+ 199 457
+ 199 713
+ 199 571
+ 199 685
+ 198 700
+ 198 699
+ 198 441
+ 198 266
+ 198 722
+ 197 823
+ 197 225
+ 197 620
+ 197 849
+ 197 703
+ 196 792
+ 196 760
+ 196 367
+ 196 777
+ 196 266
+ 195 458
+ 195 241
+ 195 710
+ 195 745
+ 195 620
+ 195 849
+ 195 542
+ 195 316
+ 195 392
+ 194 855
+ 194 469
+ 194 342
+ 194 284
+ 194 268
+ 194 567
+ 194 461
+ 193 434
+ 193 286
+ 193 220
+ 193 264
+ 193 824
+ 193 748
+ 192 642
+ 192 718
+ 192 230
+ 192 668
+ 192 414
+ 192 323
+ 191 645
+ 191 207
+ 191 718
+ 191 727
+ 191 558
+ 191 288
+ 191 256
+ 191 666
+ 190 578
+ 190 704
+ 190 760
+ 190 526
+ 190 269
+ 189 784
+ 189 686
+ 189 803
+ 189 754
+ 189 760
+ 188 794
+ 188 746
+ 188 657
+ 188 833
+ 188 607
+ 188 791
+ 188 403
+ 188 407
+ 187 335
+ 187 657
+ 187 689
+ 187 553
+ 186 797
+ 186 330
+ 186 335
+ 186 758
+ 186 717
+ 186 381
+ 185 757
+ 185 658
+ 185 330
+ 185 230
+ 184 407
+ 184 696
+ 184 763
+ 183 589
+ 183 525
+ 183 343
+ 183 622
+ 183 614
+ 183 263
+ 183 416
+ 183 666
+ 183 204
+ 183 460
+ 182 755
+ 182 708
+ 182 660
+ 182 323
+ 181 473
+ 181 402
+ 181 247
+ 181 496
+ 180 795
+ 179 365
+ 179 544
+ 179 829
+ 179 692
+ 179 681
+ 179 674
+ 179 461
+ 179 571
+ 178 340
+ 178 350
+ 178 723
+ 178 837
+ 177 798
+ 177 591
+ 177 231
+ 177 395
+ 176 531
+ 176 626
+ 176 791
+ 176 414
+ 176 607
+ 176 619
+ 176 618
+ 176 769
+ 175 573
+ 175 304
+ 175 611
+ 175 721
+ 175 831
+ 174 358
+ 174 196
+ 174 623
+ 174 554
+ 174 443
+ 173 503
+ 173 311
+ 173 395
+ 172 573
+ 172 822
+ 172 475
+ 172 738
+ 172 852
+ 172 571
+ 171 819
+ 171 332
+ 171 330
+ 171 519
+ 170 589
+ 170 448
+ 170 174
+ 170 457
+ 170 715
+ 169 438
+ 169 188
+ 169 298
+ 169 758
+ 169 595
+ 169 753
+ 169 647
+ 168 418
+ 168 715
+ 168 708
+ 168 359
+ 168 254
+ 168 236
+ 168 479
+ 168 660
+ 168 572
+ 168 805
+ 168 509
+ 167 354
+ 167 619
+ 167 810
+ 167 294
+ 167 510
+ 167 178
+ 167 512
+ 167 855
+ 166 236
+ 166 516
+ 165 249
+ 164 329
+ 164 169
+ 164 456
+ 164 448
+ 164 595
+ 164 451
+ 164 209
+ 164 820
+ 164 626
+ 164 817
+ 164 840
+ 163 487
+ 163 703
+ 163 508
+ 163 841
+ 163 214
+ 163 309
+ 163 693
+ 163 407
+ 163 197
+ 163 594
+ 163 339
+ 162 393
+ 162 272
+ 162 347
+ 162 325
+ 162 299
+ 162 178
+ 161 825
+ 161 697
+ 161 651
+ 161 810
+ 161 852
+ 160 322
+ 160 472
+ 160 167
+ 160 393
+ 159 638
+ 159 238
+ 159 586
+ 159 649
+ 159 436
+ 159 770
+ 159 241
+ 159 544
+ 159 286
+ 158 539
+ 158 169
+ 158 811
+ 158 417
+ 157 852
+ 157 160
+ 157 331
+ 157 844
+ 157 219
+ 156 567
+ 156 674
+ 156 811
+ 156 636
+ 156 514
+ 156 302
+ 156 296
+ 156 327
+ 156 806
+ 156 452
+ 156 277
+ 156 646
+ 155 487
+ 155 333
+ 155 784
+ 155 450
+ 155 670
+ 155 436
+ 155 399
+ 155 501
+ 154 445
+ 154 208
+ 154 812
+ 154 449
+ 154 395
+ 154 221
+ 154 385
+ 154 301
+ 154 398
+ 154 245
+ 154 180
+ 153 667
+ 153 455
+ 153 314
+ 153 231
+ 152 432
+ 152 450
+ 152 710
+ 152 176
+ 152 801
+ 152 649
+ 151 484
+ 151 734
+ 151 858
+ 150 346
+ 150 812
+ 150 711
+ 149 763
+ 149 839
+ 149 753
+ 149 155
+ 149 698
+ 149 390
+ 149 641
+ 148 477
+ 148 433
+ 148 831
+ 148 237
+ 148 695
+ 148 633
+ 147 523
+ 147 816
+ 147 799
+ 147 607
+ 146 335
+ 146 292
+ 146 367
+ 145 374
+ 145 383
+ 145 435
+ 145 237
+ 145 170
+ 145 485
+ 144 817
+ 144 588
+ 144 152
+ 143 213
+ 143 557
+ 143 288
+ 143 579
+ 143 696
+ 143 230
+ 143 441
+ 143 663
+ 143 457
+ 143 382
+ 142 717
+ 142 349
+ 142 416
+ 142 178
+ 142 586
+ 142 469
+ 142 818
+ 141 421
+ 141 716
+ 141 196
+ 141 190
+ 141 697
+ 141 678
+ 141 723
+ 141 656
+ 141 741
+ 141 284
+ 141 258
+ 140 857
+ 140 505
+ 140 544
+ 140 651
+ 140 772
+ 140 522
+ 139 821
+ 139 750
+ 139 143
+ 139 639
+ 139 301
+ 139 341
+ 139 283
+ 139 342
+ 138 647
+ 138 580
+ 138 776
+ 137 342
+ 137 251
+ 137 636
+ 137 348
+ 137 341
+ 137 864
+ 137 859
+ 136 636
+ 136 812
+ 136 222
+ 136 385
+ 136 797
+ 135 281
+ 135 275
+ 135 341
+ 135 187
+ 135 143
+ 135 416
+ 135 460
+ 135 656
+ 134 477
+ 134 822
+ 134 663
+ 133 180
+ 133 697
+ 133 824
+ 133 784
+ 132 444
+ 132 215
+ 132 168
+ 132 262
+ 132 188
+ 132 542
+ 132 780
+ 132 325
+ 132 411
+ 132 671
+ 131 813
+ 131 720
+ 131 843
+ 131 824
+ 131 565
+ 131 348
+ 131 372
+ 131 399
+ 131 213
+ 131 240
+ 131 860
+ 130 757
+ 130 220
+ 130 131
+ 130 302
+ 130 404
+ 130 300
+ 130 782
+ 129 572
+ 129 780
+ 129 621
+ 129 533
+ 128 551
+ 128 133
+ 128 526
+ 128 173
+ 128 546
+ 127 845
+ 127 200
+ 127 795
+ 127 142
+ 127 485
+ 127 507
+ 127 635
+ 127 322
+ 126 581
+ 126 411
+ 126 778
+ 126 852
+ 126 555
+ 125 747
+ 124 629
+ 124 517
+ 124 281
+ 124 773
+ 124 286
+ 124 808
+ 123 372
+ 123 736
+ 123 501
+ 123 825
+ 122 156
+ 122 203
+ 122 722
+ 122 255
+ 122 358
+ 122 293
+ 121 189
+ 121 645
+ 121 450
+ 121 816
+ 120 406
+ 120 713
+ 120 454
+ 120 809
+ 119 270
+ 119 170
+ 119 637
+ 119 165
+ 119 573
+ 119 531
+ 119 181
+ 118 742
+ 118 534
+ 118 804
+ 118 745
+ 117 517
+ 117 411
+ 117 643
+ 117 235
+ 117 372
+ 117 121
+ 116 364
+ 116 547
+ 116 126
+ 115 666
+ 115 504
+ 115 454
+ 114 758
+ 114 759
+ 114 494
+ 114 292
+ 114 172
+ 114 390
+ 114 692
+ 113 128
+ 113 667
+ 113 506
+ 113 264
+ 113 333
+ 112 850
+ 112 677
+ 111 332
+ 110 147
+ 110 371
+ 110 389
+ 110 792
+ 110 318
+ 110 518
+ 110 638
+ 110 196
+ 110 347
+ 109 859
+ 109 326
+ 109 313
+ 109 745
+ 109 593
+ 109 853
+ 109 191
+ 108 279
+ 108 863
+ 108 194
+ 108 292
+ 108 316
+ 108 568
+ 108 733
+ 107 752
+ 107 490
+ 107 683
+ 107 544
+ 107 140
+ 107 701
+ 107 278
+ 107 558
+ 107 830
+ 106 314
+ 106 620
+ 106 654
+ 106 663
+ 106 279
+ 105 756
+ 105 752
+ 105 304
+ 105 240
+ 105 759
+ 105 454
+ 104 277
+ 104 700
+ 104 358
+ 103 655
+ 103 328
+ 103 804
+ 103 123
+ 103 238
+ 103 387
+ 102 255
+ 102 265
+ 102 287
+ 102 346
+ 102 333
+ 102 842
+ 102 694
+ 102 531
+ 102 868
+ 101 395
+ 101 501
+ 101 849
+ 101 580
+ 101 523
+ 100 266
+ 100 870
+ 100 575
+ 100 453
+ 100 373
+ 99 205
+ 99 868
+ 99 621
+ 99 189
+ 99 241
+ 99 289
+ 99 197
+ 99 730
+ 99 406
+ 99 559
+ 99 496
+ 99 655
+ 99 459
+ 98 222
+ 98 771
+ 98 308
+ 98 659
+ 98 379
+ 97 805
+ 97 770
+ 97 366
+ 97 160
+ 96 313
+ 96 805
+ 96 355
+ 96 356
+ 95 315
+ 95 392
+ 95 714
+ 95 204
+ 95 801
+ 94 494
+ 94 717
+ 94 727
+ 94 611
+ 94 265
+ 93 537
+ 93 110
+ 93 305
+ 93 229
+ 93 574
+ 93 500
+ 92 663
+ 92 257
+ 92 498
+ 92 469
+ 92 342
+ 92 144
+ 92 612
+ 92 441
+ 91 670
+ 91 685
+ 91 186
+ 91 555
+ 91 290
+ 91 243
+ 90 558
+ 90 649
+ 90 297
+ 90 840
+ 90 128
+ 90 144
+ 90 251
+ 90 646
+ 90 600
+ 89 711
+ 89 296
+ 89 448
+ 89 306
+ 88 274
+ 88 671
+ 88 195
+ 88 681
+ 88 462
+ 88 839
+ 88 807
+ 88 580
+ 87 186
+ 87 165
+ 87 724
+ 87 418
+ 87 739
+ 87 411
+ 87 858
+ 87 424
+ 87 791
+ 87 427
+ 86 666
+ 86 97
+ 86 633
+ 86 604
+ 86 617
+ 86 384
+ 86 679
+ 86 576
+ 86 749
+ 86 368
+ 86 354
+ 86 95
+ 85 710
+ 85 419
+ 85 661
+ 85 146
+ 85 254
+ 84 803
+ 84 695
+ 84 777
+ 84 680
+ 84 756
+ 84 528
+ 83 462
+ 83 822
+ 83 808
+ 83 697
+ 83 345
+ 83 364
+ 82 402
+ 82 146
+ 82 566
+ 82 736
+ 82 767
+ 82 226
+ 82 370
+ 82 865
+ 81 454
+ 81 82
+ 81 549
+ 81 304
+ 81 675
+ 80 330
+ 80 121
+ 80 428
+ 80 409
+ 80 663
+ 80 561
+ 80 869
+ 80 137
+ 79 543
+ 79 429
+ 79 178
+ 79 267
+ 79 168
+ 79 406
+ 79 205
+ 79 269
+ 78 157
+ 78 610
+ 78 154
+ 78 847
+ 78 850
+ 78 117
+ 78 199
+ 78 86
+ 78 595
+ 78 795
+ 77 343
+ 77 381
+ 77 271
+ 77 701
+ 77 240
+ 77 736
+ 77 832
+ 77 805
+ 77 682
+ 77 432
+ 76 404
+ 76 603
+ 76 165
+ 76 391
+ 76 169
+ 76 783
+ 75 196
+ 75 787
+ 75 788
+ 75 564
+ 75 780
+ 75 694
+ 75 774
+ 75 369
+ 75 750
+ 75 231
+ 75 831
+ 74 723
+ 74 837
+ 74 437
+ 74 734
+ 73 379
+ 73 460
+ 73 409
+ 73 632
+ 73 504
+ 73 683
+ 73 561
+ 73 542
+ 72 480
+ 72 465
+ 72 556
+ 72 855
+ 72 271
+ 71 261
+ 71 675
+ 71 797
+ 71 870
+ 71 615
+ 71 238
+ 71 229
+ 71 670
+ 71 337
+ 71 809
+ 71 494
+ 70 228
+ 70 442
+ 70 451
+ 69 780
+ 69 605
+ 69 558
+ 69 633
+ 69 167
+ 69 131
+ 69 347
+ 68 837
+ 68 279
+ 68 219
+ 68 181
+ 68 803
+ 68 304
+ 68 416
+ 67 102
+ 67 392
+ 67 248
+ 67 638
+ 67 451
+ 67 509
+ 66 226
+ 66 522
+ 66 223
+ 66 315
+ 66 260
+ 66 479
+ 66 450
+ 66 613
+ 65 525
+ 65 851
+ 65 796
+ 65 730
+ 65 731
+ 65 682
+ 64 166
+ 64 459
+ 64 192
+ 64 814
+ 64 112
+ 63 298
+ 63 158
+ 63 337
+ 63 593
+ 62 91
+ 62 512
+ 62 751
+ 62 458
+ 62 316
+ 62 432
+ 61 249
+ 61 494
+ 61 380
+ 61 225
+ 61 67
+ 61 853
+ 60 413
+ 60 589
+ 60 329
+ 60 537
+ 60 870
+ 60 714
+ 59 517
+ 59 98
+ 59 783
+ 59 557
+ 59 698
+ 58 147
+ 58 79
+ 58 617
+ 57 757
+ 57 647
+ 57 832
+ 57 763
+ 56 187
+ 56 615
+ 56 227
+ 56 574
+ 56 767
+ 56 517
+ 56 625
+ 56 107
+ 56 541
+ 56 466
+ 55 182
+ 55 317
+ 55 602
+ 55 553
+ 55 225
+ 54 198
+ 54 724
+ 54 298
+ 54 275
+ 54 835
+ 53 578
+ 53 69
+ 53 431
+ 53 270
+ 53 384
+ 53 415
+ 53 451
+ 53 659
+ 53 756
+ 52 570
+ 52 843
+ 52 140
+ 52 267
+ 52 726
+ 51 196
+ 51 77
+ 51 67
+ 51 60
+ 51 90
+ 51 119
+ 51 782
+ 50 640
+ 50 688
+ 50 145
+ 50 820
+ 50 528
+ 50 719
+ 50 91
+ 50 587
+ 50 451
+ 49 487
+ 49 328
+ 49 312
+ 49 59
+ 49 52
+ 48 196
+ 48 321
+ 48 84
+ 48 121
+ 47 376
+ 47 800
+ 47 446
+ 47 433
+ 47 413
+ 47 157
+ 47 318
+ 47 274
+ 47 695
+ 47 101
+ 47 241
+ 46 706
+ 46 75
+ 46 869
+ 46 404
+ 46 80
+ 46 676
+ 46 613
+ 45 207
+ 45 732
+ 45 628
+ 45 180
+ 45 739
+ 45 310
+ 45 753
+ 45 597
+ 45 279
+ 44 149
+ 44 294
+ 44 556
+ 44 284
+ 44 485
+ 43 380
+ 43 138
+ 43 257
+ 43 589
+ 43 316
+ 43 410
+ 43 523
+ 42 597
+ 42 507
+ 42 276
+ 41 692
+ 41 797
+ 41 56
+ 40 90
+ 40 88
+ 40 457
+ 40 827
+ 40 436
+ 40 225
+ 40 332
+ 40 637
+ 40 805
+ 40 848
+ 40 226
+ 40 106
+ 40 659
+ 40 859
+ 40 652
+ 40 164
+ 40 534
+ 39 839
+ 39 608
+ 39 345
+ 39 154
+ 39 170
+ 38 700
+ 38 500
+ 38 183
+ 38 330
+ 38 432
+ 38 590
+ 37 200
+ 37 129
+ 37 630
+ 37 582
+ 37 502
+ 36 531
+ 36 123
+ 36 766
+ 36 608
+ 36 52
+ 36 730
+ 36 782
+ 36 618
+ 35 861
+ 35 514
+ 35 682
+ 35 336
+ 35 193
+ 35 127
+ 34 556
+ 34 445
+ 34 150
+ 34 754
+ 34 634
+ 34 398
+ 33 644
+ 33 336
+ 33 756
+ 33 107
+ 33 835
+ 33 427
+ 32 650
+ 32 460
+ 32 152
+ 32 75
+ 31 771
+ 31 805
+ 31 670
+ 31 814
+ 31 693
+ 31 498
+ 30 706
+ 30 43
+ 30 110
+ 30 417
+ 30 803
+ 30 148
+ 29 413
+ 29 450
+ 28 659
+ 28 804
+ 28 420
+ 28 575
+ 27 246
+ 27 368
+ 27 430
+ 27 386
+ 27 75
+ 27 790
+ 27 108
+ 26 440
+ 26 679
+ 25 779
+ 25 213
+ 25 178
+ 25 232
+ 25 309
+ 25 838
+ 25 203
+ 25 468
+ 25 40
+ 25 126
+ 25 580
+ 24 278
+ 24 780
+ 24 635
+ 24 149
+ 24 111
+ 24 117
+ 24 408
+ 24 743
+ 24 535
+ 24 121
+ 23 277
+ 23 682
+ 23 47
+ 23 670
+ 22 757
+ 22 467
+ 22 400
+ 22 703
+ 22 555
+ 22 823
+ 22 759
+ 22 318
+ 22 667
+ 22 122
+ 22 612
+ 21 439
+ 21 90
+ 21 166
+ 21 379
+ 21 279
+ 20 820
+ 20 83
+ 20 394
+ 20 41
+ 20 379
+ 20 752
+ 20 712
+ 20 667
+ 20 545
+ 19 786
+ 19 309
+ 19 44
+ 19 230
+ 19 223
+ 19 72
+ 19 805
+ 18 46
+ 18 590
+ 18 576
+ 18 568
+ 18 341
+ 18 579
+ 18 503
+ 17 292
+ 17 510
+ 17 156
+ 17 321
+ 17 650
+ 17 190
+ 16 673
+ 16 863
+ 16 188
+ 16 239
+ 16 497
+ 16 777
+ 16 58
+ 15 419
+ 15 468
+ 15 46
+ 15 766
+ 15 373
+ 15 449
+ 15 424
+ 15 146
+ 15 741
+ 15 521
+ 14 870
+ 14 798
+ 14 657
+ 14 441
+ 14 563
+ 14 199
+ 14 186
+ 14 134
+ 14 498
+ 13 97
+ 13 90
+ 13 315
+ 13 209
+ 13 252
+ 13 660
+ 12 454
+ 12 592
+ 12 769
+ 12 709
+ 12 371
+ 12 66
+ 12 547
+ 11 112
+ 11 738
+ 11 189
+ 11 749
+ 11 521
+ 10 254
+ 10 107
+ 10 440
+ 10 539
+ 9 54
+ 9 608
+ 9 572
+ 9 463
+ 8 785
+ 8 24
+ 8 714
+ 8 206
+ 8 311
+ 7 394
+ 7 782
+ 7 233
+ 7 646
+ 7 630
+ 7 866
+ 6 28
+ 6 636
+ 6 491
+ 6 235
+ 6 379
+ 6 87
+ 6 728
+ 6 623
+ 6 151
+ 6 616
+ 5 240
+ 5 572
+ 5 7
+ 5 16
+ 5 505
+ 5 397
+ 5 225
+ 5 206
+ 4 234
+ 4 7
+ 4 694
+ 4 578
+ 4 102
+ 3 471
+ 3 831
+ 3 116
+ 3 382
+ 3 535
+ 3 404
+ 3 812
+ 3 715
+ 3 266
+ 2 757
+ 2 397
+ 2 861
+ 2 845
+ 2 42
+ 2 867
+ 2 119
+ 2 318
- 1 560
- 1 326
- 1 481
- 1 524
- 1 111
- 1 213
- 1 775
- 1 218
- 1 418
- 1 690
- 1 673
- 1 850
- 1 864
- 1 863
- 1 233
- 1 703
- 1 449
- 1 628
- 1 727
- 1 705
- 1 125
- 1 747
- 1 721
- 1 175
- 1 826
- 1 165
- 1 61
- 1 290
- 1 468
- 1 566
- 1 48
- 1 792
- 1 177
- 1 120
- 1 38
- 1 622
- 1 32
- 1 774
- 1 374
- 1 145
- 1 435
- 1 787
- 1 255
- 1 668
- 1 415
- 1 28
- 1 351
- 1 215
- 1 208
- 1 849
- 1 557
- 1 586
- 1 289
- 1 235
- 1 735
- 1 592
- 1 758
- 1 505
- 1 615
- 1 400
- 1 517
- 1 712
- 1 49
- 1 536
- 1 726
- 1 52
- 1 428
- 1 439
- 1 166
- 1 21
- 1 297
- 1 226
- 1 530
- 1 251
- 1 327
- 1 472
- 1 263
- 1 764
- 1 722
- 1 198
- 1 654
- 1 228
- 1 202
- 1 638
- 1 511
- 1 695
- 1 242
- 1 280
- 1 429
- 1 478
- 1 448
- 1 89
- 1 445
- 1 211
- 1 640
- 1 162
- 1 643
- 1 796
- 1 583
- 1 302
- 1 404
- 1 130
- 1 185
- 1 453
- 1 434
- 1 828
- 1 346
- 1 452
- 1 378
- 1 184
- 1 696
- 1 129
- 1 492
- 1 740
- 1 493
- 1 502
- 1 37
- 1 582
- 1 627
- 1 601
- 1 729
- 1 151
- 1 484
- 1 13
- 1 252
- 1 829
- 1 179
- 1 681
- 1 624
- 1 260
- 1 216
- 1 534
- 1 563
- 1 426
- 1 320
- 1 655
- 1 707
- 1 820
- 1 558
- 1 744
- 1 526
- 1 281
- 1 333
- 1 113
- 1 173
- 1 128
- 1 551
- 1 667
- 1 773
- 1 709
- 1 479
- 1 838
- 1 207
- 1 394
- 1 576
- 1 562
- 1 636
- 1 757
- 1 295
- 1 821
- 1 209
- 1 329
- 1 412
- 1 230
- 1 815
- 1 772
- 1 565
- 1 299
- 1 718
- 1 23
- 1 670
- 1 31
- 1 217
- 1 531
- 1 473
- 1 450
- 1 29
- 1 413
- 1 693
- 1 264
- 1 187
- 1 657
- 1 834
- 1 645
- 1 210
- 1 477
- 1 550
- 1 732
- 1 336
- 1 33
- 1 644
- 1 614
- 1 424
- 1 430
- 1 702
- 1 355
- 1 96
- 1 313
- 1 43
- 1 257
- 1 564
- 1 648
- 1 725
- 1 686
- 1 760
- 1 189
- 1 754
- 1 634
- 1 34
- 1 150
- 1 711
- 1 324
- 1 860
- 1 802
- 1 635
- 1 4
- 1 694
- 1 710
- 1 338
- 1 343
- 1 738
- 1 455
- 1 153
- 1 314
- 1 799
- 1 662
- 1 362
- 1 285
- 1 827
- 1 357
- 1 278
- 1 835
- 1 54
- 1 724
- 1 224
- 1 642
- 1 767
- 1 527
- 1 861
- 1 384
- 1 606
- 1 610
- 1 433
- 1 862
- 1 277
- 1 156
- 1 794
- 1 482
- 1 471
- 1 596
- 1 585
- 1 600
- 1 90
- 1 51
- 1 782
- 1 36
- 1 608
- 1 9
- 1 463
- 1 723
- 1 258
- 1 141
- 1 651
- 1 810
- 1 161
- 1 345
- 1 126
- 1 116
- 1 364
- 1 83
- 1 697
- 1 545
- 1 20
- 1 41
- 1 56
- 1 541
- 1 464
- 1 617
- 1 447
- 1 262
- 1 786
- 1 741
- 1 717
- 1 522
- 1 140
- 1 688
- 1 544
- 1 535
- 1 529
- 1 559
- 1 348
- 1 779
- 1 842
- 1 291
- 1 525
- 1 653
- 1 676
- 1 46
- 1 613
- 1 66
- 1 12
- 1 371
- 1 506
- 1 604
- 1 704
- 1 753
- 1 169
- 1 647
- 1 138
- 1 776
- 1 283
- 1 301
- 1 307
- 1 857
- 1 793
- 1 659
- 1 53
- 1 270
- 1 356
- 1 868
- 1 102
- 1 287
- 1 813
- 1 762
- 1 402
- 1 368
- 1 739
- 1 819
- 1 239
- 1 462
- 1 88
- 1 807
- 1 750
- 1 516
- 1 784
- 1 133
- 1 824
- 1 414
- 1 192
- 1 323
- 1 182
- 1 660
- 1 748
- 1 193
- 1 35
- 1 127
- 1 322
- 1 756
- 1 755
- 1 325
- 1 785
- 1 656
- 1 135
- 1 460
- 1 183
- 1 204
- 1 652
- 1 607
- 1 147
- 1 816
- 1 504
- 1 115
- 1 454
- 1 105
- 1 240
- 1 871
- 1 367
- 1 146
- 1 292
- 1 114
- 1 692
- 1 591
- 1 312
- 1 334
- 1 812
- 1 3
- 1 266
- 1 196
- 1 110
- 1 93
- 1 574
- 1 781
- 1 620
- 1 625
- 1 708
- 1 737
- 1 389
- 1 249
- 1 687
- 1 763
- 1 57
- 1 832
- 1 475
- 1 598
- 1 573
- 1 236
- 1 298
- 1 63
- 1 593
- 1 847
- 1 804
- 1 118
- 1 745
- 1 212
- 1 361
- 1 854
- 1 846
- 1 532
- 1 305
- 1 611
- 1 94
- 1 265
- 1 469
- 1 142
- 1 818
- 1 395
- 1 674
- 1 383
- 1 746
- 1 800
- 1 528
- 1 84
- 1 680
- 1 859
- 1 570
- 1 308
- 1 456
- 1 749
- 1 11
- 1 521
- 1 15
- 1 373
- 1 100
- 1 575
- 1 401
- 1 444
- 1 282
- 1 683
- 1 350
- 1 599
- 1 630
- 1 7
- 1 866
- 1 778
- 1 855
- 1 167
- 1 619
- 1 499
- 1 720
- 1 569
- 1 352
- 1 422
- 1 438
- 1 520
- 1 359
- 1 840
- 1 436
- 1 396
- 1 512
- 1 761
- 1 602
- 1 549
- 1 81
- 1 377
- 1 409
- 1 304
- 1 68
- 1 416
- 1 839
- 1 380
- 1 867
- 1 309
- 1 254
- 1 85
- 1 419
- 1 742
- 1 623
- 1 174
- 1 443
- 1 421
- 1 730
- 1 65
- 1 682
- 1 474
- 1 858
- 1 486
- 1 594
- 1 465
- 1 869
- 1 80
- 1 137
- 1 341
- 1 18
- 1 503
- 1 587
- 1 50
- 1 91
- 1 243
- 1 766
- 1 629
- 1 375
- 1 836
- 1 788
- 1 203
- 1 495
- 1 677
- 1 112
- 1 64
- 1 814
- 1 248
- 1 713
- 1 363
- 1 637
- 1 736
- 1 274
- 1 201
- 1 765
- 1 244
- 1 678
- 1 288
- 1 390
- 1 149
- 1 698
- 1 59
- 1 783
- 1 76
- 1 391
- 1 276
- 1 42
- 1 507
- 1 669
- 1 491
- 1 200
- 1 417
- 1 158
- 1 811
- 1 578
- 1 459
- 1 99
- 1 496
- 1 181
- 1 119
- 1 2
- 1 845
- 1 342
- 1 139
- 1 639
- 1 689
- 1 225
- 1 55
- 1 553
- 1 488
- 1 399
- 1 155
- 1 501
- 1 483
- 1 584
- 1 691
- 1 339
- 1 163
- 1 197
- 1 823
- 1 303
- 1 470
- 1 403
- 1 188
- 1 407
- 1 489
- 1 552
- 1 649
- 1 152
- 1 144
- 1 588
- 1 650
- 1 752
- 1 825
- 1 123
- 1 238
- 1 103
- 1 387
- 1 685
- 1 199
- 1 571
- 1 172
- 1 852
- 1 798
- 1 831
- 1 75
- 1 231
- 1 841
- 1 293
- 1 122
- 1 22
- 1 612
- 1 92
- 1 441
- 1 318
- 1 347
- 1 69
- 1 131
- 1 372
- 1 117
- 1 121
- 1 24
- 1 8
- 1 311
- 1 296
- 1 822
- 1 134
- 1 14
- 1 186
- 1 381
- 1 684
- 1 533
- 1 537
- 1 616
- 1 6
- 1 728
- 1 589
- 1 331
- 1 294
- 1 618
- 1 176
- 1 769
- 1 830
- 1 107
- 1 10
- 1 440
- 1 26
- 1 679
- 1 253
- 1 386
- 1 837
- 1 178
- 1 340
- 1 579
- 1 388
- 1 490
- 1 457
- 1 143
- 1 382
- 1 597
- 1 45
- 1 310
- 1 237
- 1 809
- 1 71
- 1 494
- 1 328
- 1 701
- 1 780
- 1 770
- 1 306
- 1 214
- 1 719
- 1 768
- 1 751
- 1 543
- 1 621
- 1 789
- 1 817
- 1 808
- 1 124
- 1 286
- 1 159
- 1 241
- 1 47
- 1 101
- 1 523
- 1 661
- 1 759
- 1 425
- 1 315
- 1 247
- 1 581
- 1 853
- 1 109
- 1 191
- 1 666
- 1 664
- 1 222
- 1 246
- 1 365
- 1 269
- 1 190
- 1 17
- 1 321
- 1 261
- 1 420
- 1 518
- 1 446
- 1 284
- 1 44
- 1 485
- 1 580
- 1 25
- 1 40
- 1 164
- 1 626
- 1 476
- 1 554
- 1 803
- 1 30
- 1 148
- 1 633
- 1 379
- 1 98
- 1 771
- 1 366
- 1 97
- 1 160
- 1 393
- 1 665
- 1 498
- 1 590
- 1 731
- 1 256
- 1 539
- 1 206
- 1 5
- 1 397
- 1 245
- 1 663
- 1 106
- 1 279
- 1 603
- 1 519
- 1 171
- 1 330
- 1 632
- 1 672
- 1 229
- 1 658
- 1 497
- 1 546
- 1 354
- 1 86
- 1 95
- 1 801
- 1 267
- 1 540
- 1 332
- 1 716
- 1 370
- 1 82
- 1 865
- 1 480
- 1 300
- 1 221
- 1 272
- 1 515
- 1 406
- 1 458
- 1 385
- 1 136
- 1 797
- 1 547
- 1 561
- 1 73
- 1 542
- 1 577
- 1 275
- 1 220
- 1 337
- 1 567
- 1 194
- 1 461
- 1 777
- 1 16
- 1 58
- 1 79
- 1 205
- 1 568
- 1 856
- 1 431
- 1 548
- 1 500
- 1 437
- 1 74
- 1 734
- 1 219
- 1 157
- 1 844
- 1 344
- 1 806
- 1 466
- 1 259
- 1 510
- 1 675
- 1 843
- 1 360
- 1 250
- 1 410
- 1 376
- 1 353
- 1 423
- 1 335
- 1 508
- 1 609
- 1 442
- 1 70
- 1 451
- 1 67
- 1 509
- 1 168
- 1 572
- 1 513
- 1 319
- 1 805
- 1 19
- 1 223
- 1 398
- 1 369
- 1 349
- 1 234
- 1 743
- 1 699
- 1 514
- 1 487
- 1 631
- 1 317
- 1 467
- 1 848
- 1 358
- 1 104
- 1 700
- 1 268
- 1 405
- 1 595
- 1 78
- 1 795
- 1 180
- 1 154
- 1 39
- 1 170
- 1 715
- 1 411
- 1 132
- 1 671
- 1 641
- 1 392
- 1 195
- 1 316
- 1 62
- 1 432
- 1 77
- 1 271
- 1 72
- 1 556
- 1 605
- 1 538
- 1 706
- 1 555
- 1 232
- 1 408
- 1 227
- 1 851
- 1 870
- 1 60
- 1 714
- 1 790
- 1 27
- 1 108
- 1 733
- 1 791
- 87 1
