5916
+ 1 325
+ 1 699
+ 1 337
+ 1 5
+ 1 892
+ 1 275
+ 1 733
+ 1 380
+ 1 883
+ 1 425
+ 1 977
+ 1 954
+ 1 170
+ 1 28
+ 1 34
+ 1 493
+ 1 918
+ 1 520
+ 1 901
+ 1 815
+ 1 238
+ 1 580
+ 1 576
+ 1 809
+ 1 713
+ 1 36
+ 1 735
+ 1 264
+ 1 23
+ 1 347
+ 1 931
+ 1 335
+ 1 231
+ 1 964
+ 1 663
+ 1 89
+ 1 284
+ 1 141
+ 1 917
+ 1 308
+ 1 416
+ 1 453
+ 1 144
+ 1 421
+ 1 802
+ 1 527
+ 1 723
+ 1 209
+ 1 276
+ 1 290
+ 1 81
+ 1 31
+ 1 169
+ 1 932
+ 1 920
+ 1 912
+ 1 608
+ 1 512
+ 1 903
+ 1 466
+ 1 270
+ 1 529
+ 1 395
+ 1 801
+ 1 549
+ 1 315
+ 1 27
+ 1 697
+ 1 63
+ 1 612
+ 1 252
+ 1 863
+ 1 956
+ 1 808
+ 1 812
+ 1 620
+ 1 218
+ 1 602
+ 1 968
+ 1 149
+ 1 497
+ 1 119
+ 1 726
+ 1 898
+ 1 346
+ 1 443
+ 1 355
+ 1 786
+ 1 900
+ 1 929
+ 1 742
+ 1 175
+ 1 490
+ 1 78
+ 1 625
+ 1 203
+ 1 884
+ 1 422
+ 1 205
+ 1 989
+ 1 279
+ 1 642
+ 1 773
+ 1 60
+ 1 537
+ 1 746
+ 1 695
+ 1 772
+ 1 752
+ 1 738
+ 1 590
+ 1 689
+ 1 889
+ 1 489
+ 1 745
+ 1 519
+ 1 302
+ 1 407
+ 1 611
+ 1 91
+ 1 518
+ 1 262
+ 1 649
+ 1 980
+ 1 521
+ 1 182
+ 1 739
+ 1 38
+ 1 543
+ 1 731
+ 1 309
+ 1 148
+ 1 166
+ 1 183
+ 1 965
+ 1 979
+ 1 552
+ 1 131
+ 1 635
+ 1 541
+ 1 716
+ 1 639
+ 1 975
+ 1 789
+ 1 793
+ 1 829
+ 1 503
+ 1 703
+ 1 70
+ 1 637
+ 1 219
+ 1 683
+ 1 410
+ 1 924
+ 1 192
+ 1 659
+ 1 432
+ 1 795
+ 1 556
+ 1 118
+ 1 701
+ 1 25
+ 1 187
+ 1 435
+ 1 66
+ 1 333
+ 1 485
+ 1 951
+ 1 268
+ 1 65
+ 1 840
+ 1 531
+ 1 937
+ 1 843
+ 1 272
+ 1 943
+ 1 481
+ 1 824
+ 1 904
+ 1 29
+ 1 601
+ 1 451
+ 1 344
+ 1 911
+ 1 813
+ 1 19
+ 1 765
+ 1 984
+ 1 875
+ 1 477
+ 1 613
+ 1 615
+ 1 867
+ 1 548
+ 1 577
+ 1 472
+ 1 807
+ 1 712
+ 1 491
+ 1 751
+ 1 709
+ 1 850
+ 1 482
+ 1 606
+ 1 796
+ 1 653
+ 1 578
+ 1 641
+ 1 178
+ 1 241
+ 1 766
+ 1 202
+ 1 357
+ 1 865
+ 1 17
+ 1 47
+ 1 650
+ 1 211
+ 1 821
+ 1 161
+ 1 221
+ 1 257
+ 1 593
+ 1 140
+ 1 368
+ 1 561
+ 1 507
+ 1 240
+ 1 163
+ 1 239
+ 1 112
+ 1 151
+ 1 50
+ 1 155
+ 1 634
+ 1 384
+ 1 53
+ 1 734
+ 1 67
+ 1 126
+ 1 42
+ 1 856
+ 1 694
+ 1 84
+ 1 805
+ 1 125
+ 1 571
+ 1 950
+ 1 267
+ 1 403
+ 1 350
+ 1 664
+ 1 96
+ 1 226
+ 1 198
+ 1 831
+ 1 502
+ 1 104
+ 1 40
+ 1 616
+ 1 982
+ 1 362
+ 1 69
+ 1 947
+ 1 916
+ 1 37
+ 1 16
+ 1 120
+ 1 674
+ 1 565
+ 1 820
+ 1 464
+ 1 393
+ 1 514
+ 1 26
+ 1 331
+ 1 532
+ 1 387
+ 1 704
+ 1 696
+ 1 870
+ 1 210
+ 1 919
+ 1 312
+ 1 690
+ 1 827
+ 1 295
+ 1 676
+ 1 330
+ 1 41
+ 1 375
+ 1 289
+ 1 706
+ 1 160
+ 1 85
+ 1 957
+ 1 193
+ 1 510
+ 1 14
+ 1 953
+ 1 24
+ 1 652
+ 1 803
+ 1 538
+ 1 756
+ 1 941
+ 1 594
+ 1 71
+ 1 681
+ 1 76
+ 1 785
+ 1 511
+ 1 958
+ 1 405
+ 1 164
+ 1 880
+ 1 373
+ 1 769
+ 1 145
+ 1 427
+ 1 715
+ 1 763
+ 1 322
+ 1 728
+ 1 438
+ 1 304
+ 1 306
+ 1 887
+ 1 48
+ 1 533
+ 1 841
+ 1 224
+ 1 21
+ 1 444
+ 1 265
+ 1 79
+ 1 810
+ 1 566
+ 1 670
+ 1 254
+ 1 46
+ 1 225
+ 1 628
+ 1 469
+ 1 99
+ 1 52
+ 1 589
+ 1 93
+ 1 408
+ 1 500
+ 1 978
+ 1 88
+ 1 318
+ 1 10
+ 1 834
+ 1 925
+ 1 940
+ 1 80
+ 1 603
+ 1 293
+ 1 928
+ 1 661
+ 1 896
+ 1 858
+ 1 263
+ 1 467
+ 1 167
+ 1 227
+ 1 569
+ 1 720
+ 1 837
+ 1 313
+ 1 418
+ 1 564
+ 1 963
+ 1 755
+ 1 372
+ 1 246
+ 1 311
+ 1 942
+ 1 286
+ 1 665
+ 1 301
+ 1 364
+ 1 138
+ 1 341
+ 1 610
+ 1 371
+ 1 288
+ 1 259
+ 1 866
+ 1 367
+ 1 158
+ 1 100
+ 1 966
+ 1 816
+ 1 174
+ 1 429
+ 1 646
+ 1 582
+ 1 987
+ 1 58
+ 1 914
+ 1 447
+ 1 3
+ 1 12
+ 1 261
+ 1 223
+ 1 669
+ 1 316
+ 1 128
+ 1 484
+ 1 360
+ 1 666
+ 1 480
+ 1 278
+ 1 754
+ 1 540
+ 1 688
+ 1 462
+ 1 660
+ 1 176
+ 1 101
+ 1 61
+ 1 297
+ 1 624
+ 1 905
+ 1 851
+ 1 668
+ 1 236
+ 1 379
+ 1 551
+ 1 194
+ 1 476
+ 1 833
+ 1 310
+ 1 567
+ 1 748
+ 1 798
+ 1 825
+ 1 861
+ 1 636
+ 1 654
+ 1 781
+ 1 390
+ 1 283
+ 1 277
+ 1 358
+ 1 876
+ 1 4
+ 1 557
+ 1 762
+ 1 830
+ 1 550
+ 1 111
+ 1 780
+ 1 123
+ 1 764
+ 1 522
+ 1 515
+ 1 698
+ 1 791
+ 1 797
+ 1 614
+ 1 87
+ 1 555
+ 1 643
+ 1 172
+ 1 536
+ 1 234
+ 1 792
+ 1 761
+ 1 672
+ 1 693
+ 1 365
+ 1 292
+ 1 804
+ 1 30
+ 1 630
+ 1 705
+ 1 307
+ 1 329
+ 1 115
+ 1 282
+ 1 232
+ 1 899
+ 1 711
+ 1 56
+ 1 213
+ 1 458
+ 1 154
+ 1 828
+ 1 949
+ 1 366
+ 1 684
+ 1 54
+ 1 215
+ 1 59
+ 1 530
+ 1 90
+ 1 415
+ 1 702
+ 1 794
+ 1 214
+ 1 228
+ 1 839
+ 1 776
+ 1 553
+ 1 757
+ 1 972
+ 1 915
+ 1 579
+ 1 134
+ 1 784
+ 1 574
+ 1 274
+ 1 835
+ 1 326
+ 1 959
+ 1 638
+ 1 266
+ 1 152
+ 1 623
+ 1 960
+ 1 686
+ 1 811
+ 1 201
+ 1 296
+ 1 398
+ 1 342
+ 1 516
+ 1 632
+ 1 640
+ 1 525
+ 1 935
+ 1 727
+ 1 256
+ 1 179
+ 1 741
+ 1 146
+ 1 460
+ 1 396
+ 1 618
+ 1 680
+ 1 354
+ 1 235
+ 1 700
+ 1 848
+ 1 568
+ 1 740
+ 1 575
+ 1 15
+ 1 961
+ 1 847
+ 1 930
+ 1 110
+ 1 18
+ 1 468
+ 1 753
+ 1 645
+ 1 77
+ 1 153
+ 1 251
+ 1 921
+ 1 854
+ 1 130
+ 1 849
+ 1 934
+ 1 655
+ 1 910
+ 1 658
+ 1 417
+ 1 474
+ 1 939
+ 1 204
+ 1 180
+ 1 314
+ 1 271
+ 1 871
+ 1 822
+ 1 300
+ 1 600
+ 1 988
+ 1 609
+ 1 581
+ 1 57
+ 1 351
+ 1 338
+ 1 136
+ 1 509
+ 1 535
+ 1 495
+ 1 770
+ 1 662
+ 1 349
+ 1 782
+ 1 819
+ 1 882
+ 1 778
+ 1 783
+ 1 448
+ 1 494
+ 1 44
+ 1 488
+ 1 39
+ 1 599
+ 1 967
+ 1 139
+ 1 708
+ 1 68
+ 1 109
+ 1 392
+ 1 584
+ 1 976
+ 1 414
+ 1 171
+ 1 547
+ 1 197
+ 1 332
+ 1 122
+ 1 852
+ 1 32
+ 1 985
+ 1 299
+ 1 721
+ 1 385
+ 1 45
+ 1 156
+ 1 185
+ 1 938
+ 1 598
+ 1 874
+ 1 470
+ 1 303
+ 1 678
+ 1 217
+ 1 454
+ 1 229
+ 1 400
+ 1 534
+ 1 790
+ 1 881
+ 1 216
+ 1 321
+ 1 508
+ 1 361
+ 1 83
+ 1 622
+ 1 106
+ 1 955
+ 1 560
+ 1 771
+ 1 737
+ 1 11
+ 1 498
+ 1 717
+ 1 981
+ 1 369
+ 1 336
+ 1 749
+ 1 629
+ 1 544
+ 1 890
+ 1 74
+ 1 473
+ 1 258
+ 1 377
+ 1 107
+ 1 439
+ 1 412
+ 1 767
+ 1 872
+ 1 409
+ 1 388
+ 1 133
+ 1 651
+ 1 305
+ 1 973
+ 1 633
+ 1 207
+ 1 402
+ 1 585
+ 1 990
+ 1 103
+ 1 750
+ 1 586
+ 1 588
+ 1 952
+ 1 247
+ 1 129
+ 1 298
+ 1 441
+ 1 948
+ 1 563
+ 1 159
+ 1 285
+ 1 55
+ 1 449
+ 1 729
+ 1 287
+ 1 479
+ 1 855
+ 1 923
+ 1 573
+ 1 426
+ 1 230
+ 1 667
+ 1 428
+ 1 691
+ 1 775
+ 1 137
+ 1 570
+ 1 406
+ 1 878
+ 1 471
+ 1 526
+ 1 98
+ 1 334
+ 1 244
+ 1 319
+ 1 64
+ 1 157
+ 1 389
+ 1 687
+ 1 817
+ 1 273
+ 1 113
+ 1 353
+ 1 401
+ 1 974
+ 1 787
+ 1 424
+ 1 255
+ 1 492
+ 1 836
+ 1 869
+ 1 8
+ 1 617
+ 1 250
+ 1 249
+ 1 433
+ 1 114
+ 1 124
+ 1 382
+ 1 399
+ 1 583
+ 1 885
+ 1 208
+ 1 324
+ 1 631
+ 1 196
+ 1 97
+ 1 102
+ 1 559
+ 1 486
+ 1 82
+ 1 893
+ 1 983
+ 1 604
+ 1 487
+ 1 842
+ 1 591
+ 1 186
+ 1 945
+ 1 868
+ 1 732
+ 1 317
+ 1 391
+ 1 117
+ 1 281
+ 1 626
+ 1 546
+ 1 206
+ 1 888
+ 1 291
+ 1 190
+ 1 419
+ 1 359
+ 1 339
+ 1 191
+ 1 496
+ 1 779
+ 1 823
+ 1 248
+ 1 352
+ 1 909
+ 1 436
+ 1 864
+ 1 181
+ 1 456
+ 1 320
+ 1 465
+ 1 340
+ 1 944
+ 1 505
+ 1 657
+ 1 105
+ 1 907
+ 1 832
+ 1 242
+ 1 459
+ 1 857
+ 1 323
+ 1 605
+ 1 539
+ 1 913
+ 1 378
+ 1 894
+ 1 595
+ 1 132
+ 1 647
+ 1 744
+ 1 260
+ 1 743
+ 1 719
+ 1 692
+ 1 2
+ 1 895
+ 1 188
+ 1 75
+ 1 513
+ 1 222
+ 1 22
+ 1 936
+ 1 902
+ 1 184
+ 1 758
+ 1 9
+ 1 926
+ 1 245
+ 1 499
+ 1 43
+ 1 269
+ 1 430
+ 1 853
+ 1 455
+ 1 788
+ 1 253
+ 1 108
+ 1 971
+ 1 348
+ 1 558
+ 1 587
+ 1 886
+ 1 845
+ 1 774
+ 1 677
+ 1 413
+ 1 437
+ 1 243
+ 1 725
+ 1 463
+ 1 327
+ 1 524
+ 1 710
+ 1 592
+ 1 404
+ 1 644
+ 1 806
+ 1 199
+ 1 386
+ 1 760
+ 1 442
+ 1 150
+ 1 545
+ 1 20
+ 1 116
+ 1 189
+ 1 343
+ 1 799
+ 1 237
+ 1 879
+ 1 908
+ 1 707
+ 1 714
+ 1 49
+ 1 483
+ 1 970
+ 1 411
+ 1 675
+ 1 724
+ 1 506
+ 1 501
+ 1 877
+ 1 294
+ 1 168
+ 1 370
+ 1 685
+ 1 394
+ 1 736
+ 1 142
+ 1 162
+ 1 446
+ 1 381
+ 1 475
+ 1 846
+ 1 7
+ 1 431
+ 1 73
+ 1 860
+ 1 135
+ 1 62
+ 1 72
+ 1 962
+ 1 434
+ 1 457
+ 1 165
+ 1 722
+ 1 627
+ 1 51
+ 1 542
+ 1 922
+ 1 718
+ 1 13
+ 1 177
+ 1 6
+ 1 345
+ 1 461
+ 1 423
+ 1 862
+ 1 873
+ 1 838
+ 1 147
+ 1 233
+ 1 969
+ 1 946
+ 1 173
+ 1 682
+ 1 363
+ 1 859
+ 1 986
+ 1 94
+ 1 621
+ 1 397
+ 1 376
+ 1 35
+ 1 596
+ 1 597
+ 1 927
+ 1 747
+ 1 33
+ 1 280
+ 1 452
+ 1 818
+ 1 440
+ 1 523
+ 1 383
+ 1 826
+ 1 679
+ 1 891
+ 1 897
+ 1 572
+ 1 562
+ 1 648
+ 1 671
+ 1 195
+ 1 777
+ 1 420
+ 1 554
+ 1 607
+ 1 656
+ 1 844
+ 1 328
+ 1 768
+ 1 673
+ 1 200
+ 1 814
+ 1 504
+ 1 374
+ 1 478
+ 1 356
+ 1 127
+ 1 528
+ 1 86
+ 1 220
+ 1 619
+ 1 212
+ 1 143
+ 1 906
+ 1 933
+ 1 92
+ 1 445
+ 1 730
+ 1 450
+ 1 95
- 2 692
- 2 895
- 2 188
- 2 434
- 3 447
- 3 12
- 3 914
- 3 656
- 4 277
- 4 390
- 4 876
- 4 358
- 5 892
- 5 856
- 5 275
- 5 337
- 6 345
- 6 177
- 6 817
- 6 687
- 7 386
- 7 199
- 7 846
- 7 644
- 8 869
- 8 617
- 8 250
- 8 249
- 9 926
- 9 758
- 9 962
- 9 245
- 10 318
- 10 834
- 10 374
- 10 88
- 11 955
- 11 560
- 11 622
- 11 737
- 12 447
- 12 261
- 12 656
- 13 787
- 13 401
- 13 974
- 13 353
- 14 85
- 14 510
- 14 953
- 14 193
- 15 961
- 15 575
- 15 740
- 15 596
- 16 120
- 16 37
- 16 565
- 16 450
- 17 865
- 17 47
- 17 543
- 17 38
- 18 468
- 18 753
- 18 110
- 18 930
- 19 813
- 19 451
- 19 344
- 19 911
- 20 116
- 20 545
- 20 446
- 20 381
- 21 444
- 21 841
- 21 79
- 21 533
- 22 936
- 22 513
- 22 902
- 22 222
- 23 264
- 23 347
- 23 112
- 23 151
- 24 953
- 24 652
- 24 933
- 24 510
- 25 701
- 25 795
- 25 118
- 25 556
- 26 514
- 26 331
- 26 532
- 26 387
- 27 697
- 27 63
- 27 315
- 27 549
- 28 170
- 28 954
- 28 883
- 28 977
- 29 601
- 29 904
- 29 241
- 29 824
- 30 292
- 30 804
- 30 630
- 30 705
- 31 81
- 31 169
- 31 932
- 31 912
- 32 985
- 32 852
- 32 946
- 32 122
- 33 396
- 33 680
- 33 460
- 33 618
- 34 493
- 34 170
- 34 918
- 34 954
- 35 849
- 35 251
- 35 130
- 35 854
- 36 735
- 36 713
- 36 155
- 36 50
- 37 916
- 37 674
- 37 120
- 38 543
- 38 47
- 38 739
- 39 488
- 39 448
- 39 44
- 39 494
- 40 616
- 40 362
- 40 104
- 40 502
- 41 330
- 41 375
- 41 289
- 41 676
- 42 733
- 42 380
- 42 275
- 42 892
- 43 269
- 43 430
- 43 499
- 43 962
- 44 488
- 44 599
- 44 494
- 45 385
- 45 156
- 45 938
- 45 969
- 46 254
- 46 225
- 46 356
- 46 469
- 47 182
- 47 739
- 48 533
- 48 887
- 48 224
- 48 127
- 49 714
- 49 908
- 49 879
- 49 237
- 50 735
- 50 151
- 50 155
- 51 983
- 51 893
- 51 604
- 51 486
- 52 628
- 52 589
- 52 99
- 52 500
- 53 580
- 53 384
- 53 734
- 53 576
- 54 215
- 54 684
- 54 366
- 54 59
- 55 449
- 55 563
- 55 159
- 55 287
- 56 213
- 56 711
- 56 154
- 56 458
- 57 581
- 57 988
- 57 351
- 57 338
- 58 987
- 58 914
- 58 447
- 58 582
- 59 530
- 59 90
- 59 215
- 60 537
- 60 773
- 60 221
- 60 161
- 61 101
- 61 297
- 61 420
- 61 624
- 62 455
- 62 788
- 62 72
- 62 253
- 63 612
- 63 252
- 63 315
- 64 319
- 64 157
- 64 389
- 64 461
- 65 840
- 65 333
- 65 485
- 65 268
- 66 333
- 66 187
- 66 435
- 66 951
- 67 815
- 67 126
- 67 520
- 67 901
- 68 109
- 68 708
- 68 682
- 68 139
- 69 947
- 69 982
- 69 916
- 69 362
- 70 637
- 70 683
- 70 703
- 70 766
- 71 594
- 71 681
- 71 756
- 71 941
- 72 430
- 72 455
- 72 853
- 73 348
- 73 587
- 73 860
- 73 558
- 74 890
- 74 473
- 74 107
- 74 838
- 75 188
- 75 513
- 75 895
- 75 222
- 76 785
- 76 511
- 76 681
- 76 594
- 77 645
- 77 468
- 77 153
- 77 753
- 78 625
- 78 490
- 78 593
- 78 884
- 79 810
- 79 265
- 79 444
- 80 940
- 80 603
- 80 293
- 80 925
- 81 290
- 81 169
- 81 276
- 82 486
- 82 102
- 82 559
- 82 893
- 83 622
- 83 106
- 83 361
- 83 508
- 84 121
- 84 805
- 84 125
- 84 759
- 85 957
- 85 160
- 85 193
- 86 322
- 86 763
- 86 728
- 86 438
- 87 555
- 87 897
- 87 797
- 87 614
- 88 978
- 88 318
- 88 478
- 89 284
- 89 663
- 89 141
- 89 163
- 90 530
- 90 415
- 90 215
- 91 611
- 91 518
- 91 407
- 91 302
- 92 160
- 92 706
- 92 957
- 92 375
- 93 589
- 93 408
- 93 478
- 93 978
- 94 300
- 94 822
- 94 600
- 94 609
- 95 350
- 95 664
- 95 96
- 95 403
- 96 226
- 96 664
- 96 198
- 97 196
- 97 631
- 97 102
- 97 324
- 98 526
- 98 334
- 98 244
- 98 319
- 99 628
- 99 500
- 99 225
- 100 158
- 100 966
- 100 367
- 100 174
- 101 176
- 101 462
- 101 297
- 102 196
- 102 559
- 103 990
- 103 402
- 103 750
- 103 585
- 104 198
- 104 502
- 104 831
- 105 907
- 105 657
- 105 459
- 105 857
- 106 955
- 106 622
- 106 361
- 107 890
- 107 377
- 107 473
- 108 971
- 108 860
- 108 253
- 108 135
- 109 392
- 109 173
- 109 708
- 110 930
- 110 961
- 110 847
- 111 550
- 111 762
- 111 780
- 111 830
- 112 931
- 112 264
- 112 347
- 113 273
- 113 353
- 113 177
- 113 401
- 114 124
- 114 433
- 114 382
- 114 922
- 115 329
- 115 282
- 115 383
- 115 232
- 116 189
- 116 162
- 116 446
- 117 281
- 117 626
- 117 732
- 117 317
- 118 701
- 118 435
- 118 556
- 119 497
- 119 726
- 119 368
- 119 898
- 120 674
- 120 565
- 121 759
- 121 805
- 122 197
- 122 852
- 122 547
- 123 764
- 123 562
- 123 780
- 123 572
- 124 382
- 124 433
- 124 399
- 125 805
- 125 571
- 125 950
- 126 520
- 126 918
- 126 493
- 127 306
- 127 887
- 127 528
- 128 484
- 128 360
- 128 316
- 128 669
- 129 247
- 129 952
- 129 298
- 129 423
- 130 854
- 130 849
- 130 934
- 131 552
- 131 635
- 131 357
- 131 541
- 132 595
- 132 539
- 132 913
- 132 378
- 133 388
- 133 651
- 133 305
- 133 873
- 134 579
- 134 784
- 134 440
- 134 818
- 135 253
- 135 788
- 135 971
- 136 338
- 136 509
- 136 535
- 136 351
- 137 570
- 137 691
- 137 406
- 137 775
- 138 372
- 138 755
- 138 364
- 138 564
- 139 967
- 139 708
- 139 682
- 140 355
- 140 900
- 140 786
- 140 929
- 141 917
- 141 284
- 141 240
- 142 343
- 142 799
- 142 237
- 142 879
- 143 941
- 143 756
- 143 538
- 143 906
- 144 421
- 144 453
- 144 802
- 144 416
- 145 405
- 145 769
- 145 880
- 145 164
- 146 741
- 146 179
- 146 460
- 146 396
- 147 498
- 147 771
- 147 717
- 147 981
- 148 309
- 148 166
- 148 965
- 148 979
- 149 497
- 149 968
- 149 346
- 149 218
- 150 442
- 150 760
- 150 545
- 150 475
- 151 264
- 151 735
- 152 638
- 152 266
- 152 623
- 152 960
- 153 251
- 153 921
- 153 645
- 154 458
- 154 899
- 154 711
- 155 713
- 155 634
- 156 185
- 156 969
- 156 938
- 157 389
- 157 345
- 157 461
- 158 367
- 158 866
- 158 966
- 159 563
- 159 285
- 159 449
- 160 706
- 160 957
- 161 221
- 161 537
- 161 746
- 162 446
- 162 343
- 162 189
- 163 663
- 163 239
- 163 284
- 164 405
- 164 880
- 164 958
- 165 320
- 165 505
- 165 340
- 165 944
- 166 183
- 166 965
- 166 357
- 167 227
- 167 768
- 167 467
- 167 673
- 168 370
- 168 294
- 168 685
- 169 932
- 169 290
- 170 954
- 170 493
- 171 414
- 171 584
- 171 547
- 171 332
- 172 536
- 172 643
- 172 891
- 172 897
- 173 708
- 173 392
- 173 976
- 174 816
- 174 429
- 174 966
- 175 742
- 175 929
- 175 490
- 175 900
- 176 660
- 176 297
- 176 462
- 177 273
- 177 817
- 178 796
- 178 482
- 178 641
- 178 653
- 179 256
- 179 741
- 179 460
- 180 314
- 180 204
- 180 939
- 180 621
- 181 456
- 181 864
- 181 465
- 181 909
- 182 521
- 182 739
- 182 980
- 183 965
- 183 552
- 183 357
- 184 758
- 184 902
- 184 936
- 184 926
- 185 938
- 185 598
- 185 233
- 186 945
- 186 591
- 186 868
- 186 391
- 187 435
- 187 701
- 187 951
- 188 895
- 188 434
- 189 343
- 189 799
- 190 291
- 190 888
- 190 419
- 190 206
- 191 339
- 191 496
- 191 359
- 191 823
- 192 924
- 192 659
- 192 432
- 192 410
- 193 957
- 193 510
- 194 476
- 194 551
- 194 777
- 194 195
- 195 777
- 195 833
- 195 476
- 196 631
- 196 559
- 197 332
- 197 547
- 197 852
- 198 226
- 198 831
- 199 386
- 199 644
- 199 806
- 200 673
- 200 467
- 200 263
- 200 814
- 201 811
- 201 686
- 201 296
- 201 640
- 202 829
- 202 503
- 202 703
- 202 766
- 203 884
- 203 625
- 203 205
- 203 422
- 204 939
- 204 474
- 204 621
- 205 989
- 205 422
- 205 279
- 206 546
- 206 626
- 206 888
- 207 402
- 207 633
- 207 585
- 207 862
- 208 324
- 208 583
- 208 542
- 208 885
- 209 276
- 209 723
- 209 290
- 209 507
- 210 919
- 210 827
- 210 870
- 210 312
- 211 489
- 211 889
- 211 689
- 211 738
- 212 785
- 212 958
- 212 511
- 212 405
- 213 458
- 213 949
- 213 828
- 214 228
- 214 794
- 214 415
- 214 702
- 215 366
- 216 321
- 216 508
- 216 881
- 216 361
- 217 454
- 217 400
- 217 229
- 217 678
- 218 602
- 218 620
- 218 968
- 219 637
- 219 683
- 219 410
- 219 924
- 220 715
- 220 763
- 220 322
- 220 619
- 221 257
- 221 773
- 222 513
- 222 895
- 223 669
- 223 554
- 223 261
- 223 607
- 224 841
- 224 887
- 224 533
- 225 628
- 225 469
- 226 831
- 226 664
- 227 569
- 227 720
- 227 768
- 228 839
- 228 523
- 228 794
- 229 454
- 229 400
- 229 534
- 230 667
- 230 428
- 230 426
- 230 573
- 231 964
- 231 335
- 231 931
- 231 347
- 232 899
- 232 282
- 232 383
- 233 303
- 233 598
- 233 874
- 234 536
- 234 792
- 234 891
- 234 672
- 235 680
- 235 354
- 235 700
- 235 747
- 236 379
- 236 851
- 236 668
- 236 551
- 237 799
- 237 879
- 238 815
- 238 580
- 238 901
- 238 734
- 239 964
- 239 663
- 239 335
- 240 308
- 240 917
- 240 284
- 241 824
- 241 943
- 241 481
- 242 832
- 242 907
- 242 459
- 242 605
- 243 437
- 243 725
- 243 404
- 243 463
- 244 319
- 244 461
- 244 334
- 245 499
- 245 926
- 245 962
- 246 372
- 246 311
- 246 301
- 246 364
- 247 952
- 247 586
- 247 423
- 248 352
- 248 823
- 248 436
- 248 779
- 249 433
- 249 250
- 249 922
- 250 869
- 250 922
- 251 921
- 251 854
- 252 612
- 252 315
- 252 863
- 253 788
- 254 670
- 254 356
- 254 469
- 255 424
- 255 787
- 255 492
- 255 718
- 256 727
- 256 741
- 256 935
- 257 773
- 257 989
- 257 642
- 258 377
- 258 439
- 258 872
- 258 473
- 259 866
- 259 610
- 259 288
- 259 844
- 260 743
- 260 457
- 260 744
- 260 719
- 261 656
- 261 607
- 262 518
- 262 649
- 262 650
- 262 611
- 263 467
- 263 814
- 263 858
- 264 735
- 265 444
- 265 566
- 265 810
- 266 638
- 266 959
- 266 623
- 267 950
- 267 571
- 267 403
- 267 350
- 268 485
- 268 840
- 268 531
- 269 430
- 269 853
- 269 499
- 270 529
- 270 395
- 270 903
- 270 466
- 271 314
- 271 871
- 271 822
- 271 300
- 272 937
- 272 943
- 272 481
- 272 843
- 273 817
- 273 353
- 274 835
- 274 452
- 274 574
- 274 818
- 275 733
- 275 892
- 276 290
- 276 507
- 277 390
- 277 358
- 277 781
- 278 480
- 278 754
- 278 660
- 278 540
- 279 989
- 279 642
- 279 422
- 280 342
- 280 727
- 280 935
- 280 525
- 281 626
- 281 546
- 281 317
- 282 711
- 282 899
- 283 390
- 283 654
- 283 636
- 283 781
- 285 441
- 285 563
- 285 948
- 286 665
- 286 341
- 286 942
- 286 328
- 287 729
- 287 479
- 287 449
- 288 844
- 288 371
- 288 610
- 289 330
- 289 375
- 289 706
- 291 888
- 291 339
- 291 419
- 292 804
- 292 365
- 292 826
- 293 928
- 293 603
- 293 896
- 294 877
- 294 394
- 294 685
- 295 676
- 295 690
- 295 827
- 295 445
- 296 398
- 296 632
- 296 640
- 297 624
- 298 441
- 298 423
- 298 948
- 299 985
- 299 721
- 299 946
- 299 385
- 300 822
- 300 600
- 301 311
- 301 665
- 301 364
- 302 407
- 302 745
- 302 519
- 303 470
- 303 678
- 303 874
- 304 438
- 304 306
- 304 528
- 304 728
- 305 973
- 305 388
- 305 873
- 306 887
- 306 528
- 307 329
- 307 705
- 307 383
- 307 630
- 308 416
- 308 917
- 308 453
- 309 731
- 309 979
- 309 865
- 310 567
- 310 833
- 310 825
- 310 748
- 311 942
- 311 665
- 312 919
- 312 870
- 312 696
- 313 418
- 313 837
- 313 963
- 313 720
- 314 621
- 314 871
- 315 549
- 316 669
- 316 554
- 316 484
- 317 391
- 317 732
- 318 374
- 318 478
- 319 461
- 320 465
- 320 456
- 320 340
- 321 790
- 321 508
- 321 881
- 322 728
- 322 763
- 323 657
- 323 944
- 323 857
- 323 505
- 324 631
- 324 542
- 325 699
- 325 517
- 325 694
- 325 800
- 326 835
- 326 959
- 326 452
- 326 638
- 327 524
- 327 404
- 327 463
- 327 592
- 328 341
- 328 942
- 328 371
- 329 383
- 329 705
- 330 676
- 330 445
- 331 393
- 331 532
- 331 514
- 332 414
- 332 547
- 333 485
- 333 951
- 334 526
- 334 878
- 335 931
- 335 964
- 336 369
- 336 749
- 336 629
- 336 981
- 337 699
- 337 892
- 337 856
- 338 351
- 338 581
- 339 419
- 339 359
- 340 465
- 340 944
- 341 610
- 341 371
- 342 516
- 342 398
- 342 525
- 343 799
- 344 451
- 344 911
- 344 601
- 345 687
- 345 389
- 346 497
- 346 968
- 346 898
- 347 931
- 348 971
- 348 558
- 348 860
- 349 662
- 349 782
- 349 986
- 349 778
- 350 664
- 350 403
- 351 509
- 352 909
- 352 436
- 352 864
- 353 401
- 354 680
- 354 618
- 354 747
- 355 443
- 355 786
- 355 368
- 356 566
- 356 670
- 357 552
- 358 876
- 358 648
- 359 419
- 359 496
- 360 484
- 360 666
- 360 688
- 361 508
- 362 982
- 362 616
- 363 682
- 363 967
- 363 599
- 363 488
- 364 372
- 365 693
- 365 826
- 365 679
- 366 684
- 366 949
- 367 866
- 367 844
- 368 443
- 368 726
- 369 981
- 369 629
- 369 717
- 370 685
- 371 610
- 372 755
- 373 769
- 373 880
- 373 427
- 373 619
- 374 940
- 374 834
- 375 706
- 376 849
- 376 658
- 376 655
- 376 934
- 377 439
- 377 473
- 378 913
- 378 894
- 378 595
- 379 551
- 379 777
- 379 851
- 380 883
- 380 733
- 380 425
- 381 446
- 381 475
- 381 545
- 382 399
- 382 885
- 384 634
- 384 576
- 384 809
- 385 721
- 385 969
- 386 760
- 386 846
- 387 704
- 387 532
- 387 696
- 388 651
- 388 409
- 389 687
- 390 781
- 391 868
- 391 732
- 392 584
- 392 976
- 393 514
- 393 464
- 393 730
- 394 501
- 394 877
- 394 506
- 395 801
- 395 529
- 395 466
- 396 460
- 396 618
- 397 417
- 397 474
- 397 939
- 397 910
- 398 632
- 398 516
- 399 583
- 399 885
- 400 470
- 400 678
- 401 974
- 402 585
- 402 633
- 403 950
- 404 592
- 404 463
- 405 958
- 406 570
- 406 878
- 406 471
- 407 745
- 407 611
- 408 500
- 408 589
- 408 978
- 409 767
- 409 651
- 409 412
- 410 924
- 410 683
- 411 970
- 411 483
- 411 675
- 411 707
- 412 439
- 412 767
- 412 872
- 413 677
- 413 774
- 413 437
- 413 845
- 414 584
- 414 976
- 415 702
- 415 530
- 416 453
- 416 917
- 417 474
- 417 658
- 417 910
- 418 564
- 418 837
- 418 963
- 420 668
- 420 624
- 420 905
- 421 802
- 421 723
- 421 527
- 422 884
- 423 441
- 424 787
- 424 974
- 424 718
- 425 883
- 425 733
- 425 977
- 426 573
- 426 923
- 426 667
- 427 715
- 427 619
- 427 769
- 428 667
- 428 691
- 428 775
- 429 646
- 429 987
- 429 816
- 430 853
- 431 587
- 431 886
- 431 845
- 431 558
- 432 659
- 432 924
- 432 795
- 433 922
- 434 692
- 434 719
- 435 701
- 436 909
- 436 779
- 437 725
- 437 677
- 438 528
- 438 728
- 439 872
- 440 579
- 440 757
- 440 915
- 441 948
- 442 760
- 442 475
- 442 846
- 443 786
- 443 726
- 444 841
- 445 676
- 445 690
- 447 914
- 448 494
- 448 783
- 448 859
- 449 729
- 450 730
- 450 565
- 450 820
- 451 601
- 451 904
- 452 835
- 452 959
- 453 802
- 454 790
- 454 534
- 455 788
- 455 853
- 456 465
- 456 864
- 457 743
- 457 744
- 457 647
- 458 828
- 459 857
- 459 907
- 462 660
- 462 754
- 463 725
- 464 820
- 464 514
- 464 730
- 466 903
- 466 561
- 467 673
- 468 753
- 468 930
- 469 628
- 470 874
- 470 678
- 471 526
- 471 878
- 471 570
- 472 867
- 472 807
- 472 491
- 472 712
- 474 939
- 475 545
- 476 833
- 476 567
- 477 875
- 477 984
- 477 613
- 477 577
- 478 978
- 479 855
- 479 729
- 479 923
- 480 688
- 480 666
- 480 540
- 481 824
- 481 943
- 482 606
- 482 850
- 482 796
- 483 714
- 483 970
- 483 707
- 484 666
- 485 951
- 486 559
- 486 893
- 487 842
- 487 604
- 487 722
- 487 627
- 488 599
- 489 745
- 489 889
- 489 519
- 490 742
- 490 593
- 491 751
- 491 709
- 491 807
- 492 836
- 492 617
- 492 718
- 493 918
- 494 859
- 495 770
- 495 535
- 495 509
- 495 662
- 496 779
- 496 823
- 497 898
- 498 717
- 498 771
- 498 737
- 499 962
- 500 589
- 501 877
- 501 736
- 501 506
- 502 831
- 502 616
- 503 829
- 503 703
- 503 789
- 504 814
- 504 661
- 504 928
- 504 858
- 505 657
- 505 944
- 506 724
- 506 736
- 507 527
- 507 723
- 509 535
- 510 953
- 511 785
- 511 958
- 512 903
- 512 608
- 512 920
- 512 561
- 513 902
- 515 522
- 515 698
- 515 614
- 515 791
- 516 632
- 516 525
- 517 800
- 517 694
- 518 611
- 518 650
- 519 745
- 519 889
- 520 901
- 520 918
- 521 739
- 521 649
- 521 980
- 522 764
- 522 572
- 522 698
- 523 776
- 523 839
- 523 553
- 524 710
- 524 592
- 524 806
- 525 935
- 526 878
- 527 723
- 527 802
- 529 697
- 529 801
- 530 702
- 531 840
- 531 937
- 531 843
- 532 704
- 533 841
- 534 790
- 534 881
- 535 770
- 536 891
- 536 792
- 537 746
- 537 821
- 538 803
- 538 756
- 538 906
- 539 605
- 539 913
- 539 832
- 540 688
- 540 754
- 541 635
- 541 716
- 541 639
- 542 583
- 542 631
- 543 731
- 543 865
- 544 629
- 544 890
- 544 749
- 544 838
- 546 626
- 546 888
- 548 867
- 548 613
- 548 615
- 548 577
- 549 801
- 549 697
- 550 562
- 550 830
- 550 780
- 551 777
- 552 635
- 553 776
- 553 757
- 553 972
- 554 607
- 554 669
- 555 797
- 555 643
- 555 897
- 556 659
- 556 795
- 557 762
- 557 648
- 557 876
- 557 830
- 558 587
- 560 771
- 560 955
- 560 737
- 561 903
- 561 608
- 562 572
- 562 780
- 563 948
- 564 963
- 564 755
- 565 820
- 566 810
- 566 670
- 567 833
- 567 748
- 568 848
- 568 740
- 568 597
- 568 596
- 569 720
- 569 837
- 569 768
- 570 691
- 571 950
- 571 805
- 572 764
- 573 855
- 573 923
- 574 784
- 574 818
- 574 835
- 575 740
- 575 961
- 575 847
- 576 580
- 576 809
- 577 875
- 577 613
- 578 653
- 578 641
- 579 915
- 579 784
- 580 734
- 581 609
- 581 988
- 582 987
- 582 914
- 582 646
- 583 885
- 584 976
- 585 990
- 586 588
- 586 750
- 586 952
- 587 886
- 588 750
- 588 952
- 588 990
- 590 738
- 590 689
- 590 772
- 590 752
- 591 722
- 591 842
- 591 945
- 592 710
- 593 625
- 593 742
- 594 941
- 594 681
- 595 894
- 595 647
- 596 740
- 596 597
- 597 927
- 597 848
- 598 938
- 598 874
- 599 967
- 600 988
- 600 609
- 601 904
- 602 968
- 602 620
- 602 812
- 603 896
- 603 925
- 604 983
- 604 627
- 605 832
- 605 913
- 606 796
- 606 850
- 606 751
- 607 656
- 608 912
- 608 920
- 609 988
- 612 863
- 612 956
- 613 615
- 614 797
- 614 791
- 615 867
- 615 712
- 616 982
- 617 869
- 617 836
- 618 680
- 619 715
- 620 812
- 620 808
- 621 871
- 622 955
- 623 960
- 623 811
- 624 905
- 625 884
- 627 722
- 627 983
- 629 749
- 630 705
- 630 804
- 632 640
- 633 973
- 633 862
- 634 713
- 634 809
- 635 716
- 636 654
- 636 861
- 636 671
- 637 766
- 637 683
- 638 959
- 639 716
- 639 975
- 639 793
- 640 686
- 641 653
- 642 989
- 642 773
- 643 897
- 643 891
- 644 806
- 644 710
- 645 921
- 645 753
- 646 987
- 646 816
- 647 744
- 647 894
- 648 762
- 648 876
- 649 980
- 649 650
- 650 980
- 651 767
- 652 803
- 652 953
- 652 933
- 653 796
- 654 781
- 654 671
- 655 910
- 655 934
- 655 658
- 657 857
- 658 910
- 659 795
- 660 754
- 661 928
- 661 896
- 661 858
- 662 770
- 662 986
- 663 964
- 665 942
- 666 688
- 667 775
- 668 851
- 668 905
- 670 810
- 671 861
- 671 798
- 672 693
- 672 761
- 672 792
- 673 768
- 674 947
- 674 916
- 675 724
- 675 736
- 675 970
- 677 774
- 677 725
- 679 826
- 679 693
- 679 761
- 681 785
- 682 967
- 684 828
- 684 949
- 685 877
- 686 811
- 686 960
- 687 817
- 689 738
- 689 889
- 690 827
- 690 919
- 691 775
- 692 719
- 692 743
- 693 761
- 694 856
- 694 699
- 695 746
- 695 772
- 695 752
- 695 821
- 696 704
- 696 870
- 697 801
- 698 791
- 698 764
- 699 856
- 700 848
- 700 927
- 700 747
- 702 794
- 703 766
- 704 870
- 707 714
- 707 908
- 709 850
- 709 751
- 709 807
- 710 806
- 711 899
- 712 807
- 712 867
- 713 809
- 714 908
- 715 763
- 716 975
- 717 981
- 718 836
- 719 743
- 720 837
- 721 985
- 721 969
- 722 842
- 724 736
- 724 970
- 726 898
- 727 935
- 727 741
- 729 855
- 730 820
- 731 979
- 731 865
- 732 868
- 734 815
- 737 771
- 738 752
- 742 929
- 744 894
- 746 821
- 747 927
- 748 798
- 748 825
- 749 838
- 750 990
- 751 850
- 752 772
- 755 963
- 756 941
- 757 972
- 757 915
- 758 926
- 758 936
- 759 800
- 760 846
- 761 792
- 762 830
- 765 984
- 765 813
- 765 875
- 765 911
- 767 872
- 769 880
- 770 986
- 772 821
- 774 845
- 774 886
- 776 839
- 776 972
- 778 882
- 778 782
- 778 819
- 779 823
- 782 819
- 782 986
- 783 882
- 783 819
- 783 859
- 784 818
- 786 900
- 787 974
- 789 793
- 789 975
- 789 829
- 790 881
- 791 797
- 793 829
- 793 975
- 794 839
- 798 825
- 798 861
- 803 933
- 803 906
- 804 826
- 808 956
- 808 812
- 808 863
- 811 960
- 812 956
- 813 911
- 813 984
- 814 858
- 815 901
- 816 966
- 819 882
- 822 871
- 824 904
- 825 861
- 827 919
- 828 949
- 832 907
- 834 925
- 834 940
- 836 869
- 838 890
- 840 843
- 842 945
- 843 937
- 844 866
- 845 886
- 847 961
- 847 930
- 848 927
- 849 934
- 851 905
- 852 946
- 854 921
- 855 923
- 859 882
- 860 971
- 862 873
- 862 973
- 863 956
- 864 909
- 868 945
- 873 973
- 875 984
- 879 908
- 883 977
- 893 983
- 896 928
- 900 929
- 902 936
- 906 933
- 912 920
- 912 932
- 915 972
- 916 947
- 920 932
- 925 940
- 937 943
- 946 985
- 947 982
- 954 977
- 965 979
+ 960 985
+ 956 989
+ 930 989
+ 930 956
+ 926 963
+ 924 948
+ 922 934
+ 921 983
+ 915 971
+ 913 969
+ 909 926
+ 904 954
+ 896 963
+ 889 938
+ 885 933
+ 884 893
+ 883 931
+ 883 962
+ 882 955
+ 881 892
+ 880 989
+ 880 956
+ 877 890
+ 875 918
+ 873 887
+ 871 904
+ 871 886
+ 869 935
+ 866 931
+ 865 919
+ 862 877
+ 862 890
+ 860 891
+ 859 928
+ 858 957
+ 857 935
+ 857 869
+ 856 987
+ 855 954
+ 855 904
+ 855 886
+ 855 871
+ 851 906
+ 851 864
+ 850 852
+ 849 853
+ 848 982
+ 842 888
+ 842 875
+ 839 906
+ 838 894
+ 838 898
+ 837 986
+ 836 868
+ 831 965
+ 829 872
+ 829 878
+ 828 832
+ 827 899
+ 824 961
+ 824 953
+ 823 833
+ 822 849
+ 822 853
+ 820 915
+ 819 844
+ 817 931
+ 817 866
+ 817 883
+ 815 868
+ 815 836
+ 814 895
+ 813 973
+ 812 977
+ 805 899
+ 804 932
+ 803 863
+ 802 888
+ 802 873
+ 801 910
+ 801 912
+ 799 975
+ 798 874
+ 798 917
+ 796 952
+ 795 962
+ 795 847
+ 786 845
+ 785 807
+ 784 988
+ 784 984
+ 783 988
+ 783 784
+ 782 875
+ 782 842
+ 782 918
+ 780 944
+ 779 976
+ 778 840
+ 777 797
+ 775 959
+ 771 781
+ 767 793
+ 766 850
+ 765 952
+ 765 796
+ 764 905
+ 763 778
+ 761 787
+ 760 884
+ 759 859
+ 759 928
+ 758 786
+ 758 845
+ 758 987
+ 757 958
+ 756 877
+ 755 772
+ 754 866
+ 753 792
+ 752 870
+ 752 970
+ 751 798
+ 751 874
+ 750 860
+ 750 891
+ 749 774
+ 748 839
+ 747 905
+ 746 834
+ 746 777
+ 744 956
+ 744 930
+ 743 766
+ 742 860
+ 742 750
+ 741 876
+ 740 815
+ 740 836
+ 737 973
+ 736 914
+ 735 923
+ 734 773
+ 734 770
+ 733 843
+ 731 820
+ 730 938
+ 730 889
+ 730 806
+ 728 846
+ 726 896
+ 725 796
+ 725 952
+ 724 912
+ 724 960
+ 723 772
+ 722 907
+ 721 724
+ 721 912
+ 721 960
+ 720 853
+ 720 822
+ 719 820
+ 719 971
+ 719 915
+ 718 781
+ 718 771
+ 717 729
+ 717 965
+ 715 893
+ 715 760
+ 715 884
+ 714 718
+ 714 927
+ 713 888
+ 713 842
+ 713 875
+ 711 980
+ 710 950
+ 708 871
+ 708 886
+ 708 763
+ 707 974
+ 706 847
+ 705 967
+ 704 887
+ 704 873
+ 704 802
+ 703 790
+ 700 932
+ 700 804
+ 697 851
+ 697 906
+ 697 864
+ 696 736
+ 696 914
+ 695 979
+ 694 841
+ 693 954
+ 693 904
+ 692 894
+ 692 806
+ 692 838
+ 691 826
+ 690 958
+ 690 757
+ 689 775
+ 688 861
+ 687 936
+ 687 739
+ 685 902
+ 684 828
+ 684 832
+ 683 830
+ 682 746
+ 682 834
+ 681 853
+ 681 937
+ 681 720
+ 680 813
+ 680 973
+ 680 737
+ 679 703
+ 679 790
+ 678 846
+ 676 903
+ 675 690
+ 675 958
+ 673 712
+ 672 712
+ 672 757
+ 672 958
+ 671 795
+ 671 847
+ 671 962
+ 667 964
+ 666 750
+ 666 742
+ 665 754
+ 664 911
+ 663 943
+ 663 892
+ 662 860
+ 662 891
+ 662 732
+ 661 897
+ 661 890
+ 661 862
+ 660 902
+ 660 702
+ 659 944
+ 658 940
+ 658 794
+ 657 967
+ 657 705
+ 655 743
+ 652 949
+ 651 929
+ 650 917
+ 649 803
+ 649 933
+ 648 961
+ 646 949
+ 646 652
+ 646 856
+ 645 951
+ 645 709
+ 644 705
+ 644 955
+ 643 694
+ 643 841
+ 641 706
+ 641 795
+ 641 847
+ 640 726
+ 640 896
+ 639 774
+ 639 903
+ 638 680
+ 638 737
+ 636 946
+ 635 898
+ 635 894
+ 635 838
+ 631 684
+ 631 832
+ 630 668
+ 628 978
+ 628 823
+ 627 631
+ 626 810
+ 625 677
+ 624 845
+ 624 786
+ 624 968
+ 623 789
+ 623 880
+ 622 989
+ 622 789
+ 622 880
+ 622 623
+ 621 634
+ 620 874
+ 620 751
+ 618 645
+ 618 951
+ 618 709
+ 617 931
+ 617 754
+ 617 866
+ 616 655
+ 616 776
+ 615 945
+ 614 658
+ 614 794
+ 613 983
+ 613 921
+ 612 700
+ 612 804
+ 611 628
+ 611 823
+ 610 788
+ 609 784
+ 609 984
+ 609 988
+ 608 941
+ 608 867
+ 607 768
+ 606 900
+ 605 919
+ 605 865
+ 603 970
+ 602 955
+ 602 705
+ 602 657
+ 602 644
+ 600 727
+ 600 923
+ 599 732
+ 597 942
+ 596 648
+ 595 772
+ 595 723
+ 595 755
+ 594 942
+ 593 799
+ 593 975
+ 592 901
+ 592 932
+ 592 804
+ 590 800
+ 589 910
+ 589 801
+ 587 765
+ 585 825
+ 584 699
+ 583 912
+ 583 801
+ 583 724
+ 583 910
+ 582 941
+ 582 608
+ 581 797
+ 579 659
+ 579 944
+ 578 589
+ 577 627
+ 577 684
+ 577 631
+ 576 654
+ 575 809
+ 574 940
+ 573 700
+ 573 748
+ 573 612
+ 572 839
+ 572 748
+ 571 895
+ 571 814
+ 570 647
+ 569 584
+ 569 699
+ 568 676
+ 568 639
+ 568 903
+ 567 600
+ 567 923
+ 567 727
+ 566 976
+ 566 779
+ 565 570
+ 565 647
+ 564 688
+ 564 935
+ 564 869
+ 563 759
+ 563 859
+ 561 703
+ 561 621
+ 561 790
+ 560 900
+ 560 799
+ 559 578
+ 558 854
+ 557 764
+ 556 852
+ 555 800
+ 555 632
+ 554 843
+ 553 934
+ 552 629
+ 551 559
+ 549 787
+ 549 761
+ 548 557
+ 548 764
+ 547 674
+ 547 598
+ 546 551
+ 545 762
+ 544 654
+ 544 576
+ 543 635
+ 543 898
+ 541 591
+ 539 666
+ 538 950
+ 538 821
+ 537 844
+ 536 701
+ 535 683
+ 535 830
+ 535 664
+ 534 769
+ 534 591
+ 534 541
+ 533 642
+ 532 868
+ 532 889
+ 532 938
+ 531 820
+ 531 719
+ 531 731
+ 530 755
+ 529 767
+ 529 985
+ 528 729
+ 528 965
+ 528 717
+ 527 891
+ 527 662
+ 527 732
+ 525 811
+ 524 841
+ 524 694
+ 524 637
+ 523 925
+ 522 907
+ 522 722
+ 521 730
+ 521 806
+ 521 889
+ 520 940
+ 520 794
+ 520 658
+ 520 574
+ 519 916
+ 519 707
+ 518 980
+ 518 711
+ 518 543
+ 517 556
+ 516 827
+ 515 523
+ 514 980
+ 514 711
+ 513 776
+ 513 540
+ 512 586
+ 511 585
+ 511 854
+ 511 825
+ 510 557
+ 509 656
+ 509 863
+ 508 897
+ 508 679
+ 507 676
+ 506 808
+ 505 793
+ 505 767
+ 505 668
+ 504 951
+ 504 618
+ 503 702
+ 501 643
+ 500 990
+ 499 659
+ 498 835
+ 497 783
+ 497 770
+ 496 548
+ 496 905
+ 496 747
+ 496 764
+ 495 797
+ 495 581
+ 494 641
+ 494 685
+ 494 706
+ 493 969
+ 492 688
+ 492 861
+ 491 624
+ 491 968
+ 491 845
+ 489 522
+ 489 722
+ 488 858
+ 488 911
+ 487 819
+ 487 791
+ 486 879
+ 486 698
+ 485 862
+ 485 756
+ 485 877
+ 484 759
+ 484 928
+ 483 867
+ 483 608
+ 483 941
+ 482 590
+ 481 598
+ 481 547
+ 481 674
+ 480 723
+ 480 772
+ 479 831
+ 479 773
+ 478 872
+ 478 829
+ 477 698
+ 477 879
+ 477 486
+ 476 785
+ 476 549
+ 475 516
+ 475 827
+ 474 909
+ 473 706
+ 473 494
+ 473 902
+ 473 685
+ 472 656
+ 471 574
+ 470 675
+ 470 637
+ 470 690
+ 469 972
+ 469 921
+ 468 780
+ 468 553
+ 467 812
+ 467 615
+ 466 591
+ 466 601
+ 465 825
+ 465 585
+ 464 961
+ 464 648
+ 464 596
+ 463 493
+ 462 630
+ 462 668
+ 461 936
+ 461 687
+ 461 977
+ 460 979
+ 460 695
+ 459 962
+ 459 817
+ 459 671
+ 459 883
+ 458 495
+ 458 797
+ 458 777
+ 457 651
+ 456 457
+ 456 651
+ 454 725
+ 453 746
+ 453 777
+ 453 458
+ 453 682
+ 452 939
+ 451 543
+ 451 518
+ 451 980
+ 451 898
+ 450 503
+ 449 601
+ 449 466
+ 448 693
+ 448 816
+ 447 927
+ 447 714
+ 447 771
+ 447 718
+ 446 467
+ 446 977
+ 446 812
+ 445 921
+ 445 972
+ 445 613
+ 445 469
+ 443 493
+ 443 463
+ 443 969
+ 442 849
+ 442 978
+ 441 482
+ 441 590
+ 441 800
+ 440 472
+ 439 668
+ 439 793
+ 439 505
+ 439 630
+ 438 604
+ 437 901
+ 437 653
+ 436 490
+ 436 981
+ 435 733
+ 435 843
+ 435 554
+ 434 687
+ 434 739
+ 434 936
+ 433 615
+ 433 467
+ 433 812
+ 432 463
+ 432 581
+ 432 495
+ 431 636
+ 431 499
+ 431 946
+ 430 548
+ 430 557
+ 430 510
+ 429 909
+ 429 474
+ 429 689
+ 428 562
+ 428 698
+ 428 486
+ 427 502
+ 427 633
+ 426 599
+ 426 879
+ 425 778
+ 425 763
+ 424 512
+ 424 586
+ 423 716
+ 423 507
+ 422 444
+ 421 968
+ 421 575
+ 421 491
+ 420 872
+ 420 829
+ 420 878
+ 419 978
+ 419 822
+ 419 442
+ 419 849
+ 418 647
+ 417 882
+ 417 955
+ 417 644
+ 416 712
+ 416 673
+ 416 953
+ 415 593
+ 414 616
+ 414 743
+ 414 655
+ 413 735
+ 411 460
+ 411 695
+ 410 436
+ 410 490
+ 410 981
+ 409 418
+ 409 500
+ 408 537
+ 408 462
+ 407 963
+ 407 896
+ 407 726
+ 407 926
+ 406 490
+ 405 902
+ 405 660
+ 405 685
+ 405 702
+ 404 628
+ 404 611
+ 404 442
+ 404 978
+ 403 824
+ 403 648
+ 403 953
+ 403 961
+ 401 540
+ 401 513
+ 400 584
+ 400 444
+ 400 422
+ 399 616
+ 399 776
+ 399 414
+ 398 517
+ 398 556
+ 397 673
+ 397 824
+ 397 416
+ 397 953
+ 396 507
+ 396 423
+ 396 716
+ 395 574
+ 395 471
+ 395 940
+ 394 854
+ 394 558
+ 393 781
+ 393 948
+ 392 579
+ 392 499
+ 392 659
+ 391 710
+ 391 686
+ 390 814
+ 390 588
+ 390 895
+ 389 920
+ 388 667
+ 388 964
+ 387 681
+ 387 937
+ 387 720
+ 386 731
+ 385 398
+ 385 792
+ 384 638
+ 384 826
+ 383 550
+ 383 813
+ 383 973
+ 382 588
+ 381 721
+ 381 985
+ 381 960
+ 380 982
+ 380 848
+ 379 709
+ 379 865
+ 378 814
+ 378 571
+ 377 787
+ 377 501
+ 376 674
+ 376 412
+ 375 929
+ 375 882
+ 374 607
+ 374 810
+ 373 455
+ 373 840
+ 372 850
+ 372 852
+ 371 864
+ 371 920
+ 371 389
+ 370 859
+ 370 563
+ 369 858
+ 369 911
+ 369 488
+ 368 768
+ 368 607
+ 368 374
+ 367 943
+ 367 663
+ 366 438
+ 366 990
+ 365 738
+ 364 923
+ 364 567
+ 364 735
+ 364 413
+ 363 813
+ 363 550
+ 363 383
+ 362 454
+ 362 739
+ 361 789
+ 360 749
+ 360 699
+ 359 411
+ 359 678
+ 359 460
+ 358 562
+ 358 428
+ 358 698
+ 357 360
+ 357 774
+ 357 749
+ 356 816
+ 355 649
+ 355 863
+ 355 803
+ 354 487
+ 354 791
+ 354 821
+ 353 786
+ 353 758
+ 353 987
+ 353 856
+ 352 620
+ 352 562
+ 351 533
+ 351 642
+ 350 597
+ 350 942
+ 350 594
+ 349 925
+ 349 908
+ 348 788
+ 348 976
+ 347 402
+ 346 828
+ 346 832
+ 346 542
+ 345 819
+ 345 844
+ 344 735
+ 344 413
+ 344 805
+ 343 371
+ 343 864
+ 343 920
+ 343 697
+ 342 868
+ 342 836
+ 342 532
+ 342 938
+ 341 408
+ 341 537
+ 341 462
+ 341 630
+ 340 715
+ 340 893
+ 339 375
+ 339 929
+ 339 417
+ 339 882
+ 338 647
+ 338 409
+ 338 570
+ 338 418
+ 337 768
+ 337 368
+ 337 619
+ 336 361
+ 336 623
+ 336 789
+ 335 917
+ 335 885
+ 335 650
+ 334 544
+ 334 654
+ 334 653
+ 333 455
+ 333 927
+ 332 525
+ 332 811
+ 331 529
+ 331 985
+ 331 381
+ 330 465
+ 330 878
+ 330 420
+ 329 526
+ 329 652
+ 328 469
+ 328 972
+ 328 981
+ 327 738
+ 327 365
+ 326 888
+ 326 873
+ 326 713
+ 326 802
+ 325 347
+ 325 669
+ 324 349
+ 324 515
+ 324 925
+ 324 523
+ 323 399
+ 323 776
+ 323 401
+ 323 513
+ 322 597
+ 322 440
+ 322 350
+ 321 669
+ 321 325
+ 320 964
+ 319 376
+ 319 547
+ 319 674
+ 319 412
+ 318 982
+ 318 471
+ 318 395
+ 317 881
+ 316 950
+ 316 538
+ 316 710
+ 315 402
+ 315 347
+ 314 879
+ 314 599
+ 314 426
+ 314 477
+ 313 536
+ 312 929
+ 312 651
+ 312 375
+ 312 456
+ 311 333
+ 311 455
+ 311 927
+ 311 714
+ 310 703
+ 310 508
+ 310 679
+ 310 897
+ 309 986
+ 308 474
+ 308 909
+ 308 963
+ 308 926
+ 307 848
+ 307 478
+ 307 872
+ 306 422
+ 306 444
+ 306 313
+ 305 365
+ 305 327
+ 304 452
+ 304 939
+ 304 539
+ 303 791
+ 303 821
+ 303 354
+ 302 351
+ 301 959
+ 301 626
+ 300 437
+ 300 901
+ 300 653
+ 299 946
+ 299 636
+ 298 382
+ 298 415
+ 297 652
+ 297 526
+ 297 949
+ 297 329
+ 296 914
+ 296 908
+ 295 756
+ 295 937
+ 295 485
+ 294 699
+ 294 569
+ 294 357
+ 294 360
+ 293 483
+ 293 867
+ 292 979
+ 292 596
+ 292 695
+ 291 377
+ 291 694
+ 291 501
+ 291 643
+ 290 741
+ 290 598
+ 290 481
+ 289 966
+ 288 553
+ 288 468
+ 288 780
+ 287 510
+ 287 640
+ 287 430
+ 286 435
+ 286 554
+ 286 633
+ 284 603
+ 283 406
+ 283 525
+ 282 861
+ 281 796
+ 281 587
+ 281 765
+ 280 907
+ 280 522
+ 280 887
+ 279 517
+ 279 385
+ 279 398
+ 278 370
+ 278 391
+ 278 686
+ 277 315
+ 276 282
+ 276 546
+ 275 542
+ 275 346
+ 275 828
+ 274 510
+ 274 640
+ 274 287
+ 274 726
+ 273 892
+ 273 881
+ 273 317
+ 272 835
+ 272 498
+ 272 540
+ 271 833
+ 271 545
+ 270 837
+ 270 986
+ 269 788
+ 269 504
+ 269 610
+ 268 922
+ 268 701
+ 267 974
+ 267 913
+ 266 939
+ 266 452
+ 266 809
+ 265 511
+ 265 558
+ 265 825
+ 265 854
+ 264 619
+ 263 975
+ 263 593
+ 263 415
+ 262 667
+ 262 457
+ 262 388
+ 261 609
+ 261 947
+ 261 984
+ 260 664
+ 260 683
+ 260 535
+ 259 601
+ 259 449
+ 258 983
+ 258 613
+ 258 389
+ 257 487
+ 257 819
+ 257 791
+ 257 345
+ 256 728
+ 255 418
+ 255 990
+ 255 409
+ 255 500
+ 254 906
+ 254 851
+ 254 839
+ 254 572
+ 253 634
+ 253 790
+ 253 561
+ 253 621
+ 252 600
+ 252 727
+ 252 967
+ 251 421
+ 251 575
+ 251 809
+ 251 968
+ 250 632
+ 249 655
+ 249 766
+ 249 743
+ 248 586
+ 248 716
+ 248 396
+ 247 702
+ 247 450
+ 247 503
+ 247 660
+ 246 504
+ 246 951
+ 246 610
+ 246 269
+ 245 322
+ 245 597
+ 245 440
+ 244 367
+ 244 818
+ 243 570
+ 243 565
+ 243 811
+ 242 976
+ 242 348
+ 242 779
+ 241 270
+ 241 744
+ 241 837
+ 240 306
+ 240 313
+ 240 444
+ 239 559
+ 239 578
+ 238 665
+ 238 807
+ 237 870
+ 237 514
+ 236 948
+ 236 393
+ 236 924
+ 235 870
+ 235 237
+ 234 585
+ 234 878
+ 234 330
+ 234 465
+ 233 237
+ 233 235
+ 233 711
+ 233 514
+ 232 792
+ 232 753
+ 232 279
+ 232 385
+ 231 250
+ 231 632
+ 231 555
+ 230 289
+ 230 580
+ 229 974
+ 229 707
+ 229 519
+ 228 975
+ 228 799
+ 228 560
+ 227 433
+ 227 615
+ 227 945
+ 226 290
+ 226 598
+ 226 876
+ 226 741
+ 225 259
+ 225 530
+ 224 256
+ 224 728
+ 223 808
+ 223 506
+ 222 707
+ 222 519
+ 222 916
+ 221 538
+ 221 303
+ 221 821
+ 221 316
+ 220 379
+ 220 645
+ 220 709
+ 219 966
+ 219 250
+ 219 289
+ 218 769
+ 217 861
+ 217 276
+ 217 282
+ 217 492
+ 216 595
+ 216 225
+ 216 530
+ 216 755
+ 215 224
+ 215 629
+ 214 347
+ 214 669
+ 214 402
+ 214 325
+ 213 576
+ 213 654
+ 213 361
+ 212 394
+ 212 558
+ 212 412
+ 211 546
+ 211 559
+ 211 239
+ 211 551
+ 210 665
+ 210 238
+ 210 807
+ 209 320
+ 208 636
+ 208 392
+ 208 499
+ 208 431
+ 207 271
+ 207 823
+ 207 833
+ 207 611
+ 206 601
+ 206 259
+ 206 530
+ 206 225
+ 205 302
+ 205 533
+ 205 351
+ 204 373
+ 204 333
+ 204 455
+ 203 356
+ 203 941
+ 203 582
+ 202 633
+ 202 502
+ 202 427
+ 201 516
+ 201 475
+ 201 550
+ 200 580
+ 200 289
+ 200 230
+ 200 966
+ 199 632
+ 199 590
+ 199 800
+ 199 555
+ 198 275
+ 198 542
+ 198 918
+ 197 907
+ 197 280
+ 197 704
+ 197 887
+ 196 268
+ 196 536
+ 196 701
+ 195 489
+ 195 722
+ 194 457
+ 194 667
+ 194 262
+ 194 456
+ 193 575
+ 193 266
+ 193 939
+ 193 809
+ 192 607
+ 192 374
+ 192 810
+ 192 626
+ 191 676
+ 191 507
+ 191 903
+ 191 423
+ 190 747
+ 190 209
+ 189 415
+ 189 298
+ 189 263
+ 188 943
+ 188 663
+ 188 273
+ 188 892
+ 187 637
+ 187 841
+ 187 524
+ 186 916
+ 186 957
+ 185 792
+ 185 753
+ 184 373
+ 184 204
+ 184 840
+ 183 732
+ 183 426
+ 183 527
+ 183 599
+ 182 258
+ 182 983
+ 182 920
+ 182 389
+ 181 509
+ 181 355
+ 181 656
+ 181 863
+ 180 235
+ 180 870
+ 180 752
+ 179 830
+ 179 309
+ 178 810
+ 178 301
+ 178 626
+ 178 959
+ 177 919
+ 177 379
+ 177 865
+ 177 220
+ 176 408
+ 176 844
+ 176 537
+ 176 345
+ 175 244
+ 175 818
+ 174 393
+ 174 948
+ 174 781
+ 174 771
+ 173 751
+ 173 650
+ 173 798
+ 173 917
+ 172 185
+ 171 463
+ 171 432
+ 171 493
+ 171 581
+ 170 760
+ 170 441
+ 170 482
+ 169 482
+ 169 170
+ 169 884
+ 169 760
+ 168 185
+ 168 753
+ 168 172
+ 167 691
+ 167 526
+ 167 826
+ 166 678
+ 166 411
+ 166 846
+ 166 359
+ 165 386
+ 165 731
+ 165 531
+ 164 808
+ 164 552
+ 163 249
+ 163 850
+ 163 766
+ 163 372
+ 162 848
+ 162 307
+ 162 380
+ 162 478
+ 161 981
+ 161 410
+ 161 328
+ 161 972
+ 160 356
+ 160 816
+ 160 448
+ 159 539
+ 159 304
+ 159 452
+ 158 554
+ 158 633
+ 158 427
+ 158 286
+ 157 526
+ 157 167
+ 157 329
+ 157 691
+ 156 302
+ 156 386
+ 156 165
+ 155 779
+ 155 566
+ 155 627
+ 154 320
+ 154 209
+ 154 190
+ 153 327
+ 153 305
+ 153 642
+ 152 288
+ 152 579
+ 152 780
+ 152 944
+ 151 454
+ 151 434
+ 151 739
+ 151 362
+ 150 229
+ 150 267
+ 150 913
+ 150 974
+ 149 830
+ 149 179
+ 149 309
+ 149 683
+ 148 604
+ 148 438
+ 148 484
+ 147 573
+ 147 612
+ 147 748
+ 147 572
+ 146 783
+ 146 497
+ 146 988
+ 146 770
+ 145 497
+ 145 734
+ 145 770
+ 144 808
+ 144 506
+ 144 164
+ 144 552
+ 143 773
+ 143 479
+ 143 831
+ 142 387
+ 142 756
+ 142 937
+ 142 295
+ 141 881
+ 141 317
+ 141 745
+ 140 562
+ 140 352
+ 140 358
+ 139 315
+ 139 277
+ 139 402
+ 138 296
+ 138 908
+ 138 914
+ 138 736
+ 137 175
+ 137 818
+ 136 733
+ 136 843
+ 135 317
+ 135 745
+ 135 141
+ 134 811
+ 134 243
+ 134 565
+ 134 332
+ 133 335
+ 133 650
+ 133 885
+ 133 933
+ 132 744
+ 132 241
+ 132 837
+ 132 930
+ 131 745
+ 131 135
+ 131 971
+ 130 336
+ 130 361
+ 130 576
+ 130 213
+ 129 905
+ 129 190
+ 129 154
+ 129 747
+ 128 637
+ 128 470
+ 128 187
+ 128 675
+ 127 754
+ 127 238
+ 127 617
+ 127 665
+ 126 911
+ 126 369
+ 126 664
+ 126 260
+ 125 344
+ 125 413
+ 125 899
+ 125 805
+ 124 899
+ 124 827
+ 124 805
+ 124 516
+ 123 738
+ 123 893
+ 123 340
+ 122 282
+ 122 276
+ 122 546
+ 122 551
+ 121 752
+ 121 970
+ 121 180
+ 120 215
+ 120 552
+ 120 629
+ 120 164
+ 119 894
+ 119 692
+ 119 806
+ 119 521
+ 118 763
+ 118 708
+ 118 886
+ 118 425
+ 117 284
+ 117 606
+ 117 900
+ 116 380
+ 116 471
+ 116 982
+ 116 318
+ 115 299
+ 115 946
+ 115 634
+ 114 925
+ 114 296
+ 114 349
+ 114 908
+ 113 443
+ 113 913
+ 113 969
+ 113 267
+ 112 947
+ 112 605
+ 112 919
+ 111 541
+ 111 591
+ 111 466
+ 111 449
+ 110 638
+ 110 384
+ 110 737
+ 109 363
+ 109 550
+ 109 201
+ 109 475
+ 108 196
+ 108 536
+ 108 313
+ 108 240
+ 107 189
+ 107 382
+ 107 298
+ 107 588
+ 106 729
+ 106 723
+ 106 480
+ 105 549
+ 105 476
+ 105 761
+ 104 372
+ 104 556
+ 104 852
+ 104 517
+ 103 205
+ 103 386
+ 103 156
+ 103 302
+ 102 106
+ 102 480
+ 102 717
+ 102 729
+ 101 716
+ 101 512
+ 101 248
+ 101 586
+ 100 244
+ 100 818
+ 100 943
+ 100 367
+ 99 239
+ 99 578
+ 99 910
+ 99 589
+ 98 544
+ 98 334
+ 98 653
+ 98 300
+ 97 121
+ 97 970
+ 97 284
+ 97 603
+ 96 293
+ 96 867
+ 95 476
+ 95 785
+ 95 105
+ 94 376
+ 94 212
+ 94 412
+ 94 394
+ 93 454
+ 93 362
+ 93 725
+ 93 952
+ 92 195
+ 92 137
+ 91 688
+ 91 492
+ 91 564
+ 91 935
+ 90 500
+ 90 990
+ 90 366
+ 89 131
+ 89 971
+ 89 915
+ 89 745
+ 88 503
+ 88 450
+ 88 424
+ 87 436
+ 87 490
+ 87 406
+ 87 283
+ 86 252
+ 86 657
+ 86 967
+ 86 727
+ 85 489
+ 85 195
+ 85 92
+ 84 568
+ 84 749
+ 84 774
+ 84 639
+ 83 498
+ 83 835
+ 83 670
+ 82 539
+ 82 666
+ 82 742
+ 82 159
+ 81 857
+ 81 670
+ 80 305
+ 80 642
+ 80 533
+ 80 153
+ 79 696
+ 79 545
+ 79 762
+ 78 625
+ 78 619
+ 78 264
+ 77 769
+ 77 218
+ 77 614
+ 76 594
+ 76 515
+ 76 942
+ 75 788
+ 75 610
+ 75 242
+ 75 348
+ 74 736
+ 74 762
+ 74 79
+ 74 696
+ 73 264
+ 73 768
+ 73 619
+ 73 337
+ 72 160
+ 72 693
+ 72 448
+ 72 954
+ 71 285
+ 71 945
+ 70 950
+ 70 391
+ 70 686
+ 70 710
+ 69 957
+ 69 222
+ 69 916
+ 69 186
+ 68 172
+ 68 677
+ 68 625
+ 67 203
+ 67 816
+ 67 582
+ 67 356
+ 66 96
+ 66 502
+ 66 293
+ 65 587
+ 65 281
+ 65 277
+ 64 440
+ 64 245
+ 64 472
+ 63 673
+ 63 757
+ 63 712
+ 63 672
+ 62 934
+ 62 922
+ 61 646
+ 61 987
+ 61 949
+ 61 856
+ 60 215
+ 60 224
+ 60 256
+ 60 629
+ 59 965
+ 59 831
+ 59 479
+ 59 528
+ 58 309
+ 58 270
+ 58 179
+ 58 986
+ 57 365
+ 57 123
+ 57 340
+ 57 738
+ 56 62
+ 56 553
+ 56 468
+ 56 934
+ 55 474
+ 55 775
+ 55 689
+ 55 429
+ 54 661
+ 54 508
+ 54 897
+ 54 890
+ 53 292
+ 53 979
+ 53 464
+ 53 596
+ 52 525
+ 52 406
+ 52 332
+ 52 283
+ 51 285
+ 51 834
+ 51 71
+ 50 382
+ 50 390
+ 50 588
+ 50 895
+ 49 984
+ 49 261
+ 49 947
+ 48 701
+ 48 922
+ 48 268
+ 48 62
+ 47 767
+ 47 331
+ 47 793
+ 47 529
+ 46 580
+ 46 230
+ 46 740
+ 45 66
+ 45 202
+ 45 502
+ 45 96
+ 44 769
+ 44 218
+ 44 541
+ 44 534
+ 43 46
+ 43 740
+ 43 580
+ 43 815
+ 42 563
+ 42 370
+ 42 686
+ 42 278
+ 41 284
+ 41 117
+ 41 603
+ 41 606
+ 40 95
+ 40 807
+ 40 785
+ 40 210
+ 39 605
+ 39 112
+ 39 947
+ 39 49
+ 38 833
+ 38 545
+ 38 271
+ 38 762
+ 37 604
+ 37 928
+ 37 484
+ 37 148
+ 36 378
+ 36 669
+ 36 321
+ 35 803
+ 35 933
+ 35 885
+ 35 649
+ 34 840
+ 34 778
+ 34 425
+ 34 184
+ 33 670
+ 33 81
+ 33 498
+ 33 83
+ 32 775
+ 32 689
+ 32 959
+ 32 301
+ 31 446
+ 31 936
+ 31 461
+ 31 977
+ 30 876
+ 30 924
+ 30 741
+ 29 140
+ 29 874
+ 29 620
+ 29 352
+ 28 30
+ 28 876
+ 28 236
+ 28 924
+ 27 945
+ 27 71
+ 27 227
+ 27 285
+ 26 761
+ 26 501
+ 26 787
+ 26 377
+ 25 584
+ 25 400
+ 25 569
+ 25 422
+ 24 209
+ 24 388
+ 24 964
+ 24 320
+ 23 932
+ 23 592
+ 23 437
+ 23 901
+ 22 401
+ 22 835
+ 22 540
+ 22 272
+ 21 186
+ 21 858
+ 21 957
+ 21 488
+ 20 68
+ 20 172
+ 20 168
+ 20 677
+ 19 264
+ 19 78
+ 19 677
+ 19 625
+ 18 846
+ 18 728
+ 18 256
+ 18 678
+ 17 155
+ 17 577
+ 17 566
+ 17 627
+ 16 918
+ 16 782
+ 16 198
+ 16 542
+ 15 656
+ 15 509
+ 15 64
+ 15 472
+ 14 857
+ 14 81
+ 14 869
+ 14 670
+ 13 277
+ 13 65
+ 13 139
+ 13 587
+ 12 900
+ 12 560
+ 12 606
+ 12 228
+ 11 966
+ 11 250
+ 11 219
+ 11 231
+ 10 218
+ 10 794
+ 10 77
+ 10 614
+ 9 85
+ 9 175
+ 9 137
+ 9 92
+ 8 682
+ 8 285
+ 8 834
+ 8 51
+ 7 773
+ 7 145
+ 7 143
+ 7 734
+ 6 691
+ 6 110
+ 6 384
+ 6 826
+ 5 515
+ 5 76
+ 5 523
+ 5 594
+ 4 424
+ 4 88
+ 4 450
+ 4 512
+ 3 571
+ 3 321
+ 3 378
+ 3 36
+ 2 366
+ 2 438
+ 2 90
+ 2 604
- 1 922
- 1 84
- 1 716
- 1 88
- 1 247
- 1 660
- 1 902
- 1 473
- 1 931
- 1 127
- 1 476
- 1 549
- 1 757
- 1 808
- 1 223
- 1 506
- 1 144
- 1 552
- 1 164
- 1 120
- 1 846
- 1 728
- 1 224
- 1 215
- 1 629
- 1 60
- 1 256
- 1 18
- 1 678
- 1 979
- 1 460
- 1 359
- 1 166
- 1 411
- 1 695
- 1 292
- 1 648
- 1 596
- 1 53
- 1 464
- 1 961
- 1 403
- 1 824
- 1 397
- 1 953
- 1 416
- 1 673
- 1 712
- 1 63
- 1 672
- 1 958
- 1 187
- 1 128
- 1 675
- 1 690
- 1 470
- 1 637
- 1 524
- 1 694
- 1 841
- 1 643
- 1 291
- 1 501
- 1 377
- 1 26
- 1 787
- 1 761
- 1 105
- 1 95
- 1 785
- 1 40
- 1 210
- 1 807
- 1 238
- 1 665
- 1 754
- 1 617
- 1 866
- 1 817
- 1 962
- 1 883
- 1 459
- 1 671
- 1 641
- 1 795
- 1 847
- 1 706
- 1 494
- 1 685
- 1 405
- 1 702
- 1 503
- 1 450
- 1 512
- 1 4
- 1 424
- 1 586
- 1 101
- 1 248
- 1 396
- 1 423
- 1 191
- 1 507
- 1 676
- 1 568
- 1 903
- 1 639
- 1 774
- 1 749
- 1 357
- 1 294
- 1 360
- 1 400
- 1 584
- 1 699
- 1 569
- 1 25
- 1 422
- 1 313
- 1 306
- 1 444
- 1 240
- 1 108
- 1 536
- 1 196
- 1 701
- 1 268
- 1 48
- 1 62
- 1 56
- 1 934
- 1 553
- 1 468
- 1 392
- 1 579
- 1 152
- 1 288
- 1 780
- 1 944
- 1 659
- 1 499
- 1 431
- 1 208
- 1 636
- 1 946
- 1 253
- 1 703
- 1 387
- 1 271
- 1 296
- 1 925
- 1 515
- 1 76
- 1 322
- 1 173
- 1 751
- 1 666
- 1 539
- 1 304
- 1 421
- 1 491
- 1 845
- 1 758
- 1 987
- 1 899
- 1 125
- 1 929
- 1 651
- 1 457
- 1 905
- 1 192
- 1 607
- 1 768
- 1 73
- 1 517
- 1 104
- 1 850
- 1 399
- 1 323
- 1 401
- 1 721
- 1 331
- 1 341
- 1 950
- 1 391
- 1 759
- 1 565
- 1 182
- 1 371
- 1 700
- 1 932
- 1 437
- 1 544
- 1 858
- 1 467
- 1 65
- 1 277
- 1 214
- 1 669
- 1 390
- 1 382
- 1 189
- 1 263
- 1 900
- 1 117
- 1 235
- 1 868
- 1 740
- 1 46
- 1 642
- 1 489
- 1 907
- 1 873
- 1 888
- 1 17
- 1 645
- 1 379
- 1 609
- 1 783
- 1 497
- 1 143
- 1 601
- 1 471
- 1 307
- 1 872
- 1 420
- 1 330
- 1 558
- 1 212
- 1 376
- 1 781
- 1 204
- 1 778
- 1 118
- 1 693
- 1 158
- 1 435
- 1 733
- 1 136
- 1 843
- 1 554
- 1 286
- 1 633
- 1 427
- 1 202
- 1 867
- 1 96
- 1 45
- 1 502
- 1 66
- 1 293
- 1 941
- 1 483
- 1 608
- 1 582
- 1 203
- 1 160
- 1 356
- 1 67
- 1 816
- 1 448
- 1 72
- 1 954
- 1 904
- 1 871
- 1 855
- 1 886
- 1 708
- 1 763
- 1 425
- 1 34
- 1 184
- 1 840
- 1 373
- 1 455
- 1 333
- 1 927
- 1 311
- 1 714
- 1 718
- 1 447
- 1 771
- 1 174
- 1 948
- 1 393
- 1 28
- 1 236
- 1 924
- 1 30
- 1 876
- 1 741
- 1 226
- 1 547
- 1 598
- 1 290
- 1 481
- 1 674
- 1 319
- 1 412
- 1 94
- 1 394
- 1 854
- 1 265
- 1 825
- 1 511
- 1 585
- 1 465
- 1 234
- 1 878
- 1 829
- 1 478
- 1 162
- 1 380
- 1 848
- 1 982
- 1 116
- 1 318
- 1 395
- 1 940
- 1 574
- 1 520
- 1 658
- 1 794
- 1 10
- 1 614
- 1 77
- 1 769
- 1 218
- 1 541
- 1 44
- 1 534
- 1 591
- 1 111
- 1 466
- 1 449
- 1 259
- 1 225
- 1 206
- 1 530
- 1 216
- 1 723
- 1 595
- 1 755
- 1 772
- 1 480
- 1 106
- 1 59
- 1 528
- 1 729
- 1 102
- 1 717
- 1 965
- 1 831
- 1 479
- 1 773
- 1 734
- 1 7
- 1 145
- 1 770
- 1 146
- 1 988
- 1 784
- 1 984
- 1 261
- 1 947
- 1 49
- 1 39
- 1 919
- 1 112
- 1 605
- 1 865
- 1 177
- 1 220
- 1 709
- 1 618
- 1 504
- 1 951
- 1 246
- 1 269
- 1 610
- 1 788
- 1 976
- 1 348
- 1 75
- 1 242
- 1 779
- 1 566
- 1 155
- 1 627
- 1 684
- 1 577
- 1 631
- 1 832
- 1 828
- 1 275
- 1 346
- 1 542
- 1 16
- 1 198
- 1 918
- 1 782
- 1 842
- 1 875
- 1 713
- 1 326
- 1 802
- 1 704
- 1 197
- 1 887
- 1 280
- 1 522
- 1 722
- 1 195
- 1 85
- 1 92
- 1 9
- 1 137
- 1 175
- 1 244
- 1 818
- 1 273
- 1 188
- 1 943
- 1 100
- 1 367
- 1 663
- 1 892
- 1 881
- 1 317
- 1 719
- 1 971
- 1 131
- 1 135
- 1 141
- 1 745
- 1 89
- 1 915
- 1 820
- 1 386
- 1 731
- 1 531
- 1 165
- 1 156
- 1 103
- 1 302
- 1 351
- 1 205
- 1 533
- 1 80
- 1 153
- 1 305
- 1 327
- 1 365
- 1 738
- 1 57
- 1 340
- 1 123
- 1 893
- 1 884
- 1 715
- 1 760
- 1 169
- 1 170
- 1 482
- 1 590
- 1 441
- 1 800
- 1 199
- 1 250
- 1 632
- 1 555
- 1 231
- 1 11
- 1 219
- 1 289
- 1 966
- 1 200
- 1 230
- 1 580
- 1 43
- 1 815
- 1 836
- 1 342
- 1 938
- 1 532
- 1 894
- 1 119
- 1 521
- 1 889
- 1 730
- 1 806
- 1 692
- 1 838
- 1 635
- 1 518
- 1 543
- 1 898
- 1 451
- 1 980
- 1 711
- 1 233
- 1 514
- 1 237
- 1 870
- 1 121
- 1 180
- 1 752
- 1 970
- 1 97
- 1 284
- 1 603
- 1 41
- 1 606
- 1 12
- 1 228
- 1 560
- 1 799
- 1 975
- 1 593
- 1 415
- 1 298
- 1 107
- 1 588
- 1 50
- 1 895
- 1 814
- 1 571
- 1 378
- 1 3
- 1 36
- 1 321
- 1 325
- 1 347
- 1 315
- 1 402
- 1 139
- 1 13
- 1 587
- 1 281
- 1 796
- 1 765
- 1 952
- 1 93
- 1 725
- 1 454
- 1 362
- 1 151
- 1 936
- 1 434
- 1 739
- 1 687
- 1 461
- 1 977
- 1 31
- 1 446
- 1 812
- 1 433
- 1 615
- 1 458
- 1 453
- 1 682
- 1 8
- 1 285
- 1 27
- 1 227
- 1 945
- 1 71
- 1 51
- 1 834
- 1 746
- 1 777
- 1 797
- 1 493
- 1 171
- 1 581
- 1 495
- 1 432
- 1 463
- 1 443
- 1 969
- 1 113
- 1 267
- 1 913
- 1 150
- 1 974
- 1 229
- 1 707
- 1 519
- 1 222
- 1 916
- 1 69
- 1 186
- 1 957
- 1 21
- 1 911
- 1 488
- 1 369
- 1 260
- 1 126
- 1 664
- 1 535
- 1 830
- 1 683
- 1 149
- 1 309
- 1 179
- 1 58
- 1 986
- 1 270
- 1 241
- 1 837
- 1 132
- 1 989
- 1 930
- 1 744
- 1 956
- 1 880
- 1 622
- 1 623
- 1 336
- 1 789
- 1 361
- 1 213
- 1 130
- 1 576
- 1 654
- 1 334
- 1 653
- 1 98
- 1 300
- 1 901
- 1 23
- 1 592
- 1 804
- 1 612
- 1 573
- 1 906
- 1 839
- 1 748
- 1 147
- 1 572
- 1 254
- 1 851
- 1 864
- 1 697
- 1 343
- 1 920
- 1 389
- 1 258
- 1 983
- 1 921
- 1 613
- 1 445
- 1 469
- 1 436
- 1 981
- 1 328
- 1 972
- 1 161
- 1 410
- 1 490
- 1 406
- 1 87
- 1 525
- 1 283
- 1 52
- 1 332
- 1 134
- 1 811
- 1 243
- 1 570
- 1 647
- 1 418
- 1 338
- 1 409
- 1 500
- 1 255
- 1 990
- 1 366
- 1 90
- 1 604
- 1 2
- 1 438
- 1 148
- 1 37
- 1 484
- 1 928
- 1 859
- 1 563
- 1 370
- 1 42
- 1 278
- 1 686
- 1 70
- 1 710
- 1 316
- 1 221
- 1 538
- 1 821
- 1 303
- 1 354
- 1 819
- 1 487
- 1 791
- 1 257
- 1 176
- 1 345
- 1 844
- 1 537
- 1 408
- 1 462
- 1 767
- 1 505
- 1 668
- 1 630
- 1 439
- 1 793
- 1 47
- 1 529
- 1 985
- 1 381
- 1 960
- 1 724
- 1 910
- 1 583
- 1 912
- 1 801
- 1 589
- 1 99
- 1 211
- 1 239
- 1 578
- 1 559
- 1 551
- 1 122
- 1 546
- 1 276
- 1 688
- 1 861
- 1 282
- 1 217
- 1 492
- 1 81
- 1 857
- 1 935
- 1 91
- 1 564
- 1 869
- 1 14
- 1 670
- 1 83
- 1 33
- 1 498
- 1 835
- 1 22
- 1 272
- 1 540
- 1 513
- 1 776
- 1 616
- 1 249
- 1 655
- 1 414
- 1 743
- 1 766
- 1 163
- 1 372
- 1 852
- 1 556
- 1 398
- 1 279
- 1 232
- 1 385
- 1 792
- 1 753
- 1 185
- 1 172
- 1 168
- 1 677
- 1 20
- 1 68
- 1 625
- 1 19
- 1 264
- 1 78
- 1 619
- 1 337
- 1 368
- 1 374
- 1 810
- 1 55
- 1 775
- 1 959
- 1 178
- 1 626
- 1 301
- 1 32
- 1 689
- 1 429
- 1 474
- 1 909
- 1 963
- 1 308
- 1 926
- 1 407
- 1 640
- 1 896
- 1 726
- 1 274
- 1 287
- 1 430
- 1 510
- 1 557
- 1 548
- 1 764
- 1 496
- 1 747
- 1 129
- 1 154
- 1 190
- 1 209
- 1 320
- 1 24
- 1 667
- 1 964
- 1 388
- 1 262
- 1 194
- 1 456
- 1 312
- 1 375
- 1 882
- 1 339
- 1 417
- 1 955
- 1 644
- 1 602
- 1 657
- 1 705
- 1 252
- 1 967
- 1 86
- 1 727
- 1 567
- 1 600
- 1 923
- 1 735
- 1 364
- 1 413
- 1 344
- 1 805
- 1 516
- 1 124
- 1 827
- 1 109
- 1 475
- 1 201
- 1 550
- 1 363
- 1 383
- 1 813
- 1 973
- 1 680
- 1 638
- 1 737
- 1 110
- 1 384
- 1 6
- 1 526
- 1 167
- 1 826
- 1 691
- 1 157
- 1 646
- 1 652
- 1 329
- 1 297
- 1 949
- 1 61
- 1 856
- 1 353
- 1 786
- 1 624
- 1 968
- 1 251
- 1 575
- 1 266
- 1 809
- 1 193
- 1 939
- 1 452
- 1 159
- 1 82
- 1 742
- 1 860
- 1 750
- 1 891
- 1 662
- 1 527
- 1 732
- 1 599
- 1 183
- 1 879
- 1 426
- 1 314
- 1 477
- 1 486
- 1 428
- 1 698
- 1 358
- 1 140
- 1 562
- 1 352
- 1 29
- 1 620
- 1 874
- 1 798
- 1 917
- 1 335
- 1 650
- 1 133
- 1 933
- 1 885
- 1 35
- 1 649
- 1 803
- 1 355
- 1 656
- 1 181
- 1 863
- 1 509
- 1 15
- 1 64
- 1 472
- 1 440
- 1 245
- 1 597
- 1 942
- 1 350
- 1 594
- 1 5
- 1 523
- 1 324
- 1 349
- 1 114
- 1 908
- 1 736
- 1 138
- 1 914
- 1 696
- 1 74
- 1 79
- 1 545
- 1 762
- 1 38
- 1 833
- 1 207
- 1 628
- 1 823
- 1 611
- 1 404
- 1 978
- 1 442
- 1 419
- 1 849
- 1 853
- 1 822
- 1 720
- 1 681
- 1 937
- 1 485
- 1 295
- 1 142
- 1 756
- 1 877
- 1 862
- 1 661
- 1 890
- 1 54
- 1 508
- 1 897
- 1 310
- 1 679
- 1 790
- 561 1
