3990
+ 1 938
+ 1 572
+ 1 973
+ 1 777
+ 1 93
+ 1 400
+ 1 554
+ 1 679
+ 1 449
+ 1 315
+ 1 142
+ 1 10
+ 1 811
+ 1 257
+ 1 419
+ 1 206
+ 1 802
+ 1 581
+ 1 133
+ 1 538
+ 1 881
+ 1 219
+ 1 932
+ 1 806
+ 1 617
+ 1 807
+ 1 179
+ 1 180
+ 1 213
+ 1 324
+ 1 490
+ 1 974
+ 1 328
+ 1 685
+ 1 793
+ 1 303
+ 1 23
+ 1 368
+ 1 301
+ 1 790
+ 1 721
+ 1 13
+ 1 160
+ 1 523
+ 1 983
+ 1 374
+ 1 122
+ 1 501
+ 1 78
+ 1 893
+ 1 289
+ 1 839
+ 1 951
+ 1 779
+ 1 834
+ 1 704
+ 1 365
+ 1 687
+ 1 127
+ 1 420
+ 1 832
+ 1 489
+ 1 250
+ 1 178
+ 1 726
+ 1 908
+ 1 724
+ 1 386
+ 1 965
+ 1 194
+ 1 635
+ 1 61
+ 1 584
+ 1 560
+ 1 114
+ 1 923
+ 1 998
+ 1 794
+ 1 934
+ 1 628
+ 1 327
+ 1 100
+ 1 606
+ 1 136
+ 1 264
+ 1 823
+ 1 638
+ 1 7
+ 1 843
+ 1 981
+ 1 72
+ 1 228
+ 1 246
+ 1 854
+ 1 349
+ 1 480
+ 1 567
+ 1 525
+ 1 785
+ 1 515
+ 1 709
+ 1 900
+ 1 304
+ 1 454
+ 1 712
+ 1 468
+ 1 404
+ 1 376
+ 1 677
+ 1 308
+ 1 602
+ 1 14
+ 1 914
+ 1 608
+ 1 557
+ 1 776
+ 1 775
+ 1 692
+ 1 962
+ 1 383
+ 1 209
+ 1 92
+ 1 799
+ 1 65
+ 1 338
+ 1 36
+ 1 159
+ 1 258
+ 1 44
+ 1 596
+ 1 52
+ 1 739
+ 1 943
+ 1 698
+ 1 256
+ 1 575
+ 1 163
+ 1 49
+ 1 659
+ 1 605
+ 1 971
+ 1 447
+ 1 963
+ 1 958
+ 1 931
+ 1 32
+ 1 528
+ 1 17
+ 1 713
+ 1 569
+ 1 571
+ 1 783
+ 1 252
+ 1 673
+ 1 751
+ 1 848
+ 1 648
+ 1 381
+ 1 840
+ 1 38
+ 1 877
+ 1 1000
+ 1 940
+ 1 822
+ 1 862
+ 1 275
+ 1 398
+ 1 112
+ 1 188
+ 1 539
+ 1 688
+ 1 920
+ 1 597
+ 1 647
+ 1 223
+ 1 502
+ 1 531
+ 1 120
+ 1 195
+ 1 640
+ 1 715
+ 1 90
+ 1 526
+ 1 795
+ 1 230
+ 1 253
+ 1 390
+ 1 681
+ 1 787
+ 1 948
+ 1 993
+ 1 76
+ 1 657
+ 1 732
+ 1 424
+ 1 426
+ 1 34
+ 1 559
+ 1 884
+ 1 850
+ 1 852
+ 1 736
+ 1 340
+ 1 723
+ 1 818
+ 1 455
+ 1 367
+ 1 568
+ 1 233
+ 1 897
+ 1 600
+ 1 155
+ 1 761
+ 1 203
+ 1 238
+ 1 760
+ 1 592
+ 1 169
+ 1 406
+ 1 5
+ 1 375
+ 1 56
+ 1 670
+ 1 731
+ 1 924
+ 1 285
+ 1 639
+ 1 499
+ 1 796
+ 1 407
+ 1 561
+ 1 148
+ 1 331
+ 1 968
+ 1 130
+ 1 821
+ 1 81
+ 1 540
+ 1 409
+ 1 173
+ 1 307
+ 1 733
+ 1 453
+ 1 543
+ 1 827
+ 1 240
+ 1 200
+ 1 979
+ 1 50
+ 1 986
+ 1 866
+ 1 456
+ 1 780
+ 1 249
+ 1 196
+ 1 283
+ 1 952
+ 1 66
+ 1 452
+ 1 476
+ 1 323
+ 1 773
+ 1 631
+ 1 693
+ 1 255
+ 1 445
+ 1 778
+ 1 672
+ 1 110
+ 1 43
+ 1 483
+ 1 552
+ 1 462
+ 1 967
+ 1 48
+ 1 467
+ 1 857
+ 1 141
+ 1 378
+ 1 486
+ 1 510
+ 1 668
+ 1 25
+ 1 333
+ 1 70
+ 1 380
+ 1 197
+ 1 53
+ 1 15
+ 1 722
+ 1 550
+ 1 711
+ 1 977
+ 1 355
+ 1 609
+ 1 22
+ 1 336
+ 1 99
+ 1 20
+ 1 553
+ 1 530
+ 1 464
+ 1 475
+ 1 898
+ 1 766
+ 1 494
+ 1 372
+ 1 878
+ 1 959
+ 1 371
+ 1 443
+ 1 107
+ 1 106
+ 1 292
+ 1 326
+ 1 846
+ 1 505
+ 1 887
+ 1 650
+ 1 68
+ 1 294
+ 1 566
+ 1 71
+ 1 885
+ 1 886
+ 1 134
+ 1 625
+ 1 458
+ 1 871
+ 1 735
+ 1 618
+ 1 830
+ 1 198
+ 1 394
+ 1 288
+ 1 313
+ 1 610
+ 1 583
+ 1 392
+ 1 77
+ 1 800
+ 1 37
+ 1 838
+ 1 714
+ 1 298
+ 1 576
+ 1 89
+ 1 137
+ 1 817
+ 1 856
+ 1 393
+ 1 984
+ 1 907
+ 1 675
+ 1 267
+ 1 6
+ 1 442
+ 1 514
+ 1 57
+ 1 58
+ 1 929
+ 1 999
+ 1 414
+ 1 941
+ 1 874
+ 1 306
+ 1 244
+ 1 831
+ 1 582
+ 1 309
+ 1 450
+ 1 748
+ 1 847
+ 1 770
+ 1 630
+ 1 691
+ 1 627
+ 1 517
+ 1 227
+ 1 997
+ 1 234
+ 1 479
+ 1 151
+ 1 699
+ 1 828
+ 1 520
+ 1 399
+ 1 725
+ 1 524
+ 1 519
+ 1 423
+ 1 662
+ 1 658
+ 1 730
+ 1 102
+ 1 985
+ 1 829
+ 1 459
+ 1 565
+ 1 347
+ 1 812
+ 1 737
+ 1 676
+ 1 573
+ 1 131
+ 1 220
+ 1 933
+ 1 410
+ 1 558
+ 1 642
+ 1 883
+ 1 21
+ 1 73
+ 1 358
+ 1 593
+ 1 611
+ 1 109
+ 1 280
+ 1 97
+ 1 369
+ 1 718
+ 1 555
+ 1 488
+ 1 266
+ 1 329
+ 1 949
+ 1 239
+ 1 765
+ 1 632
+ 1 26
+ 1 161
+ 1 768
+ 1 825
+ 1 348
+ 1 273
+ 1 75
+ 1 663
+ 1 661
+ 1 322
+ 1 95
+ 1 140
+ 1 690
+ 1 913
+ 1 869
+ 1 312
+ 1 377
+ 1 982
+ 1 813
+ 1 946
+ 1 845
+ 1 316
+ 1 496
+ 1 585
+ 1 902
+ 1 649
+ 1 4
+ 1 175
+ 1 356
+ 1 867
+ 1 644
+ 1 864
+ 1 245
+ 1 211
+ 1 819
+ 1 482
+ 1 696
+ 1 894
+ 1 755
+ 1 863
+ 1 798
+ 1 518
+ 1 352
+ 1 221
+ 1 890
+ 1 433
+ 1 782
+ 1 614
+ 1 254
+ 1 84
+ 1 654
+ 1 784
+ 1 113
+ 1 678
+ 1 54
+ 1 396
+ 1 950
+ 1 876
+ 1 157
+ 1 28
+ 1 281
+ 1 290
+ 1 810
+ 1 542
+ 1 379
+ 1 858
+ 1 385
+ 1 756
+ 1 613
+ 1 861
+ 1 469
+ 1 620
+ 1 492
+ 1 814
+ 1 485
+ 1 202
+ 1 964
+ 1 168
+ 1 912
+ 1 684
+ 1 111
+ 1 563
+ 1 532
+ 1 891
+ 1 189
+ 1 820
+ 1 978
+ 1 667
+ 1 734
+ 1 278
+ 1 570
+ 1 334
+ 1 282
+ 1 797
+ 1 956
+ 1 599
+ 1 513
+ 1 875
+ 1 30
+ 1 24
+ 1 551
+ 1 425
+ 1 504
+ 1 193
+ 1 587
+ 1 754
+ 1 987
+ 1 190
+ 1 915
+ 1 318
+ 1 471
+ 1 321
+ 1 446
+ 1 268
+ 1 12
+ 1 591
+ 1 413
+ 1 747
+ 1 925
+ 1 990
+ 1 860
+ 1 749
+ 1 562
+ 1 727
+ 1 503
+ 1 930
+ 1 80
+ 1 851
+ 1 222
+ 1 972
+ 1 287
+ 1 182
+ 1 703
+ 1 121
+ 1 481
+ 1 236
+ 1 683
+ 1 170
+ 1 231
+ 1 345
+ 1 247
+ 1 274
+ 1 966
+ 1 150
+ 1 937
+ 1 417
+ 1 431
+ 1 546
+ 1 360
+ 1 595
+ 1 132
+ 1 296
+ 1 487
+ 1 939
+ 1 153
+ 1 545
+ 1 248
+ 1 853
+ 1 2
+ 1 763
+ 1 541
+ 1 405
+ 1 594
+ 1 511
+ 1 128
+ 1 241
+ 1 750
+ 1 544
+ 1 879
+ 1 63
+ 1 144
+ 1 636
+ 1 729
+ 1 94
+ 1 154
+ 1 781
+ 1 184
+ 1 719
+ 1 119
+ 1 181
+ 1 955
+ 1 341
+ 1 47
+ 1 152
+ 1 229
+ 1 448
+ 1 402
+ 1 29
+ 1 242
+ 1 474
+ 1 495
+ 1 771
+ 1 527
+ 1 772
+ 1 910
+ 1 395
+ 1 759
+ 1 928
+ 1 117
+ 1 139
+ 1 789
+ 1 104
+ 1 824
+ 1 269
+ 1 226
+ 1 397
+ 1 18
+ 1 788
+ 1 167
+ 1 297
+ 1 816
+ 1 497
+ 1 67
+ 1 508
+ 1 534
+ 1 548
+ 1 9
+ 1 35
+ 1 191
+ 1 629
+ 1 922
+ 1 62
+ 1 623
+ 1 271
+ 1 901
+ 1 808
+ 1 276
+ 1 926
+ 1 171
+ 1 124
+ 1 444
+ 1 217
+ 1 536
+ 1 147
+ 1 408
+ 1 45
+ 1 172
+ 1 786
+ 1 705
+ 1 302
+ 1 753
+ 1 717
+ 1 176
+ 1 621
+ 1 305
+ 1 438
+ 1 472
+ 1 478
+ 1 579
+ 1 391
+ 1 261
+ 1 27
+ 1 428
+ 1 224
+ 1 8
+ 1 101
+ 1 491
+ 1 769
+ 1 412
+ 1 888
+ 1 484
+ 1 892
+ 1 537
+ 1 293
+ 1 265
+ 1 574
+ 1 664
+ 1 3
+ 1 844
+ 1 665
+ 1 589
+ 1 882
+ 1 624
+ 1 362
+ 1 764
+ 1 330
+ 1 616
+ 1 645
+ 1 529
+ 1 403
+ 1 849
+ 1 145
+ 1 11
+ 1 728
+ 1 578
+ 1 466
+ 1 59
+ 1 745
+ 1 740
+ 1 686
+ 1 873
+ 1 899
+ 1 660
+ 1 706
+ 1 437
+ 1 655
+ 1 992
+ 1 976
+ 1 299
+ 1 837
+ 1 69
+ 1 427
+ 1 991
+ 1 507
+ 1 158
+ 1 905
+ 1 917
+ 1 741
+ 1 961
+ 1 165
+ 1 697
+ 1 210
+ 1 653
+ 1 757
+ 1 125
+ 1 60
+ 1 344
+ 1 919
+ 1 33
+ 1 493
+ 1 622
+ 1 720
+ 1 314
+ 1 927
+ 1 143
+ 1 357
+ 1 339
+ 1 430
+ 1 835
+ 1 556
+ 1 214
+ 1 351
+ 1 646
+ 1 46
+ 1 156
+ 1 588
+ 1 262
+ 1 183
+ 1 666
+ 1 429
+ 1 387
+ 1 216
+ 1 586
+ 1 774
+ 1 743
+ 1 970
+ 1 804
+ 1 286
+ 1 440
+ 1 836
+ 1 384
+ 1 260
+ 1 82
+ 1 320
+ 1 522
+ 1 580
+ 1 921
+ 1 88
+ 1 700
+ 1 422
+ 1 634
+ 1 762
+ 1 201
+ 1 277
+ 1 55
+ 1 707
+ 1 695
+ 1 792
+ 1 105
+ 1 138
+ 1 652
+ 1 237
+ 1 382
+ 1 373
+ 1 942
+ 1 702
+ 1 577
+ 1 317
+ 1 146
+ 1 205
+ 1 342
+ 1 115
+ 1 708
+ 1 98
+ 1 549
+ 1 701
+ 1 354
+ 1 91
+ 1 612
+ 1 637
+ 1 346
+ 1 270
+ 1 335
+ 1 272
+ 1 615
+ 1 42
+ 1 436
+ 1 969
+ 1 300
+ 1 208
+ 1 805
+ 1 192
+ 1 865
+ 1 533
+ 1 186
+ 1 809
+ 1 995
+ 1 411
+ 1 359
+ 1 259
+ 1 859
+ 1 64
+ 1 40
+ 1 957
+ 1 682
+ 1 74
+ 1 87
+ 1 177
+ 1 212
+ 1 291
+ 1 895
+ 1 903
+ 1 996
+ 1 185
+ 1 521
+ 1 343
+ 1 643
+ 1 463
+ 1 880
+ 1 947
+ 1 364
+ 1 421
+ 1 547
+ 1 337
+ 1 284
+ 1 366
+ 1 149
+ 1 477
+ 1 889
+ 1 803
+ 1 31
+ 1 896
+ 1 251
+ 1 16
+ 1 669
+ 1 619
+ 1 601
+ 1 361
+ 1 461
+ 1 310
+ 1 279
+ 1 590
+ 1 39
+ 1 506
+ 1 215
+ 1 41
+ 1 516
+ 1 904
+ 1 752
+ 1 953
+ 1 767
+ 1 758
+ 1 86
+ 1 162
+ 1 135
+ 1 123
+ 1 174
+ 1 416
+ 1 918
+ 1 295
+ 1 689
+ 1 975
+ 1 916
+ 1 126
+ 1 509
+ 1 441
+ 1 96
+ 1 204
+ 1 500
+ 1 872
+ 1 607
+ 1 815
+ 1 960
+ 1 954
+ 1 225
+ 1 868
+ 1 457
+ 1 473
+ 1 826
+ 1 166
+ 1 651
+ 1 108
+ 1 85
+ 1 988
+ 1 604
+ 1 418
+ 1 235
+ 1 83
+ 1 994
+ 1 353
+ 1 791
+ 1 841
+ 1 906
+ 1 363
+ 1 626
+ 1 989
+ 1 325
+ 1 451
+ 1 243
+ 1 980
+ 1 833
+ 1 598
+ 1 911
+ 1 129
+ 1 512
+ 1 232
+ 1 311
+ 1 656
+ 1 319
+ 1 498
+ 1 401
+ 1 855
+ 1 332
+ 1 415
+ 1 801
+ 1 434
+ 1 460
+ 1 218
+ 1 103
+ 1 118
+ 1 207
+ 1 263
+ 1 744
+ 1 674
+ 1 164
+ 1 944
+ 1 945
+ 1 470
+ 1 909
+ 1 633
+ 1 350
+ 1 187
+ 1 370
+ 1 671
+ 1 870
+ 1 641
+ 1 199
+ 1 935
+ 1 716
+ 1 564
+ 1 465
+ 1 742
+ 1 694
+ 1 51
+ 1 439
+ 1 738
+ 1 746
+ 1 936
+ 1 710
+ 1 680
+ 1 116
+ 1 535
+ 1 435
+ 1 19
+ 1 79
+ 1 603
+ 1 388
+ 1 842
- 2 763
- 2 853
- 3 844
- 3 176
- 3 589
- 4 649
- 5 375
- 5 670
- 5 238
- 6 675
- 6 442
- 7 100
- 8 101
- 8 478
- 8 491
- 9 548
- 10 811
- 10 802
- 10 983
- 10 93
- 10 832
- 11 849
- 12 193
- 13 721
- 14 376
- 15 722
- 15 372
- 15 878
- 15 637
- 15 973
- 15 251
- 16 251
- 16 669
- 16 310
- 17 528
- 18 788
- 18 397
- 19 435
- 20 99
- 21 73
- 21 558
- 22 336
- 22 609
- 22 99
- 23 793
- 23 368
- 24 956
- 25 510
- 26 632
- 27 391
- 28 281
- 28 876
- 28 385
- 29 242
- 29 474
- 29 750
- 30 875
- 31 803
- 32 963
- 32 528
- 33 919
- 33 493
- 34 76
- 35 534
- 36 338
- 37 838
- 37 392
- 38 877
- 38 848
- 39 506
- 39 215
- 39 251
- 39 41
- 40 411
- 40 957
- 42 436
- 42 270
- 42 969
- 43 110
- 44 596
- 44 52
- 44 673
- 44 468
- 45 408
- 46 646
- 46 156
- 47 152
- 47 750
- 48 462
- 49 659
- 49 971
- 49 447
- 49 963
- 49 52
- 50 986
- 50 200
- 50 283
- 51 694
- 51 439
- 52 739
- 52 698
- 52 252
- 53 197
- 54 678
- 55 707
- 55 201
- 55 105
- 55 138
- 55 652
- 56 375
- 57 58
- 57 941
- 57 313
- 58 929
- 59 578
- 59 745
- 59 740
- 59 873
- 59 660
- 59 437
- 60 125
- 60 344
- 60 919
- 61 93
- 61 584
- 61 854
- 61 349
- 62 922
- 62 623
- 62 271
- 63 879
- 64 359
- 65 338
- 65 159
- 65 799
- 65 258
- 66 452
- 66 773
- 66 952
- 67 497
- 68 294
- 68 886
- 68 650
- 68 134
- 69 837
- 70 380
- 70 333
- 71 294
- 71 885
- 72 981
- 73 358
- 74 682
- 74 87
- 75 273
- 75 663
- 76 657
- 76 732
- 76 559
- 76 688
- 76 884
- 76 852
- 77 800
- 77 392
- 78 501
- 78 893
- 79 572
- 80 930
- 81 821
- 82 260
- 83 235
- 84 654
- 84 874
- 85 108
- 86 758
- 88 921
- 89 298
- 90 526
- 90 715
- 91 354
- 91 612
- 92 962
- 93 400
- 93 554
- 93 973
- 94 154
- 94 729
- 95 322
- 96 441
- 96 204
- 96 473
- 96 166
- 96 988
- 96 791
- 97 369
- 97 718
- 97 220
- 97 555
- 98 146
- 100 606
- 100 264
- 100 638
- 100 584
- 100 843
- 102 730
- 103 118
- 103 263
- 103 674
- 103 509
- 104 772
- 104 824
- 106 292
- 106 326
- 106 878
- 106 846
- 107 371
- 108 166
- 109 410
- 110 672
- 111 964
- 112 188
- 112 398
- 112 543
- 112 672
- 113 784
- 114 560
- 115 342
- 116 535
- 116 680
- 117 395
- 118 207
- 119 181
- 119 184
- 120 502
- 121 481
- 121 541
- 121 396
- 121 511
- 122 374
- 123 174
- 123 135
- 124 171
- 125 976
- 125 927
- 125 143
- 125 357
- 126 758
- 127 420
- 127 687
- 128 511
- 129 509
- 130 968
- 131 812
- 132 595
- 132 296
- 132 939
- 133 581
- 135 162
- 136 606
- 137 817
- 137 610
- 139 772
- 140 348
- 141 857
- 142 315
- 144 636
- 144 544
- 144 729
- 144 781
- 145 849
- 146 205
- 146 342
- 146 708
- 146 549
- 146 191
- 147 536
- 147 408
- 147 302
- 147 753
- 148 331
- 148 188
- 149 947
- 150 966
- 151 479
- 152 229
- 153 545
- 153 595
- 155 600
- 156 588
- 157 876
- 158 507
- 158 905
- 158 917
- 160 721
- 161 632
- 161 768
- 162 758
- 162 416
- 162 918
- 163 698
- 164 674
- 165 507
- 166 651
- 167 297
- 167 788
- 168 964
- 169 592
- 170 231
- 170 345
- 170 236
- 171 922
- 172 408
- 173 409
- 175 356
- 175 245
- 175 902
- 176 621
- 176 191
- 176 438
- 176 645
- 176 529
- 177 212
- 177 682
- 178 726
- 178 832
- 179 617
- 180 802
- 180 213
- 182 287
- 182 703
- 183 666
- 183 429
- 183 387
- 183 728
- 184 750
- 184 719
- 185 865
- 186 533
- 186 809
- 187 350
- 188 539
- 188 340
- 188 238
- 188 499
- 188 540
- 189 485
- 190 987
- 190 915
- 191 629
- 191 260
- 191 634
- 191 772
- 192 805
- 193 587
- 193 987
- 193 396
- 193 471
- 193 446
- 193 591
- 194 635
- 194 832
- 195 640
- 195 502
- 196 249
- 197 398
- 198 830
- 198 394
- 199 935
- 199 870
- 200 979
- 200 543
- 201 762
- 201 277
- 201 237
- 202 485
- 202 964
- 202 563
- 203 568
- 204 500
- 204 868
- 206 811
- 208 300
- 209 962
- 210 976
- 210 653
- 210 757
- 211 819
- 211 352
- 211 316
- 213 324
- 214 976
- 216 586
- 216 387
- 216 774
- 216 743
- 217 629
- 217 536
- 218 232
- 219 881
- 219 932
- 220 748
- 220 933
- 220 329
- 220 348
- 220 913
- 221 316
- 222 851
- 223 647
- 224 579
- 225 954
- 226 397
- 226 824
- 227 517
- 227 997
- 227 479
- 227 699
- 228 981
- 229 448
- 230 253
- 230 390
- 230 920
- 232 311
- 232 498
- 232 401
- 232 855
- 232 415
- 232 512
- 233 568
- 233 897
- 234 997
- 235 604
- 236 481
- 236 683
- 238 760
- 238 592
- 238 406
- 238 731
- 238 639
- 239 765
- 239 949
- 240 827
- 241 511
- 243 451
- 244 831
- 244 306
- 246 981
- 247 481
- 248 545
- 249 986
- 250 489
- 251 590
- 251 516
- 251 767
- 254 614
- 255 693
- 255 445
- 256 575
- 256 698
- 257 811
- 257 419
- 259 359
- 260 320
- 261 391
- 262 588
- 263 744
- 264 823
- 265 574
- 265 293
- 265 664
- 266 555
- 267 675
- 268 446
- 269 824
- 270 335
- 270 637
- 270 615
- 270 300
- 270 865
- 271 901
- 271 808
- 272 335
- 273 348
- 273 322
- 274 481
- 275 822
- 276 808
- 276 926
- 278 734
- 279 310
- 280 933
- 281 290
- 281 858
- 282 797
- 282 734
- 284 364
- 285 731
- 286 804
- 287 591
- 288 887
- 289 983
- 289 839
- 290 810
- 291 895
- 291 903
- 291 865
- 291 996
- 293 478
- 294 566
- 295 918
- 296 487
- 298 576
- 298 610
- 299 976
- 299 837
- 299 427
- 300 805
- 301 790
- 301 793
- 303 793
- 304 454
- 304 480
- 305 621
- 306 874
- 307 733
- 307 409
- 308 677
- 308 602
- 309 582
- 311 656
- 311 319
- 312 913
- 313 610
- 313 846
- 313 856
- 313 514
- 314 720
- 315 679
- 316 496
- 316 585
- 316 748
- 316 902
- 317 634
- 318 987
- 320 522
- 320 921
- 320 422
- 321 471
- 323 476
- 325 626
- 327 584
- 328 490
- 328 685
- 329 949
- 330 589
- 331 968
- 331 821
- 332 855
- 333 510
- 334 570
- 337 364
- 339 430
- 339 976
- 339 556
- 340 723
- 340 818
- 340 367
- 341 955
- 343 521
- 343 643
- 343 463
- 343 477
- 346 637
- 347 565
- 348 690
- 349 480
- 349 712
- 350 370
- 350 870
- 350 767
- 351 646
- 351 728
- 353 994
- 354 772
- 355 977
- 356 867
- 356 864
- 359 859
- 359 411
- 360 966
- 361 601
- 362 589
- 362 764
- 363 906
- 364 421
- 364 947
- 364 547
- 365 983
- 366 947
- 367 568
- 370 671
- 371 443
- 371 878
- 373 634
- 373 942
- 373 702
- 374 501
- 374 983
- 376 404
- 376 677
- 376 914
- 377 913
- 378 486
- 378 467
- 379 810
- 381 648
- 382 762
- 383 962
- 384 836
- 385 756
- 385 620
- 385 492
- 386 724
- 388 389
- 389 938
- 389 572
- 389 842
- 390 681
- 391 579
- 391 428
- 392 610
- 393 856
- 393 984
- 393 907
- 395 759
- 395 910
- 396 950
- 396 876
- 396 678
- 396 750
- 398 973
- 399 517
- 402 448
- 403 529
- 404 468
- 404 775
- 404 692
- 405 541
- 407 499
- 407 561
- 408 786
- 409 540
- 410 558
- 410 593
- 410 933
- 410 611
- 411 865
- 411 682
- 412 491
- 413 747
- 413 925
- 413 591
- 414 929
- 415 801
- 415 434
- 417 937
- 418 604
- 423 519
- 424 732
- 425 551
- 425 504
- 426 732
- 427 991
- 427 507
- 427 697
- 430 835
- 431 546
- 431 937
- 433 890
- 434 460
- 435 710
- 437 655
- 438 472
- 438 478
- 440 743
- 441 509
- 441 906
- 444 629
- 449 679
- 450 582
- 451 626
- 452 476
- 453 733
- 455 818
- 456 866
- 456 780
- 457 868
- 458 887
- 459 829
- 461 619
- 462 483
- 462 967
- 463 880
- 463 947
- 464 530
- 464 475
- 465 870
- 466 578
- 467 857
- 467 483
- 468 973
- 468 962
- 468 799
- 468 751
- 469 756
- 470 945
- 473 826
- 478 579
- 478 888
- 478 484
- 480 567
- 480 900
- 481 966
- 481 595
- 482 819
- 482 696
- 483 552
- 483 672
- 484 892
- 484 537
- 485 532
- 485 876
- 485 820
- 488 555
- 489 832
- 490 974
- 490 802
- 491 769
- 494 766
- 495 771
- 495 750
- 495 527
- 497 508
- 497 534
- 497 824
- 499 796
- 500 872
- 500 815
- 500 954
- 502 531
- 502 920
- 503 727
- 503 930
- 505 846
- 509 626
- 509 767
- 509 512
- 509 944
- 509 945
- 510 668
- 510 672
- 513 956
- 515 709
- 515 525
- 516 904
- 516 953
- 517 725
- 517 812
- 517 691
- 518 819
- 519 524
- 519 662
- 520 828
- 521 637
- 522 580
- 523 802
- 524 725
- 524 658
- 524 730
- 524 985
- 525 785
- 525 567
- 526 795
- 529 849
- 529 728
- 530 553
- 532 891
- 533 865
- 534 548
- 538 881
- 538 581
- 539 688
- 541 594
- 542 810
- 543 827
- 543 952
- 543 778
- 544 750
- 544 879
- 549 701
- 550 711
- 550 977
- 550 609
- 550 722
- 550 553
- 551 956
- 554 679
- 557 776
- 557 608
- 558 642
- 558 883
- 560 584
- 560 923
- 562 727
- 562 591
- 564 716
- 565 725
- 569 571
- 569 963
- 569 783
- 570 734
- 572 973
- 572 603
- 573 737
- 577 634
- 578 728
- 578 992
- 581 802
- 582 831
- 583 610
- 584 998
- 584 628
- 587 754
- 589 882
- 589 616
- 591 972
- 595 853
- 597 647
- 597 920
- 598 833
- 599 956
- 600 897
- 601 619
- 604 988
- 605 659
- 607 872
- 608 914
- 613 756
- 613 861
- 614 874
- 617 807
- 617 802
- 618 735
- 619 669
- 622 720
- 622 919
- 624 882
- 625 650
- 626 989
- 626 980
- 626 911
- 627 691
- 629 922
- 630 770
- 631 773
- 632 949
- 632 825
- 633 909
- 634 762
- 637 889
- 640 715
- 641 870
- 644 867
- 648 848
- 649 902
- 650 887
- 654 784
- 660 706
- 661 663
- 665 844
- 667 820
- 675 856
- 676 737
- 678 878
- 680 710
- 681 787
- 684 912
- 686 740
- 687 983
- 688 920
- 688 993
- 689 975
- 689 916
- 689 918
- 691 748
- 693 773
- 694 742
- 695 707
- 696 894
- 699 828
- 700 921
- 704 834
- 705 786
- 707 792
- 710 973
- 713 963
- 714 838
- 716 870
- 717 753
- 721 790
- 722 898
- 722 766
- 724 965
- 724 832
- 726 908
- 727 851
- 728 976
- 728 836
- 731 924
- 734 820
- 735 871
- 735 830
- 736 852
- 737 812
- 738 746
- 738 936
- 738 742
- 739 943
- 741 917
- 741 961
- 742 767
- 743 970
- 743 804
- 748 847
- 748 813
- 748 946
- 748 845
- 748 874
- 748 890
- 748 782
- 749 860
- 750 955
- 751 848
- 752 904
- 755 863
- 755 819
- 755 798
- 758 767
- 759 928
- 761 897
- 767 909
- 770 847
- 772 910
- 772 789
- 772 878
- 777 973
- 779 834
- 779 951
- 788 816
- 791 841
- 793 802
- 794 934
- 794 998
- 803 889
- 806 881
- 809 995
- 814 876
- 815 960
- 820 978
- 822 862
- 822 877
- 829 985
- 833 980
- 839 951
- 840 848
- 843 981
- 846 887
- 850 884
- 860 925
- 866 986
- 869 913
- 871 887
- 873 899
- 874 878
- 875 956
- 876 956
- 877 1000
- 878 959
- 889 896
- 912 964
- 913 982
- 920 948
- 925 990
- 929 999
- 931 958
- 937 966
- 940 1000
- 958 963
- 988 994
+ 974 993
+ 957 963
+ 940 958
+ 931 932
+ 931 996
+ 929 934
+ 929 942
+ 920 964
+ 919 973
+ 911 997
+ 899 969
+ 896 922
+ 890 903
+ 884 966
+ 883 900
+ 876 931
+ 873 944
+ 864 977
+ 857 900
+ 853 906
+ 852 999
+ 851 945
+ 851 956
+ 847 925
+ 835 941
+ 834 843
+ 833 879
+ 832 833
+ 831 861
+ 830 944
+ 830 933
+ 827 947
+ 826 836
+ 822 889
+ 814 921
+ 814 815
+ 813 901
+ 813 837
+ 807 872
+ 807 898
+ 806 835
+ 806 939
+ 802 836
+ 801 864
+ 800 952
+ 795 933
+ 794 892
+ 793 917
+ 793 938
+ 788 964
+ 788 867
+ 788 885
+ 788 945
+ 784 860
+ 783 892
+ 782 845
+ 782 990
+ 780 962
+ 779 962
+ 778 895
+ 777 984
+ 775 794
+ 773 885
+ 770 949
+ 762 953
+ 760 778
+ 760 960
+ 758 994
+ 758 836
+ 755 901
+ 752 875
+ 749 886
+ 741 920
+ 740 972
+ 735 903
+ 732 842
+ 728 867
+ 726 913
+ 725 998
+ 724 815
+ 724 887
+ 722 847
+ 722 866
+ 721 725
+ 720 831
+ 719 744
+ 718 944
+ 715 887
+ 712 909
+ 712 962
+ 711 982
+ 711 778
+ 710 850
+ 708 755
+ 707 938
+ 707 892
+ 707 753
+ 707 710
+ 707 834
+ 705 856
+ 698 751
+ 697 899
+ 696 986
+ 688 909
+ 686 805
+ 684 813
+ 682 740
+ 682 739
+ 680 896
+ 679 744
+ 678 787
+ 678 907
+ 677 940
+ 677 918
+ 675 981
+ 675 990
+ 675 998
+ 674 910
+ 673 879
+ 668 892
+ 667 936
+ 662 743
+ 662 827
+ 662 707
+ 662 825
+ 660 973
+ 659 828
+ 657 966
+ 654 664
+ 650 663
+ 649 680
+ 648 865
+ 647 748
+ 646 870
+ 642 788
+ 639 667
+ 639 824
+ 638 996
+ 638 692
+ 636 914
+ 635 751
+ 634 853
+ 633 892
+ 632 986
+ 632 761
+ 631 827
+ 631 712
+ 630 760
+ 630 763
+ 630 811
+ 629 910
+ 628 930
+ 628 664
+ 624 823
+ 623 666
+ 622 860
+ 621 713
+ 621 983
+ 621 739
+ 615 975
+ 612 773
+ 611 831
+ 610 794
+ 610 689
+ 609 946
+ 608 837
+ 607 900
+ 606 834
+ 605 900
+ 603 984
+ 603 731
+ 599 827
+ 599 678
+ 598 839
+ 596 938
+ 595 955
+ 595 732
+ 593 703
+ 593 696
+ 592 857
+ 591 824
+ 583 859
+ 581 899
+ 579 820
+ 579 629
+ 573 855
+ 572 791
+ 570 971
+ 569 987
+ 569 587
+ 567 604
+ 565 672
+ 563 852
+ 562 827
+ 561 694
+ 561 738
+ 561 923
+ 560 810
+ 559 560
+ 555 871
+ 554 1000
+ 552 944
+ 552 641
+ 552 986
+ 550 912
+ 550 954
+ 549 758
+ 548 734
+ 545 874
+ 545 799
+ 545 604
+ 545 722
+ 544 789
+ 544 883
+ 542 643
+ 541 811
+ 539 710
+ 538 751
+ 537 552
+ 537 576
+ 536 768
+ 536 588
+ 533 597
+ 533 577
+ 531 731
+ 531 624
+ 531 740
+ 531 726
+ 530 983
+ 529 892
+ 524 528
+ 523 849
+ 522 904
+ 522 786
+ 520 867
+ 519 566
+ 519 816
+ 518 569
+ 517 696
+ 516 880
+ 514 672
+ 514 937
+ 514 866
+ 512 788
+ 512 674
+ 512 544
+ 509 704
+ 505 989
+ 505 852
+ 505 584
+ 504 809
+ 504 997
+ 503 892
+ 503 796
+ 500 674
+ 499 920
+ 499 877
+ 498 840
+ 492 546
+ 491 981
+ 489 760
+ 488 744
+ 487 934
+ 486 785
+ 486 924
+ 485 578
+ 483 511
+ 483 645
+ 483 842
+ 482 633
+ 482 557
+ 481 760
+ 477 677
+ 476 947
+ 476 651
+ 476 729
+ 474 714
+ 473 838
+ 473 792
+ 472 568
+ 472 704
+ 470 725
+ 469 699
+ 469 839
+ 468 700
+ 466 702
+ 465 763
+ 464 493
+ 464 985
+ 464 552
+ 463 777
+ 461 743
+ 459 870
+ 457 649
+ 456 460
+ 455 748
+ 454 515
+ 454 899
+ 454 865
+ 451 553
+ 450 927
+ 450 683
+ 448 926
+ 447 983
+ 446 532
+ 445 757
+ 444 512
+ 443 733
+ 442 655
+ 439 905
+ 439 903
+ 435 791
+ 435 800
+ 433 470
+ 432 711
+ 431 764
+ 430 702
+ 430 454
+ 430 626
+ 429 549
+ 429 623
+ 429 436
+ 429 627
+ 428 990
+ 428 558
+ 427 452
+ 426 775
+ 425 954
+ 424 837
+ 423 461
+ 423 967
+ 422 975
+ 421 635
+ 420 527
+ 419 753
+ 419 926
+ 418 657
+ 418 571
+ 417 505
+ 417 594
+ 417 848
+ 416 599
+ 416 496
+ 415 574
+ 415 898
+ 413 906
+ 413 990
+ 412 806
+ 410 658
+ 409 948
+ 408 736
+ 408 950
+ 408 888
+ 408 521
+ 408 858
+ 408 468
+ 406 543
+ 405 640
+ 404 705
+ 404 969
+ 403 598
+ 402 963
+ 402 844
+ 401 701
+ 401 863
+ 400 639
+ 399 545
+ 398 933
+ 397 455
+ 395 506
+ 395 751
+ 394 762
+ 393 755
+ 392 821
+ 392 696
+ 391 732
+ 391 892
+ 391 522
+ 391 811
+ 391 731
+ 390 619
+ 390 693
+ 390 418
+ 388 625
+ 387 997
+ 386 577
+ 385 410
+ 384 710
+ 383 810
+ 381 390
+ 381 540
+ 380 947
+ 379 815
+ 379 617
+ 378 479
+ 377 902
+ 376 665
+ 376 944
+ 376 584
+ 375 547
+ 374 770
+ 373 475
+ 372 719
+ 370 519
+ 370 864
+ 369 719
+ 368 492
+ 367 388
+ 366 556
+ 366 828
+ 364 935
+ 363 453
+ 363 416
+ 361 514
+ 361 970
+ 359 664
+ 359 767
+ 357 573
+ 356 965
+ 356 709
+ 355 547
+ 354 490
+ 354 740
+ 351 571
+ 351 744
+ 351 494
+ 351 756
+ 350 800
+ 349 978
+ 347 840
+ 345 678
+ 345 893
+ 344 818
+ 343 587
+ 342 376
+ 341 652
+ 341 868
+ 341 621
+ 341 797
+ 340 717
+ 339 811
+ 338 810
+ 335 590
+ 335 367
+ 335 344
+ 334 996
+ 334 749
+ 334 589
+ 332 618
+ 332 333
+ 332 907
+ 331 995
+ 330 348
+ 328 482
+ 327 783
+ 326 640
+ 325 854
+ 325 376
+ 323 603
+ 323 869
+ 320 657
+ 319 353
+ 319 498
+ 319 897
+ 316 793
+ 315 392
+ 314 794
+ 313 712
+ 310 884
+ 309 862
+ 308 671
+ 307 626
+ 306 946
+ 305 511
+ 304 674
+ 304 992
+ 303 685
+ 303 670
+ 302 547
+ 298 827
+ 298 745
+ 297 362
+ 296 822
+ 295 698
+ 294 790
+ 294 324
+ 293 454
+ 292 675
+ 292 357
+ 292 743
+ 292 819
+ 292 312
+ 292 336
+ 292 364
+ 291 868
+ 291 371
+ 290 548
+ 290 883
+ 288 758
+ 288 301
+ 285 961
+ 285 665
+ 284 617
+ 283 411
+ 283 571
+ 283 916
+ 282 641
+ 281 642
+ 281 730
+ 280 561
+ 279 817
+ 274 768
+ 274 620
+ 274 376
+ 273 505
+ 272 636
+ 271 674
+ 270 473
+ 268 557
+ 266 469
+ 264 966
+ 264 580
+ 263 872
+ 262 464
+ 260 769
+ 260 587
+ 259 537
+ 258 837
+ 258 614
+ 258 571
+ 257 693
+ 257 278
+ 257 616
+ 256 485
+ 256 748
+ 255 716
+ 254 722
+ 254 546
+ 253 292
+ 252 753
+ 251 531
+ 251 321
+ 250 359
+ 249 691
+ 248 352
+ 248 449
+ 248 414
+ 248 993
+ 248 892
+ 247 554
+ 247 393
+ 246 519
+ 245 997
+ 245 878
+ 244 465
+ 244 742
+ 242 759
+ 241 751
+ 239 836
+ 238 430
+ 237 406
+ 236 526
+ 235 858
+ 234 886
+ 233 458
+ 233 271
+ 232 366
+ 231 240
+ 231 508
+ 231 274
+ 230 256
+ 230 454
+ 229 669
+ 228 547
+ 227 681
+ 227 318
+ 227 760
+ 227 442
+ 226 394
+ 226 835
+ 226 626
+ 225 351
+ 224 433
+ 222 357
+ 222 839
+ 222 602
+ 222 367
+ 222 716
+ 221 682
+ 220 674
+ 218 702
+ 217 692
+ 216 425
+ 215 438
+ 215 445
+ 215 879
+ 215 249
+ 214 586
+ 214 831
+ 214 451
+ 214 534
+ 213 838
+ 212 882
+ 212 993
+ 211 811
+ 211 637
+ 211 653
+ 210 546
+ 209 573
+ 208 743
+ 207 537
+ 207 243
+ 206 844
+ 204 684
+ 204 669
+ 202 821
+ 201 964
+ 201 472
+ 200 269
+ 200 391
+ 200 890
+ 199 959
+ 198 275
+ 198 759
+ 198 519
+ 198 501
+ 197 344
+ 197 766
+ 197 551
+ 196 774
+ 196 923
+ 196 545
+ 195 301
+ 194 871
+ 193 583
+ 191 575
+ 190 717
+ 189 318
+ 188 710
+ 188 456
+ 186 841
+ 185 831
+ 184 860
+ 184 603
+ 184 223
+ 183 277
+ 183 858
+ 183 300
+ 182 334
+ 181 373
+ 180 681
+ 179 698
+ 179 267
+ 179 743
+ 179 870
+ 178 894
+ 178 444
+ 177 582
+ 177 226
+ 176 712
+ 176 807
+ 176 446
+ 175 569
+ 174 862
+ 174 712
+ 174 831
+ 173 198
+ 172 467
+ 172 676
+ 172 682
+ 171 849
+ 171 571
+ 171 587
+ 171 205
+ 171 330
+ 171 758
+ 169 386
+ 169 650
+ 166 598
+ 165 535
+ 164 238
+ 163 665
+ 163 671
+ 162 880
+ 162 440
+ 162 254
+ 161 743
+ 161 808
+ 161 525
+ 161 583
+ 160 220
+ 159 743
+ 159 473
+ 159 817
+ 159 997
+ 159 228
+ 158 552
+ 157 943
+ 157 306
+ 157 478
+ 156 431
+ 155 526
+ 155 980
+ 154 717
+ 154 507
+ 153 944
+ 153 661
+ 153 192
+ 153 294
+ 153 198
+ 153 408
+ 152 307
+ 152 317
+ 150 329
+ 150 277
+ 148 286
+ 148 486
+ 148 733
+ 146 149
+ 146 971
+ 146 170
+ 145 733
+ 145 805
+ 144 544
+ 143 743
+ 143 452
+ 143 359
+ 143 203
+ 142 822
+ 141 358
+ 141 758
+ 141 297
+ 141 776
+ 140 902
+ 140 712
+ 139 644
+ 139 975
+ 139 390
+ 139 237
+ 138 566
+ 137 733
+ 137 770
+ 136 891
+ 136 604
+ 135 750
+ 135 494
+ 134 663
+ 133 544
+ 133 754
+ 133 454
+ 133 714
+ 132 524
+ 132 569
+ 132 365
+ 131 771
+ 131 996
+ 130 336
+ 129 575
+ 129 304
+ 128 431
+ 128 186
+ 127 881
+ 127 420
+ 127 717
+ 127 892
+ 126 495
+ 126 502
+ 126 289
+ 126 378
+ 125 531
+ 124 988
+ 124 900
+ 124 219
+ 123 382
+ 123 998
+ 122 743
+ 122 570
+ 122 169
+ 122 326
+ 122 828
+ 122 803
+ 121 480
+ 121 670
+ 121 162
+ 121 871
+ 120 145
+ 120 287
+ 119 155
+ 119 431
+ 119 477
+ 119 892
+ 119 571
+ 118 161
+ 118 781
+ 117 917
+ 116 804
+ 116 844
+ 116 658
+ 116 811
+ 116 944
+ 115 563
+ 114 737
+ 114 707
+ 113 554
+ 113 727
+ 112 772
+ 112 434
+ 111 356
+ 111 351
+ 110 499
+ 109 462
+ 109 643
+ 109 126
+ 109 425
+ 108 167
+ 108 765
+ 107 121
+ 106 425
+ 105 944
+ 104 563
+ 103 358
+ 102 916
+ 101 680
+ 101 313
+ 101 322
+ 100 901
+ 100 613
+ 99 510
+ 99 752
+ 99 678
+ 98 656
+ 98 748
+ 97 413
+ 96 181
+ 96 707
+ 95 674
+ 94 897
+ 94 712
+ 94 401
+ 94 265
+ 94 815
+ 93 796
+ 93 471
+ 92 160
+ 91 416
+ 91 437
+ 91 337
+ 90 109
+ 90 116
+ 90 512
+ 90 435
+ 90 254
+ 89 313
+ 88 944
+ 87 174
+ 86 789
+ 85 798
+ 84 758
+ 84 151
+ 83 889
+ 82 600
+ 82 682
+ 81 700
+ 80 603
+ 79 381
+ 78 610
+ 77 311
+ 77 675
+ 76 504
+ 76 991
+ 75 339
+ 75 199
+ 74 904
+ 73 811
+ 73 559
+ 72 162
+ 71 293
+ 70 229
+ 68 826
+ 67 814
+ 66 354
+ 65 812
+ 65 798
+ 65 390
+ 65 846
+ 64 73
+ 63 892
+ 63 187
+ 62 108
+ 61 118
+ 60 951
+ 60 62
+ 60 601
+ 60 585
+ 60 928
+ 59 615
+ 58 329
+ 57 968
+ 57 394
+ 57 695
+ 57 346
+ 56 181
+ 55 375
+ 55 746
+ 54 669
+ 53 908
+ 53 407
+ 53 409
+ 53 133
+ 52 276
+ 51 724
+ 50 147
+ 50 441
+ 49 426
+ 48 364
+ 48 978
+ 47 953
+ 46 450
+ 46 687
+ 46 445
+ 45 827
+ 45 942
+ 44 396
+ 44 531
+ 44 497
+ 43 134
+ 42 484
+ 42 389
+ 42 87
+ 41 406
+ 40 513
+ 40 69
+ 40 710
+ 39 723
+ 39 546
+ 38 725
+ 37 706
+ 37 165
+ 37 994
+ 37 331
+ 36 65
+ 36 261
+ 36 747
+ 35 599
+ 34 470
+ 33 309
+ 33 360
+ 32 788
+ 31 110
+ 30 432
+ 29 690
+ 28 989
+ 27 976
+ 27 257
+ 27 272
+ 26 699
+ 25 910
+ 24 595
+ 23 638
+ 23 299
+ 23 168
+ 22 335
+ 22 564
+ 22 915
+ 21 59
+ 20 377
+ 19 168
+ 18 604
+ 17 52
+ 17 807
+ 16 829
+ 16 696
+ 15 391
+ 15 733
+ 15 690
+ 15 660
+ 14 434
+ 14 813
+ 14 979
+ 13 638
+ 13 667
+ 13 531
+ 12 86
+ 11 484
+ 10 777
+ 9 755
+ 8 258
+ 7 920
+ 7 215
+ 6 369
+ 5 145
+ 4 822
+ 4 441
+ 4 62
+ 4 938
+ 4 306
+ 3 76
+ 2 603
- 1 424
- 1 8
- 1 614
- 1 488
- 1 372
- 1 6
- 1 369
- 1 719
- 1 679
- 1 744
- 1 750
- 1 135
- 1 494
- 1 756
- 1 965
- 1 709
- 1 356
- 1 111
- 1 225
- 1 351
- 1 523
- 1 849
- 1 987
- 1 518
- 1 528
- 1 524
- 1 365
- 1 132
- 1 175
- 1 569
- 1 769
- 1 260
- 1 343
- 1 587
- 1 205
- 1 348
- 1 330
- 1 103
- 1 358
- 1 362
- 1 297
- 1 776
- 1 141
- 1 706
- 1 535
- 1 165
- 1 995
- 1 331
- 1 37
- 1 994
- 1 195
- 1 301
- 1 288
- 1 666
- 1 623
- 1 436
- 1 627
- 1 429
- 1 549
- 1 151
- 1 84
- 1 239
- 1 802
- 1 68
- 1 826
- 1 836
- 1 758
- 1 171
- 1 411
- 1 102
- 1 916
- 1 283
- 1 236
- 1 526
- 1 980
- 1 155
- 1 156
- 1 841
- 1 186
- 1 128
- 1 764
- 1 431
- 1 958
- 1 940
- 1 918
- 1 677
- 1 477
- 1 187
- 1 63
- 1 596
- 1 296
- 1 142
- 1 83
- 1 889
- 1 822
- 1 147
- 1 50
- 1 441
- 1 167
- 1 765
- 1 108
- 1 951
- 1 601
- 1 585
- 1 928
- 1 60
- 1 62
- 1 609
- 1 946
- 1 943
- 1 478
- 1 157
- 1 306
- 1 4
- 1 117
- 1 917
- 1 316
- 1 793
- 1 938
- 1 448
- 1 926
- 1 419
- 1 252
- 1 753
- 1 850
- 1 384
- 1 539
- 1 513
- 1 69
- 1 40
- 1 460
- 1 456
- 1 188
- 1 710
- 1 606
- 1 843
- 1 834
- 1 213
- 1 838
- 1 270
- 1 792
- 1 473
- 1 279
- 1 817
- 1 878
- 1 245
- 1 911
- 1 809
- 1 991
- 1 3
- 1 76
- 1 504
- 1 387
- 1 997
- 1 355
- 1 302
- 1 746
- 1 55
- 1 375
- 1 547
- 1 228
- 1 159
- 1 781
- 1 61
- 1 118
- 1 808
- 1 525
- 1 193
- 1 859
- 1 583
- 1 161
- 1 208
- 1 149
- 1 170
- 1 146
- 1 971
- 1 570
- 1 597
- 1 533
- 1 577
- 1 386
- 1 43
- 1 134
- 1 663
- 1 650
- 1 169
- 1 405
- 1 640
- 1 326
- 1 232
- 1 556
- 1 366
- 1 659
- 1 828
- 1 803
- 1 122
- 1 427
- 1 452
- 1 250
- 1 654
- 1 930
- 1 628
- 1 664
- 1 767
- 1 359
- 1 203
- 1 143
- 1 967
- 1 423
- 1 461
- 1 491
- 1 981
- 1 558
- 1 428
- 1 97
- 1 634
- 1 853
- 1 906
- 1 413
- 1 845
- 1 782
- 1 990
- 1 311
- 1 77
- 1 382
- 1 123
- 1 38
- 1 34
- 1 224
- 1 433
- 1 470
- 1 721
- 1 725
- 1 998
- 1 675
- 1 26
- 1 699
- 1 266
- 1 469
- 1 403
- 1 166
- 1 598
- 1 839
- 1 602
- 1 625
- 1 388
- 1 590
- 1 564
- 1 915
- 1 22
- 1 766
- 1 551
- 1 197
- 1 818
- 1 344
- 1 335
- 1 367
- 1 255
- 1 716
- 1 222
- 1 855
- 1 209
- 1 573
- 1 357
- 1 819
- 1 312
- 1 130
- 1 336
- 1 253
- 1 349
- 1 978
- 1 48
- 1 935
- 1 364
- 1 292
- 1 421
- 1 635
- 1 538
- 1 241
- 1 506
- 1 395
- 1 751
- 1 295
- 1 698
- 1 267
- 1 459
- 1 646
- 1 870
- 1 179
- 1 743
- 1 487
- 1 934
- 1 929
- 1 942
- 1 45
- 1 562
- 1 35
- 1 437
- 1 337
- 1 91
- 1 496
- 1 453
- 1 363
- 1 416
- 1 893
- 1 345
- 1 787
- 1 510
- 1 875
- 1 752
- 1 99
- 1 618
- 1 333
- 1 332
- 1 907
- 1 678
- 1 599
- 1 380
- 1 651
- 1 729
- 1 476
- 1 947
- 1 745
- 1 298
- 1 263
- 1 872
- 1 276
- 1 52
- 1 17
- 1 574
- 1 415
- 1 898
- 1 807
- 1 532
- 1 446
- 1 176
- 1 353
- 1 347
- 1 840
- 1 498
- 1 319
- 1 897
- 1 701
- 1 863
- 1 401
- 1 265
- 1 51
- 1 715
- 1 887
- 1 724
- 1 284
- 1 617
- 1 379
- 1 921
- 1 67
- 1 814
- 1 815
- 1 94
- 1 20
- 1 377
- 1 902
- 1 140
- 1 89
- 1 457
- 1 649
- 1 922
- 1 896
- 1 680
- 1 322
- 1 101
- 1 313
- 1 688
- 1 909
- 1 360
- 1 33
- 1 309
- 1 862
- 1 11
- 1 484
- 1 389
- 1 42
- 1 87
- 1 611
- 1 720
- 1 861
- 1 586
- 1 553
- 1 451
- 1 534
- 1 214
- 1 185
- 1 831
- 1 174
- 1 779
- 1 780
- 1 962
- 1 712
- 1 631
- 1 827
- 1 825
- 1 662
- 1 737
- 1 114
- 1 475
- 1 373
- 1 56
- 1 181
- 1 96
- 1 707
- 1 268
- 1 557
- 1 328
- 1 482
- 1 633
- 1 305
- 1 511
- 1 645
- 1 483
- 1 842
- 1 955
- 1 24
- 1 595
- 1 732
- 1 374
- 1 949
- 1 770
- 1 137
- 1 5
- 1 287
- 1 120
- 1 686
- 1 805
- 1 145
- 1 286
- 1 785
- 1 924
- 1 486
- 1 148
- 1 443
- 1 733
- 1 29
- 1 690
- 1 919
- 1 973
- 1 660
- 1 15
- 1 74
- 1 904
- 1 786
- 1 522
- 1 269
- 1 735
- 1 905
- 1 439
- 1 903
- 1 890
- 1 200
- 1 637
- 1 653
- 1 211
- 1 959
- 1 199
- 1 75
- 1 339
- 1 64
- 1 338
- 1 383
- 1 810
- 1 560
- 1 559
- 1 73
- 1 462
- 1 542
- 1 643
- 1 495
- 1 502
- 1 289
- 1 479
- 1 378
- 1 126
- 1 106
- 1 912
- 1 550
- 1 954
- 1 216
- 1 425
- 1 109
- 1 32
- 1 568
- 1 509
- 1 704
- 1 472
- 1 201
- 1 438
- 1 757
- 1 927
- 1 683
- 1 450
- 1 687
- 1 46
- 1 445
- 1 673
- 1 832
- 1 833
- 1 879
- 1 691
- 1 249
- 1 215
- 1 7
- 1 31
- 1 110
- 1 877
- 1 499
- 1 741
- 1 920
- 1 964
- 1 728
- 1 520
- 1 867
- 1 612
- 1 773
- 1 885
- 1 730
- 1 281
- 1 642
- 1 956
- 1 851
- 1 945
- 1 788
- 1 500
- 1 25
- 1 820
- 1 579
- 1 629
- 1 910
- 1 95
- 1 191
- 1 575
- 1 129
- 1 992
- 1 304
- 1 92
- 1 160
- 1 220
- 1 458
- 1 233
- 1 271
- 1 674
- 1 754
- 1 218
- 1 466
- 1 702
- 1 164
- 1 238
- 1 317
- 1 152
- 1 307
- 1 968
- 1 695
- 1 346
- 1 57
- 1 47
- 1 953
- 1 762
- 1 394
- 1 582
- 1 177
- 1 939
- 1 412
- 1 806
- 1 941
- 1 835
- 1 226
- 1 626
- 1 430
- 1 71
- 1 293
- 1 515
- 1 578
- 1 485
- 1 647
- 1 397
- 1 455
- 1 656
- 1 98
- 1 748
- 1 256
- 1 230
- 1 581
- 1 697
- 1 856
- 1 705
- 1 404
- 1 969
- 1 899
- 1 648
- 1 865
- 1 454
- 1 474
- 1 714
- 1 908
- 1 407
- 1 948
- 1 409
- 1 53
- 1 133
- 1 12
- 1 86
- 1 789
- 1 592
- 1 857
- 1 607
- 1 605
- 1 988
- 1 219
- 1 124
- 1 900
- 1 734
- 1 548
- 1 290
- 1 883
- 1 144
- 1 544
- 1 894
- 1 178
- 1 444
- 1 512
- 1 572
- 1 791
- 1 350
- 1 952
- 1 800
- 1 435
- 1 925
- 1 847
- 1 565
- 1 672
- 1 970
- 1 361
- 1 937
- 1 514
- 1 866
- 1 874
- 1 799
- 1 18
- 1 567
- 1 891
- 1 136
- 1 604
- 1 774
- 1 694
- 1 738
- 1 280
- 1 561
- 1 923
- 1 196
- 1 399
- 1 545
- 1 722
- 1 368
- 1 492
- 1 723
- 1 39
- 1 210
- 1 546
- 1 516
- 1 880
- 1 440
- 1 72
- 1 480
- 1 107
- 1 685
- 1 303
- 1 670
- 1 555
- 1 194
- 1 871
- 1 121
- 1 162
- 1 254
- 1 90
- 1 804
- 1 957
- 1 963
- 1 402
- 1 206
- 1 844
- 1 385
- 1 410
- 1 658
- 1 661
- 1 192
- 1 790
- 1 324
- 1 294
- 1 275
- 1 173
- 1 242
- 1 759
- 1 977
- 1 801
- 1 864
- 1 370
- 1 246
- 1 138
- 1 566
- 1 816
- 1 519
- 1 501
- 1 198
- 1 736
- 1 950
- 1 888
- 1 521
- 1 58
- 1 329
- 1 150
- 1 277
- 1 300
- 1 183
- 1 235
- 1 858
- 1 81
- 1 700
- 1 468
- 1 408
- 1 153
- 1 105
- 1 718
- 1 243
- 1 207
- 1 576
- 1 259
- 1 537
- 1 282
- 1 641
- 1 158
- 1 517
- 1 829
- 1 16
- 1 703
- 1 593
- 1 315
- 1 202
- 1 821
- 1 392
- 1 696
- 1 761
- 1 632
- 1 986
- 1 493
- 1 262
- 1 985
- 1 464
- 1 552
- 1 795
- 1 398
- 1 933
- 1 830
- 1 308
- 1 671
- 1 163
- 1 961
- 1 285
- 1 665
- 1 854
- 1 325
- 1 342
- 1 594
- 1 848
- 1 417
- 1 28
- 1 989
- 1 115
- 1 104
- 1 563
- 1 999
- 1 852
- 1 273
- 1 505
- 1 584
- 1 588
- 1 536
- 1 768
- 1 620
- 1 240
- 1 508
- 1 231
- 1 274
- 1 376
- 1 873
- 1 88
- 1 944
- 1 116
- 1 481
- 1 180
- 1 681
- 1 189
- 1 318
- 1 655
- 1 442
- 1 227
- 1 895
- 1 30
- 1 432
- 1 982
- 1 711
- 1 778
- 1 489
- 1 960
- 1 760
- 1 742
- 1 244
- 1 465
- 1 763
- 1 630
- 1 541
- 1 811
- 1 321
- 1 251
- 1 125
- 1 823
- 1 624
- 1 396
- 1 497
- 1 44
- 1 490
- 1 66
- 1 354
- 1 972
- 1 221
- 1 652
- 1 371
- 1 291
- 1 868
- 1 797
- 1 341
- 1 713
- 1 530
- 1 447
- 1 983
- 1 621
- 1 739
- 1 600
- 1 82
- 1 467
- 1 676
- 1 172
- 1 682
- 1 740
- 1 299
- 1 19
- 1 168
- 1 23
- 1 932
- 1 876
- 1 931
- 1 234
- 1 886
- 1 749
- 1 589
- 1 182
- 1 334
- 1 771
- 1 131
- 1 996
- 1 217
- 1 692
- 1 638
- 1 400
- 1 591
- 1 824
- 1 639
- 1 936
- 1 667
- 1 13
- 1 913
- 1 726
- 1 531
- 1 622
- 1 784
- 1 860
- 1 223
- 1 184
- 1 463
- 1 10
- 1 777
- 1 984
- 1 869
- 1 323
- 1 2
- 1 80
- 1 603
- 1 731
- 1 391
- 1 471
- 1 93
- 1 796
- 1 503
- 1 314
- 1 689
- 1 78
- 1 610
- 1 49
- 1 426
- 1 775
- 1 794
- 1 668
- 1 529
- 1 327
- 1 783
- 1 881
- 1 527
- 1 420
- 1 507
- 1 154
- 1 340
- 1 190
- 1 717
- 1 127
- 1 352
- 1 449
- 1 414
- 1 882
- 1 212
- 1 974
- 1 993
- 1 248
- 1 892
- 1 119
- 1 580
- 1 264
- 1 310
- 1 884
- 1 966
- 1 320
- 1 657
- 1 619
- 1 79
- 1 540
- 1 381
- 1 644
- 1 21
- 1 59
- 1 615
- 1 422
- 1 975
- 1 543
- 1 41
- 1 406
- 1 237
- 1 139
- 1 278
- 1 616
- 1 976
- 1 914
- 1 636
- 1 272
- 1 27
- 1 257
- 1 693
- 1 812
- 1 85
- 1 798
- 1 261
- 1 747
- 1 36
- 1 846
- 1 65
- 1 390
- 1 418
- 1 571
- 1 258
- 1 613
- 1 100
- 1 1000
- 1 727
- 1 113
- 1 554
- 1 247
- 1 393
- 1 9
- 1 708
- 1 755
- 1 901
- 1 54
- 1 70
- 1 229
- 1 669
- 1 204
- 1 684
- 1 772
- 1 112
- 1 434
- 1 979
- 1 14
- 1 813
- 608 1
