7292
+ 1 559
+ 1 679
+ 1 352
+ 1 292
+ 1 258
+ 1 270
+ 1 905
+ 1 966
+ 1 502
+ 1 129
+ 1 846
+ 1 653
+ 1 912
+ 1 316
+ 1 592
+ 1 489
+ 1 907
+ 1 978
+ 1 247
+ 1 534
+ 1 72
+ 1 767
+ 1 88
+ 1 295
+ 1 867
+ 1 39
+ 1 456
+ 1 15
+ 1 545
+ 1 81
+ 1 662
+ 1 187
+ 1 875
+ 1 564
+ 1 212
+ 1 596
+ 1 376
+ 1 660
+ 1 132
+ 1 353
+ 1 989
+ 1 54
+ 1 759
+ 1 556
+ 1 400
+ 1 184
+ 1 303
+ 1 125
+ 1 225
+ 1 424
+ 1 151
+ 1 179
+ 1 896
+ 1 42
+ 1 310
+ 1 897
+ 1 120
+ 1 641
+ 1 171
+ 1 602
+ 1 201
+ 1 886
+ 1 644
+ 1 645
+ 1 286
+ 1 380
+ 1 932
+ 1 350
+ 1 675
+ 1 30
+ 1 113
+ 1 496
+ 1 415
+ 1 378
+ 1 842
+ 1 325
+ 1 954
+ 1 732
+ 1 267
+ 1 813
+ 1 392
+ 1 539
+ 1 438
+ 1 304
+ 1 262
+ 1 234
+ 1 66
+ 1 654
+ 1 166
+ 1 333
+ 1 674
+ 1 79
+ 1 529
+ 1 146
+ 1 164
+ 1 718
+ 1 158
+ 1 893
+ 1 407
+ 1 370
+ 1 53
+ 1 587
+ 1 98
+ 1 510
+ 1 661
+ 1 778
+ 1 933
+ 1 256
+ 1 89
+ 1 97
+ 1 410
+ 1 455
+ 1 936
+ 1 681
+ 1 630
+ 1 347
+ 1 119
+ 1 16
+ 1 743
+ 1 411
+ 1 762
+ 1 922
+ 1 127
+ 1 11
+ 1 782
+ 1 383
+ 1 222
+ 1 598
+ 1 635
+ 1 776
+ 1 884
+ 1 239
+ 1 444
+ 1 177
+ 1 737
+ 1 109
+ 1 960
+ 1 402
+ 1 911
+ 1 43
+ 1 949
+ 1 112
+ 1 891
+ 1 923
+ 1 341
+ 1 856
+ 1 448
+ 1 84
+ 1 696
+ 1 882
+ 1 627
+ 1 440
+ 1 524
+ 1 800
+ 1 182
+ 1 248
+ 1 409
+ 1 309
+ 1 293
+ 1 454
+ 1 351
+ 1 413
+ 1 186
+ 1 920
+ 1 709
+ 1 938
+ 1 31
+ 1 10
+ 1 748
+ 1 430
+ 1 26
+ 1 513
+ 1 712
+ 1 110
+ 1 259
+ 1 472
+ 1 107
+ 1 996
+ 1 24
+ 1 398
+ 1 542
+ 1 459
+ 1 808
+ 1 553
+ 1 615
+ 1 514
+ 1 399
+ 1 832
+ 1 334
+ 1 720
+ 1 52
+ 1 134
+ 1 377
+ 1 561
+ 1 880
+ 1 585
+ 1 934
+ 1 594
+ 1 589
+ 1 612
+ 1 791
+ 1 47
+ 1 843
+ 1 327
+ 1 272
+ 1 631
+ 1 194
+ 1 794
+ 1 445
+ 1 469
+ 1 153
+ 1 422
+ 1 861
+ 1 753
+ 1 68
+ 1 754
+ 1 397
+ 1 205
+ 1 183
+ 1 298
+ 1 786
+ 1 208
+ 1 198
+ 1 673
+ 1 396
+ 1 425
+ 1 269
+ 1 991
+ 1 123
+ 1 639
+ 1 700
+ 1 393
+ 1 616
+ 1 744
+ 1 482
+ 1 189
+ 1 382
+ 1 58
+ 1 879
+ 1 940
+ 1 297
+ 1 25
+ 1 290
+ 1 223
+ 1 701
+ 1 495
+ 1 775
+ 1 761
+ 1 540
+ 1 921
+ 1 141
+ 1 196
+ 1 536
+ 1 160
+ 1 628
+ 1 468
+ 1 368
+ 1 605
+ 1 739
+ 1 233
+ 1 446
+ 1 4
+ 1 860
+ 1 810
+ 1 683
+ 1 131
+ 1 240
+ 1 802
+ 1 998
+ 1 692
+ 1 330
+ 1 322
+ 1 530
+ 1 706
+ 1 595
+ 1 903
+ 1 525
+ 1 503
+ 1 13
+ 1 338
+ 1 226
+ 1 263
+ 1 854
+ 1 423
+ 1 557
+ 1 362
+ 1 874
+ 1 574
+ 1 48
+ 1 434
+ 1 278
+ 1 809
+ 1 777
+ 1 848
+ 1 300
+ 1 803
+ 1 65
+ 1 625
+ 1 756
+ 1 621
+ 1 930
+ 1 546
+ 1 994
+ 1 83
+ 1 493
+ 1 571
+ 1 473
+ 1 130
+ 1 301
+ 1 771
+ 1 747
+ 1 76
+ 1 637
+ 1 6
+ 1 421
+ 1 481
+ 1 162
+ 1 535
+ 1 17
+ 1 689
+ 1 668
+ 1 211
+ 1 357
+ 1 90
+ 1 375
+ 1 231
+ 1 326
+ 1 582
+ 1 797
+ 1 939
+ 1 27
+ 1 139
+ 1 148
+ 1 833
+ 1 103
+ 1 597
+ 1 859
+ 1 929
+ 1 558
+ 1 815
+ 1 358
+ 1 532
+ 1 555
+ 1 643
+ 1 515
+ 1 23
+ 1 363
+ 1 289
+ 1 268
+ 1 451
+ 1 916
+ 1 152
+ 1 623
+ 1 670
+ 1 769
+ 1 961
+ 1 199
+ 1 155
+ 1 876
+ 1 314
+ 1 566
+ 1 265
+ 1 323
+ 1 165
+ 1 719
+ 1 343
+ 1 144
+ 1 318
+ 1 519
+ 1 364
+ 1 610
+ 1 593
+ 1 979
+ 1 71
+ 1 528
+ 1 195
+ 1 752
+ 1 570
+ 1 941
+ 1 235
+ 1 606
+ 1 565
+ 1 181
+ 1 774
+ 1 640
+ 1 898
+ 1 572
+ 1 741
+ 1 185
+ 1 992
+ 1 990
+ 1 157
+ 1 985
+ 1 943
+ 1 687
+ 1 63
+ 1 865
+ 1 820
+ 1 367
+ 1 197
+ 1 590
+ 1 883
+ 1 366
+ 1 449
+ 1 169
+ 1 140
+ 1 229
+ 1 492
+ 1 7
+ 1 405
+ 1 982
+ 1 345
+ 1 453
+ 1 117
+ 1 837
+ 1 174
+ 1 257
+ 1 738
+ 1 795
+ 1 253
+ 1 394
+ 1 648
+ 1 167
+ 1 796
+ 1 488
+ 1 948
+ 1 862
+ 1 279
+ 1 486
+ 1 548
+ 1 622
+ 1 799
+ 1 70
+ 1 41
+ 1 736
+ 1 324
+ 1 154
+ 1 91
+ 1 497
+ 1 404
+ 1 36
+ 1 356
+ 1 973
+ 1 550
+ 1 827
+ 1 365
+ 1 275
+ 1 395
+ 1 918
+ 1 728
+ 1 763
+ 1 812
+ 1 277
+ 1 770
+ 1 958
+ 1 337
+ 1 426
+ 1 953
+ 1 576
+ 1 894
+ 1 389
+ 1 359
+ 1 963
+ 1 476
+ 1 721
+ 1 955
+ 1 285
+ 1 693
+ 1 651
+ 1 863
+ 1 945
+ 1 871
+ 1 342
+ 1 471
+ 1 537
+ 1 552
+ 1 543
+ 1 579
+ 1 206
+ 1 580
+ 1 849
+ 1 764
+ 1 46
+ 1 807
+ 1 299
+ 1 282
+ 1 21
+ 1 294
+ 1 864
+ 1 317
+ 1 508
+ 1 750
+ 1 149
+ 1 51
+ 1 56
+ 1 703
+ 1 853
+ 1 811
+ 1 32
+ 1 768
+ 1 200
+ 1 105
+ 1 217
+ 1 823
+ 1 972
+ 1 252
+ 1 766
+ 1 975
+ 1 663
+ 1 581
+ 1 906
+ 1 554
+ 1 772
+ 1 361
+ 1 485
+ 1 150
+ 1 214
+ 1 526
+ 1 121
+ 1 634
+ 1 2
+ 1 458
+ 1 866
+ 1 101
+ 1 391
+ 1 373
+ 1 33
+ 1 855
+ 1 75
+ 1 433
+ 1 805
+ 1 873
+ 1 887
+ 1 527
+ 1 785
+ 1 178
+ 1 575
+ 1 319
+ 1 988
+ 1 202
+ 1 115
+ 1 104
+ 1 902
+ 1 560
+ 1 273
+ 1 600
+ 1 85
+ 1 624
+ 1 783
+ 1 976
+ 1 969
+ 1 935
+ 1 568
+ 1 59
+ 1 704
+ 1 122
+ 1 505
+ 1 462
+ 1 147
+ 1 346
+ 1 676
+ 1 987
+ 1 207
+ 1 967
+ 1 725
+ 1 69
+ 1 133
+ 1 970
+ 1 102
+ 1 312
+ 1 67
+ 1 28
+ 1 685
+ 1 890
+ 1 498
+ 1 917
+ 1 221
+ 1 266
+ 1 672
+ 1 168
+ 1 516
+ 1 111
+ 1 686
+ 1 599
+ 1 250
+ 1 311
+ 1 284
+ 1 965
+ 1 443
+ 1 857
+ 1 249
+ 1 331
+ 1 895
+ 1 464
+ 1 379
+ 1 335
+ 1 74
+ 1 3
+ 1 835
+ 1 688
+ 1 604
+ 1 490
+ 1 436
+ 1 387
+ 1 850
+ 1 437
+ 1 814
+ 1 901
+ 1 320
+ 1 710
+ 1 264
+ 1 760
+ 1 691
+ 1 283
+ 1 92
+ 1 329
+ 1 172
+ 1 650
+ 1 406
+ 1 792
+ 1 128
+ 1 475
+ 1 742
+ 1 372
+ 1 697
+ 1 872
+ 1 142
+ 1 457
+ 1 636
+ 1 705
+ 1 307
+ 1 779
+ 1 908
+ 1 586
+ 1 950
+ 1 888
+ 1 734
+ 1 702
+ 1 37
+ 1 354
+ 1 690
+ 1 790
+ 1 77
+ 1 14
+ 1 806
+ 1 829
+ 1 638
+ 1 491
+ 1 308
+ 1 501
+ 1 261
+ 1 632
+ 1 677
+ 1 507
+ 1 209
+ 1 601
+ 1 977
+ 1 332
+ 1 617
+ 1 900
+ 1 1000
+ 1 224
+ 1 618
+ 1 219
+ 1 646
+ 1 909
+ 1 328
+ 1 816
+ 1 726
+ 1 699
+ 1 479
+ 1 968
+ 1 925
+ 1 626
+ 1 478
+ 1 96
+ 1 80
+ 1 952
+ 1 441
+ 1 108
+ 1 817
+ 1 831
+ 1 521
+ 1 828
+ 1 305
+ 1 682
+ 1 499
+ 1 928
+ 1 567
+ 1 755
+ 1 986
+ 1 242
+ 1 745
+ 1 723
+ 1 669
+ 1 758
+ 1 569
+ 1 477
+ 1 947
+ 1 452
+ 1 680
+ 1 819
+ 1 914
+ 1 924
+ 1 926
+ 1 789
+ 1 665
+ 1 784
+ 1 442
+ 1 315
+ 1 213
+ 1 724
+ 1 997
+ 1 238
+ 1 727
+ 1 838
+ 1 255
+ 1 951
+ 1 435
+ 1 281
+ 1 841
+ 1 840
+ 1 86
+ 1 241
+ 1 414
+ 1 999
+ 1 504
+ 1 981
+ 1 313
+ 1 983
+ 1 218
+ 1 824
+ 1 913
+ 1 603
+ 1 517
+ 1 19
+ 1 633
+ 1 336
+ 1 210
+ 1 583
+ 1 236
+ 1 190
+ 1 420
+ 1 237
+ 1 429
+ 1 834
+ 1 321
+ 1 511
+ 1 780
+ 1 931
+ 1 175
+ 1 885
+ 1 607
+ 1 538
+ 1 371
+ 1 145
+ 1 751
+ 1 844
+ 1 176
+ 1 858
+ 1 541
+ 1 944
+ 1 45
+ 1 61
+ 1 260
+ 1 591
+ 1 227
+ 1 280
+ 1 787
+ 1 428
+ 1 801
+ 1 474
+ 1 344
+ 1 520
+ 1 388
+ 1 613
+ 1 826
+ 1 722
+ 1 143
+ 1 419
+ 1 957
+ 1 57
+ 1 401
+ 1 244
+ 1 20
+ 1 729
+ 1 306
+ 1 821
+ 1 563
+ 1 50
+ 1 340
+ 1 287
+ 1 562
+ 1 271
+ 1 647
+ 1 432
+ 1 390
+ 1 847
+ 1 82
+ 1 667
+ 1 44
+ 1 707
+ 1 889
+ 1 658
+ 1 904
+ 1 740
+ 1 629
+ 1 878
+ 1 87
+ 1 609
+ 1 993
+ 1 765
+ 1 8
+ 1 360
+ 1 135
+ 1 946
+ 1 735
+ 1 937
+ 1 830
+ 1 126
+ 1 348
+ 1 450
+ 1 274
+ 1 204
+ 1 964
+ 1 851
+ 1 251
+ 1 547
+ 1 487
+ 1 716
+ 1 655
+ 1 506
+ 1 159
+ 1 232
+ 1 288
+ 1 470
+ 1 494
+ 1 29
+ 1 773
+ 1 717
+ 1 5
+ 1 193
+ 1 781
+ 1 22
+ 1 355
+ 1 892
+ 1 220
+ 1 12
+ 1 649
+ 1 38
+ 1 460
+ 1 839
+ 1 698
+ 1 573
+ 1 64
+ 1 34
+ 1 804
+ 1 845
+ 1 619
+ 1 60
+ 1 588
+ 1 339
+ 1 919
+ 1 652
+ 1 216
+ 1 798
+ 1 713
+ 1 549
+ 1 620
+ 1 551
+ 1 749
+ 1 461
+ 1 927
+ 1 385
+ 1 708
+ 1 656
+ 1 93
+ 1 695
+ 1 788
+ 1 512
+ 1 254
+ 1 228
+ 1 881
+ 1 55
+ 1 995
+ 1 711
+ 1 291
+ 1 95
+ 1 203
+ 1 836
+ 1 578
+ 1 245
+ 1 899
+ 1 230
+ 1 984
+ 1 962
+ 1 170
+ 1 484
+ 1 62
+ 1 124
+ 1 466
+ 1 465
+ 1 467
+ 1 94
+ 1 584
+ 1 509
+ 1 868
+ 1 49
+ 1 678
+ 1 611
+ 1 818
+ 1 40
+ 1 156
+ 1 793
+ 1 73
+ 1 671
+ 1 99
+ 1 480
+ 1 657
+ 1 180
+ 1 35
+ 1 106
+ 1 714
+ 1 659
+ 1 416
+ 1 417
+ 1 500
+ 1 374
+ 1 439
+ 1 715
+ 1 243
+ 1 369
+ 1 746
+ 1 431
+ 1 386
+ 1 956
+ 1 869
+ 1 959
+ 1 384
+ 1 296
+ 1 971
+ 1 427
+ 1 822
+ 1 684
+ 1 114
+ 1 942
+ 1 518
+ 1 825
+ 1 403
+ 1 577
+ 1 78
+ 1 412
+ 1 161
+ 1 666
+ 1 302
+ 1 381
+ 1 614
+ 1 188
+ 1 608
+ 1 731
+ 1 138
+ 1 533
+ 1 642
+ 1 192
+ 1 9
+ 1 463
+ 1 246
+ 1 418
+ 1 531
+ 1 136
+ 1 870
+ 1 215
+ 1 980
+ 1 544
+ 1 757
+ 1 483
+ 1 694
+ 1 733
+ 1 877
+ 1 137
+ 1 915
+ 1 349
+ 1 118
+ 1 974
+ 1 191
+ 1 852
+ 1 523
+ 1 18
+ 1 522
+ 1 910
+ 1 447
+ 1 730
+ 1 116
- 2 634
- 2 458
- 2 101
- 2 373
- 2 866
- 2 391
- 3 74
- 3 835
- 3 604
- 3 387
- 3 490
- 3 688
- 3 436
- 4 605
- 4 468
- 4 233
- 4 368
- 4 446
- 4 860
- 4 739
- 5 193
- 5 717
- 5 355
- 5 892
- 5 22
- 6 421
- 6 596
- 6 564
- 6 212
- 7 492
- 7 405
- 7 453
- 7 345
- 7 982
- 8 360
- 8 135
- 8 946
- 8 878
- 8 735
- 9 928
- 9 192
- 9 567
- 9 755
- 9 986
- 9 242
- 10 31
- 10 748
- 10 430
- 10 26
- 11 127
- 11 762
- 11 922
- 11 411
- 12 220
- 12 649
- 12 38
- 12 460
- 13 525
- 13 503
- 13 595
- 13 903
- 13 706
- 14 806
- 14 829
- 14 790
- 14 690
- 14 77
- 14 354
- 15 545
- 15 295
- 15 187
- 15 81
- 15 662
- 15 875
- 16 119
- 16 347
- 16 630
- 16 743
- 17 689
- 17 535
- 17 116
- 17 730
- 17 668
- 18 985
- 18 852
- 18 687
- 18 523
- 18 157
- 19 633
- 19 302
- 19 210
- 19 336
- 19 666
- 19 913
- 19 381
- 20 244
- 20 401
- 20 57
- 20 729
- 20 306
- 21 294
- 21 508
- 21 282
- 21 317
- 21 864
- 22 355
- 22 717
- 22 781
- 22 193
- 22 892
- 23 515
- 23 363
- 23 268
- 23 289
- 23 451
- 24 996
- 24 107
- 24 398
- 24 459
- 24 542
- 24 808
- 25 290
- 25 701
- 25 761
- 25 495
- 25 540
- 25 297
- 25 775
- 26 31
- 26 513
- 26 748
- 26 430
- 27 139
- 27 797
- 27 148
- 27 939
- 27 326
- 28 67
- 28 312
- 28 685
- 28 870
- 28 136
- 29 494
- 29 773
- 29 288
- 29 470
- 30 675
- 30 350
- 30 113
- 30 496
- 31 938
- 31 430
- 31 748
- 32 768
- 32 217
- 32 105
- 32 200
- 32 823
- 32 750
- 33 855
- 33 75
- 33 433
- 33 391
- 33 805
- 34 804
- 34 64
- 34 698
- 34 839
- 34 573
- 35 180
- 35 106
- 35 657
- 35 714
- 35 659
- 36 91
- 36 154
- 36 404
- 36 497
- 36 356
- 37 888
- 37 702
- 37 734
- 37 950
- 37 354
- 38 649
- 38 460
- 38 220
- 39 867
- 39 295
- 39 456
- 39 88
- 40 818
- 40 868
- 40 156
- 40 678
- 40 49
- 40 942
- 40 611
- 41 622
- 41 70
- 41 736
- 41 799
- 41 324
- 42 310
- 42 896
- 42 151
- 42 179
- 43 949
- 43 911
- 43 402
- 43 960
- 44 667
- 44 707
- 44 889
- 44 82
- 44 658
- 44 904
- 45 61
- 45 260
- 45 844
- 45 227
- 45 591
- 46 807
- 46 764
- 46 299
- 46 849
- 47 791
- 47 843
- 47 589
- 47 272
- 47 327
- 47 612
- 48 631
- 48 445
- 48 194
- 48 434
- 48 278
- 48 794
- 49 678
- 49 868
- 49 942
- 49 611
- 49 818
- 50 340
- 50 563
- 50 821
- 50 306
- 51 149
- 51 56
- 51 853
- 51 811
- 51 750
- 52 134
- 52 720
- 52 514
- 52 399
- 52 615
- 52 334
- 52 832
- 53 587
- 53 370
- 53 510
- 53 256
- 53 933
- 53 778
- 53 98
- 53 661
- 54 989
- 54 759
- 54 400
- 54 771
- 54 556
- 55 995
- 55 881
- 55 228
- 55 95
- 55 711
- 55 291
- 56 149
- 56 703
- 56 811
- 56 750
- 56 853
- 57 401
- 57 826
- 57 244
- 57 729
- 58 879
- 58 940
- 58 382
- 58 297
- 59 704
- 59 969
- 59 568
- 59 505
- 59 122
- 59 935
- 60 588
- 60 339
- 60 619
- 60 845
- 61 260
- 61 227
- 61 280
- 61 591
- 62 484
- 62 962
- 62 124
- 62 984
- 62 466
- 63 865
- 63 820
- 63 687
- 63 590
- 63 367
- 63 197
- 64 839
- 64 804
- 64 573
- 64 698
- 64 845
- 65 938
- 65 709
- 65 625
- 65 920
- 65 621
- 65 756
- 66 234
- 66 654
- 66 166
- 66 304
- 66 262
- 67 312
- 67 870
- 67 215
- 67 685
- 67 136
- 68 753
- 68 153
- 68 422
- 68 469
- 68 754
- 68 861
- 69 133
- 69 725
- 69 970
- 69 102
- 69 544
- 69 980
- 70 799
- 70 736
- 70 324
- 70 622
- 71 528
- 71 979
- 71 593
- 71 610
- 72 534
- 72 978
- 72 247
- 72 767
- 72 481
- 73 671
- 73 99
- 73 793
- 73 480
- 73 156
- 74 436
- 74 835
- 74 604
- 74 895
- 74 490
- 74 688
- 75 855
- 75 433
- 75 805
- 75 873
- 76 747
- 76 637
- 76 132
- 76 660
- 76 353
- 76 376
- 77 790
- 77 690
- 77 354
- 77 806
- 78 412
- 78 613
- 78 520
- 78 388
- 78 161
- 79 674
- 79 529
- 79 146
- 79 333
- 79 164
- 80 952
- 80 246
- 80 478
- 80 441
- 80 108
- 80 463
- 80 817
- 81 545
- 81 662
- 81 875
- 81 187
- 82 667
- 82 562
- 82 707
- 82 904
- 82 658
- 83 994
- 83 493
- 83 571
- 83 884
- 84 448
- 84 696
- 84 882
- 84 627
- 84 524
- 85 600
- 85 624
- 85 969
- 85 783
- 85 560
- 85 976
- 85 273
- 86 241
- 86 840
- 86 841
- 86 999
- 86 414
- 87 878
- 87 609
- 87 740
- 87 629
- 87 993
- 87 765
- 88 767
- 88 295
- 88 867
- 88 456
- 89 97
- 89 455
- 89 681
- 89 256
- 89 410
- 89 936
- 90 357
- 90 375
- 90 231
- 90 211
- 91 154
- 91 497
- 91 356
- 91 973
- 91 404
- 92 283
- 92 329
- 92 172
- 92 691
- 92 264
- 92 760
- 93 695
- 93 254
- 93 512
- 93 656
- 93 228
- 93 788
- 94 467
- 94 584
- 94 509
- 94 465
- 95 291
- 95 995
- 95 881
- 95 228
- 95 711
- 96 478
- 96 925
- 96 968
- 96 479
- 96 626
- 97 410
- 97 455
- 97 681
- 97 936
- 97 256
- 98 587
- 98 510
- 98 933
- 98 661
- 98 778
- 99 671
- 99 793
- 99 156
- 100 664
- 100 276
- 100 408
- 100 173
- 100 163
- 101 391
- 101 866
- 101 458
- 101 634
- 101 373
- 102 970
- 102 312
- 102 980
- 102 544
- 102 725
- 102 133
- 103 833
- 103 597
- 103 447
- 103 859
- 104 902
- 104 115
- 104 988
- 104 202
- 104 757
- 105 200
- 105 217
- 105 768
- 105 823
- 106 714
- 106 180
- 106 657
- 106 659
- 106 480
- 107 996
- 107 808
- 107 459
- 107 398
- 107 259
- 108 817
- 108 463
- 108 441
- 108 952
- 108 246
- 109 239
- 109 177
- 109 737
- 109 444
- 110 712
- 110 259
- 110 472
- 110 513
- 111 516
- 111 672
- 111 686
- 111 599
- 111 168
- 112 949
- 112 891
- 112 930
- 112 923
- 112 546
- 112 856
- 112 341
- 113 350
- 113 675
- 113 496
- 114 369
- 114 243
- 114 684
- 114 431
- 114 715
- 115 202
- 115 757
- 115 902
- 115 988
- 116 668
- 116 730
- 116 535
- 116 689
- 117 837
- 117 257
- 117 174
- 117 492
- 117 738
- 117 795
- 118 974
- 118 191
- 118 349
- 118 812
- 118 915
- 118 763
- 119 347
- 119 743
- 119 411
- 119 630
- 120 897
- 120 641
- 120 171
- 120 602
- 120 301
- 121 526
- 121 634
- 121 483
- 121 733
- 121 694
- 122 704
- 122 969
- 122 505
- 122 935
- 122 568
- 123 639
- 123 362
- 123 991
- 123 269
- 123 425
- 124 466
- 124 984
- 124 170
- 124 484
- 124 962
- 125 225
- 125 184
- 125 303
- 125 424
- 125 151
- 126 830
- 126 348
- 126 937
- 126 274
- 126 450
- 127 411
- 127 762
- 127 922
- 128 475
- 128 792
- 128 650
- 128 742
- 128 372
- 128 406
- 129 270
- 129 846
- 129 502
- 129 966
- 129 905
- 130 370
- 130 158
- 130 893
- 130 407
- 130 473
- 131 860
- 131 240
- 131 802
- 131 683
- 131 810
- 132 660
- 132 353
- 132 376
- 132 747
- 133 970
- 133 980
- 133 725
- 134 377
- 134 585
- 134 880
- 134 934
- 134 561
- 135 360
- 135 946
- 135 735
- 135 937
- 136 312
- 136 870
- 136 685
- 136 215
- 137 770
- 137 877
- 137 277
- 137 426
- 137 958
- 137 337
- 138 731
- 138 477
- 138 947
- 138 533
- 139 148
- 139 582
- 139 326
- 139 939
- 139 833
- 139 797
- 140 229
- 140 169
- 140 366
- 140 449
- 141 196
- 141 921
- 141 628
- 141 536
- 141 160
- 142 872
- 142 457
- 142 705
- 142 636
- 142 697
- 143 722
- 143 826
- 143 419
- 143 957
- 144 343
- 144 719
- 144 318
- 144 519
- 144 165
- 144 364
- 145 885
- 145 538
- 145 371
- 145 607
- 146 333
- 146 164
- 146 529
- 146 718
- 146 674
- 147 346
- 147 462
- 147 967
- 147 207
- 147 987
- 147 676
- 148 797
- 148 939
- 148 582
- 148 326
- 149 750
- 149 853
- 149 811
- 149 703
- 150 772
- 150 485
- 150 361
- 150 214
- 150 554
- 151 179
- 151 310
- 151 896
- 152 916
- 152 623
- 152 769
- 152 961
- 152 199
- 152 670
- 153 469
- 153 422
- 153 753
- 153 861
- 154 356
- 154 973
- 154 799
- 154 404
- 154 550
- 154 497
- 155 876
- 155 566
- 155 265
- 155 314
- 155 323
- 155 623
- 156 793
- 156 671
- 157 985
- 157 687
- 157 852
- 157 943
- 157 640
- 157 523
- 158 893
- 158 407
- 158 473
- 158 370
- 158 718
- 159 716
- 159 232
- 159 506
- 159 655
- 159 487
- 160 628
- 160 196
- 160 540
- 160 921
- 160 536
- 161 613
- 161 412
- 161 388
- 161 520
- 162 481
- 162 978
- 162 534
- 162 247
- 162 767
- 163 276
- 163 173
- 163 408
- 163 664
- 164 333
- 164 674
- 164 718
- 164 529
- 165 719
- 165 364
- 165 318
- 165 519
- 165 343
- 165 265
- 166 234
- 166 654
- 166 304
- 166 262
- 167 648
- 167 796
- 167 394
- 167 488
- 167 253
- 168 672
- 168 516
- 168 686
- 169 366
- 169 229
- 169 449
- 170 962
- 170 484
- 170 466
- 170 984
- 171 641
- 171 602
- 171 301
- 171 897
- 172 760
- 172 283
- 172 264
- 172 691
- 173 276
- 173 408
- 174 837
- 174 257
- 174 738
- 174 795
- 175 834
- 175 321
- 175 931
- 175 511
- 175 780
- 176 844
- 176 751
- 176 858
- 176 541
- 176 944
- 177 444
- 177 737
- 177 239
- 178 887
- 178 575
- 178 527
- 178 785
- 178 319
- 178 873
- 179 896
- 179 310
- 180 714
- 180 657
- 180 480
- 180 659
- 181 565
- 181 774
- 181 910
- 181 606
- 181 522
- 182 248
- 182 800
- 182 309
- 182 409
- 183 298
- 183 205
- 183 397
- 183 754
- 183 574
- 184 400
- 184 303
- 184 225
- 184 424
- 185 992
- 185 741
- 185 990
- 185 640
- 185 572
- 185 898
- 186 920
- 186 293
- 186 351
- 186 413
- 186 454
- 187 875
- 187 662
- 187 564
- 187 545
- 188 614
- 188 452
- 188 608
- 188 680
- 189 616
- 189 700
- 189 393
- 189 482
- 189 744
- 189 382
- 190 583
- 190 236
- 190 420
- 190 237
- 190 834
- 190 429
- 191 974
- 191 812
- 191 349
- 191 915
- 191 763
- 192 928
- 192 986
- 192 242
- 192 755
- 192 567
- 193 781
- 193 717
- 193 892
- 193 355
- 194 631
- 194 794
- 194 434
- 194 445
- 194 278
- 195 752
- 195 235
- 195 610
- 195 941
- 195 606
- 195 570
- 196 536
- 196 628
- 196 921
- 196 540
- 197 865
- 197 367
- 197 820
- 197 590
- 197 883
- 198 208
- 198 673
- 198 298
- 198 786
- 198 396
- 199 961
- 199 916
- 199 623
- 199 670
- 200 217
- 200 768
- 200 823
- 201 886
- 201 602
- 201 644
- 201 380
- 201 645
- 201 932
- 201 286
- 202 988
- 202 757
- 202 902
- 203 836
- 203 578
- 203 245
- 203 230
- 203 899
- 203 995
- 204 964
- 204 274
- 204 851
- 204 547
- 204 251
- 205 754
- 205 397
- 205 574
- 206 552
- 206 579
- 206 543
- 206 580
- 206 537
- 207 462
- 207 967
- 207 676
- 207 987
- 208 786
- 208 298
- 208 396
- 208 673
- 209 507
- 209 632
- 209 601
- 209 677
- 210 583
- 210 336
- 210 666
- 210 302
- 210 633
- 211 357
- 211 375
- 211 231
- 211 668
- 212 564
- 212 596
- 212 421
- 213 315
- 213 724
- 213 997
- 213 442
- 214 554
- 214 485
- 214 772
- 214 361
- 214 526
- 215 870
- 215 685
- 215 312
- 216 798
- 216 652
- 216 713
- 216 620
- 216 549
- 217 768
- 217 823
- 218 824
- 218 517
- 218 603
- 218 913
- 218 981
- 219 646
- 219 699
- 219 816
- 219 726
- 219 909
- 219 977
- 220 649
- 220 460
- 220 892
- 221 917
- 221 890
- 221 266
- 221 498
- 222 383
- 222 598
- 222 782
- 222 776
- 222 635
- 223 701
- 223 495
- 223 290
- 223 775
- 223 761
- 224 1000
- 224 332
- 224 977
- 224 618
- 224 900
- 224 617
- 225 424
- 225 303
- 226 338
- 226 263
- 226 854
- 226 423
- 227 260
- 227 591
- 228 881
- 228 291
- 228 711
- 228 995
- 229 449
- 229 366
- 230 899
- 230 245
- 230 578
- 230 836
- 231 375
- 231 357
- 232 716
- 232 506
- 232 288
- 232 487
- 232 655
- 233 739
- 233 446
- 233 368
- 233 605
- 234 654
- 234 262
- 234 304
- 235 941
- 235 570
- 235 752
- 236 583
- 236 420
- 236 237
- 236 429
- 237 420
- 237 583
- 237 429
- 238 727
- 238 951
- 238 435
- 238 997
- 238 838
- 238 255
- 239 444
- 239 884
- 239 737
- 240 860
- 240 683
- 240 810
- 241 841
- 241 414
- 241 840
- 242 986
- 242 755
- 242 928
- 242 745
- 243 715
- 243 369
- 243 684
- 243 746
- 243 431
- 244 401
- 244 729
- 245 578
- 245 836
- 245 899
- 246 952
- 246 441
- 246 817
- 247 978
- 247 534
- 247 481
- 247 767
- 248 409
- 248 800
- 248 309
- 249 857
- 249 331
- 249 335
- 249 895
- 249 464
- 249 379
- 250 311
- 250 599
- 250 443
- 250 284
- 250 965
- 251 547
- 251 851
- 251 964
- 252 766
- 252 972
- 252 906
- 252 581
- 252 975
- 252 663
- 253 394
- 253 648
- 253 796
- 253 795
- 254 512
- 254 695
- 254 788
- 254 656
- 255 838
- 255 727
- 255 951
- 255 435
- 255 281
- 256 681
- 256 455
- 256 410
- 256 936
- 257 837
- 257 738
- 257 795
- 258 292
- 258 679
- 258 559
- 258 352
- 259 472
- 259 712
- 259 513
- 260 591
- 261 829
- 261 501
- 261 491
- 261 308
- 261 638
- 262 654
- 262 304
- 262 333
- 263 854
- 263 338
- 263 423
- 264 760
- 264 691
- 264 283
- 264 329
- 264 710
- 265 566
- 265 314
- 265 876
- 265 323
- 266 890
- 266 498
- 266 917
- 267 813
- 267 438
- 267 732
- 267 539
- 267 392
- 268 451
- 268 289
- 268 363
- 268 515
- 269 991
- 269 425
- 269 874
- 269 362
- 269 639
- 270 905
- 270 559
- 270 502
- 270 966
- 270 846
- 271 562
- 271 647
- 271 390
- 271 287
- 271 847
- 271 432
- 272 589
- 272 327
- 272 843
- 272 791
- 273 560
- 273 600
- 273 783
- 273 624
- 273 976
- 274 830
- 274 450
- 274 937
- 274 348
- 275 827
- 275 365
- 275 550
- 275 395
- 275 728
- 275 918
- 275 763
- 276 559
- 276 664
- 276 408
- 277 812
- 277 770
- 277 958
- 277 877
- 277 426
- 277 337
- 278 434
- 278 445
- 278 794
- 279 862
- 279 486
- 279 548
- 279 488
- 279 948
- 280 787
- 280 801
- 280 474
- 280 428
- 280 344
- 281 841
- 281 838
- 281 727
- 281 951
- 281 435
- 282 508
- 282 294
- 282 299
- 282 317
- 282 864
- 283 691
- 283 760
- 283 329
- 284 311
- 284 599
- 284 965
- 284 443
- 284 857
- 285 693
- 285 955
- 285 476
- 285 721
- 286 886
- 286 645
- 286 644
- 286 380
- 286 932
- 287 562
- 287 647
- 287 563
- 287 432
- 287 847
- 288 470
- 288 494
- 288 773
- 289 363
- 289 515
- 289 451
- 290 761
- 290 775
- 290 495
- 290 701
- 291 995
- 291 711
- 291 881
- 292 352
- 292 559
- 292 679
- 293 454
- 293 409
- 293 351
- 293 413
- 294 864
- 294 508
- 294 317
- 295 867
- 295 456
- 296 971
- 296 384
- 296 869
- 296 386
- 296 822
- 296 959
- 296 956
- 297 940
- 297 879
- 297 382
- 298 786
- 298 425
- 298 673
- 298 396
- 299 807
- 299 849
- 299 764
- 300 848
- 300 803
- 300 553
- 300 777
- 300 809
- 301 602
- 301 897
- 301 641
- 302 633
- 302 666
- 302 336
- 302 381
- 303 424
- 304 438
- 304 654
- 305 828
- 305 682
- 305 521
- 305 499
- 305 831
- 306 821
- 306 340
- 306 563
- 307 779
- 307 697
- 307 418
- 307 908
- 307 586
- 307 531
- 308 501
- 308 491
- 308 829
- 308 638
- 308 632
- 309 409
- 309 800
- 310 896
- 311 443
- 311 965
- 311 599
- 312 870
- 312 685
- 313 981
- 313 983
- 313 504
- 313 999
- 314 566
- 314 323
- 314 876
- 315 997
- 315 442
- 315 724
- 316 592
- 316 489
- 316 912
- 316 907
- 316 653
- 317 864
- 317 508
- 318 519
- 318 364
- 318 719
- 318 343
- 319 575
- 319 887
- 319 527
- 319 785
- 319 873
- 320 710
- 320 901
- 320 850
- 320 814
- 320 387
- 320 437
- 321 834
- 321 511
- 321 780
- 321 931
- 322 330
- 322 802
- 322 692
- 322 530
- 322 998
- 323 566
- 323 876
- 324 736
- 324 799
- 324 622
- 325 842
- 325 378
- 325 415
- 325 954
- 326 582
- 326 357
- 326 939
- 326 797
- 327 612
- 327 791
- 327 843
- 327 589
- 328 909
- 328 646
- 328 816
- 328 726
- 328 699
- 329 760
- 329 691
- 330 802
- 330 692
- 330 998
- 330 530
- 331 895
- 331 379
- 331 464
- 331 335
- 332 977
- 332 617
- 332 1000
- 332 618
- 332 900
- 333 674
- 333 529
- 333 718
- 334 832
- 334 615
- 334 720
- 334 399
- 334 514
- 335 857
- 335 464
- 335 895
- 335 379
- 336 633
- 336 666
- 336 381
- 337 426
- 337 958
- 337 877
- 337 770
- 338 595
- 338 854
- 338 423
- 339 588
- 339 845
- 339 619
- 340 563
- 340 821
- 341 923
- 341 856
- 341 546
- 341 930
- 341 891
- 342 471
- 342 871
- 342 863
- 342 651
- 342 945
- 343 719
- 343 364
- 344 787
- 344 428
- 344 474
- 344 801
- 345 492
- 345 982
- 345 453
- 345 405
- 346 676
- 346 725
- 346 987
- 346 462
- 346 967
- 347 743
- 347 630
- 348 450
- 348 937
- 348 830
- 349 763
- 349 915
- 349 974
- 350 675
- 350 886
- 350 496
- 351 413
- 351 454
- 352 679
- 352 559
- 353 989
- 353 747
- 353 660
- 353 376
- 353 637
- 354 690
- 354 806
- 354 790
- 355 717
- 355 892
- 355 781
- 356 973
- 356 404
- 356 497
- 357 375
- 358 815
- 358 532
- 358 643
- 358 929
- 358 558
- 359 389
- 359 963
- 359 894
- 359 953
- 359 576
- 360 946
- 360 735
- 361 485
- 361 772
- 361 554
- 362 425
- 362 639
- 362 874
- 362 991
- 363 451
- 363 515
- 364 719
- 364 519
- 364 610
- 365 827
- 365 395
- 365 550
- 365 918
- 366 449
- 366 492
- 366 865
- 367 820
- 367 865
- 367 590
- 367 883
- 368 605
- 368 468
- 368 446
- 368 739
- 369 746
- 369 684
- 369 431
- 369 715
- 370 407
- 370 473
- 370 893
- 371 538
- 371 607
- 371 885
- 371 751
- 372 742
- 372 650
- 372 475
- 372 406
- 373 634
- 373 391
- 373 866
- 374 500
- 374 439
- 374 416
- 374 417
- 376 596
- 376 660
- 376 637
- 376 747
- 377 561
- 377 880
- 377 594
- 377 934
- 377 585
- 378 415
- 378 842
- 378 954
- 379 464
- 379 895
- 379 857
- 380 645
- 380 932
- 380 886
- 380 644
- 381 633
- 381 666
- 382 879
- 382 940
- 383 635
- 383 884
- 383 598
- 383 782
- 383 776
- 384 959
- 384 869
- 384 386
- 384 822
- 384 956
- 385 927
- 385 461
- 385 551
- 385 749
- 385 708
- 386 956
- 386 431
- 386 869
- 386 822
- 386 959
- 387 850
- 387 437
- 387 814
- 387 710
- 387 901
- 388 613
- 388 520
- 388 412
- 389 894
- 389 953
- 389 576
- 389 963
- 390 432
- 390 847
- 390 647
- 390 562
- 391 634
- 391 866
- 391 458
- 392 539
- 392 813
- 392 732
- 392 438
- 393 700
- 393 616
- 393 482
- 393 744
- 394 648
- 394 796
- 395 827
- 395 550
- 395 918
- 395 728
- 396 673
- 396 786
- 397 754
- 397 574
- 398 996
- 398 542
- 398 808
- 398 459
- 399 514
- 399 832
- 399 720
- 400 556
- 400 771
- 400 759
- 400 989
- 401 729
- 402 960
- 402 911
- 402 949
- 403 518
- 403 919
- 403 825
- 403 577
- 403 652
- 404 497
- 404 973
- 405 982
- 405 453
- 405 492
- 406 650
- 406 792
- 406 742
- 406 475
- 407 893
- 407 473
- 408 664
- 409 800
- 410 455
- 410 936
- 410 681
- 411 762
- 411 922
- 412 520
- 412 613
- 413 454
- 414 841
- 414 840
- 415 496
- 415 954
- 415 842
- 416 417
- 416 500
- 416 657
- 416 439
- 417 500
- 417 439
- 418 531
- 418 586
- 418 908
- 418 779
- 419 722
- 419 957
- 419 826
- 420 429
- 420 583
- 421 564
- 421 596
- 422 469
- 422 861
- 422 753
- 423 854
- 423 557
- 425 874
- 425 639
- 425 991
- 426 770
- 426 953
- 426 877
- 427 971
- 428 801
- 428 787
- 428 474
- 429 583
- 430 748
- 431 684
- 431 746
- 431 715
- 432 647
- 432 847
- 432 562
- 433 805
- 433 855
- 434 631
- 434 445
- 434 794
- 435 838
- 435 951
- 435 727
- 436 490
- 436 688
- 436 604
- 437 814
- 437 901
- 437 850
- 437 710
- 438 539
- 438 732
- 438 813
- 439 500
- 439 715
- 440 696
- 440 882
- 440 627
- 440 524
- 440 448
- 441 952
- 441 463
- 441 817
- 442 724
- 442 784
- 442 997
- 443 599
- 443 965
- 444 960
- 444 737
- 445 469
- 445 794
- 445 631
- 446 605
- 446 739
- 446 468
- 447 597
- 447 833
- 447 859
- 448 696
- 448 856
- 448 882
- 448 524
- 448 627
- 450 937
- 450 830
- 451 515
- 452 947
- 452 680
- 452 608
- 452 614
- 453 492
- 453 982
- 455 936
- 455 681
- 456 867
- 457 636
- 457 705
- 457 697
- 457 872
- 458 866
- 458 634
- 459 808
- 459 996
- 459 542
- 460 839
- 460 649
- 461 927
- 461 708
- 461 749
- 461 551
- 461 656
- 462 967
- 462 935
- 462 676
- 462 987
- 463 952
- 463 817
- 464 895
- 464 857
- 465 467
- 465 509
- 465 584
- 465 466
- 466 484
- 466 962
- 466 984
- 467 584
- 467 509
- 468 921
- 468 739
- 468 605
- 469 861
- 469 753
- 470 494
- 470 717
- 470 773
- 471 945
- 471 871
- 471 863
- 471 537
- 471 651
- 472 712
- 472 513
- 473 893
- 474 801
- 474 787
- 474 520
- 475 742
- 475 650
- 475 792
- 476 721
- 476 693
- 476 955
- 476 963
- 476 651
- 477 947
- 477 569
- 477 731
- 477 533
- 478 626
- 478 968
- 478 925
- 478 479
- 479 968
- 479 626
- 479 925
- 479 909
- 480 657
- 480 659
- 480 714
- 481 534
- 481 767
- 481 978
- 482 744
- 482 616
- 482 700
- 483 694
- 483 526
- 483 733
- 484 962
- 484 984
- 485 772
- 485 554
- 486 862
- 486 548
- 486 948
- 486 488
- 487 547
- 487 716
- 487 655
- 487 506
- 488 948
- 488 548
- 488 862
- 489 907
- 489 592
- 489 912
- 489 653
- 490 604
- 490 835
- 490 688
- 491 501
- 491 638
- 491 829
- 492 982
- 493 571
- 493 884
- 493 994
- 494 773
- 495 775
- 495 701
- 495 761
- 496 675
- 497 973
- 498 890
- 498 917
- 499 682
- 499 828
- 499 521
- 499 831
- 501 829
- 501 638
- 502 905
- 502 846
- 502 966
- 502 653
- 503 525
- 503 903
- 503 706
- 503 595
- 504 999
- 504 981
- 504 983
- 505 704
- 505 935
- 505 568
- 505 969
- 506 655
- 506 716
- 507 677
- 507 632
- 507 601
- 507 977
- 508 864
- 509 868
- 509 584
- 510 661
- 510 933
- 510 587
- 510 778
- 511 780
- 511 931
- 511 834
- 512 788
- 512 656
- 512 695
- 513 712
- 514 615
- 514 832
- 514 720
- 515 929
- 515 916
- 516 686
- 516 672
- 517 603
- 517 824
- 517 913
- 518 825
- 518 652
- 518 919
- 518 577
- 519 719
- 520 613
- 521 831
- 521 828
- 521 682
- 522 774
- 522 606
- 522 910
- 522 565
- 523 852
- 523 985
- 523 687
- 523 943
- 524 696
- 524 882
- 524 627
- 525 706
- 525 903
- 525 595
- 526 694
- 526 733
- 527 785
- 527 873
- 527 887
- 527 575
- 528 979
- 528 593
- 528 610
- 529 674
- 529 718
- 530 802
- 530 998
- 530 692
- 531 779
- 531 586
- 531 908
- 532 555
- 532 643
- 532 929
- 532 815
- 532 558
- 533 731
- 533 947
- 534 978
- 534 767
- 535 689
- 535 730
- 535 668
- 535 664
- 536 540
- 536 628
- 536 921
- 537 552
- 537 579
- 537 580
- 537 543
- 538 607
- 538 885
- 539 732
- 539 813
- 540 921
- 540 628
- 541 944
- 541 858
- 541 844
- 541 751
- 542 996
- 542 808
- 542 553
- 543 579
- 543 552
- 543 580
- 544 980
- 544 725
- 544 970
- 545 662
- 545 875
- 546 930
- 546 856
- 546 923
- 547 851
- 547 964
- 548 862
- 548 948
- 549 620
- 549 713
- 549 798
- 550 827
- 550 728
- 550 918
- 551 620
- 551 749
- 551 927
- 551 708
- 552 580
- 552 579
- 553 615
- 553 809
- 553 777
- 553 803
- 553 848
- 554 772
- 554 581
- 555 558
- 555 929
- 555 815
- 555 643
- 556 759
- 556 989
- 556 771
- 558 929
- 558 815
- 558 643
- 559 679
- 560 976
- 560 783
- 560 624
- 560 902
- 560 600
- 561 880
- 561 594
- 561 934
- 561 585
- 562 847
- 562 647
- 563 821
- 564 596
- 565 606
- 565 774
- 565 910
- 566 876
- 567 928
- 567 755
- 567 986
- 568 935
- 568 969
- 569 758
- 569 642
- 569 723
- 569 745
- 569 669
- 570 752
- 570 941
- 571 884
- 571 994
- 572 898
- 572 741
- 572 992
- 572 640
- 572 990
- 573 839
- 573 698
- 573 804
- 574 754
- 575 873
- 575 887
- 576 953
- 576 894
- 576 963
- 577 919
- 577 652
- 577 825
- 578 836
- 578 899
- 579 580
- 580 849
- 581 663
- 581 906
- 581 766
- 581 975
- 581 972
- 582 797
- 582 939
- 585 880
- 585 934
- 585 594
- 586 908
- 586 950
- 586 779
- 587 933
- 587 778
- 587 661
- 588 845
- 588 919
- 588 619
- 589 612
- 589 843
- 589 791
- 589 594
- 590 883
- 590 820
- 590 865
- 592 653
- 592 907
- 592 912
- 593 979
- 593 610
- 594 880
- 594 934
- 595 706
- 595 903
- 597 859
- 597 833
- 598 635
- 598 782
- 598 776
- 599 965
- 600 624
- 600 976
- 601 677
- 601 632
- 602 641
- 602 897
- 603 913
- 603 824
- 604 688
- 604 835
- 605 739
- 606 774
- 606 910
- 607 885
- 608 614
- 608 680
- 609 740
- 609 993
- 609 765
- 609 629
- 610 979
- 611 678
- 611 818
- 611 868
- 611 942
- 612 791
- 612 843
- 613 826
- 614 680
- 615 720
- 615 832
- 616 744
- 616 700
- 617 977
- 617 900
- 617 618
- 617 1000
- 618 900
- 618 977
- 619 845
- 620 798
- 620 713
- 621 756
- 621 625
- 621 709
- 621 938
- 622 799
- 622 736
- 622 862
- 623 916
- 623 670
- 623 769
- 623 961
- 624 783
- 624 976
- 625 920
- 625 756
- 625 938
- 625 709
- 626 968
- 626 925
- 627 882
- 627 696
- 628 921
- 629 740
- 629 878
- 629 993
- 629 765
- 630 681
- 630 743
- 631 791
- 631 794
- 632 677
- 633 666
- 634 866
- 635 776
- 635 782
- 636 705
- 636 872
- 636 697
- 637 660
- 637 747
- 638 829
- 639 700
- 639 991
- 639 874
- 640 774
- 640 898
- 640 990
- 640 992
- 640 741
- 641 897
- 642 758
- 642 723
- 642 745
- 642 669
- 643 815
- 643 929
- 644 886
- 644 645
- 645 932
- 645 886
- 646 909
- 646 699
- 646 816
- 646 726
- 647 847
- 648 796
- 650 792
- 650 760
- 650 742
- 651 863
- 651 871
- 651 945
- 652 919
- 652 825
- 653 912
- 653 978
- 653 907
- 655 716
- 656 695
- 656 788
- 657 659
- 657 714
- 658 707
- 658 667
- 658 889
- 658 904
- 659 714
- 660 747
- 661 778
- 662 875
- 663 975
- 663 766
- 663 972
- 663 906
- 665 789
- 665 819
- 665 924
- 665 926
- 665 914
- 667 889
- 667 707
- 667 904
- 668 689
- 668 730
- 669 723
- 669 758
- 669 745
- 670 769
- 670 961
- 670 916
- 671 793
- 672 917
- 672 686
- 673 786
- 674 718
- 676 987
- 676 967
- 678 818
- 678 868
- 680 819
- 682 831
- 682 828
- 682 928
- 683 860
- 683 810
- 684 715
- 684 746
- 685 890
- 685 870
- 687 985
- 687 943
- 687 852
- 688 835
- 689 730
- 690 790
- 690 806
- 691 760
- 692 998
- 692 802
- 693 955
- 693 721
- 694 733
- 695 788
- 696 882
- 697 872
- 697 705
- 697 742
- 698 839
- 698 804
- 699 726
- 699 909
- 699 816
- 700 744
- 701 775
- 701 761
- 702 734
- 702 950
- 702 888
- 703 853
- 703 811
- 703 750
- 704 969
- 704 935
- 705 872
- 706 903
- 706 802
- 707 889
- 707 904
- 708 927
- 708 749
- 709 938
- 709 920
- 709 756
- 710 814
- 710 850
- 711 995
- 711 881
- 713 798
- 715 746
- 717 892
- 717 781
- 720 832
- 721 955
- 722 826
- 722 957
- 723 745
- 723 758
- 724 997
- 725 980
- 725 970
- 726 909
- 726 816
- 727 838
- 727 951
- 728 827
- 728 918
- 731 947
- 732 813
- 732 842
- 734 888
- 734 950
- 735 946
- 736 799
- 738 795
- 738 837
- 740 765
- 740 904
- 740 878
- 740 993
- 741 992
- 741 990
- 742 792
- 745 758
- 749 927
- 750 864
- 750 853
- 750 811
- 751 844
- 751 858
- 751 944
- 752 941
- 753 861
- 755 986
- 755 928
- 756 938
- 756 920
- 757 988
- 757 902
- 759 771
- 759 989
- 761 775
- 762 922
- 762 782
- 763 812
- 763 915
- 763 974
- 764 849
- 764 807
- 765 993
- 765 878
- 766 975
- 766 906
- 766 972
- 767 978
- 768 823
- 769 916
- 769 961
- 770 958
- 770 877
- 771 989
- 774 910
- 776 782
- 777 848
- 777 803
- 777 809
- 778 933
- 779 908
- 780 931
- 780 834
- 781 892
- 783 976
- 784 819
- 784 789
- 784 914
- 784 924
- 784 926
- 785 873
- 785 988
- 785 887
- 787 801
- 789 819
- 789 926
- 789 924
- 789 914
- 790 806
- 791 843
- 795 837
- 797 939
- 800 882
- 802 998
- 803 848
- 803 809
- 804 839
- 805 855
- 807 849
- 808 996
- 809 848
- 810 860
- 811 853
- 812 915
- 812 974
- 814 901
- 814 850
- 815 929
- 816 909
- 817 952
- 817 831
- 818 868
- 818 942
- 819 914
- 819 924
- 819 926
- 820 883
- 820 865
- 822 869
- 822 959
- 823 972
- 824 913
- 825 919
- 826 957
- 827 918
- 828 831
- 830 937
- 833 859
- 834 931
- 834 885
- 836 899
- 838 951
- 840 841
- 842 954
- 844 944
- 844 858
- 846 905
- 846 966
- 850 901
- 851 964
- 852 943
- 852 985
- 856 930
- 856 923
- 856 891
- 857 895
- 858 944
- 859 929
- 862 948
- 863 945
- 863 871
- 865 883
- 868 942
- 869 956
- 869 959
- 871 945
- 873 887
- 874 991
- 877 958
- 878 993
- 879 940
- 880 934
- 884 994
- 886 932
- 888 950
- 889 904
- 890 917
- 891 923
- 891 930
- 894 953
- 894 963
- 896 897
- 898 990
- 898 992
- 899 984
- 900 1000
- 900 977
- 902 988
- 905 966
- 906 975
- 907 912
- 911 960
- 911 949
- 914 924
- 914 926
- 915 974
- 916 961
- 920 938
- 923 930
- 924 926
- 925 968
- 928 986
- 935 969
- 943 985
- 949 960
- 953 963
- 956 959
- 962 984
- 967 987
- 970 980
- 972 975
- 977 1000
- 981 999
- 981 983
- 983 999
- 990 992
+ 974 983
+ 969 993
+ 962 995
+ 957 959
+ 952 966
+ 949 998
+ 948 981
+ 943 968
+ 938 966
+ 938 952
+ 935 999
+ 932 941
+ 929 962
+ 929 995
+ 924 961
+ 920 985
+ 920 997
+ 912 928
+ 910 994
+ 909 911
+ 908 939
+ 904 916
+ 902 984
+ 901 906
+ 900 979
+ 899 912
+ 899 928
+ 897 946
+ 895 949
+ 895 998
+ 888 934
+ 887 946
+ 887 897
+ 885 914
+ 883 905
+ 881 971
+ 880 982
+ 878 933
+ 871 909
+ 870 892
+ 868 949
+ 868 895
+ 868 998
+ 867 968
+ 867 943
+ 866 926
+ 865 869
+ 862 975
+ 861 982
+ 861 880
+ 858 875
+ 857 864
+ 856 935
+ 856 999
+ 854 891
+ 852 959
+ 852 957
+ 851 889
+ 850 871
+ 849 932
+ 849 941
+ 848 972
+ 846 991
+ 844 873
+ 843 870
+ 843 892
+ 842 883
+ 841 946
+ 841 987
+ 836 964
+ 835 937
+ 834 921
+ 830 955
+ 829 967
+ 827 837
+ 826 915
+ 825 913
+ 823 893
+ 822 911
+ 820 829
+ 820 967
+ 819 821
+ 818 940
+ 814 930
+ 813 855
+ 812 839
+ 810 927
+ 809 894
+ 808 917
+ 807 915
+ 807 826
+ 806 894
+ 806 809
+ 803 817
+ 803 879
+ 802 1000
+ 800 877
+ 799 832
+ 798 858
+ 798 875
+ 795 828
+ 793 927
+ 791 842
+ 791 883
+ 790 922
+ 789 900
+ 789 979
+ 788 923
+ 787 894
+ 787 806
+ 787 809
+ 786 877
+ 786 970
+ 782 903
+ 780 797
+ 780 783
+ 778 792
+ 777 794
+ 776 986
+ 775 869
+ 775 865
+ 774 936
+ 773 945
+ 772 953
+ 771 847
+ 770 998
+ 770 949
+ 770 868
+ 770 895
+ 769 830
+ 769 955
+ 768 945
+ 768 773
+ 767 917
+ 767 808
+ 766 846
+ 766 991
+ 765 990
+ 765 902
+ 763 941
+ 763 849
+ 762 967
+ 762 829
+ 762 820
+ 761 931
+ 761 898
+ 760 884
+ 759 802
+ 759 956
+ 758 985
+ 758 920
+ 757 958
+ 756 832
+ 756 799
+ 755 926
+ 755 866
+ 754 825
+ 754 913
+ 752 769
+ 752 830
+ 752 955
+ 751 876
+ 750 972
+ 750 848
+ 749 833
+ 748 890
+ 747 891
+ 747 854
+ 746 981
+ 746 948
+ 745 817
+ 744 960
+ 743 862
+ 743 975
+ 742 863
+ 740 992
+ 739 801
+ 738 954
+ 737 897
+ 737 946
+ 737 887
+ 735 814
+ 735 930
+ 734 919
+ 732 746
+ 732 981
+ 732 948
+ 731 819
+ 731 821
+ 731 743
+ 730 917
+ 730 940
+ 730 767
+ 730 808
+ 729 835
+ 729 937
+ 727 824
+ 726 801
+ 726 739
+ 723 834
+ 723 921
+ 722 952
+ 722 938
+ 722 966
+ 719 728
+ 718 734
+ 718 919
+ 717 755
+ 717 926
+ 717 866
+ 716 910
+ 716 994
+ 712 961
+ 712 924
+ 710 719
+ 710 728
+ 709 978
+ 708 939
+ 708 908
+ 707 815
+ 707 881
+ 706 765
+ 706 990
+ 705 768
+ 705 773
+ 704 838
+ 703 956
+ 703 759
+ 702 784
+ 700 992
+ 700 740
+ 698 721
+ 697 736
+ 697 797
+ 696 848
+ 696 750
+ 696 972
+ 695 976
+ 694 774
+ 694 936
+ 693 876
+ 693 751
+ 690 771
+ 690 847
+ 689 923
+ 689 788
+ 688 720
+ 687 882
+ 686 785
+ 685 997
+ 684 913
+ 684 825
+ 682 860
+ 681 886
+ 678 919
+ 678 734
+ 678 718
+ 677 952
+ 677 925
+ 676 942
+ 675 715
+ 674 939
+ 674 708
+ 674 908
+ 674 947
+ 673 973
+ 672 741
+ 671 796
+ 670 813
+ 670 855
+ 669 755
+ 669 717
+ 669 926
+ 667 814
+ 667 735
+ 667 897
+ 667 930
+ 666 833
+ 666 749
+ 665 997
+ 665 685
+ 664 801
+ 664 715
+ 664 739
+ 664 726
+ 663 699
+ 662 882
+ 661 917
+ 661 767
+ 661 808
+ 661 730
+ 660 728
+ 660 701
+ 659 795
+ 659 828
+ 658 779
+ 657 799
+ 657 756
+ 657 870
+ 657 832
+ 656 683
+ 655 894
+ 655 787
+ 655 806
+ 655 809
+ 654 907
+ 653 779
+ 653 658
+ 652 806
+ 651 892
+ 651 843
+ 651 870
+ 650 705
+ 650 945
+ 650 773
+ 650 768
+ 649 815
+ 649 733
+ 648 844
+ 648 873
+ 647 675
+ 647 668
+ 646 733
+ 646 649
+ 645 906
+ 645 901
+ 644 841
+ 644 987
+ 643 951
+ 641 926
+ 641 866
+ 641 978
+ 641 717
+ 641 755
+ 641 669
+ 640 838
+ 640 704
+ 639 687
+ 639 662
+ 639 882
+ 638 803
+ 638 879
+ 637 975
+ 637 862
+ 637 743
+ 636 987
+ 636 841
+ 636 644
+ 635 673
+ 635 973
+ 634 723
+ 634 921
+ 634 834
+ 633 724
+ 632 979
+ 632 695
+ 632 976
+ 631 874
+ 630 993
+ 630 969
+ 629 850
+ 629 871
+ 628 872
+ 627 652
+ 625 982
+ 625 880
+ 625 861
+ 623 782
+ 623 903
+ 622 926
+ 621 932
+ 621 741
+ 621 672
+ 619 626
+ 618 858
+ 618 798
+ 618 875
+ 617 720
+ 617 688
+ 616 886
+ 616 681
+ 615 957
+ 615 959
+ 615 852
+ 613 778
+ 613 792
+ 612 755
+ 612 926
+ 612 866
+ 612 641
+ 612 669
+ 612 717
+ 611 980
+ 610 877
+ 610 800
+ 609 614
+ 608 741
+ 608 621
+ 608 672
+ 607 925
+ 607 677
+ 606 852
+ 606 831
+ 605 680
+ 604 916
+ 604 904
+ 603 771
+ 603 847
+ 603 690
+ 601 649
+ 601 646
+ 601 733
+ 600 802
+ 600 1000
+ 599 691
+ 598 896
+ 597 811
+ 596 605
+ 596 680
+ 595 934
+ 595 888
+ 594 605
+ 594 680
+ 594 596
+ 593 784
+ 593 702
+ 592 977
+ 591 941
+ 591 932
+ 591 849
+ 591 763
+ 590 951
+ 590 643
+ 588 796
+ 588 671
+ 587 815
+ 587 707
+ 586 920
+ 586 758
+ 586 985
+ 586 964
+ 585 789
+ 585 979
+ 585 900
+ 584 727
+ 584 824
+ 583 811
+ 583 597
+ 583 593
+ 582 620
+ 581 905
+ 580 718
+ 580 678
+ 580 734
+ 580 919
+ 580 651
+ 579 590
+ 579 643
+ 579 951
+ 577 885
+ 577 914
+ 576 837
+ 576 827
+ 575 662
+ 575 639
+ 575 687
+ 575 882
+ 574 614
+ 574 609
+ 573 780
+ 573 783
+ 572 647
+ 572 668
+ 571 933
+ 571 878
+ 570 859
+ 569 839
+ 569 812
+ 568 588
+ 568 671
+ 568 796
+ 567 984
+ 567 902
+ 566 967
+ 566 762
+ 566 829
+ 566 820
+ 565 713
+ 564 962
+ 564 929
+ 564 995
+ 563 713
+ 563 565
+ 562 671
+ 562 796
+ 562 568
+ 561 671
+ 561 796
+ 561 588
+ 561 568
+ 561 562
+ 560 697
+ 560 736
+ 560 954
+ 560 797
+ 559 595
+ 559 934
+ 559 888
+ 558 889
+ 558 851
+ 557 883
+ 557 791
+ 557 842
+ 556 642
+ 556 837
+ 555 962
+ 555 604
+ 555 995
+ 555 929
+ 555 564
+ 554 668
+ 554 647
+ 554 572
+ 553 714
+ 552 672
+ 552 621
+ 552 741
+ 552 608
+ 551 989
+ 549 903
+ 549 748
+ 549 782
+ 549 623
+ 548 560
+ 548 797
+ 548 736
+ 548 697
+ 547 652
+ 547 627
+ 546 635
+ 546 973
+ 546 673
+ 545 863
+ 545 742
+ 544 594
+ 544 680
+ 544 605
+ 544 596
+ 543 598
+ 543 896
+ 542 626
+ 542 852
+ 542 959
+ 542 957
+ 541 748
+ 541 890
+ 540 909
+ 540 911
+ 540 822
+ 539 648
+ 539 844
+ 539 873
+ 538 968
+ 538 867
+ 538 943
+ 537 749
+ 537 666
+ 537 833
+ 536 810
+ 536 927
+ 536 793
+ 535 714
+ 535 553
+ 534 603
+ 534 847
+ 534 646
+ 534 690
+ 534 771
+ 534 749
+ 533 853
+ 533 635
+ 532 904
+ 532 604
+ 532 916
+ 531 673
+ 531 546
+ 531 973
+ 531 635
+ 530 582
+ 530 620
+ 529 570
+ 529 553
+ 529 859
+ 528 905
+ 528 581
+ 527 589
+ 526 611
+ 526 980
+ 525 550
+ 523 990
+ 523 765
+ 523 706
+ 522 658
+ 522 779
+ 522 653
+ 521 599
+ 521 691
+ 520 942
+ 520 676
+ 519 654
+ 519 907
+ 518 536
+ 518 927
+ 518 713
+ 518 793
+ 518 810
+ 517 811
+ 517 597
+ 517 583
+ 516 917
+ 515 884
+ 515 760
+ 514 619
+ 514 626
+ 513 558
+ 513 889
+ 512 613
+ 512 792
+ 512 778
+ 511 624
+ 510 640
+ 510 624
+ 510 511
+ 509 615
+ 509 959
+ 509 542
+ 509 852
+ 509 957
+ 508 579
+ 508 590
+ 508 643
+ 508 951
+ 507 774
+ 507 694
+ 507 936
+ 506 510
+ 506 511
+ 506 624
+ 505 795
+ 505 659
+ 505 828
+ 504 811
+ 504 517
+ 504 597
+ 504 583
+ 503 979
+ 503 789
+ 503 585
+ 503 900
+ 502 860
+ 501 589
+ 501 527
+ 501 688
+ 500 946
+ 500 737
+ 500 897
+ 500 887
+ 499 584
+ 499 727
+ 499 824
+ 498 663
+ 497 826
+ 497 915
+ 497 807
+ 496 632
+ 496 695
+ 496 976
+ 495 679
+ 494 524
+ 493 780
+ 493 783
+ 493 573
+ 492 530
+ 492 620
+ 492 582
+ 491 535
+ 491 714
+ 491 553
+ 490 494
+ 490 524
+ 489 689
+ 489 788
+ 489 923
+ 488 753
+ 487 724
+ 487 633
+ 486 622
+ 485 955
+ 485 752
+ 485 769
+ 485 830
+ 484 577
+ 484 939
+ 484 908
+ 484 674
+ 484 708
+ 483 554
+ 483 668
+ 483 647
+ 483 572
+ 482 705
+ 482 650
+ 482 768
+ 482 773
+ 482 945
+ 481 501
+ 481 589
+ 481 527
+ 480 629
+ 480 850
+ 480 871
+ 479 988
+ 478 723
+ 478 950
+ 477 953
+ 477 772
+ 477 991
+ 476 652
+ 476 627
+ 476 547
+ 475 944
+ 474 812
+ 474 876
+ 474 839
+ 474 569
+ 473 978
+ 473 709
+ 472 679
+ 471 654
+ 471 907
+ 471 519
+ 470 846
+ 470 766
+ 470 991
+ 469 776
+ 469 986
+ 468 986
+ 468 469
+ 468 776
+ 467 921
+ 467 834
+ 467 723
+ 467 634
+ 466 575
+ 466 882
+ 466 639
+ 466 687
+ 466 662
+ 465 631
+ 465 874
+ 464 793
+ 464 518
+ 464 927
+ 464 810
+ 464 536
+ 463 906
+ 463 901
+ 463 645
+ 462 864
+ 462 857
+ 461 521
+ 461 599
+ 461 691
+ 461 727
+ 460 980
+ 460 526
+ 460 611
+ 460 713
+ 459 515
+ 459 760
+ 459 884
+ 458 582
+ 458 492
+ 458 530
+ 458 620
+ 457 963
+ 457 750
+ 456 988
+ 456 479
+ 456 518
+ 455 943
+ 455 968
+ 455 867
+ 455 538
+ 454 908
+ 454 708
+ 454 674
+ 454 939
+ 454 484
+ 453 713
+ 453 565
+ 453 563
+ 452 942
+ 452 520
+ 452 676
+ 451 558
+ 451 851
+ 451 513
+ 451 889
+ 450 610
+ 450 877
+ 450 800
+ 449 516
+ 448 574
+ 448 614
+ 448 609
+ 447 932
+ 447 591
+ 447 763
+ 447 849
+ 447 515
+ 447 941
+ 446 965
+ 446 585
+ 445 781
+ 444 937
+ 444 729
+ 444 835
+ 443 815
+ 443 707
+ 443 587
+ 442 570
+ 442 825
+ 442 529
+ 442 859
+ 441 928
+ 441 969
+ 441 993
+ 440 754
+ 440 684
+ 440 913
+ 440 825
+ 439 816
+ 438 757
+ 438 522
+ 438 958
+ 437 804
+ 436 560
+ 436 797
+ 436 548
+ 436 736
+ 436 697
+ 435 817
+ 435 745
+ 435 845
+ 434 891
+ 434 747
+ 434 854
+ 433 753
+ 433 488
+ 432 776
+ 432 469
+ 432 468
+ 432 986
+ 431 682
+ 431 840
+ 430 999
+ 430 935
+ 430 856
+ 429 911
+ 429 909
+ 429 822
+ 429 540
+ 428 738
+ 428 954
+ 427 549
+ 427 903
+ 427 623
+ 427 782
+ 426 563
+ 426 453
+ 426 713
+ 426 565
+ 425 907
+ 425 654
+ 425 519
+ 425 471
+ 424 928
+ 424 899
+ 424 912
+ 422 950
+ 422 478
+ 421 813
+ 421 670
+ 421 855
+ 420 817
+ 420 745
+ 420 435
+ 419 625
+ 419 861
+ 419 982
+ 419 880
+ 418 443
+ 418 707
+ 418 587
+ 418 815
+ 417 551
+ 416 513
+ 416 451
+ 416 558
+ 416 851
+ 416 889
+ 416 474
+ 415 677
+ 415 607
+ 415 925
+ 414 831
+ 414 606
+ 413 550
+ 413 525
+ 412 712
+ 412 924
+ 412 961
+ 412 432
+ 411 772
+ 411 953
+ 411 477
+ 409 721
+ 409 982
+ 409 698
+ 408 648
+ 408 539
+ 408 844
+ 408 873
+ 407 461
+ 407 521
+ 407 691
+ 407 599
+ 406 834
+ 406 921
+ 406 634
+ 406 467
+ 406 723
+ 405 462
+ 405 582
+ 405 857
+ 405 864
+ 404 417
+ 404 684
+ 404 440
+ 404 754
+ 404 825
+ 404 913
+ 403 802
+ 403 600
+ 403 1000
+ 402 916
+ 402 532
+ 402 604
+ 402 904
+ 402 647
+ 401 578
+ 400 598
+ 400 543
+ 400 896
+ 399 913
+ 399 404
+ 399 440
+ 399 684
+ 399 825
+ 399 754
+ 398 486
+ 398 622
+ 397 514
+ 397 626
+ 397 619
+ 396 685
+ 396 997
+ 396 448
+ 396 665
+ 395 874
+ 395 465
+ 395 631
+ 394 971
+ 394 881
+ 393 402
+ 393 916
+ 393 532
+ 393 904
+ 393 604
+ 392 493
+ 392 845
+ 391 452
+ 391 676
+ 391 942
+ 391 520
+ 390 728
+ 390 423
+ 389 576
+ 389 827
+ 389 837
+ 387 940
+ 387 818
+ 386 602
+ 385 527
+ 385 589
+ 385 425
+ 385 481
+ 385 501
+ 384 698
+ 384 721
+ 384 409
+ 383 619
+ 383 397
+ 383 514
+ 383 626
+ 382 431
+ 382 840
+ 382 682
+ 381 592
+ 381 977
+ 381 961
+ 380 880
+ 380 861
+ 380 982
+ 380 419
+ 379 777
+ 379 794
+ 378 600
+ 378 1000
+ 378 403
+ 378 802
+ 377 410
+ 376 688
+ 376 720
+ 376 617
+ 375 747
+ 375 891
+ 375 434
+ 375 854
+ 374 984
+ 374 902
+ 374 567
+ 373 540
+ 373 911
+ 373 822
+ 373 429
+ 373 909
+ 372 922
+ 372 790
+ 371 517
+ 371 597
+ 371 811
+ 371 583
+ 371 504
+ 370 414
+ 370 831
+ 370 606
+ 369 457
+ 369 963
+ 368 490
+ 368 524
+ 368 494
+ 368 461
+ 367 573
+ 367 783
+ 367 493
+ 367 780
+ 366 683
+ 366 656
+ 365 716
+ 365 994
+ 365 910
+ 364 502
+ 364 860
+ 363 808
+ 363 661
+ 363 730
+ 363 767
+ 363 917
+ 362 978
+ 362 473
+ 362 709
+ 361 711
+ 361 558
+ 360 570
+ 360 529
+ 360 859
+ 360 442
+ 359 428
+ 359 738
+ 359 954
+ 358 586
+ 358 920
+ 358 985
+ 358 758
+ 357 386
+ 357 602
+ 356 554
+ 356 483
+ 356 647
+ 356 572
+ 355 865
+ 355 775
+ 355 869
+ 354 883
+ 354 791
+ 354 557
+ 354 842
+ 353 936
+ 353 774
+ 353 507
+ 353 694
+ 352 989
+ 352 551
+ 352 417
+ 351 965
+ 351 446
+ 350 970
+ 350 786
+ 349 996
+ 349 644
+ 348 515
+ 348 884
+ 348 760
+ 348 459
+ 347 463
+ 347 645
+ 347 906
+ 347 901
+ 346 533
+ 346 853
+ 345 869
+ 345 355
+ 345 775
+ 344 840
+ 344 382
+ 344 682
+ 344 431
+ 343 878
+ 343 571
+ 343 933
+ 342 679
+ 342 650
+ 342 472
+ 342 495
+ 341 848
+ 341 696
+ 341 750
+ 341 972
+ 340 657
+ 340 799
+ 340 756
+ 340 832
+ 339 578
+ 339 401
+ 338 558
+ 338 889
+ 338 513
+ 338 451
+ 338 851
+ 338 416
+ 337 824
+ 337 696
+ 337 499
+ 337 727
+ 337 584
+ 336 410
+ 336 377
+ 335 388
+ 334 764
+ 334 965
+ 333 977
+ 333 381
+ 333 670
+ 333 592
+ 332 744
+ 332 590
+ 332 339
+ 332 960
+ 331 996
+ 331 349
+ 330 441
+ 330 630
+ 330 969
+ 330 993
+ 329 602
+ 329 357
+ 329 386
+ 328 964
+ 328 836
+ 328 508
+ 327 812
+ 327 839
+ 327 474
+ 327 569
+ 326 804
+ 326 437
+ 325 475
+ 325 905
+ 325 944
+ 324 725
+ 323 388
+ 323 335
+ 322 915
+ 322 826
+ 322 807
+ 322 497
+ 321 750
+ 321 696
+ 321 848
+ 321 972
+ 321 341
+ 320 813
+ 320 421
+ 320 670
+ 320 855
+ 319 334
+ 319 764
+ 318 896
+ 318 400
+ 318 598
+ 317 975
+ 317 862
+ 317 743
+ 317 637
+ 316 703
+ 316 759
+ 316 956
+ 315 465
+ 315 874
+ 315 395
+ 315 631
+ 314 873
+ 314 648
+ 314 539
+ 314 408
+ 314 844
+ 314 482
+ 313 372
+ 313 790
+ 313 922
+ 313 980
+ 312 618
+ 312 798
+ 312 858
+ 312 875
+ 311 366
+ 311 656
+ 311 683
+ 310 762
+ 310 967
+ 310 820
+ 310 566
+ 310 829
+ 309 779
+ 309 522
+ 309 781
+ 309 658
+ 309 653
+ 308 689
+ 308 788
+ 308 489
+ 308 923
+ 307 582
+ 307 458
+ 307 530
+ 307 365
+ 307 492
+ 306 605
+ 306 525
+ 306 544
+ 306 680
+ 306 594
+ 306 334
+ 306 596
+ 305 838
+ 305 640
+ 305 704
+ 304 376
+ 304 688
+ 304 720
+ 304 617
+ 303 514
+ 303 397
+ 303 619
+ 303 626
+ 303 383
+ 303 597
+ 302 683
+ 302 366
+ 302 311
+ 302 656
+ 302 741
+ 301 466
+ 301 575
+ 301 639
+ 301 687
+ 301 662
+ 301 882
+ 300 892
+ 300 843
+ 300 870
+ 300 651
+ 299 971
+ 299 881
+ 299 394
+ 298 788
+ 298 317
+ 298 862
+ 298 975
+ 298 637
+ 297 969
+ 297 357
+ 297 330
+ 297 630
+ 297 441
+ 297 993
+ 296 638
+ 296 803
+ 296 879
+ 295 828
+ 295 505
+ 295 795
+ 295 659
+ 294 716
+ 294 365
+ 294 994
+ 294 910
+ 293 968
+ 293 671
+ 293 538
+ 293 455
+ 293 943
+ 293 867
+ 292 974
+ 292 983
+ 291 731
+ 291 819
+ 291 821
+ 290 381
+ 290 977
+ 290 333
+ 290 592
+ 289 320
+ 289 421
+ 289 670
+ 289 855
+ 289 813
+ 288 905
+ 288 528
+ 288 581
+ 287 551
+ 287 417
+ 287 989
+ 287 352
+ 286 633
+ 286 487
+ 286 724
+ 285 398
+ 285 486
+ 285 622
+ 284 950
+ 284 868
+ 284 478
+ 284 422
+ 283 804
+ 283 326
+ 283 437
+ 282 559
+ 282 934
+ 282 595
+ 282 888
+ 281 305
+ 281 640
+ 281 704
+ 280 439
+ 280 816
+ 279 826
+ 279 915
+ 279 497
+ 279 322
+ 279 807
+ 278 701
+ 278 660
+ 277 498
+ 277 663
+ 277 699
+ 276 302
+ 276 656
+ 276 366
+ 276 417
+ 276 311
+ 276 683
+ 275 624
+ 275 510
+ 275 506
+ 275 865
+ 275 511
+ 274 763
+ 274 849
+ 274 591
+ 274 447
+ 274 932
+ 274 941
+ 273 284
+ 273 478
+ 273 950
+ 273 422
+ 272 791
+ 272 883
+ 272 557
+ 272 842
+ 271 278
+ 271 304
+ 271 660
+ 271 701
+ 270 845
+ 270 392
+ 269 430
+ 269 999
+ 269 935
+ 269 856
+ 268 990
+ 268 765
+ 268 523
+ 268 986
+ 268 706
+ 267 319
+ 267 764
+ 267 334
+ 266 324
+ 266 725
+ 266 566
+ 265 543
+ 265 896
+ 265 400
+ 265 598
+ 265 318
+ 264 886
+ 264 616
+ 264 681
+ 263 398
+ 263 486
+ 263 391
+ 263 285
+ 263 622
+ 262 974
+ 262 983
+ 262 292
+ 261 423
+ 261 390
+ 260 346
+ 260 533
+ 260 853
+ 259 785
+ 259 318
+ 259 686
+ 258 564
+ 258 962
+ 258 555
+ 258 437
+ 258 995
+ 257 929
+ 257 962
+ 257 995
+ 257 555
+ 257 258
+ 257 564
+ 256 563
+ 256 565
+ 256 453
+ 256 713
+ 256 426
+ 255 620
+ 255 530
+ 255 307
+ 255 492
+ 255 582
+ 255 458
+ 254 860
+ 254 364
+ 254 502
+ 253 628
+ 253 833
+ 253 872
+ 252 706
+ 252 523
+ 252 990
+ 252 765
+ 252 268
+ 251 830
+ 251 574
+ 251 614
+ 251 609
+ 251 448
+ 250 516
+ 250 301
+ 250 449
+ 249 824
+ 249 499
+ 249 727
+ 249 584
+ 249 337
+ 248 439
+ 248 280
+ 248 816
+ 247 496
+ 247 976
+ 247 695
+ 247 632
+ 247 639
+ 246 738
+ 246 428
+ 246 954
+ 246 359
+ 245 801
+ 245 739
+ 245 664
+ 245 726
+ 244 686
+ 244 785
+ 244 259
+ 243 785
+ 243 259
+ 243 244
+ 243 686
+ 242 324
+ 242 266
+ 242 444
+ 242 725
+ 241 893
+ 241 823
+ 240 472
+ 240 679
+ 240 495
+ 240 342
+ 239 277
+ 239 699
+ 239 663
+ 239 498
+ 238 872
+ 238 628
+ 238 253
+ 237 448
+ 237 614
+ 237 251
+ 237 574
+ 237 609
+ 236 339
+ 236 578
+ 236 401
+ 235 266
+ 235 324
+ 235 242
+ 235 725
+ 234 623
+ 234 379
+ 234 777
+ 234 794
+ 233 805
+ 232 711
+ 232 361
+ 231 744
+ 231 960
+ 231 332
+ 230 715
+ 230 675
+ 229 335
+ 229 388
+ 229 323
+ 228 382
+ 228 344
+ 228 556
+ 228 431
+ 228 682
+ 228 840
+ 227 487
+ 227 424
+ 227 286
+ 227 901
+ 227 724
+ 227 633
+ 226 248
+ 226 816
+ 226 280
+ 226 439
+ 225 241
+ 225 893
+ 225 664
+ 225 823
+ 224 740
+ 224 992
+ 224 700
+ 223 571
+ 223 854
+ 223 738
+ 223 747
+ 223 891
+ 223 434
+ 222 835
+ 222 729
+ 222 444
+ 222 937
+ 221 914
+ 221 577
+ 221 885
+ 220 742
+ 220 863
+ 220 545
+ 219 861
+ 219 640
+ 219 704
+ 219 838
+ 219 305
+ 219 281
+ 218 940
+ 218 387
+ 218 818
+ 217 239
+ 217 663
+ 217 277
+ 217 498
+ 217 699
+ 216 681
+ 216 655
+ 216 264
+ 216 886
+ 216 616
+ 215 741
+ 215 621
+ 215 552
+ 215 672
+ 215 608
+ 214 326
+ 214 437
+ 214 388
+ 214 804
+ 214 283
+ 213 483
+ 213 572
+ 213 554
+ 213 356
+ 213 668
+ 213 647
+ 212 374
+ 212 981
+ 212 746
+ 212 732
+ 212 948
+ 211 445
+ 211 781
+ 210 963
+ 210 369
+ 210 457
+ 209 701
+ 209 660
+ 209 278
+ 209 271
+ 208 718
+ 208 734
+ 208 678
+ 208 805
+ 208 580
+ 208 919
+ 207 550
+ 207 413
+ 207 525
+ 206 803
+ 206 638
+ 206 296
+ 206 879
+ 205 495
+ 205 472
+ 205 240
+ 205 679
+ 205 342
+ 204 884
+ 204 348
+ 204 760
+ 204 515
+ 204 459
+ 203 914
+ 203 221
+ 203 885
+ 203 577
+ 202 230
+ 202 675
+ 202 715
+ 201 272
+ 201 791
+ 201 842
+ 201 557
+ 201 295
+ 201 883
+ 201 354
+ 200 899
+ 200 912
+ 200 928
+ 200 424
+ 199 537
+ 199 666
+ 199 833
+ 198 774
+ 198 694
+ 198 507
+ 198 1000
+ 198 353
+ 198 936
+ 197 409
+ 197 698
+ 197 721
+ 197 384
+ 196 420
+ 196 435
+ 196 745
+ 196 817
+ 195 619
+ 195 397
+ 195 383
+ 195 626
+ 195 514
+ 194 439
+ 194 816
+ 194 280
+ 194 248
+ 194 226
+ 193 541
+ 193 748
+ 193 890
+ 192 528
+ 192 581
+ 192 905
+ 192 288
+ 191 405
+ 191 864
+ 191 857
+ 191 462
+ 190 254
+ 190 364
+ 190 502
+ 190 860
+ 189 853
+ 189 260
+ 189 346
+ 189 533
+ 188 778
+ 188 512
+ 188 792
+ 188 875
+ 188 613
+ 187 578
+ 187 339
+ 187 362
+ 187 236
+ 187 401
+ 186 693
+ 186 876
+ 186 751
+ 185 709
+ 185 362
+ 185 473
+ 185 978
+ 184 576
+ 184 827
+ 184 732
+ 184 389
+ 184 837
+ 183 292
+ 183 974
+ 183 983
+ 183 262
+ 183 543
+ 182 374
+ 182 567
+ 182 902
+ 182 984
+ 181 742
+ 181 863
+ 181 545
+ 181 439
+ 180 333
+ 180 381
+ 180 290
+ 180 592
+ 180 977
+ 179 340
+ 179 798
+ 179 858
+ 179 312
+ 179 618
+ 179 875
+ 178 238
+ 178 872
+ 178 253
+ 178 628
+ 177 963
+ 177 210
+ 177 457
+ 177 369
+ 176 846
+ 176 470
+ 176 766
+ 176 991
+ 175 918
+ 175 692
+ 174 233
+ 174 805
+ 173 784
+ 173 593
+ 173 702
+ 172 999
+ 172 935
+ 172 430
+ 172 856
+ 172 269
+ 171 692
+ 171 175
+ 171 918
+ 170 735
+ 170 667
+ 170 814
+ 169 270
+ 169 392
+ 169 845
+ 168 898
+ 168 931
+ 168 761
+ 168 967
+ 167 449
+ 167 516
+ 167 250
+ 166 516
+ 166 250
+ 166 449
+ 166 167
+ 165 973
+ 165 934
+ 165 635
+ 165 673
+ 165 531
+ 164 961
+ 164 412
+ 164 924
+ 164 712
+ 163 368
+ 163 524
+ 163 494
+ 163 490
+ 162 556
+ 162 642
+ 161 692
+ 161 175
+ 161 918
+ 161 171
+ 160 468
+ 160 776
+ 160 986
+ 160 432
+ 159 434
+ 159 223
+ 159 375
+ 159 747
+ 159 854
+ 159 891
+ 158 988
+ 158 456
+ 158 479
+ 157 423
+ 157 390
+ 157 261
+ 156 317
+ 156 862
+ 156 298
+ 156 975
+ 156 743
+ 156 637
+ 155 291
+ 155 821
+ 155 631
+ 155 819
+ 155 731
+ 154 704
+ 154 640
+ 154 305
+ 154 219
+ 154 838
+ 154 281
+ 153 350
+ 153 970
+ 153 786
+ 153 788
+ 152 394
+ 152 971
+ 152 299
+ 152 881
+ 151 510
+ 151 511
+ 151 506
+ 151 624
+ 151 275
+ 150 733
+ 150 649
+ 150 646
+ 150 601
+ 149 168
+ 149 931
+ 149 761
+ 149 898
+ 149 659
+ 148 243
+ 148 803
+ 148 244
+ 148 686
+ 148 259
+ 148 785
+ 147 869
+ 147 775
+ 147 865
+ 147 355
+ 147 345
+ 146 183
+ 146 450
+ 146 610
+ 146 877
+ 146 800
+ 145 372
+ 145 313
+ 145 790
+ 145 922
+ 144 297
+ 144 993
+ 144 441
+ 144 969
+ 144 630
+ 144 330
+ 143 152
+ 143 971
+ 143 299
+ 143 881
+ 143 394
+ 142 613
+ 142 188
+ 142 778
+ 142 512
+ 142 314
+ 142 792
+ 141 604
+ 141 393
+ 141 402
+ 141 904
+ 141 916
+ 140 553
+ 140 535
+ 140 714
+ 140 491
+ 139 175
+ 139 171
+ 139 918
+ 139 692
+ 139 818
+ 139 161
+ 138 757
+ 138 438
+ 138 958
+ 137 885
+ 137 221
+ 137 914
+ 137 906
+ 137 577
+ 137 203
+ 136 357
+ 136 602
+ 136 386
+ 136 329
+ 135 407
+ 135 599
+ 135 461
+ 135 691
+ 135 521
+ 134 610
+ 134 800
+ 134 450
+ 134 877
+ 133 953
+ 133 411
+ 133 477
+ 133 772
+ 132 744
+ 132 960
+ 132 231
+ 132 332
+ 131 766
+ 131 846
+ 131 470
+ 131 991
+ 131 679
+ 131 176
+ 130 803
+ 130 206
+ 130 296
+ 130 879
+ 130 638
+ 129 797
+ 129 736
+ 129 697
+ 129 436
+ 129 548
+ 129 560
+ 128 931
+ 128 149
+ 128 168
+ 128 761
+ 128 898
+ 127 967
+ 127 566
+ 127 820
+ 127 310
+ 127 829
+ 126 773
+ 126 705
+ 126 945
+ 126 482
+ 126 768
+ 126 650
+ 125 211
+ 125 445
+ 125 781
+ 124 343
+ 124 933
+ 124 571
+ 124 878
+ 123 685
+ 123 997
+ 123 396
+ 123 665
+ 122 666
+ 122 833
+ 122 749
+ 122 199
+ 122 537
+ 121 174
+ 121 805
+ 121 233
+ 120 158
+ 120 860
+ 120 988
+ 120 479
+ 120 456
+ 119 561
+ 119 671
+ 119 568
+ 119 796
+ 119 562
+ 119 588
+ 118 608
+ 118 215
+ 118 741
+ 118 552
+ 118 621
+ 117 267
+ 117 764
+ 117 319
+ 117 334
+ 116 177
+ 116 457
+ 116 210
+ 116 369
+ 115 996
+ 115 331
+ 115 349
+ 114 853
+ 113 878
+ 113 933
+ 113 343
+ 113 571
+ 113 559
+ 113 124
+ 112 406
+ 112 784
+ 112 593
+ 112 702
+ 112 173
+ 111 998
+ 111 770
+ 111 204
+ 111 868
+ 111 895
+ 111 949
+ 110 786
+ 110 970
+ 110 350
+ 110 153
+ 109 415
+ 109 925
+ 109 677
+ 109 607
+ 108 673
+ 108 546
+ 108 635
+ 108 973
+ 108 531
+ 108 165
+ 107 464
+ 107 518
+ 107 810
+ 107 536
+ 107 793
+ 107 927
+ 106 378
+ 106 600
+ 106 802
+ 106 403
+ 106 1000
+ 105 519
+ 105 907
+ 105 471
+ 105 253
+ 105 425
+ 105 654
+ 104 230
+ 104 715
+ 104 675
+ 104 202
+ 103 347
+ 103 901
+ 103 906
+ 103 645
+ 103 463
+ 102 609
+ 102 448
+ 102 614
+ 102 574
+ 102 251
+ 101 823
+ 101 225
+ 101 893
+ 101 241
+ 100 349
+ 100 115
+ 100 996
+ 100 331
+ 99 859
+ 99 570
+ 99 360
+ 99 529
+ 99 442
+ 98 390
+ 98 261
+ 98 423
+ 98 157
+ 97 553
+ 97 498
+ 97 277
+ 97 663
+ 97 239
+ 97 520
+ 97 699
+ 97 217
+ 96 419
+ 96 625
+ 96 982
+ 96 380
+ 96 861
+ 96 880
+ 95 822
+ 95 909
+ 95 911
+ 95 373
+ 95 540
+ 95 429
+ 94 372
+ 94 145
+ 94 721
+ 94 922
+ 94 313
+ 94 790
+ 93 812
+ 93 839
+ 93 474
+ 93 569
+ 92 186
+ 92 876
+ 92 751
+ 92 693
+ 91 392
+ 91 270
+ 91 845
+ 91 169
+ 90 93
+ 90 569
+ 90 812
+ 90 839
+ 90 327
+ 90 474
+ 89 439
+ 89 992
+ 89 700
+ 89 224
+ 89 740
+ 88 989
+ 88 417
+ 88 287
+ 88 551
+ 88 352
+ 87 987
+ 87 636
+ 87 841
+ 87 644
+ 86 963
+ 86 823
+ 86 369
+ 86 177
+ 86 210
+ 86 116
+ 86 457
+ 85 578
+ 85 401
+ 85 236
+ 85 187
+ 85 339
+ 84 205
+ 84 472
+ 84 342
+ 84 679
+ 84 495
+ 84 240
+ 83 826
+ 83 547
+ 83 652
+ 83 476
+ 83 627
+ 82 260
+ 82 346
+ 82 189
+ 82 533
+ 82 853
+ 81 526
+ 81 980
+ 81 611
+ 81 460
+ 80 110
+ 80 786
+ 80 970
+ 80 350
+ 80 153
+ 79 871
+ 79 480
+ 79 629
+ 79 850
+ 78 128
+ 78 761
+ 78 168
+ 78 898
+ 78 931
+ 78 149
+ 77 938
+ 77 952
+ 77 722
+ 77 966
+ 76 491
+ 76 553
+ 76 140
+ 76 535
+ 76 714
+ 75 642
+ 75 162
+ 75 556
+ 74 930
+ 74 735
+ 74 524
+ 74 170
+ 74 814
+ 74 667
+ 73 958
+ 73 757
+ 73 438
+ 73 138
+ 73 794
+ 72 752
+ 72 485
+ 72 769
+ 72 830
+ 72 955
+ 71 336
+ 71 377
+ 71 813
+ 71 410
+ 70 710
+ 70 728
+ 70 719
+ 69 631
+ 69 874
+ 69 315
+ 69 465
+ 69 395
+ 68 147
+ 68 345
+ 68 775
+ 68 869
+ 68 865
+ 68 355
+ 68 616
+ 67 413
+ 67 207
+ 67 525
+ 67 751
+ 67 550
+ 66 966
+ 66 722
+ 66 952
+ 66 77
+ 66 938
+ 66 935
+ 65 387
+ 65 218
+ 65 818
+ 65 940
+ 64 783
+ 64 573
+ 64 780
+ 64 367
+ 64 493
+ 63 867
+ 63 538
+ 63 365
+ 63 968
+ 63 293
+ 63 455
+ 62 309
+ 62 522
+ 62 658
+ 62 779
+ 62 653
+ 61 224
+ 61 753
+ 61 433
+ 61 269
+ 61 488
+ 60 207
+ 60 413
+ 60 525
+ 60 550
+ 60 67
+ 59 896
+ 59 400
+ 59 318
+ 59 265
+ 59 598
+ 59 543
+ 58 965
+ 58 446
+ 58 351
+ 57 589
+ 57 527
+ 57 385
+ 57 481
+ 57 501
+ 56 361
+ 56 711
+ 56 953
+ 56 232
+ 55 410
+ 55 377
+ 55 336
+ 55 71
+ 54 146
+ 54 800
+ 54 450
+ 54 134
+ 54 877
+ 54 610
+ 53 191
+ 53 742
+ 53 220
+ 53 863
+ 53 181
+ 53 545
+ 52 664
+ 52 739
+ 52 726
+ 52 801
+ 52 245
+ 51 955
+ 51 769
+ 51 830
+ 51 72
+ 51 485
+ 50 174
+ 50 222
+ 50 121
+ 50 233
+ 50 805
+ 49 388
+ 49 631
+ 49 335
+ 49 229
+ 49 323
+ 48 71
+ 48 55
+ 48 822
+ 48 410
+ 48 377
+ 48 336
+ 47 417
+ 47 287
+ 47 88
+ 47 551
+ 47 352
+ 47 989
+ 46 475
+ 46 325
+ 46 944
+ 45 900
+ 45 503
+ 45 585
+ 45 979
+ 45 789
+ 44 220
+ 44 742
+ 44 181
+ 44 53
+ 44 863
+ 44 545
+ 43 211
+ 43 445
+ 43 125
+ 43 781
+ 42 328
+ 42 964
+ 42 836
+ 41 542
+ 41 615
+ 41 957
+ 41 959
+ 41 509
+ 41 852
+ 40 667
+ 40 74
+ 40 930
+ 40 170
+ 40 814
+ 40 735
+ 39 655
+ 39 809
+ 39 787
+ 39 806
+ 39 894
+ 38 61
+ 38 753
+ 38 488
+ 38 433
+ 37 601
+ 37 733
+ 37 649
+ 37 150
+ 37 646
+ 36 884
+ 36 515
+ 36 348
+ 36 204
+ 36 459
+ 35 915
+ 35 279
+ 35 807
+ 35 497
+ 35 322
+ 35 43
+ 34 701
+ 34 271
+ 34 278
+ 34 660
+ 34 209
+ 33 832
+ 33 799
+ 33 657
+ 33 756
+ 33 340
+ 32 325
+ 32 944
+ 32 46
+ 32 475
+ 32 694
+ 31 905
+ 31 581
+ 31 192
+ 31 288
+ 31 528
+ 30 57
+ 30 527
+ 30 589
+ 30 481
+ 30 501
+ 29 847
+ 29 771
+ 29 690
+ 29 603
+ 29 534
+ 28 749
+ 28 122
+ 28 199
+ 28 666
+ 28 833
+ 28 537
+ 27 819
+ 27 821
+ 27 155
+ 27 731
+ 27 291
+ 26 406
+ 26 723
+ 26 634
+ 26 834
+ 26 921
+ 25 161
+ 25 692
+ 25 175
+ 25 918
+ 25 139
+ 25 830
+ 25 171
+ 24 344
+ 24 431
+ 24 228
+ 24 382
+ 24 840
+ 24 682
+ 23 70
+ 23 719
+ 23 710
+ 23 728
+ 22 777
+ 22 379
+ 22 794
+ 22 234
+ 21 412
+ 21 924
+ 21 961
+ 21 164
+ 21 712
+ 20 157
+ 20 671
+ 20 423
+ 20 261
+ 20 98
+ 19 985
+ 19 758
+ 19 358
+ 19 920
+ 19 586
+ 18 711
+ 18 56
+ 18 361
+ 18 232
+ 17 152
+ 17 890
+ 17 193
+ 17 748
+ 17 541
+ 16 897
+ 16 500
+ 16 887
+ 16 737
+ 16 946
+ 15 184
+ 15 576
+ 15 389
+ 15 837
+ 15 827
+ 14 986
+ 14 432
+ 14 468
+ 14 469
+ 14 160
+ 14 776
+ 13 832
+ 13 756
+ 13 33
+ 13 657
+ 13 799
+ 12 642
+ 12 556
+ 12 75
+ 12 162
+ 11 391
+ 11 676
+ 11 942
+ 11 520
+ 11 452
+ 10 998
+ 10 949
+ 10 770
+ 10 868
+ 10 111
+ 9 677
+ 9 109
+ 9 415
+ 9 996
+ 9 607
+ 9 925
+ 8 261
+ 8 423
+ 8 157
+ 8 20
+ 8 390
+ 8 98
+ 7 965
+ 7 58
+ 7 351
+ 7 446
+ 6 587
+ 6 418
+ 6 707
+ 6 443
+ 6 815
+ 5 387
+ 5 818
+ 5 65
+ 5 940
+ 5 218
+ 4 42
+ 4 836
+ 4 964
+ 4 328
+ 3 987
+ 3 636
+ 3 644
+ 3 841
+ 3 87
+ 2 831
+ 2 329
+ 2 370
+ 2 414
+ 2 606
- 1 774
- 1 353
- 1 791
- 1 557
- 1 762
- 1 174
- 1 121
- 1 233
- 1 778
- 1 512
- 1 648
- 1 408
- 1 873
- 1 539
- 1 844
- 1 205
- 1 472
- 1 846
- 1 766
- 1 470
- 1 711
- 1 513
- 1 451
- 1 889
- 1 976
- 1 496
- 1 695
- 1 692
- 1 175
- 1 918
- 1 123
- 1 985
- 1 311
- 1 763
- 1 591
- 1 849
- 1 371
- 1 811
- 1 517
- 1 347
- 1 947
- 1 674
- 1 908
- 1 708
- 1 939
- 1 454
- 1 484
- 1 221
- 1 885
- 1 914
- 1 577
- 1 203
- 1 137
- 1 906
- 1 103
- 1 645
- 1 463
- 1 901
- 1 286
- 1 724
- 1 487
- 1 633
- 1 227
- 1 912
- 1 200
- 1 424
- 1 899
- 1 928
- 1 441
- 1 969
- 1 630
- 1 144
- 1 330
- 1 993
- 1 297
- 1 357
- 1 602
- 1 136
- 1 386
- 1 329
- 1 414
- 1 2
- 1 370
- 1 831
- 1 606
- 1 615
- 1 41
- 1 509
- 1 959
- 1 852
- 1 957
- 1 542
- 1 195
- 1 397
- 1 619
- 1 514
- 1 626
- 1 383
- 1 303
- 1 597
- 1 504
- 1 583
- 1 593
- 1 784
- 1 702
- 1 173
- 1 112
- 1 921
- 1 26
- 1 834
- 1 634
- 1 467
- 1 406
- 1 723
- 1 478
- 1 950
- 1 273
- 1 422
- 1 284
- 1 895
- 1 770
- 1 949
- 1 998
- 1 868
- 1 10
- 1 111
- 1 36
- 1 884
- 1 760
- 1 348
- 1 459
- 1 204
- 1 515
- 1 447
- 1 941
- 1 274
- 1 932
- 1 215
- 1 672
- 1 608
- 1 552
- 1 118
- 1 621
- 1 741
- 1 302
- 1 656
- 1 366
- 1 683
- 1 276
- 1 287
- 1 88
- 1 47
- 1 989
- 1 551
- 1 352
- 1 417
- 1 684
- 1 399
- 1 754
- 1 404
- 1 913
- 1 440
- 1 825
- 1 570
- 1 859
- 1 360
- 1 99
- 1 442
- 1 529
- 1 491
- 1 140
- 1 76
- 1 714
- 1 535
- 1 553
- 1 239
- 1 498
- 1 663
- 1 277
- 1 699
- 1 217
- 1 97
- 1 942
- 1 11
- 1 676
- 1 452
- 1 520
- 1 391
- 1 398
- 1 486
- 1 285
- 1 263
- 1 622
- 1 669
- 1 926
- 1 755
- 1 866
- 1 717
- 1 612
- 1 641
- 1 473
- 1 185
- 1 978
- 1 709
- 1 362
- 1 578
- 1 236
- 1 401
- 1 187
- 1 85
- 1 339
- 1 132
- 1 231
- 1 744
- 1 960
- 1 332
- 1 590
- 1 643
- 1 579
- 1 951
- 1 508
- 1 328
- 1 4
- 1 42
- 1 836
- 1 964
- 1 586
- 1 19
- 1 358
- 1 758
- 1 920
- 1 997
- 1 685
- 1 665
- 1 396
- 1 614
- 1 448
- 1 609
- 1 237
- 1 574
- 1 102
- 1 251
- 1 769
- 1 752
- 1 955
- 1 72
- 1 51
- 1 485
- 1 830
- 1 25
- 1 171
- 1 161
- 1 139
- 1 387
- 1 65
- 1 5
- 1 218
- 1 818
- 1 940
- 1 661
- 1 808
- 1 730
- 1 767
- 1 363
- 1 917
- 1 166
- 1 449
- 1 516
- 1 167
- 1 250
- 1 575
- 1 687
- 1 466
- 1 662
- 1 301
- 1 882
- 1 639
- 1 247
- 1 632
- 1 45
- 1 979
- 1 789
- 1 503
- 1 900
- 1 585
- 1 58
- 1 351
- 1 446
- 1 7
- 1 965
- 1 267
- 1 764
- 1 319
- 1 117
- 1 334
- 1 594
- 1 680
- 1 605
- 1 544
- 1 596
- 1 306
- 1 413
- 1 207
- 1 525
- 1 550
- 1 60
- 1 67
- 1 92
- 1 186
- 1 751
- 1 693
- 1 876
- 1 812
- 1 327
- 1 90
- 1 839
- 1 93
- 1 569
- 1 474
- 1 416
- 1 338
- 1 851
- 1 558
- 1 361
- 1 18
- 1 232
- 1 56
- 1 953
- 1 411
- 1 133
- 1 772
- 1 477
- 1 991
- 1 176
- 1 131
- 1 679
- 1 495
- 1 84
- 1 240
- 1 342
- 1 705
- 1 126
- 1 768
- 1 650
- 1 773
- 1 945
- 1 482
- 1 314
- 1 142
- 1 792
- 1 613
- 1 188
- 1 618
- 1 798
- 1 858
- 1 312
- 1 875
- 1 179
- 1 33
- 1 13
- 1 799
- 1 756
- 1 340
- 1 832
- 1 657
- 1 300
- 1 843
- 1 892
- 1 870
- 1 651
- 1 580
- 1 734
- 1 678
- 1 718
- 1 919
- 1 208
- 1 805
- 1 50
- 1 222
- 1 937
- 1 729
- 1 835
- 1 444
- 1 235
- 1 324
- 1 725
- 1 242
- 1 266
- 1 566
- 1 820
- 1 127
- 1 310
- 1 829
- 1 967
- 1 168
- 1 898
- 1 128
- 1 761
- 1 931
- 1 78
- 1 149
- 1 505
- 1 795
- 1 828
- 1 659
- 1 295
- 1 201
- 1 354
- 1 842
- 1 272
- 1 883
- 1 581
- 1 528
- 1 31
- 1 288
- 1 192
- 1 905
- 1 325
- 1 46
- 1 944
- 1 475
- 1 32
- 1 694
- 1 507
- 1 936
- 1 198
- 1 600
- 1 106
- 1 1000
- 1 403
- 1 378
- 1 802
- 1 468
- 1 160
- 1 14
- 1 776
- 1 469
- 1 990
- 1 984
- 1 182
- 1 576
- 1 988
- 1 158
- 1 479
- 1 384
- 1 197
- 1 147
- 1 345
- 1 775
- 1 658
- 1 62
- 1 779
- 1 757
- 1 30
- 1 589
- 1 527
- 1 481
- 1 57
- 1 716
- 1 994
- 1 910
- 1 294
- 1 44
- 1 220
- 1 742
- 1 863
- 1 999
- 1 500
- 1 135
- 1 599
- 1 407
- 1 521
- 1 691
- 1 963
- 1 101
- 1 241
- 1 893
- 1 230
- 1 532
- 1 819
- 1 974
- 1 983
- 1 292
- 1 262
- 1 896
- 1 400
- 1 196
- 1 420
- 1 246
- 1 359
- 1 878
- 1 933
- 1 343
- 1 673
- 1 546
- 1 973
- 1 114
- 1 189
- 1 260
- 1 346
- 1 853
- 1 82
- 1 533
- 1 635
- 1 531
- 1 108
- 1 165
- 1 282
- 1 934
- 1 595
- 1 888
- 1 559
- 1 113
- 1 124
- 1 571
- 1 375
- 1 747
- 1 159
- 1 891
- 1 854
- 1 434
- 1 223
- 1 738
- 1 428
- 1 954
- 1 736
- 1 436
- 1 697
- 1 548
- 1 129
- 1 560
- 1 797
- 1 573
- 1 783
- 1 780
- 1 367
- 1 64
- 1 493
- 1 270
- 1 91
- 1 169
- 1 392
- 1 845
- 1 435
- 1 745
- 1 817
- 1 638
- 1 130
- 1 206
- 1 879
- 1 296
- 1 803
- 1 785
- 1 148
- 1 244
- 1 243
- 1 686
- 1 259
- 1 318
- 1 265
- 1 598
- 1 59
- 1 543
- 1 183
- 1 134
- 1 54
- 1 610
- 1 146
- 1 800
- 1 450
- 1 877
- 1 110
- 1 970
- 1 786
- 1 350
- 1 80
- 1 153
- 1 489
- 1 923
- 1 308
- 1 689
- 1 788
- 1 862
- 1 298
- 1 156
- 1 637
- 1 317
- 1 975
- 1 743
- 1 731
- 1 821
- 1 291
- 1 27
- 1 155
- 1 874
- 1 465
- 1 69
- 1 395
- 1 315
- 1 631
- 1 229
- 1 49
- 1 323
- 1 335
- 1 388
- 1 326
- 1 804
- 1 214
- 1 283
- 1 437
- 1 962
- 1 929
- 1 995
- 1 258
- 1 257
- 1 564
- 1 555
- 1 604
- 1 393
- 1 904
- 1 916
- 1 141
- 1 402
- 1 554
- 1 483
- 1 572
- 1 356
- 1 213
- 1 668
- 1 647
- 1 675
- 1 104
- 1 202
- 1 715
- 1 801
- 1 739
- 1 245
- 1 52
- 1 726
- 1 664
- 1 225
- 1 823
- 1 86
- 1 177
- 1 369
- 1 116
- 1 210
- 1 457
- 1 750
- 1 848
- 1 321
- 1 341
- 1 972
- 1 696
- 1 499
- 1 824
- 1 584
- 1 249
- 1 337
- 1 727
- 1 461
- 1 368
- 1 494
- 1 163
- 1 490
- 1 524
- 1 74
- 1 40
- 1 930
- 1 735
- 1 814
- 1 170
- 1 667
- 1 897
- 1 887
- 1 737
- 1 16
- 1 946
- 1 636
- 1 3
- 1 87
- 1 841
- 1 987
- 1 644
- 1 115
- 1 100
- 1 331
- 1 349
- 1 996
- 1 9
- 1 925
- 1 415
- 1 607
- 1 109
- 1 677
- 1 952
- 1 77
- 1 966
- 1 722
- 1 938
- 1 66
- 1 935
- 1 430
- 1 856
- 1 172
- 1 269
- 1 753
- 1 38
- 1 433
- 1 488
- 1 61
- 1 992
- 1 224
- 1 700
- 1 740
- 1 89
- 1 194
- 1 248
- 1 816
- 1 280
- 1 226
- 1 439
- 1 181
- 1 545
- 1 53
- 1 857
- 1 462
- 1 191
- 1 864
- 1 405
- 1 255
- 1 458
- 1 530
- 1 620
- 1 582
- 1 492
- 1 307
- 1 365
- 1 968
- 1 63
- 1 455
- 1 538
- 1 943
- 1 867
- 1 293
- 1 796
- 1 568
- 1 561
- 1 562
- 1 119
- 1 588
- 1 671
- 1 423
- 1 157
- 1 261
- 1 20
- 1 98
- 1 8
- 1 390
- 1 70
- 1 719
- 1 23
- 1 710
- 1 728
- 1 278
- 1 701
- 1 660
- 1 34
- 1 209
- 1 271
- 1 376
- 1 720
- 1 304
- 1 617
- 1 688
- 1 501
- 1 385
- 1 907
- 1 519
- 1 471
- 1 425
- 1 654
- 1 105
- 1 178
- 1 628
- 1 238
- 1 872
- 1 253
- 1 28
- 1 833
- 1 199
- 1 122
- 1 537
- 1 666
- 1 749
- 1 771
- 1 847
- 1 690
- 1 603
- 1 29
- 1 534
- 1 37
- 1 646
- 1 150
- 1 601
- 1 733
- 1 649
- 1 443
- 1 587
- 1 418
- 1 815
- 1 6
- 1 707
- 1 971
- 1 299
- 1 394
- 1 143
- 1 881
- 1 152
- 1 17
- 1 541
- 1 890
- 1 193
- 1 748
- 1 549
- 1 427
- 1 782
- 1 903
- 1 623
- 1 379
- 1 777
- 1 234
- 1 22
- 1 794
- 1 73
- 1 138
- 1 958
- 1 438
- 1 522
- 1 653
- 1 309
- 1 211
- 1 125
- 1 445
- 1 781
- 1 43
- 1 35
- 1 915
- 1 497
- 1 807
- 1 279
- 1 322
- 1 826
- 1 547
- 1 476
- 1 627
- 1 83
- 1 652
- 1 787
- 1 894
- 1 39
- 1 806
- 1 809
- 1 655
- 1 264
- 1 681
- 1 886
- 1 216
- 1 616
- 1 68
- 1 355
- 1 869
- 1 865
- 1 506
- 1 624
- 1 151
- 1 511
- 1 275
- 1 510
- 1 305
- 1 640
- 1 704
- 1 838
- 1 154
- 1 281
- 1 219
- 1 625
- 1 861
- 1 419
- 1 880
- 1 96
- 1 380
- 1 982
- 1 409
- 1 698
- 1 721
- 1 372
- 1 922
- 1 145
- 1 790
- 1 94
- 1 313
- 1 980
- 1 526
- 1 611
- 1 81
- 1 460
- 1 563
- 1 453
- 1 565
- 1 426
- 1 256
- 1 713
- 1 536
- 1 464
- 1 793
- 1 107
- 1 927
- 1 810
- 1 518
- 1 456
- 1 120
- 1 364
- 1 254
- 1 502
- 1 190
- 1 860
- 1 431
- 1 344
- 1 382
- 1 682
- 1 24
- 1 840
- 1 228
- 1 642
- 1 162
- 1 12
- 1 75
- 1 556
- 1 837
- 1 389
- 1 827
- 1 15
- 1 184
- 1 746
- 1 732
- 1 981
- 1 948
- 1 212
- 1 374
- 1 567
- 1 902
- 1 765
- 1 252
- 1 523
- 1 706
- 1 268
- 1 986
- 1 432
- 1 412
- 1 21
- 1 164
- 1 924
- 1 712
- 1 961
- 1 381
- 1 290
- 1 180
- 1 977
- 1 592
- 1 333
- 1 421
- 1 670
- 1 320
- 1 855
- 1 289
- 1 813
- 1 55
- 1 71
- 1 410
- 1 377
- 1 336
- 1 48
- 1 911
- 1 822
- 1 540
- 1 429
- 1 95
- 1 373
- 1 909
- 1 629
- 1 79
- 1 850
- 871 1
