3974
+ 1 3
+ 1 4
+ 1 5
+ 1 6
+ 1 7
+ 1 8
+ 1 9
+ 1 10
+ 1 101
+ 1 580
+ 1 816
+ 1 681
+ 1 359
+ 1 153
+ 1 705
+ 1 716
+ 1 390
+ 1 276
+ 1 789
+ 1 300
+ 1 308
+ 1 962
+ 1 191
+ 1 869
+ 1 691
+ 1 147
+ 1 311
+ 1 177
+ 1 608
+ 1 239
+ 1 599
+ 1 78
+ 1 36
+ 1 911
+ 1 454
+ 1 475
+ 1 694
+ 1 51
+ 1 356
+ 1 117
+ 1 332
+ 1 729
+ 1 355
+ 1 215
+ 1 778
+ 1 988
+ 1 281
+ 1 103
+ 1 42
+ 1 543
+ 1 588
+ 1 377
+ 1 954
+ 1 198
+ 1 140
+ 1 34
+ 1 524
+ 1 976
+ 1 909
+ 1 309
+ 1 832
+ 1 974
+ 1 466
+ 1 693
+ 1 771
+ 1 415
+ 1 514
+ 1 396
+ 1 796
+ 1 26
+ 1 881
+ 1 270
+ 1 550
+ 1 434
+ 1 979
+ 1 964
+ 1 717
+ 1 370
+ 1 388
+ 1 544
+ 1 678
+ 1 221
+ 1 244
+ 1 267
+ 1 102
+ 1 96
+ 1 864
+ 1 55
+ 1 963
+ 1 801
+ 1 695
+ 1 809
+ 1 662
+ 1 442
+ 1 906
+ 1 436
+ 1 736
+ 1 398
+ 1 488
+ 1 233
+ 1 108
+ 1 229
+ 1 785
+ 1 492
+ 1 467
+ 1 487
+ 1 602
+ 1 617
+ 1 945
+ 1 204
+ 1 549
+ 1 835
+ 1 35
+ 1 722
+ 1 187
+ 1 587
+ 1 197
+ 1 826
+ 1 931
+ 1 874
+ 1 811
+ 1 63
+ 1 546
+ 1 926
+ 1 870
+ 1 66
+ 1 891
+ 1 180
+ 1 956
+ 1 307
+ 1 863
+ 1 327
+ 1 898
+ 1 24
+ 1 851
+ 1 169
+ 1 363
+ 1 354
+ 1 723
+ 1 500
+ 1 669
+ 1 463
+ 1 576
+ 1 99
+ 1 596
+ 1 943
+ 1 160
+ 1 378
+ 1 859
+ 1 19
+ 1 469
+ 1 284
+ 1 670
+ 1 95
+ 1 336
+ 1 114
+ 1 814
+ 1 291
+ 1 494
+ 1 718
+ 1 573
+ 1 797
+ 1 254
+ 1 207
+ 1 375
+ 1 31
+ 1 746
+ 1 328
+ 1 472
+ 1 677
+ 1 749
+ 1 428
+ 1 942
+ 1 813
+ 1 519
+ 1 534
+ 1 712
+ 1 452
+ 1 603
+ 1 23
+ 1 793
+ 1 68
+ 1 203
+ 1 725
+ 1 92
+ 1 607
+ 1 14
+ 1 649
+ 1 807
+ 1 916
+ 1 245
+ 1 701
+ 1 971
+ 1 547
+ 1 478
+ 1 56
+ 1 641
+ 1 933
+ 1 121
+ 1 618
+ 1 258
+ 1 633
+ 1 285
+ 1 218
+ 1 455
+ 1 443
+ 1 401
+ 1 173
+ 1 822
+ 1 689
+ 1 235
+ 1 150
+ 1 275
+ 1 149
+ 1 277
+ 1 905
+ 1 193
+ 1 627
+ 1 60
+ 1 531
+ 1 135
+ 1 921
+ 1 632
+ 1 385
+ 1 83
+ 1 721
+ 1 353
+ 1 199
+ 1 821
+ 1 508
+ 1 399
+ 1 334
+ 1 512
+ 1 616
+ 1 72
+ 1 365
+ 1 317
+ 1 237
+ 1 333
+ 1 711
+ 1 760
+ 1 271
+ 1 958
+ 1 795
+ 1 272
+ 1 856
+ 1 687
+ 1 847
+ 1 619
+ 1 292
+ 1 57
+ 1 80
+ 1 425
+ 1 922
+ 1 572
+ 1 352
+ 1 834
+ 1 33
+ 1 709
+ 1 505
+ 1 473
+ 1 268
+ 1 28
+ 1 368
+ 1 913
+ 1 656
+ 1 935
+ 1 48
+ 1 486
+ 1 184
+ 1 653
+ 1 379
+ 1 304
+ 1 624
+ 1 430
+ 1 733
+ 1 518
+ 1 977
+ 1 636
+ 1 667
+ 1 551
+ 1 516
+ 1 22
+ 1 575
+ 1 182
+ 1 70
+ 1 71
+ 1 937
+ 1 348
+ 1 674
+ 1 540
+ 1 294
+ 1 928
+ 1 961
+ 1 20
+ 1 886
+ 1 857
+ 1 310
+ 1 894
+ 1 659
+ 1 67
+ 1 751
+ 1 790
+ 1 839
+ 1 223
+ 1 981
+ 1 852
+ 1 479
+ 1 558
+ 1 50
+ 1 496
+ 1 314
+ 1 766
+ 1 539
+ 1 787
+ 1 986
+ 1 269
+ 1 637
+ 1 924
+ 1 190
+ 1 263
+ 1 485
+ 1 697
+ 1 586
+ 1 966
+ 1 372
+ 1 625
+ 1 884
+ 1 651
+ 1 523
+ 1 520
+ 1 202
+ 1 296
+ 1 82
+ 1 567
+ 1 293
+ 1 893
+ 1 720
+ 1 351
+ 1 706
+ 1 115
+ 1 562
+ 1 635
+ 1 538
+ 1 579
+ 1 405
+ 1 770
+ 1 887
+ 1 280
+ 1 489
+ 1 358
+ 1 278
+ 1 553
+ 1 283
+ 1 27
+ 1 246
+ 1 227
+ 1 730
+ 1 52
+ 1 391
+ 1 482
+ 1 453
+ 1 100
+ 1 339
+ 1 601
+ 1 837
+ 1 75
+ 1 238
+ 1 650
+ 1 724
+ 1 162
+ 1 862
+ 1 104
+ 1 136
+ 1 750
+ 1 91
+ 1 230
+ 1 754
+ 1 663
+ 1 897
+ 1 672
+ 1 791
+ 1 600
+ 1 819
+ 1 480
+ 1 927
+ 1 615
+ 1 167
+ 1 950
+ 1 609
+ 1 699
+ 1 406
+ 1 685
+ 1 571
+ 1 420
+ 1 702
+ 1 522
+ 1 360
+ 1 517
+ 1 134
+ 1 282
+ 1 737
+ 1 192
+ 1 107
+ 1 343
+ 1 11
+ 1 570
+ 1 704
+ 1 483
+ 1 357
+ 1 673
+ 1 745
+ 1 503
+ 1 383
+ 1 342
+ 1 340
+ 1 361
+ 1 497
+ 1 707
+ 1 175
+ 1 194
+ 1 81
+ 1 714
+ 1 251
+ 1 948
+ 1 808
+ 1 738
+ 1 32
+ 1 30
+ 1 983
+ 1 240
+ 1 605
+ 1 533
+ 1 446
+ 1 481
+ 1 758
+ 1 16
+ 1 792
+ 1 161
+ 1 773
+ 1 69
+ 1 902
+ 1 220
+ 1 319
+ 1 118
+ 1 975
+ 1 225
+ 1 303
+ 1 944
+ 1 62
+ 1 410
+ 1 889
+ 1 120
+ 1 165
+ 1 409
+ 1 21
+ 1 84
+ 1 138
+ 1 594
+ 1 128
+ 1 312
+ 1 584
+ 1 938
+ 1 407
+ 1 802
+ 1 389
+ 1 15
+ 1 106
+ 1 274
+ 1 366
+ 1 661
+ 1 125
+ 1 65
+ 1 980
+ 1 367
+ 1 429
+ 1 288
+ 1 172
+ 1 845
+ 1 592
+ 1 798
+ 1 970
+ 1 247
+ 1 537
+ 1 854
+ 1 873
+ 1 511
+ 1 441
+ 1 228
+ 1 329
+ 1 400
+ 1 569
+ 1 899
+ 1 474
+ 1 664
+ 1 939
+ 1 648
+ 1 495
+ 1 527
+ 1 727
+ 1 779
+ 1 626
+ 1 259
+ 1 629
+ 1 923
+ 1 614
+ 1 148
+ 1 698
+ 1 387
+ 1 782
+ 1 411
+ 1 131
+ 1 98
+ 1 337
+ 1 306
+ 1 965
+ 1 710
+ 1 59
+ 1 414
+ 1 564
+ 1 684
+ 1 38
+ 1 422
+ 1 374
+ 1 578
+ 1 566
+ 1 696
+ 1 876
+ 1 521
+ 1 882
+ 1 331
+ 1 29
+ 1 498
+ 1 959
+ 1 914
+ 1 563
+ 1 265
+ 1 890
+ 1 382
+ 1 350
+ 1 113
+ 1 849
+ 1 130
+ 1 830
+ 1 951
+ 1 468
+ 1 211
+ 1 631
+ 1 515
+ 1 908
+ 1 764
+ 1 241
+ 1 509
+ 1 888
+ 1 628
+ 1 783
+ 1 97
+ 1 289
+ 1 295
+ 1 855
+ 1 799
+ 1 611
+ 1 105
+ 1 762
+ 1 61
+ 1 556
+ 1 253
+ 1 44
+ 1 919
+ 1 640
+ 1 652
+ 1 577
+ 1 418
+ 1 613
+ 1 957
+ 1 261
+ 1 384
+ 1 910
+ 1 946
+ 1 929
+ 1 865
+ 1 838
+ 1 364
+ 1 574
+ 1 395
+ 1 458
+ 1 840
+ 1 439
+ 1 741
+ 1 290
+ 1 248
+ 1 417
+ 1 158
+ 1 232
+ 1 504
+ 1 456
+ 1 643
+ 1 644
+ 1 18
+ 1 217
+ 1 222
+ 1 634
+ 1 116
+ 1 744
+ 1 555
+ 1 257
+ 1 740
+ 1 110
+ 1 380
+ 1 195
+ 1 212
+ 1 122
+ 1 185
+ 1 266
+ 1 583
+ 1 595
+ 1 990
+ 1 510
+ 1 408
+ 1 109
+ 1 437
+ 1 124
+ 1 394
+ 1 491
+ 1 90
+ 1 123
+ 1 49
+ 1 541
+ 1 657
+ 1 877
+ 1 260
+ 1 174
+ 1 392
+ 1 144
+ 1 448
+ 1 421
+ 1 126
+ 1 171
+ 1 804
+ 1 93
+ 1 660
+ 1 844
+ 1 883
+ 1 286
+ 1 206
+ 1 692
+ 1 298
+ 1 930
+ 1 325
+ 1 189
+ 1 868
+ 1 145
+ 1 901
+ 1 440
+ 1 416
+ 1 85
+ 1 73
+ 1 823
+ 1 501
+ 1 168
+ 1 490
+ 1 133
+ 1 831
+ 1 213
+ 1 256
+ 1 666
+ 1 598
+ 1 836
+ 1 17
+ 1 879
+ 1 41
+ 1 273
+ 1 224
+ 1 326
+ 1 214
+ 1 45
+ 1 752
+ 1 552
+ 1 850
+ 1 726
+ 1 345
+ 1 536
+ 1 612
+ 1 655
+ 1 243
+ 1 679
+ 1 777
+ 1 163
+ 1 742
+ 1 444
+ 1 915
+ 1 402
+ 1 346
+ 1 535
+ 1 129
+ 1 25
+ 1 668
+ 1 77
+ 1 985
+ 1 756
+ 1 58
+ 1 449
+ 1 188
+ 1 513
+ 1 151
+ 1 186
+ 1 46
+ 1 805
+ 1 817
+ 1 166
+ 1 64
+ 1 464
+ 1 984
+ 1 784
+ 1 753
+ 1 506
+ 1 335
+ 1 892
+ 1 529
+ 1 978
+ 1 682
+ 1 47
+ 1 381
+ 1 606
+ 1 780
+ 1 860
+ 1 987
+ 1 373
+ 1 743
+ 1 477
+ 1 671
+ 1 941
+ 1 242
+ 1 12
+ 1 776
+ 1 349
+ 1 772
+ 1 548
+ 1 119
+ 1 53
+ 1 812
+ 1 767
+ 1 955
+ 1 287
+ 1 39
+ 1 393
+ 1 853
+ 1 297
+ 1 252
+ 1 925
+ 1 620
+ 1 936
+ 1 967
+ 1 525
+ 1 900
+ 1 196
+ 1 708
+ 1 769
+ 1 940
+ 1 739
+ 1 848
+ 1 209
+ 1 610
+ 1 565
+ 1 181
+ 1 127
+ 1 37
+ 1 818
+ 1 279
+ 1 321
+ 1 142
+ 1 591
+ 1 79
+ 1 768
+ 1 432
+ 1 875
+ 1 982
+ 1 13
+ 1 885
+ 1 867
+ 1 435
+ 1 507
+ 1 759
+ 1 362
+ 1 871
+ 1 423
+ 1 324
+ 1 545
+ 1 542
+ 1 87
+ 1 878
+ 1 89
+ 1 638
+ 1 179
+ 1 413
+ 1 747
+ 1 788
+ 1 427
+ 1 419
+ 1 526
+ 1 159
+ 1 40
+ 1 316
+ 1 132
+ 1 528
+ 1 590
+ 1 74
+ 1 315
+ 1 841
+ 1 829
+ 1 858
+ 1 675
+ 1 866
+ 1 231
+ 1 786
+ 1 465
+ 1 183
+ 1 236
+ 1 302
+ 1 646
+ 1 934
+ 1 676
+ 1 597
+ 1 471
+ 1 301
+ 1 460
+ 1 431
+ 1 757
+ 1 803
+ 1 499
+ 1 299
+ 1 932
+ 1 585
+ 1 690
+ 1 647
+ 1 903
+ 1 904
+ 1 755
+ 1 920
+ 1 828
+ 1 623
+ 1 451
+ 1 688
+ 1 461
+ 1 111
+ 1 137
+ 1 989
+ 1 872
+ 1 176
+ 1 794
+ 1 88
+ 1 763
+ 1 622
+ 1 404
+ 1 917
+ 1 459
+ 1 713
+ 1 219
+ 1 880
+ 1 154
+ 1 234
+ 1 843
+ 1 255
+ 1 403
+ 1 532
+ 1 200
+ 1 703
+ 1 341
+ 1 433
+ 1 824
+ 1 806
+ 1 559
+ 1 825
+ 1 201
+ 1 170
+ 1 484
+ 1 896
+ 1 719
+ 1 842
+ 1 815
+ 1 774
+ 1 94
+ 1 665
+ 1 470
+ 1 152
+ 1 560
+ 1 895
+ 1 952
+ 1 621
+ 1 216
+ 1 833
+ 1 645
+ 1 775
+ 1 732
+ 1 972
+ 1 371
+ 1 322
+ 1 654
+ 1 715
+ 1 907
+ 1 141
+ 1 330
+ 1 156
+ 1 112
+ 1 143
+ 1 376
+ 1 968
+ 1 568
+ 1 953
+ 1 554
+ 1 424
+ 1 462
+ 1 582
+ 1 781
+ 1 827
+ 1 502
+ 1 686
+ 1 262
+ 1 318
+ 1 450
+ 1 320
+ 1 139
+ 1 642
+ 1 593
+ 1 820
+ 1 630
+ 1 561
+ 1 728
+ 1 731
+ 1 973
+ 1 386
+ 1 700
+ 1 445
+ 1 347
+ 1 369
+ 1 313
+ 1 76
+ 1 178
+ 1 457
+ 1 146
+ 1 493
+ 1 86
+ 1 734
+ 1 949
+ 1 969
+ 1 846
+ 1 530
+ 1 412
+ 1 397
+ 1 226
+ 1 210
+ 1 947
+ 1 157
+ 1 155
+ 1 164
+ 1 338
+ 1 208
+ 1 639
+ 1 683
+ 1 557
+ 1 438
+ 1 344
+ 1 264
+ 1 861
+ 1 604
+ 1 426
+ 1 800
+ 1 680
+ 1 581
+ 1 912
+ 1 447
+ 1 589
+ 1 249
+ 1 54
+ 1 205
+ 1 305
+ 1 323
+ 1 765
+ 1 918
+ 1 960
+ 1 43
+ 1 748
+ 1 250
+ 1 476
+ 1 810
+ 1 735
+ 1 761
+ 1 658
+ 1 991
+ 1 992
+ 1 993
+ 1 994
+ 1 995
+ 1 996
+ 1 997
+ 1 998
+ 1 999
+ 1 1000
- 2 3
- 3 4
- 4 5
- 5 6
- 6 7
- 7 8
- 8 9
- 9 10
- 10 101
- 11 343
- 11 570
- 12 242
- 12 776
- 13 982
- 13 885
- 14 607
- 14 649
- 15 389
- 15 106
- 16 758
- 16 792
- 17 836
- 17 879
- 18 644
- 18 217
- 19 859
- 19 469
- 20 961
- 20 886
- 21 409
- 21 84
- 22 516
- 22 575
- 23 603
- 23 793
- 24 898
- 24 851
- 25 129
- 25 668
- 26 796
- 26 881
- 27 283
- 27 246
- 28 268
- 28 368
- 29 331
- 29 498
- 30 32
- 30 983
- 31 375
- 31 746
- 32 738
- 33 834
- 33 709
- 34 140
- 34 524
- 35 835
- 35 722
- 36 78
- 36 911
- 37 127
- 37 818
- 38 684
- 38 422
- 39 287
- 39 393
- 40 159
- 40 316
- 41 879
- 41 273
- 42 103
- 42 543
- 43 960
- 43 748
- 44 253
- 44 919
- 45 214
- 45 752
- 46 186
- 46 805
- 47 682
- 47 381
- 48 935
- 48 486
- 49 123
- 49 541
- 50 558
- 50 496
- 51 694
- 51 356
- 52 730
- 52 391
- 53 119
- 53 812
- 54 249
- 54 205
- 55 864
- 55 963
- 56 478
- 56 641
- 57 292
- 57 80
- 58 756
- 58 449
- 59 710
- 59 414
- 60 627
- 60 531
- 61 762
- 61 556
- 62 944
- 62 410
- 63 811
- 63 546
- 64 166
- 64 464
- 65 125
- 65 980
- 66 870
- 66 891
- 67 659
- 67 751
- 68 793
- 68 203
- 69 773
- 69 902
- 70 182
- 70 71
- 71 937
- 72 616
- 72 365
- 73 85
- 73 823
- 74 590
- 74 315
- 75 837
- 75 238
- 76 313
- 76 178
- 77 668
- 77 985
- 78 599
- 79 591
- 79 768
- 80 425
- 81 194
- 81 714
- 82 296
- 82 567
- 83 385
- 83 721
- 84 138
- 85 416
- 86 493
- 86 734
- 87 542
- 87 878
- 88 794
- 88 763
- 89 878
- 89 638
- 90 491
- 90 123
- 91 750
- 91 230
- 92 725
- 92 607
- 93 804
- 93 660
- 94 774
- 94 665
- 95 670
- 95 336
- 96 102
- 96 864
- 97 783
- 97 289
- 98 131
- 98 337
- 99 576
- 99 596
- 100 453
- 100 339
- 101 580
- 102 267
- 103 281
- 104 862
- 104 136
- 105 611
- 105 762
- 106 274
- 107 192
- 107 343
- 108 233
- 108 229
- 109 408
- 109 437
- 110 740
- 110 380
- 111 461
- 111 137
- 112 156
- 112 143
- 113 350
- 113 849
- 114 336
- 114 814
- 115 706
- 115 562
- 116 634
- 116 744
- 117 356
- 117 332
- 118 319
- 118 975
- 119 548
- 120 889
- 120 165
- 121 933
- 121 618
- 122 212
- 122 185
- 124 437
- 124 394
- 125 661
- 126 421
- 126 171
- 127 181
- 128 594
- 128 312
- 129 535
- 130 849
- 130 830
- 131 411
- 132 316
- 132 528
- 133 490
- 133 831
- 134 517
- 134 282
- 135 531
- 135 921
- 136 750
- 137 989
- 138 594
- 139 320
- 139 642
- 140 198
- 141 907
- 141 330
- 142 321
- 142 591
- 143 376
- 144 392
- 144 448
- 145 868
- 145 901
- 146 457
- 146 493
- 147 691
- 147 311
- 148 614
- 148 698
- 149 275
- 149 277
- 150 235
- 150 275
- 151 513
- 151 186
- 152 470
- 152 560
- 153 359
- 153 705
- 154 880
- 154 234
- 155 157
- 155 164
- 156 330
- 157 947
- 158 417
- 158 232
- 159 526
- 160 943
- 160 378
- 161 792
- 161 773
- 162 724
- 162 862
- 163 777
- 163 742
- 164 338
- 165 409
- 166 817
- 167 615
- 167 950
- 168 501
- 168 490
- 169 851
- 169 363
- 170 201
- 170 484
- 171 804
- 172 288
- 172 845
- 173 401
- 173 822
- 174 260
- 174 392
- 175 707
- 175 194
- 176 872
- 176 794
- 177 311
- 177 608
- 178 457
- 179 638
- 179 413
- 180 891
- 180 956
- 181 565
- 182 575
- 183 465
- 183 236
- 184 486
- 184 653
- 185 266
- 187 722
- 187 587
- 188 449
- 188 513
- 189 325
- 189 868
- 190 924
- 190 263
- 191 962
- 191 869
- 192 737
- 193 905
- 193 627
- 195 380
- 195 212
- 196 900
- 196 708
- 197 587
- 197 826
- 198 954
- 199 353
- 199 821
- 200 532
- 200 703
- 201 825
- 202 520
- 202 296
- 203 725
- 204 945
- 204 549
- 205 305
- 206 286
- 206 692
- 207 254
- 207 375
- 208 338
- 208 639
- 209 848
- 209 610
- 210 226
- 210 947
- 211 468
- 211 631
- 213 831
- 213 256
- 214 326
- 215 355
- 215 778
- 216 621
- 216 833
- 217 222
- 218 285
- 218 455
- 219 713
- 219 880
- 220 902
- 220 319
- 221 678
- 221 244
- 222 634
- 223 839
- 223 981
- 224 273
- 224 326
- 225 975
- 225 303
- 226 397
- 227 246
- 227 730
- 228 441
- 228 329
- 229 785
- 230 754
- 231 866
- 231 786
- 232 504
- 233 488
- 234 843
- 235 689
- 236 302
- 237 317
- 237 333
- 238 650
- 239 608
- 239 599
- 240 983
- 240 605
- 241 764
- 241 509
- 242 941
- 243 655
- 243 679
- 244 267
- 245 916
- 245 701
- 247 970
- 247 537
- 248 290
- 248 417
- 249 589
- 250 748
- 250 476
- 251 714
- 251 948
- 252 297
- 252 925
- 253 556
- 254 797
- 255 843
- 255 403
- 256 666
- 257 555
- 257 740
- 258 618
- 258 633
- 259 626
- 259 629
- 260 877
- 261 957
- 261 384
- 262 686
- 262 318
- 263 485
- 264 344
- 264 861
- 265 563
- 265 890
- 266 583
- 268 473
- 269 986
- 269 637
- 270 881
- 270 550
- 271 760
- 271 958
- 272 795
- 272 856
- 274 366
- 276 390
- 276 789
- 277 905
- 278 358
- 278 553
- 279 818
- 279 321
- 280 887
- 280 489
- 281 988
- 282 737
- 283 553
- 284 469
- 284 670
- 285 633
- 286 883
- 287 955
- 288 429
- 289 295
- 290 741
- 291 814
- 291 494
- 292 619
- 293 567
- 293 893
- 294 540
- 294 928
- 295 855
- 297 853
- 298 692
- 298 930
- 299 499
- 299 932
- 300 789
- 300 308
- 301 471
- 301 460
- 302 646
- 303 944
- 304 379
- 304 624
- 305 323
- 306 337
- 306 965
- 307 956
- 307 863
- 308 962
- 309 909
- 309 832
- 310 857
- 310 894
- 312 584
- 313 369
- 314 496
- 314 766
- 315 841
- 317 365
- 318 450
- 320 450
- 322 371
- 322 654
- 323 765
- 324 423
- 324 545
- 325 930
- 327 863
- 327 898
- 328 746
- 328 472
- 329 400
- 331 882
- 332 729
- 333 711
- 334 399
- 334 512
- 335 506
- 335 892
- 339 601
- 340 342
- 340 361
- 341 703
- 341 433
- 342 383
- 344 438
- 345 726
- 345 536
- 346 402
- 346 535
- 347 445
- 347 369
- 348 937
- 348 674
- 349 776
- 349 772
- 350 382
- 351 720
- 351 706
- 352 572
- 352 834
- 353 721
- 354 363
- 354 723
- 355 729
- 357 483
- 357 673
- 358 489
- 359 681
- 360 522
- 360 517
- 361 497
- 362 759
- 362 871
- 364 838
- 364 574
- 366 661
- 367 980
- 367 429
- 368 913
- 370 717
- 370 388
- 371 972
- 372 966
- 372 625
- 373 987
- 373 743
- 374 422
- 374 578
- 376 968
- 377 588
- 377 954
- 378 859
- 379 653
- 381 606
- 382 890
- 383 503
- 384 910
- 385 632
- 386 973
- 386 700
- 387 698
- 387 782
- 388 544
- 389 802
- 390 716
- 391 482
- 393 853
- 394 491
- 395 574
- 395 458
- 396 514
- 396 796
- 397 412
- 398 736
- 398 488
- 399 508
- 400 569
- 401 443
- 402 915
- 403 532
- 404 622
- 404 917
- 405 579
- 405 770
- 406 699
- 406 685
- 407 938
- 407 802
- 408 510
- 410 889
- 411 782
- 412 530
- 413 747
- 414 564
- 415 771
- 415 514
- 416 440
- 418 577
- 418 613
- 419 427
- 419 526
- 420 571
- 420 702
- 421 448
- 423 871
- 424 554
- 424 462
- 425 922
- 426 604
- 426 800
- 427 788
- 428 749
- 428 942
- 430 624
- 430 733
- 431 460
- 431 757
- 432 768
- 432 875
- 433 824
- 434 550
- 434 979
- 435 867
- 435 507
- 436 906
- 436 736
- 438 557
- 439 840
- 439 741
- 440 901
- 441 511
- 442 662
- 442 906
- 443 455
- 444 742
- 444 915
- 445 700
- 446 533
- 446 481
- 447 912
- 447 589
- 451 623
- 451 688
- 452 712
- 452 603
- 453 482
- 454 911
- 454 475
- 456 504
- 456 643
- 458 840
- 459 917
- 459 713
- 461 688
- 462 582
- 463 669
- 463 576
- 464 984
- 465 786
- 466 974
- 466 693
- 467 492
- 467 487
- 468 951
- 470 665
- 471 597
- 472 677
- 473 505
- 474 899
- 474 664
- 475 694
- 476 810
- 477 743
- 477 671
- 478 547
- 479 852
- 479 558
- 480 819
- 480 927
- 481 758
- 483 704
- 484 896
- 485 697
- 487 602
- 492 785
- 494 718
- 495 648
- 495 527
- 497 707
- 498 959
- 499 803
- 500 723
- 500 669
- 501 823
- 502 827
- 502 686
- 503 745
- 505 709
- 506 753
- 507 759
- 508 821
- 509 888
- 510 990
- 511 873
- 512 616
- 515 631
- 515 908
- 516 551
- 518 733
- 518 977
- 519 813
- 519 534
- 520 523
- 521 876
- 521 882
- 522 702
- 523 651
- 524 976
- 525 967
- 525 900
- 527 727
- 528 590
- 529 892
- 529 978
- 530 846
- 533 605
- 534 712
- 536 612
- 537 854
- 538 635
- 538 579
- 539 766
- 539 787
- 540 674
- 541 657
- 542 545
- 543 588
- 544 678
- 546 926
- 547 971
- 548 772
- 549 835
- 551 667
- 552 752
- 552 850
- 554 953
- 555 744
- 557 683
- 559 806
- 559 825
- 560 895
- 561 630
- 561 728
- 562 635
- 563 914
- 564 684
- 565 610
- 566 578
- 566 696
- 568 968
- 568 953
- 569 899
- 570 704
- 571 685
- 572 922
- 573 718
- 573 797
- 577 652
- 580 816
- 581 680
- 581 912
- 582 781
- 583 595
- 584 938
- 585 932
- 585 690
- 586 697
- 586 966
- 592 845
- 592 798
- 593 642
- 593 820
- 595 990
- 596 943
- 597 676
- 598 666
- 598 836
- 600 791
- 600 819
- 601 837
- 602 617
- 604 861
- 606 780
- 609 950
- 609 699
- 611 799
- 612 655
- 613 957
- 614 923
- 615 927
- 617 945
- 619 847
- 620 925
- 620 936
- 621 952
- 622 763
- 623 828
- 625 884
- 626 779
- 628 888
- 628 783
- 629 923
- 630 820
- 632 921
- 636 977
- 636 667
- 637 924
- 639 683
- 640 919
- 640 652
- 641 933
- 643 644
- 645 833
- 645 775
- 646 934
- 647 690
- 647 903
- 648 939
- 649 807
- 650 724
- 651 884
- 654 715
- 656 913
- 656 935
- 657 877
- 658 761
- 658 991
- 659 894
- 660 844
- 662 809
- 663 754
- 663 897
- 664 939
- 671 941
- 672 897
- 672 791
- 673 745
- 675 858
- 675 866
- 676 934
- 677 749
- 679 777
- 680 800
- 681 816
- 682 978
- 687 856
- 687 847
- 689 822
- 691 869
- 693 771
- 695 801
- 695 809
- 696 876
- 701 971
- 705 716
- 708 769
- 710 965
- 711 760
- 715 907
- 717 964
- 719 896
- 719 842
- 720 893
- 726 850
- 727 779
- 728 731
- 731 973
- 732 775
- 732 972
- 734 949
- 735 810
- 735 761
- 738 808
- 739 940
- 739 848
- 747 788
- 751 790
- 753 784
- 755 904
- 755 920
- 756 985
- 757 803
- 764 908
- 765 918
- 767 812
- 767 955
- 769 940
- 770 887
- 774 815
- 778 988
- 780 860
- 781 827
- 784 984
- 787 986
- 790 839
- 795 958
- 798 970
- 799 855
- 801 963
- 805 817
- 806 824
- 807 916
- 808 948
- 811 874
- 813 942
- 815 842
- 826 931
- 828 920
- 829 841
- 829 858
- 830 951
- 832 974
- 838 865
- 844 883
- 846 969
- 852 981
- 854 873
- 857 886
- 860 987
- 865 929
- 867 885
- 870 926
- 872 989
- 874 931
- 875 982
- 895 952
- 903 904
- 909 976
- 910 946
- 914 959
- 918 960
- 928 961
- 929 946
- 936 967
- 949 969
- 964 979
+ 965 977
+ 961 979
+ 958 963
+ 902 971
+ 900 970
+ 896 915
+ 892 949
+ 886 957
+ 883 898
+ 880 956
+ 878 913
+ 871 945
+ 864 876
+ 861 892
+ 859 955
+ 858 860
+ 856 989
+ 853 890
+ 852 982
+ 849 905
+ 849 893
+ 847 941
+ 847 855
+ 837 858
+ 832 920
+ 826 884
+ 826 856
+ 825 866
+ 819 983
+ 816 890
+ 811 878
+ 807 853
+ 806 968
+ 806 844
+ 802 836
+ 799 916
+ 798 974
+ 797 937
+ 795 862
+ 795 828
+ 793 914
+ 791 833
+ 786 857
+ 785 943
+ 783 990
+ 779 798
+ 777 792
+ 777 820
+ 775 778
+ 774 865
+ 773 805
+ 769 976
+ 769 957
+ 766 930
+ 762 972
+ 756 757
+ 755 773
+ 749 912
+ 749 862
+ 745 833
+ 745 934
+ 744 940
+ 738 866
+ 735 815
+ 733 842
+ 733 835
+ 731 950
+ 729 887
+ 724 740
+ 723 750
+ 722 939
+ 721 962
+ 720 792
+ 717 726
+ 716 895
+ 715 942
+ 715 762
+ 713 747
+ 712 936
+ 711 821
+ 709 920
+ 708 973
+ 707 969
+ 703 960
+ 701 812
+ 700 894
+ 697 939
+ 696 845
+ 693 763
+ 692 831
+ 691 719
+ 690 743
+ 687 978
+ 686 775
+ 685 825
+ 684 712
+ 684 922
+ 683 786
+ 683 768
+ 681 718
+ 679 980
+ 678 699
+ 677 903
+ 676 840
+ 675 767
+ 674 675
+ 673 794
+ 671 865
+ 669 953
+ 666 729
+ 664 906
+ 664 929
+ 663 751
+ 656 791
+ 655 938
+ 654 902
+ 654 817
+ 652 808
+ 651 663
+ 649 877
+ 648 959
+ 647 752
+ 644 797
+ 643 947
+ 642 799
+ 641 648
+ 640 895
+ 638 770
+ 637 776
+ 636 779
+ 636 848
+ 633 851
+ 632 954
+ 632 965
+ 631 823
+ 630 697
+ 629 868
+ 627 821
+ 626 973
+ 624 893
+ 623 919
+ 623 741
+ 622 653
+ 622 871
+ 620 657
+ 620 790
+ 619 760
+ 619 782
+ 618 752
+ 616 932
+ 614 827
+ 614 719
+ 613 901
+ 613 980
+ 612 976
+ 611 784
+ 610 917
+ 609 708
+ 608 951
+ 606 854
+ 605 731
+ 604 863
+ 602 928
+ 601 934
+ 599 603
+ 597 726
+ 596 727
+ 591 873
+ 590 931
+ 588 647
+ 588 789
+ 587 813
+ 585 667
+ 584 710
+ 582 827
+ 581 617
+ 580 882
+ 578 830
+ 578 894
+ 577 766
+ 573 718
+ 572 724
+ 571 584
+ 571 787
+ 570 682
+ 570 607
+ 569 801
+ 568 891
+ 567 988
+ 567 688
+ 566 639
+ 565 834
+ 564 670
+ 563 714
+ 561 768
+ 561 908
+ 560 885
+ 559 781
+ 553 839
+ 553 758
+ 551 909
+ 549 650
+ 547 967
+ 545 716
+ 544 793
+ 544 881
+ 543 550
+ 542 970
+ 540 809
+ 539 743
+ 537 742
+ 536 879
+ 535 984
+ 534 680
+ 533 573
+ 531 723
+ 530 591
+ 529 838
+ 529 774
+ 526 628
+ 525 828
+ 523 873
+ 522 658
+ 522 722
+ 521 528
+ 521 645
+ 520 801
+ 519 659
+ 519 761
+ 517 532
+ 517 923
+ 516 537
+ 516 656
+ 515 547
+ 515 702
+ 512 910
+ 511 583
+ 510 800
+ 509 802
+ 508 702
+ 508 730
+ 507 592
+ 506 951
+ 505 545
+ 503 933
+ 501 551
+ 501 932
+ 499 967
+ 497 808
+ 495 985
+ 494 500
+ 493 854
+ 493 530
+ 492 603
+ 492 717
+ 490 840
+ 489 741
+ 489 882
+ 488 889
+ 487 986
+ 486 504
+ 485 944
+ 482 543
+ 481 922
+ 479 946
+ 478 692
+ 477 604
+ 477 579
+ 476 984
+ 475 679
+ 474 494
+ 473 846
+ 472 925
+ 471 742
+ 470 611
+ 469 660
+ 469 869
+ 468 677
+ 467 631
+ 467 720
+ 466 842
+ 465 921
+ 464 592
+ 463 532
+ 462 635
+ 460 824
+ 460 484
+ 459 870
+ 458 891
+ 457 888
+ 457 665
+ 456 627
+ 454 462
+ 454 612
+ 453 771
+ 453 672
+ 452 548
+ 452 509
+ 451 507
+ 451 682
+ 450 804
+ 448 904
+ 448 831
+ 447 514
+ 446 674
+ 445 748
+ 445 502
+ 444 962
+ 444 520
+ 442 524
+ 442 751
+ 441 921
+ 440 617
+ 439 955
+ 439 600
+ 438 836
+ 438 471
+ 437 926
+ 436 686
+ 435 855
+ 433 609
+ 432 459
+ 431 589
+ 431 721
+ 428 889
+ 427 560
+ 427 783
+ 426 818
+ 422 946
+ 421 899
+ 420 480
+ 420 884
+ 419 908
+ 418 615
+ 416 594
+ 415 753
+ 414 734
+ 413 496
+ 413 803
+ 412 928
+ 411 557
+ 410 942
+ 409 533
+ 409 834
+ 408 412
+ 407 991
+ 407 653
+ 406 857
+ 405 474
+ 404 486
+ 404 524
+ 403 703
+ 402 725
+ 402 896
+ 401 952
+ 400 989
+ 400 635
+ 399 497
+ 398 979
+ 396 586
+ 395 803
+ 394 737
+ 393 704
+ 393 880
+ 392 787
+ 392 888
+ 391 512
+ 390 624
+ 389 527
+ 388 950
+ 387 817
+ 387 776
+ 386 574
+ 385 935
+ 384 761
+ 384 759
+ 383 764
+ 382 978
+ 381 983
+ 381 666
+ 380 800
+ 379 390
+ 379 423
+ 378 583
+ 378 681
+ 376 628
+ 376 559
+ 375 953
+ 375 850
+ 374 691
+ 372 843
+ 372 535
+ 371 700
+ 371 548
+ 370 399
+ 370 678
+ 368 540
+ 367 587
+ 366 435
+ 366 458
+ 365 671
+ 364 630
+ 364 640
+ 363 945
+ 363 706
+ 361 641
+ 360 461
+ 359 872
+ 359 401
+ 358 369
+ 358 753
+ 357 739
+ 357 883
+ 356 479
+ 355 969
+ 355 518
+ 354 380
+ 353 555
+ 353 701
+ 351 498
+ 350 374
+ 349 397
+ 347 496
+ 346 562
+ 345 905
+ 344 443
+ 344 714
+ 343 621
+ 342 876
+ 342 577
+ 341 645
+ 341 602
+ 340 688
+ 340 852
+ 339 864
+ 338 391
+ 337 815
+ 337 668
+ 336 982
+ 336 987
+ 335 966
+ 335 417
+ 334 789
+ 334 804
+ 332 557
+ 331 388
+ 331 732
+ 330 924
+ 330 550
+ 328 732
+ 328 348
+ 327 581
+ 327 904
+ 326 782
+ 326 468
+ 325 491
+ 325 526
+ 324 734
+ 324 838
+ 323 649
+ 323 843
+ 322 879
+ 322 927
+ 321 748
+ 320 660
+ 319 556
+ 319 528
+ 318 667
+ 317 977
+ 317 345
+ 316 598
+ 315 403
+ 314 455
+ 314 429
+ 313 860
+ 312 333
+ 311 470
+ 310 952
+ 309 981
+ 308 423
+ 307 754
+ 306 333
+ 306 527
+ 305 595
+ 305 487
+ 304 464
+ 303 772
+ 303 436
+ 302 318
+ 300 349
+ 300 872
+ 299 585
+ 299 771
+ 298 596
+ 297 881
+ 296 373
+ 296 657
+ 295 886
+ 295 555
+ 294 710
+ 293 309
+ 293 377
+ 292 650
+ 291 914
+ 290 625
+ 289 796
+ 289 321
+ 288 449
+ 287 634
+ 287 593
+ 286 595
+ 285 558
+ 285 615
+ 284 338
+ 284 738
+ 283 662
+ 283 916
+ 281 727
+ 281 661
+ 280 805
+ 280 302
+ 278 829
+ 277 346
+ 276 554
+ 275 903
+ 275 735
+ 274 911
+ 273 961
+ 272 352
+ 272 564
+ 271 698
+ 270 389
+ 269 410
+ 268 975
+ 268 499
+ 267 746
+ 265 348
+ 265 875
+ 264 580
+ 264 362
+ 263 316
+ 263 572
+ 262 820
+ 262 552
+ 261 513
+ 260 396
+ 259 940
+ 259 863
+ 258 382
+ 258 837
+ 257 408
+ 257 981
+ 256 963
+ 255 605
+ 254 510
+ 253 266
+ 253 490
+ 252 728
+ 252 282
+ 251 350
+ 251 440
+ 250 844
+ 250 810
+ 249 643
+ 249 662
+ 248 513
+ 248 437
+ 247 736
+ 247 794
+ 246 927
+ 246 575
+ 245 541
+ 245 830
+ 244 415
+ 244 851
+ 243 867
+ 243 975
+ 242 633
+ 242 421
+ 241 767
+ 240 546
+ 240 924
+ 239 759
+ 238 301
+ 237 930
+ 236 424
+ 236 360
+ 235 599
+ 234 913
+ 234 554
+ 233 929
+ 233 255
+ 232 518
+ 231 483
+ 230 542
+ 230 784
+ 229 810
+ 229 424
+ 228 816
+ 225 273
+ 225 279
+ 224 608
+ 223 814
+ 223 495
+ 222 235
+ 221 956
+ 221 690
+ 220 307
+ 219 292
+ 218 224
+ 218 589
+ 217 419
+ 217 594
+ 216 514
+ 216 943
+ 215 907
+ 214 655
+ 214 373
+ 213 676
+ 213 760
+ 212 607
+ 212 947
+ 211 434
+ 211 696
+ 210 481
+ 209 848
+ 209 756
+ 207 362
+ 206 288
+ 206 304
+ 205 574
+ 205 538
+ 204 610
+ 204 455
+ 203 428
+ 202 461
+ 202 737
+ 201 832
+ 200 944
+ 199 812
+ 199 220
+ 198 266
+ 197 841
+ 197 966
+ 196 915
+ 196 811
+ 195 705
+ 195 988
+ 194 680
+ 194 320
+ 192 694
+ 191 219
+ 191 646
+ 190 861
+ 189 297
+ 188 502
+ 187 450
+ 186 986
+ 186 226
+ 185 788
+ 185 228
+ 184 829
+ 183 651
+ 183 809
+ 182 706
+ 182 728
+ 181 780
+ 181 556
+ 180 987
+ 180 900
+ 179 590
+ 179 405
+ 178 308
+ 178 725
+ 177 500
+ 177 351
+ 176 566
+ 176 621
+ 175 569
+ 175 483
+ 174 959
+ 174 546
+ 173 193
+ 173 398
+ 172 539
+ 172 780
+ 171 897
+ 171 332
+ 170 565
+ 170 582
+ 169 990
+ 169 968
+ 168 365
+ 168 874
+ 167 237
+ 167 449
+ 166 416
+ 166 846
+ 165 746
+ 165 763
+ 164 887
+ 163 311
+ 163 859
+ 162 383
+ 161 394
+ 161 504
+ 160 693
+ 159 475
+ 158 484
+ 158 361
+ 157 523
+ 157 203
+ 156 652
+ 155 629
+ 154 814
+ 153 764
+ 153 819
+ 152 226
+ 152 954
+ 151 673
+ 151 329
+ 150 668
+ 149 941
+ 148 646
+ 148 765
+ 147 923
+ 146 637
+ 146 689
+ 145 232
+ 145 465
+ 144 754
+ 144 907
+ 143 575
+ 143 149
+ 142 159
+ 142 347
+ 141 505
+ 141 425
+ 140 156
+ 139 478
+ 139 885
+ 138 429
+ 138 549
+ 137 312
+ 136 488
+ 136 369
+ 135 210
+ 135 137
+ 134 911
+ 134 536
+ 133 538
+ 133 669
+ 132 147
+ 132 698
+ 131 661
+ 131 639
+ 130 356
+ 130 736
+ 129 411
+ 129 140
+ 128 261
+ 127 208
+ 127 433
+ 126 689
+ 126 260
+ 125 707
+ 124 395
+ 124 446
+ 123 835
+ 123 755
+ 122 790
+ 122 128
+ 121 188
+ 121 227
+ 120 456
+ 120 434
+ 119 270
+ 119 414
+ 118 877
+ 117 781
+ 116 271
+ 116 506
+ 115 899
+ 115 618
+ 114 568
+ 113 870
+ 113 687
+ 112 818
+ 111 377
+ 111 278
+ 110 985
+ 109 473
+ 108 441
+ 108 274
+ 107 925
+ 107 867
+ 106 200
+ 106 841
+ 105 576
+ 105 472
+ 104 964
+ 104 155
+ 103 430
+ 103 933
+ 102 256
+ 102 352
+ 101 150
+ 101 964
+ 100 208
+ 99 972
+ 99 430
+ 98 525
+ 98 480
+ 97 750
+ 97 443
+ 96 552
+ 96 918
+ 95 164
+ 95 901
+ 94 593
+ 94 198
+ 93 310
+ 93 747
+ 92 425
+ 92 705
+ 91 730
+ 90 869
+ 90 294
+ 89 665
+ 89 541
+ 88 757
+ 88 711
+ 87 227
+ 87 739
+ 86 770
+ 86 917
+ 85 426
+ 85 772
+ 84 868
+ 84 192
+ 83 277
+ 82 644
+ 82 162
+ 81 960
+ 81 298
+ 80 875
+ 80 397
+ 79 110
+ 79 190
+ 78 498
+ 78 238
+ 77 241
+ 77 531
+ 76 91
+ 76 909
+ 75 201
+ 75 100
+ 74 215
+ 73 822
+ 73 788
+ 72 918
+ 72 222
+ 71 642
+ 71 938
+ 70 845
+ 70 485
+ 69 418
+ 69 406
+ 68 626
+ 68 839
+ 67 282
+ 67 511
+ 66 600
+ 66 796
+ 65 974
+ 64 579
+ 64 463
+ 63 586
+ 63 919
+ 62 926
+ 62 291
+ 61 898
+ 61 386
+ 60 239
+ 60 269
+ 59 207
+ 59 576
+ 58 417
+ 58 432
+ 57 367
+ 57 897
+ 56 503
+ 56 744
+ 55 785
+ 55 154
+ 54 695
+ 54 824
+ 53 765
+ 53 534
+ 52 713
+ 52 466
+ 51 187
+ 51 971
+ 50 231
+ 50 936
+ 49 699
+ 49 112
+ 48 118
+ 47 601
+ 47 634
+ 46 949
+ 46 193
+ 45 329
+ 45 286
+ 44 109
+ 44 823
+ 43 301
+ 43 658
+ 42 83
+ 42 254
+ 41 74
+ 41 659
+ 40 685
+ 40 937
+ 39 778
+ 39 339
+ 38 597
+ 38 290
+ 37 276
+ 37 704
+ 36 114
+ 36 558
+ 35 670
+ 35 906
+ 34 368
+ 34 931
+ 33 354
+ 33 315
+ 32 874
+ 32 491
+ 31 807
+ 30 740
+ 29 625
+ 29 638
+ 28 694
+ 28 598
+ 27 184
+ 27 948
+ 26 313
+ 26 709
+ 25 189
+ 25 385
+ 24 31
+ 24 695
+ 23 476
+ 23 562
+ 22 672
+ 22 267
+ 21 343
+ 21 65
+ 20 160
+ 20 606
+ 19 948
+ 19 447
+ 18 482
+ 18 813
+ 17 850
+ 17 822
+ 16 117
+ 16 422
+ 15 935
+ 15 912
+ 14 758
+ 14 958
+ 13 279
+ 13 910
+ 12 30
+ 12 48
+ 11 563
+ 11 125
+ 10 616
+ 9 10
+ 8 9
+ 7 8
+ 6 7
+ 5 6
+ 4 5
+ 3 4
+ 2 3
- 1 1000
- 1 999
- 1 998
- 1 997
- 1 996
- 1 995
- 1 994
- 1 993
- 1 992
- 1 991
- 1 407
- 1 653
- 1 622
- 1 871
- 1 945
- 1 363
- 1 706
- 1 182
- 1 728
- 1 252
- 1 282
- 1 67
- 1 511
- 1 583
- 1 378
- 1 681
- 1 718
- 1 573
- 1 533
- 1 409
- 1 834
- 1 565
- 1 170
- 1 582
- 1 827
- 1 614
- 1 719
- 1 691
- 1 374
- 1 350
- 1 251
- 1 440
- 1 617
- 1 581
- 1 327
- 1 904
- 1 448
- 1 831
- 1 692
- 1 478
- 1 139
- 1 885
- 1 560
- 1 427
- 1 783
- 1 990
- 1 169
- 1 968
- 1 806
- 1 844
- 1 250
- 1 810
- 1 229
- 1 424
- 1 236
- 1 360
- 1 461
- 1 202
- 1 737
- 1 394
- 1 161
- 1 504
- 1 486
- 1 404
- 1 524
- 1 442
- 1 751
- 1 663
- 1 651
- 1 183
- 1 809
- 1 540
- 1 368
- 1 34
- 1 931
- 1 590
- 1 179
- 1 405
- 1 474
- 1 494
- 1 500
- 1 177
- 1 351
- 1 498
- 1 78
- 1 238
- 1 301
- 1 43
- 1 658
- 1 522
- 1 722
- 1 939
- 1 697
- 1 630
- 1 364
- 1 640
- 1 895
- 1 716
- 1 545
- 1 505
- 1 141
- 1 425
- 1 92
- 1 705
- 1 195
- 1 988
- 1 567
- 1 688
- 1 340
- 1 852
- 1 982
- 1 336
- 1 987
- 1 180
- 1 900
- 1 970
- 1 542
- 1 230
- 1 784
- 1 611
- 1 470
- 1 311
- 1 163
- 1 859
- 1 955
- 1 439
- 1 600
- 1 66
- 1 796
- 1 289
- 1 321
- 1 748
- 1 445
- 1 502
- 1 188
- 1 121
- 1 227
- 1 87
- 1 739
- 1 357
- 1 883
- 1 898
- 1 61
- 1 386
- 1 574
- 1 205
- 1 538
- 1 133
- 1 669
- 1 953
- 1 375
- 1 850
- 1 17
- 1 822
- 1 73
- 1 788
- 1 185
- 1 228
- 1 816
- 1 890
- 1 853
- 1 807
- 1 31
- 1 24
- 1 695
- 1 54
- 1 824
- 1 460
- 1 484
- 1 158
- 1 361
- 1 641
- 1 648
- 1 959
- 1 174
- 1 546
- 1 240
- 1 924
- 1 330
- 1 550
- 1 543
- 1 482
- 1 18
- 1 813
- 1 587
- 1 367
- 1 57
- 1 897
- 1 171
- 1 332
- 1 557
- 1 411
- 1 129
- 1 140
- 1 156
- 1 652
- 1 808
- 1 497
- 1 399
- 1 370
- 1 678
- 1 699
- 1 49
- 1 112
- 1 818
- 1 426
- 1 85
- 1 772
- 1 303
- 1 436
- 1 686
- 1 775
- 1 778
- 1 39
- 1 339
- 1 864
- 1 876
- 1 342
- 1 577
- 1 766
- 1 930
- 1 237
- 1 167
- 1 449
- 1 288
- 1 206
- 1 304
- 1 464
- 1 592
- 1 507
- 1 451
- 1 682
- 1 570
- 1 607
- 1 212
- 1 947
- 1 643
- 1 249
- 1 662
- 1 283
- 1 916
- 1 799
- 1 642
- 1 71
- 1 938
- 1 655
- 1 214
- 1 373
- 1 296
- 1 657
- 1 620
- 1 790
- 1 122
- 1 128
- 1 261
- 1 513
- 1 248
- 1 437
- 1 926
- 1 62
- 1 291
- 1 914
- 1 793
- 1 544
- 1 881
- 1 297
- 1 189
- 1 25
- 1 385
- 1 935
- 1 15
- 1 912
- 1 749
- 1 862
- 1 795
- 1 828
- 1 525
- 1 98
- 1 480
- 1 420
- 1 884
- 1 826
- 1 856
- 1 989
- 1 400
- 1 635
- 1 462
- 1 454
- 1 612
- 1 976
- 1 769
- 1 957
- 1 886
- 1 295
- 1 555
- 1 353
- 1 701
- 1 812
- 1 199
- 1 220
- 1 307
- 1 754
- 1 144
- 1 907
- 1 215
- 1 74
- 1 41
- 1 659
- 1 519
- 1 761
- 1 384
- 1 759
- 1 239
- 1 60
- 1 269
- 1 410
- 1 942
- 1 715
- 1 762
- 1 972
- 1 99
- 1 430
- 1 103
- 1 933
- 1 503
- 1 56
- 1 744
- 1 940
- 1 259
- 1 863
- 1 604
- 1 477
- 1 579
- 1 64
- 1 463
- 1 532
- 1 517
- 1 923
- 1 147
- 1 132
- 1 698
- 1 271
- 1 116
- 1 506
- 1 951
- 1 608
- 1 224
- 1 218
- 1 589
- 1 431
- 1 721
- 1 962
- 1 444
- 1 520
- 1 801
- 1 569
- 1 175
- 1 483
- 1 231
- 1 50
- 1 936
- 1 712
- 1 684
- 1 922
- 1 481
- 1 210
- 1 135
- 1 137
- 1 312
- 1 333
- 1 306
- 1 527
- 1 389
- 1 270
- 1 119
- 1 414
- 1 734
- 1 324
- 1 838
- 1 529
- 1 774
- 1 865
- 1 671
- 1 365
- 1 168
- 1 874
- 1 32
- 1 491
- 1 325
- 1 526
- 1 628
- 1 376
- 1 559
- 1 781
- 1 117
- 1 16
- 1 422
- 1 946
- 1 479
- 1 356
- 1 130
- 1 736
- 1 247
- 1 794
- 1 673
- 1 151
- 1 329
- 1 45
- 1 286
- 1 595
- 1 305
- 1 487
- 1 986
- 1 186
- 1 226
- 1 152
- 1 954
- 1 632
- 1 965
- 1 977
- 1 317
- 1 345
- 1 905
- 1 849
- 1 893
- 1 624
- 1 390
- 1 379
- 1 423
- 1 308
- 1 178
- 1 725
- 1 402
- 1 896
- 1 915
- 1 196
- 1 811
- 1 878
- 1 913
- 1 234
- 1 554
- 1 276
- 1 37
- 1 704
- 1 393
- 1 880
- 1 956
- 1 221
- 1 690
- 1 743
- 1 539
- 1 172
- 1 780
- 1 181
- 1 556
- 1 319
- 1 528
- 1 521
- 1 645
- 1 341
- 1 602
- 1 928
- 1 412
- 1 408
- 1 257
- 1 981
- 1 309
- 1 293
- 1 377
- 1 111
- 1 278
- 1 829
- 1 184
- 1 27
- 1 948
- 1 19
- 1 447
- 1 514
- 1 216
- 1 943
- 1 785
- 1 55
- 1 154
- 1 814
- 1 223
- 1 495
- 1 985
- 1 110
- 1 79
- 1 190
- 1 861
- 1 892
- 1 949
- 1 46
- 1 193
- 1 173
- 1 398
- 1 979
- 1 961
- 1 273
- 1 225
- 1 279
- 1 13
- 1 910
- 1 512
- 1 391
- 1 338
- 1 284
- 1 738
- 1 866
- 1 825
- 1 685
- 1 40
- 1 937
- 1 797
- 1 644
- 1 82
- 1 162
- 1 383
- 1 764
- 1 153
- 1 819
- 1 983
- 1 381
- 1 666
- 1 729
- 1 887
- 1 164
- 1 95
- 1 901
- 1 613
- 1 980
- 1 679
- 1 475
- 1 159
- 1 142
- 1 347
- 1 496
- 1 413
- 1 803
- 1 395
- 1 124
- 1 446
- 1 674
- 1 675
- 1 767
- 1 241
- 1 77
- 1 531
- 1 723
- 1 750
- 1 97
- 1 443
- 1 344
- 1 714
- 1 563
- 1 11
- 1 125
- 1 707
- 1 969
- 1 355
- 1 518
- 1 232
- 1 145
- 1 465
- 1 921
- 1 441
- 1 108
- 1 274
- 1 911
- 1 134
- 1 536
- 1 879
- 1 322
- 1 927
- 1 246
- 1 575
- 1 143
- 1 149
- 1 941
- 1 847
- 1 855
- 1 435
- 1 366
- 1 458
- 1 891
- 1 568
- 1 114
- 1 36
- 1 558
- 1 285
- 1 615
- 1 418
- 1 69
- 1 406
- 1 857
- 1 786
- 1 683
- 1 768
- 1 561
- 1 908
- 1 419
- 1 217
- 1 594
- 1 416
- 1 166
- 1 846
- 1 473
- 1 109
- 1 44
- 1 823
- 1 631
- 1 467
- 1 720
- 1 792
- 1 777
- 1 820
- 1 262
- 1 552
- 1 96
- 1 918
- 1 72
- 1 222
- 1 235
- 1 599
- 1 603
- 1 492
- 1 717
- 1 726
- 1 597
- 1 38
- 1 290
- 1 625
- 1 29
- 1 638
- 1 770
- 1 86
- 1 917
- 1 610
- 1 204
- 1 455
- 1 314
- 1 429
- 1 138
- 1 549
- 1 650
- 1 292
- 1 219
- 1 191
- 1 646
- 1 148
- 1 765
- 1 53
- 1 534
- 1 680
- 1 194
- 1 320
- 1 660
- 1 469
- 1 869
- 1 90
- 1 294
- 1 710
- 1 584
- 1 571
- 1 787
- 1 392
- 1 888
- 1 457
- 1 665
- 1 89
- 1 541
- 1 245
- 1 830
- 1 578
- 1 894
- 1 700
- 1 371
- 1 548
- 1 452
- 1 509
- 1 802
- 1 836
- 1 438
- 1 471
- 1 742
- 1 537
- 1 516
- 1 656
- 1 791
- 1 833
- 1 745
- 1 934
- 1 601
- 1 47
- 1 634
- 1 287
- 1 593
- 1 94
- 1 198
- 1 266
- 1 253
- 1 490
- 1 840
- 1 676
- 1 213
- 1 760
- 1 619
- 1 782
- 1 326
- 1 468
- 1 677
- 1 903
- 1 275
- 1 735
- 1 815
- 1 337
- 1 668
- 1 150
- 1 101
- 1 964
- 1 104
- 1 155
- 1 629
- 1 868
- 1 84
- 1 192
- 1 694
- 1 28
- 1 598
- 1 316
- 1 263
- 1 572
- 1 724
- 1 740
- 1 30
- 1 12
- 1 48
- 1 118
- 1 877
- 1 649
- 1 323
- 1 843
- 1 372
- 1 535
- 1 984
- 1 476
- 1 23
- 1 562
- 1 346
- 1 277
- 1 83
- 1 42
- 1 254
- 1 510
- 1 800
- 1 380
- 1 354
- 1 33
- 1 315
- 1 403
- 1 703
- 1 960
- 1 81
- 1 298
- 1 596
- 1 727
- 1 281
- 1 661
- 1 131
- 1 639
- 1 566
- 1 176
- 1 621
- 1 343
- 1 21
- 1 65
- 1 974
- 1 798
- 1 779
- 1 636
- 1 848
- 1 209
- 1 756
- 1 757
- 1 88
- 1 711
- 1 821
- 1 627
- 1 456
- 1 120
- 1 434
- 1 211
- 1 696
- 1 845
- 1 70
- 1 485
- 1 944
- 1 200
- 1 106
- 1 841
- 1 197
- 1 966
- 1 335
- 1 417
- 1 58
- 1 432
- 1 459
- 1 870
- 1 113
- 1 687
- 1 978
- 1 382
- 1 258
- 1 837
- 1 858
- 1 860
- 1 313
- 1 26
- 1 709
- 1 920
- 1 832
- 1 201
- 1 75
- 1 100
- 1 208
- 1 127
- 1 433
- 1 609
- 1 708
- 1 973
- 1 626
- 1 68
- 1 839
- 1 553
- 1 758
- 1 14
- 1 958
- 1 963
- 1 256
- 1 102
- 1 352
- 1 272
- 1 564
- 1 670
- 1 35
- 1 906
- 1 664
- 1 929
- 1 233
- 1 255
- 1 605
- 1 731
- 1 950
- 1 388
- 1 331
- 1 732
- 1 328
- 1 348
- 1 265
- 1 875
- 1 80
- 1 397
- 1 349
- 1 300
- 1 872
- 1 359
- 1 401
- 1 952
- 1 310
- 1 93
- 1 747
- 1 713
- 1 52
- 1 466
- 1 842
- 1 733
- 1 835
- 1 123
- 1 755
- 1 773
- 1 805
- 1 280
- 1 302
- 1 318
- 1 667
- 1 585
- 1 299
- 1 771
- 1 453
- 1 672
- 1 22
- 1 267
- 1 746
- 1 165
- 1 763
- 1 693
- 1 160
- 1 20
- 1 606
- 1 854
- 1 493
- 1 530
- 1 591
- 1 873
- 1 523
- 1 157
- 1 203
- 1 428
- 1 889
- 1 488
- 1 136
- 1 369
- 1 358
- 1 753
- 1 415
- 1 244
- 1 851
- 1 633
- 1 242
- 1 421
- 1 899
- 1 115
- 1 618
- 1 752
- 1 647
- 1 588
- 1 789
- 1 334
- 1 804
- 1 450
- 1 187
- 1 51
- 1 971
- 1 902
- 1 654
- 1 817
- 1 387
- 1 776
- 1 637
- 1 146
- 1 689
- 1 126
- 1 260
- 1 396
- 1 586
- 1 63
- 1 919
- 1 623
- 1 741
- 1 489
- 1 882
- 1 580
- 1 264
- 1 362
- 1 207
- 1 59
- 1 576
- 1 105
- 1 472
- 1 925
- 1 107
- 1 867
- 1 243
- 1 975
- 1 268
- 1 499
- 1 967
- 1 547
- 1 515
- 1 702
- 1 508
- 1 730
- 1 91
- 1 76
- 1 909
- 1 551
- 1 501
- 1 932
- 1 616
- 1 10
- 1 9
- 1 8
- 1 7
- 1 6
- 1 5
- 1 4
- 3 1
