4306
+ 1 441
+ 1 719
+ 1 28
+ 1 485
+ 1 857
+ 1 546
+ 1 721
+ 1 434
+ 1 700
+ 1 668
+ 1 656
+ 1 542
+ 1 55
+ 1 696
+ 1 657
+ 1 465
+ 1 278
+ 1 409
+ 1 290
+ 1 684
+ 1 327
+ 1 723
+ 1 1000
+ 1 152
+ 1 575
+ 1 27
+ 1 69
+ 1 654
+ 1 736
+ 1 358
+ 1 855
+ 1 775
+ 1 399
+ 1 334
+ 1 788
+ 1 214
+ 1 816
+ 1 992
+ 1 192
+ 1 474
+ 1 487
+ 1 224
+ 1 784
+ 1 994
+ 1 132
+ 1 559
+ 1 387
+ 1 950
+ 1 557
+ 1 637
+ 1 562
+ 1 800
+ 1 968
+ 1 157
+ 1 448
+ 1 864
+ 1 93
+ 1 411
+ 1 913
+ 1 618
+ 1 842
+ 1 230
+ 1 262
+ 1 761
+ 1 859
+ 1 569
+ 1 99
+ 1 852
+ 1 780
+ 1 193
+ 1 60
+ 1 57
+ 1 556
+ 1 953
+ 1 41
+ 1 131
+ 1 88
+ 1 203
+ 1 511
+ 1 868
+ 1 438
+ 1 582
+ 1 341
+ 1 268
+ 1 925
+ 1 286
+ 1 999
+ 1 933
+ 1 796
+ 1 376
+ 1 329
+ 1 346
+ 1 392
+ 1 519
+ 1 342
+ 1 72
+ 1 882
+ 1 389
+ 1 256
+ 1 996
+ 1 98
+ 1 821
+ 1 197
+ 1 311
+ 1 530
+ 1 642
+ 1 110
+ 1 209
+ 1 922
+ 1 59
+ 1 248
+ 1 865
+ 1 42
+ 1 579
+ 1 489
+ 1 814
+ 1 623
+ 1 902
+ 1 768
+ 1 702
+ 1 567
+ 1 934
+ 1 458
+ 1 997
+ 1 686
+ 1 722
+ 1 361
+ 1 755
+ 1 630
+ 1 980
+ 1 738
+ 1 705
+ 1 638
+ 1 251
+ 1 335
+ 1 551
+ 1 604
+ 1 599
+ 1 887
+ 1 393
+ 1 239
+ 1 101
+ 1 952
+ 1 861
+ 1 927
+ 1 681
+ 1 127
+ 1 897
+ 1 330
+ 1 282
+ 1 795
+ 1 331
+ 1 664
+ 1 792
+ 1 914
+ 1 733
+ 1 375
+ 1 258
+ 1 325
+ 1 211
+ 1 891
+ 1 95
+ 1 627
+ 1 923
+ 1 622
+ 1 449
+ 1 930
+ 1 20
+ 1 178
+ 1 595
+ 1 707
+ 1 87
+ 1 587
+ 1 212
+ 1 333
+ 1 119
+ 1 231
+ 1 962
+ 1 687
+ 1 813
+ 1 353
+ 1 506
+ 1 285
+ 1 188
+ 1 540
+ 1 404
+ 1 161
+ 1 728
+ 1 315
+ 1 496
+ 1 412
+ 1 383
+ 1 797
+ 1 931
+ 1 51
+ 1 430
+ 1 672
+ 1 773
+ 1 428
+ 1 115
+ 1 456
+ 1 655
+ 1 355
+ 1 671
+ 1 612
+ 1 74
+ 1 410
+ 1 615
+ 1 249
+ 1 531
+ 1 523
+ 1 762
+ 1 359
+ 1 451
+ 1 136
+ 1 634
+ 1 568
+ 1 318
+ 1 247
+ 1 910
+ 1 790
+ 1 794
+ 1 558
+ 1 43
+ 1 388
+ 1 281
+ 1 261
+ 1 699
+ 1 548
+ 1 504
+ 1 633
+ 1 878
+ 1 886
+ 1 817
+ 1 124
+ 1 598
+ 1 288
+ 1 836
+ 1 345
+ 1 172
+ 1 785
+ 1 416
+ 1 747
+ 1 825
+ 1 391
+ 1 343
+ 1 503
+ 1 385
+ 1 204
+ 1 494
+ 1 19
+ 1 445
+ 1 266
+ 1 606
+ 1 425
+ 1 6
+ 1 510
+ 1 109
+ 1 398
+ 1 876
+ 1 956
+ 1 100
+ 1 174
+ 1 961
+ 1 52
+ 1 457
+ 1 9
+ 1 513
+ 1 833
+ 1 889
+ 1 647
+ 1 831
+ 1 372
+ 1 444
+ 1 206
+ 1 619
+ 1 949
+ 1 787
+ 1 528
+ 1 942
+ 1 102
+ 1 235
+ 1 205
+ 1 929
+ 1 735
+ 1 134
+ 1 781
+ 1 382
+ 1 746
+ 1 888
+ 1 79
+ 1 847
+ 1 697
+ 1 443
+ 1 945
+ 1 8
+ 1 300
+ 1 297
+ 1 640
+ 1 112
+ 1 892
+ 1 541
+ 1 884
+ 1 75
+ 1 989
+ 1 380
+ 1 461
+ 1 307
+ 1 895
+ 1 15
+ 1 432
+ 1 748
+ 1 512
+ 1 210
+ 1 683
+ 1 113
+ 1 760
+ 1 905
+ 1 824
+ 1 691
+ 1 30
+ 1 667
+ 1 481
+ 1 685
+ 1 313
+ 1 854
+ 1 679
+ 1 593
+ 1 104
+ 1 228
+ 1 837
+ 1 431
+ 1 911
+ 1 269
+ 1 190
+ 1 978
+ 1 308
+ 1 939
+ 1 758
+ 1 909
+ 1 514
+ 1 759
+ 1 526
+ 1 896
+ 1 883
+ 1 232
+ 1 85
+ 1 223
+ 1 77
+ 1 807
+ 1 37
+ 1 419
+ 1 3
+ 1 574
+ 1 588
+ 1 234
+ 1 920
+ 1 253
+ 1 690
+ 1 173
+ 1 220
+ 1 498
+ 1 561
+ 1 936
+ 1 912
+ 1 450
+ 1 196
+ 1 716
+ 1 603
+ 1 303
+ 1 970
+ 1 120
+ 1 195
+ 1 713
+ 1 439
+ 1 944
+ 1 129
+ 1 844
+ 1 495
+ 1 692
+ 1 177
+ 1 661
+ 1 875
+ 1 29
+ 1 189
+ 1 611
+ 1 670
+ 1 610
+ 1 872
+ 1 793
+ 1 344
+ 1 517
+ 1 734
+ 1 544
+ 1 572
+ 1 763
+ 1 594
+ 1 38
+ 1 96
+ 1 839
+ 1 381
+ 1 16
+ 1 182
+ 1 225
+ 1 873
+ 1 186
+ 1 486
+ 1 319
+ 1 437
+ 1 283
+ 1 706
+ 1 402
+ 1 208
+ 1 613
+ 1 967
+ 1 24
+ 1 194
+ 1 948
+ 1 584
+ 1 932
+ 1 586
+ 1 862
+ 1 663
+ 1 601
+ 1 467
+ 1 899
+ 1 509
+ 1 676
+ 1 662
+ 1 142
+ 1 54
+ 1 649
+ 1 966
+ 1 538
+ 1 171
+ 1 840
+ 1 919
+ 1 894
+ 1 665
+ 1 271
+ 1 137
+ 1 710
+ 1 64
+ 1 851
+ 1 298
+ 1 490
+ 1 61
+ 1 482
+ 1 242
+ 1 767
+ 1 727
+ 1 732
+ 1 810
+ 1 580
+ 1 265
+ 1 138
+ 1 477
+ 1 550
+ 1 135
+ 1 815
+ 1 148
+ 1 284
+ 1 725
+ 1 770
+ 1 179
+ 1 990
+ 1 981
+ 1 928
+ 1 867
+ 1 97
+ 1 397
+ 1 969
+ 1 799
+ 1 695
+ 1 296
+ 1 12
+ 1 304
+ 1 122
+ 1 413
+ 1 596
+ 1 118
+ 1 644
+ 1 371
+ 1 955
+ 1 908
+ 1 743
+ 1 915
+ 1 553
+ 1 259
+ 1 31
+ 1 455
+ 1 65
+ 1 91
+ 1 479
+ 1 620
+ 1 578
+ 1 658
+ 1 111
+ 1 53
+ 1 435
+ 1 527
+ 1 669
+ 1 421
+ 1 720
+ 1 36
+ 1 863
+ 1 964
+ 1 373
+ 1 39
+ 1 107
+ 1 786
+ 1 454
+ 1 635
+ 1 585
+ 1 440
+ 1 660
+ 1 164
+ 1 515
+ 1 250
+ 1 123
+ 1 222
+ 1 680
+ 1 420
+ 1 845
+ 1 484
+ 1 349
+ 1 987
+ 1 32
+ 1 159
+ 1 23
+ 1 306
+ 1 971
+ 1 480
+ 1 11
+ 1 272
+ 1 354
+ 1 362
+ 1 144
+ 1 650
+ 1 83
+ 1 726
+ 1 608
+ 1 589
+ 1 694
+ 1 583
+ 1 76
+ 1 973
+ 1 678
+ 1 554
+ 1 199
+ 1 33
+ 1 675
+ 1 820
+ 1 13
+ 1 659
+ 1 577
+ 1 140
+ 1 500
+ 1 715
+ 1 21
+ 1 70
+ 1 879
+ 1 276
+ 1 488
+ 1 180
+ 1 215
+ 1 629
+ 1 741
+ 1 789
+ 1 581
+ 1 632
+ 1 240
+ 1 522
+ 1 305
+ 1 181
+ 1 811
+ 1 254
+ 1 645
+ 1 117
+ 1 801
+ 1 750
+ 1 407
+ 1 291
+ 1 497
+ 1 505
+ 1 564
+ 1 436
+ 1 849
+ 1 368
+ 1 570
+ 1 607
+ 1 126
+ 1 708
+ 1 390
+ 1 848
+ 1 866
+ 1 400
+ 1 226
+ 1 68
+ 1 766
+ 1 446
+ 1 943
+ 1 609
+ 1 982
+ 1 147
+ 1 714
+ 1 972
+ 1 406
+ 1 299
+ 1 417
+ 1 566
+ 1 369
+ 1 617
+ 1 424
+ 1 2
+ 1 49
+ 1 937
+ 1 202
+ 1 312
+ 1 516
+ 1 703
+ 1 602
+ 1 475
+ 1 462
+ 1 241
+ 1 901
+ 1 819
+ 1 246
+ 1 347
+ 1 624
+ 1 184
+ 1 429
+ 1 648
+ 1 452
+ 1 974
+ 1 48
+ 1 78
+ 1 576
+ 1 995
+ 1 221
+ 1 471
+ 1 808
+ 1 693
+ 1 803
+ 1 774
+ 1 384
+ 1 666
+ 1 423
+ 1 22
+ 1 279
+ 1 293
+ 1 737
+ 1 492
+ 1 62
+ 1 316
+ 1 805
+ 1 25
+ 1 340
+ 1 712
+ 1 252
+ 1 571
+ 1 176
+ 1 651
+ 1 704
+ 1 50
+ 1 625
+ 1 592
+ 1 47
+ 1 917
+ 1 163
+ 1 326
+ 1 35
+ 1 826
+ 1 294
+ 1 84
+ 1 688
+ 1 236
+ 1 843
+ 1 191
+ 1 870
+ 1 165
+ 1 363
+ 1 301
+ 1 139
+ 1 621
+ 1 18
+ 1 153
+ 1 470
+ 1 257
+ 1 245
+ 1 765
+ 1 769
+ 1 317
+ 1 764
+ 1 464
+ 1 535
+ 1 652
+ 1 718
+ 1 543
+ 1 274
+ 1 26
+ 1 951
+ 1 508
+ 1 752
+ 1 641
+ 1 802
+ 1 921
+ 1 828
+ 1 771
+ 1 357
+ 1 128
+ 1 918
+ 1 476
+ 1 292
+ 1 386
+ 1 395
+ 1 183
+ 1 529
+ 1 469
+ 1 778
+ 1 947
+ 1 946
+ 1 809
+ 1 646
+ 1 379
+ 1 739
+ 1 791
+ 1 916
+ 1 17
+ 1 988
+ 1 871
+ 1 66
+ 1 986
+ 1 207
+ 1 14
+ 1 145
+ 1 777
+ 1 709
+ 1 740
+ 1 518
+ 1 162
+ 1 277
+ 1 422
+ 1 463
+ 1 244
+ 1 591
+ 1 877
+ 1 742
+ 1 442
+ 1 125
+ 1 273
+ 1 856
+ 1 154
+ 1 156
+ 1 941
+ 1 114
+ 1 853
+ 1 149
+ 1 200
+ 1 364
+ 1 170
+ 1 890
+ 1 418
+ 1 155
+ 1 366
+ 1 549
+ 1 818
+ 1 822
+ 1 459
+ 1 233
+ 1 370
+ 1 555
+ 1 433
+ 1 263
+ 1 525
+ 1 414
+ 1 460
+ 1 835
+ 1 314
+ 1 998
+ 1 639
+ 1 533
+ 1 337
+ 1 834
+ 1 339
+ 1 804
+ 1 217
+ 1 267
+ 1 881
+ 1 900
+ 1 590
+ 1 350
+ 1 521
+ 1 213
+ 1 614
+ 1 850
+ 1 324
+ 1 823
+ 1 975
+ 1 965
+ 1 169
+ 1 468
+ 1 351
+ 1 537
+ 1 216
+ 1 396
+ 1 677
+ 1 827
+ 1 547
+ 1 243
+ 1 985
+ 1 90
+ 1 926
+ 1 860
+ 1 483
+ 1 447
+ 1 682
+ 1 365
+ 1 957
+ 1 166
+ 1 67
+ 1 92
+ 1 310
+ 1 146
+ 1 270
+ 1 187
+ 1 772
+ 1 830
+ 1 938
+ 1 885
+ 1 502
+ 1 332
+ 1 116
+ 1 81
+ 1 426
+ 1 782
+ 1 754
+ 1 367
+ 1 133
+ 1 198
+ 1 237
+ 1 674
+ 1 289
+ 1 309
+ 1 86
+ 1 394
+ 1 466
+ 1 673
+ 1 227
+ 1 573
+ 1 869
+ 1 260
+ 1 534
+ 1 812
+ 1 499
+ 1 829
+ 1 898
+ 1 744
+ 1 958
+ 1 984
+ 1 322
+ 1 717
+ 1 275
+ 1 4
+ 1 643
+ 1 80
+ 1 689
+ 1 783
+ 1 320
+ 1 415
+ 1 374
+ 1 597
+ 1 336
+ 1 160
+ 1 491
+ 1 880
+ 1 493
+ 1 749
+ 1 378
+ 1 745
+ 1 34
+ 1 103
+ 1 94
+ 1 560
+ 1 798
+ 1 653
+ 1 105
+ 1 731
+ 1 954
+ 1 219
+ 1 352
+ 1 520
+ 1 724
+ 1 730
+ 1 121
+ 1 185
+ 1 636
+ 1 201
+ 1 751
+ 1 729
+ 1 106
+ 1 472
+ 1 628
+ 1 10
+ 1 7
+ 1 756
+ 1 757
+ 1 976
+ 1 711
+ 1 302
+ 1 977
+ 1 545
+ 1 377
+ 1 874
+ 1 63
+ 1 141
+ 1 71
+ 1 893
+ 1 501
+ 1 779
+ 1 401
+ 1 904
+ 1 295
+ 1 605
+ 1 903
+ 1 963
+ 1 626
+ 1 906
+ 1 983
+ 1 40
+ 1 453
+ 1 473
+ 1 218
+ 1 328
+ 1 323
+ 1 565
+ 1 507
+ 1 151
+ 1 45
+ 1 44
+ 1 46
+ 1 600
+ 1 960
+ 1 563
+ 1 940
+ 1 238
+ 1 150
+ 1 280
+ 1 841
+ 1 405
+ 1 979
+ 1 907
+ 1 753
+ 1 264
+ 1 539
+ 1 478
+ 1 631
+ 1 616
+ 1 338
+ 1 924
+ 1 287
+ 1 403
+ 1 846
+ 1 524
+ 1 838
+ 1 175
+ 1 82
+ 1 427
+ 1 167
+ 1 168
+ 1 89
+ 1 360
+ 1 408
+ 1 959
+ 1 5
+ 1 108
+ 1 991
+ 1 698
+ 1 58
+ 1 143
+ 1 73
+ 1 255
+ 1 858
+ 1 356
+ 1 229
+ 1 321
+ 1 552
+ 1 832
+ 1 993
+ 1 536
+ 1 348
+ 1 701
+ 1 158
+ 1 935
+ 1 532
+ 1 130
+ 1 806
- 2 424
- 3 441
- 3 574
- 3 588
- 4 275
- 4 717
- 5 959
- 6 441
- 6 510
- 7 441
- 7 756
- 8 441
- 9 513
- 9 457
- 10 441
- 11 480
- 11 272
- 12 296
- 12 695
- 13 659
- 13 441
- 13 577
- 14 207
- 14 986
- 15 441
- 16 441
- 17 988
- 17 871
- 17 441
- 18 153
- 18 470
- 18 441
- 19 445
- 19 441
- 19 266
- 20 441
- 20 178
- 20 595
- 21 70
- 21 441
- 21 879
- 22 423
- 22 666
- 23 306
- 23 441
- 24 441
- 24 194
- 25 340
- 25 441
- 25 712
- 26 441
- 27 441
- 28 441
- 29 875
- 30 441
- 31 259
- 31 455
- 32 159
- 32 987
- 33 675
- 33 441
- 33 820
- 34 103
- 34 94
- 34 441
- 35 441
- 35 826
- 36 720
- 36 863
- 37 807
- 37 77
- 38 594
- 38 96
- 39 441
- 40 453
- 40 983
- 41 441
- 41 131
- 42 441
- 42 579
- 42 489
- 43 388
- 43 441
- 43 281
- 44 441
- 45 151
- 46 600
- 46 441
- 47 592
- 47 917
- 48 78
- 48 441
- 49 441
- 50 625
- 50 704
- 51 931
- 51 797
- 52 961
- 52 174
- 53 441
- 53 435
- 54 142
- 55 542
- 55 656
- 56 776
- 57 193
- 57 60
- 58 143
- 58 73
- 58 441
- 59 441
- 60 193
- 61 490
- 61 482
- 62 492
- 62 316
- 63 874
- 64 851
- 64 441
- 65 441
- 66 441
- 67 166
- 67 957
- 68 766
- 68 441
- 69 441
- 70 879
- 71 141
- 72 342
- 72 519
- 73 143
- 74 441
- 74 410
- 74 615
- 75 884
- 76 583
- 77 441
- 77 807
- 79 441
- 79 847
- 80 689
- 80 441
- 81 426
- 81 441
- 82 427
- 82 441
- 83 650
- 84 688
- 84 294
- 85 232
- 85 223
- 86 394
- 86 466
- 86 441
- 87 587
- 87 441
- 88 441
- 89 360
- 89 408
- 89 441
- 90 243
- 90 985
- 91 479
- 91 441
- 91 620
- 92 441
- 93 448
- 93 864
- 94 103
- 95 211
- 95 891
- 96 594
- 97 441
- 98 996
- 99 569
- 100 956
- 101 952
- 101 441
- 101 861
- 102 942
- 104 679
- 104 593
- 105 653
- 106 472
- 106 628
- 106 441
- 107 441
- 108 991
- 108 441
- 109 398
- 109 441
- 109 876
- 110 642
- 110 209
- 111 441
- 112 441
- 113 441
- 114 441
- 115 428
- 116 332
- 116 502
- 117 441
- 118 441
- 118 644
- 119 441
- 120 441
- 120 195
- 121 185
- 121 441
- 121 636
- 122 441
- 122 413
- 122 596
- 123 441
- 123 222
- 124 441
- 124 598
- 125 442
- 126 607
- 127 441
- 127 897
- 127 330
- 128 918
- 128 476
- 128 441
- 129 441
- 130 532
- 130 806
- 132 994
- 133 198
- 133 441
- 134 441
- 134 781
- 135 550
- 136 441
- 136 634
- 136 568
- 137 271
- 138 580
- 138 265
- 139 301
- 140 441
- 140 500
- 140 715
- 141 441
- 142 441
- 144 362
- 145 777
- 145 441
- 146 310
- 147 982
- 147 714
- 148 815
- 148 284
- 149 853
- 150 238
- 151 441
- 152 1000
- 152 575
- 153 470
- 154 441
- 154 156
- 154 941
- 155 441
- 156 941
- 157 968
- 157 800
- 158 701
- 158 348
- 159 987
- 160 597
- 160 336
- 161 404
- 162 518
- 163 441
- 164 515
- 164 250
- 164 441
- 165 870
- 166 957
- 167 168
- 167 441
- 169 441
- 170 200
- 170 364
- 171 538
- 171 840
- 172 441
- 173 441
- 174 961
- 174 441
- 175 441
- 176 441
- 176 651
- 177 441
- 178 595
- 179 770
- 180 215
- 180 488
- 181 811
- 181 441
- 181 254
- 182 225
- 182 441
- 183 395
- 184 624
- 184 347
- 185 636
- 186 486
- 186 441
- 187 772
- 187 270
- 188 441
- 188 540
- 189 441
- 190 441
- 191 843
- 192 441
- 193 441
- 196 716
- 196 441
- 197 311
- 197 821
- 199 554
- 199 678
- 200 364
- 200 441
- 201 751
- 201 441
- 201 729
- 202 937
- 202 312
- 203 441
- 204 385
- 204 503
- 205 235
- 206 444
- 206 372
- 207 986
- 208 441
- 208 613
- 208 967
- 209 642
- 210 441
- 210 683
- 211 891
- 211 441
- 212 441
- 212 333
- 213 350
- 213 521
- 214 788
- 214 816
- 215 488
- 216 441
- 217 267
- 217 804
- 218 328
- 218 323
- 218 441
- 219 352
- 219 441
- 220 441
- 220 498
- 221 441
- 221 471
- 223 232
- 224 441
- 224 784
- 226 400
- 226 866
- 227 673
- 227 573
- 228 837
- 228 441
- 229 321
- 229 441
- 230 842
- 231 441
- 232 441
- 233 370
- 233 459
- 234 441
- 235 441
- 236 441
- 237 441
- 238 441
- 239 887
- 239 393
- 240 632
- 240 581
- 241 462
- 241 901
- 242 767
- 242 441
- 242 727
- 243 985
- 243 441
- 244 441
- 245 257
- 246 819
- 247 318
- 247 910
- 248 441
- 248 865
- 249 441
- 250 515
- 251 441
- 252 571
- 252 441
- 253 920
- 254 811
- 255 858
- 255 356
- 255 441
- 256 389
- 257 441
- 258 441
- 258 325
- 259 455
- 259 441
- 260 869
- 261 441
- 262 441
- 262 761
- 262 859
- 263 555
- 263 433
- 264 753
- 264 539
- 265 580
- 266 445
- 267 804
- 268 341
- 269 441
- 270 441
- 270 772
- 271 441
- 272 480
- 273 856
- 273 441
- 274 543
- 274 718
- 275 717
- 276 441
- 277 422
- 277 441
- 278 441
- 279 441
- 280 441
- 281 388
- 282 441
- 282 795
- 282 331
- 283 706
- 283 441
- 283 402
- 284 815
- 285 441
- 286 925
- 287 924
- 288 441
- 288 836
- 289 674
- 289 309
- 290 441
- 291 407
- 291 497
- 292 386
- 292 441
- 293 737
- 293 441
- 294 688
- 294 441
- 295 441
- 296 695
- 297 441
- 297 640
- 298 441
- 299 417
- 299 406
- 300 441
- 301 441
- 302 711
- 302 977
- 303 603
- 303 970
- 304 441
- 305 441
- 307 461
- 308 978
- 309 674
- 310 441
- 311 821
- 312 937
- 313 685
- 313 854
- 314 835
- 315 728
- 315 496
- 316 492
- 317 769
- 318 441
- 318 910
- 319 441
- 320 415
- 320 441
- 320 374
- 322 984
- 322 958
- 323 328
- 324 850
- 324 614
- 326 441
- 327 441
- 327 723
- 329 376
- 330 897
- 331 795
- 332 502
- 334 399
- 334 775
- 335 441
- 335 551
- 336 597
- 337 533
- 338 441
- 339 834
- 340 712
- 341 441
- 342 519
- 343 441
- 344 517
- 344 734
- 344 441
- 345 441
- 346 441
- 347 624
- 347 441
- 348 701
- 348 441
- 349 484
- 350 521
- 350 441
- 351 468
- 351 537
- 353 441
- 353 506
- 354 441
- 355 671
- 355 441
- 355 612
- 356 858
- 357 441
- 358 736
- 358 654
- 359 441
- 360 408
- 361 441
- 361 755
- 362 441
- 363 441
- 365 447
- 365 682
- 366 441
- 366 549
- 367 782
- 367 754
- 368 849
- 368 570
- 369 617
- 369 441
- 370 459
- 371 955
- 371 441
- 371 908
- 372 441
- 372 444
- 373 441
- 374 415
- 375 733
- 376 441
- 377 441
- 378 745
- 378 749
- 379 646
- 379 739
- 380 441
- 381 839
- 382 441
- 383 441
- 384 774
- 384 803
- 385 503
- 387 559
- 389 441
- 390 848
- 390 708
- 391 825
- 392 441
- 393 887
- 394 466
- 395 441
- 396 677
- 396 827
- 396 441
- 397 969
- 397 441
- 398 876
- 399 775
- 400 866
- 401 904
- 401 441
- 402 706
- 403 846
- 403 524
- 403 441
- 404 441
- 405 979
- 405 907
- 405 441
- 406 441
- 406 417
- 407 441
- 407 497
- 409 441
- 410 615
- 411 441
- 412 441
- 413 596
- 414 441
- 416 785
- 416 747
- 418 441
- 419 441
- 420 845
- 420 441
- 421 669
- 421 527
- 423 666
- 424 441
- 425 606
- 428 441
- 429 648
- 429 452
- 429 441
- 430 441
- 430 672
- 430 773
- 431 441
- 431 911
- 432 441
- 433 555
- 434 441
- 434 700
- 434 668
- 436 441
- 437 441
- 438 868
- 438 511
- 439 713
- 439 944
- 440 585
- 441 719
- 441 485
- 441 721
- 441 656
- 441 696
- 441 684
- 441 1000
- 441 654
- 441 855
- 441 775
- 441 788
- 441 992
- 441 474
- 441 994
- 441 559
- 441 950
- 441 562
- 441 800
- 441 448
- 441 913
- 441 842
- 441 569
- 441 852
- 441 780
- 441 556
- 441 511
- 441 582
- 441 925
- 441 999
- 441 796
- 441 519
- 441 882
- 441 996
- 441 821
- 441 530
- 441 642
- 441 922
- 441 814
- 441 768
- 441 702
- 441 934
- 441 997
- 441 630
- 441 738
- 441 705
- 441 604
- 441 887
- 441 927
- 441 664
- 441 733
- 441 627
- 441 449
- 441 930
- 441 707
- 441 962
- 441 728
- 441 797
- 441 456
- 441 655
- 441 531
- 441 523
- 441 762
- 441 451
- 441 790
- 441 699
- 441 548
- 441 878
- 441 785
- 441 825
- 441 503
- 441 494
- 441 606
- 441 956
- 441 457
- 441 833
- 441 889
- 441 619
- 441 787
- 441 528
- 441 942
- 441 929
- 441 746
- 441 888
- 441 697
- 441 443
- 441 945
- 441 892
- 441 884
- 441 989
- 441 461
- 441 895
- 441 748
- 441 760
- 441 905
- 441 667
- 441 685
- 441 679
- 441 978
- 441 939
- 441 758
- 441 514
- 441 896
- 441 920
- 441 690
- 441 561
- 441 936
- 441 603
- 441 713
- 441 844
- 441 692
- 441 661
- 441 875
- 441 611
- 441 670
- 441 872
- 441 544
- 441 594
- 441 839
- 441 873
- 441 948
- 441 584
- 441 586
- 441 601
- 441 899
- 441 509
- 441 662
- 441 649
- 441 966
- 441 538
- 441 919
- 441 710
- 441 490
- 441 732
- 441 580
- 441 477
- 441 550
- 441 815
- 441 725
- 441 770
- 441 990
- 441 981
- 441 799
- 441 695
- 441 743
- 441 915
- 441 578
- 441 527
- 441 720
- 441 964
- 441 786
- 441 585
- 441 660
- 441 680
- 441 484
- 441 987
- 441 971
- 441 480
- 441 650
- 441 726
- 441 694
- 441 583
- 441 973
- 441 678
- 441 776
- 441 488
- 441 629
- 441 581
- 441 522
- 441 645
- 441 801
- 441 750
- 441 505
- 441 849
- 441 607
- 441 708
- 441 866
- 441 446
- 441 982
- 441 972
- 441 566
- 441 937
- 441 516
- 441 703
- 441 462
- 441 819
- 441 974
- 441 576
- 441 995
- 441 808
- 441 803
- 441 666
- 441 492
- 441 805
- 441 704
- 441 592
- 441 843
- 441 870
- 441 621
- 441 765
- 441 769
- 441 764
- 441 535
- 441 652
- 441 718
- 441 951
- 441 641
- 441 921
- 441 529
- 441 947
- 441 646
- 441 791
- 441 986
- 441 709
- 441 518
- 441 463
- 441 591
- 441 442
- 441 853
- 441 890
- 441 818
- 441 459
- 441 555
- 441 525
- 441 460
- 441 835
- 441 998
- 441 533
- 441 834
- 441 804
- 441 881
- 441 614
- 441 823
- 441 468
- 441 547
- 441 926
- 441 860
- 441 483
- 441 447
- 441 957
- 441 830
- 441 502
- 441 782
- 441 674
- 441 673
- 441 869
- 441 534
- 441 499
- 441 829
- 441 744
- 441 958
- 441 717
- 441 643
- 441 783
- 441 597
- 441 491
- 441 749
- 441 560
- 441 653
- 441 731
- 441 520
- 441 757
- 441 711
- 441 545
- 441 874
- 441 893
- 441 605
- 441 963
- 441 983
- 441 473
- 441 565
- 441 960
- 441 841
- 441 753
- 441 478
- 441 924
- 441 838
- 441 959
- 441 698
- 441 552
- 441 993
- 441 935
- 441 532
- 446 943
- 446 609
- 447 682
- 448 864
- 450 912
- 450 936
- 452 648
- 453 983
- 454 635
- 454 786
- 457 513
- 458 934
- 462 901
- 464 764
- 465 696
- 465 657
- 467 601
- 468 537
- 469 778
- 469 529
- 472 628
- 474 487
- 475 602
- 475 703
- 476 918
- 478 631
- 478 616
- 479 620
- 481 667
- 482 490
- 485 857
- 485 546
- 489 579
- 491 880
- 491 493
- 493 880
- 495 844
- 496 728
- 500 715
- 501 893
- 501 779
- 504 633
- 504 548
- 505 564
- 507 565
- 508 752
- 508 951
- 509 676
- 511 868
- 512 748
- 514 759
- 514 526
- 517 734
- 520 724
- 520 730
- 524 846
- 526 759
- 527 669
- 529 778
- 532 806
- 534 812
- 536 993
- 538 840
- 539 753
- 541 892
- 542 656
- 543 718
- 544 572
- 544 763
- 546 857
- 548 633
- 552 832
- 553 915
- 554 678
- 556 953
- 557 950
- 557 637
- 558 790
- 558 794
- 560 798
- 563 960
- 563 940
- 567 702
- 568 634
- 570 849
- 572 763
- 573 673
- 574 588
- 575 1000
- 577 659
- 578 658
- 581 632
- 584 932
- 586 862
- 586 663
- 589 608
- 589 726
- 590 881
- 590 900
- 591 877
- 591 742
- 592 917
- 593 679
- 599 604
- 602 703
- 603 970
- 605 903
- 608 726
- 609 943
- 610 670
- 612 671
- 613 967
- 614 850
- 616 631
- 618 913
- 619 949
- 622 627
- 622 923
- 623 902
- 623 814
- 625 704
- 626 963
- 626 906
- 627 923
- 629 741
- 629 789
- 630 980
- 635 786
- 637 950
- 638 705
- 639 998
- 641 802
- 646 739
- 647 889
- 647 831
- 654 736
- 657 696
- 663 862
- 664 792
- 664 914
- 665 894
- 665 919
- 668 700
- 672 773
- 675 820
- 677 827
- 681 927
- 685 854
- 686 722
- 686 997
- 687 962
- 687 813
- 691 824
- 691 905
- 693 808
- 708 848
- 709 740
- 711 977
- 713 944
- 714 982
- 720 863
- 722 997
- 724 730
- 727 767
- 729 751
- 731 954
- 732 810
- 735 929
- 741 789
- 742 877
- 745 749
- 747 785
- 752 951
- 754 782
- 757 976
- 758 909
- 761 859
- 771 828
- 771 921
- 774 803
- 779 893
- 788 816
- 790 794
- 791 916
- 792 914
- 793 872
- 797 931
- 800 968
- 809 946
- 809 947
- 813 962
- 814 902
- 817 886
- 817 878
- 818 822
- 823 975
- 823 965
- 824 905
- 828 921
- 829 898
- 830 938
- 830 885
- 831 889
- 861 952
- 867 928
- 867 981
- 871 988
- 878 886
- 881 900
- 883 896
- 885 938
- 894 919
- 906 963
- 907 979
- 908 955
- 912 936
- 928 981
- 933 999
- 940 960
- 946 947
- 958 984
- 965 975
+ 961 991
+ 946 970
+ 945 979
+ 934 941
+ 915 985
+ 915 942
+ 915 927
+ 915 928
+ 915 971
+ 915 967
+ 915 974
+ 915 944
+ 915 989
+ 915 992
+ 915 924
+ 915 981
+ 915 951
+ 915 958
+ 915 947
+ 915 965
+ 915 995
+ 915 1000
+ 915 917
+ 915 934
+ 915 937
+ 915 999
+ 915 976
+ 915 988
+ 915 968
+ 915 984
+ 915 945
+ 915 926
+ 915 939
+ 915 932
+ 915 998
+ 915 933
+ 915 980
+ 915 994
+ 915 991
+ 915 943
+ 915 957
+ 915 952
+ 915 918
+ 915 956
+ 915 966
+ 915 950
+ 915 923
+ 915 986
+ 915 993
+ 913 915
+ 911 915
+ 910 915
+ 909 915
+ 908 915
+ 907 915
+ 906 915
+ 904 919
+ 902 915
+ 901 915
+ 900 915
+ 892 915
+ 890 915
+ 888 915
+ 885 925
+ 885 915
+ 884 915
+ 883 915
+ 883 982
+ 882 915
+ 881 915
+ 881 891
+ 877 915
+ 876 972
+ 875 915
+ 874 915
+ 872 990
+ 871 915
+ 866 953
+ 866 915
+ 865 915
+ 858 915
+ 856 915
+ 855 915
+ 855 954
+ 854 915
+ 853 915
+ 852 915
+ 850 915
+ 848 915
+ 847 915
+ 846 915
+ 845 915
+ 844 915
+ 844 938
+ 843 915
+ 841 915
+ 840 915
+ 839 915
+ 838 853
+ 837 915
+ 836 921
+ 834 915
+ 833 915
+ 830 915
+ 829 997
+ 829 915
+ 827 915
+ 826 915
+ 824 915
+ 823 915
+ 823 940
+ 817 915
+ 814 915
+ 813 915
+ 812 915
+ 809 915
+ 808 915
+ 807 959
+ 806 915
+ 805 994
+ 803 816
+ 802 915
+ 800 915
+ 797 915
+ 796 915
+ 794 915
+ 792 799
+ 790 964
+ 790 915
+ 789 799
+ 789 915
+ 789 792
+ 788 915
+ 787 984
+ 785 915
+ 780 914
+ 779 935
+ 777 915
+ 776 858
+ 775 806
+ 772 915
+ 770 915
+ 769 915
+ 769 778
+ 768 916
+ 768 915
+ 767 777
+ 766 915
+ 765 915
+ 762 915
+ 761 915
+ 760 915
+ 759 915
+ 758 915
+ 755 915
+ 752 958
+ 751 915
+ 750 915
+ 749 768
+ 749 916
+ 748 915
+ 747 882
+ 746 915
+ 744 756
+ 743 948
+ 743 915
+ 742 915
+ 739 915
+ 738 915
+ 737 862
+ 734 915
+ 733 915
+ 732 915
+ 731 915
+ 726 915
+ 724 783
+ 724 915
+ 723 915
+ 723 862
+ 723 737
+ 722 915
+ 721 915
+ 720 915
+ 718 878
+ 717 915
+ 716 915
+ 714 915
+ 713 986
+ 712 915
+ 711 915
+ 709 793
+ 708 782
+ 707 915
+ 706 987
+ 705 915
+ 704 915
+ 703 856
+ 701 939
+ 700 929
+ 700 915
+ 699 915
+ 698 915
+ 696 833
+ 695 915
+ 695 697
+ 694 915
+ 694 905
+ 693 907
+ 692 965
+ 691 739
+ 690 732
+ 689 915
+ 687 915
+ 686 819
+ 686 915
+ 685 920
+ 685 915
+ 683 915
+ 682 878
+ 682 718
+ 682 915
+ 681 915
+ 678 930
+ 677 915
+ 676 745
+ 676 915
+ 674 915
+ 673 915
+ 671 915
+ 670 834
+ 669 715
+ 668 922
+ 667 923
+ 666 915
+ 665 820
+ 665 915
+ 664 915
+ 664 784
+ 663 915
+ 662 915
+ 661 999
+ 660 915
+ 658 702
+ 658 915
+ 657 915
+ 656 710
+ 655 908
+ 654 988
+ 653 915
+ 653 889
+ 651 915
+ 651 983
+ 649 915
+ 649 955
+ 647 915
+ 647 893
+ 646 908
+ 646 655
+ 645 915
+ 645 842
+ 644 887
+ 642 679
+ 640 837
+ 638 915
+ 637 796
+ 635 915
+ 634 980
+ 632 915
+ 629 651
+ 629 983
+ 626 915
+ 623 625
+ 623 915
+ 622 915
+ 620 915
+ 620 736
+ 619 915
+ 619 894
+ 618 915
+ 617 915
+ 617 919
+ 617 904
+ 616 915
+ 616 996
+ 615 915
+ 614 915
+ 613 624
+ 613 915
+ 611 978
+ 611 915
+ 610 915
+ 609 915
+ 609 931
+ 607 765
+ 606 915
+ 606 639
+ 604 915
+ 603 915
+ 602 915
+ 601 915
+ 600 942
+ 598 715
+ 598 915
+ 598 669
+ 597 831
+ 596 915
+ 595 915
+ 594 915
+ 594 903
+ 593 698
+ 592 915
+ 591 870
+ 590 915
+ 586 662
+ 585 915
+ 585 652
+ 584 915
+ 583 915
+ 581 915
+ 581 822
+ 580 610
+ 578 915
+ 577 915
+ 576 915
+ 576 588
+ 575 915
+ 573 915
+ 572 628
+ 571 939
+ 571 701
+ 570 936
+ 569 915
+ 568 915
+ 567 973
+ 566 915
+ 566 987
+ 566 706
+ 565 841
+ 564 742
+ 563 871
+ 562 915
+ 561 684
+ 558 915
+ 557 915
+ 556 977
+ 555 915
+ 554 915
+ 553 915
+ 552 915
+ 551 804
+ 550 915
+ 548 870
+ 548 591
+ 548 915
+ 547 610
+ 547 580
+ 546 781
+ 546 915
+ 544 915
+ 543 915
+ 542 721
+ 541 621
+ 540 666
+ 539 717
+ 538 625
+ 538 623
+ 537 889
+ 537 653
+ 536 560
+ 536 915
+ 535 915
+ 534 915
+ 534 648
+ 533 716
+ 532 777
+ 532 767
+ 531 679
+ 531 642
+ 531 915
+ 530 915
+ 530 774
+ 529 797
+ 526 915
+ 523 915
+ 522 915
+ 522 873
+ 521 915
+ 518 659
+ 517 915
+ 516 848
+ 515 728
+ 515 915
+ 513 915
+ 512 747
+ 512 882
+ 511 915
+ 511 810
+ 510 604
+ 509 915
+ 508 915
+ 507 915
+ 504 915
+ 503 915
+ 502 915
+ 501 845
+ 500 559
+ 500 915
+ 499 915
+ 498 738
+ 497 631
+ 496 915
+ 495 915
+ 494 710
+ 494 915
+ 494 656
+ 493 915
+ 491 915
+ 490 915
+ 489 769
+ 489 778
+ 488 735
+ 486 915
+ 486 545
+ 485 524
+ 484 885
+ 484 925
+ 483 562
+ 482 915
+ 480 599
+ 480 915
+ 479 542
+ 479 721
+ 478 915
+ 477 688
+ 475 915
+ 474 608
+ 473 641
+ 473 915
+ 472 915
+ 472 771
+ 471 811
+ 470 595
+ 469 915
+ 469 899
+ 468 915
+ 467 915
+ 467 811
+ 467 471
+ 466 905
+ 466 694
+ 465 786
+ 464 935
+ 464 779
+ 464 915
+ 462 915
+ 461 741
+ 460 791
+ 458 530
+ 458 774
+ 457 683
+ 456 864
+ 456 915
+ 455 915
+ 454 915
+ 452 915
+ 451 868
+ 451 915
+ 450 549
+ 450 915
+ 449 672
+ 448 671
+ 446 915
+ 445 463
+ 445 915
+ 444 481
+ 444 915
+ 443 568
+ 442 915
+ 441 969
+ 441 915
+ 440 578
+ 439 915
+ 438 915
+ 437 915
+ 437 492
+ 436 915
+ 435 499
+ 434 915
+ 433 915
+ 431 852
+ 430 915
+ 430 859
+ 429 895
+ 428 915
+ 428 857
+ 427 915
+ 425 786
+ 425 465
+ 425 915
+ 424 915
+ 424 795
+ 423 915
+ 422 915
+ 421 985
+ 420 915
+ 419 915
+ 418 915
+ 417 915
+ 416 915
+ 416 514
+ 415 915
+ 415 650
+ 414 449
+ 414 672
+ 414 915
+ 413 915
+ 412 915
+ 411 704
+ 410 915
+ 409 830
+ 408 974
+ 407 612
+ 407 915
+ 406 915
+ 405 541
+ 405 915
+ 405 621
+ 404 915
+ 403 879
+ 401 915
+ 401 963
+ 400 446
+ 399 609
+ 399 931
+ 398 915
+ 397 739
+ 397 691
+ 396 915
+ 394 518
+ 394 659
+ 394 915
+ 393 915
+ 392 969
+ 392 441
+ 391 643
+ 391 915
+ 389 915
+ 388 926
+ 387 915
+ 386 918
+ 385 577
+ 384 495
+ 383 427
+ 382 915
+ 382 780
+ 382 914
+ 381 419
+ 380 453
+ 379 915
+ 377 569
+ 375 915
+ 375 949
+ 374 915
+ 374 528
+ 373 915
+ 372 915
+ 371 960
+ 371 915
+ 370 915
+ 368 387
+ 367 418
+ 366 976
+ 365 446
+ 365 400
+ 364 994
+ 364 805
+ 363 915
+ 362 731
+ 361 729
+ 361 915
+ 360 733
+ 359 613
+ 359 624
+ 358 915
+ 357 915
+ 355 794
+ 354 444
+ 354 481
+ 353 438
+ 351 514
+ 351 416
+ 350 451
+ 350 868
+ 349 915
+ 349 376
+ 348 915
+ 348 836
+ 348 921
+ 347 644
+ 347 887
+ 347 915
+ 346 727
+ 345 506
+ 344 527
+ 344 915
+ 343 605
+ 343 915
+ 342 975
+ 342 915
+ 341 915
+ 341 587
+ 338 915
+ 337 896
+ 337 915
+ 336 633
+ 336 915
+ 335 915
+ 334 915
+ 333 459
+ 333 915
+ 332 725
+ 332 915
+ 330 915
+ 330 898
+ 329 574
+ 328 802
+ 327 915
+ 326 730
+ 325 915
+ 324 869
+ 324 915
+ 323 865
+ 322 915
+ 321 915
+ 321 936
+ 321 570
+ 320 843
+ 319 485
+ 319 915
+ 319 524
+ 318 798
+ 317 519
+ 317 915
+ 316 970
+ 316 946
+ 316 915
+ 315 915
+ 315 835
+ 314 396
+ 313 915
+ 313 561
+ 313 684
+ 312 633
+ 312 336
+ 311 860
+ 311 915
+ 309 867
+ 308 763
+ 308 915
+ 306 915
+ 306 403
+ 306 879
+ 305 915
+ 304 377
+ 304 569
+ 303 331
+ 302 975
+ 302 342
+ 301 544
+ 300 915
+ 300 460
+ 300 791
+ 299 915
+ 299 959
+ 299 807
+ 298 517
+ 297 757
+ 297 915
+ 296 915
+ 295 831
+ 295 915
+ 295 597
+ 294 911
+ 293 915
+ 292 626
+ 291 821
+ 290 930
+ 290 678
+ 290 915
+ 289 626
+ 289 292
+ 288 474
+ 288 608
+ 288 915
+ 287 995
+ 286 379
+ 285 422
+ 284 487
+ 283 923
+ 283 667
+ 282 915
+ 281 675
+ 281 915
+ 280 915
+ 279 468
+ 278 915
+ 277 849
+ 277 915
+ 276 432
+ 276 915
+ 275 915
+ 273 915
+ 273 476
+ 271 297
+ 271 757
+ 270 338
+ 269 854
+ 268 915
+ 268 912
+ 267 515
+ 267 728
+ 265 812
+ 264 842
+ 264 645
+ 263 915
+ 262 589
+ 262 915
+ 261 915
+ 260 434
+ 259 861
+ 259 915
+ 257 705
+ 256 339
+ 255 915
+ 254 915
+ 253 404
+ 252 932
+ 251 325
+ 250 884
+ 249 583
+ 248 915
+ 247 456
+ 247 864
+ 246 754
+ 245 915
+ 244 915
+ 244 309
+ 244 867
+ 243 915
+ 242 408
+ 242 974
+ 241 915
+ 240 439
+ 239 915
+ 238 897
+ 238 915
+ 237 915
+ 236 860
+ 236 311
+ 235 539
+ 235 717
+ 234 915
+ 233 516
+ 233 848
+ 232 915
+ 231 526
+ 230 331
+ 230 915
+ 230 303
+ 229 828
+ 229 915
+ 228 825
+ 228 915
+ 227 338
+ 227 270
+ 226 753
+ 226 915
+ 225 915
+ 224 628
+ 224 915
+ 224 572
+ 223 863
+ 223 915
+ 222 815
+ 221 915
+ 220 922
+ 220 668
+ 220 915
+ 219 915
+ 218 817
+ 217 915
+ 217 886
+ 216 730
+ 216 915
+ 216 326
+ 215 363
+ 214 746
+ 213 511
+ 213 810
+ 212 638
+ 211 877
+ 210 915
+ 209 318
+ 209 915
+ 209 798
+ 207 402
+ 207 915
+ 206 915
+ 205 582
+ 205 915
+ 204 915
+ 203 915
+ 202 239
+ 201 822
+ 201 581
+ 200 755
+ 199 915
+ 199 793
+ 199 709
+ 198 915
+ 197 915
+ 196 915
+ 196 266
+ 195 915
+ 194 615
+ 193 915
+ 191 915
+ 191 390
+ 190 915
+ 189 915
+ 188 389
+ 187 670
+ 187 834
+ 186 915
+ 186 447
+ 185 985
+ 185 421
+ 184 915
+ 183 240
+ 183 439
+ 180 915
+ 179 964
+ 179 790
+ 178 545
+ 178 486
+ 177 373
+ 176 279
+ 176 468
+ 175 915
+ 174 915
+ 173 369
+ 172 457
+ 172 683
+ 171 915
+ 170 806
+ 170 775
+ 169 915
+ 169 310
+ 168 388
+ 168 926
+ 167 893
+ 167 647
+ 166 294
+ 166 911
+ 164 702
+ 164 658
+ 163 915
+ 163 453
+ 163 380
+ 162 915
+ 160 680
+ 160 915
+ 159 915
+ 158 535
+ 157 174
+ 156 915
+ 155 367
+ 155 418
+ 154 915
+ 153 915
+ 152 915
+ 151 255
+ 150 426
+ 149 915
+ 148 915
+ 147 664
+ 147 784
+ 146 915
+ 145 165
+ 144 431
+ 144 852
+ 143 639
+ 143 606
+ 142 915
+ 141 763
+ 141 308
+ 140 915
+ 140 369
+ 140 173
+ 139 525
+ 139 915
+ 138 477
+ 138 688
+ 138 915
+ 137 237
+ 136 152
+ 135 915
+ 135 378
+ 134 915
+ 133 924
+ 132 950
+ 131 915
+ 131 818
+ 130 915
+ 129 915
+ 129 627
+ 128 699
+ 127 165
+ 127 145
+ 127 915
+ 126 252
+ 126 932
+ 125 556
+ 125 977
+ 125 915
+ 124 915
+ 123 636
+ 123 915
+ 122 915
+ 121 605
+ 121 343
+ 120 915
+ 119 469
+ 119 899
+ 118 429
+ 118 915
+ 118 895
+ 117 588
+ 117 576
+ 116 915
+ 116 740
+ 115 915
+ 114 182
+ 113 915
+ 112 360
+ 112 733
+ 111 915
+ 111 520
+ 110 356
+ 110 915
+ 109 915
+ 109 340
+ 108 962
+ 108 915
+ 107 915
+ 106 232
+ 105 976
+ 105 366
+ 104 915
+ 103 915
+ 102 788
+ 101 915
+ 101 803
+ 101 816
+ 100 483
+ 100 562
+ 99 600
+ 99 942
+ 98 426
+ 98 150
+ 98 915
+ 97 915
+ 96 395
+ 96 915
+ 95 620
+ 95 736
+ 94 915
+ 93 958
+ 93 752
+ 92 549
+ 92 450
+ 91 851
+ 91 915
+ 90 192
+ 90 915
+ 89 915
+ 89 307
+ 88 915
+ 88 284
+ 88 487
+ 87 773
+ 87 915
+ 86 861
+ 86 259
+ 85 915
+ 85 345
+ 85 506
+ 84 159
+ 83 915
+ 82 756
+ 82 915
+ 82 744
+ 81 510
+ 81 604
+ 80 156
+ 79 915
+ 79 579
+ 78 478
+ 77 504
+ 76 447
+ 76 186
+ 75 130
+ 74 915
+ 73 956
+ 71 915
+ 70 353
+ 70 438
+ 69 393
+ 68 915
+ 68 719
+ 67 346
+ 67 915
+ 67 727
+ 66 211
+ 66 877
+ 65 993
+ 64 915
+ 64 505
+ 63 915
+ 63 708
+ 63 782
+ 62 915
+ 62 764
+ 61 445
+ 61 463
+ 60 915
+ 59 915
+ 59 972
+ 59 876
+ 58 915
+ 57 907
+ 57 693
+ 56 269
+ 56 854
+ 55 249
+ 55 583
+ 54 915
+ 53 915
+ 53 815
+ 53 222
+ 52 368
+ 52 387
+ 51 274
+ 51 915
+ 50 301
+ 50 544
+ 49 915
+ 49 208
+ 48 901
+ 47 442
+ 46 107
+ 45 114
+ 45 915
+ 45 182
+ 44 952
+ 43 735
+ 43 915
+ 43 488
+ 42 832
+ 42 915
+ 41 804
+ 41 551
+ 41 915
+ 40 915
+ 40 461
+ 40 741
+ 39 231
+ 39 526
+ 38 915
+ 37 968
+ 36 586
+ 36 662
+ 35 272
+ 35 915
+ 34 594
+ 34 903
+ 33 801
+ 33 915
+ 32 574
+ 32 915
+ 32 329
+ 31 915
+ 30 915
+ 29 880
+ 29 915
+ 28 915
+ 28 497
+ 28 631
+ 27 863
+ 27 223
+ 26 72
+ 26 915
+ 25 827
+ 24 151
+ 24 255
+ 23 291
+ 23 915
+ 23 821
+ 22 915
+ 22 990
+ 22 872
+ 21 915
+ 20 373
+ 20 177
+ 19 389
+ 19 188
+ 18 89
+ 18 307
+ 17 558
+ 16 915
+ 15 352
+ 15 915
+ 14 630
+ 14 915
+ 13 258
+ 13 915
+ 12 973
+ 12 567
+ 12 915
+ 11 513
+ 10 915
+ 9 953
+ 9 866
+ 8 915
+ 7 275
+ 6 161
+ 6 915
+ 5 383
+ 5 427
+ 4 181
+ 4 915
+ 3 915
+ 3 246
+ 3 754
+ 2 333
+ 2 459
- 1 759
- 1 982
- 1 883
- 1 859
- 1 430
- 1 523
- 1 149
- 1 69
- 1 393
- 1 766
- 1 719
- 1 68
- 1 502
- 1 376
- 1 349
- 1 586
- 1 36
- 1 662
- 1 76
- 1 447
- 1 186
- 1 360
- 1 112
- 1 733
- 1 466
- 1 905
- 1 694
- 1 193
- 1 185
- 1 421
- 1 985
- 1 681
- 1 270
- 1 227
- 1 338
- 1 596
- 1 66
- 1 211
- 1 877
- 1 940
- 1 823
- 1 600
- 1 99
- 1 942
- 1 265
- 1 812
- 1 972
- 1 876
- 1 59
- 1 990
- 1 872
- 1 22
- 1 54
- 1 584
- 1 762
- 1 214
- 1 746
- 1 406
- 1 751
- 1 309
- 1 867
- 1 244
- 1 780
- 1 914
- 1 382
- 1 323
- 1 865
- 1 873
- 1 522
- 1 927
- 1 458
- 1 774
- 1 530
- 1 368
- 1 52
- 1 387
- 1 431
- 1 144
- 1 852
- 1 5
- 1 383
- 1 427
- 1 587
- 1 341
- 1 462
- 1 454
- 1 928
- 1 266
- 1 196
- 1 362
- 1 731
- 1 115
- 1 889
- 1 537
- 1 653
- 1 770
- 1 284
- 1 487
- 1 88
- 1 811
- 1 471
- 1 467
- 1 286
- 1 379
- 1 919
- 1 904
- 1 617
- 1 47
- 1 442
- 1 253
- 1 404
- 1 278
- 1 687
- 1 803
- 1 816
- 1 101
- 1 772
- 1 639
- 1 143
- 1 606
- 1 850
- 1 78
- 1 478
- 1 460
- 1 791
- 1 300
- 1 938
- 1 844
- 1 857
- 1 428
- 1 461
- 1 741
- 1 40
- 1 192
- 1 90
- 1 814
- 1 543
- 1 987
- 1 706
- 1 566
- 1 891
- 1 881
- 1 601
- 1 702
- 1 164
- 1 658
- 1 334
- 1 948
- 1 743
- 1 208
- 1 49
- 1 178
- 1 545
- 1 486
- 1 579
- 1 79
- 1 955
- 1 649
- 1 565
- 1 841
- 1 7
- 1 275
- 1 470
- 1 595
- 1 971
- 1 412
- 1 103
- 1 529
- 1 797
- 1 167
- 1 893
- 1 647
- 1 862
- 1 737
- 1 723
- 1 902
- 1 909
- 1 650
- 1 415
- 1 554
- 1 120
- 1 241
- 1 293
- 1 16
- 1 285
- 1 422
- 1 967
- 1 242
- 1 408
- 1 974
- 1 497
- 1 631
- 1 28
- 1 835
- 1 315
- 1 200
- 1 755
- 1 509
- 1 215
- 1 363
- 1 708
- 1 782
- 1 63
- 1 944
- 1 95
- 1 736
- 1 620
- 1 989
- 1 892
- 1 632
- 1 258
- 1 13
- 1 280
- 1 910
- 1 369
- 1 173
- 1 140
- 1 670
- 1 187
- 1 834
- 1 234
- 1 420
- 1 161
- 1 6
- 1 429
- 1 895
- 1 118
- 1 377
- 1 304
- 1 569
- 1 525
- 1 139
- 1 296
- 1 605
- 1 121
- 1 343
- 1 457
- 1 172
- 1 683
- 1 644
- 1 887
- 1 347
- 1 912
- 1 268
- 1 776
- 1 858
- 1 124
- 1 875
- 1 836
- 1 921
- 1 348
- 1 880
- 1 29
- 1 657
- 1 21
- 1 475
- 1 423
- 1 747
- 1 512
- 1 882
- 1 992
- 1 760
- 1 133
- 1 924
- 1 106
- 1 232
- 1 34
- 1 903
- 1 594
- 1 476
- 1 273
- 1 72
- 1 26
- 1 575
- 1 607
- 1 765
- 1 813
- 1 677
- 1 538
- 1 625
- 1 623
- 1 204
- 1 378
- 1 135
- 1 894
- 1 619
- 1 505
- 1 64
- 1 648
- 1 534
- 1 355
- 1 794
- 1 981
- 1 712
- 1 218
- 1 817
- 1 154
- 1 951
- 1 17
- 1 558
- 1 675
- 1 281
- 1 936
- 1 570
- 1 321
- 1 305
- 1 818
- 1 131
- 1 136
- 1 152
- 1 589
- 1 262
- 1 409
- 1 830
- 1 815
- 1 222
- 1 53
- 1 146
- 1 243
- 1 897
- 1 238
- 1 46
- 1 107
- 1 627
- 1 129
- 1 71
- 1 886
- 1 217
- 1 93
- 1 752
- 1 958
- 1 390
- 1 191
- 1 710
- 1 656
- 1 494
- 1 947
- 1 630
- 1 14
- 1 527
- 1 344
- 1 916
- 1 749
- 1 768
- 1 692
- 1 965
- 1 210
- 1 128
- 1 699
- 1 279
- 1 176
- 1 468
- 1 175
- 1 949
- 1 375
- 1 403
- 1 879
- 1 306
- 1 287
- 1 995
- 1 250
- 1 884
- 1 629
- 1 983
- 1 651
- 1 194
- 1 615
- 1 541
- 1 621
- 1 405
- 1 518
- 1 659
- 1 394
- 1 622
- 1 696
- 1 833
- 1 756
- 1 744
- 1 82
- 1 962
- 1 108
- 1 398
- 1 793
- 1 709
- 1 199
- 1 184
- 1 652
- 1 585
- 1 134
- 1 402
- 1 207
- 1 516
- 1 233
- 1 848
- 1 48
- 1 901
- 1 573
- 1 800
- 1 799
- 1 792
- 1 789
- 1 249
- 1 55
- 1 583
- 1 282
- 1 411
- 1 704
- 1 514
- 1 351
- 1 416
- 1 153
- 1 97
- 1 824
- 1 771
- 1 472
- 1 1000
- 1 846
- 1 443
- 1 568
- 1 917
- 1 832
- 1 42
- 1 555
- 1 618
- 1 660
- 1 31
- 1 959
- 1 807
- 1 299
- 1 941
- 1 934
- 1 828
- 1 229
- 1 539
- 1 235
- 1 717
- 1 448
- 1 671
- 1 937
- 1 38
- 1 365
- 1 400
- 1 446
- 1 435
- 1 499
- 1 808
- 1 440
- 1 578
- 1 674
- 1 819
- 1 686
- 1 553
- 1 254
- 1 603
- 1 614
- 1 954
- 1 855
- 1 83
- 1 661
- 1 999
- 1 711
- 1 810
- 1 213
- 1 511
- 1 492
- 1 437
- 1 764
- 1 62
- 1 532
- 1 767
- 1 777
- 1 564
- 1 742
- 1 327
- 1 80
- 1 156
- 1 157
- 1 174
- 1 786
- 1 465
- 1 425
- 1 864
- 1 247
- 1 456
- 1 636
- 1 123
- 1 801
- 1 33
- 1 628
- 1 572
- 1 224
- 1 510
- 1 81
- 1 604
- 1 633
- 1 312
- 1 336
- 1 483
- 1 100
- 1 562
- 1 452
- 1 729
- 1 361
- 1 366
- 1 105
- 1 976
- 1 166
- 1 294
- 1 911
- 1 761
- 1 318
- 1 798
- 1 209
- 1 730
- 1 326
- 1 216
- 1 869
- 1 324
- 1 860
- 1 236
- 1 311
- 1 612
- 1 407
- 1 114
- 1 182
- 1 45
- 1 261
- 1 640
- 1 837
- 1 331
- 1 303
- 1 230
- 1 561
- 1 684
- 1 313
- 1 690
- 1 732
- 1 831
- 1 597
- 1 295
- 1 489
- 1 778
- 1 769
- 1 637
- 1 796
- 1 654
- 1 988
- 1 37
- 1 968
- 1 485
- 1 524
- 1 319
- 1 842
- 1 264
- 1 645
- 1 20
- 1 177
- 1 373
- 1 703
- 1 856
- 1 528
- 1 374
- 1 559
- 1 500
- 1 557
- 1 635
- 1 257
- 1 705
- 1 602
- 1 520
- 1 111
- 1 490
- 1 906
- 1 426
- 1 150
- 1 98
- 1 147
- 1 784
- 1 664
- 1 484
- 1 925
- 1 885
- 1 533
- 1 716
- 1 501
- 1 845
- 1 787
- 1 984
- 1 979
- 1 945
- 1 898
- 1 330
- 1 970
- 1 946
- 1 316
- 1 9
- 1 953
- 1 866
- 1 624
- 1 359
- 1 613
- 1 913
- 1 590
- 1 18
- 1 307
- 1 89
- 1 878
- 1 718
- 1 682
- 1 643
- 1 391
- 1 963
- 1 401
- 1 646
- 1 655
- 1 908
- 1 560
- 1 536
- 1 346
- 1 727
- 1 67
- 1 189
- 1 322
- 1 479
- 1 542
- 1 721
- 1 345
- 1 506
- 1 85
- 1 549
- 1 92
- 1 450
- 1 388
- 1 168
- 1 926
- 1 521
- 1 328
- 1 802
- 1 975
- 1 302
- 1 342
- 1 753
- 1 226
- 1 593
- 1 698
- 1 519
- 1 317
- 1 50
- 1 301
- 1 544
- 1 978
- 1 611
- 1 689
- 1 826
- 1 740
- 1 116
- 1 77
- 1 504
- 1 491
- 1 701
- 1 571
- 1 939
- 1 267
- 1 728
- 1 515
- 1 432
- 1 276
- 1 381
- 1 419
- 1 680
- 1 160
- 1 104
- 1 922
- 1 668
- 1 220
- 1 556
- 1 977
- 1 125
- 1 996
- 1 616
- 1 413
- 1 119
- 1 899
- 1 469
- 1 291
- 1 821
- 1 23
- 1 8
- 1 197
- 1 809
- 1 340
- 1 109
- 1 900
- 1 758
- 1 750
- 1 453
- 1 380
- 1 163
- 1 697
- 1 695
- 1 395
- 1 96
- 1 920
- 1 685
- 1 735
- 1 488
- 1 43
- 1 358
- 1 10
- 1 61
- 1 463
- 1 445
- 1 822
- 1 201
- 1 581
- 1 552
- 1 547
- 1 580
- 1 610
- 1 263
- 1 725
- 1 332
- 1 30
- 1 888
- 1 714
- 1 240
- 1 183
- 1 439
- 1 122
- 1 60
- 1 847
- 1 707
- 1 58
- 1 679
- 1 642
- 1 531
- 1 935
- 1 779
- 1 464
- 1 783
- 1 724
- 1 715
- 1 669
- 1 598
- 1 370
- 1 838
- 1 853
- 1 353
- 1 70
- 1 438
- 1 252
- 1 126
- 1 932
- 1 231
- 1 39
- 1 526
- 1 496
- 1 785
- 1 271
- 1 757
- 1 297
- 1 248
- 1 75
- 1 130
- 1 289
- 1 292
- 1 626
- 1 998
- 1 433
- 1 117
- 1 588
- 1 576
- 1 960
- 1 371
- 1 335
- 1 74
- 1 795
- 1 424
- 1 933
- 1 219
- 1 56
- 1 269
- 1 854
- 1 825
- 1 228
- 1 508
- 1 641
- 1 473
- 1 763
- 1 141
- 1 308
- 1 190
- 1 849
- 1 277
- 1 820
- 1 665
- 1 493
- 1 874
- 1 477
- 1 688
- 1 138
- 1 673
- 1 260
- 1 434
- 1 195
- 1 221
- 1 94
- 1 202
- 1 239
- 1 171
- 1 113
- 1 272
- 1 35
- 1 634
- 1 980
- 1 310
- 1 169
- 1 540
- 1 666
- 1 246
- 1 754
- 1 3
- 1 158
- 1 535
- 1 574
- 1 329
- 1 32
- 1 364
- 1 805
- 1 994
- 1 151
- 1 24
- 1 255
- 1 961
- 1 991
- 1 399
- 1 931
- 1 609
- 1 142
- 1 870
- 1 591
- 1 548
- 1 397
- 1 691
- 1 739
- 1 943
- 1 384
- 1 495
- 1 890
- 1 212
- 1 638
- 1 245
- 1 455
- 1 840
- 1 155
- 1 367
- 1 418
- 1 385
- 1 577
- 1 726
- 1 550
- 1 563
- 1 871
- 1 839
- 1 203
- 1 410
- 1 957
- 1 274
- 1 51
- 1 861
- 1 86
- 1 259
- 1 44
- 1 952
- 1 449
- 1 672
- 1 414
- 1 481
- 1 354
- 1 444
- 1 320
- 1 843
- 1 137
- 1 237
- 1 582
- 1 205
- 1 25
- 1 827
- 1 357
- 1 386
- 1 918
- 1 73
- 1 956
- 1 251
- 1 325
- 1 503
- 1 314
- 1 396
- 1 720
- 1 482
- 1 973
- 1 567
- 1 12
- 1 165
- 1 145
- 1 127
- 1 206
- 1 298
- 1 517
- 1 372
- 1 148
- 1 417
- 1 356
- 1 110
- 1 162
- 1 930
- 1 678
- 1 290
- 1 748
- 1 102
- 1 788
- 1 436
- 1 966
- 1 132
- 1 950
- 1 997
- 1 829
- 1 592
- 1 773
- 1 87
- 1 350
- 1 868
- 1 451
- 1 181
- 1 4
- 1 781
- 1 546
- 1 474
- 1 608
- 1 288
- 1 283
- 1 667
- 1 923
- 1 180
- 1 734
- 1 19
- 1 188
- 1 389
- 1 693
- 1 57
- 1 907
- 1 599
- 1 480
- 1 745
- 1 676
- 1 929
- 1 700
- 1 170
- 1 775
- 1 806
- 1 713
- 1 986
- 1 11
- 1 513
- 1 851
- 1 91
- 1 2
- 1 459
- 1 333
- 1 225
- 1 498
- 1 738
- 1 663
- 1 84
- 1 159
- 1 179
- 1 964
- 1 790
- 1 863
- 1 27
- 1 223
- 1 352
- 1 15
- 1 392
- 1 969
- 1 441
- 1 804
- 1 551
- 1 41
- 1 722
- 1 65
- 1 993
- 1 896
- 1 337
- 1 198
- 507 1
