7962
+ 1 222
+ 1 446
+ 1 243
+ 1 633
+ 1 728
+ 1 959
+ 1 487
+ 1 510
+ 1 263
+ 1 201
+ 1 256
+ 1 90
+ 1 461
+ 1 301
+ 1 876
+ 1 644
+ 1 471
+ 1 851
+ 1 565
+ 1 92
+ 1 655
+ 1 680
+ 1 857
+ 1 108
+ 1 915
+ 1 559
+ 1 191
+ 1 540
+ 1 121
+ 1 339
+ 1 800
+ 1 525
+ 1 878
+ 1 230
+ 1 363
+ 1 604
+ 1 456
+ 1 338
+ 1 393
+ 1 905
+ 1 624
+ 1 711
+ 1 508
+ 1 302
+ 1 163
+ 1 164
+ 1 659
+ 1 134
+ 1 147
+ 1 703
+ 1 907
+ 1 798
+ 1 504
+ 1 999
+ 1 486
+ 1 60
+ 1 135
+ 1 891
+ 1 572
+ 1 65
+ 1 484
+ 1 888
+ 1 521
+ 1 323
+ 1 901
+ 1 402
+ 1 252
+ 1 751
+ 1 494
+ 1 516
+ 1 978
+ 1 106
+ 1 447
+ 1 190
+ 1 576
+ 1 842
+ 1 844
+ 1 524
+ 1 775
+ 1 81
+ 1 496
+ 1 752
+ 1 418
+ 1 255
+ 1 439
+ 1 317
+ 1 303
+ 1 895
+ 1 365
+ 1 411
+ 1 580
+ 1 290
+ 1 916
+ 1 77
+ 1 211
+ 1 113
+ 1 361
+ 1 929
+ 1 584
+ 1 858
+ 1 828
+ 1 55
+ 1 455
+ 1 54
+ 1 388
+ 1 313
+ 1 568
+ 1 995
+ 1 839
+ 1 367
+ 1 581
+ 1 89
+ 1 623
+ 1 759
+ 1 297
+ 1 702
+ 1 377
+ 1 778
+ 1 753
+ 1 708
+ 1 818
+ 1 440
+ 1 605
+ 1 4
+ 1 971
+ 1 153
+ 1 513
+ 1 155
+ 1 384
+ 1 663
+ 1 389
+ 1 136
+ 1 130
+ 1 493
+ 1 587
+ 1 629
+ 1 923
+ 1 157
+ 1 502
+ 1 320
+ 1 545
+ 1 374
+ 1 169
+ 1 69
+ 1 834
+ 1 739
+ 1 362
+ 1 608
+ 1 827
+ 1 46
+ 1 3
+ 1 423
+ 1 688
+ 1 530
+ 1 713
+ 1 85
+ 1 774
+ 1 977
+ 1 197
+ 1 980
+ 1 690
+ 1 991
+ 1 125
+ 1 344
+ 1 215
+ 1 151
+ 1 404
+ 1 325
+ 1 899
+ 1 986
+ 1 943
+ 1 84
+ 1 56
+ 1 965
+ 1 543
+ 1 24
+ 1 346
+ 1 13
+ 1 789
+ 1 941
+ 1 394
+ 1 664
+ 1 657
+ 1 53
+ 1 566
+ 1 937
+ 1 518
+ 1 143
+ 1 305
+ 1 6
+ 1 660
+ 1 640
+ 1 141
+ 1 220
+ 1 912
+ 1 280
+ 1 969
+ 1 674
+ 1 716
+ 1 861
+ 1 779
+ 1 609
+ 1 749
+ 1 454
+ 1 649
+ 1 734
+ 1 240
+ 1 44
+ 1 701
+ 1 804
+ 1 577
+ 1 962
+ 1 881
+ 1 179
+ 1 207
+ 1 187
+ 1 249
+ 1 79
+ 1 127
+ 1 955
+ 1 586
+ 1 460
+ 1 196
+ 1 898
+ 1 806
+ 1 7
+ 1 72
+ 1 435
+ 1 695
+ 1 300
+ 1 709
+ 1 598
+ 1 733
+ 1 118
+ 1 569
+ 1 558
+ 1 717
+ 1 9
+ 1 49
+ 1 331
+ 1 619
+ 1 832
+ 1 336
+ 1 553
+ 1 15
+ 1 671
+ 1 88
+ 1 636
+ 1 729
+ 1 902
+ 1 445
+ 1 27
+ 1 897
+ 1 71
+ 1 602
+ 1 544
+ 1 254
+ 1 62
+ 1 532
+ 1 627
+ 1 192
+ 1 917
+ 1 485
+ 1 563
+ 1 829
+ 1 148
+ 1 632
+ 1 511
+ 1 38
+ 1 573
+ 1 538
+ 1 28
+ 1 635
+ 1 793
+ 1 386
+ 1 156
+ 1 269
+ 1 51
+ 1 698
+ 1 208
+ 1 932
+ 1 174
+ 1 379
+ 1 131
+ 1 334
+ 1 390
+ 1 593
+ 1 956
+ 1 722
+ 1 178
+ 1 931
+ 1 356
+ 1 16
+ 1 229
+ 1 330
+ 1 398
+ 1 561
+ 1 498
+ 1 11
+ 1 428
+ 1 958
+ 1 111
+ 1 684
+ 1 820
+ 1 140
+ 1 719
+ 1 628
+ 1 919
+ 1 343
+ 1 682
+ 1 405
+ 1 988
+ 1 945
+ 1 756
+ 1 885
+ 1 376
+ 1 883
+ 1 420
+ 1 186
+ 1 188
+ 1 787
+ 1 926
+ 1 277
+ 1 645
+ 1 37
+ 1 43
+ 1 653
+ 1 115
+ 1 689
+ 1 747
+ 1 74
+ 1 50
+ 1 250
+ 1 585
+ 1 145
+ 1 245
+ 1 890
+ 1 251
+ 1 228
+ 1 744
+ 1 935
+ 1 741
+ 1 588
+ 1 262
+ 1 813
+ 1 199
+ 1 429
+ 1 467
+ 1 170
+ 1 837
+ 1 675
+ 1 578
+ 1 967
+ 1 299
+ 1 979
+ 1 819
+ 1 138
+ 1 914
+ 1 766
+ 1 328
+ 1 286
+ 1 968
+ 1 807
+ 1 771
+ 1 725
+ 1 639
+ 1 25
+ 1 697
+ 1 239
+ 1 181
+ 1 357
+ 1 596
+ 1 736
+ 1 167
+ 1 132
+ 1 392
+ 1 333
+ 1 368
+ 1 183
+ 1 809
+ 1 893
+ 1 321
+ 1 414
+ 1 52
+ 1 93
+ 1 714
+ 1 116
+ 1 161
+ 1 821
+ 1 613
+ 1 322
+ 1 557
+ 1 993
+ 1 279
+ 1 556
+ 1 754
+ 1 797
+ 1 786
+ 1 83
+ 1 788
+ 1 94
+ 1 294
+ 1 99
+ 1 615
+ 1 40
+ 1 757
+ 1 236
+ 1 843
+ 1 19
+ 1 884
+ 1 175
+ 1 292
+ 1 1000
+ 1 154
+ 1 799
+ 1 555
+ 1 397
+ 1 70
+ 1 231
+ 1 704
+ 1 110
+ 1 146
+ 1 287
+ 1 705
+ 1 29
+ 1 139
+ 1 850
+ 1 904
+ 1 14
+ 1 950
+ 1 430
+ 1 61
+ 1 20
+ 1 479
+ 1 137
+ 1 869
+ 1 648
+ 1 275
+ 1 887
+ 1 860
+ 1 214
+ 1 264
+ 1 918
+ 1 970
+ 1 650
+ 1 776
+ 1 91
+ 1 309
+ 1 533
+ 1 669
+ 1 57
+ 1 226
+ 1 98
+ 1 964
+ 1 661
+ 1 607
+ 1 233
+ 1 691
+ 1 381
+ 1 482
+ 1 542
+ 1 278
+ 1 104
+ 1 319
+ 1 826
+ 1 911
+ 1 830
+ 1 472
+ 1 324
+ 1 547
+ 1 476
+ 1 579
+ 1 488
+ 1 260
+ 1 35
+ 1 673
+ 1 490
+ 1 39
+ 1 825
+ 1 528
+ 1 948
+ 1 910
+ 1 730
+ 1 658
+ 1 880
+ 1 712
+ 1 961
+ 1 400
+ 1 497
+ 1 696
+ 1 900
+ 1 852
+ 1 723
+ 1 631
+ 1 67
+ 1 48
+ 1 408
+ 1 144
+ 1 452
+ 1 120
+ 1 459
+ 1 761
+ 1 768
+ 1 552
+ 1 947
+ 1 316
+ 1 97
+ 1 315
+ 1 354
+ 1 505
+ 1 687
+ 1 840
+ 1 877
+ 1 375
+ 1 350
+ 1 990
+ 1 227
+ 1 621
+ 1 8
+ 1 794
+ 1 189
+ 1 457
+ 1 293
+ 1 795
+ 1 920
+ 1 310
+ 1 634
+ 1 235
+ 1 790
+ 1 78
+ 1 64
+ 1 924
+ 1 724
+ 1 662
+ 1 349
+ 1 617
+ 1 748
+ 1 685
+ 1 95
+ 1 863
+ 1 238
+ 1 59
+ 1 994
+ 1 407
+ 1 960
+ 1 822
+ 1 281
+ 1 805
+ 1 2
+ 1 764
+ 1 833
+ 1 444
+ 1 780
+ 1 551
+ 1 928
+ 1 68
+ 1 781
+ 1 295
+ 1 699
+ 1 307
+ 1 18
+ 1 158
+ 1 296
+ 1 925
+ 1 745
+ 1 268
+ 1 442
+ 1 855
+ 1 784
+ 1 119
+ 1 326
+ 1 477
+ 1 522
+ 1 550
+ 1 396
+ 1 814
+ 1 599
+ 1 966
+ 1 681
+ 1 337
+ 1 219
+ 1 973
+ 1 622
+ 1 438
+ 1 270
+ 1 391
+ 1 575
+ 1 465
+ 1 824
+ 1 601
+ 1 128
+ 1 641
+ 1 122
+ 1 939
+ 1 437
+ 1 177
+ 1 987
+ 1 758
+ 1 514
+ 1 21
+ 1 314
+ 1 399
+ 1 96
+ 1 173
+ 1 909
+ 1 385
+ 1 859
+ 1 261
+ 1 523
+ 1 740
+ 1 213
+ 1 791
+ 1 743
+ 1 358
+ 1 792
+ 1 936
+ 1 458
+ 1 998
+ 1 419
+ 1 614
+ 1 974
+ 1 224
+ 1 938
+ 1 592
+ 1 23
+ 1 864
+ 1 700
+ 1 707
+ 1 114
+ 1 620
+ 1 274
+ 1 403
+ 1 387
+ 1 762
+ 1 515
+ 1 466
+ 1 886
+ 1 448
+ 1 896
+ 1 30
+ 1 378
+ 1 449
+ 1 506
+ 1 425
+ 1 908
+ 1 150
+ 1 41
+ 1 591
+ 1 491
+ 1 474
+ 1 732
+ 1 342
+ 1 763
+ 1 202
+ 1 715
+ 1 463
+ 1 194
+ 1 335
+ 1 450
+ 1 952
+ 1 583
+ 1 12
+ 1 882
+ 1 223
+ 1 841
+ 1 953
+ 1 868
+ 1 124
+ 1 66
+ 1 86
+ 1 536
+ 1 670
+ 1 934
+ 1 676
+ 1 366
+ 1 677
+ 1 406
+ 1 267
+ 1 42
+ 1 257
+ 1 520
+ 1 206
+ 1 742
+ 1 527
+ 1 352
+ 1 989
+ 1 80
+ 1 656
+ 1 495
+ 1 815
+ 1 811
+ 1 383
+ 1 854
+ 1 812
+ 1 329
+ 1 152
+ 1 541
+ 1 846
+ 1 727
+ 1 738
+ 1 981
+ 1 683
+ 1 595
+ 1 372
+ 1 951
+ 1 816
+ 1 76
+ 1 972
+ 1 246
+ 1 847
+ 1 184
+ 1 203
+ 1 216
+ 1 574
+ 1 796
+ 1 750
+ 1 930
+ 1 162
+ 1 922
+ 1 892
+ 1 468
+ 1 413
+ 1 288
+ 1 767
+ 1 451
+ 1 646
+ 1 285
+ 1 590
+ 1 976
+ 1 853
+ 1 940
+ 1 562
+ 1 862
+ 1 983
+ 1 103
+ 1 529
+ 1 433
+ 1 82
+ 1 949
+ 1 32
+ 1 58
+ 1 519
+ 1 166
+ 1 426
+ 1 221
+ 1 667
+ 1 589
+ 1 534
+ 1 567
+ 1 616
+ 1 244
+ 1 481
+ 1 571
+ 1 258
+ 1 845
+ 1 10
+ 1 838
+ 1 159
+ 1 492
+ 1 867
+ 1 171
+ 1 933
+ 1 205
+ 1 282
+ 1 117
+ 1 312
+ 1 422
+ 1 176
+ 1 672
+ 1 427
+ 1 129
+ 1 546
+ 1 17
+ 1 271
+ 1 597
+ 1 760
+ 1 831
+ 1 570
+ 1 185
+ 1 554
+ 1 248
+ 1 172
+ 1 963
+ 1 126
+ 1 283
+ 1 718
+ 1 770
+ 1 436
+ 1 123
+ 1 242
+ 1 889
+ 1 652
+ 1 273
+ 1 512
+ 1 369
+ 1 603
+ 1 348
+ 1 509
+ 1 253
+ 1 483
+ 1 946
+ 1 721
+ 1 209
+ 1 726
+ 1 808
+ 1 364
+ 1 503
+ 1 149
+ 1 638
+ 1 212
+ 1 306
+ 1 182
+ 1 401
+ 1 133
+ 1 507
+ 1 87
+ 1 370
+ 1 720
+ 1 105
+ 1 101
+ 1 731
+ 1 499
+ 1 424
+ 1 894
+ 1 785
+ 1 865
+ 1 875
+ 1 692
+ 1 582
+ 1 879
+ 1 802
+ 1 679
+ 1 668
+ 1 284
+ 1 944
+ 1 549
+ 1 193
+ 1 651
+ 1 75
+ 1 848
+ 1 237
+ 1 537
+ 1 395
+ 1 835
+ 1 45
+ 1 441
+ 1 769
+ 1 478
+ 1 777
+ 1 686
+ 1 415
+ 1 100
+ 1 810
+ 1 409
+ 1 63
+ 1 647
+ 1 241
+ 1 380
+ 1 873
+ 1 470
+ 1 666
+ 1 735
+ 1 345
+ 1 31
+ 1 291
+ 1 992
+ 1 432
+ 1 225
+ 1 351
+ 1 304
+ 1 539
+ 1 637
+ 1 772
+ 1 218
+ 1 34
+ 1 746
+ 1 872
+ 1 266
+ 1 373
+ 1 421
+ 1 109
+ 1 272
+ 1 475
+ 1 33
+ 1 755
+ 1 612
+ 1 347
+ 1 382
+ 1 737
+ 1 594
+ 1 954
+ 1 782
+ 1 942
+ 1 417
+ 1 823
+ 1 112
+ 1 434
+ 1 606
+ 1 913
+ 1 416
+ 1 694
+ 1 866
+ 1 765
+ 1 168
+ 1 36
+ 1 355
+ 1 625
+ 1 874
+ 1 353
+ 1 410
+ 1 469
+ 1 773
+ 1 204
+ 1 610
+ 1 160
+ 1 47
+ 1 311
+ 1 165
+ 1 921
+ 1 73
+ 1 480
+ 1 957
+ 1 180
+ 1 997
+ 1 984
+ 1 259
+ 1 906
+ 1 600
+ 1 308
+ 1 975
+ 1 102
+ 1 548
+ 1 801
+ 1 371
+ 1 678
+ 1 517
+ 1 500
+ 1 359
+ 1 443
+ 1 464
+ 1 276
+ 1 803
+ 1 996
+ 1 501
+ 1 531
+ 1 611
+ 1 560
+ 1 298
+ 1 903
+ 1 643
+ 1 849
+ 1 22
+ 1 412
+ 1 526
+ 1 665
+ 1 618
+ 1 473
+ 1 836
+ 1 234
+ 1 817
+ 1 289
+ 1 26
+ 1 706
+ 1 210
+ 1 535
+ 1 5
+ 1 431
+ 1 142
+ 1 327
+ 1 341
+ 1 870
+ 1 462
+ 1 340
+ 1 217
+ 1 195
+ 1 107
+ 1 654
+ 1 982
+ 1 332
+ 1 783
+ 1 198
+ 1 630
+ 1 232
+ 1 642
+ 1 247
+ 1 626
+ 1 710
+ 1 489
+ 1 564
+ 1 856
+ 1 453
+ 1 927
+ 1 200
- 2 805
- 2 764
- 2 780
- 2 822
- 2 833
- 2 444
- 3 46
- 3 834
- 3 69
- 3 169
- 3 739
- 3 423
- 4 971
- 4 605
- 4 98
- 4 440
- 4 964
- 4 153
- 5 732
- 5 491
- 5 474
- 5 431
- 5 763
- 5 41
- 6 660
- 6 969
- 6 305
- 6 674
- 6 716
- 6 280
- 7 72
- 7 869
- 7 137
- 7 806
- 7 695
- 7 648
- 8 794
- 8 795
- 8 310
- 8 189
- 8 990
- 8 920
- 9 717
- 9 558
- 9 49
- 9 950
- 9 430
- 9 331
- 10 845
- 10 838
- 10 258
- 10 501
- 10 571
- 10 996
- 11 428
- 11 498
- 11 111
- 11 684
- 11 958
- 11 820
- 12 583
- 12 882
- 12 289
- 12 952
- 12 450
- 12 223
- 13 789
- 13 346
- 13 941
- 13 970
- 13 53
- 13 566
- 14 553
- 14 15
- 14 904
- 14 832
- 14 619
- 14 336
- 15 553
- 15 671
- 15 850
- 15 139
- 15 904
- 16 356
- 16 229
- 16 561
- 16 956
- 16 330
- 16 555
- 17 546
- 17 271
- 17 359
- 17 831
- 17 760
- 17 597
- 18 158
- 18 295
- 18 307
- 18 296
- 18 232
- 18 642
- 19 251
- 19 245
- 19 50
- 19 585
- 19 145
- 19 250
- 20 733
- 20 300
- 20 598
- 20 479
- 20 435
- 20 709
- 21 514
- 21 177
- 21 314
- 21 939
- 21 740
- 21 437
- 22 811
- 22 383
- 22 854
- 22 352
- 22 989
- 22 815
- 23 864
- 23 419
- 23 614
- 23 592
- 23 998
- 23 974
- 24 346
- 24 650
- 24 965
- 24 56
- 24 543
- 24 84
- 25 639
- 25 697
- 25 725
- 25 771
- 25 357
- 25 181
- 26 463
- 26 715
- 26 450
- 26 706
- 26 335
- 26 194
- 27 897
- 27 146
- 27 704
- 27 445
- 27 110
- 27 705
- 28 511
- 28 538
- 28 635
- 28 632
- 28 148
- 28 38
- 29 139
- 29 850
- 29 729
- 29 88
- 29 636
- 29 287
- 30 896
- 30 378
- 30 448
- 30 327
- 30 425
- 30 449
- 31 666
- 31 291
- 31 102
- 31 432
- 31 345
- 31 992
- 32 58
- 32 519
- 32 949
- 32 433
- 32 611
- 32 560
- 33 475
- 33 755
- 33 417
- 33 272
- 33 347
- 33 612
- 34 637
- 34 746
- 34 539
- 34 218
- 34 373
- 34 421
- 35 673
- 35 659
- 35 490
- 35 302
- 35 164
- 35 163
- 36 355
- 36 168
- 36 997
- 36 180
- 36 984
- 36 957
- 37 645
- 37 926
- 37 787
- 37 277
- 37 43
- 37 1000
- 38 511
- 38 573
- 38 698
- 38 269
- 38 538
- 39 490
- 39 508
- 39 673
- 39 711
- 39 456
- 39 604
- 40 615
- 40 766
- 40 286
- 40 757
- 40 979
- 40 328
- 41 591
- 41 431
- 41 150
- 41 142
- 41 491
- 42 257
- 42 267
- 42 406
- 42 495
- 42 520
- 42 656
- 43 926
- 43 277
- 43 653
- 43 175
- 43 292
- 44 701
- 44 577
- 44 179
- 44 962
- 44 240
- 44 881
- 45 875
- 45 835
- 45 395
- 45 441
- 45 865
- 45 692
- 46 827
- 46 608
- 46 362
- 46 739
- 46 423
- 47 160
- 47 311
- 47 204
- 47 610
- 48 67
- 48 631
- 48 408
- 48 452
- 48 120
- 48 200
- 49 331
- 49 950
- 49 619
- 49 832
- 49 336
- 50 250
- 50 884
- 50 74
- 50 585
- 50 747
- 51 269
- 51 573
- 51 698
- 51 208
- 51 174
- 51 932
- 52 414
- 52 93
- 52 99
- 52 556
- 52 116
- 52 714
- 53 789
- 53 566
- 53 657
- 53 394
- 53 941
- 54 455
- 54 858
- 54 55
- 54 388
- 54 313
- 54 828
- 55 455
- 55 388
- 55 828
- 55 584
- 55 858
- 56 84
- 56 965
- 56 986
- 56 650
- 56 543
- 57 774
- 57 688
- 57 533
- 57 669
- 57 530
- 57 85
- 58 519
- 58 611
- 58 531
- 58 949
- 58 166
- 59 238
- 59 349
- 59 748
- 59 994
- 59 863
- 59 564
- 60 135
- 60 472
- 60 830
- 60 486
- 60 324
- 60 891
- 61 733
- 61 118
- 61 598
- 61 558
- 61 430
- 61 569
- 62 532
- 62 254
- 62 485
- 62 917
- 62 544
- 62 563
- 63 944
- 63 409
- 63 647
- 63 549
- 63 241
- 63 380
- 64 924
- 64 78
- 64 634
- 64 790
- 64 235
- 64 457
- 65 572
- 65 484
- 65 521
- 65 252
- 65 323
- 65 888
- 66 86
- 66 618
- 66 124
- 66 536
- 66 934
- 66 665
- 67 631
- 67 120
- 67 459
- 67 927
- 67 200
- 68 781
- 68 626
- 68 699
- 68 928
- 68 247
- 68 710
- 69 169
- 69 834
- 69 374
- 69 226
- 69 320
- 70 334
- 70 379
- 70 390
- 70 397
- 70 178
- 70 131
- 71 897
- 71 602
- 71 110
- 71 231
- 71 544
- 71 563
- 72 435
- 72 479
- 72 695
- 72 869
- 72 137
- 73 921
- 73 625
- 73 410
- 73 874
- 73 469
- 73 353
- 74 747
- 74 884
- 74 689
- 74 115
- 74 250
- 75 651
- 75 802
- 75 848
- 75 237
- 75 679
- 75 668
- 76 816
- 76 951
- 76 972
- 76 892
- 76 246
- 76 847
- 77 211
- 77 916
- 77 278
- 77 542
- 77 113
- 77 104
- 78 662
- 78 235
- 78 790
- 78 95
- 78 924
- 79 249
- 79 127
- 79 187
- 79 955
- 79 918
- 79 264
- 80 527
- 80 257
- 80 989
- 80 206
- 80 742
- 80 656
- 81 775
- 81 496
- 81 752
- 81 365
- 81 411
- 81 826
- 82 949
- 82 433
- 82 529
- 82 560
- 82 103
- 82 298
- 83 893
- 83 786
- 83 183
- 83 368
- 83 788
- 83 809
- 84 943
- 84 965
- 84 899
- 84 986
- 85 688
- 85 774
- 85 533
- 85 713
- 85 530
- 86 536
- 86 665
- 86 670
- 86 934
- 86 618
- 87 638
- 87 212
- 87 370
- 87 720
- 87 101
- 87 105
- 88 671
- 88 636
- 88 729
- 88 139
- 88 850
- 89 623
- 89 297
- 89 482
- 89 839
- 89 995
- 89 568
- 90 256
- 90 461
- 90 263
- 90 201
- 90 301
- 90 400
- 91 404
- 91 215
- 91 151
- 91 125
- 91 344
- 91 991
- 92 565
- 92 655
- 92 857
- 92 680
- 92 851
- 92 910
- 93 714
- 93 556
- 93 116
- 93 414
- 93 161
- 94 788
- 94 183
- 94 736
- 94 333
- 94 132
- 94 368
- 95 685
- 95 617
- 95 790
- 95 662
- 95 235
- 96 173
- 96 399
- 96 385
- 96 859
- 96 936
- 96 909
- 97 316
- 97 768
- 97 761
- 97 552
- 97 947
- 97 315
- 98 153
- 98 964
- 98 440
- 98 605
- 98 818
- 99 556
- 99 797
- 99 414
- 99 754
- 99 321
- 100 101
- 100 731
- 100 415
- 100 105
- 100 686
- 100 499
- 101 731
- 101 105
- 101 415
- 101 720
- 102 470
- 102 666
- 102 291
- 102 345
- 102 992
- 103 562
- 103 529
- 103 983
- 103 298
- 103 433
- 104 319
- 104 290
- 104 211
- 104 278
- 104 916
- 105 720
- 105 370
- 105 415
- 106 447
- 106 978
- 106 494
- 106 516
- 106 190
- 106 303
- 107 654
- 107 438
- 107 195
- 107 465
- 107 217
- 107 270
- 108 915
- 108 528
- 108 910
- 108 857
- 108 948
- 108 825
- 109 272
- 109 266
- 109 475
- 109 746
- 109 872
- 109 373
- 110 231
- 110 704
- 110 897
- 110 445
- 111 958
- 111 398
- 111 428
- 111 498
- 111 684
- 112 434
- 112 594
- 112 823
- 112 954
- 112 600
- 112 308
- 113 361
- 113 211
- 113 929
- 113 542
- 113 278
- 114 620
- 114 274
- 114 403
- 114 938
- 114 707
- 114 224
- 115 653
- 115 689
- 115 884
- 115 175
- 115 292
- 116 714
- 116 161
- 116 821
- 116 556
- 117 282
- 117 312
- 117 176
- 117 422
- 117 205
- 117 276
- 118 569
- 118 733
- 118 558
- 118 709
- 118 598
- 119 326
- 119 784
- 119 783
- 119 198
- 119 630
- 119 855
- 120 631
- 120 459
- 120 200
- 120 452
- 121 339
- 121 540
- 121 878
- 121 559
- 121 800
- 121 191
- 122 939
- 122 641
- 122 758
- 122 514
- 122 128
- 122 987
- 123 242
- 123 436
- 123 500
- 123 517
- 123 770
- 123 512
- 124 953
- 124 868
- 124 665
- 124 618
- 124 473
- 125 991
- 125 344
- 125 197
- 125 690
- 125 980
- 126 963
- 126 283
- 126 185
- 126 570
- 126 172
- 126 248
- 127 955
- 127 586
- 127 918
- 127 187
- 127 264
- 128 601
- 128 641
- 128 758
- 128 824
- 128 575
- 129 427
- 129 546
- 129 312
- 129 464
- 129 672
- 129 443
- 130 493
- 130 136
- 130 389
- 130 502
- 130 629
- 130 157
- 131 379
- 131 334
- 131 932
- 131 174
- 131 208
- 132 392
- 132 167
- 132 736
- 132 333
- 132 788
- 133 182
- 133 808
- 133 209
- 133 364
- 133 726
- 133 507
- 134 147
- 134 488
- 134 659
- 134 703
- 134 798
- 134 260
- 135 891
- 135 547
- 135 999
- 135 486
- 135 324
- 136 389
- 136 629
- 136 663
- 136 493
- 136 587
- 137 869
- 137 695
- 137 648
- 137 435
- 138 914
- 138 236
- 138 819
- 138 299
- 138 967
- 138 170
- 139 850
- 139 671
- 139 636
- 140 820
- 140 428
- 140 719
- 140 756
- 140 885
- 140 945
- 141 640
- 141 220
- 141 912
- 141 779
- 141 861
- 141 280
- 142 431
- 142 591
- 142 908
- 142 150
- 142 506
- 143 518
- 143 937
- 143 305
- 143 657
- 143 394
- 143 664
- 144 723
- 144 900
- 144 696
- 144 408
- 144 852
- 144 452
- 145 245
- 145 228
- 145 585
- 145 890
- 145 251
- 146 287
- 146 705
- 146 704
- 146 445
- 146 902
- 147 703
- 147 659
- 147 488
- 147 260
- 147 164
- 148 632
- 148 829
- 148 635
- 148 386
- 148 793
- 149 638
- 149 370
- 149 503
- 149 306
- 149 212
- 149 401
- 150 908
- 150 378
- 150 591
- 150 506
- 151 215
- 151 404
- 151 991
- 151 325
- 151 344
- 152 541
- 152 812
- 152 329
- 152 846
- 152 683
- 152 595
- 153 513
- 153 971
- 153 155
- 153 605
- 154 1000
- 154 188
- 154 799
- 154 186
- 154 787
- 154 645
- 155 384
- 155 663
- 155 587
- 155 513
- 155 971
- 156 386
- 156 627
- 156 829
- 156 192
- 156 532
- 156 793
- 157 923
- 157 502
- 157 493
- 157 545
- 157 629
- 158 296
- 158 642
- 158 295
- 158 781
- 158 307
- 159 838
- 159 492
- 159 171
- 159 933
- 159 803
- 159 867
- 160 610
- 160 773
- 160 311
- 160 204
- 161 821
- 161 714
- 161 557
- 161 993
- 162 930
- 162 184
- 162 750
- 162 922
- 162 216
- 162 203
- 163 302
- 163 164
- 163 659
- 163 673
- 163 260
- 164 659
- 164 302
- 164 260
- 165 204
- 165 773
- 165 921
- 165 469
- 165 410
- 165 311
- 166 519
- 166 426
- 166 611
- 166 531
- 166 667
- 167 736
- 167 596
- 167 239
- 167 357
- 167 392
- 168 180
- 168 765
- 168 957
- 168 997
- 168 984
- 169 374
- 169 423
- 169 226
- 169 834
- 170 837
- 170 467
- 170 236
- 170 967
- 170 675
- 171 933
- 171 492
- 171 282
- 171 803
- 171 867
- 172 963
- 172 248
- 172 283
- 172 718
- 172 500
- 173 909
- 173 213
- 173 859
- 173 936
- 173 385
- 174 379
- 174 932
- 174 208
- 174 698
- 175 653
- 175 292
- 175 689
- 175 884
- 176 672
- 176 276
- 176 205
- 176 422
- 176 312
- 177 437
- 177 987
- 177 514
- 177 740
- 177 939
- 178 722
- 178 390
- 178 931
- 178 397
- 178 593
- 179 749
- 179 962
- 179 454
- 179 240
- 179 649
- 180 957
- 180 355
- 180 480
- 180 997
- 181 239
- 181 697
- 181 357
- 181 639
- 181 725
- 182 401
- 182 808
- 182 364
- 182 306
- 182 503
- 183 809
- 183 368
- 183 786
- 183 788
- 184 203
- 184 847
- 184 892
- 184 816
- 184 922
- 185 554
- 185 248
- 185 570
- 185 831
- 185 283
- 186 420
- 186 188
- 186 799
- 186 883
- 186 376
- 187 249
- 187 264
- 187 207
- 187 918
- 188 787
- 188 420
- 188 799
- 188 1000
- 189 794
- 189 457
- 189 724
- 189 293
- 189 795
- 190 494
- 190 576
- 190 516
- 190 303
- 190 895
- 191 540
- 191 339
- 191 800
- 191 730
- 191 559
- 192 627
- 192 917
- 192 829
- 192 532
- 192 386
- 193 549
- 193 944
- 193 284
- 193 651
- 193 810
- 193 409
- 194 463
- 194 335
- 194 952
- 194 706
- 194 450
- 195 217
- 195 973
- 195 654
- 195 438
- 195 622
- 196 898
- 196 460
- 196 806
- 196 887
- 196 275
- 196 648
- 197 977
- 197 980
- 197 690
- 197 309
- 197 669
- 198 477
- 198 783
- 198 326
- 198 814
- 198 332
- 199 429
- 199 578
- 199 262
- 199 813
- 199 675
- 199 467
- 200 927
- 200 459
- 200 761
- 201 263
- 201 256
- 201 400
- 201 461
- 201 510
- 202 715
- 202 763
- 202 342
- 202 732
- 202 535
- 202 210
- 203 216
- 203 892
- 203 922
- 203 930
- 204 773
- 204 610
- 204 311
- 205 282
- 205 422
- 205 933
- 205 276
- 206 742
- 206 520
- 206 257
- 206 527
- 206 656
- 207 804
- 207 701
- 207 918
- 207 577
- 207 249
- 208 573
- 208 932
- 208 698
- 209 721
- 209 726
- 209 808
- 209 507
- 209 364
- 210 342
- 210 535
- 210 715
- 210 463
- 210 706
- 211 290
- 211 278
- 211 916
- 212 638
- 212 306
- 212 503
- 212 370
- 213 791
- 213 909
- 213 792
- 213 936
- 213 358
- 214 887
- 214 955
- 214 460
- 214 860
- 214 264
- 214 586
- 215 344
- 215 776
- 215 325
- 215 404
- 216 574
- 216 930
- 216 796
- 216 750
- 217 391
- 217 465
- 217 438
- 217 270
- 218 637
- 218 351
- 218 772
- 218 539
- 218 421
- 219 681
- 219 973
- 219 337
- 219 982
- 219 550
- 219 966
- 220 912
- 220 734
- 220 609
- 220 861
- 220 779
- 221 667
- 221 426
- 221 534
- 221 531
- 221 481
- 221 589
- 222 446
- 222 318
- 222 243
- 222 696
- 222 265
- 222 497
- 223 841
- 223 583
- 223 882
- 223 817
- 223 289
- 224 974
- 224 938
- 224 274
- 224 707
- 224 403
- 225 351
- 225 291
- 225 304
- 225 432
- 225 975
- 225 772
- 226 320
- 226 545
- 226 923
- 226 374
- 227 375
- 227 877
- 227 687
- 227 621
- 227 990
- 227 350
- 228 251
- 228 744
- 228 843
- 228 935
- 228 890
- 229 330
- 229 561
- 229 398
- 229 498
- 229 684
- 230 363
- 230 878
- 230 393
- 230 624
- 230 525
- 230 905
- 231 704
- 231 544
- 231 602
- 231 897
- 232 642
- 232 745
- 232 925
- 232 296
- 232 268
- 233 708
- 233 691
- 233 607
- 233 778
- 233 753
- 233 377
- 234 836
- 234 817
- 234 473
- 234 841
- 234 882
- 234 953
- 235 790
- 235 634
- 235 924
- 236 967
- 236 467
- 236 819
- 236 837
- 237 537
- 237 802
- 237 848
- 237 679
- 237 879
- 238 564
- 238 407
- 238 994
- 238 863
- 238 960
- 239 697
- 239 392
- 239 357
- 239 596
- 240 649
- 240 749
- 240 962
- 240 881
- 241 380
- 241 735
- 241 647
- 241 873
- 241 470
- 242 889
- 242 512
- 242 517
- 242 273
- 242 436
- 243 446
- 243 265
- 243 693
- 243 318
- 243 497
- 244 616
- 244 481
- 244 571
- 244 501
- 244 258
- 244 567
- 245 250
- 245 890
- 245 585
- 245 251
- 246 372
- 246 816
- 246 951
- 246 847
- 246 972
- 247 699
- 247 928
- 247 781
- 247 626
- 247 307
- 248 554
- 248 283
- 248 570
- 249 918
- 249 804
- 249 701
- 250 585
- 250 747
- 251 890
- 251 744
- 252 402
- 252 521
- 252 751
- 252 323
- 252 901
- 253 509
- 253 483
- 253 348
- 253 548
- 253 801
- 253 946
- 254 544
- 254 563
- 254 485
- 254 917
- 254 602
- 255 439
- 255 317
- 255 418
- 255 844
- 255 524
- 255 842
- 256 728
- 256 461
- 256 510
- 256 263
- 257 520
- 257 656
- 257 742
- 258 571
- 258 845
- 258 616
- 258 501
- 259 866
- 259 694
- 259 765
- 259 997
- 259 906
- 259 984
- 260 488
- 260 659
- 261 523
- 261 859
- 261 399
- 261 740
- 261 314
- 261 385
- 262 813
- 262 588
- 262 578
- 262 741
- 262 429
- 263 510
- 263 487
- 263 728
- 264 955
- 264 586
- 265 693
- 265 318
- 265 360
- 266 373
- 266 872
- 266 746
- 266 272
- 266 421
- 267 406
- 267 677
- 267 412
- 267 526
- 267 495
- 268 745
- 268 442
- 268 855
- 268 630
- 268 925
- 269 698
- 269 573
- 269 511
- 269 538
- 270 438
- 270 391
- 270 465
- 270 824
- 271 597
- 271 570
- 271 760
- 271 554
- 271 831
- 272 475
- 272 872
- 272 347
- 273 652
- 273 436
- 273 512
- 273 889
- 273 369
- 274 620
- 274 403
- 274 762
- 274 387
- 275 887
- 275 860
- 275 460
- 275 898
- 275 806
- 276 933
- 276 282
- 276 803
- 277 926
- 277 645
- 277 292
- 277 653
- 278 361
- 278 542
- 279 557
- 279 993
- 279 322
- 279 613
- 280 912
- 280 969
- 280 660
- 280 640
- 281 822
- 281 960
- 281 805
- 281 564
- 281 764
- 281 407
- 282 803
- 282 933
- 283 963
- 283 718
- 284 668
- 284 944
- 284 409
- 284 810
- 284 651
- 285 646
- 285 590
- 285 903
- 285 976
- 285 853
- 285 849
- 286 968
- 286 615
- 286 328
- 286 766
- 286 757
- 287 729
- 287 705
- 287 636
- 287 902
- 288 767
- 288 413
- 288 643
- 288 451
- 288 849
- 288 468
- 289 335
- 289 952
- 289 450
- 289 583
- 290 580
- 290 916
- 290 911
- 290 319
- 291 992
- 291 432
- 291 975
- 292 926
- 292 653
- 293 457
- 293 795
- 293 634
- 293 724
- 293 794
- 294 893
- 294 321
- 294 786
- 294 754
- 294 797
- 294 809
- 295 699
- 295 781
- 295 307
- 295 296
- 296 925
- 296 642
- 297 702
- 297 759
- 297 482
- 297 381
- 297 623
- 298 529
- 298 983
- 298 862
- 298 562
- 299 967
- 299 979
- 299 914
- 299 819
- 299 757
- 300 709
- 300 435
- 300 695
- 300 733
- 300 479
- 301 461
- 301 876
- 301 961
- 301 712
- 301 400
- 302 508
- 302 490
- 302 673
- 303 317
- 303 576
- 303 895
- 303 516
- 304 539
- 304 975
- 304 351
- 304 432
- 304 772
- 305 674
- 305 716
- 305 937
- 305 518
- 306 638
- 306 401
- 306 503
- 307 699
- 307 781
- 308 600
- 308 823
- 308 954
- 308 434
- 308 606
- 309 977
- 309 980
- 309 533
- 309 669
- 309 690
- 310 794
- 310 350
- 310 920
- 310 990
- 310 795
- 311 773
- 311 469
- 312 422
- 312 427
- 312 672
- 313 388
- 313 455
- 313 568
- 313 581
- 313 367
- 314 399
- 314 437
- 314 740
- 314 523
- 315 354
- 315 947
- 315 856
- 315 316
- 315 552
- 316 947
- 316 453
- 316 856
- 316 354
- 317 576
- 317 842
- 317 895
- 317 439
- 318 446
- 318 693
- 319 826
- 319 916
- 319 911
- 319 580
- 320 502
- 320 923
- 320 545
- 320 374
- 321 893
- 321 414
- 321 754
- 321 797
- 322 557
- 322 613
- 323 521
- 323 901
- 323 484
- 323 402
- 324 891
- 324 486
- 324 999
- 324 472
- 325 404
- 325 899
- 325 776
- 325 943
- 326 477
- 326 783
- 326 332
- 326 784
- 327 886
- 327 341
- 327 870
- 327 896
- 327 448
- 328 766
- 328 615
- 328 968
- 328 807
- 329 812
- 329 383
- 329 854
- 329 595
- 329 683
- 330 398
- 330 561
- 330 555
- 330 356
- 331 619
- 331 832
- 331 950
- 331 717
- 332 477
- 332 783
- 332 814
- 332 396
- 333 368
- 333 788
- 333 736
- 333 392
- 334 379
- 334 390
- 334 397
- 334 932
- 335 450
- 335 463
- 335 952
- 336 832
- 336 553
- 336 619
- 336 904
- 337 681
- 337 550
- 337 599
- 337 966
- 337 982
- 338 456
- 338 393
- 338 905
- 338 604
- 338 711
- 338 363
- 339 800
- 339 525
- 339 624
- 339 878
- 340 387
- 340 466
- 340 762
- 340 515
- 340 620
- 340 462
- 341 448
- 341 870
- 341 462
- 341 896
- 341 886
- 342 763
- 342 732
- 342 474
- 342 535
- 343 682
- 343 883
- 343 919
- 343 405
- 343 376
- 343 628
- 344 690
- 344 991
- 345 735
- 345 470
- 345 992
- 345 666
- 346 789
- 346 650
- 346 543
- 346 970
- 347 612
- 347 872
- 347 475
- 347 755
- 348 603
- 348 509
- 348 801
- 348 548
- 348 678
- 349 617
- 349 685
- 349 748
- 349 662
- 349 863
- 350 375
- 350 990
- 350 920
- 350 621
- 351 539
- 351 772
- 351 975
- 352 527
- 352 989
- 352 742
- 352 815
- 352 811
- 353 410
- 353 874
- 353 921
- 353 625
- 353 480
- 354 505
- 354 840
- 354 453
- 354 856
- 355 625
- 355 480
- 355 957
- 355 874
- 356 931
- 356 555
- 356 593
- 356 956
- 357 596
- 357 697
- 358 743
- 358 792
- 358 458
- 358 791
- 358 700
- 359 443
- 359 464
- 359 597
- 359 546
- 359 760
- 360 633
- 360 693
- 360 871
- 360 985
- 361 929
- 361 858
- 361 542
- 361 584
- 362 739
- 362 608
- 362 688
- 362 827
- 362 713
- 363 604
- 363 393
- 363 456
- 363 905
- 364 808
- 364 503
- 364 401
- 365 775
- 365 411
- 365 911
- 365 826
- 365 752
- 366 676
- 366 670
- 366 677
- 366 526
- 366 412
- 366 536
- 367 839
- 367 995
- 367 455
- 367 581
- 367 568
- 368 788
- 368 809
- 369 889
- 369 603
- 369 652
- 369 371
- 369 678
- 370 720
- 370 638
- 371 509
- 371 889
- 371 652
- 371 603
- 371 678
- 372 951
- 372 972
- 372 981
- 372 727
- 372 738
- 373 421
- 373 746
- 373 637
- 374 545
- 374 834
- 375 877
- 375 920
- 375 621
- 375 990
- 376 883
- 376 420
- 376 919
- 376 405
- 377 778
- 377 702
- 377 691
- 377 759
- 377 381
- 378 449
- 378 425
- 378 908
- 378 506
- 379 397
- 379 932
- 380 944
- 380 873
- 380 549
- 380 647
- 381 702
- 381 759
- 381 623
- 381 691
- 382 737
- 382 942
- 382 612
- 382 782
- 382 594
- 382 417
- 383 811
- 383 854
- 383 812
- 383 815
- 384 663
- 384 971
- 384 587
- 384 513
- 384 389
- 385 909
- 385 399
- 385 859
- 386 793
- 386 627
- 386 829
- 387 403
- 387 762
- 387 620
- 387 515
- 388 581
- 388 455
- 388 828
- 389 663
- 389 587
- 389 493
- 390 593
- 390 722
- 390 397
- 391 575
- 391 824
- 391 465
- 391 601
- 392 596
- 392 736
- 393 905
- 393 624
- 393 525
- 394 664
- 394 941
- 394 566
- 394 657
- 395 835
- 395 537
- 395 582
- 395 879
- 395 692
- 396 477
- 396 550
- 396 522
- 396 814
- 396 599
- 397 722
- 398 561
- 398 498
- 398 684
- 399 859
- 399 523
- 400 961
- 400 712
- 400 461
- 401 503
- 401 808
- 402 901
- 402 447
- 402 978
- 402 751
- 403 938
- 403 620
- 404 899
- 404 776
- 405 628
- 405 682
- 405 988
- 405 919
- 406 495
- 406 526
- 406 677
- 406 520
- 407 960
- 407 994
- 407 564
- 407 805
- 408 631
- 408 452
- 408 723
- 408 900
- 409 549
- 409 944
- 409 810
- 410 469
- 410 773
- 410 921
- 411 580
- 411 826
- 411 911
- 411 752
- 412 676
- 412 670
- 412 677
- 412 526
- 413 574
- 413 468
- 413 767
- 413 796
- 413 643
- 414 754
- 414 556
- 415 686
- 415 731
- 415 720
- 416 694
- 416 913
- 416 600
- 416 866
- 416 606
- 416 906
- 417 612
- 417 942
- 417 755
- 417 737
- 418 524
- 418 775
- 418 752
- 418 844
- 418 496
- 419 614
- 419 998
- 419 864
- 419 592
- 419 700
- 420 883
- 420 799
- 420 919
- 421 637
- 421 746
- 422 427
- 422 672
- 423 739
- 423 834
- 423 608
- 424 894
- 424 686
- 424 499
- 424 731
- 424 777
- 424 785
- 425 506
- 425 908
- 425 449
- 425 896
- 426 531
- 426 667
- 426 534
- 426 589
- 427 672
- 427 464
- 427 443
- 428 958
- 428 820
- 428 756
- 429 467
- 429 675
- 429 578
- 429 837
- 430 558
- 430 950
- 430 717
- 430 569
- 431 491
- 431 591
- 431 474
- 432 992
- 432 975
- 433 529
- 433 949
- 433 560
- 434 606
- 434 600
- 434 913
- 434 823
- 435 695
- 435 479
- 436 770
- 436 512
- 436 517
- 437 939
- 437 523
- 437 740
- 438 622
- 438 654
- 439 842
- 439 844
- 439 524
- 439 895
- 440 818
- 440 605
- 440 964
- 440 661
- 441 865
- 441 769
- 441 478
- 441 835
- 441 875
- 442 745
- 442 855
- 442 784
- 442 630
- 442 925
- 443 464
- 443 546
- 443 672
- 444 833
- 444 780
- 444 551
- 444 710
- 444 489
- 445 902
- 445 705
- 445 704
- 446 852
- 446 696
- 446 497
- 447 751
- 447 494
- 447 978
- 447 901
- 448 896
- 448 886
- 448 449
- 449 506
- 449 896
- 450 952
- 451 646
- 451 767
- 451 849
- 451 643
- 451 903
- 452 631
- 452 723
- 453 505
- 453 856
- 453 840
- 453 687
- 454 749
- 454 649
- 454 734
- 454 609
- 454 779
- 455 581
- 456 604
- 456 711
- 456 905
- 457 724
- 457 924
- 457 634
- 458 998
- 458 864
- 458 743
- 458 792
- 458 700
- 459 761
- 459 768
- 459 927
- 460 586
- 460 887
- 460 860
- 461 961
- 462 886
- 462 870
- 462 466
- 462 515
- 463 715
- 463 706
- 464 546
- 464 597
- 465 575
- 465 824
- 466 515
- 466 886
- 466 870
- 466 762
- 467 675
- 467 837
- 468 750
- 468 796
- 468 767
- 468 574
- 469 773
- 469 921
- 470 666
- 470 735
- 470 873
- 471 644
- 471 851
- 471 880
- 471 658
- 471 876
- 471 565
- 472 830
- 472 572
- 472 888
- 472 891
- 473 836
- 473 618
- 473 953
- 473 868
- 474 491
- 474 732
- 474 763
- 475 755
- 475 872
- 476 907
- 476 547
- 476 579
- 476 703
- 476 504
- 476 798
- 477 522
- 477 814
- 478 777
- 478 785
- 478 894
- 478 865
- 478 769
- 479 709
- 479 695
- 480 874
- 480 957
- 480 625
- 481 616
- 481 567
- 481 534
- 481 589
- 482 623
- 482 759
- 482 839
- 482 995
- 483 946
- 483 721
- 483 726
- 483 548
- 483 507
- 484 888
- 484 572
- 484 830
- 484 521
- 485 563
- 485 532
- 485 917
- 485 627
- 486 999
- 486 547
- 486 579
- 487 871
- 487 959
- 487 728
- 487 633
- 487 510
- 488 798
- 488 703
- 488 907
- 489 928
- 489 710
- 489 551
- 489 833
- 489 626
- 490 508
- 490 673
- 490 711
- 491 591
- 491 763
- 492 867
- 492 838
- 492 996
- 492 803
- 493 587
- 493 629
- 494 516
- 494 751
- 494 978
- 495 656
- 495 677
- 495 520
- 496 752
- 496 524
- 496 844
- 496 775
- 497 696
- 497 852
- 497 900
- 498 561
- 498 684
- 499 731
- 499 777
- 499 686
- 499 894
- 500 517
- 500 770
- 500 718
- 500 963
- 501 571
- 501 996
- 501 845
- 502 545
- 502 629
- 502 923
- 504 798
- 504 907
- 504 999
- 504 579
- 504 547
- 505 687
- 505 621
- 505 877
- 505 840
- 506 908
- 507 946
- 507 721
- 507 726
- 508 711
- 508 673
- 508 604
- 509 603
- 509 801
- 509 678
- 510 728
- 510 959
- 511 538
- 511 635
- 511 632
- 512 652
- 512 889
- 513 971
- 513 605
- 513 663
- 514 758
- 514 939
- 514 987
- 515 870
- 515 762
- 516 978
- 516 576
- 517 718
- 517 770
- 518 937
- 518 716
- 518 674
- 518 664
- 519 667
- 519 531
- 519 611
- 520 656
- 521 901
- 521 888
- 522 550
- 522 599
- 522 966
- 522 814
- 523 740
- 523 859
- 524 775
- 524 844
- 525 878
- 525 800
- 525 624
- 526 677
- 526 676
- 527 742
- 527 989
- 527 815
- 528 825
- 528 948
- 528 910
- 528 915
- 528 730
- 529 562
- 529 560
- 530 688
- 530 713
- 530 774
- 530 827
- 531 667
- 532 627
- 532 917
- 533 977
- 533 774
- 533 669
- 534 567
- 534 616
- 534 589
- 535 715
- 535 732
- 535 706
- 536 670
- 536 934
- 536 676
- 537 879
- 537 802
- 537 692
- 537 582
- 538 573
- 538 632
- 539 637
- 539 772
- 540 825
- 540 559
- 540 915
- 540 730
- 541 846
- 541 727
- 541 738
- 541 981
- 541 683
- 542 584
- 542 929
- 543 965
- 543 650
- 543 970
- 544 602
- 544 563
- 545 923
- 546 597
- 547 579
- 547 999
- 548 946
- 548 721
- 548 801
- 549 944
- 549 647
- 550 966
- 550 599
- 551 928
- 551 710
- 551 780
- 551 833
- 552 768
- 552 947
- 552 761
- 552 927
- 553 850
- 553 904
- 553 671
- 554 831
- 554 570
- 554 760
- 555 931
- 555 956
- 555 561
- 556 754
- 557 993
- 557 821
- 557 613
- 558 569
- 558 717
- 559 915
- 559 800
- 559 730
- 560 949
- 560 611
- 562 862
- 562 940
- 562 983
- 563 602
- 564 960
- 564 994
- 565 658
- 565 851
- 565 644
- 565 655
- 566 664
- 566 941
- 566 657
- 567 589
- 567 616
- 567 571
- 568 995
- 568 839
- 568 581
- 569 598
- 569 717
- 570 831
- 571 616
- 572 891
- 572 888
- 572 830
- 573 698
- 574 796
- 574 767
- 574 750
- 575 601
- 575 641
- 575 824
- 576 842
- 576 895
- 577 804
- 577 701
- 577 962
- 577 881
- 578 588
- 578 813
- 578 675
- 579 907
- 579 999
- 580 916
- 580 911
- 580 826
- 581 995
- 582 692
- 582 879
- 582 835
- 582 802
- 583 952
- 583 817
- 583 882
- 584 858
- 584 929
- 584 828
- 585 747
- 586 955
- 586 860
- 587 663
- 588 741
- 588 843
- 588 813
- 588 935
- 589 667
- 590 976
- 590 853
- 590 983
- 590 862
- 590 940
- 591 908
- 592 938
- 592 707
- 592 974
- 592 614
- 593 956
- 593 931
- 593 722
- 594 954
- 594 737
- 594 782
- 594 823
- 595 812
- 595 683
- 595 854
- 595 846
- 596 736
- 596 697
- 597 760
- 598 709
- 598 733
- 599 814
- 599 966
- 600 913
- 600 606
- 601 758
- 601 641
- 601 824
- 602 897
- 603 678
- 603 801
- 604 711
- 605 971
- 606 913
- 606 906
- 607 753
- 607 661
- 607 818
- 607 778
- 607 708
- 608 827
- 608 713
- 608 739
- 609 779
- 609 749
- 609 861
- 609 734
- 611 949
- 612 755
- 612 942
- 613 821
- 613 993
- 614 974
- 614 707
- 614 864
- 615 771
- 615 807
- 615 968
- 617 748
- 617 790
- 617 685
- 617 662
- 618 868
- 618 665
- 619 832
- 619 904
- 620 762
- 621 687
- 621 877
- 622 973
- 622 681
- 622 982
- 622 654
- 623 759
- 623 839
- 624 905
- 624 878
- 625 874
- 625 921
- 626 699
- 626 710
- 626 928
- 627 917
- 628 719
- 628 919
- 628 988
- 628 682
- 629 923
- 630 745
- 630 855
- 630 784
- 631 723
- 632 635
- 632 793
- 633 728
- 633 959
- 633 985
- 633 871
- 634 724
- 634 924
- 635 829
- 635 793
- 636 729
- 636 902
- 637 772
- 638 720
- 639 725
- 639 771
- 639 807
- 639 968
- 640 660
- 640 912
- 640 969
- 640 861
- 641 758
- 641 987
- 642 925
- 642 745
- 643 903
- 643 849
- 643 767
- 644 876
- 644 712
- 644 658
- 644 880
- 645 787
- 645 926
- 645 1000
- 646 849
- 646 853
- 646 976
- 646 903
- 647 735
- 647 873
- 648 869
- 648 898
- 648 806
- 649 734
- 649 749
- 649 962
- 650 789
- 650 970
- 651 668
- 651 848
- 651 810
- 652 889
- 652 678
- 653 689
- 654 973
- 654 982
- 655 680
- 655 857
- 655 658
- 655 851
- 657 664
- 657 937
- 658 851
- 658 880
- 660 912
- 660 969
- 660 674
- 661 964
- 661 818
- 661 708
- 661 753
- 662 685
- 662 790
- 664 937
- 665 934
- 665 868
- 666 735
- 666 873
- 668 810
- 668 679
- 668 848
- 669 977
- 669 774
- 670 934
- 670 676
- 671 850
- 671 904
- 674 969
- 674 716
- 675 837
- 676 934
- 679 802
- 679 879
- 679 848
- 680 857
- 680 910
- 680 948
- 680 851
- 681 966
- 681 982
- 681 973
- 682 719
- 682 945
- 682 988
- 683 981
- 683 846
- 684 958
- 685 748
- 685 863
- 686 777
- 686 731
- 687 840
- 687 877
- 688 827
- 688 713
- 689 747
- 689 884
- 690 991
- 690 980
- 691 702
- 691 753
- 691 778
- 692 875
- 692 835
- 693 985
- 694 866
- 694 906
- 694 913
- 694 765
- 696 900
- 696 852
- 697 725
- 699 781
- 700 864
- 700 998
- 700 743
- 701 804
- 701 881
- 702 759
- 702 778
- 703 907
- 703 798
- 704 897
- 705 729
- 705 902
- 706 715
- 707 938
- 707 974
- 708 818
- 708 753
- 708 964
- 709 733
- 710 928
- 712 961
- 712 876
- 712 880
- 713 827
- 714 821
- 714 993
- 716 937
- 716 969
- 717 950
- 718 963
- 718 770
- 719 988
- 719 945
- 719 885
- 721 946
- 721 726
- 722 931
- 722 956
- 723 852
- 723 900
- 724 924
- 724 794
- 725 771
- 725 807
- 726 808
- 727 738
- 727 846
- 727 972
- 727 981
- 728 959
- 729 902
- 730 825
- 730 915
- 732 763
- 734 749
- 734 779
- 735 873
- 737 954
- 737 942
- 737 782
- 738 981
- 738 972
- 738 951
- 739 834
- 741 935
- 741 813
- 741 843
- 741 744
- 742 989
- 743 998
- 743 791
- 743 792
- 744 935
- 744 890
- 744 843
- 745 925
- 746 872
- 747 884
- 748 863
- 748 994
- 750 930
- 750 796
- 751 978
- 751 901
- 752 775
- 753 778
- 754 797
- 755 942
- 756 885
- 756 945
- 756 958
- 756 820
- 757 979
- 757 766
- 757 914
- 758 987
- 760 831
- 761 768
- 761 927
- 764 833
- 764 805
- 764 822
- 764 780
- 765 866
- 765 997
- 765 984
- 766 914
- 766 979
- 768 927
- 768 947
- 769 785
- 769 894
- 769 875
- 769 865
- 770 963
- 771 807
- 771 968
- 774 977
- 776 899
- 776 943
- 776 986
- 777 894
- 777 785
- 779 861
- 780 833
- 780 822
- 782 942
- 782 954
- 782 823
- 783 784
- 783 855
- 784 855
- 785 894
- 785 865
- 786 797
- 786 893
- 786 809
- 787 926
- 787 1000
- 789 941
- 789 970
- 791 936
- 791 909
- 791 792
- 792 936
- 793 829
- 794 795
- 795 920
- 796 930
- 797 893
- 798 907
- 799 1000
- 799 883
- 800 878
- 801 946
- 802 879
- 803 933
- 804 918
- 804 881
- 805 822
- 805 960
- 806 898
- 806 869
- 807 968
- 809 893
- 810 848
- 811 815
- 811 812
- 811 854
- 812 854
- 813 843
- 815 989
- 816 951
- 816 892
- 816 847
- 817 882
- 817 841
- 817 836
- 818 964
- 819 979
- 819 967
- 819 914
- 820 958
- 820 885
- 821 993
- 822 960
- 823 954
- 825 915
- 825 948
- 826 911
- 828 858
- 828 929
- 830 891
- 830 888
- 832 950
- 835 875
- 836 953
- 836 841
- 836 868
- 837 967
- 838 845
- 838 867
- 838 996
- 839 995
- 840 877
- 840 856
- 841 953
- 841 882
- 842 844
- 842 895
- 843 935
- 845 996
- 845 867
- 846 981
- 847 922
- 847 892
- 849 903
- 852 900
- 853 976
- 853 940
- 853 862
- 856 947
- 857 948
- 857 910
- 858 929
- 860 887
- 860 955
- 861 912
- 862 983
- 862 940
- 863 994
- 864 998
- 865 875
- 866 906
- 866 984
- 867 996
- 868 953
- 869 898
- 870 886
- 871 959
- 871 985
- 874 957
- 876 961
- 876 880
- 880 961
- 881 962
- 883 919
- 885 988
- 885 945
- 887 898
- 890 935
- 892 922
- 899 986
- 899 943
- 903 976
- 906 913
- 909 936
- 910 948
- 914 979
- 920 990
- 922 930
- 931 956
- 938 974
- 939 987
- 940 976
- 940 983
- 941 970
- 943 986
- 943 965
- 945 988
- 951 972
- 959 985
- 965 986
- 973 982
- 975 992
- 977 980
- 980 991
- 984 997
+ 980 981
+ 970 974
+ 960 991
+ 956 979
+ 954 978
+ 953 980
+ 950 972
+ 941 951
+ 939 996
+ 935 987
+ 934 936
+ 931 990
+ 929 997
+ 928 954
+ 924 949
+ 918 926
+ 916 1000
+ 916 995
+ 915 925
+ 914 942
+ 909 958
+ 907 923
+ 905 912
+ 904 946
+ 900 963
+ 897 919
+ 896 909
+ 896 945
+ 892 929
+ 892 961
+ 889 996
+ 889 939
+ 888 893
+ 887 975
+ 886 976
+ 885 891
+ 884 898
+ 882 955
+ 880 897
+ 876 944
+ 875 950
+ 874 936
+ 874 934
+ 873 966
+ 873 999
+ 872 970
+ 872 974
+ 868 877
+ 867 984
+ 866 886
+ 866 976
+ 865 899
+ 864 965
+ 862 931
+ 860 969
+ 859 897
+ 859 919
+ 859 880
+ 858 967
+ 857 917
+ 856 927
+ 855 890
+ 853 930
+ 852 903
+ 851 854
+ 850 883
+ 849 987
+ 849 935
+ 846 870
+ 845 962
+ 845 994
+ 844 955
+ 843 944
+ 843 926
+ 842 853
+ 842 850
+ 841 857
+ 841 989
+ 841 917
+ 839 943
+ 838 907
+ 837 985
+ 835 982
+ 833 867
+ 833 984
+ 829 941
+ 827 897
+ 827 919
+ 826 877
+ 826 868
+ 824 887
+ 824 975
+ 823 961
+ 823 892
+ 822 973
+ 821 852
+ 821 884
+ 821 903
+ 816 957
+ 816 962
+ 815 952
+ 815 899
+ 814 926
+ 814 918
+ 814 843
+ 813 937
+ 810 811
+ 810 832
+ 809 926
+ 809 918
+ 809 843
+ 809 814
+ 806 940
+ 803 886
+ 803 866
+ 803 877
+ 802 975
+ 802 887
+ 802 824
+ 801 870
+ 800 994
+ 800 845
+ 799 901
+ 796 983
+ 795 918
+ 794 900
+ 793 830
+ 793 975
+ 792 964
+ 791 997
+ 791 929
+ 791 831
+ 790 861
+ 789 811
+ 788 836
+ 787 872
+ 787 974
+ 787 968
+ 785 855
+ 782 895
+ 781 930
+ 781 853
+ 779 987
+ 779 935
+ 779 849
+ 777 856
+ 777 927
+ 775 938
+ 774 819
+ 773 933
+ 772 879
+ 772 817
+ 771 876
+ 771 944
+ 770 860
+ 770 969
+ 769 910
+ 769 913
+ 768 908
+ 767 873
+ 767 999
+ 767 890
+ 766 829
+ 765 798
+ 763 958
+ 763 909
+ 762 872
+ 762 970
+ 761 812
+ 761 988
+ 760 893
+ 758 991
+ 758 960
+ 757 964
+ 757 792
+ 756 849
+ 756 987
+ 756 902
+ 755 835
+ 755 982
+ 754 978
+ 754 878
+ 753 947
+ 752 820
+ 751 818
+ 749 998
+ 748 801
+ 748 870
+ 747 810
+ 747 832
+ 746 972
+ 746 818
+ 746 950
+ 744 804
+ 740 881
+ 738 740
+ 738 881
+ 737 966
+ 736 911
+ 735 844
+ 734 902
+ 734 756
+ 733 782
+ 733 895
+ 731 983
+ 731 796
+ 730 764
+ 729 990
+ 729 931
+ 729 862
+ 728 988
+ 728 822
+ 726 911
+ 726 736
+ 726 848
+ 725 805
+ 724 943
+ 723 976
+ 723 866
+ 722 871
+ 721 778
+ 718 833
+ 717 754
+ 717 878
+ 717 978
+ 715 998
+ 715 749
+ 714 716
+ 713 748
+ 713 739
+ 712 906
+ 712 921
+ 711 806
+ 711 917
+ 710 962
+ 710 816
+ 710 957
+ 709 889
+ 709 996
+ 708 726
+ 708 736
+ 708 911
+ 707 744
+ 707 804
+ 706 783
+ 705 942
+ 705 914
+ 703 944
+ 703 876
+ 703 843
+ 703 771
+ 703 926
+ 702 982
+ 702 835
+ 701 965
+ 701 908
+ 699 898
+ 697 806
+ 697 857
+ 697 917
+ 697 711
+ 696 817
+ 696 894
+ 695 730
+ 695 863
+ 694 735
+ 693 754
+ 693 717
+ 693 878
+ 693 978
+ 692 817
+ 692 772
+ 692 879
+ 691 947
+ 691 753
+ 690 853
+ 690 781
+ 690 930
+ 690 842
+ 689 989
+ 689 747
+ 688 788
+ 688 836
+ 687 847
+ 686 738
+ 686 881
+ 686 740
+ 685 908
+ 685 701
+ 684 932
+ 683 720
+ 682 915
+ 682 925
+ 681 910
+ 681 769
+ 680 867
+ 680 718
+ 680 833
+ 680 984
+ 679 777
+ 679 927
+ 679 856
+ 678 805
+ 677 946
+ 677 904
+ 676 704
+ 676 871
+ 675 905
+ 675 912
+ 674 870
+ 674 846
+ 674 801
+ 673 846
+ 673 674
+ 671 672
+ 670 977
+ 669 770
+ 669 969
+ 669 951
+ 668 905
+ 668 834
+ 667 780
+ 666 716
+ 665 774
+ 665 819
+ 664 967
+ 664 968
+ 664 858
+ 663 765
+ 663 798
+ 662 827
+ 662 919
+ 661 829
+ 661 766
+ 661 794
+ 660 778
+ 660 721
+ 659 670
+ 659 879
+ 659 772
+ 659 977
+ 658 774
+ 657 742
+ 656 828
+ 655 671
+ 655 672
+ 654 788
+ 654 688
+ 653 794
+ 653 900
+ 653 963
+ 652 947
+ 652 691
+ 652 753
+ 651 716
+ 651 666
+ 649 986
+ 648 786
+ 647 913
+ 646 719
+ 643 948
+ 643 724
+ 642 678
+ 642 805
+ 642 725
+ 641 860
+ 640 716
+ 640 666
+ 640 714
+ 639 764
+ 639 976
+ 639 723
+ 638 710
+ 638 957
+ 638 816
+ 637 993
+ 636 945
+ 636 776
+ 634 913
+ 634 681
+ 634 769
+ 634 647
+ 632 648
+ 632 665
+ 632 786
+ 631 661
+ 631 766
+ 631 829
+ 630 761
+ 630 812
+ 629 863
+ 628 685
+ 628 908
+ 628 768
+ 627 645
+ 627 681
+ 627 910
+ 626 925
+ 626 687
+ 624 848
+ 624 785
+ 623 648
+ 623 786
+ 622 646
+ 621 895
+ 621 979
+ 621 956
+ 620 688
+ 620 788
+ 620 654
+ 620 836
+ 619 859
+ 619 880
+ 618 993
+ 618 637
+ 617 912
+ 617 675
+ 617 952
+ 617 905
+ 616 745
+ 616 792
+ 615 971
+ 615 798
+ 615 765
+ 614 687
+ 614 847
+ 614 626
+ 613 710
+ 613 638
+ 613 957
+ 612 917
+ 612 697
+ 612 857
+ 612 841
+ 612 711
+ 611 920
+ 610 824
+ 610 887
+ 610 793
+ 610 975
+ 610 830
+ 609 653
+ 609 766
+ 609 661
+ 609 794
+ 608 745
+ 608 616
+ 607 647
+ 607 634
+ 607 913
+ 607 769
+ 606 906
+ 606 921
+ 606 712
+ 605 686
+ 605 740
+ 604 835
+ 604 702
+ 604 982
+ 603 608
+ 603 792
+ 603 745
+ 603 616
+ 602 901
+ 602 751
+ 602 818
+ 601 952
+ 601 815
+ 600 858
+ 600 613
+ 600 967
+ 599 811
+ 599 810
+ 599 789
+ 598 695
+ 598 863
+ 597 932
+ 597 706
+ 596 713
+ 596 748
+ 596 801
+ 595 734
+ 595 914
+ 595 902
+ 594 614
+ 594 847
+ 594 687
+ 594 626
+ 593 948
+ 593 807
+ 592 996
+ 592 854
+ 592 709
+ 591 891
+ 591 885
+ 590 776
+ 589 873
+ 589 966
+ 589 999
+ 589 737
+ 588 936
+ 588 934
+ 588 874
+ 588 752
+ 587 762
+ 586 994
+ 586 992
+ 586 800
+ 585 961
+ 585 892
+ 585 823
+ 584 874
+ 584 630
+ 584 812
+ 584 761
+ 583 831
+ 583 791
+ 583 997
+ 582 763
+ 582 922
+ 582 958
+ 581 770
+ 581 969
+ 581 669
+ 580 760
+ 579 750
+ 578 869
+ 577 789
+ 577 811
+ 577 599
+ 576 660
+ 576 721
+ 575 875
+ 575 683
+ 575 720
+ 574 643
+ 574 724
+ 574 948
+ 573 691
+ 572 909
+ 572 763
+ 572 896
+ 572 945
+ 571 587
+ 571 906
+ 570 746
+ 570 818
+ 570 972
+ 570 751
+ 569 801
+ 569 739
+ 569 713
+ 569 596
+ 569 748
+ 568 671
+ 568 672
+ 567 983
+ 567 700
+ 565 797
+ 565 622
+ 565 646
+ 564 836
+ 563 584
+ 563 874
+ 563 812
+ 563 630
+ 563 934
+ 562 651
+ 562 666
+ 562 716
+ 561 911
+ 561 736
+ 561 992
+ 560 566
+ 559 981
+ 558 808
+ 557 781
+ 557 720
+ 557 930
+ 557 690
+ 556 916
+ 556 1000
+ 556 882
+ 555 935
+ 555 777
+ 555 779
+ 554 848
+ 554 726
+ 554 708
+ 554 911
+ 553 657
+ 553 742
+ 552 624
+ 552 785
+ 552 855
+ 551 704
+ 551 633
+ 550 825
+ 549 697
+ 549 806
+ 549 612
+ 549 711
+ 548 889
+ 548 939
+ 547 642
+ 547 927
+ 547 678
+ 547 856
+ 546 767
+ 546 999
+ 546 890
+ 545 807
+ 544 675
+ 544 905
+ 544 668
+ 544 834
+ 543 628
+ 543 768
+ 542 780
+ 541 894
+ 541 840
+ 540 826
+ 540 877
+ 540 868
+ 539 804
+ 539 644
+ 538 820
+ 537 942
+ 537 595
+ 537 705
+ 537 914
+ 536 785
+ 536 848
+ 536 624
+ 536 552
+ 535 932
+ 535 684
+ 534 778
+ 534 741
+ 533 587
+ 533 571
+ 532 813
+ 532 564
+ 532 937
+ 531 722
+ 531 676
+ 531 871
+ 530 535
+ 530 684
+ 530 597
+ 530 706
+ 530 932
+ 529 759
+ 529 755
+ 528 640
+ 528 959
+ 528 714
+ 527 610
+ 527 793
+ 527 824
+ 527 830
+ 527 975
+ 526 871
+ 526 805
+ 526 725
+ 526 722
+ 525 766
+ 525 631
+ 525 829
+ 525 941
+ 524 929
+ 524 997
+ 524 892
+ 524 823
+ 523 738
+ 523 784
+ 522 802
+ 522 887
+ 521 645
+ 521 635
+ 520 928
+ 520 954
+ 519 783
+ 519 973
+ 518 663
+ 518 765
+ 518 798
+ 517 657
+ 517 641
+ 517 742
+ 516 841
+ 516 989
+ 516 857
+ 516 689
+ 515 972
+ 515 570
+ 515 875
+ 515 746
+ 515 950
+ 514 548
+ 514 939
+ 513 713
+ 513 837
+ 513 739
+ 512 885
+ 511 527
+ 511 635
+ 511 830
+ 511 793
+ 510 701
+ 510 685
+ 510 965
+ 510 864
+ 509 719
+ 509 688
+ 509 654
+ 508 545
+ 508 618
+ 508 637
+ 507 555
+ 507 987
+ 507 935
+ 507 779
+ 506 538
+ 505 965
+ 505 628
+ 505 701
+ 505 510
+ 505 685
+ 505 908
+ 504 636
+ 504 590
+ 504 776
+ 503 573
+ 503 691
+ 503 947
+ 502 560
+ 502 566
+ 501 860
+ 501 641
+ 501 969
+ 500 945
+ 500 504
+ 500 776
+ 500 636
+ 500 896
+ 499 773
+ 499 727
+ 499 933
+ 498 931
+ 498 729
+ 498 862
+ 498 656
+ 497 517
+ 497 641
+ 497 501
+ 497 742
+ 495 763
+ 495 572
+ 495 909
+ 495 958
+ 494 592
+ 494 851
+ 494 709
+ 494 854
+ 493 568
+ 492 650
+ 492 543
+ 491 795
+ 490 622
+ 490 797
+ 490 565
+ 489 793
+ 489 511
+ 489 635
+ 489 830
+ 488 719
+ 488 509
+ 488 654
+ 487 698
+ 487 633
+ 486 734
+ 486 902
+ 486 756
+ 486 849
+ 485 915
+ 485 682
+ 485 925
+ 484 837
+ 484 739
+ 484 513
+ 483 920
+ 483 611
+ 482 625
+ 482 825
+ 481 877
+ 481 826
+ 481 886
+ 481 803
+ 480 579
+ 480 750
+ 480 938
+ 479 617
+ 479 912
+ 479 601
+ 479 952
+ 478 521
+ 478 910
+ 478 645
+ 478 627
+ 477 914
+ 477 734
+ 477 595
+ 477 486
+ 477 902
+ 476 743
+ 475 740
+ 475 605
+ 474 613
+ 474 858
+ 474 638
+ 474 600
+ 473 903
+ 473 884
+ 473 852
+ 473 821
+ 472 539
+ 472 744
+ 472 804
+ 471 644
+ 471 539
+ 470 759
+ 470 959
+ 469 478
+ 469 645
+ 469 521
+ 469 635
+ 468 983
+ 468 567
+ 468 731
+ 467 561
+ 467 800
+ 467 586
+ 467 992
+ 466 991
+ 466 758
+ 466 960
+ 465 724
+ 465 643
+ 465 943
+ 464 655
+ 464 671
+ 464 623
+ 463 895
+ 463 956
+ 463 621
+ 463 782
+ 462 608
+ 462 745
+ 462 603
+ 462 502
+ 461 658
+ 461 774
+ 461 819
+ 460 715
+ 460 998
+ 460 749
+ 459 844
+ 459 735
+ 459 694
+ 458 574
+ 458 593
+ 458 948
+ 457 482
+ 457 825
+ 457 550
+ 457 625
+ 456 654
+ 456 620
+ 456 488
+ 456 509
+ 456 688
+ 455 652
+ 455 753
+ 455 947
+ 455 784
+ 454 815
+ 454 899
+ 454 865
+ 453 718
+ 453 833
+ 453 984
+ 453 680
+ 452 514
+ 452 496
+ 451 696
+ 451 817
+ 451 692
+ 451 894
+ 450 850
+ 450 842
+ 450 883
+ 450 853
+ 449 798
+ 449 961
+ 449 663
+ 449 518
+ 448 795
+ 448 491
+ 447 881
+ 447 523
+ 447 784
+ 447 738
+ 446 493
+ 445 473
+ 445 903
+ 445 821
+ 445 884
+ 444 840
+ 444 591
+ 443 579
+ 443 938
+ 443 480
+ 443 750
+ 442 930
+ 442 720
+ 442 683
+ 442 781
+ 442 557
+ 441 993
+ 441 637
+ 441 506
+ 440 677
+ 440 880
+ 440 619
+ 439 510
+ 439 864
+ 439 701
+ 439 965
+ 438 901
+ 438 799
+ 437 583
+ 437 524
+ 437 929
+ 437 791
+ 437 997
+ 437 831
+ 436 846
+ 436 979
+ 436 673
+ 435 995
+ 435 771
+ 434 533
+ 434 906
+ 434 571
+ 434 587
+ 433 762
+ 433 970
+ 433 872
+ 433 974
+ 432 616
+ 432 757
+ 432 603
+ 432 792
+ 432 745
+ 431 930
+ 431 575
+ 431 557
+ 431 720
+ 431 442
+ 431 683
+ 430 757
+ 430 964
+ 430 792
+ 430 432
+ 430 616
+ 429 907
+ 429 838
+ 428 601
+ 428 454
+ 428 899
+ 428 815
+ 427 491
+ 427 448
+ 426 613
+ 426 600
+ 426 474
+ 426 957
+ 426 638
+ 425 743
+ 425 869
+ 424 470
+ 424 959
+ 424 759
+ 423 602
+ 423 901
+ 423 438
+ 423 751
+ 423 799
+ 422 640
+ 422 959
+ 422 528
+ 422 714
+ 421 937
+ 421 813
+ 421 532
+ 421 577
+ 420 653
+ 420 900
+ 420 446
+ 420 963
+ 419 578
+ 418 869
+ 418 419
+ 418 425
+ 418 578
+ 417 818
+ 417 438
+ 417 602
+ 417 751
+ 417 901
+ 417 423
+ 416 512
+ 415 485
+ 415 626
+ 415 925
+ 415 682
+ 415 687
+ 414 750
+ 414 782
+ 414 733
+ 413 491
+ 413 918
+ 413 795
+ 413 809
+ 412 698
+ 412 838
+ 412 429
+ 411 470
+ 411 424
+ 411 759
+ 410 919
+ 410 827
+ 410 662
+ 409 909
+ 409 572
+ 409 896
+ 409 495
+ 409 945
+ 408 416
+ 407 719
+ 407 488
+ 407 646
+ 406 419
+ 406 558
+ 405 780
+ 405 667
+ 405 604
+ 404 723
+ 404 639
+ 404 764
+ 403 799
+ 403 605
+ 403 475
+ 402 758
+ 402 960
+ 402 991
+ 401 913
+ 401 634
+ 401 681
+ 401 910
+ 401 627
+ 401 769
+ 400 540
+ 400 576
+ 400 660
+ 399 669
+ 399 941
+ 399 581
+ 399 951
+ 398 440
+ 398 859
+ 398 619
+ 398 897
+ 398 880
+ 397 883
+ 397 915
+ 397 850
+ 396 742
+ 396 657
+ 396 641
+ 396 497
+ 396 517
+ 395 786
+ 395 665
+ 395 632
+ 395 819
+ 394 589
+ 394 546
+ 394 999
+ 394 767
+ 394 873
+ 393 828
+ 393 656
+ 392 644
+ 392 471
+ 391 840
+ 391 444
+ 390 452
+ 390 514
+ 390 496
+ 389 662
+ 389 625
+ 389 410
+ 389 482
+ 387 931
+ 387 990
+ 387 862
+ 387 729
+ 386 642
+ 386 805
+ 386 725
+ 386 678
+ 385 481
+ 385 886
+ 385 976
+ 385 803
+ 385 866
+ 384 839
+ 384 985
+ 384 943
+ 383 837
+ 383 985
+ 383 484
+ 382 520
+ 382 928
+ 381 443
+ 381 579
+ 381 775
+ 381 938
+ 381 480
+ 380 585
+ 380 823
+ 380 961
+ 380 449
+ 380 518
+ 379 542
+ 379 741
+ 378 400
+ 378 540
+ 378 576
+ 378 868
+ 377 905
+ 377 675
+ 377 668
+ 377 834
+ 377 912
+ 377 544
+ 376 508
+ 376 618
+ 376 545
+ 376 637
+ 375 773
+ 374 913
+ 374 607
+ 374 647
+ 373 620
+ 373 836
+ 373 564
+ 373 788
+ 372 489
+ 372 521
+ 372 635
+ 372 469
+ 372 645
+ 371 717
+ 371 978
+ 371 754
+ 371 520
+ 371 954
+ 370 649
+ 370 923
+ 369 786
+ 369 648
+ 369 623
+ 369 395
+ 369 632
+ 368 384
+ 368 839
+ 368 383
+ 368 985
+ 367 778
+ 367 721
+ 367 660
+ 367 741
+ 367 534
+ 366 837
+ 366 739
+ 366 484
+ 366 383
+ 366 513
+ 365 942
+ 365 757
+ 365 430
+ 365 964
+ 364 907
+ 364 698
+ 364 838
+ 364 429
+ 364 412
+ 363 775
+ 363 476
+ 362 577
+ 362 789
+ 362 937
+ 362 813
+ 362 421
+ 361 719
+ 361 622
+ 361 407
+ 361 646
+ 360 825
+ 360 550
+ 359 593
+ 359 807
+ 359 458
+ 358 568
+ 358 672
+ 358 493
+ 357 567
+ 357 468
+ 357 700
+ 356 453
+ 356 718
+ 356 960
+ 356 402
+ 355 937
+ 355 813
+ 355 532
+ 355 564
+ 354 534
+ 354 741
+ 354 379
+ 353 906
+ 353 434
+ 353 712
+ 353 533
+ 353 571
+ 352 988
+ 352 973
+ 352 728
+ 352 822
+ 351 790
+ 351 861
+ 350 635
+ 350 489
+ 350 469
+ 350 372
+ 350 511
+ 350 830
+ 349 394
+ 349 966
+ 349 737
+ 349 873
+ 349 589
+ 348 920
+ 348 971
+ 348 483
+ 347 606
+ 347 921
+ 347 906
+ 347 712
+ 347 571
+ 347 353
+ 346 439
+ 346 864
+ 346 878
+ 345 783
+ 345 597
+ 345 519
+ 345 706
+ 344 743
+ 344 476
+ 344 363
+ 343 379
+ 343 542
+ 343 354
+ 342 576
+ 342 868
+ 342 540
+ 342 826
+ 342 378
+ 342 400
+ 341 916
+ 341 556
+ 341 1000
+ 341 955
+ 341 882
+ 340 752
+ 340 820
+ 339 402
+ 339 960
+ 339 991
+ 339 718
+ 339 356
+ 338 650
+ 338 768
+ 338 492
+ 338 543
+ 337 972
+ 337 950
+ 337 875
+ 337 515
+ 336 663
+ 336 615
+ 336 798
+ 336 765
+ 336 971
+ 335 851
+ 335 888
+ 334 986
+ 334 649
+ 333 868
+ 333 385
+ 333 877
+ 333 481
+ 333 826
+ 333 803
+ 332 593
+ 332 948
+ 332 807
+ 332 359
+ 332 574
+ 332 458
+ 331 727
+ 331 392
+ 330 727
+ 330 933
+ 330 499
+ 330 773
+ 329 704
+ 329 531
+ 329 722
+ 329 871
+ 329 676
+ 328 367
+ 328 778
+ 328 721
+ 328 741
+ 328 534
+ 327 796
+ 327 607
+ 327 647
+ 327 374
+ 326 981
+ 326 953
+ 326 559
+ 326 980
+ 325 949
+ 325 924
+ 324 863
+ 324 598
+ 324 629
+ 323 436
+ 323 621
+ 323 956
+ 323 673
+ 323 979
+ 322 588
+ 322 752
+ 322 936
+ 322 340
+ 322 934
+ 321 854
+ 321 888
+ 321 851
+ 321 335
+ 320 604
+ 320 405
+ 320 702
+ 320 667
+ 319 784
+ 319 652
+ 319 753
+ 319 455
+ 318 658
+ 317 547
+ 317 927
+ 317 856
+ 317 679
+ 317 678
+ 316 730
+ 316 764
+ 316 404
+ 315 848
+ 315 708
+ 315 726
+ 315 536
+ 315 554
+ 314 717
+ 314 878
+ 314 346
+ 314 693
+ 313 969
+ 313 770
+ 313 581
+ 313 860
+ 313 501
+ 312 644
+ 312 472
+ 312 539
+ 312 471
+ 311 391
+ 311 444
+ 311 541
+ 311 840
+ 310 910
+ 310 645
+ 310 478
+ 310 521
+ 310 681
+ 310 627
+ 309 644
+ 309 392
+ 309 471
+ 309 331
+ 309 312
+ 308 622
+ 308 407
+ 308 361
+ 308 646
+ 308 565
+ 308 490
+ 307 903
+ 307 408
+ 307 821
+ 307 852
+ 306 893
+ 306 760
+ 306 888
+ 305 390
+ 305 514
+ 305 548
+ 305 496
+ 305 452
+ 304 500
+ 304 945
+ 304 636
+ 304 409
+ 304 504
+ 304 896
+ 303 498
+ 303 656
+ 303 862
+ 303 931
+ 302 650
+ 302 611
+ 302 492
+ 301 986
+ 301 334
+ 301 732
+ 300 977
+ 300 659
+ 300 692
+ 300 879
+ 300 772
+ 299 684
+ 299 535
+ 299 932
+ 299 865
+ 298 898
+ 298 473
+ 298 699
+ 298 445
+ 298 884
+ 297 983
+ 297 468
+ 297 796
+ 297 567
+ 297 731
+ 296 858
+ 296 968
+ 296 967
+ 296 664
+ 295 990
+ 295 729
+ 295 387
+ 295 559
+ 294 530
+ 294 684
+ 294 597
+ 294 706
+ 294 932
+ 294 345
+ 293 920
+ 293 971
+ 293 611
+ 293 348
+ 293 483
+ 292 831
+ 292 580
+ 291 951
+ 291 829
+ 291 525
+ 291 631
+ 291 941
+ 290 673
+ 290 436
+ 290 323
+ 290 979
+ 290 956
+ 289 318
+ 289 658
+ 289 461
+ 288 563
+ 288 934
+ 288 584
+ 288 874
+ 288 936
+ 288 630
+ 287 774
+ 287 819
+ 287 665
+ 287 461
+ 286 506
+ 286 993
+ 286 441
+ 286 538
+ 285 653
+ 285 963
+ 285 794
+ 285 900
+ 285 609
+ 284 482
+ 284 389
+ 284 625
+ 284 662
+ 283 892
+ 283 823
+ 283 929
+ 283 524
+ 283 585
+ 283 997
+ 282 775
+ 282 363
+ 282 480
+ 282 381
+ 282 938
+ 281 626
+ 281 594
+ 281 687
+ 281 485
+ 281 415
+ 281 925
+ 280 488
+ 280 456
+ 280 361
+ 280 719
+ 280 407
+ 280 509
+ 279 435
+ 279 771
+ 279 995
+ 279 876
+ 278 331
+ 278 330
+ 278 727
+ 278 392
+ 277 593
+ 277 807
+ 277 359
+ 277 545
+ 276 899
+ 276 428
+ 276 454
+ 276 865
+ 275 650
+ 275 611
+ 275 920
+ 275 483
+ 275 302
+ 274 990
+ 274 981
+ 274 295
+ 274 559
+ 273 465
+ 273 839
+ 273 943
+ 273 384
+ 272 737
+ 272 349
+ 272 360
+ 272 966
+ 271 844
+ 271 735
+ 271 694
+ 271 459
+ 270 977
+ 270 670
+ 270 300
+ 270 659
+ 270 879
+ 269 522
+ 269 824
+ 269 802
+ 269 887
+ 268 558
+ 268 406
+ 268 808
+ 267 822
+ 267 988
+ 267 352
+ 267 728
+ 266 609
+ 266 285
+ 266 794
+ 266 631
+ 266 766
+ 266 661
+ 265 743
+ 265 344
+ 265 476
+ 265 775
+ 265 363
+ 264 920
+ 264 293
+ 264 348
+ 264 615
+ 264 971
+ 263 376
+ 263 545
+ 263 359
+ 263 807
+ 263 277
+ 262 311
+ 262 840
+ 262 391
+ 262 894
+ 262 541
+ 261 753
+ 261 319
+ 261 523
+ 261 455
+ 261 784
+ 260 914
+ 260 734
+ 260 537
+ 260 705
+ 260 595
+ 260 477
+ 259 495
+ 259 958
+ 259 582
+ 259 922
+ 259 763
+ 258 325
+ 258 949
+ 258 922
+ 258 924
+ 257 817
+ 257 696
+ 257 541
+ 257 451
+ 257 894
+ 256 875
+ 256 575
+ 256 950
+ 256 337
+ 256 683
+ 255 464
+ 255 655
+ 255 648
+ 255 623
+ 254 465
+ 254 273
+ 254 724
+ 254 943
+ 254 839
+ 254 643
+ 253 982
+ 253 755
+ 253 702
+ 253 529
+ 253 835
+ 252 568
+ 252 672
+ 252 671
+ 252 655
+ 252 358
+ 251 450
+ 251 842
+ 251 781
+ 251 853
+ 251 690
+ 251 850
+ 250 724
+ 250 948
+ 250 458
+ 250 465
+ 250 574
+ 250 643
+ 249 998
+ 249 797
+ 249 749
+ 248 940
+ 248 806
+ 248 711
+ 248 549
+ 247 306
+ 247 292
+ 247 760
+ 247 893
+ 247 580
+ 246 526
+ 246 805
+ 246 386
+ 246 725
+ 246 722
+ 245 988
+ 245 812
+ 245 761
+ 245 728
+ 245 267
+ 244 533
+ 244 434
+ 244 587
+ 244 970
+ 244 762
+ 243 679
+ 243 777
+ 243 507
+ 243 935
+ 243 555
+ 242 262
+ 242 894
+ 242 696
+ 242 840
+ 242 541
+ 242 257
+ 241 319
+ 241 523
+ 241 261
+ 241 784
+ 241 447
+ 240 946
+ 240 440
+ 240 677
+ 240 619
+ 240 880
+ 239 832
+ 239 810
+ 239 747
+ 239 599
+ 238 733
+ 238 414
+ 238 579
+ 238 443
+ 238 750
+ 237 590
+ 237 940
+ 236 810
+ 236 599
+ 236 832
+ 236 789
+ 236 811
+ 236 239
+ 235 847
+ 235 614
+ 234 479
+ 234 617
+ 234 912
+ 234 952
+ 234 675
+ 234 601
+ 233 450
+ 233 842
+ 233 883
+ 233 397
+ 233 850
+ 232 618
+ 232 263
+ 232 277
+ 232 545
+ 232 508
+ 232 376
+ 231 808
+ 231 732
+ 231 558
+ 231 268
+ 230 559
+ 230 953
+ 230 274
+ 230 981
+ 230 326
+ 230 980
+ 229 529
+ 229 411
+ 229 755
+ 229 759
+ 228 556
+ 228 882
+ 228 341
+ 228 955
+ 228 1000
+ 227 694
+ 227 921
+ 227 712
+ 227 606
+ 226 707
+ 226 452
+ 226 496
+ 226 390
+ 225 915
+ 225 883
+ 225 682
+ 225 233
+ 225 397
+ 224 303
+ 224 498
+ 224 656
+ 224 828
+ 224 862
+ 223 731
+ 223 374
+ 223 327
+ 223 796
+ 223 983
+ 222 800
+ 222 962
+ 222 994
+ 222 845
+ 221 484
+ 221 739
+ 221 569
+ 221 596
+ 221 713
+ 221 513
+ 220 576
+ 220 778
+ 220 400
+ 220 378
+ 220 721
+ 220 660
+ 219 287
+ 219 318
+ 219 289
+ 219 461
+ 219 658
+ 219 774
+ 218 655
+ 218 672
+ 218 671
+ 218 464
+ 218 255
+ 217 919
+ 217 897
+ 217 827
+ 217 398
+ 217 859
+ 217 410
+ 216 235
+ 216 847
+ 216 834
+ 215 516
+ 215 689
+ 215 832
+ 215 747
+ 215 989
+ 214 292
+ 214 580
+ 214 760
+ 214 247
+ 214 893
+ 213 641
+ 213 396
+ 213 313
+ 213 501
+ 213 860
+ 213 497
+ 212 740
+ 212 881
+ 212 475
+ 212 403
+ 212 686
+ 212 605
+ 211 700
+ 211 828
+ 211 393
+ 210 425
+ 210 869
+ 210 344
+ 210 743
+ 209 822
+ 209 352
+ 209 973
+ 209 728
+ 208 680
+ 208 984
+ 208 375
+ 208 867
+ 207 700
+ 207 567
+ 207 468
+ 207 297
+ 207 357
+ 206 903
+ 206 408
+ 206 307
+ 206 852
+ 205 797
+ 205 565
+ 205 622
+ 205 490
+ 205 249
+ 204 479
+ 204 952
+ 204 601
+ 204 454
+ 204 428
+ 204 815
+ 203 780
+ 203 343
+ 203 542
+ 202 625
+ 202 482
+ 202 550
+ 202 457
+ 202 825
+ 202 284
+ 201 441
+ 201 637
+ 201 618
+ 201 286
+ 201 508
+ 201 993
+ 200 891
+ 200 591
+ 200 885
+ 200 391
+ 200 444
+ 199 940
+ 199 248
+ 199 590
+ 199 237
+ 198 924
+ 198 922
+ 198 325
+ 198 258
+ 197 864
+ 197 965
+ 197 314
+ 197 439
+ 197 346
+ 196 698
+ 196 633
+ 196 487
+ 196 412
+ 195 856
+ 195 555
+ 195 679
+ 195 777
+ 195 243
+ 195 507
+ 194 855
+ 194 767
+ 194 999
+ 194 546
+ 194 890
+ 193 898
+ 193 298
+ 193 699
+ 193 445
+ 193 884
+ 192 314
+ 192 878
+ 192 346
+ 192 693
+ 192 197
+ 192 864
+ 191 334
+ 191 986
+ 191 649
+ 190 290
+ 190 674
+ 190 870
+ 190 673
+ 190 436
+ 190 846
+ 189 835
+ 189 755
+ 189 229
+ 189 529
+ 189 253
+ 188 942
+ 188 964
+ 188 365
+ 188 757
+ 188 705
+ 187 295
+ 187 559
+ 187 387
+ 187 981
+ 187 990
+ 187 274
+ 186 772
+ 186 817
+ 186 696
+ 186 692
+ 186 451
+ 186 879
+ 185 512
+ 185 416
+ 185 206
+ 185 408
+ 184 677
+ 184 861
+ 184 946
+ 184 904
+ 183 525
+ 183 951
+ 183 291
+ 183 399
+ 183 941
+ 182 438
+ 182 403
+ 182 605
+ 182 799
+ 182 475
+ 181 758
+ 181 953
+ 181 466
+ 181 980
+ 180 537
+ 180 942
+ 180 964
+ 180 365
+ 180 705
+ 180 188
+ 179 470
+ 179 424
+ 179 528
+ 179 411
+ 179 959
+ 178 916
+ 178 435
+ 178 1000
+ 178 995
+ 177 867
+ 177 208
+ 177 375
+ 176 226
+ 176 496
+ 176 707
+ 176 744
+ 175 193
+ 175 699
+ 175 629
+ 175 898
+ 174 974
+ 174 664
+ 174 968
+ 174 787
+ 173 551
+ 173 487
+ 173 633
+ 172 446
+ 172 963
+ 172 420
+ 171 899
+ 171 535
+ 171 299
+ 171 276
+ 171 865
+ 170 375
+ 170 177
+ 170 933
+ 170 773
+ 169 833
+ 169 718
+ 169 339
+ 169 453
+ 169 402
+ 169 356
+ 168 292
+ 168 831
+ 168 583
+ 168 791
+ 168 580
+ 167 889
+ 167 709
+ 167 592
+ 167 996
+ 166 779
+ 166 756
+ 166 849
+ 166 902
+ 166 987
+ 166 486
+ 165 198
+ 165 922
+ 165 258
+ 165 582
+ 165 924
+ 164 834
+ 164 235
+ 164 216
+ 164 668
+ 163 715
+ 163 573
+ 163 460
+ 162 955
+ 162 271
+ 162 882
+ 162 844
+ 162 735
+ 161 944
+ 161 279
+ 161 435
+ 161 876
+ 161 771
+ 160 231
+ 160 268
+ 160 808
+ 160 732
+ 159 968
+ 159 967
+ 159 174
+ 159 787
+ 159 664
+ 159 296
+ 158 476
+ 158 869
+ 158 344
+ 158 210
+ 158 425
+ 158 743
+ 157 992
+ 157 736
+ 157 467
+ 157 586
+ 157 561
+ 156 733
+ 156 579
+ 156 414
+ 156 750
+ 156 238
+ 155 470
+ 155 714
+ 155 959
+ 155 528
+ 155 179
+ 155 422
+ 154 466
+ 154 326
+ 154 181
+ 154 980
+ 154 953
+ 153 354
+ 153 343
+ 153 534
+ 153 328
+ 153 741
+ 153 379
+ 152 825
+ 152 360
+ 152 457
+ 152 550
+ 151 444
+ 151 311
+ 151 200
+ 151 591
+ 151 891
+ 151 391
+ 150 742
+ 150 657
+ 150 517
+ 150 553
+ 149 334
+ 149 301
+ 149 732
+ 148 564
+ 148 373
+ 148 532
+ 148 937
+ 148 355
+ 147 272
+ 147 152
+ 147 360
+ 147 737
+ 147 966
+ 146 448
+ 146 427
+ 146 382
+ 145 704
+ 145 173
+ 145 633
+ 145 551
+ 144 917
+ 144 857
+ 144 841
+ 144 689
+ 144 989
+ 144 516
+ 143 633
+ 143 551
+ 143 487
+ 143 196
+ 143 173
+ 143 698
+ 142 649
+ 142 923
+ 142 191
+ 142 370
+ 141 665
+ 141 369
+ 141 287
+ 141 632
+ 141 819
+ 141 395
+ 140 419
+ 140 406
+ 140 558
+ 140 578
+ 139 163
+ 139 715
+ 139 749
+ 139 460
+ 138 472
+ 138 744
+ 138 804
+ 138 176
+ 138 707
+ 137 652
+ 137 503
+ 137 573
+ 137 947
+ 137 691
+ 136 808
+ 136 406
+ 136 140
+ 136 268
+ 136 558
+ 135 184
+ 135 790
+ 135 861
+ 135 351
+ 135 904
+ 134 358
+ 134 172
+ 134 493
+ 134 446
+ 133 429
+ 133 487
+ 133 364
+ 133 196
+ 133 412
+ 133 698
+ 132 706
+ 132 519
+ 132 783
+ 132 597
+ 132 345
+ 131 289
+ 131 318
+ 131 388
+ 130 762
+ 130 970
+ 130 244
+ 130 533
+ 130 587
+ 130 433
+ 129 446
+ 129 420
+ 129 900
+ 129 963
+ 129 172
+ 128 998
+ 128 205
+ 128 797
+ 128 490
+ 128 249
+ 127 928
+ 127 146
+ 127 427
+ 127 448
+ 127 382
+ 126 985
+ 126 837
+ 126 368
+ 126 383
+ 126 366
+ 125 566
+ 125 861
+ 125 790
+ 125 351
+ 124 370
+ 124 923
+ 124 838
+ 124 142
+ 124 907
+ 123 785
+ 123 890
+ 123 855
+ 123 552
+ 123 624
+ 122 296
+ 122 474
+ 122 858
+ 122 426
+ 122 600
+ 122 967
+ 121 946
+ 121 619
+ 121 677
+ 121 440
+ 121 904
+ 121 240
+ 120 371
+ 120 954
+ 120 978
+ 120 520
+ 120 754
+ 119 173
+ 119 551
+ 119 704
+ 119 676
+ 119 145
+ 118 462
+ 118 566
+ 118 608
+ 118 502
+ 118 560
+ 117 606
+ 117 921
+ 117 694
+ 117 459
+ 117 227
+ 116 301
+ 116 160
+ 116 732
+ 116 149
+ 115 123
+ 115 552
+ 115 890
+ 115 194
+ 115 546
+ 115 855
+ 114 275
+ 114 483
+ 114 492
+ 114 302
+ 114 611
+ 114 650
+ 113 538
+ 113 820
+ 113 506
+ 113 340
+ 112 624
+ 112 554
+ 112 785
+ 112 536
+ 112 848
+ 112 315
+ 111 309
+ 111 727
+ 111 392
+ 111 278
+ 111 471
+ 111 331
+ 110 846
+ 110 748
+ 110 596
+ 110 674
+ 110 801
+ 110 870
+ 109 157
+ 109 992
+ 109 708
+ 109 911
+ 109 561
+ 109 736
+ 108 709
+ 108 494
+ 108 854
+ 108 167
+ 108 851
+ 108 592
+ 107 502
+ 107 790
+ 107 560
+ 107 125
+ 107 566
+ 106 733
+ 106 414
+ 106 782
+ 106 156
+ 106 895
+ 106 463
+ 105 628
+ 105 768
+ 105 543
+ 105 908
+ 105 338
+ 105 685
+ 104 512
+ 104 885
+ 104 891
+ 104 591
+ 103 657
+ 103 949
+ 103 150
+ 103 553
+ 102 503
+ 102 573
+ 102 137
+ 102 139
+ 102 163
+ 101 131
+ 101 318
+ 101 388
+ 101 658
+ 101 289
+ 100 773
+ 100 375
+ 100 499
+ 100 170
+ 100 177
+ 100 933
+ 99 164
+ 99 847
+ 99 216
+ 99 614
+ 99 235
+ 99 594
+ 98 918
+ 98 814
+ 98 809
+ 98 795
+ 98 491
+ 98 413
+ 97 104
+ 97 891
+ 97 512
+ 97 885
+ 97 416
+ 96 165
+ 96 582
+ 96 259
+ 96 922
+ 96 198
+ 96 958
+ 95 782
+ 95 956
+ 95 895
+ 95 463
+ 95 621
+ 95 979
+ 94 644
+ 94 138
+ 94 472
+ 94 804
+ 94 312
+ 94 539
+ 93 560
+ 93 745
+ 93 502
+ 93 462
+ 93 608
+ 93 118
+ 92 335
+ 92 851
+ 92 854
+ 92 321
+ 92 494
+ 91 397
+ 91 225
+ 91 915
+ 91 883
+ 91 485
+ 91 682
+ 90 116
+ 90 231
+ 90 732
+ 90 149
+ 90 160
+ 90 808
+ 89 355
+ 89 373
+ 89 148
+ 89 788
+ 89 564
+ 89 836
+ 88 270
+ 88 388
+ 88 670
+ 88 977
+ 87 789
+ 87 362
+ 87 811
+ 87 813
+ 87 421
+ 87 577
+ 86 150
+ 86 103
+ 86 325
+ 86 949
+ 86 553
+ 85 189
+ 85 411
+ 85 424
+ 85 229
+ 85 759
+ 85 529
+ 84 994
+ 84 816
+ 84 845
+ 84 962
+ 84 222
+ 83 223
+ 83 647
+ 83 374
+ 83 327
+ 83 731
+ 83 796
+ 82 924
+ 82 949
+ 82 325
+ 82 103
+ 82 553
+ 82 86
+ 81 973
+ 81 209
+ 81 519
+ 81 822
+ 81 783
+ 80 496
+ 80 390
+ 80 707
+ 80 176
+ 80 226
+ 80 744
+ 79 662
+ 79 389
+ 79 625
+ 79 827
+ 79 410
+ 79 284
+ 78 560
+ 78 566
+ 78 125
+ 78 351
+ 78 790
+ 78 107
+ 77 379
+ 77 343
+ 77 354
+ 77 203
+ 77 542
+ 76 228
+ 76 882
+ 76 844
+ 76 162
+ 76 735
+ 76 955
+ 75 514
+ 75 548
+ 75 452
+ 75 939
+ 75 305
+ 74 901
+ 74 403
+ 74 438
+ 74 799
+ 74 475
+ 74 182
+ 73 828
+ 73 393
+ 73 211
+ 73 224
+ 73 656
+ 73 303
+ 72 164
+ 72 834
+ 72 216
+ 72 668
+ 72 544
+ 72 235
+ 71 382
+ 71 146
+ 71 928
+ 71 127
+ 71 427
+ 70 101
+ 70 131
+ 70 388
+ 70 318
+ 69 279
+ 69 178
+ 69 995
+ 69 161
+ 69 435
+ 68 636
+ 68 776
+ 68 590
+ 68 504
+ 68 237
+ 67 131
+ 67 70
+ 67 88
+ 67 388
+ 67 670
+ 66 267
+ 66 988
+ 66 630
+ 66 245
+ 66 812
+ 66 761
+ 65 324
+ 65 695
+ 65 629
+ 65 863
+ 65 598
+ 64 408
+ 64 185
+ 64 206
+ 64 416
+ 64 307
+ 64 852
+ 63 207
+ 63 211
+ 63 357
+ 63 700
+ 63 393
+ 62 523
+ 62 686
+ 62 447
+ 62 241
+ 62 881
+ 62 738
+ 61 177
+ 61 867
+ 61 984
+ 61 375
+ 61 208
+ 61 170
+ 60 419
+ 60 578
+ 60 425
+ 60 869
+ 60 210
+ 60 418
+ 59 227
+ 59 271
+ 59 459
+ 59 921
+ 59 117
+ 59 694
+ 58 974
+ 58 174
+ 58 872
+ 58 433
+ 58 968
+ 58 787
+ 57 172
+ 57 134
+ 57 129
+ 57 493
+ 57 446
+ 56 714
+ 56 422
+ 56 666
+ 56 651
+ 56 640
+ 56 716
+ 55 700
+ 55 63
+ 55 357
+ 55 828
+ 55 393
+ 55 211
+ 54 316
+ 54 723
+ 54 404
+ 54 764
+ 54 639
+ 53 786
+ 53 623
+ 53 218
+ 53 464
+ 53 255
+ 53 648
+ 52 104
+ 52 416
+ 52 512
+ 52 185
+ 52 97
+ 52 408
+ 51 730
+ 51 764
+ 51 316
+ 51 404
+ 50 476
+ 50 938
+ 50 775
+ 50 363
+ 50 265
+ 50 282
+ 49 749
+ 49 249
+ 49 460
+ 49 128
+ 49 797
+ 49 998
+ 48 491
+ 48 146
+ 48 413
+ 48 427
+ 48 795
+ 48 448
+ 47 167
+ 47 548
+ 47 939
+ 47 75
+ 47 889
+ 47 996
+ 46 818
+ 46 972
+ 46 746
+ 46 602
+ 46 570
+ 46 751
+ 45 650
+ 45 338
+ 45 768
+ 45 492
+ 45 543
+ 45 302
+ 44 580
+ 44 214
+ 44 292
+ 44 168
+ 44 831
+ 44 583
+ 43 642
+ 43 678
+ 43 927
+ 43 317
+ 43 547
+ 43 386
+ 42 199
+ 42 940
+ 42 806
+ 42 549
+ 42 248
+ 42 237
+ 41 286
+ 41 538
+ 41 113
+ 41 506
+ 41 993
+ 41 441
+ 40 499
+ 40 278
+ 40 727
+ 40 331
+ 40 330
+ 40 933
+ 39 51
+ 39 730
+ 39 695
+ 39 65
+ 39 598
+ 38 69
+ 38 556
+ 38 178
+ 38 916
+ 38 995
+ 38 1000
+ 37 324
+ 37 175
+ 37 699
+ 37 629
+ 37 863
+ 36 269
+ 36 522
+ 36 802
+ 35 384
+ 35 368
+ 35 839
+ 35 985
+ 35 126
+ 35 273
+ 34 667
+ 34 702
+ 34 320
+ 34 982
+ 34 604
+ 34 405
+ 33 334
+ 33 149
+ 33 191
+ 33 301
+ 33 986
+ 33 116
+ 32 154
+ 32 758
+ 32 181
+ 32 466
+ 32 953
+ 32 991
+ 31 152
+ 31 147
+ 31 272
+ 31 737
+ 31 360
+ 31 550
+ 30 923
+ 30 124
+ 30 838
+ 30 907
+ 30 429
+ 30 370
+ 29 695
+ 29 316
+ 29 730
+ 29 39
+ 29 598
+ 29 51
+ 28 538
+ 28 113
+ 28 820
+ 28 340
+ 28 506
+ 28 752
+ 27 531
+ 27 526
+ 27 725
+ 27 722
+ 27 871
+ 27 246
+ 26 306
+ 26 760
+ 26 893
+ 26 888
+ 26 335
+ 25 684
+ 25 865
+ 25 535
+ 25 276
+ 25 171
+ 25 299
+ 24 989
+ 24 215
+ 24 689
+ 24 239
+ 24 747
+ 24 832
+ 23 845
+ 23 710
+ 23 962
+ 23 957
+ 23 84
+ 23 816
+ 22 203
+ 22 667
+ 22 320
+ 22 780
+ 22 405
+ 21 520
+ 21 120
+ 21 382
+ 21 928
+ 21 71
+ 21 954
+ 20 70
+ 20 977
+ 20 88
+ 20 67
+ 20 670
+ 20 388
+ 19 936
+ 19 588
+ 19 340
+ 19 752
+ 19 820
+ 19 322
+ 18 418
+ 18 140
+ 18 136
+ 18 578
+ 18 406
+ 18 419
+ 17 324
+ 17 175
+ 17 898
+ 17 37
+ 17 629
+ 17 699
+ 16 946
+ 16 184
+ 16 904
+ 16 351
+ 16 135
+ 16 861
+ 15 649
+ 15 370
+ 15 191
+ 15 142
+ 15 923
+ 15 986
+ 14 765
+ 14 348
+ 14 971
+ 14 336
+ 14 615
+ 14 264
+ 13 994
+ 13 467
+ 13 800
+ 13 222
+ 13 992
+ 13 586
+ 12 493
+ 12 252
+ 12 57
+ 12 358
+ 12 134
+ 12 568
+ 11 876
+ 11 814
+ 11 703
+ 11 944
+ 11 926
+ 11 843
+ 10 199
+ 10 237
+ 10 940
+ 10 776
+ 10 68
+ 10 590
+ 9 209
+ 9 783
+ 9 132
+ 9 519
+ 9 81
+ 9 973
+ 8 780
+ 8 77
+ 8 542
+ 8 203
+ 8 22
+ 8 667
+ 7 575
+ 7 683
+ 7 256
+ 7 337
+ 7 875
+ 7 720
+ 6 961
+ 6 449
+ 6 585
+ 6 518
+ 6 663
+ 6 380
+ 5 321
+ 5 335
+ 5 92
+ 5 306
+ 5 888
+ 5 26
+ 4 573
+ 4 102
+ 4 139
+ 4 163
+ 4 503
+ 4 715
+ 3 399
+ 3 581
+ 3 183
+ 3 669
+ 3 951
+ 3 770
+ 2 531
+ 2 676
+ 2 145
+ 2 704
+ 2 329
+ 2 119
- 1 378
- 1 576
- 1 778
- 1 77
- 1 780
- 1 22
- 1 320
- 1 755
- 1 229
- 1 528
- 1 56
- 1 716
- 1 562
- 1 651
- 1 666
- 1 640
- 1 714
- 1 422
- 1 155
- 1 179
- 1 470
- 1 959
- 1 424
- 1 411
- 1 759
- 1 85
- 1 529
- 1 189
- 1 253
- 1 702
- 1 835
- 1 982
- 1 34
- 1 604
- 1 405
- 1 667
- 1 8
- 1 203
- 1 542
- 1 343
- 1 153
- 1 379
- 1 354
- 1 741
- 1 328
- 1 534
- 1 367
- 1 721
- 1 220
- 1 660
- 1 400
- 1 342
- 1 481
- 1 877
- 1 540
- 1 868
- 1 826
- 1 333
- 1 803
- 1 385
- 1 764
- 1 316
- 1 730
- 1 695
- 1 298
- 1 903
- 1 206
- 1 185
- 1 408
- 1 52
- 1 512
- 1 242
- 1 696
- 1 817
- 1 20
- 1 648
- 1 53
- 1 420
- 1 653
- 1 631
- 1 291
- 1 940
- 1 806
- 1 789
- 1 810
- 1 811
- 1 87
- 1 788
- 1 373
- 1 620
- 1 456
- 1 719
- 1 652
- 1 573
- 1 139
- 1 460
- 1 163
- 1 102
- 1 137
- 1 691
- 1 753
- 1 319
- 1 261
- 1 523
- 1 930
- 1 781
- 1 251
- 1 853
- 1 450
- 1 883
- 1 485
- 1 72
- 1 834
- 1 454
- 1 899
- 1 28
- 1 538
- 1 286
- 1 593
- 1 837
- 1 368
- 1 35
- 1 126
- 1 366
- 1 569
- 1 748
- 1 846
- 1 190
- 1 579
- 1 775
- 1 344
- 1 210
- 1 60
- 1 418
- 1 140
- 1 808
- 1 90
- 1 160
- 1 301
- 1 334
- 1 649
- 1 191
- 1 142
- 1 124
- 1 907
- 1 551
- 1 145
- 1 704
- 1 531
- 1 195
- 1 734
- 1 537
- 1 942
- 1 93
- 1 118
- 1 560
- 1 440
- 1 619
- 1 859
- 1 217
- 1 202
- 1 389
- 1 482
- 1 825
- 1 624
- 1 123
- 1 552
- 1 536
- 1 848
- 1 726
- 1 708
- 1 613
- 1 69
- 1 279
- 1 876
- 1 161
- 1 944
- 1 918
- 1 98
- 1 192
- 1 864
- 1 510
- 1 685
- 1 105
- 1 338
- 1 492
- 1 650
- 1 114
- 1 611
- 1 920
- 1 971
- 1 336
- 1 585
- 1 283
- 1 791
- 1 292
- 1 5
- 1 851
- 1 167
- 1 61
- 1 833
- 1 718
- 1 339
- 1 32
- 1 154
- 1 953
- 1 910
- 1 681
- 1 310
- 1 521
- 1 469
- 1 635
- 1 489
- 1 511
- 1 793
- 1 522
- 1 36
- 1 802
- 1 269
- 1 887
- 1 824
- 1 527
- 1 975
- 1 610
- 1 830
- 1 350
- 1 372
- 1 645
- 1 478
- 1 627
- 1 401
- 1 607
- 1 913
- 1 769
- 1 634
- 1 647
- 1 374
- 1 327
- 1 83
- 1 796
- 1 223
- 1 983
- 1 567
- 1 468
- 1 731
- 1 297
- 1 207
- 1 357
- 1 700
- 1 63
- 1 981
- 1 274
- 1 187
- 1 990
- 1 931
- 1 73
- 1 303
- 1 498
- 1 656
- 1 393
- 1 211
- 1 55
- 1 828
- 1 224
- 1 862
- 1 729
- 1 387
- 1 295
- 1 559
- 1 326
- 1 230
- 1 980
- 1 181
- 1 466
- 1 960
- 1 758
- 1 991
- 1 402
- 1 356
- 1 169
- 1 453
- 1 680
- 1 984
- 1 867
- 1 208
- 1 375
- 1 644
- 1 138
- 1 94
- 1 539
- 1 111
- 1 471
- 1 392
- 1 278
- 1 727
- 1 499
- 1 330
- 1 773
- 1 170
- 1 177
- 1 100
- 1 933
- 1 40
- 1 331
- 1 309
- 1 312
- 1 472
- 1 804
- 1 707
- 1 176
- 1 744
- 1 80
- 1 226
- 1 452
- 1 75
- 1 305
- 1 496
- 1 390
- 1 514
- 1 939
- 1 548
- 1 889
- 1 47
- 1 996
- 1 709
- 1 592
- 1 108
- 1 854
- 1 494
- 1 92
- 1 321
- 1 335
- 1 26
- 1 888
- 1 306
- 1 760
- 1 214
- 1 893
- 1 247
- 1 580
- 1 168
- 1 583
- 1 44
- 1 831
- 1 437
- 1 929
- 1 997
- 1 524
- 1 892
- 1 823
- 1 961
- 1 449
- 1 663
- 1 6
- 1 380
- 1 518
- 1 798
- 1 765
- 1 615
- 1 14
- 1 264
- 1 348
- 1 293
- 1 483
- 1 275
- 1 302
- 1 45
- 1 543
- 1 628
- 1 768
- 1 908
- 1 505
- 1 701
- 1 965
- 1 439
- 1 197
- 1 346
- 1 314
- 1 717
- 1 978
- 1 693
- 1 878
- 1 754
- 1 120
- 1 520
- 1 371
- 1 954
- 1 21
- 1 928
- 1 48
- 1 448
- 1 146
- 1 382
- 1 127
- 1 71
- 1 427
- 1 491
- 1 795
- 1 413
- 1 809
- 1 814
- 1 843
- 1 11
- 1 926
- 1 703
- 1 771
- 1 435
- 1 178
- 1 341
- 1 882
- 1 556
- 1 916
- 1 995
- 1 38
- 1 1000
- 1 228
- 1 844
- 1 955
- 1 76
- 1 162
- 1 735
- 1 906
- 1 606
- 1 227
- 1 117
- 1 459
- 1 271
- 1 694
- 1 59
- 1 921
- 1 712
- 1 347
- 1 353
- 1 433
- 1 130
- 1 533
- 1 571
- 1 434
- 1 587
- 1 762
- 1 244
- 1 970
- 1 872
- 1 974
- 1 174
- 1 968
- 1 58
- 1 787
- 1 159
- 1 122
- 1 858
- 1 664
- 1 296
- 1 967
- 1 600
- 1 474
- 1 638
- 1 426
- 1 957
- 1 710
- 1 962
- 1 816
- 1 23
- 1 84
- 1 994
- 1 845
- 1 222
- 1 800
- 1 467
- 1 992
- 1 13
- 1 586
- 1 157
- 1 561
- 1 109
- 1 736
- 1 911
- 1 554
- 1 315
- 1 112
- 1 785
- 1 855
- 1 115
- 1 194
- 1 999
- 1 546
- 1 890
- 1 767
- 1 394
- 1 873
- 1 349
- 1 589
- 1 737
- 1 31
- 1 272
- 1 966
- 1 147
- 1 360
- 1 550
- 1 152
- 1 457
- 1 625
- 1 79
- 1 284
- 1 662
- 1 410
- 1 919
- 1 827
- 1 897
- 1 398
- 1 880
- 1 240
- 1 121
- 1 677
- 1 946
- 1 184
- 1 904
- 1 135
- 1 16
- 1 861
- 1 351
- 1 125
- 1 790
- 1 78
- 1 107
- 1 566
- 1 502
- 1 462
- 1 603
- 1 757
- 1 430
- 1 616
- 1 608
- 1 745
- 1 432
- 1 792
- 1 964
- 1 365
- 1 180
- 1 188
- 1 705
- 1 914
- 1 595
- 1 260
- 1 477
- 1 902
- 1 756
- 1 987
- 1 166
- 1 486
- 1 849
- 1 779
- 1 507
- 1 935
- 1 243
- 1 555
- 1 777
- 1 927
- 1 642
- 1 386
- 1 43
- 1 547
- 1 856
- 1 679
- 1 317
- 1 678
- 1 805
- 1 526
- 1 725
- 1 27
- 1 246
- 1 722
- 1 871
- 1 676
- 1 329
- 1 2
- 1 119
- 1 173
- 1 633
- 1 487
- 1 133
- 1 698
- 1 143
- 1 196
- 1 412
- 1 364
- 1 838
- 1 429
- 1 30
- 1 370
- 1 923
- 1 15
- 1 986
- 1 33
- 1 116
- 1 149
- 1 732
- 1 231
- 1 268
- 1 136
- 1 558
- 1 406
- 1 18
- 1 419
- 1 578
- 1 869
- 1 425
- 1 158
- 1 743
- 1 476
- 1 363
- 1 265
- 1 50
- 1 282
- 1 938
- 1 381
- 1 480
- 1 443
- 1 750
- 1 238
- 1 156
- 1 414
- 1 733
- 1 782
- 1 895
- 1 106
- 1 463
- 1 95
- 1 621
- 1 956
- 1 290
- 1 323
- 1 979
- 1 436
- 1 673
- 1 674
- 1 110
- 1 870
- 1 801
- 1 596
- 1 713
- 1 221
- 1 739
- 1 513
- 1 484
- 1 383
- 1 985
- 1 384
- 1 273
- 1 839
- 1 254
- 1 724
- 1 943
- 1 465
- 1 250
- 1 643
- 1 948
- 1 574
- 1 332
- 1 458
- 1 359
- 1 807
- 1 263
- 1 277
- 1 545
- 1 618
- 1 637
- 1 376
- 1 232
- 1 508
- 1 201
- 1 993
- 1 41
- 1 441
- 1 506
- 1 113
- 1 340
- 1 322
- 1 19
- 1 820
- 1 752
- 1 588
- 1 874
- 1 584
- 1 630
- 1 288
- 1 936
- 1 934
- 1 563
- 1 812
- 1 66
- 1 761
- 1 988
- 1 519
- 1 783
- 1 81
- 1 822
- 1 352
- 1 267
- 1 245
- 1 728
- 1 209
- 1 973
- 1 9
- 1 132
- 1 597
- 1 294
- 1 345
- 1 706
- 1 530
- 1 932
- 1 684
- 1 535
- 1 25
- 1 299
- 1 171
- 1 865
- 1 276
- 1 428
- 1 204
- 1 815
- 1 675
- 1 234
- 1 601
- 1 479
- 1 952
- 1 617
- 1 905
- 1 912
- 1 377
- 1 544
- 1 668
- 1 164
- 1 216
- 1 614
- 1 626
- 1 594
- 1 99
- 1 235
- 1 847
- 1 687
- 1 415
- 1 281
- 1 925
- 1 682
- 1 91
- 1 915
- 1 397
- 1 225
- 1 233
- 1 850
- 1 842
- 1 690
- 1 557
- 1 442
- 1 431
- 1 875
- 1 256
- 1 683
- 1 575
- 1 720
- 1 7
- 1 337
- 1 602
- 1 818
- 1 746
- 1 972
- 1 950
- 1 515
- 1 570
- 1 46
- 1 751
- 1 423
- 1 417
- 1 901
- 1 438
- 1 799
- 1 74
- 1 182
- 1 403
- 1 475
- 1 605
- 1 212
- 1 686
- 1 740
- 1 881
- 1 62
- 1 738
- 1 447
- 1 241
- 1 784
- 1 455
- 1 947
- 1 503
- 1 4
- 1 715
- 1 749
- 1 998
- 1 49
- 1 797
- 1 128
- 1 249
- 1 205
- 1 622
- 1 361
- 1 646
- 1 565
- 1 490
- 1 308
- 1 407
- 1 280
- 1 509
- 1 488
- 1 654
- 1 688
- 1 836
- 1 89
- 1 564
- 1 355
- 1 148
- 1 937
- 1 532
- 1 813
- 1 362
- 1 421
- 1 577
- 1 599
- 1 239
- 1 236
- 1 832
- 1 24
- 1 689
- 1 747
- 1 215
- 1 989
- 1 144
- 1 516
- 1 857
- 1 612
- 1 841
- 1 917
- 1 697
- 1 711
- 1 549
- 1 248
- 1 42
- 1 500
- 1 636
- 1 68
- 1 237
- 1 199
- 1 590
- 1 10
- 1 776
- 1 504
- 1 304
- 1 896
- 1 572
- 1 945
- 1 409
- 1 495
- 1 582
- 1 325
- 1 924
- 1 165
- 1 922
- 1 259
- 1 763
- 1 909
- 1 958
- 1 96
- 1 198
- 1 258
- 1 949
- 1 86
- 1 82
- 1 553
- 1 103
- 1 150
- 1 657
- 1 641
- 1 396
- 1 517
- 1 742
- 1 497
- 1 213
- 1 860
- 1 3
- 1 770
- 1 969
- 1 501
- 1 313
- 1 581
- 1 669
- 1 951
- 1 399
- 1 183
- 1 941
- 1 525
- 1 829
- 1 766
- 1 266
- 1 661
- 1 794
- 1 609
- 1 285
- 1 900
- 1 963
- 1 129
- 1 172
- 1 655
- 1 672
- 1 568
- 1 12
- 1 134
- 1 446
- 1 57
- 1 493
- 1 358
- 1 252
- 1 671
- 1 464
- 1 218
- 1 255
- 1 623
- 1 786
- 1 658
- 1 219
- 1 774
- 1 141
- 1 819
- 1 395
- 1 369
- 1 632
- 1 665
- 1 287
- 1 461
- 1 289
- 1 101
- 1 70
- 1 318
- 1 131
- 1 388
- 1 67
- 1 670
- 1 88
- 1 977
- 1 659
- 1 270
- 1 300
- 1 772
- 1 692
- 1 879
- 1 186
- 1 451
- 1 257
- 1 894
- 1 262
- 1 541
- 1 840
- 1 311
- 1 444
- 1 200
- 1 391
- 1 151
- 1 891
- 1 104
- 1 591
- 1 885
- 1 97
- 1 416
- 1 64
- 1 307
- 1 852
- 1 473
- 1 821
- 1 445
- 1 884
- 1 193
- 1 324
- 1 629
- 1 175
- 1 898
- 1 699
- 1 17
- 1 37
- 1 863
- 1 65
- 1 39
- 1 598
- 1 29
- 1 51
- 404 1
