7948
+ 1 313
+ 1 460
+ 1 723
+ 1 286
+ 1 775
+ 1 172
+ 1 368
+ 1 721
+ 1 446
+ 1 352
+ 1 32
+ 1 484
+ 1 781
+ 1 333
+ 1 773
+ 1 983
+ 1 25
+ 1 413
+ 1 563
+ 1 10
+ 1 95
+ 1 97
+ 1 264
+ 1 499
+ 1 948
+ 1 689
+ 1 63
+ 1 745
+ 1 120
+ 1 581
+ 1 167
+ 1 250
+ 1 598
+ 1 454
+ 1 291
+ 1 959
+ 1 586
+ 1 332
+ 1 942
+ 1 665
+ 1 859
+ 1 79
+ 1 845
+ 1 934
+ 1 183
+ 1 734
+ 1 465
+ 1 767
+ 1 758
+ 1 867
+ 1 81
+ 1 900
+ 1 786
+ 1 350
+ 1 985
+ 1 838
+ 1 603
+ 1 249
+ 1 570
+ 1 555
+ 1 707
+ 1 143
+ 1 883
+ 1 513
+ 1 356
+ 1 661
+ 1 521
+ 1 198
+ 1 645
+ 1 297
+ 1 692
+ 1 708
+ 1 76
+ 1 247
+ 1 119
+ 1 475
+ 1 225
+ 1 175
+ 1 850
+ 1 453
+ 1 627
+ 1 44
+ 1 284
+ 1 271
+ 1 885
+ 1 18
+ 1 409
+ 1 9
+ 1 514
+ 1 373
+ 1 134
+ 1 600
+ 1 912
+ 1 858
+ 1 481
+ 1 105
+ 1 407
+ 1 28
+ 1 648
+ 1 77
+ 1 206
+ 1 816
+ 1 12
+ 1 285
+ 1 258
+ 1 466
+ 1 545
+ 1 702
+ 1 3
+ 1 637
+ 1 785
+ 1 23
+ 1 447
+ 1 345
+ 1 774
+ 1 588
+ 1 958
+ 1 474
+ 1 323
+ 1 104
+ 1 834
+ 1 510
+ 1 941
+ 1 544
+ 1 190
+ 1 375
+ 1 507
+ 1 986
+ 1 429
+ 1 926
+ 1 808
+ 1 963
+ 1 111
+ 1 930
+ 1 34
+ 1 301
+ 1 813
+ 1 238
+ 1 220
+ 1 657
+ 1 281
+ 1 123
+ 1 272
+ 1 201
+ 1 503
+ 1 520
+ 1 644
+ 1 52
+ 1 743
+ 1 905
+ 1 200
+ 1 832
+ 1 71
+ 1 378
+ 1 944
+ 1 191
+ 1 327
+ 1 616
+ 1 662
+ 1 251
+ 1 762
+ 1 221
+ 1 117
+ 1 504
+ 1 5
+ 1 216
+ 1 923
+ 1 363
+ 1 300
+ 1 246
+ 1 152
+ 1 605
+ 1 227
+ 1 283
+ 1 891
+ 1 967
+ 1 114
+ 1 515
+ 1 761
+ 1 92
+ 1 884
+ 1 974
+ 1 277
+ 1 366
+ 1 549
+ 1 977
+ 1 244
+ 1 442
+ 1 694
+ 1 656
+ 1 448
+ 1 485
+ 1 388
+ 1 576
+ 1 962
+ 1 443
+ 1 122
+ 1 724
+ 1 261
+ 1 952
+ 1 844
+ 1 777
+ 1 21
+ 1 341
+ 1 695
+ 1 38
+ 1 538
+ 1 792
+ 1 660
+ 1 223
+ 1 973
+ 1 383
+ 1 234
+ 1 462
+ 1 693
+ 1 187
+ 1 619
+ 1 385
+ 1 806
+ 1 747
+ 1 580
+ 1 68
+ 1 254
+ 1 826
+ 1 815
+ 1 860
+ 1 610
+ 1 164
+ 1 218
+ 1 666
+ 1 72
+ 1 273
+ 1 589
+ 1 511
+ 1 668
+ 1 737
+ 1 592
+ 1 730
+ 1 146
+ 1 87
+ 1 798
+ 1 710
+ 1 149
+ 1 94
+ 1 208
+ 1 365
+ 1 920
+ 1 224
+ 1 486
+ 1 567
+ 1 312
+ 1 554
+ 1 638
+ 1 395
+ 1 601
+ 1 480
+ 1 558
+ 1 441
+ 1 889
+ 1 556
+ 1 988
+ 1 720
+ 1 310
+ 1 467
+ 1 53
+ 1 393
+ 1 886
+ 1 67
+ 1 372
+ 1 100
+ 1 650
+ 1 771
+ 1 179
+ 1 424
+ 1 562
+ 1 320
+ 1 871
+ 1 517
+ 1 715
+ 1 148
+ 1 17
+ 1 229
+ 1 334
+ 1 295
+ 1 878
+ 1 840
+ 1 968
+ 1 901
+ 1 212
+ 1 540
+ 1 531
+ 1 479
+ 1 151
+ 1 86
+ 1 64
+ 1 500
+ 1 611
+ 1 984
+ 1 801
+ 1 491
+ 1 536
+ 1 828
+ 1 927
+ 1 575
+ 1 101
+ 1 2
+ 1 684
+ 1 633
+ 1 804
+ 1 516
+ 1 802
+ 1 749
+ 1 328
+ 1 690
+ 1 338
+ 1 855
+ 1 888
+ 1 568
+ 1 534
+ 1 714
+ 1 144
+ 1 851
+ 1 841
+ 1 288
+ 1 410
+ 1 316
+ 1 252
+ 1 287
+ 1 848
+ 1 364
+ 1 110
+ 1 468
+ 1 972
+ 1 788
+ 1 127
+ 1 483
+ 1 940
+ 1 219
+ 1 903
+ 1 370
+ 1 115
+ 1 290
+ 1 13
+ 1 911
+ 1 85
+ 1 622
+ 1 744
+ 1 236
+ 1 78
+ 1 124
+ 1 37
+ 1 193
+ 1 434
+ 1 260
+ 1 957
+ 1 893
+ 1 296
+ 1 162
+ 1 343
+ 1 335
+ 1 207
+ 1 823
+ 1 396
+ 1 282
+ 1 156
+ 1 553
+ 1 318
+ 1 512
+ 1 308
+ 1 863
+ 1 399
+ 1 566
+ 1 130
+ 1 664
+ 1 74
+ 1 539
+ 1 180
+ 1 949
+ 1 697
+ 1 463
+ 1 655
+ 1 43
+ 1 56
+ 1 387
+ 1 477
+ 1 88
+ 1 169
+ 1 819
+ 1 741
+ 1 371
+ 1 392
+ 1 73
+ 1 349
+ 1 417
+ 1 265
+ 1 776
+ 1 263
+ 1 257
+ 1 772
+ 1 824
+ 1 635
+ 1 168
+ 1 811
+ 1 881
+ 1 763
+ 1 188
+ 1 65
+ 1 866
+ 1 311
+ 1 719
+ 1 213
+ 1 646
+ 1 947
+ 1 620
+ 1 357
+ 1 488
+ 1 729
+ 1 51
+ 1 928
+ 1 929
+ 1 305
+ 1 937
+ 1 145
+ 1 166
+ 1 355
+ 1 950
+ 1 150
+ 1 239
+ 1 670
+ 1 237
+ 1 155
+ 1 309
+ 1 713
+ 1 58
+ 1 163
+ 1 970
+ 1 738
+ 1 671
+ 1 418
+ 1 678
+ 1 573
+ 1 331
+ 1 457
+ 1 951
+ 1 49
+ 1 419
+ 1 925
+ 1 142
+ 1 126
+ 1 783
+ 1 608
+ 1 55
+ 1 382
+ 1 613
+ 1 173
+ 1 315
+ 1 552
+ 1 404
+ 1 636
+ 1 141
+ 1 869
+ 1 612
+ 1 966
+ 1 752
+ 1 894
+ 1 976
+ 1 861
+ 1 821
+ 1 602
+ 1 522
+ 1 728
+ 1 756
+ 1 877
+ 1 868
+ 1 839
+ 1 711
+ 1 526
+ 1 987
+ 1 577
+ 1 960
+ 1 579
+ 1 872
+ 1 542
+ 1 498
+ 1 496
+ 1 614
+ 1 35
+ 1 917
+ 1 90
+ 1 7
+ 1 582
+ 1 578
+ 1 518
+ 1 192
+ 1 489
+ 1 437
+ 1 632
+ 1 367
+ 1 337
+ 1 532
+ 1 748
+ 1 48
+ 1 599
+ 1 982
+ 1 439
+ 1 93
+ 1 825
+ 1 604
+ 1 946
+ 1 391
+ 1 242
+ 1 495
+ 1 279
+ 1 606
+ 1 112
+ 1 939
+ 1 199
+ 1 66
+ 1 862
+ 1 607
+ 1 874
+ 1 455
+ 1 205
+ 1 153
+ 1 253
+ 1 40
+ 1 60
+ 1 330
+ 1 642
+ 1 574
+ 1 266
+ 1 639
+ 1 24
+ 1 490
+ 1 780
+ 1 835
+ 1 915
+ 1 461
+ 1 360
+ 1 6
+ 1 736
+ 1 98
+ 1 546
+ 1 135
+ 1 933
+ 1 617
+ 1 916
+ 1 932
+ 1 397
+ 1 559
+ 1 347
+ 1 233
+ 1 29
+ 1 649
+ 1 204
+ 1 293
+ 1 537
+ 1 698
+ 1 425
+ 1 280
+ 1 908
+ 1 46
+ 1 131
+ 1 820
+ 1 712
+ 1 196
+ 1 691
+ 1 551
+ 1 658
+ 1 807
+ 1 961
+ 1 954
+ 1 306
+ 1 590
+ 1 569
+ 1 91
+ 1 765
+ 1 812
+ 1 248
+ 1 766
+ 1 433
+ 1 209
+ 1 340
+ 1 384
+ 1 525
+ 1 857
+ 1 398
+ 1 14
+ 1 165
+ 1 548
+ 1 222
+ 1 624
+ 1 964
+ 1 70
+ 1 727
+ 1 753
+ 1 431
+ 1 910
+ 1 596
+ 1 870
+ 1 426
+ 1 185
+ 1 529
+ 1 359
+ 1 630
+ 1 882
+ 1 836
+ 1 978
+ 1 594
+ 1 45
+ 1 626
+ 1 358
+ 1 351
+ 1 184
+ 1 497
+ 1 269
+ 1 435
+ 1 587
+ 1 137
+ 1 15
+ 1 125
+ 1 147
+ 1 231
+ 1 907
+ 1 852
+ 1 902
+ 1 195
+ 1 339
+ 1 667
+ 1 718
+ 1 591
+ 1 787
+ 1 376
+ 1 899
+ 1 864
+ 1 416
+ 1 139
+ 1 597
+ 1 176
+ 1 436
+ 1 717
+ 1 128
+ 1 113
+ 1 298
+ 1 647
+ 1 121
+ 1 799
+ 1 240
+ 1 422
+ 1 759
+ 1 26
+ 1 494
+ 1 523
+ 1 314
+ 1 716
+ 1 746
+ 1 965
+ 1 379
+ 1 458
+ 1 473
+ 1 160
+ 1 39
+ 1 572
+ 1 676
+ 1 194
+ 1 377
+ 1 381
+ 1 583
+ 1 255
+ 1 62
+ 1 955
+ 1 818
+ 1 876
+ 1 519
+ 1 103
+ 1 640
+ 1 478
+ 1 11
+ 1 739
+ 1 969
+ 1 898
+ 1 102
+ 1 451
+ 1 790
+ 1 406
+ 1 906
+ 1 186
+ 1 459
+ 1 890
+ 1 319
+ 1 909
+ 1 705
+ 1 550
+ 1 472
+ 1 492
+ 1 428
+ 1 502
+ 1 924
+ 1 108
+ 1 158
+ 1 700
+ 1 904
+ 1 921
+ 1 270
+ 1 681
+ 1 837
+ 1 755
+ 1 687
+ 1 675
+ 1 317
+ 1 354
+ 1 203
+ 1 833
+ 1 427
+ 1 922
+ 1 16
+ 1 873
+ 1 362
+ 1 770
+ 1 268
+ 1 674
+ 1 380
+ 1 621
+ 1 686
+ 1 54
+ 1 757
+ 1 161
+ 1 476
+ 1 956
+ 1 797
+ 1 880
+ 1 679
+ 1 506
+ 1 856
+ 1 452
+ 1 342
+ 1 402
+ 1 779
+ 1 846
+ 1 809
+ 1 303
+ 1 57
+ 1 22
+ 1 682
+ 1 897
+ 1 709
+ 1 294
+ 1 440
+ 1 557
+ 1 722
+ 1 652
+ 1 228
+ 1 975
+ 1 827
+ 1 42
+ 1 625
+ 1 595
+ 1 47
+ 1 654
+ 1 854
+ 1 471
+ 1 971
+ 1 810
+ 1 735
+ 1 561
+ 1 918
+ 1 683
+ 1 530
+ 1 935
+ 1 403
+ 1 99
+ 1 501
+ 1 892
+ 1 853
+ 1 800
+ 1 445
+ 1 421
+ 1 361
+ 1 344
+ 1 628
+ 1 241
+ 1 565
+ 1 981
+ 1 533
+ 1 157
+ 1 733
+ 1 322
+ 1 302
+ 1 109
+ 1 243
+ 1 584
+ 1 571
+ 1 980
+ 1 509
+ 1 274
+ 1 669
+ 1 415
+ 1 181
+ 1 299
+ 1 701
+ 1 847
+ 1 430
+ 1 703
+ 1 83
+ 1 706
+ 1 20
+ 1 913
+ 1 89
+ 1 50
+ 1 230
+ 1 585
+ 1 346
+ 1 831
+ 1 528
+ 1 30
+ 1 688
+ 1 226
+ 1 214
+ 1 564
+ 1 769
+ 1 793
+ 1 685
+ 1 742
+ 1 197
+ 1 629
+ 1 469
+ 1 33
+ 1 896
+ 1 879
+ 1 618
+ 1 8
+ 1 159
+ 1 174
+ 1 84
+ 1 321
+ 1 631
+ 1 696
+ 1 326
+ 1 386
+ 1 791
+ 1 348
+ 1 764
+ 1 782
+ 1 449
+ 1 704
+ 1 493
+ 1 304
+ 1 732
+ 1 623
+ 1 945
+ 1 140
+ 1 609
+ 1 936
+ 1 256
+ 1 830
+ 1 96
+ 1 289
+ 1 82
+ 1 814
+ 1 943
+ 1 796
+ 1 875
+ 1 524
+ 1 267
+ 1 482
+ 1 69
+ 1 865
+ 1 118
+ 1 794
+ 1 217
+ 1 132
+ 1 615
+ 1 400
+ 1 390
+ 1 41
+ 1 129
+ 1 919
+ 1 659
+ 1 106
+ 1 232
+ 1 487
+ 1 543
+ 1 842
+ 1 171
+ 1 276
+ 1 389
+ 1 211
+ 1 27
+ 1 914
+ 1 245
+ 1 107
+ 1 178
+ 1 275
+ 1 133
+ 1 680
+ 1 292
+ 1 408
+ 1 438
+ 1 653
+ 1 672
+ 1 643
+ 1 953
+ 1 641
+ 1 450
+ 1 4
+ 1 938
+ 1 325
+ 1 154
+ 1 278
+ 1 754
+ 1 259
+ 1 677
+ 1 307
+ 1 215
+ 1 262
+ 1 177
+ 1 795
+ 1 849
+ 1 202
+ 1 750
+ 1 527
+ 1 235
+ 1 726
+ 1 116
+ 1 731
+ 1 725
+ 1 931
+ 1 673
+ 1 411
+ 1 136
+ 1 456
+ 1 59
+ 1 887
+ 1 420
+ 1 324
+ 1 778
+ 1 432
+ 1 210
+ 1 75
+ 1 784
+ 1 464
+ 1 805
+ 1 470
+ 1 803
+ 1 843
+ 1 541
+ 1 374
+ 1 405
+ 1 19
+ 1 822
+ 1 593
+ 1 751
+ 1 817
+ 1 189
+ 1 353
+ 1 423
+ 1 895
+ 1 535
+ 1 369
+ 1 182
+ 1 336
+ 1 760
+ 1 740
+ 1 36
+ 1 651
+ 1 401
+ 1 663
+ 1 634
+ 1 505
+ 1 138
+ 1 829
+ 1 61
+ 1 444
+ 1 329
+ 1 412
+ 1 560
+ 1 508
+ 1 547
+ 1 31
+ 1 414
+ 1 979
+ 1 394
+ 1 789
- 2 101
- 2 684
- 2 681
- 2 783
- 2 930
- 3 702
- 3 637
- 3 489
- 3 800
- 3 224
- 3 17
- 3 612
- 4 450
- 4 184
- 4 352
- 4 877
- 4 431
- 4 288
- 5 216
- 5 470
- 5 504
- 5 222
- 5 748
- 5 100
- 5 387
- 6 719
- 6 968
- 6 360
- 6 736
- 6 70
- 6 144
- 6 405
- 7 12
- 7 90
- 7 582
- 7 578
- 7 469
- 7 616
- 8 159
- 8 174
- 8 227
- 8 879
- 8 143
- 9 514
- 9 409
- 9 922
- 9 46
- 9 878
- 9 142
- 9 618
- 10 95
- 10 563
- 10 28
- 10 443
- 10 63
- 11 739
- 11 341
- 11 478
- 11 873
- 11 935
- 11 206
- 11 767
- 11 498
- 11 891
- 12 285
- 12 816
- 12 664
- 12 714
- 12 494
- 12 609
- 12 912
- 12 882
- 13 911
- 13 616
- 13 400
- 13 391
- 13 134
- 13 195
- 13 290
- 14 378
- 14 398
- 14 963
- 15 137
- 15 79
- 15 573
- 15 43
- 15 125
- 16 387
- 16 922
- 16 184
- 16 360
- 16 396
- 17 229
- 17 807
- 17 592
- 17 148
- 17 573
- 17 420
- 17 355
- 17 593
- 18 409
- 18 164
- 18 885
- 18 794
- 18 418
- 19 970
- 19 405
- 19 74
- 19 588
- 19 927
- 19 457
- 20 706
- 20 152
- 21 341
- 21 777
- 21 400
- 21 418
- 21 131
- 21 689
- 21 518
- 22 308
- 22 57
- 22 119
- 22 473
- 22 682
- 23 447
- 23 298
- 23 785
- 23 98
- 23 914
- 23 141
- 23 907
- 23 646
- 23 339
- 24 639
- 24 490
- 24 373
- 24 47
- 24 478
- 25 413
- 25 983
- 25 159
- 25 213
- 25 333
- 25 259
- 25 765
- 25 516
- 25 429
- 25 616
- 25 119
- 25 651
- 25 724
- 25 407
- 25 541
- 26 494
- 26 422
- 26 133
- 27 320
- 27 914
- 27 263
- 27 848
- 27 294
- 28 648
- 28 507
- 28 794
- 28 407
- 28 232
- 28 491
- 29 233
- 29 872
- 29 649
- 29 171
- 29 57
- 29 173
- 29 229
- 29 976
- 29 37
- 29 700
- 29 176
- 29 40
- 30 688
- 30 975
- 30 894
- 30 367
- 31 341
- 31 521
- 31 798
- 32 352
- 32 484
- 32 96
- 32 236
- 32 391
- 32 363
- 32 58
- 32 767
- 32 381
- 32 536
- 32 796
- 33 896
- 33 197
- 33 885
- 33 942
- 33 645
- 33 386
- 33 724
- 33 130
- 34 930
- 34 475
- 34 767
- 34 301
- 34 740
- 34 141
- 35 614
- 35 917
- 35 98
- 35 123
- 35 671
- 35 818
- 35 384
- 35 96
- 35 319
- 36 838
- 36 608
- 36 260
- 37 193
- 37 246
- 37 382
- 37 124
- 37 89
- 37 477
- 37 960
- 37 657
- 37 714
- 37 480
- 38 538
- 38 229
- 38 908
- 38 695
- 38 304
- 38 728
- 38 385
- 39 160
- 39 95
- 39 575
- 40 60
- 40 542
- 40 159
- 40 107
- 40 57
- 40 253
- 40 364
- 40 244
- 40 77
- 41 129
- 41 164
- 41 551
- 41 400
- 41 53
- 41 462
- 42 827
- 42 301
- 42 441
- 42 908
- 43 56
- 43 655
- 43 923
- 43 250
- 43 906
- 43 239
- 44 627
- 44 284
- 44 277
- 44 336
- 44 375
- 45 594
- 45 824
- 45 172
- 45 71
- 45 515
- 45 599
- 45 219
- 45 483
- 45 626
- 46 507
- 46 131
- 46 549
- 46 908
- 46 715
- 46 958
- 46 711
- 47 581
- 47 595
- 47 494
- 47 63
- 48 748
- 48 515
- 48 599
- 49 513
- 49 419
- 49 728
- 49 212
- 49 880
- 49 951
- 49 716
- 49 845
- 49 767
- 50 225
- 50 530
- 51 928
- 51 729
- 51 645
- 51 490
- 52 743
- 52 644
- 52 424
- 52 505
- 52 565
- 52 132
- 52 314
- 53 393
- 53 986
- 53 467
- 53 228
- 53 127
- 54 757
- 54 947
- 54 686
- 54 960
- 55 645
- 55 798
- 55 608
- 55 382
- 55 701
- 55 769
- 55 251
- 56 387
- 56 837
- 56 607
- 56 861
- 57 303
- 57 897
- 57 709
- 57 149
- 57 442
- 57 321
- 58 468
- 58 163
- 58 309
- 58 959
- 58 109
- 58 491
- 58 181
- 59 233
- 59 456
- 59 581
- 59 474
- 60 330
- 60 471
- 60 668
- 61 443
- 61 762
- 61 562
- 61 957
- 62 255
- 62 723
- 62 955
- 62 591
- 63 689
- 63 745
- 63 379
- 63 376
- 63 372
- 63 878
- 63 84
- 63 305
- 63 697
- 63 655
- 64 86
- 64 941
- 64 500
- 64 888
- 64 327
- 64 740
- 64 988
- 65 188
- 65 866
- 65 451
- 65 885
- 65 610
- 65 294
- 65 704
- 66 199
- 66 862
- 66 543
- 66 198
- 66 324
- 66 72
- 66 351
- 67 372
- 67 886
- 67 908
- 67 942
- 68 254
- 68 580
- 68 629
- 68 533
- 68 626
- 68 691
- 68 82
- 68 168
- 68 296
- 68 813
- 68 271
- 69 865
- 69 949
- 69 119
- 69 78
- 69 676
- 69 482
- 69 316
- 70 727
- 70 964
- 70 952
- 71 378
- 71 832
- 71 932
- 71 383
- 71 742
- 71 581
- 71 176
- 72 273
- 72 390
- 72 666
- 72 123
- 72 875
- 72 355
- 72 418
- 73 349
- 73 392
- 73 522
- 73 943
- 73 535
- 73 836
- 73 564
- 74 664
- 74 539
- 74 205
- 74 92
- 74 790
- 74 281
- 74 353
- 74 211
- 75 100
- 75 630
- 76 247
- 76 856
- 76 708
- 76 948
- 76 581
- 76 641
- 76 944
- 76 647
- 76 844
- 77 648
- 77 912
- 77 206
- 78 124
- 78 641
- 78 411
- 78 351
- 78 158
- 78 593
- 78 732
- 78 442
- 78 361
- 78 236
- 79 859
- 79 845
- 79 691
- 79 779
- 79 302
- 79 734
- 79 398
- 79 431
- 80 313
- 80 804
- 80 766
- 80 904
- 80 219
- 81 867
- 81 900
- 81 199
- 82 911
- 82 814
- 82 289
- 82 291
- 82 286
- 83 703
- 83 684
- 83 706
- 83 964
- 83 122
- 84 321
- 84 896
- 84 290
- 85 911
- 85 941
- 85 350
- 85 622
- 85 643
- 86 151
- 86 947
- 86 320
- 86 449
- 86 769
- 87 146
- 87 948
- 87 798
- 88 169
- 88 480
- 88 477
- 88 416
- 89 316
- 89 913
- 89 436
- 89 281
- 89 792
- 90 917
- 90 835
- 90 92
- 90 941
- 90 492
- 90 121
- 90 980
- 90 918
- 90 963
- 90 965
- 91 569
- 91 349
- 91 939
- 91 179
- 91 946
- 91 788
- 91 765
- 91 186
- 92 884
- 92 170
- 92 414
- 92 952
- 92 649
- 93 296
- 93 689
- 93 439
- 93 287
- 94 208
- 94 149
- 94 563
- 94 831
- 95 97
- 96 664
- 96 112
- 96 614
- 96 945
- 97 264
- 97 591
- 97 587
- 97 170
- 97 605
- 97 737
- 98 736
- 98 546
- 98 617
- 98 572
- 98 350
- 99 501
- 99 860
- 99 403
- 99 540
- 99 557
- 100 650
- 100 207
- 100 372
- 100 215
- 100 540
- 101 575
- 101 935
- 101 451
- 102 451
- 102 790
- 102 193
- 102 461
- 102 434
- 102 898
- 103 519
- 103 468
- 103 640
- 103 275
- 103 520
- 103 340
- 104 834
- 104 323
- 104 805
- 104 878
- 104 912
- 104 832
- 104 461
- 104 355
- 104 960
- 104 449
- 104 192
- 104 478
- 104 747
- 105 481
- 105 407
- 105 650
- 105 901
- 105 664
- 105 864
- 105 455
- 106 659
- 107 459
- 107 507
- 107 542
- 107 245
- 108 924
- 108 158
- 108 700
- 108 796
- 108 709
- 108 862
- 108 959
- 109 302
- 109 382
- 109 243
- 109 525
- 110 468
- 110 388
- 110 923
- 110 364
- 110 320
- 110 966
- 110 693
- 111 963
- 111 930
- 111 312
- 111 237
- 112 939
- 112 400
- 112 606
- 113 298
- 113 838
- 113 874
- 113 717
- 113 185
- 113 584
- 114 515
- 114 731
- 114 967
- 114 654
- 114 397
- 114 979
- 114 301
- 114 183
- 115 290
- 115 370
- 115 449
- 115 836
- 116 834
- 116 855
- 116 676
- 117 504
- 117 221
- 117 817
- 117 582
- 117 418
- 117 314
- 117 775
- 118 522
- 118 134
- 118 579
- 118 865
- 118 699
- 119 475
- 119 247
- 119 988
- 119 168
- 119 618
- 119 825
- 119 434
- 119 789
- 120 581
- 120 745
- 120 951
- 120 504
- 120 340
- 120 290
- 120 307
- 120 660
- 121 799
- 121 931
- 121 673
- 121 808
- 121 647
- 122 443
- 122 724
- 122 623
- 122 898
- 123 281
- 123 272
- 123 189
- 123 673
- 123 282
- 124 462
- 124 781
- 124 461
- 125 507
- 125 147
- 126 783
- 126 793
- 126 839
- 126 142
- 126 910
- 126 882
- 126 842
- 127 483
- 127 788
- 127 323
- 127 941
- 127 762
- 127 144
- 128 717
- 128 858
- 129 465
- 129 475
- 130 566
- 130 320
- 130 664
- 130 197
- 130 709
- 130 592
- 131 820
- 131 822
- 131 600
- 131 326
- 132 838
- 132 794
- 132 615
- 133 712
- 133 680
- 133 956
- 134 373
- 134 600
- 134 672
- 134 228
- 135 933
- 135 546
- 135 811
- 135 949
- 136 343
- 136 345
- 136 301
- 136 597
- 137 757
- 137 321
- 137 299
- 137 690
- 137 324
- 137 435
- 138 263
- 138 723
- 139 416
- 139 597
- 139 185
- 139 249
- 140 945
- 140 609
- 140 923
- 140 681
- 140 529
- 140 466
- 141 429
- 141 636
- 141 708
- 141 671
- 141 869
- 142 925
- 142 448
- 142 715
- 143 707
- 143 883
- 144 714
- 144 851
- 144 329
- 144 913
- 145 937
- 145 166
- 145 285
- 145 773
- 146 730
- 146 582
- 146 244
- 146 816
- 146 467
- 146 475
- 146 691
- 147 172
- 147 231
- 147 276
- 147 395
- 147 670
- 147 517
- 148 715
- 148 673
- 148 426
- 149 710
- 149 185
- 149 338
- 149 248
- 150 239
- 150 367
- 150 825
- 150 950
- 150 637
- 150 788
- 151 479
- 151 247
- 151 548
- 151 765
- 152 605
- 152 246
- 152 798
- 152 214
- 152 475
- 153 205
- 153 260
- 153 253
- 153 902
- 153 189
- 154 278
- 154 969
- 155 309
- 155 237
- 155 895
- 155 757
- 155 223
- 155 767
- 155 655
- 155 215
- 156 553
- 156 282
- 156 326
- 156 515
- 156 269
- 157 533
- 157 727
- 157 900
- 157 397
- 157 542
- 157 566
- 158 355
- 159 627
- 160 473
- 160 248
- 160 661
- 160 572
- 160 846
- 160 741
- 160 987
- 161 476
- 161 757
- 161 988
- 161 465
- 161 542
- 162 296
- 162 343
- 162 427
- 162 212
- 163 970
- 163 475
- 163 635
- 164 218
- 164 610
- 164 401
- 164 484
- 164 921
- 164 893
- 165 548
- 165 183
- 165 346
- 165 398
- 165 171
- 165 208
- 165 389
- 166 355
- 166 222
- 166 663
- 167 250
- 167 581
- 167 755
- 167 588
- 168 811
- 168 635
- 168 839
- 169 616
- 169 819
- 169 280
- 169 821
- 170 761
- 170 552
- 170 360
- 170 887
- 170 753
- 170 439
- 170 933
- 170 502
- 171 948
- 171 288
- 171 675
- 171 619
- 171 487
- 172 368
- 172 775
- 172 674
- 172 928
- 172 660
- 172 576
- 172 334
- 173 613
- 173 315
- 173 489
- 173 787
- 173 921
- 173 620
- 174 619
- 174 500
- 174 204
- 174 793
- 174 729
- 175 850
- 175 683
- 175 225
- 175 502
- 175 218
- 176 436
- 176 550
- 176 660
- 176 597
- 176 670
- 176 609
- 177 795
- 177 966
- 177 262
- 177 730
- 178 773
- 178 534
- 178 495
- 178 914
- 179 771
- 179 424
- 179 717
- 179 878
- 180 539
- 180 949
- 180 393
- 180 658
- 180 386
- 180 460
- 181 415
- 181 891
- 181 299
- 182 336
- 182 877
- 183 934
- 183 734
- 183 315
- 183 465
- 184 351
- 184 497
- 184 383
- 184 211
- 185 529
- 185 426
- 185 855
- 185 432
- 186 906
- 186 459
- 186 468
- 186 975
- 186 211
- 186 689
- 186 955
- 186 812
- 186 636
- 186 844
- 186 325
- 187 693
- 187 858
- 187 581
- 187 619
- 187 279
- 188 782
- 188 763
- 188 415
- 188 634
- 189 642
- 189 479
- 189 660
- 190 544
- 190 375
- 190 686
- 190 482
- 190 956
- 191 944
- 191 327
- 191 714
- 192 489
- 192 197
- 192 842
- 192 287
- 192 518
- 192 632
- 193 434
- 193 877
- 193 820
- 193 423
- 193 479
- 194 676
- 194 377
- 194 718
- 194 722
- 194 583
- 194 609
- 195 852
- 195 339
- 195 600
- 195 347
- 195 243
- 195 517
- 196 712
- 196 531
- 196 691
- 196 551
- 196 799
- 196 272
- 196 967
- 197 436
- 197 629
- 197 513
- 197 742
- 197 453
- 197 791
- 197 226
- 197 387
- 197 562
- 198 521
- 198 645
- 198 917
- 198 289
- 198 319
- 198 671
- 198 810
- 198 226
- 199 939
- 199 283
- 199 716
- 199 913
- 199 213
- 200 905
- 200 838
- 200 832
- 200 231
- 200 855
- 200 477
- 201 272
- 201 503
- 201 321
- 201 870
- 202 684
- 202 453
- 202 251
- 202 852
- 202 516
- 202 849
- 202 416
- 202 279
- 203 354
- 203 766
- 203 462
- 203 718
- 203 667
- 203 833
- 204 293
- 204 859
- 204 692
- 204 273
- 204 649
- 205 455
- 205 770
- 206 816
- 206 775
- 206 611
- 207 823
- 207 928
- 207 645
- 207 681
- 207 335
- 207 965
- 208 365
- 208 416
- 208 777
- 208 539
- 209 433
- 209 340
- 209 472
- 209 477
- 209 459
- 210 877
- 210 426
- 210 630
- 211 389
- 211 816
- 211 607
- 212 540
- 212 584
- 212 901
- 212 321
- 212 802
- 212 894
- 212 784
- 212 376
- 212 547
- 213 646
- 213 719
- 213 481
- 214 564
- 214 226
- 214 764
- 214 912
- 214 588
- 215 307
- 215 262
- 216 923
- 216 324
- 216 988
- 216 256
- 216 626
- 216 864
- 216 836
- 217 794
- 217 600
- 217 883
- 217 229
- 218 806
- 218 666
- 219 903
- 219 613
- 219 940
- 219 257
- 219 691
- 219 585
- 219 975
- 219 666
- 219 469
- 220 238
- 220 657
- 220 835
- 220 904
- 220 807
- 220 253
- 221 762
- 221 309
- 221 922
- 221 718
- 221 426
- 222 624
- 222 395
- 222 525
- 222 681
- 222 548
- 223 973
- 223 686
- 223 660
- 223 644
- 223 679
- 224 920
- 224 845
- 224 486
- 224 567
- 224 904
- 224 284
- 224 857
- 224 307
- 225 475
- 225 504
- 225 592
- 225 261
- 226 869
- 226 688
- 226 309
- 226 974
- 227 283
- 227 605
- 227 323
- 227 755
- 227 857
- 227 677
- 228 652
- 228 520
- 228 927
- 228 975
- 229 334
- 229 606
- 229 501
- 229 458
- 230 918
- 231 693
- 231 907
- 231 520
- 231 278
- 231 528
- 231 484
- 232 487
- 232 851
- 232 692
- 232 267
- 232 531
- 233 347
- 233 411
- 233 848
- 233 538
- 233 927
- 234 383
- 234 462
- 234 717
- 234 244
- 234 953
- 234 791
- 234 858
- 234 933
- 234 507
- 234 859
- 234 538
- 234 499
- 235 468
- 235 255
- 236 744
- 236 592
- 237 670
- 237 976
- 237 931
- 237 928
- 237 573
- 238 813
- 238 865
- 238 699
- 238 298
- 238 719
- 238 779
- 238 682
- 239 670
- 239 768
- 240 422
- 240 356
- 240 799
- 241 628
- 241 551
- 241 362
- 242 391
- 242 323
- 242 495
- 242 271
- 243 279
- 243 545
- 243 248
- 243 534
- 244 442
- 244 399
- 244 651
- 244 977
- 245 575
- 245 914
- 245 636
- 246 300
- 246 457
- 247 635
- 247 944
- 247 545
- 248 766
- 248 597
- 248 347
- 248 397
- 248 812
- 248 463
- 249 603
- 249 570
- 249 792
- 249 969
- 250 598
- 250 963
- 251 762
- 251 662
- 251 847
- 251 576
- 252 316
- 252 540
- 252 287
- 252 288
- 253 301
- 253 948
- 253 391
- 253 616
- 254 826
- 254 303
- 254 906
- 254 315
- 254 736
- 255 596
- 255 850
- 255 583
- 255 723
- 256 936
- 256 551
- 257 263
- 257 772
- 257 540
- 257 424
- 257 266
- 258 285
- 258 466
- 258 680
- 258 365
- 258 513
- 259 677
- 259 754
- 259 569
- 259 335
- 260 957
- 260 788
- 260 434
- 260 843
- 260 411
- 260 750
- 261 952
- 261 724
- 261 799
- 262 944
- 262 976
- 262 538
- 263 776
- 263 447
- 264 499
- 264 919
- 264 752
- 264 423
- 264 946
- 265 776
- 265 417
- 265 543
- 265 879
- 265 829
- 265 807
- 265 729
- 266 639
- 266 856
- 266 574
- 266 502
- 266 386
- 267 482
- 267 919
- 267 699
- 267 767
- 267 276
- 267 623
- 268 833
- 268 770
- 268 674
- 268 565
- 269 435
- 269 497
- 269 637
- 269 415
- 269 778
- 270 681
- 270 953
- 270 641
- 270 741
- 270 904
- 270 438
- 271 284
- 271 885
- 271 926
- 271 440
- 271 852
- 272 421
- 272 369
- 273 589
- 273 658
- 273 748
- 273 664
- 273 720
- 273 881
- 273 677
- 274 509
- 274 598
- 274 600
- 275 555
- 275 809
- 275 616
- 276 542
- 276 566
- 276 462
- 276 616
- 277 974
- 277 366
- 277 835
- 277 983
- 277 587
- 278 754
- 278 437
- 279 495
- 279 606
- 279 345
- 279 421
- 279 851
- 280 425
- 280 908
- 280 531
- 280 538
- 280 981
- 280 959
- 281 663
- 281 670
- 281 657
- 281 445
- 282 396
- 282 914
- 283 891
- 283 863
- 283 882
- 283 852
- 283 376
- 283 426
- 283 460
- 284 853
- 284 530
- 284 617
- 285 543
- 285 577
- 285 420
- 286 723
- 286 775
- 286 941
- 286 607
- 286 858
- 287 848
- 287 834
- 287 792
- 287 831
- 288 410
- 288 841
- 288 794
- 288 626
- 289 495
- 289 796
- 289 623
- 291 959
- 291 900
- 291 454
- 292 680
- 292 345
- 292 698
- 292 404
- 293 537
- 293 500
- 293 919
- 293 485
- 293 493
- 293 408
- 294 709
- 294 338
- 294 440
- 294 441
- 295 334
- 295 515
- 295 453
- 295 878
- 295 590
- 295 383
- 295 387
- 295 688
- 296 846
- 296 957
- 296 988
- 297 645
- 297 692
- 298 647
- 298 929
- 298 832
- 299 511
- 299 937
- 299 848
- 299 620
- 300 363
- 300 331
- 300 470
- 300 720
- 300 885
- 300 811
- 301 813
- 301 378
- 301 765
- 301 405
- 301 530
- 301 553
- 302 322
- 302 522
- 302 395
- 303 809
- 303 513
- 303 814
- 303 618
- 303 945
- 303 428
- 304 732
- 304 652
- 304 397
- 305 929
- 305 937
- 305 557
- 305 898
- 305 479
- 306 954
- 306 454
- 306 514
- 307 377
- 307 544
- 307 969
- 308 863
- 308 512
- 308 334
- 308 612
- 308 452
- 308 827
- 308 392
- 308 843
- 309 713
- 309 567
- 309 422
- 309 467
- 309 421
- 310 515
- 310 720
- 310 467
- 311 866
- 311 863
- 312 567
- 312 554
- 313 460
- 313 487
- 313 841
- 313 549
- 313 799
- 313 584
- 314 523
- 314 716
- 314 433
- 314 454
- 315 552
- 315 389
- 315 719
- 316 410
- 316 947
- 316 760
- 316 796
- 316 855
- 317 354
- 317 877
- 317 675
- 318 553
- 318 512
- 318 564
- 318 926
- 319 909
- 319 482
- 319 890
- 319 786
- 319 377
- 319 629
- 320 871
- 320 562
- 320 640
- 320 545
- 320 331
- 320 851
- 321 519
- 321 655
- 321 631
- 322 733
- 322 584
- 322 542
- 322 571
- 323 587
- 323 474
- 323 888
- 323 881
- 324 926
- 324 664
- 324 840
- 324 738
- 324 637
- 325 357
- 325 504
- 326 901
- 326 696
- 327 616
- 327 775
- 327 522
- 327 984
- 327 710
- 328 690
- 328 749
- 328 796
- 328 922
- 328 813
- 329 503
- 329 480
- 330 724
- 330 642
- 330 980
- 330 488
- 330 397
- 331 457
- 331 401
- 331 699
- 331 573
- 331 585
- 331 546
- 331 413
- 332 586
- 332 581
- 332 942
- 333 773
- 333 631
- 333 359
- 333 781
- 333 485
- 333 614
- 333 467
- 333 758
- 333 584
- 334 669
- 334 571
- 334 818
- 334 925
- 334 806
- 335 343
- 336 959
- 336 448
- 337 443
- 337 532
- 337 367
- 338 855
- 338 690
- 338 472
- 338 911
- 339 667
- 339 950
- 339 792
- 339 919
- 340 384
- 340 540
- 340 498
- 341 695
- 341 963
- 341 942
- 341 567
- 341 431
- 341 860
- 341 930
- 341 873
- 341 811
- 341 753
- 342 402
- 342 809
- 342 797
- 342 655
- 342 874
- 342 743
- 343 535
- 343 381
- 344 628
- 344 361
- 344 715
- 344 733
- 344 509
- 345 774
- 345 447
- 345 726
- 346 775
- 346 975
- 346 566
- 346 831
- 346 406
- 346 528
- 347 587
- 347 559
- 347 705
- 347 718
- 347 865
- 348 791
- 348 828
- 348 788
- 348 862
- 349 417
- 349 735
- 349 895
- 349 549
- 350 786
- 350 985
- 350 569
- 350 697
- 350 976
- 351 768
- 351 742
- 351 432
- 352 642
- 352 446
- 352 812
- 352 416
- 352 438
- 352 709
- 353 874
- 353 678
- 354 378
- 354 504
- 354 945
- 354 559
- 354 487
- 355 950
- 355 650
- 355 982
- 355 830
- 355 544
- 355 585
- 355 729
- 356 513
- 356 661
- 357 488
- 357 847
- 357 620
- 357 455
- 357 473
- 358 626
- 358 777
- 358 664
- 359 630
- 359 674
- 359 529
- 359 769
- 360 461
- 360 595
- 360 669
- 361 603
- 361 800
- 362 873
- 362 874
- 362 770
- 362 616
- 363 923
- 363 369
- 363 574
- 364 848
- 364 440
- 364 425
- 365 660
- 365 920
- 366 549
- 366 687
- 366 850
- 367 941
- 367 963
- 367 632
- 368 721
- 368 400
- 368 638
- 369 960
- 369 958
- 370 903
- 370 939
- 370 479
- 370 959
- 370 677
- 370 494
- 371 741
- 371 392
- 372 722
- 372 608
- 372 935
- 372 496
- 373 514
- 373 810
- 373 907
- 374 599
- 374 886
- 374 569
- 375 507
- 375 623
- 375 986
- 375 433
- 375 887
- 376 899
- 376 787
- 376 638
- 376 676
- 376 456
- 376 866
- 376 894
- 377 381
- 377 748
- 377 689
- 377 583
- 377 554
- 377 434
- 377 719
- 377 753
- 377 382
- 378 944
- 378 478
- 378 616
- 378 829
- 378 423
- 378 602
- 379 458
- 379 944
- 379 976
- 379 523
- 379 553
- 379 566
- 380 674
- 380 621
- 380 661
- 380 703
- 380 948
- 380 766
- 380 686
- 380 941
- 381 529
- 382 613
- 382 751
- 382 831
- 383 973
- 383 877
- 383 929
- 383 486
- 383 405
- 384 646
- 384 808
- 384 525
- 384 625
- 385 619
- 385 806
- 385 542
- 385 819
- 386 963
- 386 975
- 387 477
- 387 550
- 387 421
- 387 771
- 387 857
- 387 920
- 388 576
- 388 485
- 388 798
- 388 893
- 389 648
- 389 905
- 389 557
- 389 693
- 389 523
- 390 400
- 390 538
- 390 775
- 390 867
- 391 837
- 391 946
- 391 914
- 391 903
- 393 886
- 393 755
- 394 484
- 394 912
- 395 601
- 395 638
- 395 574
- 396 823
- 396 794
- 396 516
- 397 559
- 397 593
- 397 610
- 397 601
- 397 932
- 397 680
- 398 857
- 398 407
- 398 636
- 399 863
- 400 639
- 400 612
- 400 723
- 400 876
- 400 615
- 401 601
- 402 779
- 402 406
- 402 554
- 402 446
- 402 846
- 402 467
- 403 935
- 403 675
- 403 530
- 404 636
- 404 552
- 404 485
- 404 646
- 405 820
- 405 638
- 406 906
- 406 790
- 406 972
- 408 573
- 408 680
- 408 813
- 408 592
- 409 567
- 409 607
- 410 892
- 410 510
- 410 431
- 410 794
- 411 574
- 411 891
- 411 670
- 411 647
- 412 888
- 412 540
- 412 510
- 413 563
- 413 855
- 413 798
- 413 476
- 414 930
- 415 800
- 415 425
- 415 834
- 415 886
- 415 813
- 415 516
- 415 701
- 416 864
- 416 513
- 416 443
- 416 842
- 416 807
- 417 949
- 417 937
- 418 671
- 418 903
- 418 678
- 419 925
- 419 651
- 420 887
- 421 445
- 421 642
- 421 457
- 421 532
- 421 905
- 422 759
- 423 607
- 423 960
- 423 694
- 424 562
- 424 490
- 424 922
- 424 905
- 424 928
- 424 679
- 425 698
- 425 481
- 426 870
- 427 922
- 427 889
- 427 833
- 427 480
- 427 782
- 427 467
- 428 502
- 428 924
- 428 664
- 428 719
- 428 472
- 428 886
- 429 926
- 429 986
- 429 697
- 429 765
- 430 847
- 430 703
- 430 675
- 431 910
- 431 457
- 431 753
- 431 621
- 431 575
- 431 664
- 432 612
- 433 766
- 433 489
- 433 737
- 434 840
- 434 474
- 435 587
- 435 916
- 436 717
- 436 700
- 436 557
- 436 493
- 437 489
- 437 661
- 437 632
- 437 823
- 438 801
- 438 757
- 438 653
- 439 982
- 440 747
- 440 462
- 440 557
- 440 457
- 441 558
- 441 889
- 441 465
- 442 694
- 442 624
- 442 528
- 443 523
- 443 822
- 443 962
- 443 558
- 443 468
- 444 622
- 445 800
- 445 586
- 445 818
- 445 562
- 445 772
- 445 757
- 445 542
- 445 833
- 446 721
- 446 589
- 446 896
- 448 656
- 448 485
- 448 555
- 449 917
- 449 782
- 450 641
- 452 544
- 452 577
- 452 548
- 452 848
- 452 939
- 452 506
- 452 504
- 452 807
- 453 627
- 453 850
- 453 958
- 453 821
- 453 911
- 453 585
- 454 598
- 454 475
- 455 874
- 455 627
- 455 545
- 457 951
- 457 910
- 457 823
- 457 765
- 457 776
- 457 474
- 457 854
- 457 831
- 458 473
- 459 890
- 459 592
- 459 938
- 459 539
- 460 723
- 460 713
- 461 542
- 461 859
- 461 817
- 461 915
- 461 694
- 461 561
- 461 981
- 461 809
- 461 988
- 462 693
- 462 519
- 462 847
- 463 697
- 463 655
- 463 615
- 463 514
- 463 866
- 463 795
- 464 805
- 464 870
- 465 767
- 465 847
- 465 591
- 465 607
- 465 735
- 465 734
- 466 545
- 466 517
- 466 810
- 466 777
- 466 627
- 468 972
- 468 934
- 468 773
- 468 878
- 468 505
- 468 752
- 468 751
- 468 953
- 469 629
- 470 596
- 471 854
- 472 492
- 472 550
- 472 720
- 472 474
- 472 636
- 473 700
- 474 958
- 474 876
- 474 969
- 474 594
- 474 772
- 474 878
- 474 881
- 475 700
- 475 543
- 475 511
- 475 751
- 476 697
- 476 942
- 476 878
- 476 681
- 477 694
- 477 636
- 477 813
- 478 757
- 478 640
- 478 710
- 479 515
- 479 878
- 479 531
- 480 558
- 480 601
- 480 659
- 480 644
- 480 740
- 480 720
- 480 893
- 481 489
- 481 858
- 481 523
- 483 940
- 483 853
- 484 781
- 484 499
- 484 911
- 484 904
- 485 883
- 485 617
- 485 982
- 486 952
- 487 590
- 487 543
- 487 556
- 488 729
- 488 868
- 488 671
- 490 780
- 490 837
- 490 691
- 491 536
- 491 801
- 491 891
- 491 775
- 492 555
- 493 570
- 493 564
- 493 924
- 493 824
- 494 523
- 494 601
- 494 632
- 494 685
- 495 856
- 496 498
- 496 556
- 496 614
- 496 567
- 497 974
- 498 542
- 498 928
- 499 948
- 500 611
- 500 635
- 500 867
- 501 747
- 501 517
- 501 892
- 502 567
- 502 749
- 503 520
- 503 667
- 503 765
- 504 522
- 504 889
- 504 710
- 504 683
- 504 587
- 505 634
- 505 977
- 506 856
- 506 797
- 506 555
- 506 552
- 507 986
- 507 699
- 507 863
- 507 935
- 507 818
- 508 510
- 508 802
- 509 639
- 509 974
- 509 586
- 509 669
- 510 834
- 510 941
- 510 601
- 510 853
- 511 668
- 511 514
- 511 589
- 511 643
- 511 754
- 511 986
- 512 921
- 512 552
- 513 673
- 513 542
- 513 939
- 513 883
- 513 626
- 514 929
- 514 684
- 514 578
- 514 900
- 515 761
- 515 853
- 516 804
- 516 912
- 516 802
- 517 871
- 517 715
- 517 907
- 518 582
- 518 895
- 518 690
- 519 876
- 519 750
- 519 549
- 519 748
- 519 654
- 519 633
- 520 644
- 520 695
- 521 819
- 521 661
- 521 872
- 522 728
- 522 602
- 522 692
- 522 677
- 523 746
- 524 617
- 524 976
- 524 623
- 525 857
- 525 797
- 525 654
- 525 885
- 525 806
- 525 627
- 526 987
- 526 711
- 526 970
- 527 601
- 527 818
- 528 824
- 528 540
- 528 985
- 528 768
- 529 976
- 529 962
- 529 678
- 530 935
- 530 719
- 530 646
- 530 749
- 530 683
- 530 959
- 531 540
- 532 748
- 532 856
- 532 799
- 532 637
- 532 937
- 532 868
- 532 916
- 533 628
- 533 613
- 534 568
- 534 656
- 534 714
- 535 566
- 535 579
- 535 855
- 535 867
- 536 828
- 536 686
- 536 953
- 536 985
- 537 698
- 537 807
- 537 876
- 537 722
- 538 792
- 538 719
- 538 660
- 538 690
- 539 783
- 539 558
- 540 736
- 540 586
- 540 781
- 540 813
- 540 878
- 541 801
- 541 843
- 541 743
- 542 872
- 542 890
- 543 842
- 544 941
- 544 706
- 544 594
- 545 702
- 546 877
- 547 589
- 547 758
- 548 801
- 549 977
- 550 909
- 550 707
- 550 581
- 550 705
- 551 658
- 551 890
- 551 788
- 552 898
- 552 662
- 553 643
- 553 754
- 553 894
- 553 595
- 553 645
- 553 568
- 554 638
- 554 645
- 554 737
- 555 707
- 555 570
- 555 583
- 555 725
- 556 889
- 556 988
- 556 906
- 556 630
- 556 613
- 556 909
- 556 740
- 557 722
- 558 650
- 558 935
- 558 638
- 559 896
- 559 944
- 560 888
- 561 735
- 561 744
- 561 562
- 561 816
- 561 652
- 562 943
- 564 769
- 565 838
- 565 628
- 565 771
- 565 981
- 565 929
- 565 883
- 566 863
- 567 578
- 568 888
- 568 972
- 569 590
- 570 836
- 570 878
- 570 821
- 571 980
- 572 612
- 572 676
- 572 731
- 572 954
- 573 678
- 573 922
- 574 642
- 574 730
- 575 710
- 575 803
- 575 927
- 575 865
- 576 962
- 576 915
- 576 873
- 577 960
- 577 987
- 577 753
- 578 582
- 578 724
- 579 960
- 579 872
- 579 699
- 579 712
- 579 707
- 579 909
- 580 747
- 580 901
- 580 862
- 580 626
- 580 961
- 581 672
- 582 742
- 583 841
- 583 709
- 584 900
- 585 971
- 585 821
- 586 959
- 586 789
- 586 875
- 587 905
- 588 958
- 588 774
- 589 882
- 589 885
- 590 954
- 591 718
- 591 787
- 591 746
- 592 737
- 592 730
- 592 616
- 592 676
- 592 870
- 593 751
- 593 835
- 594 978
- 594 928
- 594 635
- 595 948
- 595 625
- 596 870
- 596 910
- 598 718
- 599 982
- 599 605
- 599 825
- 600 912
- 600 979
- 600 692
- 601 925
- 601 670
- 601 799
- 602 821
- 602 944
- 602 629
- 602 888
- 603 838
- 603 853
- 603 926
- 603 847
- 603 921
- 603 621
- 604 959
- 604 946
- 604 825
- 605 621
- 606 854
- 607 874
- 607 938
- 607 862
- 607 640
- 608 967
- 608 783
- 609 838
- 610 860
- 611 984
- 611 801
- 611 779
- 611 913
- 612 966
- 612 909
- 612 869
- 612 828
- 612 974
- 612 864
- 612 953
- 613 762
- 613 821
- 613 659
- 615 738
- 616 662
- 616 840
- 616 660
- 616 857
- 616 922
- 616 629
- 616 767
- 616 891
- 616 967
- 616 894
- 617 916
- 617 906
- 617 621
- 617 639
- 617 716
- 618 879
- 618 908
- 618 729
- 619 640
- 619 875
- 619 910
- 620 947
- 621 718
- 621 640
- 621 686
- 621 674
- 622 775
- 622 744
- 622 733
- 623 945
- 623 690
- 623 722
- 624 964
- 624 880
- 625 827
- 625 654
- 628 757
- 628 695
- 628 747
- 629 650
- 629 823
- 629 964
- 629 876
- 629 783
- 630 882
- 630 636
- 630 978
- 630 833
- 633 684
- 633 804
- 634 871
- 635 824
- 635 750
- 635 645
- 636 736
- 636 664
- 637 785
- 637 793
- 638 886
- 638 770
- 638 778
- 639 864
- 639 656
- 641 889
- 641 859
- 642 939
- 642 706
- 642 754
- 643 765
- 643 672
- 644 871
- 644 694
- 644 709
- 645 687
- 646 947
- 646 696
- 647 819
- 647 847
- 648 737
- 649 974
- 649 889
- 649 970
- 649 815
- 650 771
- 650 762
- 650 759
- 652 722
- 653 962
- 654 854
- 654 743
- 654 971
- 656 694
- 656 805
- 657 735
- 657 834
- 657 983
- 657 939
- 658 877
- 658 823
- 658 807
- 659 919
- 660 792
- 660 793
- 661 768
- 661 692
- 661 725
- 663 776
- 664 920
- 664 818
- 664 981
- 665 942
- 665 859
- 665 914
- 666 698
- 667 718
- 667 673
- 668 737
- 668 773
- 668 940
- 668 777
- 669 888
- 670 941
- 670 912
- 670 872
- 671 738
- 671 912
- 672 873
- 674 941
- 675 687
- 676 700
- 676 780
- 676 726
- 676 849
- 678 912
- 679 880
- 680 686
- 680 845
- 681 837
- 681 755
- 681 876
- 681 962
- 681 847
- 682 840
- 682 721
- 683 709
- 683 748
- 683 918
- 683 941
- 683 890
- 684 820
- 684 704
- 685 771
- 685 793
- 685 742
- 685 974
- 685 764
- 686 770
- 686 793
- 687 755
- 687 890
- 688 729
- 689 948
- 691 835
- 691 821
- 692 708
- 692 715
- 693 814
- 694 974
- 695 872
- 696 756
- 696 709
- 696 896
- 696 886
- 697 949
- 699 794
- 699 785
- 700 904
- 700 775
- 700 783
- 701 941
- 701 763
- 702 923
- 702 895
- 703 757
- 704 769
- 705 909
- 706 774
- 706 913
- 706 809
- 707 727
- 707 889
- 708 755
- 708 940
- 709 860
- 710 798
- 710 925
- 711 839
- 711 970
- 711 737
- 712 820
- 712 886
- 712 864
- 712 842
- 714 943
- 714 793
- 715 813
- 718 870
- 719 866
- 720 988
- 721 987
- 722 920
- 722 815
- 723 821
- 723 881
- 724 872
- 725 731
- 725 866
- 727 753
- 727 820
- 728 963
- 728 944
- 728 756
- 728 760
- 728 792
- 728 895
- 728 793
- 730 740
- 731 912
- 732 839
- 733 874
- 735 907
- 735 739
- 735 810
- 736 756
- 736 813
- 737 857
- 737 978
- 737 960
- 738 970
- 739 969
- 740 888
- 740 861
- 741 819
- 741 867
- 743 905
- 744 922
- 745 828
- 745 877
- 746 965
- 747 806
- 747 865
- 747 954
- 748 953
- 749 802
- 750 955
- 750 775
- 751 788
- 752 966
- 752 937
- 752 894
- 756 877
- 756 939
- 757 956
- 758 767
- 758 867
- 758 855
- 758 929
- 759 872
- 759 960
- 761 790
- 761 858
- 762 908
- 763 885
- 763 811
- 764 912
- 764 841
- 765 812
- 766 948
- 766 839
- 766 843
- 767 929
- 767 923
- 768 930
- 768 978
- 769 793
- 771 905
- 771 964
- 771 959
- 772 824
- 772 846
- 773 983
- 773 810
- 775 979
- 776 920
- 777 844
- 778 801
- 779 891
- 779 894
- 780 835
- 780 918
- 782 793
- 782 891
- 782 820
- 784 870
- 785 803
- 786 900
- 786 892
- 786 955
- 786 961
- 788 972
- 788 869
- 790 976
- 790 891
- 791 974
- 794 987
- 795 849
- 795 851
- 796 875
- 796 967
- 797 880
- 797 956
- 800 853
- 800 975
- 800 976
- 801 956
- 801 860
- 801 841
- 803 964
- 803 942
- 804 899
- 806 829
- 807 961
- 808 926
- 808 963
- 810 971
- 811 881
- 814 943
- 814 903
- 815 860
- 815 826
- 816 875
- 816 987
- 817 952
- 818 955
- 818 876
- 820 956
- 821 861
- 827 975
- 828 927
- 828 975
- 830 936
- 832 923
- 833 852
- 834 899
- 834 884
- 834 904
- 835 915
- 835 920
- 835 844
- 835 870
- 836 882
- 836 929
- 838 985
- 839 868
- 840 968
- 840 878
- 841 851
- 844 952
- 845 934
- 846 985
- 846 946
- 847 935
- 850 941
- 852 902
- 852 887
- 852 907
- 853 963
- 853 935
- 855 888
- 858 912
- 861 976
- 861 882
- 862 959
- 864 899
- 864 962
- 864 898
- 866 949
- 866 930
- 866 901
- 868 877
- 870 877
- 871 919
- 872 880
- 873 922
- 877 897
- 877 972
- 878 893
- 879 896
- 880 884
- 880 923
- 882 905
- 884 974
- 888 916
- 888 915
- 888 931
- 889 965
- 891 967
- 891 925
- 893 962
- 893 957
- 894 976
- 895 960
- 898 969
- 901 968
- 904 921
- 905 984
- 905 921
- 906 947
- 906 963
- 907 925
- 913 975
- 915 921
- 916 932
- 918 971
- 920 971
- 925 931
- 928 929
- 928 943
- 931 962
- 932 949
- 936 945
- 937 987
- 943 977
- 943 964
- 944 957
- 952 959
- 954 968
- 954 961
- 954 964
- 974 987
+ 949 958
+ 946 948
+ 944 958
+ 943 951
+ 940 953
+ 937 958
+ 930 983
+ 921 987
+ 921 959
+ 920 939
+ 917 949
+ 917 938
+ 916 932
+ 910 984
+ 907 926
+ 904 981
+ 901 928
+ 901 922
+ 900 915
+ 900 973
+ 899 960
+ 897 936
+ 897 923
+ 897 943
+ 896 961
+ 893 921
+ 892 931
+ 892 973
+ 890 943
+ 889 976
+ 888 950
+ 883 915
+ 878 964
+ 877 907
+ 877 972
+ 877 888
+ 873 934
+ 871 882
+ 870 891
+ 865 869
+ 864 866
+ 862 912
+ 861 865
+ 860 937
+ 857 986
+ 855 961
+ 854 909
+ 853 966
+ 852 900
+ 850 884
+ 849 985
+ 849 888
+ 848 871
+ 848 879
+ 845 869
+ 844 892
+ 844 888
+ 844 909
+ 842 978
+ 840 983
+ 839 885
+ 837 877
+ 836 972
+ 836 945
+ 835 876
+ 832 960
+ 832 939
+ 830 833
+ 830 987
+ 827 879
+ 827 839
+ 827 931
+ 825 864
+ 825 837
+ 825 899
+ 825 975
+ 825 881
+ 822 903
+ 820 851
+ 820 848
+ 820 946
+ 820 901
+ 819 882
+ 818 944
+ 818 851
+ 818 827
+ 817 884
+ 815 917
+ 815 967
+ 814 862
+ 814 970
+ 812 971
+ 810 866
+ 810 823
+ 809 947
+ 809 923
+ 806 859
+ 804 829
+ 804 976
+ 802 985
+ 802 883
+ 801 886
+ 800 920
+ 800 832
+ 799 823
+ 799 875
+ 799 951
+ 797 866
+ 797 845
+ 797 984
+ 795 900
+ 795 832
+ 794 935
+ 791 883
+ 789 984
+ 789 852
+ 789 965
+ 788 854
+ 787 828
+ 783 900
+ 780 939
+ 779 853
+ 779 830
+ 776 806
+ 775 922
+ 774 953
+ 771 785
+ 770 895
+ 769 849
+ 768 889
+ 767 969
+ 767 931
+ 767 858
+ 767 909
+ 766 915
+ 765 868
+ 764 795
+ 763 858
+ 763 828
+ 763 803
+ 763 927
+ 763 875
+ 763 823
+ 762 791
+ 762 978
+ 762 957
+ 762 853
+ 761 775
+ 761 824
+ 759 844
+ 758 777
+ 758 924
+ 756 930
+ 755 918
+ 754 790
+ 753 920
+ 753 946
+ 751 795
+ 749 845
+ 748 834
+ 748 925
+ 748 939
+ 748 789
+ 746 877
+ 746 824
+ 746 846
+ 745 932
+ 745 762
+ 744 889
+ 744 970
+ 744 876
+ 744 777
+ 744 978
+ 744 959
+ 743 928
+ 743 860
+ 743 821
+ 742 893
+ 741 914
+ 741 933
+ 741 844
+ 740 846
+ 739 867
+ 738 783
+ 737 900
+ 737 903
+ 734 887
+ 734 836
+ 734 924
+ 734 975
+ 732 890
+ 730 832
+ 730 919
+ 729 781
+ 729 905
+ 729 870
+ 728 836
+ 728 966
+ 727 923
+ 726 755
+ 726 797
+ 724 763
+ 724 965
+ 724 982
+ 722 841
+ 721 883
+ 720 866
+ 719 963
+ 718 841
+ 718 817
+ 718 986
+ 718 878
+ 717 729
+ 717 979
+ 717 846
+ 717 750
+ 717 754
+ 717 720
+ 716 971
+ 716 987
+ 716 747
+ 715 760
+ 715 910
+ 715 883
+ 715 974
+ 714 933
+ 713 865
+ 713 924
+ 712 901
+ 712 801
+ 711 811
+ 710 726
+ 709 818
+ 709 838
+ 707 816
+ 706 855
+ 706 714
+ 706 863
+ 706 844
+ 705 943
+ 705 840
+ 704 802
+ 703 921
+ 703 839
+ 703 715
+ 703 754
+ 702 739
+ 701 764
+ 700 716
+ 700 711
+ 699 949
+ 697 962
+ 697 909
+ 697 932
+ 697 706
+ 696 978
+ 696 986
+ 696 848
+ 695 951
+ 695 904
+ 694 893
+ 694 980
+ 693 727
+ 692 811
+ 692 825
+ 692 892
+ 692 826
+ 692 708
+ 692 883
+ 692 861
+ 691 780
+ 689 767
+ 689 821
+ 688 708
+ 687 786
+ 687 904
+ 686 952
+ 686 713
+ 685 774
+ 684 689
+ 684 695
+ 684 778
+ 683 879
+ 682 816
+ 682 763
+ 681 955
+ 681 952
+ 681 823
+ 681 900
+ 680 758
+ 680 978
+ 678 984
+ 678 943
+ 677 762
+ 677 931
+ 677 765
+ 676 761
+ 676 790
+ 675 812
+ 675 967
+ 675 805
+ 674 791
+ 674 956
+ 673 718
+ 671 956
+ 670 745
+ 670 777
+ 669 742
+ 668 929
+ 668 927
+ 667 699
+ 667 683
+ 666 868
+ 666 937
+ 666 693
+ 664 793
+ 664 831
+ 664 713
+ 663 721
+ 663 828
+ 663 969
+ 662 980
+ 662 947
+ 662 671
+ 662 932
+ 662 976
+ 662 913
+ 662 925
+ 662 789
+ 660 922
+ 660 758
+ 660 984
+ 660 932
+ 659 814
+ 659 925
+ 659 922
+ 659 987
+ 659 979
+ 659 689
+ 658 824
+ 658 956
+ 658 866
+ 657 664
+ 657 961
+ 657 803
+ 656 743
+ 656 873
+ 656 952
+ 656 754
+ 655 752
+ 655 819
+ 654 947
+ 654 655
+ 653 914
+ 653 971
+ 653 867
+ 652 917
+ 652 824
+ 651 869
+ 650 909
+ 649 976
+ 649 808
+ 649 894
+ 649 912
+ 648 974
+ 648 943
+ 647 664
+ 647 669
+ 647 898
+ 647 779
+ 647 792
+ 646 759
+ 645 850
+ 645 884
+ 645 724
+ 645 750
+ 644 673
+ 643 977
+ 643 715
+ 643 673
+ 641 881
+ 641 834
+ 641 735
+ 640 865
+ 640 774
+ 640 885
+ 640 949
+ 639 924
+ 638 720
+ 638 867
+ 638 781
+ 638 735
+ 638 727
+ 637 731
+ 636 806
+ 636 644
+ 635 759
+ 635 960
+ 633 835
+ 633 852
+ 633 926
+ 633 689
+ 632 721
+ 632 743
+ 631 647
+ 630 882
+ 630 854
+ 630 760
+ 629 881
+ 629 709
+ 629 636
+ 628 877
+ 628 902
+ 628 639
+ 627 889
+ 627 731
+ 626 828
+ 626 949
+ 625 865
+ 625 771
+ 625 827
+ 625 660
+ 625 705
+ 624 686
+ 624 776
+ 624 632
+ 623 892
+ 622 988
+ 622 790
+ 621 746
+ 620 751
+ 619 947
+ 618 870
+ 618 722
+ 618 633
+ 617 893
+ 616 796
+ 615 894
+ 615 718
+ 614 703
+ 614 925
+ 614 841
+ 614 647
+ 614 788
+ 613 734
+ 613 785
+ 613 783
+ 613 687
+ 612 946
+ 611 624
+ 611 654
+ 611 875
+ 610 857
+ 610 898
+ 610 810
+ 609 680
+ 608 621
+ 608 811
+ 608 631
+ 608 795
+ 608 856
+ 608 744
+ 607 689
+ 607 653
+ 607 780
+ 606 899
+ 605 845
+ 605 713
+ 605 706
+ 605 657
+ 604 634
+ 604 716
+ 604 732
+ 603 945
+ 603 987
+ 603 754
+ 603 743
+ 602 744
+ 602 639
+ 602 670
+ 601 726
+ 601 940
+ 601 715
+ 600 714
+ 600 656
+ 600 652
+ 599 663
+ 599 682
+ 599 913
+ 598 908
+ 597 743
+ 597 676
+ 597 870
+ 596 671
+ 595 965
+ 594 639
+ 594 972
+ 593 651
+ 593 697
+ 592 843
+ 590 852
+ 589 764
+ 589 987
+ 589 968
+ 588 621
+ 588 818
+ 588 928
+ 588 849
+ 588 767
+ 587 653
+ 587 856
+ 587 963
+ 587 879
+ 586 851
+ 586 928
+ 585 698
+ 584 587
+ 584 962
+ 584 674
+ 584 979
+ 583 872
+ 581 765
+ 581 584
+ 580 736
+ 580 671
+ 579 656
+ 579 892
+ 579 765
+ 579 665
+ 579 922
+ 578 913
+ 578 604
+ 578 787
+ 578 952
+ 578 949
+ 577 954
+ 577 603
+ 576 982
+ 576 651
+ 575 792
+ 575 834
+ 575 954
+ 574 850
+ 574 774
+ 574 769
+ 573 622
+ 571 706
+ 571 760
+ 570 897
+ 570 752
+ 569 689
+ 569 890
+ 569 603
+ 569 580
+ 569 625
+ 568 613
+ 568 874
+ 567 714
+ 567 977
+ 566 711
+ 566 604
+ 566 923
+ 566 679
+ 565 858
+ 565 829
+ 565 845
+ 565 730
+ 564 598
+ 564 891
+ 564 947
+ 563 811
+ 563 716
+ 563 623
+ 562 955
+ 562 621
+ 561 972
+ 561 958
+ 560 725
+ 560 781
+ 559 969
+ 558 792
+ 558 574
+ 557 904
+ 556 802
+ 556 740
+ 556 557
+ 555 928
+ 555 764
+ 555 845
+ 554 798
+ 554 758
+ 553 668
+ 553 733
+ 552 765
+ 552 975
+ 552 560
+ 552 987
+ 551 686
+ 550 787
+ 550 972
+ 550 833
+ 549 856
+ 549 607
+ 549 838
+ 548 629
+ 548 584
+ 547 816
+ 547 690
+ 547 901
+ 547 938
+ 546 731
+ 545 611
+ 545 555
+ 545 771
+ 544 731
+ 544 704
+ 544 874
+ 544 747
+ 544 686
+ 544 741
+ 544 884
+ 544 956
+ 543 822
+ 542 871
+ 542 688
+ 542 678
+ 542 546
+ 541 974
+ 541 716
+ 541 570
+ 540 954
+ 540 680
+ 540 801
+ 540 782
+ 539 723
+ 539 740
+ 539 762
+ 538 961
+ 538 697
+ 538 976
+ 537 862
+ 537 921
+ 537 940
+ 537 600
+ 536 984
+ 535 911
+ 534 711
+ 533 655
+ 533 962
+ 533 889
+ 533 647
+ 532 740
+ 531 592
+ 531 700
+ 531 787
+ 531 696
+ 530 841
+ 529 941
+ 529 726
+ 528 886
+ 528 541
+ 528 821
+ 528 774
+ 527 547
+ 527 742
+ 527 689
+ 526 694
+ 525 759
+ 524 700
+ 523 608
+ 523 926
+ 523 526
+ 523 729
+ 522 659
+ 522 643
+ 522 710
+ 520 972
+ 520 800
+ 520 858
+ 520 758
+ 519 630
+ 519 922
+ 519 658
+ 518 725
+ 518 828
+ 518 919
+ 517 835
+ 517 812
+ 517 824
+ 516 653
+ 516 691
+ 515 888
+ 514 660
+ 514 797
+ 513 834
+ 513 973
+ 513 578
+ 513 656
+ 512 746
+ 512 976
+ 512 521
+ 510 844
+ 510 678
+ 510 879
+ 510 826
+ 510 538
+ 509 614
+ 509 870
+ 509 753
+ 509 768
+ 507 961
+ 507 943
+ 507 951
+ 507 517
+ 507 808
+ 507 792
+ 506 958
+ 505 634
+ 505 745
+ 505 882
+ 505 653
+ 505 594
+ 504 803
+ 504 897
+ 504 918
+ 503 916
+ 502 773
+ 502 705
+ 502 730
+ 501 677
+ 501 738
+ 501 846
+ 500 747
+ 499 716
+ 499 821
+ 499 503
+ 498 619
+ 497 518
+ 497 790
+ 497 873
+ 497 778
+ 496 576
+ 496 589
+ 496 672
+ 495 526
+ 494 801
+ 494 675
+ 494 534
+ 494 633
+ 493 890
+ 493 615
+ 493 795
+ 493 539
+ 493 496
+ 493 561
+ 492 596
+ 492 943
+ 492 927
+ 491 521
+ 491 590
+ 491 515
+ 491 839
+ 491 620
+ 490 922
+ 490 534
+ 490 759
+ 489 621
+ 489 923
+ 489 795
+ 489 925
+ 489 648
+ 489 687
+ 488 721
+ 488 593
+ 487 819
+ 487 969
+ 487 576
+ 487 860
+ 486 791
+ 486 670
+ 485 581
+ 485 746
+ 484 827
+ 484 733
+ 484 910
+ 484 862
+ 484 621
+ 483 554
+ 483 958
+ 483 634
+ 483 752
+ 483 838
+ 482 927
+ 482 690
+ 482 913
+ 481 539
+ 481 653
+ 481 838
+ 480 717
+ 480 830
+ 479 754
+ 479 799
+ 479 914
+ 478 516
+ 477 857
+ 477 960
+ 477 488
+ 477 983
+ 476 566
+ 476 744
+ 476 672
+ 476 970
+ 475 895
+ 475 972
+ 475 907
+ 474 524
+ 474 858
+ 473 623
+ 473 598
+ 473 749
+ 473 611
+ 473 537
+ 473 698
+ 472 531
+ 471 717
+ 471 902
+ 471 647
+ 471 612
+ 471 501
+ 470 583
+ 470 790
+ 470 788
+ 470 816
+ 469 634
+ 468 772
+ 468 702
+ 468 764
+ 468 812
+ 468 587
+ 467 731
+ 467 490
+ 467 585
+ 467 634
+ 466 981
+ 466 962
+ 466 584
+ 465 806
+ 465 934
+ 465 824
+ 465 864
+ 464 933
+ 464 699
+ 464 738
+ 464 691
+ 464 835
+ 462 648
+ 462 593
+ 462 521
+ 462 794
+ 462 706
+ 461 482
+ 461 470
+ 461 563
+ 461 628
+ 460 902
+ 460 509
+ 459 640
+ 459 824
+ 458 694
+ 458 815
+ 457 678
+ 457 909
+ 457 483
+ 457 954
+ 457 516
+ 457 471
+ 456 822
+ 456 961
+ 455 550
+ 455 961
+ 455 840
+ 454 517
+ 454 773
+ 454 868
+ 454 777
+ 453 776
+ 453 887
+ 453 542
+ 452 920
+ 452 904
+ 452 777
+ 451 662
+ 451 458
+ 451 895
+ 451 831
+ 451 540
+ 451 739
+ 450 716
+ 450 591
+ 449 705
+ 449 900
+ 448 786
+ 448 572
+ 448 769
+ 448 467
+ 448 530
+ 448 971
+ 447 521
+ 445 633
+ 444 667
+ 444 725
+ 444 953
+ 444 676
+ 443 927
+ 443 513
+ 443 581
+ 442 868
+ 442 919
+ 442 778
+ 441 566
+ 440 462
+ 440 592
+ 440 985
+ 440 547
+ 440 539
+ 440 955
+ 440 747
+ 440 590
+ 438 764
+ 438 482
+ 437 586
+ 437 942
+ 437 488
+ 437 712
+ 437 806
+ 436 671
+ 436 482
+ 436 582
+ 436 515
+ 435 915
+ 435 883
+ 435 834
+ 435 929
+ 435 806
+ 434 443
+ 434 721
+ 434 539
+ 433 898
+ 433 487
+ 433 869
+ 433 497
+ 432 668
+ 432 949
+ 432 528
+ 431 738
+ 431 764
+ 431 482
+ 431 878
+ 431 642
+ 430 800
+ 430 932
+ 430 491
+ 429 679
+ 429 555
+ 429 889
+ 429 680
+ 429 572
+ 428 864
+ 428 603
+ 428 799
+ 428 577
+ 428 752
+ 428 835
+ 428 768
+ 428 584
+ 426 477
+ 426 519
+ 426 859
+ 426 514
+ 426 781
+ 425 457
+ 425 505
+ 425 981
+ 425 924
+ 425 591
+ 425 465
+ 424 922
+ 424 880
+ 424 948
+ 424 517
+ 424 707
+ 423 434
+ 423 517
+ 423 702
+ 422 690
+ 422 814
+ 422 434
+ 421 637
+ 421 470
+ 421 805
+ 421 720
+ 420 496
+ 419 475
+ 419 845
+ 418 667
+ 418 735
+ 418 522
+ 418 949
+ 418 676
+ 418 518
+ 418 682
+ 417 912
+ 417 454
+ 417 812
+ 417 626
+ 417 685
+ 417 951
+ 416 485
+ 416 912
+ 416 484
+ 416 700
+ 416 544
+ 415 974
+ 415 778
+ 415 478
+ 415 512
+ 415 451
+ 415 591
+ 414 434
+ 413 747
+ 413 655
+ 413 554
+ 412 861
+ 412 699
+ 410 716
+ 410 554
+ 410 571
+ 410 902
+ 409 462
+ 408 856
+ 408 846
+ 408 973
+ 407 856
+ 406 933
+ 406 774
+ 406 732
+ 405 830
+ 405 548
+ 405 725
+ 404 738
+ 404 504
+ 403 762
+ 403 789
+ 403 643
+ 403 743
+ 403 750
+ 403 470
+ 402 660
+ 402 778
+ 402 920
+ 401 411
+ 401 417
+ 401 922
+ 400 968
+ 400 480
+ 400 975
+ 400 536
+ 399 625
+ 399 550
+ 399 762
+ 399 646
+ 399 520
+ 398 906
+ 398 758
+ 398 514
+ 397 568
+ 396 715
+ 396 889
+ 396 410
+ 396 528
+ 395 873
+ 395 948
+ 395 579
+ 395 506
+ 394 680
+ 394 863
+ 394 915
+ 394 759
+ 393 663
+ 393 920
+ 393 783
+ 392 776
+ 392 415
+ 392 925
+ 392 650
+ 391 423
+ 391 642
+ 391 693
+ 391 398
+ 391 948
+ 391 526
+ 390 945
+ 390 498
+ 390 651
+ 390 853
+ 389 635
+ 389 736
+ 389 613
+ 389 949
+ 388 960
+ 388 526
+ 388 473
+ 388 511
+ 388 875
+ 387 403
+ 387 812
+ 387 486
+ 387 675
+ 387 503
+ 387 520
+ 387 960
+ 386 668
+ 386 813
+ 386 679
+ 386 981
+ 385 570
+ 385 747
+ 384 874
+ 384 971
+ 383 544
+ 383 454
+ 383 688
+ 383 797
+ 383 785
+ 382 530
+ 381 919
+ 381 693
+ 381 974
+ 380 528
+ 380 422
+ 380 602
+ 380 559
+ 379 841
+ 379 775
+ 379 426
+ 378 887
+ 378 460
+ 378 734
+ 377 391
+ 377 668
+ 377 936
+ 377 943
+ 376 637
+ 376 926
+ 376 726
+ 375 695
+ 375 914
+ 375 451
+ 375 384
+ 375 701
+ 375 771
+ 375 502
+ 374 658
+ 374 863
+ 374 754
+ 374 773
+ 374 616
+ 374 954
+ 373 915
+ 373 612
+ 373 984
+ 373 487
+ 373 514
+ 372 819
+ 372 768
+ 372 417
+ 372 530
+ 372 639
+ 372 410
+ 372 414
+ 371 524
+ 371 566
+ 371 649
+ 371 691
+ 371 478
+ 370 458
+ 370 789
+ 370 533
+ 369 661
+ 369 965
+ 369 762
+ 368 476
+ 368 747
+ 368 817
+ 368 630
+ 368 903
+ 368 958
+ 368 708
+ 368 943
+ 367 617
+ 367 755
+ 367 952
+ 367 757
+ 367 468
+ 366 496
+ 366 953
+ 366 671
+ 366 980
+ 365 661
+ 365 755
+ 365 742
+ 364 506
+ 364 658
+ 363 910
+ 363 977
+ 363 750
+ 363 616
+ 362 619
+ 362 932
+ 361 902
+ 361 413
+ 361 609
+ 361 731
+ 361 862
+ 360 978
+ 360 482
+ 360 541
+ 359 525
+ 359 821
+ 359 817
+ 359 877
+ 359 619
+ 358 725
+ 358 797
+ 358 729
+ 358 611
+ 358 776
+ 358 748
+ 358 612
+ 357 890
+ 357 662
+ 357 542
+ 357 801
+ 357 787
+ 356 679
+ 356 713
+ 356 938
+ 356 364
+ 355 430
+ 355 966
+ 355 566
+ 355 806
+ 355 721
+ 354 441
+ 354 398
+ 354 884
+ 354 649
+ 354 827
+ 353 430
+ 353 663
+ 353 977
+ 353 671
+ 353 987
+ 353 953
+ 353 880
+ 353 850
+ 353 949
+ 352 738
+ 352 389
+ 351 499
+ 351 524
+ 351 887
+ 351 610
+ 350 718
+ 350 609
+ 350 420
+ 350 421
+ 350 889
+ 349 701
+ 349 500
+ 349 911
+ 349 760
+ 348 409
+ 348 962
+ 348 499
+ 347 923
+ 347 394
+ 347 442
+ 347 751
+ 346 426
+ 346 628
+ 345 501
+ 345 557
+ 345 819
+ 344 877
+ 344 600
+ 344 964
+ 344 961
+ 344 371
+ 343 709
+ 343 346
+ 343 724
+ 343 922
+ 343 417
+ 343 964
+ 343 581
+ 342 359
+ 342 868
+ 342 864
+ 342 666
+ 342 607
+ 341 496
+ 341 581
+ 340 665
+ 340 838
+ 340 911
+ 339 457
+ 339 591
+ 339 515
+ 339 843
+ 339 692
+ 339 750
+ 338 492
+ 338 939
+ 338 964
+ 338 402
+ 337 429
+ 337 517
+ 337 742
+ 337 604
+ 337 400
+ 337 823
+ 337 448
+ 336 532
+ 335 349
+ 335 583
+ 335 789
+ 335 913
+ 335 833
+ 335 958
+ 335 393
+ 334 869
+ 334 558
+ 334 368
+ 333 540
+ 333 918
+ 333 576
+ 333 827
+ 333 450
+ 332 978
+ 332 795
+ 332 870
+ 332 589
+ 332 575
+ 332 849
+ 332 780
+ 331 548
+ 331 621
+ 331 918
+ 331 881
+ 331 443
+ 330 932
+ 330 626
+ 330 591
+ 330 963
+ 329 901
+ 329 376
+ 329 615
+ 329 364
+ 329 570
+ 329 390
+ 329 572
+ 329 536
+ 328 822
+ 328 508
+ 328 816
+ 328 976
+ 328 575
+ 328 732
+ 328 429
+ 327 911
+ 327 688
+ 326 981
+ 326 556
+ 326 609
+ 325 573
+ 325 800
+ 325 371
+ 324 934
+ 324 870
+ 324 936
+ 324 328
+ 324 879
+ 324 367
+ 324 470
+ 324 910
+ 324 605
+ 323 488
+ 323 776
+ 323 730
+ 323 613
+ 323 726
+ 322 456
+ 321 720
+ 321 474
+ 321 878
+ 321 333
+ 321 683
+ 320 806
+ 320 679
+ 320 739
+ 320 980
+ 320 590
+ 320 587
+ 320 458
+ 319 554
+ 319 323
+ 319 385
+ 319 548
+ 319 605
+ 319 662
+ 319 516
+ 319 821
+ 318 736
+ 317 788
+ 317 678
+ 317 346
+ 317 962
+ 317 906
+ 316 691
+ 316 783
+ 316 784
+ 316 722
+ 315 811
+ 315 718
+ 315 692
+ 314 322
+ 314 417
+ 314 669
+ 314 565
+ 313 673
+ 313 983
+ 313 763
+ 312 714
+ 312 408
+ 312 810
+ 312 953
+ 312 576
+ 310 844
+ 310 676
+ 310 514
+ 310 577
+ 310 780
+ 310 802
+ 310 589
+ 310 505
+ 309 514
+ 309 337
+ 309 727
+ 309 622
+ 309 522
+ 309 387
+ 308 791
+ 308 445
+ 308 687
+ 308 879
+ 308 724
+ 308 522
+ 307 958
+ 307 841
+ 307 858
+ 307 697
+ 306 343
+ 306 799
+ 306 703
+ 306 720
+ 306 333
+ 305 700
+ 305 972
+ 305 332
+ 305 551
+ 305 610
+ 305 802
+ 304 918
+ 304 944
+ 304 715
+ 304 919
+ 303 405
+ 303 510
+ 303 424
+ 303 513
+ 303 581
+ 303 408
+ 302 679
+ 301 913
+ 301 631
+ 301 692
+ 301 919
+ 300 331
+ 300 452
+ 299 982
+ 299 568
+ 299 960
+ 299 367
+ 298 714
+ 298 853
+ 297 907
+ 297 659
+ 297 884
+ 296 490
+ 296 735
+ 296 909
+ 296 355
+ 295 862
+ 295 782
+ 295 610
+ 295 525
+ 295 600
+ 294 579
+ 293 530
+ 293 517
+ 293 593
+ 293 616
+ 293 851
+ 292 411
+ 292 615
+ 292 440
+ 292 775
+ 292 907
+ 292 623
+ 292 379
+ 292 977
+ 292 403
+ 292 639
+ 292 380
+ 292 390
+ 291 984
+ 291 830
+ 291 921
+ 291 833
+ 291 608
+ 291 875
+ 291 860
+ 291 330
+ 291 457
+ 290 810
+ 289 414
+ 289 751
+ 289 355
+ 289 358
+ 288 968
+ 288 870
+ 288 920
+ 288 383
+ 288 751
+ 287 824
+ 287 529
+ 287 859
+ 287 613
+ 286 707
+ 286 381
+ 286 407
+ 286 693
+ 286 537
+ 285 701
+ 285 311
+ 285 504
+ 285 732
+ 285 319
+ 285 359
+ 284 483
+ 284 857
+ 283 792
+ 283 987
+ 283 709
+ 282 375
+ 282 637
+ 282 503
+ 282 863
+ 282 595
+ 281 729
+ 281 521
+ 280 913
+ 280 713
+ 280 943
+ 279 873
+ 279 443
+ 278 856
+ 277 858
+ 277 802
+ 277 375
+ 277 604
+ 277 389
+ 277 619
+ 277 767
+ 276 398
+ 275 493
+ 275 839
+ 275 290
+ 275 488
+ 274 804
+ 274 844
+ 273 857
+ 273 819
+ 273 792
+ 273 453
+ 272 939
+ 272 502
+ 272 978
+ 272 488
+ 272 410
+ 271 742
+ 271 713
+ 271 874
+ 271 369
+ 270 858
+ 270 461
+ 270 764
+ 268 504
+ 268 567
+ 268 404
+ 268 503
+ 268 508
+ 268 918
+ 268 682
+ 267 389
+ 267 730
+ 267 598
+ 267 278
+ 267 809
+ 266 438
+ 266 647
+ 266 958
+ 266 973
+ 266 834
+ 265 408
+ 265 929
+ 265 589
+ 264 731
+ 264 709
+ 263 929
+ 263 968
+ 262 975
+ 262 924
+ 262 398
+ 262 386
+ 262 791
+ 261 948
+ 261 405
+ 261 836
+ 261 681
+ 261 482
+ 261 896
+ 261 700
+ 260 315
+ 260 466
+ 260 325
+ 260 861
+ 260 740
+ 260 602
+ 259 460
+ 259 758
+ 259 406
+ 259 546
+ 258 862
+ 258 443
+ 257 538
+ 257 640
+ 257 672
+ 256 282
+ 256 621
+ 256 288
+ 255 696
+ 255 794
+ 255 776
+ 255 465
+ 255 462
+ 255 479
+ 255 730
+ 254 404
+ 254 534
+ 254 925
+ 253 720
+ 252 322
+ 251 522
+ 251 792
+ 251 969
+ 251 877
+ 251 815
+ 251 394
+ 251 503
+ 251 545
+ 250 487
+ 249 818
+ 249 872
+ 249 905
+ 249 695
+ 248 679
+ 248 707
+ 248 560
+ 247 653
+ 247 469
+ 247 478
+ 246 791
+ 246 370
+ 246 893
+ 246 313
+ 246 606
+ 246 769
+ 246 405
+ 245 809
+ 245 791
+ 245 489
+ 245 746
+ 245 663
+ 244 263
+ 244 975
+ 244 399
+ 244 251
+ 244 879
+ 244 692
+ 244 380
+ 244 521
+ 243 278
+ 243 594
+ 242 966
+ 242 833
+ 242 306
+ 242 666
+ 241 488
+ 241 887
+ 241 560
+ 241 779
+ 241 911
+ 241 873
+ 240 249
+ 240 866
+ 240 606
+ 240 301
+ 239 471
+ 239 594
+ 239 478
+ 239 259
+ 239 955
+ 238 846
+ 238 630
+ 238 588
+ 238 320
+ 238 456
+ 237 908
+ 236 829
+ 236 555
+ 236 984
+ 236 351
+ 235 831
+ 235 966
+ 235 734
+ 235 723
+ 235 374
+ 235 970
+ 234 904
+ 234 696
+ 233 788
+ 233 808
+ 233 310
+ 233 871
+ 233 970
+ 233 467
+ 232 260
+ 232 789
+ 232 646
+ 232 723
+ 232 455
+ 231 239
+ 231 752
+ 231 363
+ 231 296
+ 231 983
+ 230 803
+ 230 704
+ 230 632
+ 230 773
+ 230 746
+ 230 778
+ 229 738
+ 229 755
+ 229 368
+ 229 511
+ 229 628
+ 229 830
+ 229 631
+ 229 709
+ 228 503
+ 228 522
+ 228 355
+ 228 988
+ 228 376
+ 227 615
+ 227 846
+ 227 495
+ 227 254
+ 227 922
+ 226 888
+ 226 397
+ 226 488
+ 225 489
+ 225 661
+ 225 359
+ 225 618
+ 224 506
+ 223 634
+ 223 299
+ 223 774
+ 223 437
+ 223 943
+ 223 693
+ 222 624
+ 222 265
+ 222 245
+ 222 808
+ 222 632
+ 222 253
+ 222 893
+ 222 916
+ 222 295
+ 221 879
+ 220 456
+ 220 603
+ 220 984
+ 220 494
+ 220 632
+ 219 950
+ 219 304
+ 219 282
+ 219 761
+ 219 506
+ 218 725
+ 218 423
+ 217 841
+ 217 551
+ 217 753
+ 216 799
+ 216 980
+ 216 353
+ 216 269
+ 216 810
+ 215 364
+ 215 293
+ 214 397
+ 214 222
+ 214 368
+ 214 662
+ 213 776
+ 213 827
+ 213 659
+ 212 370
+ 212 429
+ 212 435
+ 212 297
+ 211 593
+ 211 615
+ 211 438
+ 211 866
+ 211 295
+ 210 283
+ 210 416
+ 210 638
+ 210 492
+ 210 414
+ 209 507
+ 209 671
+ 209 935
+ 208 221
+ 208 658
+ 208 354
+ 208 613
+ 208 720
+ 207 301
+ 207 378
+ 207 642
+ 207 229
+ 207 224
+ 207 688
+ 207 664
+ 206 766
+ 206 790
+ 205 890
+ 205 540
+ 205 928
+ 205 439
+ 205 502
+ 205 797
+ 204 770
+ 203 237
+ 203 684
+ 203 573
+ 203 222
+ 203 504
+ 203 282
+ 202 983
+ 202 424
+ 202 262
+ 201 364
+ 201 502
+ 200 670
+ 200 867
+ 200 367
+ 200 901
+ 199 224
+ 199 919
+ 198 798
+ 198 544
+ 198 859
+ 198 528
+ 198 373
+ 198 315
+ 198 811
+ 198 449
+ 198 935
+ 197 212
+ 197 699
+ 197 613
+ 197 639
+ 197 961
+ 197 785
+ 196 205
+ 196 856
+ 196 962
+ 196 525
+ 196 203
+ 196 551
+ 195 712
+ 195 210
+ 195 768
+ 195 550
+ 195 709
+ 195 563
+ 195 875
+ 195 611
+ 195 937
+ 194 391
+ 194 469
+ 194 707
+ 194 850
+ 194 430
+ 193 488
+ 193 944
+ 192 438
+ 192 801
+ 192 241
+ 191 770
+ 191 309
+ 191 359
+ 191 284
+ 190 499
+ 190 587
+ 189 694
+ 189 617
+ 189 923
+ 189 684
+ 189 593
+ 189 630
+ 189 658
+ 189 622
+ 188 363
+ 188 977
+ 188 901
+ 187 759
+ 187 853
+ 187 947
+ 187 658
+ 186 409
+ 186 193
+ 186 952
+ 185 923
+ 185 613
+ 185 455
+ 184 618
+ 184 481
+ 184 668
+ 184 609
+ 184 903
+ 184 769
+ 183 553
+ 183 501
+ 183 370
+ 183 920
+ 182 926
+ 182 320
+ 181 543
+ 181 379
+ 180 780
+ 180 256
+ 180 318
+ 180 449
+ 180 395
+ 180 697
+ 179 934
+ 179 755
+ 179 809
+ 178 946
+ 178 923
+ 178 555
+ 178 810
+ 178 238
+ 177 446
+ 177 484
+ 177 378
+ 177 835
+ 177 794
+ 177 655
+ 176 561
+ 176 786
+ 176 384
+ 176 775
+ 176 917
+ 176 220
+ 175 805
+ 175 181
+ 175 979
+ 174 351
+ 174 562
+ 174 662
+ 174 443
+ 174 190
+ 173 528
+ 173 974
+ 173 773
+ 172 900
+ 172 898
+ 172 322
+ 171 411
+ 171 318
+ 171 174
+ 171 749
+ 171 965
+ 170 758
+ 170 326
+ 170 763
+ 170 884
+ 169 364
+ 169 275
+ 169 239
+ 169 857
+ 169 862
+ 169 492
+ 169 897
+ 169 643
+ 169 455
+ 168 174
+ 168 521
+ 168 686
+ 168 770
+ 167 912
+ 167 938
+ 167 447
+ 166 452
+ 166 206
+ 166 934
+ 166 808
+ 166 957
+ 165 858
+ 165 626
+ 164 345
+ 164 694
+ 164 944
+ 164 402
+ 164 208
+ 163 658
+ 163 872
+ 163 671
+ 163 850
+ 163 644
+ 163 561
+ 163 719
+ 162 623
+ 162 508
+ 162 430
+ 162 450
+ 162 630
+ 162 592
+ 162 805
+ 161 309
+ 161 569
+ 161 204
+ 161 794
+ 161 709
+ 161 825
+ 161 851
+ 160 489
+ 160 639
+ 160 491
+ 160 641
+ 160 836
+ 160 318
+ 159 520
+ 159 671
+ 159 847
+ 159 639
+ 159 539
+ 159 386
+ 159 746
+ 159 908
+ 159 291
+ 158 707
+ 158 321
+ 158 449
+ 158 459
+ 158 765
+ 158 692
+ 157 719
+ 157 256
+ 156 507
+ 156 797
+ 156 642
+ 156 352
+ 156 598
+ 156 579
+ 156 701
+ 155 684
+ 155 598
+ 155 645
+ 155 600
+ 154 951
+ 154 829
+ 154 349
+ 153 354
+ 153 783
+ 153 753
+ 153 696
+ 153 468
+ 152 177
+ 152 205
+ 152 275
+ 151 628
+ 151 334
+ 151 639
+ 151 809
+ 151 257
+ 150 840
+ 150 983
+ 150 287
+ 149 204
+ 149 583
+ 149 404
+ 149 506
+ 149 408
+ 149 193
+ 149 251
+ 149 314
+ 148 712
+ 148 596
+ 148 254
+ 148 473
+ 148 770
+ 148 912
+ 148 363
+ 148 613
+ 148 791
+ 147 565
+ 147 362
+ 147 679
+ 146 842
+ 146 380
+ 146 486
+ 146 329
+ 146 412
+ 146 698
+ 146 980
+ 145 294
+ 145 416
+ 145 884
+ 145 176
+ 145 355
+ 145 516
+ 145 362
+ 145 579
+ 145 567
+ 144 306
+ 144 300
+ 144 480
+ 144 687
+ 144 571
+ 144 318
+ 144 258
+ 143 576
+ 143 329
+ 143 864
+ 142 405
+ 142 280
+ 142 851
+ 142 821
+ 142 223
+ 141 946
+ 141 484
+ 141 861
+ 140 747
+ 140 393
+ 140 623
+ 139 425
+ 139 164
+ 139 718
+ 139 166
+ 138 345
+ 138 715
+ 138 392
+ 138 442
+ 138 952
+ 138 782
+ 137 916
+ 137 816
+ 137 945
+ 137 751
+ 137 233
+ 136 355
+ 136 678
+ 136 646
+ 136 269
+ 135 515
+ 135 877
+ 135 687
+ 134 515
+ 134 774
+ 134 899
+ 133 814
+ 133 950
+ 133 411
+ 133 668
+ 133 391
+ 133 720
+ 133 305
+ 133 439
+ 133 649
+ 133 712
+ 132 233
+ 132 452
+ 132 887
+ 132 591
+ 132 381
+ 132 832
+ 132 301
+ 132 496
+ 132 188
+ 132 551
+ 131 780
+ 131 584
+ 131 854
+ 131 906
+ 131 642
+ 131 897
+ 130 171
+ 130 141
+ 130 277
+ 129 881
+ 129 911
+ 129 691
+ 129 634
+ 129 508
+ 129 200
+ 128 566
+ 128 901
+ 128 826
+ 128 365
+ 127 233
+ 127 581
+ 127 960
+ 127 269
+ 127 190
+ 127 472
+ 127 709
+ 126 152
+ 126 445
+ 126 212
+ 126 476
+ 125 248
+ 125 930
+ 125 334
+ 125 731
+ 125 492
+ 124 961
+ 124 588
+ 124 636
+ 124 280
+ 124 576
+ 124 417
+ 123 519
+ 123 782
+ 123 503
+ 123 182
+ 123 385
+ 123 912
+ 123 748
+ 123 169
+ 123 752
+ 123 735
+ 123 192
+ 123 449
+ 123 310
+ 122 251
+ 122 600
+ 122 493
+ 122 498
+ 122 579
+ 121 590
+ 121 893
+ 121 877
+ 120 410
+ 120 260
+ 120 879
+ 120 279
+ 119 597
+ 118 674
+ 118 844
+ 118 952
+ 117 274
+ 117 505
+ 117 569
+ 117 486
+ 117 395
+ 117 433
+ 117 330
+ 117 374
+ 117 477
+ 117 919
+ 116 733
+ 116 427
+ 116 585
+ 116 379
+ 116 976
+ 116 442
+ 116 796
+ 115 373
+ 115 195
+ 115 479
+ 115 472
+ 115 815
+ 115 197
+ 114 752
+ 114 348
+ 114 216
+ 114 933
+ 113 310
+ 113 119
+ 113 193
+ 113 641
+ 113 857
+ 113 734
+ 113 205
+ 113 473
+ 112 791
+ 112 666
+ 112 325
+ 112 351
+ 112 651
+ 111 957
+ 111 590
+ 111 292
+ 111 201
+ 111 549
+ 111 970
+ 111 577
+ 111 222
+ 110 674
+ 110 568
+ 110 709
+ 110 377
+ 110 851
+ 110 182
+ 110 544
+ 110 541
+ 110 741
+ 110 286
+ 110 180
+ 110 369
+ 110 922
+ 110 264
+ 109 349
+ 109 888
+ 109 780
+ 109 550
+ 109 110
+ 108 860
+ 108 149
+ 108 273
+ 107 322
+ 107 866
+ 107 524
+ 107 316
+ 107 526
+ 107 389
+ 106 458
+ 106 338
+ 106 443
+ 106 682
+ 106 316
+ 106 504
+ 106 461
+ 106 701
+ 106 612
+ 106 409
+ 106 116
+ 105 736
+ 105 933
+ 105 446
+ 105 613
+ 105 194
+ 104 187
+ 104 790
+ 104 379
+ 104 270
+ 104 426
+ 103 598
+ 103 698
+ 103 112
+ 103 721
+ 102 745
+ 102 841
+ 102 522
+ 102 292
+ 102 151
+ 101 369
+ 101 211
+ 101 967
+ 101 628
+ 100 564
+ 100 674
+ 100 384
+ 100 687
+ 100 799
+ 100 302
+ 100 357
+ 99 640
+ 99 352
+ 99 454
+ 99 598
+ 99 749
+ 99 819
+ 99 317
+ 98 173
+ 98 158
+ 98 478
+ 97 859
+ 97 182
+ 97 906
+ 97 210
+ 97 923
+ 96 487
+ 96 177
+ 96 913
+ 96 161
+ 96 435
+ 95 517
+ 95 971
+ 95 774
+ 95 112
+ 95 975
+ 95 968
+ 94 764
+ 94 527
+ 93 418
+ 93 413
+ 93 634
+ 93 796
+ 93 461
+ 93 845
+ 93 946
+ 93 232
+ 93 417
+ 93 231
+ 93 229
+ 93 687
+ 93 505
+ 93 596
+ 92 433
+ 92 674
+ 92 494
+ 92 352
+ 91 180
+ 91 912
+ 91 683
+ 91 864
+ 91 362
+ 91 873
+ 91 885
+ 91 762
+ 90 266
+ 90 367
+ 90 812
+ 89 107
+ 89 180
+ 89 618
+ 89 732
+ 89 400
+ 88 551
+ 88 599
+ 88 487
+ 88 90
+ 87 291
+ 87 242
+ 87 772
+ 87 800
+ 87 96
+ 87 120
+ 86 893
+ 86 386
+ 85 548
+ 85 898
+ 85 767
+ 85 656
+ 84 243
+ 84 295
+ 83 688
+ 83 949
+ 82 666
+ 82 148
+ 82 344
+ 82 160
+ 82 805
+ 82 966
+ 82 311
+ 82 253
+ 82 466
+ 81 759
+ 81 327
+ 81 576
+ 81 717
+ 81 898
+ 81 341
+ 81 371
+ 81 979
+ 81 132
+ 80 293
+ 80 372
+ 80 701
+ 80 836
+ 80 850
+ 80 722
+ 80 890
+ 80 257
+ 80 89
+ 80 371
+ 80 728
+ 80 111
+ 80 838
+ 80 799
+ 79 844
+ 79 822
+ 79 312
+ 79 314
+ 78 883
+ 78 292
+ 78 307
+ 77 160
+ 77 896
+ 77 801
+ 77 840
+ 77 496
+ 77 383
+ 76 278
+ 76 834
+ 76 550
+ 76 281
+ 76 769
+ 75 973
+ 75 755
+ 75 715
+ 75 843
+ 75 85
+ 75 211
+ 74 764
+ 74 652
+ 74 578
+ 74 310
+ 74 789
+ 74 341
+ 74 984
+ 74 732
+ 73 929
+ 73 433
+ 73 837
+ 73 950
+ 72 73
+ 72 818
+ 72 685
+ 72 807
+ 72 587
+ 72 599
+ 72 939
+ 72 848
+ 72 771
+ 71 554
+ 71 677
+ 71 627
+ 70 325
+ 70 456
+ 70 79
+ 70 931
+ 70 601
+ 70 930
+ 70 736
+ 69 354
+ 69 405
+ 69 410
+ 69 550
+ 69 547
+ 69 116
+ 68 689
+ 68 284
+ 68 885
+ 68 646
+ 67 538
+ 67 254
+ 67 104
+ 67 709
+ 67 947
+ 66 865
+ 66 874
+ 66 319
+ 66 332
+ 66 298
+ 66 820
+ 65 858
+ 65 346
+ 65 547
+ 65 509
+ 64 422
+ 64 311
+ 64 381
+ 64 664
+ 64 755
+ 63 552
+ 63 595
+ 63 339
+ 62 187
+ 62 483
+ 62 807
+ 62 511
+ 61 754
+ 61 733
+ 61 380
+ 61 266
+ 61 889
+ 61 939
+ 61 524
+ 60 889
+ 60 900
+ 60 859
+ 60 685
+ 60 149
+ 60 556
+ 59 774
+ 59 492
+ 59 922
+ 59 953
+ 59 756
+ 58 560
+ 58 509
+ 57 149
+ 57 161
+ 57 399
+ 57 978
+ 56 210
+ 56 615
+ 56 661
+ 56 628
+ 56 63
+ 55 595
+ 55 142
+ 55 837
+ 55 908
+ 55 803
+ 55 325
+ 55 673
+ 55 150
+ 55 321
+ 55 311
+ 55 505
+ 54 178
+ 54 876
+ 54 55
+ 54 473
+ 54 867
+ 53 386
+ 53 619
+ 53 532
+ 53 456
+ 53 163
+ 53 64
+ 53 869
+ 52 877
+ 52 626
+ 52 772
+ 52 547
+ 51 90
+ 51 986
+ 50 679
+ 50 468
+ 50 418
+ 49 841
+ 49 233
+ 49 920
+ 49 831
+ 49 515
+ 49 193
+ 49 968
+ 48 422
+ 48 897
+ 48 411
+ 47 505
+ 47 450
+ 47 949
+ 47 700
+ 47 130
+ 47 266
+ 47 783
+ 46 899
+ 46 602
+ 46 316
+ 46 141
+ 46 194
+ 46 51
+ 45 479
+ 45 686
+ 45 645
+ 45 347
+ 45 329
+ 45 528
+ 44 678
+ 44 814
+ 44 106
+ 44 408
+ 43 833
+ 43 692
+ 43 524
+ 43 59
+ 43 394
+ 43 163
+ 43 706
+ 43 44
+ 42 56
+ 42 76
+ 42 444
+ 42 951
+ 42 693
+ 41 786
+ 41 609
+ 41 498
+ 41 958
+ 41 169
+ 41 645
+ 41 303
+ 41 800
+ 41 895
+ 41 68
+ 41 852
+ 40 890
+ 40 723
+ 40 476
+ 40 745
+ 40 626
+ 40 206
+ 39 921
+ 39 580
+ 39 797
+ 39 418
+ 38 867
+ 38 861
+ 38 816
+ 38 471
+ 38 713
+ 38 625
+ 38 913
+ 38 486
+ 37 581
+ 37 883
+ 37 298
+ 37 565
+ 36 142
+ 36 185
+ 36 249
+ 36 521
+ 36 850
+ 36 462
+ 35 394
+ 35 512
+ 35 141
+ 35 463
+ 35 585
+ 34 968
+ 33 969
+ 33 569
+ 33 902
+ 33 607
+ 33 736
+ 32 294
+ 32 439
+ 31 122
+ 31 439
+ 31 480
+ 31 365
+ 31 988
+ 31 938
+ 31 139
+ 31 409
+ 31 709
+ 30 663
+ 30 719
+ 30 858
+ 30 205
+ 30 120
+ 30 713
+ 30 908
+ 30 981
+ 30 418
+ 29 941
+ 29 922
+ 29 813
+ 29 466
+ 29 149
+ 29 227
+ 29 844
+ 28 898
+ 28 514
+ 28 169
+ 28 675
+ 27 500
+ 27 843
+ 27 974
+ 27 870
+ 27 396
+ 27 715
+ 27 788
+ 26 135
+ 26 156
+ 26 657
+ 26 157
+ 26 941
+ 25 527
+ 25 126
+ 25 902
+ 25 45
+ 24 953
+ 24 171
+ 24 667
+ 24 155
+ 24 209
+ 24 628
+ 24 869
+ 24 968
+ 24 498
+ 24 528
+ 24 588
+ 24 437
+ 23 341
+ 23 973
+ 23 360
+ 23 191
+ 23 48
+ 23 205
+ 23 885
+ 23 168
+ 23 59
+ 23 204
+ 22 709
+ 22 540
+ 22 284
+ 22 346
+ 22 669
+ 21 706
+ 21 217
+ 21 937
+ 21 135
+ 21 841
+ 20 371
+ 20 495
+ 19 423
+ 19 386
+ 19 738
+ 18 116
+ 18 117
+ 18 230
+ 18 551
+ 18 887
+ 18 748
+ 18 906
+ 18 394
+ 17 871
+ 17 631
+ 17 252
+ 17 593
+ 17 795
+ 17 898
+ 16 649
+ 16 606
+ 16 176
+ 16 403
+ 16 519
+ 16 80
+ 16 88
+ 15 348
+ 15 828
+ 15 91
+ 15 275
+ 14 889
+ 14 647
+ 14 653
+ 14 145
+ 14 406
+ 14 51
+ 13 723
+ 13 852
+ 13 914
+ 13 38
+ 13 292
+ 12 866
+ 12 172
+ 12 836
+ 12 487
+ 12 208
+ 12 652
+ 12 983
+ 11 712
+ 11 676
+ 11 386
+ 11 856
+ 11 537
+ 11 441
+ 10 804
+ 10 864
+ 10 886
+ 10 958
+ 10 808
+ 10 439
+ 9 909
+ 9 755
+ 9 663
+ 9 567
+ 9 657
+ 8 310
+ 8 673
+ 8 588
+ 8 863
+ 8 982
+ 7 971
+ 7 9
+ 7 879
+ 7 398
+ 7 144
+ 7 200
+ 7 887
+ 6 915
+ 6 442
+ 6 709
+ 6 512
+ 6 66
+ 6 945
+ 6 733
+ 6 300
+ 6 137
+ 6 620
+ 6 901
+ 6 167
+ 6 221
+ 5 649
+ 5 962
+ 5 730
+ 5 550
+ 5 756
+ 5 702
+ 5 847
+ 4 336
+ 4 264
+ 4 126
+ 3 901
+ 3 186
+ 3 311
+ 3 108
+ 3 718
+ 3 959
+ 3 308
+ 3 374
+ 2 47
+ 2 442
+ 2 243
+ 2 485
+ 2 877
+ 2 90
+ 2 878
+ 2 840
+ 2 694
+ 2 330
- 1 250
- 1 942
- 1 237
- 1 50
- 1 119
- 1 84
- 1 485
- 1 276
- 1 459
- 1 218
- 1 366
- 1 108
- 1 34
- 1 384
- 1 741
- 1 245
- 1 704
- 1 525
- 1 477
- 1 155
- 1 427
- 1 796
- 1 685
- 1 654
- 1 690
- 1 67
- 1 404
- 1 29
- 1 813
- 1 234
- 1 300
- 1 957
- 1 936
- 1 377
- 1 855
- 1 495
- 1 20
- 1 432
- 1 289
- 1 253
- 1 637
- 1 420
- 1 872
- 1 583
- 1 573
- 1 832
- 1 786
- 1 68
- 1 385
- 1 829
- 1 154
- 1 854
- 1 592
- 1 182
- 1 172
- 1 252
- 1 322
- 1 940
- 1 930
- 1 803
- 1 313
- 1 681
- 1 444
- 1 667
- 1 412
- 1 699
- 1 498
- 1 122
- 1 728
- 1 798
- 1 413
- 1 627
- 1 71
- 1 554
- 1 483
- 1 33
- 1 886
- 1 209
- 1 507
- 1 808
- 1 294
- 1 32
- 1 439
- 1 10
- 1 776
- 1 650
- 1 392
- 1 863
- 1 86
- 1 818
- 1 304
- 1 944
- 1 916
- 1 247
- 1 469
- 1 446
- 1 105
- 1 894
- 1 615
- 1 283
- 1 167
- 1 447
- 1 463
- 1 585
- 1 35
- 1 512
- 1 558
- 1 574
- 1 481
- 1 737
- 1 508
- 1 188
- 1 882
- 1 871
- 1 848
- 1 178
- 1 217
- 1 753
- 1 946
- 1 865
- 1 66
- 1 820
- 1 901
- 1 586
- 1 928
- 1 403
- 1 743
- 1 603
- 1 577
- 1 954
- 1 575
- 1 985
- 1 849
- 1 121
- 1 787
- 1 899
- 1 134
- 1 582
- 1 436
- 1 515
- 1 620
- 1 491
- 1 839
- 1 290
- 1 152
- 1 275
- 1 15
- 1 518
- 1 828
- 1 890
- 1 102
- 1 745
- 1 915
- 1 766
- 1 206
- 1 40
- 1 78
- 1 307
- 1 474
- 1 858
- 1 165
- 1 626
- 1 52
- 1 895
- 1 419
- 1 354
- 1 817
- 1 609
- 1 326
- 1 170
- 1 884
- 1 212
- 1 297
- 1 907
- 1 475
- 1 972
- 1 877
- 1 837
- 1 73
- 1 950
- 1 888
- 1 109
- 1 780
- 1 332
- 1 272
- 1 876
- 1 39
- 1 921
- 1 959
- 1 315
- 1 711
- 1 811
- 1 880
- 1 262
- 1 202
- 1 248
- 1 707
- 1 424
- 1 303
- 1 678
- 1 814
- 1 43
- 1 44
- 1 408
- 1 407
- 1 856
- 1 608
- 1 744
- 1 842
- 1 280
- 1 599
- 1 913
- 1 96
- 1 161
- 1 57
- 1 978
- 1 680
- 1 572
- 1 429
- 1 328
- 1 775
- 1 379
- 1 340
- 1 535
- 1 911
- 1 83
- 1 708
- 1 460
- 1 378
- 1 199
- 1 224
- 1 793
- 1 831
- 1 664
- 1 207
- 1 688
- 1 327
- 1 717
- 1 74
- 1 341
- 1 81
- 1 979
- 1 175
- 1 181
- 1 543
- 1 822
- 1 903
- 1 184
- 1 769
- 1 76
- 1 281
- 1 263
- 1 244
- 1 521
- 1 36
- 1 850
- 1 353
- 1 987
- 1 552
- 1 63
- 1 56
- 1 639
- 1 101
- 1 628
- 1 461
- 1 563
- 1 716
- 1 450
- 1 47
- 1 783
- 1 784
- 1 722
- 1 316
- 1 46
- 1 194
- 1 430
- 1 147
- 1 362
- 1 932
- 1 660
- 1 338
- 1 402
- 1 164
- 1 208
- 1 187
- 1 215
- 1 356
- 1 364
- 1 658
- 1 519
- 1 16
- 1 88
- 1 812
- 1 90
- 1 757
- 1 299
- 1 367
- 1 617
- 1 893
- 1 94
- 1 527
- 1 742
- 1 669
- 1 22
- 1 346
- 1 99
- 1 317
- 1 906
- 1 18
- 1 394
- 1 347
- 1 442
- 1 138
- 1 782
- 1 540
- 1 739
- 1 451
- 1 415
- 1 591
- 1 425
- 1 465
- 1 143
- 1 864
- 1 342
- 1 607
- 1 549
- 1 838
- 1 799
- 1 80
- 1 701
- 1 156
- 1 579
- 1 145
- 1 516
- 1 691
- 1 464
- 1 835
- 1 177
- 1 484
- 1 621
- 1 562
- 1 955
- 1 239
- 1 28
- 1 169
- 1 643
- 1 673
- 1 311
- 1 55
- 1 150
- 1 840
- 1 705
- 1 625
- 1 569
- 1 580
- 1 736
- 1 70
- 1 456
- 1 238
- 1 320
- 1 458
- 1 815
- 1 967
- 1 675
- 1 805
- 1 162
- 1 630
- 1 571
- 1 760
- 1 349
- 1 500
- 1 747
- 1 440
- 1 590
- 1 852
- 1 41
- 1 800
- 1 325
- 1 260
- 1 602
- 1 670
- 1 486
- 1 38
- 1 816
- 1 470
- 1 614
- 1 788
- 1 27
- 1 396
- 1 889
- 1 350
- 1 421
- 1 720
- 1 641
- 1 735
- 1 638
- 1 727
- 1 923
- 1 97
- 1 210
- 1 414
- 1 372
- 1 410
- 1 902
- 1 25
- 1 45
- 1 528
- 1 773
- 1 173
- 1 98
- 1 478
- 1 371
- 1 344
- 1 961
- 1 896
- 1 261
- 1 948
- 1 391
- 1 526
- 1 107
- 1 389
- 1 352
- 1 92
- 1 674
- 1 118
- 1 952
- 1 186
- 1 409
- 1 31
- 1 139
- 1 166
- 1 934
- 1 873
- 1 279
- 1 120
- 1 87
- 1 242
- 1 666
- 1 868
- 1 454
- 1 777
- 1 452
- 1 904
- 1 981
- 1 386
- 1 19
- 1 738
- 1 431
- 1 642
- 1 131
- 1 897
- 1 48
- 1 411
- 1 401
- 1 922
- 1 227
- 1 254
- 1 925
- 1 214
- 1 662
- 1 789
- 1 748
- 1 834
- 1 266
- 1 438
- 1 482
- 1 360
- 1 541
- 1 752
- 1 655
- 1 819
- 1 345
- 1 557
- 1 556
- 1 60
- 1 859
- 1 287
- 1 529
- 1 941
- 1 26
- 1 157
- 1 256
- 1 288
- 1 751
- 1 137
- 1 945
- 1 836
- 1 160
- 1 318
- 1 258
- 1 144
- 1 480
- 1 779
- 1 830
- 1 833
- 1 550
- 1 69
- 1 116
- 1 106
- 1 612
- 1 358
- 1 905
- 1 729
- 1 523
- 1 926
- 1 376
- 1 228
- 1 988
- 1 622
- 1 189
- 1 684
- 1 695
- 1 249
- 1 240
- 1 301
- 1 919
- 1 117
- 1 274
- 1 804
- 1 976
- 1 538
- 1 510
- 1 826
- 1 128
- 1 365
- 1 661
- 1 225
- 1 618
- 1 445
- 1 633
- 1 494
- 1 534
- 1 490
- 1 759
- 1 635
- 1 960
- 1 387
- 1 309
- 1 191
- 1 284
- 1 857
- 1 610
- 1 305
- 1 802
- 1 883
- 1 791
- 1 148
- 1 712
- 1 133
- 1 649
- 1 912
- 1 862
- 1 361
- 1 731
- 1 264
- 1 110
- 1 369
- 1 271
- 1 874
- 1 568
- 1 397
- 1 226
- 1 488
- 1 593
- 1 293
- 1 851
- 1 142
- 1 223
- 1 774
- 1 95
- 1 968
- 1 49
- 1 193
- 1 149
- 1 314
- 1 79
- 1 312
- 1 953
- 1 59
- 1 756
- 1 847
- 1 5
- 1 702
- 1 423
- 1 517
- 1 824
- 1 761
- 1 219
- 1 506
- 1 395
- 1 180
- 1 697
- 1 909
- 1 844
- 1 706
- 1 462
- 1 794
- 1 935
- 1 198
- 1 373
- 1 514
- 1 398
- 1 758
- 1 520
- 1 399
- 1 646
- 1 136
- 1 269
- 1 216
- 1 810
- 1 866
- 1 211
- 1 75
- 1 843
- 1 339
- 1 645
- 1 724
- 1 982
- 1 8
- 1 588
- 1 767
- 1 277
- 1 130
- 1 141
- 1 861
- 1 692
- 1 158
- 1 765
- 1 677
- 1 931
- 1 827
- 1 213
- 1 659
- 1 689
- 1 821
- 1 319
- 1 548
- 1 629
- 1 636
- 1 644
- 1 163
- 1 719
- 1 963
- 1 330
- 1 2
- 1 694
- 1 980
- 1 146
- 1 698
- 1 103
- 1 721
- 1 355
- 1 296
- 1 231
- 1 983
- 1 12
- 1 652
- 1 600
- 1 295
- 1 222
- 1 111
- 1 201
- 1 502
- 1 375
- 1 771
- 1 72
- 1 807
- 1 62
- 1 511
- 1 388
- 1 875
- 1 763
- 1 823
- 1 337
- 1 604
- 1 732
- 1 89
- 1 400
- 1 536
- 1 329
- 1 390
- 1 292
- 1 13
- 1 914
- 1 479
- 1 255
- 1 730
- 1 565
- 1 37
- 1 298
- 1 853
- 1 762
- 1 91
- 1 683
- 1 321
- 1 333
- 1 306
- 1 703
- 1 754
- 1 790
- 1 676
- 1 597
- 1 870
- 1 891
- 1 564
- 1 947
- 1 619
- 1 359
- 1 285
- 1 504
- 1 918
- 1 268
- 1 682
- 1 418
- 1 30
- 1 908
- 1 598
- 1 267
- 1 278
- 1 243
- 1 594
- 1 505
- 1 93
- 1 671
- 1 956
- 1 544
- 1 416
- 1 700
- 1 524
- 1 61
- 1 939
- 1 920
- 1 183
- 1 370
- 1 533
- 1 962
- 1 466
- 1 82
- 1 966
- 1 235
- 1 723
- 1 232
- 1 455
- 1 185
- 1 613
- 1 323
- 1 726
- 1 710
- 1 522
- 1 308
- 1 3
- 1 374
- 1 616
- 1 363
- 1 977
- 1 567
- 1 714
- 1 933
- 1 114
- 1 348
- 1 499
- 1 503
- 1 251
- 1 545
- 1 555
- 1 845
- 1 749
- 1 171
- 1 965
- 1 595
- 1 282
- 1 203
- 1 196
- 1 551
- 1 132
- 1 381
- 1 974
- 1 715
- 1 910
- 1 324
- 1 605
- 1 657
- 1 9
- 1 663
- 1 969
- 1 559
- 1 380
- 1 422
- 1 434
- 1 539
- 1 493
- 1 561
- 1 958
- 1 335
- 1 393
- 1 140
- 1 623
- 1 892
- 1 973
- 1 900
- 1 449
- 1 123
- 1 310
- 1 589
- 1 265
- 1 929
- 1 435
- 1 806
- 1 437
- 1 24
- 1 869
- 1 53
- 1 64
- 1 755
- 1 179
- 1 809
- 1 151
- 1 257
- 1 672
- 1 496
- 1 77
- 1 383
- 1 785
- 1 197
- 1 115
- 1 472
- 1 531
- 1 696
- 1 153
- 1 468
- 1 587
- 1 879
- 1 221
- 1 6
- 1 733
- 1 553
- 1 668
- 1 927
- 1 492
- 1 125
- 1 334
- 1 368
- 1 943
- 1 648
- 1 489
- 1 687
- 1 135
- 1 21
- 1 841
- 1 382
- 1 530
- 1 448
- 1 971
- 1 653
- 1 867
- 1 54
- 1 473
- 1 113
- 1 205
- 1 797
- 1 984
- 1 236
- 1 351
- 1 112
- 1 651
- 1 576
- 1 124
- 1 417
- 1 951
- 1 42
- 1 693
- 1 286
- 1 537
- 1 11
- 1 441
- 1 679
- 1 302
- 1 100
- 1 357
- 1 801
- 1 192
- 1 241
- 1 887
- 1 7
- 1 200
- 1 129
- 1 634
- 1 467
- 1 233
- 1 970
- 1 476
- 1 126
- 1 4
- 1 336
- 1 532
- 1 740
- 1 846
- 1 501
- 1 471
- 1 457
- 1 159
- 1 746
- 1 230
- 1 778
- 1 497
- 1 433
- 1 487
- 1 860
- 1 937
- 1 195
- 1 611
- 1 624
- 1 632
- 1 220
- 1 176
- 1 917
- 1 938
- 1 547
- 1 65
- 1 58
- 1 509
- 1 768
- 1 428
- 1 584
- 1 581
- 1 343
- 1 964
- 1 878
- 1 718
- 1 986
- 1 51
- 1 14
- 1 406
- 1 259
- 1 546
- 1 542
- 1 453
- 1 273
- 1 792
- 1 647
- 1 631
- 1 229
- 1 709
- 1 127
- 1 190
- 1 174
- 1 443
- 1 331
- 1 881
- 1 825
- 1 975
- 1 734
- 1 924
- 1 713
- 1 686
- 1 168
- 1 770
- 1 204
- 1 23
- 1 885
- 1 640
- 1 949
- 1 578
- 1 513
- 1 656
- 1 85
- 1 898
- 1 17
- 1 795
- 1 764
- 1 270
- 1 104
- 1 426
- 1 781
- 1 560
- 1 725
- 1 405
- 246 1
