3988
+ 1 339
+ 1 135
+ 1 67
+ 1 289
+ 1 842
+ 1 429
+ 1 167
+ 1 947
+ 1 138
+ 1 46
+ 1 602
+ 1 115
+ 1 347
+ 1 601
+ 1 502
+ 1 369
+ 1 164
+ 1 734
+ 1 839
+ 1 216
+ 1 953
+ 1 715
+ 1 956
+ 1 938
+ 1 397
+ 1 810
+ 1 226
+ 1 365
+ 1 422
+ 1 75
+ 1 304
+ 1 892
+ 1 415
+ 1 571
+ 1 430
+ 1 293
+ 1 592
+ 1 797
+ 1 38
+ 1 324
+ 1 168
+ 1 384
+ 1 505
+ 1 43
+ 1 387
+ 1 224
+ 1 762
+ 1 207
+ 1 885
+ 1 92
+ 1 795
+ 1 718
+ 1 964
+ 1 61
+ 1 835
+ 1 989
+ 1 233
+ 1 682
+ 1 845
+ 1 194
+ 1 436
+ 1 31
+ 1 238
+ 1 817
+ 1 379
+ 1 512
+ 1 109
+ 1 281
+ 1 992
+ 1 393
+ 1 556
+ 1 873
+ 1 751
+ 1 179
+ 1 131
+ 1 89
+ 1 994
+ 1 780
+ 1 504
+ 1 110
+ 1 403
+ 1 855
+ 1 595
+ 1 79
+ 1 198
+ 1 650
+ 1 200
+ 1 71
+ 1 756
+ 1 209
+ 1 84
+ 1 108
+ 1 634
+ 1 80
+ 1 15
+ 1 515
+ 1 916
+ 1 33
+ 1 766
+ 1 493
+ 1 907
+ 1 657
+ 1 872
+ 1 697
+ 1 927
+ 1 530
+ 1 712
+ 1 886
+ 1 186
+ 1 619
+ 1 784
+ 1 518
+ 1 898
+ 1 568
+ 1 313
+ 1 880
+ 1 529
+ 1 698
+ 1 950
+ 1 338
+ 1 826
+ 1 310
+ 1 611
+ 1 744
+ 1 924
+ 1 911
+ 1 199
+ 1 49
+ 1 850
+ 1 656
+ 1 764
+ 1 649
+ 1 385
+ 1 716
+ 1 598
+ 1 951
+ 1 640
+ 1 686
+ 1 116
+ 1 690
+ 1 357
+ 1 533
+ 1 294
+ 1 567
+ 1 126
+ 1 646
+ 1 83
+ 1 998
+ 1 526
+ 1 308
+ 1 344
+ 1 136
+ 1 197
+ 1 990
+ 1 603
+ 1 758
+ 1 576
+ 1 162
+ 1 143
+ 1 522
+ 1 451
+ 1 532
+ 1 579
+ 1 462
+ 1 23
+ 1 966
+ 1 719
+ 1 147
+ 1 618
+ 1 589
+ 1 364
+ 1 60
+ 1 851
+ 1 776
+ 1 473
+ 1 40
+ 1 918
+ 1 753
+ 1 888
+ 1 586
+ 1 37
+ 1 771
+ 1 893
+ 1 925
+ 1 765
+ 1 721
+ 1 789
+ 1 322
+ 1 774
+ 1 717
+ 1 112
+ 1 578
+ 1 632
+ 1 269
+ 1 564
+ 1 481
+ 1 280
+ 1 74
+ 1 752
+ 1 706
+ 1 816
+ 1 732
+ 1 760
+ 1 416
+ 1 173
+ 1 312
+ 1 408
+ 1 542
+ 1 551
+ 1 331
+ 1 948
+ 1 954
+ 1 163
+ 1 377
+ 1 501
+ 1 796
+ 1 329
+ 1 541
+ 1 460
+ 1 120
+ 1 457
+ 1 137
+ 1 665
+ 1 939
+ 1 378
+ 1 449
+ 1 685
+ 1 345
+ 1 480
+ 1 41
+ 1 563
+ 1 348
+ 1 320
+ 1 438
+ 1 562
+ 1 13
+ 1 543
+ 1 420
+ 1 711
+ 1 428
+ 1 82
+ 1 455
+ 1 90
+ 1 561
+ 1 189
+ 1 659
+ 1 607
+ 1 264
+ 1 432
+ 1 311
+ 1 748
+ 1 98
+ 1 458
+ 1 905
+ 1 672
+ 1 708
+ 1 510
+ 1 275
+ 1 731
+ 1 256
+ 1 862
+ 1 404
+ 1 747
+ 1 400
+ 1 800
+ 1 492
+ 1 683
+ 1 29
+ 1 588
+ 1 107
+ 1 625
+ 1 978
+ 1 894
+ 1 85
+ 1 180
+ 1 904
+ 1 28
+ 1 549
+ 1 95
+ 1 250
+ 1 913
+ 1 933
+ 1 154
+ 1 421
+ 1 314
+ 1 804
+ 1 754
+ 1 30
+ 1 806
+ 1 738
+ 1 633
+ 1 808
+ 1 941
+ 1 519
+ 1 469
+ 1 213
+ 1 203
+ 1 864
+ 1 553
+ 1 386
+ 1 664
+ 1 895
+ 1 478
+ 1 483
+ 1 891
+ 1 187
+ 1 433
+ 1 117
+ 1 867
+ 1 931
+ 1 64
+ 1 206
+ 1 639
+ 1 615
+ 1 928
+ 1 76
+ 1 847
+ 1 20
+ 1 129
+ 1 272
+ 1 759
+ 1 412
+ 1 39
+ 1 879
+ 1 146
+ 1 166
+ 1 982
+ 1 767
+ 1 47
+ 1 628
+ 1 980
+ 1 152
+ 1 319
+ 1 395
+ 1 695
+ 1 177
+ 1 86
+ 1 321
+ 1 318
+ 1 999
+ 1 252
+ 1 703
+ 1 246
+ 1 587
+ 1 283
+ 1 467
+ 1 574
+ 1 399
+ 1 979
+ 1 251
+ 1 465
+ 1 160
+ 1 957
+ 1 500
+ 1 750
+ 1 684
+ 1 307
+ 1 298
+ 1 26
+ 1 59
+ 1 775
+ 1 538
+ 1 21
+ 1 662
+ 1 623
+ 1 900
+ 1 520
+ 1 679
+ 1 778
+ 1 593
+ 1 327
+ 1 486
+ 1 472
+ 1 610
+ 1 214
+ 1 211
+ 1 822
+ 1 360
+ 1 353
+ 1 812
+ 1 127
+ 1 106
+ 1 466
+ 1 437
+ 1 157
+ 1 673
+ 1 591
+ 1 170
+ 1 122
+ 1 890
+ 1 192
+ 1 398
+ 1 134
+ 1 367
+ 1 658
+ 1 10
+ 1 153
+ 1 444
+ 1 218
+ 1 371
+ 1 968
+ 1 254
+ 1 783
+ 1 548
+ 1 414
+ 1 223
+ 1 570
+ 1 454
+ 1 724
+ 1 271
+ 1 996
+ 1 714
+ 1 494
+ 1 445
+ 1 854
+ 1 479
+ 1 725
+ 1 217
+ 1 128
+ 1 735
+ 1 205
+ 1 580
+ 1 807
+ 1 707
+ 1 300
+ 1 555
+ 1 144
+ 1 119
+ 1 566
+ 1 427
+ 1 811
+ 1 970
+ 1 141
+ 1 902
+ 1 288
+ 1 423
+ 1 769
+ 1 535
+ 1 12
+ 1 935
+ 1 896
+ 1 710
+ 1 887
+ 1 701
+ 1 227
+ 1 495
+ 1 380
+ 1 837
+ 1 831
+ 1 104
+ 1 51
+ 1 235
+ 1 370
+ 1 121
+ 1 692
+ 1 4
+ 1 477
+ 1 172
+ 1 482
+ 1 654
+ 1 87
+ 1 853
+ 1 330
+ 1 266
+ 1 175
+ 1 35
+ 1 819
+ 1 91
+ 1 471
+ 1 459
+ 1 257
+ 1 700
+ 1 849
+ 1 557
+ 1 921
+ 1 844
+ 1 468
+ 1 813
+ 1 942
+ 1 17
+ 1 506
+ 1 140
+ 1 301
+ 1 554
+ 1 401
+ 1 149
+ 1 184
+ 1 426
+ 1 547
+ 1 497
+ 1 346
+ 1 383
+ 1 779
+ 1 727
+ 1 722
+ 1 794
+ 1 355
+ 1 669
+ 1 50
+ 1 705
+ 1 912
+ 1 58
+ 1 596
+ 1 651
+ 1 435
+ 1 291
+ 1 737
+ 1 930
+ 1 405
+ 1 723
+ 1 103
+ 1 263
+ 1 284
+ 1 323
+ 1 396
+ 1 182
+ 1 19
+ 1 185
+ 1 565
+ 1 93
+ 1 761
+ 1 746
+ 1 517
+ 1 101
+ 1 169
+ 1 99
+ 1 926
+ 1 343
+ 1 498
+ 1 713
+ 1 464
+ 1 490
+ 1 45
+ 1 334
+ 1 372
+ 1 763
+ 1 461
+ 1 870
+ 1 513
+ 1 678
+ 1 123
+ 1 509
+ 1 456
+ 1 499
+ 1 65
+ 1 546
+ 1 259
+ 1 897
+ 1 528
+ 1 863
+ 1 594
+ 1 934
+ 1 786
+ 1 859
+ 1 302
+ 1 434
+ 1 287
+ 1 474
+ 1 782
+ 1 614
+ 1 694
+ 1 11
+ 1 54
+ 1 341
+ 1 373
+ 1 755
+ 1 447
+ 1 374
+ 1 274
+ 1 676
+ 1 983
+ 1 975
+ 1 788
+ 1 286
+ 1 860
+ 1 450
+ 1 675
+ 1 624
+ 1 537
+ 1 328
+ 1 740
+ 1 836
+ 1 521
+ 1 244
+ 1 857
+ 1 335
+ 1 677
+ 1 792
+ 1 53
+ 1 920
+ 1 417
+ 1 609
+ 1 171
+ 1 511
+ 1 730
+ 1 489
+ 1 944
+ 1 265
+ 1 687
+ 1 833
+ 1 986
+ 1 496
+ 1 655
+ 1 952
+ 1 150
+ 1 531
+ 1 856
+ 1 550
+ 1 995
+ 1 191
+ 1 729
+ 1 997
+ 1 644
+ 1 202
+ 1 824
+ 1 236
+ 1 958
+ 1 652
+ 1 981
+ 1 215
+ 1 976
+ 1 583
+ 1 253
+ 1 605
+ 1 821
+ 1 696
+ 1 909
+ 1 411
+ 1 159
+ 1 161
+ 1 268
+ 1 585
+ 1 653
+ 1 910
+ 1 770
+ 1 949
+ 1 446
+ 1 260
+ 1 234
+ 1 354
+ 1 606
+ 1 787
+ 1 418
+ 1 988
+ 1 488
+ 1 768
+ 1 536
+ 1 961
+ 1 971
+ 1 358
+ 1 273
+ 1 858
+ 1 402
+ 1 267
+ 1 9
+ 1 977
+ 1 877
+ 1 889
+ 1 296
+ 1 382
+ 1 940
+ 1 745
+ 1 733
+ 1 72
+ 1 276
+ 1 688
+ 1 376
+ 1 239
+ 1 55
+ 1 94
+ 1 638
+ 1 742
+ 1 52
+ 1 743
+ 1 158
+ 1 270
+ 1 560
+ 1 709
+ 1 148
+ 1 613
+ 1 16
+ 1 757
+ 1 316
+ 1 359
+ 1 946
+ 1 815
+ 1 77
+ 1 868
+ 1 636
+ 1 791
+ 1 261
+ 1 139
+ 1 190
+ 1 282
+ 1 363
+ 1 627
+ 1 443
+ 1 56
+ 1 736
+ 1 2
+ 1 523
+ 1 5
+ 1 874
+ 1 630
+ 1 572
+ 1 114
+ 1 929
+ 1 368
+ 1 130
+ 1 36
+ 1 201
+ 1 317
+ 1 448
+ 1 635
+ 1 42
+ 1 739
+ 1 599
+ 1 503
+ 1 922
+ 1 350
+ 1 818
+ 1 32
+ 1 69
+ 1 643
+ 1 828
+ 1 785
+ 1 773
+ 1 838
+ 1 674
+ 1 315
+ 1 309
+ 1 793
+ 1 361
+ 1 670
+ 1 431
+ 1 881
+ 1 285
+ 1 866
+ 1 351
+ 1 899
+ 1 914
+ 1 534
+ 1 882
+ 1 622
+ 1 325
+ 1 814
+ 1 841
+ 1 508
+ 1 915
+ 1 230
+ 1 903
+ 1 689
+ 1 681
+ 1 6
+ 1 908
+ 1 81
+ 1 174
+ 1 852
+ 1 871
+ 1 241
+ 1 68
+ 1 453
+ 1 124
+ 1 419
+ 1 299
+ 1 440
+ 1 772
+ 1 425
+ 1 118
+ 1 668
+ 1 573
+ 1 621
+ 1 366
+ 1 105
+ 1 846
+ 1 62
+ 1 290
+ 1 24
+ 1 631
+ 1 292
+ 1 409
+ 1 545
+ 1 375
+ 1 7
+ 1 279
+ 1 476
+ 1 247
+ 1 973
+ 1 204
+ 1 278
+ 1 132
+ 1 720
+ 1 240
+ 1 527
+ 1 407
+ 1 165
+ 1 802
+ 1 133
+ 1 702
+ 1 559
+ 1 100
+ 1 231
+ 1 470
+ 1 151
+ 1 18
+ 1 901
+ 1 340
+ 1 208
+ 1 332
+ 1 616
+ 1 232
+ 1 663
+ 1 249
+ 1 955
+ 1 699
+ 1 441
+ 1 34
+ 1 73
+ 1 726
+ 1 66
+ 1 539
+ 1 823
+ 1 295
+ 1 181
+ 1 229
+ 1 14
+ 1 188
+ 1 44
+ 1 945
+ 1 781
+ 1 600
+ 1 641
+ 1 487
+ 1 584
+ 1 875
+ 1 389
+ 1 581
+ 1 242
+ 1 825
+ 1 336
+ 1 984
+ 1 577
+ 1 629
+ 1 558
+ 1 876
+ 1 642
+ 1 3
+ 1 196
+ 1 78
+ 1 297
+ 1 27
+ 1 671
+ 1 620
+ 1 829
+ 1 803
+ 1 799
+ 1 1000
+ 1 552
+ 1 936
+ 1 381
+ 1 917
+ 1 660
+ 1 597
+ 1 349
+ 1 303
+ 1 967
+ 1 413
+ 1 883
+ 1 524
+ 1 991
+ 1 248
+ 1 617
+ 1 704
+ 1 728
+ 1 590
+ 1 648
+ 1 439
+ 1 840
+ 1 507
+ 1 932
+ 1 985
+ 1 937
+ 1 388
+ 1 113
+ 1 878
+ 1 919
+ 1 993
+ 1 333
+ 1 693
+ 1 749
+ 1 277
+ 1 390
+ 1 790
+ 1 666
+ 1 245
+ 1 484
+ 1 667
+ 1 237
+ 1 820
+ 1 575
+ 1 88
+ 1 210
+ 1 969
+ 1 834
+ 1 156
+ 1 485
+ 1 145
+ 1 943
+ 1 452
+ 1 809
+ 1 805
+ 1 111
+ 1 392
+ 1 352
+ 1 544
+ 1 221
+ 1 63
+ 1 959
+ 1 604
+ 1 219
+ 1 25
+ 1 342
+ 1 525
+ 1 356
+ 1 827
+ 1 637
+ 1 798
+ 1 865
+ 1 183
+ 1 326
+ 1 972
+ 1 225
+ 1 70
+ 1 491
+ 1 582
+ 1 222
+ 1 869
+ 1 125
+ 1 337
+ 1 661
+ 1 8
+ 1 843
+ 1 97
+ 1 848
+ 1 406
+ 1 962
+ 1 516
+ 1 212
+ 1 193
+ 1 832
+ 1 424
+ 1 96
+ 1 801
+ 1 612
+ 1 645
+ 1 228
+ 1 195
+ 1 963
+ 1 608
+ 1 626
+ 1 394
+ 1 442
+ 1 861
+ 1 178
+ 1 965
+ 1 142
+ 1 960
+ 1 680
+ 1 102
+ 1 57
+ 1 306
+ 1 540
+ 1 262
+ 1 305
+ 1 22
+ 1 243
+ 1 258
+ 1 176
+ 1 220
+ 1 974
+ 1 906
+ 1 255
+ 1 987
+ 1 884
+ 1 647
+ 1 48
+ 1 777
+ 1 691
+ 1 514
+ 1 362
+ 1 475
+ 1 463
+ 1 391
+ 1 410
+ 1 155
+ 1 569
+ 1 923
- 2 736
- 2 523
- 3 642
- 3 196
- 4 692
- 4 477
- 5 874
- 5 523
- 6 681
- 6 908
- 7 279
- 7 375
- 8 661
- 8 843
- 9 977
- 9 267
- 10 153
- 10 658
- 11 694
- 11 54
- 12 935
- 12 535
- 13 562
- 13 543
- 14 229
- 14 188
- 15 80
- 15 515
- 16 757
- 16 613
- 17 942
- 17 506
- 18 151
- 18 901
- 19 182
- 19 185
- 20 847
- 20 129
- 21 662
- 21 538
- 22 305
- 22 243
- 23 462
- 23 966
- 24 290
- 24 631
- 25 342
- 25 219
- 26 59
- 26 298
- 27 671
- 27 297
- 28 549
- 28 904
- 29 588
- 29 683
- 30 806
- 30 754
- 31 436
- 31 238
- 32 818
- 32 69
- 33 916
- 33 766
- 34 441
- 34 73
- 35 175
- 35 819
- 36 201
- 36 130
- 37 586
- 37 771
- 38 324
- 38 797
- 39 412
- 39 879
- 40 918
- 40 473
- 41 480
- 41 563
- 42 739
- 42 635
- 43 505
- 43 387
- 44 188
- 44 945
- 45 334
- 45 490
- 46 138
- 46 602
- 47 767
- 47 628
- 48 777
- 48 647
- 49 850
- 49 199
- 50 705
- 50 669
- 51 104
- 51 235
- 52 743
- 52 742
- 53 792
- 53 920
- 54 341
- 55 239
- 55 94
- 56 736
- 56 443
- 57 306
- 57 102
- 58 912
- 58 596
- 59 775
- 60 364
- 60 851
- 61 964
- 61 835
- 62 290
- 62 846
- 63 959
- 63 221
- 64 931
- 64 206
- 65 546
- 65 499
- 66 539
- 66 726
- 67 289
- 67 135
- 68 453
- 68 241
- 69 643
- 70 491
- 70 225
- 71 200
- 71 756
- 72 276
- 72 733
- 73 726
- 74 280
- 74 752
- 75 422
- 75 304
- 76 847
- 76 928
- 77 868
- 77 815
- 78 196
- 78 297
- 79 198
- 79 595
- 80 634
- 81 908
- 81 174
- 82 455
- 82 428
- 83 646
- 83 998
- 84 108
- 84 209
- 85 894
- 85 180
- 86 177
- 86 321
- 87 853
- 87 654
- 88 210
- 88 575
- 89 131
- 89 994
- 90 455
- 90 561
- 91 471
- 91 819
- 92 885
- 92 795
- 93 565
- 93 761
- 94 638
- 95 250
- 95 549
- 96 424
- 96 801
- 97 843
- 97 848
- 98 748
- 98 458
- 99 926
- 99 169
- 100 559
- 100 231
- 101 517
- 101 169
- 102 680
- 103 263
- 103 723
- 104 831
- 105 366
- 105 846
- 106 466
- 106 127
- 107 588
- 107 625
- 108 634
- 109 512
- 109 281
- 110 403
- 110 504
- 111 392
- 111 805
- 112 717
- 112 578
- 113 878
- 113 388
- 114 929
- 114 572
- 115 347
- 115 602
- 116 690
- 116 686
- 117 867
- 117 433
- 118 425
- 118 668
- 119 144
- 119 566
- 120 457
- 120 460
- 121 370
- 121 692
- 122 170
- 122 890
- 123 509
- 123 678
- 124 453
- 124 419
- 125 869
- 125 337
- 126 567
- 126 646
- 127 812
- 128 217
- 128 735
- 129 272
- 130 368
- 131 179
- 132 278
- 132 720
- 133 702
- 133 802
- 134 367
- 134 398
- 135 339
- 136 344
- 136 197
- 137 457
- 137 665
- 138 947
- 139 190
- 139 261
- 140 506
- 140 301
- 141 970
- 141 902
- 142 965
- 142 960
- 143 522
- 143 162
- 144 555
- 145 485
- 145 943
- 146 166
- 146 879
- 147 618
- 147 719
- 148 613
- 148 709
- 149 184
- 149 401
- 150 531
- 150 952
- 151 470
- 152 319
- 152 980
- 153 444
- 154 933
- 154 421
- 155 410
- 155 569
- 156 834
- 156 485
- 157 437
- 157 673
- 158 270
- 158 743
- 159 161
- 159 411
- 160 465
- 160 957
- 161 268
- 162 576
- 163 377
- 163 954
- 164 369
- 164 734
- 165 407
- 165 802
- 166 982
- 167 429
- 167 947
- 168 324
- 168 384
- 170 591
- 171 511
- 171 609
- 172 477
- 172 482
- 173 312
- 173 416
- 174 852
- 175 266
- 176 220
- 176 258
- 177 695
- 178 861
- 178 965
- 179 751
- 180 904
- 181 229
- 181 295
- 182 396
- 183 326
- 183 865
- 184 426
- 185 565
- 186 886
- 186 619
- 187 433
- 187 891
- 189 561
- 189 659
- 190 282
- 191 995
- 191 729
- 192 398
- 192 890
- 193 212
- 193 832
- 194 845
- 194 436
- 195 963
- 195 228
- 197 990
- 198 650
- 199 911
- 200 650
- 201 317
- 202 644
- 202 824
- 203 864
- 203 213
- 204 973
- 204 278
- 205 580
- 205 735
- 206 639
- 207 885
- 207 762
- 208 340
- 208 332
- 209 756
- 210 969
- 211 822
- 211 214
- 212 516
- 213 469
- 214 610
- 215 976
- 215 981
- 216 953
- 216 839
- 217 725
- 218 444
- 218 371
- 219 604
- 220 974
- 221 544
- 222 582
- 222 869
- 223 570
- 223 414
- 224 762
- 224 387
- 225 972
- 226 365
- 226 810
- 227 701
- 227 495
- 228 645
- 230 915
- 230 903
- 231 470
- 232 616
- 232 663
- 233 989
- 233 682
- 234 260
- 234 354
- 235 370
- 236 958
- 236 824
- 237 820
- 237 667
- 238 817
- 239 376
- 240 720
- 240 527
- 241 871
- 242 581
- 242 825
- 243 258
- 244 857
- 244 521
- 245 484
- 245 666
- 246 703
- 246 587
- 247 476
- 247 973
- 248 617
- 248 991
- 249 663
- 249 955
- 250 913
- 251 465
- 251 979
- 252 703
- 252 999
- 253 583
- 253 605
- 254 783
- 254 968
- 255 906
- 255 987
- 256 862
- 256 731
- 257 700
- 257 459
- 259 897
- 259 546
- 260 446
- 261 791
- 262 540
- 262 305
- 263 284
- 264 607
- 264 432
- 265 687
- 265 944
- 266 330
- 267 402
- 268 585
- 269 632
- 269 564
- 270 560
- 271 724
- 271 996
- 272 759
- 273 358
- 273 858
- 274 676
- 274 374
- 275 510
- 275 731
- 276 688
- 277 749
- 277 390
- 279 476
- 280 481
- 281 992
- 282 363
- 283 467
- 283 587
- 284 323
- 285 881
- 285 866
- 286 788
- 286 860
- 287 474
- 287 434
- 288 902
- 288 423
- 289 842
- 291 737
- 291 435
- 292 409
- 292 631
- 293 592
- 293 430
- 294 567
- 294 533
- 295 823
- 296 889
- 296 382
- 298 307
- 299 440
- 299 419
- 300 707
- 300 555
- 301 554
- 302 434
- 302 859
- 303 967
- 303 349
- 304 892
- 306 540
- 307 684
- 308 526
- 308 344
- 309 315
- 309 793
- 310 611
- 310 826
- 311 432
- 311 748
- 312 408
- 313 568
- 313 880
- 314 421
- 314 804
- 315 674
- 316 757
- 316 359
- 317 448
- 318 321
- 318 999
- 319 395
- 320 348
- 320 438
- 322 789
- 322 774
- 323 396
- 325 622
- 325 814
- 326 972
- 327 486
- 327 593
- 328 740
- 328 537
- 329 541
- 329 796
- 330 853
- 331 551
- 331 948
- 332 616
- 333 693
- 333 993
- 334 372
- 335 677
- 335 857
- 336 984
- 336 825
- 337 661
- 338 950
- 338 826
- 339 741
- 340 901
- 341 373
- 342 525
- 343 926
- 343 498
- 345 685
- 345 480
- 346 497
- 346 383
- 347 601
- 348 563
- 349 597
- 350 818
- 350 922
- 351 899
- 351 866
- 352 392
- 352 544
- 353 360
- 353 812
- 354 606
- 355 794
- 355 669
- 356 525
- 356 827
- 357 533
- 357 690
- 358 971
- 359 946
- 360 822
- 361 793
- 361 670
- 362 475
- 362 514
- 363 627
- 364 589
- 365 422
- 366 621
- 367 658
- 368 929
- 369 502
- 371 968
- 372 763
- 373 755
- 374 447
- 375 545
- 376 688
- 377 501
- 378 939
- 378 449
- 379 512
- 379 817
- 380 495
- 380 837
- 381 917
- 381 936
- 382 940
- 383 779
- 384 505
- 385 716
- 385 649
- 386 664
- 386 553
- 388 937
- 389 581
- 389 875
- 390 790
- 391 410
- 391 463
- 393 992
- 393 556
- 394 442
- 394 626
- 395 695
- 397 938
- 397 810
- 399 574
- 399 979
- 400 747
- 400 800
- 401 554
- 402 858
- 403 855
- 404 747
- 404 862
- 405 930
- 405 723
- 406 962
- 406 848
- 407 527
- 408 542
- 409 545
- 411 909
- 412 759
- 413 967
- 413 883
- 414 548
- 415 571
- 415 892
- 416 760
- 417 920
- 417 609
- 418 988
- 418 787
- 420 543
- 420 711
- 423 769
- 424 832
- 425 772
- 426 547
- 427 566
- 427 811
- 428 711
- 429 842
- 430 571
- 431 881
- 431 670
- 435 651
- 437 466
- 438 562
- 439 840
- 439 648
- 440 772
- 441 699
- 442 861
- 443 627
- 445 494
- 445 854
- 446 949
- 447 755
- 448 635
- 449 685
- 450 860
- 450 675
- 451 522
- 451 532
- 452 809
- 452 943
- 454 724
- 454 570
- 456 509
- 456 499
- 458 905
- 459 471
- 460 541
- 461 870
- 461 763
- 462 579
- 463 475
- 464 490
- 464 713
- 467 574
- 468 813
- 468 844
- 469 519
- 472 486
- 472 610
- 473 776
- 474 782
- 478 483
- 478 895
- 479 725
- 479 854
- 481 564
- 482 654
- 483 891
- 484 667
- 487 584
- 487 641
- 488 988
- 488 768
- 489 730
- 489 944
- 491 582
- 492 800
- 492 683
- 493 766
- 493 907
- 494 714
- 496 986
- 496 655
- 497 547
- 498 713
- 500 957
- 500 750
- 501 796
- 502 601
- 503 922
- 503 599
- 504 780
- 507 840
- 507 932
- 508 841
- 510 708
- 511 730
- 513 870
- 513 678
- 514 691
- 515 916
- 516 962
- 517 746
- 518 784
- 518 898
- 519 941
- 520 900
- 520 679
- 521 836
- 524 883
- 524 991
- 526 998
- 528 863
- 528 897
- 529 880
- 529 698
- 530 927
- 530 712
- 531 856
- 532 579
- 534 914
- 534 882
- 535 769
- 536 961
- 536 768
- 537 624
- 538 775
- 539 823
- 542 551
- 548 783
- 550 856
- 550 995
- 552 1000
- 552 936
- 553 864
- 556 873
- 557 849
- 557 921
- 558 629
- 558 876
- 559 702
- 560 709
- 568 898
- 569 923
- 572 630
- 573 668
- 573 621
- 575 820
- 576 758
- 577 629
- 577 984
- 578 632
- 580 807
- 583 976
- 584 875
- 585 653
- 586 888
- 589 618
- 590 728
- 590 648
- 591 673
- 592 797
- 593 778
- 594 934
- 594 863
- 595 855
- 596 651
- 597 660
- 598 951
- 598 716
- 599 739
- 600 781
- 600 641
- 603 758
- 603 990
- 604 959
- 605 821
- 606 787
- 607 659
- 608 963
- 608 626
- 611 744
- 612 645
- 612 801
- 614 782
- 614 694
- 615 928
- 615 639
- 617 704
- 619 784
- 620 829
- 620 671
- 622 882
- 623 662
- 623 900
- 624 675
- 625 978
- 628 980
- 630 874
- 633 738
- 633 808
- 636 791
- 636 868
- 637 827
- 637 798
- 638 742
- 640 686
- 640 951
- 642 876
- 643 828
- 644 997
- 647 884
- 649 764
- 652 958
- 652 981
- 653 910
- 655 952
- 656 764
- 656 850
- 657 872
- 657 907
- 660 917
- 664 895
- 665 939
- 666 790
- 672 905
- 672 708
- 674 838
- 676 983
- 677 792
- 679 778
- 680 960
- 681 689
- 682 845
- 684 750
- 687 833
- 689 903
- 691 777
- 693 749
- 696 821
- 696 909
- 697 927
- 697 872
- 698 950
- 699 955
- 700 849
- 701 887
- 704 728
- 705 912
- 706 816
- 706 752
- 707 807
- 710 887
- 710 896
- 712 886
- 714 996
- 715 953
- 715 956
- 717 774
- 718 795
- 718 964
- 719 966
- 721 765
- 721 789
- 722 727
- 722 794
- 727 779
- 729 997
- 732 816
- 732 760
- 733 745
- 734 839
- 737 930
- 738 806
- 740 836
- 744 924
- 745 940
- 746 761
- 751 873
- 753 888
- 753 918
- 754 804
- 765 925
- 767 982
- 770 949
- 770 910
- 771 893
- 773 838
- 773 785
- 776 851
- 780 994
- 781 945
- 785 828
- 786 934
- 786 859
- 788 975
- 798 865
- 799 1000
- 799 803
- 803 829
- 805 809
- 808 941
- 811 970
- 813 942
- 814 841
- 815 946
- 830 915
- 831 837
- 833 986
- 834 969
- 835 989
- 844 921
- 852 871
- 867 931
- 877 889
- 877 977
- 878 919
- 884 987
- 893 925
- 894 978
- 896 935
- 899 914
- 906 974
- 911 924
- 913 933
- 919 993
- 932 985
- 937 985
- 938 956
- 948 954
- 961 971
- 975 983
+ 978 989
+ 966 1000
+ 936 968
+ 930 957
+ 929 946
+ 928 977
+ 924 985
+ 922 929
+ 921 962
+ 909 923
+ 884 969
+ 876 935
+ 875 950
+ 873 887
+ 869 893
+ 866 954
+ 865 938
+ 864 965
+ 864 907
+ 862 955
+ 860 999
+ 860 915
+ 858 888
+ 858 863
+ 850 997
+ 843 906
+ 842 992
+ 841 922
+ 841 972
+ 837 880
+ 837 982
+ 836 874
+ 834 923
+ 831 998
+ 829 852
+ 827 986
+ 823 913
+ 821 953
+ 812 957
+ 810 856
+ 807 996
+ 806 917
+ 804 887
+ 802 877
+ 800 991
+ 798 880
+ 797 869
+ 796 908
+ 793 964
+ 792 824
+ 791 806
+ 789 995
+ 788 913
+ 779 917
+ 777 962
+ 774 1000
+ 771 803
+ 767 824
+ 766 994
+ 765 892
+ 764 856
+ 763 781
+ 762 828
+ 758 846
+ 756 902
+ 755 760
+ 754 777
+ 754 926
+ 751 959
+ 750 838
+ 748 832
+ 746 981
+ 744 764
+ 737 973
+ 735 934
+ 735 988
+ 734 925
+ 733 847
+ 732 928
+ 730 891
+ 727 794
+ 723 876
+ 722 901
+ 721 739
+ 718 813
+ 717 970
+ 717 766
+ 715 976
+ 713 750
+ 713 814
+ 709 731
+ 708 845
+ 707 933
+ 704 844
+ 703 831
+ 701 878
+ 698 702
+ 696 938
+ 691 874
+ 691 863
+ 687 747
+ 687 898
+ 686 785
+ 686 927
+ 685 838
+ 685 753
+ 682 854
+ 681 871
+ 678 850
+ 677 911
+ 676 722
+ 674 776
+ 674 948
+ 673 884
+ 673 816
+ 671 936
+ 671 683
+ 670 697
+ 667 974
+ 666 979
+ 665 947
+ 665 816
+ 664 851
+ 663 997
+ 663 991
+ 662 768
+ 662 984
+ 659 721
+ 658 797
+ 655 939
+ 655 711
+ 653 983
+ 653 976
+ 652 900
+ 651 805
+ 649 977
+ 648 796
+ 647 747
+ 645 778
+ 643 741
+ 643 669
+ 642 846
+ 640 759
+ 639 867
+ 639 844
+ 637 883
+ 635 792
+ 635 692
+ 634 715
+ 633 699
+ 630 648
+ 629 905
+ 625 820
+ 623 954
+ 619 622
+ 617 958
+ 616 706
+ 615 771
+ 611 656
+ 609 623
+ 606 942
+ 605 960
+ 601 621
+ 601 902
+ 600 728
+ 599 683
+ 598 826
+ 596 748
+ 595 695
+ 594 666
+ 593 963
+ 591 789
+ 591 642
+ 590 943
+ 583 857
+ 583 897
+ 582 921
+ 581 790
+ 580 732
+ 578 980
+ 578 628
+ 577 638
+ 576 801
+ 575 745
+ 575 951
+ 574 608
+ 574 943
+ 573 688
+ 570 724
+ 569 596
+ 568 587
+ 562 660
+ 561 729
+ 559 584
+ 558 645
+ 556 974
+ 555 815
+ 554 786
+ 553 763
+ 551 590
+ 548 592
+ 547 988
+ 546 603
+ 546 644
+ 544 644
+ 542 734
+ 541 990
+ 538 610
+ 537 585
+ 537 714
+ 536 701
+ 535 626
+ 535 752
+ 534 833
+ 533 586
+ 532 986
+ 531 620
+ 531 853
+ 530 870
+ 529 669
+ 528 746
+ 528 891
+ 527 897
+ 525 852
+ 525 770
+ 524 975
+ 524 817
+ 523 641
+ 523 812
+ 522 624
+ 522 788
+ 521 602
+ 521 926
+ 519 911
+ 519 882
+ 518 552
+ 518 865
+ 517 558
+ 516 960
+ 515 752
+ 515 799
+ 513 839
+ 512 937
+ 510 761
+ 509 617
+ 508 566
+ 507 739
+ 506 718
+ 504 853
+ 503 672
+ 502 716
+ 501 646
+ 501 514
+ 500 965
+ 499 737
+ 497 700
+ 496 890
+ 495 586
+ 494 955
+ 492 870
+ 490 705
+ 489 725
+ 488 724
+ 486 982
+ 486 912
+ 485 757
+ 485 993
+ 484 638
+ 483 989
+ 483 961
+ 481 932
+ 481 900
+ 480 580
+ 479 489
+ 478 659
+ 477 720
+ 476 661
+ 475 946
+ 474 477
+ 474 825
+ 473 536
+ 473 761
+ 472 500
+ 472 742
+ 471 963
+ 471 731
+ 470 889
+ 468 822
+ 468 679
+ 467 684
+ 466 818
+ 465 756
+ 463 794
+ 462 749
+ 462 514
+ 461 971
+ 460 695
+ 459 875
+ 459 809
+ 458 605
+ 457 593
+ 457 492
+ 456 931
+ 456 881
+ 455 680
+ 454 738
+ 452 520
+ 451 668
+ 450 719
+ 450 956
+ 449 613
+ 449 975
+ 448 631
+ 447 795
+ 446 705
+ 446 679
+ 445 778
+ 444 622
+ 443 512
+ 443 628
+ 442 768
+ 442 506
+ 441 843
+ 440 693
+ 439 945
+ 438 482
+ 437 502
+ 436 952
+ 435 769
+ 435 934
+ 434 566
+ 433 780
+ 432 840
+ 432 600
+ 430 901
+ 427 905
+ 426 833
+ 425 555
+ 425 561
+ 424 496
+ 423 781
+ 423 498
+ 422 740
+ 421 634
+ 419 969
+ 419 973
+ 417 953
+ 416 529
+ 416 845
+ 415 549
+ 415 867
+ 413 964
+ 412 420
+ 411 559
+ 410 972
+ 410 611
+ 409 507
+ 408 588
+ 406 851
+ 406 762
+ 405 511
+ 403 632
+ 402 608
+ 401 886
+ 401 621
+ 400 690
+ 399 582
+ 397 702
+ 396 409
+ 395 636
+ 395 773
+ 394 475
+ 393 883
+ 393 819
+ 392 563
+ 391 703
+ 389 760
+ 388 553
+ 388 585
+ 387 786
+ 386 899
+ 385 769
+ 384 404
+ 384 453
+ 383 767
+ 382 808
+ 382 398
+ 381 935
+ 381 694
+ 380 414
+ 379 646
+ 379 835
+ 378 551
+ 377 827
+ 376 915
+ 376 848
+ 375 467
+ 375 413
+ 374 903
+ 374 835
+ 373 616
+ 372 589
+ 370 378
+ 369 842
+ 369 787
+ 368 924
+ 367 532
+ 367 539
+ 365 825
+ 364 995
+ 361 476
+ 360 658
+ 359 859
+ 357 437
+ 356 548
+ 355 412
+ 355 723
+ 354 811
+ 354 784
+ 353 436
+ 351 970
+ 351 882
+ 350 661
+ 349 819
+ 349 689
+ 348 820
+ 348 581
+ 347 871
+ 346 918
+ 346 400
+ 345 597
+ 345 978
+ 343 520
+ 343 618
+ 342 493
+ 341 690
+ 341 811
+ 340 682
+ 340 823
+ 339 469
+ 337 861
+ 336 971
+ 336 813
+ 335 625
+ 334 636
+ 334 968
+ 333 397
+ 332 855
+ 332 910
+ 331 479
+ 330 753
+ 330 396
+ 329 939
+ 329 427
+ 328 550
+ 328 568
+ 327 787
+ 327 405
+ 326 959
+ 326 540
+ 324 550
+ 324 930
+ 323 510
+ 323 615
+ 321 704
+ 320 598
+ 320 422
+ 319 672
+ 319 587
+ 318 482
+ 318 681
+ 317 925
+ 317 358
+ 316 495
+ 316 809
+ 315 898
+ 315 862
+ 314 694
+ 314 652
+ 313 584
+ 312 908
+ 312 620
+ 311 848
+ 311 892
+ 310 394
+ 310 984
+ 309 371
+ 308 563
+ 307 904
+ 306 573
+ 305 657
+ 304 491
+ 304 421
+ 302 903
+ 301 572
+ 300 706
+ 300 927
+ 299 949
+ 298 299
+ 297 807
+ 297 565
+ 296 424
+ 296 516
+ 295 488
+ 295 832
+ 294 344
+ 292 527
+ 291 709
+ 290 353
+ 290 919
+ 289 399
+ 289 526
+ 288 950
+ 288 619
+ 287 545
+ 285 339
+ 284 567
+ 283 996
+ 282 543
+ 281 782
+ 281 776
+ 280 885
+ 279 795
+ 278 597
+ 278 533
+ 277 983
+ 277 606
+ 276 508
+ 275 595
+ 274 306
+ 274 783
+ 272 431
+ 272 952
+ 271 637
+ 271 784
+ 270 322
+ 270 893
+ 268 313
+ 268 744
+ 267 918
+ 266 765
+ 265 357
+ 265 362
+ 264 822
+ 264 624
+ 263 919
+ 261 612
+ 260 859
+ 259 948
+ 258 866
+ 258 779
+ 257 627
+ 257 896
+ 256 712
+ 255 791
+ 254 647
+ 253 855
+ 252 445
+ 251 480
+ 251 890
+ 250 579
+ 249 992
+ 249 493
+ 247 564
+ 247 868
+ 246 836
+ 245 491
+ 244 894
+ 244 356
+ 243 461
+ 243 430
+ 242 712
+ 241 260
+ 241 392
+ 240 656
+ 240 380
+ 239 557
+ 239 738
+ 238 439
+ 238 726
+ 237 469
+ 237 366
+ 236 736
+ 235 444
+ 234 263
+ 234 942
+ 233 569
+ 233 815
+ 232 780
+ 232 344
+ 231 736
+ 230 877
+ 228 230
+ 228 431
+ 227 333
+ 226 728
+ 225 273
+ 224 854
+ 224 630
+ 223 751
+ 222 387
+ 221 873
+ 221 464
+ 220 817
+ 219 633
+ 219 560
+ 218 958
+ 218 540
+ 217 342
+ 216 305
+ 216 879
+ 215 899
+ 214 912
+ 214 680
+ 213 262
+ 213 365
+ 212 678
+ 212 215
+ 211 745
+ 210 759
+ 210 627
+ 209 363
+ 208 408
+ 208 966
+ 207 849
+ 207 262
+ 206 227
+ 206 398
+ 205 944
+ 205 670
+ 204 404
+ 204 940
+ 202 331
+ 202 990
+ 201 402
+ 201 407
+ 200 594
+ 200 287
+ 199 418
+ 199 945
+ 198 389
+ 198 618
+ 197 571
+ 197 505
+ 196 464
+ 195 554
+ 195 544
+ 194 772
+ 194 487
+ 193 226
+ 193 235
+ 192 220
+ 192 830
+ 191 373
+ 191 452
+ 190 755
+ 190 433
+ 189 309
+ 187 782
+ 186 889
+ 186 256
+ 185 428
+ 185 307
+ 184 391
+ 184 650
+ 183 888
+ 183 937
+ 182 448
+ 182 881
+ 181 470
+ 180 914
+ 180 878
+ 179 743
+ 179 292
+ 178 298
+ 178 223
+ 177 503
+ 177 188
+ 176 181
+ 175 538
+ 175 775
+ 174 839
+ 174 742
+ 173 337
+ 173 802
+ 172 849
+ 172 187
+ 171 896
+ 171 829
+ 170 371
+ 170 279
+ 169 803
+ 168 291
+ 168 513
+ 167 211
+ 167 196
+ 166 790
+ 166 273
+ 165 246
+ 164 714
+ 164 933
+ 163 322
+ 163 916
+ 162 654
+ 162 785
+ 161 650
+ 160 509
+ 160 276
+ 159 517
+ 159 248
+ 158 454
+ 157 255
+ 157 818
+ 156 429
+ 156 614
+ 155 266
+ 155 741
+ 154 499
+ 154 487
+ 153 607
+ 153 588
+ 152 857
+ 152 451
+ 151 250
+ 151 719
+ 150 949
+ 149 613
+ 148 808
+ 148 725
+ 147 414
+ 147 872
+ 145 689
+ 145 361
+ 144 420
+ 144 229
+ 143 710
+ 143 428
+ 142 547
+ 142 245
+ 141 956
+ 141 169
+ 140 951
+ 140 303
+ 139 572
+ 139 904
+ 138 248
+ 138 886
+ 137 541
+ 137 801
+ 136 907
+ 135 301
+ 134 465
+ 133 505
+ 133 592
+ 132 999
+ 132 286
+ 131 254
+ 131 364
+ 130 417
+ 130 654
+ 129 284
+ 129 944
+ 128 282
+ 127 895
+ 127 726
+ 126 772
+ 126 941
+ 125 203
+ 125 603
+ 124 987
+ 124 710
+ 123 542
+ 123 372
+ 122 161
+ 122 562
+ 121 283
+ 121 614
+ 120 576
+ 120 490
+ 119 610
+ 119 253
+ 118 677
+ 118 909
+ 117 359
+ 117 868
+ 116 783
+ 116 269
+ 115 571
+ 114 696
+ 114 352
+ 113 981
+ 113 641
+ 112 757
+ 111 906
+ 111 115
+ 110 325
+ 110 577
+ 109 280
+ 109 947
+ 108 165
+ 108 749
+ 107 543
+ 107 730
+ 106 729
+ 106 325
+ 105 805
+ 105 708
+ 104 498
+ 103 698
+ 102 998
+ 102 189
+ 101 293
+ 101 940
+ 100 560
+ 100 604
+ 99 692
+ 99 707
+ 98 222
+ 98 530
+ 97 539
+ 97 362
+ 96 104
+ 96 511
+ 95 931
+ 95 657
+ 94 828
+ 93 552
+ 93 426
+ 92 294
+ 92 466
+ 91 188
+ 91 134
+ 90 894
+ 90 146
+ 89 626
+ 89 366
+ 88 549
+ 88 176
+ 87 920
+ 86 993
+ 86 799
+ 85 688
+ 85 668
+ 84 980
+ 84 793
+ 83 275
+ 83 667
+ 82 303
+ 81 363
+ 81 743
+ 80 910
+ 80 804
+ 79 82
+ 78 447
+ 78 700
+ 77 534
+ 76 411
+ 76 814
+ 75 602
+ 75 920
+ 74 504
+ 74 774
+ 73 545
+ 72 383
+ 72 94
+ 71 557
+ 71 403
+ 70 632
+ 69 861
+ 69 418
+ 68 360
+ 68 335
+ 67 150
+ 67 217
+ 66 203
+ 66 261
+ 65 961
+ 65 567
+ 64 895
+ 64 798
+ 63 370
+ 63 987
+ 62 727
+ 61 463
+ 60 350
+ 60 285
+ 59 810
+ 59 293
+ 58 61
+ 58 458
+ 57 321
+ 57 631
+ 56 994
+ 56 128
+ 55 438
+ 54 604
+ 54 390
+ 53 242
+ 52 916
+ 52 77
+ 51 773
+ 51 460
+ 50 478
+ 50 699
+ 49 914
+ 49 649
+ 48 267
+ 48 609
+ 47 830
+ 47 733
+ 46 932
+ 46 675
+ 45 697
+ 45 740
+ 44 390
+ 44 73
+ 43 484
+ 41 847
+ 41 229
+ 40 834
+ 40 55
+ 39 800
+ 39 651
+ 38 599
+ 38 565
+ 37 607
+ 37 967
+ 36 146
+ 36 675
+ 35 42
+ 35 70
+ 34 684
+ 34 821
+ 33 640
+ 33 629
+ 32 79
+ 32 526
+ 31 87
+ 31 407
+ 30 358
+ 30 879
+ 29 770
+ 29 338
+ 28 352
+ 28 440
+ 27 158
+ 27 43
+ 26 716
+ 26 967
+ 25 53
+ 25 720
+ 24 225
+ 24 676
+ 23 62
+ 23 840
+ 22 985
+ 22 135
+ 21 259
+ 21 497
+ 20 136
+ 20 209
+ 19 385
+ 19 570
+ 18 564
+ 18 758
+ 17 556
+ 17 434
+ 16 494
+ 16 612
+ 15 103
+ 15 302
+ 14 664
+ 14 589
+ 13 885
+ 13 286
+ 12 42
+ 12 231
+ 11 826
+ 11 308
+ 10 386
+ 10 441
+ 9 338
+ 9 252
+ 8 579
+ 8 429
+ 7 775
+ 7 269
+ 6 455
+ 6 979
+ 5 872
+ 5 711
+ 4 236
+ 4 112
+ 3 660
+ 3 941
+ 2 693
+ 2 377
- 1 453
- 1 384
- 1 404
- 1 204
- 1 940
- 1 101
- 1 293
- 1 59
- 1 810
- 1 856
- 1 764
- 1 744
- 1 268
- 1 313
- 1 584
- 1 559
- 1 411
- 1 76
- 1 814
- 1 713
- 1 750
- 1 838
- 1 685
- 1 753
- 1 330
- 1 396
- 1 409
- 1 507
- 1 739
- 1 721
- 1 659
- 1 478
- 1 50
- 1 699
- 1 633
- 1 219
- 1 560
- 1 100
- 1 604
- 1 54
- 1 390
- 1 44
- 1 73
- 1 545
- 1 287
- 1 200
- 1 594
- 1 666
- 1 979
- 1 6
- 1 455
- 1 680
- 1 214
- 1 912
- 1 486
- 1 982
- 1 837
- 1 880
- 1 798
- 1 64
- 1 895
- 1 127
- 1 726
- 1 238
- 1 439
- 1 945
- 1 199
- 1 418
- 1 69
- 1 861
- 1 337
- 1 173
- 1 802
- 1 877
- 1 230
- 1 228
- 1 431
- 1 272
- 1 952
- 1 436
- 1 353
- 1 290
- 1 919
- 1 263
- 1 234
- 1 942
- 1 606
- 1 277
- 1 983
- 1 653
- 1 976
- 1 715
- 1 634
- 1 421
- 1 304
- 1 491
- 1 245
- 1 142
- 1 547
- 1 988
- 1 735
- 1 934
- 1 435
- 1 769
- 1 385
- 1 19
- 1 570
- 1 724
- 1 488
- 1 295
- 1 832
- 1 748
- 1 596
- 1 569
- 1 233
- 1 815
- 1 555
- 1 425
- 1 561
- 1 729
- 1 106
- 1 325
- 1 110
- 1 577
- 1 638
- 1 484
- 1 43
- 1 27
- 1 158
- 1 454
- 1 738
- 1 239
- 1 557
- 1 71
- 1 403
- 1 632
- 1 70
- 1 35
- 1 42
- 1 12
- 1 231
- 1 736
- 1 236
- 1 4
- 1 112
- 1 757
- 1 485
- 1 993
- 1 86
- 1 799
- 1 515
- 1 752
- 1 535
- 1 626
- 1 89
- 1 366
- 1 237
- 1 469
- 1 339
- 1 285
- 1 60
- 1 350
- 1 661
- 1 476
- 1 361
- 1 145
- 1 689
- 1 349
- 1 819
- 1 393
- 1 883
- 1 637
- 1 271
- 1 784
- 1 354
- 1 811
- 1 341
- 1 690
- 1 400
- 1 346
- 1 918
- 1 267
- 1 48
- 1 609
- 1 623
- 1 954
- 1 866
- 1 258
- 1 779
- 1 917
- 1 806
- 1 791
- 1 255
- 1 157
- 1 818
- 1 466
- 1 92
- 1 294
- 1 344
- 1 232
- 1 780
- 1 433
- 1 190
- 1 755
- 1 760
- 1 389
- 1 198
- 1 618
- 1 343
- 1 520
- 1 452
- 1 191
- 1 373
- 1 616
- 1 706
- 1 300
- 1 927
- 1 686
- 1 785
- 1 162
- 1 654
- 1 130
- 1 417
- 1 953
- 1 821
- 1 34
- 1 684
- 1 467
- 1 375
- 1 413
- 1 964
- 1 793
- 1 84
- 1 980
- 1 578
- 1 628
- 1 443
- 1 512
- 1 937
- 1 183
- 1 888
- 1 858
- 1 863
- 1 691
- 1 874
- 1 836
- 1 246
- 1 165
- 1 108
- 1 749
- 1 462
- 1 514
- 1 501
- 1 646
- 1 379
- 1 835
- 1 374
- 1 903
- 1 302
- 1 15
- 1 103
- 1 698
- 1 702
- 1 397
- 1 333
- 1 227
- 1 206
- 1 398
- 1 382
- 1 808
- 1 148
- 1 725
- 1 489
- 1 479
- 1 331
- 1 202
- 1 990
- 1 541
- 1 137
- 1 801
- 1 576
- 1 120
- 1 490
- 1 705
- 1 446
- 1 679
- 1 468
- 1 822
- 1 264
- 1 624
- 1 522
- 1 788
- 1 913
- 1 823
- 1 340
- 1 682
- 1 854
- 1 224
- 1 630
- 1 648
- 1 796
- 1 908
- 1 312
- 1 620
- 1 531
- 1 853
- 1 504
- 1 74
- 1 774
- 1 1000
- 1 966
- 1 208
- 1 408
- 1 588
- 1 153
- 1 607
- 1 37
- 1 967
- 1 26
- 1 716
- 1 502
- 1 437
- 1 357
- 1 265
- 1 362
- 1 97
- 1 539
- 1 367
- 1 532
- 1 986
- 1 827
- 1 377
- 1 2
- 1 693
- 1 440
- 1 28
- 1 352
- 1 114
- 1 696
- 1 938
- 1 865
- 1 518
- 1 552
- 1 93
- 1 426
- 1 833
- 1 534
- 1 77
- 1 52
- 1 916
- 1 163
- 1 322
- 1 270
- 1 893
- 1 869
- 1 797
- 1 658
- 1 360
- 1 68
- 1 335
- 1 625
- 1 820
- 1 348
- 1 581
- 1 790
- 1 166
- 1 273
- 1 225
- 1 24
- 1 676
- 1 722
- 1 901
- 1 430
- 1 243
- 1 461
- 1 971
- 1 336
- 1 813
- 1 718
- 1 506
- 1 442
- 1 768
- 1 662
- 1 984
- 1 310
- 1 394
- 1 475
- 1 946
- 1 929
- 1 922
- 1 841
- 1 972
- 1 410
- 1 611
- 1 656
- 1 240
- 1 380
- 1 414
- 1 147
- 1 872
- 1 5
- 1 711
- 1 655
- 1 939
- 1 329
- 1 427
- 1 905
- 1 629
- 1 33
- 1 640
- 1 759
- 1 210
- 1 627
- 1 257
- 1 896
- 1 171
- 1 829
- 1 852
- 1 525
- 1 770
- 1 29
- 1 338
- 1 9
- 1 252
- 1 445
- 1 778
- 1 645
- 1 558
- 1 517
- 1 159
- 1 248
- 1 138
- 1 886
- 1 401
- 1 621
- 1 601
- 1 902
- 1 756
- 1 465
- 1 134
- 1 91
- 1 188
- 1 177
- 1 503
- 1 672
- 1 319
- 1 587
- 1 568
- 1 328
- 1 550
- 1 324
- 1 930
- 1 957
- 1 812
- 1 523
- 1 641
- 1 113
- 1 981
- 1 746
- 1 528
- 1 891
- 1 730
- 1 107
- 1 543
- 1 282
- 1 128
- 1 56
- 1 994
- 1 766
- 1 717
- 1 970
- 1 351
- 1 882
- 1 519
- 1 911
- 1 677
- 1 118
- 1 909
- 1 923
- 1 834
- 1 40
- 1 55
- 1 438
- 1 482
- 1 318
- 1 681
- 1 871
- 1 149
- 1 613
- 1 449
- 1 975
- 1 524
- 1 817
- 1 220
- 1 192
- 1 830
- 1 47
- 1 733
- 1 847
- 1 41
- 1 229
- 1 144
- 1 420
- 1 412
- 1 355
- 1 723
- 1 876
- 1 935
- 1 381
- 1 694
- 1 314
- 1 652
- 1 900
- 1 481
- 1 932
- 1 46
- 1 675
- 1 36
- 1 146
- 1 90
- 1 894
- 1 244
- 1 356
- 1 548
- 1 592
- 1 133
- 1 505
- 1 197
- 1 571
- 1 115
- 1 111
- 1 906
- 1 843
- 1 441
- 1 10
- 1 386
- 1 899
- 1 215
- 1 212
- 1 678
- 1 850
- 1 997
- 1 663
- 1 991
- 1 800
- 1 39
- 1 651
- 1 805
- 1 105
- 1 708
- 1 845
- 1 416
- 1 529
- 1 669
- 1 643
- 1 741
- 1 155
- 1 266
- 1 765
- 1 892
- 1 311
- 1 848
- 1 376
- 1 915
- 1 860
- 1 999
- 1 132
- 1 286
- 1 13
- 1 885
- 1 280
- 1 109
- 1 947
- 1 665
- 1 816
- 1 673
- 1 884
- 1 969
- 1 419
- 1 973
- 1 737
- 1 499
- 1 154
- 1 487
- 1 194
- 1 772
- 1 126
- 1 941
- 1 3
- 1 660
- 1 562
- 1 122
- 1 161
- 1 650
- 1 184
- 1 391
- 1 703
- 1 831
- 1 998
- 1 102
- 1 189
- 1 309
- 1 371
- 1 170
- 1 279
- 1 795
- 1 447
- 1 78
- 1 700
- 1 497
- 1 21
- 1 259
- 1 948
- 1 674
- 1 776
- 1 281
- 1 782
- 1 187
- 1 172
- 1 849
- 1 207
- 1 262
- 1 213
- 1 365
- 1 825
- 1 474
- 1 477
- 1 720
- 1 25
- 1 53
- 1 242
- 1 712
- 1 256
- 1 186
- 1 889
- 1 470
- 1 181
- 1 176
- 1 88
- 1 549
- 1 415
- 1 867
- 1 639
- 1 844
- 1 704
- 1 321
- 1 57
- 1 631
- 1 448
- 1 182
- 1 881
- 1 456
- 1 931
- 1 95
- 1 657
- 1 305
- 1 216
- 1 879
- 1 30
- 1 358
- 1 317
- 1 925
- 1 734
- 1 542
- 1 123
- 1 372
- 1 589
- 1 14
- 1 664
- 1 851
- 1 406
- 1 762
- 1 828
- 1 94
- 1 72
- 1 383
- 1 767
- 1 824
- 1 792
- 1 635
- 1 692
- 1 99
- 1 707
- 1 933
- 1 164
- 1 714
- 1 537
- 1 585
- 1 388
- 1 553
- 1 763
- 1 781
- 1 423
- 1 498
- 1 104
- 1 96
- 1 511
- 1 405
- 1 327
- 1 787
- 1 369
- 1 842
- 1 992
- 1 249
- 1 493
- 1 342
- 1 217
- 1 67
- 1 150
- 1 949
- 1 299
- 1 298
- 1 178
- 1 223
- 1 751
- 1 959
- 1 326
- 1 540
- 1 218
- 1 958
- 1 617
- 1 509
- 1 160
- 1 276
- 1 508
- 1 566
- 1 434
- 1 17
- 1 556
- 1 974
- 1 667
- 1 83
- 1 275
- 1 595
- 1 695
- 1 460
- 1 51
- 1 773
- 1 395
- 1 636
- 1 334
- 1 968
- 1 936
- 1 671
- 1 683
- 1 599
- 1 38
- 1 565
- 1 297
- 1 807
- 1 996
- 1 283
- 1 121
- 1 614
- 1 156
- 1 429
- 1 8
- 1 579
- 1 250
- 1 151
- 1 719
- 1 450
- 1 956
- 1 141
- 1 169
- 1 803
- 1 771
- 1 615
- 1 323
- 1 510
- 1 761
- 1 473
- 1 536
- 1 701
- 1 878
- 1 180
- 1 914
- 1 49
- 1 649
- 1 977
- 1 928
- 1 732
- 1 580
- 1 480
- 1 251
- 1 890
- 1 496
- 1 424
- 1 296
- 1 516
- 1 960
- 1 605
- 1 458
- 1 58
- 1 61
- 1 463
- 1 794
- 1 727
- 1 62
- 1 23
- 1 840
- 1 432
- 1 600
- 1 728
- 1 226
- 1 193
- 1 235
- 1 444
- 1 622
- 1 619
- 1 288
- 1 950
- 1 875
- 1 459
- 1 809
- 1 316
- 1 495
- 1 586
- 1 533
- 1 278
- 1 597
- 1 345
- 1 978
- 1 989
- 1 483
- 1 961
- 1 65
- 1 567
- 1 284
- 1 129
- 1 944
- 1 205
- 1 670
- 1 697
- 1 45
- 1 740
- 1 422
- 1 320
- 1 598
- 1 826
- 1 11
- 1 308
- 1 563
- 1 392
- 1 241
- 1 260
- 1 859
- 1 359
- 1 117
- 1 868
- 1 247
- 1 564
- 1 18
- 1 758
- 1 846
- 1 642
- 1 591
- 1 789
- 1 995
- 1 364
- 1 131
- 1 254
- 1 647
- 1 747
- 1 687
- 1 898
- 1 315
- 1 862
- 1 955
- 1 494
- 1 16
- 1 612
- 1 261
- 1 66
- 1 203
- 1 125
- 1 603
- 1 546
- 1 644
- 1 544
- 1 195
- 1 554
- 1 786
- 1 387
- 1 222
- 1 98
- 1 530
- 1 870
- 1 492
- 1 457
- 1 593
- 1 963
- 1 471
- 1 731
- 1 709
- 1 291
- 1 168
- 1 513
- 1 839
- 1 174
- 1 742
- 1 472
- 1 500
- 1 965
- 1 864
- 1 907
- 1 136
- 1 20
- 1 209
- 1 363
- 1 81
- 1 743
- 1 179
- 1 292
- 1 527
- 1 897
- 1 583
- 1 857
- 1 152
- 1 451
- 1 668
- 1 85
- 1 688
- 1 573
- 1 306
- 1 274
- 1 783
- 1 116
- 1 269
- 1 7
- 1 775
- 1 175
- 1 538
- 1 610
- 1 119
- 1 253
- 1 855
- 1 332
- 1 910
- 1 80
- 1 804
- 1 887
- 1 873
- 1 221
- 1 464
- 1 196
- 1 167
- 1 211
- 1 745
- 1 575
- 1 951
- 1 140
- 1 303
- 1 82
- 1 79
- 1 32
- 1 526
- 1 289
- 1 399
- 1 582
- 1 921
- 1 962
- 1 777
- 1 754
- 1 926
- 1 521
- 1 602
- 1 75
- 1 920
- 1 87
- 1 31
- 1 407
- 1 201
- 1 402
- 1 608
- 1 574
- 1 943
- 1 590
- 1 551
- 1 378
- 1 370
- 1 63
- 1 987
- 1 124
- 1 710
- 1 143
- 1 428
- 1 185
- 1 307
- 1 904
- 1 139
- 1 572
- 1 301
- 1 135
- 1 22
- 1 985
- 924 1
