3988
+ 1 322
+ 1 351
+ 1 39
+ 1 35
+ 1 794
+ 1 465
+ 1 706
+ 1 440
+ 1 305
+ 1 899
+ 1 702
+ 1 795
+ 1 807
+ 1 881
+ 1 457
+ 1 932
+ 1 912
+ 1 120
+ 1 830
+ 1 193
+ 1 109
+ 1 515
+ 1 425
+ 1 652
+ 1 734
+ 1 685
+ 1 520
+ 1 761
+ 1 347
+ 1 461
+ 1 570
+ 1 680
+ 1 691
+ 1 586
+ 1 337
+ 1 544
+ 1 325
+ 1 737
+ 1 481
+ 1 959
+ 1 69
+ 1 696
+ 1 886
+ 1 891
+ 1 110
+ 1 9
+ 1 65
+ 1 921
+ 1 788
+ 1 16
+ 1 266
+ 1 840
+ 1 382
+ 1 992
+ 1 408
+ 1 550
+ 1 163
+ 1 998
+ 1 87
+ 1 280
+ 1 201
+ 1 846
+ 1 635
+ 1 896
+ 1 341
+ 1 644
+ 1 803
+ 1 240
+ 1 187
+ 1 988
+ 1 559
+ 1 920
+ 1 444
+ 1 887
+ 1 124
+ 1 482
+ 1 197
+ 1 877
+ 1 288
+ 1 971
+ 1 957
+ 1 100
+ 1 892
+ 1 653
+ 1 396
+ 1 57
+ 1 725
+ 1 455
+ 1 735
+ 1 296
+ 1 210
+ 1 682
+ 1 352
+ 1 571
+ 1 17
+ 1 782
+ 1 804
+ 1 348
+ 1 940
+ 1 30
+ 1 879
+ 1 721
+ 1 572
+ 1 961
+ 1 26
+ 1 205
+ 1 669
+ 1 778
+ 1 183
+ 1 78
+ 1 383
+ 1 512
+ 1 133
+ 1 823
+ 1 553
+ 1 37
+ 1 456
+ 1 208
+ 1 453
+ 1 749
+ 1 640
+ 1 615
+ 1 805
+ 1 173
+ 1 999
+ 1 687
+ 1 377
+ 1 222
+ 1 36
+ 1 903
+ 1 949
+ 1 95
+ 1 826
+ 1 167
+ 1 32
+ 1 820
+ 1 529
+ 1 569
+ 1 541
+ 1 436
+ 1 29
+ 1 235
+ 1 567
+ 1 597
+ 1 493
+ 1 832
+ 1 763
+ 1 410
+ 1 675
+ 1 495
+ 1 964
+ 1 378
+ 1 775
+ 1 321
+ 1 243
+ 1 13
+ 1 466
+ 1 694
+ 1 476
+ 1 252
+ 1 395
+ 1 765
+ 1 189
+ 1 451
+ 1 184
+ 1 217
+ 1 59
+ 1 51
+ 1 88
+ 1 539
+ 1 819
+ 1 989
+ 1 454
+ 1 389
+ 1 773
+ 1 349
+ 1 126
+ 1 972
+ 1 560
+ 1 910
+ 1 467
+ 1 406
+ 1 743
+ 1 420
+ 1 689
+ 1 308
+ 1 251
+ 1 292
+ 1 858
+ 1 223
+ 1 636
+ 1 492
+ 1 312
+ 1 147
+ 1 371
+ 1 7
+ 1 825
+ 1 151
+ 1 928
+ 1 58
+ 1 663
+ 1 592
+ 1 137
+ 1 609
+ 1 701
+ 1 397
+ 1 85
+ 1 28
+ 1 430
+ 1 202
+ 1 786
+ 1 374
+ 1 916
+ 1 723
+ 1 662
+ 1 548
+ 1 956
+ 1 115
+ 1 991
+ 1 90
+ 1 657
+ 1 438
+ 1 295
+ 1 42
+ 1 812
+ 1 219
+ 1 213
+ 1 215
+ 1 681
+ 1 769
+ 1 86
+ 1 3
+ 1 41
+ 1 792
+ 1 198
+ 1 861
+ 1 393
+ 1 64
+ 1 733
+ 1 633
+ 1 375
+ 1 118
+ 1 566
+ 1 952
+ 1 809
+ 1 398
+ 1 364
+ 1 209
+ 1 603
+ 1 993
+ 1 661
+ 1 139
+ 1 532
+ 1 704
+ 1 772
+ 1 859
+ 1 399
+ 1 361
+ 1 472
+ 1 564
+ 1 343
+ 1 602
+ 1 950
+ 1 66
+ 1 23
+ 1 942
+ 1 843
+ 1 385
+ 1 798
+ 1 262
+ 1 277
+ 1 589
+ 1 191
+ 1 199
+ 1 547
+ 1 452
+ 1 230
+ 1 617
+ 1 79
+ 1 844
+ 1 875
+ 1 996
+ 1 922
+ 1 894
+ 1 607
+ 1 981
+ 1 584
+ 1 508
+ 1 61
+ 1 131
+ 1 630
+ 1 31
+ 1 394
+ 1 639
+ 1 933
+ 1 228
+ 1 774
+ 1 470
+ 1 756
+ 1 643
+ 1 289
+ 1 755
+ 1 974
+ 1 33
+ 1 162
+ 1 980
+ 1 740
+ 1 517
+ 1 634
+ 1 356
+ 1 847
+ 1 353
+ 1 403
+ 1 93
+ 1 651
+ 1 435
+ 1 152
+ 1 624
+ 1 754
+ 1 229
+ 1 392
+ 1 142
+ 1 731
+ 1 380
+ 1 211
+ 1 329
+ 1 76
+ 1 409
+ 1 525
+ 1 307
+ 1 220
+ 1 985
+ 1 700
+ 1 670
+ 1 535
+ 1 68
+ 1 742
+ 1 642
+ 1 265
+ 1 242
+ 1 273
+ 1 984
+ 1 168
+ 1 746
+ 1 73
+ 1 596
+ 1 165
+ 1 34
+ 1 621
+ 1 779
+ 1 370
+ 1 358
+ 1 175
+ 1 334
+ 1 330
+ 1 483
+ 1 421
+ 1 94
+ 1 893
+ 1 150
+ 1 238
+ 1 546
+ 1 856
+ 1 902
+ 1 135
+ 1 907
+ 1 610
+ 1 628
+ 1 417
+ 1 112
+ 1 157
+ 1 365
+ 1 855
+ 1 880
+ 1 562
+ 1 790
+ 1 433
+ 1 518
+ 1 594
+ 1 527
+ 1 876
+ 1 346
+ 1 121
+ 1 261
+ 1 494
+ 1 70
+ 1 679
+ 1 415
+ 1 181
+ 1 310
+ 1 678
+ 1 934
+ 1 63
+ 1 841
+ 1 134
+ 1 390
+ 1 414
+ 1 89
+ 1 256
+ 1 828
+ 1 946
+ 1 513
+ 1 128
+ 1 500
+ 1 979
+ 1 48
+ 1 170
+ 1 667
+ 1 900
+ 1 327
+ 1 714
+ 1 967
+ 1 789
+ 1 480
+ 1 233
+ 1 507
+ 1 27
+ 1 590
+ 1 391
+ 1 842
+ 1 427
+ 1 883
+ 1 117
+ 1 750
+ 1 315
+ 1 960
+ 1 25
+ 1 573
+ 1 75
+ 1 491
+ 1 253
+ 1 463
+ 1 221
+ 1 502
+ 1 267
+ 1 577
+ 1 166
+ 1 111
+ 1 854
+ 1 869
+ 1 44
+ 1 829
+ 1 145
+ 1 234
+ 1 677
+ 1 82
+ 1 814
+ 1 935
+ 1 138
+ 1 753
+ 1 574
+ 1 939
+ 1 287
+ 1 619
+ 1 530
+ 1 955
+ 1 850
+ 1 671
+ 1 43
+ 1 15
+ 1 437
+ 1 688
+ 1 944
+ 1 851
+ 1 862
+ 1 860
+ 1 300
+ 1 225
+ 1 783
+ 1 373
+ 1 257
+ 1 703
+ 1 336
+ 1 339
+ 1 821
+ 1 504
+ 1 278
+ 1 736
+ 1 674
+ 1 431
+ 1 618
+ 1 114
+ 1 762
+ 1 182
+ 1 54
+ 1 787
+ 1 563
+ 1 929
+ 1 606
+ 1 53
+ 1 645
+ 1 616
+ 1 983
+ 1 713
+ 1 6
+ 1 561
+ 1 249
+ 1 129
+ 1 904
+ 1 802
+ 1 863
+ 1 982
+ 1 443
+ 1 915
+ 1 540
+ 1 80
+ 1 758
+ 1 45
+ 1 20
+ 1 963
+ 1 871
+ 1 274
+ 1 161
+ 1 214
+ 1 232
+ 1 372
+ 1 965
+ 1 710
+ 1 796
+ 1 604
+ 1 268
+ 1 575
+ 1 715
+ 1 976
+ 1 52
+ 1 919
+ 1 781
+ 1 585
+ 1 658
+ 1 526
+ 1 556
+ 1 565
+ 1 811
+ 1 304
+ 1 927
+ 1 306
+ 1 485
+ 1 581
+ 1 745
+ 1 866
+ 1 473
+ 1 185
+ 1 608
+ 1 600
+ 1 407
+ 1 429
+ 1 368
+ 1 254
+ 1 290
+ 1 676
+ 1 158
+ 1 583
+ 1 977
+ 1 995
+ 1 543
+ 1 599
+ 1 613
+ 1 50
+ 1 113
+ 1 200
+ 1 729
+ 1 627
+ 1 488
+ 1 595
+ 1 344
+ 1 913
+ 1 12
+ 1 333
+ 1 342
+ 1 730
+ 1 314
+ 1 248
+ 1 646
+ 1 582
+ 1 271
+ 1 864
+ 1 692
+ 1 741
+ 1 926
+ 1 579
+ 1 936
+ 1 557
+ 1 178
+ 1 328
+ 1 71
+ 1 534
+ 1 340
+ 1 159
+ 1 817
+ 1 18
+ 1 720
+ 1 432
+ 1 697
+ 1 990
+ 1 797
+ 1 558
+ 1 362
+ 1 47
+ 1 914
+ 1 549
+ 1 509
+ 1 244
+ 1 447
+ 1 918
+ 1 738
+ 1 668
+ 1 816
+ 1 612
+ 1 357
+ 1 293
+ 1 474
+ 1 625
+ 1 338
+ 1 323
+ 1 428
+ 1 10
+ 1 477
+ 1 649
+ 1 631
+ 1 196
+ 1 551
+ 1 148
+ 1 911
+ 1 264
+ 1 143
+ 1 19
+ 1 784
+ 1 282
+ 1 116
+ 1 598
+ 1 718
+ 1 171
+ 1 953
+ 1 503
+ 1 236
+ 1 144
+ 1 839
+ 1 521
+ 1 386
+ 1 941
+ 1 499
+ 1 522
+ 1 92
+ 1 8
+ 1 96
+ 1 11
+ 1 141
+ 1 510
+ 1 711
+ 1 359
+ 1 379
+ 1 285
+ 1 884
+ 1 767
+ 1 818
+ 1 276
+ 1 969
+ 1 275
+ 1 250
+ 1 56
+ 1 355
+ 1 524
+ 1 511
+ 1 895
+ 1 638
+ 1 716
+ 1 354
+ 1 975
+ 1 695
+ 1 808
+ 1 224
+ 1 317
+ 1 897
+ 1 106
+ 1 475
+ 1 247
+ 1 484
+ 1 479
+ 1 294
+ 1 203
+ 1 587
+ 1 672
+ 1 299
+ 1 759
+ 1 523
+ 1 951
+ 1 838
+ 1 727
+ 1 505
+ 1 519
+ 1 449
+ 1 169
+ 1 77
+ 1 601
+ 1 81
+ 1 91
+ 1 67
+ 1 464
+ 1 487
+ 1 345
+ 1 852
+ 1 177
+ 1 1000
+ 1 156
+ 1 468
+ 1 641
+ 1 945
+ 1 402
+ 1 943
+ 1 416
+ 1 722
+ 1 418
+ 1 332
+ 1 554
+ 1 83
+ 1 326
+ 1 272
+ 1 258
+ 1 498
+ 1 255
+ 1 632
+ 1 419
+ 1 207
+ 1 516
+ 1 780
+ 1 705
+ 1 845
+ 1 154
+ 1 882
+ 1 99
+ 1 673
+ 1 331
+ 1 301
+ 1 924
+ 1 997
+ 1 490
+ 1 751
+ 1 123
+ 1 698
+ 1 542
+ 1 690
+ 1 908
+ 1 747
+ 1 413
+ 1 160
+ 1 890
+ 1 655
+ 1 978
+ 1 568
+ 1 298
+ 1 245
+ 1 445
+ 1 40
+ 1 195
+ 1 149
+ 1 60
+ 1 206
+ 1 973
+ 1 97
+ 1 588
+ 1 552
+ 1 360
+ 1 909
+ 1 442
+ 1 719
+ 1 411
+ 1 497
+ 1 693
+ 1 104
+ 1 311
+ 1 954
+ 1 824
+ 1 901
+ 1 194
+ 1 648
+ 1 122
+ 1 180
+ 1 381
+ 1 870
+ 1 4
+ 1 49
+ 1 74
+ 1 136
+ 1 885
+ 1 478
+ 1 874
+ 1 835
+ 1 55
+ 1 538
+ 1 172
+ 1 246
+ 1 837
+ 1 665
+ 1 537
+ 1 400
+ 1 593
+ 1 757
+ 1 744
+ 1 654
+ 1 580
+ 1 766
+ 1 906
+ 1 186
+ 1 279
+ 1 376
+ 1 164
+ 1 130
+ 1 501
+ 1 994
+ 1 848
+ 1 424
+ 1 218
+ 1 872
+ 1 320
+ 1 259
+ 1 888
+ 1 660
+ 1 937
+ 1 555
+ 1 309
+ 1 764
+ 1 297
+ 1 666
+ 1 970
+ 1 291
+ 1 434
+ 1 369
+ 1 98
+ 1 853
+ 1 72
+ 1 260
+ 1 263
+ 1 987
+ 1 732
+ 1 226
+ 1 699
+ 1 216
+ 1 318
+ 1 708
+ 1 709
+ 1 284
+ 1 531
+ 1 707
+ 1 153
+ 1 471
+ 1 810
+ 1 712
+ 1 962
+ 1 576
+ 1 239
+ 1 38
+ 1 833
+ 1 2
+ 1 387
+ 1 578
+ 1 777
+ 1 917
+ 1 947
+ 1 785
+ 1 102
+ 1 659
+ 1 878
+ 1 281
+ 1 827
+ 1 188
+ 1 132
+ 1 446
+ 1 768
+ 1 739
+ 1 212
+ 1 514
+ 1 605
+ 1 125
+ 1 441
+ 1 626
+ 1 62
+ 1 889
+ 1 190
+ 1 459
+ 1 319
+ 1 867
+ 1 302
+ 1 313
+ 1 462
+ 1 637
+ 1 800
+ 1 448
+ 1 545
+ 1 958
+ 1 5
+ 1 363
+ 1 350
+ 1 948
+ 1 269
+ 1 21
+ 1 647
+ 1 925
+ 1 865
+ 1 799
+ 1 422
+ 1 806
+ 1 127
+ 1 486
+ 1 868
+ 1 683
+ 1 622
+ 1 831
+ 1 192
+ 1 771
+ 1 335
+ 1 426
+ 1 231
+ 1 938
+ 1 791
+ 1 496
+ 1 836
+ 1 536
+ 1 204
+ 1 140
+ 1 898
+ 1 46
+ 1 629
+ 1 283
+ 1 450
+ 1 460
+ 1 752
+ 1 684
+ 1 834
+ 1 384
+ 1 931
+ 1 388
+ 1 614
+ 1 770
+ 1 506
+ 1 14
+ 1 686
+ 1 439
+ 1 303
+ 1 155
+ 1 528
+ 1 717
+ 1 316
+ 1 237
+ 1 849
+ 1 119
+ 1 801
+ 1 815
+ 1 591
+ 1 930
+ 1 24
+ 1 101
+ 1 873
+ 1 664
+ 1 84
+ 1 458
+ 1 107
+ 1 286
+ 1 405
+ 1 105
+ 1 620
+ 1 776
+ 1 760
+ 1 176
+ 1 412
+ 1 986
+ 1 22
+ 1 857
+ 1 968
+ 1 623
+ 1 367
+ 1 146
+ 1 793
+ 1 611
+ 1 533
+ 1 108
+ 1 726
+ 1 966
+ 1 103
+ 1 728
+ 1 270
+ 1 404
+ 1 423
+ 1 241
+ 1 656
+ 1 650
+ 1 324
+ 1 923
+ 1 366
+ 1 179
+ 1 469
+ 1 489
+ 1 813
+ 1 822
+ 1 401
+ 1 724
+ 1 227
- 2 779
- 3 41
- 3 86
- 3 198
- 4 180
- 5 363
- 5 772
- 6 713
- 7 371
- 8 92
- 9 795
- 10 477
- 10 649
- 10 625
- 11 141
- 11 129
- 12 333
- 12 557
- 12 488
- 12 328
- 13 243
- 13 466
- 14 770
- 14 686
- 15 437
- 15 77
- 15 43
- 16 39
- 17 782
- 17 971
- 18 817
- 18 720
- 19 581
- 20 963
- 20 953
- 20 45
- 20 503
- 20 236
- 21 269
- 22 857
- 22 986
- 23 66
- 23 942
- 24 825
- 25 573
- 25 117
- 26 961
- 27 507
- 28 85
- 28 430
- 28 202
- 28 916
- 29 32
- 30 940
- 30 879
- 31 394
- 31 630
- 31 933
- 32 820
- 32 167
- 33 470
- 33 162
- 33 659
- 34 165
- 34 621
- 34 779
- 35 39
- 35 794
- 36 222
- 37 553
- 38 833
- 38 239
- 39 921
- 39 748
- 39 266
- 40 445
- 41 792
- 42 438
- 43 955
- 44 829
- 44 854
- 45 758
- 46 629
- 46 791
- 47 914
- 47 488
- 48 500
- 48 170
- 49 89
- 49 74
- 49 136
- 50 113
- 50 613
- 51 88
- 51 59
- 52 710
- 53 606
- 54 787
- 54 182
- 55 538
- 55 835
- 56 616
- 57 396
- 58 663
- 58 928
- 59 451
- 60 149
- 61 844
- 61 131
- 62 626
- 63 841
- 63 678
- 64 861
- 65 794
- 66 472
- 67 91
- 68 535
- 68 742
- 68 642
- 69 109
- 70 679
- 70 855
- 71 328
- 71 534
- 71 797
- 72 260
- 72 98
- 73 746
- 75 491
- 75 573
- 76 329
- 77 601
- 78 183
- 79 230
- 80 802
- 81 601
- 82 677
- 82 814
- 83 554
- 84 664
- 85 397
- 85 439
- 86 769
- 87 280
- 87 201
- 87 998
- 88 539
- 89 134
- 89 256
- 89 835
- 90 657
- 90 991
- 90 388
- 91 935
- 91 464
- 91 258
- 92 522
- 92 96
- 93 403
- 94 421
- 94 893
- 95 949
- 95 826
- 97 111
- 97 588
- 98 853
- 98 369
- 99 673
- 99 154
- 99 331
- 100 892
- 100 957
- 100 725
- 101 453
- 102 162
- 103 728
- 103 966
- 104 693
- 105 620
- 105 776
- 105 286
- 106 897
- 107 458
- 108 726
- 108 905
- 108 179
- 109 193
- 109 515
- 110 193
- 111 166
- 111 854
- 112 157
- 112 365
- 112 555
- 112 417
- 113 200
- 114 736
- 115 991
- 115 956
- 116 598
- 116 282
- 117 750
- 117 883
- 118 566
- 118 952
- 118 375
- 119 849
- 119 801
- 120 912
- 121 346
- 122 648
- 123 751
- 124 482
- 124 887
- 124 197
- 124 146
- 125 441
- 125 212
- 126 972
- 126 989
- 127 806
- 128 500
- 128 256
- 128 507
- 129 249
- 129 904
- 129 499
- 130 164
- 130 501
- 130 994
- 130 848
- 132 188
- 133 512
- 134 841
- 134 390
- 135 902
- 135 907
- 135 318
- 135 576
- 136 885
- 137 609
- 137 663
- 138 935
- 138 753
- 139 532
- 139 603
- 139 683
- 140 898
- 140 204
- 141 510
- 141 359
- 141 379
- 142 392
- 142 731
- 143 581
- 144 904
- 144 839
- 145 829
- 145 234
- 145 632
- 146 793
- 147 312
- 148 551
- 148 911
- 149 195
- 150 483
- 151 825
- 151 928
- 152 624
- 152 754
- 152 651
- 153 471
- 153 707
- 153 810
- 154 882
- 154 419
- 155 528
- 155 303
- 155 717
- 155 316
- 156 468
- 156 1000
- 156 416
- 156 554
- 156 326
- 158 583
- 158 676
- 159 340
- 160 890
- 160 413
- 161 274
- 162 980
- 162 740
- 163 550
- 164 376
- 165 387
- 165 596
- 166 502
- 167 826
- 168 984
- 169 449
- 170 667
- 170 900
- 171 718
- 172 246
- 172 841
- 173 999
- 173 805
- 173 687
- 173 567
- 175 334
- 175 358
- 175 483
- 175 238
- 176 412
- 176 760
- 177 852
- 177 1000
- 178 557
- 179 469
- 179 227
- 180 381
- 180 507
- 181 310
- 181 415
- 182 762
- 183 778
- 184 451
- 184 217
- 185 608
- 185 407
- 185 866
- 185 368
- 186 906
- 187 240
- 187 988
- 188 827
- 188 446
- 189 451
- 189 765
- 189 420
- 190 889
- 190 459
- 191 589
- 191 199
- 191 844
- 191 313
- 192 831
- 192 771
- 192 335
- 193 696
- 193 881
- 194 901
- 195 445
- 196 649
- 197 877
- 198 861
- 199 547
- 199 230
- 201 846
- 201 803
- 202 786
- 203 587
- 203 294
- 203 449
- 204 496
- 205 669
- 205 961
- 206 245
- 207 516
- 207 419
- 207 780
- 207 705
- 208 456
- 208 453
- 209 364
- 209 603
- 209 752
- 210 735
- 211 380
- 211 329
- 212 446
- 212 514
- 212 626
- 213 219
- 213 215
- 214 232
- 214 274
- 214 372
- 214 710
- 215 681
- 215 633
- 216 699
- 218 848
- 218 872
- 219 812
- 219 375
- 219 931
- 220 307
- 220 985
- 221 463
- 222 903
- 222 377
- 223 689
- 224 808
- 225 300
- 225 783
- 226 732
- 228 774
- 228 933
- 229 392
- 229 403
- 230 617
- 231 938
- 231 426
- 231 791
- 233 480
- 234 677
- 235 949
- 237 316
- 238 546
- 238 902
- 239 576
- 240 803
- 240 887
- 241 423
- 242 265
- 243 476
- 243 410
- 244 509
- 245 445
- 245 298
- 246 837
- 246 744
- 247 475
- 247 484
- 248 314
- 249 561
- 250 275
- 251 308
- 251 292
- 251 858
- 252 476
- 253 491
- 253 463
- 253 502
- 254 368
- 255 498
- 256 828
- 256 513
- 257 703
- 257 895
- 257 638
- 257 716
- 257 437
- 258 498
- 259 744
- 261 527
- 262 798
- 263 555
- 263 987
- 264 911
- 265 642
- 266 840
- 266 382
- 267 502
- 267 577
- 268 575
- 268 604
- 269 350
- 269 647
- 270 404
- 270 728
- 271 582
- 271 864
- 272 326
- 273 985
- 274 871
- 274 919
- 275 969
- 276 969
- 276 818
- 277 589
- 277 800
- 277 843
- 277 958
- 278 504
- 278 736
- 279 906
- 281 878
- 282 784
- 283 629
- 283 450
- 284 531
- 284 707
- 284 708
- 285 884
- 285 561
- 285 818
- 286 405
- 286 940
- 287 619
- 287 574
- 288 877
- 288 971
- 289 470
- 289 755
- 289 974
- 290 676
- 290 866
- 291 309
- 291 434
- 293 357
- 294 479
- 295 438
- 296 735
- 297 666
- 297 764
- 298 542
- 299 587
- 299 759
- 299 523
- 300 860
- 301 331
- 301 924
- 302 774
- 303 439
- 303 849
- 304 927
- 304 585
- 304 306
- 305 899
- 305 794
- 305 702
- 307 525
- 307 984
- 308 689
- 309 764
- 309 970
- 309 555
- 309 369
- 310 678
- 311 954
- 311 648
- 311 693
- 312 492
- 312 371
- 313 462
- 314 730
- 315 750
- 317 897
- 317 354
- 318 708
- 319 867
- 319 626
- 320 872
- 321 410
- 322 748
- 323 338
- 324 423
- 325 586
- 327 714
- 327 900
- 328 558
- 330 334
- 331 997
- 332 418
- 333 342
- 335 426
- 336 703
- 337 586
- 337 544
- 338 428
- 338 625
- 339 821
- 339 504
- 339 703
- 340 534
- 341 644
- 341 846
- 342 730
- 342 582
- 343 564
- 344 913
- 344 595
- 345 852
- 345 487
- 346 876
- 347 734
- 348 940
- 348 804
- 349 773
- 350 948
- 350 704
- 351 748
- 352 682
- 353 847
- 353 403
- 354 975
- 354 716
- 354 475
- 355 524
- 355 504
- 356 847
- 356 634
- 356 785
- 357 612
- 358 779
- 360 552
- 360 909
- 361 399
- 362 558
- 364 398
- 365 855
- 366 923
- 367 877
- 370 779
- 372 965
- 373 860
- 374 786
- 376 744
- 377 687
- 378 964
- 378 775
- 380 731
- 381 870
- 383 512
- 383 664
- 383 669
- 384 952
- 385 798
- 385 843
- 386 941
- 386 521
- 387 578
- 387 947
- 388 614
- 389 773
- 389 454
- 390 414
- 391 842
- 391 507
- 391 693
- 393 861
- 394 639
- 395 765
- 395 476
- 396 653
- 397 930
- 397 701
- 398 809
- 399 859
- 400 593
- 400 665
- 401 822
- 401 724
- 402 468
- 403 651
- 403 525
- 404 423
- 406 467
- 407 429
- 408 992
- 409 731
- 410 675
- 410 749
- 411 497
- 411 842
- 412 986
- 413 747
- 415 679
- 416 722
- 416 418
- 417 699
- 417 628
- 419 632
- 420 689
- 421 483
- 422 799
- 423 656
- 424 848
- 425 515
- 427 842
- 431 674
- 432 720
- 433 518
- 433 790
- 435 651
- 436 569
- 437 688
- 437 862
- 437 860
- 438 657
- 440 706
- 442 909
- 442 719
- 443 915
- 443 982
- 443 540
- 444 920
- 446 768
- 447 583
- 448 545
- 448 800
- 450 460
- 452 547
- 453 749
- 454 989
- 455 725
- 455 735
- 456 823
- 457 932
- 457 881
- 457 912
- 457 830
- 458 961
- 461 570
- 461 652
- 462 637
- 464 487
- 465 794
- 465 706
- 466 694
- 467 560
- 468 641
- 468 943
- 469 489
- 470 756
- 470 774
- 472 564
- 472 602
- 472 772
- 473 866
- 474 816
- 476 492
- 478 885
- 479 484
- 480 789
- 481 959
- 481 680
- 485 581
- 485 585
- 485 784
- 486 806
- 488 627
- 488 595
- 488 549
- 489 813
- 490 997
- 492 825
- 493 615
- 494 527
- 495 675
- 495 964
- 496 836
- 496 791
- 499 522
- 500 979
- 500 967
- 504 762
- 505 519
- 505 951
- 506 770
- 507 590
- 508 584
- 509 977
- 510 711
- 511 703
- 512 823
- 512 873
- 514 605
- 515 652
- 517 740
- 517 634
- 518 594
- 520 685
- 520 761
- 521 839
- 525 746
- 526 556
- 526 658
- 527 876
- 527 594
- 529 820
- 529 569
- 530 619
- 532 704
- 533 611
- 534 817
- 534 990
- 535 670
- 536 836
- 537 665
- 539 819
- 539 560
- 539 743
- 541 569
- 542 997
- 542 690
- 543 995
- 543 599
- 543 627
- 546 856
- 548 662
- 550 992
- 551 649
- 552 588
- 553 823
- 556 565
- 559 920
- 559 988
- 560 910
- 561 983
- 562 880
- 563 929
- 563 787
- 567 597
- 568 908
- 571 725
- 572 879
- 574 939
- 574 753
- 578 777
- 579 582
- 580 654
- 580 766
- 581 745
- 582 936
- 583 977
- 583 918
- 584 996
- 585 781
- 585 658
- 585 811
- 586 691
- 587 672
- 587 951
- 591 815
- 592 663
- 593 757
- 596 847
- 598 718
- 599 613
- 599 729
- 600 608
- 602 950
- 603 993
- 604 796
- 606 645
- 606 762
- 606 616
- 607 894
- 610 907
- 611 793
- 612 816
- 615 805
- 615 640
- 616 983
- 618 674
- 622 683
- 623 857
- 625 745
- 626 889
- 628 907
- 630 844
- 631 649
- 635 846
- 635 896
- 636 765
- 640 749
- 640 832
- 641 945
- 643 756
- 646 730
- 647 925
- 650 656
- 652 734
- 652 680
- 653 892
- 654 744
- 655 978
- 655 890
- 657 812
- 659 878
- 659 827
- 660 888
- 661 993
- 662 723
- 665 837
- 668 918
- 669 778
- 670 985
- 671 850
- 674 736
- 678 934
- 679 888
- 680 691
- 681 769
- 682 735
- 683 831
- 684 834
- 684 952
- 685 734
- 688 944
- 690 908
- 691 737
- 692 864
- 692 741
- 695 975
- 695 808
- 696 886
- 697 720
- 698 997
- 700 985
- 701 928
- 702 795
- 704 772
- 705 845
- 707 962
- 708 709
- 710 796
- 712 810
- 713 983
- 715 976
- 715 796
- 721 879
- 723 916
- 726 966
- 726 923
- 727 838
- 732 987
- 733 769
- 738 918
- 739 768
- 741 926
- 745 866
- 747 908
- 748 992
- 750 960
- 751 997
- 753 955
- 758 904
- 760 776
- 763 832
- 766 906
- 767 884
- 770 956
- 772 859
- 772 843
- 777 917
- 781 919
- 782 804
- 788 921
- 789 967
- 790 880
- 795 807
- 795 881
- 799 865
- 799 806
- 801 815
- 802 863
- 802 904
- 806 868
- 809 952
- 813 822
- 814 935
- 816 918
- 819 989
- 824 954
- 824 901
- 828 946
- 838 951
- 842 883
- 844 875
- 844 996
- 850 955
- 851 944
- 854 869
- 854 973
- 855 880
- 857 968
- 863 982
- 865 925
- 871 963
- 874 885
- 886 891
- 888 937
- 894 981
- 894 922
- 903 949
- 916 956
- 922 996
- 940 961
- 957 971
- 977 995
- 992 998
+ 982 989
+ 958 977
+ 942 994
+ 940 965
+ 930 968
+ 927 984
+ 917 974
+ 908 939
+ 907 916
+ 905 976
+ 904 916
+ 900 976
+ 896 947
+ 895 914
+ 888 956
+ 864 974
+ 863 942
+ 861 934
+ 858 871
+ 854 897
+ 852 984
+ 848 897
+ 848 863
+ 846 964
+ 843 980
+ 838 848
+ 834 874
+ 829 905
+ 827 871
+ 825 923
+ 816 931
+ 815 979
+ 811 865
+ 811 894
+ 810 879
+ 806 858
+ 801 819
+ 801 831
+ 796 926
+ 795 899
+ 790 823
+ 790 943
+ 788 890
+ 787 925
+ 786 832
+ 783 899
+ 777 803
+ 776 990
+ 772 975
+ 770 867
+ 770 893
+ 768 818
+ 768 870
+ 767 770
+ 766 833
+ 760 804
+ 751 754
+ 750 880
+ 746 967
+ 745 777
+ 743 755
+ 741 920
+ 740 978
+ 736 959
+ 731 824
+ 729 910
+ 726 762
+ 725 986
+ 724 856
+ 722 821
+ 722 987
+ 720 878
+ 715 830
+ 713 739
+ 713 817
+ 712 911
+ 711 938
+ 711 898
+ 710 866
+ 710 913
+ 708 902
+ 708 888
+ 704 837
+ 703 819
+ 699 938
+ 698 769
+ 698 884
+ 697 953
+ 693 774
+ 693 870
+ 691 928
+ 691 885
+ 691 806
+ 690 753
+ 688 955
+ 687 799
+ 686 911
+ 685 787
+ 685 805
+ 682 781
+ 681 879
+ 679 708
+ 678 692
+ 678 826
+ 678 931
+ 677 806
+ 676 798
+ 675 810
+ 675 805
+ 674 790
+ 672 699
+ 670 798
+ 668 756
+ 667 773
+ 666 944
+ 663 865
+ 662 945
+ 660 802
+ 659 830
+ 659 751
+ 658 902
+ 657 960
+ 656 796
+ 655 824
+ 652 841
+ 652 906
+ 650 724
+ 650 823
+ 648 930
+ 647 661
+ 646 712
+ 645 849
+ 642 872
+ 641 685
+ 641 673
+ 640 699
+ 639 941
+ 637 989
+ 636 954
+ 633 668
+ 631 705
+ 630 935
+ 629 729
+ 625 846
+ 624 931
+ 624 674
+ 621 992
+ 621 933
+ 620 719
+ 618 877
+ 613 849
+ 612 708
+ 610 639
+ 609 887
+ 605 657
+ 603 937
+ 602 985
+ 601 829
+ 600 636
+ 599 946
+ 597 720
+ 597 797
+ 596 822
+ 594 604
+ 592 998
+ 592 617
+ 592 970
+ 592 896
+ 591 844
+ 589 619
+ 587 860
+ 587 722
+ 586 763
+ 585 963
+ 582 652
+ 581 683
+ 580 668
+ 578 875
+ 577 684
+ 577 695
+ 576 956
+ 576 880
+ 573 796
+ 573 738
+ 573 635
+ 573 912
+ 572 903
+ 571 759
+ 571 755
+ 571 696
+ 570 577
+ 568 968
+ 568 674
+ 567 894
+ 565 619
+ 565 839
+ 564 900
+ 564 837
+ 563 643
+ 561 583
+ 561 586
+ 559 859
+ 557 790
+ 556 976
+ 556 824
+ 555 957
+ 554 653
+ 553 693
+ 553 560
+ 552 878
+ 551 869
+ 548 868
+ 548 809
+ 546 859
+ 540 716
+ 540 910
+ 539 585
+ 538 960
+ 537 630
+ 535 924
+ 535 654
+ 535 733
+ 534 990
+ 531 837
+ 530 631
+ 529 732
+ 529 627
+ 528 583
+ 527 687
+ 527 926
+ 526 745
+ 524 757
+ 524 611
+ 524 610
+ 523 699
+ 522 777
+ 521 725
+ 521 647
+ 519 898
+ 517 735
+ 517 544
+ 515 749
+ 514 998
+ 513 949
+ 513 788
+ 512 709
+ 511 894
+ 511 660
+ 511 752
+ 511 650
+ 510 921
+ 510 571
+ 509 865
+ 507 570
+ 506 663
+ 505 646
+ 504 814
+ 504 682
+ 503 849
+ 501 734
+ 501 850
+ 500 988
+ 499 989
+ 498 859
+ 497 935
+ 496 582
+ 496 707
+ 493 655
+ 492 970
+ 492 910
+ 491 651
+ 489 731
+ 486 545
+ 486 517
+ 485 531
+ 485 613
+ 484 717
+ 482 669
+ 482 792
+ 481 846
+ 481 827
+ 479 967
+ 479 533
+ 478 595
+ 476 952
+ 475 789
+ 475 753
+ 474 739
+ 474 749
+ 474 883
+ 473 987
+ 473 879
+ 472 703
+ 470 996
+ 469 976
+ 468 543
+ 467 978
+ 467 606
+ 466 881
+ 466 959
+ 465 550
+ 465 656
+ 464 914
+ 463 728
+ 460 467
+ 460 760
+ 459 460
+ 458 866
+ 458 628
+ 457 649
+ 457 665
+ 456 498
+ 456 719
+ 454 583
+ 454 775
+ 453 512
+ 452 495
+ 449 563
+ 449 852
+ 447 911
+ 446 567
+ 445 590
+ 445 490
+ 444 971
+ 441 507
+ 440 870
+ 439 870
+ 438 658
+ 436 462
+ 435 525
+ 432 599
+ 432 450
+ 432 613
+ 431 894
+ 430 747
+ 430 912
+ 429 519
+ 429 873
+ 429 553
+ 428 609
+ 428 593
+ 426 907
+ 425 812
+ 423 940
+ 422 675
+ 420 761
+ 420 443
+ 419 579
+ 418 668
+ 417 784
+ 417 947
+ 417 775
+ 416 419
+ 416 798
+ 415 948
+ 414 520
+ 414 844
+ 413 598
+ 411 817
+ 410 641
+ 409 664
+ 409 468
+ 409 620
+ 407 767
+ 407 925
+ 407 994
+ 406 543
+ 405 922
+ 405 430
+ 404 473
+ 403 882
+ 402 789
+ 401 975
+ 401 820
+ 400 464
+ 399 766
+ 399 936
+ 398 578
+ 397 630
+ 397 477
+ 396 724
+ 395 754
+ 394 828
+ 394 892
+ 393 901
+ 392 505
+ 391 821
+ 391 644
+ 391 701
+ 390 883
+ 389 405
+ 389 588
+ 386 408
+ 384 466
+ 384 748
+ 382 905
+ 380 787
+ 379 727
+ 378 936
+ 378 648
+ 377 408
+ 376 973
+ 376 515
+ 376 741
+ 375 649
+ 374 730
+ 374 480
+ 372 853
+ 372 450
+ 372 773
+ 371 668
+ 370 374
+ 370 908
+ 368 676
+ 368 842
+ 367 566
+ 366 461
+ 366 965
+ 365 637
+ 364 526
+ 363 812
+ 361 995
+ 361 621
+ 361 920
+ 360 615
+ 360 725
+ 360 755
+ 358 736
+ 358 877
+ 357 913
+ 357 775
+ 356 961
+ 355 483
+ 354 426
+ 353 661
+ 353 421
+ 352 599
+ 351 883
+ 349 403
+ 347 761
+ 346 535
+ 344 524
+ 343 957
+ 342 384
+ 342 1000
+ 342 433
+ 341 714
+ 339 435
+ 338 704
+ 337 547
+ 337 405
+ 336 551
+ 335 991
+ 335 702
+ 334 489
+ 333 954
+ 333 441
+ 333 488
+ 332 342
+ 332 441
+ 331 664
+ 327 671
+ 326 457
+ 325 544
+ 325 771
+ 325 495
+ 324 669
+ 324 813
+ 324 473
+ 322 424
+ 320 825
+ 320 891
+ 319 569
+ 319 579
+ 318 653
+ 318 807
+ 317 584
+ 317 520
+ 316 379
+ 316 329
+ 316 940
+ 316 381
+ 315 457
+ 314 441
+ 313 559
+ 312 824
+ 311 816
+ 309 626
+ 309 982
+ 308 460
+ 307 758
+ 306 947
+ 306 785
+ 305 310
+ 304 835
+ 303 418
+ 303 776
+ 303 744
+ 302 432
+ 302 889
+ 301 508
+ 300 778
+ 300 361
+ 300 765
+ 298 545
+ 297 360
+ 297 999
+ 296 958
+ 296 660
+ 295 969
+ 295 505
+ 294 351
+ 294 997
+ 293 440
+ 292 558
+ 291 446
+ 290 703
+ 289 429
+ 288 960
+ 287 346
+ 286 919
+ 286 578
+ 286 518
+ 285 382
+ 284 351
+ 284 438
+ 282 358
+ 282 585
+ 281 691
+ 281 477
+ 279 899
+ 279 737
+ 277 348
+ 276 469
+ 275 307
+ 275 861
+ 274 857
+ 274 759
+ 273 580
+ 273 915
+ 272 315
+ 271 551
+ 270 413
+ 270 974
+ 269 375
+ 268 662
+ 268 955
+ 267 484
+ 267 621
+ 266 389
+ 265 723
+ 265 762
+ 264 594
+ 263 280
+ 263 836
+ 262 283
+ 261 980
+ 260 696
+ 259 361
+ 258 691
+ 257 732
+ 256 536
+ 255 887
+ 254 749
+ 254 993
+ 253 351
+ 251 688
+ 250 922
+ 250 341
+ 249 862
+ 249 955
+ 248 439
+ 247 582
+ 246 811
+ 246 348
+ 245 398
+ 245 362
+ 244 382
+ 244 522
+ 243 315
+ 243 706
+ 241 864
+ 241 694
+ 240 615
+ 239 427
+ 238 845
+ 238 491
+ 238 439
+ 237 525
+ 237 546
+ 237 642
+ 236 442
+ 236 672
+ 235 471
+ 234 872
+ 233 423
+ 232 810
+ 231 812
+ 231 684
+ 231 918
+ 230 424
+ 229 784
+ 228 522
+ 228 262
+ 225 894
+ 223 903
+ 222 409
+ 221 653
+ 221 421
+ 221 697
+ 220 962
+ 220 439
+ 220 843
+ 219 580
+ 218 508
+ 218 776
+ 217 893
+ 216 260
+ 215 935
+ 214 464
+ 213 926
+ 213 723
+ 213 878
+ 212 648
+ 211 345
+ 211 670
+ 210 248
+ 210 866
+ 209 604
+ 209 607
+ 209 833
+ 208 668
+ 208 988
+ 207 257
+ 207 387
+ 206 794
+ 206 483
+ 205 222
+ 205 984
+ 204 451
+ 203 932
+ 203 596
+ 203 662
+ 202 256
+ 201 268
+ 201 979
+ 201 589
+ 200 393
+ 200 380
+ 200 226
+ 198 788
+ 198 463
+ 197 412
+ 196 774
+ 196 689
+ 195 801
+ 194 549
+ 194 569
+ 193 384
+ 192 224
+ 190 949
+ 189 666
+ 187 299
+ 186 910
+ 185 915
+ 184 745
+ 184 764
+ 184 955
+ 183 360
+ 182 758
+ 181 373
+ 181 887
+ 180 620
+ 180 545
+ 179 553
+ 179 292
+ 179 991
+ 178 222
+ 177 674
+ 176 634
+ 175 791
+ 175 914
+ 175 776
+ 174 523
+ 173 595
+ 173 549
+ 172 636
+ 171 278
+ 171 263
+ 170 289
+ 169 572
+ 169 666
+ 168 350
+ 168 391
+ 168 328
+ 167 989
+ 167 466
+ 166 959
+ 166 204
+ 165 731
+ 165 632
+ 164 954
+ 164 793
+ 163 950
+ 162 886
+ 162 737
+ 162 820
+ 161 620
+ 160 863
+ 160 346
+ 160 608
+ 159 985
+ 159 700
+ 159 161
+ 158 864
+ 158 721
+ 158 822
+ 158 542
+ 157 633
+ 157 288
+ 156 629
+ 155 680
+ 154 174
+ 153 545
+ 151 828
+ 151 602
+ 150 663
+ 149 767
+ 149 972
+ 148 455
+ 147 812
+ 146 983
+ 146 775
+ 145 512
+ 144 876
+ 144 967
+ 144 597
+ 144 470
+ 143 426
+ 142 884
+ 142 934
+ 142 311
+ 141 224
+ 141 436
+ 141 582
+ 140 368
+ 139 158
+ 139 585
+ 138 552
+ 137 323
+ 137 840
+ 137 598
+ 137 256
+ 136 140
+ 136 379
+ 135 967
+ 134 956
+ 134 944
+ 134 252
+ 133 393
+ 133 388
+ 132 434
+ 132 893
+ 132 622
+ 132 502
+ 131 946
+ 130 313
+ 129 465
+ 128 280
+ 128 363
+ 127 909
+ 127 223
+ 127 374
+ 126 330
+ 126 336
+ 125 612
+ 124 331
+ 123 135
+ 123 595
+ 122 574
+ 122 581
+ 121 772
+ 121 347
+ 120 408
+ 120 227
+ 119 175
+ 118 968
+ 117 951
+ 117 869
+ 117 514
+ 116 606
+ 115 385
+ 114 719
+ 113 265
+ 112 428
+ 112 919
+ 111 605
+ 111 680
+ 111 649
+ 109 590
+ 109 562
+ 109 844
+ 108 752
+ 108 743
+ 108 623
+ 107 176
+ 107 718
+ 107 398
+ 106 181
+ 106 614
+ 106 835
+ 106 165
+ 105 367
+ 104 998
+ 103 780
+ 103 389
+ 102 743
+ 101 698
+ 100 137
+ 99 191
+ 98 183
+ 97 196
+ 96 299
+ 96 310
+ 96 188
+ 96 494
+ 95 782
+ 95 834
+ 95 715
+ 95 359
+ 94 631
+ 94 738
+ 92 481
+ 91 116
+ 90 415
+ 90 869
+ 89 556
+ 88 574
+ 88 428
+ 88 929
+ 87 950
+ 87 981
+ 86 448
+ 86 489
+ 85 728
+ 84 209
+ 84 788
+ 83 321
+ 83 987
+ 82 893
+ 82 800
+ 81 955
+ 80 563
+ 80 854
+ 79 796
+ 79 487
+ 78 855
+ 78 390
+ 77 947
+ 77 923
+ 76 475
+ 76 871
+ 75 109
+ 74 961
+ 74 269
+ 74 444
+ 74 851
+ 73 904
+ 72 848
+ 72 152
+ 71 966
+ 70 471
+ 69 722
+ 69 290
+ 68 694
+ 68 93
+ 67 940
+ 66 568
+ 66 224
+ 66 383
+ 65 682
+ 64 874
+ 63 194
+ 62 919
+ 61 145
+ 61 230
+ 61 962
+ 60 262
+ 59 390
+ 58 65
+ 58 207
+ 58 364
+ 58 532
+ 57 64
+ 57 426
+ 56 808
+ 56 110
+ 56 514
+ 55 918
+ 54 991
+ 54 199
+ 53 289
+ 53 343
+ 52 131
+ 51 427
+ 51 442
+ 50 272
+ 50 125
+ 50 242
+ 49 355
+ 49 827
+ 48 907
+ 48 966
+ 48 437
+ 48 713
+ 47 702
+ 46 191
+ 46 952
+ 46 121
+ 45 797
+ 45 667
+ 44 324
+ 43 619
+ 43 235
+ 43 779
+ 42 850
+ 42 667
+ 41 309
+ 41 786
+ 40 500
+ 40 684
+ 39 435
+ 39 227
+ 38 182
+ 38 742
+ 37 151
+ 37 163
+ 36 516
+ 36 85
+ 36 305
+ 35 541
+ 35 151
+ 35 616
+ 34 476
+ 34 136
+ 33 392
+ 33 495
+ 33 757
+ 32 509
+ 31 492
+ 30 622
+ 30 699
+ 29 872
+ 28 99
+ 27 421
+ 27 67
+ 26 704
+ 25 847
+ 25 285
+ 25 638
+ 24 257
+ 24 575
+ 23 174
+ 22 480
+ 22 340
+ 21 185
+ 20 447
+ 19 358
+ 18 96
+ 18 385
+ 17 603
+ 17 706
+ 16 458
+ 15 229
+ 14 335
+ 13 994
+ 12 412
+ 12 349
+ 12 541
+ 11 554
+ 10 760
+ 10 395
+ 9 499
+ 8 325
+ 8 677
+ 7 455
+ 7 841
+ 6 671
+ 6 369
+ 6 414
+ 6 868
+ 6 389
+ 5 566
+ 5 236
+ 4 964
+ 3 539
+ 2 311
+ 2 271
- 1 199
- 1 54
- 1 689
- 1 97
- 1 196
- 1 774
- 1 293
- 1 440
- 1 15
- 1 229
- 1 784
- 1 785
- 1 306
- 1 891
- 1 320
- 1 825
- 1 923
- 1 77
- 1 808
- 1 110
- 1 56
- 1 951
- 1 948
- 1 415
- 1 90
- 1 177
- 1 396
- 1 856
- 1 724
- 1 277
- 1 348
- 1 246
- 1 506
- 1 150
- 1 663
- 1 32
- 1 509
- 1 865
- 1 811
- 1 431
- 1 225
- 1 291
- 1 446
- 1 567
- 1 894
- 1 802
- 1 977
- 1 958
- 1 296
- 1 660
- 1 102
- 1 98
- 1 183
- 1 240
- 1 615
- 1 999
- 1 297
- 1 11
- 1 554
- 1 807
- 1 318
- 1 653
- 1 953
- 1 697
- 1 221
- 1 345
- 1 211
- 1 670
- 1 478
- 1 876
- 1 138
- 1 552
- 1 705
- 1 530
- 1 631
- 1 94
- 1 738
- 1 635
- 1 714
- 1 341
- 1 250
- 1 922
- 1 588
- 1 266
- 1 780
- 1 103
- 1 327
- 1 671
- 1 369
- 1 584
- 1 317
- 1 520
- 1 591
- 1 490
- 1 445
- 1 590
- 1 562
- 1 75
- 1 109
- 1 844
- 1 414
- 1 809
- 1 548
- 1 868
- 1 6
- 1 389
- 1 547
- 1 337
- 1 405
- 1 747
- 1 430
- 1 912
- 1 573
- 1 550
- 1 129
- 1 465
- 1 656
- 1 487
- 1 79
- 1 796
- 1 799
- 1 687
- 1 527
- 1 926
- 1 113
- 1 726
- 1 762
- 1 265
- 1 723
- 1 213
- 1 878
- 1 720
- 1 853
- 1 52
- 1 131
- 1 946
- 1 352
- 1 599
- 1 889
- 1 302
- 1 338
- 1 26
- 1 704
- 1 89
- 1 632
- 1 373
- 1 875
- 1 362
- 1 245
- 1 634
- 1 176
- 1 718
- 1 107
- 1 398
- 1 578
- 1 518
- 1 286
- 1 62
- 1 919
- 1 112
- 1 683
- 1 581
- 1 122
- 1 574
- 1 929
- 1 88
- 1 593
- 1 428
- 1 609
- 1 255
- 1 887
- 1 181
- 1 614
- 1 304
- 1 835
- 1 106
- 1 165
- 1 334
- 1 448
- 1 86
- 1 489
- 1 731
- 1 312
- 1 493
- 1 655
- 1 824
- 1 556
- 1 847
- 1 638
- 1 25
- 1 285
- 1 60
- 1 283
- 1 262
- 1 228
- 1 764
- 1 862
- 1 249
- 1 81
- 1 945
- 1 932
- 1 93
- 1 68
- 1 694
- 1 241
- 1 323
- 1 840
- 1 536
- 1 202
- 1 256
- 1 100
- 1 137
- 1 598
- 1 413
- 1 270
- 1 917
- 1 974
- 1 864
- 1 963
- 1 451
- 1 204
- 1 166
- 1 314
- 1 793
- 1 164
- 1 600
- 1 172
- 1 636
- 1 954
- 1 488
- 1 333
- 1 425
- 1 147
- 1 836
- 1 278
- 1 171
- 1 263
- 1 280
- 1 128
- 1 363
- 1 812
- 1 55
- 1 918
- 1 231
- 1 538
- 1 155
- 1 680
- 1 326
- 1 937
- 1 603
- 1 17
- 1 706
- 1 243
- 1 997
- 1 294
- 1 59
- 1 855
- 1 78
- 1 390
- 1 411
- 1 817
- 1 143
- 1 354
- 1 782
- 1 804
- 1 740
- 1 978
- 1 91
- 1 116
- 1 606
- 1 467
- 1 459
- 1 308
- 1 460
- 1 760
- 1 10
- 1 395
- 1 754
- 1 751
- 1 659
- 1 830
- 1 715
- 1 359
- 1 95
- 1 834
- 1 874
- 1 64
- 1 57
- 1 426
- 1 73
- 1 904
- 1 916
- 1 907
- 1 71
- 1 966
- 1 437
- 1 48
- 1 713
- 1 739
- 1 973
- 1 259
- 1 995
- 1 992
- 1 933
- 1 717
- 1 484
- 1 267
- 1 621
- 1 778
- 1 765
- 1 300
- 1 361
- 1 920
- 1 741
- 1 376
- 1 515
- 1 993
- 1 254
- 1 749
- 1 474
- 1 883
- 1 253
- 1 351
- 1 284
- 1 438
- 1 658
- 1 902
- 1 189
- 1 909
- 1 939
- 1 908
- 1 370
- 1 730
- 1 340
- 1 22
- 1 480
- 1 374
- 1 127
- 1 223
- 1 903
- 1 572
- 1 169
- 1 666
- 1 944
- 1 252
- 1 134
- 1 750
- 1 880
- 1 576
- 1 956
- 1 888
- 1 679
- 1 708
- 1 612
- 1 125
- 1 242
- 1 50
- 1 272
- 1 315
- 1 665
- 1 457
- 1 356
- 1 961
- 1 971
- 1 444
- 1 851
- 1 74
- 1 269
- 1 375
- 1 649
- 1 111
- 1 605
- 1 657
- 1 960
- 1 288
- 1 157
- 1 633
- 1 21
- 1 185
- 1 915
- 1 273
- 1 219
- 1 580
- 1 371
- 1 534
- 1 990
- 1 301
- 1 508
- 1 218
- 1 791
- 1 119
- 1 400
- 1 214
- 1 464
- 1 895
- 1 914
- 1 175
- 1 776
- 1 744
- 1 303
- 1 418
- 1 756
- 1 668
- 1 208
- 1 988
- 1 500
- 1 40
- 1 684
- 1 695
- 1 577
- 1 570
- 1 507
- 1 441
- 1 332
- 1 1000
- 1 433
- 1 342
- 1 193
- 1 748
- 1 384
- 1 881
- 1 626
- 1 832
- 1 786
- 1 41
- 1 309
- 1 982
- 1 365
- 1 637
- 1 9
- 1 499
- 1 989
- 1 167
- 1 466
- 1 959
- 1 736
- 1 19
- 1 618
- 1 877
- 1 358
- 1 282
- 1 3
- 1 539
- 1 585
- 1 139
- 1 721
- 1 542
- 1 158
- 1 822
- 1 596
- 1 203
- 1 662
- 1 815
- 1 979
- 1 70
- 1 471
- 1 235
- 1 779
- 1 43
- 1 839
- 1 565
- 1 619
- 1 589
- 1 201
- 1 268
- 1 251
- 1 688
- 1 955
- 1 184
- 1 814
- 1 504
- 1 781
- 1 682
- 1 65
- 1 575
- 1 24
- 1 627
- 1 529
- 1 732
- 1 257
- 1 387
- 1 207
- 1 532
- 1 58
- 1 364
- 1 526
- 1 745
- 1 803
- 1 777
- 1 522
- 1 244
- 1 382
- 1 601
- 1 829
- 1 905
- 1 276
- 1 469
- 1 976
- 1 900
- 1 564
- 1 837
- 1 531
- 1 485
- 1 503
- 1 645
- 1 849
- 1 613
- 1 432
- 1 450
- 1 372
- 1 773
- 1 734
- 1 501
- 1 850
- 1 42
- 1 667
- 1 45
- 1 797
- 1 597
- 1 996
- 1 470
- 1 144
- 1 746
- 1 533
- 1 479
- 1 967
- 1 135
- 1 123
- 1 595
- 1 173
- 1 549
- 1 63
- 1 194
- 1 569
- 1 319
- 1 579
- 1 419
- 1 416
- 1 798
- 1 676
- 1 842
- 1 368
- 1 140
- 1 28
- 1 99
- 1 191
- 1 886
- 1 795
- 1 783
- 1 899
- 1 279
- 1 737
- 1 162
- 1 820
- 1 401
- 1 975
- 1 772
- 1 443
- 1 420
- 1 761
- 1 347
- 1 121
- 1 46
- 1 952
- 1 476
- 1 34
- 1 136
- 1 727
- 1 379
- 1 329
- 1 381
- 1 316
- 1 233
- 1 423
- 1 461
- 1 366
- 1 965
- 1 940
- 1 67
- 1 27
- 1 421
- 1 353
- 1 661
- 1 647
- 1 521
- 1 986
- 1 725
- 1 360
- 1 857
- 1 274
- 1 759
- 1 921
- 1 510
- 1 216
- 1 260
- 1 696
- 1 571
- 1 755
- 1 743
- 1 623
- 1 108
- 1 752
- 1 511
- 1 650
- 1 823
- 1 943
- 1 557
- 1 790
- 1 118
- 1 212
- 1 264
- 1 594
- 1 604
- 1 607
- 1 516
- 1 115
- 1 385
- 1 18
- 1 187
- 1 299
- 1 188
- 1 494
- 1 96
- 1 310
- 1 305
- 1 36
- 1 85
- 1 728
- 1 463
- 1 198
- 1 190
- 1 949
- 1 513
- 1 890
- 1 788
- 1 84
- 1 209
- 1 833
- 1 766
- 1 399
- 1 936
- 1 378
- 1 648
- 1 930
- 1 968
- 1 192
- 1 462
- 1 436
- 1 148
- 1 455
- 1 7
- 1 841
- 1 906
- 1 652
- 1 707
- 1 496
- 1 247
- 1 582
- 1 141
- 1 224
- 1 383
- 1 66
- 1 568
- 1 674
- 1 624
- 1 692
- 1 826
- 1 678
- 1 931
- 1 816
- 1 101
- 1 769
- 1 698
- 1 884
- 1 742
- 1 38
- 1 182
- 1 758
- 1 307
- 1 275
- 1 861
- 1 934
- 1 142
- 1 311
- 1 2
- 1 271
- 1 330
- 1 126
- 1 336
- 1 551
- 1 869
- 1 117
- 1 514
- 1 104
- 1 998
- 1 617
- 1 186
- 1 716
- 1 540
- 1 156
- 1 629
- 1 729
- 1 910
- 1 31
- 1 492
- 1 970
- 1 592
- 1 896
- 1 947
- 1 417
- 1 763
- 1 586
- 1 561
- 1 528
- 1 583
- 1 454
- 1 983
- 1 146
- 1 775
- 1 357
- 1 913
- 1 710
- 1 16
- 1 628
- 1 458
- 1 866
- 1 210
- 1 248
- 1 709
- 1 453
- 1 512
- 1 145
- 1 322
- 1 424
- 1 230
- 1 61
- 1 962
- 1 261
- 1 980
- 1 843
- 1 220
- 1 845
- 1 651
- 1 491
- 1 238
- 1 439
- 1 818
- 1 768
- 1 870
- 1 693
- 1 560
- 1 640
- 1 154
- 1 23
- 1 174
- 1 523
- 1 434
- 1 217
- 1 901
- 1 388
- 1 133
- 1 393
- 1 226
- 1 200
- 1 380
- 1 410
- 1 673
- 1 641
- 1 232
- 1 681
- 1 321
- 1 83
- 1 195
- 1 831
- 1 801
- 1 819
- 1 472
- 1 703
- 1 290
- 1 69
- 1 860
- 1 587
- 1 644
- 1 350
- 1 328
- 1 168
- 1 701
- 1 391
- 1 821
- 1 722
- 1 987
- 1 404
- 1 44
- 1 792
- 1 482
- 1 669
- 1 813
- 1 324
- 1 473
- 1 879
- 1 810
- 1 422
- 1 675
- 1 805
- 1 685
- 1 787
- 1 925
- 1 13
- 1 287
- 1 924
- 1 654
- 1 733
- 1 535
- 1 346
- 1 608
- 1 160
- 1 927
- 1 178
- 1 124
- 1 331
- 1 664
- 1 406
- 1 543
- 1 468
- 1 735
- 1 794
- 1 206
- 1 483
- 1 355
- 1 49
- 1 625
- 1 4
- 1 964
- 1 846
- 1 92
- 1 481
- 1 827
- 1 402
- 1 789
- 1 690
- 1 753
- 1 475
- 1 76
- 1 871
- 1 858
- 1 497
- 1 215
- 1 935
- 1 537
- 1 630
- 1 397
- 1 477
- 1 281
- 1 928
- 1 885
- 1 258
- 1 691
- 1 806
- 1 677
- 1 8
- 1 771
- 1 452
- 1 686
- 1 20
- 1 447
- 1 911
- 1 712
- 1 646
- 1 969
- 1 295
- 1 505
- 1 392
- 1 611
- 1 941
- 1 639
- 1 610
- 1 344
- 1 524
- 1 757
- 1 33
- 1 495
- 1 325
- 1 544
- 1 517
- 1 486
- 1 153
- 1 298
- 1 545
- 1 180
- 1 130
- 1 313
- 1 559
- 1 377
- 1 386
- 1 408
- 1 120
- 1 227
- 1 39
- 1 339
- 1 435
- 1 525
- 1 29
- 1 234
- 1 872
- 1 642
- 1 237
- 1 546
- 1 859
- 1 498
- 1 456
- 1 114
- 1 719
- 1 892
- 1 394
- 1 828
- 1 981
- 1 87
- 1 950
- 1 163
- 1 37
- 1 197
- 1 412
- 1 882
- 1 403
- 1 349
- 1 12
- 1 541
- 1 616
- 1 35
- 1 151
- 1 602
- 1 985
- 1 700
- 1 159
- 1 161
- 1 620
- 1 409
- 1 222
- 1 205
- 1 984
- 1 852
- 1 449
- 1 643
- 1 563
- 1 80
- 1 854
- 1 897
- 1 152
- 1 72
- 1 838
- 1 848
- 1 863
- 1 942
- 1 994
- 1 407
- 1 972
- 1 149
- 1 767
- 1 867
- 1 770
- 1 800
- 1 82
- 1 893
- 1 502
- 1 132
- 1 622
- 1 30
- 1 239
- 1 427
- 1 51
- 1 442
- 1 105
- 1 367
- 1 566
- 1 5
- 1 236
- 1 672
- 1 699
- 1 938
- 1 711
- 1 898
- 1 519
- 1 873
- 1 555
- 1 957
- 1 343
- 1 53
- 1 170
- 1 289
- 1 429
- 1 553
- 1 558
- 1 292
- 1 179
- 1 991
- 1 14
- 1 335
- 47 1
