4896
+ 1 204
+ 1 580
+ 1 774
+ 1 864
+ 1 752
+ 1 824
+ 1 540
+ 1 699
+ 1 252
+ 1 315
+ 1 353
+ 1 743
+ 1 130
+ 1 607
+ 1 510
+ 1 161
+ 1 350
+ 1 506
+ 1 46
+ 1 822
+ 1 217
+ 1 377
+ 1 243
+ 1 655
+ 1 144
+ 1 118
+ 1 399
+ 1 700
+ 1 814
+ 1 366
+ 1 682
+ 1 901
+ 1 593
+ 1 568
+ 1 582
+ 1 468
+ 1 703
+ 1 709
+ 1 480
+ 1 826
+ 1 235
+ 1 65
+ 1 330
+ 1 115
+ 1 34
+ 1 104
+ 1 219
+ 1 823
+ 1 262
+ 1 888
+ 1 736
+ 1 649
+ 1 297
+ 1 906
+ 1 917
+ 1 41
+ 1 898
+ 1 775
+ 1 552
+ 1 66
+ 1 634
+ 1 336
+ 1 722
+ 1 706
+ 1 536
+ 1 124
+ 1 131
+ 1 701
+ 1 174
+ 1 320
+ 1 50
+ 1 656
+ 1 531
+ 1 80
+ 1 318
+ 1 622
+ 1 254
+ 1 94
+ 1 317
+ 1 40
+ 1 909
+ 1 796
+ 1 314
+ 1 234
+ 1 494
+ 1 178
+ 1 627
+ 1 199
+ 1 884
+ 1 237
+ 1 11
+ 1 415
+ 1 139
+ 1 439
+ 1 716
+ 1 29
+ 1 89
+ 1 647
+ 1 605
+ 1 362
+ 1 659
+ 1 172
+ 1 842
+ 1 422
+ 1 462
+ 1 345
+ 1 321
+ 1 398
+ 1 418
+ 1 225
+ 1 175
+ 1 232
+ 1 401
+ 1 606
+ 1 51
+ 1 266
+ 1 803
+ 1 636
+ 1 845
+ 1 267
+ 1 437
+ 1 795
+ 1 572
+ 1 95
+ 1 21
+ 1 364
+ 1 365
+ 1 881
+ 1 268
+ 1 245
+ 1 302
+ 1 203
+ 1 499
+ 1 594
+ 1 164
+ 1 691
+ 1 735
+ 1 720
+ 1 216
+ 1 677
+ 1 60
+ 1 309
+ 1 578
+ 1 180
+ 1 688
+ 1 886
+ 1 546
+ 1 910
+ 1 658
+ 1 269
+ 1 808
+ 1 914
+ 1 902
+ 1 292
+ 1 591
+ 1 757
+ 1 240
+ 1 780
+ 1 807
+ 1 206
+ 1 368
+ 1 359
+ 1 105
+ 1 128
+ 1 143
+ 1 853
+ 1 285
+ 1 88
+ 1 141
+ 1 257
+ 1 670
+ 1 406
+ 1 718
+ 1 847
+ 1 671
+ 1 766
+ 1 301
+ 1 291
+ 1 497
+ 1 201
+ 1 338
+ 1 227
+ 1 220
+ 1 413
+ 1 758
+ 1 110
+ 1 10
+ 1 848
+ 1 3
+ 1 772
+ 1 717
+ 1 588
+ 1 548
+ 1 539
+ 1 549
+ 1 562
+ 1 343
+ 1 836
+ 1 873
+ 1 205
+ 1 711
+ 1 421
+ 1 678
+ 1 30
+ 1 423
+ 1 750
+ 1 47
+ 1 879
+ 1 326
+ 1 32
+ 1 4
+ 1 133
+ 1 637
+ 1 478
+ 1 138
+ 1 595
+ 1 855
+ 1 890
+ 1 642
+ 1 609
+ 1 880
+ 1 668
+ 1 513
+ 1 768
+ 1 692
+ 1 434
+ 1 903
+ 1 192
+ 1 447
+ 1 786
+ 1 299
+ 1 544
+ 1 207
+ 1 628
+ 1 168
+ 1 440
+ 1 90
+ 1 339
+ 1 624
+ 1 645
+ 1 821
+ 1 563
+ 1 307
+ 1 226
+ 1 233
+ 1 25
+ 1 151
+ 1 12
+ 1 108
+ 1 511
+ 1 146
+ 1 883
+ 1 604
+ 1 87
+ 1 751
+ 1 7
+ 1 697
+ 1 416
+ 1 55
+ 1 825
+ 1 202
+ 1 349
+ 1 79
+ 1 683
+ 1 561
+ 1 265
+ 1 54
+ 1 324
+ 1 773
+ 1 380
+ 1 289
+ 1 176
+ 1 14
+ 1 98
+ 1 724
+ 1 36
+ 1 337
+ 1 490
+ 1 188
+ 1 650
+ 1 867
+ 1 530
+ 1 378
+ 1 816
+ 1 679
+ 1 502
+ 1 341
+ 1 287
+ 1 586
+ 1 444
+ 1 214
+ 1 714
+ 1 860
+ 1 183
+ 1 485
+ 1 615
+ 1 817
+ 1 181
+ 1 26
+ 1 521
+ 1 319
+ 1 251
+ 1 454
+ 1 748
+ 1 157
+ 1 577
+ 1 710
+ 1 280
+ 1 347
+ 1 680
+ 1 742
+ 1 463
+ 1 57
+ 1 733
+ 1 829
+ 1 715
+ 1 500
+ 1 767
+ 1 904
+ 1 800
+ 1 919
+ 1 504
+ 1 387
+ 1 581
+ 1 785
+ 1 152
+ 1 136
+ 1 211
+ 1 67
+ 1 897
+ 1 425
+ 1 255
+ 1 22
+ 1 818
+ 1 519
+ 1 2
+ 1 857
+ 1 705
+ 1 806
+ 1 311
+ 1 665
+ 1 469
+ 1 129
+ 1 193
+ 1 169
+ 1 379
+ 1 64
+ 1 550
+ 1 281
+ 1 764
+ 1 640
+ 1 119
+ 1 474
+ 1 356
+ 1 654
+ 1 525
+ 1 376
+ 1 564
+ 1 723
+ 1 830
+ 1 443
+ 1 839
+ 1 160
+ 1 397
+ 1 388
+ 1 781
+ 1 646
+ 1 436
+ 1 643
+ 1 465
+ 1 452
+ 1 305
+ 1 218
+ 1 438
+ 1 303
+ 1 290
+ 1 900
+ 1 412
+ 1 56
+ 1 37
+ 1 589
+ 1 621
+ 1 554
+ 1 843
+ 1 835
+ 1 905
+ 1 327
+ 1 209
+ 1 779
+ 1 570
+ 1 815
+ 1 126
+ 1 727
+ 1 325
+ 1 784
+ 1 361
+ 1 147
+ 1 777
+ 1 163
+ 1 272
+ 1 608
+ 1 745
+ 1 148
+ 1 707
+ 1 674
+ 1 771
+ 1 794
+ 1 428
+ 1 156
+ 1 102
+ 1 686
+ 1 859
+ 1 651
+ 1 466
+ 1 403
+ 1 39
+ 1 804
+ 1 371
+ 1 450
+ 1 737
+ 1 69
+ 1 719
+ 1 113
+ 1 660
+ 1 746
+ 1 394
+ 1 875
+ 1 625
+ 1 846
+ 1 414
+ 1 120
+ 1 810
+ 1 612
+ 1 13
+ 1 239
+ 1 125
+ 1 482
+ 1 35
+ 1 556
+ 1 739
+ 1 149
+ 1 856
+ 1 573
+ 1 798
+ 1 27
+ 1 555
+ 1 382
+ 1 587
+ 1 116
+ 1 354
+ 1 404
+ 1 484
+ 1 698
+ 1 420
+ 1 571
+ 1 850
+ 1 475
+ 1 765
+ 1 408
+ 1 222
+ 1 369
+ 1 483
+ 1 85
+ 1 744
+ 1 464
+ 1 467
+ 1 515
+ 1 367
+ 1 140
+ 1 899
+ 1 273
+ 1 641
+ 1 738
+ 1 501
+ 1 503
+ 1 652
+ 1 522
+ 1 84
+ 1 893
+ 1 734
+ 1 134
+ 1 611
+ 1 653
+ 1 392
+ 1 852
+ 1 537
+ 1 137
+ 1 862
+ 1 833
+ 1 52
+ 1 322
+ 1 246
+ 1 395
+ 1 68
+ 1 749
+ 1 228
+ 1 400
+ 1 616
+ 1 566
+ 1 476
+ 1 241
+ 1 173
+ 1 286
+ 1 86
+ 1 18
+ 1 770
+ 1 567
+ 1 542
+ 1 256
+ 1 81
+ 1 446
+ 1 644
+ 1 215
+ 1 662
+ 1 601
+ 1 451
+ 1 238
+ 1 28
+ 1 132
+ 1 633
+ 1 797
+ 1 528
+ 1 638
+ 1 870
+ 1 135
+ 1 351
+ 1 584
+ 1 264
+ 1 472
+ 1 352
+ 1 635
+ 1 876
+ 1 278
+ 1 676
+ 1 298
+ 1 461
+ 1 648
+ 1 97
+ 1 695
+ 1 426
+ 1 477
+ 1 114
+ 1 597
+ 1 117
+ 1 38
+ 1 259
+ 1 424
+ 1 813
+ 1 155
+ 1 417
+ 1 393
+ 1 523
+ 1 669
+ 1 198
+ 1 431
+ 1 516
+ 1 863
+ 1 390
+ 1 274
+ 1 696
+ 1 681
+ 1 791
+ 1 753
+ 1 844
+ 1 851
+ 1 918
+ 1 887
+ 1 547
+ 1 59
+ 1 296
+ 1 514
+ 1 869
+ 1 383
+ 1 31
+ 1 498
+ 1 579
+ 1 882
+ 1 801
+ 1 5
+ 1 799
+ 1 200
+ 1 184
+ 1 331
+ 1 626
+ 1 532
+ 1 221
+ 1 872
+ 1 630
+ 1 629
+ 1 342
+ 1 769
+ 1 787
+ 1 631
+ 1 384
+ 1 920
+ 1 410
+ 1 197
+ 1 762
+ 1 396
+ 1 449
+ 1 574
+ 1 878
+ 1 213
+ 1 788
+ 1 191
+ 1 355
+ 1 348
+ 1 702
+ 1 453
+ 1 271
+ 1 840
+ 1 730
+ 1 323
+ 1 479
+ 1 505
+ 1 689
+ 1 385
+ 1 834
+ 1 16
+ 1 171
+ 1 158
+ 1 583
+ 1 109
+ 1 725
+ 1 48
+ 1 195
+ 1 74
+ 1 83
+ 1 250
+ 1 790
+ 1 112
+ 1 186
+ 1 854
+ 1 381
+ 1 849
+ 1 496
+ 1 357
+ 1 212
+ 1 661
+ 1 685
+ 1 432
+ 1 789
+ 1 433
+ 1 590
+ 1 263
+ 1 277
+ 1 15
+ 1 96
+ 1 430
+ 1 535
+ 1 196
+ 1 560
+ 1 391
+ 1 282
+ 1 76
+ 1 244
+ 1 93
+ 1 100
+ 1 458
+ 1 558
+ 1 921
+ 1 827
+ 1 194
+ 1 805
+ 1 760
+ 1 99
+ 1 599
+ 1 486
+ 1 517
+ 1 874
+ 1 6
+ 1 9
+ 1 407
+ 1 295
+ 1 507
+ 1 575
+ 1 360
+ 1 153
+ 1 335
+ 1 492
+ 1 334
+ 1 811
+ 1 831
+ 1 249
+ 1 841
+ 1 304
+ 1 726
+ 1 576
+ 1 460
+ 1 657
+ 1 170
+ 1 242
+ 1 885
+ 1 435
+ 1 276
+ 1 488
+ 1 613
+ 1 731
+ 1 223
+ 1 543
+ 1 284
+ 1 294
+ 1 75
+ 1 328
+ 1 684
+ 1 892
+ 1 288
+ 1 165
+ 1 526
+ 1 456
+ 1 248
+ 1 189
+ 1 520
+ 1 185
+ 1 419
+ 1 258
+ 1 557
+ 1 741
+ 1 142
+ 1 106
+ 1 778
+ 1 694
+ 1 620
+ 1 253
+ 1 866
+ 1 270
+ 1 333
+ 1 230
+ 1 812
+ 1 508
+ 1 632
+ 1 708
+ 1 713
+ 1 915
+ 1 210
+ 1 279
+ 1 672
+ 1 704
+ 1 619
+ 1 639
+ 1 62
+ 1 495
+ 1 448
+ 1 487
+ 1 518
+ 1 755
+ 1 693
+ 1 389
+ 1 107
+ 1 820
+ 1 908
+ 1 868
+ 1 340
+ 1 481
+ 1 411
+ 1 559
+ 1 154
+ 1 179
+ 1 896
+ 1 610
+ 1 916
+ 1 44
+ 1 344
+ 1 308
+ 1 509
+ 1 402
+ 1 101
+ 1 740
+ 1 427
+ 1 70
+ 1 819
+ 1 473
+ 1 363
+ 1 372
+ 1 370
+ 1 111
+ 1 45
+ 1 596
+ 1 524
+ 1 441
+ 1 838
+ 1 92
+ 1 103
+ 1 832
+ 1 73
+ 1 78
+ 1 529
+ 1 756
+ 1 924
+ 1 922
+ 1 512
+ 1 865
+ 1 313
+ 1 545
+ 1 690
+ 1 358
+ 1 224
+ 1 894
+ 1 261
+ 1 792
+ 1 569
+ 1 82
+ 1 592
+ 1 442
+ 1 405
+ 1 891
+ 1 167
+ 1 177
+ 1 293
+ 1 828
+ 1 754
+ 1 43
+ 1 489
+ 1 386
+ 1 42
+ 1 61
+ 1 551
+ 1 858
+ 1 618
+ 1 553
+ 1 123
+ 1 565
+ 1 761
+ 1 491
+ 1 802
+ 1 793
+ 1 23
+ 1 236
+ 1 159
+ 1 912
+ 1 283
+ 1 409
+ 1 673
+ 1 346
+ 1 300
+ 1 77
+ 1 182
+ 1 332
+ 1 306
+ 1 127
+ 1 923
+ 1 776
+ 1 275
+ 1 49
+ 1 122
+ 1 585
+ 1 312
+ 1 58
+ 1 598
+ 1 889
+ 1 459
+ 1 229
+ 1 231
+ 1 91
+ 1 260
+ 1 837
+ 1 533
+ 1 782
+ 1 763
+ 1 374
+ 1 663
+ 1 603
+ 1 809
+ 1 541
+ 1 72
+ 1 759
+ 1 861
+ 1 63
+ 1 373
+ 1 623
+ 1 445
+ 1 728
+ 1 71
+ 1 747
+ 1 664
+ 1 470
+ 1 527
+ 1 145
+ 1 911
+ 1 666
+ 1 602
+ 1 310
+ 1 471
+ 1 877
+ 1 721
+ 1 667
+ 1 712
+ 1 534
+ 1 187
+ 1 675
+ 1 429
+ 1 913
+ 1 457
+ 1 24
+ 1 907
+ 1 329
+ 1 53
+ 1 729
+ 1 19
+ 1 614
+ 1 247
+ 1 732
+ 1 617
+ 1 8
+ 1 455
+ 1 208
+ 1 687
+ 1 375
+ 1 316
+ 1 162
+ 1 871
+ 1 121
+ 1 538
+ 1 600
+ 1 783
+ 1 493
+ 1 17
+ 1 150
+ 1 33
- 2 519
- 2 497
- 2 857
- 2 908
- 3 772
- 3 848
- 3 850
- 3 53
- 3 499
- 4 32
- 4 133
- 4 718
- 5 801
- 5 136
- 5 799
- 5 616
- 6 9
- 6 120
- 6 685
- 6 486
- 6 855
- 7 751
- 7 235
- 7 697
- 8 617
- 8 634
- 9 853
- 9 407
- 10 110
- 10 848
- 10 635
- 10 372
- 10 45
- 10 729
- 10 800
- 10 390
- 10 563
- 10 19
- 10 749
- 10 693
- 11 237
- 11 415
- 11 264
- 11 396
- 12 108
- 12 511
- 12 151
- 12 361
- 12 785
- 12 607
- 13 239
- 13 125
- 13 484
- 13 847
- 13 612
- 13 103
- 13 413
- 13 180
- 14 176
- 14 98
- 14 185
- 15 96
- 15 902
- 15 277
- 15 719
- 15 257
- 15 430
- 16 834
- 17 649
- 18 86
- 18 770
- 18 273
- 18 734
- 18 640
- 20 833
- 20 325
- 20 408
- 20 52
- 20 743
- 20 881
- 21 95
- 21 364
- 21 255
- 21 786
- 22 255
- 22 780
- 22 818
- 23 597
- 23 130
- 24 146
- 25 233
- 25 151
- 25 95
- 25 467
- 25 169
- 26 521
- 26 817
- 26 307
- 26 442
- 26 616
- 26 161
- 27 555
- 27 382
- 27 798
- 27 889
- 28 132
- 28 451
- 28 420
- 29 89
- 29 32
- 29 716
- 29 391
- 29 665
- 29 792
- 30 423
- 30 631
- 30 678
- 30 746
- 30 136
- 30 532
- 30 742
- 30 921
- 31 383
- 32 326
- 32 631
- 33 150
- 34 104
- 34 115
- 35 556
- 35 482
- 35 474
- 35 110
- 36 724
- 37 56
- 37 589
- 37 646
- 37 201
- 38 259
- 38 117
- 38 575
- 39 804
- 39 371
- 39 66
- 39 466
- 39 257
- 40 317
- 40 909
- 40 50
- 41 917
- 41 898
- 41 433
- 41 780
- 41 279
- 41 682
- 41 598
- 41 445
- 41 619
- 42 386
- 42 607
- 43 754
- 43 842
- 43 148
- 43 582
- 44 496
- 45 596
- 45 922
- 45 111
- 45 865
- 45 545
- 45 690
- 46 822
- 46 506
- 46 752
- 46 403
- 46 443
- 46 735
- 46 69
- 46 300
- 47 879
- 47 750
- 47 318
- 47 773
- 47 828
- 48 725
- 48 377
- 48 195
- 48 740
- 48 362
- 48 255
- 49 275
- 49 267
- 49 751
- 50 377
- 50 656
- 50 900
- 50 320
- 50 73
- 50 247
- 50 455
- 50 519
- 50 560
- 50 465
- 51 266
- 51 606
- 51 308
- 52 322
- 52 908
- 52 683
- 54 265
- 54 324
- 54 597
- 54 364
- 54 304
- 55 825
- 55 416
- 55 425
- 55 276
- 55 339
- 56 412
- 56 298
- 56 838
- 56 373
- 56 570
- 56 242
- 57 733
- 57 463
- 57 884
- 57 602
- 57 551
- 57 656
- 57 858
- 58 354
- 59 681
- 59 296
- 59 216
- 60 677
- 60 309
- 60 767
- 60 344
- 60 478
- 60 330
- 61 318
- 61 228
- 61 386
- 62 801
- 62 619
- 62 209
- 62 495
- 63 634
- 63 554
- 64 562
- 64 379
- 64 550
- 64 470
- 65 235
- 65 330
- 65 851
- 65 789
- 66 634
- 66 747
- 66 552
- 67 211
- 67 736
- 67 897
- 68 395
- 68 880
- 69 737
- 69 719
- 69 300
- 70 427
- 70 819
- 70 735
- 71 830
- 72 126
- 72 544
- 73 78
- 73 832
- 73 848
- 73 529
- 74 83
- 74 164
- 74 195
- 74 228
- 75 294
- 75 510
- 76 348
- 76 244
- 76 196
- 77 566
- 79 683
- 79 730
- 79 349
- 79 672
- 80 318
- 80 531
- 80 124
- 80 761
- 80 707
- 80 181
- 81 256
- 81 446
- 81 644
- 82 569
- 83 250
- 84 636
- 84 522
- 84 359
- 85 483
- 85 209
- 86 113
- 86 909
- 86 581
- 86 286
- 86 437
- 86 90
- 87 604
- 87 751
- 87 124
- 88 285
- 88 141
- 88 799
- 88 145
- 88 587
- 88 270
- 89 647
- 89 913
- 89 267
- 90 339
- 90 466
- 90 440
- 90 478
- 91 677
- 91 125
- 91 211
- 92 103
- 92 832
- 92 596
- 93 244
- 93 100
- 93 868
- 94 254
- 94 317
- 94 547
- 94 688
- 95 572
- 95 610
- 95 885
- 95 789
- 95 430
- 97 648
- 97 102
- 97 695
- 97 426
- 97 477
- 97 227
- 98 724
- 98 490
- 98 257
- 99 760
- 100 458
- 100 710
- 100 194
- 101 509
- 101 515
- 101 501
- 102 686
- 102 923
- 102 156
- 102 891
- 104 219
- 104 252
- 104 691
- 104 433
- 104 671
- 105 359
- 105 128
- 105 603
- 106 778
- 106 142
- 106 124
- 107 389
- 107 604
- 109 823
- 109 647
- 109 320
- 109 447
- 109 834
- 109 677
- 110 758
- 111 479
- 112 186
- 112 381
- 112 790
- 112 308
- 113 660
- 113 360
- 113 307
- 113 719
- 113 491
- 114 477
- 114 597
- 115 330
- 115 547
- 116 587
- 117 597
- 117 322
- 117 647
- 117 810
- 118 399
- 118 144
- 118 457
- 118 455
- 118 150
- 119 640
- 119 474
- 119 861
- 119 696
- 119 425
- 120 810
- 120 260
- 120 778
- 120 183
- 120 846
- 121 622
- 122 484
- 123 274
- 124 131
- 124 536
- 124 600
- 124 249
- 124 783
- 124 877
- 124 236
- 125 906
- 125 482
- 125 231
- 126 815
- 126 727
- 126 325
- 127 436
- 127 306
- 127 923
- 127 556
- 127 318
- 128 143
- 128 917
- 129 469
- 129 193
- 129 145
- 130 743
- 130 607
- 130 723
- 131 701
- 131 538
- 132 633
- 133 637
- 133 488
- 133 283
- 133 219
- 134 734
- 134 354
- 134 611
- 135 870
- 135 884
- 136 211
- 136 152
- 136 583
- 136 874
- 137 307
- 137 572
- 137 862
- 137 271
- 137 537
- 137 148
- 138 478
- 138 595
- 139 415
- 139 439
- 140 515
- 140 899
- 141 257
- 141 702
- 141 787
- 142 741
- 142 562
- 143 853
- 144 481
- 144 655
- 144 290
- 144 916
- 144 217
- 145 180
- 146 511
- 146 883
- 146 550
- 146 168
- 146 549
- 146 209
- 146 228
- 147 777
- 147 361
- 147 618
- 147 431
- 148 707
- 148 275
- 148 745
- 148 258
- 148 640
- 148 296
- 148 822
- 148 173
- 148 580
- 149 739
- 149 225
- 152 785
- 153 360
- 154 501
- 154 710
- 154 559
- 154 255
- 155 813
- 155 417
- 156 794
- 157 748
- 157 577
- 157 371
- 158 171
- 159 236
- 160 397
- 160 775
- 160 839
- 161 350
- 161 506
- 161 499
- 161 510
- 161 406
- 161 228
- 161 672
- 161 243
- 162 795
- 163 777
- 163 220
- 164 691
- 164 594
- 165 288
- 167 361
- 167 891
- 167 177
- 168 440
- 168 298
- 168 797
- 168 374
- 168 628
- 168 506
- 168 301
- 169 193
- 169 379
- 169 697
- 170 242
- 170 650
- 170 657
- 171 834
- 171 583
- 171 707
- 172 659
- 172 842
- 172 425
- 172 580
- 172 701
- 172 278
- 172 321
- 173 241
- 173 220
- 173 286
- 173 183
- 173 284
- 174 701
- 174 320
- 174 776
- 174 456
- 174 882
- 175 225
- 175 232
- 175 818
- 175 525
- 175 799
- 176 180
- 176 289
- 176 636
- 177 341
- 177 884
- 177 293
- 177 754
- 177 465
- 178 627
- 178 494
- 178 428
- 179 586
- 179 685
- 179 813
- 179 896
- 180 578
- 180 688
- 180 838
- 180 435
- 181 817
- 182 322
- 182 709
- 182 299
- 183 485
- 183 860
- 183 212
- 183 382
- 183 605
- 184 799
- 184 758
- 184 331
- 184 891
- 185 520
- 185 419
- 186 854
- 187 534
- 188 490
- 188 237
- 188 650
- 188 637
- 189 520
- 189 230
- 189 248
- 189 713
- 189 882
- 190 622
- 190 254
- 190 437
- 191 519
- 191 449
- 191 423
- 192 903
- 192 447
- 192 577
- 193 467
- 193 874
- 193 383
- 193 527
- 194 805
- 194 267
- 194 920
- 194 543
- 195 315
- 196 535
- 196 560
- 197 624
- 197 301
- 197 762
- 197 396
- 197 410
- 198 463
- 198 669
- 199 884
- 199 761
- 199 536
- 199 627
- 200 799
- 201 497
- 201 338
- 201 442
- 202 825
- 202 349
- 202 429
- 202 738
- 202 677
- 203 302
- 203 499
- 204 580
- 204 895
- 204 481
- 204 834
- 204 887
- 205 873
- 205 711
- 205 425
- 205 694
- 205 475
- 206 807
- 206 368
- 206 548
- 206 487
- 207 544
- 207 628
- 208 364
- 209 779
- 209 327
- 209 662
- 210 915
- 210 906
- 210 821
- 210 227
- 211 766
- 212 357
- 212 661
- 213 895
- 213 878
- 214 444
- 214 714
- 214 867
- 214 788
- 214 831
- 215 644
- 215 544
- 215 662
- 216 677
- 216 487
- 216 735
- 216 618
- 216 810
- 217 377
- 217 822
- 217 586
- 217 270
- 218 305
- 218 462
- 218 562
- 219 823
- 219 569
- 219 446
- 219 727
- 219 916
- 219 656
- 219 645
- 219 278
- 220 413
- 220 227
- 220 748
- 220 922
- 220 411
- 221 626
- 221 674
- 221 872
- 222 408
- 222 369
- 222 906
- 222 528
- 222 549
- 222 829
- 223 433
- 223 543
- 223 613
- 224 894
- 224 787
- 224 700
- 224 266
- 225 614
- 225 543
- 225 663
- 225 418
- 226 544
- 226 307
- 226 233
- 226 290
- 226 659
- 227 338
- 227 397
- 228 604
- 228 319
- 228 400
- 228 265
- 228 395
- 229 889
- 230 812
- 230 723
- 230 708
- 230 334
- 232 401
- 232 624
- 232 785
- 232 697
- 234 494
- 234 314
- 234 346
- 235 395
- 235 600
- 235 826
- 236 624
- 236 461
- 237 884
- 237 450
- 238 451
- 238 795
- 239 817
- 240 780
- 240 591
- 240 911
- 240 541
- 241 409
- 241 890
- 241 476
- 242 885
- 242 841
- 242 818
- 243 377
- 243 655
- 243 251
- 244 649
- 244 505
- 245 268
- 245 302
- 246 322
- 246 395
- 246 854
- 247 766
- 248 456
- 248 743
- 249 831
- 249 841
- 249 915
- 249 425
- 250 790
- 250 509
- 250 262
- 251 319
- 251 454
- 251 435
- 252 315
- 252 677
- 252 606
- 252 364
- 252 699
- 253 620
- 253 519
- 254 593
- 254 557
- 254 450
- 254 830
- 255 425
- 255 771
- 255 647
- 256 604
- 256 542
- 257 670
- 257 646
- 258 419
- 258 557
- 258 580
- 258 741
- 258 620
- 259 424
- 261 792
- 261 629
- 262 823
- 262 888
- 262 889
- 262 700
- 263 909
- 263 593
- 263 590
- 264 567
- 264 472
- 265 561
- 265 707
- 266 803
- 266 416
- 266 389
- 266 371
- 267 437
- 267 845
- 267 349
- 268 881
- 268 611
- 268 374
- 268 509
- 268 335
- 269 658
- 269 808
- 269 504
- 269 872
- 269 633
- 269 709
- 270 866
- 270 893
- 270 647
- 271 702
- 272 608
- 272 583
- 272 661
- 272 777
- 272 456
- 273 444
- 273 641
- 273 824
- 273 430
- 273 899
- 273 613
- 274 696
- 274 858
- 274 565
- 274 390
- 275 698
- 275 890
- 276 885
- 276 483
- 277 423
- 277 590
- 278 676
- 278 876
- 279 672
- 279 659
- 279 499
- 279 811
- 279 352
- 279 704
- 280 710
- 280 347
- 280 382
- 280 418
- 281 550
- 281 767
- 282 710
- 282 391
- 283 912
- 284 499
- 284 543
- 284 294
- 284 353
- 285 853
- 285 443
- 285 714
- 285 851
- 285 679
- 285 728
- 285 629
- 285 574
- 286 437
- 287 341
- 287 586
- 288 816
- 288 892
- 288 513
- 289 413
- 289 773
- 290 700
- 290 303
- 291 301
- 291 497
- 291 459
- 291 527
- 292 902
- 292 591
- 292 341
- 293 828
- 293 408
- 294 328
- 294 737
- 294 714
- 294 629
- 294 706
- 295 407
- 295 507
- 296 514
- 296 378
- 296 869
- 296 597
- 297 906
- 297 649
- 297 681
- 297 388
- 297 532
- 297 618
- 298 640
- 298 676
- 299 544
- 299 786
- 299 512
- 300 751
- 300 346
- 301 766
- 301 681
- 301 874
- 301 907
- 302 415
- 302 866
- 303 438
- 304 841
- 304 307
- 304 726
- 305 452
- 305 902
- 306 734
- 307 612
- 307 563
- 307 681
- 307 558
- 307 754
- 307 830
- 308 864
- 309 605
- 309 578
- 309 386
- 310 577
- 311 806
- 311 665
- 312 354
- 313 469
- 313 865
- 313 909
- 314 796
- 314 774
- 314 485
- 314 725
- 314 639
- 314 613
- 315 353
- 315 697
- 316 375
- 316 659
- 316 823
- 317 885
- 318 622
- 318 597
- 318 439
- 318 758
- 318 852
- 318 708
- 318 370
- 318 725
- 319 521
- 319 377
- 319 609
- 320 825
- 321 398
- 321 345
- 321 862
- 322 787
- 322 922
- 322 482
- 323 730
- 323 830
- 323 479
- 323 435
- 324 795
- 324 773
- 324 621
- 325 784
- 325 361
- 325 762
- 326 879
- 327 905
- 328 684
- 329 786
- 330 919
- 330 620
- 331 626
- 332 511
- 332 653
- 333 419
- 334 492
- 334 697
- 334 811
- 335 561
- 335 835
- 335 492
- 335 507
- 336 722
- 336 493
- 336 443
- 336 634
- 336 578
- 336 899
- 336 348
- 337 724
- 338 666
- 339 624
- 339 850
- 339 496
- 340 430
- 341 679
- 342 769
- 342 787
- 342 629
- 342 806
- 343 562
- 343 836
- 343 676
- 343 413
- 344 568
- 344 364
- 344 496
- 345 462
- 346 567
- 346 774
- 347 680
- 347 463
- 348 355
- 348 702
- 348 840
- 351 528
- 352 624
- 352 635
- 352 430
- 352 567
- 352 673
- 353 743
- 354 404
- 354 587
- 354 377
- 354 808
- 355 713
- 355 815
- 355 906
- 355 449
- 355 719
- 356 474
- 356 654
- 356 561
- 357 496
- 357 694
- 358 767
- 358 730
- 358 723
- 359 368
- 359 765
- 359 749
- 360 575
- 360 799
- 361 494
- 361 811
- 361 689
- 361 807
- 361 459
- 362 605
- 362 659
- 363 372
- 363 780
- 363 819
- 364 365
- 364 718
- 364 433
- 365 881
- 365 756
- 366 682
- 366 720
- 366 775
- 366 814
- 366 602
- 367 515
- 368 896
- 368 541
- 368 855
- 369 483
- 369 887
- 369 771
- 369 377
- 370 479
- 371 593
- 371 450
- 371 844
- 372 608
- 372 707
- 374 902
- 374 845
- 374 763
- 375 795
- 376 564
- 376 525
- 376 420
- 376 651
- 377 811
- 378 530
- 378 816
- 380 773
- 380 636
- 381 849
- 382 587
- 382 726
- 382 437
- 383 869
- 384 408
- 384 631
- 385 822
- 385 595
- 385 834
- 385 689
- 386 412
- 386 421
- 386 801
- 386 570
- 387 504
- 387 581
- 387 446
- 387 778
- 388 839
- 388 781
- 389 693
- 389 544
- 389 608
- 390 587
- 390 523
- 391 560
- 392 653
- 392 852
- 393 399
- 393 523
- 393 417
- 393 737
- 394 902
- 394 875
- 394 586
- 394 746
- 395 749
- 396 449
- 396 586
- 396 597
- 396 427
- 398 418
- 398 909
- 399 700
- 399 603
- 399 471
- 400 616
- 401 606
- 401 793
- 401 842
- 402 572
- 402 509
- 403 466
- 404 484
- 405 413
- 405 442
- 406 718
- 406 670
- 407 835
- 407 515
- 408 765
- 409 912
- 410 920
- 411 432
- 411 789
- 412 623
- 412 465
- 412 580
- 413 758
- 413 631
- 413 514
- 414 846
- 415 760
- 416 697
- 417 604
- 419 866
- 420 698
- 420 571
- 420 460
- 421 711
- 421 678
- 422 842
- 422 462
- 422 811
- 422 909
- 423 750
- 424 813
- 424 491
- 425 776
- 425 897
- 425 426
- 426 649
- 427 740
- 428 794
- 428 715
- 430 535
- 430 736
- 430 481
- 431 669
- 432 685
- 432 789
- 432 648
- 433 789
- 433 590
- 433 482
- 434 692
- 434 903
- 435 885
- 435 884
- 435 561
- 436 646
- 436 643
- 436 771
- 436 579
- 437 795
- 437 689
- 437 828
- 437 507
- 437 714
- 437 597
- 437 871
- 438 900
- 438 465
- 439 716
- 439 440
- 441 524
- 441 503
- 441 838
- 442 630
- 442 823
- 443 830
- 443 839
- 443 562
- 443 460
- 443 903
- 443 528
- 444 586
- 444 731
- 444 820
- 444 712
- 444 667
- 444 534
- 445 781
- 445 728
- 446 566
- 447 786
- 447 863
- 448 609
- 448 487
- 448 811
- 449 574
- 449 462
- 449 788
- 450 737
- 450 810
- 450 741
- 450 645
- 450 467
- 451 601
- 451 797
- 452 465
- 453 702
- 454 748
- 454 739
- 455 853
- 456 526
- 456 811
- 457 697
- 457 718
- 458 558
- 458 825
- 458 827
- 459 889
- 459 766
- 460 657
- 460 576
- 460 581
- 460 488
- 460 880
- 461 648
- 461 635
- 462 842
- 463 903
- 464 467
- 464 622
- 464 744
- 464 476
- 465 643
- 466 651
- 466 469
- 467 515
- 468 703
- 468 846
- 468 582
- 469 665
- 469 550
- 469 750
- 469 512
- 470 860
- 470 903
- 471 677
- 471 577
- 471 711
- 471 886
- 473 819
- 475 765
- 475 656
- 475 850
- 476 566
- 476 780
- 476 779
- 477 903
- 478 637
- 479 505
- 479 741
- 480 709
- 480 826
- 480 766
- 480 835
- 480 636
- 480 740
- 480 727
- 481 806
- 482 736
- 483 744
- 484 698
- 484 774
- 484 673
- 484 585
- 484 847
- 484 537
- 485 848
- 485 615
- 485 700
- 486 517
- 486 607
- 486 599
- 486 591
- 487 518
- 487 535
- 487 755
- 488 882
- 488 613
- 489 801
- 490 675
- 491 544
- 491 802
- 492 893
- 492 806
- 492 908
- 494 766
- 496 849
- 496 647
- 498 696
- 499 594
- 499 924
- 499 571
- 500 715
- 500 767
- 500 678
- 501 503
- 501 544
- 501 738
- 501 512
- 501 511
- 502 679
- 503 652
- 503 567
- 503 751
- 503 523
- 504 919
- 504 737
- 504 911
- 505 689
- 505 896
- 505 709
- 506 606
- 506 867
- 507 575
- 508 632
- 508 812
- 510 607
- 510 907
- 510 797
- 510 591
- 510 522
- 511 664
- 511 589
- 512 745
- 512 922
- 513 768
- 513 692
- 513 663
- 513 839
- 513 668
- 513 588
- 514 796
- 515 736
- 515 790
- 516 523
- 516 810
- 517 833
- 517 874
- 519 818
- 520 813
- 521 667
- 521 817
- 522 893
- 522 652
- 523 669
- 523 863
- 523 735
- 524 596
- 524 899
- 525 654
- 525 816
- 525 782
- 526 543
- 528 638
- 528 797
- 528 835
- 528 658
- 529 774
- 529 647
- 530 867
- 530 638
- 531 656
- 532 751
- 532 580
- 532 626
- 533 782
- 533 763
- 533 654
- 533 707
- 535 736
- 536 706
- 537 653
- 539 548
- 540 824
- 540 699
- 541 608
- 542 567
- 543 733
- 543 714
- 543 686
- 544 734
- 544 605
- 544 907
- 545 674
- 546 910
- 546 886
- 546 835
- 546 830
- 547 580
- 547 887
- 548 588
- 548 549
- 548 721
- 549 562
- 550 764
- 551 579
- 552 775
- 553 636
- 553 858
- 554 843
- 554 656
- 554 621
- 556 739
- 556 856
- 556 864
- 556 561
- 558 921
- 559 685
- 561 683
- 562 858
- 562 680
- 562 892
- 562 856
- 563 821
- 564 723
- 564 651
- 565 688
- 565 761
- 565 593
- 566 616
- 566 607
- 567 770
- 568 593
- 568 582
- 569 792
- 569 592
- 570 815
- 570 749
- 570 683
- 570 779
- 570 855
- 571 850
- 572 795
- 572 659
- 572 615
- 572 687
- 573 856
- 573 798
- 574 878
- 574 659
- 575 655
- 576 726
- 577 710
- 577 619
- 577 866
- 579 882
- 579 696
- 579 622
- 580 774
- 580 819
- 581 785
- 582 801
- 582 614
- 584 674
- 584 601
- 587 598
- 588 734
- 588 717
- 588 610
- 589 621
- 591 757
- 593 901
- 595 855
- 597 791
- 597 854
- 599 659
- 599 805
- 599 794
- 599 835
- 600 774
- 601 662
- 603 663
- 604 883
- 604 690
- 605 647
- 605 621
- 606 745
- 606 792
- 607 921
- 608 745
- 609 642
- 609 880
- 610 661
- 610 916
- 610 626
- 611 653
- 611 683
- 611 884
- 612 810
- 613 731
- 614 758
- 614 881
- 615 817
- 615 642
- 615 731
- 616 761
- 617 670
- 618 858
- 619 639
- 619 704
- 619 786
- 621 715
- 621 698
- 622 813
- 622 891
- 622 757
- 623 919
- 624 645
- 624 769
- 624 911
- 625 846
- 625 875
- 626 774
- 626 700
- 629 630
- 630 872
- 631 714
- 631 787
- 632 701
- 632 843
- 633 846
- 634 852
- 635 876
- 635 912
- 636 845
- 636 803
- 637 825
- 638 870
- 640 817
- 640 764
- 641 738
- 642 890
- 642 739
- 643 751
- 645 821
- 646 798
- 646 781
- 647 744
- 647 867
- 648 772
- 649 736
- 649 804
- 650 867
- 651 859
- 652 705
- 652 662
- 654 798
- 655 690
- 655 875
- 655 852
- 658 910
- 659 702
- 660 746
- 660 670
- 661 685
- 661 688
- 663 809
- 663 707
- 664 830
- 666 911
- 666 825
- 668 880
- 668 739
- 671 847
- 674 707
- 674 771
- 678 854
- 679 816
- 679 851
- 680 742
- 681 696
- 681 791
- 682 901
- 682 897
- 684 892
- 686 859
- 688 886
- 688 734
- 689 895
- 691 735
- 691 920
- 691 868
- 693 755
- 694 778
- 697 913
- 699 846
- 700 814
- 703 709
- 704 873
- 704 882
- 705 806
- 705 857
- 706 722
- 707 714
- 707 863
- 707 884
- 707 895
- 708 843
- 710 828
- 714 860
- 714 736
- 714 923
- 715 829
- 715 837
- 717 772
- 718 847
- 720 735
- 720 909
- 721 877
- 722 920
- 723 830
- 723 763
- 725 834
- 730 867
- 730 840
- 731 881
- 731 743
- 732 847
- 733 829
- 734 893
- 735 842
- 736 888
- 736 743
- 737 837
- 737 827
- 744 776
- 745 760
- 747 830
- 748 877
- 750 897
- 750 881
- 751 890
- 752 864
- 752 824
- 753 791
- 753 844
- 755 820
- 756 924
- 756 832
- 758 762
- 758 790
- 759 815
- 760 805
- 765 806
- 766 847
- 766 815
- 767 904
- 767 898
- 767 919
- 771 794
- 771 920
- 774 864
- 775 898
- 775 872
- 776 781
- 777 863
- 778 884
- 779 861
- 780 807
- 787 920
- 791 851
- 791 918
- 791 887
- 793 802
- 796 909
- 800 904
- 801 882
- 802 859
- 804 824
- 806 868
- 808 914
- 809 824
- 811 831
- 811 856
- 811 855
- 816 876
- 817 849
- 821 849
- 825 903
- 830 878
- 830 894
- 830 899
- 833 893
- 833 862
- 835 905
- 835 843
- 836 873
- 845 849
- 847 917
- 853 921
- 855 890
- 855 895
- 855 875
- 856 898
- 881 885
- 886 909
- 888 905
- 902 914
- 906 917
+ 907 921
+ 890 903
+ 867 908
+ 854 904
+ 843 913
+ 842 856
+ 835 840
+ 829 855
+ 822 907
+ 819 896
+ 819 828
+ 816 917
+ 815 863
+ 812 866
+ 811 921
+ 804 906
+ 803 918
+ 799 892
+ 797 914
+ 794 819
+ 792 885
+ 787 821
+ 783 887
+ 781 875
+ 780 887
+ 775 892
+ 774 875
+ 773 799
+ 773 836
+ 771 813
+ 770 774
+ 768 816
+ 767 835
+ 763 807
+ 761 833
+ 759 816
+ 759 907
+ 758 764
+ 755 872
+ 754 846
+ 752 909
+ 752 812
+ 751 840
+ 750 753
+ 749 910
+ 746 886
+ 745 862
+ 741 888
+ 737 894
+ 736 880
+ 732 865
+ 731 829
+ 731 866
+ 727 863
+ 726 896
+ 725 854
+ 724 736
+ 721 894
+ 716 824
+ 716 733
+ 714 845
+ 713 861
+ 711 760
+ 708 745
+ 707 875
+ 706 845
+ 705 902
+ 701 782
+ 698 903
+ 696 799
+ 693 765
+ 690 695
+ 689 830
+ 688 855
+ 688 799
+ 688 795
+ 685 775
+ 680 692
+ 678 891
+ 676 819
+ 676 698
+ 675 834
+ 673 894
+ 673 923
+ 671 787
+ 671 906
+ 671 804
+ 671 744
+ 670 900
+ 668 913
+ 667 713
+ 666 759
+ 666 899
+ 664 736
+ 661 761
+ 660 870
+ 660 686
+ 659 922
+ 659 739
+ 657 745
+ 656 818
+ 654 684
+ 654 788
+ 649 699
+ 649 747
+ 648 910
+ 646 812
+ 645 728
+ 645 815
+ 644 848
+ 641 790
+ 641 911
+ 639 696
+ 633 922
+ 632 842
+ 630 762
+ 629 666
+ 628 789
+ 626 665
+ 626 785
+ 626 751
+ 624 909
+ 623 765
+ 622 919
+ 622 819
+ 622 883
+ 620 811
+ 619 650
+ 617 647
+ 616 703
+ 615 722
+ 612 793
+ 612 808
+ 612 614
+ 610 762
+ 608 886
+ 606 883
+ 605 754
+ 604 715
+ 604 637
+ 604 747
+ 600 780
+ 600 773
+ 599 856
+ 598 686
+ 596 649
+ 596 698
+ 595 802
+ 595 815
+ 591 708
+ 590 840
+ 589 700
+ 589 923
+ 588 611
+ 588 639
+ 587 906
+ 587 711
+ 587 651
+ 586 619
+ 584 622
+ 583 643
+ 583 907
+ 583 722
+ 580 630
+ 576 582
+ 575 667
+ 574 677
+ 572 671
+ 572 609
+ 571 846
+ 571 905
+ 571 789
+ 567 917
+ 567 654
+ 567 851
+ 566 570
+ 564 773
+ 564 670
+ 563 814
+ 561 721
+ 561 817
+ 561 792
+ 560 639
+ 560 749
+ 560 744
+ 559 853
+ 559 626
+ 557 902
+ 556 594
+ 555 910
+ 555 685
+ 553 802
+ 552 725
+ 551 594
+ 549 704
+ 548 811
+ 548 737
+ 546 689
+ 545 672
+ 543 799
+ 543 920
+ 540 686
+ 540 669
+ 539 896
+ 538 616
+ 537 612
+ 536 668
+ 535 699
+ 534 711
+ 534 558
+ 533 540
+ 533 854
+ 533 542
+ 532 658
+ 528 764
+ 527 777
+ 527 675
+ 527 528
+ 524 692
+ 523 593
+ 522 533
+ 522 539
+ 522 677
+ 521 631
+ 521 602
+ 521 889
+ 520 903
+ 520 647
+ 519 579
+ 516 723
+ 516 536
+ 513 832
+ 512 833
+ 512 622
+ 511 664
+ 511 848
+ 510 540
+ 510 640
+ 510 593
+ 509 601
+ 508 852
+ 508 690
+ 507 831
+ 506 874
+ 504 699
+ 504 901
+ 504 569
+ 503 770
+ 503 619
+ 502 699
+ 501 614
+ 500 789
+ 498 818
+ 497 829
+ 497 643
+ 496 539
+ 495 638
+ 494 663
+ 494 819
+ 494 532
+ 493 675
+ 489 522
+ 488 641
+ 487 753
+ 485 900
+ 482 500
+ 482 492
+ 481 632
+ 481 604
+ 480 794
+ 480 682
+ 478 762
+ 478 787
+ 477 809
+ 476 804
+ 475 893
+ 473 701
+ 472 666
+ 471 923
+ 470 647
+ 469 499
+ 466 674
+ 464 489
+ 464 508
+ 464 826
+ 463 732
+ 460 583
+ 460 779
+ 460 732
+ 458 583
+ 456 744
+ 453 763
+ 452 487
+ 451 706
+ 450 868
+ 450 618
+ 449 822
+ 449 851
+ 449 875
+ 448 751
+ 448 465
+ 447 754
+ 446 487
+ 446 564
+ 445 519
+ 444 877
+ 442 799
+ 441 656
+ 440 844
+ 439 907
+ 438 688
+ 438 646
+ 437 803
+ 435 911
+ 434 540
+ 434 578
+ 433 775
+ 432 740
+ 431 856
+ 430 728
+ 429 873
+ 429 516
+ 429 742
+ 429 431
+ 428 622
+ 428 710
+ 427 684
+ 426 755
+ 426 631
+ 426 554
+ 426 461
+ 425 837
+ 423 745
+ 423 462
+ 423 840
+ 422 697
+ 422 479
+ 421 822
+ 421 835
+ 420 653
+ 420 583
+ 419 481
+ 419 423
+ 419 873
+ 419 761
+ 418 847
+ 418 737
+ 417 594
+ 417 746
+ 413 521
+ 412 603
+ 412 439
+ 411 580
+ 411 679
+ 411 518
+ 410 442
+ 408 712
+ 407 726
+ 407 796
+ 407 535
+ 406 766
+ 405 744
+ 404 619
+ 403 820
+ 401 844
+ 400 655
+ 397 682
+ 396 694
+ 395 443
+ 395 451
+ 395 863
+ 395 692
+ 394 463
+ 394 483
+ 393 849
+ 393 627
+ 393 678
+ 393 746
+ 392 677
+ 392 726
+ 391 923
+ 391 686
+ 391 616
+ 390 545
+ 389 468
+ 389 774
+ 389 624
+ 389 500
+ 388 599
+ 388 597
+ 387 530
+ 386 626
+ 385 497
+ 384 408
+ 383 386
+ 382 626
+ 382 400
+ 380 745
+ 380 827
+ 380 662
+ 379 424
+ 378 776
+ 378 915
+ 377 462
+ 376 656
+ 376 681
+ 376 556
+ 375 590
+ 375 582
+ 374 780
+ 374 911
+ 373 711
+ 373 546
+ 372 755
+ 372 455
+ 372 409
+ 371 581
+ 371 846
+ 370 622
+ 370 513
+ 369 702
+ 368 639
+ 367 909
+ 367 505
+ 366 575
+ 365 470
+ 365 565
+ 365 426
+ 365 919
+ 365 497
+ 365 738
+ 363 880
+ 362 898
+ 362 375
+ 362 880
+ 362 609
+ 361 445
+ 360 876
+ 360 655
+ 359 512
+ 358 359
+ 357 502
+ 357 392
+ 357 491
+ 356 562
+ 355 626
+ 355 702
+ 354 636
+ 354 697
+ 354 803
+ 353 419
+ 352 762
+ 351 659
+ 350 592
+ 349 372
+ 349 705
+ 348 393
+ 347 455
+ 347 443
+ 345 405
+ 345 450
+ 344 881
+ 343 412
+ 343 914
+ 342 561
+ 342 530
+ 341 682
+ 341 823
+ 340 428
+ 340 720
+ 337 730
+ 337 678
+ 337 360
+ 337 840
+ 337 884
+ 336 801
+ 336 425
+ 335 602
+ 335 771
+ 334 544
+ 334 337
+ 334 354
+ 334 713
+ 332 750
+ 332 769
+ 332 815
+ 331 386
+ 330 474
+ 330 619
+ 330 676
+ 329 550
+ 329 609
+ 329 372
+ 328 437
+ 325 544
+ 325 498
+ 324 677
+ 324 736
+ 323 719
+ 322 519
+ 321 641
+ 319 713
+ 319 661
+ 318 713
+ 318 739
+ 317 811
+ 316 383
+ 316 779
+ 314 344
+ 314 869
+ 314 481
+ 313 387
+ 313 919
+ 313 579
+ 312 430
+ 312 772
+ 312 921
+ 311 454
+ 311 397
+ 310 356
+ 309 577
+ 309 730
+ 309 848
+ 309 391
+ 309 736
+ 309 756
+ 307 626
+ 307 877
+ 306 346
+ 306 705
+ 306 414
+ 305 718
+ 305 748
+ 304 644
+ 304 735
+ 304 859
+ 303 458
+ 302 689
+ 302 746
+ 302 524
+ 302 308
+ 302 566
+ 301 778
+ 301 365
+ 301 754
+ 300 684
+ 300 357
+ 300 451
+ 299 840
+ 296 702
+ 296 364
+ 295 405
+ 295 914
+ 294 399
+ 294 799
+ 294 607
+ 294 627
+ 293 751
+ 293 369
+ 292 620
+ 292 488
+ 292 566
+ 291 888
+ 290 844
+ 290 428
+ 289 596
+ 289 507
+ 288 814
+ 287 650
+ 286 545
+ 285 731
+ 283 804
+ 282 392
+ 282 335
+ 282 288
+ 280 773
+ 279 477
+ 279 799
+ 279 579
+ 277 396
+ 276 924
+ 276 520
+ 276 798
+ 276 649
+ 275 406
+ 275 907
+ 275 288
+ 274 378
+ 273 442
+ 273 486
+ 272 732
+ 272 779
+ 272 716
+ 272 660
+ 271 368
+ 270 669
+ 269 781
+ 269 619
+ 268 392
+ 266 688
+ 266 417
+ 265 686
+ 265 320
+ 263 464
+ 263 864
+ 262 861
+ 262 510
+ 262 391
+ 261 378
+ 261 629
+ 261 627
+ 260 688
+ 259 733
+ 258 715
+ 258 393
+ 256 703
+ 256 775
+ 254 492
+ 254 329
+ 253 805
+ 253 837
+ 252 822
+ 252 378
+ 251 794
+ 250 568
+ 250 296
+ 250 478
+ 250 816
+ 249 490
+ 248 529
+ 247 729
+ 247 254
+ 247 399
+ 247 711
+ 247 292
+ 247 622
+ 246 796
+ 246 626
+ 245 473
+ 245 744
+ 245 356
+ 245 372
+ 243 795
+ 243 254
+ 243 541
+ 243 792
+ 243 832
+ 242 857
+ 242 259
+ 241 453
+ 241 652
+ 241 751
+ 240 332
+ 239 281
+ 239 705
+ 238 894
+ 237 309
+ 237 866
+ 237 413
+ 236 434
+ 236 509
+ 236 860
+ 234 413
+ 234 753
+ 234 923
+ 234 915
+ 234 499
+ 234 459
+ 234 611
+ 234 247
+ 234 449
+ 234 847
+ 234 294
+ 234 245
+ 233 457
+ 233 419
+ 233 284
+ 233 693
+ 232 278
+ 231 629
+ 231 398
+ 230 381
+ 229 478
+ 229 436
+ 229 677
+ 228 281
+ 228 559
+ 228 461
+ 226 290
+ 226 784
+ 226 890
+ 225 781
+ 225 460
+ 224 227
+ 224 700
+ 223 281
+ 223 719
+ 222 797
+ 222 599
+ 221 667
+ 221 498
+ 221 486
+ 220 429
+ 220 638
+ 219 890
+ 219 924
+ 218 405
+ 218 573
+ 218 309
+ 218 693
+ 217 436
+ 216 792
+ 215 719
+ 215 486
+ 215 869
+ 214 315
+ 214 507
+ 214 841
+ 213 831
+ 213 255
+ 213 754
+ 212 504
+ 211 545
+ 211 415
+ 209 515
+ 209 236
+ 209 234
+ 209 615
+ 208 485
+ 207 471
+ 207 224
+ 207 593
+ 206 856
+ 205 754
+ 204 553
+ 204 889
+ 204 758
+ 203 356
+ 203 659
+ 202 722
+ 201 304
+ 201 769
+ 200 567
+ 199 474
+ 199 890
+ 198 411
+ 198 302
+ 198 395
+ 197 913
+ 197 697
+ 196 781
+ 196 526
+ 195 674
+ 195 468
+ 194 671
+ 194 248
+ 193 345
+ 193 893
+ 193 839
+ 193 896
+ 193 701
+ 193 838
+ 193 634
+ 193 436
+ 193 816
+ 192 268
+ 191 713
+ 191 339
+ 190 396
+ 190 896
+ 190 658
+ 189 820
+ 189 249
+ 189 916
+ 189 923
+ 188 454
+ 187 323
+ 186 708
+ 185 881
+ 185 504
+ 183 684
+ 183 571
+ 183 799
+ 183 517
+ 182 235
+ 182 381
+ 182 613
+ 182 519
+ 181 871
+ 181 327
+ 181 920
+ 180 221
+ 180 734
+ 179 810
+ 179 338
+ 178 583
+ 178 743
+ 177 882
+ 177 698
+ 177 783
+ 177 671
+ 176 907
+ 176 440
+ 176 624
+ 175 499
+ 175 800
+ 174 197
+ 173 602
+ 172 273
+ 171 429
+ 171 478
+ 171 488
+ 171 251
+ 170 848
+ 170 212
+ 168 288
+ 168 725
+ 166 514
+ 166 590
+ 165 690
+ 165 843
+ 164 388
+ 164 670
+ 163 361
+ 163 456
+ 162 864
+ 162 281
+ 161 353
+ 161 844
+ 160 873
+ 160 650
+ 160 621
+ 160 881
+ 160 856
+ 160 923
+ 160 850
+ 159 324
+ 159 570
+ 159 217
+ 158 272
+ 158 640
+ 158 912
+ 158 871
+ 155 910
+ 155 877
+ 155 157
+ 154 704
+ 154 342
+ 153 763
+ 153 671
+ 152 725
+ 152 181
+ 151 517
+ 151 167
+ 150 612
+ 150 644
+ 149 189
+ 148 885
+ 148 858
+ 147 193
+ 147 761
+ 146 366
+ 146 238
+ 145 519
+ 145 550
+ 145 575
+ 145 699
+ 144 725
+ 143 523
+ 143 635
+ 143 167
+ 143 489
+ 142 516
+ 142 919
+ 142 326
+ 141 481
+ 140 443
+ 140 908
+ 140 682
+ 139 667
+ 139 575
+ 139 553
+ 138 612
+ 137 472
+ 137 185
+ 137 759
+ 136 214
+ 136 597
+ 135 398
+ 135 211
+ 135 812
+ 135 881
+ 135 627
+ 135 841
+ 134 270
+ 134 505
+ 134 691
+ 134 483
+ 134 212
+ 133 264
+ 133 721
+ 133 195
+ 133 421
+ 132 642
+ 132 713
+ 131 860
+ 131 376
+ 131 290
+ 130 275
+ 130 197
+ 130 449
+ 129 888
+ 129 222
+ 129 549
+ 128 477
+ 128 436
+ 127 436
+ 127 534
+ 127 825
+ 126 585
+ 126 333
+ 126 816
+ 126 259
+ 126 416
+ 126 257
+ 126 538
+ 125 466
+ 125 497
+ 124 717
+ 124 740
+ 124 359
+ 123 803
+ 122 791
+ 122 864
+ 121 556
+ 120 412
+ 120 258
+ 119 661
+ 119 494
+ 116 700
+ 116 293
+ 115 557
+ 114 694
+ 114 122
+ 113 884
+ 113 184
+ 113 711
+ 112 259
+ 112 865
+ 111 117
+ 111 581
+ 111 897
+ 110 727
+ 109 384
+ 109 878
+ 109 660
+ 108 662
+ 108 650
+ 107 803
+ 107 122
+ 107 732
+ 106 254
+ 106 467
+ 105 550
+ 104 523
+ 104 482
+ 103 328
+ 103 478
+ 103 796
+ 101 501
+ 101 425
+ 101 805
+ 100 571
+ 99 923
+ 99 116
+ 99 144
+ 99 858
+ 99 304
+ 99 279
+ 98 719
+ 98 297
+ 98 533
+ 97 487
+ 96 488
+ 96 690
+ 96 209
+ 95 874
+ 95 646
+ 94 602
+ 94 218
+ 93 356
+ 93 156
+ 93 441
+ 93 721
+ 92 378
+ 92 729
+ 91 681
+ 91 895
+ 91 352
+ 90 162
+ 90 451
+ 90 915
+ 90 350
+ 89 761
+ 88 130
+ 88 248
+ 88 173
+ 86 137
+ 86 538
+ 85 731
+ 85 213
+ 84 292
+ 84 758
+ 84 538
+ 83 253
+ 83 345
+ 82 544
+ 82 266
+ 82 130
+ 82 690
+ 82 408
+ 81 170
+ 80 135
+ 80 299
+ 79 90
+ 79 745
+ 78 693
+ 77 689
+ 77 758
+ 76 213
+ 76 102
+ 76 791
+ 74 185
+ 74 421
+ 74 669
+ 73 237
+ 73 438
+ 73 845
+ 73 569
+ 73 296
+ 73 837
+ 72 80
+ 72 366
+ 71 341
+ 71 661
+ 70 424
+ 70 720
+ 70 145
+ 70 608
+ 70 326
+ 69 187
+ 69 458
+ 69 247
+ 69 244
+ 69 212
+ 69 82
+ 69 278
+ 68 496
+ 68 417
+ 68 867
+ 68 624
+ 67 879
+ 67 683
+ 67 528
+ 67 336
+ 67 531
+ 67 210
+ 66 891
+ 65 128
+ 64 583
+ 64 267
+ 64 439
+ 64 882
+ 63 111
+ 63 461
+ 62 98
+ 61 713
+ 61 797
+ 61 223
+ 60 218
+ 59 390
+ 59 160
+ 59 595
+ 58 161
+ 58 118
+ 58 322
+ 58 912
+ 57 772
+ 57 902
+ 56 266
+ 55 460
+ 55 590
+ 55 708
+ 54 195
+ 54 491
+ 54 319
+ 53 786
+ 53 183
+ 52 810
+ 51 647
+ 51 77
+ 50 540
+ 49 371
+ 49 819
+ 49 344
+ 48 88
+ 48 693
+ 47 341
+ 46 256
+ 46 431
+ 46 450
+ 45 249
+ 44 883
+ 44 719
+ 43 866
+ 42 209
+ 41 413
+ 41 806
+ 40 461
+ 40 516
+ 39 805
+ 39 439
+ 39 807
+ 38 525
+ 38 589
+ 37 406
+ 37 596
+ 36 365
+ 36 709
+ 36 705
+ 36 810
+ 36 485
+ 36 229
+ 35 75
+ 35 595
+ 34 82
+ 34 256
+ 33 547
+ 33 137
+ 32 169
+ 32 220
+ 31 757
+ 31 869
+ 30 528
+ 30 747
+ 30 402
+ 29 819
+ 28 885
+ 28 100
+ 27 249
+ 27 616
+ 26 467
+ 26 784
+ 25 760
+ 24 922
+ 24 808
+ 24 332
+ 23 694
+ 23 649
+ 22 840
+ 22 36
+ 22 300
+ 22 155
+ 22 478
+ 22 923
+ 22 667
+ 22 129
+ 22 522
+ 22 734
+ 21 841
+ 21 625
+ 21 87
+ 21 892
+ 21 809
+ 20 350
+ 20 233
+ 20 479
+ 19 122
+ 19 22
+ 19 280
+ 19 455
+ 19 770
+ 18 22
+ 18 597
+ 18 675
+ 17 91
+ 17 319
+ 17 537
+ 17 658
+ 16 866
+ 16 468
+ 15 284
+ 15 539
+ 14 871
+ 13 748
+ 13 451
+ 13 234
+ 13 224
+ 12 509
+ 12 389
+ 11 737
+ 11 298
+ 10 208
+ 10 28
+ 10 484
+ 10 537
+ 10 61
+ 9 422
+ 8 210
+ 8 160
+ 7 566
+ 6 118
+ 6 379
+ 5 570
+ 5 687
+ 5 35
+ 4 488
+ 3 650
+ 3 341
+ 3 506
+ 3 193
+ 2 675
- 1 433
- 1 585
- 1 333
- 1 824
- 1 870
- 1 320
- 1 265
- 1 598
- 1 227
- 1 718
- 1 305
- 1 748
- 1 800
- 1 175
- 1 469
- 1 499
- 1 459
- 1 515
- 1 42
- 1 202
- 1 743
- 1 178
- 1 653
- 1 420
- 1 768
- 1 475
- 1 893
- 1 839
- 1 838
- 1 634
- 1 285
- 1 255
- 1 447
- 1 205
- 1 605
- 1 778
- 1 565
- 1 601
- 1 584
- 1 7
- 1 680
- 1 110
- 1 727
- 1 621
- 1 471
- 1 403
- 1 820
- 1 27
- 1 490
- 1 45
- 1 249
- 1 916
- 1 149
- 1 189
- 1 298
- 1 11
- 1 847
- 1 418
- 1 620
- 1 317
- 1 645
- 1 728
- 1 430
- 1 115
- 1 557
- 1 346
- 1 414
- 1 306
- 1 852
- 1 34
- 1 303
- 1 458
- 1 244
- 1 691
- 1 112
- 1 865
- 1 102
- 1 76
- 1 791
- 1 277
- 1 484
- 1 187
- 1 323
- 1 757
- 1 31
- 1 637
- 1 340
- 1 720
- 1 735
- 1 859
- 1 240
- 1 793
- 1 138
- 1 665
- 1 785
- 1 465
- 1 448
- 1 525
- 1 38
- 1 589
- 1 700
- 1 116
- 1 369
- 1 293
- 1 657
- 1 862
- 1 9
- 1 174
- 1 349
- 1 409
- 1 782
- 1 701
- 1 473
- 1 310
- 1 351
- 1 633
- 1 922
- 1 636
- 1 918
- 1 246
- 1 502
- 1 188
- 1 454
- 1 311
- 1 397
- 1 347
- 1 443
- 1 505
- 1 367
- 1 752
- 1 909
- 1 377
- 1 462
- 1 423
- 1 169
- 1 32
- 1 495
- 1 638
- 1 220
- 1 742
- 1 632
- 1 842
- 1 603
- 1 267
- 1 295
- 1 60
- 1 573
- 1 623
- 1 765
- 1 78
- 1 194
- 1 529
- 1 248
- 1 94
- 1 563
- 1 814
- 1 766
- 1 287
- 1 827
- 1 380
- 1 662
- 1 108
- 1 650
- 1 404
- 1 331
- 1 386
- 1 383
- 1 316
- 1 779
- 1 460
- 1 225
- 1 526
- 1 196
- 1 781
- 1 269
- 1 503
- 1 586
- 1 619
- 1 29
- 1 663
- 1 119
- 1 532
- 1 494
- 1 828
- 1 672
- 1 390
- 1 286
- 1 545
- 1 415
- 1 211
- 1 315
- 1 280
- 1 172
- 1 156
- 1 264
- 1 274
- 1 348
- 1 715
- 1 120
- 1 258
- 1 849
- 1 608
- 1 886
- 1 438
- 1 260
- 1 829
- 1 855
- 1 541
- 1 216
- 1 817
- 1 387
- 1 530
- 1 741
- 1 291
- 1 888
- 1 685
- 1 555
- 1 648
- 1 611
- 1 588
- 1 696
- 1 271
- 1 368
- 1 639
- 1 560
- 1 749
- 1 910
- 1 444
- 1 307
- 1 877
- 1 157
- 1 155
- 1 578
- 1 434
- 1 50
- 1 270
- 1 901
- 1 569
- 1 504
- 1 86
- 1 398
- 1 231
- 1 629
- 1 899
- 1 666
- 1 472
- 1 547
- 1 33
- 1 137
- 1 185
- 1 74
- 1 669
- 1 540
- 1 904
- 1 640
- 1 424
- 1 379
- 1 6
- 1 118
- 1 456
- 1 163
- 1 361
- 1 445
- 1 235
- 1 230
- 1 381
- 1 613
- 1 182
- 1 519
- 1 322
- 1 58
- 1 912
- 1 158
- 1 14
- 1 871
- 1 327
- 1 543
- 1 920
- 1 181
- 1 152
- 1 144
- 1 552
- 1 168
- 1 725
- 1 854
- 1 542
- 1 297
- 1 62
- 1 98
- 1 533
- 1 457
- 1 233
- 1 284
- 1 15
- 1 496
- 1 896
- 1 539
- 1 574
- 1 551
- 1 594
- 1 121
- 1 556
- 1 376
- 1 681
- 1 895
- 1 91
- 1 352
- 1 679
- 1 198
- 1 518
- 1 411
- 1 580
- 1 630
- 1 610
- 1 762
- 1 568
- 1 250
- 1 4
- 1 96
- 1 790
- 1 435
- 1 600
- 1 783
- 1 887
- 1 780
- 1 374
- 1 911
- 1 321
- 1 641
- 1 488
- 1 480
- 1 794
- 1 251
- 1 171
- 1 821
- 1 478
- 1 25
- 1 760
- 1 283
- 1 476
- 1 804
- 1 906
- 1 651
- 1 587
- 1 577
- 1 724
- 1 81
- 1 170
- 1 150
- 1 644
- 1 848
- 1 511
- 1 664
- 1 363
- 1 898
- 1 576
- 1 582
- 1 375
- 1 105
- 1 550
- 1 226
- 1 784
- 1 26
- 1 467
- 1 106
- 1 635
- 1 714
- 1 845
- 1 706
- 1 451
- 1 300
- 1 917
- 1 200
- 1 851
- 1 567
- 1 788
- 1 654
- 1 427
- 1 684
- 1 117
- 1 723
- 1 165
- 1 843
- 1 913
- 1 668
- 1 536
- 1 516
- 1 40
- 1 853
- 1 559
- 1 228
- 1 872
- 1 755
- 1 806
- 1 41
- 1 237
- 1 413
- 1 802
- 1 667
- 1 238
- 1 146
- 1 299
- 1 80
- 1 72
- 1 366
- 1 575
- 1 139
- 1 553
- 1 84
- 1 830
- 1 373
- 1 546
- 1 689
- 1 470
- 1 219
- 1 924
- 1 798
- 1 276
- 1 520
- 1 617
- 1 647
- 1 51
- 1 77
- 1 402
- 1 30
- 1 879
- 1 683
- 1 801
- 1 425
- 1 336
- 1 531
- 1 8
- 1 210
- 1 67
- 1 777
- 1 493
- 1 18
- 1 2
- 1 834
- 1 675
- 1 527
- 1 528
- 1 764
- 1 758
- 1 204
- 1 889
- 1 521
- 1 631
- 1 554
- 1 426
- 1 461
- 1 63
- 1 897
- 1 111
- 1 581
- 1 371
- 1 846
- 1 858
- 1 148
- 1 885
- 1 28
- 1 100
- 1 905
- 1 628
- 1 500
- 1 789
- 1 571
- 1 786
- 1 53
- 1 183
- 1 517
- 1 151
- 1 167
- 1 489
- 1 143
- 1 523
- 1 104
- 1 482
- 1 492
- 1 254
- 1 329
- 1 572
- 1 609
- 1 362
- 1 880
- 1 687
- 1 75
- 1 35
- 1 5
- 1 570
- 1 217
- 1 159
- 1 324
- 1 736
- 1 756
- 1 309
- 1 730
- 1 66
- 1 891
- 1 678
- 1 876
- 1 382
- 1 400
- 1 655
- 1 360
- 1 337
- 1 884
- 1 184
- 1 113
- 1 711
- 1 558
- 1 534
- 1 825
- 1 127
- 1 625
- 1 87
- 1 892
- 1 21
- 1 809
- 1 477
- 1 65
- 1 128
- 1 436
- 1 709
- 1 52
- 1 338
- 1 179
- 1 810
- 1 900
- 1 208
- 1 485
- 1 36
- 1 229
- 1 677
- 1 522
- 1 180
- 1 734
- 1 22
- 1 129
- 1 549
- 1 704
- 1 154
- 1 342
- 1 561
- 1 792
- 1 370
- 1 513
- 1 832
- 1 243
- 1 795
- 1 688
- 1 56
- 1 266
- 1 417
- 1 746
- 1 393
- 1 399
- 1 607
- 1 294
- 1 627
- 1 261
- 1 729
- 1 92
- 1 776
- 1 915
- 1 378
- 1 252
- 1 822
- 1 767
- 1 835
- 1 421
- 1 133
- 1 721
- 1 93
- 1 441
- 1 656
- 1 818
- 1 544
- 1 325
- 1 498
- 1 221
- 1 486
- 1 273
- 1 410
- 1 442
- 1 799
- 1 836
- 1 773
- 1 452
- 1 750
- 1 753
- 1 97
- 1 487
- 1 446
- 1 564
- 1 670
- 1 164
- 1 388
- 1 597
- 1 136
- 1 289
- 1 831
- 1 507
- 1 214
- 1 841
- 1 135
- 1 881
- 1 344
- 1 49
- 1 819
- 1 676
- 1 330
- 1 474
- 1 199
- 1 890
- 1 903
- 1 698
- 1 596
- 1 37
- 1 406
- 1 275
- 1 288
- 1 282
- 1 813
- 1 771
- 1 335
- 1 602
- 1 173
- 1 88
- 1 48
- 1 693
- 1 218
- 1 83
- 1 868
- 1 618
- 1 46
- 1 450
- 1 345
- 1 405
- 1 744
- 1 652
- 1 241
- 1 453
- 1 39
- 1 807
- 1 763
- 1 153
- 1 671
- 1 177
- 1 882
- 1 64
- 1 439
- 1 412
- 1 343
- 1 914
- 1 797
- 1 222
- 1 599
- 1 206
- 1 856
- 1 431
- 1 429
- 1 873
- 1 89
- 1 358
- 1 717
- 1 432
- 1 740
- 1 124
- 1 359
- 1 512
- 1 833
- 1 147
- 1 761
- 1 419
- 1 353
- 1 161
- 1 401
- 1 844
- 1 440
- 1 176
- 1 624
- 1 68
- 1 867
- 1 908
- 1 140
- 1 682
- 1 823
- 1 47
- 1 341
- 1 71
- 1 661
- 1 319
- 1 54
- 1 491
- 1 357
- 1 192
- 1 268
- 1 392
- 1 726
- 1 535
- 1 407
- 1 796
- 1 103
- 1 328
- 1 437
- 1 123
- 1 803
- 1 354
- 1 334
- 1 339
- 1 191
- 1 861
- 1 642
- 1 132
- 1 713
- 1 318
- 1 739
- 1 659
- 1 203
- 1 562
- 1 356
- 1 245
- 1 372
- 1 455
- 1 19
- 1 770
- 1 774
- 1 707
- 1 875
- 1 449
- 1 130
- 1 197
- 1 697
- 1 422
- 1 479
- 1 20
- 1 592
- 1 350
- 1 90
- 1 79
- 1 745
- 1 186
- 1 591
- 1 708
- 1 55
- 1 514
- 1 166
- 1 590
- 1 840
- 1 751
- 1 626
- 1 355
- 1 702
- 1 364
- 1 296
- 1 73
- 1 837
- 1 253
- 1 805
- 1 101
- 1 501
- 1 614
- 1 612
- 1 808
- 1 24
- 1 332
- 1 769
- 1 201
- 1 304
- 1 99
- 1 279
- 1 579
- 1 313
- 1 919
- 1 142
- 1 70
- 1 145
- 1 699
- 1 23
- 1 649
- 1 747
- 1 604
- 1 141
- 1 481
- 1 314
- 1 869
- 1 215
- 1 606
- 1 883
- 1 44
- 1 719
- 1 223
- 1 61
- 1 10
- 1 537
- 1 17
- 1 658
- 1 190
- 1 396
- 1 694
- 1 114
- 1 122
- 1 107
- 1 732
- 1 463
- 1 394
- 1 483
- 1 134
- 1 212
- 1 232
- 1 278
- 1 69
- 1 712
- 1 878
- 1 109
- 1 384
- 1 408
- 1 82
- 1 695
- 1 690
- 1 508
- 1 826
- 1 464
- 1 263
- 1 864
- 1 162
- 1 281
- 1 239
- 1 705
- 1 902
- 1 57
- 1 772
- 1 312
- 1 921
- 1 811
- 1 548
- 1 737
- 1 894
- 1 673
- 1 923
- 1 850
- 1 160
- 1 59
- 1 595
- 1 815
- 1 863
- 1 395
- 1 692
- 1 524
- 1 308
- 1 302
- 1 566
- 1 292
- 1 247
- 1 622
- 1 710
- 1 428
- 1 290
- 1 131
- 1 860
- 1 236
- 1 509
- 1 12
- 1 389
- 1 16
- 1 468
- 1 195
- 1 674
- 1 466
- 1 125
- 1 385
- 1 643
- 1 497
- 1 738
- 1 365
- 1 301
- 1 754
- 1 213
- 1 85
- 1 731
- 1 43
- 1 866
- 1 812
- 1 646
- 1 95
- 1 874
- 1 506
- 1 3
- 1 193
- 1 816
- 1 759
- 1 907
- 1 583
- 1 722
- 1 615
- 1 209
- 1 234
- 1 13
- 1 224
- 1 207
- 1 593
- 1 510
- 1 262
- 1 391
- 1 686
- 1 660
- 1 272
- 1 716
- 1 733
- 1 857
- 1 242
- 1 259
- 1 416
- 1 257
- 1 126
- 1 538
- 1 616
- 1 703
- 256 1
