5620
+ 1 10
+ 1 640
+ 1 405
+ 1 911
+ 1 404
+ 1 731
+ 1 503
+ 1 497
+ 1 359
+ 1 958
+ 1 132
+ 1 596
+ 1 337
+ 1 713
+ 1 707
+ 1 269
+ 1 650
+ 1 69
+ 1 460
+ 1 939
+ 1 265
+ 1 266
+ 1 798
+ 1 902
+ 1 770
+ 1 440
+ 1 703
+ 1 915
+ 1 706
+ 1 648
+ 1 36
+ 1 68
+ 1 555
+ 1 78
+ 1 378
+ 1 434
+ 1 582
+ 1 472
+ 1 762
+ 1 785
+ 1 346
+ 1 587
+ 1 150
+ 1 827
+ 1 775
+ 1 43
+ 1 573
+ 1 182
+ 1 940
+ 1 415
+ 1 901
+ 1 863
+ 1 273
+ 1 325
+ 1 961
+ 1 87
+ 1 243
+ 1 38
+ 1 943
+ 1 718
+ 1 71
+ 1 854
+ 1 411
+ 1 855
+ 1 253
+ 1 294
+ 1 900
+ 1 104
+ 1 143
+ 1 25
+ 1 672
+ 1 769
+ 1 262
+ 1 684
+ 1 696
+ 1 749
+ 1 398
+ 1 634
+ 1 396
+ 1 65
+ 1 859
+ 1 720
+ 1 538
+ 1 445
+ 1 856
+ 1 576
+ 1 44
+ 1 641
+ 1 574
+ 1 924
+ 1 768
+ 1 198
+ 1 20
+ 1 740
+ 1 974
+ 1 680
+ 1 364
+ 1 793
+ 1 499
+ 1 737
+ 1 883
+ 1 34
+ 1 676
+ 1 7
+ 1 579
+ 1 857
+ 1 949
+ 1 906
+ 1 348
+ 1 228
+ 1 55
+ 1 819
+ 1 669
+ 1 744
+ 1 534
+ 1 751
+ 1 439
+ 1 255
+ 1 935
+ 1 205
+ 1 903
+ 1 312
+ 1 562
+ 1 681
+ 1 256
+ 1 626
+ 1 823
+ 1 238
+ 1 783
+ 1 173
+ 1 663
+ 1 210
+ 1 477
+ 1 869
+ 1 167
+ 1 319
+ 1 701
+ 1 293
+ 1 333
+ 1 380
+ 1 175
+ 1 519
+ 1 161
+ 1 829
+ 1 118
+ 1 213
+ 1 957
+ 1 947
+ 1 185
+ 1 347
+ 1 666
+ 1 16
+ 1 862
+ 1 594
+ 1 471
+ 1 568
+ 1 188
+ 1 886
+ 1 527
+ 1 521
+ 1 2
+ 1 569
+ 1 442
+ 1 322
+ 1 978
+ 1 496
+ 1 413
+ 1 146
+ 1 583
+ 1 622
+ 1 537
+ 1 997
+ 1 801
+ 1 355
+ 1 554
+ 1 272
+ 1 753
+ 1 810
+ 1 784
+ 1 244
+ 1 541
+ 1 365
+ 1 436
+ 1 116
+ 1 117
+ 1 506
+ 1 542
+ 1 259
+ 1 361
+ 1 249
+ 1 647
+ 1 225
+ 1 644
+ 1 821
+ 1 804
+ 1 937
+ 1 202
+ 1 523
+ 1 119
+ 1 799
+ 1 936
+ 1 59
+ 1 766
+ 1 572
+ 1 914
+ 1 308
+ 1 115
+ 1 603
+ 1 595
+ 1 252
+ 1 399
+ 1 64
+ 1 92
+ 1 898
+ 1 151
+ 1 466
+ 1 805
+ 1 512
+ 1 459
+ 1 391
+ 1 612
+ 1 452
+ 1 861
+ 1 313
+ 1 912
+ 1 474
+ 1 710
+ 1 190
+ 1 75
+ 1 192
+ 1 665
+ 1 85
+ 1 160
+ 1 826
+ 1 408
+ 1 422
+ 1 614
+ 1 884
+ 1 204
+ 1 203
+ 1 54
+ 1 646
+ 1 89
+ 1 366
+ 1 547
+ 1 393
+ 1 777
+ 1 627
+ 1 94
+ 1 967
+ 1 771
+ 1 310
+ 1 97
+ 1 6
+ 1 739
+ 1 921
+ 1 336
+ 1 683
+ 1 248
+ 1 709
+ 1 812
+ 1 412
+ 1 30
+ 1 913
+ 1 803
+ 1 321
+ 1 105
+ 1 986
+ 1 904
+ 1 451
+ 1 121
+ 1 79
+ 1 90
+ 1 216
+ 1 463
+ 1 629
+ 1 220
+ 1 449
+ 1 456
+ 1 529
+ 1 145
+ 1 327
+ 1 383
+ 1 376
+ 1 694
+ 1 276
+ 1 363
+ 1 181
+ 1 599
+ 1 501
+ 1 811
+ 1 977
+ 1 298
+ 1 267
+ 1 717
+ 1 100
+ 1 969
+ 1 199
+ 1 74
+ 1 66
+ 1 257
+ 1 820
+ 1 433
+ 1 183
+ 1 600
+ 1 303
+ 1 386
+ 1 247
+ 1 660
+ 1 423
+ 1 922
+ 1 565
+ 1 81
+ 1 563
+ 1 948
+ 1 774
+ 1 331
+ 1 725
+ 1 372
+ 1 743
+ 1 155
+ 1 450
+ 1 485
+ 1 688
+ 1 870
+ 1 987
+ 1 772
+ 1 546
+ 1 893
+ 1 278
+ 1 530
+ 1 107
+ 1 70
+ 1 482
+ 1 633
+ 1 528
+ 1 200
+ 1 157
+ 1 125
+ 1 31
+ 1 615
+ 1 808
+ 1 654
+ 1 110
+ 1 375
+ 1 130
+ 1 211
+ 1 221
+ 1 260
+ 1 510
+ 1 86
+ 1 352
+ 1 851
+ 1 985
+ 1 955
+ 1 806
+ 1 156
+ 1 197
+ 1 165
+ 1 875
+ 1 742
+ 1 39
+ 1 509
+ 1 828
+ 1 878
+ 1 607
+ 1 291
+ 1 164
+ 1 619
+ 1 874
+ 1 286
+ 1 892
+ 1 500
+ 1 461
+ 1 702
+ 1 45
+ 1 297
+ 1 833
+ 1 632
+ 1 802
+ 1 551
+ 1 123
+ 1 849
+ 1 133
+ 1 728
+ 1 560
+ 1 236
+ 1 340
+ 1 631
+ 1 643
+ 1 617
+ 1 458
+ 1 908
+ 1 524
+ 1 368
+ 1 879
+ 1 623
+ 1 72
+ 1 206
+ 1 335
+ 1 896
+ 1 927
+ 1 618
+ 1 93
+ 1 842
+ 1 972
+ 1 860
+ 1 394
+ 1 536
+ 1 349
+ 1 448
+ 1 37
+ 1 318
+ 1 8
+ 1 495
+ 1 966
+ 1 21
+ 1 668
+ 1 871
+ 1 222
+ 1 715
+ 1 954
+ 1 758
+ 1 553
+ 1 581
+ 1 502
+ 1 970
+ 1 920
+ 1 314
+ 1 558
+ 1 888
+ 1 46
+ 1 373
+ 1 865
+ 1 76
+ 1 621
+ 1 215
+ 1 171
+ 1 304
+ 1 186
+ 1 905
+ 1 279
+ 1 705
+ 1 549
+ 1 592
+ 1 217
+ 1 880
+ 1 385
+ 1 140
+ 1 353
+ 1 602
+ 1 723
+ 1 946
+ 1 301
+ 1 126
+ 1 515
+ 1 760
+ 1 979
+ 1 682
+ 1 166
+ 1 584
+ 1 611
+ 1 406
+ 1 454
+ 1 201
+ 1 316
+ 1 992
+ 1 752
+ 1 309
+ 1 42
+ 1 226
+ 1 531
+ 1 980
+ 1 664
+ 1 571
+ 1 928
+ 1 764
+ 1 17
+ 1 518
+ 1 233
+ 1 128
+ 1 13
+ 1 673
+ 1 597
+ 1 22
+ 1 389
+ 1 246
+ 1 830
+ 1 734
+ 1 271
+ 1 815
+ 1 212
+ 1 103
+ 1 290
+ 1 818
+ 1 339
+ 1 994
+ 1 19
+ 1 417
+ 1 381
+ 1 832
+ 1 800
+ 1 792
+ 1 465
+ 1 750
+ 1 354
+ 1 350
+ 1 561
+ 1 816
+ 1 139
+ 1 693
+ 1 141
+ 1 176
+ 1 504
+ 1 120
+ 1 899
+ 1 280
+ 1 224
+ 1 689
+ 1 692
+ 1 453
+ 1 177
+ 1 719
+ 1 697
+ 1 932
+ 1 261
+ 1 170
+ 1 807
+ 1 28
+ 1 575
+ 1 652
+ 1 699
+ 1 382
+ 1 825
+ 1 973
+ 1 41
+ 1 776
+ 1 14
+ 1 748
+ 1 507
+ 1 975
+ 1 910
+ 1 218
+ 1 659
+ 1 711
+ 1 230
+ 1 960
+ 1 163
+ 1 227
+ 1 420
+ 1 756
+ 1 653
+ 1 724
+ 1 996
+ 1 491
+ 1 219
+ 1 887
+ 1 432
+ 1 387
+ 1 677
+ 1 533
+ 1 670
+ 1 84
+ 1 137
+ 1 846
+ 1 300
+ 1 144
+ 1 493
+ 1 539
+ 1 483
+ 1 788
+ 1 283
+ 1 264
+ 1 414
+ 1 184
+ 1 505
+ 1 475
+ 1 302
+ 1 695
+ 1 48
+ 1 661
+ 1 746
+ 1 371
+ 1 556
+ 1 929
+ 1 274
+ 1 179
+ 1 789
+ 1 847
+ 1 867
+ 1 3
+ 1 817
+ 1 945
+ 1 609
+ 1 149
+ 1 517
+ 1 329
+ 1 780
+ 1 999
+ 1 691
+ 1 124
+ 1 464
+ 1 421
+ 1 651
+ 1 795
+ 1 638
+ 1 993
+ 1 976
+ 1 782
+ 1 544
+ 1 786
+ 1 761
+ 1 147
+ 1 522
+ 1 153
+ 1 324
+ 1 604
+ 1 952
+ 1 759
+ 1 360
+ 1 437
+ 1 281
+ 1 657
+ 1 675
+ 1 63
+ 1 343
+ 1 513
+ 1 23
+ 1 323
+ 1 778
+ 1 610
+ 1 234
+ 1 885
+ 1 712
+ 1 401
+ 1 235
+ 1 593
+ 1 526
+ 1 532
+ 1 918
+ 1 444
+ 1 159
+ 1 416
+ 1 835
+ 1 894
+ 1 9
+ 1 645
+ 1 187
+ 1 122
+ 1 836
+ 1 487
+ 1 232
+ 1 520
+ 1 868
+ 1 345
+ 1 305
+ 1 962
+ 1 5
+ 1 877
+ 1 543
+ 1 567
+ 1 796
+ 1 678
+ 1 95
+ 1 850
+ 1 726
+ 1 881
+ 1 655
+ 1 968
+ 1 890
+ 1 963
+ 1 287
+ 1 577
+ 1 377
+ 1 794
+ 1 307
+ 1 148
+ 1 317
+ 1 552
+ 1 490
+ 1 384
+ 1 765
+ 1 467
+ 1 306
+ 1 158
+ 1 959
+ 1 853
+ 1 61
+ 1 315
+ 1 590
+ 1 468
+ 1 580
+ 1 588
+ 1 263
+ 1 630
+ 1 169
+ 1 895
+ 1 872
+ 1 180
+ 1 741
+ 1 152
+ 1 658
+ 1 251
+ 1 83
+ 1 730
+ 1 429
+ 1 410
+ 1 708
+ 1 824
+ 1 15
+ 1 950
+ 1 214
+ 1 809
+ 1 754
+ 1 635
+ 1 397
+ 1 400
+ 1 639
+ 1 882
+ 1 625
+ 1 11
+ 1 956
+ 1 690
+ 1 282
+ 1 99
+ 1 941
+ 1 32
+ 1 843
+ 1 508
+ 1 674
+ 1 489
+ 1 566
+ 1 831
+ 1 667
+ 1 223
+ 1 370
+ 1 295
+ 1 965
+ 1 736
+ 1 40
+ 1 392
+ 1 82
+ 1 535
+ 1 106
+ 1 111
+ 1 989
+ 1 938
+ 1 559
+ 1 486
+ 1 239
+ 1 781
+ 1 735
+ 1 395
+ 1 891
+ 1 729
+ 1 424
+ 1 80
+ 1 407
+ 1 662
+ 1 598
+ 1 344
+ 1 733
+ 1 755
+ 1 484
+ 1 35
+ 1 77
+ 1 443
+ 1 606
+ 1 338
+ 1 334
+ 1 53
+ 1 237
+ 1 154
+ 1 241
+ 1 270
+ 1 716
+ 1 4
+ 1 62
+ 1 548
+ 1 919
+ 1 67
+ 1 58
+ 1 923
+ 1 687
+ 1 446
+ 1 428
+ 1 790
+ 1 57
+ 1 514
+ 1 839
+ 1 52
+ 1 60
+ 1 585
+ 1 296
+ 1 330
+ 1 113
+ 1 838
+ 1 934
+ 1 492
+ 1 431
+ 1 837
+ 1 479
+ 1 686
+ 1 240
+ 1 189
+ 1 358
+ 1 438
+ 1 178
+ 1 864
+ 1 858
+ 1 721
+ 1 457
+ 1 462
+ 1 988
+ 1 984
+ 1 516
+ 1 73
+ 1 852
+ 1 455
+ 1 193
+ 1 931
+ 1 18
+ 1 56
+ 1 469
+ 1 797
+ 1 983
+ 1 242
+ 1 51
+ 1 258
+ 1 288
+ 1 430
+ 1 605
+ 1 700
+ 1 787
+ 1 897
+ 1 814
+ 1 637
+ 1 292
+ 1 136
+ 1 250
+ 1 907
+ 1 362
+ 1 24
+ 1 844
+ 1 114
+ 1 311
+ 1 435
+ 1 995
+ 1 791
+ 1 540
+ 1 698
+ 1 245
+ 1 88
+ 1 570
+ 1 964
+ 1 447
+ 1 564
+ 1 591
+ 1 679
+ 1 195
+ 1 478
+ 1 998
+ 1 488
+ 1 50
+ 1 194
+ 1 578
+ 1 930
+ 1 168
+ 1 589
+ 1 379
+ 1 109
+ 1 409
+ 1 419
+ 1 813
+ 1 138
+ 1 866
+ 1 129
+ 1 586
+ 1 545
+ 1 426
+ 1 425
+ 1 909
+ 1 112
+ 1 418
+ 1 656
+ 1 757
+ 1 616
+ 1 642
+ 1 47
+ 1 102
+ 1 685
+ 1 196
+ 1 494
+ 1 550
+ 1 916
+ 1 29
+ 1 101
+ 1 763
+ 1 108
+ 1 779
+ 1 840
+ 1 299
+ 1 473
+ 1 328
+ 1 917
+ 1 172
+ 1 289
+ 1 332
+ 1 848
+ 1 601
+ 1 134
+ 1 284
+ 1 971
+ 1 732
+ 1 834
+ 1 470
+ 1 12
+ 1 841
+ 1 624
+ 1 773
+ 1 525
+ 1 229
+ 1 845
+ 1 275
+ 1 649
+ 1 367
+ 1 982
+ 1 745
+ 1 174
+ 1 390
+ 1 403
+ 1 671
+ 1 277
+ 1 951
+ 1 511
+ 1 369
+ 1 127
+ 1 613
+ 1 876
+ 1 441
+ 1 208
+ 1 427
+ 1 767
+ 1 704
+ 1 356
+ 1 96
+ 1 91
+ 1 402
+ 1 326
+ 1 990
+ 1 268
+ 1 822
+ 1 254
+ 1 49
+ 1 209
+ 1 162
+ 1 476
+ 1 26
+ 1 320
+ 1 722
+ 1 747
+ 1 889
+ 1 925
+ 1 27
+ 1 142
+ 1 926
+ 1 628
+ 1 374
+ 1 285
+ 1 98
+ 1 480
+ 1 933
+ 1 714
+ 1 481
+ 1 620
+ 1 351
+ 1 231
+ 1 1000
+ 1 727
+ 1 207
+ 1 944
+ 1 738
+ 1 135
+ 1 498
+ 1 131
+ 1 33
+ 1 357
+ 1 942
+ 1 991
+ 1 388
+ 1 342
+ 1 191
+ 1 981
+ 1 636
+ 1 608
+ 1 873
+ 1 557
- 2 10
- 2 569
- 2 322
- 2 978
- 2 442
- 3 847
- 3 789
- 3 867
- 3 179
- 4 241
- 4 270
- 4 716
- 5 877
- 5 567
- 5 10
- 5 543
- 6 310
- 6 97
- 7 883
- 7 34
- 7 676
- 8 318
- 8 495
- 8 37
- 9 894
- 9 645
- 9 187
- 9 122
- 10 640
- 10 503
- 10 958
- 10 707
- 10 939
- 10 798
- 10 915
- 10 36
- 10 434
- 10 762
- 10 587
- 10 573
- 10 415
- 10 325
- 10 943
- 10 855
- 10 900
- 10 672
- 10 684
- 10 398
- 10 720
- 10 856
- 10 641
- 10 198
- 10 974
- 10 793
- 10 883
- 10 579
- 10 906
- 10 819
- 10 439
- 10 312
- 10 823
- 10 210
- 10 319
- 10 380
- 10 118
- 10 185
- 10 594
- 10 188
- 10 496
- 10 537
- 10 554
- 10 784
- 10 365
- 10 506
- 10 647
- 10 821
- 10 119
- 10 59
- 10 115
- 10 64
- 10 151
- 10 459
- 10 861
- 10 710
- 10 192
- 10 826
- 10 884
- 10 89
- 10 777
- 10 310
- 10 739
- 10 248
- 10 412
- 10 803
- 10 986
- 10 121
- 10 463
- 10 953
- 10 529
- 10 694
- 10 501
- 10 267
- 10 969
- 10 257
- 10 183
- 10 247
- 10 922
- 10 774
- 10 743
- 10 485
- 10 546
- 10 107
- 10 633
- 10 125
- 10 808
- 10 211
- 10 510
- 10 955
- 10 875
- 10 878
- 10 164
- 10 500
- 10 297
- 10 551
- 10 560
- 10 643
- 10 368
- 10 72
- 10 927
- 10 860
- 10 37
- 10 966
- 10 715
- 10 553
- 10 920
- 10 888
- 10 621
- 10 304
- 10 279
- 10 217
- 10 140
- 10 723
- 10 126
- 10 682
- 10 611
- 10 316
- 10 42
- 10 664
- 10 518
- 10 597
- 10 734
- 10 103
- 10 19
- 10 800
- 10 354
- 10 816
- 10 504
- 10 280
- 10 453
- 10 932
- 10 807
- 10 652
- 10 973
- 10 748
- 10 910
- 10 230
- 10 227
- 10 653
- 10 219
- 10 533
- 10 137
- 10 493
- 10 264
- 10 505
- 10 695
- 10 556
- 10 179
- 10 817
- 10 329
- 10 464
- 10 795
- 10 782
- 10 147
- 10 604
- 10 360
- 10 657
- 10 513
- 10 610
- 10 712
- 10 526
- 10 444
- 10 894
- 10 836
- 10 345
- 10 796
- 10 881
- 10 963
- 10 794
- 10 552
- 10 765
- 10 158
- 10 590
- 10 630
- 10 180
- 10 251
- 10 708
- 10 809
- 10 400
- 10 11
- 10 941
- 10 508
- 10 667
- 10 736
- 10 535
- 10 989
- 10 486
- 10 735
- 10 424
- 10 344
- 10 77
- 10 338
- 10 241
- 10 62
- 10 67
- 10 428
- 10 839
- 10 296
- 10 934
- 10 686
- 10 178
- 10 721
- 10 988
- 10 455
- 10 56
- 10 242
- 10 288
- 10 787
- 10 637
- 10 250
- 10 844
- 10 995
- 10 245
- 10 447
- 10 478
- 10 578
- 10 379
- 10 419
- 10 586
- 10 425
- 10 656
- 10 47
- 10 550
- 10 763
- 10 840
- 10 172
- 10 601
- 10 971
- 10 841
- 10 525
- 10 649
- 10 390
- 10 277
- 10 369
- 10 208
- 10 356
- 10 990
- 10 209
- 10 26
- 10 747
- 10 27
- 10 374
- 10 714
- 10 231
- 10 738
- 10 33
- 10 991
- 10 636
- 11 956
- 11 690
- 11 282
- 11 99
- 12 470
- 12 971
- 12 834
- 12 732
- 13 128
- 13 673
- 13 233
- 13 518
- 14 41
- 14 973
- 14 776
- 15 824
- 15 950
- 15 708
- 15 214
- 16 666
- 16 347
- 16 185
- 16 862
- 17 664
- 17 928
- 17 764
- 17 571
- 18 931
- 18 193
- 18 455
- 19 417
- 19 381
- 19 832
- 20 198
- 20 740
- 21 966
- 21 668
- 21 222
- 21 871
- 22 597
- 22 389
- 22 246
- 22 830
- 23 323
- 23 513
- 23 778
- 24 250
- 24 362
- 24 907
- 25 900
- 25 104
- 25 143
- 26 320
- 26 722
- 27 142
- 27 926
- 27 628
- 28 575
- 28 807
- 29 916
- 29 101
- 29 550
- 30 913
- 30 412
- 31 615
- 31 125
- 32 941
- 32 843
- 33 357
- 33 942
- 34 883
- 34 676
- 35 733
- 35 484
- 35 344
- 35 755
- 36 68
- 36 378
- 36 78
- 36 555
- 37 318
- 37 495
- 38 87
- 38 961
- 38 325
- 38 243
- 39 742
- 39 509
- 39 875
- 39 828
- 40 736
- 40 392
- 40 82
- 41 776
- 41 973
- 42 226
- 42 531
- 42 980
- 43 775
- 43 827
- 43 150
- 43 587
- 44 576
- 44 856
- 45 702
- 45 500
- 45 461
- 46 373
- 46 888
- 46 76
- 46 865
- 47 102
- 47 196
- 47 494
- 47 685
- 48 661
- 48 371
- 48 695
- 48 746
- 49 254
- 49 268
- 49 822
- 49 990
- 50 488
- 50 194
- 50 478
- 50 998
- 51 242
- 51 258
- 52 839
- 52 60
- 52 585
- 53 334
- 53 338
- 53 237
- 53 154
- 54 884
- 54 204
- 54 203
- 54 646
- 55 906
- 55 348
- 55 228
- 56 469
- 56 797
- 56 983
- 57 428
- 57 790
- 57 514
- 58 923
- 58 67
- 58 687
- 58 446
- 59 766
- 59 914
- 59 572
- 59 308
- 60 585
- 60 839
- 61 853
- 61 158
- 61 315
- 61 959
- 62 548
- 62 919
- 63 675
- 63 657
- 63 343
- 64 92
- 64 898
- 65 634
- 65 398
- 65 396
- 65 859
- 66 969
- 66 74
- 66 199
- 67 923
- 67 446
- 67 687
- 68 555
- 68 78
- 68 378
- 69 650
- 69 269
- 69 460
- 69 707
- 70 107
- 70 482
- 71 718
- 71 854
- 71 943
- 71 411
- 72 206
- 72 335
- 72 896
- 73 516
- 73 852
- 73 984
- 73 988
- 74 199
- 74 969
- 75 190
- 75 710
- 76 373
- 76 865
- 76 888
- 77 443
- 77 606
- 78 378
- 78 555
- 79 121
- 79 90
- 79 216
- 80 407
- 80 424
- 80 662
- 80 598
- 81 565
- 81 563
- 81 922
- 81 948
- 82 392
- 82 736
- 83 730
- 83 429
- 83 251
- 83 410
- 84 670
- 84 533
- 85 665
- 85 160
- 85 192
- 86 510
- 86 352
- 86 851
- 86 985
- 87 961
- 87 325
- 87 243
- 88 570
- 88 245
- 88 964
- 89 366
- 89 547
- 89 393
- 90 216
- 90 121
- 91 402
- 91 96
- 91 326
- 91 356
- 92 898
- 93 618
- 93 927
- 93 842
- 93 972
- 94 627
- 94 967
- 94 777
- 94 771
- 95 678
- 95 850
- 95 796
- 95 726
- 96 402
- 96 356
- 96 326
- 97 310
- 98 480
- 98 933
- 98 285
- 98 374
- 99 282
- 99 690
- 99 956
- 100 717
- 100 267
- 101 550
- 101 916
- 102 685
- 102 494
- 102 196
- 103 290
- 103 818
- 103 994
- 103 339
- 104 143
- 104 900
- 105 321
- 105 803
- 106 111
- 106 535
- 107 482
- 108 763
- 108 779
- 109 409
- 109 379
- 110 375
- 110 654
- 110 808
- 110 130
- 111 535
- 112 909
- 112 418
- 112 425
- 113 838
- 113 330
- 113 296
- 114 844
- 114 311
- 114 435
- 115 603
- 115 399
- 115 595
- 115 252
- 116 117
- 116 436
- 116 365
- 117 365
- 117 436
- 118 213
- 118 957
- 118 947
- 119 799
- 119 936
- 120 504
- 120 899
- 121 216
- 122 894
- 122 645
- 122 187
- 123 849
- 123 728
- 123 551
- 123 133
- 124 780
- 124 329
- 124 999
- 124 691
- 125 615
- 126 515
- 126 760
- 126 979
- 127 369
- 127 613
- 127 441
- 127 876
- 128 233
- 128 518
- 128 673
- 129 419
- 129 138
- 129 813
- 129 866
- 130 375
- 130 808
- 130 654
- 131 738
- 131 135
- 131 498
- 132 596
- 132 337
- 132 713
- 132 958
- 133 849
- 133 728
- 133 551
- 134 601
- 134 284
- 135 738
- 135 498
- 136 292
- 136 637
- 137 846
- 137 300
- 137 144
- 138 813
- 138 419
- 138 866
- 139 693
- 139 141
- 139 176
- 139 816
- 140 353
- 140 602
- 141 693
- 141 816
- 141 176
- 142 926
- 142 628
- 143 900
- 144 300
- 144 846
- 145 529
- 145 327
- 145 383
- 145 376
- 146 413
- 146 583
- 146 622
- 146 496
- 147 522
- 147 153
- 147 324
- 148 794
- 148 307
- 148 317
- 149 609
- 149 945
- 149 817
- 149 517
- 150 827
- 150 775
- 150 587
- 151 466
- 151 805
- 151 512
- 152 741
- 152 180
- 152 658
- 153 324
- 153 522
- 154 237
- 154 334
- 154 338
- 155 743
- 155 450
- 156 806
- 156 197
- 156 955
- 156 165
- 157 528
- 157 633
- 157 200
- 158 959
- 158 853
- 158 315
- 159 444
- 159 416
- 159 835
- 160 665
- 160 192
- 161 519
- 161 829
- 161 175
- 161 380
- 162 476
- 162 209
- 163 960
- 163 230
- 164 619
- 164 874
- 164 286
- 164 892
- 165 197
- 165 806
- 165 955
- 166 682
- 166 584
- 167 869
- 167 210
- 167 477
- 168 930
- 168 589
- 168 578
- 169 895
- 169 630
- 169 872
- 170 261
- 170 932
- 171 215
- 171 621
- 172 289
- 172 332
- 172 848
- 173 783
- 173 823
- 173 238
- 173 663
- 174 745
- 174 982
- 174 367
- 174 649
- 175 519
- 175 380
- 175 829
- 176 693
- 176 816
- 177 719
- 177 697
- 177 453
- 178 864
- 178 858
- 179 789
- 179 867
- 179 847
- 180 741
- 180 658
- 181 363
- 181 694
- 181 276
- 181 599
- 182 573
- 182 940
- 183 600
- 183 386
- 183 303
- 184 414
- 184 264
- 185 347
- 185 862
- 185 666
- 186 905
- 186 304
- 187 894
- 187 645
- 188 886
- 188 521
- 188 527
- 189 358
- 189 240
- 189 686
- 189 438
- 190 710
- 191 388
- 191 981
- 191 342
- 191 991
- 192 665
- 193 931
- 193 455
- 194 488
- 194 998
- 194 478
- 195 564
- 195 591
- 195 679
- 195 447
- 196 685
- 196 494
- 197 806
- 197 955
- 198 740
- 199 969
- 200 528
- 200 633
- 201 454
- 201 406
- 201 611
- 202 523
- 202 804
- 202 937
- 202 821
- 203 204
- 203 646
- 203 884
- 204 884
- 204 646
- 205 903
- 205 935
- 205 439
- 205 255
- 206 335
- 206 896
- 207 944
- 207 1000
- 207 727
- 207 231
- 208 427
- 208 704
- 208 767
- 209 476
- 210 477
- 210 869
- 211 221
- 211 260
- 212 734
- 212 815
- 212 271
- 213 957
- 213 947
- 214 950
- 214 824
- 214 708
- 215 621
- 217 880
- 217 385
- 218 910
- 218 659
- 218 711
- 219 887
- 219 432
- 219 677
- 219 387
- 220 449
- 220 629
- 220 456
- 220 463
- 221 260
- 222 966
- 222 871
- 222 668
- 223 370
- 223 965
- 223 667
- 223 295
- 224 689
- 224 280
- 224 692
- 225 647
- 225 644
- 226 531
- 226 980
- 227 420
- 227 756
- 228 348
- 228 906
- 229 525
- 229 845
- 229 275
- 230 960
- 231 1000
- 231 944
- 231 727
- 232 520
- 232 487
- 232 868
- 232 836
- 233 673
- 233 518
- 234 610
- 234 885
- 235 593
- 235 401
- 235 712
- 236 560
- 236 340
- 236 631
- 237 338
- 237 334
- 238 823
- 238 783
- 238 663
- 239 486
- 239 781
- 240 686
- 240 358
- 240 438
- 241 270
- 241 716
- 242 258
- 243 961
- 243 325
- 244 784
- 244 541
- 245 964
- 245 570
- 246 389
- 246 830
- 246 597
- 247 660
- 247 423
- 248 709
- 248 812
- 249 361
- 249 259
- 249 542
- 249 506
- 250 907
- 250 362
- 251 730
- 251 429
- 251 410
- 252 595
- 252 603
- 252 399
- 253 855
- 253 294
- 254 990
- 254 268
- 254 822
- 255 439
- 255 935
- 255 903
- 256 681
- 256 562
- 256 626
- 256 312
- 257 820
- 257 433
- 259 361
- 259 542
- 259 506
- 261 932
- 262 672
- 262 769
- 263 590
- 263 580
- 263 588
- 263 468
- 264 414
- 265 939
- 265 266
- 266 939
- 267 717
- 268 822
- 268 990
- 269 650
- 269 707
- 269 460
- 270 716
- 271 734
- 271 815
- 272 554
- 272 753
- 272 810
- 273 415
- 273 863
- 273 901
- 274 929
- 274 556
- 275 525
- 275 845
- 276 694
- 276 363
- 276 599
- 277 951
- 277 511
- 278 893
- 278 546
- 278 530
- 279 705
- 279 549
- 279 592
- 280 689
- 280 692
- 281 437
- 281 360
- 282 690
- 282 956
- 283 788
- 283 539
- 283 493
- 283 483
- 284 601
- 285 374
- 285 480
- 285 933
- 286 874
- 286 892
- 286 619
- 287 577
- 287 963
- 287 377
- 288 430
- 288 605
- 288 700
- 289 332
- 289 848
- 290 818
- 290 994
- 290 339
- 291 878
- 291 607
- 292 637
- 293 333
- 293 701
- 293 319
- 294 855
- 295 667
- 295 370
- 295 965
- 296 330
- 296 838
- 297 833
- 297 632
- 297 802
- 298 811
- 298 501
- 298 977
- 299 473
- 299 840
- 299 917
- 299 328
- 300 846
- 301 723
- 301 946
- 302 505
- 302 475
- 303 600
- 303 386
- 304 905
- 305 345
- 305 962
- 306 765
- 306 467
- 307 794
- 307 317
- 308 572
- 308 914
- 308 766
- 309 992
- 309 752
- 309 316
- 311 435
- 311 844
- 312 562
- 312 626
- 312 681
- 313 861
- 313 912
- 313 474
- 314 558
- 314 920
- 315 959
- 315 853
- 316 992
- 316 752
- 317 794
- 318 495
- 319 701
- 319 333
- 320 722
- 321 803
- 322 978
- 322 442
- 322 569
- 323 513
- 323 778
- 324 522
- 325 961
- 326 402
- 326 356
- 327 383
- 327 529
- 327 376
- 328 473
- 328 917
- 328 840
- 329 780
- 329 999
- 329 691
- 330 838
- 331 774
- 331 725
- 331 372
- 332 848
- 333 701
- 334 338
- 335 896
- 336 683
- 336 921
- 336 739
- 337 713
- 337 596
- 337 958
- 339 818
- 339 994
- 340 631
- 340 560
- 341 953
- 342 388
- 342 991
- 342 981
- 343 657
- 343 675
- 344 733
- 344 755
- 344 484
- 345 962
- 346 762
- 346 785
- 347 666
- 347 862
- 348 906
- 349 394
- 349 860
- 349 448
- 349 536
- 350 354
- 350 561
- 351 620
- 351 481
- 351 714
- 352 510
- 352 851
- 352 985
- 353 602
- 354 561
- 355 801
- 355 537
- 355 997
- 356 402
- 357 942
- 358 438
- 358 686
- 359 497
- 359 503
- 360 437
- 361 542
- 361 506
- 362 907
- 363 599
- 363 694
- 364 680
- 364 974
- 365 436
- 366 547
- 366 393
- 367 982
- 367 649
- 367 745
- 368 879
- 368 623
- 369 876
- 369 441
- 369 613
- 370 667
- 370 965
- 371 746
- 371 695
- 371 661
- 372 725
- 372 774
- 373 865
- 373 888
- 374 480
- 374 933
- 375 654
- 375 808
- 376 383
- 376 529
- 377 577
- 377 963
- 378 555
- 379 409
- 380 829
- 380 519
- 381 417
- 381 832
- 382 825
- 382 699
- 382 652
- 383 529
- 384 552
- 384 490
- 385 880
- 386 600
- 387 432
- 387 677
- 387 887
- 388 991
- 388 981
- 389 830
- 389 597
- 390 403
- 390 671
- 391 612
- 391 452
- 391 459
- 392 736
- 393 547
- 394 536
- 394 448
- 394 860
- 395 735
- 395 891
- 395 729
- 396 634
- 396 859
- 396 398
- 397 635
- 397 754
- 397 809
- 398 634
- 398 859
- 399 595
- 399 603
- 400 639
- 400 625
- 400 882
- 401 712
- 401 593
- 403 671
- 404 911
- 404 640
- 404 731
- 404 405
- 405 911
- 405 640
- 405 731
- 406 611
- 406 454
- 407 662
- 407 598
- 407 424
- 408 422
- 408 614
- 408 826
- 410 730
- 410 429
- 411 718
- 411 943
- 411 854
- 412 913
- 413 496
- 413 583
- 413 622
- 415 901
- 415 863
- 416 835
- 416 444
- 417 832
- 418 909
- 418 425
- 419 813
- 419 866
- 420 756
- 421 651
- 421 464
- 422 614
- 422 826
- 423 660
- 424 662
- 424 598
- 425 909
- 426 545
- 426 586
- 427 767
- 427 704
- 428 790
- 428 514
- 429 730
- 430 605
- 430 700
- 431 492
- 431 934
- 431 837
- 431 479
- 432 887
- 432 677
- 433 820
- 434 582
- 434 472
- 435 844
- 438 686
- 439 935
- 439 903
- 440 770
- 440 798
- 440 902
- 440 703
- 441 876
- 441 613
- 442 569
- 442 978
- 443 606
- 444 835
- 445 538
- 445 720
- 446 687
- 446 923
- 447 564
- 447 591
- 447 679
- 448 860
- 448 536
- 449 456
- 449 629
- 449 463
- 450 743
- 451 904
- 451 986
- 452 612
- 452 459
- 453 697
- 453 719
- 454 611
- 455 931
- 456 629
- 456 463
- 457 721
- 457 462
- 458 908
- 458 643
- 458 617
- 458 524
- 459 612
- 460 650
- 460 707
- 461 702
- 461 500
- 462 721
- 463 629
- 464 651
- 465 800
- 465 792
- 465 750
- 466 805
- 466 512
- 467 765
- 468 580
- 468 590
- 468 588
- 469 797
- 469 983
- 470 834
- 470 732
- 470 971
- 471 568
- 471 594
- 472 582
- 473 917
- 473 840
- 474 912
- 474 861
- 475 505
- 477 869
- 478 998
- 478 488
- 479 492
- 479 837
- 479 934
- 480 933
- 481 620
- 481 714
- 483 539
- 483 788
- 483 493
- 484 733
- 484 755
- 485 688
- 485 870
- 485 987
- 485 772
- 486 781
- 487 836
- 487 868
- 487 520
- 488 998
- 489 674
- 489 566
- 489 831
- 489 508
- 490 552
- 491 653
- 491 996
- 491 724
- 492 934
- 492 837
- 493 539
- 493 788
- 494 685
- 496 583
- 496 622
- 497 503
- 498 738
- 499 737
- 499 793
- 500 702
- 501 811
- 501 977
- 502 581
- 502 553
- 502 970
- 504 899
- 506 542
- 507 975
- 507 748
- 508 674
- 508 831
- 508 566
- 509 875
- 509 742
- 509 828
- 510 851
- 510 985
- 511 951
- 512 805
- 513 778
- 514 790
- 515 760
- 515 979
- 516 984
- 516 988
- 516 852
- 517 817
- 517 609
- 517 945
- 518 673
- 519 829
- 520 868
- 520 836
- 521 527
- 521 886
- 523 804
- 523 937
- 523 821
- 524 643
- 524 617
- 524 908
- 525 845
- 526 532
- 526 918
- 527 886
- 528 633
- 530 893
- 530 546
- 531 980
- 532 918
- 533 670
- 534 819
- 534 751
- 534 744
- 534 669
- 536 860
- 537 997
- 537 801
- 538 720
- 539 788
- 540 791
- 540 698
- 540 995
- 541 784
- 543 877
- 543 567
- 544 782
- 544 786
- 544 761
- 545 586
- 546 893
- 548 919
- 549 592
- 549 705
- 550 916
- 551 728
- 551 849
- 553 581
- 553 970
- 554 810
- 554 753
- 556 929
- 557 873
- 557 608
- 557 636
- 558 920
- 559 989
- 559 938
- 560 631
- 562 681
- 562 626
- 563 565
- 563 922
- 563 948
- 564 591
- 564 679
- 565 922
- 565 948
- 566 674
- 566 831
- 567 877
- 568 594
- 569 978
- 570 964
- 571 664
- 571 928
- 571 764
- 572 766
- 572 914
- 573 940
- 574 641
- 574 924
- 574 768
- 575 807
- 576 856
- 577 963
- 578 930
- 578 589
- 579 857
- 579 949
- 580 588
- 580 590
- 581 970
- 583 622
- 584 682
- 585 839
- 587 775
- 587 827
- 588 590
- 589 930
- 591 679
- 592 705
- 593 712
- 595 603
- 596 713
- 596 958
- 597 830
- 598 662
- 599 694
- 604 952
- 604 759
- 605 700
- 607 878
- 608 873
- 608 636
- 609 945
- 609 817
- 610 885
- 613 876
- 614 826
- 616 757
- 616 642
- 616 656
- 617 643
- 617 908
- 618 927
- 618 842
- 618 972
- 619 874
- 619 892
- 620 714
- 623 879
- 624 841
- 624 773
- 625 882
- 625 639
- 626 681
- 627 777
- 627 967
- 627 771
- 628 926
- 630 895
- 630 872
- 632 802
- 632 833
- 634 859
- 635 754
- 635 809
- 636 873
- 638 795
- 638 993
- 638 976
- 639 882
- 640 731
- 640 911
- 641 768
- 641 924
- 642 656
- 642 757
- 643 908
- 644 647
- 645 894
- 646 884
- 648 915
- 648 706
- 649 745
- 649 982
- 650 707
- 652 699
- 652 825
- 653 724
- 653 996
- 654 808
- 655 968
- 655 890
- 655 881
- 656 757
- 657 675
- 658 741
- 659 711
- 659 910
- 661 746
- 661 695
- 663 783
- 663 823
- 664 764
- 664 928
- 666 862
- 667 965
- 668 871
- 668 966
- 669 819
- 669 744
- 669 751
- 672 769
- 674 831
- 676 883
- 677 887
- 678 796
- 678 850
- 678 726
- 680 974
- 683 921
- 683 739
- 684 696
- 684 749
- 687 923
- 688 870
- 688 987
- 688 772
- 689 692
- 690 956
- 691 999
- 691 780
- 693 816
- 695 746
- 696 749
- 697 719
- 698 791
- 698 995
- 699 825
- 703 798
- 703 902
- 703 770
- 704 767
- 706 915
- 708 824
- 708 950
- 709 812
- 711 910
- 713 958
- 715 954
- 715 758
- 718 943
- 718 854
- 723 946
- 724 996
- 725 774
- 726 796
- 726 850
- 727 1000
- 727 944
- 728 849
- 729 735
- 729 891
- 731 911
- 732 834
- 732 971
- 733 755
- 734 815
- 735 891
- 737 793
- 739 921
- 742 875
- 742 828
- 744 819
- 744 751
- 745 982
- 747 889
- 747 925
- 748 975
- 750 800
- 750 792
- 751 819
- 752 992
- 753 810
- 754 809
- 758 954
- 759 952
- 760 979
- 761 786
- 761 782
- 762 785
- 763 779
- 764 928
- 766 914
- 768 924
- 770 798
- 770 902
- 771 967
- 771 777
- 772 870
- 772 987
- 773 841
- 775 827
- 776 973
- 777 967
- 780 999
- 782 786
- 783 823
- 787 897
- 787 814
- 789 847
- 789 867
- 791 995
- 792 800
- 795 993
- 795 976
- 796 850
- 797 983
- 798 902
- 799 936
- 801 997
- 802 833
- 804 821
- 804 937
- 806 955
- 811 977
- 813 866
- 814 897
- 817 945
- 818 994
- 821 937
- 822 990
- 824 950
- 828 875
- 834 971
- 836 868
- 837 934
- 840 917
- 842 927
- 842 972
- 843 941
- 847 867
- 851 985
- 852 988
- 852 984
- 853 959
- 854 943
- 857 949
- 858 864
- 861 912
- 863 901
- 865 888
- 870 987
- 871 966
- 872 895
- 874 892
- 881 890
- 881 968
- 889 925
- 890 968
- 903 935
- 904 986
- 922 948
- 927 972
- 938 989
- 944 1000
- 947 957
- 976 993
- 981 991
- 984 988
+ 973 993
+ 968 975
+ 965 994
+ 961 979
+ 960 964
+ 949 993
+ 949 973
+ 941 971
+ 936 962
+ 934 987
+ 928 940
+ 927 940
+ 927 928
+ 921 938
+ 918 942
+ 910 969
+ 910 956
+ 905 976
+ 904 915
+ 903 999
+ 900 901
+ 899 989
+ 897 907
+ 893 964
+ 893 960
+ 892 927
+ 888 939
+ 883 898
+ 881 902
+ 880 894
+ 878 922
+ 877 945
+ 876 914
+ 874 929
+ 868 951
+ 866 892
+ 861 915
+ 861 904
+ 860 994
+ 860 965
+ 859 972
+ 856 872
+ 854 878
+ 854 922
+ 850 941
+ 850 971
+ 838 843
+ 837 887
+ 836 874
+ 836 929
+ 835 914
+ 835 876
+ 834 928
+ 834 940
+ 834 927
+ 830 839
+ 827 967
+ 826 903
+ 826 999
+ 825 946
+ 825 935
+ 824 914
+ 824 876
+ 824 835
+ 823 870
+ 821 844
+ 820 871
+ 820 845
+ 819 890
+ 817 879
+ 815 869
+ 814 946
+ 813 825
+ 813 853
+ 813 935
+ 812 970
+ 811 937
+ 810 987
+ 810 934
+ 809 900
+ 809 929
+ 808 865
+ 806 832
+ 805 896
+ 802 954
+ 802 911
+ 802 907
+ 801 843
+ 801 838
+ 799 982
+ 797 986
+ 796 842
+ 794 865
+ 793 974
+ 788 855
+ 788 864
+ 786 924
+ 783 932
+ 782 943
+ 781 938
+ 781 921
+ 779 974
+ 778 990
+ 775 870
+ 775 823
+ 774 806
+ 774 832
+ 771 805
+ 771 803
+ 770 802
+ 770 954
+ 768 992
+ 768 846
+ 767 796
+ 766 868
+ 766 951
+ 765 949
+ 765 973
+ 765 985
+ 765 993
+ 763 988
+ 762 884
+ 761 809
+ 761 900
+ 758 933
+ 757 939
+ 757 864
+ 756 822
+ 752 944
+ 751 926
+ 749 828
+ 748 808
+ 748 865
+ 746 851
+ 744 926
+ 744 751
+ 743 887
+ 743 837
+ 742 878
+ 742 922
+ 742 854
+ 740 883
+ 740 898
+ 739 765
+ 738 875
+ 737 738
+ 737 875
+ 736 753
+ 735 804
+ 733 916
+ 730 991
+ 728 893
+ 728 960
+ 728 964
+ 727 800
+ 725 981
+ 725 820
+ 724 830
+ 723 858
+ 723 899
+ 723 989
+ 722 852
+ 721 913
+ 720 995
+ 719 795
+ 718 977
+ 717 725
+ 717 981
+ 715 776
+ 714 718
+ 711 881
+ 711 902
+ 709 745
+ 708 968
+ 708 975
+ 706 722
+ 704 979
+ 704 961
+ 703 731
+ 702 892
+ 702 909
+ 700 858
+ 699 715
+ 699 776
+ 698 709
+ 697 847
+ 696 983
+ 691 770
+ 691 802
+ 691 954
+ 687 804
+ 687 735
+ 685 721
+ 684 710
+ 683 925
+ 682 982
+ 682 799
+ 680 889
+ 679 723
+ 679 989
+ 679 899
+ 678 685
+ 678 721
+ 677 871
+ 677 820
+ 676 919
+ 673 909
+ 673 702
+ 672 789
+ 671 957
+ 670 823
+ 670 775
+ 670 870
+ 669 707
+ 668 845
+ 666 797
+ 666 986
+ 665 913
+ 663 828
+ 663 749
+ 663 893
+ 662 713
+ 661 957
+ 661 671
+ 658 674
+ 657 821
+ 657 844
+ 655 712
+ 654 912
+ 654 815
+ 653 912
+ 653 947
+ 652 831
+ 651 953
+ 650 773
+ 650 936
+ 649 945
+ 649 877
+ 649 672
+ 648 950
+ 647 716
+ 646 839
+ 646 830
+ 645 681
+ 644 760
+ 643 997
+ 642 840
+ 642 998
+ 639 926
+ 639 751
+ 639 744
+ 638 656
+ 637 994
+ 636 714
+ 635 689
+ 634 786
+ 634 924
+ 632 852
+ 631 696
+ 630 660
+ 629 681
+ 629 969
+ 629 910
+ 628 795
+ 628 719
+ 627 764
+ 626 650
+ 626 773
+ 625 849
+ 624 817
+ 624 879
+ 623 701
+ 622 943
+ 622 734
+ 621 742
+ 621 878
+ 621 922
+ 621 854
+ 620 659
+ 619 766
+ 619 717
+ 619 868
+ 619 951
+ 616 655
+ 616 986
+ 616 712
+ 615 792
+ 614 674
+ 614 658
+ 613 757
+ 613 864
+ 611 966
+ 610 852
+ 610 777
+ 608 791
+ 607 667
+ 606 684
+ 606 862
+ 605 787
+ 604 644
+ 604 760
+ 603 707
+ 603 669
+ 602 996
+ 602 778
+ 601 733
+ 601 916
+ 599 611
+ 596 741
+ 595 963
+ 594 872
+ 594 856
+ 593 955
+ 592 774
+ 591 633
+ 590 978
+ 588 955
+ 588 593
+ 587 693
+ 586 732
+ 585 805
+ 585 896
+ 584 947
+ 584 653
+ 584 818
+ 583 930
+ 582 654
+ 582 912
+ 581 879
+ 580 992
+ 579 975
+ 579 968
+ 579 708
+ 578 958
+ 576 853
+ 574 841
+ 573 918
+ 573 942
+ 572 779
+ 571 718
+ 571 977
+ 570 982
+ 570 799
+ 570 682
+ 568 688
+ 567 901
+ 566 941
+ 566 850
+ 566 971
+ 565 798
+ 564 764
+ 564 627
+ 563 848
+ 562 747
+ 561 569
+ 560 825
+ 560 813
+ 560 935
+ 559 784
+ 559 959
+ 558 600
+ 558 753
+ 558 736
+ 557 955
+ 555 978
+ 554 829
+ 553 988
+ 552 995
+ 552 720
+ 551 766
+ 551 833
+ 550 724
+ 549 983
+ 549 696
+ 548 733
+ 548 601
+ 548 916
+ 548 811
+ 547 794
+ 546 936
+ 546 962
+ 546 796
+ 545 600
+ 545 563
+ 544 562
+ 544 747
+ 543 885
+ 541 609
+ 540 612
+ 539 714
+ 539 636
+ 537 543
+ 537 885
+ 536 975
+ 536 708
+ 536 968
+ 536 579
+ 536 867
+ 535 604
+ 535 618
+ 534 698
+ 533 938
+ 533 781
+ 533 921
+ 532 905
+ 532 976
+ 530 589
+ 530 643
+ 530 997
+ 529 681
+ 529 645
+ 528 568
+ 528 569
+ 528 688
+ 527 602
+ 527 996
+ 526 844
+ 526 680
+ 526 889
+ 525 991
+ 525 730
+ 523 848
+ 522 941
+ 522 698
+ 522 534
+ 521 586
+ 521 732
+ 519 963
+ 519 595
+ 517 818
+ 516 840
+ 516 642
+ 515 643
+ 515 530
+ 515 997
+ 514 755
+ 513 754
+ 512 890
+ 512 819
+ 511 930
+ 511 628
+ 511 583
+ 510 956
+ 509 793
+ 509 974
+ 508 814
+ 508 946
+ 507 594
+ 507 856
+ 507 872
+ 506 557
+ 505 671
+ 505 957
+ 505 661
+ 504 576
+ 503 520
+ 502 953
+ 502 651
+ 501 808
+ 501 748
+ 501 865
+ 500 743
+ 500 615
+ 500 837
+ 500 887
+ 499 959
+ 498 848
+ 498 523
+ 497 606
+ 497 862
+ 496 631
+ 495 822
+ 495 756
+ 494 623
+ 494 701
+ 493 915
+ 492 897
+ 492 907
+ 491 999
+ 491 826
+ 491 903
+ 490 882
+ 489 640
+ 488 818
+ 488 517
+ 487 819
+ 487 890
+ 487 957
+ 487 512
+ 486 925
+ 486 683
+ 485 943
+ 485 890
+ 485 782
+ 484 980
+ 482 980
+ 482 484
+ 481 627
+ 481 556
+ 480 657
+ 480 821
+ 480 844
+ 478 690
+ 478 780
+ 477 705
+ 477 707
+ 476 790
+ 476 692
+ 474 772
+ 473 750
+ 472 886
+ 472 715
+ 471 509
+ 471 769
+ 470 509
+ 470 974
+ 470 793
+ 469 958
+ 469 578
+ 468 771
+ 468 803
+ 467 590
+ 467 978
+ 466 978
+ 466 590
+ 466 467
+ 465 631
+ 465 496
+ 465 893
+ 464 881
+ 464 711
+ 464 902
+ 463 883
+ 463 898
+ 463 740
+ 462 473
+ 462 750
+ 460 947
+ 460 653
+ 460 584
+ 459 931
+ 458 920
+ 457 648
+ 457 966
+ 456 471
+ 456 769
+ 455 504
+ 454 739
+ 453 862
+ 453 606
+ 453 497
+ 452 731
+ 452 703
+ 451 479
+ 450 572
+ 450 573
+ 450 779
+ 449 867
+ 448 713
+ 448 662
+ 447 626
+ 447 650
+ 447 773
+ 446 834
+ 446 564
+ 445 589
+ 444 634
+ 444 594
+ 444 786
+ 444 924
+ 444 911
+ 443 953
+ 443 502
+ 443 543
+ 443 651
+ 442 647
+ 442 716
+ 441 692
+ 441 980
+ 439 598
+ 438 531
+ 438 734
+ 437 508
+ 437 952
+ 436 664
+ 436 903
+ 435 687
+ 435 735
+ 435 804
+ 434 816
+ 433 631
+ 433 496
+ 433 465
+ 432 985
+ 430 641
+ 429 750
+ 428 945
+ 428 649
+ 428 877
+ 427 739
+ 427 454
+ 426 948
+ 425 763
+ 424 583
+ 424 930
+ 424 511
+ 423 731
+ 423 703
+ 423 528
+ 423 452
+ 423 884
+ 422 911
+ 421 422
+ 421 911
+ 420 595
+ 420 519
+ 420 963
+ 419 752
+ 419 806
+ 419 944
+ 418 923
+ 418 1000
+ 417 969
+ 417 910
+ 417 629
+ 416 483
+ 415 622
+ 415 734
+ 414 748
+ 414 501
+ 414 865
+ 414 808
+ 413 710
+ 413 684
+ 412 801
+ 412 461
+ 412 538
+ 411 961
+ 411 704
+ 411 655
+ 411 979
+ 410 850
+ 410 971
+ 410 566
+ 410 941
+ 409 838
+ 409 843
+ 409 801
+ 408 800
+ 407 553
+ 407 784
+ 407 988
+ 406 840
+ 406 516
+ 406 642
+ 405 918
+ 405 942
+ 405 573
+ 405 934
+ 404 572
+ 404 450
+ 404 779
+ 403 483
+ 403 416
+ 403 596
+ 402 575
+ 401 847
+ 401 561
+ 401 569
+ 400 719
+ 400 630
+ 400 758
+ 400 660
+ 399 759
+ 399 808
+ 398 571
+ 398 977
+ 398 718
+ 397 608
+ 397 791
+ 396 858
+ 396 700
+ 395 694
+ 394 603
+ 394 669
+ 394 707
+ 393 729
+ 393 547
+ 392 532
+ 392 905
+ 392 976
+ 391 454
+ 391 427
+ 391 739
+ 390 908
+ 389 472
+ 389 886
+ 388 781
+ 388 921
+ 388 533
+ 388 938
+ 387 999
+ 387 826
+ 387 903
+ 387 491
+ 386 863
+ 385 905
+ 384 607
+ 384 667
+ 383 1000
+ 383 418
+ 382 813
+ 382 560
+ 382 935
+ 382 825
+ 381 849
+ 381 625
+ 380 624
+ 380 879
+ 380 817
+ 379 480
+ 379 821
+ 379 657
+ 379 844
+ 378 727
+ 377 695
+ 376 816
+ 376 434
+ 375 510
+ 375 956
+ 374 686
+ 373 908
+ 373 390
+ 372 929
+ 372 430
+ 372 874
+ 372 836
+ 371 542
+ 370 923
+ 369 952
+ 368 599
+ 368 611
+ 367 523
+ 367 498
+ 367 848
+ 365 775
+ 365 915
+ 365 861
+ 365 904
+ 364 493
+ 363 540
+ 362 521
+ 362 732
+ 362 586
+ 361 660
+ 361 630
+ 361 400
+ 360 638
+ 360 656
+ 359 440
+ 359 811
+ 358 451
+ 358 479
+ 357 555
+ 356 441
+ 356 692
+ 354 517
+ 354 818
+ 354 488
+ 353 617
+ 353 869
+ 353 815
+ 352 746
+ 352 851
+ 352 513
+ 351 785
+ 350 449
+ 350 867
+ 349 493
+ 349 364
+ 348 478
+ 348 690
+ 347 724
+ 347 550
+ 347 497
+ 346 776
+ 346 730
+ 346 991
+ 346 525
+ 344 891
+ 343 587
+ 343 693
+ 343 737
+ 342 903
+ 342 675
+ 341 587
+ 341 693
+ 341 659
+ 341 343
+ 340 859
+ 340 972
+ 339 589
+ 339 445
+ 338 686
+ 338 374
+ 337 965
+ 337 860
+ 337 994
+ 336 603
+ 336 707
+ 336 394
+ 336 669
+ 335 917
+ 335 579
+ 334 932
+ 334 783
+ 333 792
+ 333 615
+ 332 866
+ 332 892
+ 331 493
+ 331 364
+ 331 349
+ 330 776
+ 330 715
+ 330 699
+ 329 686
+ 329 768
+ 329 846
+ 328 961
+ 328 429
+ 326 504
+ 326 455
+ 326 830
+ 325 785
+ 325 351
+ 324 986
+ 324 666
+ 324 797
+ 323 596
+ 323 741
+ 322 936
+ 322 962
+ 322 546
+ 321 513
+ 321 402
+ 321 754
+ 320 827
+ 320 931
+ 320 967
+ 319 858
+ 319 396
+ 319 700
+ 319 490
+ 318 647
+ 318 716
+ 318 442
+ 317 758
+ 317 933
+ 316 778
+ 316 891
+ 316 990
+ 315 787
+ 315 605
+ 314 345
+ 313 674
+ 313 658
+ 313 614
+ 312 801
+ 312 950
+ 312 648
+ 311 855
+ 311 970
+ 311 812
+ 310 894
+ 310 880
+ 309 751
+ 309 639
+ 309 744
+ 309 926
+ 307 597
+ 306 596
+ 306 323
+ 306 741
+ 306 787
+ 304 897
+ 304 492
+ 304 907
+ 303 780
+ 302 386
+ 302 863
+ 300 847
+ 300 697
+ 299 676
+ 299 919
+ 299 380
+ 298 431
+ 297 598
+ 297 762
+ 297 884
+ 296 403
+ 296 849
+ 296 625
+ 296 381
+ 296 735
+ 295 372
+ 295 836
+ 295 929
+ 295 874
+ 294 459
+ 294 931
+ 293 807
+ 293 905
+ 292 355
+ 291 455
+ 291 504
+ 291 326
+ 290 889
+ 290 680
+ 290 526
+ 289 591
+ 289 633
+ 288 923
+ 288 370
+ 288 578
+ 287 712
+ 287 616
+ 287 655
+ 286 386
+ 286 863
+ 286 302
+ 286 586
+ 285 581
+ 284 897
+ 284 492
+ 284 907
+ 284 304
+ 283 759
+ 283 696
+ 283 399
+ 282 563
+ 281 524
+ 280 783
+ 280 633
+ 280 591
+ 280 289
+ 279 446
+ 278 882
+ 278 490
+ 278 590
+ 277 984
+ 276 871
+ 276 820
+ 276 677
+ 275 827
+ 275 320
+ 275 639
+ 275 967
+ 274 292
+ 274 355
+ 273 308
+ 272 310
+ 272 894
+ 272 880
+ 271 543
+ 271 537
+ 271 885
+ 270 475
+ 269 752
+ 269 944
+ 269 419
+ 268 347
+ 268 724
+ 268 550
+ 267 545
+ 267 600
+ 266 895
+ 266 676
+ 265 438
+ 265 531
+ 264 728
+ 264 893
+ 264 960
+ 264 964
+ 263 765
+ 263 993
+ 263 973
+ 263 949
+ 262 615
+ 262 641
+ 262 430
+ 261 817
+ 261 624
+ 261 380
+ 261 879
+ 260 371
+ 260 542
+ 259 760
+ 259 604
+ 259 644
+ 258 697
+ 258 847
+ 258 300
+ 257 847
+ 257 300
+ 257 258
+ 257 697
+ 256 562
+ 256 544
+ 256 747
+ 255 696
+ 255 983
+ 255 549
+ 254 563
+ 254 282
+ 253 800
+ 253 408
+ 252 645
+ 252 529
+ 252 681
+ 251 790
+ 251 639
+ 251 476
+ 250 535
+ 250 618
+ 249 780
+ 249 303
+ 248 841
+ 248 574
+ 247 804
+ 247 506
+ 247 557
+ 246 503
+ 246 327
+ 246 520
+ 245 558
+ 245 736
+ 245 753
+ 244 871
+ 244 276
+ 244 820
+ 244 677
+ 243 449
+ 243 867
+ 243 493
+ 243 350
+ 242 952
+ 242 437
+ 241 959
+ 241 499
+ 240 656
+ 240 638
+ 240 360
+ 240 426
+ 239 939
+ 239 888
+ 238 906
+ 237 305
+ 236 517
+ 236 818
+ 236 488
+ 236 354
+ 235 425
+ 235 763
+ 234 458
+ 234 920
+ 233 853
+ 233 576
+ 232 710
+ 232 684
+ 232 413
+ 231 266
+ 231 895
+ 230 384
+ 230 667
+ 230 607
+ 230 234
+ 229 963
+ 229 948
+ 229 426
+ 228 448
+ 228 495
+ 228 822
+ 228 756
+ 227 539
+ 227 235
+ 227 714
+ 227 636
+ 226 917
+ 226 667
+ 226 335
+ 225 571
+ 225 398
+ 225 458
+ 225 718
+ 225 977
+ 224 318
+ 224 727
+ 224 378
+ 223 593
+ 223 955
+ 223 588
+ 222 798
+ 222 565
+ 221 260
+ 221 612
+ 221 540
+ 220 285
+ 220 581
+ 219 981
+ 219 717
+ 219 725
+ 218 805
+ 218 896
+ 218 585
+ 217 454
+ 217 872
+ 217 427
+ 217 739
+ 217 391
+ 216 989
+ 216 906
+ 216 238
+ 216 747
+ 215 347
+ 215 724
+ 215 268
+ 215 550
+ 214 689
+ 214 635
+ 213 232
+ 213 684
+ 213 710
+ 213 413
+ 212 297
+ 212 762
+ 212 884
+ 211 238
+ 211 906
+ 211 216
+ 210 887
+ 210 743
+ 210 500
+ 210 614
+ 210 837
+ 209 995
+ 209 552
+ 209 720
+ 208 559
+ 208 784
+ 207 859
+ 207 494
+ 207 340
+ 207 972
+ 206 716
+ 206 647
+ 206 318
+ 206 442
+ 205 538
+ 205 742
+ 204 829
+ 204 554
+ 204 883
+ 203 250
+ 203 618
+ 203 535
+ 203 527
+ 202 884
+ 202 212
+ 202 297
+ 202 762
+ 201 631
+ 201 433
+ 201 496
+ 201 465
+ 200 957
+ 200 661
+ 200 671
+ 200 505
+ 199 665
+ 199 913
+ 198 945
+ 198 428
+ 198 877
+ 198 649
+ 197 597
+ 197 307
+ 196 446
+ 196 279
+ 195 241
+ 195 959
+ 195 499
+ 195 781
+ 194 654
+ 194 912
+ 194 582
+ 193 649
+ 193 755
+ 193 514
+ 192 474
+ 192 772
+ 191 709
+ 191 745
+ 190 665
+ 190 913
+ 190 199
+ 189 873
+ 189 503
+ 188 987
+ 188 684
+ 188 934
+ 188 810
+ 187 456
+ 187 769
+ 187 471
+ 186 306
+ 186 741
+ 186 596
+ 186 323
+ 185 531
+ 185 265
+ 185 663
+ 185 438
+ 184 248
+ 183 796
+ 183 842
+ 182 895
+ 182 231
+ 182 711
+ 182 266
+ 181 833
+ 181 551
+ 180 852
+ 180 632
+ 179 690
+ 179 478
+ 179 848
+ 179 348
+ 178 617
+ 177 301
+ 177 556
+ 176 608
+ 176 732
+ 176 791
+ 176 397
+ 175 985
+ 175 274
+ 175 432
+ 174 342
+ 174 675
+ 173 327
+ 172 591
+ 172 633
+ 172 280
+ 172 289
+ 172 177
+ 171 577
+ 171 914
+ 170 477
+ 170 705
+ 169 503
+ 169 520
+ 169 246
+ 168 726
+ 167 173
+ 167 327
+ 167 290
+ 166 356
+ 166 441
+ 166 692
+ 165 506
+ 165 247
+ 165 557
+ 164 461
+ 164 412
+ 163 637
+ 162 322
+ 162 962
+ 162 546
+ 162 936
+ 161 729
+ 161 393
+ 160 998
+ 159 537
+ 159 451
+ 159 358
+ 159 479
+ 158 486
+ 158 785
+ 158 938
+ 158 351
+ 158 325
+ 157 852
+ 157 180
+ 157 632
+ 156 575
+ 156 402
+ 156 377
+ 155 580
+ 155 909
+ 155 992
+ 154 429
+ 154 328
+ 153 838
+ 153 409
+ 153 843
+ 153 801
+ 152 385
+ 151 937
+ 151 811
+ 150 390
+ 150 908
+ 150 373
+ 149 551
+ 149 833
+ 149 181
+ 148 658
+ 148 305
+ 148 671
+ 148 237
+ 147 176
+ 147 617
+ 147 178
+ 146 511
+ 146 377
+ 146 695
+ 145 518
+ 145 833
+ 144 780
+ 144 249
+ 144 303
+ 143 434
+ 143 375
+ 143 376
+ 143 816
+ 141 659
+ 141 620
+ 140 366
+ 139 266
+ 139 182
+ 139 231
+ 139 895
+ 138 592
+ 137 457
+ 137 966
+ 136 431
+ 136 298
+ 135 310
+ 135 272
+ 135 368
+ 135 894
+ 135 880
+ 134 481
+ 134 556
+ 133 913
+ 133 393
+ 133 199
+ 133 665
+ 133 190
+ 132 299
+ 132 919
+ 132 676
+ 131 774
+ 131 806
+ 131 832
+ 130 298
+ 130 431
+ 130 136
+ 129 277
+ 129 984
+ 128 355
+ 128 292
+ 128 274
+ 127 482
+ 127 140
+ 127 366
+ 127 207
+ 126 700
+ 126 858
+ 126 319
+ 126 396
+ 125 726
+ 125 168
+ 124 597
+ 124 307
+ 124 197
+ 124 707
+ 123 659
+ 123 620
+ 123 141
+ 122 998
+ 122 160
+ 121 524
+ 121 610
+ 121 777
+ 120 237
+ 120 305
+ 120 148
+ 119 686
+ 119 726
+ 119 125
+ 119 168
+ 118 177
+ 118 301
+ 117 129
+ 117 277
+ 117 984
+ 116 248
+ 116 577
+ 116 171
+ 115 167
+ 115 173
+ 115 327
+ 114 184
+ 113 314
+ 113 345
+ 113 733
+ 112 242
+ 112 952
+ 112 437
+ 111 113
+ 111 314
+ 111 272
+ 111 345
+ 110 132
+ 110 299
+ 110 919
+ 110 676
+ 109 965
+ 109 480
+ 109 994
+ 109 337
+ 109 860
+ 108 187
+ 108 286
+ 108 769
+ 108 456
+ 108 471
+ 107 453
+ 107 606
+ 107 862
+ 107 497
+ 106 439
+ 106 598
+ 105 609
+ 105 541
+ 104 123
+ 104 141
+ 104 652
+ 104 659
+ 104 620
+ 103 831
+ 103 652
+ 102 961
+ 102 704
+ 102 979
+ 102 411
+ 101 689
+ 101 925
+ 101 486
+ 101 683
+ 100 986
+ 100 163
+ 100 637
+ 99 688
+ 99 528
+ 99 568
+ 98 515
+ 98 530
+ 98 249
+ 98 643
+ 98 997
+ 97 385
+ 97 152
+ 97 445
+ 96 177
+ 96 118
+ 96 301
+ 95 807
+ 95 697
+ 95 293
+ 94 267
+ 94 545
+ 94 600
+ 93 604
+ 93 787
+ 93 605
+ 93 315
+ 92 506
+ 92 247
+ 92 557
+ 92 165
+ 91 285
+ 91 758
+ 91 933
+ 91 317
+ 90 972
+ 90 859
+ 90 340
+ 90 207
+ 89 789
+ 89 672
+ 88 430
+ 88 262
+ 88 641
+ 87 918
+ 87 942
+ 87 573
+ 87 405
+ 86 406
+ 86 516
+ 86 642
+ 86 840
+ 85 967
+ 85 275
+ 85 320
+ 85 827
+ 84 623
+ 84 701
+ 84 494
+ 83 983
+ 83 255
+ 83 696
+ 83 549
+ 82 154
+ 82 328
+ 82 429
+ 81 363
+ 80 502
+ 80 1000
+ 80 418
+ 80 383
+ 79 823
+ 79 870
+ 79 932
+ 79 775
+ 79 670
+ 78 662
+ 78 713
+ 78 448
+ 77 740
+ 77 463
+ 77 883
+ 77 898
+ 76 558
+ 76 753
+ 76 245
+ 76 736
+ 75 766
+ 75 868
+ 75 619
+ 75 951
+ 74 712
+ 74 616
+ 74 655
+ 74 287
+ 73 595
+ 73 420
+ 73 963
+ 73 519
+ 72 447
+ 72 352
+ 72 650
+ 72 773
+ 72 626
+ 71 998
+ 71 593
+ 71 588
+ 71 223
+ 71 955
+ 70 538
+ 70 205
+ 69 114
+ 69 236
+ 69 184
+ 68 692
+ 68 441
+ 68 166
+ 68 356
+ 67 600
+ 67 545
+ 67 94
+ 67 267
+ 66 459
+ 66 720
+ 66 294
+ 66 931
+ 65 462
+ 65 256
+ 65 544
+ 65 562
+ 65 747
+ 64 833
+ 64 551
+ 64 149
+ 64 181
+ 63 273
+ 63 373
+ 63 308
+ 63 541
+ 62 946
+ 62 508
+ 62 814
+ 61 722
+ 61 706
+ 61 130
+ 60 845
+ 60 668
+ 60 274
+ 59 767
+ 59 840
+ 58 745
+ 58 191
+ 58 89
+ 58 709
+ 57 168
+ 57 119
+ 57 726
+ 57 752
+ 57 125
+ 56 685
+ 56 721
+ 56 678
+ 56 883
+ 55 531
+ 55 185
+ 55 265
+ 55 438
+ 54 389
+ 54 472
+ 54 886
+ 54 941
+ 53 857
+ 53 681
+ 52 524
+ 52 76
+ 52 281
+ 51 799
+ 51 876
+ 51 682
+ 51 570
+ 51 982
+ 50 142
+ 50 730
+ 49 305
+ 49 148
+ 49 237
+ 49 120
+ 48 161
+ 48 729
+ 48 393
+ 47 856
+ 47 872
+ 47 594
+ 47 507
+ 46 834
+ 46 940
+ 46 928
+ 46 927
+ 45 767
+ 45 59
+ 44 53
+ 44 197
+ 44 857
+ 43 106
+ 43 468
+ 43 598
+ 43 439
+ 42 117
+ 42 277
+ 42 984
+ 42 318
+ 42 635
+ 42 129
+ 41 541
+ 41 640
+ 41 489
+ 40 489
+ 40 640
+ 40 822
+ 40 41
+ 39 81
+ 39 78
+ 39 363
+ 38 408
+ 38 901
+ 38 567
+ 37 652
+ 37 888
+ 37 939
+ 37 239
+ 36 451
+ 36 479
+ 36 358
+ 36 159
+ 35 375
+ 35 956
+ 35 510
+ 34 192
+ 34 475
+ 34 270
+ 33 376
+ 33 755
+ 33 514
+ 33 193
+ 32 656
+ 32 638
+ 32 240
+ 32 578
+ 32 360
+ 31 592
+ 31 475
+ 31 138
+ 30 390
+ 30 150
+ 30 970
+ 30 908
+ 30 373
+ 29 555
+ 29 357
+ 29 897
+ 28 559
+ 28 784
+ 28 208
+ 27 679
+ 27 989
+ 27 899
+ 27 723
+ 26 738
+ 26 737
+ 26 451
+ 26 875
+ 25 160
+ 25 998
+ 25 122
+ 24 378
+ 24 224
+ 24 727
+ 23 50
+ 23 142
+ 23 881
+ 21 694
+ 21 342
+ 21 204
+ 21 395
+ 20 776
+ 20 715
+ 20 699
+ 20 330
+ 19 922
+ 19 222
+ 19 798
+ 19 565
+ 19 170
+ 18 609
+ 18 541
+ 18 105
+ 17 855
+ 17 788
+ 16 547
+ 16 794
+ 15 548
+ 15 601
+ 15 733
+ 15 916
+ 14 344
+ 14 682
+ 14 891
+ 13 24
+ 13 727
+ 13 224
+ 13 378
+ 12 519
+ 12 436
+ 12 664
+ 11 873
+ 11 189
+ 11 192
+ 10 173
+ 10 327
+ 10 115
+ 10 167
+ 9 343
+ 9 587
+ 9 341
+ 9 693
+ 8 477
+ 8 170
+ 8 705
+ 7 34
+ 7 270
+ 7 475
+ 6 145
+ 6 218
+ 6 518
+ 5 371
+ 5 542
+ 5 260
+ 5 623
+ 4 552
+ 4 359
+ 4 440
+ 3 211
+ 3 238
+ 3 216
+ 3 906
+ 2 152
+ 2 385
+ 2 97
- 1 282
- 1 254
- 1 339
- 1 2
- 1 807
- 1 688
- 1 568
- 1 99
- 1 731
- 1 703
- 1 452
- 1 981
- 1 786
- 1 634
- 1 924
- 1 691
- 1 954
- 1 770
- 1 882
- 1 211
- 1 3
- 1 906
- 1 238
- 1 873
- 1 474
- 1 772
- 1 338
- 1 374
- 1 580
- 1 673
- 1 764
- 1 118
- 1 96
- 1 301
- 1 449
- 1 968
- 1 975
- 1 708
- 1 425
- 1 241
- 1 214
- 1 531
- 1 265
- 1 55
- 1 828
- 1 749
- 1 759
- 1 16
- 1 665
- 1 685
- 1 740
- 1 463
- 1 77
- 1 898
- 1 999
- 1 826
- 1 387
- 1 491
- 1 948
- 1 953
- 1 273
- 1 308
- 1 640
- 1 81
- 1 790
- 1 827
- 1 85
- 1 459
- 1 995
- 1 151
- 1 937
- 1 310
- 1 599
- 1 164
- 1 461
- 1 70
- 1 798
- 1 222
- 1 565
- 1 603
- 1 394
- 1 336
- 1 669
- 1 597
- 1 307
- 1 969
- 1 850
- 1 971
- 1 566
- 1 410
- 1 389
- 1 991
- 1 132
- 1 110
- 1 795
- 1 575
- 1 447
- 1 687
- 1 483
- 1 416
- 1 760
- 1 644
- 1 259
- 1 250
- 1 618
- 1 344
- 1 114
- 1 582
- 1 194
- 1 521
- 1 362
- 1 572
- 1 646
- 1 839
- 1 112
- 1 369
- 1 952
- 1 242
- 1 437
- 1 814
- 1 62
- 1 508
- 1 946
- 1 382
- 1 825
- 1 560
- 1 935
- 1 813
- 1 853
- 1 233
- 1 576
- 1 455
- 1 504
- 1 291
- 1 326
- 1 830
- 1 724
- 1 268
- 1 215
- 1 550
- 1 347
- 1 453
- 1 107
- 1 497
- 1 862
- 1 606
- 1 213
- 1 710
- 1 232
- 1 413
- 1 684
- 1 987
- 1 810
- 1 188
- 1 934
- 1 405
- 1 87
- 1 918
- 1 942
- 1 573
- 1 450
- 1 404
- 1 779
- 1 470
- 1 793
- 1 974
- 1 509
- 1 456
- 1 187
- 1 769
- 1 471
- 1 108
- 1 386
- 1 863
- 1 302
- 1 286
- 1 586
- 1 732
- 1 608
- 1 791
- 1 397
- 1 176
- 1 178
- 1 147
- 1 617
- 1 869
- 1 353
- 1 815
- 1 654
- 1 912
- 1 947
- 1 653
- 1 460
- 1 584
- 1 818
- 1 517
- 1 488
- 1 354
- 1 236
- 1 69
- 1 184
- 1 841
- 1 574
- 1 248
- 1 577
- 1 116
- 1 171
- 1 914
- 1 824
- 1 835
- 1 876
- 1 799
- 1 982
- 1 51
- 1 570
- 1 682
- 1 14
- 1 891
- 1 990
- 1 316
- 1 778
- 1 602
- 1 996
- 1 527
- 1 203
- 1 535
- 1 604
- 1 93
- 1 315
- 1 605
- 1 787
- 1 306
- 1 741
- 1 323
- 1 186
- 1 596
- 1 403
- 1 849
- 1 625
- 1 381
- 1 296
- 1 735
- 1 435
- 1 804
- 1 506
- 1 92
- 1 165
- 1 247
- 1 557
- 1 593
- 1 588
- 1 223
- 1 955
- 1 71
- 1 160
- 1 122
- 1 25
- 1 998
- 1 516
- 1 406
- 1 642
- 1 86
- 1 840
- 1 59
- 1 45
- 1 767
- 1 183
- 1 842
- 1 796
- 1 962
- 1 162
- 1 546
- 1 322
- 1 936
- 1 650
- 1 773
- 1 626
- 1 72
- 1 746
- 1 851
- 1 352
- 1 513
- 1 754
- 1 321
- 1 402
- 1 156
- 1 377
- 1 695
- 1 146
- 1 424
- 1 930
- 1 583
- 1 511
- 1 628
- 1 719
- 1 660
- 1 630
- 1 361
- 1 400
- 1 758
- 1 933
- 1 317
- 1 91
- 1 285
- 1 220
- 1 581
- 1 261
- 1 879
- 1 624
- 1 817
- 1 380
- 1 299
- 1 919
- 1 676
- 1 266
- 1 231
- 1 895
- 1 139
- 1 182
- 1 464
- 1 902
- 1 711
- 1 881
- 1 23
- 1 142
- 1 50
- 1 730
- 1 525
- 1 346
- 1 776
- 1 699
- 1 20
- 1 330
- 1 715
- 1 472
- 1 886
- 1 54
- 1 941
- 1 522
- 1 534
- 1 698
- 1 191
- 1 745
- 1 709
- 1 58
- 1 789
- 1 89
- 1 672
- 1 945
- 1 428
- 1 877
- 1 198
- 1 649
- 1 755
- 1 514
- 1 193
- 1 33
- 1 434
- 1 376
- 1 816
- 1 143
- 1 375
- 1 510
- 1 35
- 1 956
- 1 910
- 1 417
- 1 629
- 1 252
- 1 645
- 1 529
- 1 681
- 1 53
- 1 857
- 1 44
- 1 197
- 1 124
- 1 707
- 1 477
- 1 8
- 1 705
- 1 170
- 1 19
- 1 878
- 1 922
- 1 621
- 1 854
- 1 742
- 1 205
- 1 538
- 1 412
- 1 409
- 1 838
- 1 843
- 1 153
- 1 801
- 1 950
- 1 312
- 1 648
- 1 457
- 1 137
- 1 966
- 1 611
- 1 368
- 1 135
- 1 894
- 1 880
- 1 272
- 1 111
- 1 314
- 1 345
- 1 113
- 1 733
- 1 15
- 1 601
- 1 916
- 1 548
- 1 811
- 1 359
- 1 440
- 1 4
- 1 552
- 1 209
- 1 720
- 1 66
- 1 294
- 1 931
- 1 320
- 1 967
- 1 275
- 1 309
- 1 926
- 1 751
- 1 744
- 1 639
- 1 251
- 1 476
- 1 68
- 1 356
- 1 692
- 1 166
- 1 441
- 1 980
- 1 484
- 1 482
- 1 140
- 1 366
- 1 127
- 1 859
- 1 972
- 1 340
- 1 90
- 1 207
- 1 84
- 1 701
- 1 494
- 1 623
- 1 5
- 1 371
- 1 542
- 1 260
- 1 221
- 1 612
- 1 540
- 1 363
- 1 39
- 1 662
- 1 713
- 1 78
- 1 448
- 1 495
- 1 756
- 1 228
- 1 822
- 1 40
- 1 489
- 1 41
- 1 609
- 1 18
- 1 105
- 1 541
- 1 63
- 1 390
- 1 908
- 1 150
- 1 373
- 1 30
- 1 970
- 1 812
- 1 311
- 1 855
- 1 17
- 1 788
- 1 613
- 1 864
- 1 757
- 1 939
- 1 888
- 1 239
- 1 37
- 1 103
- 1 831
- 1 652
- 1 123
- 1 141
- 1 620
- 1 104
- 1 659
- 1 587
- 1 693
- 1 9
- 1 341
- 1 343
- 1 737
- 1 738
- 1 875
- 1 26
- 1 451
- 1 479
- 1 358
- 1 36
- 1 159
- 1 537
- 1 271
- 1 885
- 1 543
- 1 443
- 1 651
- 1 502
- 1 383
- 1 80
- 1 1000
- 1 418
- 1 923
- 1 370
- 1 288
- 1 958
- 1 469
- 1 578
- 1 638
- 1 656
- 1 360
- 1 32
- 1 240
- 1 426
- 1 229
- 1 420
- 1 73
- 1 963
- 1 595
- 1 519
- 1 12
- 1 664
- 1 436
- 1 903
- 1 174
- 1 675
- 1 342
- 1 694
- 1 395
- 1 21
- 1 829
- 1 554
- 1 204
- 1 883
- 1 56
- 1 678
- 1 721
- 1 913
- 1 199
- 1 190
- 1 133
- 1 161
- 1 729
- 1 48
- 1 393
- 1 547
- 1 794
- 1 748
- 1 501
- 1 414
- 1 865
- 1 808
- 1 399
- 1 283
- 1 983
- 1 255
- 1 83
- 1 549
- 1 696
- 1 631
- 1 496
- 1 201
- 1 433
- 1 465
- 1 728
- 1 964
- 1 264
- 1 960
- 1 893
- 1 663
- 1 185
- 1 438
- 1 415
- 1 734
- 1 622
- 1 943
- 1 782
- 1 485
- 1 890
- 1 819
- 1 512
- 1 487
- 1 957
- 1 661
- 1 505
- 1 200
- 1 671
- 1 49
- 1 237
- 1 305
- 1 120
- 1 148
- 1 674
- 1 313
- 1 658
- 1 614
- 1 210
- 1 743
- 1 837
- 1 887
- 1 500
- 1 333
- 1 792
- 1 615
- 1 262
- 1 641
- 1 88
- 1 430
- 1 372
- 1 836
- 1 295
- 1 874
- 1 929
- 1 809
- 1 761
- 1 900
- 1 901
- 1 567
- 1 38
- 1 253
- 1 408
- 1 800
- 1 727
- 1 24
- 1 378
- 1 13
- 1 224
- 1 716
- 1 647
- 1 206
- 1 442
- 1 318
- 1 277
- 1 117
- 1 984
- 1 129
- 1 42
- 1 635
- 1 689
- 1 101
- 1 925
- 1 683
- 1 486
- 1 785
- 1 351
- 1 325
- 1 158
- 1 938
- 1 388
- 1 533
- 1 921
- 1 781
- 1 195
- 1 499
- 1 959
- 1 559
- 1 208
- 1 28
- 1 784
- 1 407
- 1 553
- 1 988
- 1 763
- 1 235
- 1 539
- 1 636
- 1 227
- 1 714
- 1 398
- 1 718
- 1 571
- 1 977
- 1 225
- 1 458
- 1 920
- 1 234
- 1 230
- 1 607
- 1 384
- 1 667
- 1 226
- 1 917
- 1 335
- 1 579
- 1 536
- 1 867
- 1 350
- 1 243
- 1 364
- 1 349
- 1 331
- 1 493
- 1 861
- 1 915
- 1 904
- 1 365
- 1 775
- 1 823
- 1 870
- 1 670
- 1 79
- 1 932
- 1 334
- 1 783
- 1 280
- 1 591
- 1 633
- 1 289
- 1 172
- 1 177
- 1 134
- 1 556
- 1 481
- 1 627
- 1 564
- 1 196
- 1 279
- 1 446
- 1 834
- 1 940
- 1 928
- 1 46
- 1 927
- 1 866
- 1 332
- 1 892
- 1 702
- 1 909
- 1 155
- 1 992
- 1 768
- 1 846
- 1 329
- 1 686
- 1 726
- 1 119
- 1 168
- 1 125
- 1 57
- 1 752
- 1 269
- 1 944
- 1 419
- 1 806
- 1 131
- 1 832
- 1 774
- 1 592
- 1 138
- 1 31
- 1 7
- 1 475
- 1 270
- 1 34
- 1 192
- 1 11
- 1 189
- 1 503
- 1 520
- 1 169
- 1 246
- 1 173
- 1 327
- 1 115
- 1 10
- 1 167
- 1 889
- 1 680
- 1 290
- 1 526
- 1 821
- 1 657
- 1 379
- 1 844
- 1 480
- 1 337
- 1 109
- 1 860
- 1 965
- 1 994
- 1 163
- 1 637
- 1 100
- 1 324
- 1 797
- 1 666
- 1 986
- 1 712
- 1 616
- 1 74
- 1 287
- 1 655
- 1 704
- 1 102
- 1 411
- 1 979
- 1 961
- 1 82
- 1 154
- 1 328
- 1 429
- 1 473
- 1 750
- 1 462
- 1 562
- 1 65
- 1 544
- 1 256
- 1 747
- 1 216
- 1 989
- 1 679
- 1 899
- 1 27
- 1 723
- 1 858
- 1 126
- 1 396
- 1 700
- 1 319
- 1 490
- 1 278
- 1 590
- 1 466
- 1 467
- 1 978
- 1 555
- 1 357
- 1 29
- 1 897
- 1 304
- 1 284
- 1 492
- 1 907
- 1 802
- 1 422
- 1 421
- 1 911
- 1 444
- 1 856
- 1 594
- 1 47
- 1 507
- 1 872
- 1 217
- 1 454
- 1 427
- 1 391
- 1 739
- 1 949
- 1 263
- 1 973
- 1 993
- 1 765
- 1 985
- 1 432
- 1 175
- 1 355
- 1 292
- 1 128
- 1 274
- 1 60
- 1 668
- 1 845
- 1 871
- 1 276
- 1 244
- 1 677
- 1 820
- 1 725
- 1 219
- 1 717
- 1 868
- 1 619
- 1 75
- 1 951
- 1 766
- 1 551
- 1 181
- 1 64
- 1 149
- 1 833
- 1 145
- 1 518
- 1 6
- 1 218
- 1 585
- 1 896
- 1 805
- 1 771
- 1 803
- 1 468
- 1 43
- 1 439
- 1 106
- 1 598
- 1 297
- 1 202
- 1 762
- 1 212
- 1 884
- 1 423
- 1 528
- 1 561
- 1 569
- 1 401
- 1 847
- 1 257
- 1 258
- 1 300
- 1 697
- 1 95
- 1 293
- 1 532
- 1 976
- 1 392
- 1 905
- 1 385
- 1 152
- 1 97
- 1 445
- 1 589
- 1 515
- 1 643
- 1 530
- 1 997
- 1 98
- 1 249
- 1 144
- 1 303
- 1 780
- 1 478
- 1 690
- 1 348
- 1 179
- 1 523
- 1 498
- 1 367
- 1 848
- 1 563
- 1 545
- 1 94
- 1 67
- 1 267
- 1 600
- 1 558
- 1 245
- 1 753
- 1 736
- 1 76
- 1 52
- 1 281
- 1 524
- 1 121
- 1 777
- 1 610
- 1 157
- 1 632
- 1 180
- 1 852
- 1 722
- 1 706
- 61 1
