7970
+ 1 844
+ 1 780
+ 1 523
+ 1 199
+ 1 2
+ 1 425
+ 1 983
+ 1 866
+ 1 514
+ 1 36
+ 1 722
+ 1 875
+ 1 128
+ 1 200
+ 1 794
+ 1 108
+ 1 145
+ 1 714
+ 1 674
+ 1 522
+ 1 184
+ 1 288
+ 1 297
+ 1 662
+ 1 373
+ 1 161
+ 1 455
+ 1 208
+ 1 371
+ 1 512
+ 1 215
+ 1 966
+ 1 57
+ 1 859
+ 1 483
+ 1 357
+ 1 150
+ 1 17
+ 1 60
+ 1 364
+ 1 659
+ 1 964
+ 1 459
+ 1 358
+ 1 61
+ 1 598
+ 1 293
+ 1 961
+ 1 162
+ 1 553
+ 1 35
+ 1 496
+ 1 972
+ 1 158
+ 1 711
+ 1 709
+ 1 137
+ 1 166
+ 1 656
+ 1 815
+ 1 620
+ 1 450
+ 1 478
+ 1 644
+ 1 82
+ 1 869
+ 1 936
+ 1 134
+ 1 686
+ 1 979
+ 1 109
+ 1 924
+ 1 788
+ 1 848
+ 1 372
+ 1 367
+ 1 770
+ 1 627
+ 1 945
+ 1 702
+ 1 701
+ 1 175
+ 1 380
+ 1 353
+ 1 258
+ 1 464
+ 1 864
+ 1 584
+ 1 116
+ 1 843
+ 1 727
+ 1 255
+ 1 765
+ 1 515
+ 1 346
+ 1 429
+ 1 197
+ 1 771
+ 1 667
+ 1 704
+ 1 292
+ 1 359
+ 1 58
+ 1 533
+ 1 605
+ 1 606
+ 1 18
+ 1 377
+ 1 495
+ 1 153
+ 1 569
+ 1 529
+ 1 218
+ 1 525
+ 1 398
+ 1 500
+ 1 412
+ 1 454
+ 1 305
+ 1 577
+ 1 913
+ 1 110
+ 1 456
+ 1 448
+ 1 246
+ 1 247
+ 1 554
+ 1 410
+ 1 336
+ 1 971
+ 1 477
+ 1 990
+ 1 705
+ 1 16
+ 1 882
+ 1 437
+ 1 497
+ 1 29
+ 1 221
+ 1 751
+ 1 736
+ 1 521
+ 1 708
+ 1 609
+ 1 303
+ 1 655
+ 1 697
+ 1 385
+ 1 544
+ 1 401
+ 1 115
+ 1 957
+ 1 66
+ 1 4
+ 1 556
+ 1 272
+ 1 235
+ 1 189
+ 1 853
+ 1 479
+ 1 511
+ 1 484
+ 1 571
+ 1 96
+ 1 733
+ 1 168
+ 1 664
+ 1 299
+ 1 181
+ 1 642
+ 1 738
+ 1 308
+ 1 637
+ 1 931
+ 1 487
+ 1 805
+ 1 638
+ 1 835
+ 1 914
+ 1 589
+ 1 264
+ 1 689
+ 1 74
+ 1 39
+ 1 984
+ 1 395
+ 1 917
+ 1 170
+ 1 806
+ 1 248
+ 1 723
+ 1 947
+ 1 502
+ 1 126
+ 1 548
+ 1 570
+ 1 319
+ 1 995
+ 1 861
+ 1 472
+ 1 542
+ 1 499
+ 1 183
+ 1 414
+ 1 21
+ 1 378
+ 1 46
+ 1 916
+ 1 629
+ 1 270
+ 1 347
+ 1 773
+ 1 976
+ 1 177
+ 1 803
+ 1 910
+ 1 648
+ 1 879
+ 1 559
+ 1 389
+ 1 438
+ 1 27
+ 1 850
+ 1 224
+ 1 812
+ 1 498
+ 1 832
+ 1 67
+ 1 99
+ 1 877
+ 1 132
+ 1 261
+ 1 834
+ 1 251
+ 1 690
+ 1 989
+ 1 56
+ 1 476
+ 1 239
+ 1 883
+ 1 520
+ 1 182
+ 1 717
+ 1 113
+ 1 563
+ 1 973
+ 1 604
+ 1 180
+ 1 847
+ 1 608
+ 1 579
+ 1 928
+ 1 436
+ 1 943
+ 1 892
+ 1 112
+ 1 839
+ 1 352
+ 1 279
+ 1 617
+ 1 807
+ 1 475
+ 1 828
+ 1 669
+ 1 822
+ 1 278
+ 1 783
+ 1 30
+ 1 23
+ 1 343
+ 1 419
+ 1 681
+ 1 470
+ 1 902
+ 1 510
+ 1 615
+ 1 940
+ 1 282
+ 1 960
+ 1 600
+ 1 724
+ 1 439
+ 1 268
+ 1 955
+ 1 287
+ 1 663
+ 1 829
+ 1 494
+ 1 445
+ 1 781
+ 1 43
+ 1 474
+ 1 222
+ 1 214
+ 1 992
+ 1 603
+ 1 816
+ 1 802
+ 1 379
+ 1 857
+ 1 329
+ 1 753
+ 1 939
+ 1 420
+ 1 959
+ 1 575
+ 1 313
+ 1 552
+ 1 274
+ 1 212
+ 1 458
+ 1 176
+ 1 868
+ 1 152
+ 1 338
+ 1 3
+ 1 362
+ 1 237
+ 1 314
+ 1 265
+ 1 593
+ 1 315
+ 1 22
+ 1 747
+ 1 635
+ 1 530
+ 1 799
+ 1 804
+ 1 858
+ 1 970
+ 1 958
+ 1 985
+ 1 14
+ 1 15
+ 1 492
+ 1 295
+ 1 919
+ 1 50
+ 1 922
+ 1 886
+ 1 996
+ 1 325
+ 1 387
+ 1 26
+ 1 435
+ 1 977
+ 1 640
+ 1 281
+ 1 821
+ 1 974
+ 1 7
+ 1 950
+ 1 399
+ 1 720
+ 1 340
+ 1 673
+ 1 114
+ 1 801
+ 1 40
+ 1 59
+ 1 249
+ 1 899
+ 1 889
+ 1 952
+ 1 443
+ 1 482
+ 1 441
+ 1 468
+ 1 209
+ 1 827
+ 1 699
+ 1 142
+ 1 874
+ 1 85
+ 1 687
+ 1 833
+ 1 607
+ 1 111
+ 1 651
+ 1 830
+ 1 823
+ 1 206
+ 1 428
+ 1 932
+ 1 545
+ 1 232
+ 1 323
+ 1 100
+ 1 905
+ 1 465
+ 1 24
+ 1 696
+ 1 840
+ 1 762
+ 1 750
+ 1 904
+ 1 489
+ 1 566
+ 1 269
+ 1 876
+ 1 937
+ 1 856
+ 1 930
+ 1 650
+ 1 375
+ 1 991
+ 1 289
+ 1 978
+ 1 710
+ 1 758
+ 1 463
+ 1 646
+ 1 386
+ 1 342
+ 1 384
+ 1 256
+ 1 226
+ 1 271
+ 1 895
+ 1 316
+ 1 624
+ 1 524
+ 1 185
+ 1 796
+ 1 103
+ 1 925
+ 1 64
+ 1 818
+ 1 135
+ 1 65
+ 1 391
+ 1 236
+ 1 75
+ 1 631
+ 1 654
+ 1 294
+ 1 601
+ 1 881
+ 1 749
+ 1 809
+ 1 549
+ 1 639
+ 1 321
+ 1 233
+ 1 918
+ 1 513
+ 1 503
+ 1 795
+ 1 729
+ 1 298
+ 1 417
+ 1 761
+ 1 585
+ 1 320
+ 1 784
+ 1 105
+ 1 810
+ 1 691
+ 1 628
+ 1 540
+ 1 698
+ 1 302
+ 1 10
+ 1 77
+ 1 102
+ 1 851
+ 1 369
+ 1 718
+ 1 643
+ 1 611
+ 1 382
+ 1 20
+ 1 202
+ 1 645
+ 1 909
+ 1 228
+ 1 987
+ 1 935
+ 1 695
+ 1 580
+ 1 746
+ 1 599
+ 1 284
+ 1 151
+ 1 390
+ 1 846
+ 1 238
+ 1 141
+ 1 561
+ 1 431
+ 1 449
+ 1 167
+ 1 572
+ 1 741
+ 1 587
+ 1 793
+ 1 466
+ 1 72
+ 1 198
+ 1 107
+ 1 779
+ 1 737
+ 1 616
+ 1 31
+ 1 897
+ 1 906
+ 1 776
+ 1 933
+ 1 825
+ 1 461
+ 1 921
+ 1 290
+ 1 675
+ 1 101
+ 1 888
+ 1 457
+ 1 602
+ 1 427
+ 1 824
+ 1 219
+ 1 220
+ 1 583
+ 1 873
+ 1 69
+ 1 434
+ 1 647
+ 1 311
+ 1 622
+ 1 324
+ 1 867
+ 1 266
+ 1 739
+ 1 471
+ 1 908
+ 1 225
+ 1 626
+ 1 42
+ 1 953
+ 1 104
+ 1 201
+ 1 307
+ 1 245
+ 1 982
+ 1 994
+ 1 339
+ 1 676
+ 1 680
+ 1 44
+ 1 666
+ 1 488
+ 1 536
+ 1 143
+ 1 791
+ 1 546
+ 1 165
+ 1 193
+ 1 330
+ 1 327
+ 1 769
+ 1 831
+ 1 949
+ 1 195
+ 1 713
+ 1 682
+ 1 574
+ 1 532
+ 1 590
+ 1 6
+ 1 774
+ 1 404
+ 1 871
+ 1 227
+ 1 946
+ 1 117
+ 1 93
+ 1 551
+ 1 715
+ 1 164
+ 1 668
+ 1 147
+ 1 558
+ 1 491
+ 1 172
+ 1 742
+ 1 351
+ 1 250
+ 1 127
+ 1 826
+ 1 480
+ 1 527
+ 1 129
+ 1 11
+ 1 242
+ 1 144
+ 1 693
+ 1 252
+ 1 187
+ 1 159
+ 1 121
+ 1 276
+ 1 83
+ 1 683
+ 1 506
+ 1 862
+ 1 348
+ 1 13
+ 1 47
+ 1 573
+ 1 370
+ 1 550
+ 1 535
+ 1 331
+ 1 838
+ 1 694
+ 1 870
+ 1 334
+ 1 778
+ 1 337
+ 1 671
+ 1 941
+ 1 365
+ 1 942
+ 1 19
+ 1 283
+ 1 854
+ 1 411
+ 1 131
+ 1 539
+ 1 140
+ 1 87
+ 1 361
+ 1 975
+ 1 614
+ 1 493
+ 1 623
+ 1 819
+ 1 291
+ 1 526
+ 1 734
+ 1 980
+ 1 94
+ 1 452
+ 1 148
+ 1 775
+ 1 757
+ 1 68
+ 1 469
+ 1 309
+ 1 986
+ 1 332
+ 1 37
+ 1 78
+ 1 317
+ 1 517
+ 1 865
+ 1 139
+ 1 33
+ 1 900
+ 1 808
+ 1 190
+ 1 678
+ 1 490
+ 1 231
+ 1 657
+ 1 588
+ 1 53
+ 1 890
+ 1 160
+ 1 55
+ 1 25
+ 1 418
+ 1 125
+ 1 896
+ 1 712
+ 1 578
+ 1 956
+ 1 726
+ 1 898
+ 1 422
+ 1 820
+ 1 38
+ 1 841
+ 1 280
+ 1 929
+ 1 368
+ 1 658
+ 1 149
+ 1 92
+ 1 963
+ 1 811
+ 1 133
+ 1 442
+ 1 618
+ 1 89
+ 1 677
+ 1 789
+ 1 653
+ 1 402
+ 1 433
+ 1 903
+ 1 120
+ 1 845
+ 1 967
+ 1 171
+ 1 752
+ 1 728
+ 1 49
+ 1 767
+ 1 641
+ 1 81
+ 1 887
+ 1 186
+ 1 349
+ 1 91
+ 1 174
+ 1 405
+ 1 814
+ 1 392
+ 1 731
+ 1 467
+ 1 485
+ 1 204
+ 1 505
+ 1 501
+ 1 912
+ 1 735
+ 1 234
+ 1 745
+ 1 296
+ 1 136
+ 1 782
+ 1 423
+ 1 528
+ 1 969
+ 1 163
+ 1 124
+ 1 376
+ 1 901
+ 1 312
+ 1 798
+ 1 262
+ 1 178
+ 1 5
+ 1 672
+ 1 768
+ 1 531
+ 1 915
+ 1 772
+ 1 473
+ 1 516
+ 1 408
+ 1 244
+ 1 240
+ 1 586
+ 1 764
+ 1 878
+ 1 444
+ 1 634
+ 1 70
+ 1 301
+ 1 993
+ 1 630
+ 1 652
+ 1 981
+ 1 188
+ 1 519
+ 1 679
+ 1 610
+ 1 32
+ 1 763
+ 1 157
+ 1 196
+ 1 223
+ 1 661
+ 1 52
+ 1 755
+ 1 28
+ 1 885
+ 1 842
+ 1 51
+ 1 88
+ 1 760
+ 1 277
+ 1 207
+ 1 440
+ 1 792
+ 1 374
+ 1 538
+ 1 565
+ 1 923
+ 1 988
+ 1 754
+ 1 407
+ 1 688
+ 1 836
+ 1 592
+ 1 907
+ 1 685
+ 1 582
+ 1 300
+ 1 968
+ 1 649
+ 1 322
+ 1 446
+ 1 852
+ 1 216
+ 1 34
+ 1 397
+ 1 122
+ 1 893
+ 1 217
+ 1 557
+ 1 797
+ 1 432
+ 1 155
+ 1 138
+ 1 597
+ 1 333
+ 1 210
+ 1 275
+ 1 253
+ 1 581
+ 1 328
+ 1 285
+ 1 486
+ 1 394
+ 1 777
+ 1 625
+ 1 229
+ 1 360
+ 1 73
+ 1 267
+ 1 409
+ 1 191
+ 1 962
+ 1 462
+ 1 400
+ 1 304
+ 1 860
+ 1 416
+ 1 670
+ 1 508
+ 1 345
+ 1 341
+ 1 156
+ 1 273
+ 1 665
+ 1 817
+ 1 9
+ 1 396
+ 1 721
+ 1 62
+ 1 413
+ 1 787
+ 1 594
+ 1 366
+ 1 194
+ 1 837
+ 1 430
+ 1 894
+ 1 79
+ 1 363
+ 1 424
+ 1 254
+ 1 507
+ 1 451
+ 1 310
+ 1 692
+ 1 383
+ 1 192
+ 1 393
+ 1 335
+ 1 354
+ 1 356
+ 1 481
+ 1 76
+ 1 555
+ 1 938
+ 1 911
+ 1 350
+ 1 884
+ 1 509
+ 1 743
+ 1 633
+ 1 306
+ 1 504
+ 1 130
+ 1 632
+ 1 849
+ 1 388
+ 1 813
+ 1 318
+ 1 740
+ 1 560
+ 1 730
+ 1 855
+ 1 744
+ 1 660
+ 1 95
+ 1 790
+ 1 119
+ 1 257
+ 1 725
+ 1 86
+ 1 80
+ 1 381
+ 1 619
+ 1 562
+ 1 98
+ 1 63
+ 1 934
+ 1 732
+ 1 460
+ 1 863
+ 1 534
+ 1 84
+ 1 243
+ 1 621
+ 1 719
+ 1 920
+ 1 453
+ 1 759
+ 1 355
+ 1 447
+ 1 154
+ 1 205
+ 1 786
+ 1 426
+ 1 567
+ 1 259
+ 1 613
+ 1 568
+ 1 716
+ 1 421
+ 1 263
+ 1 703
+ 1 944
+ 1 766
+ 1 169
+ 1 700
+ 1 748
+ 1 54
+ 1 45
+ 1 146
+ 1 997
+ 1 707
+ 1 518
+ 1 97
+ 1 344
+ 1 173
+ 1 636
+ 1 8
+ 1 596
+ 1 612
+ 1 123
+ 1 406
+ 1 800
+ 1 951
+ 1 684
+ 1 48
+ 1 12
+ 1 880
+ 1 543
+ 1 948
+ 1 203
+ 1 326
+ 1 891
+ 1 90
+ 1 230
+ 1 541
+ 1 118
+ 1 595
+ 1 179
+ 1 872
+ 1 260
+ 1 547
+ 1 591
+ 1 954
+ 1 211
+ 1 564
+ 1 106
+ 1 785
+ 1 71
+ 1 926
+ 1 537
+ 1 756
+ 1 965
+ 1 213
+ 1 403
+ 1 286
+ 1 927
+ 1 706
- 2 199
- 2 425
- 2 41
- 2 415
- 2 866
- 2 523
- 2 20
- 2 844
- 3 338
- 3 362
- 3 593
- 3 970
- 3 624
- 4 66
- 4 556
- 4 957
- 4 189
- 4 511
- 4 479
- 4 853
- 5 672
- 5 768
- 5 621
- 5 178
- 5 473
- 5 262
- 5 920
- 5 719
- 6 590
- 6 574
- 6 532
- 6 774
- 6 351
- 6 480
- 6 404
- 7 974
- 7 950
- 7 720
- 7 281
- 7 640
- 8 808
- 8 636
- 8 139
- 8 707
- 8 317
- 8 33
- 8 344
- 8 518
- 8 517
- 9 817
- 9 396
- 9 273
- 9 366
- 9 363
- 9 594
- 9 194
- 10 964
- 10 17
- 10 293
- 10 598
- 10 553
- 10 459
- 10 961
- 11 129
- 11 242
- 11 83
- 11 693
- 11 121
- 11 159
- 11 683
- 12 684
- 12 104
- 12 982
- 12 994
- 12 880
- 13 47
- 13 348
- 13 838
- 13 862
- 13 331
- 13 539
- 14 15
- 14 316
- 14 985
- 14 338
- 14 958
- 14 624
- 14 492
- 15 492
- 15 435
- 15 316
- 15 958
- 15 919
- 16 882
- 16 705
- 16 401
- 16 655
- 16 497
- 16 697
- 16 437
- 17 150
- 17 60
- 17 964
- 17 358
- 17 598
- 17 357
- 18 606
- 18 605
- 18 377
- 18 495
- 18 153
- 18 58
- 19 942
- 19 778
- 20 576
- 20 199
- 20 425
- 20 780
- 20 415
- 21 414
- 21 378
- 21 347
- 21 183
- 21 270
- 21 629
- 22 315
- 22 747
- 22 212
- 22 552
- 22 530
- 22 959
- 22 458
- 22 274
- 23 30
- 23 343
- 23 781
- 23 43
- 23 681
- 23 783
- 24 696
- 24 465
- 24 489
- 24 750
- 24 904
- 24 710
- 24 463
- 25 55
- 25 418
- 25 263
- 25 716
- 25 568
- 25 421
- 25 748
- 26 387
- 26 435
- 26 492
- 26 325
- 26 919
- 26 295
- 27 850
- 27 224
- 27 438
- 27 834
- 27 132
- 27 877
- 27 389
- 27 910
- 28 755
- 28 885
- 28 277
- 28 374
- 28 760
- 28 836
- 28 538
- 28 88
- 29 221
- 29 751
- 29 497
- 29 708
- 29 971
- 29 609
- 30 783
- 30 379
- 30 681
- 30 419
- 30 494
- 30 287
- 31 616
- 31 897
- 31 737
- 31 107
- 31 198
- 32 610
- 32 763
- 32 679
- 32 157
- 32 661
- 33 900
- 33 139
- 33 707
- 33 78
- 33 517
- 33 344
- 34 397
- 34 216
- 34 557
- 34 893
- 35 496
- 35 293
- 35 459
- 35 553
- 35 698
- 35 961
- 35 972
- 36 514
- 36 722
- 36 200
- 36 794
- 36 382
- 37 78
- 37 596
- 37 612
- 37 332
- 37 68
- 37 986
- 37 469
- 38 820
- 38 841
- 38 92
- 38 149
- 38 811
- 38 567
- 39 74
- 39 984
- 39 947
- 39 723
- 39 395
- 39 806
- 39 654
- 40 801
- 40 59
- 40 482
- 40 441
- 40 889
- 40 249
- 40 443
- 41 844
- 41 523
- 41 645
- 41 780
- 42 953
- 42 626
- 42 891
- 42 543
- 42 225
- 42 948
- 42 326
- 42 908
- 43 474
- 43 222
- 43 781
- 43 214
- 43 278
- 43 822
- 44 680
- 44 994
- 44 666
- 44 800
- 44 676
- 44 48
- 45 146
- 45 716
- 45 54
- 45 568
- 45 748
- 45 421
- 45 263
- 45 712
- 46 499
- 46 861
- 46 378
- 46 916
- 47 862
- 47 252
- 47 187
- 47 348
- 47 573
- 47 539
- 48 684
- 48 307
- 48 994
- 48 951
- 48 676
- 49 767
- 49 967
- 49 752
- 49 120
- 49 728
- 50 295
- 50 919
- 50 922
- 50 387
- 50 977
- 51 842
- 51 88
- 51 582
- 51 688
- 51 907
- 51 754
- 52 755
- 52 440
- 52 792
- 52 538
- 52 610
- 52 661
- 52 923
- 53 890
- 53 700
- 53 169
- 53 588
- 53 766
- 53 231
- 53 657
- 54 263
- 54 748
- 54 146
- 54 890
- 54 55
- 55 263
- 55 160
- 55 944
- 55 748
- 55 890
- 56 476
- 56 989
- 56 928
- 56 796
- 56 185
- 56 690
- 57 859
- 57 364
- 57 966
- 57 369
- 57 357
- 57 851
- 57 718
- 57 483
- 57 60
- 58 533
- 58 513
- 58 359
- 58 529
- 58 218
- 59 249
- 59 889
- 59 899
- 59 482
- 59 443
- 60 150
- 60 357
- 60 364
- 60 102
- 61 358
- 61 598
- 61 553
- 61 150
- 61 964
- 61 972
- 62 413
- 62 424
- 62 721
- 62 451
- 62 79
- 62 257
- 62 594
- 63 934
- 63 732
- 63 893
- 63 98
- 63 460
- 63 863
- 64 925
- 64 818
- 64 773
- 65 818
- 65 925
- 65 414
- 65 773
- 65 347
- 66 549
- 66 957
- 66 749
- 66 272
- 66 115
- 66 544
- 66 809
- 67 832
- 67 99
- 67 796
- 67 185
- 68 469
- 68 757
- 68 865
- 68 78
- 68 986
- 68 596
- 68 517
- 69 873
- 69 434
- 69 908
- 70 878
- 70 634
- 70 301
- 70 444
- 70 630
- 70 240
- 71 228
- 71 785
- 71 935
- 71 926
- 71 965
- 71 987
- 71 537
- 72 198
- 72 466
- 72 921
- 72 107
- 72 616
- 73 360
- 73 155
- 73 328
- 73 267
- 73 462
- 73 962
- 74 689
- 74 264
- 74 248
- 74 984
- 75 319
- 75 236
- 75 995
- 75 126
- 75 548
- 76 481
- 76 555
- 76 393
- 76 692
- 76 119
- 76 790
- 76 95
- 77 598
- 77 964
- 77 364
- 78 317
- 78 865
- 78 986
- 79 363
- 79 366
- 79 594
- 79 817
- 79 396
- 79 787
- 79 721
- 80 416
- 80 860
- 80 86
- 80 285
- 81 641
- 81 887
- 81 91
- 81 136
- 81 349
- 82 644
- 82 869
- 82 134
- 82 478
- 82 298
- 82 450
- 82 979
- 83 683
- 83 121
- 83 117
- 83 946
- 83 276
- 83 527
- 83 129
- 83 551
- 84 907
- 84 322
- 84 534
- 84 300
- 85 687
- 85 874
- 85 827
- 85 384
- 85 142
- 85 386
- 85 699
- 85 342
- 86 777
- 86 508
- 87 140
- 87 361
- 87 941
- 88 760
- 88 688
- 88 592
- 88 836
- 89 618
- 89 677
- 89 426
- 89 653
- 89 402
- 89 963
- 89 786
- 90 891
- 90 201
- 90 953
- 90 880
- 90 543
- 90 104
- 91 349
- 91 174
- 91 405
- 91 735
- 91 745
- 92 841
- 92 658
- 92 956
- 92 149
- 92 820
- 93 551
- 93 117
- 93 668
- 93 715
- 94 671
- 94 361
- 94 980
- 94 526
- 94 140
- 95 350
- 95 481
- 95 335
- 95 555
- 95 354
- 96 733
- 96 571
- 96 181
- 96 189
- 96 642
- 96 484
- 97 518
- 97 808
- 97 707
- 97 190
- 97 490
- 98 562
- 98 460
- 98 217
- 98 934
- 98 893
- 98 122
- 98 557
- 99 877
- 99 989
- 99 251
- 99 832
- 99 690
- 100 905
- 100 323
- 100 762
- 100 428
- 100 750
- 100 696
- 101 888
- 101 779
- 101 897
- 101 602
- 101 872
- 101 457
- 101 737
- 102 364
- 102 851
- 102 215
- 102 718
- 102 483
- 102 369
- 102 966
- 103 879
- 103 773
- 103 925
- 103 135
- 103 648
- 103 976
- 104 953
- 104 201
- 104 543
- 104 230
- 105 320
- 105 137
- 105 761
- 105 784
- 105 417
- 106 564
- 106 695
- 106 785
- 106 935
- 106 403
- 106 926
- 107 779
- 107 198
- 107 897
- 107 933
- 107 466
- 107 616
- 108 794
- 108 145
- 108 522
- 108 184
- 108 714
- 108 455
- 108 722
- 109 979
- 109 924
- 109 644
- 109 686
- 109 848
- 109 843
- 110 305
- 110 456
- 110 639
- 110 913
- 110 246
- 110 448
- 110 736
- 111 607
- 111 651
- 111 823
- 111 142
- 111 874
- 111 830
- 112 892
- 112 839
- 112 352
- 112 973
- 112 617
- 113 563
- 113 717
- 113 476
- 113 239
- 113 847
- 113 436
- 113 579
- 114 673
- 114 801
- 114 889
- 114 952
- 114 899
- 114 443
- 115 957
- 115 401
- 115 809
- 115 385
- 115 705
- 116 924
- 116 864
- 116 372
- 116 848
- 116 843
- 117 946
- 117 683
- 117 527
- 118 427
- 118 888
- 118 602
- 118 541
- 118 824
- 118 266
- 119 310
- 119 692
- 119 451
- 119 192
- 119 257
- 120 845
- 120 171
- 120 728
- 120 903
- 120 967
- 120 641
- 120 767
- 120 752
- 121 276
- 121 129
- 121 159
- 122 397
- 122 893
- 122 934
- 122 216
- 122 863
- 123 614
- 123 775
- 123 309
- 124 376
- 124 901
- 124 163
- 124 621
- 124 453
- 124 920
- 124 719
- 125 418
- 125 896
- 125 568
- 125 898
- 125 712
- 125 578
- 125 146
- 125 613
- 126 502
- 126 548
- 126 236
- 126 472
- 126 542
- 126 631
- 127 250
- 127 195
- 127 826
- 127 574
- 128 983
- 128 875
- 128 199
- 128 200
- 128 611
- 128 514
- 128 425
- 129 527
- 129 159
- 129 551
- 130 504
- 130 632
- 130 306
- 131 550
- 131 334
- 131 411
- 131 539
- 131 854
- 131 694
- 132 877
- 132 438
- 132 261
- 132 498
- 132 224
- 132 834
- 133 811
- 133 963
- 133 442
- 133 618
- 134 450
- 134 686
- 134 815
- 134 644
- 134 869
- 134 298
- 135 818
- 135 803
- 135 879
- 136 171
- 136 186
- 136 887
- 136 845
- 136 745
- 137 166
- 137 709
- 137 417
- 138 432
- 138 597
- 138 333
- 138 155
- 138 400
- 138 267
- 139 865
- 139 596
- 139 707
- 139 636
- 140 526
- 140 734
- 140 365
- 140 671
- 140 361
- 141 238
- 141 284
- 141 561
- 141 449
- 142 874
- 142 687
- 142 833
- 142 699
- 142 206
- 142 651
- 143 791
- 143 536
- 143 327
- 143 680
- 143 666
- 143 406
- 144 693
- 144 242
- 144 252
- 144 862
- 144 187
- 144 573
- 144 159
- 144 506
- 145 714
- 145 455
- 145 373
- 145 512
- 145 184
- 146 716
- 146 421
- 146 568
- 146 898
- 146 418
- 147 558
- 147 164
- 147 946
- 147 668
- 147 227
- 148 975
- 148 452
- 148 623
- 149 658
- 149 368
- 150 659
- 150 357
- 151 284
- 151 390
- 151 599
- 151 286
- 152 338
- 152 868
- 152 985
- 152 176
- 153 606
- 153 495
- 153 569
- 153 529
- 153 321
- 154 485
- 154 782
- 154 447
- 154 759
- 154 969
- 155 432
- 155 400
- 155 253
- 155 581
- 156 341
- 156 345
- 156 273
- 156 396
- 157 196
- 157 301
- 157 223
- 157 519
- 157 188
- 157 763
- 157 661
- 157 993
- 157 679
- 158 711
- 158 691
- 158 628
- 158 698
- 158 496
- 159 187
- 159 276
- 159 242
- 159 252
- 160 890
- 160 703
- 160 231
- 160 700
- 160 263
- 160 944
- 160 748
- 161 455
- 161 208
- 161 371
- 161 662
- 161 215
- 161 512
- 161 373
- 162 961
- 162 553
- 162 628
- 162 496
- 163 969
- 163 355
- 163 423
- 164 668
- 164 590
- 164 227
- 164 491
- 164 871
- 164 715
- 164 558
- 164 774
- 165 546
- 165 488
- 165 193
- 165 327
- 165 406
- 165 769
- 166 656
- 166 936
- 166 869
- 166 620
- 166 784
- 167 572
- 167 260
- 167 238
- 167 290
- 167 675
- 167 431
- 167 561
- 168 664
- 168 638
- 168 733
- 168 571
- 168 299
- 168 308
- 169 231
- 169 703
- 169 190
- 169 588
- 169 944
- 170 917
- 170 806
- 170 248
- 170 984
- 170 947
- 171 752
- 171 967
- 171 767
- 171 728
- 171 641
- 172 491
- 172 227
- 172 590
- 172 871
- 172 742
- 172 774
- 172 558
- 173 678
- 173 808
- 173 490
- 173 344
- 173 518
- 173 997
- 174 405
- 174 745
- 174 887
- 174 349
- 174 205
- 175 380
- 175 515
- 175 704
- 175 346
- 175 765
- 175 771
- 175 701
- 175 729
- 176 458
- 176 868
- 176 362
- 176 314
- 176 593
- 176 338
- 177 803
- 177 648
- 177 910
- 177 976
- 177 438
- 178 262
- 178 621
- 178 473
- 178 915
- 179 872
- 179 888
- 179 737
- 179 595
- 179 602
- 180 847
- 180 604
- 180 943
- 180 436
- 180 892
- 180 973
- 180 563
- 181 299
- 181 642
- 181 733
- 181 601
- 182 520
- 182 717
- 182 436
- 183 499
- 183 414
- 183 378
- 183 270
- 184 288
- 184 714
- 184 522
- 184 297
- 184 455
- 184 674
- 185 239
- 185 524
- 185 796
- 185 476
- 185 883
- 185 690
- 186 349
- 186 887
- 186 745
- 186 205
- 187 252
- 187 506
- 187 242
- 188 981
- 188 519
- 188 763
- 188 301
- 188 223
- 189 853
- 189 294
- 189 235
- 189 484
- 189 479
- 190 808
- 190 678
- 190 518
- 191 486
- 191 394
- 191 962
- 191 229
- 191 304
- 191 409
- 192 383
- 192 393
- 192 790
- 192 451
- 193 330
- 193 327
- 193 713
- 194 837
- 194 273
- 194 366
- 194 817
- 194 665
- 194 341
- 194 396
- 194 508
- 195 713
- 195 949
- 195 546
- 195 831
- 195 250
- 195 769
- 195 682
- 196 223
- 196 301
- 196 661
- 197 771
- 197 429
- 197 667
- 197 503
- 197 380
- 197 346
- 197 729
- 198 616
- 198 737
- 198 779
- 198 872
- 198 906
- 199 523
- 199 983
- 199 866
- 199 425
- 200 514
- 200 794
- 200 983
- 201 307
- 201 982
- 201 230
- 201 953
- 201 543
- 201 626
- 202 645
- 202 927
- 202 706
- 202 241
- 202 909
- 202 415
- 203 326
- 203 948
- 203 220
- 203 908
- 204 485
- 204 505
- 204 814
- 204 501
- 204 731
- 205 392
- 206 827
- 206 823
- 206 830
- 206 687
- 207 440
- 207 565
- 207 277
- 207 755
- 207 538
- 207 792
- 208 371
- 208 662
- 208 215
- 208 369
- 209 827
- 209 468
- 209 342
- 209 384
- 209 687
- 209 271
- 209 699
- 210 333
- 210 275
- 210 562
- 210 597
- 210 619
- 210 797
- 210 432
- 211 954
- 211 564
- 211 403
- 211 591
- 211 286
- 212 458
- 212 265
- 212 274
- 212 362
- 213 695
- 213 403
- 213 965
- 213 286
- 214 992
- 214 222
- 214 669
- 214 781
- 214 822
- 214 802
- 214 445
- 215 966
- 215 369
- 215 512
- 215 662
- 215 371
- 216 852
- 216 934
- 216 732
- 217 557
- 217 562
- 217 381
- 217 893
- 217 619
- 218 529
- 218 495
- 218 533
- 219 824
- 219 220
- 219 583
- 219 434
- 219 266
- 219 622
- 219 739
- 219 311
- 220 583
- 220 873
- 220 434
- 220 739
- 220 647
- 221 437
- 221 971
- 221 497
- 222 828
- 222 669
- 222 603
- 222 822
- 222 992
- 222 781
- 223 519
- 223 301
- 223 634
- 223 763
- 224 812
- 224 261
- 224 389
- 225 908
- 225 626
- 225 948
- 225 953
- 226 899
- 226 441
- 226 384
- 226 249
- 227 946
- 227 668
- 227 715
- 227 871
- 227 491
- 228 987
- 228 241
- 228 706
- 229 625
- 229 360
- 229 416
- 229 285
- 229 860
- 230 880
- 230 684
- 230 245
- 231 490
- 231 657
- 231 588
- 231 944
- 232 830
- 232 545
- 232 323
- 232 762
- 232 932
- 232 823
- 233 412
- 233 377
- 233 500
- 234 735
- 234 405
- 234 349
- 234 912
- 235 272
- 235 957
- 236 548
- 236 542
- 236 861
- 237 552
- 237 458
- 237 362
- 237 314
- 237 274
- 238 561
- 238 846
- 238 572
- 238 260
- 239 883
- 239 476
- 239 524
- 240 586
- 240 244
- 240 878
- 240 531
- 240 630
- 241 909
- 241 706
- 241 987
- 242 693
- 243 754
- 243 300
- 243 907
- 243 685
- 243 407
- 243 582
- 244 516
- 244 630
- 244 586
- 244 531
- 244 444
- 245 307
- 245 982
- 245 880
- 245 339
- 246 247
- 246 448
- 246 736
- 246 577
- 246 521
- 247 554
- 247 751
- 247 708
- 247 456
- 247 410
- 248 689
- 248 723
- 248 395
- 248 264
- 248 806
- 249 899
- 249 256
- 249 468
- 249 482
- 249 271
- 250 351
- 250 574
- 250 949
- 250 713
- 251 690
- 251 989
- 251 834
- 251 796
- 252 693
- 253 275
- 253 432
- 253 597
- 253 581
- 253 409
- 253 462
- 254 594
- 254 507
- 254 413
- 254 257
- 254 424
- 255 765
- 255 464
- 255 702
- 255 380
- 255 353
- 255 515
- 256 384
- 256 482
- 256 342
- 256 899
- 257 725
- 257 451
- 257 507
- 257 383
- 258 353
- 258 464
- 258 864
- 258 367
- 258 515
- 259 963
- 259 567
- 260 846
- 260 431
- 260 561
- 261 832
- 261 438
- 261 812
- 261 834
- 261 498
- 262 798
- 262 920
- 262 719
- 263 421
- 263 703
- 264 589
- 264 689
- 264 654
- 264 805
- 265 593
- 265 314
- 265 315
- 265 458
- 265 868
- 265 274
- 266 427
- 266 739
- 266 622
- 266 541
- 266 311
- 266 647
- 267 409
- 267 328
- 267 462
- 268 902
- 268 439
- 268 615
- 268 940
- 268 955
- 268 724
- 269 876
- 269 289
- 269 710
- 269 758
- 269 375
- 269 566
- 269 646
- 269 978
- 269 489
- 270 347
- 270 773
- 270 391
- 270 378
- 271 482
- 271 441
- 271 342
- 271 386
- 271 468
- 271 384
- 272 556
- 272 749
- 272 809
- 272 957
- 273 665
- 273 837
- 273 363
- 273 396
- 273 817
- 273 366
- 274 552
- 274 458
- 274 747
- 274 315
- 274 959
- 275 400
- 275 797
- 275 381
- 275 333
- 275 619
- 275 432
- 275 597
- 276 693
- 277 760
- 277 885
- 277 374
- 277 538
- 277 755
- 278 822
- 278 783
- 278 494
- 278 781
- 278 445
- 279 352
- 279 617
- 279 828
- 279 807
- 279 816
- 279 839
- 280 841
- 280 929
- 280 820
- 281 640
- 281 821
- 281 387
- 281 886
- 281 340
- 282 960
- 282 329
- 282 940
- 282 600
- 282 939
- 282 753
- 282 724
- 282 804
- 283 854
- 283 337
- 283 334
- 283 694
- 283 365
- 284 599
- 284 449
- 284 390
- 284 547
- 285 486
- 285 328
- 285 360
- 285 304
- 286 599
- 286 564
- 286 403
- 286 591
- 286 580
- 287 663
- 287 829
- 287 419
- 287 681
- 287 955
- 287 902
- 288 297
- 288 662
- 288 373
- 288 455
- 288 512
- 288 371
- 288 714
- 289 375
- 289 978
- 289 646
- 289 856
- 290 675
- 290 461
- 290 921
- 290 587
- 290 741
- 290 793
- 291 819
- 291 526
- 291 775
- 291 452
- 291 975
- 291 623
- 291 614
- 292 359
- 292 605
- 292 704
- 292 533
- 292 503
- 293 961
- 293 598
- 293 972
- 293 358
- 293 459
- 293 964
- 294 642
- 294 601
- 294 733
- 294 511
- 294 484
- 294 881
- 294 479
- 295 919
- 295 492
- 295 325
- 295 387
- 295 886
- 295 316
- 296 349
- 296 641
- 296 745
- 298 450
- 298 656
- 299 664
- 299 308
- 299 738
- 299 642
- 300 968
- 300 582
- 300 649
- 300 322
- 300 446
- 301 993
- 301 519
- 301 981
- 301 634
- 302 709
- 302 691
- 302 761
- 303 336
- 303 655
- 303 609
- 303 437
- 303 971
- 304 625
- 304 860
- 304 486
- 305 577
- 305 454
- 305 521
- 305 412
- 305 736
- 305 913
- 306 504
- 306 743
- 306 388
- 306 633
- 306 849
- 306 730
- 307 982
- 307 994
- 308 738
- 308 637
- 308 571
- 308 664
- 308 835
- 308 931
- 309 469
- 309 757
- 309 986
- 309 775
- 309 623
- 309 614
- 310 692
- 310 790
- 310 451
- 310 725
- 310 383
- 310 393
- 311 647
- 311 622
- 311 824
- 311 739
- 311 427
- 311 434
- 311 583
- 312 798
- 312 901
- 312 621
- 313 552
- 313 575
- 313 858
- 313 530
- 313 420
- 314 868
- 314 593
- 314 362
- 315 593
- 316 958
- 316 492
- 316 985
- 317 517
- 317 900
- 317 612
- 318 633
- 318 813
- 318 740
- 318 660
- 318 744
- 319 995
- 319 542
- 319 502
- 319 631
- 319 548
- 319 947
- 319 570
- 320 784
- 320 585
- 320 709
- 320 417
- 320 761
- 320 810
- 321 398
- 321 454
- 321 495
- 321 525
- 322 446
- 322 649
- 323 840
- 323 905
- 323 830
- 323 545
- 324 622
- 324 888
- 324 867
- 324 602
- 325 996
- 325 387
- 325 886
- 325 977
- 326 891
- 326 471
- 327 330
- 327 769
- 327 831
- 327 536
- 327 406
- 327 791
- 328 581
- 328 409
- 328 360
- 329 753
- 329 600
- 329 724
- 329 804
- 329 940
- 329 439
- 330 949
- 331 348
- 331 535
- 331 838
- 332 986
- 332 469
- 332 757
- 333 597
- 333 797
- 333 619
- 333 562
- 333 381
- 333 400
- 334 870
- 334 778
- 334 854
- 335 354
- 335 356
- 335 393
- 335 481
- 335 911
- 335 790
- 335 350
- 336 410
- 336 971
- 336 497
- 336 609
- 336 708
- 337 778
- 337 671
- 337 942
- 337 870
- 338 868
- 338 593
- 338 970
- 339 994
- 339 676
- 339 951
- 340 720
- 340 673
- 340 950
- 340 399
- 340 974
- 340 640
- 341 345
- 341 665
- 341 837
- 342 386
- 342 384
- 343 419
- 343 783
- 343 829
- 343 445
- 344 900
- 344 518
- 344 997
- 344 636
- 345 508
- 345 430
- 345 894
- 345 670
- 346 429
- 346 503
- 346 729
- 346 765
- 346 704
- 346 771
- 347 773
- 347 925
- 347 391
- 348 862
- 348 539
- 348 370
- 350 884
- 350 911
- 350 744
- 350 356
- 350 855
- 351 682
- 351 404
- 351 480
- 351 826
- 351 742
- 352 839
- 352 807
- 352 816
- 352 603
- 353 380
- 353 729
- 354 356
- 354 855
- 354 911
- 354 555
- 354 744
- 355 453
- 355 759
- 355 528
- 355 423
- 355 901
- 355 447
- 355 969
- 356 481
- 356 884
- 356 938
- 357 483
- 357 598
- 358 459
- 358 598
- 358 964
- 359 605
- 359 606
- 360 962
- 361 975
- 361 734
- 361 452
- 362 458
- 363 396
- 363 787
- 363 721
- 363 817
- 364 659
- 364 483
- 365 941
- 365 942
- 365 671
- 366 594
- 366 817
- 366 721
- 366 424
- 367 372
- 367 770
- 367 945
- 368 929
- 368 658
- 368 963
- 368 567
- 369 718
- 369 859
- 369 966
- 369 371
- 369 851
- 370 573
- 370 550
- 371 512
- 371 373
- 372 864
- 372 924
- 372 848
- 372 843
- 372 945
- 373 662
- 374 538
- 374 792
- 374 565
- 375 650
- 375 991
- 375 937
- 375 566
- 375 856
- 375 876
- 376 901
- 376 798
- 376 920
- 376 759
- 376 453
- 377 495
- 377 525
- 378 629
- 378 916
- 378 414
- 378 861
- 379 902
- 379 829
- 379 510
- 379 419
- 380 771
- 380 701
- 380 729
- 381 797
- 381 619
- 381 562
- 381 597
- 382 983
- 382 425
- 382 523
- 383 692
- 383 725
- 383 451
- 383 507
- 384 386
- 384 699
- 385 544
- 385 655
- 385 705
- 385 401
- 385 549
- 386 827
- 386 687
- 386 468
- 387 977
- 387 886
- 387 919
- 388 813
- 388 849
- 388 504
- 388 632
- 389 438
- 389 559
- 389 850
- 390 846
- 390 746
- 390 591
- 390 599
- 390 561
- 391 773
- 391 414
- 392 814
- 392 731
- 392 405
- 392 912
- 392 735
- 393 481
- 393 790
- 394 777
- 394 860
- 394 486
- 394 625
- 395 984
- 395 917
- 395 654
- 395 806
- 395 947
- 395 723
- 395 631
- 396 721
- 396 665
- 397 863
- 397 732
- 397 852
- 397 968
- 398 500
- 398 525
- 398 454
- 399 950
- 399 974
- 399 720
- 399 952
- 400 462
- 401 705
- 401 544
- 401 549
- 401 749
- 402 653
- 402 433
- 402 618
- 402 903
- 402 789
- 402 786
- 403 580
- 403 926
- 403 954
- 404 871
- 404 774
- 404 574
- 404 742
- 404 480
- 404 590
- 405 814
- 405 912
- 405 735
- 405 731
- 405 501
- 406 791
- 406 546
- 406 666
- 406 680
- 407 754
- 407 688
- 407 582
- 407 907
- 408 516
- 408 768
- 409 462
- 410 554
- 410 708
- 410 751
- 410 971
- 410 609
- 411 854
- 411 838
- 411 535
- 412 454
- 412 500
- 412 521
- 412 639
- 412 577
- 413 787
- 413 451
- 413 721
- 414 629
- 415 523
- 415 780
- 415 576
- 415 844
- 416 670
- 416 860
- 416 625
- 417 761
- 417 810
- 417 620
- 417 711
- 417 784
- 417 709
- 417 585
- 418 898
- 418 568
- 418 712
- 419 681
- 419 829
- 419 494
- 420 959
- 420 753
- 420 530
- 420 960
- 420 575
- 420 858
- 421 716
- 421 700
- 422 898
- 422 820
- 422 578
- 422 613
- 423 528
- 423 969
- 423 782
- 423 453
- 423 485
- 424 787
- 425 983
- 425 523
- 425 866
- 426 567
- 426 786
- 426 963
- 426 618
- 426 442
- 427 824
- 427 602
- 427 622
- 427 541
- 428 932
- 428 545
- 428 823
- 428 607
- 429 513
- 429 667
- 429 704
- 429 918
- 430 665
- 430 894
- 430 777
- 430 837
- 431 561
- 431 449
- 431 846
- 431 572
- 432 797
- 432 597
- 433 903
- 433 752
- 433 967
- 433 653
- 434 647
- 434 471
- 434 873
- 434 739
- 435 985
- 435 919
- 436 943
- 436 717
- 436 475
- 436 608
- 437 497
- 437 882
- 437 655
- 437 990
- 437 609
- 438 850
- 439 724
- 439 615
- 439 857
- 440 755
- 440 792
- 440 610
- 440 679
- 440 988
- 441 482
- 441 468
- 441 801
- 442 811
- 442 618
- 442 677
- 442 567
- 443 950
- 443 673
- 443 720
- 443 952
- 444 878
- 444 634
- 444 630
- 445 494
- 445 781
- 445 474
- 445 822
- 446 852
- 446 534
- 446 649
- 446 863
- 447 969
- 447 505
- 447 467
- 447 528
- 447 782
- 448 456
- 448 751
- 448 736
- 448 708
- 448 521
- 449 846
- 449 599
- 450 478
- 450 936
- 450 620
- 450 815
- 450 869
- 451 507
- 451 725
- 452 614
- 452 526
- 453 759
- 453 969
- 453 901
- 454 521
- 454 913
- 454 577
- 454 500
- 454 525
- 456 708
- 456 639
- 456 554
- 457 888
- 457 602
- 457 872
- 457 779
- 457 867
- 457 595
- 459 964
- 459 972
- 460 557
- 460 934
- 460 619
- 461 921
- 461 741
- 461 675
- 461 825
- 461 587
- 461 933
- 462 962
- 463 758
- 463 566
- 463 465
- 463 978
- 463 710
- 464 864
- 464 701
- 464 945
- 464 515
- 465 905
- 465 904
- 465 750
- 465 696
- 465 758
- 466 933
- 466 793
- 466 897
- 467 485
- 467 731
- 467 505
- 467 782
- 467 814
- 467 501
- 468 699
- 469 757
- 469 623
- 469 986
- 469 775
- 470 681
- 470 902
- 470 510
- 470 955
- 470 663
- 470 857
- 470 829
- 471 908
- 471 739
- 471 873
- 472 861
- 472 542
- 472 995
- 472 629
- 473 516
- 473 768
- 473 621
- 473 586
- 473 772
- 473 672
- 473 531
- 474 822
- 475 604
- 475 617
- 475 973
- 475 943
- 476 520
- 476 883
- 476 524
- 477 990
- 477 609
- 477 971
- 477 655
- 478 644
- 478 686
- 478 656
- 478 936
- 479 556
- 479 957
- 479 511
- 479 601
- 479 853
- 480 826
- 480 574
- 480 774
- 480 532
- 480 682
- 482 889
- 482 801
- 482 899
- 483 859
- 483 659
- 484 511
- 484 571
- 484 733
- 485 501
- 485 528
- 485 505
- 486 962
- 487 931
- 487 805
- 487 835
- 487 689
- 487 914
- 487 589
- 488 536
- 488 666
- 488 951
- 489 904
- 489 566
- 489 646
- 490 678
- 490 766
- 490 657
- 490 588
- 491 774
- 491 558
- 491 590
- 491 742
- 492 970
- 492 919
- 493 614
- 493 623
- 493 975
- 494 829
- 494 681
- 495 606
- 495 605
- 496 972
- 496 553
- 496 698
- 496 691
- 497 971
- 497 990
- 498 812
- 498 832
- 498 690
- 498 877
- 498 989
- 499 542
- 499 916
- 499 861
- 500 569
- 500 913
- 501 814
- 501 505
- 501 912
- 501 782
- 502 947
- 502 570
- 502 631
- 502 917
- 502 723
- 503 513
- 503 704
- 504 632
- 504 633
- 504 560
- 504 813
- 505 782
- 505 528
- 506 862
- 508 670
- 508 894
- 509 743
- 509 740
- 509 744
- 509 660
- 509 884
- 509 730
- 510 615
- 510 902
- 510 940
- 510 857
- 510 955
- 512 662
- 513 918
- 513 533
- 513 605
- 514 866
- 514 611
- 514 983
- 515 765
- 515 702
- 516 531
- 516 672
- 516 764
- 516 586
- 517 865
- 517 612
- 517 636
- 518 808
- 518 707
- 518 997
- 518 900
- 519 679
- 519 763
- 519 993
- 519 981
- 520 524
- 520 883
- 520 579
- 521 913
- 521 736
- 521 577
- 522 674
- 522 714
- 522 643
- 523 983
- 524 883
- 524 796
- 525 569
- 525 529
- 526 734
- 527 946
- 527 715
- 528 969
- 528 782
- 529 569
- 530 799
- 530 635
- 530 858
- 530 959
- 531 768
- 531 915
- 531 586
- 532 590
- 532 574
- 532 742
- 532 871
- 533 605
- 533 795
- 533 606
- 534 685
- 534 852
- 534 968
- 535 550
- 535 854
- 535 694
- 536 800
- 536 546
- 537 926
- 537 987
- 537 909
- 537 756
- 537 935
- 538 565
- 538 923
- 538 755
- 538 885
- 539 838
- 540 698
- 540 709
- 540 628
- 540 711
- 541 622
- 542 861
- 542 995
- 543 880
- 543 948
- 543 891
- 543 626
- 544 549
- 544 882
- 544 749
- 544 809
- 545 932
- 545 840
- 545 651
- 546 791
- 546 831
- 547 599
- 547 561
- 547 846
- 548 570
- 548 631
- 549 809
- 550 573
- 551 715
- 551 668
- 551 683
- 552 635
- 552 747
- 553 961
- 553 972
- 553 628
- 554 971
- 554 751
- 555 938
- 555 790
- 555 692
- 556 957
- 556 809
- 557 797
- 557 562
- 557 934
- 557 619
- 558 946
- 558 715
- 558 668
- 559 879
- 559 850
- 559 910
- 560 730
- 560 740
- 560 633
- 561 846
- 562 797
- 562 893
- 562 619
- 563 973
- 563 604
- 564 954
- 564 695
- 564 746
- 565 792
- 566 876
- 566 646
- 566 978
- 567 811
- 567 963
- 568 716
- 568 712
- 568 898
- 568 896
- 570 723
- 570 917
- 571 642
- 571 733
- 571 738
- 572 741
- 572 675
- 573 862
- 574 682
- 574 713
- 574 826
- 575 959
- 575 635
- 575 799
- 575 600
- 576 866
- 576 780
- 577 913
- 578 712
- 578 896
- 578 956
- 578 898
- 578 726
- 579 608
- 579 928
- 579 883
- 580 695
- 580 746
- 580 954
- 580 965
- 581 962
- 582 685
- 582 688
- 583 873
- 583 647
- 584 864
- 584 770
- 584 702
- 584 627
- 584 848
- 585 784
- 585 691
- 585 761
- 585 709
- 586 764
- 586 672
- 587 793
- 587 741
- 587 675
- 588 657
- 588 997
- 588 766
- 588 678
- 589 654
- 589 689
- 589 638
- 589 805
- 590 742
- 590 871
- 591 954
- 591 599
- 592 907
- 592 836
- 592 885
- 592 688
- 594 787
- 595 602
- 595 888
- 596 612
- 599 746
- 599 846
- 599 954
- 600 724
- 600 960
- 600 858
- 600 804
- 600 753
- 601 881
- 601 642
- 602 888
- 602 867
- 603 992
- 603 669
- 603 816
- 604 973
- 604 847
- 604 608
- 604 943
- 604 617
- 605 606
- 606 918
- 607 651
- 607 830
- 607 874
- 607 833
- 608 847
- 609 990
- 610 679
- 610 988
- 610 763
- 611 643
- 611 794
- 611 722
- 611 983
- 613 956
- 613 841
- 613 820
- 613 712
- 614 975
- 614 775
- 614 623
- 615 940
- 615 902
- 615 857
- 616 737
- 616 906
- 616 779
- 617 807
- 617 892
- 617 973
- 618 786
- 618 653
- 620 815
- 621 719
- 622 867
- 623 819
- 624 985
- 625 777
- 625 860
- 625 670
- 626 908
- 627 945
- 627 770
- 627 864
- 627 702
- 628 691
- 628 961
- 629 861
- 630 993
- 630 652
- 630 634
- 630 764
- 630 878
- 630 981
- 631 917
- 632 849
- 632 813
- 633 743
- 633 813
- 633 660
- 634 878
- 634 981
- 634 652
- 635 959
- 635 747
- 635 799
- 636 900
- 636 707
- 636 808
- 637 931
- 637 638
- 637 738
- 637 835
- 638 835
- 638 805
- 640 996
- 640 974
- 640 977
- 640 922
- 640 821
- 641 767
- 641 845
- 642 738
- 643 722
- 643 714
- 643 875
- 643 794
- 643 674
- 644 788
- 644 686
- 644 979
- 645 780
- 645 909
- 645 844
- 646 904
- 648 910
- 648 879
- 648 850
- 649 968
- 650 937
- 650 991
- 650 978
- 650 876
- 650 930
- 651 874
- 651 830
- 652 764
- 652 878
- 652 981
- 653 789
- 653 786
- 653 728
- 654 689
- 655 697
- 655 990
- 655 882
- 656 815
- 656 810
- 656 936
- 658 841
- 659 964
- 661 763
- 662 966
- 663 829
- 663 902
- 663 857
- 664 931
- 664 738
- 664 805
- 665 817
- 665 837
- 666 791
- 666 800
- 666 680
- 667 704
- 667 771
- 668 946
- 669 828
- 669 822
- 669 816
- 669 802
- 670 777
- 671 941
- 671 942
- 672 768
- 672 915
- 673 889
- 673 801
- 673 720
- 673 952
- 673 895
- 674 714
- 674 794
- 674 875
- 675 825
- 676 680
- 676 684
- 676 994
- 677 789
- 677 903
- 677 786
- 678 766
- 678 997
- 679 988
- 679 763
- 680 800
- 681 829
- 682 713
- 682 949
- 682 826
- 684 994
- 684 951
- 685 907
- 686 979
- 686 788
- 687 833
- 688 836
- 688 754
- 688 760
- 688 907
- 689 806
- 690 989
- 690 796
- 691 698
- 691 761
- 692 725
- 692 790
- 694 870
- 694 942
- 694 838
- 694 854
- 695 935
- 695 926
- 695 965
- 696 840
- 696 762
- 696 932
- 696 750
- 697 882
- 697 990
- 697 705
- 699 827
- 700 748
- 700 703
- 701 702
- 701 765
- 702 945
- 702 864
- 703 944
- 703 890
- 704 729
- 705 990
- 705 882
- 706 927
- 706 909
- 707 997
- 707 808
- 709 761
- 709 711
- 710 758
- 710 978
- 712 896
- 712 716
- 715 946
- 716 748
- 717 847
- 717 943
- 718 859
- 718 966
- 719 915
- 720 952
- 720 974
- 720 950
- 721 787
- 722 875
- 722 794
- 723 947
- 723 917
- 723 984
- 724 857
- 724 939
- 726 896
- 726 956
- 726 898
- 727 848
- 727 843
- 727 979
- 728 752
- 728 967
- 728 903
- 728 789
- 729 771
- 730 743
- 731 814
- 732 934
- 732 852
- 732 968
- 733 738
- 734 975
- 734 980
- 735 912
- 735 745
- 736 751
- 737 779
- 737 888
- 737 897
- 740 855
- 740 744
- 741 921
- 742 774
- 743 813
- 744 855
- 745 887
- 747 959
- 748 890
- 750 762
- 750 904
- 750 905
- 750 932
- 752 789
- 753 939
- 754 907
- 754 760
- 754 842
- 755 923
- 756 935
- 756 965
- 756 927
- 756 785
- 756 987
- 757 986
- 757 775
- 757 819
- 758 905
- 759 969
- 760 885
- 762 905
- 763 988
- 764 878
- 765 771
- 766 944
- 767 845
- 768 772
- 769 831
- 769 949
- 770 864
- 770 945
- 770 848
- 772 915
- 773 976
- 773 818
- 774 871
- 775 819
- 776 933
- 776 906
- 776 825
- 776 793
- 777 894
- 778 854
- 778 942
- 779 872
- 780 844
- 781 992
- 781 802
- 782 814
- 785 935
- 785 987
- 785 926
- 788 848
- 788 924
- 788 979
- 792 923
- 793 933
- 793 825
- 795 918
- 796 883
- 796 989
- 798 901
- 799 804
- 799 960
- 801 889
- 801 899
- 801 952
- 802 822
- 802 828
- 802 816
- 803 910
- 805 914
- 807 839
- 808 900
- 810 815
- 811 963
- 811 929
- 812 834
- 812 910
- 818 925
- 820 841
- 821 974
- 821 886
- 822 992
- 823 830
- 825 933
- 827 833
- 830 840
- 831 949
- 833 874
- 835 914
- 835 931
- 836 842
- 837 894
- 839 892
- 840 932
- 841 896
- 842 885
- 843 924
- 845 967
- 847 943
- 848 924
- 851 966
- 852 863
- 854 870
- 856 937
- 856 930
- 856 991
- 857 902
- 857 940
- 857 955
- 861 995
- 861 916
- 863 968
- 864 945
- 865 986
- 866 983
- 867 888
- 868 970
- 869 936
- 870 942
- 870 941
- 872 888
- 873 948
- 876 937
- 876 978
- 879 925
- 879 976
- 880 982
- 883 928
- 884 911
- 886 996
- 886 922
- 886 977
- 889 952
- 889 950
- 889 899
- 891 908
- 891 953
- 892 943
- 893 934
- 896 898
- 897 906
- 902 955
- 902 940
- 903 967
- 905 932
- 906 933
- 909 927
- 911 938
- 914 931
- 916 995
- 917 984
- 922 974
- 922 996
- 923 988
- 924 979
- 926 965
- 927 987
- 929 963
- 930 937
- 930 978
- 935 987
- 935 965
- 937 991
- 939 940
- 939 960
- 941 980
- 947 984
- 950 952
- 958 970
- 958 985
- 970 985
- 977 996
- 981 993
- 982 994
+ 988 994
+ 975 979
+ 973 990
+ 962 968
+ 960 997
+ 957 969
+ 951 972
+ 948 966
+ 946 987
+ 945 974
+ 942 959
+ 939 994
+ 938 943
+ 927 959
+ 927 995
+ 924 971
+ 923 927
+ 923 959
+ 923 995
+ 921 964
+ 918 973
+ 918 967
+ 915 924
+ 913 935
+ 912 971
+ 912 915
+ 909 941
+ 907 990
+ 906 911
+ 905 933
+ 903 986
+ 901 967
+ 901 918
+ 900 924
+ 900 912
+ 894 896
+ 894 897
+ 893 916
+ 888 928
+ 886 939
+ 885 898
+ 883 969
+ 881 974
+ 875 916
+ 875 882
+ 874 952
+ 871 948
+ 871 914
+ 870 991
+ 868 882
+ 867 940
+ 863 966
+ 854 884
+ 854 908
+ 853 863
+ 852 988
+ 851 855
+ 850 993
+ 850 934
+ 847 967
+ 845 989
+ 844 876
+ 843 893
+ 843 865
+ 843 916
+ 841 925
+ 840 914
+ 840 847
+ 840 901
+ 840 967
+ 838 909
+ 838 910
+ 837 855
+ 836 892
+ 835 976
+ 835 934
+ 835 879
+ 832 986
+ 832 903
+ 830 890
+ 828 919
+ 827 919
+ 827 828
+ 826 975
+ 825 906
+ 825 911
+ 824 947
+ 822 892
+ 821 974
+ 820 939
+ 819 822
+ 819 892
+ 819 879
+ 819 976
+ 815 914
+ 815 840
+ 813 916
+ 813 875
+ 812 850
+ 812 934
+ 812 835
+ 810 982
+ 808 926
+ 807 895
+ 806 900
+ 804 960
+ 804 997
+ 802 986
+ 801 850
+ 800 862
+ 799 934
+ 799 993
+ 799 850
+ 798 894
+ 798 981
+ 797 914
+ 797 815
+ 797 967
+ 796 944
+ 795 868
+ 795 882
+ 794 956
+ 790 945
+ 790 974
+ 789 841
+ 787 847
+ 787 901
+ 787 840
+ 787 967
+ 786 853
+ 786 966
+ 784 950
+ 783 858
+ 783 978
+ 783 953
+ 782 789
+ 780 964
+ 777 857
+ 776 811
+ 775 892
+ 775 836
+ 775 822
+ 774 833
+ 773 816
+ 771 790
+ 771 821
+ 769 789
+ 768 778
+ 768 980
+ 767 956
+ 767 816
+ 767 794
+ 766 781
+ 766 961
+ 766 950
+ 763 979
+ 763 987
+ 763 946
+ 762 969
+ 762 883
+ 762 992
+ 761 777
+ 761 857
+ 760 895
+ 759 796
+ 759 944
+ 758 851
+ 757 921
+ 756 856
+ 755 872
+ 755 902
+ 755 938
+ 754 876
+ 753 920
+ 752 816
+ 752 767
+ 751 895
+ 751 760
+ 749 899
+ 749 751
+ 749 807
+ 749 760
+ 747 901
+ 747 990
+ 747 847
+ 747 973
+ 747 918
+ 745 889
+ 744 943
+ 743 805
+ 743 983
+ 741 946
+ 741 763
+ 741 975
+ 739 773
+ 738 922
+ 738 852
+ 737 851
+ 736 821
+ 736 818
+ 735 844
+ 735 876
+ 735 754
+ 734 985
+ 733 865
+ 732 786
+ 731 753
+ 731 920
+ 730 740
+ 728 884
+ 728 849
+ 726 740
+ 726 730
+ 726 785
+ 725 768
+ 725 980
+ 725 795
+ 724 940
+ 723 908
+ 723 879
+ 723 822
+ 722 878
+ 720 933
+ 720 842
+ 719 850
+ 719 812
+ 719 801
+ 718 765
+ 718 817
+ 718 726
+ 717 727
+ 716 729
+ 716 977
+ 715 821
+ 715 790
+ 715 945
+ 714 811
+ 714 823
+ 714 880
+ 713 847
+ 713 901
+ 713 973
+ 713 918
+ 712 952
+ 712 890
+ 712 830
+ 711 860
+ 711 958
+ 710 788
+ 709 803
+ 708 755
+ 708 744
+ 708 834
+ 707 839
+ 707 904
+ 706 788
+ 706 761
+ 705 856
+ 703 954
+ 703 820
+ 703 941
+ 702 951
+ 702 972
+ 701 900
+ 701 981
+ 700 951
+ 700 938
+ 699 866
+ 698 994
+ 698 886
+ 698 820
+ 698 939
+ 697 886
+ 697 939
+ 696 883
+ 696 762
+ 695 846
+ 694 997
+ 694 960
+ 693 907
+ 693 961
+ 692 781
+ 692 699
+ 691 869
+ 690 878
+ 690 722
+ 687 911
+ 687 859
+ 686 721
+ 686 722
+ 685 994
+ 685 939
+ 684 739
+ 684 931
+ 683 919
+ 683 874
+ 683 828
+ 682 897
+ 682 701
+ 682 896
+ 681 831
+ 680 713
+ 680 973
+ 680 747
+ 680 990
+ 680 907
+ 679 979
+ 679 975
+ 679 889
+ 678 689
+ 677 786
+ 677 984
+ 677 732
+ 676 960
+ 676 694
+ 676 997
+ 675 774
+ 675 833
+ 674 792
+ 674 794
+ 673 689
+ 673 931
+ 673 678
+ 672 852
+ 672 988
+ 671 728
+ 671 849
+ 670 936
+ 669 762
+ 669 696
+ 668 880
+ 668 910
+ 667 924
+ 667 912
+ 667 900
+ 666 844
+ 666 876
+ 666 754
+ 665 906
+ 665 825
+ 664 848
+ 663 710
+ 663 681
+ 662 962
+ 662 769
+ 661 986
+ 661 903
+ 660 785
+ 660 877
+ 659 807
+ 658 956
+ 656 832
+ 656 932
+ 655 698
+ 655 988
+ 655 685
+ 654 836
+ 654 892
+ 654 854
+ 654 908
+ 653 936
+ 652 670
+ 652 936
+ 651 810
+ 650 947
+ 649 656
+ 649 864
+ 649 832
+ 648 940
+ 648 929
+ 647 774
+ 647 675
+ 646 953
+ 645 866
+ 645 887
+ 644 793
+ 643 721
+ 642 792
+ 642 674
+ 642 794
+ 642 757
+ 641 808
+ 640 926
+ 638 810
+ 637 709
+ 636 976
+ 636 775
+ 636 822
+ 636 879
+ 635 807
+ 635 895
+ 634 929
+ 634 648
+ 634 940
+ 633 717
+ 632 704
+ 631 910
+ 631 838
+ 630 634
+ 630 867
+ 630 940
+ 629 791
+ 626 805
+ 626 829
+ 626 983
+ 625 689
+ 625 739
+ 624 735
+ 624 754
+ 623 913
+ 623 745
+ 623 889
+ 622 687
+ 622 825
+ 621 873
+ 620 984
+ 619 684
+ 619 931
+ 619 739
+ 618 801
+ 618 993
+ 618 850
+ 618 799
+ 617 796
+ 617 637
+ 616 926
+ 616 640
+ 616 869
+ 615 925
+ 614 949
+ 613 774
+ 612 917
+ 611 821
+ 611 881
+ 611 974
+ 610 908
+ 610 836
+ 610 892
+ 610 654
+ 610 775
+ 609 688
+ 609 669
+ 608 745
+ 607 695
+ 607 846
+ 607 768
+ 606 688
+ 606 762
+ 606 609
+ 606 696
+ 606 669
+ 605 947
+ 604 821
+ 604 881
+ 604 611
+ 604 945
+ 603 845
+ 603 647
+ 603 989
+ 602 742
+ 602 952
+ 602 830
+ 601 722
+ 601 690
+ 601 791
+ 601 629
+ 599 866
+ 599 887
+ 598 607
+ 598 920
+ 598 695
+ 598 846
+ 597 710
+ 597 788
+ 596 856
+ 596 756
+ 595 982
+ 595 638
+ 594 911
+ 594 622
+ 594 665
+ 594 687
+ 594 906
+ 592 728
+ 592 849
+ 591 800
+ 590 707
+ 590 970
+ 590 839
+ 589 616
+ 589 640
+ 588 811
+ 588 823
+ 588 776
+ 587 946
+ 587 802
+ 587 987
+ 586 617
+ 586 944
+ 586 759
+ 585 761
+ 583 685
+ 583 698
+ 583 994
+ 583 697
+ 582 957
+ 582 887
+ 581 928
+ 581 600
+ 581 750
+ 581 888
+ 580 647
+ 579 607
+ 579 778
+ 579 846
+ 579 768
+ 579 725
+ 578 951
+ 578 972
+ 578 902
+ 578 872
+ 577 585
+ 577 761
+ 577 777
+ 576 756
+ 576 746
+ 576 705
+ 575 600
+ 574 605
+ 573 975
+ 573 741
+ 573 946
+ 573 763
+ 572 949
+ 571 608
+ 570 783
+ 570 858
+ 570 978
+ 569 941
+ 568 627
+ 567 650
+ 566 628
+ 566 965
+ 565 609
+ 565 688
+ 564 637
+ 563 577
+ 563 777
+ 562 848
+ 561 618
+ 561 850
+ 561 801
+ 561 799
+ 561 719
+ 560 752
+ 560 773
+ 560 739
+ 559 958
+ 559 977
+ 558 969
+ 558 688
+ 558 762
+ 558 606
+ 558 992
+ 557 900
+ 557 667
+ 557 924
+ 556 888
+ 556 839
+ 555 935
+ 555 913
+ 554 860
+ 554 711
+ 554 977
+ 553 743
+ 553 829
+ 552 595
+ 552 651
+ 552 638
+ 551 704
+ 551 632
+ 550 911
+ 550 906
+ 550 825
+ 549 727
+ 549 721
+ 549 686
+ 548 582
+ 548 883
+ 547 626
+ 546 697
+ 546 886
+ 546 703
+ 546 820
+ 546 698
+ 546 954
+ 545 898
+ 545 991
+ 545 890
+ 545 712
+ 544 612
+ 544 677
+ 543 897
+ 543 896
+ 543 682
+ 541 664
+ 541 562
+ 541 657
+ 541 848
+ 540 553
+ 540 592
+ 540 983
+ 540 743
+ 539 662
+ 539 962
+ 538 944
+ 538 586
+ 537 858
+ 537 915
+ 536 717
+ 536 753
+ 536 633
+ 535 824
+ 535 605
+ 534 913
+ 534 646
+ 534 555
+ 533 950
+ 533 781
+ 532 581
+ 532 888
+ 532 928
+ 531 772
+ 531 922
+ 530 746
+ 530 891
+ 529 861
+ 528 727
+ 527 860
+ 527 554
+ 527 711
+ 527 958
+ 525 926
+ 524 933
+ 524 855
+ 524 851
+ 524 837
+ 524 758
+ 523 614
+ 523 591
+ 523 949
+ 522 551
+ 522 770
+ 520 790
+ 520 715
+ 520 945
+ 520 791
+ 520 771
+ 519 748
+ 518 591
+ 518 523
+ 517 826
+ 517 979
+ 517 987
+ 517 741
+ 517 573
+ 516 860
+ 516 958
+ 516 711
+ 515 705
+ 515 746
+ 514 937
+ 514 572
+ 513 750
+ 513 575
+ 512 669
+ 512 606
+ 512 609
+ 511 955
+ 510 563
+ 510 577
+ 509 770
+ 509 522
+ 509 704
+ 508 695
+ 508 579
+ 508 598
+ 507 732
+ 507 786
+ 507 853
+ 507 544
+ 507 966
+ 506 641
+ 506 808
+ 506 926
+ 506 525
+ 505 620
+ 505 984
+ 505 544
+ 505 677
+ 505 917
+ 504 831
+ 503 639
+ 503 531
+ 503 922
+ 503 738
+ 502 534
+ 502 646
+ 502 978
+ 501 759
+ 501 796
+ 501 586
+ 501 617
+ 500 951
+ 500 972
+ 500 702
+ 500 869
+ 499 996
+ 499 877
+ 498 797
+ 498 914
+ 498 871
+ 498 815
+ 498 967
+ 497 641
+ 497 770
+ 496 627
+ 496 568
+ 496 809
+ 495 772
+ 495 516
+ 495 711
+ 495 639
+ 494 615
+ 494 593
+ 493 748
+ 492 748
+ 492 899
+ 492 659
+ 491 859
+ 491 758
+ 490 709
+ 490 564
+ 489 877
+ 488 919
+ 488 896
+ 488 543
+ 487 563
+ 487 510
+ 487 873
+ 486 625
+ 486 684
+ 485 960
+ 485 644
+ 485 676
+ 485 997
+ 484 809
+ 484 496
+ 484 593
+ 483 746
+ 483 515
+ 483 530
+ 483 705
+ 482 496
+ 481 668
+ 481 880
+ 481 631
+ 481 838
+ 480 595
+ 480 985
+ 480 810
+ 479 662
+ 479 962
+ 479 968
+ 479 539
+ 479 521
+ 479 621
+ 478 898
+ 478 545
+ 478 991
+ 478 885
+ 478 870
+ 477 941
+ 477 909
+ 476 578
+ 476 869
+ 476 972
+ 475 587
+ 474 930
+ 474 694
+ 474 676
+ 473 976
+ 473 636
+ 473 879
+ 473 835
+ 472 751
+ 472 749
+ 472 565
+ 472 760
+ 471 848
+ 471 499
+ 470 577
+ 470 487
+ 470 510
+ 470 585
+ 469 931
+ 469 678
+ 469 486
+ 469 689
+ 469 625
+ 468 663
+ 468 681
+ 468 788
+ 467 704
+ 467 985
+ 467 522
+ 467 551
+ 467 734
+ 467 632
+ 466 513
+ 466 750
+ 466 888
+ 466 581
+ 466 600
+ 465 590
+ 465 970
+ 465 584
+ 465 707
+ 464 982
+ 463 468
+ 463 681
+ 462 598
+ 462 695
+ 462 731
+ 462 846
+ 462 920
+ 462 607
+ 461 491
+ 461 851
+ 460 727
+ 459 945
+ 459 771
+ 459 974
+ 459 715
+ 458 905
+ 457 515
+ 456 648
+ 456 630
+ 456 867
+ 456 940
+ 455 776
+ 455 811
+ 455 694
+ 455 474
+ 454 758
+ 454 859
+ 453 971
+ 453 701
+ 453 912
+ 452 511
+ 452 844
+ 451 628
+ 451 965
+ 451 566
+ 451 842
+ 450 941
+ 450 820
+ 450 477
+ 450 697
+ 450 954
+ 450 569
+ 449 455
+ 449 714
+ 449 811
+ 448 950
+ 448 781
+ 448 699
+ 447 972
+ 447 700
+ 447 702
+ 447 902
+ 446 744
+ 446 596
+ 446 708
+ 446 938
+ 445 892
+ 445 908
+ 445 610
+ 444 526
+ 444 624
+ 443 818
+ 443 620
+ 442 575
+ 442 600
+ 442 814
+ 441 794
+ 440 573
+ 440 826
+ 440 979
+ 440 889
+ 440 975
+ 439 530
+ 439 457
+ 439 515
+ 439 891
+ 439 483
+ 438 749
+ 438 609
+ 438 565
+ 438 760
+ 437 587
+ 437 802
+ 437 903
+ 437 986
+ 437 661
+ 436 970
+ 436 904
+ 435 653
+ 435 511
+ 435 936
+ 434 771
+ 434 520
+ 434 601
+ 434 629
+ 433 926
+ 433 589
+ 433 616
+ 433 691
+ 432 615
+ 432 494
+ 432 593
+ 431 955
+ 431 511
+ 431 452
+ 430 672
+ 430 852
+ 430 655
+ 429 540
+ 429 884
+ 429 671
+ 428 832
+ 428 932
+ 427 513
+ 427 750
+ 427 442
+ 426 530
+ 426 814
+ 426 457
+ 425 514
+ 425 572
+ 424 910
+ 424 631
+ 424 668
+ 423 608
+ 423 889
+ 423 745
+ 423 571
+ 422 497
+ 422 506
+ 422 770
+ 422 641
+ 421 880
+ 421 481
+ 421 714
+ 421 910
+ 421 631
+ 420 996
+ 420 877
+ 420 499
+ 420 489
+ 419 937
+ 419 949
+ 419 572
+ 419 614
+ 419 425
+ 418 526
+ 418 793
+ 417 661
+ 417 475
+ 417 437
+ 417 802
+ 416 919
+ 416 798
+ 416 543
+ 415 856
+ 415 596
+ 415 446
+ 414 458
+ 414 837
+ 414 851
+ 413 936
+ 413 653
+ 413 431
+ 413 435
+ 413 955
+ 413 652
+ 412 919
+ 412 488
+ 412 827
+ 411 791
+ 411 878
+ 411 690
+ 410 632
+ 410 810
+ 410 985
+ 410 734
+ 410 651
+ 409 724
+ 409 929
+ 408 825
+ 408 594
+ 408 906
+ 408 550
+ 408 911
+ 407 511
+ 407 936
+ 407 431
+ 407 435
+ 407 670
+ 407 652
+ 406 447
+ 406 902
+ 406 578
+ 406 702
+ 405 925
+ 404 668
+ 404 880
+ 403 560
+ 403 739
+ 403 752
+ 403 625
+ 403 773
+ 403 684
+ 402 590
+ 402 839
+ 402 532
+ 402 556
+ 401 693
+ 401 907
+ 401 990
+ 401 961
+ 400 552
+ 400 944
+ 399 623
+ 399 608
+ 399 555
+ 399 571
+ 399 913
+ 399 423
+ 399 745
+ 398 709
+ 398 490
+ 397 868
+ 397 843
+ 397 916
+ 397 893
+ 397 865
+ 397 733
+ 396 462
+ 396 731
+ 396 607
+ 396 846
+ 395 526
+ 395 735
+ 395 444
+ 394 792
+ 393 829
+ 393 429
+ 393 728
+ 392 853
+ 392 786
+ 392 732
+ 391 626
+ 390 900
+ 390 924
+ 390 981
+ 390 806
+ 390 701
+ 389 679
+ 389 440
+ 389 608
+ 389 826
+ 389 975
+ 389 979
+ 389 745
+ 388 547
+ 388 613
+ 388 833
+ 387 803
+ 387 637
+ 387 490
+ 386 948
+ 386 863
+ 386 815
+ 386 871
+ 385 748
+ 385 519
+ 385 493
+ 384 584
+ 383 982
+ 383 552
+ 383 944
+ 383 400
+ 382 587
+ 382 946
+ 382 987
+ 382 763
+ 382 741
+ 382 573
+ 381 780
+ 381 995
+ 381 921
+ 381 923
+ 380 997
+ 380 804
+ 380 960
+ 380 474
+ 380 676
+ 380 485
+ 379 783
+ 379 953
+ 379 935
+ 378 899
+ 378 635
+ 378 895
+ 377 398
+ 377 428
+ 377 490
+ 377 932
+ 377 864
+ 376 747
+ 376 973
+ 375 590
+ 375 888
+ 375 532
+ 375 556
+ 374 978
+ 374 783
+ 374 858
+ 374 570
+ 374 537
+ 374 953
+ 373 535
+ 373 650
+ 373 824
+ 373 657
+ 373 541
+ 372 562
+ 372 664
+ 372 824
+ 371 831
+ 371 942
+ 371 663
+ 371 504
+ 370 925
+ 370 405
+ 370 782
+ 370 789
+ 369 480
+ 369 985
+ 369 410
+ 369 467
+ 369 704
+ 368 841
+ 368 769
+ 368 789
+ 367 628
+ 367 905
+ 367 720
+ 366 901
+ 365 838
+ 365 909
+ 365 941
+ 365 569
+ 364 969
+ 364 762
+ 364 957
+ 364 992
+ 364 696
+ 363 563
+ 363 585
+ 362 898
+ 362 545
+ 362 742
+ 362 830
+ 362 712
+ 361 918
+ 361 990
+ 361 973
+ 361 713
+ 360 666
+ 360 407
+ 360 955
+ 359 421
+ 359 823
+ 359 404
+ 359 880
+ 359 481
+ 359 668
+ 358 387
+ 358 564
+ 358 501
+ 358 586
+ 358 617
+ 357 909
+ 357 703
+ 357 954
+ 357 569
+ 357 450
+ 357 820
+ 357 546
+ 357 477
+ 357 941
+ 356 568
+ 356 809
+ 356 384
+ 355 894
+ 355 806
+ 355 682
+ 355 390
+ 354 421
+ 354 481
+ 354 424
+ 354 910
+ 354 880
+ 354 631
+ 353 493
+ 353 385
+ 353 492
+ 353 519
+ 352 869
+ 352 589
+ 352 433
+ 352 616
+ 352 525
+ 351 797
+ 351 871
+ 351 815
+ 350 535
+ 350 650
+ 350 657
+ 350 372
+ 349 624
+ 349 526
+ 349 395
+ 349 793
+ 348 652
+ 348 765
+ 347 831
+ 347 942
+ 347 463
+ 346 948
+ 346 732
+ 346 863
+ 346 966
+ 346 853
+ 345 890
+ 345 602
+ 345 952
+ 345 712
+ 345 742
+ 345 830
+ 345 362
+ 344 386
+ 344 498
+ 344 366
+ 344 914
+ 344 871
+ 344 815
+ 343 603
+ 343 647
+ 343 989
+ 343 675
+ 343 580
+ 342 710
+ 342 504
+ 342 663
+ 341 898
+ 341 870
+ 341 885
+ 341 893
+ 341 991
+ 341 865
+ 340 509
+ 340 641
+ 340 422
+ 339 867
+ 339 678
+ 339 456
+ 338 476
+ 338 691
+ 338 352
+ 338 869
+ 338 500
+ 337 458
+ 337 367
+ 336 881
+ 336 818
+ 336 443
+ 336 611
+ 335 624
+ 335 444
+ 335 526
+ 335 793
+ 334 436
+ 334 384
+ 334 568
+ 334 584
+ 333 622
+ 333 859
+ 332 807
+ 332 378
+ 332 760
+ 332 895
+ 331 670
+ 331 652
+ 331 653
+ 331 348
+ 331 765
+ 331 936
+ 330 765
+ 330 817
+ 330 348
+ 330 718
+ 330 670
+ 330 652
+ 329 568
+ 329 384
+ 329 496
+ 329 627
+ 328 670
+ 328 652
+ 328 765
+ 327 425
+ 327 523
+ 327 614
+ 327 419
+ 326 586
+ 326 759
+ 326 501
+ 326 796
+ 326 617
+ 325 467
+ 325 734
+ 325 522
+ 325 509
+ 325 551
+ 325 632
+ 324 880
+ 324 811
+ 324 714
+ 324 823
+ 324 359
+ 324 421
+ 323 325
+ 323 522
+ 323 509
+ 323 340
+ 323 497
+ 323 422
+ 322 962
+ 322 521
+ 322 968
+ 322 479
+ 321 347
+ 321 542
+ 321 923
+ 321 927
+ 320 613
+ 320 388
+ 319 868
+ 319 813
+ 319 733
+ 319 916
+ 318 591
+ 318 729
+ 318 800
+ 317 671
+ 317 728
+ 317 429
+ 317 884
+ 316 420
+ 316 489
+ 316 730
+ 316 996
+ 315 977
+ 315 862
+ 315 716
+ 315 559
+ 315 527
+ 315 860
+ 314 510
+ 314 873
+ 314 621
+ 314 487
+ 313 549
+ 313 528
+ 313 717
+ 313 633
+ 312 738
+ 312 922
+ 312 639
+ 312 503
+ 311 808
+ 311 422
+ 311 641
+ 311 506
+ 311 340
+ 310 550
+ 310 572
+ 310 419
+ 310 906
+ 309 426
+ 309 530
+ 309 439
+ 309 457
+ 309 814
+ 308 427
+ 308 575
+ 307 943
+ 307 708
+ 307 596
+ 307 938
+ 306 852
+ 306 672
+ 306 312
+ 305 968
+ 305 521
+ 305 662
+ 305 479
+ 304 733
+ 304 843
+ 304 341
+ 304 865
+ 304 885
+ 303 521
+ 303 621
+ 303 968
+ 303 873
+ 302 859
+ 302 461
+ 302 737
+ 302 758
+ 302 454
+ 302 851
+ 302 333
+ 301 759
+ 301 326
+ 301 944
+ 301 400
+ 300 673
+ 300 339
+ 299 765
+ 299 718
+ 299 817
+ 298 432
+ 298 593
+ 298 494
+ 298 615
+ 297 673
+ 297 630
+ 297 867
+ 297 456
+ 296 861
+ 296 529
+ 296 574
+ 296 929
+ 295 891
+ 295 308
+ 295 426
+ 295 600
+ 295 427
+ 295 575
+ 294 599
+ 294 448
+ 294 645
+ 294 692
+ 293 759
+ 293 564
+ 293 501
+ 293 586
+ 293 617
+ 292 710
+ 292 468
+ 292 706
+ 292 663
+ 292 463
+ 292 342
+ 291 898
+ 291 885
+ 291 830
+ 291 870
+ 291 545
+ 290 793
+ 290 418
+ 290 380
+ 290 485
+ 289 963
+ 289 582
+ 289 599
+ 289 887
+ 288 564
+ 288 293
+ 288 358
+ 288 709
+ 288 387
+ 288 803
+ 287 341
+ 287 478
+ 287 893
+ 287 870
+ 286 355
+ 286 682
+ 286 897
+ 286 971
+ 285 498
+ 285 713
+ 285 797
+ 285 901
+ 285 918
+ 285 366
+ 284 588
+ 284 776
+ 284 676
+ 284 449
+ 284 930
+ 284 474
+ 283 434
+ 283 790
+ 283 629
+ 283 791
+ 283 601
+ 283 459
+ 283 411
+ 282 981
+ 282 286
+ 282 390
+ 282 806
+ 282 682
+ 282 897
+ 281 445
+ 281 671
+ 281 728
+ 281 317
+ 281 854
+ 280 802
+ 280 661
+ 279 582
+ 279 548
+ 279 883
+ 279 992
+ 279 364
+ 278 932
+ 278 377
+ 278 398
+ 277 423
+ 277 975
+ 276 807
+ 276 492
+ 276 635
+ 275 846
+ 275 607
+ 275 768
+ 275 579
+ 274 773
+ 274 956
+ 274 560
+ 274 816
+ 273 740
+ 273 817
+ 273 726
+ 273 730
+ 273 765
+ 272 924
+ 272 453
+ 272 557
+ 272 915
+ 272 900
+ 271 921
+ 271 757
+ 271 780
+ 271 394
+ 270 874
+ 270 764
+ 270 779
+ 270 952
+ 270 683
+ 269 454
+ 269 622
+ 269 594
+ 269 687
+ 269 859
+ 268 883
+ 268 364
+ 268 963
+ 268 582
+ 268 957
+ 267 721
+ 267 727
+ 267 686
+ 267 643
+ 266 424
+ 266 477
+ 266 838
+ 266 365
+ 266 631
+ 266 909
+ 265 933
+ 265 737
+ 265 851
+ 265 758
+ 265 414
+ 265 461
+ 264 503
+ 264 922
+ 264 738
+ 264 852
+ 263 761
+ 263 857
+ 263 788
+ 262 776
+ 262 455
+ 262 694
+ 262 588
+ 262 284
+ 262 474
+ 262 930
+ 261 372
+ 261 471
+ 261 848
+ 261 499
+ 260 593
+ 260 432
+ 260 809
+ 259 610
+ 259 908
+ 258 483
+ 258 515
+ 258 746
+ 258 530
+ 258 457
+ 257 398
+ 257 932
+ 257 803
+ 257 490
+ 256 367
+ 256 628
+ 256 566
+ 256 905
+ 256 720
+ 254 780
+ 254 923
+ 254 381
+ 254 964
+ 253 648
+ 253 630
+ 253 929
+ 253 724
+ 252 269
+ 252 687
+ 252 333
+ 252 622
+ 252 454
+ 252 594
+ 252 665
+ 251 887
+ 251 268
+ 251 645
+ 251 289
+ 251 963
+ 251 582
+ 250 962
+ 250 782
+ 250 789
+ 250 662
+ 250 769
+ 249 534
+ 249 978
+ 249 570
+ 248 921
+ 248 394
+ 248 441
+ 248 271
+ 247 647
+ 247 774
+ 247 613
+ 247 603
+ 246 594
+ 246 859
+ 246 333
+ 246 622
+ 246 252
+ 246 408
+ 246 454
+ 245 315
+ 245 716
+ 245 527
+ 245 554
+ 245 977
+ 245 559
+ 245 862
+ 244 760
+ 244 688
+ 244 438
+ 243 708
+ 243 834
+ 243 943
+ 242 949
+ 242 614
+ 242 327
+ 242 425
+ 241 878
+ 241 686
+ 241 727
+ 241 643
+ 241 549
+ 241 722
+ 240 281
+ 240 429
+ 240 854
+ 240 259
+ 239 400
+ 239 538
+ 239 301
+ 239 759
+ 238 794
+ 238 956
+ 238 816
+ 238 658
+ 237 784
+ 237 680
+ 236 673
+ 236 689
+ 236 931
+ 236 619
+ 236 678
+ 235 627
+ 235 260
+ 235 482
+ 235 593
+ 235 496
+ 234 257
+ 234 377
+ 234 709
+ 234 288
+ 234 490
+ 234 803
+ 234 864
+ 234 387
+ 234 398
+ 233 659
+ 233 519
+ 233 493
+ 233 492
+ 233 635
+ 233 385
+ 232 242
+ 232 518
+ 232 523
+ 232 949
+ 231 470
+ 231 563
+ 231 487
+ 231 873
+ 230 529
+ 230 574
+ 230 567
+ 230 861
+ 229 693
+ 229 784
+ 229 961
+ 229 533
+ 229 237
+ 228 465
+ 228 904
+ 228 556
+ 228 707
+ 228 590
+ 228 839
+ 227 640
+ 227 433
+ 226 689
+ 226 739
+ 226 678
+ 226 236
+ 226 625
+ 226 684
+ 226 619
+ 226 469
+ 226 931
+ 225 841
+ 225 298
+ 225 925
+ 224 656
+ 224 649
+ 224 986
+ 224 932
+ 224 832
+ 223 602
+ 223 779
+ 223 270
+ 222 886
+ 222 954
+ 222 939
+ 222 685
+ 221 736
+ 221 821
+ 221 604
+ 221 715
+ 221 974
+ 220 995
+ 220 271
+ 220 381
+ 220 780
+ 220 757
+ 220 927
+ 219 784
+ 219 229
+ 219 693
+ 219 533
+ 219 961
+ 219 376
+ 218 386
+ 218 346
+ 218 344
+ 218 351
+ 217 563
+ 217 577
+ 217 777
+ 217 761
+ 217 363
+ 217 857
+ 217 263
+ 216 580
+ 216 343
+ 216 965
+ 215 726
+ 215 785
+ 214 754
+ 214 735
+ 214 666
+ 214 844
+ 213 852
+ 213 672
+ 213 988
+ 213 738
+ 213 430
+ 212 730
+ 212 273
+ 212 299
+ 212 817
+ 211 384
+ 211 356
+ 211 904
+ 210 368
+ 210 925
+ 210 769
+ 210 405
+ 210 789
+ 209 877
+ 209 215
+ 209 316
+ 209 730
+ 209 420
+ 209 740
+ 208 872
+ 208 902
+ 208 951
+ 208 578
+ 207 657
+ 207 848
+ 207 350
+ 207 372
+ 207 562
+ 206 325
+ 206 734
+ 206 704
+ 206 410
+ 205 831
+ 205 542
+ 205 923
+ 205 942
+ 205 959
+ 205 321
+ 205 347
+ 204 369
+ 204 410
+ 204 206
+ 204 595
+ 204 632
+ 204 480
+ 203 882
+ 203 725
+ 203 875
+ 202 514
+ 202 425
+ 202 614
+ 202 937
+ 202 572
+ 202 949
+ 201 441
+ 201 642
+ 201 394
+ 201 248
+ 201 780
+ 200 333
+ 200 454
+ 200 859
+ 200 302
+ 200 461
+ 199 438
+ 199 565
+ 199 688
+ 199 760
+ 199 751
+ 198 589
+ 198 616
+ 198 691
+ 197 462
+ 197 536
+ 197 396
+ 197 753
+ 197 920
+ 196 432
+ 196 260
+ 196 593
+ 195 965
+ 195 989
+ 195 845
+ 195 566
+ 194 717
+ 194 460
+ 194 528
+ 193 848
+ 193 471
+ 193 562
+ 192 636
+ 192 835
+ 192 934
+ 192 812
+ 192 976
+ 191 294
+ 191 963
+ 191 599
+ 191 887
+ 191 645
+ 191 582
+ 190 772
+ 190 639
+ 190 312
+ 190 503
+ 189 690
+ 189 721
+ 189 643
+ 189 241
+ 188 962
+ 188 322
+ 188 305
+ 188 250
+ 188 789
+ 188 368
+ 187 379
+ 187 858
+ 187 953
+ 187 249
+ 187 783
+ 187 502
+ 186 850
+ 186 799
+ 186 993
+ 186 812
+ 186 976
+ 185 772
+ 185 503
+ 185 190
+ 185 516
+ 185 495
+ 184 597
+ 184 788
+ 184 468
+ 184 706
+ 184 761
+ 184 263
+ 183 902
+ 183 872
+ 183 708
+ 183 243
+ 183 834
+ 183 943
+ 182 377
+ 182 932
+ 182 398
+ 182 257
+ 182 864
+ 182 278
+ 181 475
+ 181 417
+ 181 903
+ 181 802
+ 181 280
+ 181 587
+ 181 661
+ 180 648
+ 180 867
+ 180 630
+ 180 456
+ 179 523
+ 179 232
+ 179 318
+ 179 800
+ 179 518
+ 179 591
+ 178 388
+ 178 613
+ 177 432
+ 177 225
+ 177 841
+ 176 980
+ 176 725
+ 176 795
+ 176 203
+ 176 778
+ 175 280
+ 175 986
+ 175 224
+ 175 656
+ 174 818
+ 174 505
+ 174 620
+ 173 571
+ 173 423
+ 173 555
+ 173 913
+ 173 534
+ 172 436
+ 172 568
+ 172 496
+ 172 384
+ 172 584
+ 172 356
+ 171 345
+ 171 898
+ 171 712
+ 171 991
+ 171 545
+ 170 613
+ 170 247
+ 170 675
+ 170 774
+ 170 833
+ 170 320
+ 169 587
+ 169 417
+ 169 987
+ 169 437
+ 169 181
+ 168 605
+ 168 409
+ 168 296
+ 168 861
+ 168 574
+ 168 529
+ 167 562
+ 167 193
+ 167 261
+ 167 664
+ 166 773
+ 166 560
+ 166 238
+ 166 956
+ 166 816
+ 166 767
+ 166 274
+ 165 887
+ 165 251
+ 165 289
+ 165 191
+ 165 294
+ 165 963
+ 165 645
+ 164 647
+ 164 989
+ 164 675
+ 164 216
+ 164 343
+ 163 567
+ 163 373
+ 163 861
+ 163 605
+ 163 947
+ 162 235
+ 162 484
+ 162 482
+ 162 196
+ 162 627
+ 162 496
+ 162 329
+ 161 824
+ 161 947
+ 161 350
+ 161 535
+ 161 163
+ 160 731
+ 160 197
+ 160 920
+ 160 753
+ 159 489
+ 159 996
+ 159 316
+ 159 660
+ 158 692
+ 158 781
+ 158 699
+ 158 448
+ 157 386
+ 157 948
+ 157 346
+ 157 218
+ 157 966
+ 157 871
+ 156 338
+ 156 500
+ 156 476
+ 156 589
+ 156 691
+ 156 702
+ 156 352
+ 156 972
+ 155 443
+ 155 818
+ 155 917
+ 155 612
+ 154 970
+ 154 556
+ 154 904
+ 154 228
+ 154 590
+ 153 518
+ 153 523
+ 153 242
+ 153 232
+ 153 591
+ 153 179
+ 152 609
+ 152 558
+ 152 606
+ 152 669
+ 152 762
+ 151 827
+ 151 412
+ 151 828
+ 151 779
+ 150 673
+ 150 236
+ 150 300
+ 150 456
+ 150 297
+ 150 678
+ 149 223
+ 149 602
+ 149 830
+ 149 712
+ 148 307
+ 148 446
+ 148 596
+ 148 856
+ 148 744
+ 148 576
+ 147 150
+ 147 456
+ 147 339
+ 147 673
+ 146 690
+ 146 601
+ 146 722
+ 146 411
+ 146 878
+ 146 189
+ 146 791
+ 145 173
+ 145 555
+ 145 571
+ 145 935
+ 145 502
+ 145 646
+ 145 379
+ 144 544
+ 144 392
+ 144 677
+ 144 786
+ 144 853
+ 143 946
+ 143 987
+ 143 417
+ 143 763
+ 143 475
+ 143 517
+ 143 587
+ 143 573
+ 142 667
+ 142 858
+ 142 537
+ 142 272
+ 142 915
+ 141 499
+ 141 420
+ 141 471
+ 141 489
+ 141 877
+ 141 193
+ 141 159
+ 140 703
+ 140 450
+ 140 477
+ 140 569
+ 140 357
+ 140 909
+ 140 365
+ 140 546
+ 140 941
+ 139 266
+ 139 941
+ 139 910
+ 139 365
+ 139 909
+ 139 477
+ 139 569
+ 139 631
+ 139 424
+ 138 942
+ 138 205
+ 138 923
+ 138 927
+ 137 162
+ 137 809
+ 137 196
+ 137 627
+ 137 494
+ 136 439
+ 136 515
+ 136 258
+ 136 457
+ 136 483
+ 136 309
+ 136 530
+ 135 615
+ 135 593
+ 135 432
+ 135 494
+ 135 137
+ 134 626
+ 134 743
+ 134 178
+ 134 391
+ 134 983
+ 133 738
+ 133 306
+ 133 213
+ 132 580
+ 132 164
+ 132 774
+ 131 915
+ 131 978
+ 131 142
+ 131 783
+ 131 858
+ 131 537
+ 130 965
+ 130 256
+ 130 842
+ 130 566
+ 129 227
+ 129 926
+ 129 641
+ 129 311
+ 129 506
+ 129 422
+ 129 808
+ 128 658
+ 128 792
+ 128 816
+ 128 794
+ 127 865
+ 127 893
+ 127 397
+ 127 843
+ 127 287
+ 127 870
+ 126 727
+ 126 241
+ 126 267
+ 126 643
+ 126 549
+ 125 726
+ 125 785
+ 125 316
+ 125 209
+ 125 489
+ 125 730
+ 125 740
+ 124 724
+ 124 253
+ 124 634
+ 124 648
+ 123 744
+ 123 756
+ 123 415
+ 123 856
+ 123 576
+ 123 307
+ 122 301
+ 122 982
+ 122 944
+ 122 400
+ 121 320
+ 121 743
+ 121 547
+ 121 983
+ 121 626
+ 120 771
+ 120 790
+ 120 791
+ 120 283
+ 120 520
+ 120 459
+ 120 629
+ 119 443
+ 119 611
+ 119 336
+ 119 221
+ 119 155
+ 119 736
+ 119 174
+ 118 418
+ 118 526
+ 118 349
+ 118 335
+ 117 686
+ 117 146
+ 117 690
+ 117 878
+ 117 722
+ 116 576
+ 116 705
+ 116 148
+ 116 746
+ 116 756
+ 115 673
+ 115 469
+ 115 678
+ 115 150
+ 115 339
+ 115 147
+ 115 931
+ 114 768
+ 114 275
+ 114 795
+ 114 176
+ 114 579
+ 114 778
+ 113 822
+ 113 610
+ 113 879
+ 113 836
+ 113 473
+ 113 775
+ 112 906
+ 112 550
+ 112 937
+ 112 310
+ 112 514
+ 112 572
+ 112 911
+ 111 618
+ 111 719
+ 111 801
+ 110 978
+ 110 557
+ 110 915
+ 110 142
+ 110 537
+ 110 858
+ 109 833
+ 109 774
+ 109 613
+ 109 391
+ 109 170
+ 109 178
+ 109 547
+ 108 314
+ 108 322
+ 108 968
+ 108 621
+ 107 583
+ 107 994
+ 107 685
+ 107 655
+ 107 988
+ 107 430
+ 106 651
+ 106 369
+ 106 810
+ 106 464
+ 106 595
+ 105 416
+ 105 255
+ 105 894
+ 105 488
+ 105 896
+ 104 785
+ 104 718
+ 104 299
+ 104 726
+ 104 765
+ 104 330
+ 104 817
+ 104 273
+ 103 440
+ 103 608
+ 103 399
+ 103 679
+ 103 389
+ 103 889
+ 103 745
+ 102 515
+ 102 746
+ 102 483
+ 102 415
+ 101 641
+ 101 311
+ 101 227
+ 101 129
+ 101 525
+ 101 808
+ 101 433
+ 100 491
+ 100 461
+ 100 758
+ 100 333
+ 100 200
+ 100 737
+ 100 524
+ 99 937
+ 99 310
+ 99 825
+ 99 112
+ 99 665
+ 99 906
+ 99 911
+ 98 581
+ 98 888
+ 98 928
+ 97 920
+ 97 194
+ 97 160
+ 97 528
+ 97 753
+ 97 633
+ 96 677
+ 96 732
+ 96 144
+ 96 786
+ 96 853
+ 96 507
+ 95 98
+ 95 466
+ 95 532
+ 95 513
+ 94 118
+ 94 290
+ 94 644
+ 94 793
+ 94 418
+ 94 349
+ 93 617
+ 93 358
+ 93 288
+ 93 637
+ 93 293
+ 93 796
+ 93 501
+ 92 772
+ 92 711
+ 92 554
+ 92 495
+ 92 958
+ 91 347
+ 91 923
+ 91 959
+ 91 205
+ 91 831
+ 91 371
+ 91 138
+ 90 812
+ 90 192
+ 90 636
+ 90 822
+ 90 835
+ 90 819
+ 89 908
+ 89 445
+ 89 654
+ 89 281
+ 89 836
+ 88 906
+ 88 514
+ 88 425
+ 88 310
+ 88 550
+ 88 99
+ 88 937
+ 88 572
+ 87 378
+ 87 899
+ 87 751
+ 87 276
+ 87 659
+ 87 635
+ 86 735
+ 86 624
+ 86 754
+ 86 444
+ 86 526
+ 85 781
+ 85 766
+ 85 950
+ 85 533
+ 85 784
+ 85 229
+ 84 664
+ 84 207
+ 84 350
+ 84 541
+ 84 657
+ 83 505
+ 83 917
+ 83 677
+ 83 507
+ 82 618
+ 82 801
+ 82 799
+ 82 111
+ 81 863
+ 81 966
+ 81 386
+ 81 948
+ 81 157
+ 81 392
+ 81 853
+ 81 218
+ 81 732
+ 80 479
+ 80 322
+ 80 108
+ 80 521
+ 80 305
+ 80 303
+ 80 968
+ 79 876
+ 79 214
+ 79 444
+ 79 624
+ 79 86
+ 79 526
+ 79 735
+ 79 335
+ 78 308
+ 78 891
+ 78 575
+ 78 750
+ 78 442
+ 77 281
+ 77 89
+ 77 259
+ 77 671
+ 77 317
+ 77 445
+ 76 527
+ 76 554
+ 76 772
+ 76 495
+ 76 958
+ 75 579
+ 75 778
+ 75 275
+ 75 695
+ 75 768
+ 74 768
+ 74 176
+ 74 882
+ 74 813
+ 74 778
+ 74 725
+ 74 795
+ 74 980
+ 73 460
+ 73 528
+ 73 194
+ 73 313
+ 73 753
+ 73 717
+ 72 393
+ 72 540
+ 72 592
+ 72 553
+ 72 829
+ 72 429
+ 72 805
+ 72 728
+ 71 324
+ 71 359
+ 71 823
+ 71 776
+ 71 811
+ 71 404
+ 70 642
+ 70 794
+ 70 956
+ 70 767
+ 69 919
+ 69 416
+ 69 412
+ 69 255
+ 69 828
+ 69 827
+ 69 151
+ 68 94
+ 68 418
+ 68 444
+ 68 644
+ 67 855
+ 67 837
+ 67 458
+ 67 414
+ 67 337
+ 66 862
+ 66 729
+ 65 94
+ 65 804
+ 65 960
+ 65 997
+ 64 314
+ 64 873
+ 64 108
+ 64 621
+ 64 487
+ 63 292
+ 63 663
+ 63 681
+ 63 468
+ 63 597
+ 62 271
+ 62 780
+ 62 921
+ 62 757
+ 62 964
+ 62 201
+ 61 451
+ 61 628
+ 61 195
+ 60 500
+ 60 972
+ 60 589
+ 59 340
+ 59 770
+ 59 422
+ 58 685
+ 58 939
+ 58 107
+ 58 994
+ 57 323
+ 57 551
+ 57 509
+ 57 734
+ 57 704
+ 56 470
+ 56 563
+ 56 873
+ 55 270
+ 55 602
+ 54 457
+ 54 309
+ 54 575
+ 54 308
+ 54 442
+ 54 814
+ 54 426
+ 53 397
+ 53 733
+ 53 813
+ 53 875
+ 53 203
+ 53 795
+ 53 882
+ 52 188
+ 52 789
+ 52 769
+ 52 662
+ 52 539
+ 51 729
+ 51 153
+ 51 66
+ 50 603
+ 50 845
+ 50 61
+ 50 580
+ 50 195
+ 50 451
+ 50 965
+ 50 216
+ 49 276
+ 49 899
+ 49 635
+ 49 493
+ 49 748
+ 49 492
+ 48 272
+ 48 537
+ 48 915
+ 48 557
+ 48 374
+ 47 641
+ 47 497
+ 47 770
+ 47 59
+ 47 422
+ 46 182
+ 46 832
+ 46 175
+ 46 656
+ 46 278
+ 46 428
+ 46 280
+ 46 649
+ 46 224
+ 45 261
+ 45 499
+ 45 562
+ 45 996
+ 45 193
+ 45 141
+ 44 776
+ 44 714
+ 44 262
+ 44 588
+ 44 71
+ 44 823
+ 43 645
+ 43 781
+ 43 294
+ 43 448
+ 43 699
+ 43 866
+ 43 165
+ 43 599
+ 43 692
+ 42 68
+ 42 804
+ 42 644
+ 42 65
+ 42 793
+ 42 485
+ 41 896
+ 41 543
+ 41 69
+ 41 412
+ 41 919
+ 41 105
+ 40 465
+ 40 334
+ 40 707
+ 40 970
+ 40 584
+ 40 211
+ 39 638
+ 39 464
+ 39 383
+ 39 595
+ 39 400
+ 38 342
+ 38 663
+ 38 463
+ 38 542
+ 38 347
+ 38 504
+ 38 831
+ 37 258
+ 37 136
+ 37 856
+ 37 116
+ 37 576
+ 37 515
+ 36 638
+ 36 400
+ 36 122
+ 36 464
+ 36 39
+ 36 239
+ 35 604
+ 35 336
+ 35 620
+ 35 174
+ 34 264
+ 34 738
+ 34 922
+ 34 852
+ 34 133
+ 34 672
+ 34 312
+ 33 312
+ 33 264
+ 33 531
+ 33 190
+ 33 772
+ 32 533
+ 32 699
+ 32 781
+ 32 950
+ 32 158
+ 32 85
+ 32 961
+ 31 965
+ 31 367
+ 31 628
+ 31 842
+ 31 256
+ 31 451
+ 30 862
+ 30 716
+ 30 318
+ 30 729
+ 30 315
+ 30 51
+ 30 800
+ 30 245
+ 29 683
+ 29 151
+ 29 270
+ 29 223
+ 29 764
+ 29 827
+ 28 544
+ 28 917
+ 28 505
+ 28 612
+ 28 620
+ 28 96
+ 28 83
+ 27 66
+ 27 559
+ 27 30
+ 27 315
+ 27 245
+ 27 977
+ 27 729
+ 26 184
+ 26 263
+ 26 706
+ 26 788
+ 25 386
+ 25 344
+ 25 351
+ 25 914
+ 25 218
+ 25 871
+ 24 331
+ 24 413
+ 24 670
+ 24 653
+ 24 652
+ 24 407
+ 24 435
+ 23 472
+ 23 565
+ 23 152
+ 23 199
+ 23 609
+ 22 318
+ 22 153
+ 22 523
+ 22 518
+ 22 729
+ 21 724
+ 21 634
+ 21 529
+ 21 253
+ 21 168
+ 21 124
+ 21 929
+ 21 409
+ 20 274
+ 20 403
+ 20 486
+ 20 752
+ 20 625
+ 20 619
+ 20 684
+ 19 883
+ 19 582
+ 19 268
+ 19 969
+ 19 957
+ 19 279
+ 19 364
+ 18 907
+ 18 376
+ 18 918
+ 18 747
+ 18 713
+ 17 402
+ 17 556
+ 17 839
+ 17 888
+ 17 590
+ 17 375
+ 17 228
+ 16 163
+ 16 861
+ 15 452
+ 15 876
+ 15 754
+ 15 666
+ 15 955
+ 14 828
+ 14 55
+ 14 223
+ 14 764
+ 14 779
+ 14 29
+ 14 874
+ 14 270
+ 13 754
+ 13 666
+ 13 955
+ 13 876
+ 13 15
+ 13 511
+ 12 933
+ 12 458
+ 12 337
+ 12 414
+ 12 367
+ 11 177
+ 11 615
+ 11 405
+ 11 925
+ 10 720
+ 10 905
+ 10 337
+ 10 31
+ 10 458
+ 9 834
+ 9 700
+ 9 938
+ 9 755
+ 9 902
+ 9 183
+ 8 529
+ 8 296
+ 8 724
+ 8 574
+ 8 929
+ 8 409
+ 7 805
+ 7 547
+ 7 829
+ 7 743
+ 7 391
+ 6 487
+ 6 303
+ 6 873
+ 6 56
+ 6 621
+ 5 364
+ 5 992
+ 5 512
+ 5 152
+ 5 969
+ 5 762
+ 5 669
+ 4 121
+ 4 388
+ 4 7
+ 3 593
+ 3 177
+ 3 225
+ 3 432
+ 3 494
+ 3 298
+ 3 135
+ 2 205
+ 2 927
+ 2 959
- 1 996
- 1 316
- 1 817
- 1 212
- 1 299
- 1 718
- 1 328
- 1 331
- 1 936
- 1 653
- 1 290
- 1 449
- 1 588
- 1 776
- 1 404
- 1 71
- 1 811
- 1 324
- 1 421
- 1 910
- 1 357
- 1 477
- 1 909
- 1 266
- 1 365
- 1 140
- 1 941
- 1 703
- 1 820
- 1 559
- 1 27
- 1 687
- 1 622
- 1 550
- 1 408
- 1 246
- 1 454
- 1 737
- 1 320
- 1 170
- 1 132
- 1 774
- 1 845
- 1 989
- 1 603
- 1 247
- 1 613
- 1 178
- 1 109
- 1 547
- 1 121
- 1 626
- 1 553
- 1 829
- 1 393
- 1 993
- 1 561
- 1 719
- 1 82
- 1 111
- 1 801
- 1 850
- 1 618
- 1 799
- 1 934
- 1 192
- 1 812
- 1 186
- 1 976
- 1 636
- 1 723
- 1 240
- 1 259
- 1 908
- 1 654
- 1 89
- 1 836
- 1 892
- 1 822
- 1 90
- 1 819
- 1 879
- 1 835
- 1 473
- 1 113
- 1 775
- 1 610
- 1 445
- 1 77
- 1 317
- 1 281
- 1 854
- 1 884
- 1 429
- 1 671
- 1 592
- 1 849
- 1 728
- 1 72
- 1 805
- 1 743
- 1 540
- 1 983
- 1 134
- 1 391
- 1 7
- 1 4
- 1 388
- 1 833
- 1 675
- 1 647
- 1 580
- 1 343
- 1 164
- 1 965
- 1 216
- 1 50
- 1 628
- 1 61
- 1 195
- 1 566
- 1 130
- 1 842
- 1 451
- 1 31
- 1 933
- 1 12
- 1 458
- 1 10
- 1 905
- 1 256
- 1 720
- 1 367
- 1 337
- 1 67
- 1 855
- 1 837
- 1 414
- 1 265
- 1 491
- 1 758
- 1 524
- 1 100
- 1 200
- 1 461
- 1 851
- 1 302
- 1 333
- 1 859
- 1 269
- 1 594
- 1 252
- 1 665
- 1 99
- 1 310
- 1 906
- 1 825
- 1 911
- 1 112
- 1 514
- 1 202
- 1 937
- 1 88
- 1 572
- 1 232
- 1 318
- 1 591
- 1 179
- 1 153
- 1 327
- 1 242
- 1 425
- 1 419
- 1 614
- 1 949
- 1 523
- 1 518
- 1 22
- 1 729
- 1 66
- 1 51
- 1 30
- 1 800
- 1 862
- 1 245
- 1 527
- 1 531
- 1 772
- 1 33
- 1 190
- 1 185
- 1 516
- 1 711
- 1 860
- 1 315
- 1 716
- 1 977
- 1 554
- 1 92
- 1 958
- 1 76
- 1 495
- 1 639
- 1 133
- 1 306
- 1 886
- 1 222
- 1 685
- 1 655
- 1 988
- 1 672
- 1 34
- 1 312
- 1 503
- 1 922
- 1 264
- 1 852
- 1 738
- 1 213
- 1 430
- 1 107
- 1 58
- 1 994
- 1 583
- 1 697
- 1 939
- 1 698
- 1 546
- 1 954
- 1 450
- 1 569
- 1 139
- 1 424
- 1 668
- 1 359
- 1 481
- 1 838
- 1 631
- 1 354
- 1 880
- 1 714
- 1 823
- 1 44
- 1 930
- 1 262
- 1 804
- 1 997
- 1 65
- 1 960
- 1 694
- 1 455
- 1 474
- 1 284
- 1 676
- 1 380
- 1 485
- 1 42
- 1 876
- 1 624
- 1 754
- 1 86
- 1 526
- 1 395
- 1 444
- 1 68
- 1 644
- 1 793
- 1 418
- 1 94
- 1 349
- 1 118
- 1 335
- 1 79
- 1 735
- 1 214
- 1 844
- 1 452
- 1 431
- 1 511
- 1 13
- 1 15
- 1 666
- 1 360
- 1 955
- 1 413
- 1 435
- 1 24
- 1 407
- 1 670
- 1 330
- 1 652
- 1 348
- 1 765
- 1 273
- 1 104
- 1 215
- 1 785
- 1 726
- 1 730
- 1 125
- 1 740
- 1 209
- 1 420
- 1 489
- 1 877
- 1 660
- 1 159
- 1 141
- 1 45
- 1 207
- 1 230
- 1 650
- 1 161
- 1 350
- 1 84
- 1 657
- 1 373
- 1 541
- 1 848
- 1 562
- 1 193
- 1 471
- 1 499
- 1 261
- 1 167
- 1 664
- 1 372
- 1 824
- 1 180
- 1 166
- 1 274
- 1 816
- 1 231
- 1 314
- 1 108
- 1 80
- 1 52
- 1 539
- 1 962
- 1 662
- 1 769
- 1 250
- 1 782
- 1 370
- 1 482
- 1 235
- 1 196
- 1 841
- 1 177
- 1 615
- 1 432
- 1 260
- 1 809
- 1 839
- 1 208
- 1 227
- 1 47
- 1 506
- 1 311
- 1 340
- 1 641
- 1 497
- 1 323
- 1 57
- 1 538
- 1 826
- 1 277
- 1 608
- 1 249
- 1 570
- 1 978
- 1 48
- 1 894
- 1 798
- 1 981
- 1 971
- 1 286
- 1 806
- 1 282
- 1 897
- 1 255
- 1 55
- 1 742
- 1 828
- 1 683
- 1 874
- 1 952
- 1 149
- 1 890
- 1 868
- 1 508
- 1 536
- 1 878
- 1 117
- 1 721
- 1 460
- 1 528
- 1 194
- 1 73
- 1 313
- 1 549
- 1 126
- 1 643
- 1 267
- 1 686
- 1 722
- 1 690
- 1 411
- 1 948
- 1 386
- 1 787
- 1 847
- 1 533
- 1 899
- 1 659
- 1 276
- 1 519
- 1 353
- 1 492
- 1 49
- 1 748
- 1 493
- 1 385
- 1 233
- 1 635
- 1 87
- 1 378
- 1 332
- 1 895
- 1 807
- 1 749
- 1 751
- 1 199
- 1 244
- 1 688
- 1 565
- 1 472
- 1 760
- 1 438
- 1 512
- 1 609
- 1 23
- 1 152
- 1 969
- 1 548
- 1 883
- 1 696
- 1 762
- 1 5
- 1 669
- 1 606
- 1 558
- 1 992
- 1 279
- 1 364
- 1 19
- 1 957
- 1 268
- 1 866
- 1 294
- 1 191
- 1 645
- 1 165
- 1 963
- 1 251
- 1 582
- 1 289
- 1 887
- 1 599
- 1 43
- 1 692
- 1 699
- 1 158
- 1 448
- 1 781
- 1 766
- 1 950
- 1 784
- 1 973
- 1 361
- 1 693
- 1 401
- 1 990
- 1 907
- 1 680
- 1 237
- 1 229
- 1 85
- 1 32
- 1 961
- 1 219
- 1 376
- 1 18
- 1 747
- 1 918
- 1 713
- 1 901
- 1 366
- 1 285
- 1 498
- 1 797
- 1 967
- 1 840
- 1 914
- 1 25
- 1 351
- 1 815
- 1 344
- 1 871
- 1 157
- 1 218
- 1 96
- 1 144
- 1 984
- 1 443
- 1 790
- 1 520
- 1 771
- 1 821
- 1 221
- 1 119
- 1 736
- 1 818
- 1 612
- 1 155
- 1 917
- 1 505
- 1 544
- 1 677
- 1 786
- 1 392
- 1 732
- 1 81
- 1 853
- 1 346
- 1 863
- 1 966
- 1 507
- 1 83
- 1 28
- 1 620
- 1 174
- 1 35
- 1 336
- 1 881
- 1 974
- 1 611
- 1 604
- 1 945
- 1 715
- 1 459
- 1 120
- 1 283
- 1 601
- 1 434
- 1 629
- 1 791
- 1 146
- 1 189
- 1 241
- 1 727
- 1 717
- 1 633
- 1 97
- 1 160
- 1 753
- 1 197
- 1 920
- 1 731
- 1 396
- 1 607
- 1 462
- 1 846
- 1 598
- 1 695
- 1 75
- 1 725
- 1 813
- 1 875
- 1 203
- 1 176
- 1 778
- 1 114
- 1 579
- 1 275
- 1 768
- 1 980
- 1 74
- 1 795
- 1 882
- 1 53
- 1 341
- 1 478
- 1 127
- 1 287
- 1 893
- 1 397
- 1 733
- 1 319
- 1 916
- 1 843
- 1 865
- 1 304
- 1 885
- 1 898
- 1 171
- 1 991
- 1 870
- 1 291
- 1 545
- 1 712
- 1 362
- 1 345
- 1 830
- 1 602
- 1 779
- 1 223
- 1 270
- 1 14
- 1 764
- 1 29
- 1 827
- 1 69
- 1 151
- 1 412
- 1 488
- 1 543
- 1 416
- 1 919
- 1 41
- 1 105
- 1 896
- 1 682
- 1 355
- 1 390
- 1 701
- 1 453
- 1 912
- 1 667
- 1 900
- 1 272
- 1 557
- 1 924
- 1 915
- 1 142
- 1 110
- 1 858
- 1 131
- 1 537
- 1 953
- 1 374
- 1 783
- 1 187
- 1 502
- 1 646
- 1 173
- 1 534
- 1 555
- 1 913
- 1 935
- 1 379
- 1 145
- 1 571
- 1 423
- 1 399
- 1 293
- 1 564
- 1 358
- 1 803
- 1 288
- 1 387
- 1 490
- 1 257
- 1 182
- 1 428
- 1 932
- 1 656
- 1 175
- 1 280
- 1 46
- 1 224
- 1 986
- 1 802
- 1 169
- 1 417
- 1 475
- 1 143
- 1 946
- 1 763
- 1 979
- 1 679
- 1 103
- 1 389
- 1 745
- 1 623
- 1 889
- 1 440
- 1 975
- 1 741
- 1 382
- 1 573
- 1 517
- 1 987
- 1 587
- 1 181
- 1 661
- 1 437
- 1 903
- 1 832
- 1 649
- 1 864
- 1 377
- 1 278
- 1 398
- 1 234
- 1 709
- 1 637
- 1 617
- 1 326
- 1 301
- 1 206
- 1 410
- 1 651
- 1 810
- 1 106
- 1 464
- 1 982
- 1 122
- 1 944
- 1 796
- 1 93
- 1 501
- 1 586
- 1 759
- 1 239
- 1 36
- 1 39
- 1 400
- 1 383
- 1 552
- 1 638
- 1 595
- 1 204
- 1 480
- 1 985
- 1 734
- 1 467
- 1 369
- 1 704
- 1 509
- 1 325
- 1 632
- 1 551
- 1 522
- 1 770
- 1 59
- 1 422
- 1 129
- 1 808
- 1 926
- 1 640
- 1 589
- 1 60
- 1 476
- 1 338
- 1 500
- 1 869
- 1 616
- 1 198
- 1 691
- 1 433
- 1 101
- 1 525
- 1 352
- 1 156
- 1 972
- 1 951
- 1 700
- 1 9
- 1 596
- 1 705
- 1 95
- 1 513
- 1 426
- 1 54
- 1 308
- 1 575
- 1 295
- 1 427
- 1 750
- 1 78
- 1 891
- 1 439
- 1 37
- 1 515
- 1 746
- 1 116
- 1 756
- 1 856
- 1 744
- 1 148
- 1 576
- 1 123
- 1 307
- 1 708
- 1 834
- 1 243
- 1 943
- 1 183
- 1 872
- 1 578
- 1 406
- 1 702
- 1 447
- 1 902
- 1 755
- 1 938
- 1 446
- 1 415
- 1 102
- 1 483
- 1 136
- 1 530
- 1 258
- 1 457
- 1 309
- 1 814
- 1 442
- 1 600
- 1 466
- 1 581
- 1 888
- 1 98
- 1 928
- 1 532
- 1 402
- 1 556
- 1 375
- 1 17
- 1 228
- 1 154
- 1 590
- 1 40
- 1 970
- 1 436
- 1 172
- 1 384
- 1 356
- 1 211
- 1 904
- 1 707
- 1 465
- 1 584
- 1 334
- 1 568
- 1 627
- 1 329
- 1 162
- 1 496
- 1 484
- 1 593
- 1 494
- 1 137
- 1 135
- 1 3
- 1 298
- 1 225
- 1 925
- 1 11
- 1 405
- 1 210
- 1 789
- 1 368
- 1 188
- 1 305
- 1 521
- 1 479
- 1 322
- 1 968
- 1 303
- 1 873
- 1 56
- 1 6
- 1 621
- 1 64
- 1 487
- 1 470
- 1 510
- 1 563
- 1 363
- 1 585
- 1 26
- 1 706
- 1 761
- 1 577
- 1 777
- 1 857
- 1 217
- 1 263
- 1 184
- 1 468
- 1 63
- 1 597
- 1 788
- 1 710
- 1 663
- 1 542
- 1 2
- 1 942
- 1 959
- 1 205
- 1 347
- 1 38
- 1 831
- 1 681
- 1 463
- 1 292
- 1 342
- 1 504
- 1 371
- 1 91
- 1 138
- 1 254
- 1 964
- 1 441
- 1 248
- 1 792
- 1 394
- 1 271
- 1 780
- 1 201
- 1 62
- 1 921
- 1 381
- 1 995
- 1 923
- 1 321
- 1 927
- 1 220
- 1 757
- 1 642
- 1 674
- 1 794
- 1 128
- 1 658
- 1 238
- 1 956
- 1 70
- 1 767
- 1 752
- 1 689
- 1 339
- 1 300
- 1 673
- 1 147
- 1 115
- 1 931
- 1 226
- 1 469
- 1 486
- 1 625
- 1 20
- 1 684
- 1 403
- 1 773
- 1 560
- 1 739
- 1 619
- 1 236
- 1 678
- 1 150
- 1 297
- 1 724
- 1 253
- 1 630
- 1 867
- 1 456
- 1 940
- 1 634
- 1 124
- 1 648
- 1 296
- 1 929
- 1 21
- 1 409
- 1 8
- 1 574
- 1 168
- 529 1
