3420
R 1289 L
R 1064 P
R 1012 L
K 1246 N
K 1136 N
K 1067 P
K 356 N
R 1817 N
R 1743 P
K 1239 N
K 1055 P
K 710 L
K 323 L
K 209 N
K 196 L
K 4 P
R 1581 L
R 1368 N
R 1053 N
R 774 L
K 183 P
R 581 L
K 9 P
R 1862 L
K 1280 P
R 1611 L
R 1065 P
R 771 N
R 637 P
R 240 L
R 137 N
K 866 L
K 674 N
R 1697 N
R 1388 L
K 266 P
R 1622 P
R 1174 L
K 915 L
K 730 N
K 658 L
K 649 P
K 544 L
R 1731 N
R 1536 N
R 1347 L
K 1167 P
R 1512 N
R 473 P
K 801 L
K 685 L
K 429 L
R 845 L
R 726 P
R 519 L
K 1333 N
R 1205 L
R 1190 L
R 1119 N
R 11 L
K 974 P
K 715 L
R 1532 L
R 1431 N
R 1206 P
R 1161 N
R 333 N
R 90 N
R 18 L
K 1301 L
K 781 N
R 823 P
R 349 P
R 313 N
R 261 P
R 215 L
K 917 P
K 775 N
R 921 L
K 706 P
K 237 L
K 207 L
K 104 L
R 1032 N
R 972 N
K 1467 N
K 941 L
K 632 L
K 177 N
R 454 L
R 179 N
R 24 N
K 971 P
R 1565 L
K 1289 L
K 1140 L
K 954 L
K 507 N
K 402 L
R 1402 P
R 1198 P
K 1311 N
K 739 L
R 1314 P
R 1135 L
R 545 L
R 20 P
K 1283 N
K 424 L
R 1230 L
R 1025 N
K 754 P
R 1176 N
K 378 L
K 122 L
K 33 L
R 772 N
K 1425 N
K 989 N
K 880 P
K 607 N
K 10 N
R 1440 P
R 564 N
K 1331 P
K 1094 L
K 1003 N
R 1118 P
R 115 L
K 1290 L
K 751 P
K 284 P
R 1340 L
R 356 P
K 81 N
R 1405 N
R 995 N
R 947 L
R 535 N
K 277 P
R 1169 N
R 12 N
K 854 N
K 292 L
R 834 L
R 789 L
R 750 N
K 176 P
R 1820 N
R 1669 N
R 1561 N
R 1404 N
R 610 P
R 605 N
R 522 P
K 1418 N
K 562 N
K 398 L
R 1756 N
R 1713 N
R 1664 P
R 1477 P
R 742 L
K 1514 P
K 1214 L
K 143 N
R 576 L
R 47 N
K 1488 P
R 1516 N
R 1129 P
R 831 P
R 325 N
K 1295 L
K 602 L
R 1802 N
R 1262 L
R 870 L
R 791 L
K 1184 P
R 428 L
R 212 P
K 884 N
K 745 L
R 1869 N
R 1728 L
R 1478 L
R 1326 L
R 1302 L
R 10 L
K 1046 L
K 990 L
K 363 P
R 1620 N
R 1181 N
R 1083 P
R 734 L
R 211 L
R 91 P
K 1338 P
K 609 N
R 1647 L
K 798 N
K 204 L
R 709 N
R 623 L
K 1269 L
K 926 N
K 319 L
R 1696 L
R 1519 P
R 1394 P
R 1386 L
R 1152 N
R 820 P
R 552 N
R 25 N
K 716 P
K 417 N
R 1330 L
K 351 L
K 200 N
R 968 P
K 703 N
R 1492 P
R 1359 P
R 1043 P
R 883 P
K 1471 L
K 56 P
R 1773 L
R 641 N
K 1310 N
K 1031 N
K 688 L
R 1587 N
R 1100 N
R 472 N
R 216 P
R 111 N
K 1072 L
R 1511 P
R 1425 L
K 288 N
R 494 P
K 1135 N
R 250 P
K 1493 P
K 326 N
K 150 P
R 1842 P
R 1677 N
R 666 P
R 604 N
K 1053 L
K 930 P
K 453 P
R 887 L
R 825 L
R 481 P
R 177 L
K 1082 L
K 478 P
R 1076 N
R 470 L
R 207 L
K 1307 P
R 1788 P
R 1739 N
R 1569 P
R 1534 L
R 1480 P
R 1220 N
K 1152 N
K 712 N
K 58 P
R 1767 L
K 924 L
K 867 P
K 289 N
K 210 N
K 105 P
R 1651 N
R 1033 P
K 1534 P
K 857 N
K 142 P
R 422 L
K 482 P
K 235 L
R 1345 N
R 1114 L
K 212 P
R 1775 P
R 1612 L
K 1236 L
K 257 N
R 961 P
R 27 P
K 673 P
K 550 N
R 934 N
R 677 N
R 357 L
K 1409 N
K 943 P
R 1744 N
R 1441 N
R 654 P
K 1086 P
K 569 L
R 998 N
K 1119 P
K 1049 N
R 1812 P
R 155 N
K 1248 P
K 893 N
K 786 N
R 1659 P
R 1484 L
R 1208 P
R 122 N
R 7 L
K 1500 P
K 1416 L
K 977 P
K 530 N
R 1575 P
R 1408 L
R 538 P
R 73 L
K 829 N
R 550 N
R 440 N
R 204 P
K 1372 L
K 1108 P
R 1839 L
R 1332 L
R 872 N
R 76 N
K 1210 P
K 1131 P
R 1370 L
R 1186 P
R 1148 L
K 1010 L
K 588 L
K 438 P
R 1629 N
R 1124 P
R 1000 P
K 725 N
K 265 L
K 41 L
R 1211 L
R 1204 N
R 536 N
R 293 N
R 242 L
K 728 L
K 348 P
R 479 N
K 1477 L
K 1076 L
K 737 L
K 635 L
K 466 L
K 436 P
K 31 L
R 1117 L
R 602 N
K 1542 N
K 1132 N
K 517 N
K 97 N
K 40 P
R 148 L
K 1050 P
R 61 L
K 1445 P
R 983 P
R 269 P
R 121 L
K 1455 L
K 1073 L
K 918 P
K 634 L
R 1293 N
K 1104 L
K 575 P
K 493 P
R 945 N
K 238 L
R 1783 N
K 1252 P
K 306 N
R 1865 P
R 1453 P
R 632 L
R 414 P
K 952 N
R 1829 L
R 1562 L
R 835 P
R 272 N
R 156 P
R 113 L
K 752 N
K 410 L
K 217 L
R 1848 N
R 166 L
K 255 P
R 1741 P
R 1726 P
R 1457 L
R 942 N
K 1036 L
K 636 P
R 486 N
K 962 L
R 1787 P
R 1607 P
R 817 L
R 369 N
K 317 L
K 145 P
R 1695 L
R 1599 L
R 1502 N
R 1195 N
R 678 L
R 580 N
K 1502 P
R 976 P
R 882 N
R 733 P
R 685 P
R 566 N
R 190 P
K 1539 P
K 380 L
R 26 N
K 1219 L
K 249 N
R 432 L
R 407 P
K 1228 N
R 1822 N
R 1520 P
R 1336 P
K 686 L
R 958 P
R 419 P
K 1433 P
K 1051 N
K 614 N
K 455 P
R 380 L
K 1159 L
K 653 N
R 437 L
R 400 P
R 243 L
K 1315 N
R 1437 N
R 949 P
R 910 P
R 497 N
R 430 N
R 189 N
K 920 P
K 869 L
K 845 N
K 592 N
K 492 L
K 166 P
R 1593 L
R 123 N
K 1304 P
K 394 P
R 1686 L
R 1430 L
R 1142 P
R 781 L
R 557 N
R 321 P
K 770 N
K 590 P
R 1833 L
R 354 L
R 158 P
K 1359 N
R 1510 L
R 593 N
R 554 L
R 343 N
R 48 P
K 1461 P
K 281 L
R 1015 N
K 452 L
R 85 P
K 48 L
R 1496 L
R 682 L
R 237 N
K 1244 L
K 948 L
K 549 P
K 353 P
R 1653 N
R 1476 P
R 1144 L
R 84 P
K 1258 L
K 833 N
R 827 P
K 741 P
K 722 N
K 379 P
R 1673 L
R 221 N
R 127 L
K 1531 P
R 1403 P
R 1348 N
R 980 P
R 487 L
R 411 P
K 1278 L
K 1178 P
K 1018 L
R 854 L
R 318 N
K 778 N
K 352 L
K 29 N
R 1380 P
R 1299 N
R 603 P
K 979 N
K 821 P
K 641 L
R 1571 N
R 1443 N
R 1168 P
R 1101 L
R 1086 N
R 134 N
K 1158 N
K 664 N
K 525 P
R 826 L
K 1160 L
K 1155 N
K 753 L
R 507 P
K 416 N
R 1495 N
R 1483 P
R 669 P
R 378 L
R 302 N
R 131 N
K 1513 P
K 547 N
K 75 N
K 44 L
R 1630 L
R 391 N
R 360 N
R 340 P
K 1460 P
K 1062 L
K 324 N
R 1618 N
R 787 N
R 569 L
R 367 N
R 208 N
R 154 N
R 142 L
K 1504 P
R 1682 L
R 1626 L
R 1624 P
R 1363 N
R 1287 P
R 1057 N
R 818 P
R 374 L
R 276 L
K 1103 P
K 1039 L
K 349 L
R 703 N
K 536 L
R 1372 N
R 894 L
R 832 P
R 77 L
K 912 N
K 700 L
R 808 L
R 735 L
R 110 P
K 1274 L
K 1107 L
K 577 P
K 298 L
R 1641 L
R 1469 P
K 1001 N
R 909 P
K 1474 P
K 511 L
K 22 L
R 105 N
K 1538 N
K 699 L
K 344 L
R 1313 P
K 1392 P
K 393 P
K 159 N
R 1228 L
R 1130 P
K 852 N
K 264 N
R 1419 P
R 57 N
K 606 P
K 328 L
R 1215 N
K 1079 L
K 953 N
R 1442 L
R 907 P
R 693 P
R 116 N
R 98 L
K 341 N
K 146 L
R 1742 L
R 975 N
K 1261 P
R 284 N
K 1385 N
K 665 N
K 360 N
K 119 L
R 1286 L
R 951 P
K 1415 P
K 469 N
R 1358 L
R 1105 P
R 724 P
K 1422 N
R 1007 P
K 468 N
R 1392 P
R 1151 P
K 1202 L
K 50 N
R 186 P
K 1377 N
K 164 L
R 664 P
K 1180 P
K 1013 P
K 161 P
K 86 P
K 38 N
R 1464 P
R 1089 P
R 797 P
R 719 N
R 680 N
R 596 P
R 504 N
K 1340 L
R 884 L
R 59 N
K 1464 P
K 1434 L
K 939 L
R 477 N
K 976 N
K 792 P
K 426 N
K 308 N
K 215 N
R 1816 L
R 1799 P
R 1001 L
K 403 N
R 1755 L
R 1746 P
R 1549 N
R 1468 L
R 963 N
R 901 P
R 704 L
R 526 P
R 334 P
K 219 P
K 172 P
K 83 N
R 1217 P
R 1066 N
R 816 P
K 1376 L
K 412 L
K 99 P
R 999 N
K 858 N
K 610 L
R 485 P
K 1440 N
R 1341 N
R 451 P
R 252 N
R 197 N
K 15 L
R 1018 N
K 983 L
R 1860 L
R 1668 L
R 1521 L
R 861 N
R 628 L
R 78 L
K 189 P
R 117 N
K 1528 L
R 1282 N
R 320 L
K 789 N
K 167 P
R 1856 L
K 1342 N
R 1482 N
R 505 P
K 1364 L
K 474 N
R 1309 L
R 372 P
K 1196 L
K 165 P
K 149 P
R 1719 L
R 1322 N
R 810 L
R 223 L
K 1291 P
K 1237 P
K 1206 P
K 434 N
R 1462 L
K 179 N
R 1598 N
R 475 L
K 1378 L
K 955 N
R 1779 N
R 959 N
R 748 P
K 1492 P
K 978 P
K 723 P
K 21 N
R 1410 P
R 1175 P
R 946 N
R 524 N
R 496 N
R 303 P
K 1360 L
R 1505 L
R 1367 L
R 790 N
R 120 L
K 1217 P
R 1762 N
R 1165 L
R 1072 N
R 688 N
R 188 N
K 79 P
R 759 L
R 618 L
R 322 L
K 680 P
R 1640 P
R 1051 N
R 436 N
R 206 P
K 5 L
R 1490 P
K 1449 N
K 1353 L
K 1177 N
R 351 P
K 767 P
K 707 L
K 620 P
R 1279 L
R 977 N
R 553 L
R 315 L
K 1472 N
K 1042 P
K 305 P
R 1718 L
R 1585 P
R 1343 P
R 1023 L
R 873 L
K 921 N
R 1522 N
R 1172 P
R 1073 N
R 871 N
R 691 N
R 251 P
K 1335 P
K 1139 N
K 756 L
R 1604 L
R 720 N
R 660 P
K 1299 N
K 1009 L
K 790 N
K 270 L
R 1451 N
R 1027 N
R 1004 P
R 585 N
K 480 L
R 1717 P
R 170 L
K 1354 N
K 1270 P
K 408 L
R 1192 N
R 1138 L
R 1045 P
K 1325 N
K 859 N
K 411 N
K 88 P
R 847 L
K 78 N
R 247 N
R 241 P
K 1505 P
K 1365 N
K 1120 P
K 1026 N
R 1574 N
R 1298 P
K 1437 L
K 1164 P
K 418 P
R 924 N
K 1091 L
K 77 N
R 1680 L
R 1421 P
R 1369 P
R 1273 N
R 1229 N
R 421 P
R 65 P
K 1454 N
K 1383 P
K 1330 N
K 1137 L
K 922 L
K 546 N
K 494 L
R 1721 N
R 766 P
K 1388 N
K 1041 P
K 400 P
R 1315 P
R 43 N
K 982 L
R 1582 L
R 964 L
R 549 N
K 1361 L
K 194 N
K 186 N
K 14 L
R 1222 L
R 518 N
K 657 P
K 269 L
K 115 N
R 804 P
R 200 L
R 169 P
K 437 N
R 1809 N
R 1356 P
R 1194 P
K 964 N
K 961 P
R 1834 N
R 1786 L
R 1035 N
R 559 L
K 925 P
K 345 P
R 681 L
K 1484 P
K 814 P
K 782 L
K 749 L
R 1583 P
R 713 L
K 1413 N
R 1609 N
R 1329 P
R 903 P
R 762 P
K 672 L
R 1711 P
R 653 N
R 390 N
K 638 L
K 155 L
R 1597 P
R 1092 L
R 401 P
R 104 P
K 1006 L
K 820 N
K 295 P
R 1723 P
R 1321 L
R 381 N
K 1185 N
K 802 P
K 615 N
R 1591 N
R 745 L
R 476 L
R 275 N
K 1111 P
K 516 N
R 1242 P
R 1063 N
R 516 N
K 1345 L
K 242 N
R 1850 P
R 1700 L
R 991 P
R 222 L
R 96 P
K 1498 L
K 936 P
R 896 N
K 1078 N
K 923 L
R 1826 L
R 1104 P
R 837 L
R 712 N
R 527 L
R 99 P
K 864 P
K 691 N
K 425 N
K 233 P
R 1164 L
K 1426 L
K 1259 P
K 559 L
R 1120 N
K 1028 N
K 714 P
R 1355 P
R 1264 L
R 893 P
K 838 P
K 788 L
K 479 P
K 362 P
R 1633 L
R 1631 P
K 897 N
K 102 P
R 1580 P
R 843 N
R 736 N
R 537 P
R 382 N
K 758 L
R 1319 P
K 780 L
R 1821 P
R 1542 L
R 935 L
R 852 P
R 182 L
R 176 P
K 1421 L
K 698 P
K 409 L
R 1296 N
R 1054 N
R 692 N
R 625 L
R 466 N
R 214 L
K 1323 P
K 850 N
K 445 P
K 433 P
K 96 N
R 1765 P
R 1513 N
R 851 N
R 228 N
K 359 L
R 1815 L
R 1715 L
R 1605 P
R 511 N
R 461 L
K 1211 N
K 1133 P
K 901 N
K 766 L
R 1798 L
R 1331 N
R 879 L
R 262 N
R 161 L
K 1189 P
K 100 P
R 1672 N
R 51 P
K 1495 N
K 53 P
K 17 N
R 1866 P
R 741 L
K 1482 P
K 1346 L
R 1061 P
R 570 N
R 253 N
K 827 P
K 748 L
K 701 P
R 1024 P
R 383 L
K 935 L
K 840 P
K 488 P
K 357 L
R 1160 L
R 1055 P
K 1530 N
K 1529 P
R 1832 P
R 1364 P
R 1307 L
K 940 N
R 1249 N
R 1223 N
R 1116 N
R 869 N
R 659 L
R 86 P
K 1125 N
K 1016 N
K 322 L
R 1397 N
R 1350 L
R 1082 L
R 657 L
R 323 N
K 595 P
R 1570 P
R 1517 N
R 1146 P
R 795 N
R 540 P
R 512 P
K 1384 N
K 998 N
K 580 L
K 375 N
R 1803 N
R 904 L
R 744 L
R 646 L
K 510 N
K 427 N
K 385 P
K 311 N
R 849 L
K 1476 N
K 371 N
K 193 N
R 1847 N
R 1588 P
R 1196 N
K 12 L
R 728 P
K 1381 P
K 967 N
R 855 N
R 756 P
K 1405 N
K 639 P
R 1724 L
K 1459 P
K 320 N
K 169 L
R 651 L
R 502 N
R 266 P
K 1423 L
K 495 P
R 1132 L
R 1093 P
K 1494 L
K 198 P
R 1295 N
R 1274 L
K 333 N
K 256 N
K 26 L
R 987 P
K 443 L
R 1870 N
R 1111 L
R 592 P
K 1174 L
K 581 N
K 103 L
R 1797 P
K 1490 L
K 928 N
K 454 P
K 382 P
R 751 L
R 13 N
K 1089 N
K 654 P
R 862 L
K 875 P
K 855 L
R 671 N
R 339 N
K 428 P
K 229 N
R 201 L
K 501 N
R 1712 N
R 1537 N
R 1014 P
R 640 L
R 617 L
R 478 N
K 1363 N
K 173 L
R 1732 L
R 783 N
R 107 N
K 1489 P
K 1253 P
R 1658 P
R 1487 P
R 410 N
K 1456 P
K 865 N
K 74 L
R 1735 P
R 1297 N
R 663 P
R 471 P
R 319 N
K 630 L
R 1663 L
R 281 N
K 652 P
R 1563 P
R 1560 L
R 1433 P
R 1058 P
R 838 P
R 23 P
K 899 N
R 1288 P
R 1179 L
K 1308 N
K 1122 N
K 973 N
R 642 N
R 180 L
K 1181 N
K 809 L
K 462 L
K 451 L
K 124 L
R 1488 N
R 1463 P
R 859 N
R 658 N
R 60 P
K 713 L
R 1714 L
R 582 P
R 21 P
K 1428 N
R 1804 N
R 1147 P
K 340 N
K 130 P
R 1806 L
R 648 P
R 456 L
R 95 N
K 1064 P
K 805 L
R 1413 P
R 1374 L
K 735 N
R 1470 P
R 1123 L
K 294 N
R 1828 P
R 37 L
K 1000 L
K 628 N
R 1518 L
R 1141 N
K 561 P
R 1736 L
R 1528 L
R 1003 P
K 1100 L
K 223 P
R 1216 L
R 729 P
K 486 L
K 407 P
R 675 N
K 1187 P
R 799 N
R 796 N
R 30 N
K 1506 P
R 880 L
K 1223 P
R 22 L
K 1271 P
R 597 P
R 560 N
R 447 P
R 417 P
R 326 P
K 892 N
K 883 L
K 795 N
K 600 N
K 444 N
K 89 N
R 1763 P
R 1236 P
R 506 N
K 43 L
R 551 P
K 843 N
R 1280 P
K 1204 P
K 1117 P
K 877 N
R 1418 L
R 317 N
K 851 P
R 1861 L
R 1752 N
R 1339 N
R 761 P
R 690 N
K 966 L
K 889 P
K 338 P
R 1154 N
R 1131 P
K 1403 L
K 1347 P
K 633 N
K 227 N
R 1837 N
R 1670 N
R 1445 L
R 1050 P
R 393 N
R 140 N
K 1503 P
K 870 P
K 803 L
R 1774 P
R 877 P
R 833 N
R 800 P
R 329 L
R 14 L
K 1382 N
K 800 N
K 387 P
R 928 P
R 429 N
K 224 N
K 18 P
R 1606 N
R 686 P
K 472 L
K 253 P
R 1514 P
R 1498 P
R 1391 N
R 943 L
K 1420 L
K 1207 L
K 1025 P
R 1400 L
R 1202 N
K 36 P
R 1002 L
K 1222 P
R 1191 L
R 68 N
K 776 L
K 551 P
R 1707 N
K 1447 N
K 868 N
K 830 N
K 537 P
K 262 N
R 1634 L
R 1127 N
R 198 N
R 136 P
K 1483 N
K 903 L
R 1676 L
R 1224 N
R 981 P
R 103 L
K 1220 N
K 396 L
R 986 P
R 556 P
K 1393 L
K 1148 L
R 1858 P
K 524 L
K 283 P
R 718 N
R 515 N
K 1083 N
K 76 P
R 1871 L
R 1030 L
R 941 L
K 1275 P
K 1229 N
K 916 P
K 702 L
K 370 L
R 953 P
R 89 L
K 1056 N
R 1068 N
R 636 N
R 614 L
R 589 L
R 225 L
K 1022 P
K 258 P
R 8 N
K 1023 L
K 860 P
K 815 P
K 528 P
K 458 L
R 621 L
R 405 N
K 946 N
K 470 N
K 302 L
R 1840 N
R 1459 L
R 1267 L
R 919 P
R 900 N
R 714 L
R 532 L
K 1486 P
K 259 N
R 1126 L
K 784 P
R 868 N
R 661 N
K 986 P
K 500 P
R 1306 P
R 811 P
R 571 L
K 582 N
R 336 L
K 1170 L
K 1008 N
K 647 N
K 644 L
K 274 N
R 1845 N
R 732 P
K 1435 L
K 886 L
K 849 P
K 441 P
R 954 N
K 1146 N
K 1061 N
K 1038 N
K 847 P
R 1039 N
R 757 L
R 118 P
K 548 L
K 465 P
R 1106 N
K 1052 N
K 774 N
K 1 L
R 1814 N
R 1754 N
R 1750 N
R 1458 L
K 1317 N
K 811 P
K 743 P
K 191 L
R 1600 L
R 409 N
K 1030 L
K 190 N
R 702 P
R 541 N
K 787 L
R 1346 L
R 1260 L
R 1199 L
R 395 L
R 109 P
K 761 N
K 392 N
K 24 N
R 1353 P
R 1097 N
R 857 N
R 846 N
K 709 P
K 675 L
R 1702 L
R 700 P
R 408 P
K 8 N
R 1684 N
R 930 P
R 684 P
R 348 N
R 16 P
K 1328 P
K 900 N
R 1875 L
R 1781 N
R 1317 N
R 1241 P
R 112 N
K 1066 N
K 395 P
R 1852 N
R 1448 N
R 746 L
R 694 P
R 548 P
R 258 L
K 1446 L
K 1020 P
K 938 P
K 841 P
K 683 P
K 421 P
K 366 L
K 129 L
R 353 N
K 799 N
K 662 L
R 1692 P
R 1559 N
R 1378 N
R 1137 L
K 490 P
K 118 L
R 311 N
K 449 P
R 370 N
K 1216 P
K 583 N
R 1335 L
K 585 N
R 345 L
K 783 N
R 1701 N
R 1613 P
R 1566 P
R 891 N
R 342 N
K 1367 P
K 1260 L
R 1545 P
R 607 P
R 520 N
K 1235 L
R 1084 N
K 564 L
R 809 P
K 535 L
K 141 P
R 462 N
K 539 P
R 1078 N
K 27 L
R 1475 L
R 439 N
K 1190 P
K 818 P
K 228 P
R 1466 P
R 1251 P
R 490 L
R 160 P
K 1535 L
K 1262 L
K 1047 P
K 729 L
R 973 P
R 9 N
K 895 P
K 734 P
K 587 P
K 543 P
K 213 N
K 20 L
R 1637 P
R 1553 N
R 1375 N
R 1075 N
R 248 P
R 5 L
K 1533 L
K 527 P
R 1491 P
R 285 L
K 1306 P
K 185 N
R 1760 N
R 829 L
R 224 N
K 1303 P
R 151 N
K 836 P
R 1628 L
R 235 P
K 1519 N
R 463 P
K 1419 N
K 405 L
K 312 L
K 291 L
R 1434 P
R 445 N
R 184 N
K 1027 P
K 422 N
R 1800 L
R 1616 N
R 1360 N
R 996 P
R 347 L
R 147 L
K 1475 L
K 386 P
K 364 P
K 140 N
R 1655 P
R 1088 N
R 931 L
R 100 L
K 956 P
K 932 P
K 913 N
K 574 P
R 874 N
R 434 P
K 1526 L
K 1145 P
K 1096 P
K 566 L
K 457 N
R 1153 L
R 373 N
R 34 N
K 304 P
R 1438 L
R 1316 L
R 1091 N
R 878 P
R 493 N
R 379 P
K 1485 N
K 152 N
K 61 L
R 15 P
K 678 N
K 71 L
R 1867 P
R 1645 L
K 881 N
R 1603 N
R 1112 P
R 739 P
R 590 P
R 533 N
R 255 P
R 146 P
R 28 L
K 1285 L
K 1281 L
K 704 P
K 202 N
K 132 N
R 1540 N
R 1417 L
K 819 P
R 244 N
K 1375 L
K 1057 N
R 528 N
R 4 L
K 1427 L
K 1033 P
K 563 N
K 346 N
K 187 L
R 1396 L
R 1011 N
R 363 L
K 1250 L
K 1126 L
K 777 L
K 619 P
R 1079 L
R 948 P
R 667 L
R 544 P
R 509 P
K 1369 L
K 337 N
K 296 L
R 710 P
K 1463 P
K 1322 N
K 1188 P
K 785 L
R 1727 L
R 819 P
K 450 N
R 1365 P
K 442 N
R 1617 N
R 1328 P
R 1017 L
R 232 L
K 1209 L
K 32 P
R 1729 N
R 1507 L
R 1292 P
R 792 N
R 715 N
R 539 P
R 517 N
K 1218 L
K 726 N
R 1256 N
R 779 L
R 398 N
K 1510 N
K 1166 P
K 720 N
K 397 P
K 343 N
R 1366 N
R 1201 P
R 64 N
K 995 L
K 992 N
R 1747 N
R 1422 P
R 1351 P
R 1210 N
R 427 N
R 138 L
K 1129 L
K 668 N
R 1145 L
R 708 P
K 1224 P
K 460 P
K 216 L
R 453 L
R 264 P
R 35 P
K 1478 P
K 1240 L
R 6 N
K 1085 P
K 663 N
R 1841 N
R 1761 P
R 1048 P
R 897 L
R 655 L
K 123 P
K 109 P
K 45 N
R 1333 L
K 759 L
K 540 L
K 533 P
R 573 N
K 423 L
R 606 P
R 404 L
K 1312 N
K 1106 P
K 369 L
R 1312 P
R 784 L
R 514 N
K 1520 L
K 1395 L
K 572 N
R 1813 N
R 499 L
R 3 P
K 1374 L
K 1319 N
K 648 P
R 1776 N
R 542 P
K 1391 N
K 419 P
R 600 L
K 965 N
R 1094 P
K 329 N
K 178 L
R 388 P
K 1399 P
K 1293 P
K 1097 N
K 863 P
K 651 N
K 531 P
K 526 N
K 316 P
R 1238 L
K 1468 L
K 1143 N
K 156 L
R 1427 P
K 885 N
R 1481 L
R 239 N
K 1524 L
K 1201 P
R 1810 L
R 1748 P
R 1687 P
R 1621 N
R 1275 N
R 467 L
K 942 L
K 214 P
R 420 N
K 1313 N
K 1256 N
K 1075 P
K 107 N
K 66 L
R 1379 L
R 1038 L
R 990 N
R 108 N
K 823 P
R 1838 L
R 1543 L
R 1049 P
R 1019 L
R 864 P
R 294 P
K 1410 P
K 1128 P
K 1116 L
K 232 L
R 1240 N
R 969 P
R 676 P
R 399 P
K 355 N
K 199 L
K 39 P
R 1552 N
R 1037 P
K 1349 N
K 1242 N
K 904 P
K 567 P
K 552 P
R 1178 L
R 840 L
K 192 P
R 567 L
R 79 L
K 1112 N
K 1004 L
K 254 L
R 1420 N
R 1294 N
R 1016 N
R 966 L
R 670 N
R 457 L
K 459 P
R 1794 P
R 1325 P
R 435 P
R 220 P
R 81 L
K 347 L
K 252 P
R 1772 N
K 1069 P
K 828 L
K 605 N
K 448 N
R 510 N
R 368 P
R 256 L
K 91 P
K 80 L
R 1667 N
K 1221 L
K 906 L
R 778 N
R 555 N
K 911 N
K 604 L
K 342 N
R 738 L
R 415 P
K 481 N
K 325 N
R 1533 L
K 1247 N
R 1352 P
R 1227 L
R 1059 N
R 957 N
R 939 N
K 1277 N
K 499 P
R 1390 N
R 1069 L
K 984 L
K 825 L
K 807 P
R 1479 P
R 578 N
R 226 P
R 213 N
K 1341 P
K 597 N
R 760 L
R 193 P
K 1444 L
K 1276 P
K 1176 N
K 1063 L
R 679 N
R 45 L
K 1443 P
K 1029 N
K 871 P
K 625 P
K 120 P
R 1793 N
R 1595 N
R 492 P
K 1397 P
K 896 N
K 234 N
R 1594 N
R 1040 L
K 184 P
R 1855 P
R 1666 N
R 1608 P
R 1590 N
R 1465 N
R 1450 L
R 1377 L
R 1187 P
R 598 P
R 167 N
K 1432 N
K 637 N
K 128 P
R 1578 P
R 1071 N
R 615 P
K 755 L
R 572 P
R 233 P
K 905 P
K 297 L
R 1225 L
R 850 N
K 1169 P
K 195 L
K 117 L
R 1303 N
R 1250 N
R 1056 N
R 711 N
R 119 N
K 1183 N
K 878 N
K 85 P
R 1785 P
R 777 L
R 305 P
K 273 N
K 135 N
R 1268 L
R 992 L
R 740 N
R 236 L
K 645 P
R 1098 L
K 1243 L
K 949 L
K 6 N
R 1825 N
R 1554 P
R 696 L
R 126 L
K 1430 L
K 245 P
R 446 N
K 1192 P
R 1212 L
K 1127 N
K 336 P
R 1792 L
R 260 L
K 1272 P
K 1095 L
K 705 L
K 73 L
R 450 N
K 1525 L
R 1674 N
R 1207 L
R 290 N
R 46 L
K 1389 L
K 1121 P
K 529 N
R 892 L
R 620 P
R 412 P
R 364 N
R 280 P
K 1462 L
K 1368 P
K 1284 N
K 589 L
K 556 P
R 1214 L
R 652 P
R 468 P
K 1324 N
K 640 P
K 430 L
R 1623 L
R 1257 N
R 1243 L
R 940 N
R 794 L
K 471 P
R 1385 L
R 94 L
K 1182 P
R 848 L
K 670 N
K 374 N
R 1831 L
K 1305 L
K 879 N
R 1790 N
R 1426 N
R 1163 L
R 274 N
R 227 N
K 1512 P
K 769 P
K 307 N
R 727 L
K 623 P
K 381 P
R 1625 N
R 480 P
K 690 L
K 330 L
R 911 P
K 489 L
R 908 P
R 764 P
R 245 L
K 1380 N
R 1444 L
R 1290 N
R 1259 N
R 821 L
K 388 P
R 352 L
K 1173 N
K 872 L
K 121 P
R 902 P
R 599 L
R 114 L
K 1238 N
K 1157 N
K 1118 N
K 521 N
K 42 N
R 955 N
R 856 L
K 1487 P
K 1350 N
R 1087 L
R 725 L
R 583 L
K 1401 N
K 1352 L
K 1343 P
K 1074 L
R 1209 N
R 503 L
R 17 N
K 981 P
K 656 N
R 1535 P
R 304 N
K 1054 N
K 599 P
R 1808 L
K 1457 L
K 1282 N
R 455 N
R 392 L
R 33 N
K 1234 N
K 671 P
R 1551 P
R 531 P
R 459 P
R 199 N
K 738 P
K 497 N
K 92 P
K 64 P
R 32 L
K 659 N
R 547 P
K 1124 N
K 19 N
R 937 L
R 697 L
R 645 N
K 1058 P
K 579 N
K 383 L
R 1415 P
R 1183 L
K 861 N
K 601 N
R 1730 N
R 1550 N
R 1344 L
R 1099 L
R 912 N
R 416 N
R 365 N
R 335 N
K 1424 P
K 11 L
R 1704 N
R 1656 N
R 1548 N
R 1454 L
R 923 N
R 644 L
R 254 P
K 1021 N
K 711 L
K 505 L
K 137 L
R 341 P
K 513 L
K 239 L
R 1710 L
R 314 N
R 132 L
K 1147 L
K 733 N
R 743 P
K 1227 N
K 876 L
K 708 N
R 1737 P
R 181 N
K 518 L
R 1596 L
R 338 L
R 124 N
K 1088 P
R 989 L
K 1414 P
K 596 P
R 1546 N
K 514 P
R 1784 L
R 1579 P
R 1115 P
R 424 L
K 1040 L
K 991 N
K 718 L
K 415 L
R 1572 P
R 1167 P
R 246 N
K 1045 N
K 687 P
R 1863 P
R 1709 N
R 1539 N
R 153 N
K 888 L
K 779 N
K 59 L
R 1758 N
R 1592 N
R 611 L
K 1458 P
K 972 P
R 1432 N
R 1180 P
R 491 P
R 433 P
K 797 N
K 721 L
K 464 L
R 1642 P
R 1472 P
R 1157 N
K 1175 L
K 1070 L
K 139 L
K 126 L
R 1749 L
R 1661 P
R 286 L
K 335 L
K 250 N
R 944 P
K 987 L
K 661 P
R 1253 P
R 1005 L
K 1151 L
K 276 P
R 1158 N
R 1008 N
R 936 P
R 630 N
R 287 N
K 747 N
K 367 L
K 46 N
K 35 N
R 185 P
K 1231 P
K 182 N
R 616 L
K 793 N
R 1497 L
K 131 N
R 1254 L
R 997 L
R 484 L
R 465 P
K 1048 N
R 1824 L
R 1689 N
R 1461 P
R 1423 L
R 1308 P
R 1103 N
K 1130 N
K 463 L
R 192 P
K 1402 P
K 1014 P
K 643 L
R 1203 L
R 1047 N
R 627 L
R 418 L
K 1438 P
R 929 L
K 1544 N
K 909 L
K 248 N
K 63 N
R 1819 N
R 1627 N
R 1393 N
R 1301 P
R 1133 P
R 546 N
R 448 L
K 1215 L
K 1150 P
R 1384 N
R 1134 L
R 1034 P
R 1020 P
R 687 L
K 1412 L
K 762 L
K 520 N
K 401 L
K 30 L
R 1248 P
K 1191 L
K 667 L
R 1614 N
R 1324 L
R 805 L
R 292 N
R 175 L
K 1436 L
K 1059 N
R 1584 P
K 603 N
R 1733 N
R 1544 L
R 1231 N
R 890 P
K 1351 N
K 676 P
R 92 L
K 1337 N
K 153 N
R 1031 L
R 501 P
R 307 P
R 38 P
K 958 N
R 1452 N
R 1389 N
R 836 N
R 574 N
R 67 L
K 1398 N
K 1156 P
R 1376 L
K 203 N
R 1010 L
K 1511 L
K 951 L
K 594 L
K 327 N
K 136 L
K 7 L
R 965 N
R 865 L
K 1241 P
R 752 N
R 452 L
K 1521 L
K 1408 P
K 1264 N
K 1212 P
K 816 L
R 1541 N
R 529 P
R 1 P
K 1011 L
R 375 L
R 229 P
R 50 L
K 1233 P
K 1015 P
K 744 L
R 1189 P
R 754 L
R 749 L
R 626 L
K 1527 N
K 1448 N
K 377 P
R 1652 N
R 1439 P
R 298 N
K 1501 P
K 1407 P
K 251 N
R 1665 N
R 355 N
R 87 P
K 555 L
R 1323 L
R 601 N
R 362 N
R 270 N
K 1387 L
K 1336 N
K 970 L
R 1567 P
R 1070 P
K 593 L
K 509 L
R 1853 N
R 1690 L
R 1281 P
R 328 P
R 171 N
K 1543 L
K 1411 P
R 1769 L
R 359 P
K 681 N
R 1771 N
R 586 P
K 1193 L
R 1873 L
R 1185 N
R 41 L
K 1163 L
K 846 N
R 803 L
R 259 N
K 1208 L
K 1171 N
R 634 P
K 399 N
R 1272 N
R 722 P
R 128 P
K 354 P
K 286 N
R 798 L
K 157 N
R 769 L
R 717 N
R 698 N
R 309 N
K 1265 L
K 1168 P
R 1395 N
K 1279 L
R 1632 N
K 1523 N
K 750 N
K 515 L
K 116 P
R 1646 L
R 813 N
R 265 P
K 1197 L
K 532 P
R 1823 L
R 1197 N
R 993 P
R 279 L
R 44 L
K 1186 N
K 957 L
K 856 N
K 522 L
R 1283 L
R 397 N
K 542 P
R 1649 P
R 1320 P
R 97 N
K 538 L
R 1675 L
R 1636 N
R 1226 L
R 609 L
K 1300 P
K 1257 N
K 1081 N
K 898 P
K 693 P
K 612 N
K 570 P
K 491 L
K 431 N
R 1155 P
R 899 N
K 332 L
R 1284 N
K 1101 L
K 853 N
R 1255 N
R 1221 L
R 938 L
R 350 L
K 975 P
R 1681 P
R 1662 N
K 919 L
R 80 N
K 568 L
R 563 N
K 241 L
R 1494 P
R 956 P
K 1400 N
R 1265 P
R 753 N
R 431 P
K 1404 L
K 1205 P
R 984 P
R 102 N
K 810 P
K 622 N
K 406 P
R 1615 P
R 83 L
K 1084 P
K 692 N
R 1720 N
R 1699 L
R 1077 L
K 631 P
R 1125 N
R 1021 P
K 891 L
K 512 N
K 483 P
K 278 N
K 218 N
R 1009 L
R 530 N
K 1515 N
K 1099 P
K 959 P
K 3 N
R 662 L
K 586 P
K 84 L
R 1447 N
R 39 N
K 1203 L
K 1092 N
K 999 N
R 238 P
K 1179 N
R 521 N
R 394 L
K 1194 P
K 937 L
R 575 N
R 278 N
K 890 N
K 832 P
K 757 N
R 1734 N
R 1716 N
R 1449 P
R 1090 L
R 613 N
K 158 N
K 134 L
R 1285 P
R 916 P
K 1044 L
K 358 P
R 1601 L
R 1371 N
R 1327 P
R 1006 L
R 332 N
R 82 P
K 1292 L
K 794 P
R 1876 N
R 1859 P
K 1470 P
K 874 P
K 724 L
R 695 N
R 665 L
K 197 P
K 180 L
K 13 P
R 1740 N
R 1219 N
R 327 L
R 125 L
K 1429 P
K 373 P
R 1556 N
K 732 P
R 1688 P
R 1489 P
R 1414 N
R 1407 P
R 1276 L
R 962 P
R 885 P
R 358 P
R 300 N
R 66 P
K 684 L
K 578 N
K 420 N
R 1854 P
R 203 P
K 1371 N
R 1586 P
R 1515 P
R 277 L
K 504 N
R 1140 P
R 1109 N
R 444 N
R 75 N
K 894 L
K 837 N
K 822 P
R 1523 P
R 584 N
R 324 P
K 835 P
K 49 N
R 135 L
K 1466 P
K 1165 L
K 1114 P
K 34 L
R 1577 P
R 802 L
K 287 N
R 1844 N
R 52 L
K 1161 P
K 230 P
R 1872 N
R 1428 P
R 558 N
R 55 N
R 2 N
K 679 N
K 389 L
R 1874 P
K 768 L
K 642 P
R 1304 P
R 780 N
R 31 L
K 1537 P
K 1318 P
K 1273 L
K 1002 L
K 929 N
K 456 P
K 174 N
K 47 N
R 1691 N
R 608 L
K 1263 N
K 1035 L
K 477 P
R 895 N
R 389 N
R 271 L
R 129 N
K 1154 P
K 969 L
K 72 L
R 1745 N
K 498 L
R 1529 P
R 985 L
R 650 L
K 1473 P
K 1149 L
R 1424 N
R 458 N
R 402 N
R 219 N
R 133 P
K 933 L
K 127 L
R 163 N
K 1540 P
K 1522 P
K 717 P
R 1467 P
R 830 N
R 721 P
R 310 P
R 257 P
K 764 L
R 1387 N
R 1263 P
R 844 L
R 773 P
R 638 N
R 635 P
R 268 L
R 267 L
R 150 P
K 1115 P
K 272 N
K 55 P
R 824 L
R 793 L
R 767 P
K 696 N
R 1266 L
K 301 P
R 173 L
K 1267 L
K 225 P
R 1245 N
R 1080 N
R 1036 P
R 763 N
R 464 N
R 295 P
R 183 P
K 873 L
R 1349 L
R 1271 L
R 202 P
K 1296 P
K 1251 L
K 862 P
K 106 L
K 23 L
R 1046 N
R 1042 N
K 993 N
K 980 N
K 927 N
K 826 N
K 813 L
K 796 N
K 740 N
R 282 L
R 63 P
K 487 N
K 432 L
R 1657 N
R 1269 N
R 1247 P
K 608 L
R 1060 P
R 1041 N
K 646 L
R 1807 L
R 1679 L
R 807 L
R 316 L
R 19 P
K 1266 N
R 330 P
R 164 P
R 58 P
K 1491 L
K 1439 P
K 1017 P
K 997 P
R 1412 N
R 1122 P
R 806 N
K 1379 L
K 541 L
R 1770 N
R 1638 L
R 1159 N
R 1028 L
R 950 L
R 933 L
R 194 N
K 519 P
K 506 P
R 932 P
R 595 P
R 387 L
R 149 P
K 271 N
R 36 L
K 1142 L
K 808 N
K 108 L
R 1768 N
R 1244 L
R 801 N
R 631 N
K 950 P
R 1524 L
R 1381 N
R 1233 P
R 706 P
R 344 P
R 249 N
R 209 N
R 165 L
K 887 L
K 321 N
R 1558 P
K 1294 L
K 727 P
R 920 N
R 730 L
R 705 N
R 639 L
R 449 N
R 145 L
K 1386 L
K 275 P
R 500 N
K 1302 L
K 1226 L
K 742 N
R 1300 P
K 1356 P
K 591 P
K 94 N
R 1801 L
R 863 P
R 822 L
K 736 N
R 1643 P
R 1362 P
R 1237 P
K 1481 L
K 848 N
K 613 N
K 246 L
K 95 L
R 1557 P
K 1507 P
K 817 L
K 226 L
K 160 P
K 51 P
R 489 N
K 1230 L
K 110 L
R 1789 L
R 1136 L
R 960 L
R 707 L
R 337 L
R 69 P
K 771 N
R 1683 N
R 672 N
R 629 P
K 1431 L
R 1857 P
R 1851 L
R 1660 L
R 737 P
R 312 P
K 1541 P
K 1394 L
K 1314 L
K 1123 P
K 1005 L
K 968 P
K 624 P
K 101 P
R 1538 N
R 785 P
R 633 P
K 1442 P
K 844 P
K 57 N
R 1864 P
R 1337 P
R 1278 N
K 300 L
K 280 N
R 994 P
R 174 P
K 1298 N
K 1213 P
R 1555 L
K 1326 P
R 1361 L
R 952 L
R 474 L
K 1332 P
K 1172 L
K 414 L
K 236 L
R 1485 P
R 513 P
R 385 L
K 28 N
R 1530 P
R 1473 L
R 765 L
R 723 P
R 534 N
R 523 L
R 217 L
R 72 L
K 1344 L
K 1249 L
K 629 N
R 1383 N
R 898 N
R 62 P
K 1225 P
K 331 L
R 1830 L
R 1796 L
R 1121 P
R 1085 P
R 914 P
K 545 N
R 1398 N
R 1342 N
R 643 N
R 106 L
K 945 L
K 299 N
R 191 P
K 1309 P
K 1288 L
K 931 P
R 1694 P
R 1399 L
R 1252 L
R 668 P
K 361 P
K 162 L
R 1751 P
R 913 L
K 1516 N
K 247 N
R 1436 L
R 1411 P
K 907 P
K 616 N
R 1401 L
K 310 P
R 775 N
K 576 P
R 1526 N
R 1500 N
R 1357 P
R 1258 N
R 922 N
R 776 P
K 65 L
R 1777 P
R 168 P
K 553 L
R 1827 L
R 1525 L
R 1107 P
R 143 L
K 934 N
K 221 N
R 1759 N
R 1305 P
R 758 N
K 558 N
K 293 N
K 151 P
R 178 L
R 29 P
K 760 P
K 244 L
R 159 N
K 1065 P
K 476 N
R 384 L
R 70 L
K 372 N
R 1722 L
R 1654 P
R 1193 N
R 1102 N
K 1255 N
K 960 P
K 68 N
R 1693 N
R 867 L
R 768 N
R 482 P
R 306 N
K 763 P
K 508 L
R 1261 P
R 970 N
K 1532 P
K 1339 L
K 908 N
R 1239 P
R 876 P
R 299 L
K 1536 N
R 1782 P
R 1170 L
R 875 L
K 475 N
K 163 N
R 1173 L
R 441 N
R 210 N
K 1195 P
K 222 L
K 205 L
R 971 P
R 828 P
R 577 N
K 447 L
R 376 N
K 1450 N
K 1334 N
K 944 N
K 461 N
K 440 P
K 282 P
R 1218 L
K 1453 P
K 208 P
R 1705 N
K 54 P
R 1644 L
R 1232 L
R 1171 L
R 1113 N
R 889 P
R 888 N
R 619 L
R 144 P
R 130 L
K 1037 L
K 303 N
R 1074 L
R 731 N
R 403 N
K 1396 N
K 1087 N
K 70 L
K 2 L
R 1811 N
R 1509 N
R 1166 L
R 1139 N
R 289 L
K 682 L
K 560 N
R 1531 P
R 218 P
K 1113 L
K 660 P
R 1277 L
R 1182 L
R 683 L
R 426 N
R 406 N
R 187 L
R 157 N
K 1297 P
K 621 P
K 125 N
R 1246 L
K 1355 N
K 1327 L
K 1134 L
K 994 L
K 791 L
K 765 P
K 231 P
R 788 P
R 562 N
K 1499 P
K 1141 L
R 1052 N
K 1480 L
R 1503 L
R 1095 N
K 1517 N
K 1268 N
K 834 N
K 650 L
K 37 L
R 1527 L
R 1177 N
K 1508 N
K 390 L
R 1409 N
R 195 P
K 1316 P
K 171 N
R 495 L
K 1144 N
K 1080 P
K 188 N
R 1474 N
R 565 P
R 74 N
K 1357 L
R 1455 N
R 588 N
R 425 P
K 1329 P
K 1286 N
R 71 L
K 626 P
K 484 P
K 181 L
R 1044 N
K 1198 P
K 1102 P
R 1706 N
R 1602 L
R 1406 N
R 1373 L
R 1310 L
R 1188 P
R 917 P
R 906 N
R 594 P
R 366 N
R 296 P
K 773 L
K 677 N
R 1685 N
R 926 N
R 612 P
R 587 L
R 231 N
K 1043 L
K 746 N
R 1200 N
R 979 N
R 283 P
K 963 N
K 627 P
K 557 N
K 368 L
K 93 N
R 1835 N
R 291 L
K 988 P
K 669 N
K 220 N
R 967 L
K 1007 N
R 858 N
R 755 P
K 1452 P
K 831 L
K 147 P
R 1843 L
R 1499 L
R 88 P
K 1024 P
K 618 L
R 1504 L
R 205 N
K 611 L
K 170 P
R 1639 N
R 1547 L
R 1334 P
R 1128 L
R 815 L
R 308 P
R 56 P
R 54 L
K 1497 N
K 534 P
K 376 L
K 201 L
R 1725 P
R 1435 L
K 1373 N
R 172 L
R 152 N
K 1509 P
R 1184 N
R 331 L
K 571 L
K 435 P
K 384 P
K 206 P
R 1150 L
R 918 L
R 525 P
K 1199 L
K 503 L
K 496 L
K 285 N
K 144 P
R 1573 P
R 782 L
R 377 P
R 162 L
K 334 N
R 1795 L
R 1096 L
R 747 N
R 196 N
K 1153 L
K 1093 P
K 261 P
K 138 L
R 866 N
R 842 L
R 488 P
K 1098 P
K 111 N
R 1382 P
R 1062 N
K 243 L
R 927 P
K 502 L
R 978 N
R 925 P
R 49 P
K 839 L
R 1456 L
R 1143 N
R 647 L
R 301 L
K 175 L
K 148 N
R 1493 P
R 1471 L
R 1013 P
R 853 N
K 1032 L
K 473 P
K 446 N
R 1698 N
R 1678 L
R 1564 P
R 443 N
R 396 N
R 93 N
K 1417 P
K 211 L
R 699 N
K 113 N
K 87 L
R 1780 P
R 1589 L
R 1429 P
R 1311 P
R 1149 P
R 915 P
R 649 L
R 438 L
K 1320 N
R 1757 N
R 1568 N
R 905 P
R 568 N
R 42 P
K 1518 P
K 1321 L
K 523 L
R 1213 N
R 988 N
R 263 L
K 554 L
K 267 N
R 1778 L
R 346 P
K 731 N
R 1156 P
R 1026 N
R 786 N
R 442 N
K 350 L
R 1738 N
R 1460 P
R 841 P
R 591 L
K 985 N
K 914 P
K 573 L
K 82 P
K 52 N
R 1610 P
R 1029 P
R 624 N
R 483 P
K 1358 L
R 770 N
K 413 P
R 1338 N
K 1465 N
K 1390 L
K 25 N
R 812 P
R 386 L
K 1105 N
K 910 L
K 772 N
R 1791 P
K 947 N
R 1868 L
R 674 L
R 469 P
R 460 L
K 694 P
K 598 L
R 656 L
R 297 N
K 260 N
K 69 P
K 16 L
R 508 P
R 273 N
K 1479 L
K 67 N
R 1753 P
R 1354 L
K 1469 P
K 1370 N
K 1034 N
K 689 N
K 404 N
K 365 L
K 240 N
R 673 N
R 371 P
K 1496 L
R 1108 L
R 689 P
R 53 P
K 842 N
R 1846 N
R 1671 P
R 839 N
R 716 P
K 1110 L
K 824 P
R 1708 L
R 1501 N
R 814 L
R 543 N
K 313 P
R 234 P
R 230 P
R 139 N
K 1109 L
K 812 L
K 290 P
R 1805 P
R 1081 L
K 1287 L
K 806 P
K 263 P
K 154 L
K 60 P
R 1446 N
R 423 P
K 1406 N
K 565 P
R 1650 P
R 1270 P
R 1235 P
R 982 N
K 1077 L
R 498 N
K 1162 P
R 1162 L
R 886 L
K 617 L
K 315 P
R 1508 L
R 1416 P
R 1022 P
K 996 P
K 339 P
K 318 P
K 268 N
K 114 P
R 1836 P
R 1635 P
R 1619 N
R 1506 N
R 1291 N
K 1451 P
K 1245 P
K 1138 P
K 697 P
K 133 L
R 1766 N
R 881 N
K 439 N
K 112 L
R 1877 P
K 1366 N
K 1090 P
K 655 P
K 98 P
R 1234 L
K 391 P
R 1849 L
K 1348 L
K 584 L
K 279 P
R 1764 P
R 1486 N
R 1318 N
R 361 N
R 40 N
K 1441 L
K 1071 L
K 1019 N
K 695 N
R 1703 N
R 1067 P
K 804 P
K 168 P
K 62 N
R 1648 P
R 561 N
K 882 P
K 309 L
R 701 L
R 622 P
R 288 P
K 485 N
R 1576 L
K 902 L
K 314 N
R 974 N
R 860 L
R 141 P
R 101 N
K 1254 N
K 1232 N
K 1012 L
K 90 L
R 1110 L
R 413 N
K 666 P
R 1818 L
K 1068 N
R 579 P
K 1362 N
K 1200 P
K 1060 P
K 719 L
