3992
R 1687 O
R 745 S
R 328 S
R 3 S
K 1991 S
K 1861 S
K 1782 S
K 1278 O
R 1836 O
R 1796 O
R 957 O
R 892 S
R 349 O
K 2000 S
K 1481 O
R 1533 S
R 252 O
K 1631 S
K 1469 S
K 1243 O
R 963 O
R 306 S
R 158 O
K 1794 S
K 1132 O
K 703 O
K 539 O
R 1826 O
R 736 S
R 388 S
K 1268 O
K 921 S
K 871 O
R 1534 S
R 628 O
K 1569 S
K 1466 S
K 1427 S
K 1360 S
K 935 S
K 909 O
K 562 O
K 49 S
R 1726 O
R 1451 S
R 906 O
R 866 S
R 7 O
K 1451 O
K 1064 S
R 137 O
R 135 S
R 83 S
K 1879 S
K 1641 S
K 1323 S
K 1087 S
K 186 O
R 1986 O
R 1758 S
R 468 S
K 1926 S
K 1775 O
K 1394 S
K 1148 S
K 491 O
K 428 S
R 1862 O
R 623 S
R 478 S
K 1590 O
K 834 O
K 216 S
R 1838 S
R 1771 S
R 1287 O
R 1215 O
K 1930 O
K 1831 O
K 1037 O
K 823 S
R 1338 O
R 1185 O
R 1180 S
R 519 O
K 1682 O
K 1587 S
K 1257 S
K 706 O
K 260 O
R 1576 O
R 1536 O
R 1433 O
R 530 S
K 981 S
K 719 O
K 164 O
R 1627 O
R 1416 S
R 1369 O
R 1332 O
R 825 O
R 654 S
R 642 O
K 1807 S
K 1722 O
K 1658 S
K 1546 S
K 1127 S
K 1038 O
K 826 S
K 754 S
K 750 S
K 341 S
K 326 S
K 282 S
K 18 S
R 1971 S
R 1207 S
R 764 O
R 450 S
R 55 S
K 1597 S
K 1178 O
K 12 S
R 1854 S
R 1839 S
R 1737 O
R 1450 S
R 984 S
R 900 S
R 884 S
R 422 S
R 251 S
R 187 S
K 1318 O
K 919 O
K 481 S
R 1674 O
R 1112 O
R 976 O
R 800 O
R 29 S
K 1380 S
K 74 O
R 1980 O
R 1974 S
R 651 O
K 678 S
K 415 O
K 247 S
R 1784 S
R 387 S
R 133 O
K 1981 S
K 1541 O
K 523 O
R 1684 S
R 1037 S
R 879 S
R 510 S
R 91 O
K 1869 O
K 1116 O
K 907 O
K 758 O
K 451 S
K 368 O
R 1997 O
R 1956 O
R 1938 S
R 1849 S
R 1492 O
R 1164 S
R 365 S
R 163 O
K 1963 O
K 1586 S
R 1821 S
R 1423 O
R 1095 S
R 1043 O
R 636 O
K 1764 O
K 1385 O
K 1126 S
K 392 S
R 1491 S
R 78 O
R 22 O
K 1065 S
K 629 O
R 1815 O
R 1658 O
R 1357 O
R 938 S
R 817 O
R 401 S
R 235 O
K 1198 O
K 840 O
K 669 S
K 385 S
K 215 S
K 97 O
R 1397 O
R 624 S
K 1204 S
K 1094 O
K 876 S
K 784 S
K 548 O
R 1951 O
R 1741 O
R 1733 O
R 1555 O
R 1251 O
R 1001 O
R 599 O
R 351 S
K 1034 S
K 954 O
K 393 S
R 1188 O
R 1146 S
K 1790 S
K 82 O
R 1327 S
R 1168 O
R 550 O
R 354 O
R 147 S
K 1042 S
K 1010 O
K 59 S
R 1802 O
R 1554 S
R 415 S
K 1852 S
K 1760 S
K 1750 S
K 1619 O
K 1504 O
K 1174 O
K 372 S
R 1937 S
R 1781 S
R 1593 S
R 1530 O
R 878 O
K 1773 O
K 1384 S
R 1979 S
R 1323 S
R 922 S
R 638 O
R 347 O
K 1683 O
K 1580 O
K 711 S
R 1998 O
R 1407 S
R 858 O
K 1660 O
K 466 S
K 159 S
R 1872 O
R 860 S
K 1948 O
K 1890 O
K 1652 S
K 1374 O
K 1231 S
K 917 S
K 863 S
K 861 O
K 661 S
K 470 O
K 172 O
R 1563 O
R 1326 S
R 912 O
R 753 S
R 655 S
R 602 S
R 482 O
K 1578 S
K 887 O
R 1963 O
R 1396 S
R 687 S
K 1822 S
K 1701 O
K 1505 O
K 1386 S
K 1002 S
K 924 O
K 881 O
K 561 O
K 412 O
R 1742 S
R 1639 O
R 677 O
R 17 O
K 1370 S
K 782 O
R 1281 O
R 854 S
R 558 S
K 1253 O
K 707 S
K 694 S
K 506 S
K 184 S
R 1691 O
R 1320 O
R 1202 O
R 870 O
R 857 S
R 537 O
R 358 O
R 335 S
K 1232 S
K 1159 S
K 811 O
K 788 O
R 1590 S
R 429 O
K 1769 O
K 1376 O
K 227 S
R 808 O
R 270 S
R 182 S
K 1780 O
K 776 O
K 645 S
R 1868 O
R 804 O
R 760 O
R 428 O
R 412 S
K 1762 O
K 1238 S
K 704 S
K 315 S
K 265 S
K 139 S
R 1820 S
R 1808 S
R 1661 S
R 918 O
R 862 O
R 785 O
R 605 S
R 551 S
R 443 O
R 439 O
R 100 O
K 1483 O
K 1236 S
R 1961 S
R 1727 O
R 1059 S
R 972 O
R 493 O
K 1770 O
K 1166 O
K 656 S
K 598 O
K 141 S
R 1831 S
R 1285 S
R 844 O
K 1567 S
K 91 O
R 1373 O
R 1123 S
R 813 S
K 1508 O
K 114 S
R 1855 O
R 1587 S
R 1518 S
K 1598 S
K 1575 O
K 905 S
K 775 S
K 301 S
K 248 O
K 211 S
R 1260 O
R 109 S
K 1544 S
K 943 O
K 875 O
K 859 O
R 1313 S
R 1172 S
R 758 O
K 217 S
K 140 O
R 1704 S
R 824 S
R 431 O
R 374 S
R 239 O
R 96 S
K 1467 S
K 1412 O
K 1089 O
K 690 O
K 529 O
R 1982 S
R 1538 O
R 536 O
K 1210 S
K 1153 O
R 1374 S
R 752 S
R 355 O
K 1118 O
K 885 O
K 317 S
K 135 O
R 423 O
R 102 S
K 1276 O
K 1103 O
K 617 S
K 231 O
K 173 O
R 381 O
R 148 S
K 1673 S
K 1463 S
K 1356 S
K 468 O
R 1931 O
R 1051 S
K 1934 O
K 1511 O
K 1095 S
K 970 O
R 1631 O
R 1403 S
R 1318 O
R 711 S
K 1824 S
K 1369 O
K 1088 S
K 947 O
K 560 O
K 142 S
K 69 S
R 1149 O
R 960 S
K 1003 S
K 891 S
K 246 S
K 6 O
R 1208 S
R 1160 O
R 668 S
R 586 S
R 305 O
R 199 S
K 1888 S
K 389 O
R 1645 S
R 768 S
R 249 O
K 1757 O
K 1573 O
K 1436 S
K 475 O
R 1694 O
R 356 S
K 1894 S
K 1642 S
K 610 O
K 593 O
K 325 S
R 1184 O
R 1129 O
R 215 O
R 31 S
K 898 O
K 770 O
K 659 S
R 1376 S
R 1076 O
K 1943 O
K 1142 S
K 1062 O
K 618 O
R 1553 O
R 715 S
K 1604 O
K 1489 O
K 722 O
K 625 O
K 295 S
R 557 O
R 509 S
R 501 S
R 342 O
R 274 S
K 1726 O
K 1648 S
K 1591 S
K 1239 S
K 895 O
K 431 O
R 1444 O
R 770 O
R 549 S
K 1903 O
K 1864 O
K 1710 O
K 1524 O
K 1114 O
K 837 O
K 785 O
K 611 O
K 508 S
K 25 O
R 763 O
R 761 S
K 1395 S
K 908 S
K 72 O
K 40 S
R 977 O
R 26 S
K 1108 O
K 427 O
K 396 O
K 83 S
R 1928 S
R 1842 O
R 949 S
R 315 O
R 304 O
R 27 S
K 1687 O
K 689 S
R 1922 S
R 946 O
R 561 S
R 292 O
R 198 O
K 1976 S
K 1657 O
K 1582 O
K 1188 S
K 346 S
K 95 O
R 1896 O
R 1877 S
R 759 S
K 1381 S
K 586 O
K 496 O
K 127 O
R 1665 S
R 1182 O
R 850 O
R 849 O
R 842 O
R 803 S
K 1389 O
K 15 S
R 1335 S
R 1045 S
R 827 S
R 46 O
K 1898 O
K 1332 S
R 1889 S
R 1578 S
R 1524 O
R 1222 S
R 1084 S
R 781 S
R 720 S
R 697 S
R 526 S
R 364 S
R 337 S
R 14 S
K 1882 S
K 1792 S
K 697 O
K 577 S
K 51 O
R 1342 O
R 1339 O
R 1302 S
R 979 O
R 48 O
K 1709 O
K 1401 S
K 1112 S
K 515 O
K 13 S
R 1949 S
R 1924 O
R 1619 O
R 1134 O
R 1111 S
R 852 O
R 546 O
R 69 S
K 1517 O
K 761 S
R 739 S
R 284 O
R 212 S
K 1887 O
K 1719 S
K 1152 S
K 805 S
R 1736 O
R 1290 O
R 787 O
R 731 S
R 518 O
R 13 O
K 1698 O
K 1514 O
K 941 O
K 490 S
R 1973 O
R 796 S
R 611 O
K 1902 S
K 1699 O
K 1559 S
K 945 S
K 929 O
K 779 O
K 517 O
R 1992 O
R 1834 S
R 495 S
K 1702 O
K 1500 O
K 1418 O
K 1320 S
K 1299 O
K 386 O
K 291 O
K 86 O
R 1967 S
R 1906 O
R 889 S
K 1491 S
K 540 O
R 974 S
R 738 O
K 1431 S
K 1009 O
K 485 S
R 1873 S
R 722 O
K 1393 O
K 1056 O
K 1047 S
K 321 S
K 34 S
R 1852 S
R 1243 S
R 1128 O
R 373 O
K 1570 O
K 1484 S
K 434 S
R 1958 O
R 1143 S
R 1034 S
R 802 S
K 1295 S
K 979 O
K 604 O
K 44 O
R 1759 S
R 1582 O
R 1401 S
R 1217 S
R 565 S
R 345 S
K 1455 S
K 963 O
K 572 O
R 1717 S
R 1561 O
R 1330 O
R 227 S
K 1149 S
K 622 O
K 209 S
R 1705 S
R 1592 O
R 1436 O
R 1424 O
R 1355 S
R 1227 O
R 1199 O
R 58 S
K 1176 O
K 125 S
R 1300 O
R 371 S
K 1456 O
K 614 O
K 445 S
R 1778 S
R 1755 O
K 1983 S
K 1801 O
K 1215 O
K 1107 S
K 1067 S
K 712 O
R 792 S
R 89 O
R 39 S
K 1925 S
K 1784 O
K 1626 O
K 29 O
R 1677 O
R 502 S
K 1241 S
K 587 O
K 486 O
R 1351 S
R 1262 O
R 469 S
K 1986 O
K 1169 S
K 965 O
K 601 O
K 569 S
K 7 S
R 607 O
R 496 S
R 444 S
K 1147 O
K 297 S
K 174 S
R 1618 O
R 717 O
R 621 O
R 70 S
K 1858 O
K 1170 O
K 1086 S
K 1028 O
K 165 O
R 1927 O
R 1425 S
R 701 S
K 1218 S
K 1140 S
K 1024 O
K 79 S
R 1888 S
R 915 O
R 871 S
K 1766 S
K 862 S
K 223 O
K 20 O
R 1220 O
R 237 S
R 145 O
R 125 S
K 1853 S
K 1571 S
K 1454 O
K 846 S
R 1173 O
R 981 S
R 663 S
R 23 O
R 6 S
K 992 S
K 419 O
K 161 S
R 836 S
R 661 S
R 88 O
K 1946 O
K 1298 O
K 798 S
K 728 O
K 154 S
R 1871 O
R 1568 S
R 666 O
R 359 O
K 1272 S
K 1054 S
K 1031 S
K 920 S
K 590 O
K 467 S
K 292 O
K 119 S
R 1762 O
R 928 S
R 801 O
R 580 O
K 1992 S
K 1589 O
K 1377 O
K 1191 O
K 1121 O
K 953 O
K 636 S
K 330 O
R 1987 S
R 1721 S
R 34 O
K 809 O
K 99 S
R 1340 S
R 968 S
R 942 S
R 726 O
R 712 S
R 532 S
R 224 O
R 97 O
K 1624 O
K 483 S
R 1848 O
R 1588 O
R 1447 S
R 991 S
K 1856 S
K 1616 S
K 1282 O
K 1005 S
R 1333 S
R 1060 S
R 1048 S
R 943 O
R 556 S
R 123 O
K 1868 S
K 1844 O
K 755 S
K 413 S
R 1558 O
R 1421 S
R 1074 O
R 816 O
R 539 O
K 1735 S
K 1519 S
K 799 O
K 530 O
R 1893 O
R 1036 S
R 672 O
R 475 O
K 830 O
K 449 S
R 1676 O
R 1617 O
R 1303 O
R 226 S
R 95 O
K 1689 S
K 1637 S
K 1351 O
K 1044 S
K 620 S
K 276 S
K 151 S
K 65 O
R 1977 S
R 1015 O
R 996 S
R 98 S
K 1985 O
K 1984 S
K 1474 O
K 980 S
R 1769 S
R 1623 O
R 988 S
R 465 O
R 131 S
K 1201 S
K 987 S
K 641 O
R 241 S
R 106 O
R 11 O
K 1647 O
K 1440 S
K 1331 O
K 793 O
K 133 O
R 1776 O
R 1611 S
R 893 O
K 1694 S
K 1438 O
K 606 S
R 1463 O
R 1008 S
K 1884 S
K 1744 S
K 1329 S
K 1251 S
K 1090 O
K 1053 S
R 1779 S
R 1591 S
R 818 S
R 688 O
R 470 S
R 399 S
K 1900 S
K 1614 S
K 1391 O
K 1220 S
K 1144 S
K 657 S
K 510 S
R 1267 S
R 1062 O
K 1264 S
K 1027 S
K 482 O
K 228 S
K 138 S
R 1706 O
R 812 S
R 729 S
R 653 O
R 79 O
R 19 S
K 1692 O
K 1529 O
K 1244 O
K 1097 S
R 1789 S
R 1102 O
R 674 S
R 430 O
R 262 O
R 119 O
K 1123 O
K 1 S
R 1415 S
R 913 O
K 904 S
K 294 S
K 89 O
K 63 S
R 1525 S
R 1498 O
R 1383 S
R 953 S
R 520 S
R 155 S
K 946 O
K 461 S
R 1454 S
R 1203 O
R 780 S
K 1950 O
K 1677 S
K 1477 S
K 447 O
K 310 O
R 1294 S
R 1263 S
R 1120 O
K 1388 O
K 1179 S
R 1753 O
R 1746 S
R 1319 S
R 588 O
K 1867 S
K 1193 S
K 1052 S
K 752 O
R 820 O
R 62 S
K 1873 S
K 1798 S
K 207 O
K 205 O
R 1224 O
R 635 S
K 1695 O
K 1314 O
K 284 S
R 1777 S
R 1496 S
R 1431 S
R 1005 S
R 925 O
R 838 S
R 805 S
R 577 S
R 404 O
R 397 O
R 265 O
R 71 S
K 1020 S
K 60 O
K 10 O
R 1284 S
R 230 O
K 1793 O
K 828 S
K 743 S
K 735 S
K 522 S
K 179 S
K 54 O
R 1011 O
R 967 S
R 420 S
K 1700 O
K 1379 S
K 1100 O
K 600 O
K 261 O
R 1176 S
R 555 O
K 1874 O
K 958 S
K 824 S
K 693 S
R 1667 O
R 798 S
K 1715 S
K 1422 S
K 975 S
K 766 O
K 715 O
K 512 S
K 397 S
R 1780 S
R 1467 S
R 867 O
K 1032 O
K 648 S
K 502 O
R 1309 S
R 882 O
R 875 O
K 1667 S
K 1120 O
R 1925 S
R 936 O
K 1771 O
K 995 O
K 384 S
K 17 O
R 1981 O
R 1722 S
K 1941 O
K 1746 O
K 1724 O
K 740 O
K 542 S
R 1738 O
R 1501 S
R 1171 S
R 483 S
R 143 O
K 1906 O
K 1135 S
K 630 S
K 591 S
K 525 O
K 235 S
R 956 O
R 724 O
R 281 O
R 56 S
K 1639 S
K 1172 O
K 1138 O
R 1428 S
R 1408 O
R 1183 S
R 263 S
K 1563 O
K 855 S
K 432 O
R 1812 O
R 1250 S
R 615 S
R 303 S
K 1841 O
K 934 S
R 1678 S
R 8 O
K 959 O
K 39 S
R 1634 S
R 880 O
K 1252 O
K 1247 S
R 845 S
R 829 O
R 410 S
R 193 S
K 1708 S
K 1184 O
K 1022 S
K 899 S
K 844 O
K 568 S
K 334 O
K 271 O
K 19 S
R 916 S
R 597 O
R 500 O
R 311 S
K 1738 S
K 1675 O
K 1055 O
K 807 S
R 1572 O
R 1329 S
R 994 S
K 1998 S
K 1787 O
K 911 O
K 749 S
K 605 S
K 509 O
R 1930 O
R 1378 O
R 1162 S
R 28 S
K 1628 S
K 1344 O
R 1823 O
R 1257 S
R 985 O
R 396 S
R 379 O
K 1952 O
K 281 S
R 1412 O
R 332 S
K 436 S
K 306 O
R 1832 O
R 637 S
R 157 O
K 1533 S
K 534 O
K 417 S
K 38 S
R 951 O
R 278 S
K 998 O
K 456 S
R 1288 S
R 1254 S
R 897 O
K 1521 O
K 1475 O
K 713 O
K 533 S
K 167 O
R 1209 O
R 608 S
K 1045 O
K 688 S
K 469 O
R 1939 S
R 1804 O
R 1087 S
R 671 S
K 1958 O
K 1927 S
K 1870 O
R 1894 O
R 343 S
R 134 S
K 701 O
K 210 S
R 1911 S
R 1194 O
R 809 O
K 582 S
K 41 O
R 1201 O
R 1110 S
R 515 O
R 507 O
K 1608 S
K 746 O
K 552 O
K 80 S
R 1686 S
R 1437 O
R 1236 O
R 395 O
K 1659 O
K 1636 O
K 1439 S
K 446 O
K 314 O
K 269 O
K 150 O
R 1363 O
R 744 S
R 552 S
R 389 S
K 1666 S
K 1556 S
K 1371 O
K 1327 S
K 1234 S
K 635 O
K 570 S
K 222 O
R 1712 S
R 1504 O
R 1235 S
R 935 S
K 878 O
K 759 O
K 418 O
K 300 S
K 225 O
R 1061 S
R 499 O
K 1585 S
K 1277 O
K 739 O
K 708 O
K 214 S
K 100 S
R 1602 O
R 1490 O
R 1119 O
R 21 S
K 1990 O
K 1768 S
K 1512 S
K 1111 S
K 902 O
K 685 S
K 42 O
K 3 S
R 1730 S
R 1266 S
R 569 S
R 174 O
R 136 O
K 1410 S
K 394 O
R 1521 O
R 1165 S
R 223 O
K 1490 O
K 1203 S
K 794 O
R 1017 O
R 698 S
R 314 S
K 1923 S
K 1654 O
K 1296 O
K 1059 S
K 831 S
K 700 O
K 680 O
K 370 S
K 344 O
R 1720 S
R 1535 O
R 1495 S
R 1022 S
R 141 O
K 1143 S
K 962 O
K 220 O
K 77 O
R 1972 S
R 1096 S
R 861 O
R 609 O
K 1202 S
K 391 O
R 1522 O
R 908 O
R 686 S
K 1288 O
K 92 S
R 1650 O
R 1204 O
R 1103 O
R 479 S
R 72 O
K 1945 O
K 1678 S
K 460 O
K 369 O
R 1869 S
R 1132 O
R 300 O
K 1661 S
K 1342 S
K 1224 O
K 892 O
K 518 S
K 244 O
K 183 S
R 1803 O
R 1682 S
K 1183 O
K 1079 S
R 1556 S
R 1375 O
R 1067 S
K 1635 S
K 1162 O
R 1336 O
R 826 S
R 326 O
K 1073 O
K 1030 S
K 913 S
K 443 S
K 146 S
R 1514 O
R 24 S
K 1972 O
K 1797 O
K 1713 S
K 1036 O
K 973 O
K 753 O
K 286 O
R 1728 O
R 1671 S
R 1219 O
R 176 S
K 1846 S
K 724 O
R 1946 S
R 1690 S
R 1275 O
K 1472 O
K 948 S
K 702 O
K 500 O
K 201 O
R 1702 O
R 1242 O
R 926 O
R 832 S
R 229 O
K 1956 O
K 170 S
R 1681 O
R 1655 O
R 1532 S
R 1248 O
R 1052 O
R 969 O
R 952 O
R 426 O
R 228 O
K 1931 O
K 1534 O
K 977 S
K 78 O
R 553 S
R 540 S
R 528 S
R 421 S
R 261 O
R 129 S
K 1693 O
K 1039 S
K 821 S
K 737 S
R 1895 O
R 939 O
R 904 S
K 1261 S
K 1069 O
K 96 O
R 1662 O
R 1130 S
R 186 S
R 51 S
K 1863 S
K 1803 O
K 1721 S
K 352 S
R 1000 S
R 487 O
R 302 O
K 1146 S
K 350 O
R 1999 O
R 1577 O
R 1477 S
R 1324 O
R 690 S
R 216 O
R 153 O
K 1156 S
K 869 O
R 1638 O
R 1155 S
R 1080 O
K 1250 O
K 897 S
K 193 S
R 325 O
R 108 S
K 1796 S
K 1561 O
K 1229 O
K 1130 O
K 803 O
K 406 S
R 1883 O
R 451 S
K 660 O
K 438 O
K 76 S
R 1791 S
R 1192 O
R 425 S
R 277 S
R 132 O
K 1866 O
K 480 S
K 239 S
R 1881 S
R 1743 S
R 756 O
K 1754 O
K 1072 S
R 1246 O
R 339 S
K 376 S
K 327 O
K 298 O
R 1810 O
R 1734 O
R 1714 O
R 1387 O
R 1029 O
R 535 S
R 512 O
K 1256 O
K 28 S
R 1153 O
R 1136 S
K 1942 S
K 320 O
K 273 O
R 1797 S
R 1795 O
R 1356 S
R 1225 S
R 923 S
K 1528 O
K 1453 O
K 868 S
K 93 O
K 70 O
K 33 O
R 797 O
R 742 S
R 407 O
K 1767 O
K 1756 O
K 1543 S
K 928 O
K 613 O
R 1350 O
R 1337 O
R 360 S
K 1974 S
K 1842 O
K 1837 S
K 1625 S
R 1264 S
R 919 S
R 834 S
R 385 O
K 1688 S
K 626 O
K 609 S
R 837 S
R 631 O
K 1294 O
K 664 S
K 123 O
K 88 O
K 48 O
R 1304 S
R 692 O
R 645 O
K 1944 S
K 559 O
K 4 O
R 1853 S
R 1692 S
R 1050 S
R 1023 O
R 702 S
R 327 S
R 146 S
K 1778 S
K 839 O
K 733 O
K 289 O
R 1768 O
R 1276 S
R 1098 S
K 1525 S
K 158 O
R 1934 O
R 1902 O
R 1565 S
R 584 O
R 449 O
K 1322 O
K 827 S
R 1910 O
R 1598 S
R 1529 S
R 448 S
K 1275 S
K 1117 O
K 938 S
R 1648 O
R 1116 O
R 92 S
K 1916 S
K 1021 O
R 1996 O
R 1798 S
R 1465 O
R 1442 O
R 1430 O
R 1174 S
R 172 S
K 1448 O
K 1180 O
K 1150 O
K 825 S
K 769 S
K 734 S
K 616 O
K 401 S
K 111 S
R 1830 S
R 378 O
R 61 S
K 1450 O
K 1307 O
K 367 S
R 1863 S
R 1624 O
R 1377 S
R 678 O
K 1212 S
K 663 O
K 589 S
R 1013 S
R 978 O
R 225 O
K 1924 S
K 112 O
R 1908 O
R 721 S
K 1411 O
K 356 O
K 177 S
R 1206 S
R 649 S
R 340 O
K 1649 O
K 1577 O
K 1187 S
K 1131 S
R 1882 S
R 366 O
K 1957 O
K 1615 O
K 1019 S
R 1505 S
R 1391 S
R 1354 O
R 962 S
R 728 S
R 612 O
R 554 O
R 331 S
K 991 O
K 473 O
K 290 S
K 58 O
R 1905 O
R 1405 S
R 1366 O
R 1049 O
R 990 O
R 457 O
K 1425 S
K 676 O
R 1312 S
R 20 O
K 1262 O
K 440 S
R 1887 S
R 484 O
R 49 O
K 1979 O
K 1940 O
K 915 S
R 1685 O
R 591 S
R 319 S
R 211 S
K 877 S
K 810 O
R 1170 O
R 542 S
R 350 O
R 80 S
K 717 S
K 280 O
R 1858 O
R 1409 O
R 1322 S
R 997 O
R 529 O
K 1043 S
K 988 O
R 1178 S
R 1058 O
R 640 O
K 1935 O
K 1447 S
K 1364 S
K 1306 S
K 638 S
K 492 S
K 255 S
K 136 S
K 113 S
R 1094 O
R 104 S
K 1618 S
K 774 O
R 1347 S
R 788 O
R 746 S
R 571 S
K 1515 S
K 1471 O
K 1414 O
K 640 S
K 527 S
R 966 S
R 644 O
R 620 O
R 33 O
K 1788 O
K 1510 O
K 1421 S
K 986 S
K 585 O
K 347 O
K 73 S
R 1566 S
R 895 O
R 810 O
R 695 S
R 673 O
R 413 O
K 1397 O
K 883 O
K 853 O
K 639 S
K 574 S
R 1833 S
R 1787 O
R 1371 S
R 652 O
R 384 O
R 159 S
K 901 O
K 275 S
K 163 O
R 1299 O
R 334 S
K 1781 O
K 1158 O
K 354 S
R 1968 O
R 947 S
R 899 O
R 873 O
K 1977 S
K 1550 O
K 1423 S
K 1359 S
K 815 S
K 336 S
R 1571 S
R 86 O
K 1802 S
K 1612 O
K 1048 O
R 1193 S
R 523 O
K 1681 S
K 1613 O
K 576 S
R 1891 O
R 1607 S
R 706 S
R 427 S
K 1600 O
K 1151 S
K 324 S
K 226 O
R 1745 O
R 572 S
K 1951 S
K 1685 O
K 1623 S
R 1461 S
R 432 O
K 1141 O
K 747 S
K 274 O
R 1419 S
R 1348 S
R 848 S
R 313 O
K 1835 O
K 1821 O
K 1540 O
K 1077 S
R 1912 S
R 1157 O
K 1705 S
K 765 O
K 202 O
R 814 S
R 15 O
K 1200 S
K 584 O
K 357 S
K 105 S
R 1966 S
R 1892 S
R 633 O
R 41 O
K 1928 O
K 1468 S
K 388 O
K 192 S
K 153 S
R 1468 O
R 1398 S
R 1004 O
K 1917 O
K 1355 S
K 1171 O
K 81 O
K 9 O
R 1616 O
R 1150 S
R 362 O
R 50 O
K 1897 S
K 1896 O
K 1651 O
K 1136 O
R 1861 O
R 1292 S
R 749 S
K 1460 S
K 854 S
K 571 S
K 331 O
R 1923 S
R 1426 O
R 1065 S
K 1051 O
K 786 S
R 1933 O
R 931 O
R 598 S
K 1889 O
K 1409 S
K 894 O
K 745 O
K 726 O
K 683 S
R 1859 O
R 1632 O
R 955 O
R 367 O
R 290 S
K 1650 S
K 773 O
R 1703 S
R 1570 S
R 1145 S
R 1082 S
R 393 S
R 336 O
R 152 O
K 1340 S
K 791 O
R 1613 S
R 713 S
R 43 O
K 1235 S
K 1134 O
K 994 O
K 725 S
K 404 S
K 362 O
K 245 S
K 45 S
R 1672 O
R 1404 O
R 1027 O
R 989 S
R 533 S
R 238 O
K 1999 S
K 1227 O
K 873 O
R 1970 S
R 1380 S
R 1293 O
R 937 S
R 103 O
K 1535 S
K 549 O
R 1118 S
R 839 S
R 460 S
R 455 S
R 218 O
R 35 S
K 1605 O
K 1554 O
K 55 S
R 1700 O
R 987 O
R 298 S
R 195 O
K 1280 O
K 1023 S
K 983 O
R 1770 S
R 1301 S
R 1298 O
K 1283 O
K 882 S
R 1876 S
R 1799 S
R 1697 O
R 1272 S
R 206 S
R 162 S
K 1736 S
K 1696 O
K 1311 S
K 1177 S
K 311 O
R 1683 O
R 1621 O
R 1502 O
R 1359 O
R 1311 S
K 1912 S
K 1686 S
K 1555 S
K 1338 O
K 675 S
K 612 S
K 602 S
K 66 O
R 1774 S
R 1583 O
R 1245 O
K 1785 O
K 1254 O
K 709 O
K 673 S
K 633 O
K 14 O
R 1898 S
R 1751 S
R 1731 S
R 1666 S
R 1537 S
R 630 O
R 433 O
K 1959 S
K 1720 O
K 206 S
R 1756 O
R 1499 S
R 699 S
K 1729 S
K 1670 O
K 1349 S
K 1291 S
K 993 O
K 867 O
K 155 O
R 1824 O
R 1580 O
R 1345 O
R 1295 O
R 1142 O
R 1089 O
R 754 O
R 405 S
K 1269 S
K 1093 O
K 642 S
R 1920 S
R 1605 O
R 1417 O
R 1274 S
R 1106 S
R 907 S
R 881 S
R 99 S
K 1680 S
K 1482 O
K 524 S
R 296 S
R 16 O
K 1537 O
K 925 S
K 573 O
K 256 S
R 1569 S
R 1269 S
R 1064 S
R 1014 O
K 1480 O
K 1279 S
K 175 S
R 1453 S
R 564 O
K 1961 S
K 686 O
K 670 S
R 1410 O
R 1286 O
R 1237 S
R 1002 O
R 570 S
R 559 O
R 248 O
K 1811 O
K 1671 S
K 1594 O
K 32 O
R 1486 O
R 995 S
R 459 O
R 402 S
R 293 S
K 1502 O
K 1363 O
K 1330 O
K 1300 S
R 1586 O
R 531 S
K 955 O
K 843 S
K 595 O
K 477 S
R 204 O
R 144 S
K 1980 O
K 1387 S
K 1225 O
K 1083 S
K 504 S
R 1238 S
R 835 O
K 1684 O
K 583 O
K 501 S
K 187 S
K 90 S
K 35 S
R 874 O
R 504 S
K 1078 O
K 374 S
R 1456 O
R 1279 S
R 710 S
R 616 O
R 201 O
K 1772 S
K 1263 O
R 1198 O
R 629 S
K 1606 O
K 1602 O
K 1565 S
R 1750 S
R 1481 O
R 1107 S
R 851 S
R 592 S
R 213 O
K 1855 O
K 1622 S
K 1091 S
K 420 S
R 1890 S
R 830 S
R 691 O
K 1545 O
K 757 S
K 658 O
K 426 O
R 1484 S
R 505 S
R 185 O
K 1522 O
K 1175 S
R 1718 S
R 1489 O
R 1223 O
R 1117 O
R 233 O
R 53 O
K 1610 S
K 423 S
K 375 O
R 1918 S
R 1241 O
K 1302 S
K 912 O
K 337 S
R 1983 O
R 1904 S
R 980 S
R 192 O
R 164 O
R 110 O
K 1335 S
K 835 O
R 1400 O
R 921 O
R 116 S
K 937 O
K 720 S
K 71 S
R 1964 S
R 74 O
K 1996 O
K 1966 S
K 997 O
R 1829 O
R 821 S
R 751 O
K 1217 S
K 1066 O
K 1058 O
K 37 S
R 1086 O
R 811 S
R 791 O
R 716 S
R 316 O
R 12 O
R 9 O
K 1989 S
K 1851 O
K 579 O
K 543 O
K 67 O
R 1321 S
R 438 O
R 138 S
K 1730 S
K 1068 S
K 950 S
K 748 S
K 691 S
K 353 O
K 249 O
R 1978 O
R 1916 S
R 1766 S
R 662 O
R 503 O
R 140 S
K 1922 O
K 1810 O
K 1621 O
K 1392 O
K 1284 O
K 1260 S
K 1221 S
R 1205 O
R 660 S
R 113 S
K 608 O
K 503 S
R 1954 O
R 1331 S
R 795 S
R 65 O
K 1346 O
K 1303 S
K 744 S
K 126 S
R 891 S
R 723 O
R 639 S
R 575 S
R 171 O
K 1914 S
K 1728 O
K 1368 S
K 951 S
K 316 S
R 1668 O
R 1019 O
R 971 O
R 126 S
K 1758 S
K 1119 O
R 1816 O
R 1589 S
R 1141 O
R 965 O
R 473 S
K 1549 O
K 1289 S
R 1952 S
R 1512 O
R 1221 S
R 1079 S
R 590 S
K 695 S
K 410 O
R 1985 S
R 1943 O
R 1121 S
R 1055 S
R 217 O
R 63 S
K 1964 O
K 1832 O
K 1488 O
K 838 O
K 634 O
K 547 S
K 459 O
R 1579 S
R 1007 S
R 727 O
R 627 S
R 476 O
R 392 S
K 763 O
K 732 S
R 1857 S
R 1664 S
R 1663 S
R 1443 O
R 1161 O
R 527 O
K 1266 S
K 106 O
R 1167 O
R 740 S
K 1326 O
K 1154 S
K 874 O
K 555 S
K 439 O
K 425 O
R 1197 S
R 394 O
K 1538 O
K 338 S
R 1760 S
R 610 S
R 583 O
R 166 S
K 1893 S
K 1854 O
K 1458 S
K 1428 S
K 1309 O
K 1145 O
K 723 O
K 553 S
K 322 S
K 305 O
K 293 S
K 185 S
R 1719 O
R 1636 O
R 1427 S
R 1255 O
R 1228 O
R 1179 O
R 1175 O
R 606 O
R 222 O
K 1920 O
K 1129 S
K 1070 O
K 914 O
K 333 S
R 1945 O
R 1629 O
R 1353 S
R 1282 S
R 1090 S
R 353 O
K 1938 O
K 52 S
R 1772 O
R 634 S
K 1317 S
K 1228 O
R 1866 O
R 1827 S
R 903 S
R 822 O
R 703 O
R 283 O
R 196 S
R 37 O
K 1734 O
K 1347 S
K 762 O
R 664 O
R 346 S
K 1584 S
K 411 O
K 351 S
R 1875 O
R 1104 O
R 905 S
K 1804 S
K 1783 S
K 1185 S
K 872 S
K 541 O
R 1846 S
R 1471 S
R 1411 S
R 656 O
R 514 S
R 272 O
K 1751 O
K 918 S
K 363 O
R 1559 O
R 1109 S
K 1833 O
K 104 S
R 1773 S
R 843 O
K 974 S
K 888 S
K 302 O
R 1914 S
R 1562 O
R 1218 O
R 466 S
K 1915 S
K 1814 S
K 1085 O
K 377 S
R 1552 O
R 890 S
K 1566 S
K 624 O
R 1782 O
R 1547 S
R 1406 O
R 1239 S
R 1140 O
R 950 O
R 886 S
R 741 O
K 1632 O
K 910 O
K 666 O
K 563 S
K 270 O
K 116 S
R 1647 O
R 1601 O
R 1131 S
R 603 O
K 1748 O
K 373 S
K 188 O
R 1213 S
R 45 O
K 1160 O
K 637 S
R 1487 O
R 1469 O
R 1078 S
R 799 O
R 735 O
R 386 O
K 1599 S
K 1026 O
K 122 S
R 1828 O
R 998 S
R 920 O
R 253 O
K 1691 S
K 1574 S
K 1557 O
R 1715 O
R 1033 O
R 823 O
R 75 S
R 64 S
K 1000 S
K 575 O
R 1825 S
R 1739 O
R 1541 O
R 1190 S
R 271 O
K 1909 S
K 1644 O
K 818 S
K 212 O
R 1445 O
R 1099 S
R 934 S
K 1918 S
K 1676 S
K 1507 S
K 1226 S
K 820 O
R 1764 O
R 1053 S
R 896 O
R 815 O
R 250 O
K 1164 S
K 1016 S
K 956 S
K 647 S
K 329 O
R 1864 S
R 1527 O
K 1970 O
K 230 S
R 1801 S
R 1723 O
R 1093 S
K 1313 S
K 21 O
R 1757 O
R 1729 S
R 1670 S
R 1360 S
K 1552 O
K 224 S
R 1955 S
R 1856 O
R 1520 O
R 617 O
R 209 O
K 1310 O
K 1124 O
K 768 O
K 729 S
K 632 O
K 262 S
K 169 O
R 1510 S
R 1367 S
R 1277 S
R 930 S
R 650 O
K 1663 S
K 1341 O
R 1885 S
R 1693 S
R 1256 S
R 771 O
R 714 S
R 207 S
R 169 S
K 1281 O
K 128 S
K 121 O
R 1874 S
R 1822 O
K 760 O
K 751 S
R 1942 O
R 1414 O
R 221 S
R 203 O
K 1921 S
K 1716 S
K 1290 O
K 528 O
R 1903 S
R 1214 O
K 1403 O
K 1209 S
R 1800 O
R 1626 S
R 1381 O
R 452 S
K 1432 S
K 654 O
R 1519 O
R 246 S
K 1292 S
K 985 O
K 348 S
K 232 O
K 115 S
R 1515 O
R 831 O
R 545 S
R 275 S
K 1997 O
K 1163 O
K 1015 O
K 1014 O
K 866 S
R 1166 O
R 847 O
R 733 O
R 474 S
K 1703 S
K 1645 S
K 1270 O
K 1105 S
R 1878 S
R 1612 O
R 1196 O
R 743 S
R 524 S
R 160 O
K 1955 O
K 1668 S
K 1041 S
K 967 O
R 1506 O
R 1476 O
R 485 O
R 258 S
K 1445 O
K 556 S
K 514 O
K 487 O
K 458 O
R 1258 O
R 1021 S
R 400 O
R 25 O
K 1008 S
K 87 O
R 1306 O
R 1085 S
R 1081 O
R 205 O
K 1404 S
K 147 O
R 1280 O
R 774 S
K 1910 O
K 1862 O
K 1442 S
K 1308 S
K 1267 S
K 1194 S
K 808 O
K 554 S
K 399 S
R 1817 S
R 1652 S
R 1392 S
R 1122 S
R 777 S
R 471 O
K 1978 S
K 842 O
R 481 S
R 269 O
K 1316 S
K 923 O
R 1767 O
R 1689 S
R 447 S
K 1812 O
K 1382 S
K 1157 S
K 182 S
R 1399 O
R 1358 O
R 498 S
R 127 O
K 1913 O
K 1305 S
R 1025 O
R 659 S
R 294 O
K 1759 S
K 233 O
R 1976 O
R 1480 S
R 658 O
R 544 S
K 741 S
K 716 O
K 236 S
R 323 O
R 118 O
R 115 S
K 1653 S
K 1173 O
K 848 S
K 382 S
K 199 S
K 53 S
R 1503 O
R 776 S
R 93 S
K 1665 S
K 1057 S
K 649 O
R 1635 S
R 1455 O
R 944 O
R 579 O
K 1714 O
K 1560 O
K 1092 O
K 879 S
K 118 S
R 1610 O
R 1464 O
R 454 S
K 1857 O
K 1607 O
K 1526 S
K 1216 O
K 623 O
K 507 O
R 1990 S
R 101 O
K 1969 S
K 131 O
R 1212 S
R 1030 O
R 1009 S
R 794 S
R 375 S
R 142 O
K 1987 S
K 1435 O
K 1249 S
K 538 S
K 237 O
K 219 O
R 1696 O
R 1439 O
R 1210 O
R 959 S
K 1899 S
K 1523 O
K 1419 S
K 1274 O
K 922 S
K 535 O
R 1950 S
R 1595 S
R 1459 S
R 1230 S
R 1135 S
R 992 S
R 708 O
R 406 S
K 1993 S
K 1547 S
K 1006 O
R 1531 O
R 864 O
R 734 O
R 453 S
K 448 O
K 11 S
R 1860 S
R 1732 S
R 1701 S
R 940 S
R 789 S
R 767 O
R 525 S
R 210 S
K 1939 S
K 1633 O
K 767 O
R 1926 S
R 1523 O
R 1509 O
R 894 O
R 769 O
R 150 O
R 76 O
R 67 O
K 1947 O
K 1860 O
K 1732 O
K 1287 S
K 1110 O
K 903 S
K 705 S
K 651 S
K 421 O
K 313 S
K 243 O
R 1599 S
R 287 O
K 851 O
K 731 S
K 520 S
K 441 S
R 1865 S
R 1788 O
R 765 O
R 87 S
K 1806 O
K 1304 S
K 1230 O
K 390 S
R 1390 O
R 1088 O
R 370 O
R 344 S
K 1809 O
K 1690 S
K 1592 S
K 896 S
K 674 O
K 253 O
K 27 S
R 1844 O
R 440 S
R 330 O
R 312 O
R 242 O
R 130 O
K 1763 O
K 1655 S
K 1629 S
K 1405 S
K 942 O
R 1511 S
R 1352 O
R 883 S
R 667 S
K 1643 O
K 1640 O
K 978 O
K 364 O
K 278 S
K 129 O
R 1909 O
R 1449 O
R 1156 S
R 1070 S
R 511 S
R 4 S
K 1470 O
K 1324 O
K 1161 S
R 1594 O
R 1458 S
R 1452 S
R 321 S
K 1293 O
K 132 S
R 1516 S
R 618 S
R 289 S
R 279 S
R 52 O
K 780 O
K 455 S
R 1460 O
R 1068 O
R 1038 S
K 1839 O
K 1063 O
K 145 S
R 1296 S
R 647 O
R 285 O
K 1286 S
K 1222 S
K 1207 O
K 1075 S
R 1229 O
R 317 S
R 77 O
K 1669 S
K 1452 O
K 1223 O
K 1001 S
K 787 O
K 531 S
K 213 O
R 1603 O
R 1372 O
R 999 S
R 941 O
R 30 O
K 1049 S
K 204 O
R 1646 O
R 288 S
K 1808 O
K 1532 O
K 218 S
R 1806 O
R 1660 S
R 1362 O
R 256 O
K 1817 O
K 234 S
R 1988 S
R 1370 S
R 793 S
R 619 O
K 1646 S
K 966 O
K 407 S
R 1814 O
R 1216 S
R 506 S
R 173 O
K 1962 O
K 1850 O
K 1562 S
K 1408 S
K 1109 S
K 495 S
K 277 O
R 1211 O
R 307 S
R 188 O
K 1813 S
K 1259 S
K 1258 S
K 1186 S
K 94 O
R 1497 O
R 983 S
K 1960 S
K 1827 O
K 1493 O
K 1242 O
K 355 S
K 195 O
K 180 O
K 117 O
R 1962 S
R 1900 O
R 1679 O
R 1609 S
R 1316 S
R 975 O
R 416 O
K 1443 O
K 516 S
K 26 S
R 1921 O
R 1418 S
R 593 S
R 391 S
K 1603 S
K 1115 O
R 1344 O
R 766 S
K 1343 O
K 599 O
K 109 S
R 1126 S
R 1066 O
R 18 S
K 652 O
K 513 S
K 422 O
K 307 O
K 98 S
R 1575 O
R 1440 O
R 1402 S
R 841 S
R 183 S
K 926 O
K 197 S
K 181 S
R 1604 S
R 786 O
R 264 S
R 5 O
K 1206 S
K 462 O
R 1793 S
R 1669 O
R 1651 S
R 1113 S
R 819 O
K 679 O
K 208 S
R 1709 S
R 1328 S
R 1265 O
R 1031 S
K 1779 O
K 1113 S
R 1711 O
R 772 O
R 492 S
R 436 O
K 1818 O
K 1501 O
K 1417 O
K 1285 S
K 1248 O
K 1133 O
K 594 O
R 1508 S
R 1259 O
R 282 O
K 1365 S
K 1125 O
K 564 S
K 358 S
K 241 S
K 84 O
R 1953 S
R 1917 O
K 1437 S
K 171 O
R 1880 S
R 982 O
R 622 S
R 268 S
K 1791 O
K 1420 O
K 667 S
K 499 S
R 1994 O
R 1493 S
R 1075 S
R 352 O
K 1937 S
K 366 O
R 1936 S
R 665 O
R 175 O
R 161 S
K 1932 S
K 1013 S
K 130 O
R 757 S
R 589 O
K 1473 S
K 1012 O
R 1317 S
R 790 O
K 1789 S
K 1354 S
K 817 O
K 650 O
R 1919 S
R 779 O
K 1733 S
K 1479 S
K 856 O
K 653 S
R 1567 S
R 581 O
R 240 S
K 1911 S
K 1352 O
K 254 S
K 251 O
R 1073 O
R 853 S
R 675 O
K 1895 O
K 1478 S
K 1011 S
K 57 O
R 1929 O
R 441 O
R 301 S
R 1 O
K 1752 S
K 365 O
R 1948 S
R 1749 S
R 1564 O
K 1596 O
K 1539 O
K 1139 O
K 893 O
K 865 O
K 566 S
R 970 O
R 236 O
R 165 S
K 1971 S
K 1745 S
K 580 O
K 545 S
K 323 S
K 101 S
R 1642 S
R 1365 S
R 1278 S
R 1016 S
R 747 S
R 689 O
R 547 S
R 333 S
K 1630 O
K 1564 S
K 1530 O
R 1716 S
R 1137 O
R 1044 O
R 1012 S
R 909 S
R 596 O
R 376 O
R 247 O
K 1825 S
K 996 O
K 849 S
K 149 S
R 1993 O
R 1867 S
R 1659 O
R 1057 O
R 993 O
R 435 S
R 310 S
R 107 S
K 1572 O
K 927 O
K 665 S
K 134 S
R 1761 S
R 1735 O
R 778 O
R 516 S
K 1995 O
K 1786 O
K 1122 S
R 784 S
R 681 O
R 676 S
R 414 S
K 1878 S
K 1548 S
K 1509 S
K 1348 O
K 870 S
K 802 S
K 137 S
K 56 O
R 704 S
R 442 O
R 112 S
K 1819 S
K 597 O
R 1457 S
R 587 O
R 541 O
K 1531 O
K 454 S
R 1975 S
R 1232 S
R 1152 S
R 1041 O
R 490 S
R 372 S
R 66 S
K 1982 S
K 1886 O
K 1800 O
K 1334 S
K 1018 O
K 939 S
K 567 S
K 493 O
R 1429 S
R 657 O
K 1891 O
K 1464 O
K 1415 S
R 1794 O
R 1657 O
R 1125 O
R 390 S
R 254 S
R 208 S
R 82 S
R 59 S
K 203 O
K 75 S
R 1584 S
R 1346 S
R 1341 O
R 696 S
K 1865 S
K 1457 S
K 858 S
K 450 S
K 178 O
R 1851 S
R 1708 O
R 694 O
R 567 S
R 566 S
R 167 O
K 621 O
K 157 S
R 868 O
R 683 S
K 1973 S
K 1795 S
K 1155 O
R 1675 S
R 1438 O
R 748 O
R 177 S
K 864 S
K 662 O
K 521 O
K 285 S
K 108 S
R 1695 S
R 945 S
R 464 S
R 434 O
K 718 O
K 646 S
K 258 S
R 910 O
R 679 S
R 462 O
K 1581 O
K 778 S
R 1653 S
R 1138 S
R 680 O
K 1953 O
K 1929 O
K 1805 O
K 1634 O
K 1297 S
K 238 S
R 1786 O
R 1654 S
K 1954 S
K 698 S
K 558 O
R 725 S
R 643 S
R 456 S
R 202 O
K 1904 O
K 1871 O
K 1579 S
K 1444 O
K 932 O
K 833 O
K 772 S
K 242 O
R 1785 S
R 958 O
K 1717 S
K 1333 O
K 267 O
R 1698 O
R 1010 O
R 513 S
K 1449 S
K 1378 S
K 1208 O
K 457 O
R 1847 O
R 1393 S
R 1386 S
R 295 O
K 1128 O
K 727 S
R 1649 O
R 1368 O
R 840 O
R 489 O
R 273 S
K 1877 S
K 1390 O
K 1271 S
K 497 O
K 479 O
K 5 S
R 1361 S
R 1158 O
R 859 S
K 1820 S
K 1350 O
K 1084 S
K 990 S
K 806 S
K 304 O
R 1625 O
R 1382 S
R 94 S
K 1994 S
K 1620 O
K 1499 S
K 1487 S
K 1373 O
K 339 O
K 303 O
R 408 O
R 90 S
K 1662 O
K 801 S
K 435 O
R 1837 S
R 1637 O
R 1181 O
R 594 O
R 548 O
R 81 O
K 1777 O
K 1593 S
K 1345 O
K 1265 S
K 944 S
K 672 S
K 472 O
K 279 O
R 1448 O
R 1186 O
R 1040 S
R 585 O
R 472 O
K 836 S
K 395 O
R 1899 O
R 1092 S
R 1069 S
R 122 O
K 1967 O
K 1353 S
K 1004 O
K 476 O
K 383 S
R 1843 O
R 917 S
R 856 O
R 189 O
R 111 O
K 1741 O
K 1273 O
K 1195 S
R 1472 O
R 1384 S
K 1737 S
K 1398 S
K 1357 O
K 1337 O
K 1214 S
K 1181 S
K 1104 S
K 532 S
K 252 S
R 1941 O
R 1809 S
R 1622 O
K 1513 O
K 1396 S
R 1485 S
R 846 O
R 257 S
K 1892 O
K 1336 O
K 1102 O
K 999 S
R 1897 O
R 200 S
K 1753 S
K 1033 O
K 736 S
K 156 S
R 1819 S
R 1127 O
R 568 O
R 341 S
K 1588 O
K 62 S
R 1560 O
R 1139 S
K 1679 O
K 1081 O
K 852 O
K 107 S
K 30 S
K 24 O
R 1656 S
R 1240 O
R 1063 O
R 318 S
K 1035 S
K 478 S
K 16 O
R 961 O
R 954 S
K 1776 S
K 789 O
K 783 S
K 677 O
K 272 S
R 1389 O
R 865 S
R 684 O
R 38 S
K 1883 S
K 1503 O
K 795 S
R 1841 O
R 1783 O
R 1775 S
R 1474 O
R 1413 O
K 819 O
K 124 S
R 1600 S
R 1315 S
R 417 O
R 60 S
K 1461 O
K 1372 O
K 764 S
R 1643 S
R 1291 S
R 461 O
R 194 S
K 1725 S
K 1413 S
K 721 S
K 643 S
K 551 O
R 1432 S
R 1100 O
R 560 S
R 178 O
R 149 S
K 1749 O
K 1459 S
R 1585 O
R 1544 O
R 1364 O
R 1177 S
K 430 O
K 68 S
R 1792 S
R 1247 S
R 1108 S
R 924 S
R 833 S
R 762 O
R 669 S
R 170 S
R 36 O
K 1429 O
K 1213 S
K 964 S
K 845 S
R 648 O
R 139 S
K 1706 O
K 259 S
R 1596 S
R 1189 O
R 632 O
R 231 O
R 191 O
K 1245 S
K 416 O
K 110 S
R 1475 S
R 1325 S
R 582 O
K 1845 O
K 1712 S
K 1050 S
K 240 S
R 1574 S
R 1394 O
R 480 O
K 1847 O
K 1765 O
K 1704 S
K 930 O
K 471 S
K 360 S
R 1959 S
R 1608 O
R 1028 S
K 1848 O
K 860 O
K 381 S
R 424 S
R 309 S
R 120 O
K 1576 O
K 189 S
R 914 S
R 693 S
R 562 O
K 1315 O
K 655 S
R 646 S
R 576 S
R 517 O
K 1908 O
K 1325 S
K 1301 S
K 408 O
K 335 S
R 1462 S
R 1020 O
R 964 O
R 898 O
R 267 O
K 1859 S
K 1595 S
K 1496 S
K 1367 S
K 1319 S
K 1168 O
K 668 S
K 581 S
K 312 S
K 257 S
K 194 O
R 1195 S
R 57 O
K 1743 S
K 1492 O
K 972 O
K 596 O
K 511 O
K 498 O
R 1488 O
R 1310 O
R 168 S
R 68 O
K 1498 O
K 1189 S
K 812 O
K 607 S
K 592 S
K 380 S
K 176 O
R 1879 S
R 806 O
R 755 O
K 1060 S
K 288 O
K 61 S
R 1543 O
R 626 S
R 105 S
K 1875 O
K 960 S
R 1724 O
R 1483 S
R 521 O
K 1919 O
K 1017 S
K 976 S
R 1960 S
R 1507 O
R 1026 S
K 1965 S
K 771 S
K 494 O
R 1913 S
R 1479 O
R 1395 S
R 1105 O
R 1047 S
R 877 S
R 382 S
K 1627 O
K 1520 O
K 1219 O
K 889 O
K 792 S
K 546 O
K 489 O
K 400 O
R 1283 S
R 181 O
K 1553 O
K 1106 S
K 692 S
K 264 S
R 1446 S
R 1420 S
R 872 O
R 383 O
K 1881 S
K 1840 O
K 1740 O
K 1656 O
K 1165 S
K 936 O
K 832 O
K 796 O
K 166 S
R 1699 S
R 869 O
K 349 O
K 229 S
R 1713 O
R 1379 S
R 497 O
R 114 O
R 73 O
K 1099 S
K 619 O
R 1811 O
R 1644 O
R 219 S
K 1611 O
K 1096 S
K 1074 S
K 696 S
R 1935 O
R 1747 O
R 1744 O
R 1482 S
R 1307 S
R 1226 S
R 1054 O
R 932 O
R 750 S
R 718 O
R 477 O
R 467 S
R 463 S
R 419 O
R 403 S
R 255 S
R 243 O
K 1321 O
K 684 S
R 1422 S
R 522 O
R 244 S
K 1076 S
K 332 O
K 46 O
R 1680 S
R 1549 S
R 1466 S
R 2 O
K 1880 S
K 1407 S
K 900 O
R 1673 S
R 1546 O
K 1494 S
K 1366 O
K 1197 O
R 1271 O
R 1114 S
R 1077 O
R 1032 O
R 887 O
R 709 S
R 705 S
R 179 O
K 442 O
K 359 S
R 1850 O
R 1551 S
R 682 S
R 361 O
K 1672 O
K 1361 O
K 968 S
K 961 S
R 1957 S
R 1915 O
R 1388 O
R 1385 S
R 1343 O
R 1035 O
R 190 O
K 1968 O
K 1829 O
K 1465 O
K 1441 O
K 1199 S
K 790 S
R 1725 O
R 719 S
K 1536 O
K 1424 S
K 699 O
K 299 O
R 1805 O
R 1548 O
R 911 O
R 885 O
R 775 O
R 458 S
K 1731 O
K 102 S
R 1640 O
R 488 S
R 418 O
R 180 S
R 47 S
K 1486 O
K 631 S
R 1740 S
R 1169 O
R 901 S
R 773 S
R 357 S
R 266 S
K 1727 O
K 829 S
K 379 O
R 1969 O
R 1947 S
R 600 S
R 320 O
K 1838 O
K 1707 S
K 933 O
K 756 S
K 687 O
R 828 O
R 369 S
K 1233 S
K 1167 S
K 615 S
K 519 O
K 433 O
K 308 S
R 245 O
R 117 S
K 1568 O
K 971 O
K 340 S
R 1944 S
R 1765 O
R 927 O
K 1843 S
K 361 O
K 8 O
R 1557 O
R 1550 S
R 855 O
R 151 S
K 1426 S
K 884 S
K 488 O
K 424 O
K 342 S
R 1630 S
R 308 O
K 429 O
K 168 S
R 574 O
R 260 S
K 1761 O
K 1755 S
K 1007 S
K 906 S
K 841 S
K 190 O
R 1907 O
R 538 S
R 10 S
K 627 S
K 452 S
K 345 S
K 250 O
K 103 S
R 1628 S
R 1597 S
R 1234 S
R 1101 O
R 902 O
R 329 S
R 156 S
R 42 O
K 1872 S
K 1711 O
K 1558 O
K 1485 O
K 1402 O
K 414 S
R 1297 S
R 1003 O
R 707 S
K 1718 S
K 1196 S
K 1182 O
K 886 O
K 857 S
K 682 O
K 505 S
K 371 O
R 1932 O
R 1289 S
R 1191 S
R 1091 O
R 85 S
R 44 S
K 1816 S
K 1617 O
K 1312 S
K 1205 S
K 969 S
K 822 S
K 409 S
K 47 S
R 1965 S
R 1124 S
R 398 O
K 1061 S
K 403 S
K 402 S
K 296 S
K 196 O
K 162 O
R 1995 S
R 1528 S
R 929 O
K 1826 S
K 1358 S
K 1080 O
K 537 S
K 160 S
R 573 O
R 232 S
R 84 S
K 1975 O
K 1849 O
K 1774 O
K 1697 O
K 1506 O
K 813 S
K 681 O
K 309 O
R 1641 S
R 1614 O
R 259 O
K 1988 S
K 1747 S
K 1040 O
R 1249 S
R 1187 S
R 1115 O
R 625 S
R 613 S
R 563 S
R 338 S
K 1815 O
K 742 S
K 484 O
K 50 O
R 1989 O
R 1901 S
R 1072 O
K 1830 O
K 931 O
K 847 S
R 1270 O
R 214 S
K 1905 O
K 982 O
K 714 S
K 464 O
K 143 S
R 1500 S
R 1244 O
K 1416 S
K 1399 O
K 1082 O
K 957 O
K 198 S
R 1046 O
R 948 S
K 1071 S
K 378 O
R 1688 O
R 409 S
R 297 O
K 1828 S
K 804 O
K 565 O
K 398 S
R 1159 S
R 1006 O
R 783 O
K 1674 O
K 1406 S
K 1362 O
K 603 S
K 536 S
K 526 O
R 1710 S
R 1620 O
R 1434 O
K 1949 O
K 1518 O
K 1497 O
K 1400 O
K 850 O
K 550 S
K 328 S
K 283 O
K 268 O
K 148 O
R 1807 S
R 1513 O
R 1349 S
R 986 O
R 578 S
K 1834 O
K 797 S
K 777 S
K 287 S
R 1870 S
R 1835 O
R 1818 S
R 1790 S
R 1581 S
R 1573 S
R 1441 O
R 876 O
K 1885 O
K 1476 O
K 940 S
R 1886 S
R 1494 S
R 1056 S
R 234 O
R 184 O
R 154 O
R 40 S
K 1876 O
K 1583 O
K 1542 S
K 1446 O
K 588 S
K 474 S
K 152 O
R 1813 S
R 1545 S
R 1473 O
R 1435 O
R 437 O
K 1328 O
K 1240 S
K 43 S
R 1752 S
R 1615 S
R 1233 S
R 1133 S
R 601 O
K 1638 O
K 1192 S
R 614 S
R 534 S
R 491 O
K 1601 S
K 628 S
K 221 O
R 1633 S
R 1526 S
R 1252 S
R 641 O
R 595 S
K 1190 S
K 263 O
K 64 S
R 1748 S
R 1151 S
R 737 S
R 486 O
K 1495 O
K 949 S
K 453 O
R 1308 O
R 685 S
K 1029 S
K 144 O
R 700 S
R 670 O
R 324 O
R 197 S
K 1609 O
K 1375 S
K 405 S
R 1840 S
R 1305 O
R 730 S
R 54 S
K 1339 S
K 200 O
R 1606 S
R 1200 O
R 1163 O
R 1083 O
R 446 O
K 1098 S
K 890 O
R 1984 O
R 1763 S
R 1517 S
R 1268 O
R 1147 O
R 933 O
K 1723 S
K 984 O
K 800 O
K 730 O
K 557 S
K 23 S
R 1478 O
R 1314 S
R 1261 O
R 1154 O
R 1071 O
R 1042 O
R 782 O
R 380 O
K 1739 O
K 1046 S
K 952 O
R 1845 S
R 1097 S
R 1024 S
R 1018 O
K 1430 O
K 120 S
R 1470 S
R 220 O
K 1936 S
K 1901 S
K 1551 S
K 1237 O
K 1137 O
K 989 O
K 880 S
K 444 S
K 387 S
K 343 O
K 318 S
K 22 S
R 1542 S
R 973 O
R 445 S
R 299 O
R 121 S
R 32 O
K 916 O
K 671 S
R 1991 O
R 1334 O
R 1253 O
R 807 O
R 604 O
R 348 O
R 322 S
R 280 S
K 1823 S
K 1255 O
K 1101 O
K 814 O
R 1884 S
R 863 O
R 286 S
K 1434 O
K 1025 O
K 463 S
K 85 O
R 1231 S
R 1144 S
R 1039 S
R 411 O
R 368 S
R 363 S
R 276 S
R 124 S
K 1742 S
K 1516 S
K 1246 S
K 1211 S
K 544 S
K 31 O
R 888 O
R 494 S
R 291 S
R 128 S
K 1799 S
K 1664 S
K 437 O
K 319 S
K 266 O
K 191 O
K 36 O
R 1707 O
R 732 O
R 377 S
K 1907 O
K 1527 S
R 1940 S
R 1540 S
R 1148 O
R 543 S
R 508 S
K 1836 O
K 1462 O
K 1433 O
K 738 S
K 710 O
K 2 O
R 1754 S
R 1539 S
R 1273 S
