3997
R 1628 C
R 578 F
R 427 X
K 52 D
R 905 K
R 70 Y
K 116 M
R 174 C
K 1531 D
R 1508 D
R 1462 B
R 588 G
K 1770 F
K 1520 M
K 1235 M
K 702 L
K 308 M
R 287 P
K 1952 T
K 643 I
R 1301 X
R 1237 U
R 1137 P
K 1985 Y
K 1147 U
K 558 F
R 1685 A
R 1514 H
R 1381 B
R 1187 K
K 71 D
R 625 M
K 747 T
R 720 H
K 309 K
R 1947 R
R 1818 A
R 1576 I
R 1418 V
K 1249 M
K 1038 Y
K 507 A
K 413 C
K 326 V
R 1224 R
R 822 X
R 209 U
K 1096 M
R 1787 G
R 1375 S
K 646 M
K 546 Z
K 422 X
R 1267 E
R 634 D
K 375 S
R 1997 I
R 1491 Z
R 1458 S
K 987 C
K 685 J
K 523 L
R 203 E
K 1745 O
K 1348 O
R 1421 M
K 656 J
K 396 D
K 258 O
R 1539 I
K 1012 C
R 1727 V
R 1500 L
K 1772 V
K 1769 L
K 1028 M
R 1057 X
K 762 W
R 574 O
R 45 O
K 1542 T
R 1967 K
R 363 G
K 1183 V
K 586 J
R 1219 I
R 179 C
K 1309 V
K 1137 Z
K 980 S
K 154 L
K 131 R
K 82 B
R 1041 I
K 902 Y
K 86 H
R 1956 J
K 1883 R
K 974 S
K 453 U
R 933 L
K 697 E
R 1676 R
R 819 R
K 1845 R
K 1543 I
K 579 O
R 1856 V
R 1210 Q
R 1075 F
R 587 Y
R 501 T
K 1490 H
K 196 P
R 1680 Z
R 527 S
K 1570 P
K 1532 X
K 1356 D
K 200 F
K 187 S
R 1772 P
R 428 S
K 66 B
R 1148 H
R 195 Z
K 1449 G
K 824 I
R 1604 V
R 1522 B
R 986 O
R 756 W
R 672 Z
R 534 N
R 231 M
K 818 I
R 1364 B
R 1323 N
R 755 P
K 373 M
R 1575 D
R 1361 T
R 330 O
K 1020 E
K 856 R
R 1524 V
R 254 B
R 227 Q
K 1481 U
K 1194 B
K 742 Y
K 232 D
R 1610 C
R 1461 J
R 649 J
R 105 Z
K 1809 S
K 378 J
R 1625 T
R 347 X
K 300 H
R 1303 Y
R 1223 D
R 439 F
R 1 S
K 245 U
K 191 W
R 1873 D
R 910 K
R 561 Z
K 1796 Q
K 1503 H
R 1525 D
R 1090 C
R 565 T
K 1572 F
R 562 Y
K 1980 U
K 1217 I
K 798 W
K 729 B
R 1964 Z
K 435 G
R 1656 Q
R 234 X
K 1600 Y
K 1398 Q
K 658 A
K 490 U
R 1316 E
K 1410 T
R 502 A
K 1891 U
K 1678 L
K 1516 O
R 615 F
K 1795 T
K 6 Y
R 1778 B
R 1295 C
R 375 F
K 678 P
K 662 Y
R 710 Y
R 63 L
K 1216 L
K 476 D
R 552 F
K 144 P
R 1828 T
R 1816 J
R 415 R
R 202 X
R 111 G
K 193 I
R 1247 M
K 1304 O
K 776 A
K 439 L
R 997 U
K 217 L
R 1935 X
K 1870 F
K 1509 V
K 1447 I
K 1164 F
K 322 Q
R 321 Y
K 782 W
R 624 S
K 1917 C
R 1796 V
R 1099 F
R 800 C
K 522 T
R 1305 E
R 953 P
R 704 F
K 1291 L
K 1264 Y
K 1068 H
R 1543 D
R 125 G
K 1846 N
K 1502 O
K 1339 P
K 356 B
R 1785 V
R 1019 N
R 904 R
K 1177 L
K 850 N
K 673 J
R 631 R
K 488 Q
R 1504 W
R 1326 A
K 1962 S
K 1802 D
K 1774 L
K 1250 R
K 728 F
K 635 U
K 418 S
K 367 D
K 117 T
R 1498 I
K 794 F
R 1779 J
K 1109 C
K 935 W
R 1648 T
R 1195 D
R 528 Y
K 751 U
R 1258 M
R 310 C
K 847 P
R 1260 N
R 51 F
K 1790 H
K 1702 A
R 1891 B
R 1290 Q
R 245 X
K 1146 Q
K 329 Z
R 354 W
K 1905 Q
R 1993 E
R 424 C
R 36 L
K 1161 A
R 1620 S
R 996 N
R 117 A
K 1903 U
R 1726 A
R 1382 M
K 1919 W
K 590 O
K 175 S
R 1201 Y
R 524 C
K 1901 Z
R 1710 I
R 1559 L
K 1433 H
K 1341 V
R 1194 A
R 778 G
R 349 S
R 80 E
R 32 I
K 1523 W
R 945 R
K 1165 M
K 661 U
R 1664 V
R 1110 C
R 1042 X
R 858 F
R 676 H
K 1927 Z
K 1179 V
R 1010 V
R 556 G
K 1031 D
R 947 R
R 581 X
K 1908 G
R 214 G
R 79 I
K 1460 N
R 715 Z
K 43 H
R 764 J
K 127 Y
R 1124 P
K 16 X
R 1398 P
K 746 J
K 452 E
R 1917 K
K 1704 G
K 1461 K
K 360 K
K 297 X
R 312 V
K 1966 W
R 1844 R
R 1781 L
R 623 P
R 514 O
K 1776 J
R 1319 C
K 1299 K
R 883 P
K 1687 L
K 1524 I
K 927 T
K 101 Z
R 1181 D
K 1857 F
K 259 V
K 207 M
R 1894 V
R 1220 V
R 28 C
K 1506 Q
R 1858 A
K 675 Z
R 1788 Q
K 1322 X
R 1473 R
K 1951 C
K 1458 E
K 870 C
K 827 R
K 461 H
R 1368 C
R 1030 K
R 944 W
K 1369 D
R 1102 O
R 1089 E
R 541 T
R 421 P
K 1878 Z
R 622 G
R 114 U
K 1897 D
K 1755 M
K 1422 Q
R 1887 H
R 1868 X
R 1087 O
R 138 Z
K 1838 O
K 1269 R
K 1206 V
K 1086 V
K 1040 G
K 407 P
K 281 X
R 1954 N
R 635 X
K 990 C
K 120 C
R 559 T
K 1652 N
R 1516 A
K 425 F
R 638 G
R 54 C
K 1294 P
K 1286 U
K 1258 C
K 1205 R
R 1893 N
R 1731 R
R 1605 A
R 877 M
R 766 I
R 68 J
K 1831 S
K 426 V
R 1723 B
K 230 X
R 973 H
K 844 C
K 775 C
R 999 A
R 911 Q
R 765 N
K 1644 X
K 933 U
R 1230 S
K 497 P
K 65 S
R 1825 W
R 1452 X
K 1130 J
K 168 I
R 1652 G
K 1721 J
K 203 S
R 384 A
K 1039 Z
R 1834 Q
R 1561 Y
R 1344 I
R 700 D
K 1112 G
K 687 T
R 1374 V
K 1759 T
R 1485 D
K 1233 J
R 1998 W
R 1033 S
K 266 F
K 78 V
R 1479 X
R 284 J
K 1977 V
R 494 T
K 1188 X
R 499 I
K 1525 P
K 1023 I
K 1005 U
R 1164 F
K 1129 V
K 832 A
K 543 L
R 828 M
K 1885 P
K 842 X
K 745 Y
R 1399 G
K 1849 Z
R 1864 U
R 23 R
K 1706 G
R 1126 S
R 267 R
K 1955 D
K 996 L
R 1310 J
R 472 O
K 1804 K
R 1198 R
K 44 Z
R 1924 G
K 1003 D
K 690 E
K 603 M
K 68 Z
R 1249 J
R 1018 J
K 1094 U
K 803 L
R 37 N
K 1999 P
K 208 K
R 898 H
R 886 F
R 163 J
K 1222 S
R 1718 W
R 834 X
R 763 E
K 254 X
K 136 J
R 1556 L
K 1861 P
K 654 S
K 256 Z
R 1490 F
R 789 E
R 508 Q
R 432 H
R 348 F
K 243 N
R 1506 Q
R 1499 X
K 1998 T
K 1863 E
K 1635 R
R 1889 Y
K 1979 W
K 1181 C
K 169 K
R 320 A
K 525 B
R 1009 R
K 288 G
R 1049 H
R 627 E
K 222 E
K 39 P
R 1805 Y
R 381 G
R 367 E
R 132 U
R 91 L
K 149 I
R 1275 D
R 252 M
R 223 L
K 1289 B
R 1251 F
R 1250 E
R 1183 O
R 186 U
K 1890 Z
R 1357 E
R 750 U
K 1824 O
K 1342 E
K 1008 X
K 700 D
K 436 L
K 17 V
R 1877 O
R 1619 K
R 38 K
R 30 W
K 1345 D
R 895 Y
K 1193 C
K 592 E
R 338 O
K 1540 W
K 1032 I
K 840 P
K 703 A
K 514 K
R 1377 N
R 188 Z
K 644 H
K 597 G
R 1494 S
R 881 P
K 400 E
R 1754 L
K 1565 J
K 128 W
K 26 E
R 846 P
K 1736 T
R 496 W
R 128 H
K 1844 G
K 1340 Y
K 608 K
R 1336 J
K 306 U
R 699 Q
K 671 K
K 132 N
R 1698 J
R 398 F
R 364 S
R 41 L
K 1363 C
R 62 S
K 884 X
K 411 K
K 147 U
R 1862 B
K 755 X
K 391 Q
R 1776 E
R 824 A
R 270 Z
R 53 N
K 1330 Q
R 1448 H
K 1529 L
R 775 E
R 142 Z
K 1694 B
K 1604 E
K 332 K
R 928 T
R 908 L
K 1156 I
K 714 R
R 1549 S
K 894 A
R 664 G
K 1898 Y
K 409 R
R 924 D
K 1915 S
K 218 I
R 146 L
K 95 Z
R 433 N
R 414 K
K 719 B
K 585 H
R 1369 M
R 796 J
K 626 L
R 1588 J
R 1317 P
R 1307 L
R 1175 L
R 1140 E
R 961 S
R 870 D
R 669 B
R 492 V
K 1765 N
R 435 F
R 103 N
K 303 B
R 1105 V
K 1557 K
K 806 X
R 61 D
K 1376 W
K 1018 V
K 549 U
R 1359 M
R 1144 Z
R 787 O
R 107 I
K 973 B
K 455 S
R 1222 H
K 1349 Y
R 1562 W
R 519 U
R 328 N
R 6 J
K 244 O
K 229 T
R 1385 O
R 1279 A
K 401 W
R 418 Y
K 1868 R
K 1737 E
K 1197 D
K 912 I
K 778 T
K 767 K
K 442 X
K 431 Q
K 90 M
R 1438 F
R 1308 G
R 1112 R
R 372 R
R 27 P
K 1455 A
K 1427 B
K 1088 J
K 312 C
R 647 P
K 1787 K
K 1612 O
K 364 V
R 1509 S
R 226 A
K 1892 Z
R 1669 I
K 1761 Y
K 1124 W
K 479 H
R 446 K
R 261 O
K 1843 Q
K 1437 J
K 1362 J
K 857 G
K 170 D
R 1932 X
R 390 F
K 508 J
R 1147 W
R 641 S
K 1285 O
R 712 I
K 1720 K
R 1439 N
R 302 M
K 33 S
R 1094 I
K 1780 G
K 629 I
R 1700 S
R 786 C
K 1726 H
K 1654 Z
K 1401 V
K 250 B
R 1058 L
K 1764 J
K 584 W
R 1492 U
R 1044 Y
R 21 F
K 181 D
R 1594 Y
R 1080 J
R 282 L
K 1323 K
R 1078 U
R 151 I
R 74 R
R 66 G
K 1444 D
R 1263 T
R 1098 J
R 207 V
K 1357 W
K 209 U
R 1043 R
R 166 I
K 1584 R
K 372 F
R 879 O
K 1673 Y
R 1131 S
K 1989 Y
K 1187 V
K 907 T
R 1109 A
R 728 D
K 1963 T
K 416 E
R 690 O
K 1467 H
R 1876 E
K 1609 U
K 1436 T
K 822 R
K 580 N
K 451 X
R 1179 P
K 941 E
K 440 B
R 1617 K
K 737 L
K 75 Z
R 25 Y
K 1136 M
K 235 V
R 1914 H
R 849 C
K 1300 S
R 912 B
K 1808 V
K 1113 B
K 342 B
R 702 Z
R 518 M
K 783 U
R 1530 U
R 294 F
K 1521 W
R 1969 J
R 1289 A
R 579 G
K 1252 Y
R 1128 H
K 958 I
R 943 Y
R 143 A
K 1135 J
R 1443 V
R 844 L
R 674 B
K 607 G
K 113 V
R 1672 Y
K 1958 B
K 1599 X
R 1690 Q
R 1573 L
R 1069 C
K 1201 K
R 1812 V
R 1203 Q
R 277 B
K 403 O
K 246 E
R 1929 I
R 1729 G
R 1246 Q
R 532 C
K 513 X
K 289 Q
K 84 Z
R 1585 A
R 901 Q
K 789 X
K 625 V
R 1040 G
K 1556 E
K 1537 W
K 1473 Y
K 1198 X
K 1192 Y
K 829 Y
K 285 P
K 180 M
R 730 A
K 1387 X
K 955 S
R 1173 P
R 823 O
K 1558 O
K 908 W
R 1668 C
K 1382 Y
R 1851 L
K 1899 T
R 1106 W
K 750 Y
R 1351 E
R 1150 F
R 948 E
K 1381 P
R 1789 K
R 1239 W
R 475 S
K 874 K
K 860 G
K 248 G
R 1637 F
R 1568 W
R 429 O
K 1786 X
K 1620 F
K 669 B
K 338 T
R 399 Y
K 1695 H
R 1630 G
R 164 C
K 446 M
K 424 T
R 741 L
K 1990 B
K 38 V
R 469 I
K 1459 U
R 1204 U
R 743 L
K 1645 R
K 1350 W
K 369 E
R 1600 J
K 993 S
K 433 F
R 464 I
K 161 E
R 431 L
K 926 S
R 1409 N
K 388 S
R 1933 I
R 272 S
K 174 F
R 1212 S
K 1664 H
R 732 J
K 1777 E
R 1007 K
K 959 A
K 22 P
R 1827 T
R 1823 Z
R 1749 R
R 1265 K
R 721 V
K 1489 P
K 655 L
K 23 I
R 1205 M
R 445 T
K 810 W
K 482 Q
R 594 R
R 247 X
K 213 N
R 1841 V
R 1769 W
R 1430 Y
R 1383 X
R 923 R
R 259 Z
R 124 O
R 7 X
K 1535 M
K 636 P
K 417 W
R 892 G
K 173 A
R 1372 D
R 378 A
K 1757 M
K 1734 S
K 1666 X
K 1317 B
R 658 K
K 1478 L
K 1443 Z
K 1310 J
K 414 Z
R 722 W
R 687 F
K 1393 F
K 471 G
R 1113 M
R 493 F
R 405 F
R 238 Q
K 1696 Q
K 58 K
R 175 H
K 1840 H
K 1660 W
R 1845 R
K 922 Y
R 1830 N
R 1394 Y
R 1190 R
R 723 Y
K 895 Q
R 1463 K
R 1005 S
K 1163 V
R 1886 Q
K 1438 S
K 77 G
R 1916 M
R 1716 C
R 1670 V
R 1054 K
R 602 H
R 404 E
R 65 C
K 1160 F
K 848 Q
R 1738 L
K 392 O
R 1940 W
K 1511 K
R 271 B
K 1910 Y
R 225 B
K 252 Q
R 1593 M
K 1816 E
K 628 T
R 172 S
K 1930 T
K 1832 Z
K 611 O
R 1888 K
R 1815 Z
R 1632 L
R 1209 X
R 1132 H
R 978 L
R 716 P
R 713 G
R 681 V
K 1665 G
K 1145 W
K 873 I
K 589 D
R 1863 Z
R 817 O
K 1742 J
R 1939 A
K 1830 G
R 1692 P
R 1547 X
K 163 W
R 1050 M
K 566 K
K 511 N
R 228 R
K 421 L
R 1579 I
R 1311 M
R 707 F
K 1813 G
K 1268 U
K 1226 V
K 1208 Q
K 1122 K
K 681 A
R 1253 I
K 591 D
R 229 J
R 31 D
K 1937 N
K 1580 B
R 1038 C
K 1708 H
K 924 T
K 470 B
R 471 Q
R 419 E
R 162 Q
K 1475 B
K 1131 N
K 291 O
R 288 D
K 1329 B
K 430 E
R 1486 G
R 1432 T
R 1285 N
K 1740 D
K 1692 E
K 1110 F
K 994 C
K 73 Q
R 1861 U
K 1239 B
K 903 D
R 580 O
R 205 H
K 1327 Z
K 370 N
R 1532 U
R 115 R
K 290 M
R 1736 Z
R 1350 S
K 286 O
R 867 J
K 1496 J
K 563 U
K 485 C
R 1441 Q
R 1302 L
K 1273 D
K 748 V
K 713 G
K 405 H
R 1273 W
R 92 G
K 1453 A
K 178 U
R 1297 P
R 808 N
K 294 U
R 167 Y
K 570 O
R 994 L
R 770 H
R 487 Q
R 482 F
K 1259 P
R 1681 G
R 1107 M
K 1328 E
K 1254 I
K 869 Q
R 705 B
R 273 F
K 357 L
R 1277 X
K 1314 K
K 925 V
K 307 E
R 1943 D
R 1704 H
R 1278 U
K 1865 S
K 1814 K
K 443 O
R 1719 P
K 1768 F
K 1574 Y
K 788 L
K 734 P
R 194 N
K 1586 B
K 877 T
R 337 A
K 397 X
R 497 N
K 915 F
R 408 Y
K 1981 S
K 530 C
R 1945 F
R 1574 U
R 1367 U
R 1334 R
R 903 M
R 495 A
R 283 B
R 217 Z
R 86 U
R 71 J
K 1454 I
K 991 K
K 688 M
K 427 Y
R 739 L
K 434 T
R 1197 U
R 148 O
K 859 V
R 891 J
K 1301 J
K 1230 L
K 270 Q
R 1292 Q
R 110 K
R 84 Y
K 1690 M
K 836 M
R 336 E
K 390 A
R 1639 V
K 800 R
K 41 H
R 1014 F
K 63 T
R 1677 O
K 672 T
K 267 B
R 1517 G
K 1288 B
K 1127 M
R 860 D
K 1100 K
R 521 O
K 1828 I
K 1732 Y
R 697 V
K 1284 Y
R 965 N
K 1626 Q
R 1031 W
K 1909 R
K 1528 J
R 332 G
K 1174 L
K 920 P
K 118 V
R 1752 B
K 1983 T
K 1552 B
K 730 J
R 1513 S
R 403 J
K 1841 I
K 1735 Q
R 72 B
K 1889 Y
K 188 S
R 1216 I
R 308 W
K 1661 I
K 1633 G
K 1099 U
R 1987 C
R 1820 D
R 52 P
R 22 R
K 768 F
R 292 T
K 1852 A
K 1545 C
K 395 R
K 150 V
K 148 Y
R 1318 G
K 976 O
R 1995 R
R 11 O
K 1595 Z
R 1966 U
R 878 E
K 143 T
R 654 Z
K 1608 D
R 971 U
R 954 J
K 1879 M
K 1587 V
K 653 O
K 501 H
K 428 H
R 1493 A
K 1429 Z
R 1741 C
R 1020 R
R 616 P
K 1564 W
K 1242 R
R 677 N
K 1707 B
R 977 H
K 1993 K
R 1065 Q
R 566 S
K 1168 W
K 537 J
R 1035 S
K 1823 R
K 1632 S
K 1602 Z
K 1318 M
K 660 S
R 276 D
K 1793 Y
K 1548 L
R 760 T
K 362 D
R 542 A
K 1934 H
K 1718 D
K 1675 D
K 1030 M
K 368 J
K 130 Q
K 92 X
R 1965 R
R 1725 D
R 1304 E
R 893 L
R 198 O
R 180 Z
K 883 Q
K 231 G
R 1515 H
R 1261 C
K 843 G
R 1809 Z
K 686 Q
R 1920 J
R 1217 O
R 790 N
K 1431 E
K 1400 X
K 897 Z
K 619 M
R 1337 Y
R 1322 F
K 1766 R
K 1152 V
K 539 U
R 1712 E
K 56 L
R 1460 B
K 1076 W
R 1533 G
R 1406 R
R 416 M
R 211 I
K 962 F
K 302 H
R 1550 M
R 479 N
K 1462 W
R 1100 W
R 629 A
R 458 H
R 306 W
K 1337 J
R 598 E
R 147 C
R 113 I
K 2000 X
K 1847 T
K 1544 Z
K 1236 A
K 649 S
K 34 W
R 685 G
K 1819 K
K 500 G
R 1362 Z
K 1716 I
K 957 N
R 918 M
R 16 S
K 1457 B
R 1994 A
R 1878 T
R 1702 W
R 1603 F
R 1555 O
R 1182 D
R 818 Y
R 17 Z
K 1728 M
K 1617 O
K 1087 C
K 1082 L
K 1075 Z
K 965 S
K 349 Y
K 76 U
R 1944 R
R 1857 K
R 845 S
R 648 Q
R 586 F
R 14 D
K 1052 H
K 336 J
R 1039 X
R 473 X
R 426 Y
K 1642 J
K 1607 T
K 1066 I
K 852 Z
R 1849 Q
R 717 Q
K 1691 J
R 1120 F
R 749 X
K 982 G
K 265 U
R 26 T
K 1630 J
K 529 C
R 1259 P
R 1160 N
R 757 U
K 1916 A
R 885 M
R 480 P
K 50 Y
R 149 H
K 1287 P
R 1666 Q
R 832 S
R 813 O
K 1797 Z
K 1662 M
R 1912 S
R 1471 P
R 1245 H
R 371 U
K 615 Q
R 176 G
K 1938 N
R 1455 N
R 160 U
K 1922 J
K 1474 J
K 1335 Y
K 740 C
K 562 U
R 1162 S
K 1946 E
R 1312 N
K 377 I
K 53 Z
R 1644 X
K 1689 F
K 1004 L
R 313 R
K 1677 W
K 1671 R
K 505 R
K 432 F
K 420 Y
K 225 B
R 1373 W
R 998 V
K 956 I
R 942 V
K 1581 O
K 1432 K
K 371 W
R 888 V
K 1355 F
K 573 T
K 112 Z
R 914 L
K 1657 G
K 31 N
R 1922 P
R 874 X
R 121 G
K 516 R
R 1659 D
K 1921 A
K 1686 A
R 1733 L
K 978 Y
K 275 W
R 661 C
K 515 C
K 298 F
R 1431 M
R 719 J
R 462 I
R 222 A
R 47 H
K 1723 Y
R 1592 C
K 223 B
R 1879 E
R 1266 H
K 1751 F
K 1518 T
K 1445 C
K 961 W
R 1435 D
R 329 B
K 1408 T
R 1047 R
K 666 E
R 1900 O
R 1777 G
R 1104 P
K 1785 O
K 1213 K
R 1141 U
R 815 Y
K 1950 I
K 538 I
K 104 P
R 1056 Y
R 232 F
K 1741 R
K 460 V
R 165 M
K 1771 A
R 1647 S
R 299 X
K 648 N
R 1759 Y
R 1689 R
R 1097 J
R 1072 W
R 187 Z
K 792 K
R 1457 V
R 1343 U
R 567 D
R 505 M
R 206 O
K 1681 P
K 155 M
R 1404 H
R 387 H
K 753 C
K 380 A
R 1730 I
R 1053 G
R 936 D
R 457 C
K 1315 O
R 1650 O
R 1165 B
R 1077 J
R 444 E
K 1281 Z
K 1001 B
R 1811 S
R 1660 J
K 1499 J
K 1059 R
K 1007 T
K 696 R
K 640 N
K 352 Q
R 601 K
R 571 A
K 1185 U
K 797 E
R 866 X
K 1402 D
R 1955 B
R 1004 L
K 1456 I
R 1349 Z
K 791 P
R 401 V
K 833 C
R 1792 R
R 233 Q
K 1377 V
R 1108 G
R 134 P
K 1009 I
K 699 N
R 599 U
R 250 X
K 1162 T
K 952 O
K 799 R
R 1122 N
K 1684 S
K 939 G
K 633 E
K 359 U
R 689 E
R 520 D
R 129 F
K 197 W
R 1824 K
R 1808 U
R 131 U
K 1753 A
R 1952 C
K 495 P
R 1051 Y
K 1821 P
K 1270 W
K 816 E
R 1419 G
K 1954 J
K 1648 Y
R 96 C
K 727 T
R 1850 H
R 876 K
K 1399 P
R 1407 V
R 938 L
R 758 T
K 1974 T
K 1911 V
K 1752 D
K 593 R
K 347 V
R 1686 Z
R 1300 I
R 660 Z
K 1933 Y
K 1492 W
K 510 C
R 1003 K
K 771 P
R 1447 M
K 1826 B
R 1904 O
K 1311 W
K 1212 V
K 1095 W
K 909 L
K 845 P
K 226 R
R 1756 B
R 695 I
K 494 B
K 361 P
R 1608 H
R 1218 Q
K 1021 A
R 1352 U
R 1211 B
R 56 K
K 456 V
R 44 I
K 1255 A
K 968 V
R 1086 V
R 890 I
K 1956 J
K 942 I
R 1365 U
R 915 H
R 776 K
K 1578 D
R 1333 Z
K 277 D
R 1806 U
R 1633 F
K 871 Q
K 623 O
K 177 K
R 1125 S
K 876 M
K 15 L
R 1799 K
R 1714 I
R 1294 Y
R 1028 Z
R 200 T
K 1729 I
K 1371 Q
K 1290 V
K 600 U
R 670 E
K 1894 B
K 345 J
R 239 R
K 1563 O
R 1836 Z
K 1067 M
K 676 O
R 1638 M
R 1199 O
K 665 T
R 1554 H
R 549 W
K 1906 Z
K 1092 P
K 983 J
R 857 U
K 1884 P
K 1421 R
K 1210 A
K 1182 Q
K 555 Q
K 502 D
R 988 E
K 87 J
R 1699 P
K 1655 M
K 1539 M
K 811 K
K 741 T
K 498 W
R 451 Y
K 1324 M
K 137 N
R 1819 C
K 1514 C
K 831 L
K 110 T
R 1784 Y
R 1744 K
R 1537 O
R 1189 T
R 449 T
K 1763 Z
K 587 O
R 606 L
R 395 V
K 765 S
R 1832 B
R 1045 S
K 1842 E
R 1339 J
R 582 J
K 1576 E
K 910 L
K 247 X
R 769 Y
R 183 P
K 1119 O
K 45 K
R 1535 Q
R 1445 X
R 181 R
R 109 S
K 1923 F
R 1697 J
R 1184 S
K 1298 K
K 521 D
R 585 H
K 1942 C
K 1417 Y
K 692 U
R 1838 E
K 1712 Q
K 1293 F
K 1085 K
R 1293 Y
R 253 M
K 1508 A
R 1977 A
R 939 I
K 271 Q
R 673 V
K 1667 N
R 701 S
K 1811 K
R 123 F
K 930 H
K 668 V
R 761 L
R 466 W
K 249 J
R 1476 B
R 1444 O
R 1391 J
R 934 K
R 806 K
R 237 T
K 284 U
R 1606 F
R 909 U
R 150 O
K 1549 G
K 886 U
R 1991 A
R 1453 H
R 185 L
K 1125 Z
K 1098 Y
K 527 B
K 444 Q
K 151 Z
R 1544 O
K 882 I
R 985 K
K 1798 M
K 1336 C
K 704 K
K 264 Y
R 1753 W
K 1057 E
R 1332 V
R 531 Q
K 813 T
R 1649 I
R 851 N
R 342 K
K 1748 I
K 1622 K
K 1414 V
K 1396 B
K 977 R
K 545 J
R 43 A
K 1611 C
K 1079 K
K 717 D
R 547 W
K 1500 V
R 946 M
R 931 C
K 1949 D
K 1912 T
K 1730 A
K 1405 T
R 1693 V
R 1225 T
K 638 Q
R 1962 Q
R 467 H
K 157 A
R 1859 C
R 1468 K
K 1975 E
K 1867 Z
R 1684 F
R 887 B
R 668 E
R 323 I
K 999 T
K 880 D
R 1193 M
R 483 E
K 1232 G
R 307 F
K 1858 L
K 119 L
R 835 F
K 1263 Y
R 1597 O
R 1067 W
R 816 A
K 162 Y
R 1925 G
R 1760 J
R 296 V
K 599 K
R 1129 O
R 544 G
R 104 S
K 770 Y
R 1560 W
R 1405 N
R 748 C
K 804 A
R 1370 D
K 568 T
K 327 F
R 1423 A
R 1328 V
R 838 M
K 1829 X
K 1569 W
K 1470 N
K 1305 F
K 790 H
K 509 G
R 1999 Z
K 1159 Y
K 1116 P
R 1705 S
R 1643 B
K 341 A
R 656 U
K 351 S
R 1207 D
K 1266 H
K 1204 M
K 923 L
K 406 Z
R 1416 E
K 1365 N
R 1673 O
R 759 R
R 434 N
R 85 F
K 1111 V
K 512 Z
R 837 D
K 861 O
K 736 B
R 1703 R
R 583 L
K 1597 Z
K 353 D
K 80 J
K 60 T
R 1803 C
K 569 E
K 238 E
K 215 F
R 1545 G
R 780 N
R 122 C
K 1651 O
K 839 X
K 542 R
R 1611 D
K 1918 J
K 602 J
K 358 M
R 1143 H
R 4 N
K 142 Y
R 1750 N
K 67 V
R 279 O
K 1747 G
K 1107 T
K 1013 U
R 1412 Q
R 318 Q
K 1442 L
K 1170 E
K 862 N
K 412 V
R 1717 K
R 1036 D
K 1072 B
K 547 L
K 323 J
R 1531 L
R 738 S
R 490 U
K 1590 K
K 1065 O
R 1596 M
K 1425 K
K 467 C
R 1831 F
K 967 E
K 314 C
K 18 Y
R 1330 O
R 1121 J
K 1792 Z
R 1469 F
R 1093 Y
K 1419 H
K 888 T
K 582 T
R 1901 K
R 154 S
K 889 M
K 7 T
R 1103 K
K 115 S
R 572 I
K 618 R
K 469 N
K 404 I
R 1059 S
K 1420 U
K 960 O
K 211 B
R 1802 J
R 955 O
K 1834 R
K 1370 G
R 1505 O
R 596 H
K 315 X
R 1713 F
R 443 D
K 1391 Z
R 1786 D
K 1957 K
R 1837 B
R 1614 G
R 1015 O
K 1486 A
K 821 D
K 478 Y
K 9 R
R 1814 S
R 1465 O
K 1140 T
R 1970 N
R 1200 W
K 1984 M
K 1854 M
K 774 C
R 106 S
K 1944 T
K 1683 Y
K 1593 Q
K 280 X
R 1191 T
R 133 X
K 1219 Z
R 753 P
K 122 E
R 1157 S
K 458 X
R 1870 G
R 412 G
K 1724 E
K 866 K
K 402 X
R 1256 Q
K 1358 A
R 653 M
K 337 Q
R 413 J
R 316 N
K 1579 X
K 595 G
R 503 Y
K 484 M
R 1930 A
R 1114 R
R 979 L
R 577 Z
R 507 D
K 1986 K
R 1136 T
R 993 A
R 545 P
R 536 S
R 506 Q
R 216 W
K 1325 B
K 1172 A
K 693 N
K 282 I
R 1898 W
K 13 D
R 1355 C
R 630 S
K 1411 P
R 1923 Y
K 1247 E
R 1867 U
R 1598 W
R 1274 Y
R 1272 Y
R 688 L
R 410 U
R 343 R
R 285 R
K 1788 G
K 677 R
R 1496 R
R 989 V
K 172 K
R 1076 U
K 1836 P
K 1448 K
R 1847 P
R 1071 V
R 241 Q
K 931 R
R 40 T
K 1468 V
R 1919 W
R 1627 V
R 1115 T
K 1326 J
K 334 Y
R 1972 S
R 1616 P
R 1553 K
R 1422 G
R 173 M
K 1295 R
K 951 N
K 536 H
R 1934 I
R 1798 Q
R 1154 I
R 485 A
K 1320 W
K 963 S
K 865 D
K 609 I
R 1566 Y
K 837 G
R 1298 Y
R 646 S
R 351 U
R 301 X
R 93 B
K 802 A
R 651 C
K 1902 P
R 605 L
K 1333 O
R 1470 V
R 341 J
K 1647 Z
R 309 P
K 1238 S
R 869 S
R 784 T
K 134 N
R 679 L
K 1656 W
K 111 Y
R 746 Z
K 1794 L
K 1344 F
K 1227 Y
K 301 L
K 176 Z
R 1481 E
R 983 Y
R 957 C
R 825 J
R 88 G
R 75 T
K 1698 Q
R 1884 H
R 937 Z
R 548 Q
K 1091 B
K 769 Y
R 1474 O
K 1756 X
K 1215 Z
K 212 T
R 884 L
K 779 E
R 1507 I
K 1015 K
R 491 I
R 463 L
K 1178 X
R 963 Z
K 293 D
R 530 C
K 1693 L
R 1424 P
R 894 H
R 269 G
K 1554 S
K 1479 F
K 1279 B
K 1229 R
K 214 P
R 611 Z
K 1929 T
K 1104 E
K 701 E
R 235 V
K 1430 X
K 139 U
R 1501 B
R 1393 G
R 1084 C
R 873 L
R 829 T
K 1650 B
K 1601 P
K 1583 H
K 1050 E
K 330 B
K 255 W
K 89 P
K 55 S
R 196 Z
K 1241 Y
K 972 Q
K 311 Z
R 516 T
R 243 Q
K 937 A
R 709 Z
R 633 Z
K 709 B
R 1159 X
K 419 H
R 1829 O
K 1533 F
R 1466 C
R 1070 S
R 584 V
K 1024 U
R 46 P
K 1351 M
K 781 A
R 1155 U
K 689 M
K 567 W
R 515 X
K 1643 W
K 1148 B
K 94 R
R 1177 I
R 1002 X
R 326 Q
R 300 T
K 954 P
K 617 B
R 1896 T
K 489 A
K 109 T
R 1542 D
R 968 R
R 840 A
K 1388 P
K 1016 V
K 1002 M
K 645 W
K 205 Y
R 1185 K
K 1936 B
R 900 N
K 1011 I
R 1000 R
R 897 Q
R 345 W
K 1931 J
K 1428 H
K 716 V
R 1937 T
K 1856 F
K 1682 B
K 981 C
K 632 X
K 630 J
K 621 Z
K 519 J
K 384 O
K 321 A
K 313 E
K 192 G
K 62 F
R 1546 M
R 1503 O
R 563 X
R 382 H
K 457 G
R 1428 W
K 1397 T
R 1495 L
K 1758 X
K 1440 W
K 773 P
R 1793 F
K 1697 D
R 1949 H
K 1658 K
K 468 B
K 350 E
R 1433 F
K 1307 A
R 1833 X
K 1494 M
R 452 A
R 236 L
K 1221 I
K 997 C
K 528 S
R 1083 E
R 984 B
K 1960 O
K 577 Q
R 81 R
K 1877 S
K 1469 X
K 1158 P
K 459 I
R 785 H
R 603 G
R 361 X
R 219 Z
K 1527 B
R 523 P
R 127 H
K 1487 E
K 1282 J
K 1223 M
K 785 F
K 620 J
K 491 F
R 1306 Y
K 1754 Y
K 1463 I
K 1053 T
K 438 J
R 1134 H
K 1189 D
K 892 G
R 459 K
K 1992 B
R 1621 Z
R 792 Z
R 15 X
K 1338 W
K 486 W
R 359 F
K 1577 A
R 1653 D
K 1240 O
K 879 I
K 754 Q
K 415 L
K 5 S
R 1691 H
R 1095 U
K 541 D
R 353 N
K 1364 F
K 1102 A
K 325 S
R 407 W
K 872 N
K 125 W
R 1296 Q
R 478 V
K 1810 M
K 1801 K
K 1621 W
K 1610 L
K 1190 F
R 1601 D
R 1068 Z
K 1719 R
K 1566 M
K 705 C
R 1986 F
R 1942 C
R 1826 Y
R 1791 I
K 722 S
R 1254 S
R 657 L
R 448 C
K 1501 P
K 1384 W
K 934 J
K 657 K
R 331 C
K 236 W
R 1622 Q
R 1609 G
R 1536 F
K 1483 R
R 1646 R
R 212 Y
K 1871 U
K 809 I
K 228 Y
R 1591 A
R 5 C
K 1900 D
K 1306 K
K 206 K
K 121 P
R 1655 W
K 1888 U
K 1700 R
K 1676 N
K 1372 K
K 1319 Z
K 650 J
R 1589 W
R 1180 T
K 601 G
R 975 Z
R 940 B
R 221 S
K 1123 U
K 849 I
R 18 W
K 1925 H
R 171 M
K 204 B
K 100 D
K 4 A
R 1869 O
R 1346 N
R 1238 S
R 1202 E
R 949 K
R 852 B
R 731 D
R 249 L
R 139 N
K 1573 U
K 268 P
R 1287 F
R 322 E
K 51 X
R 727 G
R 369 I
K 752 Y
R 1133 A
K 1175 H
R 1941 Y
R 440 R
K 1872 J
K 1366 I
R 1657 R
R 1436 L
K 1379 A
K 828 C
K 808 G
R 1540 L
R 1403 L
R 1338 I
R 1329 R
R 327 P
K 1166 C
R 1417 J
K 1120 Q
K 911 F
R 1674 X
R 1587 D
R 1206 R
K 1133 V
K 251 Y
R 1017 I
K 524 P
K 11 W
R 1117 L
R 682 U
K 1991 N
R 1570 F
R 1123 N
K 1029 H
K 936 M
R 593 B
K 1253 Q
K 69 T
R 1817 X
R 358 A
K 819 V
R 39 B
K 945 M
K 183 U
R 1618 S
R 178 B
K 310 E
R 1910 O
R 595 X
K 383 F
K 25 R
R 1774 P
K 1914 X
K 1373 Z
R 1286 E
R 930 U
R 454 U
R 386 B
R 130 C
K 1680 L
K 616 W
R 1975 B
R 1464 F
R 325 A
K 1084 A
K 683 T
R 1881 T
R 1794 Z
R 1767 X
R 1085 B
R 474 S
R 465 T
R 278 T
K 1303 O
K 269 H
R 484 J
K 1947 O
K 1083 K
K 126 C
R 1615 M
K 766 T
R 356 Z
K 1711 Z
K 1439 Y
K 853 K
K 707 Q
R 1088 V
R 197 R
K 1628 R
K 553 U
K 198 D
R 1892 X
R 340 N
K 1498 D
R 1635 T
R 711 B
K 786 N
R 833 Z
K 1784 Z
K 276 O
R 972 U
K 1705 V
K 1383 U
R 295 Q
K 1262 Q
K 64 T
R 726 X
K 1641 C
K 1568 Z
K 1551 H
K 324 X
K 123 Z
R 190 V
R 67 W
K 946 Z
K 450 G
R 1156 U
R 275 O
K 1517 A
R 1395 K
K 795 N
K 167 M
R 1715 O
R 662 W
R 645 D
K 1805 E
K 1404 A
K 1347 O
R 442 V
K 219 B
K 61 G
R 1903 K
K 846 J
R 1758 Y
K 1859 M
K 1045 W
K 979 E
K 900 C
K 493 I
K 190 N
R 607 W
R 537 Z
K 1739 F
K 1151 D
R 1437 H
R 1161 O
R 809 D
R 573 H
R 251 M
K 1833 C
K 838 P
R 35 X
K 855 K
R 1908 E
R 1905 L
K 659 F
R 1176 N
K 1850 R
K 27 K
R 1797 X
R 1502 A
R 1188 Y
K 1507 D
K 1048 J
R 357 G
R 289 B
K 1709 X
K 1346 K
K 1022 H
K 988 S
K 624 R
K 152 U
R 1214 C
K 1618 L
K 1585 H
K 1505 F
K 1042 F
K 921 G
K 875 W
K 517 B
K 385 Z
K 261 P
K 201 D
K 164 V
R 1880 V
R 992 E
K 1653 O
R 1855 Z
K 1783 A
R 1487 D
R 476 F
K 186 A
R 1227 P
K 1649 C
R 1408 F
R 73 P
R 64 U
K 1939 S
K 550 F
R 1557 A
R 303 S
K 1853 Y
K 1426 Y
K 1071 E
K 1046 S
K 812 D
R 1988 W
R 1387 A
K 1812 D
K 914 Q
R 632 T
K 1606 D
R 224 M
K 943 P
K 344 A
R 613 G
R 575 P
K 1561 Q
K 1173 E
K 1138 Z
R 1013 K
K 1968 H
K 1964 Q
K 1375 R
K 711 V
K 299 D
R 1079 X
R 460 L
K 399 S
R 1895 T
K 1928 M
K 814 Q
R 1232 R
K 1051 Y
K 171 I
R 137 A
K 1670 R
K 1493 G
K 1271 T
K 826 W
K 319 I
K 99 Z
R 1538 Y
R 242 Y
K 1869 Y
K 1536 Z
R 871 P
K 1078 F
R 619 C
K 1619 C
K 718 E
R 768 T
K 103 C
R 1661 N
K 1623 C
R 830 J
R 526 N
R 189 X
K 1972 K
R 868 J
K 1562 A
R 1163 R
K 1789 Q
R 1624 V
R 1242 Q
R 450 P
R 87 S
K 1875 W
K 447 K
R 50 B
K 1203 L
R 1096 M
R 847 T
R 140 H
K 966 D
R 1269 U
K 992 J
R 260 B
K 1743 V
R 112 S
K 105 R
R 1551 E
R 1396 H
K 1089 H
K 466 V
R 798 F
K 1935 F
K 667 W
R 1582 F
R 1271 K
R 522 R
R 12 Q
K 1896 O
K 1513 E
K 305 E
K 20 Z
R 1410 K
K 1932 G
K 1560 I
K 462 H
R 1755 U
R 855 X
R 551 O
K 712 V
R 1590 J
R 1061 Q
K 1746 T
R 1822 Q
K 906 U
R 1807 K
R 663 K
R 513 Y
K 1603 U
K 1559 O
K 1132 W
R 644 W
R 447 L
R 177 T
K 1466 S
K 1407 V
K 1265 B
R 671 I
K 518 R
R 98 L
K 1731 L
K 1634 Q
K 1441 X
R 262 T
K 613 V
R 1425 N
R 698 D
R 436 Q
K 867 U
R 204 T
K 639 E
K 46 T
R 1024 X
R 927 X
R 812 M
K 1144 I
R 1821 E
R 100 M
K 1782 N
R 1641 L
K 318 I
R 1981 V
R 1938 Q
R 1450 S
R 24 I
K 1231 C
R 958 C
R 899 N
R 108 V
K 1820 Y
K 1639 J
K 1530 R
R 1048 Q
K 1154 W
K 448 E
K 145 C
R 558 D
R 145 M
R 33 X
K 1434 V
R 1882 H
R 1414 X
K 1354 X
K 320 M
R 1016 O
R 976 O
K 1864 X
K 834 H
R 1921 N
R 643 L
R 116 N
K 1725 W
K 575 B
R 1012 G
R 126 N
K 1881 T
K 1062 I
R 1472 Y
R 639 W
K 1851 K
K 1036 R
K 864 J
K 88 F
R 366 N
R 352 T
K 1627 A
R 919 X
K 1214 W
K 732 O
R 917 U
K 1953 K
K 1882 L
K 780 Z
K 506 H
K 195 Q
R 1565 D
K 408 F
R 324 Z
K 1876 Q
R 1872 H
R 1706 R
R 1288 K
R 383 I
K 1464 O
R 795 X
K 1971 Z
K 698 A
K 691 T
R 1757 Y
K 1243 K
R 1342 R
K 1069 F
R 533 C
K 1638 W
K 1297 E
K 85 W
R 95 N
K 10 V
R 1548 H
R 1358 Z
R 290 O
K 49 Y
R 1313 L
K 891 G
R 1936 V
R 794 A
K 1895 S
R 620 U
K 1806 Z
K 807 A
K 106 V
R 708 X
R 666 C
K 1605 A
K 1080 M
K 634 U
R 94 W
K 1126 H
K 140 W
R 609 L
K 1267 L
K 348 A
R 1963 Z
R 193 T
K 986 C
K 950 K
K 878 O
R 1314 N
K 1803 P
R 1915 I
R 1813 W
K 1738 V
R 1483 V
R 1034 P
R 865 T
R 570 V
K 1629 B
R 1783 A
K 1959 V
K 1860 L
R 1324 G
K 1996 G
K 1482 T
K 899 F
K 454 C
K 166 M
R 438 K
K 504 O
R 1775 V
R 1519 E
R 394 L
K 1403 F
K 1139 N
R 1529 P
R 1356 O
K 1880 C
K 1352 R
R 913 F
K 744 L
R 1580 W
K 57 X
R 1928 P
K 1848 L
R 220 Q
K 1744 Q
K 1378 X
K 764 U
R 1765 O
R 1651 Z
R 1626 Q
K 1412 T
K 989 T
R 1890 O
K 743 Z
K 487 T
R 396 B
K 1920 D
K 1714 H
K 1406 W
K 1367 Q
K 805 J
K 365 B
R 1846 Y
R 1420 R
R 1280 O
R 1111 Q
R 791 S
R 774 L
K 1056 P
R 1865 K
R 1528 A
R 1257 P
R 152 J
K 1547 Q
R 1025 J
K 1312 T
K 932 N
K 133 E
R 803 S
R 82 B
K 565 C
R 1321 V
K 1155 Q
K 1101 T
K 916 E
K 854 K
R 314 X
K 1234 Z
R 1401 Q
R 982 H
K 1141 A
R 402 P
K 1616 U
K 317 Y
K 233 G
R 268 B
K 1767 U
K 1134 S
K 242 T
K 141 J
K 12 N
R 1745 F
R 1675 K
R 1389 C
K 449 R
R 1950 M
R 724 V
R 244 X
K 1196 J
R 1331 J
R 1081 K
K 1302 V
R 1722 J
R 1429 U
R 550 W
K 1451 X
K 165 P
R 1795 Y
R 1459 J
R 1327 P
R 422 Y
K 1200 T
R 1800 B
R 590 T
K 262 V
R 1572 V
R 430 E
K 91 G
R 1488 Q
K 1800 P
R 1497 L
K 1058 S
R 1482 N
R 802 N
R 157 S
R 120 Q
K 1191 S
K 721 Y
R 1510 S
R 1477 W
R 642 P
K 1862 D
K 885 J
R 385 Z
K 1261 L
R 1842 V
R 1231 J
K 220 T
R 1602 P
R 1480 G
R 1456 K
R 801 T
K 576 H
R 875 H
R 393 H
R 213 A
K 1395 G
K 1276 A
R 1442 Z
R 315 W
K 1047 D
R 1645 F
R 725 Q
R 368 K
R 49 U
K 1866 M
K 1277 L
K 535 J
R 1484 T
K 1074 T
K 124 E
R 1968 E
R 1843 O
R 1782 I
R 1354 E
R 1073 G
R 967 T
R 453 C
R 379 U
R 192 H
R 69 F
K 761 S
K 70 J
R 1682 C
R 1192 P
R 628 A
K 1334 Y
R 1268 B
R 1139 Q
R 29 N
K 1497 P
K 1450 V
K 953 K
R 1973 W
K 684 Y
R 1023 U
K 1033 V
R 510 A
K 1995 R
K 1332 K
K 1274 G
K 1063 L
K 574 K
R 1746 G
R 1454 J
R 1451 W
R 335 H
K 1385 D
K 97 X
R 1761 W
R 1008 C
R 810 M
K 1631 H
R 1063 W
R 311 S
R 246 Z
K 917 D
K 295 Q
R 417 W
K 1715 G
R 617 H
K 1313 B
R 230 Y
K 1055 U
R 1149 W
K 851 T
K 756 N
K 503 G
R 1728 I
R 3 I
K 331 B
R 305 K
K 1 Z
R 1325 M
R 1146 M
R 941 A
R 512 S
R 498 U
R 350 M
K 1663 L
K 820 Y
R 89 V
K 1973 I
R 925 T
R 762 M
R 409 A
K 1750 I
R 1663 X
R 650 G
R 626 I
K 1592 Z
R 1960 Z
R 1366 U
K 1260 S
R 1926 D
R 1740 P
K 598 R
R 1523 A
R 773 R
R 718 E
R 504 C
K 1555 H
K 278 Y
R 1711 C
K 1256 Y
R 263 P
R 58 E
K 1418 X
R 807 W
R 543 G
R 169 E
R 55 B
K 1822 S
K 663 O
R 1135 D
K 1244 L
R 1980 L
R 1979 H
R 1771 R
R 1378 M
R 848 Z
R 553 I
R 423 F
K 1495 U
K 135 T
R 1764 F
R 1235 T
R 980 I
R 665 H
R 256 S
K 1064 U
R 853 D
R 831 U
R 48 C
K 949 N
R 1773 Z
K 1077 B
K 221 C
R 1985 Z
R 1371 O
K 1389 J
K 1211 C
K 287 B
R 1169 W
R 255 Y
K 544 M
R 1671 V
R 1578 K
R 218 S
R 2 H
K 1510 N
K 1224 D
R 970 T
R 797 C
R 13 Z
K 1476 B
K 1142 D
K 708 Y
K 40 G
R 280 H
K 1679 Y
R 1613 D
K 520 Y
R 1062 K
K 1296 X
K 1105 N
K 919 G
K 363 I
K 37 H
R 1262 U
K 1598 T
K 1519 Y
R 767 W
R 461 E
R 141 T
K 1043 F
R 1228 K
R 783 X
K 14 N
R 1520 D
R 991 Y
R 966 V
R 680 R
R 293 M
K 1435 A
K 1283 L
K 548 B
K 35 M
R 392 S
K 1251 K
K 904 L
R 576 X
K 473 D
R 1130 U
K 1180 Z
K 605 Y
R 391 E
K 1225 A
R 1186 L
K 1070 Z
R 1951 Q
R 1763 Z
R 1233 V
R 1213 G
R 788 I
R 406 N
K 1321 M
K 1153 H
R 1512 F
K 1982 Z
K 1465 N
K 863 E
K 339 K
K 146 Y
R 692 C
K 793 G
R 1860 E
K 724 G
R 1037 F
K 1701 K
K 481 D
R 859 R
K 739 B
R 1996 R
R 1961 B
K 975 J
R 297 F
K 1452 C
K 1117 P
K 189 Z
K 32 L
R 1927 O
R 1667 J
R 1127 U
R 304 N
R 99 X
R 76 M
K 1733 S
K 304 W
R 1440 K
R 291 V
K 1613 K
K 637 O
K 477 A
R 339 I
K 1722 C
K 757 F
R 1688 B
R 264 F
K 995 U
R 737 P
K 472 L
R 1583 C
R 1291 D
K 185 R
R 1953 E
K 1978 M
K 1818 R
K 1582 D
K 1027 E
R 1467 B
R 960 O
R 714 F
K 1575 X
R 1678 B
R 1631 O
R 1478 Q
K 1815 Z
K 1615 C
K 1316 C
K 1093 P
K 890 M
R 1581 Z
R 1282 M
K 1817 M
K 1625 G
K 1202 T
R 1875 L
R 1348 X
R 1082 W
K 1541 Y
R 210 A
K 554 A
K 386 M
K 30 M
R 1567 J
R 1534 F
R 1221 R
R 1172 Z
R 1001 H
R 156 G
K 410 T
R 376 U
K 224 X
R 1694 J
R 1411 Z
R 1168 X
K 1553 Y
K 398 A
K 153 H
R 389 U
K 1128 L
R 1766 M
R 1665 S
R 1236 J
K 731 W
R 1906 B
R 1449 E
R 1388 R
R 842 Q
R 827 F
R 597 O
K 1904 S
K 263 P
R 2000 W
R 1853 Z
R 591 N
K 474 Q
R 1426 Q
R 1255 N
R 906 Q
K 664 M
R 781 B
R 168 X
K 969 F
K 366 B
R 1743 Q
R 1153 H
R 1027 F
R 1006 I
R 952 X
K 1512 J
K 1248 H
R 1032 T
K 1674 G
R 995 T
R 136 G
K 79 E
R 1732 Z
R 1654 O
R 568 N
K 1778 D
K 296 H
R 1413 C
R 1392 V
K 1280 I
K 389 C
R 1564 R
K 670 L
R 1022 K
K 817 P
R 1885 N
R 1427 C
R 1240 S
R 201 B
K 896 G
K 610 X
K 588 U
R 854 R
K 1668 F
K 706 T
R 1931 P
K 1491 M
R 1721 I
K 1886 S
K 835 X
K 830 W
R 1835 B
R 1563 U
K 1504 T
R 861 F
R 839 M
R 729 C
K 1874 P
K 354 B
R 1400 V
K 1727 B
K 1710 J
K 1275 B
K 1025 E
K 720 V
K 437 S
R 1248 O
K 612 S
K 496 S
R 1171 O
K 763 S
R 1138 F
K 1893 T
R 1974 M
R 1060 N
R 694 Z
R 365 J
K 1799 E
K 1760 E
K 680 A
R 1145 F
K 1624 B
K 1591 K
K 19 Q
R 144 O
K 1019 J
K 784 C
K 210 I
R 964 F
R 456 T
R 8 C
K 1781 A
K 1246 O
K 929 O
K 631 B
K 274 L
K 272 A
R 215 J
K 2 S
R 1696 F
R 1170 Q
R 962 J
R 777 L
R 610 W
R 509 Y
R 481 J
R 20 A
K 556 Z
R 814 M
R 529 C
K 1006 B
K 283 Q
R 675 K
R 400 E
K 475 V
R 1959 H
R 683 E
K 499 Q
K 343 Z
R 706 S
R 161 W
K 1361 R
K 985 K
K 340 I
R 1918 I
R 637 D
K 1943 Y
R 182 U
K 335 S
R 1511 K
R 618 F
R 360 R
K 102 U
R 1599 P
R 779 T
R 500 V
K 24 Q
R 1709 R
R 1434 O
R 1118 S
K 1646 L
K 679 O
K 532 R
R 1804 V
R 1101 F
R 159 B
K 1331 T
K 1245 Z
K 1171 I
K 561 Q
R 1226 U
K 138 J
R 1909 Z
R 1801 H
R 1683 K
R 1541 O
R 317 L
R 257 B
K 571 X
K 159 L
R 1264 V
K 695 L
R 1029 L
R 926 I
R 600 U
R 589 X
K 1685 F
K 1010 E
R 1270 L
K 1546 F
K 1041 H
R 1983 E
R 929 R
K 328 I
R 1770 P
R 1276 U
R 1196 G
K 1143 E
R 1208 I
R 10 A
K 1114 R
K 28 A
R 1780 C
R 470 F
R 411 O
K 715 L
K 581 N
K 107 U
R 1871 D
K 108 S
K 74 D
R 1990 L
R 745 Z
K 1097 W
K 1044 Z
K 918 S
K 429 O
R 1151 U
R 477 T
K 627 A
R 1854 X
K 1637 U
K 1424 U
R 1526 E
K 1081 G
K 622 V
K 492 R
R 1595 C
K 647 K
R 1241 A
K 641 O
R 298 E
K 1416 O
R 1397 P
R 804 H
R 333 G
K 1640 C
R 1178 W
R 882 H
R 538 E
R 525 L
R 266 J
K 1941 V
K 1186 D
K 749 E
K 54 E
R 889 M
K 1997 D
K 1669 R
K 1149 Z
K 1108 L
K 382 A
R 1720 J
R 1281 B
K 1343 F
R 1636 B
R 208 W
K 1368 Y
R 1957 A
R 856 S
K 1359 Z
R 468 T
K 1967 A
K 1567 V
K 1218 I
R 540 R
K 1961 Z
R 969 T
K 83 Q
R 1687 S
R 951 E
K 1775 U
K 1713 J
K 1167 S
K 868 E
R 1552 R
R 956 V
R 90 N
K 1484 X
R 286 Z
K 1061 G
R 1315 I
K 1987 T
K 710 C
K 239 W
R 843 P
K 1374 F
R 1347 N
K 725 A
R 771 M
K 1688 B
R 78 K
K 333 X
K 3 I
R 1309 O
K 1970 D
K 1907 P
K 1121 G
K 984 L
K 940 U
K 48 L
R 959 B
R 59 D
K 1228 U
K 642 A
K 551 R
K 463 A
K 441 H
R 1386 J
R 355 U
R 344 H
K 179 P
R 1629 R
R 425 N
K 1988 Z
K 1924 X
K 858 V
K 578 E
K 465 X
K 273 J
R 1848 L
K 1278 G
R 199 K
K 1839 H
K 1184 Z
K 253 D
K 240 H
R 1751 J
R 686 D
R 334 V
K 1413 I
K 583 Z
R 1320 P
R 841 D
K 1257 O
R 1299 T
K 1594 W
K 1472 M
K 1220 C
K 1199 U
R 1064 S
K 1550 B
R 1874 J
K 1887 R
K 901 E
K 534 B
R 821 M
R 397 T
K 1835 A
K 1360 M
R 1612 U
K 540 I
K 216 Z
K 36 J
R 1558 U
K 1515 O
K 1392 L
K 1034 C
K 893 S
R 1380 F
K 1773 B
K 1272 O
K 971 A
R 1707 H
R 799 A
K 1090 B
R 1571 V
K 1037 H
R 9 R
K 234 Q
R 1518 F
K 394 J
R 511 Z
K 1207 J
K 787 X
R 820 L
K 1150 F
R 1026 H
K 1965 Q
K 1176 T
K 114 P
R 1052 C
K 1571 K
K 733 Y
R 1229 J
K 1791 X
R 1390 R
R 1021 N
K 1477 A
R 1768 A
R 1283 M
K 594 S
R 1695 L
R 659 U
R 608 I
R 34 B
K 759 Y
R 1662 W
R 1521 V
R 862 R
R 441 K
K 194 M
R 1215 L
R 1055 E
R 811 X
R 772 A
R 752 K
R 489 N
R 388 E
R 83 G
K 1106 D
K 723 A
K 241 O
R 863 K
R 678 S
R 612 B
R 101 A
K 202 J
R 155 B
K 1195 E
R 1748 P
K 445 F
R 1897 R
R 1708 A
R 1116 F
R 805 I
K 1994 Q
K 1480 N
K 998 Z
K 796 Z
K 379 J
K 160 N
R 836 I
K 1926 Y
R 1142 F
K 1855 L
K 560 K
R 564 E
K 1380 F
K 1073 U
R 346 I
K 596 W
K 559 V
R 1790 T
K 1169 F
R 782 Z
K 694 C
R 1489 Y
R 1415 L
R 560 U
R 546 C
K 1945 K
K 735 K
R 1166 O
R 455 V
K 1353 P
R 119 K
K 674 X
K 614 A
R 1971 O
R 1735 M
R 1092 W
R 684 J
R 420 Z
K 572 K
K 387 I
R 1883 Q
K 47 J
R 1739 B
R 1701 G
K 182 O
K 129 H
R 950 U
K 825 A
R 1642 X
R 864 D
K 1940 M
K 1614 G
K 1000 N
K 279 O
R 1284 Z
K 760 W
R 1243 D
R 1234 G
R 740 K
K 1237 N
K 42 A
R 1852 R
K 1115 G
R 1402 E
R 1167 L
R 981 T
K 552 Y
R 1982 S
K 1157 Q
K 355 U
R 907 T
K 1837 T
K 81 Y
R 880 U
R 569 J
K 772 X
R 1742 H
R 1584 Z
R 1340 X
R 1074 Y
R 691 B
K 1035 P
K 651 D
R 1737 C
K 1209 V
K 1049 B
K 928 M
K 913 V
K 777 V
K 376 W
R 1152 K
K 1534 B
R 135 E
K 93 V
R 1976 H
R 1839 X
R 1607 T
R 636 W
K 1394 P
K 652 N
R 1623 K
R 990 D
K 758 S
R 1577 J
R 1345 W
R 987 J
K 1060 Z
R 902 H
R 872 X
K 1488 O
R 1379 S
K 1054 T
R 1341 W
K 1292 D
R 850 E
R 652 H
K 887 Y
R 1810 V
R 1679 Y
R 191 A
R 184 Y
K 257 J
R 1866 J
R 1384 B
R 1244 X
R 1011 I
R 896 L
K 938 P
R 1958 U
R 1360 P
K 823 B
R 1989 P
K 533 I
R 1747 T
R 1724 Y
R 667 N
R 539 J
K 1118 W
K 947 W
K 393 O
R 1899 A
R 1119 K
R 1046 Z
R 922 D
R 374 N
K 423 I
K 227 J
R 1091 I
R 281 P
K 1026 C
R 1907 I
K 1873 K
K 801 H
R 1948 J
R 170 Q
K 1976 M
R 932 M
R 734 E
R 592 C
R 488 H
K 381 U
R 380 S
K 948 M
R 1992 A
R 554 D
R 265 X
K 1969 G
R 1762 R
R 1363 M
R 535 P
R 153 G
R 77 V
K 1699 F
K 1589 B
K 1386 V
R 1174 F
R 640 M
K 526 O
R 377 L
K 374 M
R 1984 V
R 1634 I
R 826 G
R 693 O
K 184 P
R 1946 X
R 736 B
R 604 C
K 898 C
K 292 I
R 1640 X
R 1446 R
R 1376 L
K 1538 K
K 1390 I
R 703 Y
K 1913 O
R 733 T
K 564 G
K 237 U
R 1527 G
R 240 I
R 118 U
K 480 Z
R 1066 H
K 1717 W
R 102 I
K 1423 S
K 1409 M
K 156 J
R 319 P
K 199 Y
R 248 K
K 1948 F
K 1703 Z
R 1252 G
R 916 V
R 373 C
R 60 N
R 19 V
K 815 Y
R 555 T
K 98 Y
R 1475 A
R 1158 D
K 738 Y
K 606 X
R 1978 W
R 751 W
R 486 Z
K 464 O
R 1734 U
K 1588 S
K 1308 T
K 970 R
K 964 O
K 8 D
R 621 Z
R 274 C
K 682 N
R 158 S
K 158 U
R 747 I
K 1471 S
K 1415 F
K 905 I
K 531 A
R 1586 P
R 1569 F
R 1353 N
R 974 Y
R 742 F
R 655 Q
R 57 E
K 1825 R
R 754 V
K 1017 W
K 726 N
K 72 I
R 1658 H
K 1807 B
K 96 Z
R 1911 X
R 517 M
R 370 A
K 1526 P
K 1522 X
K 1014 Q
R 921 C
R 920 G
R 793 Q
K 841 I
K 557 N
K 483 E
R 1913 G
R 744 L
K 1827 E
K 1672 Y
K 604 G
R 1335 J
R 614 N
K 1485 C
K 1446 I
K 1103 L
K 346 X
K 260 C
R 696 Y
K 316 Y
K 29 C
R 1902 V
R 437 J
R 97 Y
K 21 F
R 42 E
K 1779 I
K 1659 U
R 1840 X
K 1749 D
R 935 B
R 258 P
K 944 S
K 59 Y
R 735 V
K 1762 H
R 557 S
R 362 A
