3998
K 914 F
K 723 R
R 72 A
K 565 O
R 1450 F
K 60 L
R 1853 B
R 1635 F
K 1813 P
K 1625 R
K 1583 L
K 521 A
R 569 I
K 1983 F
K 698 Y
R 875 M
K 1575 R
R 259 A
K 1963 V
K 1582 Y
K 1051 O
K 746 L
K 460 K
K 219 T
K 208 M
R 1942 W
R 1933 O
K 1967 W
K 1123 W
K 972 J
K 594 U
K 484 U
K 228 P
R 1765 O
R 1014 A
K 56 Y
R 1863 Z
K 224 D
R 1135 F
K 1446 J
K 147 B
R 303 R
K 1044 V
K 399 R
R 1623 T
R 1419 B
R 1359 E
R 749 J
R 647 X
K 424 U
R 1202 S
K 1579 Y
K 665 T
K 262 O
K 80 X
R 1477 A
R 874 D
K 1969 K
K 1647 X
K 1439 T
K 376 I
R 1884 I
R 1573 B
R 1139 A
R 702 K
R 395 P
R 270 M
K 675 T
R 840 H
R 304 N
K 1989 O
K 1710 T
K 1611 E
K 1507 H
K 1358 H
K 479 O
R 1692 Y
R 887 S
R 823 Q
R 764 Z
R 340 C
K 1774 E
K 203 E
R 285 Y
K 1775 P
R 806 C
K 274 B
K 268 L
R 1287 K
R 1212 J
R 24 Y
R 8 Y
K 1907 R
K 1522 Q
K 1196 M
K 409 P
K 177 D
R 454 A
K 1359 Z
K 641 D
K 266 D
R 618 I
K 1481 G
R 1753 S
R 860 T
R 481 A
K 1587 V
K 1390 P
K 1366 X
K 119 O
R 677 W
K 1956 O
K 501 F
K 482 M
K 296 C
R 527 C
R 153 O
K 1904 W
R 669 I
K 1730 H
K 36 I
R 370 W
R 322 A
K 1094 H
R 1770 B
R 1769 K
R 978 D
R 39 I
K 1273 M
R 538 I
R 400 R
R 202 W
R 119 Q
K 837 K
R 933 N
K 1988 H
R 107 J
K 144 N
R 1284 M
R 199 Q
K 1453 T
R 1354 Z
R 487 G
R 475 H
R 248 L
R 130 Y
K 1885 P
R 1420 T
K 1408 M
K 755 S
R 183 V
K 1724 P
K 519 H
R 1295 E
R 1119 J
R 971 R
K 114 V
R 962 I
K 1120 E
R 870 M
K 1627 S
K 540 S
R 1841 E
R 1566 F
K 1830 K
K 1052 G
K 44 B
R 1911 L
R 1811 T
R 1349 T
R 1052 B
R 590 L
K 632 E
K 418 Y
R 1574 U
R 1317 S
K 1214 F
K 63 L
R 620 N
K 1462 B
R 1418 O
R 472 M
R 95 P
K 1602 N
K 633 U
R 2000 G
K 1308 Y
R 1247 A
R 406 U
K 1464 L
R 1462 C
K 538 G
R 1034 K
R 321 W
K 1344 Q
R 655 M
K 1605 X
K 935 I
K 862 Z
R 862 T
K 1395 M
R 890 M
R 297 X
K 514 J
K 342 E
R 1987 U
R 1037 I
R 763 E
K 530 T
R 845 G
K 1763 Z
K 1383 C
K 6 X
R 1897 D
R 1801 I
K 1892 A
R 158 U
K 1994 S
K 1019 G
K 477 A
R 1367 W
R 1054 O
K 222 X
R 1967 E
R 1463 P
K 1772 M
K 1766 B
K 287 S
R 342 V
K 1346 O
K 88 M
R 1989 K
K 168 Z
K 74 X
R 1530 F
R 953 N
K 1681 V
R 1236 M
R 221 K
K 828 B
R 648 A
K 121 C
R 1269 G
R 917 Z
R 626 H
K 1324 Q
K 471 L
R 384 G
K 122 R
R 769 Y
K 1987 Y
K 1486 J
K 1317 F
K 1304 N
K 1127 J
K 186 Q
R 802 U
K 606 T
R 334 A
K 1693 G
R 50 A
K 1157 E
K 1072 F
R 271 G
R 267 F
K 1461 J
K 1042 F
K 850 Y
R 325 U
K 1910 D
K 763 V
R 1553 D
R 1078 U
K 1098 N
K 756 P
K 504 O
K 438 T
K 357 M
R 1826 T
R 20 Y
R 14 G
K 1250 K
R 480 L
K 1017 R
K 468 Q
R 1615 V
R 1457 A
R 519 O
K 1897 H
R 666 S
R 161 S
K 827 A
K 502 H
R 747 U
K 1968 H
K 640 J
R 800 O
R 272 L
K 1643 B
K 833 I
K 146 X
R 1371 J
K 1875 D
R 1742 R
R 1579 M
K 1860 C
K 1609 J
K 264 L
R 1923 X
K 1656 W
K 131 O
R 1861 O
R 686 W
R 433 Y
K 1482 L
R 1480 B
R 1411 J
K 1773 T
K 939 U
R 1142 Z
K 1136 W
R 1555 J
K 1911 W
R 399 N
K 839 Q
K 486 V
R 1098 V
R 907 U
R 28 F
K 691 C
R 382 T
K 1784 C
K 178 I
R 788 R
R 771 G
K 1823 Z
K 546 E
K 233 H
K 205 N
R 548 Q
R 110 J
K 1297 A
K 547 H
R 331 K
K 1071 X
R 813 V
R 613 W
R 177 F
R 176 Q
K 1531 W
K 623 F
K 602 B
K 53 A
R 1700 M
R 1146 T
R 983 V
R 660 C
R 521 X
R 415 U
K 767 J
K 326 R
R 1943 A
K 1112 Y
R 1215 C
R 642 Z
K 247 O
R 1797 K
R 184 D
K 1950 L
R 949 S
K 1629 U
K 1406 V
K 1402 U
R 1527 V
R 1193 U
K 1798 B
R 1969 H
K 1596 N
K 729 F
R 1904 K
R 1538 T
R 353 C
K 1591 Q
K 283 B
R 1099 D
R 846 D
R 676 M
K 1449 N
K 1116 P
K 861 M
R 1750 K
K 1769 S
K 1186 N
R 1663 I
R 1525 W
R 919 S
K 1389 C
K 1158 Y
R 1005 F
K 1811 F
K 1219 X
K 858 T
K 754 F
R 1314 P
R 1053 U
K 1465 X
K 1459 C
K 1202 Y
R 1873 Y
R 1467 D
K 1414 R
R 212 J
K 1518 X
K 1229 L
R 1792 Q
R 849 F
R 135 O
K 1671 R
K 125 L
R 208 B
K 275 K
K 84 G
R 1165 Y
K 1785 H
K 241 O
K 55 I
R 1890 Z
R 1488 Z
R 735 V
K 1354 Z
K 1010 M
R 972 T
R 615 L
K 1492 W
R 494 N
K 1871 M
R 1914 A
K 842 B
R 1974 K
R 1350 Y
R 579 A
R 198 O
K 1951 N
K 1182 P
R 1834 N
R 1559 U
R 712 V
R 607 C
R 525 Y
K 1959 T
K 1810 P
R 1685 U
K 1224 L
R 1707 H
R 1508 O
R 1352 Y
R 1313 Z
R 801 N
R 612 U
R 239 M
R 22 E
K 1087 G
K 217 B
R 1390 X
K 277 S
K 129 Z
R 1036 D
K 169 C
R 1963 Q
R 1539 D
R 226 N
K 649 X
R 1188 F
R 756 D
R 17 M
K 1101 T
K 591 M
R 1835 J
R 58 U
K 1441 R
K 422 Q
R 144 N
R 38 G
K 1536 G
K 674 L
K 529 M
R 1912 W
K 1880 L
K 998 H
K 750 U
K 650 W
K 312 E
R 1939 U
R 1524 D
R 1436 Q
R 152 I
K 1909 D
K 76 I
R 1294 L
R 985 N
R 362 Q
K 1657 X
R 474 A
K 1451 Z
R 1569 R
R 922 R
R 279 A
R 156 L
K 470 K
R 26 S
K 153 P
R 1407 N
R 835 C
K 54 M
R 1666 M
R 319 H
K 1778 T
R 1784 R
R 1706 O
R 1342 X
R 1204 L
R 1157 Q
R 582 Z
K 175 C
R 1788 Q
R 1264 T
R 1027 N
K 1097 C
R 167 T
K 1141 W
R 1308 Y
R 915 V
R 834 I
K 34 L
R 1341 F
K 1912 M
K 1272 Z
K 560 S
R 1907 F
K 1802 Q
K 1456 W
K 1238 A
K 983 U
K 797 U
K 596 J
K 85 W
R 1309 W
R 641 J
K 1736 C
R 1876 G
R 1485 O
K 1884 N
K 1302 O
R 946 D
K 1606 Y
R 847 D
K 1537 B
K 1523 H
K 1410 Z
R 1874 V
K 549 I
R 532 K
K 1919 J
R 1902 V
R 1702 M
R 92 W
K 980 Z
K 500 V
K 362 M
R 1451 I
K 1938 K
K 1430 V
K 1274 O
K 335 W
R 1900 U
R 1810 R
R 1133 Q
R 1125 P
R 968 A
R 266 P
K 1674 K
R 1935 F
R 497 K
K 209 A
R 1529 E
K 1538 J
R 859 U
K 1688 R
K 1614 P
R 1653 A
K 1877 L
R 1994 R
K 973 I
R 927 W
R 746 M
R 424 B
K 250 O
R 222 E
K 467 A
R 1889 D
R 1804 K
R 1730 H
R 1039 M
K 1978 L
R 1006 W
R 623 J
K 384 N
R 1815 Z
R 932 P
K 1689 O
R 245 K
K 1664 Y
K 1013 E
K 1005 S
R 201 F
R 13 R
K 1249 P
K 246 X
K 243 N
R 224 T
K 162 M
R 1423 Q
K 288 A
R 1866 A
R 1177 O
R 1090 I
R 654 L
R 328 D
K 1955 F
K 1227 P
K 510 Z
R 753 V
K 575 B
K 31 F
R 60 U
K 918 T
R 1681 V
R 1654 B
K 1396 C
K 1161 P
R 1724 Q
R 994 X
R 314 S
K 1650 J
K 1418 Z
K 659 M
K 142 W
K 66 V
K 13 F
R 310 T
K 475 A
R 934 Y
K 1733 L
K 1259 V
K 1242 Z
K 522 P
K 21 B
R 866 E
K 1015 M
K 786 X
K 572 V
K 160 W
R 1938 X
R 1674 N
R 714 F
R 117 U
K 1869 Y
K 1803 B
R 205 L
K 1106 I
R 803 R
K 1118 S
R 617 D
R 225 X
K 1743 Q
R 675 L
K 707 A
K 164 I
R 785 K
K 1245 Y
K 19 Q
R 678 R
K 279 L
R 1738 U
K 1600 L
K 912 O
K 795 K
K 202 Z
K 35 U
R 138 I
K 315 Y
R 464 P
K 920 M
K 240 H
R 1818 X
R 1628 Q
K 366 I
K 45 C
R 1241 Y
K 539 N
R 1217 O
R 1199 C
R 545 Z
R 326 Z
R 186 O
R 155 M
K 1574 U
K 1027 C
K 581 S
K 478 Z
K 428 K
K 113 F
R 1175 O
R 797 J
R 210 V
K 588 B
R 1898 Y
R 1661 X
R 1552 C
R 1536 K
R 1067 N
R 389 T
R 381 B
R 338 L
K 1336 L
K 1126 P
R 211 F
K 685 I
R 1868 U
R 1130 P
K 905 G
R 1673 B
R 911 N
K 1248 F
K 868 G
K 582 W
K 551 Z
K 324 U
K 198 Y
K 182 D
R 668 M
K 1889 Z
R 1677 Y
R 940 M
R 577 S
K 79 X
R 1664 M
K 1150 B
R 388 T
R 200 T
K 447 F
R 1266 M
R 219 E
K 1244 S
R 1827 C
K 1756 N
K 1335 Y
K 1328 D
K 1124 X
K 134 G
R 583 Q
R 524 A
R 403 X
R 76 V
K 1397 U
R 361 A
K 1555 C
R 1925 J
R 1843 D
R 1684 V
R 1388 L
R 727 M
K 516 X
K 370 F
K 10 D
R 1931 X
R 1400 A
R 838 I
R 697 C
K 1795 V
K 1777 A
K 1348 J
R 490 N
K 932 B
R 765 I
K 542 R
R 1425 E
K 1130 Q
K 382 Y
R 405 T
K 1816 Z
R 1521 M
R 1486 P
R 1469 U
R 879 R
K 1494 T
K 1086 D
R 1010 A
K 1268 X
K 652 A
K 545 N
R 627 X
R 99 K
K 1940 Z
K 1345 H
K 1067 T
K 286 K
K 220 I
R 1878 J
R 1517 V
R 1045 H
R 741 A
K 232 Z
R 1903 Y
R 392 S
K 1178 W
R 830 A
K 1972 H
R 1905 N
R 584 W
R 535 H
R 193 I
R 27 C
K 1457 W
K 1296 E
K 388 V
R 921 T
K 1891 C
K 1719 R
K 1260 X
K 553 N
R 1491 P
R 990 O
R 937 H
K 1742 H
K 128 E
R 1253 R
K 1619 U
K 1173 K
K 284 G
R 1624 L
R 1233 E
R 889 Y
K 1818 O
R 1651 M
R 1344 A
K 180 R
R 1056 K
R 586 S
K 1603 U
K 690 U
R 1326 T
R 478 P
R 150 B
R 137 Q
K 897 P
K 646 A
R 1618 U
R 1594 G
R 1394 G
R 531 W
K 1841 O
R 817 W
R 595 X
K 701 J
R 1680 S
R 858 K
K 1380 E
K 1073 E
R 1537 D
K 1782 J
K 1545 L
K 1386 A
R 452 T
K 1325 S
R 575 U
K 1103 Y
K 692 K
K 544 E
K 214 X
R 1509 W
R 931 N
R 653 J
R 258 P
K 1529 R
R 430 M
K 627 I
K 139 B
R 269 E
K 1535 A
K 1288 O
R 593 H
K 1352 E
R 1915 N
R 1191 Q
R 745 J
K 72 X
R 1956 J
K 1898 D
K 1188 Q
R 1715 O
K 958 O
K 804 J
K 5 U
R 965 N
R 852 U
R 738 M
K 1533 C
K 1066 Y
K 966 G
K 731 T
K 425 N
K 270 R
R 1739 L
R 505 O
K 1243 N
R 379 Q
K 1927 N
R 178 C
K 1293 G
R 717 K
K 1670 R
R 448 W
R 174 E
K 930 O
R 1776 Y
R 1084 X
R 975 U
K 1687 U
K 1104 H
K 745 J
R 284 A
K 1824 Q
K 1064 S
K 844 S
K 435 V
K 272 U
R 1145 P
K 567 D
R 1728 Y
R 952 O
K 258 F
R 970 E
K 1498 X
K 1070 D
R 560 N
K 1665 S
K 170 I
R 1837 A
R 1575 M
R 1444 M
R 1223 Z
R 1012 F
R 572 I
K 1552 C
R 1731 M
R 1370 S
K 1870 I
R 888 P
K 1209 Q
R 1808 J
R 674 B
K 1362 H
K 893 A
K 838 L
K 790 P
R 1240 E
K 1014 R
R 1670 I
R 1020 T
R 544 R
K 1502 Q
K 1413 O
K 643 B
R 393 I
K 1712 W
R 1945 J
R 1906 I
K 1684 K
R 371 Z
K 819 P
R 683 Y
K 1709 T
R 197 R
K 1110 F
R 706 P
K 1466 B
K 1148 B
K 216 P
R 1410 Z
K 1426 V
R 1748 H
K 1024 V
K 684 Z
K 487 E
R 1882 U
R 1557 G
R 1303 B
R 280 X
R 57 E
K 1567 P
K 512 K
R 1590 P
R 562 P
R 206 A
K 988 O
K 239 D
R 1796 A
R 1626 D
K 1929 O
R 1709 A
K 724 B
R 1474 Y
R 1380 K
R 878 M
K 535 O
R 1929 H
K 1180 M
R 1501 X
R 350 S
K 1914 Q
R 1859 X
R 1504 R
K 1443 C
R 1686 O
K 1799 X
K 1001 L
R 1785 G
R 740 R
R 567 X
R 561 F
K 1438 T
K 1283 A
K 951 L
R 1993 U
K 1433 F
K 676 L
R 64 C
K 1279 G
R 581 D
K 1340 W
K 1306 U
R 780 I
R 431 Z
K 1788 X
K 1509 Y
K 1370 E
K 1082 B
K 940 T
K 916 S
K 90 F
R 1961 I
K 1041 F
R 1132 A
R 16 Z
K 58 Y
R 1372 T
R 302 E
R 238 I
R 69 U
K 1735 K
R 1659 O
R 1397 E
R 1378 H
R 986 N
R 751 F
K 874 N
K 783 Z
K 635 Y
K 620 B
R 489 U
K 800 X
R 120 G
K 1787 S
K 1422 X
R 682 X
R 679 J
K 569 E
K 541 X
R 1917 P
R 121 H
K 1995 W
K 1387 J
K 1199 K
K 1137 P
K 332 C
R 1972 E
R 1879 O
R 1625 H
R 1194 S
R 251 U
K 1043 P
K 865 R
K 593 C
K 110 L
R 1360 G
K 991 D
K 3 S
R 335 P
R 114 X
K 474 K
R 1767 U
K 1473 Z
R 1608 X
R 1442 G
R 988 T
R 923 S
K 1504 Q
K 423 X
R 2 R
K 557 Q
R 460 I
K 571 S
R 528 D
K 1708 V
K 1372 E
K 1295 P
K 974 Y
K 439 Q
K 411 Y
K 200 Z
R 1920 M
R 1094 L
R 742 F
K 1035 Q
R 438 I
R 147 C
K 558 H
R 1369 E
K 1843 O
R 115 G
K 1971 A
K 1740 C
K 712 V
R 1228 R
R 180 F
K 505 V
R 1723 J
R 1393 A
R 1248 C
R 588 I
K 293 M
R 1648 X
K 666 E
K 112 Q
R 1506 N
K 1038 J
R 893 L
R 330 J
R 21 T
K 772 E
K 573 S
R 1922 U
R 213 V
K 1744 X
K 1593 E
K 1561 U
K 1463 Q
K 903 U
K 860 O
K 784 R
K 396 S
K 120 U
R 1872 R
R 554 P
R 232 G
K 308 Y
R 1452 B
R 1408 A
R 857 J
R 829 A
R 122 L
R 15 Y
R 6 V
K 1894 M
K 1814 D
K 1319 W
K 1197 K
K 955 T
K 566 L
R 1433 R
R 1227 M
K 1218 G
K 1111 R
K 1039 Z
R 1417 S
K 1604 S
K 350 Q
R 1564 Z
K 1278 E
R 170 W
K 1592 V
K 1205 R
K 604 D
K 485 M
R 633 L
R 125 P
K 963 O
K 787 X
K 670 Y
K 498 T
K 218 L
R 79 V
K 1341 T
K 1030 D
K 23 I
R 1711 V
R 293 W
K 1893 R
K 1083 J
K 881 N
R 1858 F
R 782 Q
K 1068 E
R 1263 N
R 710 Z
K 1655 V
K 454 T
K 191 D
R 692 S
K 1252 J
R 725 P
K 1367 X
K 1162 B
K 992 V
K 924 J
K 892 K
K 887 Q
K 778 M
K 469 D
K 346 R
K 290 Y
K 11 U
R 1577 J
R 1232 G
R 1222 L
R 904 O
R 719 D
R 29 G
K 1008 E
R 1588 F
R 385 X
K 1992 B
R 1259 F
R 1242 A
R 1172 S
R 998 F
R 737 U
R 499 Y
R 44 C
K 1986 S
K 1275 Z
K 1206 Z
R 1220 A
K 107 D
R 1955 H
K 1933 H
K 987 N
K 496 B
K 86 N
R 1924 H
R 1234 M
K 1381 M
K 1222 M
K 1053 U
K 1016 E
R 1112 C
R 109 V
K 747 U
R 1189 I
R 1150 S
R 1124 J
K 491 K
R 1255 L
K 1460 V
K 1076 B
R 513 H
K 1747 E
K 448 E
K 349 E
K 105 V
R 997 X
K 1037 L
R 597 B
K 702 F
K 340 F
R 1689 L
K 1080 E
R 681 C
K 204 Z
R 1829 T
R 1405 M
R 1114 O
R 408 P
K 888 L
K 841 O
K 430 F
K 152 A
R 1499 F
R 1007 U
K 1559 Q
R 1633 P
R 1468 R
R 1310 M
R 570 H
R 367 T
K 1732 K
K 163 G
R 1975 H
R 1535 M
K 1542 K
K 1192 P
R 42 N
K 815 L
R 1847 V
R 268 F
K 639 B
R 1650 U
R 1616 M
R 409 E
K 300 G
R 1688 P
R 356 Z
R 301 H
K 1833 M
R 1492 N
R 1064 B
K 427 Y
K 410 O
R 1073 R
R 930 S
R 881 P
K 895 C
R 1389 J
K 1417 C
R 1621 Z
R 1251 S
K 1822 F
K 934 K
R 1759 W
K 1505 F
K 252 Q
R 1208 N
R 391 V
K 624 A
R 1755 Y
R 241 C
R 216 N
K 1809 T
R 1273 N
R 964 C
K 1780 N
K 1540 G
K 1429 A
K 857 N
R 1496 J
R 1203 R
R 960 R
R 635 K
R 343 A
R 209 Z
R 97 J
R 85 W
K 1800 Q
K 1640 I
R 1503 Y
R 1141 N
K 1873 D
R 1930 Y
R 1422 D
R 1315 D
R 1257 R
R 959 R
K 339 G
R 1662 J
R 1652 J
K 1770 L
R 1979 J
R 1383 H
R 1283 Z
R 1278 S
R 805 L
R 754 P
R 729 R
R 59 F
K 976 X
K 713 T
K 476 R
R 1825 T
R 1110 Y
K 1850 T
K 1805 M
R 1777 E
R 1567 E
R 1453 D
R 447 J
R 247 N
K 1287 I
R 1015 E
R 291 Y
K 956 P
K 733 K
K 711 Z
K 210 T
R 980 G
K 1979 R
K 1316 B
K 179 G
R 446 T
R 429 Z
R 43 W
K 1170 Y
K 843 E
K 576 Q
K 22 X
R 1735 A
K 1980 L
K 1621 E
K 765 A
K 720 E
R 943 D
R 936 A
K 473 H
R 1070 K
R 305 N
K 1620 M
R 1862 T
K 1213 R
K 299 A
R 1799 E
R 1256 M
R 947 F
R 880 Q
R 695 D
R 243 W
R 191 C
R 168 D
R 49 X
K 1786 L
K 899 Q
R 1846 F
R 873 Q
R 380 G
R 136 I
R 83 L
K 1981 X
K 171 A
R 1729 W
R 1556 Z
R 726 P
K 1644 Q
K 165 U
R 855 Y
K 1203 G
R 439 J
K 984 J
K 499 T
R 1324 O
K 1636 S
K 1547 C
K 325 Q
R 1951 L
R 1482 M
R 1184 N
R 631 C
K 1289 X
R 1300 I
R 419 W
R 159 H
K 735 O
R 1916 F
K 1985 P
R 1832 A
K 864 W
R 514 D
K 952 F
R 1549 U
K 344 O
R 1155 I
R 220 C
K 1032 Y
K 403 Z
R 1913 Q
R 1323 P
R 909 B
R 329 Z
K 1991 J
K 1836 B
R 12 C
K 1683 X
K 661 F
K 365 E
K 143 T
R 999 E
R 126 B
K 1131 D
K 943 L
K 636 L
R 1642 N
R 1282 L
R 604 Y
K 1794 Z
K 278 L
R 1722 A
R 164 G
K 1241 U
K 309 E
R 883 P
K 1660 H
K 1262 V
R 374 F
K 1618 G
R 752 I
K 589 T
R 1459 E
R 1148 K
K 323 S
R 1093 X
K 1964 C
R 1214 Z
R 776 Q
K 103 S
R 1726 K
R 1421 O
R 1107 P
R 925 S
R 404 C
R 327 O
K 1861 A
R 500 H
K 311 T
R 1589 P
R 1520 Z
R 851 W
R 718 Q
R 522 Q
K 1411 V
K 1003 T
R 941 L
K 1642 I
K 700 M
K 697 X
K 405 L
R 204 B
K 1668 Z
R 1137 Z
R 471 Y
K 657 L
R 1265 M
R 1173 Z
K 1931 C
R 1225 Z
R 831 L
R 264 H
K 744 G
R 1749 A
R 1122 A
R 734 L
R 141 F
K 900 V
R 1816 I
K 1517 G
K 694 C
R 1065 O
R 542 L
K 1702 T
K 1475 D
K 1472 J
K 1468 V
K 117 U
R 837 K
K 1654 G
R 1936 Y
R 1908 W
R 1109 O
R 646 T
R 316 R
R 265 I
K 1649 G
K 358 Z
R 1250 L
R 665 A
K 1917 H
R 1117 T
K 1829 S
R 1586 H
R 11 A
K 1965 Y
K 1356 K
K 1320 F
K 523 B
K 282 Z
R 32 Y
R 25 J
K 1595 B
K 1261 C
K 263 Z
K 156 M
R 31 H
K 1845 M
K 562 H
R 1778 U
R 214 U
K 1357 O
K 913 F
R 1973 Q
K 1000 N
R 1025 O
K 1878 J
K 658 N
K 140 H
R 1361 T
K 1588 X
K 1532 H
K 1436 N
K 1322 U
R 67 M
K 1792 O
K 851 G
K 343 D
R 1737 N
R 1206 L
R 1101 R
R 354 D
R 30 G
K 2000 S
K 463 Y
R 339 H
K 61 L
R 1547 O
R 1285 F
R 568 Z
R 255 X
R 103 C
K 822 W
R 172 B
K 718 A
R 720 J
K 1739 O
K 1628 O
K 1615 T
K 1105 D
R 1475 S
R 1449 P
K 1970 N
K 1113 H
R 1718 A
R 1611 E
R 1435 X
R 1087 T
R 856 P
R 344 Y
K 1078 K
K 873 I
R 1982 K
R 698 B
R 639 H
R 596 X
R 580 Q
R 549 U
R 300 R
K 1624 C
K 834 X
R 1042 Z
K 1667 B
K 1652 H
K 1140 A
K 622 A
K 381 C
R 1413 N
K 1715 S
R 1828 J
K 1487 V
R 203 H
K 1696 O
K 1040 X
K 9 Q
R 313 C
K 742 U
R 772 K
K 1489 R
K 677 X
K 527 D
R 1445 C
R 1088 X
K 696 D
R 1448 U
K 1516 M
K 1477 L
K 703 K
K 141 P
R 1950 Y
K 412 C
R 1364 I
R 819 T
K 1251 I
K 725 O
R 1725 H
R 1455 M
R 1327 N
R 230 G
R 51 I
K 1906 O
R 632 Q
K 161 S
R 767 U
R 699 K
K 1608 K
K 933 F
R 1675 V
R 504 Y
R 459 V
K 1369 Y
K 373 C
R 1510 T
K 1905 U
K 1879 S
K 1560 L
K 879 E
K 513 U
K 371 U
R 1886 A
R 1580 X
K 867 T
K 295 Z
K 73 W
R 1888 K
R 1016 W
K 788 Q
K 637 K
R 1849 X
R 1598 I
R 1238 P
R 1118 A
R 709 F
R 689 B
R 179 Q
K 1856 N
K 891 T
R 523 P
R 517 D
K 979 V
R 1921 E
K 1511 S
K 421 W
K 118 X
R 1533 Z
R 1063 X
R 743 F
K 1765 W
K 1500 F
K 1379 W
R 882 W
R 296 M
K 1839 T
K 150 E
K 65 W
R 1330 G
R 1077 T
K 14 C
R 1267 G
R 713 H
R 432 K
R 132 G
R 9 V
K 1382 F
R 1667 A
R 1494 F
K 1961 K
R 1887 G
K 889 Z
K 292 C
K 124 Y
R 1696 O
R 47 I
K 488 R
R 1200 D
K 971 U
R 1495 Z
R 1286 B
R 645 J
K 1945 R
R 78 M
K 1503 D
K 1217 P
R 886 N
K 1623 X
K 960 L
K 836 G
R 1852 O
R 954 O
R 945 G
K 669 F
R 1576 Y
K 1641 B
R 1647 Q
R 1396 L
R 131 B
K 1952 A
K 938 J
K 736 W
R 1870 W
R 1347 W
R 1237 U
R 891 J
R 254 K
R 127 R
K 1394 Z
K 1159 L
K 996 V
R 794 B
K 645 U
R 1807 G
R 1541 U
K 1734 R
K 1149 J
K 792 U
K 654 Y
R 358 N
K 92 B
R 1470 R
K 1318 U
K 818 J
K 782 X
K 631 K
R 491 Z
K 1646 O
R 1891 O
R 981 X
K 1831 Z
K 1648 N
K 884 D
R 1919 M
K 1077 J
K 338 A
R 1213 S
R 1081 J
R 351 Z
K 1922 O
K 1807 T
R 739 K
K 1026 B
K 813 D
R 1519 K
K 1294 B
R 1331 T
R 1151 L
K 492 D
R 958 Z
R 565 F
K 1501 C
K 1432 M
K 237 P
K 192 J
R 982 B
K 1351 Z
K 1057 U
K 673 L
K 172 S
K 137 Y
K 104 I
K 87 L
R 1793 J
K 1874 K
K 872 J
K 615 K
R 1518 P
K 1280 R
K 17 O
R 1545 T
R 793 Q
K 318 H
R 1387 X
R 154 X
K 1484 K
K 280 C
R 854 R
K 1678 T
K 728 S
K 462 K
K 67 O
R 282 Z
K 1637 G
K 1323 I
K 1240 L
K 354 K
K 193 L
R 410 Q
K 1752 S
R 46 J
K 964 D
K 959 S
R 308 V
K 1584 U
K 910 V
R 1910 O
R 1803 F
R 1507 F
R 808 R
K 1055 W
K 726 L
R 989 D
K 1290 J
R 691 W
K 1099 L
K 298 H
R 1901 N
R 1235 Z
K 1685 I
R 1999 X
R 1534 D
R 3 Y
K 1485 T
K 628 N
K 230 M
K 174 I
R 1197 A
K 1179 V
K 313 D
K 276 X
R 661 A
K 630 H
R 333 A
K 1838 W
R 1676 S
R 1665 E
R 589 U
K 1133 A
R 1632 L
R 1044 I
K 167 O
K 115 H
R 1116 I
R 877 V
K 921 F
K 734 O
R 1783 Y
R 1581 Y
R 84 U
K 271 C
R 1671 M
R 814 X
R 730 T
R 375 T
K 1321 Y
K 1263 H
K 1189 F
R 1596 M
K 1936 R
R 1399 N
R 237 A
K 1445 V
R 1691 M
K 1900 N
K 1599 N
K 1565 C
K 1376 S
K 1265 H
K 1200 P
K 1047 Q
K 706 B
K 336 O
K 197 J
R 190 W
K 1528 Q
K 1329 W
R 872 B
R 307 T
K 568 G
R 160 K
K 223 M
R 373 G
K 1975 D
K 1692 Y
K 1095 A
K 465 O
R 867 E
R 649 X
K 1061 H
K 226 Q
R 1447 K
R 1231 V
K 189 N
R 1406 V
K 816 Y
K 106 K
R 140 X
K 1680 Z
K 908 U
K 99 W
R 973 Y
R 511 X
K 1755 N
K 1339 R
K 1254 C
K 235 S
K 187 W
R 1074 B
K 663 S
K 289 I
R 1268 R
R 804 D
R 467 A
R 455 D
R 347 M
R 320 C
R 113 W
K 948 L
K 678 W
K 316 H
R 598 M
K 1353 N
R 188 J
K 391 N
R 991 W
R 885 H
K 1185 T
R 1620 A
R 1483 H
R 704 F
K 1349 P
K 461 H
R 967 L
K 808 Q
K 393 P
R 1812 V
K 1982 O
R 534 P
K 1577 S
K 101 L
R 1239 P
K 441 B
R 798 Y
R 440 W
K 1313 L
K 273 Y
R 634 W
R 518 T
K 1669 W
K 840 C
R 1218 A
R 278 B
K 1544 F
R 1641 N
K 1930 Q
K 687 T
R 1333 O
R 1102 S
K 1948 T
K 592 P
K 238 J
R 555 D
K 1056 F
R 1249 H
R 574 J
R 235 J
K 442 P
R 1551 L
R 185 L
K 1497 U
R 1149 W
R 1018 Z
R 969 L
K 1400 X
K 401 F
R 1970 C
R 1548 V
K 1699 K
K 29 P
R 671 D
K 1392 J
K 327 U
R 1143 N
K 302 T
K 24 J
R 587 K
K 1790 T
K 1065 I
R 1823 N
R 1805 T
R 1540 J
R 1432 C
R 23 E
K 761 P
R 4 A
K 1630 V
K 1393 X
K 429 F
R 1292 L
K 1543 O
K 199 P
R 378 L
K 1168 N
R 996 L
K 686 F
R 275 O
K 1415 B
K 617 O
R 724 D
R 426 O
K 1613 E
K 490 L
R 65 K
K 1237 Z
K 907 A
K 155 H
R 1899 I
R 1186 J
R 924 A
K 722 W
K 310 B
R 1614 E
R 1461 W
R 162 L
K 1819 P
R 1695 R
K 901 I
K 656 R
R 1838 O
R 1646 U
R 1583 T
R 442 E
K 1474 H
R 506 R
K 1450 P
K 1074 L
K 715 N
K 445 X
R 1230 D
K 1886 R
K 1754 X
R 1892 W
R 603 F
K 716 A
R 1229 R
R 1176 G
R 652 H
K 1470 O
R 1335 N
R 948 G
K 1998 I
K 1867 B
K 1164 T
K 520 M
K 345 E
R 1599 Z
R 1209 Y
R 1004 W
K 356 Q
R 687 H
K 457 L
R 1068 E
K 1220 N
K 314 N
K 231 E
R 1546 R
R 1511 W
R 1166 A
R 1096 R
R 1076 O
R 908 M
R 557 E
R 547 O
R 539 G
R 456 V
K 1853 T
K 1036 U
K 945 D
R 1602 F
K 1954 R
K 1534 G
K 883 K
R 1655 L
R 1216 I
R 1043 T
K 1859 K
K 1391 G
K 386 S
R 1964 U
R 536 T
K 1626 V
R 601 M
R 273 E
K 1029 P
R 1386 I
R 1105 I
R 218 M
R 192 I
K 1849 K
K 1496 X
R 1381 Q
R 516 L
K 1840 H
K 978 L
R 1690 U
R 1544 R
R 605 A
R 66 A
K 1973 X
K 52 M
R 902 W
K 743 M
K 98 E
R 298 W
K 1416 R
K 1231 W
K 1084 N
K 456 F
K 49 Y
R 479 B
K 369 I
R 1337 B
R 1156 J
K 954 O
K 751 V
R 1458 G
R 939 X
R 412 N
K 603 O
R 376 Y
K 1759 E
K 1277 P
R 1062 N
K 922 Y
R 1754 I
K 1326 V
K 821 U
R 1336 A
R 1280 T
K 1292 L
K 242 D
K 212 B
R 1443 Q
R 1160 K
R 619 L
K 1901 E
R 1079 R
K 1033 S
K 483 N
R 1708 N
R 1554 Z
R 974 G
K 1616 A
K 1119 O
K 574 X
R 10 B
K 211 T
R 1760 P
R 622 F
K 789 R
K 127 B
R 783 L
R 80 E
K 1190 S
K 377 G
K 83 X
R 1772 A
K 990 Y
R 1656 Q
R 1302 W
K 431 B
R 651 F
R 427 X
R 36 M
K 1085 P
K 331 B
R 1196 Q
R 898 S
K 1490 W
K 911 C
R 578 D
K 1155 T
R 541 W
R 364 B
K 1469 R
K 184 H
R 283 F
K 1937 I
R 1040 N
K 1129 O
K 608 V
K 414 H
R 309 R
K 1713 X
K 1210 M
K 876 A
R 1856 I
R 1108 F
K 1405 O
K 1404 E
R 1698 J
R 1640 H
R 1140 W
R 111 G
K 123 Q
R 1867 M
K 1700 L
R 1855 X
R 1328 V
R 37 M
K 1284 F
K 1048 V
K 379 E
R 486 M
K 1562 R
K 794 K
R 1531 X
K 1100 L
R 1851 W
R 1365 O
R 1320 U
R 1190 Z
R 1011 L
R 903 S
R 592 P
K 1571 D
K 1215 H
K 1025 M
K 297 H
R 1489 J
R 684 Z
K 699 E
R 1958 Y
R 1514 I
K 1776 E
K 135 F
R 1622 T
K 1423 S
R 1952 I
R 1947 R
R 1629 Y
R 1329 T
R 512 F
K 1221 M
K 683 N
K 305 Z
R 1131 U
R 685 W
R 435 F
K 1420 W
K 181 K
R 1353 H
R 336 G
K 111 N
R 1401 D
K 434 M
R 1542 Z
K 1697 M
R 1657 S
R 1180 M
K 950 H
R 784 Q
K 1300 Q
K 221 M
R 233 T
K 1181 K
R 638 K
R 599 O
K 1851 X
K 1842 K
K 1488 N
K 415 Q
R 1437 S
K 967 Y
K 352 S
R 1693 M
K 1806 H
R 1348 F
K 1957 Z
K 1049 A
K 251 Q
R 346 Y
K 1812 S
K 1419 W
K 1134 I
K 776 R
K 254 C
R 1434 H
K 1781 C
K 1377 F
K 1109 C
R 892 G
R 815 T
K 1368 R
K 1253 G
R 992 Y
K 1745 I
K 1706 L
K 1154 Q
K 506 G
K 166 J
R 1339 L
R 469 I
K 1225 M
R 1896 B
R 1584 I
K 1666 Z
K 15 U
R 1072 H
R 483 Y
K 714 Z
K 577 S
R 1780 M
R 1033 T
R 787 R
R 636 J
K 1632 H
K 1566 R
K 511 T
R 558 H
R 337 D
R 261 F
K 1557 W
K 1232 I
K 1007 M
K 46 Z
K 1 G
R 1316 X
R 1041 E
K 1478 Z
K 446 I
R 716 M
K 1817 R
K 1435 P
K 1152 G
K 812 Q
K 775 V
R 630 N
R 624 P
K 835 K
R 1471 L
K 644 Z
K 132 L
R 1991 P
R 262 S
K 1570 H
K 328 M
K 304 X
R 45 T
K 741 V
R 461 G
K 1908 M
K 1868 L
K 552 E
K 537 Q
R 1306 T
K 909 S
R 1968 N
R 1850 G
R 1502 N
R 421 H
R 77 J
K 1228 C
R 816 T
K 1444 F
R 1466 Q
R 1111 U
R 181 F
K 532 P
R 1061 K
K 1012 E
K 975 W
R 96 F
K 915 C
K 503 J
R 1127 R
K 810 B
R 1844 X
R 1720 B
R 1668 F
R 1505 Z
R 1340 Y
R 1334 Q
R 1163 W
R 786 Z
K 1299 Q
K 1006 M
R 1373 S
K 708 V
R 1687 F
R 643 J
K 1236 H
R 912 R
K 1882 H
K 1355 N
R 34 D
K 1673 A
K 50 D
R 1639 F
R 977 B
R 1 H
K 526 D
R 173 T
R 163 H
K 1128 X
K 1054 R
K 579 E
R 1996 H
R 1031 D
R 530 Q
K 1997 P
K 1749 Q
R 1293 Y
R 215 I
K 1903 F
K 1455 P
K 937 A
R 1246 U
R 566 V
R 372 V
K 1580 P
K 390 S
R 1909 F
R 1178 N
R 1029 B
K 1594 R
K 1303 Z
K 740 O
K 515 B
R 966 H
R 71 W
K 1729 T
K 464 W
R 1205 Y
R 848 T
K 102 S
R 1978 I
R 1821 W
R 700 C
R 559 D
R 537 U
R 423 J
R 387 I
R 294 M
K 1282 E
K 1230 D
K 925 C
R 1773 M
R 1643 D
R 1591 T
R 1441 A
R 1181 X
K 1935 X
K 1848 G
K 451 A
K 136 E
R 1513 C
R 1049 G
K 655 P
R 1271 P
R 1055 W
R 414 E
R 228 G
K 662 R
R 1940 I
R 1032 T
R 728 M
R 496 S
R 436 J
R 324 I
R 53 Y
K 1753 C
K 1403 J
R 260 U
K 1737 S
K 625 J
R 1682 T
K 303 G
R 1587 U
K 1363 G
R 611 W
K 556 L
R 48 X
K 494 Z
R 1490 H
K 1327 M
K 1023 S
K 737 K
K 466 Y
R 1705 F
R 1245 M
R 1091 U
K 1953 H
K 1946 L
R 1038 G
K 1722 Z
R 1988 A
R 1262 K
K 1022 J
K 825 F
R 664 K
R 145 V
K 1857 S
K 1826 O
K 1171 I
K 695 W
K 534 E
K 449 P
R 1478 G
R 614 X
K 600 J
R 1658 W
R 1609 A
K 207 Q
R 1831 D
K 1347 D
K 906 N
K 213 V
R 629 S
K 1239 I
R 1532 O
R 1198 Y
R 1019 T
R 995 Q
R 563 F
R 182 M
K 1452 R
K 1291 B
K 586 F
R 1719 V
R 1179 G
R 876 T
K 1334 I
K 894 N
R 1023 V
K 1548 W
K 413 L
K 78 I
R 1779 S
K 1514 F
K 550 D
R 1346 K
K 1207 N
R 1775 S
K 1960 V
K 667 W
K 194 L
R 1106 Z
R 910 N
K 1789 K
K 757 H
K 561 A
K 91 K
R 1927 A
R 1051 U
K 1281 N
R 1744 T
R 1440 H
K 1793 G
R 1409 O
R 1332 T
R 822 G
R 766 T
R 229 I
R 175 L
K 997 Q
K 854 R
R 715 P
K 1521 B
R 1757 D
K 1513 M
K 898 Y
K 762 Q
K 472 F
R 1481 I
K 1331 I
K 291 P
R 1126 E
K 616 A
R 1113 S
K 1748 C
K 1564 M
K 159 O
R 1086 J
K 1924 U
K 39 A
R 869 I
K 1899 A
R 1600 P
K 709 A
R 1613 A
R 1582 A
R 811 B
K 1661 R
K 374 K
R 1154 I
K 1483 E
K 752 U
R 552 S
K 1725 T
K 1550 X
K 404 E
R 770 O
K 796 O
K 668 S
R 1136 T
R 832 H
K 1576 V
K 368 W
R 1374 X
K 265 N
R 1762 G
R 1439 C
R 1375 Q
K 1020 J
R 1528 H
K 1234 P
K 779 Q
R 139 C
K 1855 T
K 1519 T
R 1957 G
R 628 I
R 94 N
K 1512 C
K 133 Q
R 345 Y
K 1493 W
K 651 W
R 1497 W
R 1311 X
K 1751 H
K 1146 O
K 1108 W
R 1703 T
K 1827 U
K 1223 T
K 1088 U
K 766 M
R 657 H
K 764 Z
R 1362 O
R 1355 N
R 510 T
R 498 N
K 1662 E
K 1573 Y
R 1787 J
R 1431 O
R 1152 Z
R 1128 H
R 1120 V
R 1030 Y
R 775 B
R 348 E
K 1888 E
K 1046 Z
K 96 L
R 1095 H
K 1918 N
R 157 Y
K 995 X
R 963 Y
K 1147 G
K 509 K
R 1678 U
K 1832 E
K 408 L
K 375 D
K 257 H
R 501 F
K 1138 Z
K 77 K
R 116 V
K 1872 C
R 413 Q
K 1257 B
K 1163 U
R 1962 O
K 1458 U
K 1235 V
R 1363 E
R 1168 A
R 733 W
K 1852 U
R 507 L
R 477 Q
R 250 W
K 455 C
R 82 K
K 1847 C
R 955 R
K 1337 E
R 1465 S
K 531 T
R 1998 L
R 1430 U
R 1024 N
R 56 V
K 1058 K
R 1066 W
K 201 J
R 1949 X
R 1356 D
R 1104 W
R 543 A
K 1635 U
K 923 I
K 307 N
R 1995 D
R 1820 W
R 1572 L
R 1415 L
R 317 H
R 290 U
K 1896 C
R 1672 X
K 1167 E
R 1254 Z
R 1144 T
R 437 J
R 365 P
K 664 Z
K 648 F
K 458 E
R 118 J
K 1925 T
R 74 E
K 869 A
R 1644 X
R 363 R
K 126 H
R 1147 Y
R 696 K
R 257 H
K 145 A
R 1607 M
R 1558 T
K 820 P
R 1985 O
K 81 P
R 1522 J
R 839 O
K 1590 I
K 402 V
K 285 W
R 1782 E
R 286 U
K 1771 C
R 1800 S
R 1710 A
R 1562 Q
R 1395 P
R 1026 G
R 602 A
R 189 C
K 416 Y
R 73 D
K 1721 F
R 1617 A
K 1704 R
K 1454 H
R 1100 H
R 701 X
R 662 V
K 1633 S
K 1447 H
K 1002 K
R 1085 V
K 1703 L
K 1448 K
R 1290 T
K 1864 O
K 1549 H
K 1361 Y
K 1166 Z
R 1981 U
R 759 C
R 402 N
K 1923 O
R 1603 E
K 829 O
K 629 F
K 397 M
K 225 F
R 553 U
K 267 Q
R 450 N
R 149 C
K 1165 I
K 524 J
R 961 X
R 938 B
R 7 U
K 1865 J
K 1399 J
K 1365 B
K 1264 X
K 1091 Z
K 989 Q
K 753 Q
R 1252 L
K 1902 X
K 1276 W
K 1246 L
K 647 R
K 578 N
K 190 T
R 1277 I
K 1974 W
K 1428 B
R 1761 N
K 1508 B
R 217 D
K 941 Y
R 1822 V
K 1350 T
K 886 H
R 1561 A
K 1059 R
R 1597 G
K 1921 X
R 550 R
K 1212 T
R 1402 I
R 195 X
K 1651 A
R 1384 G
K 1999 J
K 1862 G
K 1568 P
K 1332 H
K 848 M
K 601 G
K 595 S
K 400 K
K 227 Y
R 1069 Q
K 1601 Q
K 1143 G
K 619 N
R 1694 C
R 993 G
K 1741 F
K 1437 U
K 1312 Q
K 969 A
K 585 R
R 1766 N
R 1751 N
R 1631 V
R 1446 D
R 1080 W
R 944 X
R 758 U
R 556 W
R 441 L
R 332 H
R 86 F
K 1305 P
R 1570 E
R 18 O
K 407 C
R 1741 V
K 1705 N
K 1062 I
R 1008 W
R 425 H
K 12 U
R 1075 Y
K 1634 A
K 679 Y
R 777 O
K 1102 W
K 929 C
K 748 J
R 914 K
K 732 W
R 1932 H
K 4 R
R 1376 R
R 979 R
R 827 B
K 1939 G
K 1075 M
R 1746 O
K 1768 U
K 981 Y
K 351 F
R 1379 T
K 607 S
K 417 T
R 868 P
R 468 Z
K 917 U
K 392 T
R 1743 L
R 366 K
R 166 J
K 1018 Y
R 1763 B
R 762 E
R 760 P
R 444 N
R 422 K
K 1499 E
K 452 L
K 244 Q
R 935 K
R 462 X
K 832 Z
R 1138 L
R 1103 J
K 1427 U
K 845 T
K 803 R
K 612 L
K 294 Y
R 1595 V
R 884 J
K 70 A
R 54 J
K 1653 T
K 1578 B
K 1255 I
K 1156 S
K 999 A
K 361 Q
R 1275 K
R 721 Q
K 780 K
K 774 E
K 672 F
R 1645 X
R 411 V
R 246 C
K 1267 W
R 836 O
K 614 X
K 68 Q
R 401 Y
R 252 M
R 100 T
R 35 M
K 793 S
R 1298 M
K 826 E
R 1836 Z
R 1550 G
R 1322 A
R 1288 G
R 1083 O
R 844 M
K 1990 F
K 1285 T
R 928 W
R 748 C
R 369 S
K 590 A
K 59 I
R 128 B
K 1791 C
R 540 Y
R 476 J
R 207 A
K 1546 E
K 985 I
R 1714 Z
R 1170 T
R 637 X
R 274 H
K 1597 U
K 634 W
R 1736 R
R 792 K
K 1944 P
K 2 I
R 1824 D
R 824 T
K 28 Q
R 1845 E
R 418 V
R 341 N
R 292 O
K 1858 D
K 682 O
K 334 G
R 576 C
R 244 X
K 965 L
K 760 F
K 444 M
K 89 B
K 62 F
R 1429 Z
R 916 C
R 585 Q
K 1563 K
K 1338 J
K 253 Z
K 8 V
R 1637 G
K 507 L
R 1928 L
R 1893 I
R 659 G
R 606 V
K 1846 M
K 1398 F
R 774 F
R 732 A
K 831 S
R 773 T
K 116 N
R 1428 B
R 871 I
R 133 V
K 1943 O
K 1364 D
K 902 K
R 1786 H
R 1207 K
K 1698 I
R 1944 J
R 1918 C
K 1926 K
K 1844 Q
K 559 J
K 437 Q
R 1571 T
K 1804 F
K 1374 Z
K 653 W
R 1840 H
R 465 D
K 855 U
K 785 Z
R 1606 E
R 812 B
R 457 J
K 383 K
K 372 F
R 1219 N
R 750 P
K 773 J
R 913 U
R 485 Y
K 1764 V
K 1385 X
R 1758 E
R 1071 N
R 146 A
K 1135 W
R 1426 L
R 70 W
K 367 I
R 1638 L
R 295 M
K 394 O
K 301 S
R 900 G
K 1731 S
K 1553 E
K 1541 N
K 1373 G
K 1301 I
K 928 G
K 158 I
K 71 V
R 449 H
K 1663 O
K 493 S
R 1398 Q
R 355 F
K 1750 W
K 1424 S
K 597 U
R 1864 F
K 1797 Y
K 738 U
R 106 W
K 994 H
R 1153 R
R 1017 N
R 89 R
K 1442 I
R 1182 I
R 621 Q
K 1672 U
K 1572 E
K 395 R
K 48 B
K 33 I
R 1984 X
R 1791 M
R 828 Q
K 1881 V
K 880 H
R 1009 B
R 196 P
R 88 O
K 1526 L
R 1185 T
K 799 S
R 148 J
K 970 P
R 1740 G
R 778 M
K 1139 I
K 319 D
K 317 R
K 236 S
R 1809 O
R 1279 G
K 333 C
R 1712 J
K 1738 Q
K 1211 D
R 1980 B
R 1802 W
R 1414 O
R 1291 C
R 1260 Z
R 1047 N
R 508 X
K 1310 I
K 40 D
R 976 U
K 642 E
K 195 B
R 1169 A
K 1676 U
K 730 E
K 341 E
R 1649 Y
K 1761 K
K 660 C
R 1484 G
R 1134 F
K 1658 A
K 583 Z
K 32 Z
R 1634 G
R 1013 M
R 795 L
K 1760 C
K 798 B
R 1512 X
K 1160 X
K 1011 P
R 551 R
K 130 I
R 670 B
R 263 H
K 347 C
R 1162 N
K 1820 T
K 1581 X
K 1530 I
K 777 C
R 1578 V
R 942 D
K 927 T
K 689 E
R 533 S
K 1184 B
K 605 K
K 353 S
R 1244 R
R 901 Q
R 171 H
K 1021 R
K 849 K
K 823 U
K 16 S
R 1986 I
K 329 M
R 1774 S
R 1338 S
R 253 S
K 1920 E
K 953 R
K 817 F
R 1121 H
R 463 S
K 563 I
K 387 F
R 1059 J
K 1551 E
R 807 Y
K 1151 F
R 1560 W
R 1301 T
R 1028 J
R 1021 Q
K 1834 I
R 1871 Q
R 722 K
K 977 G
R 1195 F
K 82 Q
R 394 V
K 1476 L
K 1175 Z
R 526 A
K 1520 E
R 311 I
K 1942 V
K 1727 J
K 436 I
K 64 U
R 420 T
K 982 K
K 584 A
R 1941 X
K 1176 F
K 281 Z
R 187 T
K 536 B
R 1885 K
R 1875 Y
R 1297 Q
R 1183 I
R 352 M
K 704 E
R 1274 B
R 703 G
K 1314 G
K 852 E
K 693 L
K 109 I
K 41 U
R 1997 D
R 1487 U
R 515 J
K 1913 G
K 1527 U
K 1506 J
K 306 O
R 1926 V
R 1839 F
R 1619 W
R 1000 C
R 956 A
R 650 T
R 493 X
K 1962 I
R 951 X
R 790 H
K 69 B
R 1883 U
K 1720 X
K 1556 A
K 598 T
R 744 E
K 378 J
R 895 O
R 434 X
K 95 E
R 1794 U
K 1932 H
R 1971 Q
R 1880 C
R 1854 Q
R 1798 H
R 1211 S
R 779 O
R 761 C
R 142 N
R 105 E
K 1204 G
R 1764 M
R 1473 C
R 1158 O
R 861 Z
R 711 G
R 445 M
R 5 R
K 1707 E
K 1617 W
K 919 B
K 359 K
R 484 M
K 348 G
R 1046 O
K 51 I
R 1382 T
K 1187 K
K 739 Y
R 1343 C
R 1289 R
R 731 G
K 1090 W
R 1848 D
R 1806 A
R 1048 B
K 801 C
R 1990 R
R 1515 E
K 1915 C
K 1837 Y
K 1718 H
K 1480 Z
K 528 M
R 690 P
K 1342 K
K 1172 N
K 426 B
K 196 Q
R 926 A
K 1947 U
R 546 V
K 1069 W
K 1009 X
K 962 Y
K 882 L
K 20 O
R 818 H
R 223 V
K 904 W
R 1454 N
K 1495 J
K 1256 H
R 1610 B
K 1612 L
K 1183 Z
R 1605 E
K 1107 I
R 1960 Q
K 1216 J
K 1142 H
K 859 N
K 671 W
R 143 C
R 90 A
K 1525 D
K 638 T
R 1129 C
K 1866 J
K 1467 K
K 856 G
K 807 V
K 688 J
K 443 H
K 260 A
R 929 H
R 112 B
K 420 F
R 1699 X
K 705 I
R 1713 K
K 517 I
R 1721 B
R 1318 N
K 148 R
R 1704 B
R 1115 P
R 502 I
K 1434 T
K 432 T
K 176 E
R 1403 R
K 863 T
K 321 V
R 1593 G
R 594 Z
K 580 F
R 1752 Y
R 705 P
K 1440 A
K 824 U
R 918 M
R 503 G
R 312 J
K 1371 N
R 843 S
R 663 D
K 1966 E
K 1883 P
K 1828 V
R 1934 Z
R 443 I
K 1193 H
K 681 K
R 1526 V
K 1122 R
R 1226 I
K 398 K
R 1097 Q
R 470 Q
R 93 H
K 1779 Z
K 1191 Z
K 1174 L
K 1079 A
K 717 L
K 518 J
R 33 K
K 771 L
R 102 N
K 1767 N
K 727 L
K 57 M
R 573 B
R 227 U
K 42 V
K 18 J
R 1983 A
R 1636 R
R 1565 L
R 1167 G
R 644 M
R 397 A
R 288 S
K 1958 J
K 1714 S
R 1523 I
R 91 G
K 1194 M
R 1894 M
R 1307 H
R 1058 H
R 680 I
R 281 O
R 242 D
R 123 E
K 814 Z
R 1869 M
R 289 F
R 277 J
K 1412 B
R 1464 U
R 1281 L
R 1001 R
R 63 N
K 1854 S
K 94 Q
R 428 B
K 1298 R
R 1498 E
R 796 N
K 1890 O
R 1563 P
R 1050 N
R 417 T
K 37 S
R 1771 I
R 1060 I
R 894 J
K 1622 W
K 768 N
R 1865 N
R 1819 J
R 1733 I
K 419 V
R 315 M
K 570 H
R 1358 I
R 821 I
R 377 B
K 1723 M
K 453 M
R 1697 O
R 1002 W
R 104 X
K 1993 A
R 1493 E
R 1261 S
R 41 M
K 1639 I
K 364 G
K 261 I
R 1161 N
K 1409 R
K 944 F
K 555 D
R 863 W
R 694 F
R 564 M
R 466 F
K 7 Y
R 1895 Y
R 386 W
K 245 F
R 1679 I
K 1375 X
K 1195 F
R 249 Z
K 1266 Y
R 234 T
R 75 A
K 1746 P
K 896 X
R 1790 E
R 842 N
K 1757 P
K 185 M
R 1946 Q
R 19 U
K 173 J
R 616 J
R 240 O
K 1610 J
K 611 Y
R 833 D
K 1004 E
K 830 C
R 1479 K
K 1226 S
K 621 W
K 234 K
K 25 Q
R 1412 T
R 509 T
K 355 F
K 248 A
R 1660 T
K 1717 V
R 1592 G
K 1425 U
K 1401 G
R 451 K
K 781 E
R 1500 A
K 1330 U
R 1937 J
K 1307 I
K 389 O
R 1366 Q
R 906 D
R 492 A
K 259 E
R 1954 L
K 802 X
R 1601 U
R 349 C
R 165 C
K 1524 E
K 1269 N
K 1208 S
K 805 A
K 759 A
K 543 Z
R 323 W
R 194 S
K 1479 Q
K 1378 L
R 1842 M
R 826 T
K 1996 M
K 1726 H
K 1711 F
K 949 P
K 931 G
R 1171 P
R 453 I
K 1586 N
R 276 E
K 1691 G
K 1679 Z
R 1082 O
R 101 I
R 98 M
K 1569 P
R 1325 H
R 755 I
R 707 W
K 1762 Q
K 719 N
R 1881 I
R 1276 P
R 396 U
K 533 R
R 359 N
K 1638 F
K 1607 D
K 1471 P
K 961 J
R 1732 G
R 736 U
K 1887 M
R 820 E
R 608 W
K 149 H
R 1368 O
R 899 P
K 1114 B
R 799 W
K 433 O
R 1833 N
K 1311 L
R 609 S
K 1934 Y
K 1690 W
K 1686 F
K 1491 H
R 169 P
K 1659 Y
K 1286 H
R 1860 H
R 236 R
K 957 G
K 936 V
R 809 B
K 157 K
R 1187 L
R 1174 P
R 688 C
K 809 U
R 1456 K
K 1050 G
K 942 C
K 599 M
R 672 H
K 1258 S
K 710 I
R 1817 Z
K 993 Q
K 587 M
R 416 D
K 1270 Z
K 1153 X
R 1385 B
R 231 Y
K 1895 S
K 43 K
R 495 A
K 721 T
R 1299 A
R 1192 G
K 885 I
R 1813 W
K 1309 Y
K 1034 Q
R 1977 H
R 810 Y
K 30 P
R 1717 X
K 1144 O
R 1543 R
R 458 N
K 1984 Y
K 1695 Q
K 1333 P
K 1132 I
K 866 P
K 481 Y
K 138 D
R 1391 A
R 1296 V
K 1976 V
K 1682 N
K 1201 H
K 1145 G
R 1516 E
R 987 K
R 600 X
K 1835 G
K 1510 I
K 508 S
K 380 H
K 100 G
R 640 E
K 1063 X
R 1992 O
R 1734 W
R 768 F
K 1360 Y
R 1959 N
K 1675 Y
K 1515 L
K 1315 I
K 385 G
R 1966 A
K 1949 Q
R 1224 Z
K 1728 U
R 1857 V
K 1125 D
R 1123 Q
R 368 C
K 1247 D
K 946 A
K 811 B
R 1460 K
K 1421 Z
K 1177 Q
R 708 X
K 1677 T
R 920 U
K 97 W
R 1612 V
K 1407 G
K 1343 I
K 1115 T
K 1045 M
K 875 G
K 846 E
K 770 N
K 680 Y
K 609 L
K 495 G
K 337 J
K 322 T
R 1438 F
K 1384 P
K 758 B
K 363 M
R 1630 E
R 693 Z
R 134 F
K 256 U
R 896 J
K 1876 L
K 497 A
R 1627 R
K 320 G
R 1035 D
R 781 N
R 673 Y
K 1916 B
K 1783 N
R 1270 N
R 950 B
R 571 G
R 108 D
K 1716 D
K 1631 N
K 1585 K
K 1169 A
K 1060 Y
K 75 D
R 1965 W
R 1003 T
K 1808 X
R 1683 S
R 1604 E
R 1258 O
K 1081 U
R 1953 J
R 1756 M
R 62 X
K 1821 Y
K 1598 E
K 806 N
K 610 L
K 554 S
R 1585 K
K 249 B
R 1427 N
K 1815 N
K 1589 Y
K 947 H
K 878 D
K 853 H
K 548 K
K 360 O
K 206 M
K 108 F
K 93 O
K 26 J
R 318 X
K 1089 E
K 890 Q
K 613 U
R 1830 V
R 1312 Q
K 255 O
R 591 U
K 1645 T
R 1476 O
R 1210 O
R 1089 U
R 897 D
R 390 I
R 383 M
K 1028 W
R 398 J
K 1031 V
K 525 S
K 450 K
R 256 M
R 52 O
K 1554 M
K 440 N
R 299 W
K 1271 H
R 1345 R
K 749 E
R 360 E
R 287 K
K 1941 R
K 406 N
K 154 M
R 1669 L
R 1164 X
K 1863 M
R 825 Y
R 656 Z
K 926 N
R 1789 H
R 1781 X
R 1351 F
R 957 I
R 723 S
R 529 B
K 626 G
R 1159 C
K 564 N
R 841 A
K 1388 C
K 229 V
R 610 Z
K 330 R
K 188 X
K 183 S
R 1357 V
K 618 N
R 1424 A
K 1758 W
K 1694 B
K 871 M
R 1795 Z
R 1472 E
R 1404 K
R 520 B
R 473 Z
R 87 Q
K 1233 A
R 1022 I
R 791 V
K 1928 X
K 1701 I
K 269 U
R 1272 M
R 40 M
K 1558 Z
R 55 W
K 215 U
R 1768 N
K 1825 C
R 1304 O
K 1796 R
K 986 O
R 658 P
K 1093 T
R 1747 E
R 984 B
R 482 X
R 357 V
K 877 I
R 407 Q
K 1977 I
R 1727 C
R 1243 C
R 129 G
K 1117 O
K 968 A
R 1319 O
R 789 Y
K 1198 G
K 27 F
R 1221 O
K 1121 X
R 68 K
K 847 T
K 769 V
K 47 D
R 1745 H
R 853 X
R 757 R
R 124 T
R 61 P
K 1431 O
K 791 Q
K 459 Q
K 38 H
R 1976 O
R 1814 Q
R 1716 B
R 1568 H
R 1392 U
R 1321 F
R 1057 N
R 905 U
R 850 M
R 625 W
R 488 H
K 1096 C
R 1948 W
R 1305 V
R 81 Y
K 1092 L
R 1701 X
R 1201 X
R 1092 B
K 489 R
K 480 Y
R 1416 C
R 667 S
R 151 F
K 1801 A
R 306 S
K 1539 L
K 870 C
K 151 B
R 1877 P
R 864 M
