3998
R 1800 E
R 1252 E
R 827 A
R 764 E
R 221 A
K 911 A
K 738 E
R 1618 A
R 1360 E
R 223 A
K 1919 E
K 1491 A
K 1318 A
K 705 A
K 355 E
R 1865 E
R 1830 E
R 448 A
K 1764 A
K 1203 A
K 1107 E
K 1017 A
K 363 E
R 1373 E
R 855 E
R 674 A
R 150 E
K 1568 A
K 1446 E
K 1176 A
K 955 E
K 661 A
R 1666 E
R 1504 A
R 1118 A
R 608 A
R 209 A
K 1661 E
K 1514 A
K 1471 A
K 1302 A
K 1131 E
K 1109 E
K 698 E
R 1739 A
R 1565 A
R 1271 E
R 600 A
R 442 A
R 368 A
R 68 A
R 48 A
K 1703 E
K 1634 E
K 1600 E
K 1552 A
K 1546 A
K 1283 A
K 973 A
K 284 A
R 1991 E
R 1942 A
R 1894 A
R 1596 A
R 1304 A
R 925 A
R 742 E
K 1999 E
K 1963 A
K 1088 A
K 728 E
K 322 A
K 160 A
R 1966 E
R 1952 A
R 253 E
R 136 A
K 1598 A
K 627 E
K 567 A
K 138 A
R 1792 E
R 1524 A
R 325 A
K 1601 A
K 922 A
K 868 E
K 497 A
R 1043 A
R 648 E
R 332 E
R 244 E
K 1806 A
K 1721 E
K 1325 A
K 1196 A
K 1123 A
K 863 A
K 212 A
K 73 E
K 43 A
R 1954 A
R 1583 E
R 804 E
K 1404 E
K 1330 A
K 833 A
K 815 E
R 1697 E
R 1522 E
R 171 A
K 1841 E
K 1344 A
K 582 E
K 385 E
K 358 A
K 78 A
R 1889 A
R 1683 A
R 1513 A
R 1134 A
R 699 A
R 647 A
R 646 A
R 528 A
R 406 E
K 703 A
K 692 E
R 1410 A
R 1241 E
R 828 E
R 562 E
K 547 E
K 309 A
K 108 E
R 1712 A
R 1691 A
R 1342 E
R 1021 E
R 941 A
R 765 A
R 311 A
K 1809 A
K 1409 E
K 1186 E
K 623 E
R 681 A
R 229 E
K 1880 A
K 1698 E
K 462 A
K 364 E
K 89 E
K 5 A
R 451 A
R 353 E
K 1542 A
K 349 E
R 1072 E
R 959 E
R 736 A
K 1617 E
K 1487 E
K 1231 A
K 1224 E
K 1041 A
K 812 A
K 784 A
K 654 A
K 521 A
K 390 A
R 1841 A
R 1732 E
R 923 A
K 1030 A
K 960 E
K 839 E
K 794 E
K 418 E
K 231 A
K 213 A
K 152 E
K 13 E
R 355 E
R 114 A
K 1951 A
K 1895 A
K 1609 E
K 1311 A
K 1285 A
K 1035 A
K 914 A
K 85 A
R 1621 E
R 1498 E
R 1479 E
R 1237 E
R 1161 E
R 1143 E
R 1075 E
R 1012 E
R 769 E
R 744 E
R 200 E
R 24 A
K 1296 A
K 793 E
R 761 A
R 437 E
K 1615 A
K 866 A
K 338 E
K 99 E
R 1641 E
R 1214 E
R 1176 A
R 1091 E
R 901 A
R 654 E
R 589 A
R 256 A
R 101 E
K 1426 A
K 913 E
K 869 E
R 1645 E
R 730 A
R 704 E
R 151 E
K 1682 E
K 680 A
R 1696 A
R 1601 A
R 1529 A
R 1178 A
R 680 A
R 610 E
K 1253 E
K 904 A
K 347 A
R 1594 A
R 1202 A
R 571 E
K 1854 E
K 1842 A
R 1155 A
R 495 E
R 422 E
R 264 E
K 1977 E
K 733 A
R 1917 A
R 1755 E
R 100 E
K 1271 A
K 1043 A
K 214 E
K 196 A
R 1795 A
R 1624 A
R 1199 A
R 713 E
R 289 A
K 1493 A
K 690 E
K 428 E
R 838 E
R 345 E
R 344 A
K 1813 E
K 1630 A
K 1540 A
K 1415 A
K 713 E
R 1416 A
R 1092 E
R 80 A
K 1623 E
K 1341 A
K 1162 A
K 1046 A
K 632 A
K 86 E
R 1863 A
R 587 E
K 1732 A
K 1150 E
R 1766 E
R 1719 E
R 1444 A
R 1301 A
R 1259 E
R 1146 E
R 1059 E
R 922 A
R 732 A
R 277 A
K 1887 E
K 686 A
R 1808 E
R 1781 A
R 1346 A
R 824 E
R 28 A
K 1795 E
K 410 A
R 1976 A
R 1572 E
R 1536 E
R 1135 E
R 963 E
R 879 E
R 695 E
R 542 E
R 326 E
R 259 A
K 1926 E
K 1625 E
K 1468 A
K 304 E
R 1901 A
R 1861 A
R 1527 E
R 1110 A
R 191 E
K 1922 E
K 923 E
K 32 A
R 743 A
R 613 E
R 168 A
K 1503 E
K 1343 E
K 986 A
K 942 E
K 496 E
K 381 A
R 1306 A
R 135 E
K 1808 E
K 1482 A
K 1439 E
K 25 A
R 1672 A
R 1560 E
K 1451 E
K 1312 A
K 1192 E
K 795 A
K 251 A
K 228 E
R 1564 E
R 954 A
K 1624 A
K 1385 E
K 1157 A
K 1002 A
K 613 A
R 298 E
R 246 A
R 47 A
K 1462 A
K 1416 E
R 1854 E
R 1784 A
R 1352 A
R 1159 E
R 669 E
K 1613 A
K 574 E
R 2000 A
R 1754 A
R 802 A
R 560 A
R 110 E
K 1986 E
K 1340 A
K 1058 E
R 1946 A
R 1434 E
R 1234 A
R 1179 A
R 351 A
K 961 E
K 469 A
K 361 E
R 914 A
R 754 E
K 1526 A
K 1360 E
K 687 E
K 493 E
R 1493 A
R 909 E
K 1413 A
K 615 E
K 602 E
K 154 E
R 1614 E
R 817 E
R 525 E
R 23 A
K 1856 E
K 1483 E
K 275 A
R 1528 A
R 874 E
K 1556 A
K 1289 A
K 921 E
K 257 E
R 1964 E
R 1698 A
R 1347 E
K 1789 A
K 879 E
K 438 A
K 141 A
R 1822 A
R 1613 E
K 303 A
K 16 E
R 1935 A
R 1794 E
R 1746 E
R 1401 A
R 1105 E
R 541 A
K 1921 A
K 1596 A
K 958 A
K 626 E
K 581 E
K 191 A
R 1670 E
R 1532 A
K 1547 A
K 1256 E
K 1073 A
R 1992 E
R 1710 A
R 825 E
R 792 E
R 748 E
R 644 E
R 555 E
R 327 E
R 86 A
K 1817 A
K 1333 A
K 1143 A
K 792 A
K 514 E
K 239 A
K 81 A
R 977 A
R 157 E
K 1469 E
K 1205 E
K 115 A
R 1535 A
R 424 E
K 1397 A
K 622 A
K 240 A
K 12 E
R 1778 A
R 1678 E
R 796 E
K 1882 E
K 1581 A
K 1567 A
K 938 A
K 775 E
R 1653 A
R 111 E
K 1897 A
K 1773 E
K 931 E
K 318 A
R 1920 A
R 1790 E
R 835 A
K 1672 E
K 1099 A
R 1637 E
R 1363 A
R 1317 A
R 881 A
R 591 E
R 511 E
K 1172 E
K 576 A
K 516 E
R 1886 A
R 1094 E
R 807 A
R 665 E
K 1582 A
K 875 A
K 125 E
R 1994 A
R 1870 A
R 1033 A
R 652 E
R 308 A
R 183 E
K 1988 A
K 1422 A
K 1402 E
K 1018 A
K 445 E
K 301 A
K 174 A
R 1783 A
R 1329 E
K 1831 E
K 789 A
R 1549 E
R 961 E
R 312 A
K 820 A
K 631 A
K 27 E
R 1209 E
R 762 A
K 939 A
K 258 E
R 1961 E
R 1418 A
R 904 E
R 662 E
R 474 E
R 428 A
K 1181 E
K 1152 E
K 1045 E
K 729 A
R 967 E
R 583 E
R 186 A
K 907 A
K 786 E
R 1960 A
R 1883 A
R 1169 A
R 520 E
R 190 A
K 1991 E
K 806 A
R 1066 E
R 889 E
R 727 A
K 1869 A
K 1319 E
K 137 E
R 1730 E
R 1616 A
K 1906 A
K 1687 E
K 1659 E
K 1301 A
K 62 A
R 1164 E
R 668 A
K 1941 E
K 1917 E
K 1605 E
K 925 E
K 566 E
K 505 E
K 392 A
R 1820 E
R 1619 A
K 1145 E
K 678 E
K 618 A
K 371 E
R 1590 E
R 655 A
K 1259 E
K 1179 A
K 739 E
R 1315 A
R 1289 A
R 1230 A
R 766 E
R 250 A
K 1958 E
K 1673 E
K 1270 A
K 854 E
K 377 A
K 277 A
R 927 E
R 20 A
K 1760 E
K 1681 A
K 1386 A
K 552 A
R 1985 E
R 1791 A
R 5 E
K 1421 A
K 1390 E
K 929 A
R 1537 A
R 1510 E
R 746 A
R 660 E
R 494 A
R 90 E
K 1254 E
K 779 A
R 1845 A
R 1658 E
R 1062 E
R 1047 E
R 459 E
R 453 E
K 1746 E
K 749 A
R 1566 A
R 499 E
K 1206 E
K 184 A
R 1448 A
R 888 E
K 1111 A
K 397 A
K 34 E
R 1296 E
R 631 A
R 358 A
K 1851 A
K 1849 E
K 847 A
R 1858 E
R 1656 E
R 1258 E
R 1053 E
R 951 E
R 684 A
R 322 E
K 1649 E
K 902 A
K 763 E
K 224 A
K 172 A
R 1054 E
R 342 A
K 1589 E
K 674 A
K 488 E
R 1184 E
R 544 A
R 105 A
K 1775 A
K 1765 E
K 1274 A
K 693 A
K 260 E
K 56 A
R 1998 A
R 1856 E
R 1319 E
R 1318 A
R 1025 A
R 993 A
K 1369 E
K 148 A
R 1266 A
R 320 E
R 228 A
K 1771 A
K 1167 E
K 1120 E
K 185 A
K 74 A
R 1943 E
R 1593 A
R 77 A
K 1848 E
K 1174 A
K 963 E
K 483 E
K 380 A
K 3 E
R 1032 E
R 364 A
K 1985 E
K 1554 A
K 1536 A
K 1433 E
K 912 A
K 828 A
K 473 A
R 1931 A
R 1859 A
R 1378 E
K 1911 A
K 1875 A
K 1569 E
K 1001 A
K 668 A
K 645 E
K 352 A
R 1367 A
R 939 E
K 1628 A
K 1204 E
K 1158 A
K 699 A
K 559 A
K 415 E
K 155 A
R 1547 E
R 1096 A
R 775 A
R 301 A
R 112 E
R 81 E
K 1938 A
K 1782 A
K 1688 E
K 1178 E
K 340 A
K 274 A
R 1821 E
R 880 A
R 337 E
K 1781 E
K 1715 A
K 1025 A
K 420 E
K 298 A
R 1628 A
R 1041 E
R 1014 E
R 284 A
K 1834 E
K 1802 A
K 1512 E
K 1133 A
K 1106 E
K 1069 E
K 1013 E
K 979 A
K 646 E
K 610 E
K 565 E
K 479 A
K 455 E
K 278 E
K 122 E
K 61 E
K 41 E
K 40 E
R 776 A
R 757 A
R 632 E
K 1523 E
K 1306 E
K 1122 A
K 1040 E
K 1027 A
K 783 A
K 647 A
K 177 E
R 1799 A
R 1322 E
R 1193 E
K 1865 A
K 1056 E
R 1880 E
R 853 E
R 409 A
K 1784 E
K 1110 A
K 971 E
K 742 E
K 443 E
K 368 E
R 936 E
R 890 A
K 1778 A
K 1391 A
K 230 E
R 1919 A
R 1838 E
R 1744 A
K 76 A
K 9 E
R 1750 A
R 1600 A
R 1424 E
R 1380 E
R 1364 A
R 1173 E
R 667 E
R 292 A
K 1607 A
K 1229 E
K 444 E
R 1814 E
R 1293 E
R 376 A
K 1870 E
K 1579 E
K 1476 E
K 1334 E
K 1219 A
K 689 E
R 1891 E
R 423 E
R 97 A
R 74 A
K 1711 E
K 1553 A
K 193 E
R 1687 A
R 982 E
R 915 E
R 580 E
K 1490 E
K 959 A
K 564 E
K 44 E
R 1702 E
R 1671 E
R 1441 A
R 1351 E
R 1253 A
R 933 E
R 605 A
R 430 E
R 21 E
K 1973 E
K 1652 E
K 1622 E
K 1566 E
K 1114 E
K 935 A
K 373 A
K 336 E
R 1433 A
R 1294 E
R 734 E
R 664 E
R 400 E
R 37 E
K 1900 A
K 1354 A
K 778 E
R 1797 A
R 1087 E
K 1671 A
K 542 E
R 1817 E
R 1608 A
R 789 E
R 772 E
R 618 A
K 1756 E
K 1572 A
K 1148 A
K 664 A
K 651 A
R 1936 E
R 1210 A
R 938 E
K 1393 E
K 843 E
K 814 E
K 807 A
K 522 E
R 1878 E
R 1447 E
R 1392 A
R 373 E
K 1837 E
K 1175 E
K 533 A
R 1938 E
R 1632 A
R 387 E
R 206 A
K 1800 A
K 1602 E
K 1498 A
R 1688 A
R 1290 E
R 275 E
R 270 E
R 35 A
K 1365 A
K 974 E
R 1267 E
R 1141 A
R 905 E
R 572 A
R 233 E
R 144 A
R 128 A
K 1918 A
K 1836 E
K 1350 A
K 928 A
K 891 E
K 803 A
K 609 A
K 525 A
K 382 A
K 51 E
R 1989 E
R 1910 A
R 1690 A
R 1486 E
R 691 A
R 531 E
R 118 A
R 44 E
K 1281 A
K 978 A
K 1 E
R 1514 E
R 1276 A
R 810 A
R 11 E
K 1794 A
K 917 A
K 540 E
R 1918 E
R 873 A
K 546 A
K 20 E
R 919 E
R 34 A
K 1284 A
K 676 E
K 553 A
K 117 A
R 1630 A
R 1623 E
R 1391 E
K 1452 E
K 1061 A
R 1927 A
R 1251 E
K 1034 E
K 933 A
K 770 E
R 1819 E
R 1793 E
R 1735 E
R 1669 E
R 1664 E
R 1611 E
R 1503 A
R 1368 A
R 1238 E
R 425 E
R 418 E
R 343 E
R 294 E
R 222 E
K 1478 E
K 1348 A
R 1526 E
R 1370 A
R 973 A
K 1424 A
K 1190 A
K 1170 E
K 1093 A
K 725 E
K 441 A
R 1569 A
R 581 A
R 238 E
K 1499 A
K 1445 E
K 1042 A
K 121 A
R 1743 E
R 359 A
K 1952 A
K 1847 E
K 1844 A
K 1763 A
K 1663 A
K 1345 A
K 1119 A
K 736 A
K 605 A
K 365 A
K 311 A
K 252 A
R 1423 A
R 1297 E
R 506 E
K 1486 A
K 872 E
R 1679 E
R 1472 A
R 1414 A
R 1046 E
R 832 E
R 109 A
R 69 A
K 1707 E
K 1632 A
K 1097 A
K 695 E
K 323 A
K 37 A
K 7 A
R 1984 E
R 1348 E
R 849 E
R 464 E
R 444 E
R 41 A
K 1305 E
K 229 A
R 1884 A
R 1107 E
R 714 E
K 1759 A
K 1513 E
K 416 E
K 345 A
R 696 E
R 596 A
K 1216 A
K 113 E
R 1076 E
R 1015 A
K 1104 A
K 1015 A
K 827 A
K 300 E
R 1971 A
R 553 E
K 1249 A
K 550 E
R 1349 A
R 1157 E
K 1338 A
K 937 A
K 845 A
K 754 E
K 675 E
R 1909 E
R 1516 E
R 943 E
R 932 A
R 860 E
R 836 A
K 1356 A
K 326 E
R 1174 A
R 921 E
K 1972 A
K 1939 A
K 1587 E
K 1380 A
K 343 A
R 1981 A
R 1435 A
R 616 A
R 155 E
K 1570 E
K 1466 A
K 593 A
R 1684 E
R 1603 A
R 1571 A
R 196 E
R 154 A
R 3 E
K 1944 E
K 1504 A
K 96 A
R 1284 A
R 129 E
K 1832 A
K 1610 E
K 1432 E
K 426 E
R 1642 E
R 1523 A
R 539 A
R 450 A
K 1716 A
K 809 E
R 1505 E
R 607 A
R 378 A
K 870 A
K 262 E
R 1229 A
R 1142 A
R 336 E
K 1072 E
K 908 A
K 900 E
K 813 A
R 1874 A
R 603 E
R 288 A
R 268 A
R 64 A
K 1920 E
K 799 A
K 198 E
R 1771 A
R 1568 A
R 1335 A
R 461 E
R 145 E
K 1647 E
K 1346 A
K 805 A
K 489 A
R 1785 A
R 1779 E
K 1791 A
K 625 E
R 1748 E
R 1677 E
R 798 A
R 61 A
K 1620 E
K 82 A
R 1882 A
R 1728 E
R 1003 A
R 650 A
R 438 A
K 1929 A
K 1264 E
K 1217 E
K 1165 A
K 264 A
K 123 A
R 1384 E
R 1260 A
R 741 E
R 718 E
R 237 E
R 104 E
K 1872 A
K 1748 A
K 1713 E
K 1683 A
K 1007 A
K 723 A
K 26 A
R 1149 A
R 1005 E
R 546 E
K 1931 E
K 1839 A
K 862 A
K 312 E
R 1460 A
R 1123 E
R 153 A
K 844 A
K 515 E
R 1337 E
R 856 A
R 460 A
R 352 A
R 73 A
K 1384 A
K 614 E
K 406 E
R 1940 A
R 854 E
K 1948 A
K 1761 E
K 1418 E
K 910 A
K 511 E
R 1941 A
R 1326 A
R 309 A
R 143 E
K 1758 E
K 1406 A
R 1978 A
R 1559 A
R 957 E
R 753 E
R 333 E
R 7 E
K 1585 E
K 1489 A
K 1263 E
R 767 E
R 141 A
K 1886 E
K 1690 E
K 782 A
K 282 A
R 1828 E
R 1204 E
R 1006 E
R 981 E
R 878 E
R 726 A
R 403 E
K 1828 A
K 1437 A
K 1023 E
R 1812 E
R 1133 A
K 1864 A
K 1734 E
K 446 A
R 1723 A
R 1599 E
R 1546 E
R 1073 E
R 693 E
R 575 E
R 362 E
R 287 E
K 970 A
K 776 E
K 600 A
R 729 E
R 176 A
K 1612 E
K 1292 A
K 151 A
K 136 A
R 1849 A
R 597 E
R 590 A
R 532 A
K 1326 A
K 1262 E
K 1243 E
K 1164 E
K 545 A
K 127 A
K 95 A
R 1945 A
R 1912 A
R 826 E
R 658 A
R 471 A
R 72 E
K 840 E
K 333 A
R 1615 E
R 57 A
K 1935 E
K 848 E
K 644 A
R 1914 E
R 1427 E
R 1188 A
R 1036 E
K 918 E
K 684 E
K 538 A
K 276 E
K 234 E
R 1078 E
R 65 A
K 1653 A
K 310 E
R 1707 E
R 946 E
R 43 A
K 1225 E
K 954 A
K 621 E
K 48 E
K 2 E
R 1852 A
R 1339 E
K 1314 A
K 1239 E
R 1937 E
R 1701 A
K 1696 E
K 1116 E
K 950 E
K 894 A
K 539 E
K 460 A
K 72 E
R 1958 E
R 1860 A
R 1692 A
R 1538 E
R 902 A
R 619 E
K 1173 A
K 393 E
R 1752 E
R 1443 E
R 1065 E
R 1017 A
R 1004 E
K 1731 E
K 1280 A
K 435 A
K 168 E
R 1561 A
R 1321 A
R 1254 E
K 1982 E
K 1947 A
K 890 E
K 513 A
K 375 E
K 111 A
R 1753 A
R 1236 E
R 245 A
K 1835 E
K 1492 A
K 1252 E
K 359 A
R 676 A
R 10 E
K 1979 A
K 1737 E
K 1538 A
K 867 E
R 1376 E
R 1226 E
R 898 A
R 694 E
R 140 E
K 1945 A
K 1576 E
K 1382 A
K 850 A
K 474 A
K 464 A
R 1727 E
R 602 A
K 1511 E
K 11 A
R 1695 E
R 1497 E
R 1430 A
R 1295 E
R 399 A
R 291 A
R 13 E
K 1767 E
K 643 E
K 237 A
R 1980 A
R 1395 A
R 1263 E
R 908 E
K 1954 A
K 1510 E
K 1009 A
K 442 A
K 325 A
K 306 A
K 49 A
R 1359 E
R 935 A
K 1697 E
K 1156 A
K 1048 E
K 222 E
K 210 E
R 1705 A
R 1644 E
R 1140 A
K 1962 A
K 1003 E
K 503 E
K 409 A
K 194 E
R 1734 A
R 1545 A
R 1437 A
R 1413 E
R 576 A
R 515 A
R 204 E
K 1793 E
K 1233 E
K 1125 A
K 1063 E
K 103 E
K 100 E
K 80 A
R 1868 A
R 1386 A
R 1371 A
R 1011 E
R 545 A
K 834 E
K 101 A
R 1939 A
R 1674 A
R 1617 E
R 1404 A
R 1299 A
R 1119 A
R 497 E
K 1537 A
K 36 E
R 1953 E
R 976 E
R 656 A
K 1573 A
K 465 E
R 1933 A
R 1170 A
R 969 A
R 924 A
R 574 A
R 197 A
R 59 A
R 18 E
K 1814 E
K 1591 A
K 1078 A
K 1038 A
K 329 E
R 1986 A
R 132 E
K 1829 E
K 1735 A
K 861 A
K 294 A
R 1598 E
R 900 E
R 867 A
K 1704 A
K 1662 E
K 1135 A
K 720 A
R 1798 E
R 1375 A
R 1316 A
R 723 A
K 1762 A
K 1304 E
K 608 E
K 17 E
R 1780 A
R 1417 A
R 22 E
K 1822 A
K 1555 E
K 1376 E
K 1226 E
K 981 E
K 976 E
K 835 E
K 486 E
K 211 E
R 1035 E
R 641 A
K 1736 E
K 1658 A
K 1222 A
K 573 E
R 1837 E
R 1757 A
R 895 A
R 892 A
K 1351 A
K 1287 E
R 1825 E
R 1553 E
R 552 A
K 268 E
K 83 A
R 1205 E
R 56 A
K 1442 E
K 1358 E
K 432 A
R 1477 E
R 1366 E
R 992 E
R 863 A
R 547 A
R 354 E
R 329 E
K 1456 E
K 1298 A
R 1673 A
R 1387 E
R 1212 A
R 1144 E
R 950 E
R 534 E
K 1710 A
K 1550 E
R 1362 A
R 1147 A
R 885 E
R 496 A
R 227 E
K 1373 A
K 526 A
K 42 E
R 1999 E
R 1195 A
R 1181 A
K 1664 A
K 1539 A
K 1184 A
K 878 E
R 1117 E
R 728 A
K 1722 E
K 1650 E
K 1059 E
K 780 A
K 757 A
R 1990 E
R 1890 E
R 1827 A
R 305 E
K 1859 E
K 991 A
R 1595 E
R 266 A
K 1966 E
K 1528 A
K 1481 A
K 1221 E
K 887 A
K 209 A
K 175 A
R 1626 E
R 1478 A
R 996 A
R 830 A
R 707 E
R 559 A
R 384 A
R 262 A
K 1730 A
K 1593 A
K 1479 E
K 1151 A
K 128 A
R 1805 E
R 1262 E
R 822 A
R 17 A
K 1930 A
K 1524 E
K 1435 E
K 882 E
R 1457 A
R 1431 E
R 489 A
R 375 E
K 1375 A
K 279 E
R 480 E
R 356 E
R 232 A
K 1934 E
K 1674 A
K 1126 A
K 873 A
K 817 A
R 1881 A
R 367 E
K 909 E
K 837 A
K 413 A
K 339 A
R 1968 E
R 348 A
K 1860 E
K 1166 A
K 832 E
K 579 E
K 452 E
R 1786 A
R 1114 A
R 979 E
R 968 A
K 1068 A
K 577 E
R 1256 A
R 1152 A
R 805 A
R 787 A
R 523 A
R 130 E
K 1943 E
K 1323 A
K 604 E
K 348 E
K 316 E
R 1172 E
R 814 E
R 468 A
R 252 A
K 1502 A
K 1443 A
K 244 E
R 1081 A
R 412 E
K 1387 A
K 1092 E
K 885 E
K 694 E
K 587 E
R 1745 E
R 1074 E
R 683 A
K 1705 A
K 1441 A
K 1237 E
K 285 E
R 1782 A
R 843 A
R 839 E
R 492 E
R 98 A
K 1420 E
K 1398 E
K 953 E
K 55 A
K 22 E
R 1563 A
R 1403 E
R 1182 A
R 1121 A
R 715 A
K 1559 E
K 556 A
K 243 A
K 187 E
K 112 E
R 1500 A
R 1206 E
R 970 A
R 470 E
R 278 A
K 1255 A
K 1055 E
R 1921 E
R 566 E
R 139 A
K 1535 E
K 658 A
R 1816 E
R 1767 A
R 1454 A
R 585 E
R 4 E
K 1983 E
K 507 A
R 1273 E
R 234 A
K 1883 E
K 1676 E
K 1599 A
K 1260 E
K 1232 A
K 1214 A
K 670 E
K 612 E
K 227 E
R 1000 A
R 612 E
R 374 A
R 93 E
K 1604 A
K 1521 A
K 1331 A
K 1207 E
K 1163 A
K 858 A
R 1098 A
R 940 E
R 205 A
K 1846 A
K 1527 A
K 1227 E
K 1223 E
R 1815 E
R 1738 A
K 1853 E
K 1706 E
K 1257 A
K 1016 E
K 417 E
K 391 A
R 1168 A
R 945 E
R 586 E
K 1377 A
K 719 E
R 1589 E
R 1521 E
R 1278 A
R 891 E
R 230 A
K 1976 E
K 1741 A
R 1903 A
R 1286 E
K 1472 A
K 557 E
R 706 A
R 629 E
K 1399 A
K 405 E
K 388 E
R 1948 E
R 1649 E
R 1222 E
R 1049 E
R 840 E
R 435 A
K 1691 A
K 1560 E
K 1388 A
R 1420 E
R 1167 A
R 1109 A
R 201 E
K 1753 A
K 1574 E
K 104 E
R 1873 A
R 1507 A
R 851 E
R 620 E
R 178 A
K 1670 A
K 724 E
K 414 E
K 249 A
R 1573 A
R 1052 E
R 862 A
R 812 A
R 212 E
K 1992 A
K 1544 E
K 1461 A
K 897 A
R 966 A
R 685 A
R 500 E
K 905 E
K 640 A
R 1061 A
R 841 E
K 948 A
K 785 A
K 480 A
K 293 E
K 88 A
R 1700 E
R 1578 A
R 1257 A
R 611 A
K 1871 A
K 1689 A
K 767 A
K 572 E
K 447 E
K 346 A
K 203 E
K 35 E
R 773 A
R 768 A
R 759 E
K 1580 A
K 1368 E
K 1171 E
K 722 A
K 702 A
K 217 E
R 1334 E
R 1122 E
R 363 A
K 1657 E
K 1082 A
K 554 A
K 8 E
R 1473 A
R 1162 A
R 76 A
R 26 E
K 1862 E
K 1751 A
K 1684 A
K 296 A
R 1531 E
R 679 A
K 901 E
K 884 A
K 173 E
R 1039 A
R 708 A
R 702 E
K 1638 A
K 1496 A
K 995 A
K 943 E
R 1922 A
R 1393 A
R 296 E
R 192 A
K 1419 A
K 1054 E
K 357 A
R 1802 E
R 181 A
K 1745 A
K 1651 A
K 919 A
K 743 E
K 653 E
K 140 E
R 1835 E
R 1313 A
R 598 A
R 508 E
R 392 E
R 316 E
R 290 E
K 1889 E
K 796 A
K 735 E
R 1949 E
R 1580 A
R 948 E
R 782 E
R 749 E
R 625 E
R 577 E
K 1994 A
K 1873 A
K 1473 E
R 953 A
R 788 E
R 739 E
R 317 E
R 42 E
K 1824 E
K 1803 A
K 1495 E
K 826 E
K 759 A
R 1533 E
R 1438 A
R 514 E
R 421 E
R 401 A
R 169 A
K 1548 A
K 962 E
K 490 A
K 248 A
R 1451 A
R 1450 E
R 628 E
K 1752 E
K 1534 E
K 1050 E
K 1004 A
K 461 A
R 1988 A
R 1382 A
R 1196 E
R 837 A
R 184 E
K 1692 A
K 1578 E
K 1516 A
K 889 A
K 543 E
R 774 A
R 475 E
R 335 A
K 1101 A
K 967 E
K 746 E
R 1446 E
R 1320 A
K 1626 A
K 1336 A
K 1328 A
K 344 A
K 97 E
R 1818 A
R 937 A
R 390 E
K 1957 E
K 1852 A
K 1627 A
K 1455 E
K 740 A
K 91 A
R 913 E
R 779 E
R 419 E
R 99 A
K 1141 E
K 436 E
K 70 A
R 1747 A
R 985 E
R 224 A
K 1549 E
K 1327 A
K 700 A
K 402 A
K 87 A
R 1997 A
R 1163 E
R 505 A
R 60 E
K 860 A
K 633 E
K 544 E
R 1916 A
R 1215 E
R 1180 A
R 1177 A
R 179 A
R 121 E
K 1819 E
K 1273 A
R 823 E
R 604 A
K 289 A
K 171 E
R 1908 A
R 833 E
R 808 A
R 556 E
R 548 A
K 1932 A
K 1635 E
K 1272 A
K 291 E
K 167 E
K 158 E
R 1867 A
R 1718 A
R 916 E
K 949 E
K 830 E
K 660 A
K 450 E
K 335 E
R 1539 E
R 614 A
K 1153 A
K 494 E
R 1491 E
R 1474 E
R 1126 A
R 300 E
K 1098 E
K 458 A
R 1588 E
R 1383 A
R 1029 A
K 1850 A
K 1518 E
K 1363 A
R 1957 A
R 1862 E
K 1366 A
K 957 E
R 1682 E
R 1058 A
R 304 A
K 1563 A
K 1561 A
K 1250 E
K 1129 A
K 1052 A
K 966 A
R 526 A
R 166 E
K 1712 E
K 457 A
R 1582 A
R 1556 A
R 999 A
R 330 A
R 274 E
K 1868 A
K 1448 A
K 1014 A
K 710 E
K 201 A
R 1481 E
R 1274 A
R 1010 A
R 910 A
R 637 A
R 225 E
K 1742 E
K 1532 A
R 554 E
R 137 A
K 1898 E
K 1364 A
K 598 E
R 588 A
R 189 E
K 1980 E
K 1562 E
K 1246 A
K 341 E
K 162 A
K 146 E
R 1715 E
R 1429 A
R 1183 E
R 991 A
R 582 E
R 321 A
K 1026 A
K 601 A
K 541 E
R 1973 E
R 1394 A
R 1374 A
R 1355 E
R 457 A
K 1277 A
K 791 A
K 270 E
K 192 E
R 1693 A
R 1328 E
R 866 A
K 980 E
K 755 E
K 523 E
K 501 A
K 204 E
R 1689 A
R 1607 A
R 813 E
R 570 A
K 1357 E
K 969 A
K 253 A
K 71 A
R 521 E
R 436 E
R 388 A
K 1785 A
K 1588 E
K 1460 A
K 372 E
R 1877 A
R 242 E
R 160 E
K 1430 A
K 1276 E
K 1044 A
K 520 E
K 24 A
R 1760 E
R 907 E
R 735 A
K 1727 E
K 1678 E
K 1641 A
K 1575 A
K 1392 A
K 1367 E
K 1236 A
K 1091 A
K 691 E
K 387 A
R 926 A
R 516 A
R 395 E
K 1878 A
K 1299 E
R 1742 A
R 32 E
K 1953 E
K 1820 A
K 1646 A
K 1352 E
K 1230 A
R 1769 A
R 1458 E
R 1235 E
R 1224 A
R 1124 A
R 467 A
R 446 A
R 285 A
R 254 A
K 1266 E
K 396 A
R 1246 E
R 997 A
R 627 A
K 1571 E
K 1124 A
K 524 E
K 437 A
K 77 A
K 4 E
R 1097 E
R 980 A
R 972 E
R 122 E
K 1517 E
K 1081 A
R 1801 E
R 1741 A
R 517 E
R 486 A
K 1349 A
K 1300 A
K 1169 E
K 667 A
R 1612 A
R 1574 E
K 1969 E
K 1480 A
K 448 E
R 1789 E
R 1002 E
R 724 E
R 261 A
K 1407 A
K 1290 E
K 1147 E
R 882 E
R 456 A
K 1450 E
K 1427 E
K 1245 A
K 893 A
K 669 E
K 266 E
R 821 A
R 755 A
R 737 A
R 434 E
R 198 A
R 117 A
K 1910 E
K 1533 E
K 1509 E
K 1465 A
K 1193 E
K 944 E
K 810 E
K 429 E
K 164 E
K 15 A
R 1660 E
R 1275 A
R 949 A
R 700 A
R 503 A
R 452 E
R 226 E
K 671 E
K 648 A
R 1668 E
R 1469 A
R 449 E
K 1313 E
K 1102 E
K 768 A
K 663 A
K 485 A
R 1770 A
R 1189 E
R 319 A
K 1733 E
K 964 A
K 836 E
K 585 A
R 1077 A
R 717 A
R 382 E
R 347 A
K 370 A
K 131 E
R 884 A
R 79 E
K 1654 E
K 202 A
R 1213 A
R 123 E
K 1447 E
K 28 A
R 1540 E
R 1340 E
R 1071 E
R 876 E
R 217 A
K 1772 A
K 1645 E
K 1606 E
K 1335 E
K 1310 E
K 1282 E
K 517 E
K 238 A
R 1934 E
R 615 A
R 82 A
K 1777 E
K 1774 A
K 1339 A
K 159 A
R 530 E
R 349 A
R 339 E
K 934 A
K 747 E
K 685 E
R 1492 E
R 958 E
R 705 A
R 690 A
R 142 A
K 1665 E
K 1597 A
K 1324 E
K 752 E
K 225 E
R 472 A
R 8 E
K 1619 E
K 1558 E
K 1332 E
K 1168 E
K 892 A
K 472 A
R 795 A
R 148 E
K 1946 E
K 1210 A
R 1651 E
R 1541 A
R 1425 E
R 1057 E
R 413 A
R 147 A
K 1925 A
K 1541 A
K 1515 A
K 1372 A
K 1295 A
K 1019 E
K 569 A
K 484 A
K 425 A
K 156 A
R 199 A
R 173 E
K 467 E
K 459 A
R 1906 A
R 1554 E
R 1217 A
R 182 E
K 1978 A
K 1545 A
K 1144 A
K 941 E
K 434 A
R 1396 E
R 1150 A
R 1093 E
R 929 E
K 1395 E
K 751 E
K 384 A
R 1836 E
R 1459 A
R 307 A
K 1924 A
K 761 E
R 1913 A
R 1050 A
R 852 E
R 806 A
R 213 A
K 1286 A
K 1199 A
K 1096 A
K 657 E
R 1996 E
R 1518 A
R 269 A
K 1857 A
K 1755 E
K 1525 E
K 1177 E
K 1086 A
K 916 E
K 549 A
K 107 A
K 69 E
R 752 E
R 504 A
K 1728 E
K 216 A
R 1896 E
R 1843 A
R 1456 E
R 1398 E
K 1484 E
K 408 A
R 930 E
R 738 A
K 681 E
K 641 A
R 1831 A
R 1308 E
R 1132 A
R 295 E
K 1975 A
K 1866 E
K 1740 E
K 881 E
K 709 A
R 1733 A
R 1708 E
R 1060 A
R 815 E
K 1507 E
K 1220 E
K 1065 E
K 936 E
K 748 E
K 596 A
K 327 E
K 188 E
K 130 E
K 59 E
K 46 E
R 800 A
R 416 E
R 276 E
K 1320 A
K 706 E
K 636 E
K 109 E
K 58 A
R 1116 A
R 661 A
R 479 E
K 1955 A
K 1779 A
K 1754 E
R 1187 E
R 987 A
K 1724 E
K 996 E
K 838 A
R 1972 A
R 1879 A
R 1761 E
R 1716 A
K 1790 E
K 1557 E
K 1198 A
K 580 E
R 1848 E
R 995 A
R 396 E
K 1291 E
K 1071 E
K 857 A
K 308 A
K 132 E
R 1211 A
R 659 E
R 14 E
K 1161 A
K 506 E
K 502 E
R 1648 A
R 1345 E
R 393 A
K 1892 A
K 1268 E
K 1037 E
K 1005 E
K 987 E
K 463 A
R 716 A
R 39 E
K 1961 E
K 1942 E
K 1307 E
K 1247 E
K 1160 A
K 1047 A
K 519 E
K 422 E
K 272 E
K 226 E
K 30 E
R 1813 A
R 1232 A
R 859 A
R 536 E
R 524 A
R 357 E
R 27 A
K 1874 A
K 1529 E
K 407 A
R 1983 E
R 1932 E
R 844 E
R 725 A
K 811 A
K 508 E
R 1749 E
R 1106 A
R 341 E
R 267 A
K 1458 E
K 1191 A
K 1140 A
R 1667 E
R 1221 A
R 1207 A
R 944 A
R 478 A
K 1564 E
K 798 E
K 639 E
K 578 A
K 378 E
R 1338 E
R 1282 A
R 897 E
K 399 E
K 47 A
R 931 A
R 445 E
K 1739 E
K 1322 E
K 1275 A
K 603 A
K 232 A
R 1470 E
R 1287 E
R 609 A
K 246 A
K 147 E
R 1853 A
R 1804 E
R 917 E
R 601 E
R 89 E
K 1449 A
K 638 E
K 575 E
R 1826 E
R 1807 A
R 550 E
K 1996 A
K 1297 A
K 642 A
K 586 E
K 386 A
K 242 A
R 1250 A
R 1200 E
R 790 A
K 985 A
K 972 E
R 1233 E
R 871 E
R 673 A
K 1215 E
K 652 E
K 470 A
K 255 E
R 1175 E
R 219 A
R 163 A
R 46 E
K 419 E
K 19 A
R 1965 A
R 1484 E
K 1485 E
K 451 A
K 412 A
R 1467 E
R 816 A
R 433 E
K 1519 A
K 499 E
R 1562 E
R 1511 A
R 1022 E
R 299 E
K 1637 E
K 1434 E
K 920 A
R 1494 A
R 1285 E
R 260 A
K 930 E
K 431 A
R 1675 E
R 1436 E
R 1343 A
R 1323 A
R 1069 E
R 281 A
R 67 E
K 1021 E
K 831 A
R 1341 E
R 1231 E
R 1030 A
R 666 E
K 1308 E
K 932 A
K 926 E
K 555 E
K 535 A
K 63 A
R 1811 A
R 1605 A
R 1461 A
R 864 A
R 561 A
R 211 A
R 125 E
K 769 A
K 395 E
R 1923 E
R 1421 E
R 1127 A
R 116 A
K 1309 A
K 68 E
R 1557 A
R 1201 E
K 1912 A
K 1543 A
K 1032 A
K 186 E
K 180 A
R 1411 E
R 1153 A
R 1026 E
R 622 A
R 507 A
R 131 E
K 1410 A
K 1051 A
K 688 E
R 1388 E
R 469 E
R 338 E
R 265 A
K 1904 A
K 1799 E
R 1962 E
R 51 A
K 1049 A
K 1008 A
K 802 A
K 634 A
K 367 E
R 1751 E
R 1720 A
R 1462 A
R 947 A
R 565 E
R 33 E
K 1708 A
K 1660 E
K 200 A
R 1587 A
R 1243 E
R 1160 A
R 95 A
K 1744 A
K 1074 E
K 288 E
R 698 E
R 573 A
K 1383 E
K 129 A
R 1379 E
R 551 A
K 297 A
K 29 E
R 1979 E
R 1399 A
R 899 E
R 372 A
K 1811 A
K 529 E
R 1377 A
R 1111 E
R 617 E
R 473 E
R 324 E
R 92 E
K 1901 E
K 1675 E
K 1656 E
K 1267 A
K 697 E
K 360 E
K 321 E
R 1090 A
R 167 E
K 1522 E
K 999 E
K 797 A
R 1977 A
R 1902 A
R 1480 A
R 869 A
R 780 A
R 482 E
K 1648 A
K 1070 A
K 611 E
K 292 E
R 1975 A
R 1898 E
R 1372 A
R 1244 E
R 1228 A
R 1120 A
R 709 A
R 578 A
R 231 E
K 1453 E
K 1371 A
K 1261 A
K 1028 A
K 744 A
K 708 E
K 320 E
K 218 A
R 1930 E
R 1756 A
R 1269 E
R 911 E
R 799 E
R 701 E
K 1885 A
K 1079 A
K 727 A
K 281 A
K 256 E
R 1876 E
R 1300 E
R 257 A
R 85 E
K 1816 A
K 1359 A
K 1100 E
K 571 A
R 1970 A
R 1959 E
R 1803 A
R 1774 E
R 1449 A
R 1288 E
R 1148 E
R 688 A
R 651 E
R 441 E
R 195 A
K 1586 A
K 54 E
R 1283 E
R 283 A
K 1757 E
K 864 A
R 1154 E
R 1067 A
R 623 A
K 1139 A
K 114 E
R 1353 A
R 1270 A
R 1044 E
K 1933 E
K 1798 A
K 1631 A
K 1583 A
K 1128 A
K 594 A
K 477 A
K 383 E
R 1659 E
R 671 A
R 394 E
K 1783 A
K 1457 E
R 1640 A
R 350 E
R 152 E
R 78 E
K 1668 A
K 1508 A
K 1467 A
K 758 A
K 679 E
R 1955 E
R 1471 A
R 216 E
K 1993 E
K 1438 A
K 400 E
R 1501 A
R 1439 A
R 712 E
R 519 A
R 91 A
R 1 A
K 1248 E
K 1188 A
K 411 A
K 273 E
R 1995 E
R 1655 E
R 1280 A
R 537 A
K 1565 A
K 1370 A
K 1127 A
K 888 E
K 801 A
K 682 A
K 659 E
R 1768 E
R 1024 A
R 595 E
R 159 A
K 1494 A
K 1094 E
K 379 E
K 66 E
R 1292 E
R 1223 E
R 564 E
R 535 A
R 454 E
K 1189 E
K 1142 E
K 819 A
R 1402 E
R 465 A
K 1717 E
K 197 A
R 1839 E
R 1312 E
R 1265 E
R 1219 A
R 1013 E
K 1702 A
K 1666 A
K 1394 E
K 1011 A
K 650 A
R 1924 E
R 431 A
K 1244 E
K 398 A
R 1468 E
R 1281 E
R 383 A
K 1914 A
K 1667 E
R 1534 E
R 1332 E
R 1171 E
R 236 A
K 1440 A
K 716 A
K 591 E
K 495 E
K 161 A
R 1773 E
R 1542 A
R 1520 E
R 1344 E
R 1314 A
R 778 E
R 758 E
R 731 A
R 689 E
R 491 A
R 263 E
K 1720 E
K 1677 A
K 265 A
R 1907 E
R 584 A
K 1787 A
K 762 E
K 90 A
R 1736 A
R 710 E
K 1464 E
K 1113 E
K 38 A
R 107 E
R 2 A
K 1909 A
K 1459 E
K 1000 E
K 822 A
K 649 E
R 1686 A
R 1577 E
R 1464 E
R 1354 E
K 1747 A
K 1353 E
K 915 A
R 1951 A
R 404 A
R 172 E
K 1644 A
K 1639 E
R 1681 E
R 593 A
K 1801 A
K 1723 E
K 883 E
K 745 A
K 683 E
K 560 E
K 356 A
K 220 E
R 1726 A
R 381 E
K 1861 A
K 790 E
K 721 A
K 319 E
K 208 A
R 1974 E
R 592 A
R 71 E
K 1956 A
K 808 A
K 330 E
R 1759 E
R 1487 E
R 1476 E
R 1264 E
R 1104 E
R 692 E
R 218 A
R 133 A
R 58 A
K 714 A
K 617 E
R 1947 E
R 1609 A
R 365 A
R 66 E
K 1655 E
K 1444 E
K 1278 A
K 1238 A
K 205 A
R 1950 E
R 1731 E
R 1051 A
R 466 E
R 411 E
K 1818 A
K 1810 A
K 178 E
K 134 A
R 1740 E
R 533 A
R 214 A
K 1770 E
K 179 A
R 894 E
R 842 E
R 481 A
R 187 A
K 1033 A
K 530 A
K 439 E
R 1502 A
R 1095 A
R 887 E
R 318 A
R 45 A
K 1749 E
K 1470 A
R 1499 E
R 1327 A
K 1636 E
K 899 A
K 280 A
R 1208 E
R 720 E
R 501 A
R 19 E
K 374 E
K 337 A
R 1452 E
R 1242 A
R 170 E
K 1159 A
K 299 E
R 1875 E
R 1008 A
K 1833 A
K 968 A
K 846 A
K 498 A
K 150 A
K 79 E
R 1023 A
R 918 A
R 498 A
R 410 E
R 389 E
R 340 A
K 1029 E
K 750 A
K 102 A
R 1633 A
R 1597 E
R 1227 A
R 1145 A
R 1084 A
R 643 E
R 485 A
K 1618 A
K 286 E
K 98 A
R 1787 E
R 1650 E
R 1309 E
R 809 E
R 12 A
K 1845 A
K 842 E
R 1888 A
R 1872 E
R 1453 E
K 1940 E
K 1429 A
K 877 E
K 607 E
K 314 E
K 269 E
K 21 E
R 1969 A
R 1592 E
R 1115 A
R 653 A
R 360 A
R 315 A
R 210 A
R 162 A
K 1950 A
K 1788 E
K 6 A
R 1485 A
R 1108 E
K 1840 E
K 1686 A
K 1680 A
K 1603 A
K 1520 A
K 906 A
K 677 A
R 1419 E
R 1056 E
R 962 A
R 733 A
R 215 A
K 1815 A
K 896 E
K 84 A
R 791 A
R 407 E
R 30 A
K 1903 E
K 947 A
K 259 E
K 45 E
R 1548 A
R 1369 E
R 1007 E
R 912 A
R 670 E
R 120 E
K 1890 A
K 1531 E
K 859 A
K 537 A
R 1833 A
R 1324 E
R 1001 E
R 415 A
R 15 A
K 711 E
K 666 A
R 797 A
R 642 A
R 385 E
K 1194 A
K 1103 E
K 124 A
K 118 E
R 1635 A
R 1512 E
R 1019 A
K 1062 A
K 990 E
R 1885 A
R 1823 A
R 247 E
R 75 A
K 1379 A
K 1234 E
K 1154 A
K 261 A
R 334 A
R 158 E
K 756 A
K 512 E
K 427 E
R 1428 E
R 1426 E
R 1064 A
R 750 A
R 510 A
K 1117 E
K 1060 A
K 233 A
R 1724 A
R 1381 E
K 1185 A
K 1149 A
K 730 E
K 421 A
K 190 A
R 1956 A
R 1905 A
R 1892 E
R 1488 E
R 149 A
R 138 E
K 1258 A
K 235 A
K 207 E
R 1987 A
R 1496 E
R 955 E
R 872 E
R 649 A
R 458 E
K 1826 A
K 1643 A
K 1317 A
K 1146 E
K 1118 A
K 1024 A
K 997 A
K 772 A
K 527 A
K 221 A
R 1676 E
R 9 A
K 1899 A
K 1155 A
K 665 E
K 504 E
K 354 E
R 1639 E
R 1422 E
R 1330 E
R 1248 A
K 1888 E
K 1797 E
K 1347 E
K 852 A
K 53 E
R 1796 E
R 1627 E
R 819 E
R 786 A
R 174 E
K 1881 E
K 1830 E
K 898 A
K 492 E
R 1887 A
R 1089 E
R 846 A
R 397 A
R 241 E
R 63 A
K 1316 E
K 715 E
K 630 A
R 1198 A
R 870 E
R 484 A
K 1907 E
K 781 A
K 534 E
R 1680 A
R 1390 E
R 1365 A
R 1083 A
R 745 E
K 1738 E
K 1719 A
K 824 E
R 1857 A
R 509 A
R 476 E
K 1971 A
K 1621 E
R 1993 E
R 366 A
K 1879 A
K 1876 E
K 1780 E
K 1633 E
K 1105 E
K 707 E
R 1904 A
R 1055 E
R 952 E
R 793 A
R 50 E
K 1792 E
K 1530 E
K 856 E
K 628 A
K 454 E
K 283 E
R 1629 E
R 978 A
K 1463 A
K 1411 E
R 1412 E
R 1031 A
R 756 A
R 115 A
K 1987 E
K 92 A
R 942 E
R 102 A
K 1927 A
K 1090 E
R 1832 E
R 1662 A
R 1576 E
R 1034 A
R 834 E
K 1997 E
K 1577 E
K 1431 A
K 1182 E
K 841 E
K 144 E
R 1775 A
R 1762 A
R 1440 A
R 1277 A
R 920 A
R 636 A
R 447 E
R 40 A
K 1855 E
K 1796 E
K 718 A
R 1967 A
R 1584 E
R 1358 E
R 1085 E
R 770 E
R 527 E
R 377 E
R 208 E
K 1825 E
K 1414 A
R 1125 E
R 1100 E
R 697 E
R 146 A
K 1970 A
K 1202 A
K 1183 E
K 1076 A
K 787 E
K 606 E
K 430 E
K 376 E
R 1764 A
R 998 E
R 440 A
R 293 E
R 240 E
R 185 A
R 62 E
K 1629 A
K 1412 E
R 1579 E
R 1407 E
R 703 A
K 773 E
K 635 A
R 1042 E
R 783 A
K 1915 A
K 1743 A
K 777 E
K 500 E
R 1840 E
R 156 E
R 113 A
K 1423 E
K 1195 A
K 876 E
K 825 A
K 149 E
K 105 E
R 1654 E
R 1463 E
R 1103 A
K 1642 E
K 871 A
R 1239 E
R 1129 A
R 634 A
R 55 A
K 1685 E
K 478 A
R 1900 A
R 1850 A
R 1706 E
R 331 A
K 1228 A
K 1095 A
K 992 E
R 1156 A
R 794 E
R 721 E
R 314 E
K 1115 A
K 994 A
K 563 A
K 307 E
K 287 A
R 1842 A
R 1631 A
R 1620 A
R 1509 A
R 1385 A
R 1102 A
R 971 E
R 540 A
K 1908 A
K 157 A
K 23 E
R 1963 A
R 1665 A
R 1661 A
R 1515 A
R 1389 A
R 1136 A
R 906 A
R 893 A
R 829 A
R 303 A
R 249 A
R 16 E
K 1968 E
K 1342 E
K 788 E
K 423 A
R 1247 E
R 1165 A
R 956 A
R 875 E
K 1329 A
K 984 E
K 940 A
K 726 E
K 673 A
K 481 A
R 1871 A
R 1194 E
R 645 A
R 6 A
K 1768 A
K 1130 E
K 975 A
K 334 A
K 247 A
R 1763 E
R 1558 A
R 877 E
R 820 A
K 1213 E
K 1209 E
K 619 A
K 351 A
R 1625 A
R 1586 E
R 1268 E
R 1185 E
R 1068 E
R 818 E
R 502 E
R 463 E
R 220 E
R 203 A
R 202 A
R 175 E
R 161 E
K 1843 E
K 1136 A
K 998 A
K 977 E
K 482 A
K 394 E
R 850 E
R 512 A
R 279 E
K 1884 A
K 1786 E
K 1477 A
K 1475 E
K 982 E
K 401 A
K 245 E
R 1405 A
R 848 E
R 106 E
K 1701 A
K 886 E
R 1869 A
R 1714 E
R 1610 A
R 1602 A
R 1408 E
R 1186 A
R 1016 A
R 986 E
R 784 A
R 740 E
R 36 E
K 1428 A
K 1057 E
K 1031 A
K 945 A
K 800 A
K 52 A
R 1261 A
R 984 E
R 777 A
R 687 E
R 483 E
K 1592 E
K 1337 E
K 491 A
K 449 E
R 1777 A
R 1550 A
R 1544 A
R 1310 E
R 1139 A
R 903 A
R 529 E
R 306 E
R 248 A
R 126 E
K 1827 A
K 1699 A
K 1590 A
K 1403 A
K 1241 A
K 965 A
K 951 A
K 849 E
K 732 E
K 510 A
K 332 A
K 182 A
R 1944 E
R 858 A
R 455 E
K 1640 A
K 589 A
K 206 E
K 14 E
R 1543 A
R 785 A
R 297 E
K 1928 A
K 1867 A
K 1500 A
K 1138 A
K 1121 E
K 509 A
K 476 E
R 663 A
R 258 E
K 1984 E
K 1551 A
K 1417 A
K 1315 E
K 1269 E
K 1265 E
K 1022 E
R 1897 A
R 1810 E
K 1408 A
K 1089 E
K 853 E
K 163 A
K 33 A
R 1506 E
R 1442 A
R 1336 E
R 1138 A
R 886 A
R 677 A
R 579 A
R 538 A
R 380 A
K 1726 A
K 1595 E
K 880 A
K 851 E
R 1606 A
R 371 A
R 346 E
R 103 A
K 765 A
K 110 E
R 1926 A
R 1638 E
R 1604 E
R 640 E
R 53 E
K 1974 A
K 1362 A
K 106 E
R 1397 A
R 439 A
R 84 E
K 704 E
K 362 E
K 290 A
K 267 A
K 189 A
K 166 A
R 1915 A
R 255 E
R 54 E
K 1454 A
K 315 A
K 57 E
R 1245 E
R 29 A
K 1805 A
K 1608 A
K 1211 A
K 548 A
K 369 E
R 1893 E
R 1525 E
R 282 A
K 1936 A
K 988 E
K 924 A
R 883 E
R 747 A
K 629 E
K 328 A
K 64 A
R 1758 A
R 1333 A
R 865 E
R 488 A
K 1396 E
K 1293 A
K 176 A
R 1166 A
R 801 E
R 70 E
K 1436 A
K 823 E
K 818 E
K 18 E
R 1982 E
R 1855 A
R 1483 E
K 1916 A
K 1821 A
K 696 E
K 595 E
K 456 A
K 366 E
R 1131 A
R 845 A
R 207 E
K 989 E
K 313 A
R 1737 A
R 1699 E
R 1082 E
R 408 E
R 273 A
K 1858 A
K 1804 A
K 656 E
K 531 A
R 1465 E
R 487 A
R 462 E
K 1614 E
K 1501 A
R 1847 E
R 1400 E
R 711 A
R 391 A
R 94 A
K 1965 E
K 1923 A
K 1251 E
R 1080 A
R 557 E
R 414 A
K 1474 E
K 1036 A
R 1634 E
R 313 A
K 1700 A
K 956 E
K 816 A
R 1729 E
R 722 E
R 522 A
K 1321 A
K 774 E
K 588 E
R 1490 A
R 549 E
K 1896 E
K 135 A
R 1776 A
R 1663 A
R 1622 A
R 1101 E
R 983 A
R 606 A
R 235 A
K 1998 A
K 1995 E
K 1967 A
K 1949 A
K 1714 A
K 1389 A
K 139 A
R 1846 E
R 1570 A
R 1445 E
R 964 A
K 1020 A
K 119 A
K 50 E
R 1581 A
R 1279 E
R 594 E
K 1695 A
K 1611 A
K 737 E
K 712 A
K 590 A
R 1844 A
R 1704 E
R 432 E
R 398 E
K 993 E
K 946 A
K 317 A
K 199 A
K 170 E
R 1575 E
R 1475 A
R 1298 A
R 1070 A
R 988 A
R 975 A
R 868 A
R 180 A
K 1729 A
K 874 E
K 183 E
K 181 A
R 1220 A
R 1048 E
R 1038 E
R 558 E
K 1361 A
K 760 E
K 584 A
K 133 E
R 1040 A
R 994 E
R 119 E
K 1807 E
K 532 A
K 342 E
K 302 E
R 427 A
R 243 E
K 1838 E
K 466 A
R 1864 E
R 1415 E
R 1088 E
R 763 E
R 626 A
R 323 E
R 108 A
K 1959 E
K 731 A
K 558 E
K 145 A
R 1113 A
R 630 E
K 1208 E
K 471 A
K 236 A
K 60 A
R 1130 A
R 803 A
R 781 E
R 177 E
K 1401 A
K 701 A
K 599 E
R 1703 A
R 1530 A
R 847 A
R 771 E
R 443 A
K 583 E
K 143 A
R 1646 A
R 1218 E
K 1877 E
K 468 A
R 1190 E
R 1028 A
R 974 A
R 960 A
R 928 A
K 1769 A
K 1303 A
K 1197 E
K 1085 E
R 1866 A
R 1721 A
R 1552 A
R 811 E
K 1718 A
K 1425 A
K 764 A
K 254 E
K 195 A
R 1834 E
R 1027 E
R 751 A
K 1893 E
K 1378 E
K 895 A
K 717 A
R 1652 A
R 1361 E
R 857 A
K 1505 A
K 1080 E
R 1899 A
R 1567 A
R 1216 E
R 477 A
R 49 A
R 31 A
K 771 E
K 753 A
R 1585 A
R 518 E
K 1937 A
K 1200 E
K 223 E
R 896 A
R 426 E
R 52 E
K 1891 A
K 1812 E
K 1242 A
K 1201 E
K 1084 E
K 453 A
R 1482 E
R 719 A
R 429 A
K 1669 E
K 616 A
R 1508 E
R 635 E
R 543 E
R 417 E
R 251 A
K 1989 A
K 1766 A
K 1235 E
R 1192 A
R 164 E
R 87 E
K 1212 E
K 561 A
R 1086 A
R 1063 E
R 369 E
K 1374 E
K 637 A
R 490 E
R 402 A
K 1594 E
K 662 A
K 551 E
K 219 A
R 1722 E
R 1225 A
R 1137 E
R 624 A
R 286 E
K 1064 A
K 404 E
K 350 E
K 169 E
R 1711 A
R 1495 E
R 1466 E
R 1255 E
R 1018 A
R 513 E
R 83 A
K 903 A
K 116 A
K 10 E
R 1325 A
R 1303 E
R 1128 A
R 1009 A
R 965 A
R 861 A
R 493 A
R 38 A
K 1902 A
K 1288 E
K 1066 E
K 655 E
K 597 A
K 570 A
K 94 A
R 1197 A
R 1045 E
R 563 A
R 272 E
K 1894 E
K 1112 E
K 1010 E
K 821 A
R 1895 E
R 1311 A
R 1307 A
R 1037 A
R 934 A
K 1108 A
K 250 E
R 1657 A
R 1489 E
R 1020 A
R 88 A
K 1053 E
K 528 A
K 31 A
R 1851 E
R 1694 E
R 672 A
R 386 A
R 361 A
R 194 A
R 25 A
K 1776 A
K 1187 E
K 1137 E
K 1067 E
K 562 A
R 1928 A
R 1809 A
R 1455 E
K 1693 A
K 353 A
K 215 E
K 142 E
R 1685 E
R 1555 A
R 1331 A
R 280 A
R 124 A
K 620 A
K 153 E
R 1925 A
R 633 E
K 1616 E
K 1012 A
K 433 E
K 126 E
R 1788 A
R 1272 E
K 1964 E
K 1725 A
K 568 E
R 420 E
R 127 A
K 1960 A
K 1905 A
K 424 E
K 305 A
K 39 A
R 569 A
R 271 A
R 193 E
K 1981 E
K 1497 A
R 1643 E
R 568 E
R 405 E
R 302 A
R 188 E
K 855 A
K 324 A
K 263 E
R 1772 A
R 1406 E
R 1151 E
K 1240 E
K 865 A
R 1717 A
R 1551 E
R 1409 E
R 1357 A
K 1709 A
K 1679 A
K 1584 E
K 1180 A
K 1134 A
K 1087 A
K 672 A
K 93 A
R 1350 A
R 621 A
R 310 E
K 1400 E
K 983 A
K 829 A
K 440 E
K 65 A
R 1203 A
R 599 E
K 1006 E
K 331 A
R 1713 A
R 1591 A
R 1356 E
R 1291 A
R 1249 A
R 1079 A
R 989 A
R 682 A
R 239 A
R 134 A
K 1083 E
K 952 A
K 536 E
K 241 A
R 686 A
R 657 A
R 165 E
K 1823 E
K 1132 A
K 592 A
R 1647 A
R 1191 E
R 678 E
R 639 A
K 1863 A
K 1750 A
K 1694 A
K 1218 E
K 1039 A
K 487 A
K 389 A
K 295 E
K 271 A
K 120 A
K 67 A
R 1824 E
R 990 A
K 1913 E
K 1506 A
K 766 E
R 1929 A
R 638 E
R 370 E
R 96 A
K 1488 E
K 1077 E
K 741 A
R 1765 A
R 1636 A
R 1519 E
R 1432 A
R 1305 A
R 379 A
K 1294 A
K 165 E
R 1709 A
R 1302 E
R 1099 E
K 804 A
K 475 E
R 1517 E
R 831 A
K 1355 A
K 1075 E
K 927 A
K 403 A
R 1806 A
R 1725 E
R 1112 A
R 567 E
K 1405 A
K 1381 E
K 1279 A
R 1911 E
R 1829 A
R 1240 A
R 1158 E
R 675 A
K 1990 A
K 734 A
K 518 A
K 75 E
R 760 A
R 328 A
