180
K 82 J
K 25 E
R 86 C
R 56 O
R 50 Z
K 70 S
K 44 W
K 20 I
K 10 H
R 70 D
K 60 U
K 47 V
K 4 K
R 17 A
R 5 D
K 64 U
R 82 M
R 40 V
R 21 T
R 12 M
R 8 T
R 6 J
K 77 L
R 66 I
K 13 R
R 67 E
R 36 Q
K 52 T
K 33 F
K 21 Q
K 15 L
R 23 C
K 71 Z
K 41 A
R 45 N
R 35 E
R 2 S
K 24 O
R 71 J
K 75 O
K 66 J
K 14 W
R 58 A
R 48 P
K 7 O
R 98 I
R 95 S
K 18 M
R 51 L
K 74 V
K 61 Y
K 49 W
K 19 N
R 93 Q
R 55 P
R 52 Q
R 37 B
R 31 W
R 30 E
R 15 K
K 22 H
R 84 L
R 44 C
R 41 D
K 81 C
K 68 U
K 31 Y
K 12 O
R 97 O
R 65 I
R 53 L
K 69 Z
K 23 I
R 46 W
K 38 S
R 78 N
R 60 O
K 62 A
K 5 K
R 81 I
K 65 T
K 27 B
R 74 Y
R 43 H
R 38 U
K 17 M
R 94 U
K 11 N
R 73 N
R 22 W
R 9 Q
R 7 V
K 3 P
R 91 P
R 83 I
R 72 C
R 54 K
R 14 P
K 2 O
R 89 K
R 28 Z
R 26 V
R 19 Z
K 80 O
R 75 C
R 29 E
K 76 Q
K 54 K
K 50 J
K 39 M
K 16 V
R 59 R
K 42 X
R 27 Z
R 16 T
K 79 D
K 73 Q
R 13 V
R 4 A
K 63 U
K 58 W
K 9 N
R 49 F
R 42 D
K 26 U
R 62 J
K 55 J
K 35 Y
K 29 I
K 1 Q
R 68 O
R 47 R
R 20 R
R 10 L
R 1 P
K 34 M
K 30 E
R 99 X
R 96 U
R 92 J
R 87 H
R 76 N
R 32 Y
K 57 V
K 53 M
R 18 I
K 56 D
K 40 N
R 63 T
K 51 E
K 45 U
R 85 M
K 67 W
K 46 X
R 24 M
K 36 T
K 28 G
R 69 Q
K 72 G
R 80 E
K 59 E
K 48 D
R 33 N
K 78 G
K 8 S
R 61 K
K 43 Z
K 32 U
R 79 L
R 3 T
K 6 K
R 34 O
R 25 R
K 37 S
R 90 O
R 88 F
R 77 V
R 64 F
R 57 P
R 11 E
