196
K 61 U
K 15 H
K 3 S
R 53 Q
R 31 J
R 2 J
K 85 W
K 45 D
R 96 E
R 80 V
K 47 T
K 44 P
R 75 W
K 90 L
K 21 F
R 100 F
R 52 S
R 22 N
K 80 X
K 42 F
R 48 E
K 76 S
K 57 M
K 8 E
R 35 C
K 12 N
R 73 N
R 30 G
K 69 N
K 67 K
R 87 J
R 54 E
R 46 O
R 36 W
R 29 V
R 7 B
K 24 D
R 63 M
R 59 M
R 51 D
R 32 R
K 60 I
R 90 S
K 66 C
R 77 S
R 11 G
R 3 M
K 70 A
K 62 S
K 2 V
R 56 D
R 34 J
K 56 V
R 70 A
K 97 E
K 94 J
K 51 N
K 34 S
K 28 X
R 68 M
R 12 K
K 72 O
K 50 D
K 9 F
K 4 P
R 88 C
K 95 D
R 6 I
K 22 N
R 33 L
R 8 V
K 10 M
R 95 R
K 83 X
R 92 Q
R 91 F
R 81 L
R 76 E
R 20 E
R 10 B
R 1 N
K 39 S
R 78 F
R 67 G
R 61 H
R 45 U
R 23 O
K 41 S
R 72 E
K 58 N
R 89 P
R 39 Q
K 68 I
K 63 K
K 7 K
R 40 H
K 84 P
R 58 F
K 89 Z
K 52 P
R 4 A
K 26 Z
R 69 V
R 64 C
R 38 E
K 82 V
K 54 H
K 49 Q
K 36 Z
K 29 V
K 17 C
K 14 Z
R 82 M
K 74 M
K 31 A
R 94 H
R 18 J
K 75 W
R 49 B
R 19 Q
R 16 G
K 93 M
K 5 H
R 62 E
R 42 O
R 27 K
K 13 X
R 98 H
K 55 C
K 27 Q
R 93 A
R 57 V
R 15 F
K 64 S
R 66 C
R 65 F
K 25 V
R 85 C
R 37 L
R 25 J
R 21 J
R 13 O
R 9 Y
R 5 S
K 92 B
K 87 D
K 65 E
K 53 F
K 38 L
K 35 L
K 23 P
R 97 K
R 71 X
K 46 J
R 99 Y
R 24 Y
K 88 U
K 40 G
K 37 W
K 20 A
K 18 I
K 11 C
K 6 L
R 17 R
K 30 Y
R 84 O
R 74 H
K 16 X
R 44 I
K 81 C
R 86 A
K 73 Y
R 55 F
R 43 T
K 71 W
K 33 U
R 47 H
R 26 V
K 91 F
K 77 F
K 59 F
K 48 V
K 43 Y
K 19 U
R 79 W
K 96 K
K 86 L
K 79 N
R 50 C
K 32 Z
K 1 E
R 28 M
K 78 T
R 83 F
R 41 U
R 14 T
