196
R 90 X
R 65 E
R 40 E
K 37 C
R 94 X
R 14 L
K 61 A
R 68 R
K 98 H
K 97 G
K 39 P
K 36 R
R 96 N
R 91 G
R 76 O
R 71 H
R 37 O
K 95 Y
K 78 C
R 52 U
K 41 U
K 10 L
K 1 D
R 62 U
R 58 K
R 25 X
R 24 S
K 20 Z
R 21 D
R 19 G
K 85 X
K 43 T
R 4 Y
K 74 X
K 62 D
R 66 Z
K 87 Z
K 81 Y
K 46 U
K 12 O
R 81 I
K 53 Y
R 42 E
K 44 Q
R 73 B
K 60 H
K 56 L
R 89 I
K 6 D
R 46 Q
K 55 I
K 13 R
R 78 E
K 28 Z
R 7 C
K 72 C
K 30 T
R 51 O
K 76 E
R 48 A
K 91 M
K 21 T
R 53 J
R 10 A
R 2 Q
K 93 N
K 11 N
R 20 B
K 57 Y
K 51 M
R 63 P
R 41 A
R 12 I
K 88 U
K 77 J
K 42 X
K 26 K
K 16 U
K 8 E
R 74 W
R 55 T
R 34 A
K 89 S
K 75 J
R 15 Y
K 80 K
R 79 A
R 75 N
K 25 I
K 14 P
R 61 L
K 17 D
R 92 J
R 39 Y
K 68 C
K 48 P
R 43 O
R 1 Y
K 71 G
R 95 G
R 86 G
R 59 Y
R 54 V
R 44 U
R 3 I
K 86 S
R 38 Y
R 33 I
R 8 K
K 33 N
R 32 V
K 96 X
K 70 T
K 54 N
K 34 L
R 83 P
K 67 L
K 45 J
K 40 Y
K 23 E
K 4 M
R 69 K
R 64 J
K 99 Y
K 49 F
K 15 N
R 72 L
R 47 F
R 31 T
R 16 I
R 11 F
K 92 S
K 32 G
R 35 D
R 18 Z
K 35 G
K 2 O
R 67 L
R 27 P
K 69 X
K 47 T
K 5 Z
R 93 E
K 31 Q
R 97 K
K 38 I
R 85 W
R 84 I
R 77 R
R 70 W
R 9 Y
R 6 P
K 29 X
R 45 C
R 22 H
K 82 P
R 36 Z
K 94 N
K 52 X
R 30 P
K 73 E
R 57 I
K 84 F
K 63 X
K 27 E
K 18 B
R 5 J
K 100 E
K 79 D
K 58 K
K 24 M
K 9 R
R 88 M
R 82 H
R 80 M
R 49 D
K 66 N
K 3 G
R 87 A
K 64 O
R 29 C
K 83 T
K 65 V
K 22 G
K 7 F
R 50 T
R 28 D
R 23 B
R 13 O
K 90 S
K 50 R
R 17 Z
K 19 U
R 60 V
R 56 J
R 26 K
