196
R 73 J
R 53 Z
R 45 Z
R 20 Z
K 65 Z
K 38 J
K 24 J
R 71 J
R 33 Z
R 31 Z
K 81 Z
K 77 Z
K 22 J
R 75 J
R 68 Z
R 66 J
R 8 Z
R 2 Z
K 99 J
K 86 J
K 72 Z
K 51 J
K 45 Z
K 16 Z
R 96 J
R 86 Z
R 38 J
R 23 J
K 23 J
K 4 Z
R 74 Z
R 49 J
R 21 Z
K 91 Z
K 70 Z
K 68 J
K 56 Z
K 2 J
R 19 J
R 1 Z
K 88 J
K 83 Z
K 79 J
K 5 J
R 55 Z
R 30 Z
R 26 J
R 6 J
K 84 J
K 82 J
K 62 Z
K 48 J
K 31 Z
K 11 Z
R 54 Z
R 36 J
K 74 J
K 60 Z
K 19 Z
R 76 Z
R 35 Z
R 11 J
K 98 Z
K 37 J
R 88 J
R 57 J
R 16 Z
K 93 J
K 46 Z
K 26 J
K 7 J
R 78 Z
R 22 J
K 97 J
K 25 Z
K 15 J
K 3 J
R 97 Z
R 95 J
R 93 Z
R 89 Z
R 87 Z
R 61 Z
R 60 Z
R 59 Z
R 42 Z
R 40 Z
R 9 Z
K 12 J
K 10 Z
R 90 Z
R 83 J
R 79 Z
R 72 J
R 52 Z
R 51 J
R 47 Z
R 28 J
K 90 Z
K 57 J
K 49 J
K 18 J
R 84 Z
R 82 Z
R 29 J
R 25 J
K 94 Z
K 67 J
K 29 J
K 6 J
R 43 J
R 10 Z
K 96 Z
K 71 J
K 30 J
K 13 J
R 17 Z
R 15 J
K 63 J
K 54 Z
R 58 J
R 24 Z
K 92 J
K 76 J
K 73 J
K 66 J
K 55 Z
R 81 Z
R 70 J
R 64 Z
R 13 Z
K 28 Z
K 21 Z
K 1 J
R 92 J
R 80 Z
R 44 Z
K 75 J
K 64 J
K 27 Z
R 65 Z
R 50 J
R 46 J
R 37 J
K 42 Z
K 9 J
R 94 Z
R 91 Z
R 77 J
R 4 Z
K 58 J
K 44 J
K 43 J
K 40 J
K 39 Z
K 34 J
K 32 J
K 20 J
R 67 Z
R 56 J
R 39 J
R 34 J
R 14 J
K 80 Z
K 53 J
K 36 Z
K 33 J
R 69 J
R 41 J
R 5 Z
K 61 Z
K 50 J
K 41 J
K 8 J
R 85 J
R 48 J
R 3 Z
K 100 Z
K 85 Z
K 78 Z
K 14 J
R 63 J
R 62 J
R 32 Z
R 18 J
K 95 J
K 89 Z
K 87 J
K 59 Z
K 52 J
K 47 J
K 35 J
K 17 J
R 27 J
R 12 Z
R 7 J
