199
R 77 E
R 56 E
R 29 H
R 16 E
K 98 H
K 69 E
R 99 E
R 88 E
R 57 H
R 35 E
K 91 H
K 82 E
K 80 H
K 59 H
K 48 E
R 100 H
R 86 E
R 74 H
R 58 E
R 46 H
K 65 E
K 58 E
K 27 H
K 23 E
R 52 E
R 4 H
K 86 H
K 74 E
K 72 E
K 46 H
R 93 H
R 82 H
R 59 E
R 47 E
R 28 H
K 75 H
K 38 H
K 24 H
K 13 H
K 11 H
K 5 E
K 2 H
R 98 E
R 80 H
R 32 E
K 62 E
K 32 H
R 69 H
R 43 E
R 1 E
K 37 H
K 3 E
R 89 H
R 5 E
K 90 H
K 85 E
K 35 E
R 73 H
R 68 E
R 3 H
K 100 E
K 95 H
K 51 H
K 26 E
K 20 H
R 94 H
R 71 H
R 27 E
R 20 E
K 71 E
K 47 H
K 40 E
K 29 H
R 75 E
R 50 H
R 31 E
K 96 E
K 70 H
K 61 H
K 8 E
R 64 E
R 49 H
R 41 E
R 15 E
R 14 H
R 6 H
K 87 H
K 25 E
R 90 E
R 84 E
R 70 E
R 60 H
R 7 E
K 66 E
K 49 H
K 19 E
K 18 H
R 72 E
R 66 H
R 55 E
R 48 H
R 36 E
K 57 E
K 36 H
R 76 H
R 37 E
K 99 E
K 41 H
K 1 E
R 95 E
R 81 H
R 79 H
R 42 H
R 40 H
R 38 H
R 23 E
K 89 E
K 67 H
K 17 E
K 7 E
R 63 E
R 18 H
K 93 H
K 81 H
K 77 H
K 52 E
K 45 E
K 21 H
R 96 H
R 24 E
R 8 E
K 94 H
K 84 E
K 76 E
K 12 H
K 10 H
R 61 E
R 51 H
K 30 H
K 22 E
K 9 E
K 6 E
R 83 H
R 67 E
R 39 E
K 54 E
K 50 H
K 16 H
R 85 E
R 78 E
R 65 H
R 17 E
R 12 E
R 10 H
K 78 E
K 34 H
R 97 H
R 87 E
K 79 H
K 68 E
K 63 H
K 56 E
K 44 H
K 43 H
K 4 H
R 91 E
R 54 E
R 19 H
K 88 E
K 42 H
R 45 E
R 13 E
R 9 E
R 2 H
K 92 E
K 55 H
K 53 H
K 33 H
R 44 E
R 25 H
R 11 H
K 73 H
K 64 H
K 39 E
K 31 H
K 28 E
K 14 E
R 92 E
R 53 H
R 34 E
R 33 E
R 30 E
R 26 E
R 21 H
K 83 E
K 60 H
K 15 H
R 62 E
R 22 H
