179
R 49 Y
R 26 B
R 24 N
K 23 P
R 77 O
R 37 M
R 11 S
K 49 E
K 47 O
K 35 L
R 52 M
R 12 P
K 83 M
K 81 Y
R 80 Y
R 65 U
K 96 U
K 85 L
K 33 U
R 34 F
R 32 R
R 7 J
K 16 S
R 79 D
R 51 L
R 27 X
R 14 M
K 79 W
K 51 U
R 44 J
K 56 J
K 10 U
R 23 N
K 38 C
R 67 B
K 88 R
K 72 M
K 41 G
K 32 J
K 24 P
K 22 W
K 17 H
R 58 I
R 39 V
R 25 V
K 98 G
K 44 G
K 1 H
R 71 J
R 18 F
K 21 Z
R 21 Q
K 74 L
R 68 H
K 89 Z
K 63 E
K 37 Q
K 31 Z
R 15 H
K 58 K
K 15 H
R 8 D
K 95 R
R 72 G
R 10 Z
K 84 S
K 61 R
K 53 Y
K 52 P
K 42 V
K 29 G
R 82 E
R 59 X
R 50 W
R 36 S
R 29 B
R 1 V
K 91 C
R 74 C
R 70 F
R 61 O
R 53 C
R 31 B
R 2 X
K 92 O
K 90 S
K 20 B
R 13 U
K 25 R
K 13 O
R 42 N
K 78 N
K 75 N
K 64 D
K 57 U
K 48 C
K 43 Z
R 73 X
R 57 A
R 40 Z
R 9 J
R 3 R
K 50 O
K 30 E
K 27 D
R 38 T
K 18 G
R 55 H
R 48 W
R 4 P
K 8 B
R 28 K
K 94 P
K 19 D
R 16 J
K 99 D
K 69 I
K 14 M
R 6 K
K 93 K
K 36 A
R 43 S
K 86 P
R 54 J
R 5 L
K 87 F
K 82 X
K 77 U
K 71 W
K 70 H
K 67 R
K 66 G
K 59 B
K 7 N
K 6 X
K 4 Z
K 3 Z
R 17 E
K 26 U
R 81 O
R 62 F
R 35 M
R 30 W
R 22 F
R 20 K
K 62 P
K 28 L
R 78 Q
K 97 Z
K 65 J
R 66 P
K 68 F
K 39 S
K 11 N
R 56 P
K 54 Y
K 34 S
R 75 L
R 47 G
R 45 N
R 19 V
K 40 B
K 12 W
R 64 K
K 76 B
K 9 K
K 5 T
R 60 I
R 46 B
R 33 Y
K 73 U
K 60 U
K 45 H
R 76 H
R 69 A
R 63 S
K 80 W
K 46 W
R 41 C
