1881
K 742 H
K 636 N
R 748 H
R 694 H
R 51 N
K 997 H
K 833 H
K 619 H
K 170 N
R 211 J
K 991 J
K 172 N
R 781 N
R 728 N
R 15 H
K 275 J
R 521 H
K 939 J
K 755 J
K 747 N
K 635 J
K 520 J
K 255 J
R 477 H
K 608 J
K 460 J
K 278 J
K 197 H
R 533 N
R 419 J
R 371 N
K 674 N
K 261 J
R 722 J
R 289 J
R 8 N
K 906 H
K 735 N
K 646 N
R 754 J
R 322 N
K 964 N
K 410 N
K 271 H
R 378 J
K 627 H
K 577 N
R 866 J
K 137 N
R 430 J
K 749 J
K 723 N
K 425 J
K 372 J
K 268 J
K 266 N
K 265 J
K 202 J
K 108 J
K 99 J
K 25 J
R 501 J
R 298 N
K 681 H
R 345 N
R 26 H
K 900 N
K 817 J
R 264 H
K 933 H
K 898 H
K 235 H
K 184 J
R 276 N
K 930 N
K 883 N
K 569 N
K 475 J
R 604 H
R 174 H
K 961 J
K 447 J
R 699 N
R 233 J
R 195 H
R 107 N
K 975 N
K 955 J
K 882 N
K 343 J
R 305 J
R 214 H
K 480 N
R 425 J
K 977 N
K 150 H
R 646 H
R 396 J
R 356 H
R 334 H
K 825 J
K 748 H
R 481 N
K 990 H
K 551 H
R 887 N
R 389 H
R 352 N
R 109 H
K 778 N
K 541 N
K 483 H
R 635 J
K 562 N
R 269 H
K 542 N
R 447 H
K 588 N
K 270 H
K 267 N
K 204 H
K 43 N
R 182 J
K 708 N
K 327 J
R 57 H
K 312 N
K 48 N
R 306 H
K 822 N
K 630 J
K 56 J
R 3 H
K 849 N
K 252 N
R 318 H
K 813 N
K 804 H
K 445 H
K 334 H
K 245 H
K 176 H
K 163 H
K 122 N
R 718 N
R 358 H
R 75 N
K 799 J
R 843 N
R 552 J
R 209 J
K 166 N
K 127 J
K 95 N
R 721 J
R 657 H
R 480 J
R 387 N
R 294 N
R 254 J
K 770 J
K 678 J
K 571 N
K 456 J
K 430 J
K 400 H
K 390 J
K 344 J
K 153 H
R 221 H
R 97 J
K 985 H
K 783 H
K 701 J
K 599 H
K 564 J
R 637 N
R 578 N
K 19 H
R 602 J
R 520 H
K 157 N
R 839 N
R 738 H
R 732 J
R 629 N
R 338 H
R 315 N
R 199 N
R 72 N
R 45 N
K 868 J
K 859 J
K 294 J
K 240 J
K 70 H
R 842 H
R 804 N
R 255 N
K 853 J
K 766 J
R 673 J
R 242 J
R 104 J
R 35 H
K 751 H
K 597 N
K 576 H
K 473 H
K 237 N
K 75 H
R 799 N
R 764 J
R 723 N
R 546 N
R 258 J
K 350 H
R 427 N
K 192 H
K 143 H
R 867 J
R 797 N
R 759 H
R 741 J
R 340 H
R 273 H
R 16 H
K 826 J
K 727 H
K 510 N
R 476 H
R 328 J
R 314 J
K 777 J
K 540 J
K 402 H
K 290 N
R 647 H
R 413 J
R 77 J
K 790 H
K 457 N
K 201 H
R 504 J
R 217 J
K 998 H
R 719 N
R 124 N
K 909 J
K 702 N
R 661 J
R 34 H
K 382 H
K 362 J
R 662 N
R 71 H
K 59 J
R 885 N
R 222 H
R 99 N
K 370 J
R 653 H
K 610 J
K 420 J
R 720 J
R 394 N
R 225 J
K 76 H
R 882 N
R 551 N
R 256 N
R 67 H
R 36 N
K 734 N
K 601 N
K 325 H
R 438 H
R 402 J
K 431 N
R 539 J
K 555 N
R 62 J
K 661 H
K 589 H
K 345 H
K 132 J
R 621 N
K 855 H
K 746 N
K 383 N
K 37 N
R 794 J
K 771 N
K 208 N
R 296 J
K 863 N
K 535 N
K 324 N
R 111 J
K 760 H
R 805 J
K 914 H
K 649 N
K 506 J
K 211 J
K 109 J
R 760 J
R 617 H
R 488 H
R 475 H
K 434 J
K 417 H
K 69 J
R 709 N
R 582 J
R 530 N
R 407 H
R 343 J
K 357 J
K 219 H
R 766 J
R 734 N
R 612 N
K 884 H
K 700 H
K 697 N
K 595 N
K 323 N
K 38 H
R 644 J
R 260 J
K 546 N
K 530 H
K 392 H
K 241 H
K 178 N
R 171 J
K 689 J
K 653 J
K 567 N
K 432 J
K 174 J
R 131 H
K 696 N
K 167 N
R 542 J
K 879 H
K 772 J
K 605 J
K 307 J
R 655 N
K 842 J
K 782 J
R 154 N
K 814 N
K 165 H
R 632 N
R 443 N
R 377 J
R 313 H
R 286 H
R 228 J
R 140 H
K 918 H
K 684 J
K 26 J
R 515 N
K 467 H
K 232 H
K 130 J
K 118 H
R 128 J
R 30 H
K 894 H
K 705 J
K 254 H
K 4 H
R 295 H
R 44 J
K 476 N
R 877 H
R 581 N
R 189 N
K 552 N
K 347 H
K 90 N
R 365 H
R 179 J
K 774 N
R 187 J
K 647 H
R 733 H
R 514 H
R 93 N
K 495 J
K 66 N
R 860 H
R 609 H
K 486 J
R 888 H
K 54 J
R 857 H
R 595 H
K 947 N
K 827 H
K 773 N
R 828 J
K 584 H
R 875 J
R 822 J
R 645 N
R 353 J
R 145 N
K 875 H
R 549 H
R 162 J
R 83 H
K 831 H
K 368 J
R 508 N
K 643 J
K 624 N
K 489 N
K 398 N
R 566 H
K 800 H
K 740 J
K 525 H
K 451 N
K 206 N
R 452 N
R 324 H
K 972 J
R 878 J
R 708 N
R 569 J
R 241 N
K 277 J
K 49 H
R 868 N
R 516 N
R 278 H
K 291 J
R 503 N
R 188 H
K 752 J
R 769 H
R 7 H
K 870 J
K 744 J
K 386 J
R 482 J
R 9 H
K 880 N
K 724 H
K 642 N
K 436 H
K 73 H
R 29 J
K 966 N
K 305 N
R 580 J
K 28 N
R 771 N
R 695 J
R 588 N
R 455 N
K 658 J
K 359 H
K 188 H
R 185 N
K 929 H
K 439 N
K 416 N
R 762 J
R 667 J
R 517 H
R 486 N
R 126 H
R 19 N
K 907 J
K 660 N
K 332 H
R 829 J
R 687 N
R 658 J
R 625 N
R 432 J
K 641 N
K 428 J
K 405 H
K 280 N
R 474 H
R 297 J
K 885 N
K 732 J
K 550 N
K 492 J
K 385 N
R 41 H
K 871 J
K 22 J
R 317 H
K 633 J
K 574 J
K 441 J
K 52 J
R 704 H
K 992 H
K 937 H
K 857 N
K 802 N
K 781 N
K 379 N
K 217 H
K 115 H
K 105 H
R 279 J
K 967 N
K 819 H
K 728 J
K 455 J
K 144 J
K 47 J
R 456 N
R 451 N
R 268 J
K 686 J
K 626 N
K 298 J
R 853 H
K 706 N
K 502 H
K 41 H
R 253 J
K 304 N
R 375 J
K 969 J
K 835 J
K 765 J
K 533 J
K 361 N
K 300 N
K 114 J
R 342 H
K 590 H
K 24 J
R 789 H
R 715 J
R 102 H
K 242 N
R 683 J
R 559 N
R 511 H
R 355 N
K 908 J
K 479 J
K 182 H
K 126 J
R 758 N
R 114 J
K 484 H
R 27 J
K 903 H
R 450 H
R 412 H
R 360 H
R 280 H
R 137 H
R 129 N
R 108 H
R 85 H
K 53 J
K 23 N
R 654 N
R 627 N
R 310 J
K 739 N
K 308 J
K 274 N
R 603 N
R 472 J
K 611 N
K 426 N
K 222 J
R 774 J
R 727 H
R 293 J
R 227 H
R 150 J
R 135 H
K 798 N
R 643 N
R 594 H
K 394 J
R 525 N
K 834 J
R 817 N
K 940 J
R 468 J
R 440 J
R 164 H
K 634 N
K 620 N
K 429 J
K 179 N
R 76 H
K 911 N
R 836 H
R 706 J
K 980 H
K 893 J
K 326 J
R 821 H
R 487 J
R 466 H
R 234 H
R 64 H
K 862 H
K 703 N
K 29 H
R 457 J
K 722 N
R 478 H
R 5 J
K 440 J
K 360 H
K 141 H
R 844 H
R 524 J
R 509 J
R 507 H
R 470 J
R 401 H
K 27 N
R 460 H
K 895 H
K 872 J
K 809 H
K 695 N
K 688 N
K 423 J
R 863 H
R 841 H
R 583 N
R 207 H
K 648 N
K 85 J
R 448 H
K 769 J
K 606 H
K 424 J
K 342 H
K 101 J
K 2 J
R 333 N
K 381 J
K 354 J
R 685 N
K 586 J
R 37 N
K 915 N
K 107 J
R 678 J
R 556 J
R 250 N
K 205 H
R 681 N
R 147 N
K 664 N
K 248 J
R 876 J
R 415 N
K 858 J
K 811 H
R 483 N
R 226 N
R 198 N
K 801 N
K 617 H
K 493 N
K 404 N
K 315 H
K 124 N
K 80 N
R 367 J
K 896 N
K 676 J
K 616 N
K 331 J
K 185 J
R 696 H
R 469 J
R 210 H
K 162 J
K 34 N
R 837 H
K 983 J
K 512 H
R 493 N
K 923 N
K 714 N
K 292 N
K 154 J
K 32 J
R 299 H
K 553 J
R 180 N
K 264 H
R 815 N
R 545 H
R 357 N
R 212 H
K 999 H
K 810 J
K 712 N
R 590 H
R 421 N
R 144 H
R 141 J
K 838 J
K 720 H
K 638 J
K 131 J
K 12 H
R 245 N
R 204 N
K 155 H
R 24 J
K 355 H
R 80 J
K 320 H
R 190 N
K 877 H
K 851 J
K 614 N
K 592 N
K 478 H
K 353 N
R 861 J
R 579 J
R 193 H
K 787 J
K 663 H
R 880 N
R 846 H
R 688 H
R 651 H
R 585 J
R 411 H
R 117 N
R 31 H
K 422 J
K 149 H
R 870 J
R 840 N
R 558 N
R 261 J
K 427 H
R 854 N
R 547 N
R 437 J
R 159 N
R 153 H
K 866 J
K 442 J
K 136 N
R 881 N
R 571 H
K 557 J
R 607 N
K 593 H
K 356 N
R 403 N
R 283 H
K 543 N
K 134 H
R 783 J
R 768 N
R 397 N
R 56 N
R 28 N
K 377 H
R 800 H
R 596 N
R 379 H
R 81 N
K 812 J
R 660 H
R 418 H
K 873 J
K 768 H
K 474 H
R 656 N
R 442 N
R 330 N
R 88 J
K 371 H
R 811 H
R 779 H
R 206 N
K 554 N
K 523 N
K 283 H
K 10 N
R 809 J
R 216 J
R 184 N
K 965 J
K 963 N
K 654 J
K 314 N
R 385 N
R 149 J
K 62 H
R 833 H
R 730 N
R 543 N
R 400 J
R 155 N
R 148 N
R 87 N
K 830 H
K 220 N
R 773 N
R 572 H
R 177 H
K 932 H
K 715 N
K 665 J
R 346 N
R 146 H
K 818 J
R 368 N
R 331 N
K 333 N
K 328 J
K 17 N
R 393 H
R 288 H
K 522 H
K 464 N
K 318 N
R 196 J
K 458 J
K 119 N
K 51 J
R 513 N
R 203 N
R 202 J
K 449 H
K 338 H
K 171 H
K 89 H
R 819 N
R 178 H
K 994 H
K 796 H
K 672 N
K 637 N
K 470 N
R 786 H
R 716 J
R 601 H
R 173 H
K 339 N
R 636 J
K 852 H
K 413 H
R 838 J
K 888 H
K 120 H
R 886 H
R 231 N
K 767 H
K 116 H
K 97 J
R 347 N
K 938 J
R 770 N
R 414 N
K 719 N
K 709 N
K 582 N
K 310 N
K 281 J
K 212 N
K 181 N
R 319 J
R 238 N
R 172 J
K 340 H
R 43 N
K 548 J
K 322 J
R 816 H
K 718 N
K 497 J
K 490 J
K 284 N
R 675 H
R 63 N
K 979 J
K 921 J
K 251 N
K 146 H
R 747 J
R 669 H
R 541 N
K 419 N
K 384 H
K 316 N
K 227 N
K 214 N
R 641 J
K 843 J
K 745 H
K 737 H
K 639 J
K 575 N
K 519 J
K 443 J
K 365 H
K 236 N
K 42 J
R 659 J
R 311 N
K 912 H
R 707 H
R 125 J
K 741 N
R 489 J
R 302 H
K 547 N
R 527 J
R 112 N
K 396 J
K 45 H
R 292 N
K 821 H
R 344 J
K 750 H
R 239 N
R 46 H
K 839 J
K 691 J
K 444 J
R 808 J
R 729 H
R 312 H
R 116 H
K 563 N
K 285 H
R 825 N
R 281 H
R 270 H
R 218 H
R 186 J
K 786 N
K 349 J
R 680 N
R 249 H
K 704 H
K 5 J
R 873 H
R 471 N
K 717 J
K 677 J
R 494 J
R 449 H
K 890 J
K 662 N
K 659 N
K 487 J
K 91 J
R 339 N
R 307 J
R 10 N
K 650 H
K 407 J
R 737 H
R 522 J
R 205 H
R 170 J
K 934 H
K 927 J
R 869 H
R 834 N
K 982 N
K 949 J
K 409 J
K 244 J
R 404 H
K 824 N
K 302 J
R 232 H
K 568 N
K 488 N
K 388 N
K 190 N
K 93 N
R 832 J
K 366 H
R 423 N
R 33 N
K 928 N
K 9 J
R 679 J
R 615 H
K 63 N
R 871 N
R 856 J
R 326 N
K 175 H
K 94 J
R 736 N
K 673 H
R 835 H
R 777 H
R 386 H
R 14 N
K 363 J
R 201 N
K 186 H
K 11 N
R 395 J
R 374 N
R 84 J
K 762 H
R 536 J
R 248 J
R 70 H
R 2 J
K 950 N
K 524 N
K 496 N
K 7 H
R 540 J
K 623 J
K 199 N
R 575 J
R 130 N
K 776 H
R 801 N
R 664 H
R 122 H
K 140 N
K 139 N
K 31 H
R 230 J
K 84 N
K 46 H
R 321 J
K 657 J
K 319 H
K 213 H
R 852 N
R 806 H
R 191 H
R 101 H
K 730 N
K 656 N
K 509 J
K 189 N
R 640 H
R 454 H
R 433 N
R 323 J
R 152 N
R 55 N
R 12 J
K 499 J
K 288 N
R 564 N
R 337 H
R 220 N
R 165 N
K 147 J
R 467 N
R 424 N
R 11 N
K 968 J
K 840 N
K 337 N
K 183 N
R 473 H
K 692 J
R 589 N
K 729 N
K 164 N
K 82 J
K 3 J
R 568 H
K 926 H
K 874 H
K 687 J
R 676 N
R 555 H
R 523 H
K 549 J
R 499 H
R 366 J
R 229 J
R 95 J
K 815 N
K 795 H
K 591 H
K 287 N
K 177 N
R 158 J
K 726 J
K 565 N
K 309 J
R 274 H
K 901 J
K 609 N
K 604 H
K 249 H
K 207 H
R 376 J
R 329 N
K 976 N
K 625 J
K 581 N
K 303 J
R 772 H
K 935 H
K 897 H
K 437 H
K 13 N
R 465 J
K 837 J
K 836 N
K 607 J
K 603 H
K 209 N
R 528 H
R 459 N
R 113 N
K 196 J
R 634 H
R 485 H
R 163 N
R 92 J
R 54 J
K 922 H
K 759 J
R 219 N
K 393 H
R 818 H
R 606 H
R 392 H
R 65 J
K 971 J
K 823 H
K 262 N
K 8 J
R 463 J
R 240 H
R 132 H
K 892 N
K 293 N
R 89 H
K 534 H
K 433 N
K 253 N
K 142 H
R 354 N
R 169 N
R 86 J
K 461 H
K 78 J
K 30 H
R 872 N
R 784 N
K 594 N
K 528 H
R 883 J
R 78 J
K 792 N
R 724 J
R 618 N
R 492 J
R 17 N
K 527 H
K 468 J
K 258 H
R 712 J
R 567 J
R 275 H
K 501 N
K 408 N
K 387 J
K 104 N
R 757 N
R 500 J
K 989 H
K 941 J
K 401 H
K 351 N
R 700 J
R 626 N
K 631 J
K 67 N
R 726 J
R 619 N
K 889 J
K 860 H
K 198 J
R 756 N
K 666 N
K 491 H
K 472 N
K 469 H
R 593 N
R 591 H
R 535 N
R 197 J
K 886 J
K 128 N
R 755 J
R 502 J
R 497 N
K 962 N
K 865 J
R 650 N
R 373 H
K 807 J
R 382 H
K 269 N
R 750 H
K 944 H
K 845 H
K 58 J
R 648 J
R 361 J
R 53 N
K 958 N
K 913 N
K 572 J
K 221 J
K 44 J
R 550 H
R 408 J
R 58 H
K 644 N
K 358 N
R 642 J
K 931 H
K 753 J
R 742 J
R 32 N
K 916 H
K 775 H
K 348 N
K 65 H
R 461 J
R 40 H
K 273 N
R 398 J
K 414 N
R 826 H
R 823 H
R 464 J
R 458 N
R 200 J
R 167 J
K 272 H
K 77 J
R 66 N
K 829 J
K 573 N
K 193 N
K 36 J
R 532 H
K 844 N
K 640 J
K 226 J
R 103 H
K 507 J
K 148 H
K 138 J
K 1 N
R 711 N
R 434 J
R 181 N
K 764 J
K 81 H
R 441 N
R 271 N
K 960 J
K 943 N
K 854 N
K 788 H
K 652 J
K 514 N
K 459 J
R 531 J
R 526 H
K 671 J
K 229 N
K 117 N
R 831 H
R 623 J
K 725 N
K 485 H
K 295 N
K 282 H
R 845 J
R 370 N
K 808 N
K 791 J
R 795 J
R 717 J
R 446 H
R 42 H
K 598 N
K 187 N
K 68 N
R 763 N
R 749 N
R 622 N
R 363 N
R 237 J
K 910 J
K 621 H
K 466 H
K 218 J
K 200 H
K 161 H
R 792 N
R 59 N
K 864 H
K 330 N
R 587 J
K 655 J
K 395 N
R 703 N
R 628 J
K 981 H
K 438 N
K 224 N
R 705 J
R 25 J
K 111 N
R 614 J
R 285 J
K 780 J
K 311 N
K 296 J
R 802 N
R 743 N
R 713 J
R 677 N
R 638 H
R 597 N
R 453 N
R 105 J
K 925 H
K 867 J
K 612 J
K 556 H
K 412 N
K 301 N
R 814 N
R 753 H
K 613 J
K 536 J
R 820 N
K 736 J
R 390 N
R 127 J
K 986 H
R 519 H
R 332 N
K 924 N
K 585 J
K 391 N
K 380 J
K 321 J
R 20 H
K 974 J
K 956 H
K 794 H
K 477 J
K 173 J
R 570 N
R 123 N
K 754 J
K 230 N
K 169 N
K 74 N
R 119 H
K 694 J
K 482 N
K 418 J
R 827 H
R 223 N
K 159 J
R 624 H
K 953 H
K 247 N
R 731 H
R 702 N
K 286 J
K 223 J
R 735 N
R 616 J
R 208 J
K 336 H
R 399 J
K 917 H
K 713 H
K 518 N
K 403 J
R 765 N
R 381 H
K 805 J
K 558 J
R 739 N
K 763 J
K 421 J
K 96 N
R 666 H
K 110 J
R 246 N
R 79 J
K 881 H
K 494 J
R 136 J
R 73 N
K 622 H
K 276 H
R 436 J
R 247 H
R 192 N
R 120 N
K 951 J
K 545 N
R 553 H
K 346 N
K 256 H
K 135 H
R 639 J
R 506 H
K 243 J
K 152 N
R 798 N
R 752 H
K 948 N
K 803 H
K 504 J
R 693 H
R 194 J
K 112 N
K 33 H
R 689 J
K 945 H
K 21 J
R 790 H
R 782 N
R 778 J
R 690 J
R 610 N
R 490 H
R 428 J
R 426 N
R 304 J
R 282 H
R 50 J
R 18 N
K 987 H
K 561 J
K 133 J
R 776 J
R 671 J
R 265 H
K 685 N
R 793 J
K 891 H
R 884 N
R 495 J
R 176 J
R 49 H
K 679 H
K 628 H
K 587 J
K 389 J
R 445 N
K 876 N
K 797 H
K 793 N
K 789 N
K 246 N
K 215 N
R 807 J
K 113 H
R 740 N
K 675 J
R 775 H
R 592 H
R 562 H
R 316 J
R 236 J
K 651 J
K 415 J
K 61 H
R 691 N
K 743 H
K 683 H
K 375 H
K 329 H
R 537 N
R 267 N
K 848 H
K 399 N
K 203 N
R 850 J
R 431 J
R 235 J
K 721 H
K 352 H
R 69 J
K 919 N
K 832 N
K 35 N
R 796 N
R 670 N
R 605 N
R 565 H
R 405 N
K 993 N
K 738 N
K 560 N
K 517 N
K 500 N
K 250 H
R 611 N
R 61 J
K 973 N
K 946 J
K 511 N
R 620 N
R 444 H
K 6 J
R 864 J
R 518 N
K 905 J
K 615 N
R 586 H
K 289 N
R 422 J
K 583 N
K 263 N
K 87 N
R 847 J
R 529 N
R 60 N
K 699 H
K 602 H
K 367 H
R 744 J
R 574 H
R 94 H
K 784 N
R 561 H
R 369 H
R 98 N
K 559 J
K 463 H
R 350 N
K 846 N
K 578 N
K 257 J
R 668 J
R 348 J
R 23 N
K 936 H
K 529 J
R 692 N
R 631 H
R 598 H
K 299 H
K 195 J
R 862 N
R 510 J
R 435 J
R 287 N
R 161 N
R 90 N
K 680 H
R 682 J
K 920 N
K 373 H
R 788 N
R 761 N
R 6 H
K 238 J
R 686 N
K 55 J
R 865 N
K 513 J
K 450 J
K 92 J
R 830 H
R 380 J
R 284 H
K 978 H
K 758 N
K 670 H
R 710 H
R 557 H
R 544 H
R 462 N
K 20 J
R 576 H
R 257 H
K 629 H
K 532 N
K 516 H
R 560 N
R 160 H
K 580 J
K 406 J
K 102 H
R 812 H
R 359 N
R 168 N
R 22 N
K 996 H
K 761 H
K 411 N
K 369 N
R 325 H
R 303 N
R 96 H
K 988 H
K 668 J
R 672 H
R 613 N
R 491 H
R 335 J
K 904 H
K 869 J
K 861 N
K 820 N
K 707 J
R 663 J
R 336 H
R 47 J
K 341 J
K 234 N
R 674 H
K 233 N
R 13 H
K 645 J
K 446 N
R 341 H
R 243 J
R 166 J
R 4 J
K 596 J
K 168 N
R 701 N
R 439 N
R 139 H
R 91 N
R 52 N
K 537 N
K 397 H
R 848 J
R 780 N
R 600 N
R 351 J
K 465 H
R 224 N
K 690 H
K 317 H
R 538 N
K 435 H
K 121 H
R 383 H
R 157 H
R 156 H
R 138 N
R 48 H
K 526 H
K 335 N
R 746 N
R 577 J
K 902 N
K 733 J
R 417 H
K 570 J
K 158 N
R 134 H
K 806 H
K 191 N
R 429 J
K 716 H
R 649 J
R 301 H
K 374 N
R 879 J
R 290 J
R 110 J
K 816 H
K 632 H
K 566 H
K 539 N
K 538 J
K 508 N
K 503 N
K 123 H
R 787 N
R 384 J
K 710 N
K 498 J
K 228 H
K 180 N
K 88 H
R 512 N
R 372 H
K 471 J
R 849 H
K 756 N
K 693 H
K 682 N
R 409 J
K 225 H
R 554 N
K 899 H
R 665 N
K 847 N
K 731 N
K 103 H
R 548 H
R 142 J
K 600 J
K 129 J
K 64 J
K 50 N
R 21 H
K 306 J
R 364 H
R 143 H
K 878 H
K 757 H
K 72 H
K 39 J
K 18 H
R 767 N
R 118 N
R 100 N
K 86 J
R 858 J
R 608 N
K 779 J
K 669 J
K 505 H
K 452 H
K 151 H
K 14 J
R 39 N
K 194 N
K 145 H
R 300 J
R 121 J
K 448 H
K 259 H
R 855 J
R 349 H
R 115 H
K 887 N
K 481 J
R 496 H
R 406 H
R 362 H
R 1 H
K 942 N
K 711 H
K 618 H
K 364 H
K 279 H
K 239 H
K 60 N
R 684 H
R 183 N
R 133 H
K 995 H
K 957 N
K 453 N
R 791 N
R 309 N
R 277 N
R 272 J
R 262 N
K 856 H
R 259 J
K 231 H
K 15 H
R 599 H
R 420 H
R 410 N
R 68 J
K 984 N
K 828 J
R 291 H
K 970 H
K 106 N
R 725 J
K 515 N
K 160 N
R 851 J
R 388 J
R 38 N
K 156 H
R 484 J
K 79 H
R 859 H
R 652 H
R 534 H
R 266 H
R 263 H
R 151 N
R 106 H
K 579 J
R 813 J
R 810 H
K 850 J
K 698 H
K 40 H
R 874 H
R 803 H
R 505 J
K 462 N
K 378 J
K 260 N
R 824 J
R 573 J
R 416 N
R 320 N
R 252 N
R 251 J
K 954 J
K 952 H
K 544 J
K 376 J
K 313 H
K 216 J
R 563 H
R 327 N
K 83 J
R 697 N
R 479 J
R 175 H
K 841 H
K 521 H
K 210 H
K 98 J
K 71 J
R 498 H
R 213 J
K 531 J
K 125 H
K 100 H
R 785 H
R 391 N
K 959 J
K 297 J
R 308 H
K 785 J
K 454 N
K 57 J
K 16 H
R 751 N
R 714 J
R 698 J
R 215 J
K 667 H
R 244 J
