1999
K 943 V
K 689 K
K 480 K
K 240 K
K 135 V
K 102 V
R 607 K
R 575 V
K 435 V
K 283 K
K 259 K
K 46 V
R 884 V
R 739 V
R 225 K
R 72 V
K 830 K
K 706 V
R 781 K
R 178 V
R 63 V
K 695 K
K 154 V
R 828 K
R 362 V
K 946 K
K 748 K
K 588 V
K 508 K
K 474 K
K 333 K
K 70 V
R 863 K
R 403 V
K 883 K
K 545 V
K 158 V
R 706 K
R 661 V
R 40 K
K 990 K
K 462 K
K 311 V
K 15 V
R 909 V
R 498 K
R 408 V
K 874 V
K 823 V
K 694 V
K 681 V
K 635 V
K 525 V
K 302 V
K 251 V
K 124 K
K 101 V
R 920 V
R 793 K
R 717 V
R 469 K
K 957 V
K 662 K
R 951 V
R 883 K
R 595 K
R 356 K
R 345 V
K 1000 K
K 558 K
K 316 V
K 268 V
K 5 V
R 719 K
R 355 K
R 188 V
R 12 K
K 591 V
K 424 K
K 131 V
R 908 V
R 658 K
R 631 K
R 246 K
K 501 V
K 206 K
R 405 K
R 36 V
K 849 K
K 833 V
K 817 K
K 813 K
K 732 K
K 632 K
K 270 K
K 192 V
R 772 K
R 715 V
R 680 V
R 554 K
R 534 K
R 483 K
R 402 K
R 118 K
R 115 K
K 935 V
K 848 K
K 793 K
K 705 K
K 85 K
R 640 K
R 421 K
R 375 V
K 737 K
K 290 K
K 254 V
R 737 V
R 677 V
R 657 V
R 426 V
R 398 V
R 396 V
R 323 K
R 295 V
R 170 K
K 456 V
K 433 K
R 816 V
R 105 K
K 930 V
K 597 K
K 343 V
K 100 V
R 648 V
R 600 K
K 841 K
K 839 V
K 30 K
R 713 V
R 161 K
K 864 K
K 702 K
K 109 V
R 885 K
R 333 V
R 208 V
K 753 V
K 668 K
R 783 V
R 453 V
R 317 K
R 230 V
R 214 K
R 93 V
K 67 K
K 47 V
R 931 K
R 858 V
K 965 V
K 714 V
K 437 K
K 210 V
R 692 V
R 663 K
R 181 K
K 938 K
K 593 V
K 504 K
K 53 V
R 944 V
R 901 V
R 802 K
R 792 V
R 710 V
R 373 V
R 369 V
R 302 V
R 47 V
K 592 K
K 563 V
K 43 V
R 947 V
R 866 K
K 931 K
K 907 K
K 856 K
K 710 K
K 487 K
K 232 K
K 41 V
R 843 K
R 839 K
R 263 V
K 956 K
K 919 V
K 761 V
K 671 V
K 362 V
R 578 K
R 555 K
R 401 V
R 182 K
R 85 K
R 56 K
K 918 K
K 811 V
K 174 K
K 171 V
R 473 K
R 146 V
K 652 K
K 448 K
K 360 V
R 586 V
R 538 V
R 454 V
R 440 K
R 414 V
R 284 K
R 262 K
R 221 V
R 150 V
K 988 K
K 981 K
K 903 V
K 786 V
K 522 K
K 520 K
K 432 K
K 344 K
K 90 V
K 83 V
R 898 K
R 702 K
R 142 K
R 76 V
K 884 V
K 653 K
K 178 V
K 142 V
K 89 K
R 678 K
R 622 K
R 614 K
R 100 V
R 26 V
K 889 K
K 528 V
R 969 K
R 910 V
K 92 V
K 82 K
R 998 K
R 695 V
R 670 V
R 390 K
R 162 K
R 128 K
K 834 V
K 690 K
K 540 K
K 204 K
K 139 V
K 21 V
R 659 K
R 379 K
R 287 V
R 125 K
R 92 K
K 626 V
K 467 K
K 134 K
R 561 K
R 288 V
K 794 V
K 649 K
K 427 V
K 300 K
K 93 V
R 545 V
R 189 K
K 985 K
K 773 V
K 533 K
K 428 V
R 769 V
R 268 K
R 96 V
K 815 K
K 339 K
K 292 K
K 266 V
R 879 V
R 637 K
R 541 V
R 537 K
R 258 K
R 185 V
R 117 V
K 809 V
K 709 K
K 655 V
K 618 V
R 790 V
R 676 V
R 618 V
R 410 V
R 243 V
R 38 V
R 32 K
K 896 K
K 879 K
K 492 K
K 393 K
K 187 V
R 996 K
R 831 V
R 620 V
R 585 K
R 546 V
R 435 K
R 17 V
K 750 K
K 660 V
K 518 V
R 985 V
R 775 K
K 726 V
K 324 K
K 133 K
R 653 K
R 60 V
K 986 V
K 966 K
K 98 K
R 821 K
R 530 V
R 215 V
R 213 V
R 168 V
R 107 V
R 58 V
K 882 K
K 763 V
K 741 V
K 675 K
K 595 V
K 412 K
K 209 K
R 887 V
R 231 K
R 180 V
K 659 K
K 338 V
R 767 K
R 412 K
R 275 V
K 325 V
K 27 K
R 972 V
R 834 V
R 827 V
R 592 V
R 529 V
R 494 V
R 422 K
R 123 V
K 895 V
K 769 V
K 697 V
K 407 K
K 31 V
R 970 V
R 848 K
K 979 V
K 488 V
K 390 K
K 127 K
R 847 K
R 810 K
R 709 K
R 583 K
R 525 K
R 518 V
R 462 V
R 443 V
R 365 K
R 233 V
K 861 K
K 663 V
K 622 V
K 331 V
K 303 V
R 313 K
R 301 V
R 133 K
K 512 V
K 464 V
K 398 K
K 208 K
K 125 V
K 96 K
R 904 V
R 776 K
R 735 V
R 679 V
R 420 K
R 245 V
R 237 V
R 177 V
R 173 V
R 108 K
K 785 V
K 680 V
K 640 V
K 627 K
K 564 V
K 346 V
K 340 V
R 682 K
R 627 K
R 512 V
R 367 V
K 718 V
K 641 K
K 573 V
R 597 V
R 211 K
R 196 V
R 109 K
K 832 V
K 762 V
K 719 V
K 403 K
K 222 K
R 698 V
R 556 V
R 87 K
K 925 K
K 846 V
K 473 K
R 849 V
R 347 V
R 147 K
R 22 V
K 598 K
K 225 V
K 63 V
K 7 K
R 761 K
R 590 V
K 708 V
K 297 K
R 688 K
R 312 V
R 191 V
K 843 V
K 779 V
K 242 K
R 552 K
R 548 V
R 154 V
R 95 V
K 947 K
K 942 V
K 742 V
K 282 V
K 276 K
K 107 K
R 601 V
R 542 V
R 506 K
R 479 V
R 354 V
K 784 K
K 541 V
R 591 K
R 522 K
R 509 V
R 335 K
R 304 K
R 139 K
K 939 K
K 909 V
K 803 K
K 436 K
K 420 K
R 959 V
R 825 K
R 474 V
R 89 V
K 821 K
K 423 V
K 351 K
K 144 K
R 953 K
R 377 K
R 336 K
R 197 K
R 144 K
R 75 V
K 777 V
K 562 K
K 284 K
K 255 K
K 246 V
R 967 K
R 742 K
R 711 K
R 329 V
K 865 V
K 824 K
K 802 K
K 670 K
K 429 V
K 379 V
K 112 V
R 740 K
R 343 K
R 254 K
R 222 K
R 176 V
R 103 K
K 873 V
K 463 V
K 319 K
R 892 K
R 634 K
R 507 K
R 20 V
R 15 K
K 654 V
K 353 V
K 274 K
K 263 V
R 833 V
R 636 K
R 205 K
K 963 K
K 740 K
K 684 K
K 667 K
K 650 K
K 600 K
K 557 V
K 422 K
K 33 V
R 701 V
R 311 K
R 114 V
R 65 V
K 977 V
K 863 V
K 610 V
K 479 V
K 458 V
K 329 V
K 327 K
R 966 K
R 859 K
R 841 V
R 340 V
R 48 V
K 760 V
K 725 K
K 523 V
K 510 V
R 857 V
R 577 V
R 521 V
R 159 K
R 25 K
K 872 K
K 661 V
K 559 K
K 498 K
R 731 K
R 649 K
R 612 K
R 504 V
R 308 K
R 281 K
R 174 K
R 169 K
K 578 V
K 577 K
K 250 V
R 516 K
R 137 V
K 836 V
K 443 V
K 191 K
R 814 V
R 305 K
K 682 K
K 546 V
K 352 V
K 221 K
K 173 K
R 619 K
R 610 V
R 593 V
R 535 V
K 950 V
K 470 K
K 293 V
K 220 V
R 958 V
R 925 V
R 787 V
R 598 V
R 559 K
R 526 V
R 448 K
R 338 K
R 127 V
R 83 V
R 9 K
K 265 V
K 188 V
K 24 K
K 4 V
R 461 V
R 378 V
R 292 K
R 153 V
K 962 V
K 789 K
K 767 V
K 678 V
K 582 V
K 531 K
K 468 V
K 207 V
K 91 V
K 80 K
R 941 K
R 639 K
R 638 K
R 477 V
R 366 K
R 342 K
R 227 V
R 212 K
K 881 K
K 870 V
K 54 V
R 936 V
R 918 V
R 897 K
R 446 V
R 380 K
K 961 V
K 538 K
K 444 K
R 962 V
R 955 K
R 708 K
R 424 V
R 4 V
K 623 K
K 521 V
R 928 V
R 119 V
R 101 K
K 944 V
K 722 V
K 576 V
K 439 V
K 382 V
K 363 V
K 243 K
K 147 V
K 29 V
R 903 K
R 673 V
R 664 V
R 381 V
K 897 K
K 735 V
K 514 V
K 392 K
K 172 V
K 25 V
R 557 V
R 531 K
K 926 K
K 472 K
K 149 V
R 102 V
R 57 V
R 21 K
K 997 V
K 698 V
K 644 K
K 614 V
R 853 V
R 823 K
R 721 K
R 441 V
R 391 V
R 334 K
K 646 V
K 606 K
K 373 V
R 982 V
R 623 V
R 438 K
K 721 V
K 294 K
R 981 V
R 364 K
R 31 V
K 699 V
K 642 V
K 37 V
K 14 K
R 851 K
R 471 V
K 949 V
K 908 K
K 866 V
K 534 V
K 409 V
K 386 V
K 304 K
K 233 K
K 201 K
K 157 V
K 156 V
K 114 K
R 854 K
R 353 V
R 202 V
K 901 V
K 758 V
K 691 V
K 561 K
K 195 V
K 60 V
R 878 V
R 829 V
R 778 V
R 433 V
R 332 V
R 328 V
R 314 K
R 297 V
K 757 K
K 585 V
K 261 V
K 76 V
R 572 K
R 544 V
R 265 V
R 164 V
K 982 V
K 465 V
K 103 K
R 830 V
R 558 V
R 487 V
R 392 V
R 207 K
K 888 V
K 19 K
R 609 K
R 571 V
K 798 K
K 389 V
R 763 K
R 662 V
R 635 K
R 132 V
K 552 V
K 111 K
R 726 K
R 568 V
R 248 K
K 313 V
K 175 K
R 579 K
R 492 V
R 55 V
K 825 K
K 772 K
K 548 K
K 336 V
K 39 V
R 759 K
R 126 V
K 731 V
K 166 K
R 891 V
R 714 V
R 143 K
K 509 V
K 421 K
R 789 K
R 528 K
R 496 V
R 34 V
K 987 V
K 920 V
K 862 K
K 536 K
R 616 K
R 371 V
K 951 V
K 838 V
K 800 K
K 686 V
K 481 V
K 475 K
K 354 K
K 260 V
R 867 V
R 771 K
R 51 K
R 2 K
K 964 V
K 727 K
K 310 V
K 245 V
K 152 V
R 868 K
R 738 V
R 370 V
K 893 V
K 685 V
K 482 K
R 999 K
R 149 V
K 978 V
K 975 V
K 419 V
K 237 V
K 200 V
K 94 K
K 11 K
R 748 V
R 244 K
K 747 K
K 736 K
K 704 K
K 603 K
K 309 V
K 184 K
K 126 K
R 974 V
R 703 K
R 363 K
R 257 K
K 855 K
K 768 V
R 784 K
R 497 V
R 274 V
K 477 V
K 257 K
K 226 K
K 44 V
R 836 V
R 762 K
R 251 V
R 175 V
R 155 V
K 917 V
K 826 K
K 778 K
K 491 K
K 262 K
R 888 V
R 780 V
R 621 K
R 466 V
R 86 K
K 781 K
K 700 K
K 256 V
K 61 K
R 922 K
R 840 V
R 472 V
R 406 V
R 325 V
R 303 V
R 273 V
K 810 V
K 150 K
R 842 V
R 747 K
R 687 V
R 533 V
R 256 K
R 124 V
R 82 K
K 739 V
K 657 V
K 99 V
K 17 K
R 475 K
R 84 V
K 955 K
K 18 V
R 785 V
R 450 K
R 320 V
K 910 K
K 900 K
K 746 K
K 499 K
K 459 V
K 291 K
K 228 K
K 180 K
K 97 K
K 74 V
R 876 V
R 605 K
K 996 K
K 905 V
K 87 K
R 844 V
R 795 K
R 632 K
R 291 V
R 259 K
R 158 V
R 112 V
R 110 V
R 61 V
K 899 V
K 604 K
K 587 V
K 414 V
K 402 K
K 244 V
R 478 K
R 29 V
K 664 K
K 214 V
R 889 V
R 357 K
K 656 V
K 271 K
R 921 V
R 606 K
K 867 V
K 715 V
K 560 K
R 669 K
R 27 V
K 829 V
K 820 V
K 724 V
K 624 V
K 273 V
K 104 K
R 860 V
R 564 K
R 361 K
R 337 K
R 327 V
R 141 K
K 940 V
K 831 V
K 406 V
K 301 K
R 773 V
R 416 K
K 775 V
K 574 K
K 484 K
R 746 V
R 70 K
K 478 K
K 347 V
K 153 V
R 774 V
R 573 K
K 967 V
K 307 V
K 248 K
K 213 K
R 436 V
R 216 K
K 922 V
K 734 K
K 551 V
K 235 V
K 203 V
K 105 K
R 992 V
R 943 V
R 524 K
R 425 V
R 322 V
K 954 K
K 425 V
K 377 V
K 288 V
R 718 V
R 485 K
R 77 K
K 611 K
K 408 V
R 933 K
R 18 V
K 751 K
K 497 V
R 584 K
R 503 V
K 818 V
K 639 K
K 169 V
R 917 K
R 511 V
R 289 K
R 148 V
K 819 V
K 637 K
K 613 V
K 16 V
R 846 K
R 730 K
R 282 V
R 236 V
R 187 V
K 647 K
K 549 V
R 812 V
R 749 K
R 505 V
R 73 K
R 52 V
K 995 V
K 511 K
K 258 K
K 12 K
R 845 K
R 765 V
R 527 V
K 672 K
K 638 V
K 494 K
K 453 K
K 413 K
K 359 K
K 312 V
K 64 K
R 938 K
R 685 K
R 203 K
R 35 V
K 960 V
K 941 K
K 619 V
K 72 K
R 741 V
R 437 K
R 252 K
K 711 V
K 489 K
K 438 V
K 332 K
K 278 K
R 539 K
R 514 K
R 409 V
K 752 V
K 476 V
K 383 V
K 170 K
R 855 K
R 359 V
K 886 K
K 605 K
K 446 K
K 355 K
K 69 V
R 725 V
R 700 K
R 608 K
R 184 K
K 490 K
K 317 K
K 140 V
R 946 K
R 850 K
R 750 V
R 727 V
R 540 V
R 513 V
R 360 V
R 201 K
R 140 K
R 16 K
K 937 K
K 612 V
K 113 K
R 973 V
R 965 V
R 415 K
R 331 K
K 842 V
K 281 K
K 253 V
K 218 V
R 975 K
R 766 V
R 458 V
R 439 K
R 316 V
K 992 K
K 934 V
K 929 V
K 707 V
K 526 K
K 108 K
K 51 K
K 40 V
R 874 K
R 753 V
K 837 K
K 20 V
R 652 K
R 603 V
R 464 K
K 776 K
K 466 V
K 287 K
K 189 K
R 716 V
R 691 K
R 582 K
R 11 V
K 998 V
K 669 K
K 617 V
K 515 K
K 219 K
K 77 K
R 862 V
R 645 V
R 81 K
K 936 K
K 539 K
K 517 K
K 267 K
K 241 K
K 75 K
K 59 V
R 99 K
R 94 V
K 993 V
K 418 K
R 736 V
R 574 K
R 384 V
K 720 V
K 198 K
R 729 V
R 628 K
R 489 V
K 932 K
K 790 K
K 483 K
K 401 V
R 310 V
R 226 K
K 449 V
K 118 K
R 832 K
R 666 V
R 62 K
K 460 V
K 320 V
K 238 K
R 643 K
R 629 K
R 309 V
R 266 K
R 54 V
R 49 V
K 674 V
K 665 V
K 581 V
K 391 V
K 356 K
K 164 V
K 115 K
K 79 V
R 755 V
R 745 K
R 445 K
R 136 K
R 131 K
R 23 K
K 868 K
K 804 K
K 516 K
K 505 V
K 305 K
K 216 K
K 196 K
K 193 K
R 656 V
R 449 K
K 580 V
K 493 V
K 471 V
K 215 K
R 482 K
R 293 V
K 876 K
K 570 K
K 506 K
K 431 K
K 394 V
K 236 K
K 199 V
K 161 K
R 617 V
R 566 V
R 553 V
R 382 K
R 163 K
R 122 V
K 983 V
K 571 V
K 555 V
K 380 K
R 599 V
R 581 K
R 386 K
K 822 K
K 770 K
K 457 K
K 385 K
K 323 V
K 176 V
R 977 V
R 339 K
K 948 V
K 645 K
R 990 K
R 942 V
R 800 K
R 684 V
R 278 V
R 59 K
K 754 K
K 693 V
K 461 K
K 272 K
R 960 V
R 872 K
R 394 K
R 30 K
K 814 K
K 57 V
R 786 V
R 757 K
R 523 K
R 510 K
R 206 K
R 195 K
K 358 K
K 211 V
K 168 V
R 968 V
R 906 V
R 626 K
R 419 K
R 171 K
R 78 K
R 28 K
K 911 V
K 631 K
K 146 K
K 132 V
R 806 V
R 587 K
R 179 V
K 550 K
K 452 V
K 289 K
R 589 K
R 374 V
R 172 K
K 749 K
K 321 K
K 26 V
R 683 K
R 455 V
R 235 V
R 167 V
K 844 V
K 609 K
K 500 K
K 411 V
K 231 V
K 179 V
R 838 V
R 383 K
R 307 V
K 717 V
K 616 V
K 583 V
K 371 K
K 116 V
R 934 V
R 442 V
R 269 V
R 240 V
R 183 K
R 166 V
R 152 V
K 774 V
K 542 K
K 181 K
R 1000 V
R 940 V
R 788 K
R 536 K
R 470 V
R 456 V
R 427 K
R 279 K
R 232 K
R 134 V
K 999 K
K 953 V
K 442 V
R 905 K
R 460 V
R 432 V
K 880 V
K 586 K
K 378 K
K 247 K
K 28 V
R 852 K
R 815 V
R 194 V
K 594 K
K 568 K
K 369 V
K 328 V
K 122 V
R 983 V
R 937 K
R 261 V
R 190 K
K 891 V
K 812 V
K 723 K
K 527 V
K 185 K
K 49 V
R 569 V
R 121 K
R 64 K
K 976 K
K 395 V
K 129 V
K 56 K
K 13 K
R 418 K
R 104 V
K 787 V
K 543 K
K 86 V
K 78 V
R 820 K
R 668 K
R 549 V
K 913 K
K 688 V
K 658 K
K 575 K
K 365 V
R 961 K
R 886 K
R 467 V
R 296 V
K 730 K
K 264 V
R 650 V
R 186 K
K 765 K
K 743 V
K 295 V
K 9 K
R 988 V
R 978 K
R 935 V
K 878 V
K 738 V
K 565 K
K 239 K
R 681 K
R 543 V
R 400 V
K 666 V
K 629 V
K 615 K
K 589 K
K 495 V
K 455 V
K 361 K
R 429 K
R 5 V
K 971 K
K 952 K
K 875 V
K 857 K
K 556 K
K 337 K
K 95 K
K 66 K
R 722 V
R 704 V
R 431 K
R 324 V
K 350 V
K 334 K
K 223 V
K 58 V
R 674 K
R 624 V
K 366 V
K 224 K
K 212 V
R 899 K
R 665 K
R 241 K
R 234 K
R 193 V
R 50 K
K 701 K
K 450 V
K 35 V
R 734 K
R 277 V
R 13 V
K 892 V
K 797 K
K 756 K
R 873 V
R 651 V
R 393 V
R 264 V
R 250 K
K 764 V
K 572 K
R 502 K
R 349 V
K 828 K
K 553 V
R 907 V
R 895 V
R 615 K
K 969 V
K 921 V
K 894 K
K 38 K
R 932 V
R 926 V
R 811 K
R 728 V
R 491 V
R 488 V
R 465 K
R 255 V
R 198 V
K 927 K
K 230 K
K 143 V
R 913 K
R 871 K
R 428 V
K 840 V
K 782 K
K 628 K
K 485 V
K 397 V
K 229 V
R 856 K
R 351 V
R 238 V
K 827 K
K 388 K
K 119 V
K 106 V
R 927 K
R 919 V
K 890 V
K 792 V
K 532 K
K 404 K
K 48 V
R 594 V
R 397 V
R 6 K
K 994 K
K 599 V
K 349 V
R 916 K
R 914 V
R 865 K
R 724 V
R 519 V
R 138 K
K 537 K
K 159 K
K 45 V
R 807 V
R 675 V
R 641 V
R 388 K
K 858 K
K 852 K
K 696 K
K 584 K
K 372 K
K 308 V
R 764 K
R 476 V
R 407 V
K 683 K
K 375 V
R 779 K
R 712 V
R 672 K
R 562 V
R 551 V
R 480 K
R 452 V
R 306 V
R 228 V
R 113 V
R 53 V
R 46 K
K 902 K
K 368 V
R 864 V
R 809 K
R 130 V
K 679 K
K 608 K
K 151 V
R 98 K
R 97 V
K 959 K
K 728 K
K 469 K
K 434 K
K 148 K
K 141 V
K 88 K
R 777 K
R 547 V
K 912 K
K 860 K
K 805 V
K 519 K
R 911 V
R 819 K
R 580 K
R 358 K
K 898 K
K 341 V
K 205 V
R 939 K
R 707 V
R 690 V
K 405 V
K 399 K
R 280 V
R 267 V
R 239 K
R 192 K
K 973 K
K 924 V
K 52 K
R 733 K
R 576 K
R 341 V
R 91 K
K 791 V
K 415 K
K 117 K
R 929 K
R 896 V
R 447 V
R 326 K
K 887 V
K 676 K
K 643 V
K 566 V
K 367 V
R 817 V
R 43 K
R 14 K
R 8 V
K 596 K
K 252 K
K 3 V
R 875 V
R 299 K
K 330 K
K 306 V
K 227 K
R 824 K
R 565 K
R 387 K
R 318 V
K 745 K
K 163 V
K 32 K
R 801 V
R 300 K
K 744 K
K 123 V
K 42 V
R 423 V
R 33 K
K 974 V
K 345 V
K 138 K
R 949 V
R 499 K
R 389 V
R 346 V
R 272 K
K 933 V
K 850 V
K 771 V
K 755 K
K 733 K
K 729 V
K 502 V
K 451 V
K 387 V
K 384 V
K 279 V
K 128 K
K 62 V
R 508 V
R 493 K
R 385 K
R 145 K
R 129 V
K 835 K
K 806 K
K 713 V
K 607 K
K 299 K
R 984 K
R 980 K
R 979 K
R 880 V
R 720 K
R 596 K
R 376 K
R 260 K
K 807 K
K 400 V
K 2 V
R 993 K
R 989 V
R 646 V
R 434 V
R 319 V
R 229 V
K 799 K
K 396 V
R 798 K
R 570 K
R 3 V
K 915 K
K 847 K
K 808 K
K 454 K
K 110 K
K 8 V
R 705 K
R 644 K
R 501 V
R 411 V
R 220 K
K 507 V
K 275 K
R 791 V
R 88 K
K 766 V
K 544 V
K 162 K
R 667 K
R 290 V
R 242 K
R 69 K
R 19 K
K 984 K
K 796 V
K 621 V
K 374 K
K 342 V
K 322 V
K 6 V
R 976 K
R 870 V
R 689 K
R 520 K
R 404 V
R 156 V
K 916 V
K 788 K
K 145 K
R 991 V
R 602 K
R 451 V
R 294 K
K 968 V
K 326 V
K 318 K
K 269 V
R 924 V
R 42 K
K 692 V
K 677 V
K 648 K
K 524 K
K 410 K
K 315 V
K 217 K
K 182 K
R 835 V
R 797 K
R 732 V
R 633 K
R 495 V
R 218 V
R 24 V
K 194 K
K 186 V
K 81 V
R 760 K
R 567 V
K 165 V
K 120 K
R 813 K
R 563 K
R 209 K
R 45 V
K 972 K
K 547 V
K 370 V
K 364 V
R 822 K
R 550 K
R 500 K
R 413 K
R 219 K
R 151 K
R 120 K
R 39 V
K 633 V
K 496 K
K 440 K
K 130 K
R 588 K
R 352 V
K 989 V
K 447 K
K 296 K
K 202 V
R 994 V
R 805 V
R 395 K
R 253 V
R 249 V
R 116 V
K 780 V
K 167 K
R 912 K
R 893 V
R 752 V
R 655 V
R 399 V
K 416 K
K 234 V
R 945 V
R 930 K
K 716 K
K 529 K
K 335 K
K 1 V
R 515 K
R 68 V
K 923 V
K 155 K
R 954 V
R 804 V
R 796 V
R 744 V
R 723 V
R 647 V
R 625 V
R 350 K
R 276 V
R 106 K
K 430 V
K 160 K
R 696 V
R 654 V
R 459 K
R 368 K
K 991 K
K 980 K
K 945 K
K 904 K
K 673 V
K 445 K
K 441 K
R 758 K
R 223 V
K 885 K
K 869 K
K 630 V
K 298 K
K 286 K
R 987 V
R 986 K
R 902 K
R 754 V
K 602 K
K 513 V
R 952 V
R 751 K
R 699 K
R 642 K
R 321 V
R 283 K
R 165 K
R 135 V
R 71 K
K 703 V
K 357 K
K 55 V
K 34 V
R 997 V
R 964 V
R 693 K
K 376 K
K 277 K
K 121 K
K 84 V
R 743 K
R 457 K
R 444 K
R 270 V
K 853 V
K 651 K
K 530 K
R 417 K
R 111 V
K 914 V
K 634 V
K 567 V
K 50 K
R 881 V
R 837 K
R 532 K
R 481 K
R 430 K
R 210 K
R 74 K
R 41 V
K 859 V
K 348 K
K 183 K
R 948 K
R 915 V
R 66 K
K 854 V
K 601 K
K 190 V
R 995 K
R 671 V
K 795 K
K 783 V
K 625 K
K 280 V
K 177 V
R 963 V
R 808 K
R 79 V
K 71 V
K 22 K
R 794 K
R 660 V
R 613 K
R 604 K
R 517 K
R 348 K
R 90 V
K 877 K
K 417 V
R 956 K
R 869 K
R 861 K
R 199 V
R 160 K
K 958 V
K 636 K
K 554 V
K 314 V
K 137 K
K 23 K
R 560 V
R 490 K
R 486 K
R 157 V
R 10 V
K 687 V
K 249 V
K 10 K
R 894 K
R 826 K
R 799 K
R 686 V
R 44 V
K 928 V
K 579 K
R 877 K
R 484 V
R 286 K
R 217 K
R 80 K
K 970 V
K 590 K
K 503 V
K 285 V
R 923 K
R 882 V
R 803 V
R 298 V
R 7 V
K 569 K
K 486 K
K 381 K
K 73 V
R 900 V
R 890 V
R 782 V
R 315 V
R 271 K
R 204 K
R 1 V
K 871 V
K 36 K
R 950 K
R 768 K
R 694 V
R 630 V
R 372 K
R 344 K
R 285 V
R 37 V
K 851 V
K 801 K
K 197 V
R 697 K
R 67 V
K 845 K
K 816 K
K 620 V
K 426 V
K 68 K
R 957 V
R 224 K
K 759 V
K 535 K
R 971 K
R 611 V
R 247 K
K 906 K
K 712 V
R 770 K
R 756 K
R 468 V
R 463 K
R 330 K
R 200 K
K 136 V
K 65 K
