1997
K 998 L
K 997 B
R 997 N
K 999 N
K 996 B
R 998 B
R 996 I
K 995 H
R 995 Z
R 994 L
K 994 L
K 993 W
R 993 T
K 992 I
R 992 N
K 991 H
R 991 I
K 990 T
R 990 Q
K 989 O
R 989 C
K 988 I
R 988 T
K 987 O
R 987 W
K 986 I
R 986 W
K 985 T
R 985 B
K 984 S
R 984 L
R 983 L
K 983 L
K 982 T
R 982 H
K 981 T
R 981 L
K 980 C
R 980 Q
K 979 C
R 979 Q
K 978 E
R 978 B
K 977 E
R 977 Z
K 976 S
R 976 O
K 975 W
R 975 E
K 974 O
R 974 C
K 973 S
R 973 O
K 972 S
R 972 B
K 971 E
R 971 L
K 970 W
R 970 Q
K 969 M
R 969 O
K 968 H
R 968 C
K 967 Z
R 967 L
K 966 S
R 966 S
R 965 I
K 964 M
R 964 I
K 965 I
K 963 Q
R 963 M
K 962 I
K 961 C
R 962 C
R 961 Q
K 960 W
R 960 Q
K 959 E
R 959 M
K 958 I
R 958 O
K 957 H
R 957 L
K 956 W
R 956 N
K 955 T
R 955 O
K 954 Q
R 954 L
K 953 E
R 953 Z
K 952 W
R 952 S
K 951 W
R 951 S
K 950 T
R 950 E
K 949 O
R 949 N
K 948 S
R 948 C
K 947 H
R 947 L
K 946 N
R 946 I
R 945 Q
K 945 Q
K 944 S
R 944 H
K 943 T
R 943 I
K 942 L
R 942 Q
K 941 B
R 941 T
K 940 I
R 940 L
K 939 E
R 939 M
K 938 S
R 938 Q
K 937 Z
R 937 I
K 936 E
R 936 L
K 935 S
R 935 H
K 934 I
R 934 L
K 933 Q
R 933 M
K 932 Z
R 932 O
K 931 C
R 931 E
K 930 T
R 930 E
K 929 Q
K 928 O
R 929 O
R 928 N
K 927 C
R 927 Q
K 926 C
R 926 C
R 925 Z
K 925 Z
K 924 M
R 924 L
K 923 O
R 923 C
K 922 T
R 922 Q
K 921 S
R 921 C
K 920 W
R 920 N
K 919 M
R 919 O
K 918 B
R 918 W
K 917 Q
R 917 C
K 916 E
R 916 M
K 915 N
R 915 E
K 914 M
R 914 W
K 913 O
R 913 S
K 912 M
K 911 C
R 912 C
R 911 L
K 910 E
R 910 I
K 909 M
R 909 Z
K 908 C
R 908 B
K 907 Z
R 907 L
K 906 S
R 906 E
K 905 B
R 905 E
K 904 H
R 904 I
K 903 M
R 903 Q
K 902 M
R 902 Q
K 901 O
R 901 Z
K 900 B
R 900 O
K 899 Z
R 899 Q
K 898 E
R 898 N
K 897 W
R 897 S
K 896 C
R 896 S
K 895 W
R 895 Q
K 894 B
R 894 L
K 893 S
R 893 I
K 892 W
R 892 I
K 891 M
R 891 C
K 890 B
R 890 I
K 889 Q
R 889 M
R 888 E
K 888 E
K 887 N
R 887 C
K 886 M
K 885 I
R 886 I
R 885 B
K 884 Z
R 884 T
K 883 O
R 883 S
K 882 H
R 882 T
K 881 N
R 881 M
K 880 E
R 880 O
K 879 L
R 879 I
K 878 W
R 878 O
K 877 C
R 877 L
K 876 W
R 876 E
K 875 I
R 875 M
K 874 L
R 874 M
K 873 B
R 873 W
R 872 T
K 872 T
K 871 E
R 871 L
K 870 Q
R 870 N
K 869 O
R 869 B
K 868 N
R 868 L
K 867 M
R 867 L
K 866 T
R 866 O
K 865 E
R 865 Q
K 864 T
R 864 T
R 863 W
K 863 W
K 862 B
R 862 E
K 861 I
R 861 C
K 860 S
K 859 M
R 860 M
R 859 Z
K 858 C
R 858 B
R 857 L
K 857 L
K 856 N
R 856 Q
K 855 N
R 855 O
R 854 B
K 854 B
K 853 Q
R 853 S
K 852 Z
R 852 M
K 851 L
R 851 T
K 850 S
R 850 T
K 849 E
R 849 H
K 848 W
R 848 H
K 847 E
R 847 B
K 846 T
R 846 L
K 845 Z
R 845 C
K 844 Q
R 844 L
K 843 O
R 843 L
K 842 I
R 842 E
K 841 W
R 841 H
K 840 M
R 840 E
K 839 L
R 839 S
K 838 Z
R 838 C
K 837 I
R 837 N
K 836 W
R 836 S
K 835 Q
R 835 Z
K 834 C
R 834 N
K 833 B
R 833 E
K 832 Z
R 832 N
K 831 L
R 831 O
K 830 S
R 830 Q
K 829 E
R 829 M
K 828 H
K 827 B
R 828 B
R 827 Z
K 826 S
R 826 T
R 825 N
K 825 N
K 824 B
R 824 T
K 823 Z
R 823 L
K 822 S
R 822 L
K 821 I
R 821 M
K 820 B
R 820 H
K 819 C
K 818 B
R 819 B
R 818 C
K 817 M
R 817 C
K 816 O
R 816 I
K 815 Q
R 815 Z
K 814 I
R 814 Q
K 813 I
R 813 N
K 812 H
R 812 C
K 811 T
R 811 Z
R 810 B
K 810 B
K 809 C
K 808 Q
R 809 Q
R 808 C
R 807 E
K 807 E
K 806 O
R 806 I
K 805 Q
R 805 B
K 804 M
R 804 N
K 803 B
R 803 S
K 802 Z
R 802 I
K 801 H
R 801 E
K 800 N
R 800 I
K 799 W
R 799 E
K 798 M
R 798 Q
K 797 M
R 797 H
R 796 Q
K 796 Q
K 795 B
R 795 L
K 794 C
R 794 Q
K 793 W
R 793 N
K 792 L
R 792 M
K 791 I
R 791 W
K 790 B
R 790 Q
K 789 B
R 789 M
K 788 L
R 788 O
K 787 E
R 787 H
K 786 E
K 785 Q
R 786 Q
R 785 E
K 784 L
R 784 Q
K 783 Z
R 783 C
K 782 B
R 782 S
K 781 M
R 781 N
R 780 L
K 779 E
R 779 L
K 780 L
K 778 Z
R 778 T
K 777 Q
R 777 O
K 776 N
R 776 M
K 775 I
R 775 E
K 774 B
R 774 M
K 773 Z
R 773 M
K 772 O
R 772 C
K 771 S
R 771 H
K 770 N
R 770 W
K 769 T
R 769 I
K 768 Q
R 768 O
K 767 Q
R 767 H
K 766 Q
R 766 I
K 765 Z
R 765 E
K 764 N
R 764 T
K 763 I
R 763 E
K 762 W
R 762 E
K 761 M
R 761 S
K 760 W
R 760 L
R 759 T
K 759 T
K 758 Q
R 758 O
K 757 H
R 757 T
K 756 S
R 756 N
R 755 I
K 754 L
R 754 I
K 755 I
K 753 H
R 753 S
K 752 W
R 752 T
K 751 Q
R 751 S
K 750 B
R 750 M
K 749 T
R 749 E
R 748 W
K 748 W
K 747 Z
R 747 S
K 746 O
R 746 Q
K 745 S
R 745 C
R 744 T
K 744 T
K 743 B
K 742 H
R 743 H
R 742 L
K 741 W
K 740 N
R 741 N
R 740 H
K 739 E
R 739 H
K 738 L
R 738 Z
K 737 B
R 737 M
K 736 Q
R 736 T
K 735 S
R 735 W
K 734 Q
K 733 L
R 734 L
R 733 Q
K 732 S
R 732 Z
K 731 O
R 731 C
K 730 M
K 729 O
R 730 O
R 729 W
K 728 T
R 728 L
R 727 I
R 726 I
K 727 I
K 726 I
K 725 T
R 725 B
R 724 N
K 724 N
K 723 H
R 723 C
K 722 E
K 721 T
R 722 T
R 721 O
K 720 S
K 719 Q
R 720 Q
R 719 E
K 718 B
R 718 N
K 717 C
R 717 T
K 716 Z
R 716 L
K 715 N
R 715 W
K 714 T
R 714 E
K 713 I
R 713 Q
K 712 S
R 712 I
K 711 M
R 711 C
K 710 N
R 710 Z
K 709 C
R 709 I
K 708 M
R 708 S
K 707 M
R 707 L
K 706 Q
R 706 M
K 705 N
R 705 L
K 704 O
R 704 B
K 703 W
R 703 B
R 702 W
K 702 W
K 701 B
R 701 S
K 700 E
R 700 L
K 699 T
K 698 S
R 699 S
R 698 E
K 697 Q
R 697 W
K 696 E
R 696 L
K 695 I
R 695 S
K 694 L
R 694 T
K 693 W
R 693 I
K 692 T
R 692 M
K 691 S
R 691 L
K 690 B
R 690 H
K 689 T
R 689 I
K 688 Z
R 688 O
K 687 W
R 687 N
K 686 Q
R 686 S
K 685 M
R 685 E
K 684 B
R 684 M
K 683 N
R 683 T
K 682 L
R 682 N
R 681 Z
K 681 Z
K 680 M
R 680 O
K 679 H
R 679 S
K 678 Q
R 678 L
K 677 C
R 677 N
K 676 B
R 676 E
K 675 O
R 675 H
R 674 B
K 674 B
K 673 C
R 673 S
K 672 Z
R 672 Q
K 671 N
R 671 S
K 670 B
K 669 L
R 670 L
R 669 T
K 668 E
R 668 Z
K 667 H
R 667 N
K 666 W
R 666 I
K 665 Q
R 665 S
K 664 L
R 664 O
K 663 L
R 663 N
K 662 T
R 662 B
K 661 Q
R 661 B
K 660 L
R 660 N
R 659 L
K 659 L
K 658 C
R 658 W
K 657 H
R 657 O
K 656 N
R 656 B
K 655 C
R 655 M
K 654 H
R 654 Z
K 653 L
R 653 T
K 652 C
R 652 N
K 651 T
R 651 E
K 650 S
R 650 B
K 649 W
R 649 Q
K 648 E
R 648 I
K 647 T
R 647 O
K 646 L
R 646 M
K 645 O
R 645 C
K 644 L
R 644 E
K 643 T
R 643 Z
K 642 M
R 642 Z
K 641 E
R 641 L
K 640 H
R 640 C
K 639 Q
R 639 T
K 638 B
R 638 O
K 637 H
K 636 H
R 637 H
R 636 E
K 635 I
R 635 N
K 634 H
R 634 T
R 633 Q
K 633 Q
K 632 L
R 632 W
K 631 T
R 631 M
K 630 H
R 630 I
K 629 W
R 629 N
K 628 L
R 628 B
K 627 W
R 627 N
K 626 B
R 626 Z
K 625 L
R 625 O
R 624 L
K 624 L
K 623 I
R 623 O
R 622 T
K 622 T
K 621 E
R 621 Q
K 620 B
R 620 E
K 619 M
R 619 I
K 618 B
R 618 I
K 617 N
R 617 B
K 616 H
R 616 Z
K 615 T
R 615 H
K 614 T
R 614 E
K 613 Q
R 613 W
K 612 E
R 612 B
R 611 Q
K 611 Q
K 610 S
R 610 H
K 609 N
R 609 O
R 608 W
K 608 W
K 607 L
R 607 E
K 606 B
R 606 W
K 605 N
R 605 Q
K 604 C
R 604 Q
K 603 O
R 603 B
K 602 T
R 602 C
K 601 E
R 601 O
K 600 W
K 599 E
R 600 E
R 599 B
K 598 Z
R 598 H
K 597 B
R 597 M
K 596 W
R 596 C
R 595 B
K 595 B
K 594 S
R 594 T
K 593 O
R 593 S
K 592 O
R 592 I
K 591 Q
R 591 W
K 590 I
R 590 O
K 589 I
R 589 Z
R 588 E
K 588 E
K 587 Z
R 587 I
K 586 O
R 586 S
K 585 H
R 585 M
K 584 Z
R 584 M
K 583 I
R 583 Q
K 582 L
R 582 N
K 581 H
R 581 M
K 580 H
R 580 S
K 579 I
R 579 Q
K 578 O
R 578 T
K 577 H
R 577 N
K 576 M
R 576 N
K 575 M
R 575 S
K 574 M
R 574 L
K 573 T
R 573 S
K 572 L
R 572 W
K 571 H
R 571 N
K 570 Q
R 570 W
K 569 T
R 569 O
K 568 S
R 568 B
K 567 E
R 567 M
K 566 Q
R 566 S
K 565 M
R 565 I
R 564 Z
K 564 Z
K 563 Q
R 563 H
K 562 I
R 562 S
K 561 B
R 561 I
K 560 B
R 560 L
R 559 L
K 559 L
K 558 M
R 558 T
K 557 M
R 557 T
K 556 W
R 556 I
K 555 E
R 555 I
K 554 S
R 554 E
K 553 N
R 553 W
K 552 T
K 551 C
R 552 C
R 551 E
K 550 Z
R 550 I
K 549 O
R 549 C
K 548 N
R 548 I
K 547 T
R 547 Q
K 546 C
K 545 N
R 546 N
R 545 T
K 544 C
R 544 T
K 543 L
R 543 M
K 542 I
R 542 M
K 541 L
R 541 T
R 540 N
K 540 N
K 539 L
R 539 C
K 538 S
R 538 N
K 537 C
R 537 S
K 536 I
R 536 M
K 535 T
R 535 N
K 534 B
R 534 W
K 533 Q
R 533 H
K 532 Z
R 532 B
K 531 L
R 531 S
K 530 N
R 530 H
K 529 O
R 529 Q
K 528 I
R 528 N
K 527 Z
R 527 S
K 526 H
R 526 E
K 525 L
K 524 H
R 525 H
R 524 Q
K 523 W
R 523 L
K 522 Q
R 522 Z
K 521 C
R 521 W
K 520 M
R 520 Z
K 519 S
R 519 C
K 518 L
R 518 E
K 517 L
R 517 B
K 516 T
R 516 H
K 515 O
K 514 I
R 515 I
R 514 T
K 513 M
R 513 C
K 512 T
R 512 O
K 511 Z
K 510 I
R 511 I
R 510 H
K 509 N
R 509 O
R 508 H
K 508 H
K 507 Q
R 507 E
K 506 Z
R 506 Q
K 505 T
R 505 O
K 504 E
R 504 B
K 503 W
R 503 I
K 502 M
R 502 H
R 501 O
K 500 Q
R 500 O
K 501 O
K 499 T
R 499 Q
K 498 W
R 498 I
K 497 W
R 497 S
K 496 Q
R 496 W
K 495 S
R 495 M
K 494 L
R 494 M
K 493 C
R 493 E
K 492 H
R 492 B
K 491 I
R 491 M
K 490 I
R 490 C
K 489 Q
R 489 I
K 488 Q
R 488 N
K 487 I
R 487 M
K 486 B
R 486 O
R 485 S
K 485 S
K 484 I
K 483 N
R 484 N
R 483 M
K 482 Q
R 482 H
K 481 B
R 481 I
K 480 L
R 480 Z
K 479 W
R 479 I
K 478 M
R 478 T
K 477 B
R 477 N
K 476 L
R 476 S
K 475 W
R 475 M
K 474 N
R 474 C
K 473 O
R 473 E
K 472 H
R 472 S
R 471 W
K 471 W
K 470 O
R 470 S
R 469 O
K 469 O
K 468 W
R 468 H
K 467 M
R 467 Q
K 466 L
R 466 Z
K 465 Q
R 465 E
K 464 H
R 464 M
K 463 E
R 463 T
K 462 N
R 462 T
K 461 B
R 461 Q
K 460 N
R 460 M
K 459 O
R 459 E
K 458 O
R 458 S
K 457 I
R 457 B
K 456 S
R 456 E
K 455 L
R 455 I
K 454 Q
R 454 C
K 453 Q
R 453 Z
K 452 I
R 452 B
K 451 O
R 451 C
K 450 T
K 449 N
R 450 N
R 449 I
K 448 C
R 448 E
K 447 L
R 447 E
K 446 I
R 446 H
K 445 Z
R 445 L
K 444 B
K 443 Q
R 444 Q
R 443 E
K 442 H
R 442 Q
K 441 N
R 441 E
R 440 B
K 440 B
K 439 O
R 439 I
K 438 T
R 438 N
K 437 I
R 437 Z
K 436 T
R 436 M
K 435 N
K 434 C
R 435 C
R 434 N
K 433 H
R 433 Z
K 432 C
R 432 B
K 431 I
R 431 Q
K 430 T
R 430 H
K 429 Z
R 429 B
K 428 Z
R 428 M
K 427 Z
R 427 Q
R 426 T
K 426 T
K 425 M
R 425 Z
K 424 B
R 424 T
K 423 Z
R 423 T
K 422 I
R 422 O
K 421 E
R 421 N
K 420 E
R 420 H
K 419 Q
K 418 W
R 419 W
R 418 L
K 417 Q
R 417 T
K 416 E
R 416 Z
R 415 Z
K 415 Z
K 414 H
R 414 T
K 413 C
R 413 N
R 412 L
K 411 E
R 411 L
K 412 L
K 410 O
R 410 C
K 409 Q
R 409 T
K 408 I
R 408 N
K 407 S
R 407 N
K 406 H
R 406 C
K 405 S
R 405 H
K 404 L
R 404 I
K 403 Z
R 403 L
K 402 Z
R 402 C
K 401 T
K 400 Q
R 401 Q
R 400 C
K 399 H
R 399 O
K 398 H
R 398 Q
K 397 T
R 397 M
K 396 H
R 396 S
R 395 Q
K 395 Q
K 394 Z
R 394 T
K 393 S
R 393 H
K 392 N
R 392 M
K 391 Z
R 391 C
K 390 M
R 390 Z
K 389 N
R 389 B
K 388 O
R 388 M
K 387 H
R 387 M
K 386 O
R 386 I
K 385 T
R 385 E
K 384 T
R 384 Q
K 383 I
R 383 N
K 382 Q
R 382 T
K 381 E
R 381 N
K 380 E
R 380 N
K 379 S
R 379 B
K 378 L
R 378 T
K 377 Z
R 377 M
K 376 W
R 376 L
K 375 I
R 375 E
K 374 S
R 374 W
K 373 B
R 373 Q
K 372 M
R 372 N
K 371 W
K 370 L
R 371 L
R 370 B
K 369 C
R 369 L
K 368 N
R 368 L
K 367 N
R 367 E
K 366 O
R 366 S
K 365 N
R 365 I
K 364 S
R 364 L
K 363 H
R 363 I
K 362 B
R 362 L
K 361 E
R 361 L
K 360 Z
R 360 I
K 359 T
K 358 N
R 359 N
R 358 O
K 357 Z
R 357 N
K 356 O
R 356 H
R 355 T
K 355 T
K 354 E
K 353 N
R 354 N
R 353 E
K 352 B
R 352 E
K 351 S
R 351 T
K 350 L
R 350 Q
K 349 S
R 349 M
K 348 T
R 348 E
K 347 Q
R 347 T
K 346 N
R 346 Q
K 345 I
R 345 S
K 344 C
R 344 M
K 343 H
R 343 E
K 342 T
R 342 B
K 341 Z
R 341 Q
K 340 T
R 340 S
K 339 Z
R 339 W
K 338 Z
R 338 T
K 337 Q
R 337 T
K 336 E
R 336 O
K 335 N
R 335 W
K 334 Q
R 334 I
K 333 H
R 333 B
K 332 H
R 332 T
K 331 H
R 331 T
K 330 O
R 330 Q
K 329 O
K 328 T
R 329 T
R 328 I
R 327 N
K 327 N
K 326 C
R 326 T
R 325 E
K 325 E
K 324 O
R 324 Z
K 323 N
R 323 H
K 322 N
R 322 H
K 321 N
R 321 S
K 320 O
R 320 E
K 319 Q
R 319 E
K 318 S
R 318 Q
K 317 H
R 317 Q
K 316 S
R 316 Z
K 315 S
R 315 W
R 314 N
K 314 N
K 313 L
R 313 T
K 312 W
R 312 M
K 311 Z
R 311 W
K 310 B
R 310 H
K 309 T
R 309 B
K 308 I
R 308 H
K 307 Z
R 307 E
K 306 M
R 306 O
K 305 Q
R 305 C
K 304 M
R 304 C
R 303 B
K 303 B
K 302 N
R 302 W
K 301 N
R 301 S
R 300 N
K 300 N
K 299 M
R 299 C
K 298 O
R 298 S
K 297 B
R 297 I
K 296 W
R 296 Z
K 295 L
R 295 S
K 294 I
R 294 E
K 293 B
R 293 L
K 292 N
R 292 T
K 291 I
R 291 H
K 290 I
R 290 W
K 289 Q
R 289 B
K 288 Z
R 288 E
K 287 W
R 287 M
K 286 E
R 286 O
K 285 C
R 285 I
K 284 L
R 284 O
K 283 T
K 282 N
R 282 I
K 281 N
R 283 N
R 281 M
K 280 O
R 280 L
K 279 E
R 279 Z
K 278 E
R 278 H
R 277 Q
K 277 Q
K 276 B
R 276 N
K 275 E
R 275 H
K 274 T
R 274 C
K 273 L
R 273 B
K 272 M
R 272 I
K 271 W
R 271 I
K 270 B
R 270 Q
K 269 I
R 269 T
K 268 Z
R 268 H
K 267 C
R 267 W
K 266 T
R 266 W
K 265 N
R 265 Q
K 264 I
R 264 L
K 263 N
R 263 Q
K 262 O
R 262 T
K 261 M
R 261 N
K 260 M
R 260 L
K 259 E
R 259 O
K 258 I
R 258 W
K 257 I
R 257 L
K 256 L
K 255 W
R 255 M
K 254 W
R 256 W
R 254 M
K 253 Q
R 253 C
K 252 B
R 252 W
K 251 L
R 251 W
K 250 I
R 250 L
R 249 M
K 249 M
K 248 C
R 248 T
K 247 B
R 247 Q
K 246 Z
R 246 T
K 245 C
R 245 E
K 244 Z
R 244 H
K 243 W
R 243 Z
K 242 O
K 241 C
R 242 C
R 241 I
K 240 H
R 240 I
K 239 O
R 239 B
K 238 E
R 238 S
K 237 E
R 237 W
K 236 O
K 235 W
R 236 W
R 235 Q
K 234 C
R 234 M
K 233 B
R 233 H
K 232 W
R 232 B
K 231 O
R 231 C
K 230 E
R 230 O
K 229 H
R 229 I
K 228 Z
R 228 O
K 227 E
R 227 N
K 226 W
R 226 Q
K 225 B
R 225 M
K 224 W
R 224 C
K 223 I
R 223 Z
K 222 Q
R 222 O
R 221 S
K 220 L
R 220 S
K 221 S
K 219 T
R 219 C
K 218 E
R 218 H
K 217 N
R 217 E
K 216 S
R 216 N
K 215 Z
R 215 Q
K 214 N
R 214 I
K 213 H
R 213 N
K 212 W
R 212 O
K 211 N
R 211 B
K 210 T
R 210 Q
K 209 B
R 209 M
R 208 B
K 208 B
K 207 W
R 207 M
K 206 W
R 206 H
K 205 E
R 205 I
K 204 Q
R 204 B
K 203 M
R 203 C
K 202 L
R 202 Q
K 201 W
R 201 N
K 200 M
R 200 Z
K 199 B
K 198 W
R 199 W
R 198 B
K 197 Q
R 197 T
K 196 W
R 196 M
K 195 S
R 195 M
K 194 T
R 194 C
K 193 B
R 193 E
K 192 W
R 192 B
K 191 L
R 191 B
K 190 Z
R 190 T
K 189 Z
R 189 H
K 188 E
R 188 T
K 187 L
R 187 Z
R 186 C
K 186 C
K 185 W
R 185 M
K 184 I
R 184 Q
K 183 O
R 183 W
K 182 Q
R 182 S
K 181 O
R 181 S
K 180 Z
R 180 Q
K 179 S
R 179 W
K 178 W
K 177 I
R 178 I
R 177 O
K 176 M
R 176 S
K 175 W
R 175 N
K 174 L
R 174 S
K 173 Q
R 173 I
K 172 Z
R 172 Q
K 171 L
R 171 Q
K 170 W
R 170 Z
K 169 T
R 169 L
K 168 N
R 168 O
K 167 W
R 167 H
K 166 Z
R 166 Z
R 165 H
K 165 H
K 164 O
R 164 E
K 163 S
K 162 I
R 163 I
R 162 T
K 161 Q
R 161 E
K 160 S
R 160 E
K 159 N
R 159 I
K 158 L
R 158 C
K 157 N
R 157 W
K 156 L
R 156 B
K 155 Z
R 155 S
K 154 C
R 154 Q
K 153 E
R 153 B
K 152 I
R 152 Z
K 151 M
R 151 B
K 150 W
R 150 L
K 149 W
R 149 L
K 148 N
R 148 H
K 147 I
R 147 T
K 146 W
R 146 E
K 145 Z
R 145 E
K 144 T
R 144 W
K 143 M
R 143 Q
K 142 M
R 142 I
K 141 Z
R 141 O
K 140 N
R 140 O
K 139 I
K 138 N
R 139 N
R 138 H
K 137 C
R 137 L
R 136 T
K 136 T
K 135 M
R 135 E
K 134 B
R 134 I
K 133 Q
R 133 E
K 132 W
R 132 B
K 131 E
R 131 B
K 130 O
K 129 S
R 130 S
R 129 E
K 128 B
R 128 Q
K 127 W
R 127 N
R 126 N
K 126 N
K 125 Q
R 125 S
K 124 O
R 124 T
K 123 Q
R 123 Z
K 122 N
R 122 I
K 121 S
R 121 T
K 120 Z
R 120 M
K 119 N
R 119 O
K 118 Q
R 118 S
K 117 O
R 117 Z
K 116 W
R 116 L
K 115 E
R 115 M
K 114 L
R 114 O
K 113 H
R 113 L
K 112 W
R 112 C
K 111 Q
R 111 S
K 110 C
R 110 I
K 109 S
R 109 B
K 108 Q
R 108 C
K 107 Q
R 107 E
K 106 M
K 105 T
R 106 T
R 105 L
K 104 H
R 104 S
R 103 N
K 103 N
K 102 S
R 102 Q
K 101 H
R 101 I
K 100 Z
R 100 W
K 99 T
R 99 Q
K 98 S
K 97 Z
R 98 Z
R 97 M
K 96 C
R 96 M
K 95 S
R 95 W
K 94 L
R 94 W
K 93 T
R 93 W
K 92 M
R 92 B
K 91 T
R 91 H
K 90 O
R 90 H
K 89 I
R 89 H
K 88 N
R 88 I
K 87 W
K 86 I
R 87 I
R 86 H
K 85 Z
R 85 H
K 84 Z
R 84 C
K 83 W
R 83 N
K 82 S
R 82 T
K 81 C
R 81 W
K 80 Z
R 80 O
K 79 W
R 79 T
K 78 B
R 78 Q
K 77 W
R 77 M
K 76 C
R 76 B
R 75 E
K 75 E
K 74 S
R 74 W
K 73 S
R 73 E
K 72 O
R 72 I
K 71 L
R 71 I
K 70 L
R 70 E
K 69 Z
K 68 L
R 69 L
R 68 Q
K 67 E
R 67 Q
K 66 B
R 66 E
K 65 L
R 65 O
K 64 H
R 64 N
K 63 Q
R 63 H
K 62 B
R 62 O
K 61 C
R 61 E
R 60 E
K 60 E
K 59 N
R 59 C
K 58 L
R 58 C
K 57 Q
R 57 I
K 56 S
R 56 E
K 55 N
R 55 E
K 54 H
R 54 O
K 53 N
R 53 B
K 52 C
K 51 L
R 52 L
R 51 S
K 50 N
R 50 E
K 49 Z
R 49 T
K 48 W
R 48 C
K 47 N
R 47 B
K 46 Z
R 46 L
K 45 S
K 44 S
R 45 S
R 44 W
K 43 M
R 43 E
K 42 Q
R 42 E
K 41 W
R 41 B
K 40 M
R 40 T
K 39 L
R 39 E
K 38 H
R 38 S
K 37 W
R 37 W
R 36 C
K 36 C
K 35 Q
R 35 I
K 34 N
R 34 Z
K 33 I
R 33 B
K 32 T
R 32 Z
K 31 M
R 31 T
K 30 H
R 30 M
K 29 O
R 29 W
K 28 H
R 28 E
R 27 T
K 27 T
K 26 Q
R 26 L
K 25 Q
R 25 T
R 24 B
K 24 B
K 23 E
R 23 T
K 22 O
R 22 Q
K 21 Z
R 21 O
K 20 I
R 20 T
K 19 O
R 19 S
K 18 M
R 18 L
K 17 B
R 17 Q
K 16 Z
R 16 M
K 15 O
R 15 M
K 14 O
R 14 M
K 13 S
R 13 W
K 12 S
R 12 B
K 11 N
R 11 E
K 10 N
R 10 C
K 9 M
K 8 O
R 9 O
R 8 Q
K 7 I
R 7 S
K 6 E
R 6 L
K 5 W
R 5 E
K 4 Q
R 4 S
K 3 E
R 3 C
K 2 S
R 2 N
K 1 Z
R 1 N
