1996
R 999 Q
R 998 O
K 997 W
R 997 S
K 996 X
R 996 H
K 995 Z
R 995 S
K 994 Q
R 994 H
K 993 Z
R 993 O
K 992 H
R 992 C
K 991 W
R 991 Q
K 990 C
R 990 H
K 989 Z
R 989 S
K 988 Z
K 987 O
R 988 O
R 987 S
K 986 Z
R 986 O
K 985 W
K 984 C
R 985 C
R 984 H
R 983 X
K 983 X
K 982 H
R 982 W
K 981 Z
R 981 H
R 980 S
K 980 S
K 979 Q
R 979 C
R 978 X
K 978 X
K 977 S
R 977 Z
K 976 W
R 976 C
K 975 W
R 975 C
K 974 Q
R 974 S
K 973 W
R 973 S
R 972 S
K 972 S
K 971 Q
K 970 S
R 971 S
R 970 O
K 969 W
R 969 H
K 968 O
R 968 W
K 967 X
R 967 H
R 966 S
K 966 S
K 965 Q
R 965 Z
K 964 H
R 964 C
R 963 S
K 963 S
K 962 H
R 962 O
K 961 Z
R 961 S
K 960 H
K 959 X
R 960 X
R 959 O
K 958 C
R 958 W
K 957 C
R 957 S
K 956 Z
R 956 S
K 955 C
R 955 S
K 954 C
R 954 H
K 953 Q
R 953 Z
K 952 C
R 952 X
K 951 Q
R 951 X
K 950 Q
R 950 X
K 949 Z
R 949 W
K 948 H
R 948 Z
K 947 O
R 947 W
K 946 O
R 946 S
R 945 Q
K 945 Q
K 944 S
R 944 X
K 943 C
R 943 W
K 942 Q
R 942 O
K 941 S
R 941 X
K 940 H
R 940 C
K 939 H
R 939 C
K 938 Z
K 937 S
R 938 S
R 937 H
K 936 W
R 936 O
K 935 Z
R 935 H
K 934 S
K 933 Q
R 934 Q
R 933 C
K 932 W
R 932 S
K 931 X
K 930 O
R 931 O
R 930 S
K 929 Q
R 929 Z
K 928 C
R 928 Q
K 927 X
R 927 Q
K 926 C
R 926 W
K 925 S
R 925 C
K 924 O
R 924 S
R 923 X
K 923 X
K 922 W
R 922 Z
K 921 S
R 921 X
K 920 H
R 920 O
K 919 S
R 919 Z
K 918 C
R 918 O
K 917 X
K 916 O
R 917 O
R 916 Z
K 915 Q
R 915 C
K 914 Z
R 914 O
K 913 X
R 913 O
R 912 C
K 912 C
K 911 H
R 911 W
K 910 H
R 910 W
K 909 O
R 909 H
K 908 W
R 908 H
K 907 W
R 907 Z
K 906 O
K 905 X
R 906 X
R 905 S
R 904 O
K 903 H
R 903 O
K 904 O
K 902 H
R 902 X
K 901 Z
K 900 O
R 901 O
R 900 H
R 899 W
K 899 W
K 898 X
R 898 C
K 897 O
R 897 Q
R 896 Z
K 896 Z
K 895 C
R 895 Q
K 894 W
R 894 H
K 893 S
R 893 Z
K 892 S
K 891 H
R 892 H
R 891 Z
K 890 W
R 890 C
K 889 O
R 889 Z
R 888 C
K 888 C
K 887 H
R 887 W
K 886 C
R 886 Q
K 885 H
R 885 Z
K 884 H
R 884 X
K 883 Z
R 883 H
K 882 S
R 882 W
R 881 S
K 880 C
R 880 S
K 881 S
K 879 Q
R 879 X
K 878 C
K 877 Q
R 878 Q
R 877 S
K 876 X
R 876 W
K 875 O
R 875 W
K 874 H
R 874 X
K 873 C
K 872 H
R 873 H
R 872 Z
K 871 H
K 870 Q
R 871 Q
R 870 S
K 869 Z
R 869 Z
R 868 Q
K 868 Q
K 867 Z
R 867 X
K 866 S
R 866 O
R 865 O
K 865 O
K 864 Q
R 864 W
R 863 H
K 863 H
K 862 W
K 861 O
R 861 Q
K 860 O
R 862 O
R 860 H
K 859 X
R 859 H
K 858 Q
R 858 X
K 857 H
R 857 C
K 856 Q
R 856 H
K 855 H
K 854 S
R 855 S
R 854 Q
K 853 C
R 853 Q
K 852 Z
R 852 H
K 851 O
R 851 H
K 850 C
R 850 S
K 849 H
R 849 C
K 848 S
R 848 X
K 847 Q
K 846 C
R 847 C
R 846 W
K 845 H
R 845 O
K 844 Z
R 844 C
K 843 H
R 843 W
K 842 X
R 842 W
K 841 H
R 841 O
K 840 X
R 840 Q
R 839 S
K 839 S
K 838 H
R 838 X
R 837 W
K 837 W
K 836 Z
R 836 H
K 835 Q
R 835 H
K 834 Q
R 834 H
K 833 Z
R 833 W
K 832 H
R 832 O
K 831 Z
R 831 X
K 830 W
R 830 H
K 829 C
R 829 H
K 828 X
R 828 O
K 827 S
R 827 O
K 826 S
R 826 Z
K 825 C
K 824 X
R 825 X
R 824 S
R 823 S
K 823 S
K 822 W
R 822 X
K 821 Q
R 821 C
K 820 W
R 820 H
K 819 C
R 819 Z
K 818 X
R 818 Q
K 817 W
R 817 H
K 816 W
R 816 S
K 815 C
R 815 Z
K 814 X
R 814 S
K 813 W
R 813 Q
K 812 O
R 812 Z
K 811 H
R 811 S
K 810 Q
R 810 W
K 809 O
R 809 Q
K 808 W
R 808 O
K 807 C
R 807 Q
K 806 W
R 806 Q
K 805 S
K 804 H
R 805 H
R 804 C
K 803 Z
R 803 C
K 802 W
R 802 S
K 801 Z
R 801 Q
K 800 W
R 800 H
K 799 O
R 799 W
R 798 Z
K 798 Z
K 797 H
R 797 Z
R 796 O
K 796 O
K 795 C
R 795 Q
K 794 O
R 794 H
K 793 Q
R 793 H
K 792 X
R 792 Q
K 791 Z
R 791 Q
K 790 W
R 790 C
K 789 O
R 789 S
K 788 O
K 787 C
R 788 C
R 787 X
K 786 Z
R 786 O
R 785 O
K 785 O
K 784 W
R 784 Z
K 783 C
R 783 O
K 782 H
R 782 O
K 781 Z
R 781 W
K 780 Q
R 780 O
K 779 W
R 779 Q
R 778 O
K 778 O
K 777 Z
R 777 X
K 776 Z
R 776 C
K 775 Q
R 775 Z
K 774 W
R 774 S
K 773 W
R 773 S
K 772 W
K 771 Z
R 772 Z
R 771 Q
K 770 W
R 770 X
K 769 Z
R 769 Q
R 768 X
K 768 X
K 767 C
R 767 S
K 766 O
R 766 O
R 765 X
K 765 X
K 764 Q
R 764 Z
K 763 O
K 762 C
R 763 C
R 762 H
K 761 Z
R 761 S
K 760 H
R 760 Z
K 759 O
R 759 S
R 758 W
K 758 W
K 757 Z
R 757 H
R 756 C
K 756 C
K 755 S
R 755 W
K 754 H
R 754 X
K 753 O
R 753 H
R 752 C
K 752 C
K 751 S
R 751 Q
K 750 C
R 750 O
K 749 O
K 748 X
R 749 X
R 748 S
K 747 Z
R 747 O
K 746 W
R 746 C
K 745 O
R 745 H
R 744 Z
K 744 Z
K 743 Q
R 743 S
K 742 Q
K 741 C
R 742 C
R 741 Z
K 740 H
R 740 W
K 739 X
K 738 X
R 739 X
R 738 C
K 737 W
R 737 C
K 736 Q
R 736 Z
K 735 Q
R 735 W
K 734 H
R 734 Q
K 733 O
R 733 W
K 732 C
R 732 X
K 730 O
R 730 Q
K 731 Q
K 729 O
R 731 O
R 729 W
K 728 Z
R 728 Q
K 727 W
R 727 Z
K 726 X
R 726 S
K 725 Q
R 725 C
K 724 X
R 724 W
K 723 Q
R 723 W
K 722 X
R 722 W
K 721 Z
R 721 Q
K 720 X
R 720 Q
K 719 S
R 719 Q
K 718 W
R 718 X
K 717 Z
R 717 H
K 716 O
R 716 C
K 715 O
R 715 Q
K 714 C
R 714 S
K 713 C
R 713 X
K 712 S
R 712 W
K 711 Q
R 711 O
R 710 X
K 710 X
K 709 O
K 708 C
R 709 C
R 708 X
K 707 O
R 707 H
K 706 X
R 706 Z
R 705 W
K 705 W
K 704 S
K 703 H
R 704 H
R 703 C
K 702 O
R 702 X
K 701 Z
R 701 S
K 700 W
K 699 X
R 700 X
R 699 Z
K 698 Q
K 697 O
R 698 O
R 697 X
K 696 Q
R 696 Z
K 695 Q
R 695 C
K 694 H
R 694 W
K 693 S
R 693 Z
K 692 S
R 692 O
R 691 C
K 691 C
K 690 Z
R 690 S
K 689 Q
R 689 Z
R 688 H
K 688 H
K 687 S
K 686 Q
R 687 Q
R 686 H
R 685 W
K 685 W
K 684 Z
R 684 S
K 683 C
R 683 O
K 682 W
R 682 H
K 681 W
R 681 Q
K 680 H
R 680 S
K 679 Z
R 679 C
K 678 H
K 677 Z
R 677 O
K 676 Z
R 678 Z
R 676 Z
R 675 O
K 675 O
K 674 H
R 674 S
K 673 O
R 673 Q
K 672 H
R 672 S
K 671 C
R 671 X
K 670 Q
R 670 X
K 669 O
R 669 W
K 668 Q
R 668 W
K 667 Z
R 667 H
K 666 C
R 666 W
K 665 C
R 665 Q
K 664 X
R 664 H
K 662 S
R 662 W
K 663 W
K 661 S
R 663 S
R 661 H
K 660 X
R 660 Z
K 659 H
K 658 C
R 659 C
R 658 H
K 657 W
R 657 Q
K 656 H
R 656 S
K 655 C
R 655 H
R 654 O
K 654 O
K 653 S
R 653 Q
K 652 O
R 652 Z
K 651 X
R 651 W
K 650 H
R 650 Q
K 649 Z
R 649 C
K 648 S
K 647 Z
R 648 Z
R 647 S
K 646 C
R 646 Z
K 645 S
K 644 Z
R 645 Z
R 644 C
K 643 O
R 643 H
K 642 Z
R 642 Q
K 641 W
R 641 W
R 640 H
K 640 H
K 639 X
R 639 C
K 638 X
R 638 W
K 637 Z
K 636 S
R 637 S
R 636 Z
K 635 X
R 635 Z
K 634 S
R 634 H
K 633 W
R 633 Q
R 632 Q
K 632 Q
K 631 H
R 631 X
K 630 O
R 630 C
K 629 S
R 629 C
R 628 W
K 628 W
K 627 O
K 626 O
R 627 O
R 626 H
K 625 Z
R 625 Q
K 624 C
R 624 H
K 623 Z
R 623 S
K 622 Z
R 622 W
R 621 X
K 621 X
K 620 O
R 620 X
R 619 Q
K 619 Q
K 618 X
R 618 Z
K 617 O
R 617 H
K 616 O
R 616 Q
K 615 X
R 615 Z
K 614 H
R 614 S
K 613 H
R 613 C
K 612 X
R 612 C
K 611 Z
R 611 S
K 610 W
R 610 S
R 609 W
K 609 W
K 608 O
R 608 X
K 607 S
R 607 Z
K 606 O
R 606 Q
K 605 C
R 605 S
R 604 S
K 603 C
R 603 S
K 604 S
K 602 W
R 602 C
K 601 S
R 601 S
R 600 C
K 600 C
K 599 W
R 599 S
K 598 C
R 598 O
K 597 S
R 597 Z
K 596 O
R 596 X
K 595 Z
R 595 Q
K 594 O
R 594 C
K 593 Q
R 593 X
K 592 H
R 592 O
K 591 Z
R 591 O
K 590 C
R 590 Q
K 589 H
R 589 Q
K 588 S
R 588 O
R 587 Q
K 587 Q
K 586 Z
R 586 W
K 585 C
R 585 Z
K 584 W
R 584 S
K 583 W
K 582 W
R 583 W
R 582 H
K 581 Q
R 581 O
K 580 S
R 580 Z
K 579 S
R 579 H
K 578 Z
R 578 W
R 577 Z
K 577 Z
K 576 C
R 576 Q
K 575 H
K 574 X
R 575 X
R 574 H
R 573 Z
K 572 S
R 572 Z
K 571 O
R 571 Z
K 570 C
R 570 Z
K 573 Z
K 569 W
R 569 S
R 568 Z
K 568 Z
K 567 Q
R 567 O
K 566 S
R 566 X
R 565 Q
K 565 Q
K 564 Z
R 564 O
K 563 Q
R 563 C
K 562 X
K 561 Q
R 562 Q
R 561 X
K 560 Z
R 560 O
K 559 Q
R 559 W
K 558 Z
R 558 X
K 557 C
R 557 S
K 556 O
R 556 X
K 555 X
K 554 Z
R 555 Z
R 554 W
K 553 H
R 553 X
K 552 H
R 552 Q
R 551 S
K 551 S
K 550 Q
K 549 Q
R 550 Q
R 549 S
K 548 X
R 548 O
K 547 C
R 547 X
K 546 Z
R 546 Q
K 545 O
R 545 Z
K 544 H
R 544 S
K 543 C
K 542 O
R 543 O
R 542 W
R 541 H
K 540 X
R 540 H
K 539 W
R 539 H
K 541 H
K 538 Q
R 538 Z
K 537 H
K 536 O
R 537 O
R 536 W
K 535 S
R 535 C
K 534 O
R 534 H
K 533 Z
R 533 H
K 532 C
R 532 Z
K 531 O
R 531 S
K 530 X
R 530 Q
K 529 X
R 529 O
K 528 C
R 528 H
R 527 H
K 527 H
K 526 W
R 526 X
K 525 S
R 525 Q
K 524 W
R 524 O
R 523 Q
K 523 Q
K 522 C
R 522 S
K 521 H
K 520 O
R 521 O
R 520 S
K 519 Q
R 519 H
K 518 C
K 517 Q
R 518 Q
R 517 W
K 516 X
R 516 Z
K 515 S
R 515 W
R 514 O
K 514 O
K 513 S
R 513 Z
K 512 S
K 511 S
R 512 S
R 511 H
K 510 Z
R 510 W
K 509 Q
R 509 S
K 508 Z
R 508 H
K 507 S
R 507 Z
K 506 C
R 506 O
K 505 W
K 504 H
R 505 H
R 504 Z
K 503 X
R 503 W
K 502 X
R 502 H
K 501 X
R 501 C
K 500 O
R 500 S
K 499 O
R 499 H
K 498 Q
R 498 W
K 497 Q
R 497 S
K 496 Z
R 496 S
R 495 C
K 495 C
K 494 W
R 494 X
K 493 C
R 493 S
K 492 C
R 492 Z
K 491 C
R 491 Q
K 490 O
R 490 X
K 489 O
R 489 W
K 488 H
R 488 O
K 487 C
R 487 X
K 486 H
R 486 Q
K 485 O
R 485 S
K 484 Q
R 484 W
K 483 C
R 483 H
K 482 S
R 482 C
R 481 O
K 481 O
K 480 H
R 480 Q
K 479 C
R 479 Z
K 478 X
K 477 S
R 478 S
R 477 C
K 476 X
R 476 O
R 475 H
K 475 H
K 474 O
R 474 Q
K 473 S
R 473 Z
K 472 W
R 472 X
K 471 O
R 471 S
K 470 O
R 470 H
K 469 W
K 468 W
R 469 W
R 468 S
K 467 Z
R 467 O
K 466 X
R 466 C
K 465 W
R 465 Q
K 464 W
R 464 X
R 463 Z
K 463 Z
K 462 C
R 462 X
K 461 C
R 461 Z
K 460 S
R 460 Z
K 459 H
K 458 Z
R 459 Z
R 458 Q
K 457 Z
K 456 W
R 457 W
R 456 Z
K 455 S
R 455 Q
K 454 S
R 454 W
K 453 S
R 453 X
K 452 S
R 452 W
K 451 Z
R 451 S
K 450 Z
R 450 W
K 449 Z
R 449 C
K 448 Z
R 448 X
K 447 C
R 447 H
K 446 C
K 445 W
R 445 H
K 444 W
R 446 W
R 444 S
K 443 Z
R 443 H
K 442 S
R 442 H
K 441 X
R 441 W
K 440 X
R 440 C
K 439 Z
R 439 C
R 438 Q
K 438 Q
K 437 W
R 437 C
K 436 Q
R 436 O
K 435 Q
R 435 S
K 434 Z
K 433 Q
R 434 Q
R 433 X
R 432 X
K 432 X
K 431 O
R 431 Q
K 430 W
R 430 X
K 429 S
R 429 W
K 428 Z
R 428 W
K 427 O
R 427 H
K 426 S
R 426 W
K 425 S
R 425 Z
K 424 Q
R 424 O
K 423 H
R 423 W
K 422 O
R 422 Z
K 421 W
R 421 Q
K 420 S
R 420 X
K 419 O
R 419 C
K 418 Q
R 418 S
R 417 W
K 417 W
K 416 O
R 416 X
K 415 C
R 415 S
K 414 O
K 413 Q
R 413 C
K 412 Q
R 414 Q
R 412 H
K 411 X
K 410 C
R 411 C
R 410 S
K 409 H
R 409 Z
K 408 O
R 408 S
K 407 Z
R 407 X
K 406 O
R 406 S
K 405 C
R 405 S
K 404 X
R 404 Q
K 403 S
R 403 Z
K 402 C
R 402 Z
K 401 W
R 401 C
K 400 O
K 399 W
R 400 W
R 399 Q
K 398 C
R 398 S
K 397 H
R 397 X
K 396 C
R 396 W
K 395 O
R 395 Q
K 394 C
R 394 X
K 393 O
R 393 S
K 392 Q
R 392 O
K 391 C
K 390 O
R 391 O
R 390 C
K 389 W
R 389 O
K 388 H
R 388 O
K 387 Z
R 387 H
K 386 Z
R 386 H
K 385 X
R 385 S
K 384 Q
R 384 X
K 383 O
R 383 W
K 382 O
R 382 Z
K 381 Q
K 380 X
R 381 X
R 380 W
K 379 Z
R 379 X
K 378 C
R 378 X
K 377 W
R 377 Z
K 376 Q
R 376 Z
K 375 X
R 375 H
K 374 S
R 374 X
R 373 Z
K 373 Z
K 372 Q
R 372 O
K 371 X
R 371 H
K 370 Q
K 369 O
R 370 O
R 369 W
K 368 C
R 368 O
K 367 C
R 367 W
K 366 W
K 365 C
R 366 C
R 365 H
K 364 Z
R 364 X
K 363 W
R 363 Q
R 362 C
K 362 C
K 361 S
R 361 Z
K 360 X
R 360 Z
K 359 Q
R 359 W
K 358 Z
R 358 C
K 357 W
R 357 O
R 356 C
K 356 C
K 355 X
R 355 S
R 354 C
K 354 C
K 353 X
R 353 Z
K 352 W
K 351 X
R 352 X
R 351 Q
K 350 H
K 349 W
R 350 W
R 349 O
K 348 X
K 347 X
R 348 X
R 347 Q
K 346 W
R 346 Z
K 345 S
R 345 H
R 343 Z
K 344 Z
K 342 X
R 344 X
R 342 Z
K 343 Z
K 341 W
R 341 O
K 340 Q
R 340 O
R 339 X
K 339 X
K 338 W
R 338 H
K 337 Q
R 337 S
K 336 X
R 336 S
K 335 Z
R 335 S
K 334 Q
R 334 H
K 333 S
R 333 C
K 332 S
R 332 W
K 331 H
R 331 X
K 330 H
R 330 O
K 329 H
K 328 Q
R 329 Q
R 328 S
K 327 Z
K 326 Z
R 327 Z
R 326 O
K 325 W
R 325 O
K 324 S
R 324 X
K 323 Q
R 323 C
K 322 Z
R 322 C
K 321 Z
R 321 Q
K 320 H
R 320 W
K 319 S
R 319 H
R 318 O
K 318 O
K 317 X
R 317 Z
K 316 C
R 316 H
K 315 Z
R 315 W
K 314 Z
R 314 S
K 313 C
R 313 W
R 312 S
K 312 S
K 311 O
R 311 C
K 310 W
R 310 S
K 309 Z
R 309 H
K 308 Q
K 307 Q
R 308 Q
R 307 W
K 306 O
R 306 H
K 305 C
R 305 C
R 304 S
K 304 S
K 303 X
K 302 Z
R 303 Z
R 302 S
R 301 X
K 301 X
K 300 W
K 299 H
R 300 H
R 299 Q
K 298 Z
R 298 O
K 297 H
R 297 Z
K 296 O
R 296 Z
K 295 S
R 295 C
R 294 Z
K 294 Z
K 293 Q
R 293 S
R 292 O
K 292 O
K 291 S
R 291 C
K 290 Z
R 290 H
K 289 C
K 288 Z
R 289 Z
R 288 X
K 287 O
R 287 S
K 286 W
R 286 O
K 285 S
R 285 W
K 284 S
R 284 H
K 283 O
R 283 Q
K 282 Z
R 282 C
K 281 Z
K 280 H
R 281 H
R 280 X
K 279 O
R 279 Z
K 278 W
R 278 H
K 277 Q
R 277 Z
K 276 O
R 276 Q
K 275 Z
R 275 Q
K 274 X
R 274 Z
R 273 Z
K 273 Z
K 272 Q
R 272 W
K 271 Z
R 271 X
K 270 C
K 269 H
R 270 H
R 269 W
K 268 X
R 268 Z
K 267 W
R 267 X
K 266 Q
R 266 O
R 265 Q
K 265 Q
K 264 O
R 264 W
R 263 C
K 263 C
K 262 S
R 262 H
K 261 X
R 261 W
K 260 Q
R 260 Z
K 259 O
R 259 W
K 258 O
R 258 S
K 257 X
R 257 S
R 256 Q
K 256 Q
K 255 C
R 255 Z
K 254 H
R 254 W
K 253 H
R 253 X
K 252 Q
R 252 Z
K 251 C
R 251 S
K 250 C
K 249 O
R 250 O
R 249 X
R 248 W
K 248 W
K 247 H
R 247 Z
K 246 H
R 246 W
K 245 H
R 245 S
K 244 H
K 243 S
R 243 Z
K 242 S
R 244 S
R 242 X
R 241 H
K 241 H
K 240 Z
R 240 C
K 239 Z
R 239 W
K 238 C
R 238 H
K 237 Q
R 237 C
K 236 O
R 236 S
K 235 W
R 235 Z
K 234 S
R 234 Q
K 233 W
R 233 S
K 232 Z
R 232 Q
K 231 S
R 231 Z
K 230 H
R 230 Q
K 229 O
R 229 Z
K 228 Q
R 228 X
K 227 C
R 227 S
K 226 C
R 226 O
R 225 S
K 225 S
K 224 Z
R 224 C
K 223 S
R 223 H
K 222 S
R 222 O
K 221 Q
R 221 C
K 220 W
R 220 S
K 219 C
R 219 Z
R 218 Q
K 218 Q
K 217 Z
R 217 H
K 216 X
R 216 C
K 215 O
R 215 W
K 214 H
K 213 W
R 214 W
R 213 C
K 212 Q
R 212 H
K 211 O
K 210 X
R 211 X
R 210 Z
K 209 O
R 209 S
K 208 Z
R 208 W
K 207 Z
R 207 C
K 206 H
K 205 S
R 206 S
R 205 W
K 204 Z
R 204 W
K 203 Q
R 203 X
K 202 O
R 202 S
K 201 H
R 201 Q
K 200 W
R 200 O
K 199 Q
R 199 H
K 198 X
R 198 S
K 197 X
R 197 C
K 196 O
K 195 Q
R 196 Q
R 195 Z
K 194 W
R 194 C
K 193 O
R 193 H
K 192 Z
K 191 W
R 192 W
R 191 Q
K 190 H
R 190 Z
K 189 S
R 189 C
K 188 S
R 188 O
K 187 H
R 187 C
K 186 Q
R 186 O
K 185 W
R 185 C
R 184 Z
K 184 Z
K 183 W
R 183 H
K 182 S
R 182 Z
K 181 Q
R 181 Z
K 180 W
R 180 H
K 179 X
R 179 H
K 178 S
R 178 C
K 177 X
R 177 C
K 176 H
R 176 C
K 175 S
R 175 O
K 174 Q
R 174 W
K 173 O
R 173 X
K 172 H
R 172 Z
K 171 Q
R 171 S
K 170 Q
R 170 H
K 169 O
R 169 H
R 168 Z
K 168 Z
K 167 C
R 167 O
K 166 Z
R 166 X
K 165 Z
R 165 O
K 164 H
K 163 H
R 164 H
R 163 Q
K 162 C
R 162 X
K 161 W
R 161 Z
K 160 S
R 160 W
K 159 S
R 159 Q
K 158 S
R 158 X
K 157 Q
R 157 X
K 156 H
R 156 Z
K 155 W
R 155 Q
K 154 X
R 154 Q
K 153 W
K 152 X
R 153 X
R 152 X
R 151 O
K 151 O
K 150 H
R 150 C
K 149 X
R 149 C
K 148 W
R 148 X
R 147 C
K 147 C
K 146 X
R 146 Z
K 145 W
R 145 H
K 144 Z
R 144 O
K 143 S
R 143 H
R 142 W
K 142 W
K 141 Q
R 141 O
K 140 H
R 140 Z
K 139 W
R 139 H
K 138 S
R 138 Z
R 137 X
K 137 X
K 136 W
R 136 H
K 135 Z
R 135 S
K 134 H
R 134 C
K 133 S
R 133 Z
K 132 C
K 131 H
R 132 H
R 131 C
K 130 X
R 130 H
K 129 Z
K 128 O
R 129 O
R 128 Q
K 127 C
R 127 X
K 126 Z
R 126 O
K 125 Z
R 125 H
K 124 Q
R 124 O
R 123 W
K 123 W
K 122 Q
R 122 O
K 121 Z
R 121 Z
R 120 X
K 120 X
K 119 H
R 119 O
R 118 X
K 118 X
K 117 S
R 117 Q
K 116 S
R 116 X
K 115 C
R 115 Q
K 114 Z
R 114 X
K 113 Q
R 113 Z
K 112 Z
K 111 S
R 112 S
R 111 O
K 110 Z
R 110 S
K 109 X
R 109 S
K 108 Z
R 108 O
K 107 S
R 107 C
K 106 Q
R 106 C
K 105 O
R 105 W
K 104 Z
K 103 O
R 104 O
R 103 Q
K 102 C
R 102 Q
K 101 H
R 101 S
K 100 X
R 100 S
K 99 W
R 99 C
K 98 Z
R 98 S
K 97 Q
R 97 O
K 96 X
R 96 W
R 95 H
K 95 H
K 94 W
R 94 O
K 93 H
R 93 W
K 92 X
R 92 Z
K 91 O
K 90 Z
K 89 Z
R 91 Z
R 90 Z
R 89 O
R 88 X
K 88 X
K 87 W
K 86 C
R 87 C
R 86 H
K 85 W
R 85 S
K 84 C
R 84 W
K 83 S
R 83 Q
K 82 X
R 82 C
K 81 H
K 80 W
R 81 W
R 80 H
K 79 Q
R 79 W
K 78 Z
K 77 C
R 78 C
R 77 H
K 76 X
R 76 O
K 75 W
R 75 X
R 74 W
K 74 W
K 73 W
K 72 S
R 73 S
R 72 H
K 71 O
R 71 C
R 70 X
K 69 H
R 69 X
R 68 X
K 67 W
R 67 X
K 70 X
K 68 X
K 66 S
R 66 W
K 65 X
R 65 Q
K 64 Z
K 63 X
R 64 X
R 63 C
K 62 H
R 62 C
K 61 W
R 61 O
K 60 H
R 60 W
K 59 Q
R 59 W
K 58 O
R 58 Z
K 57 C
R 57 X
K 56 Z
R 56 X
K 55 Q
R 55 W
K 54 Z
R 54 H
K 53 W
R 53 O
K 52 H
R 52 C
K 51 O
R 51 Q
K 50 C
R 50 S
K 49 H
R 49 W
K 48 Q
R 48 W
R 47 Z
R 46 Z
K 47 Z
K 46 Z
K 45 O
R 45 C
K 44 W
R 44 X
K 43 S
R 43 W
K 42 O
R 42 C
K 41 O
R 41 S
K 40 X
K 39 S
R 39 Q
K 38 S
R 40 S
R 38 Q
K 37 W
R 37 X
K 36 C
R 36 H
R 35 S
K 35 S
K 34 O
R 34 Z
K 33 C
R 33 S
K 32 X
R 32 Q
K 31 Z
R 31 C
K 30 Q
R 30 S
K 29 C
R 29 X
K 28 H
R 28 H
R 27 W
K 27 W
K 26 H
R 26 X
K 25 Q
K 24 S
R 24 C
K 23 S
R 25 S
R 23 X
K 22 H
R 22 S
K 21 H
R 21 Z
K 20 O
R 20 H
K 19 O
R 19 Q
K 18 C
R 18 O
K 17 C
K 16 S
K 15 S
R 17 S
R 16 S
R 15 Q
R 14 X
K 13 C
R 13 X
K 14 X
K 12 C
R 12 Q
K 11 H
K 10 S
R 11 S
R 10 X
K 9 H
R 9 H
R 8 W
K 8 W
K 7 X
R 7 Q
K 6 H
R 6 X
K 5 Z
R 5 H
K 4 X
R 4 C
K 3 O
R 3 X
R 2 X
K 2 X
K 1 H
R 1 H
