1999
R 665 O
R 135 T
K 881 W
K 428 I
K 247 J
R 266 B
K 388 A
R 928 I
R 683 A
K 157 B
R 496 I
R 489 Y
K 353 C
R 888 V
K 990 I
K 706 A
R 951 J
R 832 T
R 826 Y
R 762 V
R 470 X
R 425 M
R 420 V
R 346 T
R 301 W
K 896 D
K 597 Z
R 971 K
K 732 I
K 239 D
K 125 F
R 898 U
R 370 T
R 275 X
K 55 E
R 817 G
K 959 I
K 648 J
K 515 I
K 278 D
K 67 V
K 57 N
R 605 A
K 863 X
K 649 X
R 379 C
K 257 C
K 120 D
R 741 X
K 502 T
K 415 D
R 822 J
R 812 W
R 704 X
K 812 Q
R 527 R
K 406 L
R 877 D
K 762 J
K 235 D
R 952 V
R 209 B
K 720 S
R 702 M
R 188 J
K 565 W
K 461 R
R 234 L
K 307 E
K 170 X
R 731 G
R 151 X
K 877 U
R 887 Z
K 492 R
R 162 Q
K 865 Y
K 107 G
R 504 K
K 477 Z
R 629 Z
R 112 N
K 598 N
K 503 O
K 221 U
K 179 S
R 765 J
R 565 J
R 291 O
R 118 O
K 770 V
K 715 K
K 465 T
K 419 A
R 821 V
R 459 C
K 829 U
R 422 D
K 566 C
R 454 B
R 54 J
R 18 J
K 446 A
K 44 B
K 4 Z
R 259 G
R 141 F
R 51 I
K 757 A
R 983 Q
R 883 N
R 835 N
R 338 T
R 4 L
K 405 V
R 787 U
R 781 D
R 628 B
R 619 R
K 884 P
K 686 Z
K 484 U
K 238 L
R 524 W
R 440 J
R 194 W
K 454 Y
R 631 L
K 859 Z
K 474 N
K 190 Y
K 50 O
R 931 D
K 577 G
K 539 V
R 751 Y
R 449 A
R 191 X
R 34 R
K 427 K
R 548 W
R 311 F
R 252 K
K 764 Z
R 973 Q
R 901 M
R 886 U
R 660 Z
R 336 R
K 244 I
R 540 A
R 412 C
K 637 N
R 417 F
R 402 C
R 36 N
K 633 P
R 421 N
R 304 J
R 254 F
R 201 Q
K 441 C
K 296 X
R 748 J
R 334 Y
K 699 L
K 518 U
R 679 J
R 675 J
R 224 Z
K 423 X
R 754 U
R 642 R
R 212 E
K 558 V
K 169 H
R 261 T
K 608 O
R 881 C
R 406 E
K 318 L
R 482 N
K 658 Q
K 590 M
K 409 A
R 915 Q
R 461 O
K 768 O
K 345 U
R 954 C
R 935 S
R 858 Z
R 728 P
R 127 N
K 849 A
R 603 K
K 777 X
K 767 D
R 937 U
R 725 D
K 685 O
K 513 U
K 264 C
K 103 W
R 849 R
R 283 L
R 134 V
R 109 Z
K 845 P
K 173 C
R 846 U
R 324 U
K 245 I
R 510 Y
R 10 K
K 737 V
K 444 Q
R 794 Y
R 721 A
R 718 W
R 233 P
K 153 C
R 441 Q
R 258 H
K 550 M
K 267 N
R 857 P
R 451 U
R 410 J
K 261 B
R 97 K
K 710 I
K 547 D
K 145 O
R 992 L
R 672 C
R 285 J
R 245 H
K 25 Q
R 834 K
K 956 G
R 726 T
R 712 M
R 313 K
K 775 Q
K 351 Z
K 309 M
R 267 K
R 45 W
K 984 C
K 783 T
K 302 B
R 724 J
K 655 H
R 997 Q
R 969 D
R 708 F
R 662 X
R 333 O
R 7 F
K 480 P
R 893 D
R 745 N
R 464 D
R 305 Z
K 740 J
R 711 H
K 559 T
R 907 T
R 136 R
K 569 Y
K 188 J
R 930 S
R 490 Z
R 428 S
R 124 M
K 846 Z
K 617 X
K 288 V
R 363 J
R 325 V
R 306 F
K 820 T
K 718 E
K 687 O
K 576 N
R 936 A
K 183 C
K 8 S
R 240 G
K 980 W
K 548 V
K 306 X
K 146 A
K 123 R
R 281 U
K 954 E
K 254 A
R 966 L
K 927 P
K 543 O
R 880 E
R 639 M
K 793 X
K 563 S
R 998 F
R 876 J
R 560 R
K 545 X
K 418 A
K 410 D
K 95 I
R 710 C
R 557 A
R 492 C
R 315 F
K 995 O
K 323 Q
K 216 P
R 926 U
R 378 X
K 237 A
R 802 M
R 382 N
R 99 W
K 948 E
K 765 K
R 722 P
K 733 N
R 167 D
R 165 T
R 145 B
K 335 J
R 415 M
R 392 T
K 815 J
R 641 V
K 714 I
K 106 H
R 507 B
K 643 G
R 700 U
K 725 Z
K 582 B
K 408 Y
K 283 I
K 104 U
K 81 A
R 659 L
R 380 B
R 88 X
R 84 H
K 958 N
K 379 Z
R 211 F
K 601 B
K 370 M
R 584 B
R 317 J
R 193 I
K 599 A
K 460 A
R 837 A
R 478 N
R 264 M
R 11 Q
K 760 X
K 182 O
R 426 H
K 854 X
R 743 A
R 237 N
K 722 J
K 358 J
R 693 T
R 621 W
R 511 M
R 74 W
R 57 J
R 39 L
K 265 G
R 244 K
K 214 L
K 112 R
R 774 R
R 442 X
R 235 F
R 189 Q
R 38 Q
K 527 U
R 940 U
R 647 H
R 342 P
R 95 K
K 17 Q
R 225 V
K 967 O
K 692 C
K 508 W
K 473 K
K 363 A
K 211 F
K 138 U
R 852 A
R 205 H
K 707 Z
K 381 Z
R 734 E
R 453 W
K 90 H
R 990 W
R 957 W
R 807 Z
R 398 M
R 210 X
K 966 K
K 726 Q
R 944 H
K 360 Q
R 910 B
K 450 L
R 995 L
R 600 P
R 391 M
K 165 Q
R 785 H
K 612 U
K 549 V
K 184 W
K 69 M
R 911 P
R 709 K
R 172 K
K 334 X
K 209 Q
R 767 A
R 394 T
K 875 G
K 620 O
R 349 J
K 869 K
K 781 T
K 727 L
K 207 Y
R 651 C
R 318 C
K 961 W
K 950 R
R 809 H
R 656 N
K 375 I
R 578 D
R 102 T
K 150 B
R 829 N
R 359 T
K 759 O
K 621 C
R 775 A
K 955 N
R 685 I
K 774 J
R 976 M
R 593 R
R 228 H
K 457 S
R 157 S
R 28 Q
K 975 B
K 746 O
K 716 G
R 763 U
R 645 V
R 469 I
K 517 S
R 989 H
K 998 B
K 917 O
K 879 U
K 627 G
K 618 M
K 466 F
K 343 J
K 73 K
K 15 K
R 792 R
R 526 S
R 471 U
R 8 B
K 788 I
R 265 H
K 593 L
K 12 N
R 772 X
K 681 F
R 917 F
R 525 J
K 993 Y
R 889 E
K 193 B
R 567 C
R 214 Z
R 149 V
R 117 U
K 786 V
K 201 W
R 753 K
R 129 W
K 798 P
R 788 L
R 387 Z
R 348 E
R 262 H
R 236 G
R 182 J
K 694 D
K 551 Y
R 200 V
K 870 E
K 243 J
R 720 Z
K 895 T
K 191 Q
K 163 Z
R 591 A
R 498 B
K 934 Z
K 912 R
K 910 M
K 850 R
K 823 N
K 810 P
K 802 J
K 753 V
K 697 C
K 691 T
K 671 J
K 516 L
K 501 B
K 496 Z
K 481 H
K 329 U
K 218 I
K 196 D
K 178 X
R 972 W
R 853 T
R 771 T
R 216 X
R 21 B
R 3 C
K 982 V
K 322 R
R 416 X
K 387 U
R 590 W
K 177 B
R 949 N
R 864 E
K 167 B
R 776 P
K 981 G
K 920 B
K 456 Y
K 133 T
R 847 F
K 724 F
K 91 I
K 33 D
R 968 V
R 445 J
R 433 X
R 159 W
R 158 U
R 106 L
K 986 K
K 181 M
K 48 G
R 843 I
K 700 H
K 614 X
K 180 Z
R 755 E
K 968 O
R 537 S
R 467 D
R 292 Y
K 562 G
K 331 W
K 114 S
K 83 V
K 7 P
R 815 N
K 380 G
R 661 W
K 72 E
R 727 P
R 376 G
K 337 Y
R 644 R
K 860 P
R 956 X
K 229 C
R 961 X
R 221 E
R 13 Z
K 894 A
R 495 Z
K 109 L
K 18 S
R 405 Q
R 68 U
K 665 E
K 592 J
K 136 Z
R 831 R
R 67 U
K 779 D
K 139 R
K 85 S
R 934 K
R 630 G
K 883 G
K 874 S
K 186 C
K 137 Z
K 115 X
R 60 A
K 268 G
K 43 P
R 545 F
K 478 J
K 403 F
R 554 C
K 594 N
K 524 T
R 463 R
K 98 L
K 65 R
R 652 X
R 319 J
K 361 Q
K 40 I
R 861 Y
R 717 H
R 300 R
K 82 K
R 941 O
R 884 K
R 713 N
K 560 Z
R 316 S
K 10 T
R 587 A
K 698 K
R 208 B
R 90 H
K 911 X
R 487 L
K 925 Z
K 255 M
R 322 Q
K 640 Z
K 384 F
R 597 G
K 743 S
R 414 U
K 926 X
R 546 P
R 521 E
K 660 D
K 579 R
K 1 O
R 23 X
K 663 S
K 439 X
K 326 F
R 168 M
K 645 C
R 518 N
K 352 Z
R 988 Q
R 499 Q
K 864 P
R 256 Q
R 207 J
K 202 F
R 568 W
K 604 V
R 500 J
K 271 N
R 431 O
K 942 D
K 744 L
R 79 C
K 923 L
K 666 S
K 498 S
K 412 A
K 319 C
K 232 X
R 599 P
K 638 A
K 424 J
K 227 E
K 195 K
R 22 R
K 525 G
R 184 S
K 703 A
K 573 R
K 511 J
R 682 T
R 206 A
K 919 T
K 281 Y
R 793 F
R 156 Z
R 26 D
K 736 Q
R 166 A
R 91 E
R 82 T
K 776 W
K 717 D
K 646 G
K 530 Q
K 317 Y
K 105 E
R 885 P
K 969 P
K 804 L
R 351 O
K 14 J
R 569 N
R 484 Z
R 287 Y
K 747 P
K 557 J
R 824 N
R 670 O
K 683 C
R 73 H
K 876 R
K 308 U
R 773 F
K 567 H
R 796 U
R 714 H
R 288 N
R 195 X
R 148 I
K 641 M
K 397 D
R 878 U
R 549 T
K 780 P
R 688 K
R 501 E
R 355 Y
R 308 V
R 9 E
R 1 I
K 847 O
K 713 L
K 166 C
R 958 U
K 970 C
K 844 T
K 664 G
K 589 Q
K 514 V
R 810 K
R 742 P
R 692 D
R 198 E
K 839 N
K 510 W
R 377 D
K 933 C
K 639 L
K 228 D
R 856 S
K 626 P
R 833 W
R 375 T
R 277 L
K 507 Q
K 425 Z
R 643 L
R 586 K
K 486 D
R 202 G
K 535 L
R 480 V
R 386 Q
K 909 N
K 500 X
R 844 X
R 103 K
K 828 U
K 721 M
K 111 L
R 56 B
K 891 E
K 3 Q
R 879 I
R 100 R
K 596 K
K 377 G
K 160 S
R 646 C
R 175 Q
K 628 X
R 282 J
R 47 W
K 134 A
R 247 A
R 222 N
R 25 S
K 682 E
R 15 C
K 882 E
K 811 E
K 431 N
R 604 C
K 987 K
K 294 D
K 204 D
R 427 O
K 246 U
K 240 S
R 780 T
R 609 A
R 354 G
K 602 Y
K 468 N
R 448 C
K 824 T
R 436 C
K 924 U
K 580 N
K 330 M
R 610 D
R 29 W
K 77 I
R 474 A
R 432 C
R 218 W
K 63 E
R 49 P
K 631 K
K 141 P
R 706 O
R 690 C
K 688 X
K 635 P
K 623 Z
K 538 Z
K 399 F
K 158 V
K 121 O
R 891 U
R 561 R
R 314 G
K 766 H
K 129 N
R 959 Y
R 919 U
R 732 K
R 404 G
R 289 X
R 120 A
K 362 R
R 312 A
K 945 X
K 792 V
K 438 K
K 305 I
R 444 B
R 393 D
K 701 A
R 335 R
K 840 R
K 585 R
K 187 T
R 61 J
K 729 B
K 259 E
R 970 U
R 929 X
R 805 O
R 457 N
R 169 U
R 41 L
K 938 H
R 479 Z
K 748 B
K 490 S
K 32 A
R 626 Z
R 217 Z
R 5 X
K 376 W
R 328 R
K 997 E
K 122 N
R 242 T
K 856 T
K 451 Y
K 434 T
R 664 C
K 285 C
K 164 T
K 52 K
R 462 I
R 260 H
R 131 G
R 78 K
R 37 E
K 935 J
K 127 C
K 80 G
K 30 C
R 635 L
R 423 H
K 857 L
K 758 L
K 37 N
R 873 H
R 827 N
R 407 E
R 273 P
R 55 K
R 6 O
K 605 P
K 49 F
R 183 T
K 654 L
K 475 X
R 564 N
K 817 K
R 991 L
R 408 W
K 101 P
R 786 Q
R 541 K
R 456 I
R 365 B
R 357 Q
K 991 Q
K 476 V
R 797 U
R 622 P
R 125 I
R 59 Q
K 462 X
R 83 M
K 679 Z
K 118 P
K 16 M
R 572 N
K 298 T
R 276 C
K 930 H
R 517 K
K 801 F
K 619 B
R 411 R
K 878 X
K 595 W
R 909 B
R 139 L
K 534 C
K 297 G
K 119 U
R 811 G
R 226 O
K 943 T
R 611 G
R 519 I
K 836 W
R 778 N
K 971 G
R 869 G
R 738 U
R 736 A
R 121 N
K 818 G
K 809 X
R 839 G
R 830 Q
R 389 U
R 161 Z
K 291 Y
K 66 P
R 908 X
K 790 P
K 572 Y
R 666 L
K 827 F
R 63 G
K 436 Q
K 241 K
R 922 O
K 796 A
K 316 N
R 513 X
R 435 C
K 430 R
R 280 U
K 529 F
R 309 B
K 989 N
K 708 G
K 693 G
K 678 P
K 338 R
R 790 R
R 358 K
R 147 G
R 128 X
K 561 S
R 943 G
R 918 H
R 488 A
R 345 I
K 287 P
R 530 Y
R 372 P
R 58 U
K 667 L
K 433 P
K 13 Z
R 87 O
K 803 Q
K 752 I
K 555 D
R 836 P
R 801 H
R 197 R
K 719 W
K 407 P
K 369 A
K 34 R
R 1000 L
R 339 S
R 108 F
K 499 X
R 715 L
K 821 E
R 27 N
K 630 R
K 574 A
R 820 N
R 799 G
R 789 U
R 598 L
R 255 Q
R 85 T
K 851 Z
R 654 R
K 277 W
K 56 C
R 447 L
R 192 Q
K 459 X
K 113 M
R 295 K
K 791 X
R 729 L
R 539 B
K 242 Z
K 75 S
R 890 I
R 769 E
R 735 U
R 395 R
R 92 A
K 957 Y
K 622 O
K 142 D
R 862 C
R 750 D
K 978 X
K 482 X
R 534 B
K 400 H
R 556 W
R 491 B
R 251 M
R 180 K
K 234 F
R 154 P
K 236 H
R 756 P
R 257 B
R 163 X
R 81 E
K 411 C
K 151 X
R 916 C
R 542 I
K 359 M
R 927 B
R 760 X
R 585 D
K 647 T
K 606 D
K 20 C
R 677 V
R 566 O
R 179 L
K 611 I
R 814 M
R 673 L
K 953 U
K 858 M
K 696 L
K 651 W
K 51 L
R 965 U
R 475 I
R 269 Y
K 916 W
K 532 G
R 17 O
K 413 X
R 532 X
R 384 R
K 738 A
K 479 D
K 212 H
R 816 H
R 522 A
K 537 V
K 452 P
K 140 B
R 841 J
R 674 P
R 104 L
K 976 Z
K 386 Y
K 54 X
R 806 A
K 448 C
R 150 I
R 16 P
K 885 W
K 814 F
R 515 I
K 904 N
K 742 X
K 634 P
K 575 K
K 487 R
K 471 C
R 46 I
K 893 N
K 41 E
R 764 I
K 541 I
K 373 J
K 292 V
K 248 I
K 217 X
K 176 G
R 924 N
R 230 O
R 164 B
K 833 D
R 897 E
R 696 S
R 577 X
R 20 A
K 939 X
K 437 O
R 925 T
R 740 L
R 294 N
K 483 Q
K 426 U
R 859 R
K 554 G
K 110 Y
R 452 J
K 832 G
K 495 G
K 162 T
R 399 F
K 853 T
K 615 M
K 505 X
K 347 D
R 614 K
R 581 R
R 446 C
R 397 P
R 361 W
R 178 P
K 230 Q
R 503 N
R 419 R
K 741 F
K 684 Y
K 447 M
K 392 I
K 205 W
K 64 X
R 759 E
K 838 V
K 68 J
K 19 V
R 583 U
R 271 C
K 825 J
K 124 M
K 38 J
R 272 P
K 750 Q
R 648 U
R 632 R
K 584 S
K 494 Z
K 472 J
K 336 T
R 588 S
R 367 W
K 842 P
K 613 R
K 47 T
R 473 Y
K 902 T
K 644 C
R 438 Q
R 356 Y
K 941 F
K 787 P
R 865 O
K 341 M
R 987 J
R 848 L
R 595 E
R 589 P
R 528 Y
R 48 U
K 704 V
R 828 S
R 274 F
R 227 M
K 702 Z
R 981 M
K 350 O
R 681 Y
K 907 R
R 615 Z
R 538 Y
R 535 R
R 239 Z
R 122 H
K 806 N
R 993 G
K 149 B
R 905 Y
R 483 Y
K 931 W
K 709 P
R 842 S
K 504 A
R 978 L
R 196 J
K 974 S
K 272 R
R 758 Y
R 401 E
K 520 W
R 31 B
K 356 G
R 44 X
K 432 X
K 174 S
K 22 Z
R 872 R
K 60 I
R 689 S
R 505 Y
K 586 R
K 327 I
R 686 A
R 155 K
R 98 O
R 53 T
K 458 R
K 314 U
K 62 J
R 695 V
K 372 A
R 933 Y
R 699 C
R 543 B
R 486 R
K 852 M
K 705 X
R 580 I
R 344 M
R 278 E
K 965 I
K 669 K
R 371 I
R 93 V
K 24 G
R 895 W
R 768 Y
R 594 G
R 512 B
R 362 G
K 607 N
R 804 N
R 323 H
K 873 Q
K 266 L
R 982 E
R 576 R
K 92 Y
R 66 C
K 603 H
R 485 I
K 470 Y
R 550 C
R 509 S
K 962 N
R 107 Y
K 922 L
R 617 E
K 867 Y
K 723 U
K 632 U
R 942 M
K 888 I
K 657 Q
K 523 T
K 396 S
K 225 C
K 6 M
R 979 J
K 144 R
R 698 P
R 676 O
R 143 W
R 133 X
K 488 D
K 349 I
R 187 T
R 119 A
R 33 H
K 999 E
K 951 D
K 126 P
R 900 M
K 328 X
R 946 L
K 540 R
R 938 B
K 310 G
R 111 P
K 946 J
K 837 R
R 840 E
R 777 J
R 655 L
R 65 S
K 908 R
R 502 G
K 552 O
K 226 F
R 562 L
K 918 J
K 583 C
R 140 P
K 571 Q
R 671 F
K 929 J
K 542 I
K 378 R
K 303 O
R 364 C
K 467 A
K 161 I
R 176 A
R 40 Z
K 672 B
K 506 D
K 394 T
R 784 O
R 439 K
K 251 U
R 385 M
K 771 D
R 945 T
K 61 U
R 50 X
K 661 O
R 296 L
K 2 D
R 70 R
K 921 X
K 843 T
R 638 I
R 472 P
K 274 H
R 894 H
R 868 H
R 466 W
R 326 L
K 960 L
K 279 Y
K 206 P
R 716 W
K 915 Z
K 367 W
R 932 J
R 293 P
R 181 M
R 52 U
K 346 K
R 531 R
K 674 M
K 371 F
K 365 D
K 295 W
K 280 F
R 994 Q
R 921 M
R 904 F
R 855 E
R 808 T
R 737 X
R 616 S
R 493 F
R 137 R
R 113 C
R 12 R
K 253 T
K 220 E
R 650 U
K 861 L
K 680 D
K 625 Y
K 275 Y
R 950 G
R 860 K
R 571 H
R 353 M
K 469 V
K 333 R
R 985 G
R 558 N
K 944 D
K 795 C
K 794 W
K 735 H
K 398 K
K 304 W
R 19 X
K 650 I
R 126 O
K 932 J
K 914 J
K 192 D
K 100 N
K 89 W
R 703 R
K 11 A
R 947 R
R 867 S
R 707 P
R 303 U
R 243 H
K 185 T
R 89 W
K 905 G
K 443 W
R 818 C
R 623 O
R 574 J
R 544 Z
R 43 A
K 977 V
K 197 X
R 2 R
K 588 O
K 489 B
K 366 F
K 159 C
R 851 I
K 964 O
R 284 B
R 231 Z
R 64 T
K 807 H
K 778 R
K 213 X
K 203 M
K 147 Q
K 135 C
R 980 D
K 417 T
K 390 J
K 262 N
K 26 Y
K 23 Y
R 892 V
K 675 T
K 284 M
K 117 E
R 477 C
R 460 W
K 219 T
R 369 S
K 311 G
R 559 C
R 75 H
K 906 E
K 442 S
R 215 U
K 979 G
K 395 V
K 231 K
K 224 Z
K 58 A
R 418 I
K 689 H
K 321 A
K 215 V
R 803 P
R 637 A
R 42 M
K 816 L
K 734 B
K 528 L
K 222 V
R 116 A
K 830 K
R 874 J
R 668 X
K 591 M
K 464 L
K 393 M
K 382 N
K 339 K
K 71 J
R 347 E
R 71 A
K 97 I
R 204 W
K 996 I
K 903 D
K 754 I
K 728 A
R 563 N
K 763 H
K 673 B
K 270 G
R 374 X
R 373 T
R 310 H
K 301 T
K 172 X
K 155 Q
K 108 E
R 297 G
R 94 X
K 252 K
R 330 T
R 286 N
K 286 B
R 687 G
K 312 O
K 28 Y
R 964 P
R 875 Y
R 871 Y
R 870 I
R 766 G
R 746 P
R 684 Y
R 497 G
R 173 C
R 69 Y
K 855 G
K 533 O
K 59 I
R 634 K
K 822 T
K 695 R
K 512 U
R 607 S
R 238 S
K 866 E
K 731 Q
K 263 S
K 86 U
K 78 J
K 21 J
R 906 U
R 627 T
R 582 A
R 77 Z
R 14 E
K 928 M
K 899 G
K 420 M
R 132 T
K 992 Q
K 290 I
R 967 Q
R 896 Y
R 779 P
R 620 N
K 761 B
R 825 Y
R 529 L
R 24 M
K 493 N
K 168 P
R 596 H
R 552 E
R 523 X
K 994 Y
K 819 X
K 739 D
K 652 U
K 269 O
K 223 Y
K 198 L
R 850 Z
K 128 O
R 783 I
R 340 O
K 544 V
R 963 A
R 739 P
K 624 C
R 400 N
K 199 V
R 624 T
R 613 J
K 568 X
R 678 D
K 497 H
R 962 W
R 551 R
R 144 D
K 148 T
R 579 T
R 383 F
R 263 I
K 897 O
R 62 Y
K 578 S
K 391 E
K 35 W
R 381 N
R 331 P
R 146 H
K 93 Y
K 5 T
R 390 U
R 219 N
K 871 X
K 799 B
K 200 Z
K 9 L
R 819 P
K 901 K
R 955 L
R 424 T
K 429 A
R 845 A
R 575 U
K 898 V
K 749 E
R 913 O
R 798 T
R 747 G
R 536 A
K 773 L
R 516 L
R 290 Z
R 213 L
K 947 T
K 868 L
K 536 Q
K 509 M
K 354 D
R 105 V
K 556 G
R 403 F
K 784 A
K 730 L
K 383 R
R 602 W
K 808 A
R 902 E
R 171 S
R 170 F
K 711 C
K 609 V
R 553 J
R 366 G
K 890 W
K 800 Q
K 772 K
R 123 O
K 131 W
R 854 Q
R 508 G
K 453 S
R 434 B
R 329 P
K 332 U
R 912 V
R 813 T
K 670 H
K 642 R
K 233 P
K 74 H
R 343 K
K 152 J
R 341 C
R 321 Y
K 87 P
R 823 E
K 712 J
R 570 E
K 249 W
R 920 I
R 514 M
R 270 T
R 30 G
K 313 V
R 653 M
K 745 J
K 282 A
R 691 X
K 175 R
R 250 H
K 76 L
R 608 W
K 972 Q
K 421 N
R 232 A
R 199 F
K 826 Z
K 769 Q
K 668 G
R 667 D
K 171 X
R 984 Q
R 733 U
K 70 L
R 618 B
K 485 K
K 299 G
R 450 H
K 889 S
K 659 E
K 130 H
K 36 G
R 986 U
R 279 O
R 72 I
K 936 K
K 831 P
K 676 E
R 782 A
R 625 G
K 636 C
K 344 J
K 342 Y
K 320 W
R 948 B
K 887 A
K 880 W
K 662 H
K 553 V
K 522 B
K 455 I
R 32 E
K 963 M
R 974 J
R 705 V
K 374 F
R 999 F
R 723 K
R 555 O
R 455 W
R 337 Z
R 185 Y
R 142 R
R 138 F
K 31 G
R 975 C
K 99 S
K 45 I
R 443 D
K 587 M
K 39 R
R 657 V
K 600 I
K 300 C
R 899 B
K 983 H
R 320 I
K 913 M
K 886 F
K 782 A
K 364 I
R 953 Q
R 730 L
R 80 L
K 949 B
K 690 Q
K 368 Y
R 458 K
R 220 W
K 519 A
K 324 E
R 680 Q
R 533 Q
R 35 N
K 973 E
R 838 B
R 757 P
K 402 Z
R 327 V
K 546 S
K 79 R
R 761 C
K 449 Z
K 210 T
R 299 B
K 848 O
K 789 C
K 348 A
K 289 P
R 465 Q
R 302 G
K 616 W
K 258 U
R 506 J
K 677 X
K 116 P
R 996 C
R 396 U
K 422 H
R 388 B
R 249 T
R 241 J
R 223 H
R 114 H
R 101 O
K 952 W
R 592 K
K 872 P
R 744 Y
R 332 T
R 160 M
K 610 D
R 86 K
K 862 Z
K 260 Z
K 256 P
R 636 S
R 476 M
K 94 N
K 46 H
R 246 D
K 751 F
K 656 Q
R 795 J
R 770 L
R 248 F
K 900 B
K 835 B
K 276 F
R 960 K
R 633 Q
R 413 B
R 190 Z
K 629 K
K 42 I
R 882 H
R 697 P
K 102 V
R 606 T
K 785 Y
K 357 D
K 315 A
K 194 Q
K 143 Z
K 27 W
R 939 S
R 177 H
K 570 T
R 800 I
K 892 W
K 404 U
K 385 F
K 355 B
K 340 T
K 293 D
K 88 L
R 186 C
K 756 R
R 268 D
K 813 V
K 526 F
R 863 O
K 937 P
K 132 Q
R 752 M
R 719 F
K 834 L
R 573 F
K 250 S
R 923 M
R 903 M
R 701 I
R 640 B
R 437 C
R 307 R
R 130 H
K 940 P
K 755 R
R 115 M
K 797 U
R 350 M
R 153 T
K 401 N
K 156 N
R 866 C
R 669 C
R 649 A
K 985 Y
K 653 H
K 531 F
K 440 D
R 298 B
K 988 P
R 547 M
K 1000 O
K 581 Z
R 694 W
K 84 O
R 481 B
R 360 J
K 414 C
R 749 X
R 174 C
K 53 N
R 977 T
K 521 H
K 445 A
K 325 D
K 273 P
R 494 F
R 430 D
R 152 B
K 564 V
K 189 E
R 253 L
K 96 U
R 658 Z
R 601 L
R 429 J
R 368 Z
R 96 K
K 29 V
R 409 N
R 203 L
K 841 A
K 389 B
K 154 Z
R 229 W
R 110 J
R 76 T
K 208 F
R 791 R
K 435 X
R 663 W
R 612 L
R 352 U
K 491 P
R 914 S
K 805 T
K 463 N
R 520 P
R 468 K
