2999
R 1431 U
R 918 W
R 597 U
K 790 W
K 616 U
R 361 D
K 71 X
R 423 D
K 1099 R
K 836 P
R 712 W
R 646 U
R 22 G
K 1043 D
R 480 R
K 1038 G
R 404 Q
K 1284 V
K 886 X
K 312 D
R 1265 R
R 784 D
R 104 R
K 966 R
K 614 U
K 408 G
R 233 D
R 199 P
K 417 V
R 1333 W
R 521 D
K 133 Q
R 726 V
K 973 Q
R 449 Q
R 46 P
K 1258 U
K 958 P
K 887 U
K 486 P
R 1474 W
R 234 P
K 1357 R
R 843 V
K 1005 U
R 622 G
R 335 P
K 782 Q
R 891 Q
R 282 P
K 1497 Q
K 1324 A
K 1017 A
K 861 W
K 458 G
R 419 V
K 1470 G
K 1203 W
K 1074 W
K 439 A
R 1323 V
R 376 X
K 910 Q
R 343 V
K 1342 U
R 1342 P
R 804 D
R 563 X
K 1488 D
K 1270 W
R 1396 X
K 464 P
R 1241 U
R 1009 P
R 898 G
R 854 A
R 540 Q
K 1104 P
K 838 U
K 156 U
R 1356 X
R 1005 P
K 1137 P
K 353 G
R 1276 G
R 1028 W
K 1022 U
R 331 R
K 1383 P
K 1121 A
R 214 U
R 48 W
K 1418 A
R 547 X
R 517 A
K 115 P
R 183 D
R 107 X
K 415 W
R 619 G
R 468 A
R 93 W
K 995 R
K 619 G
R 1293 A
R 964 G
K 1338 A
K 165 P
R 899 W
K 1273 G
K 475 U
R 984 Q
R 978 Q
R 648 D
R 592 P
K 1283 W
R 1215 G
R 1014 R
R 17 G
K 907 Q
R 206 A
K 3 Q
R 1348 G
R 1207 R
R 555 V
R 527 X
R 355 V
K 1173 R
K 1000 X
K 999 G
K 961 U
K 812 X
R 315 V
K 1381 P
K 1033 V
K 856 V
K 512 W
R 897 A
K 621 U
K 436 R
R 426 D
K 1055 P
K 962 R
K 563 P
R 1412 V
R 903 D
R 89 Q
K 824 P
R 1420 V
K 690 G
K 610 W
K 139 W
R 142 X
K 1241 G
R 1290 D
R 1224 W
R 499 G
R 121 Q
K 890 A
R 1341 D
K 875 V
R 1252 Q
K 556 G
K 255 Q
K 168 U
R 728 P
K 1209 P
K 703 X
K 505 Q
K 247 V
R 457 D
K 997 G
K 666 P
R 271 W
K 1147 A
K 1061 R
R 1228 X
R 801 U
R 778 X
R 318 D
K 1216 A
K 1080 D
R 1279 W
R 79 G
K 1236 P
R 1430 D
R 1200 U
R 982 W
R 900 Q
R 407 V
K 1452 D
K 1387 X
K 1302 D
K 1211 D
K 936 R
R 1319 V
R 1036 R
K 1308 U
K 1198 X
K 243 Q
R 330 W
K 1494 P
K 1451 W
K 964 Q
R 1338 X
R 695 A
R 350 V
K 800 Q
K 611 A
K 599 R
R 1429 Q
R 1399 U
R 256 G
K 1249 W
K 1136 W
K 1066 U
K 778 U
K 595 U
R 1258 W
R 987 R
R 809 A
R 629 W
R 138 Q
K 1225 U
R 680 A
R 251 U
R 119 D
K 1272 X
K 466 R
R 1493 V
K 7 A
R 1223 X
R 638 W
K 1006 P
R 740 V
K 850 W
K 846 P
R 1310 R
K 1426 V
K 1155 R
K 918 X
K 792 Q
K 163 U
R 1471 V
R 483 R
K 1112 W
K 449 V
K 220 Q
R 621 V
R 336 Q
K 1432 V
K 957 X
K 876 X
K 134 A
K 40 D
R 1163 W
R 596 V
R 262 G
K 1422 Q
R 1042 G
R 718 A
R 590 Q
R 534 A
R 359 D
K 1353 G
K 1339 R
K 959 D
K 232 G
R 1141 V
R 1070 V
R 1064 W
R 921 W
K 1071 U
K 1012 G
R 1124 D
R 954 A
K 1483 U
R 1137 V
K 4 W
R 382 G
K 1315 A
R 1230 U
R 1075 P
K 1124 G
R 259 V
R 241 R
K 1175 U
K 675 D
R 930 X
R 396 V
R 367 G
R 326 G
R 237 U
K 1109 X
K 731 U
R 169 V
K 551 U
K 406 W
R 1135 V
R 478 V
R 403 X
R 110 G
K 1140 D
K 70 P
R 52 R
K 1126 V
K 859 U
K 534 A
K 532 U
K 333 R
R 1185 Q
R 125 R
K 1004 A
K 120 U
R 940 D
K 1369 V
K 1052 V
K 948 X
K 788 U
K 736 P
K 715 P
K 240 Q
K 59 P
R 1490 A
R 363 V
K 24 W
R 1167 D
K 1447 G
K 684 P
R 1327 A
R 902 D
K 1320 V
K 881 R
K 687 W
K 662 V
K 539 D
K 358 P
R 1284 X
R 1143 R
R 1033 A
R 100 X
K 608 U
R 983 Q
R 654 X
R 208 G
K 756 A
K 205 G
R 244 U
R 55 W
K 1299 V
R 476 P
K 1469 U
R 941 R
K 346 W
K 245 D
R 1177 X
R 354 W
R 75 R
K 1007 V
R 943 V
R 442 V
R 66 X
K 1334 A
R 1329 A
R 1139 G
K 667 Q
R 966 U
R 582 U
K 225 P
R 356 R
K 1139 X
R 1340 G
K 752 V
R 1440 D
K 984 P
R 923 G
R 782 D
K 895 V
R 672 R
K 643 V
R 1108 P
R 775 V
R 720 V
R 134 V
K 1384 V
K 1346 W
K 1345 D
K 1098 P
K 1044 D
K 939 V
K 929 D
K 392 Q
R 1234 V
R 763 W
K 509 G
R 1100 W
K 678 P
R 231 Q
K 585 V
R 682 X
K 1453 X
K 1073 R
K 977 X
K 272 U
K 158 R
R 1450 A
R 1103 V
K 694 Q
R 258 Q
R 128 D
K 1471 A
K 361 P
R 1451 D
R 657 X
R 113 P
K 262 Q
R 997 G
R 821 D
K 20 P
R 357 V
K 700 Q
R 1374 X
R 1301 P
R 1171 U
R 369 W
K 669 Q
R 394 R
K 1481 A
K 1202 X
R 1391 D
R 440 A
R 269 V
R 212 P
R 151 X
K 1230 R
K 1138 A
K 1003 G
K 688 R
R 422 V
K 816 G
R 1126 R
R 365 A
K 785 D
K 342 V
R 1152 V
R 395 G
K 1178 X
K 78 W
R 962 U
K 1254 G
R 1102 W
R 599 V
K 612 P
R 173 A
K 660 P
R 549 V
K 1394 U
K 668 W
K 584 P
K 383 D
R 1119 R
K 26 U
R 768 W
K 1401 U
K 202 A
R 906 R
R 788 P
K 990 U
R 272 U
R 74 G
K 1077 V
R 1085 X
K 1135 X
K 868 X
K 10 Q
R 1154 W
R 1006 R
K 1362 Q
K 15 W
R 510 V
R 293 W
K 625 R
R 1218 X
R 1148 R
K 1050 W
R 1296 W
R 979 V
K 1295 P
R 273 Q
R 64 A
K 693 V
K 659 D
R 1349 V
R 560 W
K 1212 G
K 504 D
R 1181 P
R 482 U
K 965 A
K 840 A
R 603 V
K 1472 V
K 1114 X
K 1047 P
K 523 V
K 214 V
K 125 A
K 30 G
R 1438 U
K 1257 P
K 379 U
R 1267 X
K 855 P
K 698 U
R 1010 Q
R 487 X
R 439 U
K 1496 P
K 1461 V
K 1385 G
K 1228 A
K 1210 W
K 1168 A
K 1014 D
K 537 V
K 182 V
K 179 X
R 247 U
K 340 R
R 1246 V
R 767 Q
R 584 P
R 308 R
R 202 D
K 767 W
R 1446 W
R 490 P
R 139 W
R 98 W
K 983 A
K 228 P
R 1019 Q
R 165 W
R 159 Q
R 102 A
K 1323 Q
K 296 A
R 1497 G
K 1046 U
R 990 V
K 1286 U
R 1365 A
R 1239 Q
R 1220 G
R 653 X
R 341 V
R 14 X
K 916 U
K 450 P
R 462 A
K 759 D
R 951 G
K 1327 D
R 1489 X
R 1300 D
R 1025 D
R 306 G
R 297 Q
R 213 R
K 1223 G
K 1183 W
K 562 V
K 350 G
K 305 Q
K 285 V
K 50 D
R 1404 W
R 1309 G
R 824 Q
R 689 W
R 150 D
R 146 U
K 1166 R
R 639 P
K 38 U
R 1254 A
K 299 U
R 1153 X
R 762 Q
K 989 D
R 573 R
R 324 D
K 416 R
K 402 A
R 1473 Q
K 1473 W
R 972 X
K 1412 W
K 1344 D
K 1199 D
K 579 X
K 175 P
K 31 W
R 1007 X
R 94 G
K 1409 W
K 1285 Q
R 1459 G
R 640 Q
R 550 P
R 435 W
K 1374 W
K 869 X
K 386 G
K 311 D
R 1469 P
R 957 U
R 295 W
K 1227 W
K 827 X
R 515 G
K 1059 P
K 813 X
R 1062 G
K 1448 R
K 1371 P
K 1309 R
K 829 G
K 339 U
K 160 X
K 127 G
R 1261 A
R 215 A
K 1041 Q
R 484 D
K 1220 U
K 988 A
R 410 W
K 1036 G
K 820 R
K 726 U
K 710 R
K 574 D
K 490 U
K 440 W
K 35 V
R 818 V
R 659 A
R 522 R
R 73 A
K 835 W
R 1466 D
R 833 W
R 392 U
K 1177 W
K 633 D
K 332 X
K 54 R
R 867 R
R 488 W
K 56 U
R 973 A
R 401 A
K 679 U
K 592 A
R 1031 Q
R 848 Q
K 1482 D
K 1435 A
K 1208 Q
K 920 U
R 1250 W
K 1002 Q
R 1449 G
R 934 V
R 634 U
R 71 G
K 998 X
K 459 G
R 1204 R
R 889 P
R 464 G
R 157 U
K 588 X
K 293 R
R 1354 A
R 666 G
R 496 R
K 1154 R
K 1101 R
K 237 D
R 1406 P
R 381 V
K 435 R
R 1312 U
R 1159 R
R 561 D
K 1441 U
K 1054 A
R 567 D
K 1440 U
K 729 D
K 109 D
R 1351 R
K 1094 Q
K 218 U
K 147 X
R 960 R
K 901 R
K 801 W
K 787 R
R 1477 X
R 1378 V
R 773 U
K 857 X
K 280 A
R 1182 Q
K 744 X
K 239 G
R 1302 A
R 1280 P
R 748 D
R 242 G
R 35 U
K 1010 R
R 1313 R
R 575 D
R 67 V
R 57 G
K 368 A
R 1377 A
R 424 V
R 149 P
K 1068 U
K 132 Q
K 121 G
R 627 X
R 389 D
K 1025 P
R 1111 X
K 1347 Q
K 1331 W
K 345 A
R 995 U
R 956 Q
R 869 U
R 844 G
R 570 W
R 456 Q
R 301 U
K 1242 R
K 1191 G
K 1095 P
K 1035 R
K 803 R
K 567 Q
K 520 U
R 806 D
K 1467 D
K 298 G
R 880 W
K 1311 D
K 524 X
R 1375 D
R 1183 X
R 1166 P
R 1138 G
R 623 Q
R 284 U
R 78 G
K 1462 V
K 447 W
R 153 U
R 19 U
K 1443 W
K 717 U
R 1498 V
R 1381 Q
R 1210 U
R 1196 U
R 466 Q
K 713 X
R 1317 W
R 971 R
R 819 W
K 422 U
R 1456 V
R 1436 U
R 870 Q
R 786 V
R 614 R
R 147 G
K 1248 U
K 789 W
K 419 G
R 1002 P
R 805 P
K 1234 V
K 863 W
K 195 X
K 171 W
R 1419 P
R 36 A
K 351 V
R 1428 A
R 1273 D
R 320 R
K 135 G
R 815 Q
R 658 G
K 94 R
R 1384 G
R 1339 D
K 1427 R
K 52 D
K 8 P
R 1116 V
K 326 P
K 180 U
R 1199 W
K 438 R
R 554 A
K 1079 W
R 178 V
K 552 W
R 1458 P
R 485 W
R 387 W
R 116 X
R 86 W
K 1259 Q
K 278 P
K 118 D
R 1198 Q
R 598 R
R 207 U
K 1399 V
K 1235 G
K 1131 P
K 451 P
K 92 P
R 1245 R
R 1236 Q
R 1142 U
R 917 V
R 710 U
R 312 U
R 63 P
K 1319 P
K 900 U
K 741 G
K 51 R
R 609 W
R 39 A
K 1070 U
K 1024 G
R 1133 G
R 459 G
R 431 V
R 228 Q
K 555 A
R 877 X
K 1192 U
K 833 Q
K 636 Q
K 601 D
K 564 D
K 549 G
K 366 Q
R 884 X
K 1349 X
K 794 D
K 629 Q
K 114 X
R 1355 P
R 1203 D
R 1151 V
R 1144 D
R 1057 W
R 491 Q
R 34 G
K 1267 Q
K 1244 U
R 420 X
R 177 Q
K 960 D
R 1414 D
R 1260 P
R 544 D
R 413 P
R 288 D
K 1340 V
K 949 X
K 452 U
K 412 U
R 1112 X
R 405 A
K 650 U
R 950 U
R 120 A
K 485 W
R 952 Q
R 939 P
K 543 X
R 874 X
R 565 D
K 1493 U
K 1377 U
K 980 D
K 795 R
K 382 R
K 200 G
K 75 P
K 21 P
R 924 W
R 557 R
K 968 D
R 1331 D
R 1192 G
K 874 R
R 1147 R
R 847 P
R 504 G
R 377 R
K 1498 G
K 620 V
K 145 P
R 1409 Q
K 862 W
K 93 A
R 95 R
K 1397 U
K 1300 W
K 1048 D
K 525 D
R 1361 V
R 878 A
K 325 G
R 1407 X
R 1322 G
K 124 V
R 1027 A
R 190 V
K 793 V
K 494 Q
K 178 X
R 927 U
R 87 W
K 613 V
K 169 W
R 481 A
K 1486 A
K 1142 Q
K 831 X
K 817 A
K 484 W
R 1272 P
K 558 R
K 472 P
R 1371 V
K 654 V
K 137 P
R 1457 P
R 1314 G
R 1011 P
R 736 X
K 465 V
R 1003 W
K 405 A
R 1156 P
R 690 R
R 643 U
K 1158 A
R 1447 U
R 373 G
K 775 G
K 708 V
R 883 P
K 583 U
R 170 R
K 1379 R
K 1207 D
K 1144 D
K 796 W
R 154 G
K 1358 A
K 1276 G
K 1023 Q
K 257 G
K 72 G
R 1452 G
R 743 Q
K 1382 P
R 645 W
R 285 W
R 80 A
K 967 V
K 757 R
K 689 G
K 110 D
K 89 X
R 1168 U
R 328 P
R 223 V
R 70 U
K 852 D
K 734 P
R 779 D
R 761 V
K 140 X
R 1090 G
K 1428 Q
K 1386 V
K 352 V
R 232 P
K 1271 R
K 1213 P
R 974 P
R 719 X
R 528 R
R 520 U
R 371 G
R 338 R
R 303 R
K 1298 W
K 647 Q
K 641 A
K 274 X
K 107 A
K 19 W
R 644 D
K 1037 A
K 49 D
R 605 W
K 925 Q
R 1495 Q
R 725 D
R 209 X
K 844 G
R 1344 P
R 1321 W
R 519 Q
K 950 R
K 273 W
K 271 V
K 248 W
K 100 A
K 62 R
R 20 G
K 1293 Q
K 1110 V
K 302 R
R 143 X
K 210 A
R 1362 G
K 969 Q
K 673 P
R 1304 R
K 381 V
R 1216 Q
R 727 D
K 674 G
R 1484 V
R 780 R
R 628 Q
R 174 U
K 1355 G
K 1322 V
R 1225 X
R 1032 X
K 602 A
R 1197 R
K 1221 V
K 933 R
K 570 V
K 533 R
K 314 G
R 1078 R
R 890 D
K 1179 P
K 986 X
R 1411 P
R 1294 D
R 92 V
K 198 A
K 103 X
R 266 R
K 951 X
K 330 U
R 447 W
K 1425 Q
K 706 W
K 191 R
R 624 P
K 1350 A
K 1238 Q
K 1217 A
R 1179 X
R 1118 A
R 686 P
R 589 A
R 552 G
K 1151 W
R 535 A
K 1367 G
K 343 A
R 1281 D
R 1004 R
R 602 D
K 1001 G
R 745 Q
R 739 V
R 436 V
K 956 A
K 384 R
K 283 V
K 14 R
R 915 W
R 311 W
K 1337 A
K 1252 D
R 1369 U
R 676 G
R 141 A
K 1239 R
R 427 R
R 248 D
K 1333 D
K 410 A
R 986 A
R 337 R
K 359 R
K 291 A
R 1136 G
K 253 W
K 226 X
R 186 A
K 712 V
R 1128 D
R 444 A
K 1039 X
R 929 R
R 685 R
R 455 V
K 1404 D
K 413 A
R 667 W
K 810 Q
K 301 W
K 146 P
R 852 D
R 793 V
R 252 X
R 49 D
K 398 R
R 949 W
R 838 W
K 1078 W
K 150 G
R 512 Q
R 193 A
K 922 G
R 243 P
R 181 D
K 934 A
K 388 R
K 112 G
R 894 V
K 873 A
K 430 A
R 753 V
R 245 G
K 1407 X
R 1426 X
R 1211 Q
R 506 Q
K 244 U
R 1104 G
R 656 D
R 576 V
K 177 R
R 994 G
R 705 R
K 842 X
K 495 G
R 353 V
K 763 A
K 480 A
R 1347 Q
K 454 V
R 636 A
K 808 V
K 473 U
R 595 G
R 486 P
R 290 Q
K 1063 V
K 411 X
K 385 V
K 267 A
K 34 D
K 16 U
R 1392 W
K 993 D
R 885 P
K 776 U
R 474 X
R 72 A
K 1027 R
K 1016 A
R 505 R
R 189 X
K 603 V
K 600 X
R 1217 Q
K 1277 W
K 249 G
K 223 U
R 1386 D
R 999 Q
R 443 U
K 1246 W
R 1462 W
R 1129 Q
R 896 W
K 981 D
K 721 X
K 91 D
R 300 G
K 530 R
R 1491 Q
R 1364 A
K 1082 V
R 1402 X
K 692 A
K 565 U
K 227 P
R 992 P
R 270 X
K 750 R
K 597 Q
R 1081 W
R 840 D
R 569 Q
K 423 G
K 322 D
R 50 W
K 1304 V
K 670 A
R 445 U
K 1122 U
K 1009 P
R 826 Q
K 628 P
K 88 X
R 1413 W
R 1087 P
K 105 G
K 53 A
R 106 W
K 1018 D
R 523 R
K 443 P
R 498 U
K 1411 P
K 723 V
R 470 G
K 1282 D
R 1091 Q
R 879 D
R 220 D
K 769 Q
K 263 P
R 1376 V
R 489 A
K 1232 G
R 1131 V
K 375 U
R 1500 W
R 1105 V
R 650 D
K 891 Q
R 1190 A
R 1099 W
K 151 G
R 307 D
K 1255 W
K 1240 V
K 403 X
K 154 R
K 96 A
R 1061 U
K 1313 W
K 665 G
K 575 V
R 477 U
K 1294 P
K 893 U
K 213 U
K 22 U
R 2 R
K 1171 Q
R 1161 R
R 1012 V
K 839 G
K 676 X
R 1443 R
K 265 V
K 9 P
R 1444 D
R 368 R
R 184 U
K 317 A
R 700 Q
R 37 X
K 324 Q
K 28 V
R 777 X
R 240 A
K 418 P
R 1184 R
K 12 W
R 1048 U
R 993 X
R 632 U
R 319 D
K 1188 W
R 687 U
K 206 W
R 1486 D
R 1052 W
R 715 G
R 469 W
K 527 A
R 1368 P
R 1013 X
K 81 U
R 1096 G
R 803 W
R 253 G
K 211 V
R 185 X
K 943 R
R 378 A
K 978 X
R 631 W
K 1090 A
K 985 R
K 942 U
K 938 X
K 638 P
K 116 P
R 409 V
K 1341 D
K 360 V
K 76 A
R 145 X
K 1365 Q
R 863 G
K 1495 D
K 1457 A
K 773 U
K 531 X
K 68 G
R 406 P
K 117 Q
R 853 D
R 846 Q
R 594 R
R 96 U
K 1410 D
K 471 Q
K 304 W
K 196 W
R 1435 A
K 1250 R
K 157 A
R 1253 A
R 661 A
R 430 D
K 877 G
K 774 W
K 492 V
R 497 X
K 1356 W
R 101 D
K 1274 W
K 453 P
K 251 A
R 1038 U
K 126 P
R 612 Q
K 1028 W
K 904 A
R 1461 W
R 1195 V
R 785 X
R 606 D
K 1091 A
K 577 W
K 87 D
R 1479 U
R 1094 W
R 12 V
K 308 D
R 1256 P
R 1202 D
R 1101 V
R 1050 P
R 862 X
R 836 D
K 1157 X
K 448 A
K 141 P
R 1445 V
R 1389 Q
R 267 X
R 76 X
K 651 U
R 1243 R
R 249 Q
K 1189 V
K 536 V
K 431 V
K 1 W
R 380 U
K 261 P
K 181 G
R 1214 A
R 988 P
K 1450 D
R 1117 Q
K 1393 G
K 1123 U
R 873 W
K 507 G
K 456 D
R 662 A
K 60 X
R 1403 U
R 1395 G
R 572 X
R 529 X
R 398 R
R 349 G
K 1477 V
K 1303 V
K 1296 A
K 136 X
R 1263 W
R 155 R
K 1475 G
K 864 R
K 811 R
K 421 D
K 155 Q
R 1468 X
K 1290 G
K 762 Q
K 373 A
R 304 V
K 1391 V
K 1042 R
K 622 Q
K 288 P
R 383 U
K 1260 G
R 1162 D
K 47 Q
R 1441 D
R 1130 W
R 1122 G
R 757 A
R 548 W
K 1316 W
K 823 X
R 1039 U
R 479 W
R 437 R
R 221 W
K 1485 Q
R 524 D
K 809 W
K 766 U
K 338 W
R 583 V
K 1317 X
K 1291 V
K 979 D
K 851 P
K 691 D
K 242 A
R 564 U
K 1245 D
R 1271 X
R 1110 R
R 1097 A
R 536 A
R 503 R
K 976 A
K 821 G
K 441 V
K 269 W
R 1040 D
K 328 R
R 998 A
R 832 P
K 1201 Q
K 374 D
R 1106 P
R 4 A
K 1352 P
K 1133 R
K 1051 G
K 963 A
K 897 U
K 129 U
K 104 U
K 101 U
R 1073 W
R 980 V
R 542 P
K 1119 U
R 649 W
R 500 P
K 1424 D
K 1170 X
R 201 V
K 883 X
R 822 D
R 218 U
K 716 G
K 143 G
R 1072 G
R 942 X
R 738 P
R 340 A
R 274 G
R 62 A
K 102 V
R 711 G
R 615 P
K 1194 U
K 498 Q
R 432 X
K 1076 Q
R 1266 G
R 611 G
K 818 Q
K 683 D
R 1264 X
R 933 P
K 1102 U
K 183 Q
R 1390 G
R 1316 R
R 1275 R
R 991 D
R 327 A
K 781 A
K 746 D
K 488 D
K 369 A
R 126 U
K 286 R
R 1478 U
R 1346 Q
R 881 W
R 81 W
K 74 U
K 23 Q
R 1311 A
K 1200 Q
R 1335 V
R 1093 X
R 985 D
R 868 W
K 442 R
R 1115 D
R 800 V
K 947 R
K 354 D
K 27 U
R 1358 G
R 684 D
R 551 X
R 115 V
K 1343 V
K 432 A
K 162 Q
R 1437 D
R 861 A
R 797 P
R 236 D
R 162 P
R 109 A
K 188 G
R 1238 A
R 1206 A
K 1454 W
K 1008 V
R 1043 Q
R 546 A
R 375 U
K 1275 A
K 1115 U
K 216 A
R 1432 X
R 1305 W
R 865 W
R 85 V
K 1013 A
K 460 W
R 90 U
K 576 R
R 59 W
K 807 G
K 199 V
R 856 R
K 739 G
R 68 D
K 680 Q
K 479 D
R 127 G
K 1348 U
K 553 Q
R 789 G
K 1056 U
R 1134 R
R 133 V
K 1089 Q
K 955 G
K 501 X
R 539 R
K 535 A
R 752 U
K 604 X
K 159 A
R 928 X
R 83 D
K 1420 U
R 433 Q
K 1182 Q
K 1092 R
K 513 G
K 55 D
K 42 V
R 222 A
R 77 W
K 755 X
K 624 X
K 316 A
R 1244 U
K 1222 R
R 132 A
K 1360 Q
K 327 X
K 161 W
K 79 G
R 1476 Q
R 1269 X
R 1140 Q
R 613 P
R 593 X
R 370 W
R 317 G
R 246 A
K 1288 D
K 1243 U
K 462 D
R 316 R
R 196 A
R 43 U
K 1408 D
K 1402 V
R 492 G
K 1015 V
K 164 Q
R 911 W
K 1185 P
K 1159 A
K 98 A
R 904 V
R 691 W
R 386 X
K 425 A
R 895 R
R 875 P
R 769 A
R 415 X
R 351 Q
R 230 R
R 224 D
R 88 U
K 1325 Q
K 609 X
R 1018 Q
R 812 P
R 372 P
R 29 A
K 945 P
K 919 X
K 649 R
K 445 D
K 86 Q
R 679 Q
R 38 P
K 1053 V
K 707 R
K 235 D
K 217 G
R 1158 D
R 996 Q
K 1261 Q
K 396 W
R 1278 R
R 441 U
R 352 W
R 313 V
K 1491 G
K 749 V
R 1330 G
R 1282 X
R 1023 D
K 277 Q
K 241 W
R 642 Q
R 61 U
K 914 W
R 834 X
K 1398 D
R 1060 A
R 886 W
R 358 P
K 1417 G
K 783 V
K 90 R
R 1175 P
K 1437 P
K 518 Q
R 1367 X
R 1076 U
R 746 P
K 1458 X
K 582 D
K 295 R
K 236 V
R 1422 P
K 972 P
K 889 U
K 207 A
R 1065 W
K 589 X
R 508 G
K 1474 D
K 923 A
K 201 A
R 1285 R
R 513 V
K 1083 U
R 1470 U
R 981 Q
R 610 V
R 105 R
K 1097 G
R 1157 U
K 469 Q
R 652 G
K 1456 Q
K 1396 X
K 414 U
R 1127 X
R 176 Q
R 152 V
K 170 U
R 1320 V
K 758 W
R 532 R
R 16 W
K 853 G
R 723 G
R 393 W
R 44 W
K 1278 G
K 884 U
K 516 P
K 252 G
R 1098 Q
R 8 Q
K 727 V
K 149 G
R 417 X
K 478 G
R 1077 X
K 390 Q
K 264 G
R 123 W
K 714 Q
K 696 P
K 61 P
R 1209 X
R 681 A
K 587 W
R 30 U
K 1134 W
K 1019 V
K 909 V
R 1095 G
R 948 U
K 819 D
R 114 P
K 420 U
K 371 P
R 926 R
K 276 V
K 230 V
R 1066 D
R 936 V
K 1088 P
R 1015 W
K 1415 X
K 1085 X
K 1045 W
K 982 Q
K 598 U
K 477 Q
R 1482 X
R 69 W
K 1251 U
K 797 X
R 969 P
R 820 P
R 314 W
R 310 U
K 1455 U
K 1029 Q
K 538 D
K 67 W
R 1379 A
K 424 V
R 1373 Q
K 640 Q
K 639 R
K 514 P
R 1465 D
K 699 U
K 635 G
K 560 D
K 557 P
K 508 G
R 851 V
K 594 G
R 1299 P
R 1055 Q
R 1024 U
R 577 V
R 543 P
K 566 W
R 1454 V
K 872 V
K 444 U
K 270 X
R 945 P
R 774 R
K 1314 Q
R 1357 W
R 494 U
K 194 V
R 344 G
K 1167 D
K 45 U
R 1121 V
R 1068 Q
R 901 P
K 1127 R
R 1326 U
R 1063 W
R 600 U
K 1269 U
K 915 U
K 63 P
R 1433 P
R 1067 G
R 471 A
K 561 X
R 158 A
K 1116 P
K 828 A
K 653 G
K 646 A
K 434 D
R 807 Q
K 1107 A
K 1067 A
K 908 D
R 837 V
K 935 Q
R 1336 U
K 791 W
R 1069 Q
K 1328 A
K 1197 D
K 768 R
R 766 Q
K 1476 Q
K 772 D
R 1189 U
R 1187 W
R 693 V
R 633 R
R 507 X
K 1081 D
R 792 D
R 148 P
K 777 X
R 1193 D
R 756 X
R 473 U
R 461 X
K 799 Q
K 65 V
R 1383 V
R 814 X
K 1436 P
K 1108 U
K 771 G
K 720 A
K 122 D
R 188 R
K 499 X
K 250 X
R 716 G
K 1429 W
R 1417 W
R 414 U
R 329 G
K 1375 P
K 1214 U
R 872 X
K 1289 Q
K 912 P
K 559 P
K 209 A
R 1380 G
R 1334 Q
R 1315 U
R 229 R
K 1165 D
K 222 G
K 203 V
R 571 U
K 735 W
R 1410 R
R 425 X
R 411 U
R 227 W
R 210 Q
K 671 V
R 448 A
K 1040 P
K 685 X
R 637 X
R 460 R
R 360 G
R 279 Q
R 10 P
R 7 G
K 1058 P
K 268 V
R 967 U
K 166 V
R 1408 G
R 1372 U
R 608 Q
K 1400 U
K 937 U
K 618 A
K 335 U
K 300 R
K 254 D
R 1287 R
R 811 G
K 1087 V
K 279 G
R 849 Q
K 1478 P
K 1186 R
R 702 X
K 80 P
R 1366 U
R 591 P
K 1152 G
R 963 A
R 724 U
K 1395 G
R 696 X
R 255 G
K 1378 Q
K 896 R
K 711 X
R 438 G
R 302 U
R 167 G
K 238 W
R 1480 R
R 1022 W
R 706 W
K 1431 D
K 1129 R
K 830 U
R 516 V
K 701 W
R 1405 X
K 1195 Q
R 1242 Q
R 1079 P
R 581 U
R 347 D
K 1479 G
K 1373 G
K 1279 W
K 95 V
R 1212 D
R 458 D
K 1499 D
K 740 Q
K 569 X
K 387 D
R 99 V
K 1465 P
K 737 X
K 364 Q
R 1259 P
R 362 Q
K 487 W
K 427 D
K 144 P
R 545 P
R 118 Q
K 290 D
R 1155 Q
K 1438 X
R 1328 Q
R 1255 G
R 558 W
R 18 D
K 705 A
R 1385 G
R 714 A
K 1326 Q
K 1321 D
K 1176 X
K 764 R
K 596 A
R 893 V
R 587 X
K 1389 A
K 885 Q
K 718 Q
K 32 V
R 428 X
K 1120 V
K 331 W
K 197 U
R 741 P
K 1335 R
K 1146 P
R 708 U
K 882 V
K 847 A
R 1400 D
R 1049 W
K 1460 U
K 697 X
K 581 W
R 1353 W
R 1088 X
R 3 X
K 677 X
K 446 P
R 1178 G
K 837 V
R 647 W
K 1421 U
R 54 P
K 806 X
R 82 P
K 1103 V
K 815 P
K 355 P
R 892 U
K 1364 R
K 99 X
R 1488 A
R 1434 V
R 823 Q
R 617 D
R 122 G
K 1049 X
R 1363 X
R 1080 D
R 630 D
K 221 U
R 670 A
K 637 A
K 500 U
K 85 U
R 172 U
R 26 D
K 1414 V
K 760 Q
R 1086 V
R 688 W
R 391 A
K 1268 D
K 394 U
R 254 G
R 197 R
R 164 D
K 404 X
K 256 R
R 217 P
K 1376 A
K 970 A
R 932 G
K 1072 P
K 924 A
K 46 U
R 580 A
R 322 G
K 1390 U
R 1401 G
R 770 A
R 28 A
K 186 Q
R 399 G
K 1307 G
K 400 V
K 319 V
R 1082 R
R 333 G
K 860 V
K 753 Q
R 429 R
K 1106 X
R 384 W
R 342 P
K 1310 X
R 1288 V
R 616 P
K 167 P
K 130 U
R 850 A
K 1265 W
K 1237 R
K 1086 U
K 994 W
K 284 A
K 234 A
K 215 V
R 454 X
K 941 X
K 709 P
K 546 A
K 148 U
R 888 G
R 866 P
K 131 D
R 704 G
K 506 U
R 1485 W
R 749 R
R 697 W
R 511 A
R 268 X
K 307 V
R 1262 U
R 677 V
K 481 X
R 412 Q
K 770 X
K 664 V
K 174 X
K 44 P
R 1398 Q
R 717 D
K 511 A
R 699 G
K 1280 D
R 1318 G
K 522 V
R 1442 U
R 1248 D
R 920 G
R 321 W
R 6 V
K 954 R
K 457 U
K 378 D
K 108 X
R 1046 V
R 264 U
K 1030 Q
R 1424 A
R 1125 R
K 996 V
R 1051 X
R 1026 U
K 43 G
R 1295 X
R 641 A
K 1229 V
R 1416 V
R 1114 D
R 1035 G
R 731 Q
R 729 P
R 187 P
K 58 R
R 1237 V
R 235 U
K 528 X
K 334 A
R 219 V
K 1174 V
K 1160 V
K 974 R
R 1483 U
R 790 R
K 128 X
R 1499 V
K 1150 R
R 1149 Q
K 751 U
K 303 D
R 1041 A
K 1330 A
K 845 V
K 826 W
K 802 A
R 283 P
K 631 R
R 434 Q
K 1156 D
K 493 P
K 260 U
R 579 R
K 1032 R
K 571 P
R 1274 X
K 615 Q
R 1487 P
K 765 U
K 401 X
R 294 W
K 822 R
R 1421 X
R 914 U
K 849 P
R 1231 P
R 744 A
R 701 Q
R 137 V
K 906 A
K 902 Q
K 259 P
R 692 D
R 493 X
K 489 G
R 931 W
K 733 A
K 357 D
K 231 W
R 1227 G
R 568 U
K 1439 X
K 930 D
R 1232 V
R 910 P
K 1351 D
K 1169 V
K 1062 D
K 913 Q
K 246 P
K 57 X
R 975 W
R 674 G
K 1187 A
K 37 W
R 946 D
K 1162 D
K 377 V
R 1427 V
R 1235 P
R 198 V
K 1096 R
R 1292 W
R 140 R
R 31 P
K 529 A
R 108 P
K 1141 D
R 1165 U
R 977 A
R 607 P
K 275 Q
R 1191 U
R 765 R
R 416 Q
K 1287 G
R 1291 A
K 1125 D
K 661 A
K 540 U
R 663 P
K 1416 V
R 1170 A
R 827 G
R 32 X
K 526 P
R 1460 P
R 1188 D
R 795 Q
K 1057 X
R 1464 P
R 533 Q
K 1403 V
K 1306 R
R 1194 X
R 1089 P
R 750 D
R 734 D
R 518 Q
R 501 R
R 257 D
K 1031 Q
K 867 U
K 719 U
K 318 R
R 709 G
K 1459 G
K 1297 P
K 747 X
K 106 V
R 1092 W
R 965 W
K 894 G
K 391 W
R 1283 R
R 509 V
R 453 D
R 180 G
R 9 P
K 544 A
R 1455 R
K 1468 A
K 83 P
R 291 X
R 260 W
R 24 U
K 1204 D
K 1193 U
K 917 U
K 372 D
R 1481 A
K 1263 A
K 429 R
K 376 A
R 1008 W
R 1001 R
R 855 W
R 845 P
K 510 U
R 1016 A
R 655 R
R 91 R
K 1444 X
R 912 V
K 953 Q
R 913 W
R 783 V
R 171 Q
K 347 D
R 1205 P
R 1058 X
R 408 X
R 400 U
R 179 D
K 1312 R
R 864 D
R 553 P
R 385 P
R 112 R
R 15 D
K 1060 R
K 825 G
K 515 W
K 496 G
K 491 X
K 212 Q
R 922 V
R 857 G
K 761 U
R 1277 X
R 955 P
K 1464 R
R 275 Q
R 200 A
K 865 D
R 1059 V
R 938 Q
K 630 G
R 292 A
K 321 P
K 119 X
R 1472 D
R 161 A
K 323 R
R 1083 D
K 1419 V
K 1281 D
K 634 D
K 463 U
K 363 X
R 1221 R
R 175 U
K 1380 Q
R 1226 V
K 1406 V
K 658 G
R 1030 U
R 525 D
R 163 V
K 1075 A
R 1307 P
R 970 A
K 204 Q
R 1418 U
R 238 P
R 160 P
K 1388 Q
K 926 Q
K 310 R
R 1393 U
R 475 Q
K 911 U
K 725 V
K 672 R
K 409 W
K 306 V
K 18 Q
R 1150 X
K 1433 D
R 277 W
K 1215 A
R 280 D
K 784 A
R 298 D
K 1128 R
R 944 D
K 1500 X
R 1120 G
K 681 A
R 1208 W
K 1480 W
K 426 W
K 349 P
K 82 W
R 876 G
R 211 X
K 1266 D
R 1325 W
R 541 P
R 45 G
K 971 G
K 297 G
K 281 U
R 60 V
K 1423 A
K 605 A
K 356 X
R 958 R
R 816 Q
R 261 D
K 627 X
R 136 W
R 27 G
K 931 W
K 879 G
R 1453 R
K 590 W
R 919 V
K 1442 Q
R 1056 X
K 878 A
K 655 Q
R 1020 R
R 758 V
R 65 W
K 258 Q
R 871 Q
R 191 Q
R 103 W
K 1430 W
K 1253 W
K 940 R
K 467 Q
K 189 V
R 299 U
K 991 R
K 348 A
K 97 P
R 989 U
K 1434 R
K 644 Q
K 545 U
K 315 X
K 13 P
R 620 R
R 130 Q
K 892 V
K 362 V
R 562 U
R 182 D
K 474 V
R 635 V
R 388 G
K 1359 A
R 882 U
R 737 P
K 172 V
R 1350 W
K 309 A
R 1303 P
R 754 A
K 1405 U
K 142 G
R 730 A
K 730 D
K 111 R
R 465 D
R 58 W
K 503 W
K 380 D
K 29 A
R 1360 P
R 286 V
R 33 Q
K 1413 A
R 1107 W
R 1029 U
K 1366 D
K 888 Q
K 880 P
K 656 P
K 313 G
K 25 R
R 1000 A
K 1219 V
K 1153 A
K 294 P
R 839 W
R 296 G
R 124 D
K 870 G
K 17 X
R 1352 V
K 519 P
R 1201 R
R 1084 A
R 626 R
K 190 U
R 828 W
R 771 U
R 131 U
K 1492 A
R 1268 V
R 747 U
R 366 Q
R 278 V
K 329 R
K 192 D
K 123 G
R 1174 V
R 908 U
K 1445 D
R 796 P
K 1111 V
R 323 W
K 393 Q
R 1343 P
R 1257 G
R 916 R
K 572 V
K 113 W
R 722 X
R 713 R
K 1256 W
K 1190 U
K 743 P
K 550 A
K 337 P
K 138 V
R 1213 D
R 660 X
R 588 R
K 344 G
R 1270 G
R 1054 V
R 339 G
K 1363 W
K 365 V
R 1176 R
R 1113 P
K 1206 G
K 952 A
R 452 Q
R 345 G
K 1233 A
R 959 X
K 1180 U
R 1186 X
K 497 G
R 578 A
R 194 P
K 1262 V
K 1226 U
K 866 Q
K 437 U
K 33 P
R 1345 R
R 976 W
R 651 W
R 41 G
K 1449 D
K 1318 A
K 341 R
R 935 A
R 192 G
K 754 X
R 1306 X
R 1021 Q
R 348 V
R 135 X
R 23 X
K 399 A
R 1370 U
K 1130 D
R 829 D
R 732 G
R 47 G
K 1463 W
K 1264 U
K 1132 G
K 1117 G
K 871 A
K 843 W
K 745 Q
K 428 Q
K 48 A
R 618 P
R 566 D
R 225 Q
K 1354 X
K 686 R
R 1397 Q
K 287 W
R 21 G
K 1218 V
R 84 X
K 1490 D
R 1494 X
R 665 W
K 1446 Q
K 663 X
K 292 D
R 1467 P
R 1222 G
R 808 D
R 776 U
R 397 V
R 204 R
R 51 X
K 187 A
R 751 Q
R 698 A
R 559 V
K 648 W
R 1298 P
R 1017 X
R 694 U
K 64 A
R 402 G
K 521 Q
R 325 D
K 742 V
K 702 Q
R 799 D
R 451 Q
K 476 X
R 825 V
K 652 R
R 1160 P
K 932 G
K 834 A
K 607 U
K 395 V
K 152 X
R 1308 W
R 831 A
R 334 X
K 1329 X
K 184 U
K 2 W
R 1332 W
R 1297 D
R 1053 W
R 604 A
R 601 U
R 226 U
K 1148 V
K 1113 R
R 305 P
K 224 Q
R 817 R
R 794 Q
R 586 A
K 1181 V
K 992 X
R 707 V
R 574 R
K 578 A
R 265 A
R 42 R
K 921 U
R 859 Q
K 779 A
R 13 X
K 858 Q
K 798 X
K 502 Q
R 764 D
K 695 W
R 669 U
K 1370 U
K 69 R
R 1425 U
R 156 G
K 542 R
K 461 D
R 1047 Q
R 111 D
K 1484 A
R 961 U
R 556 A
K 1105 V
R 1229 G
R 625 R
R 446 X
K 1361 P
K 854 R
K 470 X
K 367 D
K 77 G
R 1034 A
K 1292 R
R 1132 V
K 724 X
R 953 V
R 495 X
K 229 R
R 379 D
K 39 U
R 1496 V
R 1180 G
R 514 U
K 623 R
R 1387 P
R 472 P
K 1069 D
R 1394 R
R 1123 P
R 1045 W
R 166 U
K 898 A
K 738 D
K 193 A
R 1337 R
R 673 R
K 1164 Q
K 642 R
K 433 G
R 791 A
K 780 W
R 1219 U
K 1487 G
R 742 X
R 421 P
K 1118 P
K 468 Q
R 1286 R
R 1251 X
R 1074 A
R 887 U
R 537 P
R 281 V
R 276 W
R 129 P
K 632 D
K 606 V
K 593 Q
K 41 R
R 1423 V
R 117 D
K 36 Q
R 810 R
R 787 V
K 1305 U
R 905 X
K 1149 V
R 1324 R
R 1289 R
K 1093 W
K 1026 V
K 185 V
R 25 D
K 84 P
R 1448 X
K 786 U
K 657 Q
R 858 R
R 530 A
R 205 R
R 5 D
K 617 P
K 591 X
R 781 P
R 526 W
R 467 U
K 1064 U
K 1020 Q
K 944 X
K 848 X
K 397 P
R 1388 V
R 671 G
K 1332 W
K 1100 X
K 905 A
K 732 D
K 266 U
R 860 R
R 585 G
K 1184 Q
R 664 V
K 1466 G
K 832 P
K 66 A
R 1249 W
R 925 U
R 678 U
R 346 U
R 289 X
K 1372 R
K 1145 D
R 798 W
R 538 V
R 239 X
R 11 Q
K 946 P
R 1382 P
R 250 A
K 1301 P
K 975 P
K 722 G
K 645 G
K 580 R
K 219 P
K 176 G
K 5 D
R 1240 R
R 1169 Q
R 813 P
K 814 P
K 554 W
R 1415 Q
K 1065 W
K 987 G
K 805 G
K 728 D
K 11 U
R 1173 V
R 772 G
R 760 G
R 675 X
R 203 A
K 1224 U
R 168 W
K 1021 D
K 903 U
K 289 Q
R 835 P
R 418 A
R 390 Q
R 144 Q
K 1143 U
K 1084 A
K 336 Q
R 721 G
K 1034 U
K 1011 P
K 208 U
R 450 R
K 153 R
K 6 G
R 1475 U
R 1146 G
R 1037 R
R 374 R
K 928 W
K 482 W
R 263 D
K 320 W
R 1145 U
R 947 X
K 455 P
R 287 W
K 804 Q
R 332 D
K 704 Q
R 1463 U
R 1359 D
R 1109 Q
R 735 R
R 463 A
R 56 D
K 233 P
R 364 P
R 53 P
R 1 G
K 517 W
R 1071 V
K 626 P
K 568 R
R 937 Q
K 1489 Q
K 1392 G
K 1368 P
K 1196 R
K 1163 U
K 1161 X
K 927 Q
R 1492 A
K 573 X
K 547 Q
K 389 D
R 907 R
K 899 R
K 282 D
R 830 P
K 1205 A
K 370 X
R 909 D
R 733 R
K 586 G
K 173 Q
R 1247 Q
R 755 G
K 1172 U
R 759 U
R 703 W
K 548 X
R 1044 P
R 842 G
R 531 D
R 309 U
R 216 P
K 1247 X
R 802 R
R 40 X
K 748 W
K 407 X
R 502 P
K 1231 P
K 73 U
R 1233 Q
R 668 Q
K 1336 G
K 541 Q
R 1172 R
R 1164 A
R 841 Q
R 683 D
K 682 U
R 1439 U
R 195 D
R 97 Q
K 841 R
R 968 R
