2814
K 1397 D
K 987 E
K 872 G
K 548 E
K 447 H
R 730 U
K 1182 O
K 823 G
K 551 J
K 149 Q
K 97 Z
R 1312 J
R 808 D
R 678 N
R 239 D
K 1375 G
R 1112 H
K 561 G
R 326 G
R 139 Z
K 566 E
R 335 Z
K 313 R
R 811 R
R 391 G
R 224 Z
R 74 H
R 43 N
K 99 U
K 12 J
R 1089 H
R 683 J
K 350 Z
R 1319 Q
R 1123 O
R 1119 G
K 949 N
R 1300 Q
R 358 H
K 327 O
R 647 J
K 974 R
K 815 N
R 925 O
R 127 J
K 1255 J
K 904 Z
R 1261 H
R 729 U
K 1150 J
K 805 J
K 672 O
K 166 N
R 1122 G
R 1087 J
R 541 Z
K 1448 H
K 1210 R
K 24 H
R 1255 J
R 1090 H
K 1321 N
K 344 E
R 1289 D
R 1162 N
R 244 R
K 1346 J
R 651 R
R 132 Q
K 941 G
K 747 G
R 1306 G
R 500 E
R 247 R
K 1181 D
K 1018 U
K 697 Q
K 420 R
K 341 Q
R 840 O
K 1490 G
K 114 O
R 894 Q
R 638 Z
K 488 Q
K 4 G
R 1265 R
R 254 O
K 1449 E
R 1291 R
R 836 O
R 309 N
R 294 E
K 191 U
R 1274 O
R 1171 R
R 243 G
K 1155 J
R 1042 D
R 998 Z
K 1257 U
K 1197 Z
K 995 G
K 902 D
K 501 E
K 198 Q
R 1202 J
R 1197 Z
R 825 Z
R 636 D
R 475 Z
K 1476 D
K 1433 Q
K 1085 Q
R 124 U
K 623 Z
K 321 U
R 882 Z
R 753 H
R 742 D
R 602 D
R 360 Q
R 220 N
K 1020 N
K 893 H
K 821 R
K 726 D
K 649 R
R 1180 J
R 910 H
R 766 H
K 212 H
K 27 G
R 941 O
R 853 R
R 728 J
R 665 D
R 502 H
R 490 Z
K 1175 Q
R 1075 N
K 126 Z
R 936 O
K 733 U
K 398 Z
R 1113 R
K 560 G
R 795 G
R 693 G
R 187 H
K 1315 U
K 1165 R
K 1047 Q
K 990 N
K 798 G
R 410 H
K 1003 U
K 978 Z
R 408 R
R 399 Z
K 1266 H
R 1280 Q
R 1270 H
R 73 Q
K 200 Z
R 39 R
K 1127 N
K 1117 U
K 607 D
K 481 N
K 2 Q
R 999 E
R 905 Z
K 664 J
R 1104 Z
R 855 Q
K 1164 R
K 770 J
K 723 J
K 487 R
K 201 Z
R 593 R
R 198 J
K 1371 G
K 1091 N
K 859 R
R 1026 H
R 61 E
K 312 O
R 1061 H
R 943 D
K 1224 J
R 1016 J
R 347 H
K 1226 O
R 1227 Z
R 1204 H
R 1002 H
R 516 E
K 1286 U
K 389 R
R 1308 O
R 307 H
R 300 R
K 1147 O
K 616 R
R 1116 G
R 1010 Z
R 954 R
K 1237 Q
K 336 R
R 44 Z
K 681 Q
R 622 O
K 654 H
R 680 Z
R 624 Q
K 870 G
K 746 H
K 574 Z
R 1212 R
R 542 E
R 19 N
K 1440 U
K 848 Q
K 127 G
R 298 H
K 1017 O
K 48 R
R 375 J
K 1178 Z
K 557 Z
K 363 G
R 817 D
K 142 H
R 511 U
K 1158 Z
R 1237 Z
R 875 G
R 695 N
R 314 E
R 123 U
R 56 D
K 373 O
R 523 G
R 194 O
R 135 N
K 1079 O
K 934 D
K 933 Z
K 827 R
K 804 Z
K 317 Q
K 243 Z
K 237 H
R 1264 N
K 1372 U
K 286 Z
R 1252 D
R 963 D
R 193 N
K 1327 U
K 788 R
K 565 D
K 29 Q
R 1207 Z
R 1115 E
R 12 D
K 1011 R
R 886 R
R 604 Z
R 343 Z
R 312 R
K 179 U
R 881 U
R 265 Z
K 781 Q
R 1034 H
R 48 R
K 687 Q
R 1124 E
R 754 Q
R 98 Q
K 460 H
R 1151 U
R 670 O
R 76 Z
K 230 G
R 1096 Z
R 626 G
K 1209 H
R 1168 R
R 994 Z
R 740 R
R 566 D
R 487 Q
R 357 J
K 1302 H
K 1296 H
K 226 H
R 890 Z
K 546 R
R 985 H
R 789 J
R 524 E
R 380 Z
K 1053 U
R 705 D
R 398 U
R 85 U
K 377 R
R 421 O
R 237 R
K 1099 G
K 47 G
R 701 E
R 397 R
K 1057 J
K 846 O
K 458 D
R 554 Q
K 1417 U
K 818 U
K 91 O
R 396 N
R 158 D
K 1122 D
K 46 H
R 395 J
R 17 Q
K 1173 H
R 656 H
R 609 N
K 26 R
R 495 Z
K 311 R
R 575 U
K 808 D
K 366 H
K 81 R
R 269 Z
K 1400 G
K 1006 Z
K 835 E
K 511 H
K 480 N
K 304 N
K 197 J
K 161 O
R 252 R
R 101 E
K 1432 J
R 236 O
K 1033 G
K 700 H
K 590 U
K 400 O
R 301 J
K 1424 J
K 196 O
R 1249 N
R 152 G
K 981 U
R 914 U
R 893 G
R 214 O
R 210 O
K 1333 E
R 215 O
R 188 R
K 141 U
R 1106 R
R 331 R
K 17 J
R 1109 Z
R 804 J
R 482 Z
R 108 D
K 1389 O
K 365 J
R 1281 Z
K 1258 D
K 1227 Z
R 597 U
K 785 O
R 1246 D
R 1222 U
R 1192 J
R 694 G
R 474 R
R 297 U
K 406 N
K 144 U
R 561 E
K 642 U
R 1081 O
R 717 H
R 385 G
K 989 Z
K 434 H
R 1245 H
R 1024 E
K 683 Q
R 505 U
R 182 J
R 110 Z
K 112 Q
R 993 U
R 664 E
R 558 E
K 1437 Z
K 90 G
R 816 U
R 138 J
K 1141 E
R 801 J
R 327 D
R 288 E
K 431 R
R 441 J
R 413 U
R 153 G
K 1456 H
R 1111 H
R 878 R
R 637 G
R 384 G
R 232 J
K 1355 Z
K 1283 U
K 405 E
K 298 Z
K 214 D
R 743 R
K 1472 H
K 1095 O
K 443 U
K 213 O
R 621 J
R 229 J
K 1250 U
R 930 N
K 1249 D
K 258 O
K 45 H
R 1243 H
R 1080 R
K 1048 U
K 1013 E
R 1223 R
R 1213 H
R 337 D
R 202 E
R 115 N
K 1246 Q
K 489 E
K 206 O
R 983 G
K 1438 R
K 279 J
R 944 N
R 896 U
R 548 Z
R 191 E
K 605 G
R 291 J
K 1322 R
K 886 H
R 723 E
K 1084 J
K 881 R
K 587 H
R 1170 R
R 1091 N
R 700 U
R 419 U
R 11 G
K 1056 E
K 1051 O
K 983 G
K 952 J
K 912 H
K 576 N
K 277 E
K 123 R
R 768 Q
K 998 G
K 96 Q
R 556 O
R 547 Q
K 1482 G
K 1316 Q
R 628 D
R 59 N
K 1368 Z
R 979 G
R 605 U
R 592 O
R 55 R
K 1367 J
K 1310 O
K 1093 E
K 871 R
K 461 R
R 1206 N
R 653 Q
R 453 O
R 388 Q
R 184 R
K 1348 Z
K 1254 O
R 835 N
R 454 J
K 831 E
R 1159 O
R 709 Z
R 125 J
K 1248 J
K 1040 G
K 635 G
R 1231 E
R 978 G
R 880 O
K 877 Q
R 777 Q
R 586 Z
R 557 N
K 799 H
K 402 G
R 349 N
K 1428 R
R 909 R
R 459 O
K 1450 O
K 1062 N
K 708 U
K 445 Z
R 951 R
K 1477 N
K 1304 R
R 872 Z
R 571 N
R 420 E
R 200 E
K 1380 O
K 1041 H
K 510 Z
R 578 O
R 515 H
R 376 E
R 334 Q
R 241 Z
R 27 R
K 1289 D
K 177 N
R 1263 J
R 1023 O
R 362 O
K 976 H
R 1152 G
R 1021 H
R 330 N
K 1328 J
K 334 H
R 907 N
R 888 Q
R 185 G
K 1159 J
R 510 H
R 3 D
K 1353 R
R 283 E
K 59 R
R 1027 Z
R 782 N
R 771 D
R 529 R
R 365 N
R 156 O
K 1364 D
K 479 D
K 299 H
R 686 O
K 999 Q
K 558 N
K 376 O
R 107 Z
K 415 U
R 207 Z
R 23 U
K 860 N
K 426 D
K 103 G
K 82 R
R 230 Q
K 1125 G
K 807 D
K 584 N
R 1029 U
R 95 U
K 1151 H
K 170 O
R 958 Z
R 942 E
R 174 N
K 916 U
K 863 H
K 719 R
R 1157 J
R 406 N
K 134 R
R 1020 Z
R 924 G
R 589 D
K 663 J
K 104 O
R 1189 H
R 480 J
K 1030 E
K 741 E
R 80 H
K 588 Z
K 468 N
R 975 O
R 157 O
K 216 N
R 535 G
K 918 Q
K 403 U
R 1275 G
K 631 J
R 711 O
R 447 N
K 966 R
R 989 J
K 1305 U
K 541 H
R 72 J
K 1152 E
R 931 N
R 854 J
K 680 G
R 506 J
K 1162 U
K 20 E
R 823 Z
K 464 J
R 1184 H
R 572 E
R 570 E
K 759 Z
R 496 R
K 946 D
K 841 Q
K 703 J
K 369 N
R 137 E
K 1121 O
R 822 J
K 677 N
R 517 G
R 470 G
K 1145 U
K 1044 U
K 852 D
R 1298 H
K 853 R
R 1181 E
R 838 D
K 379 Z
R 758 U
K 1070 Q
K 1059 R
K 828 Q
R 66 H
K 432 N
R 407 J
K 53 N
R 797 O
R 741 Z
R 225 Q
K 1035 D
R 1132 E
R 1127 Z
R 522 D
K 227 R
R 160 J
K 533 E
R 1084 Z
R 786 Z
K 1408 U
K 1050 Z
K 453 Z
K 203 O
R 1294 U
R 456 R
K 113 G
R 698 Z
K 1022 N
K 688 G
K 409 Z
R 1056 D
K 694 Z
K 263 Q
K 165 G
K 108 J
R 1069 D
K 1308 U
K 1154 R
K 1105 Z
K 658 D
R 42 N
K 715 N
K 280 O
R 625 J
K 1116 N
K 709 D
K 466 G
K 239 Z
R 780 O
R 583 O
K 954 H
K 272 O
K 167 H
R 1187 R
K 1131 E
K 959 J
K 811 R
K 602 J
K 485 R
K 314 N
R 204 D
K 199 N
R 841 J
K 1463 D
K 1369 U
K 705 H
K 622 U
R 810 J
K 862 H
K 793 R
K 618 D
K 23 J
R 1082 U
R 799 J
K 353 D
R 708 R
R 543 D
R 466 N
K 282 E
K 178 U
R 1019 D
R 368 H
R 324 D
K 1034 R
R 1051 O
K 1007 N
K 241 N
K 222 O
R 340 U
R 154 U
K 1343 G
K 421 R
K 401 U
R 1043 R
R 879 H
K 1366 H
K 278 R
K 52 R
R 641 E
K 87 U
R 1211 G
R 1099 U
R 166 N
K 792 R
R 1199 H
K 892 O
K 690 U
R 422 H
K 1469 E
K 1352 U
K 1136 H
R 685 Q
K 962 Q
K 264 N
R 679 U
R 676 D
K 494 J
K 385 D
R 921 Q
K 903 H
K 404 J
R 1007 G
K 1217 D
K 678 O
R 348 U
K 982 H
K 731 G
K 135 O
K 38 R
R 873 U
R 536 H
K 1334 Q
K 154 G
R 868 D
K 1385 G
K 559 U
K 190 N
K 6 G
R 950 H
R 417 U
K 1270 N
K 960 Z
R 1224 E
R 415 J
K 1394 J
K 1126 D
K 979 U
K 399 O
R 820 Z
R 560 N
K 1452 U
K 1365 G
K 722 D
K 64 H
R 569 R
K 956 J
R 393 Z
R 116 Z
K 1215 U
K 1172 R
R 974 Z
K 1454 N
K 519 H
R 672 U
K 591 E
R 773 O
K 467 Z
R 104 Q
K 1216 Z
R 721 Z
R 645 N
K 756 D
K 275 O
R 1260 N
K 1230 D
K 1170 J
K 633 O
K 247 O
K 217 N
R 508 O
R 318 Z
R 216 O
K 1485 J
R 5 O
K 1065 D
K 211 H
R 1118 Z
R 616 Q
R 381 J
R 351 J
R 266 J
R 169 U
K 1277 D
K 40 G
R 738 Q
R 320 D
K 977 O
R 902 G
R 699 U
K 1386 O
K 883 O
K 833 R
K 111 J
R 772 Z
R 712 U
K 1373 H
K 644 Q
K 502 N
R 687 H
R 559 G
K 1235 U
R 870 Q
R 681 J
K 628 Z
R 824 U
K 1443 Q
K 1194 J
K 1106 N
K 1098 H
K 880 Q
K 749 H
R 764 U
R 87 Q
K 889 D
K 740 Z
R 623 G
K 762 J
K 673 G
K 22 Z
R 949 D
K 1285 N
K 1212 Q
K 581 D
R 1134 H
R 895 Q
K 1484 R
K 563 G
K 449 O
K 169 D
R 1235 Z
R 449 E
K 1445 Q
R 1064 Q
R 883 J
R 614 Q
R 164 Q
K 1388 D
K 1272 G
K 1073 R
K 727 G
K 617 D
K 193 G
K 124 O
K 100 N
K 98 Z
R 1146 E
R 749 G
K 1488 J
K 1332 H
K 1240 D
K 712 R
K 568 H
K 394 Q
R 90 N
K 1135 R
K 1103 G
K 718 G
K 621 J
K 380 N
K 345 U
R 1285 Z
K 913 O
K 813 G
K 390 H
K 322 U
K 219 Z
R 462 J
K 660 Q
K 300 J
R 323 D
R 171 Q
K 1294 R
K 50 E
R 617 D
K 917 G
R 1163 Z
R 455 D
K 657 R
R 36 D
K 121 Z
R 892 H
K 1425 H
K 1391 H
K 1081 N
K 1005 H
K 965 D
K 922 H
K 613 U
K 288 U
K 185 Q
K 115 O
R 488 Q
R 78 O
K 947 U
K 268 U
K 261 D
K 118 Q
R 1236 D
R 1175 O
R 606 Z
R 596 E
R 489 Q
K 1429 R
R 775 D
K 107 R
R 1309 D
R 1071 Z
R 969 Q
R 776 D
R 336 E
K 1311 J
K 743 D
R 1234 Z
R 429 R
R 277 H
R 130 G
K 1019 J
K 645 O
R 1107 N
R 920 G
R 917 D
K 1166 R
K 532 Z
R 911 G
K 1196 G
K 1000 H
K 310 G
R 845 Q
K 326 R
K 147 Q
R 839 N
R 468 N
R 366 E
R 121 J
K 1004 U
K 204 U
R 1108 H
K 1055 D
R 858 R
R 692 D
R 603 R
R 428 J
K 1441 N
R 973 U
K 650 J
R 970 Q
R 504 H
K 1268 Q
K 1082 R
K 885 U
K 791 E
R 719 N
K 844 J
R 918 G
R 117 Q
K 220 J
R 779 E
R 325 J
R 209 D
K 305 G
R 581 Q
R 555 H
R 86 G
R 81 E
K 429 N
R 1165 Q
K 1153 U
K 662 E
R 1063 E
R 484 O
K 849 G
K 783 Q
K 757 Q
K 671 G
K 589 R
K 386 J
K 194 Z
K 182 E
R 1105 O
R 704 Q
K 753 Z
R 945 N
K 1118 G
K 704 Q
R 1093 Z
K 1439 E
K 669 N
K 570 E
K 378 E
R 537 D
K 1446 U
K 1203 H
R 1154 N
K 689 N
K 162 U
R 1266 U
R 669 G
R 654 G
R 619 H
R 260 H
K 514 Q
R 1217 R
R 94 Q
R 8 Z
K 505 G
R 948 R
R 598 E
K 1329 R
K 364 G
R 1015 G
R 549 R
R 14 U
K 484 E
K 5 D
R 1226 G
R 1182 E
R 861 D
R 833 D
R 359 H
R 262 Q
K 1287 Z
R 1161 H
R 737 U
R 401 Q
R 84 Q
K 639 J
R 143 G
K 1444 G
K 1223 D
K 980 G
K 522 Z
K 270 D
R 1066 N
K 717 U
R 1220 O
K 1459 D
K 1171 G
R 982 J
R 733 J
K 942 N
K 825 Q
K 655 E
K 354 U
K 122 O
R 1238 O
R 1098 H
R 898 D
R 644 O
R 134 J
R 2 O
K 1109 Z
R 519 H
R 268 Z
K 476 J
K 138 D
R 486 R
K 450 D
K 173 Q
R 47 E
K 1404 E
K 499 R
R 843 G
K 624 Q
R 988 Q
R 630 Q
R 567 N
R 498 O
R 79 N
K 1023 N
K 30 U
R 1077 Q
K 139 G
R 1052 E
R 897 D
R 363 U
R 21 R
K 611 Z
K 15 Z
R 702 U
R 472 O
K 521 R
K 171 J
R 867 R
R 292 N
K 930 D
R 778 Z
K 1280 Z
K 1110 G
R 1322 D
R 1057 N
R 172 N
K 1491 Z
K 910 U
R 494 E
K 283 D
R 927 J
R 734 J
R 29 J
R 13 H
K 71 O
R 640 J
K 924 G
K 554 Z
R 667 R
K 1138 J
K 412 R
R 1036 N
R 937 Q
R 922 E
K 884 Z
K 874 D
K 384 G
K 293 O
K 249 Q
K 80 G
R 1271 E
K 1279 E
K 847 E
K 19 G
R 212 D
K 303 E
R 739 H
K 1080 R
R 1272 U
R 1186 J
R 525 Z
R 450 Q
R 446 U
K 1214 Q
K 738 R
K 89 R
R 1000 J
K 1331 H
R 1205 E
K 619 U
R 177 J
R 45 U
K 1211 Q
R 285 G
K 868 E
R 538 E
R 339 E
R 31 G
K 1184 J
R 1176 E
R 295 H
K 315 D
R 306 U
K 730 N
K 255 Q
R 996 H
R 747 N
K 1324 Q
K 790 G
K 638 O
K 195 N
R 745 D
K 503 J
K 11 O
R 302 U
K 1347 D
K 1049 Z
K 716 N
K 391 D
R 757 Q
R 642 N
R 276 Q
K 1074 Q
K 784 D
K 342 R
R 1190 Z
K 1206 J
R 64 Q
K 973 H
R 1009 R
R 752 Z
K 478 E
R 234 D
K 346 Q
R 1218 N
R 851 U
R 689 R
R 469 O
R 9 R
K 66 Q
R 767 Q
R 544 G
R 41 G
K 1028 U
K 810 G
R 643 G
R 315 D
K 233 J
R 933 O
K 809 N
K 31 J
R 1140 R
K 1413 R
K 932 E
K 539 G
K 333 G
K 143 Z
K 7 R
R 724 O
K 1351 R
K 834 Q
R 1139 J
R 675 Z
R 540 G
R 282 D
K 1306 E
K 1213 N
K 1191 D
K 972 G
K 550 G
K 130 Q
K 25 D
R 648 G
R 463 N
K 1086 D
R 916 U
R 652 Q
K 1325 N
K 425 Q
K 274 E
R 1179 D
R 871 Q
R 1 U
K 787 Z
R 1135 Q
K 1241 E
R 627 J
R 296 R
K 1291 U
K 1290 R
K 1092 R
K 530 H
R 1228 Z
K 1457 H
K 67 E
R 1209 R
R 960 R
R 584 D
R 279 R
K 1423 G
K 1292 E
K 1146 E
K 816 H
R 51 Q
K 1282 G
K 446 D
K 411 D
R 763 O
R 726 J
R 316 Z
K 1350 G
K 352 U
R 1288 G
R 404 Q
K 306 Q
K 68 R
R 68 E
K 675 R
K 419 G
K 408 R
R 52 O
K 915 H
K 838 N
R 1131 Z
K 1078 J
K 778 Z
K 207 H
R 1278 U
K 901 O
K 117 U
R 1301 D
R 1003 E
R 787 Z
R 750 H
R 128 J
K 189 Q
R 859 N
K 1436 Q
R 1150 O
R 707 J
K 1414 J
K 1271 Q
K 94 G
R 955 Z
K 324 Q
R 159 N
K 1179 Q
K 931 J
K 430 Q
R 1001 O
R 997 R
R 984 D
R 926 N
K 1276 Z
K 1069 Q
K 764 D
K 348 U
K 276 U
R 1174 J
R 908 Z
R 762 O
R 595 E
R 275 R
R 89 J
K 1190 H
R 248 G
K 1102 Z
R 834 G
K 1168 H
K 765 D
K 267 U
R 906 J
K 882 Z
K 396 D
R 1302 R
K 1242 H
K 465 U
R 992 H
R 245 N
K 630 Z
R 145 O
R 97 Z
K 1231 D
K 894 H
K 656 U
K 471 H
K 423 G
K 70 U
R 394 N
K 1486 N
K 1447 N
K 921 D
K 695 Z
K 417 N
R 1048 O
R 342 D
K 928 U
K 383 E
K 160 Z
R 30 D
K 1193 D
K 970 O
K 830 D
R 863 G
K 1298 G
K 1228 U
K 594 D
R 1297 G
R 60 Q
K 506 G
K 439 J
K 319 E
K 269 O
R 634 G
R 483 R
K 935 N
K 634 R
K 597 Z
R 175 H
K 1107 G
R 521 D
K 1478 Q
R 181 D
K 861 H
K 440 Q
K 42 D
R 756 Q
R 710 U
R 126 Q
R 103 Q
K 297 E
R 1121 E
R 812 H
K 57 R
R 935 D
R 874 N
R 774 D
R 149 D
K 1036 U
K 779 N
R 632 D
R 255 D
K 500 O
R 1248 Q
K 850 O
K 86 D
R 696 G
K 777 N
R 1293 Z
R 1136 H
R 203 G
K 1233 Q
R 1178 N
R 1158 R
R 791 J
R 735 U
R 650 J
R 286 G
K 1387 O
K 937 U
K 586 N
K 531 Z
R 1230 D
R 899 D
K 534 H
R 828 E
R 364 R
K 1301 Q
K 244 J
R 503 D
K 1143 N
K 685 Q
R 65 U
K 1461 H
K 497 R
R 476 E
K 1339 Z
K 1243 Z
K 593 G
K 242 N
R 1068 R
R 372 R
K 1273 N
R 1172 U
K 936 O
K 806 O
R 961 O
R 759 G
K 1323 O
K 817 J
K 150 R
R 1240 U
R 980 O
R 821 H
R 587 Z
R 383 Z
R 356 N
K 1475 D
R 744 R
K 1419 H
K 890 O
K 232 R
K 151 D
K 102 E
R 471 Z
K 1008 G
K 569 R
K 41 R
R 929 J
K 1274 N
K 1269 R
R 1198 D
K 549 J
K 183 N
R 887 E
R 211 H
K 359 E
K 287 Z
K 77 E
R 618 H
K 472 R
R 1133 G
K 955 O
K 301 J
R 662 N
K 1133 G
R 1130 E
R 1005 G
K 1239 G
K 1124 J
K 1077 O
K 737 E
R 416 N
K 1120 G
R 1103 R
R 452 D
R 436 Q
K 1032 U
R 666 G
K 578 U
R 96 Z
K 542 H
R 1193 Q
R 829 R
R 233 H
K 1278 O
K 1144 E
K 152 Z
R 800 D
R 527 R
K 975 N
K 706 O
K 701 E
K 661 D
K 603 E
K 555 E
K 281 O
R 222 E
R 140 J
K 735 U
K 625 Q
K 573 Q
K 265 O
K 155 H
R 1225 Q
R 688 N
K 610 O
K 92 Z
R 62 N
K 1422 Q
R 784 N
K 858 D
K 763 D
K 424 J
R 966 Z
R 545 D
R 473 H
R 178 J
K 1337 Q
K 1234 Z
K 744 H
K 518 E
K 8 Q
R 658 O
R 235 R
K 1157 U
R 1316 J
R 639 Z
R 305 H
K 1458 J
K 1060 R
R 607 N
K 803 G
K 748 E
R 803 H
K 357 G
R 1100 H
R 430 G
K 651 Q
K 427 J
K 418 O
K 295 D
R 913 H
K 1455 Z
R 663 J
R 461 H
R 448 E
K 1225 J
K 855 Q
K 309 H
R 403 Z
K 643 U
R 852 H
R 317 N
K 875 O
R 497 Q
R 253 U
K 1064 Z
R 576 U
R 205 E
R 15 G
K 1200 N
R 962 J
K 909 U
R 1208 N
R 952 N
R 162 N
K 1031 Z
K 620 H
K 273 N
R 37 O
K 752 G
R 562 O
K 407 Q
R 848 U
K 328 H
K 289 H
K 140 R
R 1221 J
R 1183 E
R 934 G
R 438 J
R 263 R
R 122 R
K 1309 E
K 176 G
K 131 N
R 807 D
K 670 U
R 1166 E
K 1163 J
K 1042 E
K 580 H
K 448 E
R 964 D
K 1460 G
K 1142 O
K 1037 U
K 812 U
K 535 U
R 1092 U
R 792 N
R 451 U
K 1012 G
K 612 G
K 433 J
R 977 G
R 806 G
R 387 N
K 736 R
K 666 U
K 256 N
R 1239 D
R 425 E
K 1247 J
K 686 H
R 1047 J
R 409 G
K 1288 E
R 1219 D
R 370 E
R 18 Q
K 1058 J
R 866 Z
R 70 E
K 927 U
K 567 Q
K 106 Q
R 1191 O
K 1330 R
K 856 D
R 765 J
K 646 G
R 161 U
K 948 G
R 1055 H
R 635 H
K 698 U
K 145 E
R 442 H
K 572 J
R 1040 E
R 864 D
R 847 G
R 313 E
R 49 E
K 1174 G
K 1075 U
K 878 Q
K 577 H
K 410 Q
K 368 U
K 205 H
R 341 J
K 963 D
R 228 N
K 296 H
K 253 J
R 1214 O
R 287 Q
R 190 R
K 1349 E
R 732 R
R 600 U
R 532 D
R 530 E
R 481 G
K 1314 N
K 132 Z
R 199 R
K 388 N
R 512 H
K 1412 J
K 55 D
K 14 G
R 832 N
K 958 J
K 926 E
K 375 N
R 579 Q
R 435 N
K 1218 E
K 837 D
K 653 N
K 543 D
R 1013 G
R 201 O
K 1220 H
R 1296 Q
R 1102 G
R 1004 O
R 267 H
K 1025 J
K 920 J
K 83 D
R 322 E
K 1401 E
K 953 Q
R 102 D
K 1207 J
K 339 Q
K 62 R
R 150 E
K 636 O
K 459 O
K 246 G
K 85 R
R 673 Z
K 843 Q
R 818 E
K 1284 O
K 911 Z
K 842 O
K 832 N
K 750 E
K 734 R
K 266 R
K 164 N
R 1196 J
K 1252 D
K 585 D
K 571 H
K 251 D
R 1258 R
K 504 H
K 483 R
R 646 H
R 256 G
K 1487 Q
K 1202 D
K 228 Z
R 38 U
K 1360 Z
K 640 J
R 261 U
K 1405 Q
K 1293 U
R 1143 J
R 1054 E
R 802 E
R 390 H
K 637 U
R 1053 G
R 432 E
R 186 H
K 1222 D
K 993 N
K 992 H
K 876 R
R 1067 Q
R 629 H
K 307 D
R 785 R
K 938 N
K 851 R
K 436 G
K 236 R
R 1073 N
R 457 Q
K 943 Q
K 679 N
R 1303 U
R 585 Z
R 213 U
K 873 H
K 285 H
R 1094 N
R 1022 O
R 507 Q
K 493 R
R 684 H
R 402 Z
R 308 H
R 34 N
K 724 O
R 1128 Z
R 706 Z
R 574 O
K 351 D
R 1058 O
R 346 Z
K 896 J
K 641 O
K 515 Q
R 1101 J
R 904 E
R 499 N
K 323 O
R 1085 E
K 1265 O
K 985 Q
K 271 Q
R 1155 H
R 144 H
K 940 O
K 691 H
K 517 H
R 842 R
R 837 R
R 815 O
R 197 Z
R 195 G
K 1027 U
R 1035 O
R 6 Q
K 1010 Q
K 292 D
R 919 N
K 674 G
K 254 O
R 249 N
K 939 G
R 631 E
K 699 Q
R 1269 J
K 294 R
R 485 E
R 352 J
K 1187 U
K 1090 D
K 984 H
K 290 D
R 965 O
K 771 N
R 1323 N
R 119 J
K 1229 H
K 537 D
K 395 U
K 259 O
R 1194 G
R 1148 N
R 1137 J
R 1037 N
R 582 E
R 431 U
R 272 H
R 148 D
K 536 Z
R 501 H
R 328 U
K 72 E
R 953 D
R 22 E
K 626 G
K 153 R
R 304 H
R 53 G
R 26 G
K 1399 G
K 1205 J
R 1086 Q
K 1161 R
K 1149 Q
K 899 G
K 76 D
R 1215 N
K 967 D
R 1008 D
R 465 O
K 1132 G
K 925 G
K 119 U
R 321 E
K 1015 N
K 262 E
R 1257 N
R 568 E
R 414 O
R 217 U
K 1192 E
K 1066 Z
K 516 Z
R 932 H
R 856 O
R 528 G
K 684 Q
K 416 H
K 362 E
R 1313 J
R 345 J
K 1426 J
K 1354 J
K 470 O
K 109 N
K 43 J
R 923 R
K 1303 R
K 1029 G
K 772 R
R 590 O
K 786 G
R 63 J
K 1376 G
K 1297 J
K 598 Q
K 381 U
K 3 G
R 226 E
K 1140 N
R 392 R
K 1453 J
K 908 Z
K 879 H
R 514 Z
R 513 Q
K 1431 Q
K 1072 J
R 77 N
R 4 Z
K 824 G
K 758 R
K 609 R
K 520 D
R 281 Q
K 188 H
R 1095 O
R 377 Z
K 1111 Q
K 1068 H
K 822 R
K 668 J
R 1173 O
R 1044 G
K 1421 G
K 1381 R
K 1281 R
K 1208 R
K 1139 D
K 1094 U
K 957 D
K 796 O
K 192 R
R 946 N
K 1383 E
R 987 R
K 782 R
K 773 G
K 63 N
R 794 J
K 1358 U
K 865 U
K 95 Q
R 1282 Z
K 1361 Q
K 136 O
R 577 E
K 1377 J
K 498 N
K 442 E
K 65 U
R 218 N
R 71 D
K 451 H
R 1060 G
R 657 Z
K 1396 N
K 1256 N
K 9 O
R 1117 U
K 627 N
K 528 N
R 1268 Z
R 1241 R
R 1232 N
K 527 H
K 51 N
R 588 Z
K 1195 U
K 1169 E
K 547 E
K 457 N
R 769 J
K 1398 R
R 1153 D
K 769 E
R 1018 E
R 813 Q
R 798 Z
R 118 E
K 1253 U
K 1221 E
K 325 R
K 180 J
R 219 G
K 337 R
R 850 E
K 1407 E
K 1336 O
K 1016 O
K 854 D
K 54 Q
R 1254 Z
K 1479 J
K 496 R
R 379 Z
K 682 N
K 513 H
R 1317 O
R 1247 R
R 1145 U
R 467 H
R 227 H
R 93 N
R 50 H
K 923 D
R 176 O
K 1395 H
K 929 Z
K 473 N
K 187 R
K 158 Q
K 69 E
R 1259 Q
R 796 Z
R 361 R
R 274 N
R 264 Q
R 151 R
K 1420 H
R 995 Z
K 1312 E
K 73 O
R 746 G
R 615 O
R 46 E
K 338 U
R 849 N
K 1054 E
R 242 D
K 898 O
R 338 U
R 280 Q
K 888 R
K 720 D
R 731 G
K 1430 Q
K 1299 H
K 556 D
K 454 Z
K 210 Q
R 912 G
K 1024 Q
K 608 G
K 146 G
R 573 U
K 491 Q
K 148 Z
R 901 J
R 424 R
K 1261 O
R 938 N
R 386 O
K 1480 U
K 615 G
R 273 Q
R 223 J
K 435 R
R 703 U
K 864 N
K 452 Q
K 101 D
R 968 R
K 1403 R
K 1002 R
K 728 Q
K 721 D
K 601 E
K 490 U
K 10 N
R 1185 Q
R 755 J
R 444 Q
K 1251 U
K 907 D
K 802 H
K 437 U
R 100 G
K 867 U
R 1076 U
R 891 R
K 512 Q
R 433 N
K 1067 U
K 240 D
R 1017 O
R 114 Z
K 1 U
R 1283 H
R 1046 N
K 1113 D
K 766 J
K 181 N
R 479 Q
K 1014 H
R 439 N
K 1359 G
K 1101 N
K 318 U
R 1097 J
R 862 N
K 475 R
R 809 J
R 83 U
K 944 R
K 238 D
R 120 R
R 99 J
K 739 J
K 526 N
R 660 J
R 246 O
K 1238 O
K 39 Z
R 788 Z
R 113 E
K 836 J
R 691 J
R 111 U
K 486 Q
R 885 O
R 531 R
K 1313 U
R 1244 D
R 830 U
K 991 Z
K 422 U
K 393 G
R 147 H
K 1186 D
R 112 O
K 595 Q
K 575 O
K 13 H
R 1025 J
R 971 Q
R 844 D
R 129 R
R 16 H
K 524 O
R 1200 O
R 1138 Z
K 950 G
K 544 D
R 92 O
K 1481 J
K 895 O
R 1304 H
R 957 U
R 720 R
R 155 E
K 78 G
R 947 N
R 333 J
R 293 R
K 128 Q
R 674 U
K 1402 E
R 303 Z
K 1393 H
K 1045 H
K 760 O
K 652 G
R 580 N
R 477 E
K 37 H
R 1078 H
R 136 Z
K 105 N
R 165 U
K 1189 N
K 1185 D
K 845 E
K 79 U
R 1125 D
R 649 J
K 1442 D
K 1435 D
K 1410 D
K 1335 Z
K 754 N
K 648 R
K 159 E
K 120 Z
R 668 U
R 109 H
K 665 N
K 209 G
R 91 J
K 729 O
R 378 E
R 183 Z
K 330 Q
R 1314 J
R 170 D
R 54 G
K 414 E
R 1032 R
R 492 E
R 369 H
R 57 G
K 1379 R
K 897 Z
K 632 Q
R 1011 R
R 534 N
K 224 E
R 290 N
K 1378 E
K 986 R
R 1277 Z
K 914 O
K 35 D
R 167 Z
K 659 G
R 1311 G
R 1201 J
K 1370 O
K 1262 U
K 1177 Z
R 860 Q
K 525 R
R 1126 U
R 677 D
R 189 N
K 523 E
R 1129 E
R 713 R
R 192 D
R 163 Z
K 1374 Z
K 564 G
K 441 R
R 1284 J
K 1088 R
K 428 R
K 49 D
R 1262 E
R 1188 N
K 789 D
K 732 Q
R 659 J
K 988 R
K 133 J
R 722 R
R 231 G
R 221 R
K 647 N
R 493 O
K 1244 O
K 1038 D
K 776 O
K 495 H
R 928 Q
K 945 O
R 1315 G
K 969 D
R 1156 J
R 270 J
K 1451 J
K 1148 Q
R 1292 D
K 1470 Q
K 964 Z
K 795 R
R 697 D
K 61 O
R 1142 N
R 1045 E
R 412 H
R 344 Z
K 361 O
R 1318 E
K 1468 E
K 820 R
K 800 U
R 353 J
K 1134 J
K 477 Q
R 831 O
K 1326 N
R 1320 O
R 967 R
K 28 U
R 179 G
K 367 J
R 1242 G
K 919 N
R 1149 D
K 1201 J
K 1183 H
K 1108 U
K 1026 G
K 971 J
K 819 E
K 186 G
K 184 E
K 56 G
R 1251 J
R 1216 D
R 1072 R
R 991 J
R 760 E
R 611 Q
R 146 U
K 1473 O
K 1465 Q
K 1411 D
K 592 R
R 319 E
K 1130 E
K 1021 D
K 469 J
R 350 Q
R 329 U
K 1418 N
R 805 G
R 526 J
K 775 E
R 1295 Z
R 443 Z
K 780 U
R 75 D
K 742 Z
R 373 R
R 131 G
K 745 E
R 278 O
K 1267 Q
K 582 D
K 438 H
R 251 E
K 340 H
K 234 N
K 223 N
R 1006 G
R 727 G
K 961 E
K 462 U
K 349 R
K 231 Z
K 75 R
R 426 H
K 1320 G
R 876 H
K 1176 D
R 427 N
R 82 O
K 74 J
R 594 Q
K 794 H
R 310 D
K 829 R
R 1321 N
R 956 N
K 702 G
K 553 J
K 225 Z
R 478 N
K 1392 Z
K 1204 H
K 1112 E
K 600 Q
K 320 G
R 206 D
K 1071 D
K 308 Q
R 748 E
R 284 Z
R 133 E
R 67 E
K 562 Q
K 21 Z
R 1070 D
K 245 J
R 826 Z
R 790 G
R 354 J
K 1119 U
K 714 H
K 463 H
R 884 D
K 168 E
R 25 O
K 1115 U
K 839 N
R 1203 H
R 612 G
K 374 D
R 865 J
R 440 U
R 105 U
R 33 D
K 1199 O
R 1114 D
R 714 Z
K 1076 U
K 172 O
R 423 Q
R 332 U
K 1462 O
K 1167 J
K 996 N
K 710 G
K 676 R
K 614 Z
K 540 G
R 1030 H
K 887 O
R 981 D
K 1063 H
R 1167 Q
R 405 O
K 1474 U
R 552 N
K 1363 Z
R 718 Q
K 332 Z
R 1164 E
R 1088 O
R 1079 D
R 915 R
K 1097 U
R 40 J
R 28 E
K 1317 E
K 1259 H
K 713 E
K 125 G
R 736 O
K 260 R
R 311 Z
K 997 G
R 400 D
K 1340 U
R 539 N
R 208 U
K 869 R
R 289 D
K 1180 Q
R 940 Z
K 1275 G
K 372 E
R 1033 R
K 538 O
K 156 R
K 110 O
R 1039 U
K 529 G
R 846 Q
K 1406 U
K 1341 D
K 1236 D
K 1219 E
K 1129 N
K 1087 Z
K 343 J
K 88 G
R 1144 N
R 142 U
K 1434 E
R 1031 Z
K 1427 D
R 1065 U
R 1062 R
K 801 Q
R 1038 J
K 1300 U
K 355 Z
R 761 E
R 464 D
K 1483 O
K 329 H
R 389 J
K 492 H
R 661 N
K 387 U
R 168 E
K 1089 N
K 1083 U
R 258 Q
K 774 G
R 1229 D
R 770 D
R 434 R
R 173 Q
K 768 U
R 518 R
K 382 Q
R 1120 U
R 1059 R
R 827 J
R 196 R
K 1357 G
R 877 O
R 819 H
K 1046 E
R 1014 U
K 397 N
R 751 E
K 692 D
R 1195 O
R 608 U
R 411 D
K 202 Q
R 374 R
K 474 G
R 1049 G
R 382 U
K 1009 O
R 550 R
K 1416 R
K 1264 D
K 906 E
R 610 U
R 238 R
K 604 U
K 175 Q
K 33 U
R 591 H
K 1137 H
K 1114 H
K 509 H
K 371 U
R 1210 D
K 693 Z
R 682 U
K 1052 J
K 1001 Q
K 116 D
R 1177 O
R 1074 U
R 690 Z
R 437 U
K 900 R
R 814 O
R 564 Z
R 418 R
R 24 R
K 552 H
K 444 Q
R 259 D
K 1489 D
K 360 J
K 252 D
R 1310 Q
R 1083 Q
K 905 R
R 1286 Z
R 716 O
R 491 Z
K 1384 G
R 271 R
K 16 J
R 533 E
K 1160 Z
K 335 N
K 137 H
R 986 D
K 1415 N
K 1345 U
K 840 Q
K 221 E
R 903 U
R 240 H
K 208 Q
R 1233 O
K 1382 H
K 1104 U
K 767 Z
K 302 O
K 129 O
R 857 J
K 1156 N
K 1043 J
K 797 J
R 959 Q
R 599 N
R 250 N
K 707 Z
K 358 G
K 36 R
R 1305 N
R 1299 N
K 1198 D
K 1188 H
K 1123 R
R 32 J
K 579 D
R 1169 R
R 460 O
R 141 E
K 1409 Q
K 1362 U
K 1096 Z
K 826 U
K 347 Z
K 331 Q
K 34 Z
K 18 N
R 371 O
K 1390 D
R 1253 O
R 976 N
R 613 Q
R 445 E
K 596 N
K 392 J
K 58 Z
R 633 H
R 551 Z
R 58 Q
K 1467 R
K 1307 O
R 69 N
K 857 E
R 367 Z
K 455 Q
R 546 R
K 994 J
K 951 O
K 60 E
R 1050 D
R 35 O
K 1464 Z
R 1279 R
K 1492 R
K 257 D
R 565 Q
K 1319 Z
R 299 H
K 316 O
R 1250 G
R 601 U
K 891 J
K 606 O
R 1041 H
R 257 D
K 1263 J
K 235 Z
K 218 U
K 163 O
K 157 Z
R 990 H
R 793 D
R 783 U
R 715 D
R 20 J
K 1344 R
R 1276 O
R 900 R
K 599 Q
R 1028 J
R 10 O
K 1260 D
K 1232 E
K 1128 J
K 1061 Q
K 93 H
K 44 E
R 1307 J
R 1256 U
R 620 H
K 696 D
R 1012 N
R 106 U
K 751 D
K 583 N
R 1287 R
K 1471 U
K 1039 D
K 755 N
K 667 U
K 250 E
R 7 Z
K 1356 J
R 1141 G
R 781 J
K 1318 N
K 545 Z
K 507 G
R 180 Q
K 1295 Z
K 629 O
K 229 N
K 84 U
K 32 G
R 1273 O
R 1110 J
R 869 N
R 520 N
R 355 Z
K 215 R
R 1147 E
R 939 R
R 509 N
K 248 U
R 972 U
R 889 U
R 563 R
R 458 N
K 1466 O
K 1342 U
K 1245 Z
K 866 J
K 725 N
K 711 D
R 1267 E
R 655 E
K 456 J
K 413 O
K 370 U
K 356 O
K 284 H
R 671 N
K 761 U
K 291 Q
R 1290 G
K 1100 G
K 968 J
K 814 O
K 508 Q
K 482 R
R 1160 R
R 725 J
K 1338 D
K 174 Q
R 88 H
