2288
K 631 F
K 573 V
R 418 Z
K 157 V
R 1265 Q
K 485 X
R 157 V
K 524 C
R 569 P
K 781 Z
R 1181 C
R 343 R
R 156 F
R 97 Q
K 324 X
R 721 L
K 665 I
K 434 C
R 1488 C
R 787 O
R 634 I
R 483 X
K 118 Z
R 27 C
K 748 C
K 556 I
R 41 O
K 678 Q
R 1024 I
R 969 S
R 941 S
K 365 Q
K 289 Q
R 716 Q
R 1 I
K 740 L
R 1482 V
K 390 P
R 1483 L
R 886 I
R 646 C
K 358 X
R 1075 L
R 1048 F
R 919 S
K 292 L
K 48 Z
R 801 Q
R 666 I
K 231 R
K 188 V
K 78 Z
R 175 Q
R 53 Q
R 50 I
K 753 Z
R 255 C
K 530 F
R 890 F
R 412 X
K 575 O
R 219 L
K 709 I
R 1191 V
R 630 I
R 590 F
R 544 Q
K 669 P
K 507 R
K 320 O
R 1478 P
R 1213 V
R 216 C
K 87 O
K 37 R
R 461 X
K 183 V
K 60 Q
R 857 S
R 280 O
R 212 F
R 134 Q
K 122 X
R 1207 O
K 109 S
R 859 P
R 239 P
K 739 R
K 7 R
R 1441 R
R 718 Z
R 376 S
R 130 R
R 72 V
K 735 X
K 541 C
K 201 V
R 473 S
R 170 Z
K 449 L
R 1416 S
R 1377 I
R 1288 I
R 760 L
R 509 O
R 442 Z
R 397 L
K 462 X
K 305 X
R 31 C
K 91 I
R 1208 C
R 885 Q
R 228 L
K 513 O
R 1302 Q
R 1271 C
R 1160 S
R 1040 V
R 583 F
R 436 S
K 346 L
K 29 I
R 932 S
R 858 I
R 755 I
R 305 V
K 690 R
R 1071 F
R 847 I
K 647 P
K 255 V
R 794 L
R 234 C
K 172 V
R 1495 V
R 737 C
K 598 X
R 1249 S
R 923 V
R 499 O
R 383 O
R 36 Q
K 240 S
K 102 L
R 1188 R
R 1123 Q
R 118 P
K 542 S
R 508 Z
R 440 F
K 624 L
K 617 L
R 1269 F
R 1232 O
R 1059 F
R 609 R
R 511 S
R 290 I
R 211 C
R 128 R
K 108 Q
R 1348 Q
R 1017 O
R 854 Q
K 614 Z
R 1499 R
R 1344 F
R 1284 F
R 1042 R
R 827 L
R 453 V
R 215 V
K 715 S
K 652 Q
R 1204 P
K 141 L
R 1190 L
R 781 S
R 671 L
K 612 F
K 489 X
R 572 S
R 540 F
R 182 I
R 67 V
K 393 Z
R 1293 S
R 626 F
R 620 R
R 262 R
R 238 C
R 126 V
K 269 Z
K 150 S
K 50 Z
R 1423 I
R 683 S
R 551 Q
R 199 S
K 214 V
R 852 O
R 820 V
R 425 Z
K 23 C
R 1421 L
R 1182 S
R 954 S
R 547 V
R 358 C
K 685 P
K 287 S
R 1375 L
R 1108 O
R 1106 I
R 837 Z
R 749 F
R 455 P
R 168 O
K 590 V
R 1412 X
R 1043 I
R 1018 O
R 876 O
R 872 V
R 864 S
R 823 V
R 797 V
R 705 V
R 605 X
R 459 Q
R 437 V
R 112 Q
R 71 V
K 355 C
R 24 S
K 273 L
R 1005 R
R 543 C
R 284 X
R 254 Q
K 325 F
R 805 X
R 742 R
R 336 L
K 155 S
R 1163 O
R 1094 C
K 484 C
K 403 F
K 82 S
R 1475 O
R 1432 I
R 315 O
R 223 L
R 171 R
R 29 I
K 286 Q
R 917 R
R 846 V
K 782 L
K 714 I
K 368 V
K 219 R
R 1464 R
R 76 C
K 472 X
K 413 F
K 277 Q
K 235 R
R 853 Z
K 626 I
K 43 L
R 1298 P
R 422 L
R 287 C
R 241 S
K 778 Z
R 1050 F
R 366 R
R 299 L
K 366 P
R 1305 R
R 1210 L
R 1002 P
R 587 Q
R 530 O
R 250 R
R 172 Q
K 564 C
K 416 L
R 1177 S
R 484 L
K 765 F
K 717 S
R 1405 Q
R 773 I
K 761 P
R 1362 Q
R 398 O
R 48 L
K 356 C
K 283 F
R 1383 O
R 1339 Q
R 1281 R
R 380 Z
R 340 O
K 193 F
R 142 P
K 130 F
R 433 C
R 107 F
K 653 V
K 76 C
K 42 V
R 698 L
R 341 L
R 240 I
K 162 P
R 464 C
R 266 P
K 729 Q
R 1080 X
R 997 V
K 6 R
R 364 X
K 566 S
K 232 Q
R 1065 O
R 784 S
R 264 Q
K 609 R
R 1314 Z
R 321 I
K 281 F
R 841 S
R 753 S
K 757 S
K 611 Z
R 1317 Q
R 861 X
K 218 P
R 1174 P
R 967 X
R 432 C
R 313 V
K 95 O
R 1264 P
R 1081 L
R 298 O
R 64 V
K 335 Q
R 676 L
K 708 Q
K 69 O
R 1205 O
R 571 V
K 144 F
K 17 L
R 1413 C
R 1285 V
R 986 L
K 142 P
R 1381 R
R 1309 Z
R 1022 F
R 884 Q
R 585 Q
R 545 Q
R 477 Q
R 144 I
K 350 Q
K 88 P
K 27 Q
R 1450 I
R 435 P
K 646 I
K 127 Q
K 126 V
R 1453 P
R 829 L
K 336 V
R 210 X
K 268 V
R 965 O
R 568 V
R 263 I
K 592 F
K 453 R
K 257 L
R 1372 I
R 413 R
R 39 R
K 374 L
R 445 C
K 580 Q
K 55 C
R 357 L
K 479 R
R 695 P
K 117 S
R 1219 F
R 1193 R
R 1033 S
R 306 C
R 32 X
R 3 Q
K 245 L
R 644 C
K 525 Q
R 1198 P
K 316 F
R 625 C
K 610 X
K 535 I
R 902 L
R 124 X
K 774 F
K 635 C
R 1335 V
R 1113 O
R 654 Q
R 331 F
R 227 Q
K 640 S
R 1250 Z
R 994 I
R 916 L
R 104 Z
K 171 O
R 1357 Z
R 807 V
R 236 O
K 601 R
K 559 C
K 504 C
K 20 L
R 1237 I
R 1055 O
R 903 I
R 815 Z
R 700 Q
R 665 Z
R 399 F
R 45 F
K 460 C
R 844 R
R 389 L
K 672 I
R 480 C
K 649 R
R 1351 X
R 642 X
R 355 R
K 651 Q
K 195 V
R 496 L
K 246 P
R 1259 V
R 514 Z
K 588 S
K 539 Z
K 279 Z
K 209 X
R 1429 I
R 1192 C
R 1023 O
R 637 L
R 501 L
R 252 I
R 159 X
K 264 V
K 211 Q
R 1404 R
R 1154 R
R 1089 V
R 972 C
R 783 V
R 552 F
R 186 I
R 153 Q
K 689 P
R 377 L
R 371 P
R 178 P
R 149 R
K 417 R
K 397 O
R 822 S
R 809 V
R 450 R
R 405 R
R 293 O
K 527 R
K 179 O
K 61 C
R 1289 O
R 521 F
K 515 O
K 256 I
R 1116 V
R 641 Z
R 117 V
R 51 S
K 483 V
K 396 F
K 344 P
K 158 Q
K 12 Z
R 1176 O
R 824 F
R 736 L
R 689 P
R 150 X
R 109 I
K 285 X
K 225 R
R 1156 Q
R 1084 S
R 1009 S
R 928 C
R 739 V
R 206 Z
K 163 L
R 245 V
K 720 F
K 385 I
K 143 F
R 1105 S
R 1032 Q
R 723 F
R 481 Z
R 292 Z
R 68 V
R 10 P
K 239 C
K 221 Q
R 1168 R
R 518 P
R 277 C
R 165 V
K 295 L
K 66 F
R 1037 Z
R 759 P
R 378 V
K 650 O
K 587 R
R 1253 I
R 828 C
K 632 S
R 976 C
R 471 S
K 465 F
K 247 S
R 198 I
K 491 L
K 304 P
K 4 L
R 774 X
K 533 S
R 1408 P
R 174 Q
R 18 Q
K 768 R
K 677 F
K 371 P
R 714 Z
K 529 R
R 1203 R
R 1088 R
R 910 C
R 677 R
R 329 R
R 30 P
R 5 R
K 676 X
R 510 V
R 74 V
K 248 X
R 1428 Z
R 1286 C
R 1142 F
R 782 C
R 360 X
K 116 L
R 1021 R
K 686 P
R 387 Z
K 467 F
R 1313 C
R 1179 C
R 733 L
R 701 L
R 200 S
K 137 Q
R 1223 O
R 542 Q
R 166 S
K 666 V
R 628 X
R 408 C
K 536 O
R 1400 C
R 831 Q
K 637 Z
R 279 L
R 26 Z
K 582 Z
K 34 F
R 1212 O
R 984 S
R 767 I
R 476 F
K 633 Z
K 303 L
R 1079 S
R 648 X
K 521 F
R 9 Q
K 503 X
K 502 V
K 362 R
R 1046 L
R 506 Z
K 663 C
K 443 I
R 1316 L
R 512 R
R 295 O
R 261 L
R 229 R
K 716 X
K 702 P
R 1500 Q
R 258 L
K 373 L
K 119 O
R 1003 R
R 892 P
R 793 S
R 591 Q
R 414 I
R 320 Q
R 121 O
R 78 Z
R 40 I
K 675 O
K 531 Q
K 456 Q
K 115 F
R 799 R
K 435 R
K 212 L
R 59 Q
K 736 F
R 880 V
R 746 S
K 215 Q
K 15 S
R 1487 P
R 1486 S
R 792 Q
R 777 Q
R 738 P
K 602 O
R 472 O
R 28 Q
K 721 Z
K 628 Q
K 608 Z
R 696 Q
R 520 I
K 80 V
R 821 L
R 415 Z
R 409 X
R 392 Q
K 789 C
K 779 I
K 544 S
K 337 S
K 278 R
R 1410 R
R 1371 L
R 1254 O
R 208 Q
R 160 S
K 700 O
K 591 Q
K 280 P
R 1402 L
K 312 S
R 1493 P
R 1300 Q
R 1141 V
R 979 C
R 898 O
R 470 I
K 668 P
K 197 R
R 1020 Q
K 615 V
K 506 V
R 1146 L
R 709 S
R 301 Q
R 62 Z
K 769 L
K 553 P
R 169 S
K 359 I
R 1353 L
R 1133 R
R 57 C
K 342 O
R 987 L
R 420 Q
K 589 V
R 1415 Q
R 526 F
K 398 R
R 1122 X
R 940 P
R 891 R
R 878 R
R 873 X
R 636 Z
R 598 P
K 28 F
R 715 O
R 661 F
R 162 Q
K 431 R
R 907 V
R 826 Z
K 528 L
K 315 L
R 982 R
R 734 L
R 363 L
K 94 Z
R 1173 I
R 804 Z
R 214 S
K 79 C
R 796 Z
K 145 L
R 1201 I
R 1155 O
R 1052 F
R 688 P
R 327 Q
R 197 Q
K 785 V
R 1417 C
R 1392 V
K 407 O
K 380 R
K 326 L
R 1477 R
R 1097 Z
K 136 S
R 575 C
K 699 R
R 1178 R
R 536 X
K 22 O
R 498 P
R 457 V
K 176 R
R 1382 F
R 1376 X
R 1360 L
R 1297 P
R 1272 V
R 1047 Q
R 881 F
R 761 L
R 687 I
R 468 F
K 639 C
R 1331 P
R 1140 Z
R 975 I
R 370 Q
R 209 Q
R 89 P
K 439 X
K 199 O
R 1076 R
R 703 F
K 468 Q
R 1333 C
R 664 V
R 345 R
R 192 X
K 369 I
R 1336 I
R 1099 I
R 1036 S
R 359 F
K 550 R
K 70 Z
R 1367 R
R 1315 P
R 1087 R
R 870 Q
R 649 O
R 596 P
R 125 Z
K 671 C
K 644 V
K 177 V
R 158 P
K 5 O
R 1419 Z
R 1370 R
R 1260 O
R 289 O
K 673 C
K 604 C
R 1073 X
R 908 C
K 695 R
K 321 S
K 178 C
R 838 V
R 680 P
R 193 I
K 474 Z
R 1368 Z
R 1234 Z
R 1110 F
K 165 P
R 1329 L
R 834 Q
R 613 R
K 243 S
R 308 C
R 194 L
R 111 C
K 495 O
R 1328 O
R 1326 V
R 365 O
R 268 X
R 120 Q
K 322 X
K 223 Q
K 16 O
R 1098 S
R 46 L
K 317 I
R 711 C
K 719 R
K 440 R
K 249 X
R 1004 V
R 382 P
K 594 C
R 1224 F
K 313 Q
R 1139 L
R 427 X
K 703 P
K 694 Q
K 138 R
R 1016 I
K 593 C
R 474 Z
R 452 Q
K 426 O
R 1235 F
R 1229 F
R 1144 O
R 265 O
R 196 R
K 274 X
R 1136 L
R 1109 X
R 368 X
K 112 Q
R 1440 F
R 1143 Z
R 581 Q
R 384 I
R 143 V
R 44 O
K 375 S
K 200 Q
K 186 Z
K 147 C
R 1131 Q
R 610 I
R 390 R
K 493 L
K 400 Z
K 302 V
R 403 I
K 760 Q
R 1318 R
R 681 X
K 348 Q
K 262 I
R 813 S
R 769 C
R 244 I
R 33 Z
K 477 Q
R 999 O
R 951 Q
R 635 P
R 342 I
R 37 Q
K 164 L
R 1299 Z
R 631 I
R 616 X
K 135 C
K 11 P
R 1324 V
R 349 X
K 332 L
K 161 X
R 754 P
R 286 L
R 81 Z
K 475 F
K 415 O
K 383 F
K 59 C
R 973 S
R 926 P
K 480 X
R 1473 S
R 1276 R
R 871 Z
R 524 Z
R 314 Q
R 270 F
R 84 Q
K 713 L
K 537 L
K 378 R
R 901 C
K 166 Z
R 1403 C
R 1347 Z
R 584 X
R 504 F
K 63 V
R 589 R
R 497 C
K 236 S
R 1399 Z
R 594 I
R 221 V
K 508 S
K 40 Z
R 894 V
R 385 Z
K 442 X
R 1341 C
R 1332 Q
R 1330 L
R 1199 F
R 1092 I
R 1086 R
R 936 S
R 647 X
R 600 R
R 444 X
R 88 X
K 517 P
R 1352 V
K 436 I
K 71 V
R 463 L
K 478 Q
R 867 V
K 574 V
K 345 O
R 1117 L
R 1010 R
R 772 V
R 650 Z
K 500 X
R 1484 S
R 1388 P
R 1338 P
R 1057 I
R 833 X
R 431 L
K 693 X
K 562 O
R 1216 L
R 1104 L
R 691 C
R 94 R
K 501 V
R 788 X
K 56 I
R 424 V
R 47 S
K 547 X
K 169 S
R 1231 P
K 618 P
K 446 Q
R 1228 P
R 1175 S
R 1030 L
R 832 P
K 306 X
R 735 R
R 274 C
K 488 O
K 420 V
K 361 Z
R 950 O
R 131 Q
K 349 I
K 83 F
R 394 L
K 251 I
K 113 O
R 686 I
R 679 Z
R 115 V
R 56 Z
K 464 V
K 213 R
K 44 X
R 1257 L
K 670 Q
R 875 O
R 775 P
K 265 S
R 1497 I
R 1409 L
R 915 C
R 127 I
R 87 C
K 664 Q
K 339 O
K 111 X
R 1039 I
K 752 O
K 77 F
K 64 V
R 1209 X
R 1115 C
K 563 P
K 204 R
R 564 V
K 300 X
R 61 Q
K 377 Z
R 1014 P
R 717 P
R 282 S
K 260 C
R 562 F
R 407 Z
R 248 X
K 100 C
R 1350 L
R 810 L
K 414 V
R 645 Z
K 486 I
R 1378 R
R 1129 R
K 97 S
R 652 X
K 545 V
K 153 R
R 662 S
R 34 P
K 364 P
K 207 Z
R 1130 V
R 1126 C
R 1063 F
R 523 P
R 488 Z
K 230 Q
R 621 Z
K 408 V
R 1390 L
R 1164 C
R 961 L
R 722 V
R 519 Z
R 395 F
R 139 V
K 733 P
R 1496 Z
R 685 X
K 86 P
R 1277 L
R 410 P
K 597 F
K 565 F
R 1437 F
R 1242 F
R 1118 F
R 1015 C
R 909 L
R 899 R
R 561 V
R 447 O
R 374 P
R 318 C
R 251 Q
R 43 L
K 734 Z
K 730 F
R 1241 I
R 1007 S
R 851 Q
K 422 X
R 1185 Z
R 830 F
R 188 X
K 291 V
R 529 O
R 507 L
R 103 I
K 338 Z
R 1436 I
R 404 S
K 571 S
K 353 V
R 1085 P
K 558 C
K 276 O
R 883 L
K 656 R
R 840 I
R 570 R
R 276 V
R 73 P
K 428 F
R 1028 I
R 981 O
R 978 O
R 914 F
R 379 R
R 311 O
R 267 V
K 334 P
K 296 L
K 45 Q
R 1090 I
R 989 Q
R 465 P
R 400 Z
R 260 P
K 780 R
K 726 Z
K 512 X
K 75 R
R 1470 C
R 922 L
R 559 R
K 648 X
R 1238 X
R 608 C
R 528 I
K 167 P
R 1169 P
R 4 Q
K 423 Q
K 412 L
K 323 V
R 354 P
K 367 Q
K 25 C
R 1230 I
R 745 Q
K 328 O
R 825 I
K 711 Q
R 643 R
K 731 C
K 309 I
R 416 O
K 642 L
K 10 O
R 1258 V
R 1197 Q
R 1124 R
R 889 X
R 874 S
R 259 P
K 634 X
K 546 O
K 476 I
K 469 C
K 194 Q
K 181 F
R 1414 Q
R 980 Z
R 968 S
R 478 I
R 297 X
K 216 R
R 699 R
R 553 O
K 661 C
K 445 C
R 818 X
K 497 X
K 458 O
R 1447 F
R 577 I
R 491 I
R 438 C
K 487 Z
R 1091 F
R 122 O
K 430 O
K 307 S
K 237 I
R 1301 O
R 1157 C
K 205 X
R 1457 I
R 1359 S
R 534 R
K 586 L
R 1134 R
R 839 X
R 614 Z
R 441 R
R 304 I
K 270 V
R 817 V
R 202 F
K 724 S
R 942 Q
R 136 L
K 523 R
K 206 X
R 602 C
K 755 F
K 712 I
R 750 X
K 2 S
R 1480 F
R 604 I
R 105 L
K 787 Z
K 308 Q
K 154 I
R 790 F
K 543 I
R 1474 X
R 1058 I
K 26 O
R 1481 X
R 1100 Q
R 1012 X
R 1001 S
R 985 R
R 740 Q
R 633 Q
K 250 O
R 1153 R
R 957 V
R 946 C
R 710 F
R 682 C
R 612 O
K 603 Q
R 586 V
K 658 I
R 706 V
R 495 C
K 745 I
K 151 S
R 1107 Q
K 762 C
R 983 X
K 311 F
R 1418 S
R 1337 Q
R 296 Q
K 441 O
K 433 C
R 1345 Q
R 391 Q
R 288 Q
K 696 P
R 1401 Q
R 235 Z
R 70 P
K 620 R
R 1312 F
R 494 R
K 499 S
R 993 L
K 654 I
R 1364 Q
K 549 Z
R 763 X
R 658 F
K 267 L
R 1451 F
R 741 I
R 657 Z
R 249 Z
K 13 S
R 1256 F
R 1233 O
R 347 V
K 707 V
K 698 Q
R 1127 Q
R 702 V
R 189 R
K 629 X
R 1287 V
R 1239 C
R 1051 Z
R 352 I
R 218 P
K 718 P
K 554 Z
K 540 F
K 329 L
K 57 Q
R 1460 R
R 1319 P
R 905 L
R 601 I
R 458 V
R 49 I
K 8 C
R 454 C
R 285 L
K 406 R
K 333 P
K 93 S
R 925 S
R 893 I
R 811 Z
R 90 V
K 272 L
R 373 P
R 307 I
R 222 S
K 655 F
R 1458 F
R 558 R
R 163 Q
R 25 R
K 96 O
R 1435 C
K 470 S
K 73 Q
R 1183 C
R 865 O
R 668 Z
R 565 S
R 402 R
R 16 R
K 625 X
K 429 F
R 1070 R
R 1031 S
R 963 Z
R 275 S
K 784 L
K 351 O
K 266 X
R 133 Q
K 226 V
R 627 X
K 46 S
R 1443 F
R 538 P
K 585 Z
R 1236 I
R 1148 L
K 455 C
R 1218 I
R 943 Q
R 720 I
K 424 S
R 1449 C
R 952 S
R 756 R
R 678 C
R 367 V
R 344 R
R 213 C
K 746 O
R 1438 Q
R 906 P
R 800 F
K 421 R
R 21 X
R 17 V
K 576 O
R 1011 R
R 533 Z
R 180 Z
R 75 L
R 55 Z
K 394 V
R 1452 F
R 937 C
R 933 X
R 271 Q
K 659 I
R 618 I
R 531 R
K 783 X
K 448 Z
R 669 V
R 256 L
K 552 Q
K 310 P
R 944 L
K 376 C
R 1137 R
R 659 L
R 517 I
K 263 Z
K 233 S
R 1111 V
R 1082 V
R 372 O
K 182 P
R 1194 Z
R 651 F
R 607 F
R 272 F
K 613 Z
K 432 R
R 971 F
R 339 V
R 316 C
R 231 O
K 347 X
R 803 F
R 486 V
K 522 O
R 1268 O
R 294 C
K 234 V
R 1225 Q
R 1026 F
R 887 I
R 791 O
R 622 S
R 592 R
R 406 C
R 312 V
R 92 I
R 19 L
R 14 O
K 526 X
R 672 R
R 346 L
K 208 S
K 103 L
R 1125 Z
K 606 Z
K 301 O
R 1044 L
K 327 V
K 19 S
R 1469 O
R 1067 C
R 309 O
R 176 O
R 35 O
R 15 I
K 727 V
R 1479 P
R 1379 V
R 1365 Q
K 660 I
K 621 L
K 35 L
R 1466 P
R 1062 P
R 606 V
R 515 V
R 328 R
K 749 Z
R 1427 I
R 780 L
R 190 O
K 461 Z
R 935 L
R 663 I
R 503 Z
K 616 S
R 1138 C
R 855 L
R 842 I
K 139 V
R 1217 F
R 1211 V
K 516 S
R 1083 F
R 582 Z
R 132 C
R 13 L
K 771 P
K 72 Z
R 707 X
K 444 X
K 391 X
K 298 Z
R 469 Z
R 155 V
R 135 X
R 8 F
K 596 C
R 576 R
R 243 R
K 38 Q
R 1119 R
R 655 P
K 679 Q
R 1162 I
K 81 L
R 322 O
K 471 P
K 401 X
R 1397 R
R 1172 S
R 945 V
R 7 X
K 217 P
K 89 C
R 1291 P
R 1114 I
K 51 O
R 1387 Q
R 1380 Q
R 1128 I
R 1103 F
R 998 Z
R 911 I
R 656 Q
R 388 Z
R 217 R
R 184 I
K 174 X
K 68 Q
R 123 R
K 357 X
K 133 C
R 1389 C
R 1279 V
R 1246 X
R 866 V
R 205 I
K 330 P
R 281 Q
K 340 X
R 1161 O
R 816 Z
R 778 O
R 525 I
K 605 I
K 370 V
K 297 O
R 1120 L
R 482 P
K 548 Z
K 168 X
R 995 Q
R 843 I
R 539 C
R 527 I
R 38 Q
K 438 S
K 21 Z
R 1278 I
K 776 R
R 1195 F
K 341 C
R 1439 X
R 751 P
R 96 X
K 114 O
R 1485 X
R 1321 V
R 1294 Z
R 766 F
R 764 C
R 428 Z
R 324 P
R 269 F
R 119 V
R 91 C
K 404 S
R 1420 I
R 1342 S
R 253 C
K 331 V
R 429 Z
K 766 O
K 691 X
K 534 Z
K 30 P
R 1433 R
R 1170 R
R 1095 R
R 877 C
R 401 R
K 583 R
K 67 L
K 39 R
R 1308 Z
R 856 L
R 556 S
R 451 S
R 164 L
R 66 Q
K 692 X
R 1074 F
R 207 C
K 54 V
R 1121 F
K 645 X
R 1322 L
R 203 I
K 410 Q
K 282 P
R 1056 V
R 1041 I
R 599 I
K 551 S
R 956 I
R 233 I
R 195 X
K 557 C
K 482 Q
R 1349 Q
R 1303 C
R 927 O
R 748 Q
R 597 Q
R 430 S
R 350 P
R 137 Q
R 99 R
K 751 P
K 747 L
K 314 P
K 275 C
K 24 P
R 1445 R
R 1310 Q
R 386 R
R 185 I
K 379 S
K 74 C
R 1355 Z
R 920 P
R 381 X
R 12 X
K 667 C
R 1132 Q
R 1066 R
R 731 F
K 607 S
K 47 F
R 1255 C
R 85 Z
K 560 F
R 1463 P
R 1221 L
R 1035 Q
R 1013 O
R 988 V
R 949 P
R 640 L
R 557 X
R 237 X
R 145 L
K 737 R
R 1150 X
R 955 Q
R 931 V
K 569 P
R 1245 X
K 32 Z
R 1263 S
R 939 Q
K 381 P
K 98 P
K 3 Q
R 1406 L
R 1270 S
R 1101 I
R 1096 I
K 224 X
R 1189 Z
R 653 X
R 623 R
K 192 Q
R 1442 O
R 895 C
K 447 I
R 1290 F
R 1226 L
R 814 R
R 574 C
R 334 P
R 317 I
K 744 V
R 1468 O
R 1295 V
R 1054 R
R 1049 O
R 713 Q
R 548 C
R 167 Z
R 116 V
R 86 V
K 767 Z
K 58 O
R 624 C
K 788 P
K 395 R
K 9 L
R 1462 Q
R 1025 P
R 912 L
R 744 R
K 579 O
K 242 Q
K 160 X
R 1346 P
R 934 L
R 579 R
K 742 F
R 1426 X
R 396 F
K 567 Z
K 284 R
K 220 F
R 789 X
R 563 F
R 335 L
K 107 R
R 278 S
K 386 V
K 294 S
K 124 S
R 522 I
K 36 Q
R 1385 C
R 1072 F
R 819 Q
R 762 Z
K 514 O
R 1214 F
R 977 Z
R 953 P
R 719 F
R 513 I
R 291 R
R 173 L
R 101 S
K 1 O
R 1373 O
R 1068 O
R 337 V
K 425 C
R 1266 P
R 1019 P
R 555 L
K 149 Q
R 489 V
R 146 I
K 210 Z
R 1158 I
R 660 V
K 409 V
K 14 L
R 970 Q
R 487 L
K 584 R
R 1306 S
R 1135 I
R 776 S
R 615 V
R 588 O
K 33 C
R 1251 I
R 95 S
K 756 R
K 674 P
K 657 R
K 152 P
R 1490 I
R 1227 L
R 179 R
R 102 L
K 600 Z
K 511 V
K 85 Q
R 1327 Q
R 93 L
K 578 O
R 1366 F
K 175 O
R 1471 O
R 1467 C
R 960 C
R 492 F
K 572 X
R 1275 V
R 860 X
R 502 Z
R 448 Z
K 392 O
R 1444 V
R 325 C
K 288 F
R 918 X
R 728 F
K 252 Z
R 929 R
K 627 C
K 490 R
R 1200 S
K 723 Q
R 673 R
R 323 P
K 363 Z
R 338 R
K 159 O
R 1343 Z
R 913 P
R 674 Z
R 6 O
K 399 I
K 123 S
R 786 C
R 617 X
R 479 X
R 449 L
R 98 L
K 704 S
R 1448 O
R 930 Q
R 798 Q
K 555 X
R 1171 P
K 786 Q
R 1422 S
R 1391 S
R 966 X
R 924 P
R 758 V
R 667 X
R 629 F
K 728 R
R 1374 I
R 1202 Q
R 670 Z
R 456 F
R 140 C
K 758 R
R 1456 S
R 1029 R
R 348 R
R 225 R
K 41 O
R 1206 R
K 238 Q
K 134 F
R 1396 Z
R 743 R
K 101 P
R 1240 P
R 80 L
R 58 X
K 271 O
R 1196 O
R 181 Z
K 743 R
K 581 O
R 1398 C
R 1145 F
R 567 F
K 184 X
K 125 L
K 18 Q
R 1489 C
R 1395 L
R 183 S
K 254 R
K 227 Z
R 1000 O
K 518 S
R 1292 R
R 537 Q
R 485 R
K 773 P
R 1261 Q
R 904 R
R 863 Q
R 806 I
R 771 F
R 580 S
R 161 I
R 100 S
K 65 C
R 220 X
K 532 R
R 1069 F
K 454 Z
R 1354 Q
R 151 F
K 687 I
K 419 R
R 1311 I
R 1187 V
R 554 C
K 466 Q
R 1361 P
R 1186 Q
R 361 Q
R 283 L
K 372 I
R 611 Q
R 303 I
K 202 X
R 1494 Z
R 1166 C
R 1006 F
R 724 F
R 42 L
K 382 O
R 1147 F
R 938 C
K 777 X
R 23 L
K 498 P
R 835 F
K 451 C
R 1424 R
K 697 L
R 1167 L
R 1149 Q
R 882 L
R 765 P
R 727 L
R 82 S
R 77 L
K 759 C
K 641 V
K 228 S
R 1454 Z
R 1340 S
R 1053 L
R 991 R
R 546 V
R 273 R
K 90 X
R 785 C
K 494 S
R 242 F
R 138 F
K 570 I
K 402 P
K 140 F
R 1008 Z
R 845 X
R 493 C
K 725 R
R 862 Q
K 643 P
R 900 Z
R 849 Z
R 752 R
R 505 Q
K 763 P
R 152 R
K 180 Q
R 1045 Q
R 154 S
K 49 I
R 1465 O
R 747 L
R 353 L
K 241 V
R 1425 X
R 708 X
R 462 Q
K 684 X
K 538 F
K 384 X
K 104 L
R 573 R
K 568 L
R 1267 R
K 577 Q
R 319 X
R 2 F
K 196 P
R 1476 F
R 63 F
K 623 X
R 1262 X
R 141 F
K 741 L
R 1184 X
R 732 P
R 704 Q
R 619 L
K 106 S
R 393 L
K 722 Z
R 1296 F
R 1165 V
R 246 V
R 65 O
R 54 O
K 293 Z
K 190 R
K 170 V
R 1334 I
R 1247 P
R 1152 Z
R 1038 C
R 848 I
R 836 V
R 694 C
R 593 Z
R 114 S
R 113 Z
R 11 L
K 520 R
K 405 R
K 318 S
R 1498 L
R 467 S
R 310 S
K 191 F
K 52 Q
R 1325 P
R 1220 I
K 638 X
K 427 P
K 121 Q
K 53 L
R 1363 O
K 750 Q
K 187 O
R 1356 L
R 808 L
R 550 V
R 446 P
K 683 Q
R 1369 I
R 897 Q
R 684 I
R 421 Q
R 419 R
K 290 S
R 1304 R
R 1244 V
R 302 S
K 131 P
R 1461 L
R 1180 Z
R 712 I
R 475 S
K 459 Q
R 1307 C
R 232 S
R 224 C
R 204 X
R 108 X
K 457 V
K 299 V
K 203 C
R 1459 C
R 1407 R
R 1274 C
R 962 P
R 888 I
R 868 S
K 705 P
K 701 C
K 437 R
R 1434 F
R 1411 C
R 1393 R
R 490 R
K 31 Z
R 1472 I
R 770 Z
R 60 Z
K 387 V
R 1431 S
R 1102 V
R 1064 F
R 812 S
R 729 C
K 418 X
K 185 F
R 1394 V
R 257 P
R 177 F
K 148 I
R 990 R
R 921 L
K 680 Q
R 1282 I
R 1248 Q
R 439 V
R 129 P
K 354 X
K 258 F
R 1077 Q
R 974 F
R 692 X
R 375 O
R 201 R
K 481 X
K 189 L
R 693 Z
K 706 S
R 1280 R
R 330 Z
K 770 L
R 1386 L
R 1323 C
R 1222 L
R 516 L
K 222 X
R 992 C
R 417 Q
K 682 S
R 959 C
R 466 V
K 732 O
R 1492 X
R 1112 V
R 247 S
R 20 L
K 389 Q
R 1215 Q
R 947 X
K 764 X
K 343 R
R 1283 Z
R 1034 R
R 560 L
K 754 P
K 630 F
K 519 C
R 1027 P
R 879 I
R 632 Q
K 505 V
R 426 L
R 83 Z
K 775 V
R 1273 C
R 948 V
R 850 V
R 110 I
K 681 P
K 450 C
R 1384 C
R 1151 Z
R 896 Q
K 473 V
R 1358 X
R 191 L
K 229 O
R 1430 F
R 148 L
R 69 I
R 22 I
K 561 I
K 411 S
R 795 C
R 690 O
K 173 S
R 869 X
R 300 R
R 226 X
K 319 Z
R 768 F
R 106 Z
K 120 I
R 964 C
K 99 Z
R 443 V
K 738 X
K 463 S
K 253 I
K 198 C
R 1243 P
K 156 F
R 1446 L
K 110 X
R 1252 V
R 802 R
K 662 R
K 509 S
K 244 C
R 1455 F
R 638 I
R 434 P
K 132 Z
R 578 L
K 599 F
K 84 Q
R 1159 O
R 1093 V
K 622 C
R 1078 C
R 566 P
R 460 L
K 619 Q
R 1060 O
R 423 P
R 326 S
K 146 L
K 62 F
R 1491 X
R 1061 Q
R 639 R
R 187 P
K 710 R
K 510 Z
K 352 C
K 261 O
K 129 C
K 105 X
K 92 I
R 725 I
R 595 Q
K 388 O
K 360 O
R 1320 Z
K 452 C
R 500 O
R 230 S
K 636 X
K 496 L
K 492 S
K 259 Q
R 730 P
R 726 Z
R 675 F
R 603 O
R 535 P
R 411 R
R 369 F
R 362 P
R 356 C
R 333 X
R 332 S
R 147 Z
R 79 O
R 52 O
K 595 Q
R 549 V
K 772 P
R 779 C
R 757 Q
R 541 C
R 532 F
R 351 S
K 128 P
R 697 Z
K 688 R
R 996 F
