2813
K 1134 P
K 378 H
R 1293 E
K 1148 Q
K 1108 U
K 252 E
R 310 P
K 650 H
K 490 E
R 593 E
R 334 W
K 1263 W
K 693 U
K 163 U
R 969 E
R 211 P
K 1313 E
K 1141 H
K 1080 W
K 28 Q
R 141 P
K 832 Q
R 1064 U
R 886 U
R 33 E
K 856 H
R 1338 W
R 961 E
R 585 E
R 526 P
R 108 U
R 80 W
K 835 H
R 1483 H
R 1322 U
R 1295 H
R 1140 H
R 1036 U
R 722 H
R 103 H
R 78 U
K 1097 W
R 1176 P
R 552 E
R 8 W
K 831 W
K 627 E
R 1012 W
R 387 U
R 223 P
K 858 E
R 1355 P
R 253 H
K 800 H
K 645 Q
K 445 H
K 231 E
R 1323 P
R 1320 Q
R 1269 P
R 958 P
R 929 E
R 263 Q
K 356 U
R 1129 U
R 990 P
R 899 U
R 346 U
R 185 U
K 89 Q
R 980 E
R 495 Q
K 1190 U
K 496 H
R 983 E
R 982 Q
R 581 H
R 522 W
R 457 H
R 255 H
R 7 U
K 1234 Q
K 1197 P
K 1158 Q
K 1051 W
K 287 Q
R 1474 H
R 1254 E
K 880 W
K 224 E
R 836 U
R 824 U
R 194 U
K 790 W
K 271 Q
K 68 Q
R 1422 U
K 1022 E
K 504 Q
K 292 U
K 285 U
R 604 P
K 1071 W
K 956 E
K 653 W
K 511 Q
K 245 Q
K 71 W
R 560 P
R 198 W
K 1081 P
K 697 W
K 358 Q
K 12 P
R 524 P
R 419 E
K 545 U
R 1249 U
R 1034 P
R 890 U
R 403 P
R 300 U
R 230 U
R 12 H
K 1038 P
K 256 W
R 1192 W
R 210 E
R 47 H
K 385 U
R 140 H
K 912 E
K 223 H
R 1477 W
R 121 U
K 1251 Q
K 854 W
K 747 W
K 628 W
R 519 U
R 125 Q
K 1025 W
R 981 W
R 649 E
R 487 W
R 316 P
K 774 H
R 1434 Q
R 1119 U
R 542 Q
K 796 Q
K 573 H
R 191 E
K 585 Q
R 1451 H
K 581 W
R 1310 E
R 1287 E
R 948 E
R 647 U
K 818 P
K 333 E
K 165 P
R 1486 H
R 825 Q
R 556 H
R 52 W
K 1299 P
K 1055 H
K 791 P
K 638 Q
R 1374 W
R 1068 H
K 122 P
R 142 H
K 916 H
K 421 U
R 1394 Q
R 627 W
R 571 P
K 316 H
R 1003 U
K 1201 E
K 503 Q
K 167 P
R 586 U
K 544 H
R 434 P
K 1253 Q
K 259 W
R 664 U
K 353 P
R 411 E
K 807 H
K 690 E
K 607 H
K 63 P
R 148 W
K 420 U
K 61 W
R 1463 W
R 1325 H
R 1223 P
R 1087 H
R 840 H
R 639 P
K 299 U
R 418 U
R 389 E
K 1117 W
K 1018 E
K 853 U
R 953 P
R 251 U
K 986 W
R 963 E
R 834 H
K 675 Q
R 138 E
K 1091 P
R 623 Q
R 242 H
K 918 P
R 1266 U
R 773 W
R 546 Q
R 323 P
K 949 U
K 900 H
K 719 P
K 673 U
K 439 P
K 429 E
K 363 E
K 342 E
R 1388 H
R 196 U
R 154 E
R 11 P
K 846 P
K 502 W
R 922 W
R 807 H
R 670 H
R 405 W
K 1215 P
K 1042 H
K 384 E
R 896 E
R 755 U
K 1105 E
K 52 U
R 674 W
K 1023 W
K 479 U
R 1102 Q
R 818 U
R 584 U
K 403 P
R 450 U
K 1280 P
K 543 Q
R 559 U
R 25 U
K 841 H
R 1268 U
R 1191 P
R 927 Q
R 906 Q
R 453 P
R 410 P
R 330 H
R 291 P
R 62 P
K 158 Q
K 142 Q
K 78 P
R 1263 W
R 98 E
K 258 P
R 1097 Q
K 280 U
R 1210 W
R 770 E
R 158 W
K 579 U
K 521 U
R 1190 E
K 1310 W
K 1221 E
K 787 E
R 1475 Q
K 902 W
K 213 E
R 682 W
R 607 W
R 134 H
K 188 E
R 1124 W
K 426 E
R 1200 E
R 1109 E
R 758 H
R 416 Q
K 672 Q
K 497 P
R 250 W
K 1138 H
K 735 P
K 635 W
K 295 W
R 1280 U
K 1088 U
K 1039 U
K 746 W
K 571 U
K 306 W
K 195 W
R 1151 U
R 336 P
R 23 H
K 1317 E
R 357 W
K 857 W
K 83 E
R 1357 H
R 313 H
K 1278 P
R 531 W
R 283 U
R 200 P
K 44 E
R 17 U
K 1004 P
K 13 U
R 573 H
K 567 E
R 582 W
K 390 U
R 1443 H
R 1303 H
K 161 W
R 1336 W
R 1114 U
K 1247 H
K 322 Q
R 113 W
R 34 W
K 436 P
R 1367 W
K 1268 Q
K 534 W
K 251 H
K 36 W
R 1022 Q
R 861 P
K 1151 H
K 1130 H
K 871 P
K 80 W
R 884 E
R 288 Q
K 35 W
R 1317 H
K 1303 P
R 946 U
R 461 H
K 193 E
K 14 H
R 923 U
K 1086 Q
K 248 P
R 619 U
K 1171 U
K 538 E
K 150 U
R 1456 Q
R 662 E
R 661 E
R 361 U
R 197 H
R 61 U
K 927 H
K 286 Q
R 1258 P
K 957 H
R 617 W
K 178 P
K 133 P
R 412 U
K 1257 U
K 816 U
K 781 W
K 641 P
R 925 H
R 5 U
K 406 Q
R 774 H
K 1034 P
K 472 H
K 432 W
K 87 P
R 757 E
R 687 W
R 54 Q
K 1230 H
R 696 U
K 132 E
R 744 U
R 375 U
K 548 H
R 1427 P
K 463 W
R 162 E
K 1254 U
K 323 E
K 79 U
R 1361 H
R 1000 H
K 266 E
R 950 P
R 473 W
R 424 E
R 305 U
K 1199 Q
R 1306 P
K 470 Q
K 101 U
R 1472 U
R 1226 Q
R 414 E
K 462 H
R 439 E
K 1082 E
K 1031 E
K 877 E
K 507 E
K 153 Q
R 1452 W
R 1127 H
R 738 E
K 1163 Q
K 928 E
R 1283 E
R 729 H
R 486 W
K 1126 P
R 1106 Q
R 734 Q
R 271 P
K 1176 E
R 1059 W
K 559 P
K 60 W
R 1108 Q
K 860 U
K 328 U
R 1267 W
R 260 H
K 1232 U
R 149 W
K 418 P
K 296 W
R 1327 W
R 978 H
R 579 W
R 500 W
R 379 W
K 1107 W
K 1084 H
K 937 W
K 881 W
K 633 H
K 441 Q
R 186 E
K 1256 Q
R 1080 P
R 569 U
K 1284 H
K 1160 H
K 665 H
R 1289 U
R 301 H
R 127 P
K 836 W
R 1246 P
R 752 Q
R 167 H
K 171 U
R 422 W
K 372 P
R 1264 W
R 918 U
R 829 H
K 995 P
K 826 P
K 764 U
K 383 H
R 1423 E
R 1347 W
R 1247 H
R 1215 P
K 1093 E
K 145 Q
R 1181 U
R 417 U
K 1002 H
K 394 W
R 996 U
R 708 U
R 548 U
K 1300 U
K 1248 E
R 462 W
K 714 E
K 648 W
R 1185 Q
R 1073 E
R 793 U
R 537 H
R 94 H
K 331 P
R 616 W
K 1261 U
K 1078 W
K 728 P
K 427 W
K 386 W
R 1271 H
R 36 H
K 1244 W
R 1122 W
R 1016 W
R 380 E
K 1222 H
R 1218 U
R 863 H
K 1102 Q
R 898 U
R 777 P
K 1192 Q
K 1182 U
K 828 H
K 5 H
R 1432 U
R 1238 U
R 525 E
R 351 H
K 678 P
R 603 H
K 899 E
R 704 P
K 910 E
R 312 P
R 110 Q
K 1292 W
K 942 W
R 1281 E
R 975 W
K 883 H
R 1256 H
R 1180 H
R 1030 U
K 754 Q
R 798 Q
R 240 P
K 1260 H
K 1219 W
K 265 E
R 423 Q
K 606 H
K 233 Q
R 1005 P
R 394 W
K 840 Q
K 370 W
K 22 P
R 1459 W
R 1209 Q
R 934 E
R 482 H
R 395 P
R 166 U
R 64 U
K 1202 Q
K 1187 Q
K 242 H
R 1220 H
R 180 H
R 60 P
K 868 P
K 694 E
R 1113 Q
R 352 W
K 704 E
R 215 Q
K 1167 Q
K 889 Q
K 86 P
R 1412 Q
R 1211 P
R 507 Q
K 553 E
K 210 Q
R 728 W
K 1016 W
K 888 H
K 707 P
K 407 P
R 909 H
R 745 U
K 769 Q
K 301 Q
R 84 W
K 1155 E
K 738 W
R 21 P
K 510 W
R 400 W
R 129 Q
K 640 P
R 866 Q
R 611 P
R 467 H
K 376 U
R 1230 H
R 977 W
R 96 U
K 770 E
R 1050 P
R 533 P
K 1005 U
R 1491 P
R 972 E
R 601 Q
R 527 Q
K 895 H
R 1116 U
R 659 E
R 83 Q
K 1060 P
R 1341 E
R 960 P
R 711 Q
R 620 P
R 442 H
R 345 H
R 118 E
R 116 Q
K 1001 P
K 969 E
R 1372 U
R 1199 W
R 1198 E
R 1053 E
K 467 P
R 1183 Q
R 42 Q
K 1220 Q
K 939 Q
K 108 H
R 1138 P
R 879 E
K 1100 H
R 1251 P
R 873 Q
R 16 E
K 1285 U
R 558 W
R 257 H
K 1137 U
K 629 U
R 498 P
K 1165 P
K 762 U
K 345 U
K 104 H
R 1023 Q
R 550 Q
K 1245 H
K 1242 H
K 362 H
R 1363 W
R 1065 U
R 887 W
R 124 H
K 1210 E
R 38 Q
K 1066 W
K 861 U
K 731 W
R 1371 P
K 1213 Q
K 920 P
R 1417 E
K 1321 Q
K 214 E
R 801 W
K 777 H
R 1159 E
R 247 E
K 222 Q
R 111 U
K 897 Q
K 817 H
K 705 P
K 592 Q
R 1387 E
R 1078 P
R 913 E
R 673 Q
R 201 H
R 109 P
R 15 U
K 1143 U
K 272 Q
R 1353 U
R 1178 P
K 921 U
K 639 W
R 503 H
K 102 U
R 785 Q
R 528 U
K 475 H
R 1229 H
R 1044 W
R 622 W
K 981 U
R 1245 U
R 1054 P
R 695 U
R 668 U
K 1166 P
K 56 U
R 1236 U
R 1144 P
R 636 P
R 259 Q
R 51 W
K 803 E
R 249 H
K 1273 U
K 766 P
K 621 H
R 1471 W
R 973 U
K 637 Q
K 114 Q
R 1454 Q
R 1060 H
R 657 Q
K 1177 P
K 771 Q
K 215 E
K 125 W
R 684 Q
R 629 U
R 382 W
R 239 Q
R 120 E
R 10 H
K 1259 E
K 829 W
K 239 P
R 1482 U
R 1321 Q
R 311 U
K 1 H
R 57 U
K 1275 U
K 660 H
R 1335 E
R 654 P
K 608 H
R 1342 P
R 614 P
R 321 H
K 278 P
K 76 H
R 891 U
R 221 H
K 997 Q
K 442 H
K 410 Q
R 1212 E
R 831 H
R 786 Q
R 427 U
K 936 W
R 1462 E
R 1329 U
R 1105 W
R 426 P
R 364 P
R 339 U
R 268 U
R 204 Q
K 1139 W
K 959 E
K 925 U
K 610 W
R 431 Q
K 1036 Q
K 901 Q
K 206 H
R 502 P
R 332 P
R 4 P
K 569 W
R 735 E
K 849 W
K 172 H
R 471 P
K 1238 U
R 795 Q
R 381 Q
K 1198 U
R 1411 Q
R 1409 U
R 1020 E
R 282 U
R 169 Q
K 622 W
R 543 Q
R 534 H
K 1191 P
K 1048 U
K 599 H
K 584 H
R 58 Q
K 450 Q
K 428 P
R 1439 W
R 1201 W
R 1013 P
R 689 P
R 409 W
K 1195 W
K 368 H
R 493 U
K 706 P
R 1379 W
K 691 Q
K 647 P
K 602 W
K 139 E
R 1004 U
R 193 Q
K 198 W
R 872 Q
K 1073 P
R 1450 H
R 433 Q
K 850 W
K 39 Q
R 998 P
K 983 U
K 775 P
K 453 Q
K 91 P
R 276 E
K 1231 E
K 598 Q
K 105 W
K 69 E
R 1141 Q
R 919 H
R 505 H
K 718 U
R 340 W
K 1297 U
K 1206 W
K 1174 W
K 577 Q
K 572 E
R 1174 P
K 798 E
K 332 W
R 499 Q
K 793 P
K 34 E
R 1132 Q
R 605 P
K 686 U
K 547 P
K 431 P
K 203 W
K 186 Q
K 42 U
R 1457 E
R 77 E
K 1015 Q
R 192 P
K 884 H
K 815 W
K 749 P
K 402 H
K 343 Q
K 205 H
R 1166 E
R 709 W
K 1085 W
K 994 Q
R 46 H
K 18 E
R 1171 E
R 183 Q
K 933 P
R 1468 U
K 261 Q
K 211 Q
R 1011 P
K 54 Q
R 904 U
R 347 E
K 1129 W
R 893 H
R 669 W
R 393 W
R 135 W
K 1170 P
R 1358 P
R 894 Q
R 87 P
K 820 E
K 3 U
R 965 E
R 599 W
K 669 H
R 1252 H
R 1077 Q
R 1051 H
R 790 P
R 407 Q
K 1196 H
K 556 E
K 506 Q
K 179 E
K 169 P
K 127 W
K 75 Q
R 865 H
R 787 W
K 1076 Q
K 941 P
K 784 U
R 804 U
R 481 Q
K 321 H
K 81 H
R 343 U
K 1276 Q
K 751 H
R 181 W
K 576 Q
R 2 H
K 1306 E
K 1274 H
K 779 Q
R 1028 W
R 1019 W
R 477 W
K 819 P
K 685 P
K 595 Q
K 517 H
R 1373 E
R 396 E
R 216 P
K 794 Q
K 763 Q
K 682 P
K 460 P
R 1089 H
K 557 E
R 816 U
K 1127 H
K 143 Q
K 128 E
R 1074 P
R 385 H
R 306 E
R 182 W
K 973 Q
K 926 P
R 760 W
R 587 Q
R 106 H
K 49 E
R 748 Q
K 656 U
R 68 W
K 1069 E
R 988 H
K 1062 U
K 269 U
R 1381 Q
R 692 U
R 153 Q
K 47 H
R 1048 E
K 615 H
K 515 H
R 1458 E
R 1384 E
K 919 H
R 208 E
K 1279 W
K 924 W
K 666 W
K 240 E
R 440 Q
K 1146 E
K 1012 E
R 139 H
K 632 U
R 826 H
R 88 H
K 1211 H
K 720 E
K 21 H
R 877 Q
R 514 W
R 1 E
K 1145 P
R 1362 H
R 1272 P
R 1202 H
R 828 P
R 678 P
K 626 E
R 1438 E
R 624 E
R 595 E
R 284 W
K 1225 P
R 1370 H
R 1337 E
R 1253 Q
K 473 U
R 1349 U
R 1167 W
K 839 U
K 782 H
K 303 Q
R 1485 H
R 589 W
K 1124 H
K 842 E
K 449 H
R 747 U
K 1058 H
R 1469 U
R 921 P
R 706 E
R 218 U
K 469 H
R 1428 P
R 731 H
R 594 H
R 592 H
K 797 U
R 1441 Q
K 911 H
R 1478 E
R 1093 E
K 1162 H
K 401 H
R 1419 U
R 553 H
K 934 E
R 1319 H
R 1240 U
R 341 W
R 261 E
R 45 E
K 711 W
K 360 W
K 115 E
R 1081 E
R 658 E
R 203 U
R 19 U
K 721 U
K 247 W
R 645 P
K 745 W
R 955 W
R 917 W
R 794 W
R 707 W
R 572 E
R 447 P
R 30 W
K 689 Q
R 1488 W
R 1410 Q
R 1393 Q
R 903 E
R 775 Q
R 476 U
K 847 Q
K 344 W
R 937 Q
R 859 U
K 954 Q
K 574 E
K 458 Q
R 370 H
K 953 U
R 1014 H
K 1181 E
K 944 U
K 767 U
R 1305 U
R 404 E
R 402 P
K 456 E
K 129 U
R 985 U
R 763 W
K 1281 W
K 1218 Q
K 1050 Q
K 809 Q
K 522 Q
R 577 E
K 1135 E
K 466 H
R 269 P
K 905 H
K 723 Q
K 15 Q
R 1294 H
R 1282 Q
R 1018 Q
R 626 E
R 520 H
R 432 U
K 752 H
K 668 P
K 379 H
K 48 H
R 145 U
K 613 P
R 1318 E
R 1255 W
R 1061 P
R 902 P
R 651 P
R 170 H
R 146 Q
R 18 P
K 583 Q
K 561 H
R 776 W
K 138 H
R 854 U
K 1136 H
K 1132 H
R 1219 E
R 1096 H
R 591 U
R 229 H
R 53 E
K 759 P
R 1299 P
R 1031 Q
K 485 W
R 451 P
R 155 E
K 1290 Q
K 1283 P
R 1366 H
R 1160 W
R 1055 E
R 245 H
K 783 P
R 1008 E
K 1294 H
K 1120 E
K 477 P
K 147 E
K 17 E
R 1425 P
R 1382 U
R 1339 H
R 820 U
K 1272 E
K 1104 H
K 631 Q
K 578 E
K 154 P
K 46 E
K 20 W
R 869 P
R 637 E
K 1291 W
K 1035 W
K 438 W
K 30 E
R 354 Q
R 66 W
K 873 H
K 808 U
R 147 Q
K 512 P
K 200 P
R 91 U
K 988 U
K 73 W
R 1197 W
R 1067 Q
R 1041 W
K 966 Q
K 514 W
R 1345 H
K 1172 W
K 1156 P
K 737 P
R 1356 U
R 563 U
R 225 Q
K 906 W
R 480 P
K 300 W
R 509 E
K 1240 Q
R 309 P
K 1020 W
R 1424 H
R 947 H
K 701 E
R 143 U
K 532 P
R 849 U
R 705 P
R 538 Q
R 207 P
K 112 E
R 1406 E
R 24 H
K 488 Q
K 26 Q
R 205 H
K 37 E
R 926 H
K 1241 Q
K 730 H
K 55 E
R 1079 U
R 521 W
R 27 Q
K 1056 E
K 1026 W
K 1007 U
R 1380 E
R 1346 U
R 504 P
R 429 E
R 156 Q
K 867 P
K 565 U
K 282 U
R 1461 E
K 674 Q
K 220 U
R 1484 W
K 670 Q
R 968 H
K 1252 E
K 887 H
K 311 H
R 372 P
R 237 H
K 298 Q
R 710 P
R 256 P
K 1064 P
K 619 Q
R 630 W
K 232 U
R 1448 E
R 1313 U
R 1145 U
R 907 H
R 830 U
R 700 H
R 152 E
K 999 U
K 945 W
K 843 W
K 325 H
K 225 Q
R 1117 Q
R 606 U
K 952 E
K 516 W
K 131 Q
R 1467 P
R 1390 H
R 1177 Q
R 1026 P
R 802 U
R 628 E
K 757 H
K 192 W
R 1149 E
K 970 Q
R 931 E
K 1053 H
K 722 E
R 1172 Q
R 660 W
R 445 U
K 241 H
R 815 U
R 177 U
K 451 H
K 440 U
R 1173 W
R 549 P
K 813 P
K 318 W
K 309 W
R 944 W
R 376 Q
K 1184 U
K 855 H
R 844 W
R 472 P
R 355 U
K 130 H
R 1453 P
R 821 H
K 1061 U
K 898 E
K 789 U
R 677 Q
K 70 P
R 1139 P
R 1052 P
R 832 H
R 397 P
K 611 Q
R 717 P
R 597 Q
R 222 W
K 908 E
R 749 H
K 1227 H
K 1226 Q
K 1149 U
K 334 P
R 951 E
K 688 Q
R 932 E
R 490 H
R 378 E
K 404 U
R 1143 U
R 920 U
R 915 E
K 1037 U
K 1011 H
K 519 H
K 126 E
K 19 E
R 1431 W
K 958 E
R 488 P
R 144 U
K 909 H
K 531 Q
R 792 P
R 766 E
R 151 W
K 371 U
R 1334 W
R 1137 Q
K 940 H
K 922 W
K 57 H
R 732 E
R 610 H
K 524 U
R 1091 U
R 535 W
R 497 Q
K 1185 E
R 1360 W
R 1153 H
K 495 E
R 1415 H
K 1083 E
K 1054 Q
K 1003 P
K 700 H
K 430 U
K 364 P
K 330 H
R 1194 P
R 1083 U
R 1029 P
R 911 P
R 783 P
R 741 U
R 557 Q
R 337 Q
K 984 Q
K 778 W
K 297 W
K 294 H
R 867 U
R 398 H
K 434 H
K 38 Q
R 719 P
R 41 E
K 1304 H
K 1157 H
K 1021 U
K 699 U
R 1250 E
R 880 W
K 92 P
R 1330 P
R 691 E
K 1250 E
K 448 W
R 1368 U
R 1021 Q
K 962 E
K 736 W
R 1418 P
K 658 P
K 187 E
R 1404 U
R 1311 Q
R 767 Q
R 342 U
R 318 H
K 661 W
R 1445 W
R 1042 E
R 248 H
K 680 U
R 835 W
R 730 E
K 1216 U
R 971 P
R 680 P
K 120 E
R 1094 H
K 776 Q
K 644 U
R 1359 P
R 874 H
K 913 P
K 773 W
K 494 E
R 1397 U
R 1088 U
K 554 W
K 546 U
R 1401 W
R 646 P
K 1152 U
K 1057 H
K 869 P
K 805 H
R 892 Q
K 1320 Q
K 862 Q
K 422 E
R 964 H
R 720 H
R 625 W
K 1235 E
K 772 W
K 348 E
R 1407 P
K 1164 E
R 1395 E
R 1276 P
K 634 Q
R 1270 Q
R 962 U
R 839 U
R 102 U
K 1282 W
K 230 P
R 40 U
K 582 W
K 90 E
R 114 Q
K 156 U
R 1165 Q
K 1059 Q
K 755 P
R 304 H
K 41 E
R 694 Q
K 1293 U
K 725 U
K 523 H
K 425 Q
K 388 P
K 304 Q
K 135 H
R 1146 Q
R 940 H
R 910 U
R 366 E
K 1315 Q
K 389 U
R 335 W
K 1140 H
K 491 H
R 1090 Q
R 219 E
K 308 P
R 1440 U
R 1015 Q
R 992 U
R 942 W
R 882 P
R 267 E
R 74 U
K 493 H
R 837 W
R 819 U
R 299 H
R 75 H
K 620 P
R 1066 H
K 885 P
R 1279 W
R 796 P
K 346 U
R 648 H
R 475 E
R 446 U
K 780 P
R 1076 U
R 506 U
K 1318 H
K 1029 Q
K 976 U
K 359 H
R 1187 U
R 371 Q
R 112 W
K 662 E
K 624 Q
R 935 H
R 101 H
K 486 P
R 1489 E
R 1444 P
R 1436 E
R 1420 P
R 1332 Q
R 838 E
R 789 W
R 693 H
R 671 Q
R 501 Q
R 252 P
K 529 E
K 433 E
K 412 E
K 119 E
K 103 Q
R 642 P
K 753 W
R 285 E
R 241 U
K 1266 U
K 1119 W
K 84 Q
R 1224 Q
R 1007 H
K 1161 H
K 799 H
K 724 E
R 1298 U
R 652 P
R 644 U
K 1087 W
K 317 E
R 851 Q
K 1094 W
R 703 Q
K 1169 Q
K 395 Q
K 160 H
R 1308 H
R 999 P
R 984 Q
K 802 Q
K 447 W
R 733 E
K 1200 Q
R 1378 U
K 733 Q
K 327 Q
K 166 Q
K 155 P
R 1217 U
R 811 E
R 326 P
K 947 P
K 600 E
K 593 E
K 541 U
K 290 U
R 329 Q
K 1237 Q
K 32 U
R 1243 U
R 938 U
R 676 P
K 1068 P
K 739 H
K 651 H
R 308 E
K 1133 Q
K 1099 Q
K 417 H
K 319 Q
R 539 W
K 948 W
K 681 H
R 1148 U
K 110 W
R 1006 Q
R 868 E
R 847 U
R 580 W
K 1270 P
K 875 H
K 609 E
R 943 P
R 900 U
R 596 E
K 1019 Q
K 990 H
K 712 U
K 455 E
R 1340 H
R 912 H
R 885 U
R 762 Q
K 1288 Q
K 830 E
K 216 Q
R 1062 U
R 325 H
K 194 P
R 1098 E
R 667 P
R 598 P
R 199 H
R 187 H
K 1239 U
R 1152 U
R 858 U
R 788 P
R 244 U
K 996 H
R 1316 W
R 1103 U
K 967 E
K 930 P
K 443 H
R 1487 Q
K 716 U
R 1046 U
R 856 U
R 217 E
R 72 E
K 982 U
K 812 H
R 399 Q
K 1070 U
R 1333 U
R 679 H
R 86 H
R 26 W
K 339 E
R 1314 H
R 769 P
K 1228 Q
K 336 E
K 253 W
R 1099 Q
R 478 Q
R 20 E
K 750 Q
K 604 H
R 701 W
R 274 U
K 180 E
R 634 U
K 1267 H
K 221 U
R 362 E
K 1258 W
K 740 U
K 411 U
R 1437 Q
R 421 Q
R 100 E
K 43 U
R 1024 P
K 1246 H
K 283 P
R 1110 E
R 1049 Q
R 1033 Q
R 914 H
K 879 W
R 137 P
K 275 H
R 712 U
K 185 U
K 99 Q
K 24 W
R 1239 E
K 580 U
K 53 H
R 888 P
R 845 W
K 558 P
K 176 U
R 494 W
K 851 Q
R 1447 W
R 1399 W
R 784 W
R 37 E
K 810 P
K 596 W
R 1038 Q
R 813 Q
R 159 W
K 536 P
R 1056 E
R 699 U
K 1249 E
K 320 H
R 1170 U
R 562 E
R 547 P
R 338 Q
K 66 W
R 750 U
R 510 U
R 367 W
K 197 P
R 1296 P
R 578 E
R 126 P
K 564 H
K 109 U
K 77 P
R 1244 P
R 314 U
K 972 E
R 81 W
K 1128 U
K 347 W
R 779 E
R 349 P
K 1233 U
R 1207 P
R 32 Q
K 1111 H
R 764 P
K 1277 U
K 1113 W
K 1109 W
K 392 H
K 237 Q
R 1364 Q
R 954 U
K 683 H
K 170 W
R 1413 W
R 1343 Q
R 1072 U
R 485 H
K 892 E
K 756 P
R 1376 P
R 266 U
K 1203 Q
R 743 W
K 1116 Q
K 31 E
R 1111 H
K 1312 E
K 965 E
K 312 U
R 1150 E
R 566 E
R 384 H
R 281 P
R 9 P
K 1314 W
K 1217 U
K 788 W
K 652 P
R 1277 E
R 1135 P
R 444 P
R 227 Q
R 190 Q
K 492 H
R 1426 P
K 768 W
K 612 Q
R 1045 H
K 932 Q
K 929 P
K 823 Q
R 1205 W
R 319 W
K 568 Q
R 327 P
R 236 Q
K 1043 W
K 1009 P
K 968 W
K 551 E
K 393 W
K 377 E
R 841 U
K 408 P
K 281 H
R 258 W
K 935 W
K 601 P
R 936 E
K 616 E
K 474 Q
R 871 W
K 540 U
R 383 H
K 1072 H
K 1052 Q
K 6 Q
R 1257 W
R 686 U
R 168 W
K 1067 H
K 149 Q
R 1377 E
R 1032 P
K 1208 H
R 1460 Q
R 171 P
K 696 U
R 1179 Q
K 340 E
R 1002 H
K 23 W
R 881 U
K 1271 W
K 663 E
K 646 H
K 552 H
R 1228 P
R 1009 U
R 233 Q
K 1224 W
K 1049 W
R 1398 P
R 1084 H
R 565 U
R 97 U
K 257 W
R 1348 W
R 377 P
K 1123 Q
K 734 Q
K 677 U
R 1402 Q
R 1301 H
K 866 W
K 263 H
R 1241 H
R 1104 U
R 561 E
R 128 W
K 993 E
K 827 Q
K 667 E
K 196 H
K 189 Q
R 1237 E
R 1214 Q
R 663 U
R 643 P
R 161 W
R 48 P
R 35 Q
K 464 P
K 229 H
R 855 U
R 468 U
R 328 Q
K 955 P
K 279 P
R 437 H
K 1063 H
K 82 P
R 1075 W
R 373 U
R 85 H
K 277 U
K 264 Q
R 1186 E
K 998 Q
K 518 Q
R 1309 E
R 529 H
R 420 P
R 3 E
K 387 E
K 190 H
R 860 U
R 515 E
R 294 W
K 654 Q
K 355 E
R 1162 H
R 122 Q
R 115 W
K 234 H
K 123 Q
R 809 U
R 751 H
R 264 E
K 1243 H
K 1204 W
K 975 P
K 786 P
K 499 U
K 208 Q
K 93 Q
R 956 P
R 782 E
K 117 U
R 1455 U
R 1261 H
R 864 E
R 781 Q
R 517 Q
R 484 H
R 175 Q
K 1103 U
K 732 H
R 791 W
R 184 H
K 977 P
K 575 E
K 116 P
R 516 W
R 90 W
K 811 E
K 687 W
K 539 P
K 400 W
K 98 W
R 1292 P
R 1260 P
R 613 E
K 874 U
R 174 P
K 1013 H
K 33 H
R 491 E
K 366 H
R 1188 E
K 1178 U
K 1041 E
K 657 W
R 272 H
K 1033 W
K 182 W
R 1354 W
R 1351 W
R 1208 P
R 905 W
R 356 W
R 270 W
K 1159 E
R 1386 Q
R 609 E
K 508 W
K 274 Q
K 8 E
R 945 P
K 649 H
R 1147 W
K 833 E
R 1193 W
K 465 Q
R 1312 U
R 1125 P
R 817 E
R 608 W
R 452 W
R 353 Q
K 642 U
K 542 Q
R 870 P
K 1319 P
K 1147 H
K 961 E
K 960 W
K 655 W
K 625 W
K 597 H
K 313 W
K 244 U
R 1195 P
R 1025 Q
R 463 H
K 209 U
R 360 Q
K 946 Q
K 821 W
K 636 H
R 721 E
R 656 U
K 1106 W
K 834 Q
K 137 P
R 317 E
K 914 Q
K 891 H
K 743 Q
K 550 E
R 1331 H
R 878 Q
R 778 W
R 753 P
K 1112 U
R 897 E
R 725 P
K 904 W
K 859 Q
K 844 U
R 1286 W
R 540 U
K 588 Q
R 1189 H
R 1128 Q
R 967 U
R 511 E
R 277 E
K 801 W
R 1163 E
R 995 W
R 846 E
R 82 W
K 1236 P
R 991 U
R 857 E
R 672 E
R 228 H
R 160 P
K 537 E
K 357 E
K 64 Q
K 45 Q
R 1300 Q
R 600 W
K 1010 E
R 1086 Q
R 99 W
K 1046 Q
K 837 E
K 202 P
R 1204 P
R 1085 H
R 279 P
K 175 U
K 2 W
R 1278 E
R 1123 H
R 737 E
R 449 E
R 290 H
R 22 W
K 713 P
R 1126 W
R 924 H
K 461 P
R 489 U
R 243 P
K 1295 E
R 724 E
R 443 E
R 50 P
K 361 H
K 226 Q
R 974 E
K 931 W
K 915 H
R 293 P
K 1175 U
K 267 P
R 1037 U
R 518 U
R 454 H
K 1316 Q
R 1473 Q
R 714 H
K 562 E
K 354 H
R 1259 H
R 979 H
R 555 E
R 173 Q
R 119 H
K 974 Q
K 350 E
R 567 W
R 55 E
K 509 Q
R 1231 H
R 740 Q
K 1040 P
R 1442 Q
R 1328 U
R 1315 P
R 570 P
R 406 Q
R 254 P
R 165 P
K 708 P
K 587 P
K 121 H
R 13 W
K 1229 E
K 1223 W
R 806 H
R 95 E
K 74 W
R 1115 H
R 959 W
K 765 Q
K 468 W
K 413 Q
K 341 W
K 162 W
R 1392 P
R 852 H
R 374 W
K 291 W
K 219 H
R 1222 E
R 1001 E
R 805 P
R 615 W
R 575 Q
R 413 P
K 979 U
R 772 Q
R 508 W
R 363 U
R 234 Q
K 310 P
K 207 Q
R 1304 H
R 287 H
K 1298 Q
K 95 U
R 1481 E
K 692 P
K 498 U
R 780 U
R 79 P
K 804 U
K 118 E
R 1302 W
R 1206 W
R 1082 W
R 650 W
K 525 U
R 574 H
K 563 U
K 62 P
R 1433 E
K 1154 E
K 254 W
R 1154 E
R 771 Q
R 761 Q
R 576 U
R 73 W
K 1189 Q
K 989 P
K 484 W
R 1389 E
K 864 Q
R 1131 P
K 1114 H
K 1090 H
K 664 H
K 560 H
K 399 H
R 157 Q
K 227 H
R 1391 W
R 1121 H
R 814 P
R 554 P
R 117 H
K 1014 H
K 878 U
K 454 H
R 1400 E
K 589 E
K 288 E
K 164 H
K 11 E
R 92 Q
K 985 E
K 505 Q
K 212 Q
K 85 Q
R 296 W
R 224 E
K 527 H
R 1408 H
R 1092 Q
R 1039 E
R 823 Q
R 635 E
R 428 E
K 236 U
R 1385 U
R 1350 U
R 799 U
R 163 W
K 1183 P
K 181 U
R 1383 U
R 1290 E
R 986 P
R 466 H
R 136 W
K 444 Q
K 326 W
R 681 U
R 368 E
K 59 W
R 1274 U
K 590 W
R 1235 U
K 476 W
K 415 W
K 235 Q
R 1112 Q
R 438 P
R 275 W
K 566 U
K 228 P
R 1156 E
R 1063 Q
K 1110 E
K 917 H
R 1225 U
R 392 H
R 71 P
K 727 W
R 492 H
K 1075 H
K 703 W
K 96 U
R 1203 E
K 338 U
R 1464 H
R 1196 W
R 612 W
R 131 U
R 65 U
K 1101 E
R 369 P
R 214 E
K 717 P
K 483 U
R 1465 W
R 568 Q
R 29 H
K 659 W
K 107 H
R 195 Q
K 594 P
R 1161 H
K 246 U
R 1307 U
R 1010 U
R 727 Q
R 590 H
R 123 Q
K 1214 P
K 1194 U
K 1168 E
K 814 P
K 414 Q
K 249 P
R 1017 P
R 928 E
R 262 U
K 478 Q
R 908 E
R 358 H
K 1027 U
R 133 E
K 1047 E
K 894 U
K 535 W
K 151 P
K 136 P
K 7 Q
R 1071 H
R 212 W
K 1323 P
R 653 H
R 273 W
K 314 U
R 1396 H
R 1070 U
K 204 Q
R 1416 Q
R 675 W
R 541 Q
K 1269 H
R 231 W
R 93 E
K 1309 E
K 1207 P
K 980 P
K 618 U
K 177 U
K 152 U
R 307 Q
K 1286 H
K 533 E
K 459 Q
K 373 Q
R 853 E
R 588 Q
K 1142 E
K 729 E
K 424 Q
K 51 E
R 1040 U
R 386 P
R 298 U
K 630 Q
R 1449 E
K 457 Q
R 883 W
K 1089 E
R 1248 P
R 1069 H
R 455 E
R 130 P
K 1289 W
K 890 P
K 643 U
R 6 H
K 865 U
K 398 P
K 289 U
R 1213 H
R 768 U
R 246 H
K 603 P
R 1375 U
R 808 W
R 564 W
R 532 U
K 882 Q
K 217 Q
K 183 E
K 113 Q
R 1035 Q
R 746 Q
R 456 W
R 322 P
R 280 Q
K 352 U
R 765 P
R 583 H
R 31 U
K 1209 P
K 140 H
R 295 U
K 1301 P
K 795 Q
R 698 E
K 876 E
K 605 H
K 520 H
K 500 E
R 1429 H
R 69 E
K 1287 P
R 1470 P
R 1288 Q
K 695 H
K 471 E
R 1490 P
R 941 P
R 797 H
K 284 U
R 862 H
K 1180 H
K 337 H
K 305 Q
R 1479 H
R 1291 P
R 179 Q
K 555 E
K 405 H
K 375 H
R 1466 P
R 876 U
R 631 P
R 303 P
R 289 P
R 89 W
R 43 E
K 1017 Q
K 715 H
R 545 P
K 963 Q
K 549 H
K 381 P
R 1182 U
R 1164 P
R 848 Q
R 803 Q
R 800 E
K 1188 H
R 315 Q
K 1006 U
R 1297 W
K 144 U
R 987 U
R 632 Q
R 286 H
K 1265 Q
K 1098 H
K 978 W
K 964 P
K 824 H
K 785 P
R 1430 U
R 1352 H
R 1233 E
R 1101 W
R 1100 P
R 188 H
K 1322 Q
R 1134 W
R 875 Q
R 697 Q
K 1000 W
K 452 U
K 416 W
R 993 W
R 916 P
R 14 W
K 1262 E
K 526 W
R 544 H
K 1308 E
K 1144 E
K 886 E
K 852 P
K 255 W
R 1175 W
R 895 P
K 679 H
R 390 H
R 132 P
K 893 U
K 591 U
K 513 H
R 822 W
K 1307 U
K 1186 H
K 1122 Q
K 365 W
R 512 P
K 744 E
R 1027 P
R 957 P
R 715 E
K 423 W
R 939 H
R 739 E
K 94 P
R 1414 E
K 1305 E
K 273 U
K 40 E
R 496 W
K 1077 P
R 1169 H
R 1107 Q
R 415 Q
K 951 W
R 1369 H
R 530 H
R 470 Q
K 329 H
K 270 W
K 238 Q
K 25 E
R 997 U
K 991 H
R 970 W
R 842 Q
R 756 H
K 710 Q
K 623 E
R 1158 W
R 39 W
K 1028 P
K 676 P
K 88 E
K 16 U
R 1221 P
R 723 Q
R 63 E
K 1096 H
K 1008 H
R 1403 U
R 1242 H
K 726 U
K 671 H
K 218 P
R 1265 W
K 1045 E
R 459 Q
K 184 P
R 1095 H
R 1043 P
R 736 E
R 641 Q
R 465 P
R 430 P
K 838 P
K 586 H
K 111 U
R 1273 H
R 685 W
R 536 P
K 1115 E
R 810 Q
K 758 U
R 1492 H
R 1344 P
K 987 U
K 863 P
K 268 E
R 1157 P
R 425 U
K 260 W
R 220 P
K 435 H
R 469 E
K 741 P
K 199 W
R 666 E
R 618 E
K 1212 U
K 1125 E
R 833 U
R 713 W
K 1150 Q
K 971 W
K 315 E
R 1184 H
K 100 U
R 172 H
K 1131 Q
K 396 H
K 97 H
R 436 E
R 206 W
R 176 H
R 105 W
K 480 U
K 262 P
R 1326 W
R 333 P
K 950 P
K 903 Q
K 617 W
R 388 U
K 1153 P
R 1405 H
R 226 W
K 1118 E
K 380 P
R 827 Q
R 726 Q
R 178 W
K 72 E
R 1476 E
R 665 U
K 742 W
K 351 U
R 551 H
K 1024 E
K 173 P
K 168 P
R 344 Q
K 1179 W
K 923 Q
K 397 Q
R 655 P
K 1311 P
K 748 W
K 50 P
R 1118 Q
K 324 E
R 1284 U
K 1074 U
K 698 E
R 265 P
K 1302 E
K 1205 P
K 482 H
K 481 E
K 409 U
K 9 H
R 966 H
R 812 H
R 513 W
K 293 W
K 174 P
R 1365 P
R 1285 U
R 640 P
K 1193 H
R 202 P
K 1065 Q
K 792 P
K 487 P
K 419 P
K 374 Q
K 191 Q
K 146 U
R 930 H
K 709 Q
R 1324 H
R 1232 Q
R 1136 U
R 1120 Q
R 949 W
R 435 H
R 302 U
R 44 Q
K 1092 Q
K 992 P
K 761 H
K 760 H
K 250 U
K 67 U
R 901 H
R 716 U
K 1095 E
K 1079 E
K 528 Q
K 148 U
R 1168 H
R 1047 P
R 688 Q
R 523 W
R 150 U
K 201 P
K 10 Q
R 1275 Q
R 976 H
R 889 H
R 621 U
R 479 Q
R 331 U
R 297 Q
K 124 E
R 1480 E
R 1155 E
R 348 E
R 235 H
R 189 E
R 107 Q
R 67 E
K 943 W
K 870 W
K 369 P
R 70 Q
K 845 P
K 307 E
R 1234 H
R 759 P
R 238 H
K 1032 H
K 848 W
K 614 W
R 1421 W
R 441 W
R 232 E
K 134 U
R 933 U
R 401 P
K 4 H
R 683 E
K 702 E
K 382 Q
K 65 W
K 27 Q
R 1142 E
R 164 Q
K 489 E
K 276 Q
K 159 W
R 359 H
K 367 Q
R 994 Q
R 850 E
R 754 W
R 76 W
K 1255 U
R 1057 W
R 633 H
K 1296 E
K 872 E
K 391 E
K 335 H
R 742 P
R 408 W
R 391 W
R 320 W
K 501 H
R 474 E
R 49 H
K 1030 E
K 907 U
K 349 H
K 58 H
R 448 Q
R 292 P
R 104 W
K 896 E
R 1133 U
R 602 E
R 278 P
K 1264 U
K 825 Q
R 1227 H
K 684 Q
R 1446 E
K 570 Q
R 843 Q
R 324 W
K 1173 H
R 989 P
R 718 P
K 1044 W
K 938 E
R 1435 Q
R 1130 Q
R 1058 W
R 464 U
R 460 H
K 530 W
K 243 W
K 141 E
R 1216 P
K 157 W
R 1262 E
R 702 W
R 638 W
R 483 W
R 56 E
R 28 H
K 1121 H
K 822 H
K 446 E
K 106 Q
K 29 Q
R 690 E
R 350 H
R 209 E
K 437 W
R 952 H
R 365 H
R 59 W
K 806 H
K 302 Q
