2669
K 1469 B
K 1453 B
K 1445 B
K 1441 B
K 1439 B
K 1438 B
K 1437 A
K 1421 B
K 1413 B
K 1409 B
K 1407 B
K 1406 B
K 1405 A
K 1397 B
K 1393 B
K 1391 B
K 1390 B
K 1389 A
K 1385 B
K 1383 B
K 1382 B
K 1381 A
K 1379 B
K 1378 B
K 1377 A
K 1376 B
K 1375 A
K 1374 A
K 1357 B
K 1349 B
K 1345 B
K 1343 B
K 1342 B
K 1341 A
K 1333 B
K 1329 B
K 1327 B
K 1326 B
K 1325 A
K 1321 B
K 1319 B
K 1318 B
K 1317 A
K 1315 B
K 1314 B
K 1313 A
K 1312 B
K 1311 A
K 1310 A
K 1301 B
K 1297 B
K 1295 B
K 1294 B
K 1293 A
K 1289 B
K 1287 B
K 1286 B
K 1285 A
K 1283 B
K 1282 B
K 1281 A
K 1280 B
K 1279 A
K 1278 A
K 1273 B
K 1271 B
K 1270 B
K 1269 A
K 1267 B
K 1266 B
K 1265 A
K 1264 B
K 1263 A
K 1262 A
K 1259 B
K 1258 B
K 1257 A
K 1256 B
K 1255 A
K 1254 A
K 1252 B
K 1251 A
K 1250 A
K 1248 A
K 1229 B
K 1221 B
K 1217 B
K 1215 B
K 1214 B
K 1213 A
K 1205 B
K 1201 B
K 1199 B
K 1198 B
K 1197 A
K 1193 B
K 1191 B
K 1190 B
K 1189 A
K 1187 B
K 1186 B
K 1185 A
K 1184 B
K 1183 A
K 1182 A
K 1173 B
K 1169 B
K 1167 B
K 1166 B
K 1165 A
K 1161 B
K 1159 B
K 1158 B
K 1157 A
K 1155 B
K 1154 B
K 1153 A
K 1152 B
K 1151 A
K 1150 A
K 1145 B
K 1143 B
K 1142 B
K 1141 A
K 1139 B
K 1138 B
K 1137 A
K 1136 B
K 1135 A
K 1134 A
K 1131 B
K 1130 B
K 1129 A
K 1128 B
K 1127 A
K 1126 A
K 1124 B
K 1123 A
K 1122 A
K 1120 A
K 1109 B
K 1105 B
K 1103 B
K 1102 B
K 1101 A
K 1097 B
K 1095 B
K 1094 B
K 1093 A
K 1091 B
K 1090 B
K 1089 A
K 1088 B
K 1087 A
K 1086 A
K 1081 B
K 1079 B
K 1078 B
K 1077 A
K 1075 B
K 1074 B
K 1073 A
K 1072 B
K 1071 A
K 1070 A
K 1067 B
K 1066 B
K 1065 A
K 1064 B
K 1063 A
K 1062 A
K 1060 B
K 1059 A
K 1058 A
K 1056 A
K 1049 B
K 1047 B
K 1046 B
K 1045 A
K 1043 B
K 1042 B
K 1041 A
K 1040 B
K 1039 A
K 1038 A
K 1035 B
K 1034 B
K 1033 A
K 1032 B
K 1031 A
K 1030 A
K 1028 B
K 1027 A
K 1026 A
K 1024 A
K 1019 B
K 1018 B
K 1017 A
K 1016 B
K 1015 A
K 1014 A
K 1012 B
K 1011 A
K 1010 A
K 1008 A
K 1004 B
K 1003 A
K 1002 A
K 1000 A
K 996 A
K 973 B
K 965 B
K 961 B
K 959 B
K 958 B
K 957 A
K 949 B
K 945 B
K 943 B
K 942 B
K 941 A
K 937 B
K 935 B
K 934 B
K 933 A
K 931 B
K 930 B
K 929 A
K 928 B
K 927 A
K 926 A
K 917 B
K 913 B
K 911 B
K 910 B
K 909 A
K 905 B
K 903 B
K 902 B
K 901 A
K 899 B
K 898 B
K 897 A
K 896 B
K 895 A
K 894 A
K 889 B
K 887 B
K 886 B
K 885 A
K 883 B
K 882 B
K 881 A
K 880 B
K 879 A
K 878 A
K 875 B
K 874 B
K 873 A
K 872 B
K 871 A
K 870 A
K 868 B
K 867 A
K 866 A
K 864 A
K 853 B
K 849 B
K 847 B
K 846 B
K 845 A
K 841 B
K 839 B
K 838 B
K 837 A
K 835 B
K 834 B
K 833 A
K 832 B
K 831 A
K 830 A
K 825 B
K 823 B
K 822 B
K 821 A
K 819 B
K 818 B
K 817 A
K 816 B
K 815 A
K 814 A
K 811 B
K 810 B
K 809 A
K 808 B
K 807 A
K 806 A
K 804 B
K 803 A
K 802 A
K 800 A
K 793 B
K 791 B
K 790 B
K 789 A
K 787 B
K 786 B
K 785 A
K 784 B
K 783 A
K 782 A
K 779 B
K 778 B
K 777 A
K 776 B
K 775 A
K 774 A
K 772 B
K 771 A
K 770 A
K 768 A
K 763 B
K 762 B
K 761 A
K 760 B
K 759 A
K 758 A
K 756 B
K 755 A
K 754 A
K 752 A
K 748 B
K 747 A
K 746 A
K 744 A
K 740 A
K 725 B
K 721 B
K 719 B
K 718 B
K 717 A
K 713 B
K 711 B
K 710 B
K 709 A
K 707 B
K 706 B
K 705 A
K 704 B
K 703 A
K 702 A
K 697 B
K 695 B
K 694 B
K 693 A
K 691 B
K 690 B
K 689 A
K 688 B
K 687 A
K 686 A
K 683 B
K 682 B
K 681 A
K 680 B
K 679 A
K 678 A
K 676 B
K 675 A
K 674 A
K 672 A
K 665 B
K 663 B
K 662 B
K 661 A
K 659 B
K 658 B
K 657 A
K 656 B
K 655 A
K 654 A
K 651 B
K 650 B
K 649 A
K 648 B
K 647 A
K 646 A
K 644 B
K 643 A
K 642 A
K 640 A
K 635 B
K 634 B
K 633 A
K 632 B
K 631 A
K 630 A
K 628 B
K 627 A
K 626 A
K 624 A
K 620 B
K 619 A
K 618 A
K 616 A
K 612 A
K 601 B
K 599 B
K 598 B
K 597 A
K 595 B
K 594 B
K 593 A
K 592 B
K 591 A
K 590 A
K 587 B
K 586 B
K 585 A
K 584 B
K 583 A
K 582 A
K 580 B
K 579 A
K 578 A
K 576 A
K 571 B
K 570 B
K 569 A
K 568 B
K 567 A
K 566 A
K 564 B
K 563 A
K 562 A
K 560 A
K 556 B
K 555 A
K 554 A
K 552 A
K 548 A
K 539 B
K 538 B
K 537 A
K 536 B
K 535 A
K 534 A
K 532 B
K 531 A
K 530 A
K 528 A
K 524 B
K 523 A
K 522 A
K 520 A
K 516 A
K 508 B
K 507 A
K 506 A
K 504 A
K 500 A
K 492 A
K 461 B
K 453 B
K 449 B
K 447 B
K 446 B
K 445 A
K 437 B
K 433 B
K 431 B
K 430 B
K 429 A
K 425 B
K 423 B
K 422 B
K 421 A
K 419 B
K 418 B
K 417 A
K 416 B
K 415 A
K 414 A
K 405 B
K 401 B
K 399 B
K 398 B
K 397 A
K 393 B
K 391 B
K 390 B
K 389 A
K 387 B
K 386 B
K 385 A
K 384 B
K 383 A
K 382 A
K 377 B
K 375 B
K 374 B
K 373 A
K 371 B
K 370 B
K 369 A
K 368 B
K 367 A
K 366 A
K 363 B
K 362 B
K 361 A
K 360 B
K 359 A
K 358 A
K 356 B
K 355 A
K 354 A
K 352 A
K 341 B
K 337 B
K 335 B
K 334 B
K 333 A
K 329 B
K 327 B
K 326 B
K 325 A
K 323 B
K 322 B
K 321 A
K 320 B
K 319 A
K 318 A
K 313 B
K 311 B
K 310 B
K 309 A
K 307 B
K 306 B
K 305 A
K 304 B
K 303 A
K 302 A
K 299 B
K 298 B
K 297 A
K 296 B
K 295 A
K 294 A
K 292 B
K 291 A
K 290 A
K 288 A
K 281 B
K 279 B
K 278 B
K 277 A
K 275 B
K 274 B
K 273 A
K 272 B
K 271 A
K 270 A
K 267 B
K 266 B
K 265 A
K 264 B
K 263 A
K 262 A
K 260 B
K 259 A
K 258 A
K 256 A
K 251 B
K 250 B
K 249 A
K 248 B
K 247 A
K 246 A
K 244 B
K 243 A
K 242 A
K 240 A
K 236 B
K 235 A
K 234 A
K 232 A
K 228 A
K 213 B
K 209 B
K 207 B
K 206 B
K 205 A
K 201 B
K 199 B
K 198 B
K 197 A
K 195 B
K 194 B
K 193 A
K 192 B
K 191 A
K 190 A
K 185 B
K 183 B
K 182 B
K 181 A
K 179 B
K 178 B
K 177 A
K 176 B
K 175 A
K 174 A
K 171 B
K 170 B
K 169 A
K 168 B
K 167 A
K 166 A
K 164 B
K 163 A
K 162 A
K 160 A
K 153 B
K 151 B
K 150 B
K 149 A
K 147 B
K 146 B
K 145 A
K 144 B
K 143 A
K 142 A
K 139 B
K 138 B
K 137 A
K 136 B
K 135 A
K 134 A
K 132 B
K 131 A
K 130 A
K 128 A
K 123 B
K 122 B
K 121 A
K 120 B
K 119 A
K 118 A
K 116 B
K 115 A
K 114 A
K 112 A
K 108 B
K 107 A
K 106 A
K 104 A
K 100 A
K 89 B
K 87 B
K 86 B
K 85 A
K 83 B
K 82 B
K 81 A
K 80 B
K 79 A
K 78 A
K 75 B
K 74 B
K 73 A
K 72 B
K 71 A
K 70 A
K 68 B
K 67 A
K 66 A
K 64 A
K 59 B
K 58 B
K 57 A
K 56 B
K 55 A
K 54 A
K 52 B
K 51 A
K 50 A
K 48 A
K 44 B
K 43 A
K 42 A
K 40 A
K 36 A
K 27 B
K 26 B
K 25 A
K 24 B
K 23 A
K 22 A
K 20 B
K 19 A
K 18 A
K 16 A
K 12 B
K 11 A
K 10 A
K 8 A
K 4 A
R 1499 A
R 1498 A
R 1495 A
R 1494 A
R 1492 A
R 1489 B
R 1487 A
R 1486 A
R 1484 A
R 1481 B
R 1480 A
R 1477 B
R 1475 B
R 1474 B
R 1469 A
R 1467 A
R 1466 A
R 1463 A
R 1462 A
R 1460 A
R 1457 B
R 1455 A
R 1454 A
R 1452 A
R 1449 B
R 1448 A
R 1445 B
R 1443 B
R 1442 B
R 1439 A
R 1438 A
R 1436 A
R 1433 B
R 1432 A
R 1429 B
R 1427 B
R 1426 B
R 1424 A
R 1421 B
R 1419 B
R 1418 B
R 1415 B
R 1414 B
R 1412 B
R 1405 A
R 1403 A
R 1402 A
R 1399 A
R 1398 A
R 1396 A
R 1393 B
R 1391 A
R 1390 A
R 1388 A
R 1385 B
R 1384 A
R 1381 B
R 1379 B
R 1378 B
R 1375 A
R 1374 A
R 1372 A
R 1369 B
R 1368 A
R 1365 B
R 1363 B
R 1362 B
R 1360 A
R 1357 B
R 1355 B
R 1354 B
R 1351 B
R 1350 B
R 1348 B
R 1343 A
R 1342 A
R 1340 A
R 1337 B
R 1336 A
R 1333 B
R 1331 B
R 1330 B
R 1328 A
R 1325 B
R 1323 B
R 1322 B
R 1319 B
R 1318 B
R 1316 B
R 1312 A
R 1309 B
R 1307 B
R 1306 B
R 1303 B
R 1302 B
R 1300 B
R 1295 B
R 1294 B
R 1292 B
R 1288 B
R 1277 A
R 1275 A
R 1274 A
R 1271 A
R 1270 A
R 1268 A
R 1265 B
R 1263 A
R 1262 A
R 1260 A
R 1257 B
R 1256 A
R 1253 B
R 1251 B
R 1250 B
R 1247 A
R 1246 A
R 1244 A
R 1241 B
R 1240 A
R 1237 B
R 1235 B
R 1234 B
R 1232 A
R 1229 B
R 1227 B
R 1226 B
R 1223 B
R 1222 B
R 1220 B
R 1215 A
R 1214 A
R 1212 A
R 1209 B
R 1208 A
R 1205 B
R 1203 B
R 1202 B
R 1200 A
R 1197 B
R 1195 B
R 1194 B
R 1191 B
R 1190 B
R 1188 B
R 1184 A
R 1181 B
R 1179 B
R 1178 B
R 1175 B
R 1174 B
R 1172 B
R 1167 B
R 1166 B
R 1164 B
R 1160 B
R 1151 A
R 1150 A
R 1148 A
R 1145 B
R 1144 A
R 1141 B
R 1139 B
R 1138 B
R 1136 A
R 1133 B
R 1131 B
R 1130 B
R 1127 B
R 1126 B
R 1124 B
R 1120 A
R 1117 B
R 1115 B
R 1114 B
R 1111 B
R 1110 B
R 1108 B
R 1103 B
R 1102 B
R 1100 B
R 1096 B
R 1088 A
R 1085 B
R 1083 B
R 1082 B
R 1079 B
R 1078 B
R 1076 B
R 1071 B
R 1070 B
R 1068 B
R 1064 B
R 1055 B
R 1054 B
R 1052 B
R 1048 B
R 1040 B
R 1017 A
R 1013 A
R 1011 A
R 1010 A
R 1005 A
R 1003 A
R 1002 A
R 999 A
R 998 A
R 996 A
R 993 B
R 989 A
R 987 A
R 986 A
R 983 A
R 982 A
R 980 A
R 977 B
R 975 A
R 974 A
R 972 A
R 969 B
R 968 A
R 965 B
R 963 B
R 962 B
R 957 A
R 955 A
R 954 A
R 951 A
R 950 A
R 948 A
R 945 B
R 943 A
R 942 A
R 940 A
R 937 B
R 936 A
R 933 B
R 931 B
R 930 B
R 927 A
R 926 A
R 924 A
R 921 B
R 920 A
R 917 B
R 915 B
R 914 B
R 912 A
R 909 B
R 907 B
R 906 B
R 903 B
R 902 B
R 900 B
R 893 A
R 891 A
R 890 A
R 887 A
R 886 A
R 884 A
R 881 B
R 879 A
R 878 A
R 876 A
R 873 B
R 872 A
R 869 B
R 867 B
R 866 B
R 863 A
R 862 A
R 860 A
R 857 B
R 856 A
R 853 B
R 851 B
R 850 B
R 848 A
R 845 B
R 843 B
R 842 B
R 839 B
R 838 B
R 836 B
R 831 A
R 830 A
R 828 A
R 825 B
R 824 A
R 821 B
R 819 B
R 818 B
R 816 A
R 813 B
R 811 B
R 810 B
R 807 B
R 806 B
R 804 B
R 800 A
R 797 B
R 795 B
R 794 B
R 791 B
R 790 B
R 788 B
R 783 B
R 782 B
R 780 B
R 776 B
R 765 A
R 763 A
R 762 A
R 759 A
R 758 A
R 756 A
R 753 B
R 751 A
R 750 A
R 748 A
R 745 B
R 744 A
R 741 B
R 739 B
R 738 B
R 735 A
R 734 A
R 732 A
R 729 B
R 728 A
R 725 B
R 723 B
R 722 B
R 720 A
R 717 B
R 715 B
R 714 B
R 711 B
R 710 B
R 708 B
R 703 A
R 702 A
R 700 A
R 697 B
R 696 A
R 693 B
R 691 B
R 690 B
R 688 A
R 685 B
R 683 B
R 682 B
R 679 B
R 678 B
R 676 B
R 672 A
R 669 B
R 667 B
R 666 B
R 663 B
R 662 B
R 660 B
R 655 B
R 654 B
R 652 B
R 648 B
R 639 A
R 638 A
R 636 A
R 633 B
R 632 A
R 629 B
R 627 B
R 626 B
R 624 A
R 621 B
R 619 B
R 618 B
R 615 B
R 614 B
R 612 B
R 608 A
R 605 B
R 603 B
R 602 B
R 599 B
R 598 B
R 596 B
R 591 B
R 590 B
R 588 B
R 584 B
R 576 A
R 573 B
R 571 B
R 570 B
R 567 B
R 566 B
R 564 B
R 559 B
R 558 B
R 556 B
R 552 B
R 543 B
R 542 B
R 540 B
R 536 B
R 528 B
R 509 A
R 507 A
R 506 A
R 503 A
R 502 A
R 500 A
R 497 B
R 495 A
R 494 A
R 492 A
R 489 B
R 488 A
R 485 B
R 483 B
R 482 B
R 479 A
R 478 A
R 476 A
R 473 B
R 472 A
R 469 B
R 467 B
R 466 B
R 464 A
R 461 B
R 459 B
R 458 B
R 455 B
R 454 B
R 452 B
R 447 A
R 446 A
R 444 A
R 441 B
R 440 A
R 437 B
R 435 B
R 434 B
R 432 A
R 429 B
R 427 B
R 426 B
R 423 B
R 422 B
R 420 B
R 416 A
R 413 B
R 411 B
R 410 B
R 407 B
R 406 B
R 404 B
R 399 B
R 398 B
R 396 B
R 392 B
R 383 A
R 382 A
R 380 A
R 377 B
R 376 A
R 373 B
R 371 B
R 370 B
R 368 A
R 365 B
R 363 B
R 362 B
R 359 B
R 358 B
R 356 B
R 352 A
R 349 B
R 347 B
R 346 B
R 343 B
R 342 B
R 340 B
R 335 B
R 334 B
R 332 B
R 328 B
R 320 A
R 317 B
R 315 B
R 314 B
R 311 B
R 310 B
R 308 B
R 303 B
R 302 B
R 300 B
R 296 B
R 287 B
R 286 B
R 284 B
R 280 B
R 272 B
R 255 A
R 254 A
R 252 A
R 249 B
R 248 A
R 245 B
R 243 B
R 242 B
R 240 A
R 237 B
R 235 B
R 234 B
R 231 B
R 230 B
R 228 B
R 224 A
R 221 B
R 219 B
R 218 B
R 215 B
R 214 B
R 212 B
R 207 B
R 206 B
R 204 B
R 200 B
R 192 A
R 189 B
R 187 B
R 186 B
R 183 B
R 182 B
R 180 B
R 175 B
R 174 B
R 172 B
R 168 B
R 159 B
R 158 B
R 156 B
R 152 B
R 144 B
R 128 A
R 125 B
R 123 B
R 122 B
R 119 B
R 118 B
R 116 B
R 111 B
R 110 B
R 108 B
R 104 B
R 95 B
R 94 B
R 92 B
R 88 B
R 80 B
R 63 B
R 62 B
R 60 B
R 56 B
R 48 B
R 32 B
K 1485 B
K 1477 B
K 1473 B
K 1471 B
K 1470 B
K 1461 B
K 1457 B
K 1455 B
K 1454 B
K 1449 B
K 1447 B
K 1446 B
K 1443 B
K 1442 B
K 1440 B
K 1429 B
K 1425 B
K 1423 B
K 1422 B
K 1417 B
K 1415 B
K 1414 B
K 1411 B
K 1410 B
K 1408 B
K 1401 B
K 1399 B
K 1398 B
K 1395 B
K 1394 B
K 1392 B
K 1387 B
K 1386 B
K 1384 B
K 1380 B
K 1373 A
K 1365 B
K 1361 B
K 1359 B
K 1358 B
K 1353 B
K 1351 B
K 1350 B
K 1347 B
K 1346 B
K 1344 B
K 1337 B
K 1335 B
K 1334 B
K 1331 B
K 1330 B
K 1328 B
K 1323 B
K 1322 B
K 1320 B
K 1316 B
K 1309 A
K 1305 B
K 1303 B
K 1302 B
K 1299 B
K 1298 B
K 1296 B
K 1291 B
K 1290 B
K 1288 B
K 1284 B
K 1277 A
K 1275 B
K 1274 B
K 1272 B
K 1268 B
K 1261 A
K 1260 B
K 1253 A
K 1249 A
K 1247 A
K 1246 A
K 1237 B
K 1233 B
K 1231 B
K 1230 B
K 1225 B
K 1223 B
K 1222 B
K 1219 B
K 1218 B
K 1216 B
K 1209 B
K 1207 B
K 1206 B
K 1203 B
K 1202 B
K 1200 B
K 1195 B
K 1194 B
K 1192 B
K 1188 B
K 1181 A
K 1177 B
K 1175 B
K 1174 B
K 1171 B
K 1170 B
K 1168 B
K 1163 B
K 1162 B
K 1160 B
K 1156 B
K 1149 A
K 1147 B
K 1146 B
K 1144 B
K 1140 B
K 1133 A
K 1132 B
K 1125 A
K 1121 A
K 1119 A
K 1118 A
K 1113 B
K 1111 B
K 1110 B
K 1107 B
K 1106 B
K 1104 B
K 1099 B
K 1098 B
K 1096 B
K 1092 B
K 1085 A
K 1083 B
K 1082 B
K 1080 B
K 1076 B
K 1069 A
K 1068 B
K 1061 A
K 1057 A
K 1055 A
K 1054 A
K 1051 B
K 1050 B
K 1048 B
K 1044 B
K 1037 A
K 1036 B
K 1029 A
K 1025 A
K 1023 A
K 1022 A
K 1020 B
K 1013 A
K 1009 A
K 1007 A
K 1006 A
K 1001 A
K 999 A
K 998 A
K 995 A
K 994 A
K 992 A
K 981 B
K 977 B
K 975 B
K 974 B
K 969 B
K 967 B
K 966 B
K 963 B
K 962 B
K 960 B
K 953 B
K 951 B
K 950 B
K 947 B
K 946 B
K 944 B
K 939 B
K 938 B
K 936 B
K 932 B
K 925 A
K 921 B
K 919 B
K 918 B
K 915 B
K 914 B
K 912 B
K 907 B
K 906 B
K 904 B
K 900 B
K 893 A
K 891 B
K 890 B
K 888 B
K 884 B
K 877 A
K 876 B
K 869 A
K 865 A
K 863 A
K 862 A
K 857 B
K 855 B
K 854 B
K 851 B
K 850 B
K 848 B
K 843 B
K 842 B
K 840 B
K 836 B
K 829 A
K 827 B
K 826 B
K 824 B
K 820 B
K 813 A
K 812 B
K 805 A
K 801 A
K 799 A
K 798 A
K 795 B
K 794 B
K 792 B
K 788 B
K 781 A
K 780 B
K 773 A
K 769 A
K 767 A
K 766 A
K 764 B
K 757 A
K 753 A
K 751 A
K 750 A
K 745 A
K 743 A
K 742 A
K 739 A
K 738 A
K 736 A
K 729 B
K 727 B
K 726 B
K 723 B
K 722 B
K 720 B
K 715 B
K 714 B
K 712 B
K 708 B
K 701 A
K 699 B
K 698 B
K 696 B
K 692 B
K 685 A
K 684 B
K 677 A
K 673 A
K 671 A
K 670 A
K 667 B
K 666 B
K 664 B
K 660 B
K 653 A
K 652 B
K 645 A
K 641 A
K 639 A
K 638 A
K 636 B
K 629 A
K 625 A
K 623 A
K 622 A
K 617 A
K 615 A
K 614 A
K 611 A
K 610 A
K 608 A
K 603 B
K 602 B
K 600 B
K 596 B
K 589 A
K 588 B
K 581 A
K 577 A
K 575 A
K 574 A
K 572 B
K 565 A
K 561 A
K 559 A
K 558 A
K 553 A
K 551 A
K 550 A
K 547 A
K 546 A
K 544 A
K 540 B
K 533 A
K 529 A
K 527 A
K 526 A
K 521 A
K 519 A
K 518 A
K 515 A
K 514 A
K 512 A
K 505 A
K 503 A
K 502 A
K 499 A
K 498 A
K 496 A
K 491 A
K 490 A
K 488 A
K 484 A
K 469 B
K 465 B
K 463 B
K 462 B
K 457 B
K 455 B
K 454 B
K 451 B
K 450 B
K 448 B
K 441 B
K 439 B
K 438 B
K 435 B
K 434 B
K 432 B
K 427 B
K 426 B
K 424 B
K 420 B
K 413 A
K 409 B
K 407 B
K 406 B
K 403 B
K 402 B
K 400 B
K 395 B
K 394 B
K 392 B
K 388 B
K 381 A
K 379 B
K 378 B
K 376 B
K 372 B
K 365 A
K 364 B
K 357 A
K 353 A
K 351 A
K 350 A
K 345 B
K 343 B
K 342 B
K 339 B
K 338 B
K 336 B
K 331 B
K 330 B
K 328 B
K 324 B
K 317 A
K 315 B
K 314 B
K 312 B
K 308 B
K 301 A
K 300 B
K 293 A
K 289 A
K 287 A
K 286 A
K 283 B
K 282 B
K 280 B
K 276 B
K 269 A
K 268 B
K 261 A
K 257 A
K 255 A
K 254 A
K 252 B
K 245 A
K 241 A
K 239 A
K 238 A
K 233 A
K 231 A
K 230 A
K 227 A
K 226 A
K 224 A
K 217 B
K 215 B
K 214 B
K 211 B
K 210 B
K 208 B
K 203 B
K 202 B
K 200 B
K 196 B
K 189 A
K 187 B
K 186 B
K 184 B
K 180 B
K 173 A
K 172 B
K 165 A
K 161 A
K 159 A
K 158 A
K 155 B
K 154 B
K 152 B
K 148 B
K 141 A
K 140 B
K 133 A
K 129 A
K 127 A
K 126 A
K 124 B
K 117 A
K 113 A
K 111 A
K 110 A
K 105 A
K 103 A
K 102 A
K 99 A
K 98 A
K 96 A
K 91 B
K 90 B
K 88 B
K 84 B
K 77 A
K 76 B
K 69 A
K 65 A
K 63 A
K 62 A
K 60 B
K 53 A
K 49 A
K 47 A
K 46 A
K 41 A
K 39 A
K 38 A
K 35 A
K 34 A
K 32 A
K 28 B
K 21 A
K 17 A
K 15 A
K 14 A
K 9 A
K 7 A
K 6 A
K 3 A
K 2 A
R 1500 A
R 1496 A
R 1488 A
R 1473 B
R 1471 A
R 1470 A
R 1468 A
R 1464 A
R 1456 A
R 1441 B
R 1440 A
R 1425 B
R 1417 B
R 1413 B
R 1411 B
R 1410 B
R 1407 A
R 1406 A
R 1404 A
R 1400 A
R 1392 A
R 1377 B
R 1376 A
R 1361 B
R 1353 B
R 1349 B
R 1347 B
R 1346 B
R 1344 A
R 1329 B
R 1321 B
R 1317 B
R 1315 B
R 1314 B
R 1305 B
R 1301 B
R 1299 B
R 1298 B
R 1293 B
R 1291 B
R 1290 B
R 1287 B
R 1286 B
R 1284 B
R 1279 A
R 1278 A
R 1276 A
R 1272 A
R 1264 A
R 1249 B
R 1248 A
R 1233 B
R 1225 B
R 1221 B
R 1219 B
R 1218 B
R 1216 A
R 1201 B
R 1193 B
R 1189 B
R 1187 B
R 1186 B
R 1177 B
R 1173 B
R 1171 B
R 1170 B
R 1165 B
R 1163 B
R 1162 B
R 1159 B
R 1158 B
R 1156 B
R 1152 A
R 1137 B
R 1129 B
R 1125 B
R 1123 B
R 1122 B
R 1113 B
R 1109 B
R 1107 B
R 1106 B
R 1101 B
R 1099 B
R 1098 B
R 1095 B
R 1094 B
R 1092 B
R 1081 B
R 1077 B
R 1075 B
R 1074 B
R 1069 B
R 1067 B
R 1066 B
R 1063 B
R 1062 B
R 1060 B
R 1053 B
R 1051 B
R 1050 B
R 1047 B
R 1046 B
R 1044 B
R 1039 B
R 1038 B
R 1036 B
R 1032 B
R 1021 A
R 1019 A
R 1018 A
R 1015 A
R 1014 A
R 1012 A
R 1007 A
R 1006 A
R 1004 A
R 1000 A
R 991 A
R 990 A
R 988 A
R 984 A
R 976 A
R 961 B
R 959 A
R 958 A
R 956 A
R 952 A
R 944 A
R 929 B
R 928 A
R 913 B
R 905 B
R 901 B
R 899 B
R 898 B
R 895 A
R 894 A
R 892 A
R 888 A
R 880 A
R 865 B
R 864 A
R 849 B
R 841 B
R 837 B
R 835 B
R 834 B
R 832 A
R 817 B
R 809 B
R 805 B
R 803 B
R 802 B
R 793 B
R 789 B
R 787 B
R 786 B
R 781 B
R 779 B
R 778 B
R 775 B
R 774 B
R 772 B
R 767 A
R 766 A
R 764 A
R 760 A
R 752 A
R 737 B
R 736 A
R 721 B
R 713 B
R 709 B
R 707 B
R 706 B
R 704 A
R 689 B
R 681 B
R 677 B
R 675 B
R 674 B
R 665 B
R 661 B
R 659 B
R 658 B
R 653 B
R 651 B
R 650 B
R 647 B
R 646 B
R 644 B
R 640 A
R 625 B
R 617 B
R 613 B
R 611 B
R 610 B
R 601 B
R 597 B
R 595 B
R 594 B
R 589 B
R 587 B
R 586 B
R 583 B
R 582 B
R 580 B
R 569 B
R 565 B
R 563 B
R 562 B
R 557 B
R 555 B
R 554 B
R 551 B
R 550 B
R 548 B
R 541 B
R 539 B
R 538 B
R 535 B
R 534 B
R 532 B
R 527 B
R 526 B
R 524 B
R 520 B
R 511 A
R 510 A
R 508 A
R 504 A
R 496 A
R 481 B
R 480 A
R 465 B
R 457 B
R 453 B
R 451 B
R 450 B
R 448 A
R 433 B
R 425 B
R 421 B
R 419 B
R 418 B
R 409 B
R 405 B
R 403 B
R 402 B
R 397 B
R 395 B
R 394 B
R 391 B
R 390 B
R 388 B
R 384 A
R 369 B
R 361 B
R 357 B
R 355 B
R 354 B
R 345 B
R 341 B
R 339 B
R 338 B
R 333 B
R 331 B
R 330 B
R 327 B
R 326 B
R 324 B
R 313 B
R 309 B
R 307 B
R 306 B
R 301 B
R 299 B
R 298 B
R 295 B
R 294 B
R 292 B
R 285 B
R 283 B
R 282 B
R 279 B
R 278 B
R 276 B
R 271 B
R 270 B
R 268 B
R 264 B
R 256 A
R 241 B
R 233 B
R 229 B
R 227 B
R 226 B
R 217 B
R 213 B
R 211 B
R 210 B
R 205 B
R 203 B
R 202 B
R 199 B
R 198 B
R 196 B
R 185 B
R 181 B
R 179 B
R 178 B
R 173 B
R 171 B
R 170 B
R 167 B
R 166 B
R 164 B
R 157 B
R 155 B
R 154 B
R 151 B
R 150 B
R 148 B
R 143 B
R 142 B
R 140 B
R 136 B
R 121 B
R 117 B
R 115 B
R 114 B
R 109 B
R 107 B
R 106 B
R 103 B
R 102 B
R 100 B
R 93 B
R 91 B
R 90 B
R 87 B
R 86 B
R 84 B
R 79 B
R 78 B
R 76 B
R 72 B
R 61 B
R 59 B
R 58 B
R 55 B
R 54 B
R 52 B
R 47 B
R 46 B
R 44 B
R 40 B
R 31 B
R 30 B
R 28 B
R 24 B
R 16 B
K 1493 B
K 1489 B
K 1487 B
K 1486 B
K 1481 B
K 1479 B
K 1478 B
K 1475 B
K 1474 B
K 1472 B
K 1465 B
K 1463 B
K 1462 B
K 1459 B
K 1458 B
K 1456 B
K 1451 B
K 1450 B
K 1448 B
K 1444 B
K 1433 B
K 1431 B
K 1430 B
K 1427 B
K 1426 B
K 1424 B
K 1419 B
K 1418 B
K 1416 B
K 1412 B
K 1403 B
K 1402 B
K 1400 B
K 1396 B
K 1388 B
K 1369 B
K 1367 B
K 1366 B
K 1363 B
K 1362 B
K 1360 B
K 1355 B
K 1354 B
K 1352 B
K 1348 B
K 1339 B
K 1338 B
K 1336 B
K 1332 B
K 1324 B
K 1307 B
K 1306 B
K 1304 B
K 1300 B
K 1292 B
K 1276 B
K 1245 A
K 1241 B
K 1239 B
K 1238 B
K 1235 B
K 1234 B
K 1232 B
K 1227 B
K 1226 B
K 1224 B
K 1220 B
K 1211 B
K 1210 B
K 1208 B
K 1204 B
K 1196 B
K 1179 B
K 1178 B
K 1176 B
K 1172 B
K 1164 B
K 1148 B
K 1117 A
K 1115 B
K 1114 B
K 1112 B
K 1108 B
K 1100 B
K 1084 B
K 1053 A
K 1052 B
K 1021 A
K 1005 A
K 997 A
K 993 A
K 991 A
K 990 A
K 985 B
K 983 B
K 982 B
K 979 B
K 978 B
K 976 B
K 971 B
K 970 B
K 968 B
K 964 B
K 955 B
K 954 B
K 952 B
K 948 B
K 940 B
K 923 B
K 922 B
K 920 B
K 916 B
K 908 B
K 892 B
K 861 A
K 859 B
K 858 B
K 856 B
K 852 B
K 844 B
K 828 B
K 797 A
K 796 B
K 765 A
K 749 A
K 741 A
K 737 A
K 735 A
K 734 A
K 731 B
K 730 B
K 728 B
K 724 B
K 716 B
K 700 B
K 669 A
K 668 B
K 637 A
K 621 A
K 613 A
K 609 A
K 607 A
K 606 A
K 604 B
K 573 A
K 557 A
K 549 A
K 545 A
K 543 A
K 542 A
K 525 A
K 517 A
K 513 A
K 511 A
K 510 A
K 501 A
K 497 A
K 495 A
K 494 A
K 489 A
K 487 A
K 486 A
K 483 A
K 482 A
K 480 A
K 473 B
K 471 B
K 470 B
K 467 B
K 466 B
K 464 B
K 459 B
K 458 B
K 456 B
K 452 B
K 443 B
K 442 B
K 440 B
K 436 B
K 428 B
K 411 B
K 410 B
K 408 B
K 404 B
K 396 B
K 380 B
K 349 A
K 347 B
K 346 B
K 344 B
K 340 B
K 332 B
K 316 B
K 285 A
K 284 B
K 253 A
K 237 A
K 229 A
K 225 A
K 223 A
K 222 A
K 219 B
K 218 B
K 216 B
K 212 B
K 204 B
K 188 B
K 157 A
K 156 B
K 125 A
K 109 A
K 101 A
K 97 A
K 95 A
K 94 A
K 92 B
K 61 A
K 45 A
K 37 A
K 33 A
K 31 A
K 30 A
K 13 A
K 5 A
K 1 A
R 1472 A
R 1409 B
R 1408 A
R 1345 B
R 1313 B
R 1297 B
R 1289 B
R 1285 B
R 1283 B
R 1282 B
R 1280 A
R 1217 B
R 1185 B
R 1169 B
R 1161 B
R 1157 B
R 1155 B
R 1154 B
R 1121 B
R 1105 B
R 1097 B
R 1093 B
R 1091 B
R 1090 B
R 1073 B
R 1065 B
R 1061 B
R 1059 B
R 1058 B
R 1049 B
R 1045 B
R 1043 B
R 1042 B
R 1037 B
R 1035 B
R 1034 B
R 1031 B
R 1030 B
R 1028 B
R 1023 A
R 1022 A
R 1020 A
R 1016 A
R 1008 A
R 992 A
R 960 A
R 897 B
R 896 A
R 833 B
R 801 B
R 785 B
R 777 B
R 773 B
R 771 B
R 770 B
R 768 A
R 705 B
R 673 B
R 657 B
R 649 B
R 645 B
R 643 B
R 642 B
R 609 B
R 593 B
R 585 B
R 581 B
R 579 B
R 578 B
R 561 B
R 553 B
R 549 B
R 547 B
R 546 B
R 537 B
R 533 B
R 531 B
R 530 B
R 525 B
R 523 B
R 522 B
R 519 B
R 518 B
R 516 B
R 512 A
R 449 B
R 417 B
R 401 B
R 393 B
R 389 B
R 387 B
R 386 B
R 353 B
R 337 B
R 329 B
R 325 B
R 323 B
R 322 B
R 305 B
R 297 B
R 293 B
R 291 B
R 290 B
R 281 B
R 277 B
R 275 B
R 274 B
R 269 B
R 267 B
R 266 B
R 263 B
R 262 B
R 260 B
R 225 B
R 209 B
R 201 B
R 197 B
R 195 B
R 194 B
R 177 B
R 169 B
R 165 B
R 163 B
R 162 B
R 153 B
R 149 B
R 147 B
R 146 B
R 141 B
R 139 B
R 138 B
R 135 B
R 134 B
R 132 B
R 113 B
R 105 B
R 101 B
R 99 B
R 98 B
R 89 B
R 85 B
R 83 B
R 82 B
R 77 B
R 75 B
R 74 B
R 71 B
R 70 B
R 68 B
R 57 B
R 53 B
R 51 B
R 50 B
R 45 B
R 43 B
R 42 B
R 39 B
R 38 B
R 36 B
R 29 B
R 27 B
R 26 B
R 23 B
R 22 B
R 20 B
R 15 B
R 14 B
R 12 B
R 8 B
K 1497 B
K 1495 B
K 1494 B
K 1491 B
K 1490 B
K 1488 B
K 1483 B
K 1482 B
K 1480 B
K 1476 B
K 1467 B
K 1466 B
K 1464 B
K 1460 B
K 1452 B
K 1435 B
K 1434 B
K 1432 B
K 1428 B
K 1420 B
K 1404 B
K 1371 B
K 1370 B
K 1368 B
K 1364 B
K 1356 B
K 1340 B
K 1308 B
K 1243 B
K 1242 B
K 1240 B
K 1236 B
K 1228 B
K 1212 B
K 1180 B
K 1116 B
K 989 A
K 987 B
K 986 B
K 984 B
K 980 B
K 972 B
K 956 B
K 924 B
K 860 B
K 733 A
K 732 B
K 605 A
K 541 A
K 509 A
K 493 A
K 485 A
K 481 A
K 479 A
K 478 A
K 475 B
K 474 B
K 472 B
K 468 B
K 460 B
K 444 B
K 412 B
K 348 B
K 221 A
K 220 B
K 93 A
K 29 A
R 1281 B
R 1153 B
R 1089 B
R 1057 B
R 1041 B
R 1033 B
R 1029 B
R 1027 B
R 1026 B
R 1024 A
R 769 B
R 641 B
R 577 B
R 545 B
R 529 B
R 521 B
R 517 B
R 515 B
R 514 B
R 385 B
R 321 B
R 289 B
R 273 B
R 265 B
R 261 B
R 259 B
R 258 B
R 193 B
R 161 B
R 145 B
R 137 B
R 133 B
R 131 B
R 130 B
R 97 B
R 81 B
R 73 B
R 69 B
R 67 B
R 66 B
R 49 B
R 41 B
R 37 B
R 35 B
R 34 B
R 25 B
R 21 B
R 19 B
R 18 B
R 13 B
R 11 B
R 10 B
R 7 B
R 6 B
R 4 B
K 1500 B
K 1499 B
K 1498 B
K 1496 B
K 1492 B
K 1484 B
K 1468 B
K 1436 B
K 1372 B
K 1244 B
K 988 B
K 477 A
K 476 B
R 1025 B
R 513 B
R 257 B
R 129 B
R 65 B
R 33 B
R 17 B
R 9 B
R 5 B
R 3 B
R 2 B
R 1 B
