2001
R 1996 J
R 1993 U
R 1989 F
R 1984 X
R 1982 E
R 1979 P
R 1976 B
R 1975 B
R 1974 P
R 1973 V
R 1966 M
R 1950 P
R 1949 P
R 1946 M
R 1945 P
R 1941 G
R 1940 N
R 1939 P
R 1937 P
R 1928 P
R 1922 U
R 1921 X
R 1916 P
R 1910 M
R 1907 P
R 1905 X
R 1903 P
R 1902 P
R 1901 F
R 1894 U
R 1892 P
R 1882 V
R 1880 C
R 1878 B
R 1876 P
R 1874 S
R 1873 Z
R 1872 H
R 1868 Z
R 1866 P
R 1860 W
R 1858 C
R 1854 X
R 1842 P
R 1840 M
R 1839 J
R 1837 P
R 1836 P
R 1835 V
R 1826 P
R 1825 W
R 1822 P
R 1821 O
R 1818 O
R 1815 O
R 1814 I
R 1802 P
R 1801 K
R 1799 W
R 1798 T
R 1797 C
R 1796 M
R 1775 A
R 1774 J
R 1773 P
R 1765 P
R 1764 N
R 1758 C
R 1754 P
R 1752 O
R 1750 N
R 1749 T
R 1732 I
R 1724 S
R 1723 P
R 1721 R
R 1715 V
R 1714 K
R 1705 D
R 1701 T
R 1694 O
R 1693 R
R 1677 P
R 1669 H
R 1668 P
R 1666 C
R 1662 X
R 1661 P
R 1659 P
R 1656 R
R 1655 P
R 1653 O
R 1651 K
R 1649 E
R 1646 U
R 1644 P
R 1643 P
R 1642 P
R 1628 I
R 1624 W
R 1622 A
R 1618 P
R 1610 H
R 1605 P
R 1603 P
R 1595 D
R 1594 P
R 1592 E
R 1591 P
R 1589 P
R 1585 E
R 1582 Z
R 1562 U
R 1561 M
R 1560 Y
R 1553 B
R 1548 H
R 1547 P
R 1544 V
R 1541 F
R 1540 K
R 1537 A
R 1535 Z
R 1534 V
R 1533 I
R 1529 D
R 1528 G
R 1527 P
R 1524 F
R 1510 P
R 1508 K
R 1504 Z
R 1503 M
R 1498 K
R 1492 P
R 1489 P
R 1484 K
R 1474 A
R 1472 N
R 1469 T
R 1466 E
R 1465 G
R 1461 U
R 1459 O
R 1457 J
R 1454 F
R 1453 U
R 1446 V
R 1440 P
R 1437 P
R 1434 G
R 1430 X
R 1428 X
R 1421 J
R 1416 P
R 1415 P
R 1409 V
R 1402 U
R 1399 F
R 1397 P
R 1388 T
R 1376 O
R 1371 H
R 1370 I
R 1368 T
R 1365 S
R 1361 T
R 1357 S
R 1356 R
R 1355 D
R 1354 P
R 1351 J
R 1350 J
R 1346 N
R 1345 N
R 1343 N
R 1340 F
R 1335 C
R 1328 R
R 1326 D
R 1324 V
R 1318 P
R 1317 M
R 1313 P
R 1312 P
R 1310 W
R 1306 W
R 1304 T
R 1303 T
R 1301 B
R 1300 C
R 1294 T
R 1291 P
R 1288 P
R 1275 D
R 1274 P
R 1273 Z
R 1269 B
R 1266 B
R 1253 P
R 1250 P
R 1249 F
R 1247 P
R 1234 Z
R 1228 S
R 1227 G
R 1224 P
R 1219 O
R 1217 K
R 1214 P
R 1208 S
R 1197 U
R 1195 B
R 1193 P
R 1192 E
R 1190 Z
R 1179 P
R 1177 U
R 1176 Z
R 1173 N
R 1172 P
R 1168 X
R 1167 G
R 1165 C
R 1163 O
R 1162 P
R 1159 P
R 1155 K
R 1154 J
R 1153 P
R 1146 S
R 1141 P
R 1138 I
R 1126 P
R 1124 Z
R 1118 E
R 1115 P
R 1106 E
R 1096 H
R 1092 B
R 1090 K
R 1086 P
R 1084 P
R 1083 Y
R 1082 J
R 1074 K
R 1072 B
R 1066 P
R 1064 V
R 1058 S
R 1056 P
R 1054 O
R 1053 P
R 1047 D
R 1045 P
R 1039 P
R 1036 M
R 1035 B
R 1023 H
R 1021 E
R 1014 G
R 1007 C
R 1005 O
R 1001 H
R 1000 E
R 999 A
R 997 H
R 992 K
R 987 Z
R 984 P
R 979 T
R 976 T
R 968 V
R 966 D
R 960 P
R 948 F
R 947 Y
R 946 P
R 945 Z
R 944 R
R 938 D
R 933 E
R 923 P
R 922 G
R 920 T
R 918 W
R 912 R
R 908 P
R 904 P
R 902 L
R 900 N
R 899 K
R 895 R
R 890 I
R 880 N
R 875 G
R 874 O
R 871 T
R 870 O
R 866 K
R 860 T
R 858 P
R 851 D
R 847 P
R 845 P
R 840 P
R 837 P
R 835 P
R 834 P
R 832 W
R 831 U
R 828 O
R 827 J
R 820 B
R 819 P
R 815 W
R 814 P
R 813 U
R 811 G
R 809 Z
R 805 N
R 802 A
R 793 P
R 790 R
R 786 O
R 783 M
R 779 P
R 774 I
R 766 P
R 765 O
R 764 R
R 749 Y
R 745 G
R 743 P
R 741 P
R 730 Z
R 728 I
R 721 V
R 713 V
R 710 P
R 709 B
R 700 X
R 695 E
R 694 H
R 692 J
R 691 P
R 690 P
R 680 X
R 678 P
R 675 P
R 672 I
R 669 V
R 667 P
R 665 P
R 652 K
R 647 I
R 645 P
R 638 D
R 636 R
R 630 P
R 629 I
R 627 H
R 623 P
R 616 P
R 610 P
R 608 L
R 607 S
R 602 B
R 598 A
R 592 Y
R 589 P
R 588 B
R 587 R
R 582 P
R 581 D
R 580 Y
R 572 W
R 570 B
R 562 S
R 554 P
R 551 R
R 550 P
R 540 H
R 531 D
R 528 C
R 522 R
R 519 F
R 516 L
R 509 G
R 507 F
R 503 A
R 500 P
R 493 O
R 488 Y
R 485 P
R 475 U
R 470 A
R 467 P
R 463 P
R 459 Y
R 455 P
R 451 M
R 441 P
R 438 U
R 437 P
R 435 J
R 433 O
R 413 B
R 412 J
R 408 E
R 406 D
R 402 R
R 401 W
R 399 P
R 396 P
R 393 T
R 391 Z
R 388 P
R 382 C
R 381 J
R 378 G
R 375 P
R 373 P
R 366 S
R 365 C
R 358 P
R 356 R
R 350 P
R 349 J
R 348 H
R 347 C
R 346 K
R 339 S
R 338 F
R 336 M
R 335 M
R 334 W
R 333 B
R 331 P
R 329 T
R 326 X
R 322 R
R 321 P
R 317 B
R 313 P
R 310 W
R 309 I
R 302 P
R 295 P
R 292 P
R 290 P
R 289 Z
R 285 T
R 281 H
R 279 D
R 274 C
R 269 D
R 267 P
R 266 A
R 263 W
R 257 P
R 255 O
R 246 P
R 244 O
R 221 I
R 215 P
R 214 K
R 212 T
R 207 H
R 202 I
R 200 H
R 189 P
R 187 U
R 182 P
R 178 L
R 175 P
R 174 P
R 173 P
R 172 M
R 155 H
R 148 C
R 147 L
R 141 M
R 140 F
R 137 S
R 131 Y
R 125 S
R 123 U
R 116 P
R 115 H
R 114 S
R 113 P
R 110 X
R 103 R
R 100 K
R 97 N
R 96 V
R 94 P
R 88 R
R 86 B
R 79 E
R 78 D
R 72 Y
R 71 E
R 70 F
R 69 P
R 67 P
R 66 K
R 64 P
R 62 J
R 59 F
R 53 P
R 44 E
R 43 P
R 37 I
R 29 G
R 23 F
R 22 X
R 20 C
R 15 G
R 12 S
R 11 V
R 9 D
K 2 Q
R 2000 O
R 1999 X
R 1998 Z
R 1997 J
R 1995 E
R 1994 M
R 1992 A
R 1991 Q
R 1990 K
R 1988 W
R 1987 Q
R 1986 X
R 1985 Z
R 1983 O
R 1981 E
R 1980 O
R 1978 Q
R 1977 M
R 1972 H
R 1971 V
R 1970 D
R 1969 H
R 1968 F
R 1967 H
R 1965 G
R 1964 U
R 1963 W
R 1962 U
R 1961 U
R 1960 W
R 1959 Y
R 1958 M
R 1957 J
R 1956 T
R 1955 R
R 1954 L
R 1953 R
R 1952 I
R 1951 U
R 1948 U
R 1947 V
R 1944 O
R 1943 W
R 1942 L
R 1938 L
R 1936 G
R 1935 O
R 1934 G
R 1933 R
R 1932 C
R 1931 F
R 1930 G
R 1929 X
R 1927 K
R 1926 D
R 1925 L
R 1924 D
R 1923 U
R 1920 N
R 1919 K
R 1918 L
R 1917 A
R 1915 Y
R 1914 L
R 1913 A
R 1912 L
R 1911 H
R 1909 E
R 1908 V
R 1906 T
R 1904 O
R 1900 A
R 1899 B
R 1898 Z
R 1897 H
R 1896 R
R 1895 L
R 1893 L
R 1891 S
R 1890 G
R 1889 I
R 1888 I
R 1887 G
R 1886 N
R 1885 S
R 1884 R
R 1883 V
R 1881 O
R 1879 S
R 1877 D
R 1875 N
R 1871 R
R 1870 O
R 1869 J
R 1867 A
R 1865 V
R 1864 A
R 1863 B
R 1862 Z
R 1861 I
R 1859 H
R 1857 K
R 1856 N
R 1855 P
R 1853 R
R 1852 S
R 1851 O
R 1850 H
R 1849 L
R 1848 J
R 1847 C
R 1846 Q
R 1845 M
R 1844 N
R 1843 E
R 1841 N
R 1838 C
R 1834 D
R 1833 A
R 1832 Y
R 1831 C
R 1830 G
R 1829 M
R 1828 O
R 1827 G
R 1824 O
R 1823 N
R 1820 M
R 1819 J
R 1817 Q
R 1816 A
R 1813 S
R 1812 O
R 1811 E
R 1810 N
R 1809 Z
R 1808 F
R 1807 E
R 1806 D
R 1805 T
R 1804 W
R 1803 L
R 1800 M
R 1795 V
R 1794 V
R 1793 E
R 1792 Z
R 1791 P
R 1790 P
R 1789 C
R 1788 N
R 1787 J
R 1786 I
R 1785 A
R 1784 H
R 1783 K
R 1782 Y
R 1781 G
R 1780 K
R 1779 M
R 1778 S
R 1777 G
R 1776 K
R 1772 X
R 1771 M
R 1770 K
R 1769 C
R 1768 P
R 1767 M
R 1766 V
R 1763 R
R 1762 O
R 1761 F
R 1760 K
R 1759 U
R 1757 I
R 1756 E
R 1755 F
R 1753 G
R 1751 L
R 1748 P
R 1747 T
R 1746 P
R 1745 E
R 1744 Z
R 1743 A
R 1742 E
R 1741 R
R 1740 Q
R 1739 T
R 1738 N
R 1737 V
R 1736 K
R 1735 U
R 1734 L
R 1733 O
R 1731 E
R 1730 X
R 1729 W
R 1728 G
R 1727 G
R 1726 X
R 1725 L
R 1722 F
R 1720 X
R 1719 H
R 1718 M
R 1717 Z
R 1716 Z
R 1713 M
R 1712 Q
R 1711 W
R 1710 U
R 1709 J
R 1708 Y
R 1707 O
R 1706 C
R 1704 Z
R 1703 Q
R 1702 U
R 1700 Z
R 1699 V
R 1698 Q
R 1697 X
R 1696 R
R 1695 W
R 1692 O
R 1691 G
R 1690 M
R 1689 V
R 1688 R
R 1687 V
R 1686 R
R 1685 S
R 1684 R
R 1683 U
R 1682 W
R 1681 S
R 1680 T
R 1679 O
R 1678 J
R 1676 E
R 1675 Y
R 1674 B
R 1673 Z
R 1672 Q
R 1671 X
R 1670 Q
R 1667 A
R 1665 W
R 1664 K
R 1663 C
R 1660 U
R 1658 P
R 1657 X
R 1654 P
R 1652 W
R 1650 Z
R 1648 H
R 1647 E
R 1645 X
R 1641 Q
R 1640 Y
R 1639 F
R 1638 R
R 1637 E
R 1636 K
R 1635 X
R 1634 U
R 1633 S
R 1632 B
R 1631 A
R 1630 O
R 1629 I
R 1627 M
R 1626 R
R 1625 T
R 1623 I
R 1621 Y
R 1620 R
R 1619 L
R 1617 C
R 1616 R
R 1615 S
R 1614 T
R 1613 I
R 1612 C
R 1611 A
R 1609 F
R 1608 I
R 1607 R
R 1606 J
R 1604 A
R 1602 N
R 1601 O
R 1600 F
R 1599 F
R 1598 E
R 1597 Q
R 1596 E
R 1593 N
R 1590 V
R 1588 Q
R 1587 F
R 1586 P
R 1584 A
R 1583 U
R 1581 T
R 1580 G
R 1579 V
R 1578 X
R 1577 P
R 1576 W
R 1575 Z
R 1574 A
R 1573 F
R 1572 U
R 1571 B
R 1570 S
R 1569 O
R 1568 M
R 1567 D
R 1566 F
R 1565 A
R 1564 Q
R 1563 I
R 1559 U
R 1558 R
R 1557 K
R 1556 B
R 1555 Q
R 1554 L
R 1552 J
R 1551 D
R 1550 I
R 1549 Z
R 1546 K
R 1545 M
R 1543 G
R 1542 P
R 1539 B
R 1538 T
R 1536 J
R 1532 U
R 1531 U
R 1530 M
R 1526 B
R 1525 T
R 1523 P
R 1522 N
R 1521 E
R 1520 N
R 1519 V
R 1518 R
R 1517 S
R 1516 V
R 1515 F
R 1514 J
R 1513 O
R 1512 T
R 1511 W
R 1509 Y
R 1507 H
R 1506 R
R 1505 U
R 1502 H
R 1501 T
R 1500 K
R 1499 G
R 1497 N
R 1496 A
R 1495 G
R 1494 Y
R 1493 E
R 1491 I
R 1490 Y
R 1488 X
R 1487 X
R 1486 Y
R 1485 T
R 1483 F
R 1482 R
R 1481 A
R 1480 V
R 1479 V
R 1478 J
R 1477 P
R 1476 Z
R 1475 C
R 1473 X
R 1471 E
R 1470 Y
R 1468 P
R 1467 U
R 1464 I
R 1463 E
R 1462 Z
R 1460 B
R 1458 E
R 1456 L
R 1455 L
R 1452 T
R 1451 Q
R 1450 C
R 1449 V
R 1448 K
R 1447 F
R 1445 B
R 1444 G
R 1443 F
R 1442 X
R 1441 X
R 1439 V
R 1438 A
R 1436 E
R 1435 U
R 1433 C
R 1432 N
R 1431 Y
R 1429 X
R 1427 V
R 1426 W
R 1425 G
R 1424 L
R 1423 N
R 1422 O
R 1420 A
R 1419 J
R 1418 A
R 1417 Z
R 1414 I
R 1413 P
R 1412 U
R 1411 D
R 1410 J
R 1408 I
R 1407 V
R 1406 I
R 1405 K
R 1404 Z
R 1403 Q
R 1401 S
R 1400 X
R 1398 E
R 1396 L
R 1395 S
R 1394 S
R 1393 E
R 1392 Z
R 1391 J
R 1390 M
R 1389 C
R 1387 Y
R 1386 C
R 1385 J
R 1384 A
R 1383 X
R 1382 Q
R 1381 A
R 1380 Q
R 1379 F
R 1378 F
R 1377 L
R 1375 V
R 1374 E
R 1373 G
R 1372 Y
R 1369 B
R 1367 Y
R 1366 B
R 1364 N
R 1363 V
R 1362 X
R 1360 M
R 1359 D
R 1358 K
R 1353 H
R 1352 N
R 1349 T
R 1348 C
R 1347 G
R 1344 S
R 1342 D
R 1341 Y
R 1339 D
R 1338 B
R 1337 N
R 1336 G
R 1334 E
R 1333 P
R 1332 N
R 1331 J
R 1330 V
R 1329 S
R 1327 I
R 1325 Q
R 1323 V
R 1322 P
R 1321 Q
R 1320 Q
R 1319 H
R 1316 C
R 1315 J
R 1314 X
R 1311 M
R 1309 W
R 1308 N
R 1307 G
R 1305 J
R 1302 F
R 1299 G
R 1298 X
R 1297 F
R 1296 N
R 1295 Z
R 1293 U
R 1292 A
R 1290 G
R 1289 T
R 1287 L
R 1286 Q
R 1285 W
R 1284 W
R 1283 B
R 1282 W
R 1281 O
R 1280 A
R 1279 V
R 1278 T
R 1277 O
R 1276 Q
R 1272 H
R 1271 Y
R 1270 F
R 1268 B
R 1267 Q
R 1265 J
R 1264 S
R 1263 H
R 1262 K
R 1261 B
R 1260 X
R 1259 M
R 1258 U
R 1257 K
R 1256 T
R 1255 G
R 1254 Z
R 1252 Z
R 1251 F
R 1248 R
R 1246 Y
R 1245 O
R 1244 X
R 1243 S
R 1242 U
R 1241 O
R 1240 I
R 1239 F
R 1238 U
R 1237 E
R 1236 O
R 1235 R
R 1233 A
R 1232 N
R 1231 I
R 1230 N
R 1229 J
R 1226 E
R 1225 R
R 1223 N
R 1222 N
R 1221 Y
R 1220 T
R 1218 C
R 1216 R
R 1215 O
R 1213 Q
R 1212 B
R 1211 X
R 1210 V
R 1209 A
R 1207 A
R 1206 Q
R 1205 W
R 1204 P
R 1203 V
R 1202 J
R 1201 I
R 1200 F
R 1199 Z
R 1198 T
R 1196 M
R 1194 V
R 1191 V
R 1189 H
R 1188 V
R 1187 W
R 1186 R
R 1185 B
R 1184 P
R 1183 S
R 1182 M
R 1181 X
R 1180 X
R 1178 D
R 1175 V
R 1174 T
R 1171 I
R 1170 F
R 1169 H
R 1166 S
R 1164 I
R 1161 B
R 1160 E
R 1158 V
R 1157 T
R 1156 C
R 1152 L
R 1151 I
R 1150 N
R 1149 A
R 1148 I
R 1147 G
R 1145 U
R 1144 Q
R 1143 Y
R 1142 C
R 1140 I
R 1139 O
R 1137 M
R 1136 U
R 1135 X
R 1134 N
R 1133 V
R 1132 X
R 1131 M
R 1130 L
R 1129 D
R 1128 V
R 1127 L
R 1125 D
R 1123 U
R 1122 B
R 1121 F
R 1120 M
R 1119 C
R 1117 K
R 1116 K
R 1114 Q
R 1113 C
R 1112 I
R 1111 L
R 1110 X
R 1109 Z
R 1108 O
R 1107 J
R 1105 M
R 1104 D
R 1103 Q
R 1102 J
R 1101 U
R 1100 C
R 1099 N
R 1098 X
R 1097 R
R 1095 Y
R 1094 X
R 1093 E
R 1091 Y
R 1089 A
R 1088 K
R 1087 V
R 1085 R
R 1081 Q
R 1080 S
R 1079 V
R 1078 W
R 1077 A
R 1076 Z
R 1075 A
R 1073 Y
R 1071 Y
R 1070 P
R 1069 Y
R 1068 A
R 1067 U
R 1065 U
R 1063 B
R 1062 Z
R 1061 G
R 1060 J
R 1059 W
R 1057 L
R 1055 V
R 1052 X
R 1051 G
R 1050 I
R 1049 K
R 1048 E
R 1046 U
R 1044 J
R 1043 E
R 1042 W
R 1041 P
R 1040 O
R 1038 M
R 1037 E
R 1034 C
R 1033 A
R 1032 T
R 1031 V
R 1030 I
R 1029 C
R 1028 H
R 1027 R
R 1026 V
R 1025 C
R 1024 H
R 1022 N
R 1020 G
R 1019 Z
R 1018 Y
R 1017 G
R 1016 A
R 1015 S
R 1013 G
R 1012 G
R 1011 A
R 1010 M
R 1009 X
R 1008 B
R 1006 C
R 1004 W
R 1003 L
R 1002 Q
R 998 B
R 996 E
R 995 Z
R 994 N
R 993 Q
R 991 W
R 990 F
R 989 N
R 988 H
R 986 Z
R 985 M
R 983 P
R 982 F
R 981 R
R 980 P
R 978 I
R 977 T
R 975 A
R 974 A
R 973 H
R 972 S
R 971 D
R 970 U
R 969 X
R 967 V
R 965 G
R 964 Y
R 963 P
R 962 Y
R 961 A
R 959 T
R 958 V
R 957 W
R 956 R
R 955 E
R 954 A
R 953 U
R 952 J
R 951 A
R 950 G
R 949 N
R 943 A
R 942 F
R 941 Y
R 940 P
R 939 I
R 937 P
R 936 Z
R 935 U
R 934 J
R 932 P
R 931 A
R 930 B
R 929 Z
R 928 N
R 927 V
R 926 C
R 925 M
R 924 G
R 921 O
R 919 H
R 917 F
R 916 K
R 915 L
R 914 A
R 913 S
R 911 L
R 910 T
R 909 L
R 907 B
R 906 I
R 905 E
R 903 D
R 901 C
R 898 X
R 897 I
R 896 M
R 894 D
R 893 D
R 892 Q
R 891 R
R 889 P
R 888 C
R 887 A
R 886 Y
R 885 M
R 884 N
R 883 B
R 882 Q
R 881 L
R 879 S
R 878 F
R 877 E
R 876 V
R 873 L
R 872 Z
R 869 G
R 868 Z
R 867 C
R 865 J
R 864 G
R 863 D
R 862 W
R 861 Y
R 859 H
R 857 T
R 856 E
R 855 Y
R 854 P
R 853 L
R 852 Q
R 850 N
R 849 R
R 848 H
R 846 W
R 844 A
R 843 U
R 842 B
R 841 U
R 839 H
R 838 F
R 836 B
R 833 O
R 830 P
R 829 U
R 826 U
R 825 X
R 824 Y
R 823 N
R 822 V
R 821 N
R 818 Z
R 817 P
R 816 T
R 812 Z
R 810 I
R 808 B
R 807 X
R 806 M
R 804 Q
R 803 T
R 801 A
R 800 R
R 799 A
R 798 X
R 797 E
R 796 N
R 795 Q
R 794 Z
R 792 A
R 791 G
R 789 J
R 788 C
R 787 U
R 785 O
R 784 A
R 782 E
R 781 S
R 780 D
R 778 F
R 777 F
R 776 C
R 775 X
R 773 I
R 772 G
R 771 X
R 770 F
R 769 E
R 768 O
R 767 S
R 763 D
R 762 H
R 761 A
R 760 Y
R 759 L
R 758 X
R 757 I
R 756 L
R 755 V
R 754 T
R 753 E
R 752 G
R 751 D
R 750 P
R 748 H
R 747 O
R 746 S
R 744 O
R 742 M
R 740 J
R 739 G
R 738 J
R 737 G
R 736 O
R 735 J
R 734 A
R 733 G
R 732 C
R 731 H
R 729 Y
R 727 W
R 726 C
R 725 G
R 724 D
R 723 P
R 722 Z
R 720 F
R 719 D
R 718 K
R 717 S
R 716 I
R 715 T
R 714 T
R 712 K
R 711 G
R 708 Q
R 707 E
R 706 K
R 705 H
R 704 V
R 703 V
R 702 O
R 701 O
R 699 V
R 698 Z
R 697 R
R 696 B
R 693 S
R 689 M
R 688 V
R 687 X
R 686 V
R 685 U
R 684 V
R 683 G
R 682 E
R 681 M
R 679 Q
R 677 Y
R 676 I
R 674 Z
R 673 X
R 671 F
R 670 B
R 668 O
R 666 U
R 664 O
R 663 X
R 662 J
R 661 P
R 660 U
R 659 H
R 658 F
R 657 I
R 656 A
R 655 E
R 654 L
R 653 Z
R 651 Y
R 650 C
R 649 Q
R 648 T
R 646 B
R 644 V
R 643 N
R 642 H
R 641 Z
R 640 H
R 639 H
R 637 X
R 635 L
R 634 C
R 633 O
R 632 S
R 631 Z
R 628 T
R 626 M
R 625 T
R 624 F
R 622 Q
R 621 Y
R 620 O
R 619 G
R 618 O
R 617 P
R 615 V
R 614 P
R 613 D
R 612 S
R 611 D
R 609 D
R 606 H
R 605 W
R 604 J
R 603 R
R 601 M
R 600 D
R 599 F
R 597 X
R 596 N
R 595 Z
R 594 B
R 593 O
R 591 K
R 590 W
R 586 Z
R 585 N
R 584 K
R 583 R
R 579 H
R 578 O
R 577 P
R 576 M
R 575 J
R 574 F
R 573 S
R 571 O
R 569 U
R 568 B
R 567 M
R 566 E
R 565 X
R 564 L
R 563 A
R 561 F
R 560 A
R 559 U
R 558 K
R 557 K
R 556 E
R 555 C
R 553 M
R 552 U
R 549 R
R 548 B
R 547 I
R 546 I
R 545 M
R 544 M
R 543 T
R 542 V
R 541 R
R 539 B
R 538 C
R 537 X
R 536 N
R 535 B
R 534 M
R 533 R
R 532 G
R 530 A
R 529 D
R 527 U
R 526 O
R 525 K
R 524 H
R 523 S
R 521 Y
R 520 C
R 518 Y
R 517 E
R 515 T
R 514 P
R 513 Q
R 512 Y
R 511 I
R 510 N
R 508 T
R 506 I
R 505 B
R 504 T
R 502 J
R 501 O
R 499 J
R 498 D
R 497 G
R 496 S
R 495 Y
R 494 C
R 492 Z
R 491 Q
R 490 P
R 489 O
R 487 S
R 486 T
R 484 C
R 483 Y
R 482 G
R 481 K
R 480 G
R 479 Z
R 478 K
R 477 Y
R 476 K
R 474 O
R 473 I
R 472 X
R 471 Y
R 469 A
R 468 C
R 466 L
R 465 J
R 464 Q
R 462 J
R 461 X
R 460 D
R 458 C
R 457 W
R 456 D
R 454 R
R 453 R
R 452 F
R 450 F
R 449 S
R 448 V
R 447 D
R 446 V
R 445 P
R 444 J
R 443 Y
R 442 G
R 440 N
R 439 X
R 436 Q
R 434 C
R 432 O
R 431 N
R 430 S
R 429 Z
R 428 E
R 427 Z
R 426 C
R 425 Y
R 424 E
R 423 B
R 422 H
R 421 O
R 420 L
R 419 F
R 418 C
R 417 V
R 416 S
R 415 N
R 414 J
R 411 K
R 410 Z
R 409 U
R 407 D
R 405 R
R 404 E
R 403 X
R 400 L
R 398 W
R 397 V
R 395 X
R 394 A
R 392 R
R 390 C
R 389 Y
R 387 B
R 386 M
R 385 Q
R 384 Z
R 383 L
R 380 X
R 379 J
R 377 H
R 376 M
R 374 C
R 372 A
R 371 H
R 370 H
R 369 D
R 368 P
R 367 K
R 364 O
R 363 W
R 362 I
R 361 M
R 360 U
R 359 R
R 357 G
R 355 K
R 354 C
R 353 A
R 352 Z
R 351 S
R 345 Z
R 344 X
R 343 H
R 342 J
R 341 U
R 340 K
R 337 V
R 332 N
R 330 F
R 328 K
R 327 X
R 325 R
R 324 X
R 323 T
R 320 G
R 319 P
R 318 S
R 316 V
R 315 M
R 314 F
R 312 M
R 311 K
R 308 I
R 307 S
R 306 P
R 305 E
R 304 E
R 303 H
R 301 R
R 300 Q
R 299 K
R 298 F
R 297 G
R 296 Q
R 294 W
R 293 O
R 291 O
R 288 R
R 287 V
R 286 R
R 284 J
R 283 D
R 282 D
R 280 Y
R 278 C
R 277 Z
R 276 G
R 275 G
R 273 O
R 272 P
R 271 N
R 270 E
R 268 I
R 265 S
R 264 G
R 262 I
R 261 Y
R 260 I
R 259 M
R 258 V
R 256 U
R 254 N
R 253 A
R 252 A
R 251 H
R 250 C
R 249 V
R 248 N
R 247 Y
R 245 Y
R 243 Y
R 242 R
R 241 A
R 240 O
R 239 I
R 238 H
R 237 D
R 236 W
R 235 D
R 234 H
R 233 K
R 232 S
R 231 L
R 230 G
R 229 B
R 228 L
R 227 K
R 226 G
R 225 G
R 224 M
R 223 G
R 222 X
R 220 J
R 219 A
R 218 O
R 217 Q
R 216 N
R 213 N
R 211 G
R 210 G
R 209 B
R 208 Z
R 206 M
R 205 J
R 204 E
R 203 T
R 201 X
R 199 X
R 198 H
R 197 E
R 196 T
R 195 F
R 194 W
R 193 M
R 192 M
R 191 J
R 190 M
R 188 T
R 186 P
R 185 U
R 184 K
R 183 W
R 181 X
R 180 H
R 179 I
R 177 W
R 176 S
R 171 I
R 170 H
R 169 D
R 168 V
R 167 B
R 166 O
R 165 H
R 164 T
R 163 S
R 162 Z
R 161 H
R 160 Z
R 159 F
R 158 X
R 157 S
R 156 C
R 154 V
R 153 D
R 152 F
R 151 R
R 150 W
R 149 G
R 146 G
R 145 G
R 144 Y
R 143 X
R 142 V
R 139 X
R 138 P
R 136 G
R 135 U
R 134 E
R 133 B
R 132 G
R 130 Y
R 129 N
R 128 X
R 127 X
R 126 E
R 124 H
R 122 E
R 121 A
R 120 V
R 119 V
R 118 K
R 117 U
R 112 N
R 111 G
R 109 M
R 108 H
R 107 W
R 106 Z
R 105 V
R 104 T
R 102 R
R 101 B
R 99 R
R 98 D
R 95 H
R 93 W
R 92 N
R 91 K
R 90 F
R 89 L
R 87 K
R 85 D
R 84 Z
R 83 L
R 82 L
R 81 H
R 80 C
R 77 J
R 76 Z
R 75 E
R 74 P
R 73 L
R 68 Y
R 65 S
R 63 I
R 61 J
R 60 Y
R 58 U
R 57 F
R 56 N
R 55 W
R 54 E
R 52 W
R 51 Q
R 50 X
R 49 U
R 48 E
R 47 D
R 46 Q
R 45 Q
R 42 D
R 41 X
R 40 P
R 39 I
R 38 B
R 36 J
R 35 B
R 34 W
R 33 T
R 32 P
R 31 P
R 30 B
R 28 T
R 27 U
R 26 U
R 25 D
R 24 V
R 21 J
R 19 Z
R 18 X
R 17 J
R 16 C
R 14 K
R 13 E
R 10 V
R 8 B
R 7 A
R 6 Z
R 5 S
R 4 Y
R 3 H
R 2 B
R 1 I
