3999
K 1433 F
K 1194 L
R 1529 L
R 1302 L
R 835 F
K 1596 F
K 1497 L
R 1791 L
R 331 L
R 124 F
K 1541 F
K 981 L
R 1071 L
R 805 L
R 760 F
R 643 F
K 1862 F
K 1015 F
K 93 L
K 73 F
R 1819 L
R 1804 L
R 1588 L
R 1554 F
R 1051 L
R 869 L
K 1969 L
K 1240 L
K 672 F
K 421 L
K 11 L
R 1654 L
R 846 F
R 650 F
R 414 F
K 1562 L
K 1320 F
K 1280 L
K 553 F
R 261 F
R 3 L
K 1532 L
K 1378 F
K 722 F
R 1233 F
R 787 L
K 297 F
K 147 L
R 1347 L
R 496 F
R 412 F
K 1912 L
K 1380 F
K 973 F
K 827 F
R 889 F
R 878 L
K 1464 L
K 1151 L
K 551 F
R 1296 F
R 1291 F
R 1120 F
R 782 L
R 278 F
K 1742 L
K 1518 L
K 1508 F
K 113 F
R 1918 F
R 933 L
K 1961 L
K 1754 F
K 1627 L
K 1044 F
R 1835 L
R 1643 L
R 1553 L
R 1200 F
R 1174 F
R 493 L
R 99 L
K 1157 L
K 17 F
R 1223 F
R 924 L
R 794 F
K 1555 L
K 1150 F
K 1086 F
R 1167 F
R 339 F
R 94 L
K 1785 F
K 127 F
K 99 L
R 1472 F
R 715 L
R 434 L
R 366 L
R 141 F
K 1806 L
K 1487 F
R 1792 F
R 1768 L
R 1590 L
R 895 L
R 579 L
R 494 L
K 1219 L
K 941 L
K 489 F
R 1807 L
R 1709 L
R 1589 L
R 1410 L
R 1276 L
R 1268 F
R 1040 F
R 492 L
R 387 L
R 252 L
K 1799 L
K 1315 F
R 1225 F
R 1102 L
R 872 L
R 420 F
K 1602 F
K 848 L
R 1837 F
R 1760 L
R 1507 L
R 897 L
K 564 F
K 446 L
R 1025 F
R 700 L
K 1731 L
K 1076 F
K 536 F
K 393 L
R 870 L
R 337 L
R 255 F
K 1459 L
K 908 F
K 813 L
K 614 F
R 1351 L
R 682 L
R 206 F
K 1476 L
K 1342 L
K 532 L
K 15 F
R 1857 L
R 296 F
K 1033 L
K 767 F
K 596 F
K 350 F
R 1564 L
R 1052 F
K 1848 F
K 1554 L
K 1468 F
K 844 F
K 736 F
K 206 F
R 1989 L
R 1902 F
R 1737 L
R 1487 F
R 584 F
R 478 F
R 477 F
K 1834 F
K 1321 L
K 337 L
K 308 L
R 1632 L
R 1088 F
R 208 F
K 1936 L
K 1605 F
K 1024 F
K 431 F
R 1034 L
R 978 F
R 449 L
R 172 L
K 1046 F
K 936 L
K 935 F
K 464 F
R 1817 L
R 1053 F
K 1260 F
K 857 L
K 853 F
R 1944 F
R 1598 F
R 1485 L
R 1272 L
R 744 L
R 20 L
K 1406 L
K 1341 F
K 1114 F
K 993 L
K 819 L
K 486 L
K 394 F
K 233 L
R 110 L
R 38 F
K 1797 F
K 1780 L
R 1602 F
R 1375 L
R 1147 L
R 817 F
R 619 L
R 600 L
K 1974 L
K 1289 L
K 1089 F
K 984 L
K 256 L
K 114 L
R 1808 F
R 1605 L
R 1496 L
K 1383 F
K 1094 L
K 133 L
R 1527 L
R 1236 L
R 949 L
R 146 F
K 1028 L
K 705 F
K 60 L
R 672 L
R 641 F
R 461 L
K 1774 L
K 1276 L
K 966 F
K 755 F
K 478 F
K 398 F
K 322 F
K 264 L
R 1494 F
R 1389 L
R 929 F
K 1771 F
K 252 L
R 1345 L
R 455 F
K 1542 F
K 1324 F
K 746 L
K 176 F
K 18 L
R 1794 L
R 1468 F
R 1444 F
R 1415 L
R 804 L
R 63 F
K 1515 F
K 1045 L
R 1745 L
R 605 F
K 1613 F
K 329 L
R 1965 F
R 1499 L
R 1299 F
R 1218 L
R 655 F
R 452 F
K 1984 L
K 1483 L
K 1311 F
R 1878 L
R 1841 L
R 1286 L
R 987 F
R 645 F
R 35 F
K 1753 F
K 1164 F
K 1079 L
R 1163 F
R 615 L
R 115 L
K 1805 F
K 1519 L
K 1375 F
K 1290 F
K 820 F
K 469 F
K 456 F
K 277 L
K 47 F
R 1328 F
R 554 L
R 103 F
K 1945 L
K 80 F
R 1615 L
R 1583 F
R 1453 F
R 1058 L
R 1043 F
R 112 F
R 60 F
K 1718 L
K 1041 F
R 1344 F
R 1226 F
R 973 F
R 302 L
K 1271 F
K 1218 L
R 1369 L
R 98 F
R 24 F
K 1968 L
K 620 F
R 1942 F
R 1649 F
R 945 L
K 1537 L
K 1465 L
K 1361 F
K 1058 L
R 1721 F
R 1418 L
K 1625 L
K 1134 F
K 188 F
R 1739 F
R 1726 L
R 1592 L
R 1353 L
R 1307 L
R 670 L
R 517 L
R 359 L
K 1887 L
K 1098 F
K 448 L
R 1660 L
R 739 F
R 518 F
K 549 L
K 540 F
R 1244 F
R 77 L
K 1669 F
K 1574 F
K 1278 F
K 450 L
K 183 F
R 1228 F
R 1149 L
R 1026 F
K 1521 L
K 967 F
K 201 L
R 1325 L
R 1094 L
R 399 F
K 1482 L
K 513 L
K 161 F
R 1637 F
R 1222 L
R 1113 F
R 1110 L
R 745 L
R 425 F
R 196 F
R 180 F
R 128 L
R 96 F
K 1680 F
K 1662 F
K 1238 L
K 482 L
R 1773 L
R 1378 F
R 1081 L
R 752 L
R 586 F
K 906 F
K 531 L
K 288 L
K 92 F
R 1962 L
R 1797 L
R 1128 F
R 816 F
R 728 F
R 616 L
K 1674 F
K 424 L
R 1840 F
R 1770 F
R 1522 F
R 1249 F
R 1059 L
K 1639 F
K 1268 L
K 1053 L
K 1002 F
R 1752 F
R 1454 F
R 1214 L
R 964 L
R 684 F
R 537 L
R 473 F
K 1784 F
K 1135 F
K 112 L
R 1224 L
R 1021 F
R 147 F
K 1773 F
K 1507 L
K 1302 F
K 1272 F
K 552 L
K 320 F
R 1549 F
R 1475 L
R 1191 L
K 864 F
K 698 L
R 1958 L
R 980 F
R 37 F
R 7 F
K 1966 L
K 1145 L
K 1047 L
K 900 L
K 802 L
K 783 L
K 776 L
K 683 F
K 630 L
K 22 L
R 1629 L
R 1405 L
R 953 F
K 1770 F
K 1296 L
K 409 F
R 1407 F
R 1245 F
R 177 L
K 1937 F
K 1335 L
K 922 F
R 1456 F
R 1003 L
R 432 L
K 1257 L
K 106 F
K 79 F
R 1573 F
R 1445 F
R 1062 F
R 914 L
R 714 F
K 1899 L
K 1540 L
K 1226 L
K 899 L
K 840 L
K 643 L
K 302 F
R 1830 F
R 1018 F
R 358 L
R 272 L
K 1874 F
K 1752 F
K 1688 F
K 1360 L
K 937 F
K 850 F
R 977 F
R 877 L
R 747 L
R 218 F
K 1277 F
K 427 L
R 1778 F
R 1541 L
R 1339 L
K 499 F
K 283 L
R 1915 F
R 1346 L
R 1306 L
R 148 F
K 1279 F
K 1097 F
K 980 L
K 882 L
K 218 F
R 1887 L
R 1569 L
R 659 L
R 653 L
R 558 F
R 441 L
R 210 L
R 150 L
K 576 F
K 300 L
R 1973 F
R 1856 F
R 1854 F
R 1537 F
R 1314 L
R 1204 F
R 327 F
R 138 L
R 122 L
R 87 F
K 1795 L
K 1003 F
K 742 F
R 1796 F
R 1466 F
R 1386 F
R 1340 L
R 1205 F
R 868 F
R 759 F
R 596 F
R 529 F
R 362 L
K 1960 L
K 1505 L
K 897 L
K 517 F
K 491 L
R 1889 F
R 1258 F
R 618 L
R 166 L
R 55 L
K 1827 F
K 1355 L
K 854 F
K 749 L
K 713 L
K 559 F
R 637 F
R 384 L
K 210 F
K 10 L
R 1755 L
R 930 F
R 317 L
R 171 L
K 1933 L
K 1893 F
K 909 F
K 343 F
K 321 L
K 85 L
R 1277 F
R 858 F
R 688 L
R 18 L
K 1356 F
K 1125 L
K 197 L
K 71 F
R 1425 L
R 636 F
R 271 F
K 1638 F
K 1586 L
K 179 F
R 240 F
R 29 L
K 1768 L
K 662 F
R 830 L
R 260 F
K 1946 F
K 1712 L
K 728 F
K 439 F
K 164 L
R 1833 F
R 1640 F
R 1301 L
R 719 F
R 183 L
K 1775 F
K 527 F
K 428 L
K 235 F
R 871 F
R 780 L
R 560 F
R 297 F
K 1798 L
K 1100 F
K 1006 L
R 1966 F
R 1047 F
R 894 F
R 353 F
R 232 L
K 1500 F
K 152 L
R 1235 F
R 1032 F
R 986 L
R 864 F
R 213 L
R 101 L
R 72 F
K 1811 L
K 1486 F
K 1048 L
K 351 F
R 1884 F
R 1029 F
R 917 L
R 571 L
K 1846 F
K 1838 F
K 1820 F
K 1565 L
K 1489 F
K 615 L
K 339 F
K 156 F
R 1913 L
R 741 F
K 1408 F
K 1117 F
K 947 L
R 1820 L
R 1316 F
R 1275 L
K 1384 L
K 1239 F
K 923 L
R 1651 L
R 1154 F
R 75 L
K 1906 L
K 1818 F
K 1721 F
K 1531 L
K 692 F
R 1754 F
R 1358 F
R 1298 F
R 915 F
R 904 L
R 775 F
K 1292 F
K 883 F
K 729 L
K 96 F
K 5 F
R 1133 L
R 457 F
K 916 L
K 724 L
K 719 F
R 1010 F
R 316 L
R 220 L
K 1758 F
K 1309 L
K 1108 L
K 680 L
K 129 L
R 1612 L
R 1419 F
R 829 F
R 343 F
K 1852 F
K 1759 F
K 939 L
K 583 L
K 98 F
R 1812 L
R 1423 L
R 957 F
R 612 F
R 189 L
K 1498 L
K 1030 F
R 1606 F
R 885 F
R 751 F
R 290 L
K 1417 F
K 1252 L
R 1116 F
R 784 L
K 1963 L
K 1698 F
K 1588 L
K 1069 F
R 1805 F
R 1609 F
R 1539 L
K 1919 F
K 1914 F
K 1025 L
K 780 F
R 1397 L
R 976 F
K 739 F
K 677 L
K 132 F
R 1111 L
R 994 L
R 400 L
R 249 F
R 88 L
R 83 F
R 10 L
K 1404 F
K 1347 F
K 1297 F
K 1174 L
K 752 F
K 501 F
K 492 L
K 445 F
R 1300 L
R 1090 F
R 1004 L
R 543 L
R 251 F
K 1107 L
K 124 F
K 95 F
R 1872 F
R 1858 F
R 1724 F
R 1323 L
R 1263 F
R 1231 L
R 1185 F
R 525 F
R 428 L
R 294 F
R 190 F
R 151 F
K 1295 F
K 522 L
K 226 L
R 764 F
R 28 L
K 1255 F
K 1035 F
K 1016 F
K 561 L
K 141 F
R 1787 F
R 1704 L
R 1594 F
R 1519 L
R 1019 L
R 1013 F
R 448 L
R 195 F
K 1971 L
K 1706 F
K 1396 L
K 1225 L
K 33 L
R 411 F
R 303 F
R 178 L
K 1903 F
K 1282 L
R 1828 F
R 1535 F
R 609 L
K 1941 L
K 1847 F
K 1420 F
K 1362 F
K 1104 F
R 1101 L
R 887 F
K 1990 F
K 1445 L
R 1802 L
R 1481 L
R 675 F
R 553 L
K 1593 L
K 1354 F
K 1210 L
K 538 L
K 287 F
R 1681 F
R 1188 L
K 1923 F
K 1604 L
K 1409 F
K 901 F
K 606 F
K 588 F
R 1924 F
R 1533 L
K 1133 L
K 1080 L
K 396 F
R 1748 L
R 1294 F
K 852 F
K 748 L
K 260 F
R 1746 L
R 1447 F
R 967 L
R 742 L
R 708 L
K 1841 F
K 1263 L
K 1182 F
R 1625 L
R 552 F
R 228 F
K 1401 F
K 1250 L
K 325 F
R 1982 F
R 1815 L
R 538 F
R 233 F
K 1473 L
K 490 F
R 1783 L
R 585 L
R 293 F
R 170 L
K 1314 L
K 1143 L
K 892 L
K 798 F
R 1599 L
R 1577 F
R 1532 L
K 298 L
K 180 F
K 143 L
R 1879 F
R 1469 L
R 625 L
K 1973 L
K 1866 F
R 1702 L
R 1261 L
R 626 F
K 1716 L
K 1144 L
K 1042 L
K 285 F
R 1548 F
R 1462 L
R 1424 L
R 569 L
R 435 L
K 1962 F
K 889 L
R 792 F
R 649 L
K 1621 F
K 1363 F
K 597 L
K 508 L
R 1849 F
R 466 L
R 385 L
R 129 F
K 1066 L
K 225 F
R 1868 L
R 621 F
K 1996 L
K 1608 L
K 1205 F
K 1169 F
K 925 F
K 896 F
K 410 L
K 375 F
K 196 L
K 153 F
K 70 L
R 1990 F
R 1730 L
K 1577 L
K 1273 L
K 1123 F
R 1971 L
R 998 F
R 545 F
K 1663 F
K 1091 L
K 385 F
R 1544 L
R 1530 L
R 1284 F
R 1266 F
R 590 F
R 459 L
R 14 F
K 1851 F
K 1789 F
K 1298 L
K 1229 F
K 1153 F
K 1118 L
K 1004 L
K 771 F
K 229 L
K 28 F
R 1619 F
R 1610 L
R 1528 L
R 1196 L
R 380 L
R 276 F
K 1413 F
K 1093 F
K 567 F
K 481 L
K 471 L
R 1563 L
R 925 F
R 859 F
R 279 F
R 169 F
K 774 L
K 721 F
K 717 F
R 1821 F
R 1465 L
R 881 F
R 791 L
R 502 L
K 1931 L
K 1730 F
K 1699 F
K 1245 F
K 1233 L
K 1132 F
R 1520 F
R 1402 F
R 1016 L
R 777 L
R 687 F
R 620 F
R 474 L
K 1720 F
K 1096 L
K 638 L
K 227 F
R 1959 L
R 1943 F
R 803 F
R 644 L
R 184 F
K 757 L
K 743 F
R 1781 L
R 1628 F
K 1007 F
K 903 L
K 253 L
R 1536 F
R 1408 F
R 274 L
R 57 L
K 1822 F
K 1502 F
K 1455 F
K 139 F
K 135 F
K 31 L
R 1980 F
R 1765 L
R 1669 L
R 1045 L
R 508 L
R 446 L
K 1761 F
K 1399 L
R 1761 L
R 1634 F
K 806 L
K 738 F
R 1585 F
R 1406 L
R 944 L
K 1883 F
K 1804 L
K 1597 F
K 924 F
K 682 L
R 1370 F
R 879 L
R 6 L
K 1747 F
K 1736 F
K 1330 L
R 1597 F
R 1443 L
K 673 L
K 306 F
K 117 L
R 1181 L
R 1105 F
K 1828 F
K 1685 L
K 1490 F
K 1449 L
K 1212 L
K 959 F
K 45 L
R 1387 L
R 935 F
K 1601 F
K 649 F
K 623 L
K 423 F
R 1983 L
R 277 F
K 1836 L
K 961 F
R 1789 F
R 727 L
R 427 F
R 422 F
K 1894 F
K 1253 L
R 1786 L
R 61 F
R 59 F
K 880 L
K 831 F
K 483 F
K 23 F
R 1308 L
R 956 F
R 923 L
R 589 L
K 1995 L
K 1563 L
K 1189 F
K 433 L
R 1877 L
R 1842 L
R 1631 L
R 1430 L
R 1161 L
R 1077 L
R 979 L
R 544 L
R 512 L
R 397 F
R 133 L
R 58 L
K 545 F
K 173 L
R 1920 F
R 1867 L
K 1126 F
K 217 L
R 1839 L
R 1707 L
R 1478 F
R 1075 F
R 1048 L
R 568 F
R 66 L
K 1839 L
K 1576 F
K 1523 L
K 1319 L
K 1269 F
K 1095 F
K 525 F
K 336 F
K 236 L
R 773 L
R 241 F
R 119 F
K 1980 L
K 1926 L
K 1738 L
K 1549 L
K 869 L
K 745 F
K 352 L
K 68 L
R 1565 L
R 678 F
R 181 F
K 1881 F
K 1247 L
K 878 L
K 463 L
K 366 L
R 1923 F
R 1442 L
R 264 L
K 1676 F
K 1424 L
K 592 F
K 170 F
R 1283 F
R 975 L
R 860 L
R 381 F
R 149 F
K 558 L
K 55 F
R 1759 F
R 1718 F
R 1195 L
R 799 F
R 771 F
R 505 F
R 442 F
R 406 F
R 219 L
R 92 L
K 1781 L
K 1584 L
K 974 F
R 1968 L
R 421 F
R 383 F
R 312 F
R 44 F
K 1051 F
K 990 L
K 313 F
R 1838 F
R 1793 L
R 583 F
K 1186 L
K 1083 F
R 262 F
R 157 L
K 807 L
K 500 F
R 1947 L
R 1630 L
R 71 F
K 1733 L
K 1512 F
K 1131 L
K 964 F
K 832 L
K 331 L
R 1682 F
R 1662 L
R 1279 F
R 1171 F
R 1046 F
R 839 L
R 831 F
R 664 L
R 522 F
K 1957 F
K 1545 L
K 1111 F
K 838 F
K 279 F
K 237 F
K 140 L
R 1516 L
R 1265 F
R 1248 F
R 836 F
R 627 F
R 404 L
R 310 F
K 1646 F
K 761 F
K 454 L
R 1035 F
R 937 F
R 743 L
R 329 F
R 235 F
R 227 F
K 1915 L
K 1457 F
K 593 L
K 128 F
K 3 F
R 1893 L
R 676 L
R 392 F
R 326 L
K 1665 L
K 534 F
K 382 F
R 1219 L
R 848 L
R 514 F
R 239 L
K 1885 F
K 1614 L
K 732 L
K 295 L
R 1728 L
R 1452 F
R 1297 L
R 999 F
R 685 L
K 1619 F
K 1012 F
K 879 L
R 1159 L
R 1112 F
R 948 L
R 730 F
R 467 F
R 430 F
R 82 F
K 1790 L
K 1196 F
K 723 L
R 1510 F
R 632 L
K 1258 F
K 934 F
K 641 F
K 388 L
K 16 F
R 990 L
R 716 F
R 389 F
K 1896 F
K 1607 L
K 451 L
K 245 L
R 1936 L
R 1259 F
K 1190 F
K 542 L
K 84 F
R 1483 L
R 1221 F
R 613 L
R 15 F
K 1566 F
K 1516 F
K 1234 F
K 1103 L
K 1040 F
K 691 L
K 326 F
K 307 F
R 1636 L
R 991 L
R 595 F
K 1940 F
K 1667 L
K 1353 L
K 1027 F
K 867 L
K 449 F
K 194 L
R 1860 F
R 1652 L
R 199 F
K 1700 L
K 1504 F
K 1385 L
K 1213 L
K 994 L
K 38 F
R 1570 F
R 1267 L
R 1260 F
R 703 F
K 1991 L
K 801 F
K 543 L
K 315 L
R 1586 F
R 388 L
K 818 F
K 688 L
K 601 L
R 1827 F
R 447 L
R 131 F
K 655 L
K 476 L
K 475 L
K 290 F
K 30 L
R 551 F
R 49 L
K 1976 L
K 1950 F
K 1293 L
K 548 L
K 381 L
R 1919 F
R 697 L
R 212 F
K 1817 F
K 1543 L
R 1056 L
R 308 F
K 1514 L
K 642 F
K 243 F
R 1929 F
R 1620 L
R 1366 F
R 1257 F
R 1170 F
R 983 F
K 1254 L
K 587 F
R 1656 L
R 468 F
K 1199 L
K 1167 F
R 1688 L
R 731 F
R 535 L
K 1652 L
K 1640 F
K 327 L
K 207 F
R 1882 F
R 1503 L
R 335 L
R 202 L
K 1557 L
K 1478 F
K 868 F
K 805 F
R 1723 F
R 203 L
K 1475 L
K 1019 F
K 632 L
R 1896 L
R 1776 F
K 1180 L
K 951 F
R 1834 F
R 1232 F
R 291 L
K 661 L
K 537 L
K 533 F
K 254 L
R 1309 L
R 1125 F
K 1748 F
K 1682 L
K 1492 F
K 1439 L
K 1368 L
K 1340 L
K 405 L
K 120 L
R 1118 L
R 639 F
K 1494 L
K 1471 F
K 888 F
K 690 F
K 458 L
K 373 F
K 178 F
R 1732 L
R 1547 L
R 851 F
K 1228 L
K 442 L
K 249 L
K 37 F
R 1373 L
R 287 F
K 756 F
K 621 L
R 1719 L
R 798 F
R 669 F
R 638 F
R 617 L
K 1788 F
K 1650 L
K 372 F
K 108 L
R 1078 L
R 323 F
K 872 L
K 733 F
K 312 L
R 1994 F
R 269 L
K 1808 L
K 1581 L
K 1343 L
K 1078 F
K 506 F
K 284 L
R 1655 L
R 958 F
R 509 F
K 1536 L
K 1305 L
K 1102 F
K 948 L
K 443 L
K 212 L
R 1164 L
R 837 F
K 1587 F
K 1043 F
K 744 L
R 1372 F
R 753 L
R 416 L
R 253 F
K 1654 F
K 378 L
R 1777 F
R 1471 F
R 1207 L
K 1918 F
K 1251 L
R 1795 F
R 1593 F
R 825 L
R 608 F
R 347 L
K 1381 L
K 991 L
K 123 F
R 1717 L
R 1361 L
R 578 L
R 168 F
K 843 L
K 709 F
K 407 L
R 1749 L
R 460 F
K 1668 F
K 1479 F
K 952 L
K 884 F
R 1416 F
R 1194 L
R 162 L
K 823 L
K 477 F
K 2 L
R 1371 L
R 1217 F
R 300 F
K 1889 F
K 1063 F
K 919 F
K 715 L
R 1365 L
R 338 F
K 881 F
K 791 L
R 1976 L
R 1852 F
R 1290 F
R 1278 F
R 1100 F
R 969 F
R 706 F
R 570 F
R 530 L
K 1470 L
K 275 F
K 189 F
K 27 L
R 1473 L
R 1273 F
R 1044 F
R 563 L
K 1241 F
K 737 F
K 701 L
R 1364 F
R 908 L
R 54 F
K 1755 L
K 1578 F
K 1437 F
K 1209 F
K 874 F
K 666 F
K 528 F
R 1981 F
R 1264 L
R 854 L
K 841 L
K 645 F
K 603 L
R 1938 F
R 1847 L
R 1733 F
R 1150 F
R 393 F
K 1985 F
K 1726 F
K 1179 L
K 786 L
K 357 F
R 1675 L
R 1438 L
R 1384 F
R 856 F
R 341 F
R 16 F
K 1703 F
K 1616 L
K 1367 F
K 470 F
R 1493 L
R 928 F
K 1955 F
K 1230 L
K 1011 F
K 403 L
R 1876 L
R 1420 F
R 1060 L
R 932 F
K 1719 L
K 1442 L
K 1057 L
K 1032 F
R 1764 L
R 1155 F
K 1217 F
K 468 F
K 192 L
R 1826 L
R 1508 F
R 865 F
R 445 F
K 1865 L
K 1787 L
K 1008 F
K 926 F
K 902 L
K 602 F
R 1482 L
R 989 L
R 729 L
R 657 L
R 27 F
K 1491 F
K 1022 L
K 25 F
R 1084 F
R 17 L
K 1802 F
K 1579 L
K 1548 F
K 1101 F
K 462 L
K 383 L
K 83 L
K 61 L
R 1714 F
R 920 L
K 1842 F
K 1743 L
K 1168 F
R 1338 F
R 982 F
R 313 L
K 1763 L
K 1441 L
K 1397 F
K 1364 F
K 244 F
R 1479 L
R 540 L
R 156 F
R 127 F
K 1496 F
K 1462 L
K 1060 F
K 291 F
R 1403 L
R 364 F
K 1415 L
K 1110 L
K 972 L
K 570 F
R 1784 F
R 666 L
R 46 L
K 1900 L
K 1346 F
K 788 F
K 90 L
R 1433 L
R 610 F
R 510 L
K 459 F
K 268 L
R 1998 F
R 1189 F
R 1072 F
R 926 L
R 450 F
R 179 L
R 47 F
K 1000 F
K 246 L
R 1645 L
R 1446 F
R 988 F
K 1857 L
K 1414 F
K 816 L
K 266 F
R 1907 L
R 1352 F
K 1161 L
K 856 F
R 1803 F
R 506 L
R 30 F
K 1431 F
K 1001 L
R 1825 F
R 1785 F
R 1621 L
R 1399 F
R 1005 F
R 826 F
R 175 F
K 1959 L
K 1928 L
K 1767 F
K 1641 F
K 1221 F
K 1202 F
K 1149 F
K 1137 F
K 240 F
R 1115 L
R 737 F
K 1394 F
K 1203 L
K 930 F
K 53 L
R 1572 F
R 1330 F
R 800 L
R 721 F
R 444 F
R 396 L
K 1256 L
K 650 F
K 635 F
K 255 L
R 1613 L
R 900 F
R 120 L
K 1979 F
K 1952 L
K 720 L
K 654 L
K 651 L
K 584 F
K 412 F
K 310 L
R 1514 L
R 1374 F
R 1201 L
R 1027 L
R 995 L
R 960 L
R 884 L
R 762 L
R 499 L
R 309 L
R 32 L
K 1860 L
K 1201 L
K 907 F
K 269 F
K 265 L
R 853 F
R 497 L
K 1868 F
K 497 L
R 521 L
R 516 F
R 267 F
K 1349 L
K 1326 F
K 660 F
K 488 L
R 1985 F
R 1848 F
R 912 L
K 1981 L
K 1440 L
K 1112 L
K 846 F
K 731 L
R 1722 L
R 1178 F
R 1083 L
R 842 L
R 443 F
R 139 L
K 1735 F
K 1655 F
K 754 F
K 305 L
R 1934 L
R 1824 F
R 1417 L
R 1087 F
R 91 L
K 1696 F
K 1267 L
K 766 L
R 1106 L
R 1068 F
R 1024 L
R 635 L
R 534 L
K 1594 L
K 1421 L
K 1023 L
K 876 F
K 815 L
R 1517 F
R 961 L
R 426 L
K 1128 L
K 530 F
R 1890 F
R 1665 L
R 651 F
R 349 F
R 306 L
R 107 F
K 1031 F
K 1013 L
R 1209 F
R 1138 L
R 807 F
R 418 L
K 1935 F
K 1637 F
K 1171 F
K 1142 F
K 75 L
K 58 F
R 463 L
R 164 F
K 1286 L
K 1084 F
K 793 F
K 575 L
K 267 F
K 257 F
R 1460 L
R 906 F
K 1529 F
K 1124 L
R 1644 F
R 1240 L
R 717 L
R 513 L
R 402 F
K 1580 F
K 1377 F
K 200 L
R 875 F
R 573 F
R 472 L
K 1090 L
K 581 F
R 1751 L
R 1617 L
R 1256 F
R 1074 L
R 813 L
K 1967 F
K 1833 F
K 1695 F
K 1634 F
K 1472 L
K 1087 F
K 1034 F
K 676 F
K 544 F
K 521 F
K 280 F
K 145 F
R 1486 L
R 348 F
K 1274 F
K 955 F
K 347 L
K 346 F
R 1684 L
R 205 F
K 1907 L
K 1370 F
K 76 F
R 783 F
R 772 L
R 770 L
K 1204 L
K 391 F
R 1952 L
R 1866 F
R 1744 F
R 259 F
K 102 F
K 82 L
R 1992 F
R 1495 L
R 1255 F
K 1863 F
K 1038 L
R 1581 F
R 677 L
K 1853 L
K 1711 L
K 1352 L
K 1336 L
K 1159 F
K 1147 L
K 835 L
K 779 L
R 1955 L
R 1799 L
R 943 L
R 942 L
R 749 L
R 454 F
R 372 L
K 1454 F
K 898 L
K 511 F
R 1750 F
R 1626 F
R 756 L
K 628 F
K 342 L
R 1390 L
R 344 L
R 322 F
R 68 L
K 1231 F
K 1166 L
R 1580 L
R 658 L
R 574 F
R 125 L
K 1884 F
K 834 L
K 675 F
R 996 L
R 438 F
R 182 F
R 48 F
K 1993 F
K 1920 F
K 1861 F
K 1636 L
K 1612 F
K 637 F
K 422 F
K 401 F
R 1193 F
R 234 L
K 1977 L
K 1958 L
K 988 L
K 97 F
R 1772 L
R 1126 L
R 1031 F
R 699 F
R 304 F
R 258 L
K 1461 F
K 653 L
K 644 L
R 808 F
R 407 L
K 1488 L
K 608 F
K 158 F
K 134 L
R 1568 F
R 1160 L
K 758 F
K 88 L
R 1123 L
R 1028 L
R 974 F
R 623 L
R 263 F
K 1909 F
K 1843 F
K 1701 L
K 1018 L
K 154 L
R 1892 L
R 1329 L
R 940 F
R 646 F
K 977 L
K 224 F
R 1607 F
R 572 L
R 226 L
K 1831 L
K 1074 F
R 1933 F
R 1766 F
R 1477 F
R 1039 F
R 453 F
R 365 L
K 727 L
K 526 F
R 1762 F
R 1525 L
R 1143 L
K 1994 F
K 1983 L
R 818 F
R 214 L
K 1249 L
K 1187 F
K 833 L
K 541 F
K 358 F
R 155 L
R 84 F
K 1484 F
K 1072 F
K 301 F
K 103 L
R 1693 F
R 1685 L
R 1144 L
K 1630 F
K 1570 L
K 979 F
K 734 F
K 636 F
K 195 F
K 167 L
R 1790 F
R 1400 L
K 1232 L
K 1140 L
K 865 F
K 503 L
K 166 L
R 1680 L
R 1653 L
R 1337 F
R 1066 F
R 132 F
K 1809 L
K 1560 L
K 1138 F
K 933 F
K 849 L
K 81 F
R 1870 L
R 1523 F
R 890 L
K 1583 L
K 1071 L
K 949 F
K 687 F
K 368 L
R 1427 F
R 582 L
R 158 L
R 123 F
K 1313 F
K 507 L
R 2000 L
R 1912 L
R 1082 F
R 1063 L
K 1901 F
K 1369 F
K 1359 L
K 1061 F
K 69 L
R 1935 L
R 1492 L
R 823 F
R 469 L
K 1922 L
K 1525 F
K 693 L
K 519 L
R 1212 L
R 41 F
K 1561 F
K 1216 F
K 1119 F
K 1070 F
K 789 L
K 130 F
R 1925 F
R 1715 F
R 424 F
R 419 F
R 159 L
R 113 L
R 50 L
K 1898 F
K 1772 L
R 1461 F
R 1151 L
K 1236 F
K 804 F
K 707 L
K 107 L
R 1916 L
R 1697 F
R 847 F
R 511 F
K 1723 L
K 1081 L
K 618 F
R 1957 F
R 1380 L
K 1106 L
K 765 L
K 686 F
K 220 F
R 1176 L
R 686 F
K 1997 F
K 1988 F
K 629 L
K 296 F
K 250 F
R 1853 L
R 1014 F
K 1208 L
K 1036 F
R 1668 L
R 981 F
K 792 F
K 610 L
R 1064 F
R 281 L
K 1870 F
K 1524 F
K 1398 L
K 1373 F
K 1188 F
K 452 F
K 109 F
K 59 F
R 1806 F
R 1429 L
R 1394 F
R 1041 F
R 828 L
R 704 L
R 630 F
K 821 F
K 232 L
K 198 F
R 1846 F
R 1354 L
R 382 L
K 1092 L
K 562 F
R 1145 F
R 691 L
K 1633 L
K 1301 F
K 1177 L
K 219 F
K 110 F
R 962 F
R 862 L
K 1395 F
K 168 L
R 1917 F
R 1349 L
R 757 L
R 736 L
R 631 F
K 359 F
K 6 L
R 1999 L
R 1359 F
R 603 L
K 1679 F
K 1628 L
K 1206 L
K 1198 L
R 1885 L
R 1054 F
R 1006 F
R 822 F
R 243 F
R 118 F
K 1871 L
K 1791 L
K 555 F
K 293 L
R 555 F
R 520 L
K 1917 F
K 395 L
R 1975 L
R 1497 L
R 1440 L
R 905 L
R 732 L
R 654 L
R 598 L
R 528 F
R 479 F
K 1850 F
K 1156 F
K 711 L
K 704 F
R 1639 F
R 1623 L
R 1426 L
R 965 L
R 903 L
R 652 F
R 330 F
R 86 F
K 1539 F
K 694 L
K 647 F
K 565 F
K 263 L
R 1871 L
R 1557 F
K 1690 L
K 987 L
K 983 F
R 1731 F
R 778 F
R 65 L
K 1141 L
K 944 F
K 516 F
R 1463 L
R 1169 F
K 1469 L
K 1115 F
K 866 F
K 830 F
K 616 L
R 1271 L
R 1243 F
R 577 L
R 561 L
K 1878 F
K 1304 F
K 406 L
K 204 F
R 1895 L
R 1089 L
R 950 F
R 487 L
R 283 L
K 1829 F
K 1556 L
K 1200 L
K 612 L
K 171 L
K 142 L
R 409 L
R 39 F
K 1611 L
K 861 F
K 371 F
R 1210 F
R 723 L
R 332 F
R 130 F
R 95 F
K 1291 F
K 1054 F
K 812 L
K 775 L
K 435 L
R 1659 F
R 311 L
K 1911 L
K 1849 F
K 1622 F
K 1485 L
K 1261 L
K 940 F
K 770 F
K 671 L
K 436 L
K 44 F
R 1843 F
R 1559 F
R 1336 L
K 1910 F
K 1873 L
K 1792 F
K 1585 F
K 777 F
R 153 F
R 80 L
K 1801 L
K 1658 F
K 1121 F
R 1108 F
R 680 L
R 566 F
R 374 L
K 1592 F
K 316 F
K 66 L
R 604 L
R 542 F
K 1715 F
K 633 L
R 1550 F
R 307 L
R 237 L
K 1796 L
K 942 L
K 40 F
R 1552 L
R 1137 F
R 1135 F
R 289 L
K 1872 F
K 976 F
K 656 L
K 397 F
R 1321 L
R 413 F
K 1953 L
K 785 L
K 591 F
R 1964 F
R 1560 L
R 43 F
K 1786 L
K 1661 L
K 1220 L
K 487 F
R 1502 F
R 488 L
R 176 L
K 1653 L
K 1610 L
K 1458 F
K 782 F
K 203 F
R 1720 F
R 1327 L
R 827 F
K 1105 F
K 400 L
R 1476 L
R 734 F
K 1626 L
K 1450 F
K 1248 L
K 1139 L
K 839 F
K 324 F
K 65 L
R 1883 L
R 1121 F
R 785 F
R 698 L
R 403 F
K 1925 L
K 1010 F
K 369 L
R 1767 F
R 1073 L
R 193 L
K 1710 L
K 1329 F
K 1270 F
K 1155 F
K 875 F
K 773 F
R 1954 L
R 1008 F
K 1927 F
K 1322 L
R 1880 L
R 1293 F
R 1037 F
R 1036 F
R 485 F
R 19 L
K 1769 F
K 1708 F
K 1651 F
K 1559 L
K 1129 F
K 963 F
K 910 F
K 810 F
K 741 F
R 1414 L
R 575 F
K 1160 F
K 778 F
K 365 L
K 258 F
K 242 L
K 104 F
R 1119 L
R 470 F
K 1746 L
K 1629 L
K 1558 L
K 1130 F
K 894 L
K 580 F
K 294 L
K 118 L
K 35 L
K 20 L
R 1672 L
R 1335 F
R 11 F
K 1837 F
K 1546 F
K 1416 F
K 1170 L
K 605 L
K 1 F
R 1984 F
R 1725 F
R 1673 L
R 1421 L
K 1948 L
K 1510 F
K 1345 L
K 822 F
K 609 F
K 417 L
R 1874 F
R 1664 F
R 1230 F
R 564 F
R 562 L
R 105 F
R 102 L
K 1499 L
K 1283 F
K 354 F
K 318 F
K 272 L
K 24 L
R 1930 L
R 1647 F
R 1562 L
R 702 L
K 1065 L
K 712 F
K 697 L
R 1202 F
R 838 L
R 247 F
K 1762 L
K 1647 F
K 1300 F
K 1184 F
K 891 F
K 718 F
K 338 F
K 248 F
R 1859 F
R 1686 L
R 1679 F
R 1310 L
R 867 F
R 531 L
R 363 L
R 315 L
R 292 L
R 242 F
R 211 L
R 209 L
R 56 F
R 9 L
K 1376 F
K 67 L
R 1383 F
R 1190 L
R 108 L
K 1895 L
K 1766 F
K 1727 L
K 344 L
K 77 L
R 1845 F
R 1633 F
R 754 F
R 622 L
R 321 F
K 1306 F
K 1223 F
K 1158 F
K 817 L
K 404 F
R 1183 F
R 1168 L
K 1530 F
K 1453 L
K 1448 F
R 1604 L
R 1320 L
R 1285 F
R 713 F
R 379 F
R 376 F
K 1325 L
K 1227 F
R 1666 L
R 1391 F
R 1132 L
R 504 L
K 1930 F
K 716 L
R 873 F
R 793 L
K 1501 L
K 1191 L
K 414 L
K 222 F
K 137 L
R 1269 L
R 810 F
R 25 L
K 1328 F
K 546 L
R 1289 L
R 1099 F
K 1207 L
K 590 F
K 569 F
R 1107 L
R 902 L
R 781 F
R 674 F
R 667 F
K 799 F
K 547 L
K 29 F
R 1763 F
R 1700 F
R 1678 F
R 1674 F
R 1546 F
R 1086 F
R 918 L
R 880 F
R 462 F
K 1379 L
K 1020 F
K 624 L
R 1813 F
R 1213 L
R 580 L
R 325 L
K 1944 F
K 1943 F
K 1800 F
K 1451 F
K 1387 L
K 1323 F
K 1075 F
K 753 F
K 607 F
K 447 F
K 426 L
K 262 L
K 251 F
R 1000 F
R 286 L
K 1744 L
K 131 F
R 1242 F
R 1186 L
R 898 F
R 160 L
K 1880 L
K 1275 F
K 667 L
R 1903 F
R 931 L
K 1687 F
K 1438 L
K 797 F
R 1780 L
R 832 F
R 559 L
K 968 L
K 787 F
R 883 L
R 693 L
R 64 F
K 1405 F
K 1165 L
R 1304 F
R 1092 L
R 224 L
K 1681 F
K 1333 L
R 1742 F
R 1148 L
K 1864 F
K 985 L
R 1412 F
R 1376 L
R 614 L
R 377 F
K 1623 F
K 1372 L
K 370 L
R 1451 F
R 1439 L
K 1316 L
K 159 F
R 1180 L
R 1166 F
K 640 F
K 419 L
R 1977 L
R 1157 F
R 861 L
K 1197 L
K 539 F
R 1198 F
R 1142 L
R 821 L
K 1694 L
K 1386 F
K 1136 L
K 1005 L
K 668 F
K 408 F
K 271 L
K 185 L
R 1413 L
R 1234 F
R 423 L
R 275 L
R 268 L
R 216 L
K 763 F
K 348 L
K 8 F
R 1318 F
R 893 L
K 1618 F
K 1598 L
K 1099 F
R 1618 F
R 1616 L
R 1601 L
R 1574 L
R 1434 L
R 361 L
R 126 L
K 1932 F
K 1673 L
K 1059 F
K 663 F
R 1949 F
R 1769 L
R 1736 F
R 5 F
K 1303 L
K 360 F
K 274 L
R 1303 F
R 624 L
R 490 F
K 1722 F
K 912 L
K 91 L
R 1963 F
R 1940 L
R 1567 F
R 1229 F
R 951 F
R 910 F
R 855 L
R 36 L
K 1740 F
K 1432 F
K 334 L
R 1823 L
R 1422 F
R 1254 F
R 763 L
R 161 L
K 1163 L
K 484 L
K 392 F
K 62 F
R 1855 L
R 1800 F
R 1332 F
R 1131 F
R 602 F
R 53 F
K 1854 F
K 191 L
K 186 F
R 1690 F
R 1526 F
R 1049 L
R 415 F
R 398 F
K 1660 L
K 165 F
R 1956 F
R 1381 F
R 1251 L
R 947 F
K 1691 L
K 1400 L
K 1393 F
K 999 L
K 877 F
K 836 L
K 557 L
K 415 L
K 317 L
K 155 L
K 94 L
R 1727 F
R 1705 L
R 1595 L
R 1038 F
R 333 F
K 1924 L
K 1317 F
K 970 F
K 958 L
R 1729 F
R 1711 F
R 1706 L
R 1250 F
R 1095 F
R 642 F
R 587 F
R 431 F
R 401 F
R 319 F
R 22 F
K 1782 L
K 706 F
R 1558 F
R 1506 L
R 1350 L
R 1317 L
R 1262 F
R 936 F
R 806 F
R 507 F
K 1571 L
K 512 F
K 116 F
R 1582 F
R 1578 F
R 1435 F
R 1239 F
R 378 L
K 1429 F
K 1412 L
K 1281 L
R 1246 L
R 1124 L
R 882 F
K 1964 L
K 1567 L
K 1172 F
K 399 L
K 390 L
R 1579 F
R 1432 F
R 145 L
K 1582 F
K 1392 L
R 1747 L
R 1741 L
R 1650 F
R 45 L
K 1595 F
K 1463 L
R 1809 L
R 1324 L
R 565 F
K 1814 F
K 1793 L
K 1419 F
K 387 F
K 259 F
R 1667 F
R 1551 L
R 1203 L
R 840 L
R 355 L
K 1876 L
K 1113 L
K 945 L
K 762 F
K 213 L
K 72 L
R 1974 L
R 204 L
R 136 F
K 1550 F
K 969 L
K 149 L
R 863 L
R 733 L
R 436 F
K 1886 F
K 1073 L
R 984 L
R 8 F
K 1480 F
K 1447 L
K 1390 L
K 215 F
R 1703 L
R 705 F
R 556 L
R 1 L
K 1569 L
K 1443 F
K 1109 L
K 579 F
K 432 F
K 230 F
K 119 F
R 1779 F
R 1220 L
K 1553 L
K 905 F
K 790 F
K 520 F
R 1898 F
R 1500 L
R 850 L
R 767 F
R 489 F
K 1702 F
K 772 L
R 768 L
R 367 F
R 231 F
R 186 F
K 1982 F
K 1913 F
K 1173 L
K 702 L
K 639 L
K 509 L
K 292 L
K 247 F
K 151 F
R 1927 L
R 1910 F
R 1831 L
R 1362 L
R 440 F
R 342 L
R 238 F
K 1642 F
K 747 L
K 389 L
R 1986 L
R 1556 F
R 26 F
K 1813 F
K 1591 L
R 1140 L
R 244 L
R 192 F
K 1572 L
K 960 F
K 495 F
K 460 F
R 1921 F
R 1908 L
R 1571 L
R 1356 L
R 710 L
R 78 L
K 1551 F
K 1528 L
K 1389 F
K 1242 F
K 911 F
K 826 F
K 803 F
K 529 L
K 402 F
K 377 F
K 356 L
K 74 F
R 849 F
R 391 L
K 1845 F
K 1423 L
R 1894 F
R 1511 L
K 1624 F
K 700 L
K 78 L
R 1995 F
R 1428 L
R 1158 F
R 922 F
R 820 F
R 174 L
R 12 L
K 1778 F
K 842 L
R 1753 L
R 1208 L
R 1130 L
R 648 F
R 567 L
R 111 L
K 1178 F
K 870 L
R 1939 F
R 1832 F
R 1576 F
R 1288 L
R 681 F
K 1666 L
K 814 F
K 681 L
R 1712 L
R 724 F
K 1939 L
K 953 F
R 1899 F
R 1692 L
R 480 L
K 1858 F
K 1358 L
R 229 L
R 188 F
K 1331 F
K 1288 L
K 1176 L
K 341 L
K 221 L
R 1911 L
R 1716 F
K 1978 F
K 1916 F
K 1474 F
K 646 L
K 515 L
K 498 L
K 440 L
R 1689 F
R 1464 L
R 394 F
K 1830 F
K 1675 F
K 1520 L
K 851 F
K 824 L
K 695 L
K 684 F
R 1875 F
R 1862 F
R 1504 L
R 801 L
K 1224 L
K 669 F
R 1960 L
R 1698 L
R 1012 L
R 899 L
R 634 F
R 85 L
K 1725 L
K 1014 F
K 858 L
R 1134 F
R 1076 L
R 1050 L
R 985 L
R 154 F
K 1819 L
K 626 L
K 589 F
K 181 L
R 1978 F
R 874 L
K 1949 F
K 1929 F
K 1737 F
K 992 F
K 560 L
K 333 F
K 223 F
R 1988 L
R 1023 F
R 465 L
R 4 L
K 1904 F
K 1840 L
K 1659 F
K 1348 L
R 1319 L
R 811 L
R 694 L
R 692 L
R 481 L
R 97 F
K 1600 L
K 1456 F
K 1371 L
K 1299 L
K 434 L
R 1448 F
R 1017 L
R 786 F
K 1684 L
K 913 F
K 893 F
R 1829 F
R 1677 L
R 1515 F
R 1146 F
R 845 F
R 671 L
K 1709 L
K 1599 L
K 751 F
K 568 F
K 355 F
K 7 F
R 1850 F
R 1699 F
R 1441 L
R 1136 L
K 1590 F
K 1259 F
K 496 F
K 420 L
R 1931 F
R 1881 F
R 1822 L
R 1382 L
R 611 F
R 79 L
K 1617 L
K 871 F
K 261 F
K 14 L
R 1687 F
R 735 L
R 576 L
K 921 F
K 126 L
K 57 F
R 748 L
R 357 F
K 1713 F
K 956 L
R 1937 F
R 1104 F
R 1061 L
R 114 F
K 1751 L
K 1648 F
K 376 F
R 405 F
R 375 F
R 230 L
K 1859 F
K 1339 F
K 886 L
R 1864 F
R 761 L
R 23 F
K 563 F
K 86 L
R 1969 F
R 946 L
K 437 F
K 177 L
R 1591 F
R 712 F
R 549 F
R 298 L
R 225 F
R 76 F
K 1905 L
K 1671 L
K 781 F
R 1377 F
R 661 L
K 1692 F
K 986 F
K 523 L
K 453 L
K 273 F
K 64 F
R 1450 F
R 1363 L
R 673 F
R 408 L
R 137 F
K 1635 F
K 1287 F
K 862 L
K 600 L
K 556 F
K 479 L
K 238 L
K 193 L
R 1341 F
R 351 L
K 1606 L
K 1418 L
K 187 F
R 1996 F
R 1575 L
R 1312 F
R 533 F
K 1938 L
K 1425 L
K 1146 F
K 678 L
R 1901 L
R 1708 F
R 1411 L
K 1552 F
K 577 L
K 374 F
K 105 L
R 1657 L
R 1638 F
R 1480 F
R 841 F
R 720 L
R 346 L
R 314 L
R 21 L
K 1779 F
K 1645 F
K 1403 L
K 809 F
R 1641 F
R 997 L
R 779 L
R 299 L
K 1609 L
K 1444 L
K 1434 L
K 1029 F
K 890 L
K 441 F
K 353 L
K 51 L
R 1863 L
R 1333 L
R 1172 F
R 1009 F
R 796 F
R 532 L
R 417 F
K 1707 L
K 825 L
K 335 L
K 323 F
R 1904 L
R 1611 F
R 1540 F
R 1292 F
R 959 L
R 954 L
R 909 L
R 324 F
R 194 F
K 1222 L
K 174 F
R 1888 F
R 1603 L
R 1449 L
R 607 L
R 121 F
K 1243 L
K 1039 F
K 136 L
R 1972 F
R 1861 L
R 1757 F
R 1521 F
R 1385 L
R 599 F
R 593 L
R 104 L
K 1826 F
K 1764 L
K 1573 L
K 1312 L
R 1342 L
R 970 F
K 1620 L
K 1337 F
K 617 F
R 1509 L
R 1007 F
R 665 F
R 185 L
K 1947 L
K 1195 L
K 859 L
K 36 F
R 740 F
R 266 L
R 200 F
K 1892 F
K 1815 L
K 465 L
K 121 F
R 1695 F
R 1206 L
K 1902 F
K 1214 L
K 1050 F
K 679 F
K 314 F
R 1758 F
R 1596 L
R 1505 L
R 824 F
R 725 F
R 143 L
K 1631 L
K 1327 F
K 1055 F
K 1052 L
K 998 F
K 978 F
K 750 F
K 87 F
R 726 L
R 526 F
K 1511 L
K 1192 L
K 730 F
K 674 F
K 595 F
K 455 F
R 1953 L
R 1513 L
R 1431 L
R 198 F
K 1527 F
K 1513 L
K 349 L
R 1117 L
R 795 L
R 718 L
R 484 L
R 471 L
R 152 F
K 1714 F
K 829 L
R 1997 L
R 1926 L
R 1914 L
R 1798 F
R 1080 L
R 640 F
R 557 L
R 475 L
R 73 L
K 1407 F
K 929 L
K 330 F
R 1184 F
R 966 F
R 695 L
K 1897 L
K 1891 L
K 1777 L
K 1670 L
K 1615 L
K 1547 F
K 1402 L
K 1122 L
K 1017 L
K 808 L
K 457 L
K 234 L
K 157 L
R 1065 L
R 1057 F
K 1729 L
K 303 F
K 282 F
K 160 F
K 100 L
R 1967 L
R 1489 L
R 1326 F
R 1002 L
R 320 L
R 270 L
R 173 L
K 1810 F
K 1734 F
K 1732 F
K 1644 F
K 604 F
K 494 L
R 1404 F
R 273 L
R 163 L
K 1812 L
K 1526 L
K 1009 F
K 895 L
K 574 L
K 485 F
R 1756 F
R 1398 F
R 1020 L
K 1942 L
K 1821 F
K 1538 F
K 1064 F
K 467 F
K 54 F
K 21 F
R 1661 L
R 993 F
R 318 L
K 1794 F
K 634 L
K 241 L
R 1437 L
R 1331 L
R 328 F
R 254 F
R 100 F
K 1875 F
K 1683 F
K 1467 F
K 708 L
K 345 F
R 1197 L
R 955 L
R 523 F
R 410 L
R 52 F
K 1869 F
K 918 L
K 332 L
R 1182 L
R 843 F
R 738 L
K 1765 L
K 995 F
R 802 L
R 217 F
K 1921 L
K 971 F
R 1814 F
R 1646 L
K 1162 L
K 311 F
R 1069 L
R 548 F
K 1882 F
K 927 L
K 917 L
K 735 F
K 474 F
R 1315 F
R 1227 F
R 919 F
R 709 F
R 546 L
R 81 F
K 1493 L
K 594 L
K 429 F
R 1801 L
R 1367 F
R 1305 L
R 197 L
K 1745 L
K 411 L
K 304 F
R 1097 L
R 916 F
K 1495 F
K 845 L
K 340 F
K 150 L
R 968 L
R 74 F
R 42 L
K 1575 F
K 1564 L
K 554 L
R 1740 F
R 1488 L
R 1322 F
R 1238 F
R 476 F
R 93 L
K 1986 L
K 1783 L
K 363 F
R 1490 L
R 992 F
K 648 F
K 270 L
R 1701 F
R 1274 F
R 696 L
R 588 F
K 1776 F
K 1643 F
K 1568 F
K 962 F
K 946 F
K 904 L
R 1270 L
R 390 L
R 90 F
R 51 L
K 1908 F
K 1724 F
K 1649 F
K 1428 L
K 1332 F
K 504 F
K 413 F
R 1484 L
R 1153 L
R 891 L
R 812 L
R 722 F
R 524 F
K 1481 F
K 800 L
K 625 F
K 379 F
R 1096 L
R 934 F
R 834 L
K 1088 F
K 535 L
R 1774 F
R 1457 L
R 1129 L
R 789 F
R 683 F
R 519 F
K 1677 L
K 493 L
K 384 L
K 122 F
R 1295 F
R 941 L
R 288 F
K 1972 L
K 572 F
R 911 L
R 336 F
K 1757 L
K 1127 F
K 915 L
K 689 F
K 278 F
R 1979 F
R 1771 L
R 1396 L
K 1357 L
K 1246 L
K 631 F
R 1897 L
R 1282 F
K 1689 F
K 1344 F
K 1235 L
K 416 L
K 364 F
K 89 L
K 13 F
R 1498 F
R 1280 L
R 901 L
K 1185 L
K 514 L
K 228 F
R 1928 F
R 1873 F
R 1818 F
R 1713 F
R 1543 L
R 1409 L
R 1247 F
R 370 F
K 1307 F
K 873 L
R 1177 L
R 1091 F
R 439 L
K 1522 L
K 1427 L
K 1284 L
K 764 F
K 148 F
K 144 L
K 46 L
R 503 F
R 356 L
R 257 L
K 1855 F
K 418 L
R 1886 F
R 1624 L
R 350 L
K 1366 L
K 665 F
K 659 F
R 1950 F
R 1743 F
R 1566 F
R 1534 F
R 1355 L
R 1139 L
R 245 F
K 1989 L
K 1308 F
K 461 F
R 1614 F
R 1545 L
R 701 L
R 656 F
R 456 L
K 1877 F
K 611 L
K 598 F
K 550 F
K 367 F
K 281 L
K 12 F
R 1458 L
R 668 F
K 1954 F
K 1835 L
K 1803 F
K 1148 L
K 586 L
R 1810 L
R 1253 F
R 1098 F
R 429 F
K 1717 L
K 1506 F
K 828 F
R 1683 F
R 1252 L
R 1216 L
R 1103 L
R 952 L
R 921 L
R 360 L
R 116 F
R 70 L
K 1120 L
K 664 F
R 1775 L
R 1555 F
R 1491 F
R 539 L
K 1970 F
K 1824 F
K 1823 L
R 1951 L
R 1518 L
R 939 F
R 144 L
K 1807 F
K 1739 L
K 1085 F
K 931 L
K 627 L
R 1079 L
R 790 L
R 766 L
R 500 F
K 1237 F
K 996 F
K 585 L
K 502 F
R 1788 F
R 1622 L
R 972 L
R 334 F
R 165 L
K 1477 F
K 1351 F
K 216 L
R 1738 L
R 1696 L
R 1109 F
R 1070 F
R 815 L
R 809 L
R 295 L
K 1992 L
K 1987 F
K 175 L
K 19 L
R 1173 F
R 1152 F
R 1030 L
R 927 L
R 628 F
R 601 F
K 1265 F
K 1262 L
K 599 L
R 1987 F
R 486 F
R 433 L
R 285 F
R 223 L
K 1879 L
K 1589 L
K 1334 L
K 1082 F
K 1049 L
K 784 L
K 319 L
K 286 L
K 209 L
R 1865 F
R 1156 F
R 1042 L
K 1965 F
K 863 F
K 699 L
R 581 F
R 550 F
R 89 L
K 1888 L
K 1832 L
K 1816 L
K 1760 F
K 795 L
K 582 L
K 111 L
K 4 L
R 1900 L
R 1388 L
R 1033 F
R 142 F
K 1697 F
K 1446 F
K 1430 L
K 957 L
K 794 L
K 714 F
R 1905 F
R 1670 L
R 1192 F
R 1093 F
R 758 L
R 746 L
R 592 L
R 498 F
K 1422 F
K 1152 F
K 710 L
K 214 F
K 43 F
R 1114 L
R 857 L
R 501 L
R 373 F
K 1999 F
K 1037 L
K 578 L
K 362 L
R 1961 F
R 1906 L
K 1452 L
K 1350 F
K 1175 L
K 885 F
K 473 L
K 34 L
R 776 F
R 597 L
K 1154 F
K 39 L
R 797 F
R 679 L
R 305 F
R 265 F
R 135 L
K 1338 F
K 1116 L
K 289 F
K 26 F
R 1909 F
R 1836 F
R 1368 L
R 866 F
R 755 F
R 221 F
R 187 L
K 1756 L
K 1509 F
K 811 F
R 1401 L
R 1165 L
R 1015 F
R 892 L
R 606 L
R 515 L
R 284 L
K 1704 L
K 1686 L
K 1215 L
K 860 F
K 847 L
R 1970 F
R 1379 L
R 886 L
R 814 L
K 1956 F
K 1056 F
K 505 L
R 1922 L
R 1663 F
R 1395 F
R 888 F
R 250 F
K 2000 F
K 1062 F
K 386 L
R 1561 L
R 1512 F
R 1241 F
R 876 L
R 629 L
R 354 F
K 1436 L
K 1193 F
K 1026 L
K 56 L
R 1991 L
R 1635 L
R 1393 L
R 1187 L
R 971 L
R 913 L
R 907 L
R 844 F
R 769 L
R 437 L
R 215 L
K 1890 L
K 950 L
K 769 L
K 466 L
K 208 L
K 101 F
R 1948 F
R 1671 F
R 1343 L
R 963 F
R 591 F
R 109 L
K 1693 F
K 1391 L
K 1294 L
K 1285 F
K 989 F
K 855 F
K 796 F
R 1001 F
R 117 L
K 1856 L
K 619 F
K 518 L
K 430 L
K 425 L
K 211 L
R 1946 F
R 1584 L
R 852 L
R 301 L
K 1657 F
K 361 L
K 205 F
K 169 F
R 1127 L
R 774 L
R 662 F
K 1728 L
K 1426 F
K 115 L
R 1782 F
R 1360 F
R 1237 L
R 31 L
K 1934 L
K 1741 L
K 1244 F
K 965 L
K 172 L
R 1627 L
R 458 L
R 201 F
K 938 L
K 657 L
K 138 F
R 689 F
R 191 L
K 1998 L
K 1678 L
K 1603 L
K 982 L
K 652 L
K 146 L
K 9 F
R 1710 F
R 1600 L
R 1538 F
R 1311 L
R 340 F
R 33 F
K 1664 F
K 1656 L
K 1310 F
K 997 L
K 184 F
K 32 L
R 1011 L
R 536 F
R 256 F
R 222 F
R 140 F
K 1672 F
K 1534 L
K 759 L
R 1811 F
R 1067 L
R 395 F
K 1825 F
K 1535 F
K 1503 L
K 1410 L
K 1388 L
K 1067 F
K 696 F
K 472 F
K 52 L
R 1658 F
R 1459 F
R 1022 F
R 938 F
R 451 F
R 345 L
K 1867 L
K 1844 F
K 1705 F
K 1411 F
K 1068 F
K 954 F
R 1691 F
R 1392 L
R 1179 F
R 788 F
R 369 F
K 524 F
K 276 F
K 63 L
R 1474 L
R 1334 F
K 768 F
K 740 F
K 613 L
R 1436 L
R 386 F
R 134 L
K 1435 F
K 1266 L
K 943 L
K 914 L
K 48 F
R 1945 F
R 491 F
R 280 L
K 1749 F
K 1544 F
K 928 F
K 726 F
K 725 F
K 573 F
K 309 L
R 1941 L
R 1587 L
R 833 F
K 1382 L
K 887 F
R 1844 F
R 1816 L
R 1734 L
R 1524 L
R 1199 L
R 1162 L
K 658 F
K 239 L
R 1694 L
R 1676 L
R 34 F
K 1632 F
K 1264 F
K 1183 L
K 920 F
K 50 F
R 1467 L
R 1313 L
R 1215 F
R 1175 F
R 690 L
K 1374 L
K 837 F
K 670 L
K 328 L
K 42 L
R 1122 F
R 1085 L
K 1951 F
K 1021 F
K 566 L
K 163 F
R 633 L
R 236 F
K 202 F
K 49 L
K 41 L
R 1891 L
R 1735 L
R 1608 L
R 1470 L
R 1281 L
R 750 L
R 663 L
R 660 F
R 594 F
R 527 L
R 464 L
R 371 F
R 246 L
R 207 L
R 40 L
K 1517 L
K 1365 F
K 1211 F
K 438 L
R 896 F
R 67 L
R 2 F
K 703 F
K 380 L
R 647 L
R 547 L
R 62 L
R 13 F
K 1750 L
K 760 F
R 1932 L
R 1531 L
R 1287 F
R 1055 L
R 541 L
R 368 L
K 571 L
K 199 F
K 190 F
R 1993 F
R 1501 L
R 1141 L
R 711 L
R 248 L
K 1181 F
K 1077 F
K 510 F
K 182 L
R 1869 L
R 1642 F
R 482 L
R 106 L
K 1533 F
K 975 L
K 932 L
K 162 F
R 1455 L
R 1348 F
R 282 L
R 69 L
K 1460 F
K 1318 L
K 685 F
K 480 F
K 299 F
R 1851 L
R 1648 L
R 1357 F
K 1975 F
K 622 L
R 1211 L
R 819 F
R 765 L
R 707 L
R 495 F
R 483 F
R 167 L
K 1466 F
K 444 F
K 231 L
K 125 F
R 352 L
