3996
K 1471 S
K 1158 B
R 426 A
K 1254 A
K 560 S
R 1876 A
R 365 S
K 1202 B
K 1113 A
K 327 B
R 796 B
R 327 S
R 36 S
K 1401 S
K 945 B
K 898 B
K 890 B
K 438 B
K 337 S
R 1708 B
R 1678 S
R 346 S
K 1004 S
K 879 B
R 1947 S
R 1844 S
R 1813 B
R 1801 A
R 302 S
R 178 S
R 32 A
K 1762 B
K 1760 B
K 882 S
R 1149 A
R 701 B
R 663 A
K 958 S
R 1680 S
R 1506 S
R 1384 B
R 185 S
K 194 A
R 1378 S
R 867 A
K 624 B
R 1585 S
R 1144 B
K 379 A
R 1847 S
K 1585 S
K 917 A
R 1561 A
R 118 S
K 900 S
K 884 B
K 454 S
K 235 B
R 738 B
R 524 S
R 300 S
R 291 S
R 57 B
R 35 S
K 1478 A
R 1964 A
R 1695 A
R 1008 S
R 289 A
R 150 A
R 44 A
K 185 B
R 1353 B
R 1181 S
R 735 A
K 467 A
K 274 B
R 928 S
K 741 B
R 1151 B
R 864 B
R 840 S
R 770 B
K 1952 B
K 1754 S
K 1054 S
K 564 B
K 470 A
K 432 A
K 124 B
R 1522 B
R 1450 S
K 866 A
R 710 A
R 247 S
R 216 A
K 1507 B
K 1177 A
R 1211 S
K 493 A
R 1208 A
R 815 S
K 1995 S
K 1915 S
K 1002 B
K 696 B
K 29 S
R 1764 A
R 880 B
R 645 B
K 1882 S
K 1742 A
K 1735 S
K 1567 B
K 1339 S
K 804 S
K 785 A
K 557 A
K 420 A
K 297 B
R 1894 A
R 490 B
K 201 S
R 806 A
K 911 B
R 1952 A
R 1282 B
R 850 A
R 521 A
R 330 B
R 298 B
R 258 B
R 97 A
R 80 B
K 962 S
R 1827 B
R 1667 S
K 102 A
R 59 B
K 1314 A
R 1973 B
R 1954 A
R 1011 S
R 922 A
R 814 A
R 195 A
K 1821 B
K 1332 S
K 1100 A
K 629 A
R 1461 A
R 1296 A
R 460 A
R 230 B
R 210 A
R 200 B
K 1763 S
R 1310 S
R 1018 A
R 920 S
K 1419 S
K 937 A
K 778 S
K 499 S
K 425 A
R 964 A
R 887 S
R 823 A
K 1734 S
K 793 B
K 485 B
R 1998 S
R 1569 B
R 820 S
K 1092 A
R 1081 S
K 1211 A
K 78 S
R 1593 B
R 1566 S
R 983 B
R 429 B
R 174 B
R 82 B
K 948 A
K 228 B
R 1832 S
R 1595 A
R 1148 B
R 1031 B
K 1289 B
K 1110 A
K 771 A
R 1626 S
R 1219 S
R 252 S
K 1694 B
K 1513 B
K 726 S
R 1948 A
K 1770 B
K 941 B
R 991 S
K 924 B
R 1869 B
R 1838 B
R 1012 S
R 699 B
R 193 B
K 1194 S
K 762 B
R 1131 S
R 207 B
K 1706 A
K 1615 B
K 1482 B
R 580 S
K 43 B
R 454 A
K 1972 S
K 940 S
R 712 A
K 1933 A
K 1470 A
K 491 S
R 1361 A
R 827 S
K 1343 B
R 1886 B
R 1857 B
R 955 S
R 916 A
R 304 A
R 98 A
K 1825 A
K 1779 S
K 1758 S
K 1391 A
K 31 A
R 1738 B
K 1831 B
K 553 S
R 1928 A
R 1748 B
R 1514 B
R 716 S
R 20 A
K 1679 S
K 728 A
R 576 B
K 1810 B
K 1643 S
K 1569 A
K 1548 A
K 1541 S
K 1489 B
K 1433 B
K 1147 B
K 1105 A
K 1091 A
K 767 B
K 538 B
K 378 A
K 338 S
K 5 B
R 1528 S
R 684 A
K 1536 B
K 97 B
R 1608 B
R 585 B
R 526 A
R 182 B
K 314 S
R 1800 B
R 1225 B
R 1022 A
R 737 S
R 324 B
K 1527 B
K 1075 S
K 1072 S
K 971 B
K 703 S
K 569 S
R 539 A
K 300 S
R 868 A
K 1624 A
K 1179 A
K 770 A
K 200 S
R 1515 S
R 1431 S
R 1305 B
K 1699 A
K 316 B
K 153 A
R 1997 S
R 669 A
K 1172 S
K 724 B
R 910 S
R 673 A
K 12 B
R 1653 S
K 1618 S
K 769 B
K 351 S
K 313 A
R 812 S
R 537 B
K 1101 A
R 1689 B
R 1451 B
K 802 A
R 1706 B
R 1207 A
K 1748 B
K 893 A
K 828 S
K 344 B
R 1294 B
R 653 A
R 166 B
K 482 S
R 1214 B
R 213 S
R 190 S
K 1127 A
K 136 A
K 104 A
K 4 S
R 1087 A
R 789 A
R 757 S
K 1465 B
K 1258 B
K 1229 A
R 471 B
R 301 A
K 576 S
K 525 B
K 273 B
R 433 A
R 363 B
K 1757 S
K 1448 B
R 925 A
K 1722 A
K 707 A
K 455 B
K 263 A
R 1959 S
R 1238 B
R 1017 B
R 675 B
K 1426 S
K 1277 B
K 605 B
R 717 B
R 611 S
K 1271 A
R 1978 B
K 1731 A
K 1545 B
R 1904 A
R 1724 B
R 1562 A
R 793 A
K 1939 S
K 1786 B
K 1284 B
K 922 S
R 656 A
K 1562 B
K 1070 B
K 860 A
K 290 B
R 1783 S
R 1470 B
R 263 S
R 231 B
K 964 S
K 708 B
K 440 A
K 165 A
R 1567 S
R 1459 A
R 1025 A
R 989 B
R 839 S
R 591 S
R 114 A
K 1149 S
K 38 B
R 1420 B
R 1186 A
R 984 S
R 872 B
R 695 A
K 1784 B
K 394 A
R 1849 A
R 828 B
R 160 B
K 1755 S
K 1506 A
R 1933 B
R 1510 B
R 947 B
K 1629 A
K 1467 A
K 322 A
R 1937 S
R 1912 B
R 1408 S
R 981 A
R 9 S
K 1955 S
K 1322 B
K 1161 S
K 702 B
R 395 S
R 116 B
K 1055 A
K 1034 B
K 759 B
K 479 B
R 1661 A
R 1209 S
K 1674 S
K 1230 A
K 311 B
K 21 A
R 950 S
R 682 S
R 628 B
R 295 S
R 139 A
R 102 A
K 1109 S
K 205 B
R 1313 A
K 1633 S
K 475 B
R 786 A
R 224 A
K 1185 B
K 1068 A
K 596 B
K 527 A
K 385 A
R 1192 A
R 1105 B
R 662 B
R 196 A
K 1726 S
K 1581 S
K 1526 S
R 530 A
K 1253 B
R 457 S
K 1280 A
K 870 S
R 772 B
R 481 A
R 14 B
K 1224 S
K 1138 A
R 1060 B
R 204 B
K 1884 B
K 1765 B
K 1128 B
K 834 A
K 108 B
R 822 S
K 1798 S
K 1354 S
K 672 S
K 671 S
K 555 A
K 113 S
K 85 S
R 894 S
R 813 S
R 153 A
K 861 B
R 1804 B
R 895 A
K 1275 S
R 923 A
K 677 S
R 1327 B
R 354 B
K 1921 B
K 1435 A
K 1165 B
K 434 B
K 62 B
R 1360 A
R 969 B
K 1204 S
R 379 B
K 1806 B
K 1739 S
K 1508 B
K 532 B
R 1571 S
R 1489 B
R 388 B
K 734 A
R 1456 B
R 655 S
K 1637 A
K 822 A
K 725 A
R 900 A
R 342 S
K 1710 B
R 1753 S
R 407 B
K 848 S
K 627 B
K 404 A
R 1430 B
R 1362 S
R 456 S
K 637 A
R 1127 S
K 1855 S
K 1684 A
R 1960 S
R 1745 A
R 1059 S
R 752 B
R 60 B
K 1693 A
K 842 B
K 542 S
R 1112 B
R 860 S
K 1180 S
K 208 B
R 959 B
R 366 A
K 811 S
K 766 A
R 1700 S
R 1020 A
R 834 A
R 503 A
R 397 A
K 1020 S
K 949 A
K 815 S
K 676 A
R 1984 B
K 1800 B
K 1607 B
K 123 S
R 1762 A
R 408 S
K 1670 B
K 1443 A
K 691 B
K 66 A
R 616 B
R 206 A
K 1769 A
K 1029 A
K 182 S
K 172 A
K 160 B
R 734 S
R 571 A
K 1389 B
K 1301 A
R 335 S
K 1164 B
R 720 S
R 198 A
K 1598 S
K 1240 S
K 317 A
K 287 B
K 268 A
K 16 S
R 1531 A
R 1161 S
R 469 B
R 411 A
K 1453 A
K 1295 B
R 1367 S
R 63 A
K 764 B
K 575 S
R 1098 A
R 794 A
K 389 B
R 1115 S
K 1528 B
K 1428 B
K 1019 B
K 284 B
R 329 A
K 1379 S
K 1187 A
R 1336 B
R 348 A
K 1878 A
K 1547 S
R 678 S
R 146 A
K 1193 S
K 768 B
K 594 B
R 907 A
K 584 B
R 320 S
K 1558 A
K 987 A
K 969 A
R 1714 S
R 1135 A
K 1900 B
K 1005 S
K 739 S
R 1632 A
R 1502 S
K 1681 B
K 1533 A
K 717 B
R 1588 B
R 386 B
R 276 A
K 1477 B
K 1353 S
R 1121 A
R 654 S
K 1963 S
K 1641 A
K 1586 A
K 833 B
K 794 A
R 1257 A
R 1146 A
R 1047 A
R 1004 S
R 971 S
R 913 S
R 805 S
R 768 A
R 648 A
R 453 S
R 446 A
R 179 S
R 127 A
R 39 S
K 1812 B
R 1903 B
R 1826 B
R 1697 A
R 1591 B
R 1084 B
R 804 B
K 1031 B
K 899 S
R 1454 A
K 1298 S
K 196 S
R 1413 A
R 904 A
K 1316 S
K 699 A
R 1548 A
R 1101 S
R 475 S
R 151 S
K 1662 S
K 1516 A
K 1452 A
K 938 A
K 131 S
R 821 B
K 1487 B
K 99 S
R 1993 A
R 1140 B
R 676 S
R 638 B
K 980 B
K 652 S
R 1576 A
K 339 S
R 1082 A
R 965 B
R 536 A
K 1942 S
K 1245 S
R 1815 S
R 1606 S
R 1433 S
R 1070 S
R 915 S
R 661 A
R 541 S
R 341 S
R 299 S
K 132 B
R 1365 S
K 1830 A
K 341 S
R 1972 S
R 1599 B
R 1558 B
K 1460 S
K 110 A
R 753 S
R 370 B
K 744 A
K 349 B
R 1610 B
R 1403 A
R 26 B
K 1472 S
K 632 S
K 547 B
K 459 B
R 377 A
K 1573 B
R 1818 A
K 1994 A
K 1656 B
K 1385 A
K 1248 A
K 387 A
R 1596 S
R 1099 A
R 617 A
R 280 A
K 1988 A
K 1724 B
R 1918 A
R 996 A
R 715 B
R 40 A
K 1077 S
K 618 S
K 187 A
K 140 S
R 1799 A
R 1462 B
R 1423 S
R 1417 A
R 27 S
K 1360 S
K 1279 A
K 939 A
K 239 A
K 28 S
R 844 B
R 790 A
K 1610 S
K 1363 S
K 1028 B
K 631 A
R 1969 S
R 703 S
R 253 A
K 1309 B
K 1232 B
R 1744 A
K 1984 B
R 1694 B
R 1458 S
R 974 A
K 1870 S
K 1294 B
K 25 B
R 1860 S
R 1189 B
K 1736 B
K 360 A
R 847 S
K 1057 A
R 345 B
K 1664 A
K 1079 B
R 506 S
K 1879 B
K 675 S
R 1957 S
R 1787 B
R 1707 B
R 1491 S
R 1307 A
R 1042 B
R 932 B
R 601 B
R 236 B
R 220 S
R 5 S
K 1035 A
K 985 S
R 1635 B
R 1586 A
R 755 S
K 1405 A
K 1306 S
R 1992 S
R 1267 S
R 382 B
R 212 S
R 55 S
K 418 A
R 1279 S
R 1110 S
R 666 S
K 713 S
K 444 A
R 766 B
K 1628 S
R 1917 B
R 1790 S
R 1421 B
K 1894 B
K 1877 B
K 1522 A
R 1069 B
R 853 S
K 1998 B
K 1484 B
K 905 S
K 701 A
K 24 S
R 1779 S
R 1270 A
R 1058 B
K 1189 A
K 1027 A
K 720 A
K 27 S
R 1654 A
R 739 B
K 1911 B
K 751 S
R 1975 S
R 1761 B
R 633 S
K 312 A
R 1438 B
R 1116 A
K 1236 S
K 376 A
R 763 S
R 104 A
K 1334 B
R 1103 A
R 219 A
K 1980 B
K 1048 B
K 1042 B
K 506 B
R 1905 B
R 1350 B
R 905 A
R 66 B
K 643 A
K 503 S
K 45 S
K 42 A
R 1554 B
K 1922 A
K 1579 S
K 1544 B
K 473 B
K 198 B
R 1278 A
R 902 B
K 776 S
K 559 S
R 870 B
K 1896 A
R 1579 B
R 879 B
R 1 A
K 1668 B
K 1535 B
K 934 B
K 164 S
R 1922 A
R 1867 A
R 954 S
R 751 S
K 1242 A
K 823 S
R 1675 B
K 458 S
R 1936 S
R 1500 S
R 1089 S
R 689 A
K 1685 B
R 783 S
K 413 B
R 1275 B
R 1083 S
R 589 S
K 1864 S
K 680 S
K 551 B
K 446 S
R 968 A
K 1439 B
K 1329 S
K 1191 S
K 60 S
R 835 A
K 1543 B
K 37 B
R 1401 A
R 1399 B
R 726 A
K 992 S
R 256 B
K 517 A
R 1398 S
K 231 B
R 1097 S
K 840 B
R 1178 S
K 1924 S
K 1605 S
K 1336 S
K 253 B
R 956 B
R 463 A
K 1918 B
K 1135 A
K 90 B
R 1898 B
R 1309 A
R 478 B
K 1463 B
K 232 B
K 53 A
R 1900 B
R 1552 B
R 1495 B
R 1074 A
R 100 B
K 1159 A
K 1088 B
K 207 A
R 1673 S
K 1964 S
K 1934 S
K 1865 S
K 94 A
R 1949 B
R 1126 A
R 1038 A
R 999 A
R 403 A
K 1907 S
K 1523 A
K 241 A
R 1939 A
R 1393 B
R 1143 B
R 568 S
R 344 S
K 1853 S
K 1790 S
K 1167 B
K 782 S
K 568 S
R 1203 B
R 930 A
R 764 A
K 1904 S
K 1341 S
K 103 A
K 8 S
R 1750 A
R 1314 S
R 636 B
K 1803 A
K 1704 A
K 1588 A
K 1152 S
K 658 A
K 433 B
R 1513 A
R 1226 B
K 57 S
R 1782 B
R 250 B
K 1468 B
K 463 A
R 1789 S
R 1254 B
R 612 B
K 1793 S
K 1386 A
K 1325 B
K 810 B
R 1863 S
R 866 B
K 1938 B
K 1212 S
R 931 A
R 343 B
K 1974 S
R 1659 A
K 1264 B
K 845 A
K 435 A
K 261 A
K 190 B
R 1961 B
R 113 S
K 1859 S
K 1357 S
K 835 S
K 650 S
K 211 A
K 3 A
R 1559 A
R 1387 A
R 1120 B
K 1671 A
K 915 B
K 888 A
R 1298 B
R 480 S
K 1660 B
K 141 S
R 164 A
K 571 S
R 1557 B
R 461 B
R 430 S
K 773 A
R 1646 B
R 1205 A
K 1647 S
K 1582 S
R 399 B
K 1837 A
K 1568 S
K 1244 B
K 1025 A
K 923 A
K 461 B
R 1397 S
R 1128 A
R 1080 S
R 1033 S
R 261 S
K 178 B
K 84 S
R 1343 B
R 809 S
K 1650 A
R 1504 S
R 572 B
K 1957 A
R 1052 B
R 188 A
K 227 S
K 143 B
R 169 A
K 578 A
K 336 B
K 262 A
K 243 A
K 44 B
R 1814 S
K 1899 A
K 224 S
R 1926 B
K 1816 B
K 1542 A
K 1342 B
K 1303 B
K 988 A
K 836 B
K 402 B
K 281 B
R 69 S
K 1550 S
K 609 A
K 465 S
R 1261 A
R 1041 A
R 679 B
K 786 S
K 264 S
R 1340 B
R 468 B
K 1462 S
K 736 A
K 510 A
R 1266 B
R 281 B
K 1074 B
K 869 B
K 730 A
R 1669 A
R 1542 B
R 437 A
K 1753 A
K 282 S
R 1284 B
R 882 B
R 488 A
R 142 S
K 537 A
K 521 B
R 1877 S
R 374 S
K 1750 S
K 1008 A
K 714 A
R 1855 S
R 1329 A
R 1106 A
K 875 S
K 864 B
K 583 B
R 598 A
K 705 S
R 1425 S
R 233 A
K 1488 A
K 865 S
K 777 B
K 761 S
R 1641 S
R 1551 A
R 889 A
R 725 A
R 608 A
K 781 A
K 760 B
R 1889 S
R 1111 S
R 631 S
R 11 S
K 400 B
R 1946 S
R 1743 S
K 1424 A
K 1085 S
K 829 B
R 1547 S
R 1328 B
K 483 A
R 1785 B
R 1545 B
R 1222 A
R 760 B
R 680 A
R 286 B
R 19 S
K 1977 A
K 1919 A
K 1479 S
R 1311 B
K 309 S
K 181 B
R 500 B
R 352 S
K 1143 S
K 350 B
R 1792 B
R 849 B
R 285 S
K 1780 B
K 1768 A
K 1606 A
K 674 S
K 331 A
K 324 S
K 257 B
R 1509 B
R 1428 S
K 1926 B
K 1423 B
K 645 A
R 1853 S
K 1137 A
K 1056 A
R 1006 S
K 1969 A
K 486 A
R 1234 A
R 792 B
R 93 A
K 1948 B
K 1862 B
K 1121 A
K 719 B
R 1987 S
R 909 S
K 1951 B
K 1501 A
K 1499 B
K 895 S
R 1482 A
R 1325 B
R 1272 B
R 1263 B
R 659 S
K 1356 A
K 23 S
R 50 B
K 1134 S
K 577 S
K 492 S
K 377 B
K 9 A
R 1543 S
R 976 B
K 1886 B
K 825 B
K 748 A
K 501 A
R 1317 S
K 1282 S
K 978 B
R 1316 S
R 1240 A
K 95 B
R 1805 B
R 1600 B
R 1575 S
R 1418 B
R 1304 S
R 1145 B
R 594 B
R 519 S
K 1729 A
K 615 A
R 1850 A
R 1446 B
R 1013 A
R 624 B
R 448 S
R 410 A
K 1833 A
K 1201 B
K 1095 B
R 1293 A
R 1188 S
R 467 S
K 1795 S
K 1659 A
K 1599 B
K 591 B
K 332 S
K 298 S
R 754 S
R 474 A
R 186 S
K 539 B
K 528 B
R 1091 A
K 874 B
K 795 B
R 1300 B
R 736 S
R 238 B
K 1153 A
K 654 S
K 138 S
R 131 B
R 24 B
K 1851 B
K 1406 S
K 355 S
K 321 S
K 173 S
K 163 B
K 52 B
R 577 A
K 1402 S
K 1129 S
K 530 A
K 421 B
K 233 A
R 1485 B
R 438 S
K 1549 B
K 1051 A
K 690 A
R 443 S
R 409 S
K 1192 A
K 192 S
R 1623 B
K 1141 B
K 1030 S
K 665 A
R 1487 B
R 562 A
R 424 A
K 495 S
K 452 S
R 1035 S
R 988 A
K 412 B
R 1776 B
R 1572 S
K 1723 A
K 407 A
R 677 B
K 1791 B
K 1186 B
K 292 A
R 1533 B
R 776 S
K 334 B
K 33 S
R 1716 A
R 1319 A
R 1067 A
R 428 B
K 1645 S
R 1688 S
R 1668 S
R 1475 B
R 723 B
K 1893 A
K 859 S
R 1943 A
R 1658 A
R 1657 S
R 1179 A
R 784 S
R 482 A
R 406 B
R 350 A
R 181 A
R 111 B
K 1716 A
K 1291 B
R 1747 A
R 584 S
R 152 A
K 302 S
K 83 B
R 705 A
K 535 S
K 513 A
K 269 A
K 2 A
R 1846 B
R 607 B
K 546 B
K 397 S
R 1901 A
R 1251 A
R 998 A
R 769 A
R 140 A
K 1491 A
K 1126 S
R 1796 S
R 1292 B
R 1236 S
R 1154 S
K 315 A
R 1370 A
R 1258 S
R 1147 S
R 1066 A
R 800 S
R 262 S
R 234 A
K 170 B
R 1955 A
R 1380 B
R 532 B
R 158 B
K 648 S
K 209 B
R 818 A
K 753 S
R 1419 S
R 1259 S
R 657 S
R 504 B
R 162 A
R 121 S
K 1822 S
K 961 A
R 1299 B
R 967 B
R 819 B
R 288 A
R 235 B
K 1978 S
R 1983 B
R 1524 S
R 1422 S
R 714 S
K 1832 B
K 1117 S
K 405 B
K 79 B
R 1650 A
K 1281 A
K 1175 B
K 610 A
K 189 A
K 133 A
R 1339 S
K 1612 S
K 1220 S
K 398 A
R 1260 B
K 1560 B
K 1116 B
K 653 S
R 401 A
K 318 B
R 1921 A
R 1383 B
R 89 B
K 1876 A
K 1496 S
K 1327 S
K 902 B
R 1443 S
R 1276 A
R 21 A
K 1053 B
R 1802 B
R 1088 B
R 892 B
R 728 A
R 41 A
K 1678 A
K 983 B
K 581 S
R 1490 S
R 1467 A
R 1376 S
R 402 S
K 1841 B
K 1675 S
K 1589 S
K 1139 B
K 963 S
K 850 B
K 757 S
K 621 S
K 603 B
K 137 B
R 1511 A
K 1883 B
K 600 A
R 1568 B
R 29 A
K 989 S
K 889 A
K 82 A
R 1892 B
R 161 A
R 67 A
K 1759 A
K 710 B
R 297 S
K 1119 S
K 166 A
R 1344 B
R 563 B
K 995 B
K 853 S
K 502 A
R 1914 S
R 1878 S
R 777 B
K 1640 A
K 838 A
K 630 A
R 1550 B
R 499 A
K 1914 A
K 1571 S
K 1009 B
K 846 B
K 737 S
K 46 A
R 1048 A
R 652 S
K 1976 A
K 1881 S
K 519 B
R 1899 A
R 851 S
K 549 B
R 1891 S
R 1835 B
R 898 B
R 883 S
R 593 S
K 1418 A
K 644 A
R 1471 B
K 1081 S
R 1823 B
K 1852 S
K 862 S
R 1923 S
R 1656 S
R 1175 S
R 1122 B
R 634 A
R 42 S
K 1546 A
K 1381 A
K 896 A
K 783 A
K 271 S
R 442 B
K 1982 B
K 1909 B
K 1887 B
K 1287 S
K 821 B
K 375 B
R 1555 B
R 1160 A
R 948 S
R 566 A
K 1094 A
K 505 S
K 358 S
K 329 A
R 1335 B
K 1993 B
K 1438 S
K 1144 B
R 1015 S
R 881 S
R 357 S
R 70 B
K 1937 S
K 1835 S
K 1238 S
K 1237 B
K 1066 S
K 1007 S
K 657 S
K 579 S
K 566 B
K 540 A
R 1010 A
R 1000 S
K 365 B
R 1989 A
R 749 A
R 257 S
K 1456 B
K 328 B
R 1691 B
R 1440 B
R 1315 B
R 1157 A
R 13 B
K 1794 S
K 1565 A
K 129 A
R 1684 B
K 1774 S
K 1178 B
K 212 B
K 14 B
R 719 S
R 505 B
K 1802 B
K 1552 B
K 1520 S
K 1390 S
K 272 B
R 1833 S
R 83 B
K 1461 A
K 1222 A
R 1630 B
R 1166 B
R 1027 B
K 1459 B
K 1083 S
K 651 B
R 1386 S
R 837 S
R 667 B
K 1108 A
R 1030 S
R 729 B
K 429 A
R 1881 S
R 1640 A
R 1364 A
R 86 A
K 1531 B
K 56 S
R 1963 B
R 886 S
K 1778 A
R 1967 A
R 1940 B
K 625 B
K 109 A
R 1202 S
R 743 B
K 1932 S
K 1745 S
K 1720 S
K 1521 S
K 1500 A
R 1512 B
K 746 S
R 323 A
K 1751 B
R 1951 A
R 1731 B
R 1618 A
R 1584 A
K 1653 B
K 1627 A
R 1065 B
R 1051 A
R 687 S
K 1642 B
K 1344 S
K 984 B
R 1864 S
R 962 B
R 946 B
R 917 S
R 711 B
R 413 B
R 273 B
K 1818 S
K 1807 B
K 1773 S
K 1078 S
K 806 B
R 1649 A
R 1432 A
R 1372 A
R 1356 S
R 979 S
R 977 A
R 485 S
R 441 S
K 662 A
K 176 B
R 1516 A
R 1381 B
R 876 A
R 208 S
K 1701 S
K 457 B
R 1896 A
K 1574 B
R 574 S
K 1928 B
K 1827 S
K 1697 A
K 1648 B
K 1304 A
K 819 B
K 369 B
K 152 A
K 87 S
R 1637 B
R 1537 B
R 1288 B
R 1196 B
R 1133 S
R 1055 S
R 637 B
R 34 A
K 1989 A
K 1872 B
R 1910 A
R 1493 B
R 535 A
R 103 A
K 1319 S
K 494 B
R 1920 A
R 1603 A
R 1050 A
R 972 A
K 1828 S
K 1162 A
R 112 B
K 1901 A
K 607 B
R 1702 S
R 945 B
K 1766 A
K 1682 A
R 622 S
R 380 A
K 1923 B
K 1392 B
K 803 S
R 1501 S
R 1249 B
R 538 A
R 364 A
R 268 S
R 143 A
R 88 B
R 77 A
K 1796 B
K 1320 A
K 430 A
K 419 B
R 1297 S
R 791 S
R 215 A
K 1283 B
R 1915 A
R 1741 A
R 1619 S
R 1321 B
R 779 B
R 22 A
K 1123 S
K 784 B
K 706 B
R 1517 A
R 911 A
R 267 A
K 1261 S
K 599 A
K 524 A
K 427 A
K 310 A
K 81 B
R 829 B
R 255 S
R 239 B
K 956 A
R 1888 B
R 1332 A
R 1290 A
R 863 A
R 434 B
K 439 S
R 688 B
R 665 B
K 718 S
K 251 S
R 1924 B
K 1602 S
R 774 B
K 960 S
R 1412 S
R 1158 S
R 462 B
K 1625 S
K 1576 B
R 1793 S
R 1719 S
R 1666 S
R 1519 B
R 1396 S
R 1090 S
R 387 S
K 169 A
R 1854 S
R 1820 B
R 466 A
K 1839 A
K 1416 S
K 529 S
R 1227 B
K 1572 A
K 92 S
K 19 S
R 683 B
K 642 B
K 335 S
K 126 S
R 1594 S
R 906 B
K 1696 S
K 1214 A
K 371 S
R 1410 B
K 614 S
R 248 B
K 114 B
K 107 S
K 106 B
R 1621 A
R 171 A
K 1617 S
R 1979 S
R 1953 S
R 1938 S
R 1464 S
R 1075 A
R 918 S
R 218 S
K 234 B
R 383 S
R 242 S
K 807 A
K 663 S
K 453 A
K 191 S
R 423 B
K 585 S
K 157 B
R 265 A
K 1667 S
K 89 S
R 693 S
R 331 A
R 292 B
K 1481 A
K 1377 B
K 1103 A
R 1890 S
R 919 A
K 679 B
R 1216 A
K 1842 A
K 1732 S
K 395 S
K 47 A
R 1023 B
R 985 B
R 163 S
K 1965 B
K 1512 S
K 1328 S
K 901 S
R 1228 A
R 283 A
R 137 B
K 149 S
R 1883 A
R 555 S
R 450 S
R 259 S
K 711 B
R 311 S
R 180 B
K 1889 S
K 1130 B
K 847 B
K 590 S
R 1587 A
R 91 S
K 1910 A
K 1698 A
K 1014 A
K 490 A
K 384 A
K 288 S
R 1163 B
K 1801 A
K 1297 A
R 1049 B
K 1564 B
K 1263 S
K 788 B
K 656 B
R 1639 S
R 1625 B
R 861 B
R 718 S
K 756 A
K 167 A
R 1289 S
R 449 A
R 339 A
K 1395 B
K 464 S
K 437 B
R 775 A
K 1930 B
R 1887 S
R 1520 S
R 926 A
R 570 B
R 264 A
K 1686 A
K 1073 A
K 1036 B
R 642 S
K 354 B
R 1693 A
K 1540 B
R 325 S
K 1099 A
R 1505 B
K 1616 S
R 1100 B
R 660 S
R 561 S
K 1349 A
R 1956 A
R 1797 S
R 702 B
R 202 A
K 1636 A
K 1203 A
K 267 B
R 1927 B
R 1728 A
R 602 A
K 1362 B
K 550 A
K 248 S
K 71 S
R 1323 S
R 896 B
R 629 B
K 1366 A
K 1163 B
K 633 B
K 460 B
K 275 B
R 1970 B
R 1791 B
R 1767 B
R 1634 A
R 1565 A
R 515 S
R 172 B
R 136 A
K 1632 A
K 1429 B
R 1870 A
R 1177 S
R 317 A
K 1270 B
K 175 B
R 1644 S
R 334 S
K 1022 B
R 431 S
R 38 B
K 1450 A
K 1350 S
K 907 S
K 755 A
R 1726 A
R 1072 S
K 415 S
K 333 S
K 112 A
R 1629 B
R 1488 S
R 1312 S
R 941 S
R 556 S
K 1368 A
K 1218 S
K 304 S
R 1628 B
R 1174 S
R 315 S
K 1140 S
K 1043 A
K 1024 A
K 871 S
K 687 S
K 222 S
R 1424 B
R 841 A
R 514 S
K 1365 A
K 1112 B
R 1549 B
R 797 A
K 1916 S
K 1712 S
R 347 B
K 1721 B
K 932 S
K 851 A
K 837 S
K 733 B
K 451 B
K 414 S
K 184 A
R 899 A
R 470 S
K 1863 S
K 1655 B
R 1574 S
R 801 S
R 316 B
R 128 S
K 1206 S
K 749 A
R 1990 A
R 157 S
K 1444 A
K 1305 S
K 1213 S
K 254 S
K 237 S
R 1895 S
R 1544 B
R 1404 S
R 691 A
R 287 A
R 254 A
K 1673 S
K 1058 B
R 1652 A
K 635 B
K 340 A
R 464 S
K 487 B
R 1347 A
K 920 S
R 1942 B
R 1481 A
R 938 B
R 888 B
K 999 S
K 891 A
K 841 S
K 582 S
R 400 B
K 935 B
K 894 S
R 1734 A
R 1698 B
R 1274 S
R 1245 A
R 1024 B
R 852 B
R 780 B
K 523 S
K 139 B
R 1581 A
R 1165 A
R 709 A
K 448 S
R 1945 B
R 1873 S
K 867 S
K 450 B
R 1752 B
R 1479 S
R 312 S
K 1399 A
K 74 S
R 1739 B
R 392 A
K 1447 A
K 1420 A
K 1296 S
K 1286 B
K 817 S
K 480 B
R 1071 B
R 600 S
R 559 A
K 1949 S
K 913 B
R 1233 A
R 483 S
K 1985 A
K 1956 B
K 260 S
R 1841 S
R 133 A
K 1160 B
R 564 S
K 1672 A
K 1397 B
K 1364 B
R 1824 A
R 1605 S
R 1439 A
R 1355 S
R 569 S
R 554 A
R 307 B
R 177 A
K 993 A
K 403 S
R 266 B
K 1234 B
K 76 S
R 1868 A
R 472 S
K 1895 B
K 926 B
R 1879 A
R 1507 B
K 779 A
K 695 B
R 1624 A
R 1564 S
R 1134 B
K 1987 B
K 1509 S
K 1268 B
R 1414 S
R 1330 S
R 1176 A
R 194 S
K 1665 B
K 1093 B
R 1469 B
R 1308 B
R 1215 S
R 1028 S
R 865 S
R 808 B
R 583 S
R 404 B
K 1372 A
R 1326 A
R 987 B
R 473 B
K 1265 B
K 1039 S
K 931 A
K 912 B
K 562 B
K 147 B
R 1671 A
R 1318 A
R 707 A
R 249 B
R 87 B
K 1797 B
K 1639 B
K 852 B
K 374 A
K 18 B
R 369 S
R 46 B
K 1404 A
K 456 S
K 225 A
R 644 B
R 106 S
K 277 A
R 1484 B
R 1104 S
K 1936 S
K 1804 A
K 1553 B
K 1388 B
K 1169 A
K 970 B
R 528 B
R 191 B
R 81 S
K 48 A
R 1746 A
R 1221 S
R 980 A
R 498 A
R 28 S
K 1584 B
K 1518 A
K 787 A
R 1199 S
R 293 B
K 1692 A
K 1285 B
K 1015 S
K 942 S
K 655 S
K 626 S
R 1909 A
R 523 S
K 1166 B
K 1033 B
K 826 B
K 472 S
R 1665 A
R 1200 A
R 527 A
R 122 A
K 1903 A
K 1594 S
K 1590 A
K 1434 A
K 1373 S
K 801 A
K 518 A
K 408 A
R 1114 B
R 748 S
R 604 B
R 417 A
R 355 A
R 306 S
R 18 B
K 1457 B
K 390 A
R 788 B
R 630 A
R 129 S
K 1437 S
K 1387 A
K 831 S
R 640 A
R 543 B
K 1695 S
R 1136 B
R 393 B
R 241 S
K 1945 S
K 1829 A
K 1733 S
K 1666 B
K 1272 A
K 968 S
R 1725 A
R 939 A
R 322 B
K 1973 B
K 1691 A
R 1633 A
R 744 S
K 1954 S
K 1233 A
K 362 B
K 308 A
R 1407 S
R 1224 B
R 1085 A
R 145 A
K 1854 S
K 1708 S
K 1210 B
R 1872 B
R 1808 A
K 1504 A
K 1346 B
K 698 A
K 608 A
R 993 S
K 1775 A
R 836 S
K 1276 S
K 1256 B
K 856 A
K 280 B
K 134 B
K 49 S
K 39 S
R 1005 S
R 620 B
K 1925 A
K 111 A
R 1529 A
R 1473 B
K 1702 S
R 704 B
K 51 A
R 1916 B
R 447 B
K 1975 B
K 1604 A
K 1502 A
K 574 B
K 515 B
K 11 A
R 1187 S
K 1715 S
K 1330 B
K 1190 S
K 526 S
R 1699 A
R 1409 S
R 952 S
R 549 S
K 646 B
R 126 A
K 1805 S
K 1789 A
K 1239 A
K 986 S
K 812 A
K 617 A
R 1982 A
R 1759 A
R 513 B
R 333 A
R 240 B
K 386 S
K 242 S
R 1991 A
R 1538 S
K 1960 B
K 348 S
R 953 A
K 1120 A
K 1064 S
R 944 B
R 16 B
K 1378 S
K 1133 B
K 830 B
R 587 A
K 1860 B
K 1858 B
R 1643 S
K 1981 B
K 401 S
R 1784 B
R 1525 A
R 1281 B
R 477 S
K 1023 S
K 345 B
K 220 S
K 64 S
R 1977 S
R 1966 B
R 1503 S
R 12 B
K 359 A
R 1129 S
R 921 S
K 320 B
K 295 S
R 1371 A
K 1620 B
K 1251 B
R 1866 A
R 924 A
K 1333 A
K 1313 B
K 1308 A
K 914 A
K 790 A
K 667 A
R 1780 B
R 986 S
R 862 B
R 639 S
R 625 A
K 1059 A
K 573 B
R 1931 S
R 1757 A
R 1056 A
K 1725 B
R 336 S
K 1676 B
R 359 S
K 1811 B
R 1366 S
R 912 B
R 782 B
R 588 B
R 332 S
R 260 B
K 373 B
K 156 S
R 1834 S
R 1769 S
R 1530 A
R 1333 S
R 1108 B
R 942 S
R 223 S
K 1266 B
K 1006 A
K 967 B
K 880 B
K 799 B
K 88 A
K 54 S
R 1426 S
R 229 B
K 797 A
R 1774 A
R 1273 S
K 1485 S
K 1052 B
K 445 A
K 426 S
K 356 S
R 245 S
R 227 A
K 800 B
K 732 B
R 1237 A
R 328 A
K 622 S
R 1436 A
K 265 B
R 1167 S
K 116 B
R 501 S
R 496 B
R 440 B
K 1849 S
K 1037 S
K 959 B
K 247 B
K 197 S
R 1733 A
R 1405 A
K 1217 A
K 1156 A
K 1018 B
K 723 S
K 613 A
R 1794 A
R 1280 S
R 548 S
R 533 A
K 742 S
K 63 B
R 1995 A
K 1820 B
K 639 S
R 279 A
K 1492 B
K 947 A
K 886 S
K 857 A
K 497 S
R 1701 S
R 199 B
K 1944 A
K 1525 A
K 1032 A
R 274 A
R 31 S
K 363 B
R 1766 S
R 1096 B
R 997 B
R 885 B
R 649 B
R 436 A
K 1436 S
K 488 B
R 1527 S
R 846 B
R 803 S
K 1225 A
R 1711 B
R 1255 A
R 1002 B
R 891 B
R 605 A
K 1458 S
R 1363 B
R 1026 S
R 425 B
R 6 S
K 1623 A
R 1831 S
R 1683 B
R 201 A
K 1619 A
K 1455 S
K 1370 A
K 1170 S
R 251 B
K 909 A
R 798 B
R 560 A
K 1991 B
K 1486 B
K 1184 B
K 1183 B
K 1124 A
R 1003 A
R 811 A
R 692 B
K 1529 B
K 919 S
R 1836 B
R 960 S
R 740 A
R 419 S
K 808 A
K 606 S
K 604 B
R 1935 A
R 228 S
K 1861 S
K 1799 A
K 1107 A
K 809 S
K 754 S
K 245 A
R 1578 S
R 579 S
R 492 S
R 378 A
R 282 S
K 1824 B
K 1422 A
R 1980 S
K 223 B
R 1139 A
R 1054 S
R 362 A
K 1505 A
K 883 B
K 716 A
R 62 S
K 1898 S
K 1300 A
K 105 B
R 1958 A
R 1908 B
R 95 B
K 1776 A
K 1188 A
K 352 B
K 125 B
R 869 B
R 159 A
R 85 A
R 65 B
K 1703 S
R 1377 A
K 1959 B
R 1182 A
R 878 S
R 361 A
K 1880 B
K 780 S
R 1277 A
R 1213 S
R 990 A
R 290 B
R 79 S
K 1473 S
K 731 B
R 1123 A
K 1947 S
K 918 A
R 1843 A
R 1535 S
R 1444 A
R 647 S
R 582 S
R 511 A
K 661 B
R 1778 B
R 1184 B
R 635 B
R 414 A
K 1997 A
K 1971 B
K 1891 B
K 1519 B
K 1442 B
K 1292 B
K 443 B
R 1373 S
K 1449 B
K 1223 B
K 498 B
R 1809 A
R 1672 B
R 619 B
K 694 S
R 1871 B
R 1616 S
R 43 A
K 507 B
K 77 S
R 391 B
R 45 A
K 1269 B
K 96 A
R 1268 S
R 1001 S
K 688 B
K 293 B
K 158 B
R 1320 B
R 893 S
K 1767 A
K 1351 S
K 1209 A
K 449 A
K 436 A
K 289 S
K 117 A
K 7 S
R 832 B
R 192 S
K 955 B
K 775 A
R 1435 B
R 901 A
R 452 A
R 64 B
K 1011 A
K 904 S
K 885 A
R 1499 B
R 1369 S
R 603 A
R 356 S
K 1946 B
K 1743 S
K 659 A
K 296 S
K 26 S
R 1156 S
R 222 A
K 1262 B
K 953 A
K 353 A
R 1845 B
R 1095 S
R 309 B
K 1845 B
K 1787 A
K 1197 B
K 1142 S
R 1346 S
R 668 B
K 1493 A
R 1612 A
R 1286 B
K 1808 A
K 1359 S
R 1986 S
R 1164 B
R 1019 B
R 294 S
K 1310 A
K 55 A
R 1198 B
R 149 S
K 1246 A
R 1570 A
R 1244 A
R 1191 S
R 1062 A
R 546 A
K 326 B
K 259 B
R 1256 S
K 1157 S
K 1089 A
R 1965 A
R 1880 B
R 1840 B
R 272 B
R 3 A
K 1788 S
R 381 A
K 1063 S
R 1729 A
R 934 S
R 773 S
R 244 S
K 1208 A
K 1097 A
K 1082 A
K 589 B
K 504 A
R 1118 B
R 1036 A
R 982 A
R 767 A
K 1514 S
R 706 A
K 1953 S
R 1723 A
K 1856 A
K 1785 A
K 1219 A
K 1171 A
K 409 A
K 396 A
K 218 B
R 1415 S
K 1669 A
K 1495 B
K 686 B
R 1999 S
K 1038 A
R 305 S
R 51 S
K 1474 A
K 516 S
R 1704 B
R 1679 B
R 1295 A
R 575 B
R 214 B
K 1966 B
K 1227 S
K 1106 B
K 1080 B
K 979 B
K 471 S
R 275 A
R 10 A
K 1247 S
R 1171 A
R 1138 B
R 384 A
K 188 S
R 1996 B
K 1920 A
R 1648 A
R 318 B
R 313 B
K 1575 S
K 973 B
R 1541 B
R 1093 S
R 970 S
K 1875 A
K 1817 B
K 1408 S
K 628 B
K 226 S
R 854 A
R 183 B
R 107 S
K 1700 B
K 1635 B
K 1596 S
K 1380 B
K 1273 S
K 1087 S
K 715 B
K 534 B
R 935 A
K 1626 A
K 796 A
K 791 B
R 1911 S
R 1822 B
K 1717 S
K 252 B
R 1622 A
K 1857 S
K 1592 A
R 787 B
K 1885 A
R 1037 S
K 1888 A
R 1676 A
R 1382 S
R 1040 S
K 1115 A
K 122 S
R 1007 A
R 961 B
R 558 A
K 1228 S
K 634 A
K 447 A
K 431 S
K 244 S
R 1337 A
R 385 B
K 692 S
R 1358 S
R 1357 A
K 65 B
R 1445 S
K 1719 A
K 1181 S
R 1687 B
R 1235 A
R 927 A
K 1814 A
K 1041 B
K 916 B
K 411 S
R 531 A
R 351 B
R 75 B
K 217 S
K 148 S
R 1858 S
R 615 B
R 221 S
K 75 S
K 22 A
R 1685 A
R 1204 S
R 799 A
R 451 S
K 1464 B
K 1122 B
R 310 A
K 1941 S
R 1994 S
R 578 B
R 367 B
K 1783 B
K 474 A
K 68 A
R 1638 A
R 1345 B
R 914 S
R 573 S
R 90 B
K 1644 A
K 678 S
R 1592 S
R 596 A
R 47 S
K 511 S
K 481 B
R 592 A
K 1345 B
R 1532 B
R 1389 B
R 1053 B
R 609 B
R 96 A
K 944 B
K 554 A
R 1271 S
R 859 B
R 670 A
K 1866 S
K 1431 A
K 950 A
K 598 A
R 855 B
K 1371 B
K 925 B
K 649 B
K 213 A
K 203 B
K 20 B
R 1359 A
R 232 S
K 1744 B
K 441 A
K 399 S
R 1974 A
R 1677 S
R 824 A
R 664 S
R 246 A
K 1950 A
K 1873 S
K 1196 S
K 250 A
K 236 S
R 1765 B
R 1239 S
R 614 S
K 1299 B
K 872 B
K 586 S
K 509 S
R 1985 S
R 1775 S
R 1429 B
K 1823 S
K 1752 B
R 1865 B
R 1141 A
R 966 S
K 1621 A
K 1259 B
K 1045 B
K 666 A
K 476 S
K 144 A
R 1929 A
R 771 B
R 722 A
K 946 B
K 623 S
K 216 B
R 708 A
K 1000 S
K 647 S
R 1441 A
K 1709 A
K 1557 S
K 595 S
R 1976 S
R 1466 A
R 125 S
K 1396 S
K 1355 B
R 1968 A
R 1851 S
R 1620 S
K 1430 B
K 700 A
K 368 A
K 10 B
R 1696 S
K 1813 S
K 1374 S
K 998 S
K 342 A
R 903 B
R 211 S
K 558 B
K 155 S
K 86 A
K 58 A
R 1786 B
R 1197 S
K 1967 A
R 1609 A
R 1497 B
R 1252 B
R 1068 B
K 383 S
K 127 A
R 1173 B
R 1125 B
R 672 A
R 296 B
K 1683 B
K 975 A
K 721 S
K 142 A
R 1795 A
R 810 A
R 48 B
K 1714 S
K 612 S
R 484 B
K 484 S
R 1400 A
R 685 S
K 1661 S
K 1490 B
K 1411 A
K 765 B
K 186 S
R 120 B
R 52 A
K 878 A
K 168 S
R 1231 B
R 674 A
K 1415 A
K 1174 B
R 1817 S
K 1689 B
K 1150 A
K 954 B
K 921 A
K 849 B
R 1130 S
K 580 A
R 1374 B
R 487 B
K 1979 S
K 1538 B
K 1421 B
K 994 B
K 364 B
K 34 S
R 1338 B
R 1291 S
R 551 B
K 1250 A
R 1758 A
R 1718 A
R 1712 S
R 1476 B
R 1463 S
R 518 S
R 303 S
R 78 A
K 1323 S
K 567 A
R 1902 A
R 1772 A
R 1615 S
R 358 B
R 74 S
K 1278 A
K 933 B
K 876 A
R 1777 S
K 306 B
R 1342 A
K 1003 S
R 1079 A
R 741 S
R 731 S
R 175 S
K 323 B
R 1885 B
R 1331 B
R 1301 A
K 881 S
R 697 B
R 681 S
K 1583 S
K 1425 B
K 1338 B
R 1662 A
R 37 S
K 1563 S
K 1111 A
R 1856 B
R 1755 S
R 1124 S
R 700 S
K 1782 S
K 1730 B
K 1393 A
K 839 B
R 1720 B
R 508 B
R 486 S
K 1148 A
K 957 S
K 709 B
K 616 S
R 1768 A
R 890 B
K 1551 S
K 1090 A
R 1480 A
R 1086 S
K 330 B
R 1722 A
R 595 B
R 119 A
K 1249 S
K 930 A
K 561 A
R 795 B
K 943 S
R 1934 B
R 1607 B
R 1039 S
R 141 B
K 668 A
K 531 A
K 424 S
K 100 S
R 641 S
R 321 B
R 115 B
K 1908 B
K 1044 A
R 1385 S
K 118 B
R 1742 S
R 1455 S
R 552 S
K 1288 A
R 1563 A
R 1206 A
R 958 S
R 807 A
R 33 A
K 1609 B
K 366 S
R 1351 A
K 1580 S
R 1392 S
R 1391 B
K 1532 B
K 1065 S
K 903 A
K 877 S
K 792 A
R 1102 S
R 1032 B
R 781 B
R 92 B
R 49 B
K 1848 A
K 745 B
K 406 B
R 1406 S
R 1180 A
R 825 B
R 205 S
K 1597 S
K 221 A
R 975 B
R 444 A
R 217 A
K 1445 S
R 495 B
K 1792 S
K 1654 S
K 1651 B
K 1376 S
K 844 B
R 1201 S
R 626 A
K 1871 B
R 1713 A
R 1598 B
K 1943 B
K 863 B
K 533 A
R 1825 B
R 1536 A
R 1248 B
R 802 B
R 507 B
R 271 B
K 1384 S
K 36 S
R 1828 A
K 1781 S
K 1321 A
K 150 S
K 120 B
R 830 S
R 130 A
R 105 S
K 798 A
K 69 S
R 225 B
K 128 B
K 98 S
R 1893 S
R 1241 A
R 445 S
K 1537 S
K 1047 A
K 101 A
R 696 B
K 1577 B
K 1069 B
K 928 S
K 32 B
R 476 A
K 1738 A
K 1566 A
K 1469 A
K 1125 S
K 1084 S
K 541 A
K 423 A
K 391 A
R 1971 B
R 1478 S
R 1465 A
R 1076 A
R 586 A
R 371 S
R 108 B
K 1902 A
K 1613 B
K 1497 A
K 1335 A
K 565 A
K 347 B
R 1810 B
R 1172 S
R 623 B
R 545 B
R 520 B
K 512 A
R 1645 B
R 1583 B
R 1230 A
R 1169 A
R 873 A
K 910 S
R 1580 B
R 758 S
R 597 S
R 134 S
R 117 S
K 1906 S
K 1252 A
K 500 B
K 204 S
K 13 A
R 1913 S
R 1754 S
R 690 A
R 553 S
R 308 A
R 135 A
K 1728 A
K 1480 S
K 1199 A
R 1195 S
R 756 B
K 303 A
R 314 B
R 144 B
R 30 A
K 1756 S
R 1749 A
R 1388 S
R 124 S
K 1151 B
R 1553 A
K 1315 B
R 550 S
K 469 B
R 1732 B
R 1402 B
R 84 S
K 1407 A
R 1664 B
R 176 A
K 1962 S
K 1398 A
R 1016 B
K 1927 S
K 1432 A
R 1394 B
K 1358 B
K 1293 B
K 664 B
K 544 A
K 319 S
R 1919 A
R 1727 B
R 1119 A
K 121 S
R 1875 A
R 1210 A
R 368 B
R 187 B
K 199 S
R 1670 A
R 1334 A
K 1595 B
K 813 A
K 536 A
R 1534 B
R 465 A
K 572 S
R 1539 B
K 1603 S
K 256 B
R 1142 S
R 405 S
R 76 A
K 1652 B
K 1466 S
R 658 A
R 337 S
K 1935 B
R 1434 B
R 1137 A
R 226 B
K 1561 B
K 1267 A
R 949 S
R 493 B
K 1819 A
R 123 B
K 1663 A
K 997 A
K 210 B
K 59 A
R 340 S
K 343 B
R 1821 S
K 1990 B
K 1777 A
K 1600 S
K 1498 A
K 1010 S
K 832 S
K 286 S
R 1703 S
R 897 A
K 1713 S
K 602 A
R 1674 B
R 398 B
K 1630 A
K 972 S
K 805 S
K 552 S
K 291 S
K 270 B
R 1113 S
R 762 B
R 742 S
R 671 S
R 2 S
K 40 A
R 1906 A
R 610 A
R 590 A
R 540 B
R 389 S
K 1874 A
K 1414 A
K 1241 B
K 462 A
K 146 A
R 1636 A
R 1474 S
K 1173 B
R 1760 A
R 376 B
K 1622 B
K 17 S
R 1247 A
R 138 A
K 611 B
R 1477 B
R 1472 A
R 732 B
R 284 B
R 170 S
R 147 S
K 601 B
K 195 A
K 50 B
R 1763 B
R 1756 A
R 1523 B
K 1154 S
R 1194 A
K 1940 A
K 1483 A
K 1347 B
K 1337 B
K 1145 B
K 752 A
K 161 A
K 135 A
R 509 S
K 1403 S
K 1118 S
K 587 B
K 130 S
R 1232 S
R 940 B
R 936 S
R 512 B
K 1510 A
K 1243 B
R 1061 A
R 747 B
K 1677 S
K 774 S
R 1941 A
R 1736 S
R 1352 B
R 184 S
K 1761 S
K 1747 A
K 1737 A
R 978 S
R 874 A
R 522 A
K 1554 B
R 1560 A
R 778 B
R 724 A
K 1274 A
K 357 B
K 294 A
R 497 B
R 372 A
K 638 S
R 1932 B
R 1651 S
R 1496 B
K 1687 B
K 1658 S
K 1311 A
K 1302 A
K 1060 B
K 814 B
K 670 A
R 1498 B
R 1306 A
K 1195 A
K 789 B
K 417 B
K 367 A
K 159 A
K 80 B
R 416 S
K 522 B
K 180 S
R 1859 S
R 1819 A
R 1379 S
R 1190 A
K 1843 B
K 1382 B
K 824 B
K 240 B
R 1322 S
R 621 B
K 1809 A
K 393 A
R 937 A
R 455 B
K 1983 S
R 686 B
R 502 S
R 53 A
K 1649 A
K 1451 A
K 1021 A
K 820 B
K 73 A
R 1354 S
R 1170 A
R 761 A
K 1958 S
K 1257 S
K 1226 B
K 67 S
R 1614 A
R 1265 A
R 1034 B
R 730 A
K 1215 S
K 1200 B
K 996 S
K 279 B
R 557 A
K 1741 S
K 685 A
R 1627 B
R 1057 A
R 421 A
K 892 A
K 697 S
K 682 A
K 193 B
K 91 A
R 1751 A
R 353 B
R 148 A
K 1071 A
K 722 S
R 1132 B
R 99 B
K 1905 S
K 370 B
K 307 B
R 1262 A
R 1243 A
K 681 S
R 1573 B
K 1168 S
K 171 A
R 1483 B
R 1168 A
R 415 A
K 1867 B
K 1680 A
K 1104 S
K 428 A
R 1021 A
R 833 B
R 101 A
K 1746 S
R 845 B
K 1539 A
K 641 S
R 1962 B
K 1511 S
K 990 B
R 1737 A
R 1521 S
R 817 S
K 1440 A
K 974 S
K 6 A
R 1705 B
K 1992 B
K 1912 B
K 1838 S
K 382 B
R 1862 A
K 1050 B
R 1617 A
R 542 B
R 427 B
K 1611 B
K 1400 B
K 1290 B
K 1205 S
K 1096 S
K 592 B
R 1692 B
R 1063 S
K 660 A
K 466 A
R 1655 S
R 1597 B
R 1589 S
K 1897 B
K 1815 S
K 1707 B
R 1647 A
R 1185 A
R 132 A
K 1968 B
K 1317 B
K 738 A
R 1152 S
K 1570 B
R 1740 B
R 1577 S
R 1349 B
R 1014 S
R 109 B
K 1890 A
K 1417 A
R 1283 A
R 856 S
R 373 A
K 1834 S
K 1412 S
K 873 A
K 593 A
R 547 B
R 72 A
K 496 S
K 301 A
R 1830 B
K 827 S
R 1781 B
K 936 B
K 179 S
R 1508 B
R 1246 B
R 1218 B
R 1183 B
R 1162 S
R 908 S
R 750 S
R 479 S
R 432 B
R 94 B
K 1012 A
R 1590 S
R 1324 A
R 418 S
K 854 A
K 93 S
R 1884 B
R 4 A
K 478 S
R 1009 A
R 567 A
R 110 B
K 1517 S
K 1046 S
K 477 S
R 994 S
R 627 A
K 977 A
K 548 S
K 15 A
R 1839 B
R 973 B
K 704 S
R 1681 A
R 1229 A
R 1043 S
R 842 A
R 651 S
K 1931 B
R 1150 B
R 929 S
R 838 A
K 1040 B
K 514 S
K 410 S
R 943 A
K 214 B
R 1660 A
K 818 B
K 563 S
R 1852 A
K 1917 A
K 1657 A
K 1413 A
K 174 S
R 1686 A
R 951 S
K 1996 B
K 1578 B
K 693 S
R 1907 A
R 1807 S
R 209 A
K 1844 S
K 1383 B
R 643 A
K 1727 B
K 206 A
R 1950 A
R 1601 B
K 843 B
K 727 S
R 1285 A
K 1207 B
K 545 S
K 520 A
R 1816 A
R 203 S
K 1076 B
R 1811 S
R 1437 S
K 1847 A
K 1524 A
K 1326 B
K 1132 S
K 276 S
R 618 A
R 326 B
K 1587 S
K 1260 S
K 743 A
R 1730 B
K 1749 A
R 1930 A
R 1375 S
R 1303 S
R 517 A
R 338 B
K 1559 S
K 1475 S
K 855 A
K 299 S
R 529 B
K 1593 A
K 1049 B
R 1642 B
R 422 A
K 1427 A
K 1146 B
R 759 A
R 494 B
K 1961 S
K 1494 B
R 1663 S
R 439 S
R 396 A
K 1367 B
K 1176 S
K 1067 A
K 991 S
K 689 S
K 422 B
K 380 A
K 258 B
K 72 B
K 30 B
K 1 B
R 1452 S
R 1223 S
R 581 B
K 1929 A
R 1368 S
R 843 S
R 25 B
K 246 A
R 1988 S
R 1212 A
R 7 A
K 887 A
K 763 S
R 1717 S
R 1341 B
R 831 A
R 694 S
K 1601 S
K 1307 B
K 1198 B
R 1556 A
R 435 A
K 597 B
R 1468 A
K 1740 A
K 1711 S
K 1614 A
K 1155 A
K 750 A
K 620 S
K 489 A
K 468 S
K 145 A
R 1721 B
R 1449 B
K 154 S
R 1981 S
R 1882 B
R 933 S
R 278 S
K 388 A
R 1526 B
K 1476 B
K 1441 S
K 1369 B
R 1073 A
R 15 A
K 1850 B
K 1221 A
K 982 A
K 929 A
K 570 A
K 238 A
R 1735 S
R 1546 A
R 1492 B
R 412 A
R 237 A
K 1705 B
K 219 A
R 1390 S
R 745 S
R 23 A
K 1634 B
K 151 B
R 1604 B
R 1217 A
K 1318 B
K 1017 A
K 897 B
R 1709 A
R 1518 S
R 1077 B
R 390 S
R 319 A
K 1970 B
K 1868 S
K 1840 S
K 1646 A
K 1409 A
K 1114 B
K 1016 A
K 951 A
K 735 S
K 543 A
K 255 A
K 115 S
R 1682 A
R 1582 B
R 459 A
K 1331 A
K 906 B
R 1842 S
R 1770 S
R 269 B
K 1352 A
R 1107 S
R 884 S
R 765 S
R 698 A
R 510 A
R 375 A
R 349 S
K 1454 S
K 758 A
K 61 A
K 41 A
R 1848 A
R 1837 A
R 1812 B
R 1442 B
R 1348 S
R 1253 B
R 995 S
R 746 B
R 721 A
R 491 B
K 1690 A
K 669 B
K 346 B
K 266 B
R 1302 S
R 963 S
R 167 S
R 156 S
K 1846 S
K 858 B
K 729 S
K 361 B
K 162 A
R 1457 S
R 68 A
K 965 B
R 1117 A
K 1026 B
K 215 A
R 1264 S
K 1102 B
K 1013 S
R 1829 B
R 875 A
R 58 B
K 1771 S
K 1718 B
K 1515 B
K 976 S
K 747 S
K 372 S
K 325 B
K 119 B
R 1611 A
K 1688 B
K 684 A
R 1631 B
R 632 A
K 70 S
R 1029 A
K 1836 S
K 1394 A
K 636 A
K 508 S
R 1861 B
R 1092 B
R 733 B
R 650 A
K 966 S
K 673 S
R 599 B
K 1361 S
R 816 B
K 1503 S
K 305 S
R 1193 B
R 1094 S
R 857 S
R 516 S
K 1631 S
K 1348 B
K 285 B
R 1798 S
R 1773 A
R 1395 S
K 1061 A
K 1001 A
K 816 A
K 230 B
R 727 A
R 565 A
R 544 S
R 73 A
K 1638 A
K 1534 A
K 1410 S
K 1255 S
K 556 A
K 202 A
R 1078 B
R 8 B
K 229 A
R 1155 B
K 1556 A
K 1136 A
K 1131 B
K 1086 B
R 1448 S
K 1986 A
K 249 S
R 1925 A
R 1416 B
R 168 A
K 1062 A
K 177 S
R 1602 B
K 952 A
R 525 A
R 243 B
K 1340 A
K 1216 B
R 1803 S
R 1494 S
R 1427 S
R 858 A
R 197 B
R 165 S
K 1312 S
K 772 B
K 619 B
R 1046 S
R 1044 A
R 613 B
R 360 B
K 1764 B
K 1591 B
K 1446 A
R 957 S
K 640 B
R 848 S
R 71 B
R 17 S
K 1608 A
R 1806 S
R 1411 A
K 1231 A
K 981 A
K 712 S
R 1250 S
R 713 S
R 154 A
K 1375 B
R 56 S
K 1913 A
K 588 B
K 381 S
R 1897 S
R 1486 B
R 61 S
K 1826 B
K 1555 B
K 908 S
K 868 B
K 416 B
K 283 A
R 1874 A
R 1715 S
R 1287 A
R 1109 S
R 826 S
R 155 S
K 1530 B
R 1944 S
R 1788 S
R 1242 S
R 1159 S
R 606 S
R 420 B
R 173 S
R 54 S
K 740 B
K 683 A
R 1771 A
R 1690 A
R 1613 A
R 1460 A
R 1453 S
R 1447 S
R 1045 B
R 992 S
R 877 B
R 189 A
K 1324 A
K 1098 A
K 927 S
R 1540 B
R 458 A
K 1892 S
K 1772 S
K 442 A
R 1710 A
R 1269 A
R 871 S
R 394 A
K 1182 B
K 35 B
R 785 B
R 534 S
K 1235 A
R 1064 S
K 278 B
K 183 B
R 489 S
K 1869 B
K 392 S
R 1220 S
R 646 B
R 277 A
R 270 B
